2019-09-05_00:52:27.997[Status]Start.
2019-09-05_00:52:27.997[Battery Energy]116.00
2019-09-05_00:52:29.098[Battery Energy]115.96
2019-09-05_00:52:30.199[Battery Energy]115.92
2019-09-05_00:52:31.300[Battery Energy]115.88
2019-09-05_00:52:32.402[Battery Energy]115.84
2019-09-05_00:52:33.502[Task]A New Task Released.
2019-09-05_00:52:33.503[Battery Energy]115.80
2019-09-05_00:52:33.503[Status]Selection Start.
2019-09-05_00:52:35.152[Status]Selection End: Do Task 1.
2019-09-05_00:52:35.254[Battery Energy]114.66
2019-09-05_00:52:35.256[Status]Formation Start.
2019-09-05_00:52:35.406[Status]Formation End: To Position 2.
2019-09-05_00:52:35.508[Battery Energy]114.53
2019-09-05_00:52:35.508[Status]Routing Start.
2019-09-05_00:52:35.683[Status]{'coordinate': [68.37710068314307, 386.47418807467267], 'id': 11}
2019-09-05_00:52:35.683[Status]Routing 1: Walk: 1
2019-09-05_00:52:35.792[Battery Energy]114.32
2019-09-05_00:52:35.792[Status]Routing Start.
2019-09-05_00:52:35.964[Status]{'coordinate': [77.75420136628614, 389.94837614934534], 'id': 11}
2019-09-05_00:52:35.966[Status]Routing 2: Walk: 2
2019-09-05_00:52:36.076[Battery Energy]114.12
2019-09-05_00:52:36.076[Status]Routing Start.
2019-09-05_00:52:36.280[Status]{'coordinate': [87.13130204942921, 393.422564224018], 'id': 11}
2019-09-05_00:52:36.280[Status]Routing 3: Walk: 3
2019-09-05_00:52:36.380[Battery Energy]113.88
2019-09-05_00:52:36.380[Status]Routing Start.
2019-09-05_00:52:36.662[Status]{'coordinate': [96.50840273257228, 396.89675229869067], 'id': 11}
2019-09-05_00:52:36.662[Status]Routing 4: Walk: 4
2019-09-05_00:52:36.767[Battery Energy]113.63
2019-09-05_00:52:36.767[Status]Routing Start.
2019-09-05_00:52:37.215[Status]Routing 5: Walk: 4
2019-09-05_00:52:37.318[Battery Energy]113.29
2019-09-05_00:52:37.318[Status]Routing Start.
2019-09-05_00:52:37.486[Status]{'coordinate': [105.88550341571535, 400.37094037336334], 'id': 11}
2019-09-05_00:52:37.487[Status]Routing 6: Walk: 5
2019-09-05_00:52:37.612[Battery Energy]113.06
2019-09-05_00:52:37.612[Status]Routing Start.
2019-09-05_00:52:38.045[Status]Routing 7: Walk: 5
2019-09-05_00:52:38.150[Battery Energy]112.69
2019-09-05_00:52:38.150[Status]Routing Start.
2019-09-05_00:52:38.500[Status]Routing 8: Walk: 5
2019-09-05_00:52:38.604[Battery Energy]112.36
2019-09-05_00:52:38.604[Status]Routing Start.
2019-09-05_00:52:38.927[Status]Routing 9: Walk: 5
2019-09-05_00:52:39.027[Battery Energy]112.05
2019-09-05_00:52:39.027[Status]Routing Start.
2019-09-05_00:52:39.486[Status]Routing 10: Walk: 5
2019-09-05_00:52:39.586[Battery Energy]111.77
2019-09-05_00:52:39.586[Status]Routing Start.
2019-09-05_00:52:39.986[Status]Routing 11: Walk: 5
2019-09-05_00:52:40.086[Battery Energy]111.43
2019-09-05_00:52:40.086[Status]Routing Start.
2019-09-05_00:52:40.523[Status]Routing 12: Walk: 5
2019-09-05_00:52:40.636[Battery Energy]111.10
2019-09-05_00:52:40.636[Status]Routing Start.
2019-09-05_00:52:41.014[Status]Routing 13: Walk: 5
2019-09-05_00:52:41.114[Battery Energy]110.73
2019-09-05_00:52:41.114[Status]Routing Start.
2019-09-05_00:52:41.361[Status]{'coordinate': [115.26260409885842, 403.845128448036], 'id': 11}
2019-09-05_00:52:41.361[Status]Routing 14: Walk: 6
2019-09-05_00:52:41.461[Battery Energy]110.49
2019-09-05_00:52:41.461[Status]Routing Start.
2019-09-05_00:52:41.872[Status]{'coordinate': [124.63970478200149, 407.3193165227087], 'id': 11}
2019-09-05_00:52:41.872[Status]Routing 15: Walk: 7
2019-09-05_00:52:41.976[Battery Energy]110.09
2019-09-05_00:52:41.976[Status]Routing Start.
2019-09-05_00:52:42.379[Status]{'coordinate': [134.01680546514456, 410.79350459738134], 'id': 11}
2019-09-05_00:52:42.379[Status]Routing 16: Walk: 8
2019-09-05_00:52:42.480[Battery Energy]109.78
2019-09-05_00:52:42.480[Status]Routing Start.
2019-09-05_00:52:42.834[Status]{'coordinate': [143.39390614828764, 414.267692672054], 'id': 11}
2019-09-05_00:52:42.836[Status]Routing 17: Walk: 9
2019-09-05_00:52:42.936[Battery Energy]109.50
2019-09-05_00:52:42.936[Status]Routing Start.
2019-09-05_00:52:43.328[Status]{'coordinate': [152.77100683143073, 417.7418807467267], 'id': 11}
2019-09-05_00:52:43.328[Status]Routing 18: Walk: 10
2019-09-05_00:52:43.429[Battery Energy]109.10
2019-09-05_00:52:43.429[Status]Routing Start.
2019-09-05_00:52:43.776[Status]{'coordinate': [162.1481075145738, 421.21606882139935], 'id': 11}
2019-09-05_00:52:43.776[Status]Routing 19: Walk: 11
2019-09-05_00:52:43.877[Battery Energy]108.80
2019-09-05_00:52:43.877[Status]Routing Start.
2019-09-05_00:52:44.289[Status]{'coordinate': [171.5252081977169, 424.690256896072], 'id': 11}
2019-09-05_00:52:44.289[Status]Routing 20: Walk: 12
2019-09-05_00:52:44.393[Battery Energy]108.42
2019-09-05_00:52:44.393[Status]Routing Start.
2019-09-05_00:52:44.791[Status]{'coordinate': [180.90230888085998, 428.1644449707447], 'id': 11}
2019-09-05_00:52:44.791[Status]Routing 21: Walk: 13
2019-09-05_00:52:44.896[Battery Energy]108.03
2019-09-05_00:52:44.896[Status]Routing Start.
2019-09-05_00:52:45.145[Status]{'coordinate': [190.27940956400306, 431.63863304541735], 'id': 11}
2019-09-05_00:52:45.145[Status]Routing 22: Walk: 14
2019-09-05_00:52:45.252[Battery Energy]107.78
2019-09-05_00:52:45.252[Status]Routing Start.
2019-09-05_00:52:45.676[Status]{'coordinate': [199.65651024714614, 435.11282112009], 'id': 11}
2019-09-05_00:52:45.676[Status]Routing 23: Walk: 15
2019-09-05_00:52:45.780[Battery Energy]107.47
2019-09-05_00:52:45.780[Status]Routing Start.
2019-09-05_00:52:46.262[Status]{'coordinate': [209.03361093028923, 438.5870091947627], 'id': 11}
2019-09-05_00:52:46.262[Status]Routing 24: Walk: 16
2019-09-05_00:52:46.368[Battery Energy]107.07
2019-09-05_00:52:46.368[Status]Routing Start.
2019-09-05_00:52:46.705[Status]{'coordinate': [218.4107116134323, 442.06119726943535], 'id': 11}
2019-09-05_00:52:46.706[Status]Routing 25: Walk: 17
2019-09-05_00:52:46.812[Battery Energy]106.75
2019-09-05_00:52:46.812[Status]Routing Start.
2019-09-05_00:52:47.157[Status]{'coordinate': [227.7878122965754, 445.535385344108], 'id': 11}
2019-09-05_00:52:47.157[Status]Routing 26: Walk: 18
2019-09-05_00:52:47.257[Battery Energy]106.45
2019-09-05_00:52:47.257[Status]Routing Start.
2019-09-05_00:52:47.621[Status]{'coordinate': [237.16491297971848, 449.0095734187807], 'id': 11}
2019-09-05_00:52:47.623[Status]Routing 27: Walk: 19
2019-09-05_00:52:47.723[Battery Energy]106.13
2019-09-05_00:52:47.723[Status]Routing Start.
2019-09-05_00:52:48.025[Status]{'coordinate': [246.54201366286156, 452.48376149345336], 'id': 11}
2019-09-05_00:52:48.026[Status]Routing 28: Walk: 20
2019-09-05_00:52:48.132[Battery Energy]105.85
2019-09-05_00:52:48.132[Status]Routing Start.
2019-09-05_00:52:48.593[Status]{'coordinate': [255.91911434600465, 455.957949568126], 'id': 11}
2019-09-05_00:52:48.593[Status]Routing 29: Walk: 21
2019-09-05_00:52:48.694[Battery Energy]105.50
2019-09-05_00:52:48.694[Status]Routing Start.
2019-09-05_00:52:49.091[Status]{'coordinate': [265.29621502914773, 459.4321376427987], 'id': 11}
2019-09-05_00:52:49.091[Status]Routing 30: Walk: 22
2019-09-05_00:52:49.191[Battery Energy]105.18
2019-09-05_00:52:49.191[Status]Routing Start.
2019-09-05_00:52:49.394[Status]{'coordinate': [274.6733157122908, 462.90632571747136], 'id': 11}
2019-09-05_00:52:49.395[Status]Routing 31: Walk: 23
2019-09-05_00:52:49.495[Battery Energy]104.97
2019-09-05_00:52:49.495[Status]Routing Start.
2019-09-05_00:52:49.838[Status]{'coordinate': [284.05041639543384, 466.38051379214403], 'id': 11}
2019-09-05_00:52:49.838[Status]Routing 32: Walk: 24
2019-09-05_00:52:49.944[Battery Energy]104.65
2019-09-05_00:52:49.944[Status]Routing Start.
2019-09-05_00:52:50.236[Status]{'coordinate': [293.4275170785769, 469.8547018668167], 'id': 11}
2019-09-05_00:52:50.236[Status]Routing 33: Walk: 25
2019-09-05_00:52:50.352[Battery Energy]104.37
2019-09-05_00:52:50.352[Status]Routing Start.
2019-09-05_00:52:50.504[Status]{'coordinate': [302.80461776171995, 473.32888994148936], 'id': 11}
2019-09-05_00:52:50.504[Status]Routing 34: Walk: 26
2019-09-05_00:52:50.616[Battery Energy]104.17
2019-09-05_00:52:50.616[Status]Routing Start.
2019-09-05_00:52:50.937[Status]{'coordinate': [312.181718444863, 476.80307801616203], 'id': 11}
2019-09-05_00:52:50.937[Status]Routing 35: Walk: 27
2019-09-05_00:52:51.048[Battery Energy]103.89
2019-09-05_00:52:51.048[Status]Routing Start.
2019-09-05_00:52:51.385[Status]{'coordinate': [321.55881912800606, 480.2772660908347], 'id': 11}
2019-09-05_00:52:51.385[Status]Routing 36: Walk: 28
2019-09-05_00:52:51.490[Battery Energy]103.59
2019-09-05_00:52:51.490[Status]Routing Start.
2019-09-05_00:52:51.854[Status]{'coordinate': [330.9359198111491, 483.75145416550737], 'id': 11}
2019-09-05_00:52:51.854[Status]Routing 37: Walk: 29
2019-09-05_00:52:51.968[Battery Energy]103.34
2019-09-05_00:52:51.968[Status]Routing Start.
2019-09-05_00:52:52.496[Status]{'coordinate': [327.83105417674415, 493.2572318502784], 'id': 11}
2019-09-05_00:52:52.496[Status]Routing 38: Walk: 30
2019-09-05_00:52:52.596[Battery Energy]102.89
2019-09-05_00:52:52.597[Status]Routing Start.
2019-09-05_00:52:52.948[Status]{'coordinate': [320.1487871846735, 499.6590108110472], 'id': 11}
2019-09-05_00:52:52.948[Status]Routing 39: Walk: 31
2019-09-05_00:52:53.052[Battery Energy]102.50
2019-09-05_00:52:53.052[Status]Routing Start.
2019-09-05_00:52:53.377[Status]{'coordinate': [313.04922979078077, 506.7014737900641], 'id': 11}
2019-09-05_00:52:53.377[Status]Routing 40: Walk: 32
2019-09-05_00:52:53.477[Battery Energy]102.11
2019-09-05_00:52:53.477[Status]Routing Start.
2019-09-05_00:52:53.849[Status]{'coordinate': [310.3298864380352, 516.3246318855065], 'id': 11}
2019-09-05_00:52:53.849[Status]Routing 41: Walk: 33
2019-09-05_00:52:53.949[Battery Energy]101.69
2019-09-05_00:52:53.949[Status]Routing Start.
2019-09-05_00:52:54.098[Status]{'coordinate': [319.842618492561, 519.4081248494676], 'id': 11}
2019-09-05_00:52:54.098[Status]Routing 42: Walk: 34
2019-09-05_00:52:54.200[Battery Energy]101.48
2019-09-05_00:52:54.200[Status]Routing Start.
2019-09-05_00:52:54.411[Status]{'coordinate': [329.35535054708674, 522.4916178134288], 'id': 11}
2019-09-05_00:52:54.411[Status]Routing 43: Walk: 35
2019-09-05_00:52:54.518[Battery Energy]101.27
2019-09-05_00:52:54.518[Status]Routing Start.
2019-09-05_00:52:54.852[Status]{'coordinate': [338.8680826016125, 525.5751107773899], 'id': 11}
2019-09-05_00:52:54.852[Status]Routing 44: Walk: 36
2019-09-05_00:52:54.952[Battery Energy]100.97
2019-09-05_00:52:54.952[Status]Routing Start.
2019-09-05_00:52:55.120[Status]{'coordinate': [348.3808146561383, 528.658603741351], 'id': 11}
2019-09-05_00:52:55.120[Status]Routing 45: Walk: 37
2019-09-05_00:52:55.232[Battery Energy]100.78
2019-09-05_00:52:55.232[Status]Routing Start.
2019-09-05_00:52:55.467[Status]{'coordinate': [357.89354671066405, 531.7420967053122], 'id': 11}
2019-09-05_00:52:55.467[Status]Routing 46: Walk: 38
2019-09-05_00:52:55.567[Battery Energy]100.54
2019-09-05_00:52:55.567[Status]Routing Start.
2019-09-05_00:52:55.756[Status]{'coordinate': [367.4062787651898, 534.8255896692733], 'id': 11}
2019-09-05_00:52:55.756[Status]Routing 47: Walk: 39
2019-09-05_00:52:55.864[Battery Energy]100.34
2019-09-05_00:52:55.864[Status]Routing Start.
2019-09-05_00:52:56.227[Status]{'coordinate': [376.9190108197156, 537.9090826332344], 'id': 11}
2019-09-05_00:52:56.227[Status]Routing 48: Walk: 40
2019-09-05_00:52:56.332[Battery Energy]100.03
2019-09-05_00:52:56.332[Status]Routing Start.
2019-09-05_00:52:56.683[Status]{'coordinate': [386.43174287424137, 540.9925755971956], 'id': 11}
2019-09-05_00:52:56.683[Status]Routing 49: Walk: 41
2019-09-05_00:52:56.784[Battery Energy]99.72
2019-09-05_00:52:56.784[Status]Routing Start.
2019-09-05_00:52:57.111[Status]{'coordinate': [395.94447492876714, 544.0760685611567], 'id': 11}
2019-09-05_00:52:57.111[Status]Routing 50: Walk: 42
2019-09-05_00:52:57.216[Battery Energy]99.41
2019-09-05_00:52:57.216[Status]Routing Start.
2019-09-05_00:52:57.380[Status]{'coordinate': [405.4572069832929, 547.1595615251179], 'id': 11}
2019-09-05_00:52:57.380[Status]Routing 51: Walk: 43
2019-09-05_00:52:57.480[Battery Energy]99.20
2019-09-05_00:52:57.480[Status]Routing Start.
2019-09-05_00:52:57.660[Status]{'coordinate': [414.9699390378187, 550.243054489079], 'id': 11}
2019-09-05_00:52:57.660[Status]Routing 52: Walk: 44
2019-09-05_00:52:57.772[Battery Energy]98.98
2019-09-05_00:52:57.772[Status]Routing Start.
2019-09-05_00:52:58.141[Status]{'coordinate': [424.48267109234445, 553.3265474530401], 'id': 11}
2019-09-05_00:52:58.141[Status]Routing 53: Walk: 45
2019-09-05_00:52:58.266[Battery Energy]98.59
2019-09-05_00:52:58.267[Status]Routing Start.
2019-09-05_00:52:58.439[Status]{'coordinate': [433.9954031468702, 556.4100404170013], 'id': 11}
2019-09-05_00:52:58.439[Status]Routing 54: Walk: 46
2019-09-05_00:52:58.539[Battery Energy]98.39
2019-09-05_00:52:58.539[Status]Routing Start.
2019-09-05_00:52:58.788[Status]{'coordinate': [443.508135201396, 559.4935333809624], 'id': 11}
2019-09-05_00:52:58.788[Status]Routing 55: Walk: 47
2019-09-05_00:52:58.900[Battery Energy]98.14
2019-09-05_00:52:58.900[Status]Routing Start.
2019-09-05_00:52:59.067[Status]{'coordinate': [453.02086725592176, 562.5770263449235], 'id': 11}
2019-09-05_00:52:59.067[Status]Routing 56: Walk: 48
2019-09-05_00:52:59.167[Battery Energy]97.95
2019-09-05_00:52:59.167[Status]Routing Start.
2019-09-05_00:52:59.672[Status]{'coordinate': [462.5335993104475, 565.6605193088847], 'id': 11}
2019-09-05_00:52:59.672[Status]Routing 57: Walk: 49
2019-09-05_00:52:59.772[Battery Energy]97.61
2019-09-05_00:52:59.772[Status]Routing Start.
2019-09-05_00:53:00.136[Status]{'coordinate': [472.0463313649733, 568.7440122728458], 'id': 11}
2019-09-05_00:53:00.139[Status]Routing 58: Walk: 50
2019-09-05_00:53:00.248[Battery Energy]97.31
2019-09-05_00:53:00.248[Status]Routing Start.
2019-09-05_00:53:00.603[Status]{'coordinate': [481.55906341949907, 571.8275052368069], 'id': 11}
2019-09-05_00:53:00.603[Status]Routing 59: Walk: 51
2019-09-05_00:53:00.712[Battery Energy]97.01
2019-09-05_00:53:00.712[Status]Routing Start.
2019-09-05_00:53:00.944[Status]{'coordinate': [491.07179547402484, 574.9109982007681], 'id': 11}
2019-09-05_00:53:00.945[Status]Routing 60: Walk: 52
2019-09-05_00:53:01.058[Battery Energy]96.77
2019-09-05_00:53:01.058[Status]Routing Start.
2019-09-05_00:53:01.267[Status]{'coordinate': [500.5845275285506, 577.9944911647292], 'id': 11}
2019-09-05_00:53:01.267[Status]Routing 61: Walk: 53
2019-09-05_00:53:01.376[Battery Energy]96.56
2019-09-05_00:53:01.376[Status]Routing Start.
2019-09-05_00:53:01.564[Status]{'coordinate': [510.0972595830764, 581.0779841286903], 'id': 11}
2019-09-05_00:53:01.564[Status]Routing 62: Walk: 54
2019-09-05_00:53:01.676[Battery Energy]96.35
2019-09-05_00:53:01.676[Status]Routing Start.
2019-09-05_00:53:01.870[Status]{'coordinate': [519.6099916376022, 584.1614770926515], 'id': 11}
2019-09-05_00:53:01.871[Status]Routing 63: Walk: 55
2019-09-05_00:53:01.976[Battery Energy]96.11
2019-09-05_00:53:01.976[Status]Routing Start.
2019-09-05_00:53:02.133[Status]{'coordinate': [529.122723692128, 587.2449700566126], 'id': 11}
2019-09-05_00:53:02.133[Status]Routing 64: Walk: 56
2019-09-05_00:53:02.233[Battery Energy]95.90
2019-09-05_00:53:02.233[Status]Routing Start.
2019-09-05_00:53:02.390[Status]{'coordinate': [538.6354557466539, 590.3284630205737], 'id': 11}
2019-09-05_00:53:02.390[Status]Routing 65: Walk: 57
2019-09-05_00:53:02.491[Battery Energy]95.67
2019-09-05_00:53:02.491[Status]Routing Start.
2019-09-05_00:53:02.667[Status]{'coordinate': [548.1481878011797, 593.4119559845349], 'id': 11}
2019-09-05_00:53:02.668[Status]Routing 66: Walk: 58
2019-09-05_00:53:02.768[Battery Energy]95.46
2019-09-05_00:53:02.768[Status]Routing Start.
2019-09-05_00:53:03.161[Status]{'coordinate': [557.6609198557055, 596.495448948496], 'id': 11}
2019-09-05_00:53:03.161[Status]Routing 67: Walk: 59
2019-09-05_00:53:03.276[Battery Energy]95.19
2019-09-05_00:53:03.276[Status]Routing Start.
2019-09-05_00:53:03.498[Status]{'coordinate': [567.1736519102313, 599.5789419124571], 'id': 11}
2019-09-05_00:53:03.498[Status]Routing 68: Walk: 60
2019-09-05_00:53:03.604[Battery Energy]94.96
2019-09-05_00:53:03.604[Status]Routing Start.
2019-09-05_00:53:03.773[Status]{'coordinate': [576.6863839647572, 602.6624348764183], 'id': 11}
2019-09-05_00:53:03.773[Status]Routing 69: Walk: 61
2019-09-05_00:53:03.876[Battery Energy]94.72
2019-09-05_00:53:03.876[Status]Routing Start.
2019-09-05_00:53:04.069[Status]{'coordinate': [586.199116019283, 605.7459278403794], 'id': 11}
2019-09-05_00:53:04.069[Status]Routing 70: Walk: 62
2019-09-05_00:53:04.169[Battery Energy]94.48
2019-09-05_00:53:04.169[Status]Routing Start.
2019-09-05_00:53:04.335[Status]{'coordinate': [595.7118480738088, 608.8294208043405], 'id': 11}
2019-09-05_00:53:04.336[Status]Routing 71: Walk: 63
2019-09-05_00:53:04.436[Battery Energy]94.26
2019-09-05_00:53:04.436[Status]Routing Start.
2019-09-05_00:53:04.609[Status]{'coordinate': [605.2245801283347, 611.9129137683017], 'id': 11}
2019-09-05_00:53:04.609[Status]Routing 72: Walk: 64
2019-09-05_00:53:04.716[Battery Energy]94.08
2019-09-05_00:53:04.716[Status]Routing Start.
2019-09-05_00:53:04.935[Status]{'coordinate': [614.7373121828605, 614.9964067322628], 'id': 11}
2019-09-05_00:53:04.936[Status]Routing 73: Walk: 65
2019-09-05_00:53:05.048[Battery Energy]93.85
2019-09-05_00:53:05.048[Status]Routing Start.
2019-09-05_00:53:05.250[Status]{'coordinate': [624.2500442373863, 618.079899696224], 'id': 11}
2019-09-05_00:53:05.250[Status]Routing 74: Walk: 66
2019-09-05_00:53:05.353[Battery Energy]93.64
2019-09-05_00:53:05.353[Status]Routing Start.
2019-09-05_00:53:05.612[Status]{'coordinate': [633.7627762919121, 621.1633926601851], 'id': 11}
2019-09-05_00:53:05.612[Status]Routing 75: Walk: 67
2019-09-05_00:53:05.713[Battery Energy]93.40
2019-09-05_00:53:05.713[Status]Routing Start.
2019-09-05_00:53:05.898[Status]{'coordinate': [643.275508346438, 624.2468856241462], 'id': 11}
2019-09-05_00:53:05.898[Status]Routing 76: Walk: 68
2019-09-05_00:53:06.008[Battery Energy]93.20
2019-09-05_00:53:06.008[Status]Routing Start.
2019-09-05_00:53:06.177[Status]{'coordinate': [652.7882404009638, 627.3303785881074], 'id': 11}
2019-09-05_00:53:06.177[Status]Routing 77: Walk: 69
2019-09-05_00:53:06.278[Battery Energy]92.98
2019-09-05_00:53:06.278[Status]Routing Start.
2019-09-05_00:53:06.510[Status]{'coordinate': [662.3009724554896, 630.4138715520685], 'id': 11}
2019-09-05_00:53:06.511[Status]Routing 78: Walk: 70
2019-09-05_00:53:06.611[Battery Energy]92.74
2019-09-05_00:53:06.611[Status]Routing Start.
2019-09-05_00:53:06.791[Status]{'coordinate': [671.8137045100154, 633.4973645160296], 'id': 11}
2019-09-05_00:53:06.791[Status]Routing 79: Walk: 71
2019-09-05_00:53:06.900[Battery Energy]92.50
2019-09-05_00:53:06.900[Status]Routing Start.
2019-09-05_00:53:07.065[Status]{'coordinate': [681.3264365645413, 636.5808574799908], 'id': 11}
2019-09-05_00:53:07.065[Status]Routing 80: Walk: 72
2019-09-05_00:53:07.165[Battery Energy]92.25
2019-09-05_00:53:07.165[Status]Routing Start.
2019-09-05_00:53:07.364[Status]{'coordinate': [690.8391686190671, 639.6643504439519], 'id': 11}
2019-09-05_00:53:07.364[Status]Routing 81: Walk: 73
2019-09-05_00:53:07.489[Battery Energy]92.03
2019-09-05_00:53:07.490[Status]Routing Start.
2019-09-05_00:53:07.653[Status]{'coordinate': [700.3519006735929, 642.747843407913], 'id': 11}
2019-09-05_00:53:07.653[Status]Routing 82: Walk: 74
2019-09-05_00:53:07.756[Battery Energy]91.82
2019-09-05_00:53:07.756[Status]Routing Start.
2019-09-05_00:53:07.948[Status]{'coordinate': [709.8646327281187, 645.8313363718742], 'id': 11}
2019-09-05_00:53:07.948[Status]Routing 83: Walk: 75
2019-09-05_00:53:08.060[Battery Energy]91.58
2019-09-05_00:53:08.060[Status]Routing Start.
2019-09-05_00:53:08.270[Status]{'coordinate': [719.3773647826446, 648.9148293358353], 'id': 11}
2019-09-05_00:53:08.270[Status]Routing 84: Walk: 76
2019-09-05_00:53:08.371[Battery Energy]91.36
2019-09-05_00:53:08.371[Status]Routing Start.
2019-09-05_00:53:08.662[Status]{'coordinate': [728.8900968371704, 651.9983222997964], 'id': 11}
2019-09-05_00:53:08.662[Status]Routing 85: Walk: 77
2019-09-05_00:53:08.763[Battery Energy]91.06
2019-09-05_00:53:08.763[Status]Routing Start.
2019-09-05_00:53:08.948[Status]{'coordinate': [738.4028288916962, 655.0818152637576], 'id': 11}
2019-09-05_00:53:08.949[Status]Routing 86: Walk: 78
2019-09-05_00:53:09.060[Battery Energy]90.81
2019-09-05_00:53:09.060[Status]Routing Start.
2019-09-05_00:53:09.316[Status]{'coordinate': [747.9155609462221, 658.1653082277187], 'id': 11}
2019-09-05_00:53:09.316[Status]Routing 87: Walk: 79
2019-09-05_00:53:09.420[Battery Energy]90.56
2019-09-05_00:53:09.420[Status]Routing Start.
2019-09-05_00:53:09.595[Status]{'coordinate': [757.4282930007479, 661.2488011916798], 'id': 11}
2019-09-05_00:53:09.595[Status]Routing 88: Walk: 80
2019-09-05_00:53:09.712[Battery Energy]90.33
2019-09-05_00:53:09.712[Status]Routing Start.
2019-09-05_00:53:09.867[Status]{'coordinate': [766.9410250552737, 664.3322941556409], 'id': 11}
2019-09-05_00:53:09.867[Status]Routing 89: Walk: 81
2019-09-05_00:53:09.988[Battery Energy]90.12
2019-09-05_00:53:09.988[Status]Routing Start.
2019-09-05_00:53:10.111[Status]{'coordinate': [776.4537571097995, 667.415787119602], 'id': 11}
2019-09-05_00:53:10.113[Status]Routing 90: Walk: 82
2019-09-05_00:53:10.213[Battery Energy]89.92
2019-09-05_00:53:10.213[Status]Routing Start.
2019-09-05_00:53:10.379[Status]{'coordinate': [785.9664891643254, 670.499280083563], 'id': 11}
2019-09-05_00:53:10.380[Status]Routing 91: Walk: 83
2019-09-05_00:53:10.480[Battery Energy]89.71
2019-09-05_00:53:10.480[Status]Routing Start.
2019-09-05_00:53:10.629[Status]{'coordinate': [795.4792212188512, 673.5827730475241], 'id': 11}
2019-09-05_00:53:10.629[Status]Routing 92: Walk: 84
2019-09-05_00:53:10.736[Battery Energy]89.50
2019-09-05_00:53:10.736[Status]Routing Start.
2019-09-05_00:53:10.887[Status]{'coordinate': [804.991953273377, 676.6662660114853], 'id': 11}
2019-09-05_00:53:10.887[Status]Routing 93: Walk: 85
2019-09-05_00:53:10.987[Battery Energy]89.29
2019-09-05_00:53:10.987[Status]Routing Start.
2019-09-05_00:53:11.206[Status]{'coordinate': [814.5046853279028, 679.7497589754463], 'id': 11}
2019-09-05_00:53:11.206[Status]Routing 94: Walk: 86
2019-09-05_00:53:11.312[Battery Energy]89.06
2019-09-05_00:53:11.312[Status]Routing Start.
2019-09-05_00:53:11.442[Status]{'coordinate': [824.0174173824287, 682.8332519394074], 'id': 11}
2019-09-05_00:53:11.442[Status]Routing 95: Walk: 87
2019-09-05_00:53:11.543[Battery Energy]88.84
2019-09-05_00:53:11.543[Status]Routing Start.
2019-09-05_00:53:11.702[Status]{'coordinate': [833.5301494369545, 685.9167449033685], 'id': 11}
2019-09-05_00:53:11.702[Status]Routing 96: Walk: 88
2019-09-05_00:53:11.807[Battery Energy]88.64
2019-09-05_00:53:11.807[Status]Routing Start.
2019-09-05_00:53:12.063[Status]{'coordinate': [843.0428814914803, 689.0002378673296], 'id': 11}
2019-09-05_00:53:12.063[Status]Routing 97: Walk: 89
2019-09-05_00:53:12.168[Battery Energy]88.43
2019-09-05_00:53:12.168[Status]Routing Start.
2019-09-05_00:53:12.448[Status]{'coordinate': [852.5556135460062, 692.0837308312906], 'id': 11}
2019-09-05_00:53:12.448[Status]Routing 98: Walk: 90
2019-09-05_00:53:12.556[Battery Energy]88.17
2019-09-05_00:53:12.556[Status]Routing Start.
2019-09-05_00:53:12.721[Status]{'coordinate': [862.068345600532, 695.1672237952517], 'id': 11}
2019-09-05_00:53:12.721[Status]Routing 99: Walk: 91
2019-09-05_00:53:12.832[Battery Energy]87.97
2019-09-05_00:53:12.832[Status]Routing Start.
2019-09-05_00:53:13.085[Status]{'coordinate': [871.5810776550578, 698.2507167592128], 'id': 11}
2019-09-05_00:53:13.085[Status]Routing 100: Walk: 92
2019-09-05_00:53:13.185[Battery Energy]87.70
2019-09-05_00:53:13.185[Status]Routing Start.
2019-09-05_00:53:13.355[Status]{'coordinate': [881.0938097095836, 701.3342097231739], 'id': 11}
2019-09-05_00:53:13.355[Status]Routing 101: Walk: 93
2019-09-05_00:53:13.458[Battery Energy]87.50
2019-09-05_00:53:13.458[Status]Routing Start.
2019-09-05_00:53:13.824[Status]{'coordinate': [890.6065417641095, 704.417702687135], 'id': 11}
2019-09-05_00:53:13.824[Status]Routing 102: Walk: 94
2019-09-05_00:53:13.925[Battery Energy]87.17
2019-09-05_00:53:13.925[Status]Routing Start.
2019-09-05_00:53:14.098[Status]{'coordinate': [900.1192738186353, 707.501195651096], 'id': 11}
2019-09-05_00:53:14.098[Status]Routing 103: Walk: 95
2019-09-05_00:53:14.198[Battery Energy]86.92
2019-09-05_00:53:14.199[Status]Routing Start.
2019-09-05_00:53:14.637[Status]{'coordinate': [909.6320058731611, 710.5846886150572], 'id': 11}
2019-09-05_00:53:14.637[Status]Routing 104: Walk: 96
2019-09-05_00:53:14.737[Battery Energy]86.56
2019-09-05_00:53:14.737[Status]Routing Start.
2019-09-05_00:53:15.036[Status]{'coordinate': [919.144737927687, 713.6681815790182], 'id': 11}
2019-09-05_00:53:15.036[Status]Routing 105: Walk: 97
2019-09-05_00:53:15.137[Battery Energy]86.26
2019-09-05_00:53:15.137[Status]Routing Start.
2019-09-05_00:53:15.311[Status]{'coordinate': [928.6574699822128, 716.7516745429793], 'id': 11}
2019-09-05_00:53:15.311[Status]Routing 106: Walk: 98
2019-09-05_00:53:15.420[Battery Energy]86.04
2019-09-05_00:53:15.420[Status]Routing Start.
2019-09-05_00:53:15.835[Status]{'coordinate': [938.1702020367386, 719.8351675069405], 'id': 11}
2019-09-05_00:53:15.835[Status]Routing 107: Walk: 99
2019-09-05_00:53:15.935[Battery Energy]85.74
2019-09-05_00:53:15.935[Status]Routing Start.
2019-09-05_00:53:16.245[Status]{'coordinate': [947.6829340912644, 722.9186604709015], 'id': 11}
2019-09-05_00:53:16.246[Status]Routing 108: Walk: 100
2019-09-05_00:53:16.352[Battery Energy]85.42
2019-09-05_00:53:16.352[Status]Routing Start.
2019-09-05_00:53:16.695[Status]{'coordinate': [957.1956661457903, 726.0021534348626], 'id': 11}
2019-09-05_00:53:16.696[Status]Routing 109: Walk: 101
2019-09-05_00:53:16.824[Battery Energy]85.11
2019-09-05_00:53:16.824[Status]Routing Start.
2019-09-05_00:53:17.163[Status]{'coordinate': [966.7083982003161, 729.0856463988237], 'id': 11}
2019-09-05_00:53:17.163[Status]Routing 110: Walk: 102
2019-09-05_00:53:17.264[Battery Energy]84.84
2019-09-05_00:53:17.264[Status]Routing Start.
2019-09-05_00:53:17.592[Status]{'coordinate': [976.2211302548419, 732.1691393627848], 'id': 11}
2019-09-05_00:53:17.592[Status]Routing 111: Walk: 103
2019-09-05_00:53:17.726[Battery Energy]84.53
2019-09-05_00:53:17.726[Status]Routing Start.
2019-09-05_00:53:17.863[Status]{'coordinate': [985.7338623093677, 735.2526323267459], 'id': 11}
2019-09-05_00:53:17.863[Status]Routing 112: Walk: 104
2019-09-05_00:53:17.976[Battery Energy]84.31
2019-09-05_00:53:17.976[Status]Routing Start.
2019-09-05_00:53:18.335[Status]{'coordinate': [995.2465943638936, 738.336125290707], 'id': 11}
2019-09-05_00:53:18.335[Status]Routing 113: Walk: 105
2019-09-05_00:53:18.436[Battery Energy]83.96
2019-09-05_00:53:18.436[Status]Routing Start.
2019-09-05_00:53:18.823[Status]{'coordinate': [1004.7593264184194, 741.4196182546681], 'id': 11}
2019-09-05_00:53:18.823[Status]Routing 114: Walk: 106
2019-09-05_00:53:18.923[Battery Energy]83.61
2019-09-05_00:53:18.923[Status]Routing Start.
2019-09-05_00:53:19.103[Status]{'coordinate': [1014.2720584729452, 744.5031112186291], 'id': 11}
2019-09-05_00:53:19.103[Status]Routing 115: Walk: 107
2019-09-05_00:53:19.208[Battery Energy]83.40
2019-09-05_00:53:19.208[Status]Routing Start.
2019-09-05_00:53:19.554[Status]{'coordinate': [1023.784790527471, 747.5866041825902], 'id': 11}
2019-09-05_00:53:19.554[Status]Routing 116: Walk: 108
2019-09-05_00:53:19.654[Battery Energy]83.12
2019-09-05_00:53:19.654[Status]Routing Start.
2019-09-05_00:53:20.037[Status]{'coordinate': [1033.2975225819969, 750.6700971465514], 'id': 11}
2019-09-05_00:53:20.037[Status]Routing 117: Walk: 109
2019-09-05_00:53:20.148[Battery Energy]82.81
2019-09-05_00:53:20.148[Status]Routing Start.
2019-09-05_00:53:20.453[Status]{'coordinate': [1042.8102546365226, 753.7535901105124], 'id': 11}
2019-09-05_00:53:20.453[Status]Routing 118: Walk: 110
2019-09-05_00:53:20.556[Battery Energy]82.52
2019-09-05_00:53:20.556[Status]Routing Start.
2019-09-05_00:53:20.935[Status]{'coordinate': [1052.3229866910483, 756.8370830744734], 'id': 11}
2019-09-05_00:53:20.935[Status]Routing 119: Walk: 111
2019-09-05_00:53:21.044[Battery Energy]82.19
2019-09-05_00:53:21.044[Status]Routing Start.
2019-09-05_00:53:21.422[Status]{'coordinate': [1061.835718745574, 759.9205760384345], 'id': 11}
2019-09-05_00:53:21.422[Status]Routing 120: Walk: 112
2019-09-05_00:53:21.528[Battery Energy]81.85
2019-09-05_00:53:21.528[Status]Routing Start.
2019-09-05_00:53:21.856[Status]{'coordinate': [1071.3484508000997, 763.0040690023956], 'id': 11}
2019-09-05_00:53:21.856[Status]Routing 121: Walk: 113
2019-09-05_00:53:21.968[Battery Energy]81.56
2019-09-05_00:53:21.968[Status]Routing Start.
2019-09-05_00:53:22.125[Status]{'coordinate': [1080.8611828546254, 766.0875619663566], 'id': 11}
2019-09-05_00:53:22.126[Status]Routing 122: Walk: 114
2019-09-05_00:53:22.226[Battery Energy]81.36
2019-09-05_00:53:22.226[Status]Routing Start.
2019-09-05_00:53:22.492[Status]{'coordinate': [1090.3739149091512, 769.1710549303177], 'id': 11}
2019-09-05_00:53:22.492[Status]Routing 123: Walk: 115
2019-09-05_00:53:22.614[Battery Energy]81.09
2019-09-05_00:53:22.615[Status]Routing Start.
2019-09-05_00:53:22.796[Status]{'coordinate': [1099.8866469636769, 772.2545478942787], 'id': 11}
2019-09-05_00:53:22.796[Status]Routing 124: Walk: 116
2019-09-05_00:53:22.896[Battery Energy]80.88
2019-09-05_00:53:22.896[Status]Routing Start.
2019-09-05_00:53:23.162[Status]{'coordinate': [1109.3993790182026, 775.3380408582398], 'id': 11}
2019-09-05_00:53:23.162[Status]Routing 125: Walk: 117
2019-09-05_00:53:23.265[Battery Energy]80.60
2019-09-05_00:53:23.265[Status]Routing Start.
2019-09-05_00:53:23.487[Status]{'coordinate': [1118.9121110727283, 778.4215338222008], 'id': 11}
2019-09-05_00:53:23.487[Status]Routing 126: Walk: 118
2019-09-05_00:53:23.592[Battery Energy]80.37
2019-09-05_00:53:23.592[Status]Routing Start.
2019-09-05_00:53:23.748[Status]{'coordinate': [1128.424843127254, 781.5050267861619], 'id': 11}
2019-09-05_00:53:23.748[Status]Routing 127: Walk: 119
2019-09-05_00:53:23.864[Battery Energy]80.15
2019-09-05_00:53:23.864[Status]Routing Start.
2019-09-05_00:53:24.005[Status]{'coordinate': [1137.9375751817797, 784.5885197501229], 'id': 11}
2019-09-05_00:53:24.005[Status]Routing 128: Walk: 120
2019-09-05_00:53:24.105[Battery Energy]79.95
2019-09-05_00:53:24.106[Status]Routing Start.
2019-09-05_00:53:24.375[Status]{'coordinate': [1147.4503072363054, 787.672012714084], 'id': 11}
2019-09-05_00:53:24.375[Status]Routing 129: Walk: 121
2019-09-05_00:53:24.476[Battery Energy]79.67
2019-09-05_00:53:24.476[Status]Routing Start.
2019-09-05_00:53:24.682[Status]{'coordinate': [1156.9630392908311, 790.7555056780451], 'id': 11}
2019-09-05_00:53:24.682[Status]Routing 130: Walk: 122
2019-09-05_00:53:24.782[Battery Energy]79.46
2019-09-05_00:53:24.782[Status]Routing Start.
2019-09-05_00:53:25.014[Status]{'coordinate': [1166.4757713453569, 793.8389986420061], 'id': 11}
2019-09-05_00:53:25.014[Status]Routing 131: Walk: 123
2019-09-05_00:53:25.114[Battery Energy]79.24
2019-09-05_00:53:25.114[Status]Routing Start.
2019-09-05_00:53:25.325[Status]{'coordinate': [1175.9885033998826, 796.9224916059671], 'id': 11}
2019-09-05_00:53:25.326[Status]Routing 132: Walk: 124
2019-09-05_00:53:25.436[Battery Energy]78.99
2019-09-05_00:53:25.436[Status]Routing Start.
2019-09-05_00:53:25.436[Status]Task Finished.
2019-09-05_00:53:25.537[Battery Energy]78.99
2019-09-05_00:53:25.718[Status]Routing 134: Walk: 124
2019-09-05_00:53:25.825[Battery Energy]78.86
2019-09-05_00:53:25.998[Status]Routing 135: Walk: 124
2019-09-05_00:53:26.098[Battery Energy]78.74
2019-09-05_00:53:26.320[Status]Routing 136: Walk: 124
2019-09-05_00:53:26.428[Battery Energy]78.54
2019-09-05_00:53:26.652[Status]Routing 137: Walk: 124
2019-09-05_00:53:26.764[Battery Energy]78.40
2019-09-05_00:53:26.937[Status]Routing 138: Walk: 124
2019-09-05_00:53:27.044[Battery Energy]78.28
2019-09-05_00:53:27.318[Status]Routing 139: Walk: 124
2019-09-05_00:53:27.418[Battery Energy]78.12
2019-09-05_00:53:27.667[Status]Routing 140: Walk: 124
2019-09-05_00:53:27.776[Battery Energy]77.99
2019-09-05_00:53:27.955[Status]Routing 141: Walk: 124
2019-09-05_00:53:28.055[Battery Energy]77.84
2019-09-05_00:53:28.245[Status]Routing 142: Walk: 124
2019-09-05_00:53:28.345[Battery Energy]77.74
2019-09-05_00:53:28.562[Status]Routing 143: Walk: 124
2019-09-05_00:53:28.662[Battery Energy]77.60
2019-09-05_00:53:28.824[Status]Routing 144: Walk: 124
2019-09-05_00:53:28.948[Battery Energy]77.50
2019-09-05_00:53:29.114[Status]Routing 145: Walk: 124
2019-09-05_00:53:29.214[Battery Energy]77.40
2019-09-05_00:53:29.405[Status]Routing 146: Walk: 124
2019-09-05_00:53:29.505[Battery Energy]77.29
2019-09-05_00:53:29.790[Status]Routing 147: Walk: 124
2019-09-05_00:53:29.891[Battery Energy]77.18
2019-09-05_00:53:30.129[Status]Routing 148: Walk: 124
2019-09-05_00:53:30.229[Battery Energy]77.02
2019-09-05_00:53:30.462[Status]Routing 149: Walk: 124
2019-09-05_00:53:30.572[Battery Energy]76.88
2019-09-05_00:53:30.717[Status]Routing 150: Walk: 124
2019-09-05_00:53:30.818[Battery Energy]76.77
2019-09-05_00:53:31.021[Status]Routing 151: Walk: 124
2019-09-05_00:53:31.127[Battery Energy]76.63
2019-09-05_00:53:31.281[Status]Routing 152: Walk: 124
2019-09-05_00:53:31.381[Battery Energy]76.50
2019-09-05_00:53:31.570[Status]Routing 153: Walk: 124
2019-09-05_00:53:31.670[Battery Energy]76.36
2019-09-05_00:53:31.884[Status]Routing 154: Walk: 124
2019-09-05_00:53:32.004[Battery Energy]76.24
2019-09-05_00:53:32.276[Status]Routing 155: Walk: 124
2019-09-05_00:53:32.388[Battery Energy]76.07
2019-09-05_00:53:32.511[Status]Routing 156: Walk: 124
2019-09-05_00:53:32.612[Battery Energy]75.98
2019-09-05_00:53:32.883[Status]Routing 157: Walk: 124
2019-09-05_00:53:32.988[Battery Energy]75.85
2019-09-05_00:53:33.257[Status]Routing 158: Walk: 124
2019-09-05_00:53:33.364[Battery Energy]75.72
2019-09-05_00:53:33.560[Status]Routing 159: Walk: 124
2019-09-05_00:53:33.668[Battery Energy]75.58
2019-09-05_00:53:33.816[Status]Routing 160: Walk: 124
2019-09-05_00:53:33.932[Battery Energy]75.48
2019-09-05_00:53:34.112[Status]Routing 161: Walk: 124
2019-09-05_00:53:34.228[Battery Energy]75.37
2019-09-05_00:53:34.413[Status]Routing 162: Walk: 124
2019-09-05_00:53:34.531[Battery Energy]75.23
2019-09-05_00:53:34.690[Status]Routing 163: Walk: 124
2019-09-05_00:53:34.800[Battery Energy]75.11
2019-09-05_00:53:34.953[Status]Routing 164: Walk: 124
2019-09-05_00:53:35.062[Battery Energy]75.01
2019-09-05_00:53:35.294[Status]Routing 165: Walk: 124
2019-09-05_00:53:35.404[Battery Energy]74.87
2019-09-05_00:53:35.741[Status]Routing 166: Walk: 124
2019-09-05_00:53:35.844[Battery Energy]74.71
2019-09-05_00:53:36.010[Status]Routing 167: Walk: 124
2019-09-05_00:53:36.110[Battery Energy]74.58
2019-09-05_00:53:36.290[Status]Routing 168: Walk: 124
2019-09-05_00:53:36.400[Battery Energy]74.47
2019-09-05_00:53:36.597[Status]Routing 169: Walk: 124
2019-09-05_00:53:36.699[Battery Energy]74.36
2019-09-05_00:53:36.934[Status]Routing 170: Walk: 124
2019-09-05_00:53:37.044[Battery Energy]74.23
2019-09-05_00:53:37.240[Status]Routing 171: Walk: 124
2019-09-05_00:53:37.340[Battery Energy]74.11
2019-09-05_00:53:37.576[Status]Routing 172: Walk: 124
2019-09-05_00:53:37.677[Battery Energy]73.95
2019-09-05_00:53:37.856[Status]Routing 173: Walk: 124
2019-09-05_00:53:37.960[Battery Energy]73.83
2019-09-05_00:53:38.194[Status]Routing 174: Walk: 124
2019-09-05_00:53:38.294[Battery Energy]73.74
