2019-09-05_00:52:26.679[Status]Start.
2019-09-05_00:52:26.679[Battery Energy]116.00
2019-09-05_00:52:27.781[Battery Energy]115.96
2019-09-05_00:52:28.883[Battery Energy]115.92
2019-09-05_00:52:29.984[Battery Energy]115.88
2019-09-05_00:52:31.085[Battery Energy]115.84
2019-09-05_00:52:32.186[Task]A New Task Released.
2019-09-05_00:52:32.187[Battery Energy]115.80
2019-09-05_00:52:32.187[Status]Selection Start.
2019-09-05_00:52:35.152[Status]Selection End: Do Task 0.
2019-09-05_00:52:35.280[Battery Energy]113.30
2019-09-05_00:52:35.281[Status]Formation Start.
2019-09-05_00:52:35.423[Status]Formation End: To Position 3.
2019-09-05_00:52:35.523[Battery Energy]113.18
2019-09-05_00:52:35.523[Status]Routing Start.
2019-09-05_00:52:35.678[Status]{'coordinate': [128.86545822679886, 477.82446261146475], 'id': 2}
2019-09-05_00:52:35.678[Status]Routing 1: Walk: 1
2019-09-05_00:52:35.778[Battery Energy]112.97
2019-09-05_00:52:35.778[Status]Routing Start.
2019-09-05_00:52:35.961[Status]{'coordinate': [130.73091645359773, 487.6489252229295], 'id': 2}
2019-09-05_00:52:35.961[Status]Routing 2: Walk: 2
2019-09-05_00:52:36.062[Battery Energy]112.74
2019-09-05_00:52:36.062[Status]Routing Start.
2019-09-05_00:52:36.287[Status]{'coordinate': [132.5963746803966, 497.47338783439426], 'id': 2}
2019-09-05_00:52:36.287[Status]Routing 3: Walk: 3
2019-09-05_00:52:36.436[Battery Energy]112.48
2019-09-05_00:52:36.436[Status]Routing Start.
2019-09-05_00:52:36.662[Status]{'coordinate': [134.46183290719546, 507.297850445859], 'id': 2}
2019-09-05_00:52:36.662[Status]Routing 4: Walk: 4
2019-09-05_00:52:36.772[Battery Energy]112.25
2019-09-05_00:52:36.772[Status]Routing Start.
2019-09-05_00:52:37.026[Status]{'coordinate': [136.32729113399432, 517.1223130573237], 'id': 2}
2019-09-05_00:52:37.026[Status]Routing 5: Walk: 5
2019-09-05_00:52:37.128[Battery Energy]111.93
2019-09-05_00:52:37.128[Status]Routing Start.
2019-09-05_00:52:37.490[Status]{'coordinate': [138.1927493607932, 526.9467756687884], 'id': 2}
2019-09-05_00:52:37.490[Status]Routing 6: Walk: 6
2019-09-05_00:52:37.604[Battery Energy]111.65
2019-09-05_00:52:37.604[Status]Routing Start.
2019-09-05_00:52:38.067[Status]{'coordinate': [130.81131501636207, 533.6932137674337], 'id': 2}
2019-09-05_00:52:38.067[Status]Routing 7: Walk: 7
2019-09-05_00:52:38.168[Battery Energy]111.20
2019-09-05_00:52:38.168[Status]Routing Start.
2019-09-05_00:52:38.494[Status]{'coordinate': [135.27150065249407, 542.6434508643625], 'id': 2}
2019-09-05_00:52:38.495[Status]Routing 8: Walk: 8
2019-09-05_00:52:38.595[Battery Energy]110.84
2019-09-05_00:52:38.595[Status]Routing Start.
2019-09-05_00:52:38.975[Status]{'coordinate': [139.73168628862607, 551.5936879612914], 'id': 2}
2019-09-05_00:52:38.975[Status]Routing 9: Walk: 9
2019-09-05_00:52:39.075[Battery Energy]110.43
2019-09-05_00:52:39.075[Status]Routing Start.
2019-09-05_00:52:39.497[Status]{'coordinate': [144.19187192475806, 560.5439250582202], 'id': 2}
2019-09-05_00:52:39.497[Status]Routing 10: Walk: 10
2019-09-05_00:52:39.598[Battery Energy]110.02
2019-09-05_00:52:39.598[Status]Routing Start.
2019-09-05_00:52:39.598[Status]Task Finished.
2019-09-05_00:52:39.698[Battery Energy]110.02
2019-09-05_00:52:40.013[Status]Routing 12: Walk: 10
2019-09-05_00:52:40.117[Battery Energy]109.73
2019-09-05_00:52:40.572[Status]Routing 13: Walk: 10
2019-09-05_00:52:40.672[Battery Energy]109.36
2019-09-05_00:52:41.074[Status]Routing 14: Walk: 10
2019-09-05_00:52:41.176[Battery Energy]109.05
2019-09-05_00:52:41.582[Status]Routing 15: Walk: 10
2019-09-05_00:52:41.682[Battery Energy]108.65
2019-09-05_00:52:42.033[Status]Routing 16: Walk: 10
2019-09-05_00:52:42.134[Battery Energy]108.36
2019-09-05_00:52:42.577[Status]Routing 17: Walk: 10
2019-09-05_00:52:42.677[Battery Energy]107.93
2019-09-05_00:52:43.018[Status]Routing 18: Walk: 10
2019-09-05_00:52:43.124[Battery Energy]107.64
2019-09-05_00:52:43.497[Status]Routing 19: Walk: 10
2019-09-05_00:52:43.597[Battery Energy]107.32
2019-09-05_00:52:43.951[Status]Routing 20: Walk: 10
2019-09-05_00:52:44.051[Battery Energy]106.99
2019-09-05_00:52:44.287[Status]Routing 21: Walk: 10
2019-09-05_00:52:44.392[Battery Energy]106.87
2019-09-05_00:52:44.789[Status]Routing 22: Walk: 10
2019-09-05_00:52:44.890[Battery Energy]106.61
2019-09-05_00:52:45.144[Status]Routing 23: Walk: 10
2019-09-05_00:52:45.245[Battery Energy]106.43
2019-09-05_00:52:45.679[Status]Routing 24: Walk: 10
2019-09-05_00:52:45.808[Battery Energy]106.17
2019-09-05_00:52:46.258[Status]Routing 25: Walk: 10
2019-09-05_00:52:46.368[Battery Energy]105.92
2019-09-05_00:52:46.706[Status]Routing 26: Walk: 10
2019-09-05_00:52:46.812[Battery Energy]105.66
2019-09-05_00:52:47.160[Status]Routing 27: Walk: 10
2019-09-05_00:52:47.272[Battery Energy]105.48
2019-09-05_00:52:47.615[Status]Routing 28: Walk: 10
2019-09-05_00:52:47.719[Battery Energy]105.27
2019-09-05_00:52:48.028[Status]Routing 29: Walk: 10
2019-09-05_00:52:48.136[Battery Energy]105.10
2019-09-05_00:52:48.593[Status]Routing 30: Walk: 10
2019-09-05_00:52:48.693[Battery Energy]104.85
2019-09-05_00:52:49.096[Status]Routing 31: Walk: 10
2019-09-05_00:52:49.208[Battery Energy]104.65
2019-09-05_00:52:49.409[Status]Routing 32: Walk: 10
2019-09-05_00:52:49.516[Battery Energy]104.53
2019-09-05_00:52:49.837[Status]Routing 33: Walk: 10
2019-09-05_00:52:49.941[Battery Energy]104.32
2019-09-05_00:52:50.237[Status]Routing 34: Walk: 10
2019-09-05_00:52:50.351[Battery Energy]104.10
2019-09-05_00:52:50.501[Status]Routing 35: Walk: 10
2019-09-05_00:52:50.602[Battery Energy]104.01
2019-09-05_00:52:50.931[Status]Routing 36: Walk: 10
2019-09-05_00:52:51.037[Battery Energy]103.79
2019-09-05_00:52:51.396[Status]Routing 37: Walk: 10
2019-09-05_00:52:51.500[Battery Energy]103.63
2019-09-05_00:52:51.858[Status]Routing 38: Walk: 10
2019-09-05_00:52:51.964[Battery Energy]103.45
2019-09-05_00:52:52.339[Status]Routing 39: Walk: 10
2019-09-05_00:52:52.439[Battery Energy]103.25
2019-09-05_00:52:52.778[Status]Routing 40: Walk: 10
2019-09-05_00:52:52.878[Battery Energy]103.04
2019-09-05_00:52:53.228[Status]Routing 41: Walk: 10
2019-09-05_00:52:53.331[Battery Energy]102.81
2019-09-05_00:52:53.719[Status]Routing 42: Walk: 10
2019-09-05_00:52:53.820[Battery Energy]102.58
2019-09-05_00:52:54.105[Status]Routing 43: Walk: 10
2019-09-05_00:52:54.210[Battery Energy]102.37
2019-09-05_00:52:54.413[Status]Routing 44: Walk: 10
2019-09-05_00:52:54.520[Battery Energy]102.25
2019-09-05_00:52:54.852[Status]Routing 45: Walk: 10
2019-09-05_00:52:54.956[Battery Energy]102.05
2019-09-05_00:52:55.124[Status]Routing 46: Walk: 10
2019-09-05_00:52:55.240[Battery Energy]101.92
2019-09-05_00:52:55.469[Status]Routing 47: Walk: 10
2019-09-05_00:52:55.571[Battery Energy]101.77
2019-09-05_00:52:55.748[Status]Routing 48: Walk: 10
2019-09-05_00:52:55.853[Battery Energy]101.63
2019-09-05_00:52:56.229[Status]Routing 49: Walk: 10
2019-09-05_00:52:56.336[Battery Energy]101.44
2019-09-05_00:52:56.688[Status]Routing 50: Walk: 10
2019-09-05_00:52:56.788[Battery Energy]101.19
2019-09-05_00:52:57.109[Status]Routing 51: Walk: 10
2019-09-05_00:52:57.209[Battery Energy]101.01
2019-09-05_00:52:57.381[Status]Routing 52: Walk: 10
2019-09-05_00:52:57.484[Battery Energy]100.92
2019-09-05_00:52:57.658[Status]Routing 53: Walk: 10
2019-09-05_00:52:57.758[Battery Energy]100.79
2019-09-05_00:52:58.138[Status]Routing 54: Walk: 10
2019-09-05_00:52:58.250[Battery Energy]100.58
2019-09-05_00:52:58.441[Status]Routing 55: Walk: 10
2019-09-05_00:52:58.547[Battery Energy]100.44
2019-09-05_00:52:58.781[Status]Routing 56: Walk: 10
2019-09-05_00:52:58.892[Battery Energy]100.29
2019-09-05_00:52:59.070[Status]Routing 57: Walk: 10
2019-09-05_00:52:59.170[Battery Energy]100.17
2019-09-05_00:52:59.667[Status]Routing 58: Walk: 10
2019-09-05_00:52:59.768[Battery Energy]99.91
2019-09-05_00:53:00.137[Status]Routing 59: Walk: 10
2019-09-05_00:53:00.244[Battery Energy]99.69
2019-09-05_00:53:00.601[Status]Routing 60: Walk: 10
2019-09-05_00:53:00.708[Battery Energy]99.41
2019-09-05_00:53:00.940[Status]Routing 61: Walk: 10
2019-09-05_00:53:01.048[Battery Energy]99.28
2019-09-05_00:53:01.264[Status]Routing 62: Walk: 10
2019-09-05_00:53:01.364[Battery Energy]99.16
2019-09-05_00:53:01.562[Status]Routing 63: Walk: 10
2019-09-05_00:53:01.725[Battery Energy]99.05
2019-09-05_00:53:01.870[Status]Routing 64: Walk: 10
2019-09-05_00:53:01.970[Battery Energy]98.95
2019-09-05_00:53:02.126[Status]Routing 65: Walk: 10
2019-09-05_00:53:02.226[Battery Energy]98.85
2019-09-05_00:53:02.389[Status]Routing 66: Walk: 10
2019-09-05_00:53:02.496[Battery Energy]98.76
2019-09-05_00:53:02.666[Status]Routing 67: Walk: 10
2019-09-05_00:53:02.775[Battery Energy]98.65
2019-09-05_00:53:03.162[Status]Routing 68: Walk: 10
2019-09-05_00:53:03.272[Battery Energy]98.40
2019-09-05_00:53:03.496[Status]Routing 69: Walk: 10
2019-09-05_00:53:03.616[Battery Energy]98.24
2019-09-05_00:53:03.779[Status]Routing 70: Walk: 10
2019-09-05_00:53:03.892[Battery Energy]98.11
2019-09-05_00:53:04.071[Status]Routing 71: Walk: 10
2019-09-05_00:53:04.180[Battery Energy]97.99
2019-09-05_00:53:04.334[Status]Routing 72: Walk: 10
2019-09-05_00:53:04.440[Battery Energy]97.87
2019-09-05_00:53:04.620[Status]Routing 73: Walk: 10
2019-09-05_00:53:04.720[Battery Energy]97.73
2019-09-05_00:53:04.933[Status]Routing 74: Walk: 10
2019-09-05_00:53:05.044[Battery Energy]97.61
2019-09-05_00:53:05.249[Status]Routing 75: Walk: 10
2019-09-05_00:53:05.349[Battery Energy]97.50
2019-09-05_00:53:05.615[Status]Routing 76: Walk: 10
2019-09-05_00:53:05.716[Battery Energy]97.29
2019-09-05_00:53:05.899[Status]Routing 77: Walk: 10
2019-09-05_00:53:06.009[Battery Energy]97.17
2019-09-05_00:53:06.185[Status]Routing 78: Walk: 10
2019-09-05_00:53:06.285[Battery Energy]97.07
2019-09-05_00:53:06.512[Status]Routing 79: Walk: 10
2019-09-05_00:53:06.636[Battery Energy]96.95
2019-09-05_00:53:06.789[Status]Routing 80: Walk: 10
2019-09-05_00:53:06.896[Battery Energy]96.85
2019-09-05_00:53:07.072[Status]Routing 81: Walk: 10
2019-09-05_00:53:07.180[Battery Energy]96.75
2019-09-05_00:53:07.377[Status]Routing 82: Walk: 10
2019-09-05_00:53:07.477[Battery Energy]96.64
2019-09-05_00:53:07.651[Status]Routing 83: Walk: 10
2019-09-05_00:53:07.799[Battery Energy]96.51
2019-09-05_00:53:07.951[Status]Routing 84: Walk: 10
2019-09-05_00:53:08.064[Battery Energy]96.39
2019-09-05_00:53:08.271[Status]Routing 85: Walk: 10
2019-09-05_00:53:08.371[Battery Energy]96.25
2019-09-05_00:53:08.677[Status]Routing 86: Walk: 10
2019-09-05_00:53:08.777[Battery Energy]95.99
2019-09-05_00:53:08.945[Status]Routing 87: Walk: 10
2019-09-05_00:53:09.046[Battery Energy]95.86
2019-09-05_00:53:09.314[Status]Routing 88: Walk: 10
2019-09-05_00:53:09.414[Battery Energy]95.70
2019-09-05_00:53:09.590[Status]Routing 89: Walk: 10
2019-09-05_00:53:09.690[Battery Energy]95.59
2019-09-05_00:53:09.864[Status]Routing 90: Walk: 10
2019-09-05_00:53:09.964[Battery Energy]95.48
2019-09-05_00:53:10.111[Status]Routing 91: Walk: 10
2019-09-05_00:53:10.220[Battery Energy]95.39
2019-09-05_00:53:10.395[Status]Routing 92: Walk: 10
2019-09-05_00:53:10.505[Battery Energy]95.25
2019-09-05_00:53:10.626[Status]Routing 93: Walk: 10
2019-09-05_00:53:10.726[Battery Energy]95.17
2019-09-05_00:53:10.889[Status]Routing 94: Walk: 10
2019-09-05_00:53:10.998[Battery Energy]95.07
2019-09-05_00:53:11.193[Status]Routing 95: Walk: 10
2019-09-05_00:53:11.293[Battery Energy]94.93
2019-09-05_00:53:11.444[Status]Routing 96: Walk: 10
2019-09-05_00:53:11.556[Battery Energy]94.84
2019-09-05_00:53:11.705[Status]Routing 97: Walk: 10
2019-09-05_00:53:11.814[Battery Energy]94.75
2019-09-05_00:53:12.061[Status]Routing 98: Walk: 10
2019-09-05_00:53:12.164[Battery Energy]94.60
2019-09-05_00:53:12.451[Status]Routing 99: Walk: 10
2019-09-05_00:53:12.576[Battery Energy]94.43
2019-09-05_00:53:12.725[Status]Routing 100: Walk: 10
2019-09-05_00:53:12.830[Battery Energy]94.33
2019-09-05_00:53:13.093[Status]Routing 101: Walk: 10
2019-09-05_00:53:13.193[Battery Energy]94.22
2019-09-05_00:53:13.360[Status]Routing 102: Walk: 10
2019-09-05_00:53:13.468[Battery Energy]94.13
2019-09-05_00:53:13.819[Status]Routing 103: Walk: 10
2019-09-05_00:53:13.920[Battery Energy]93.86
2019-09-05_00:53:14.102[Status]Routing 104: Walk: 10
2019-09-05_00:53:14.216[Battery Energy]93.76
2019-09-05_00:53:14.645[Status]Routing 105: Walk: 10
2019-09-05_00:53:14.752[Battery Energy]93.49
2019-09-05_00:53:15.041[Status]Routing 106: Walk: 10
2019-09-05_00:53:15.148[Battery Energy]93.30
2019-09-05_00:53:15.311[Status]Routing 107: Walk: 10
2019-09-05_00:53:15.412[Battery Energy]93.20
2019-09-05_00:53:15.821[Status]Routing 108: Walk: 10
2019-09-05_00:53:15.922[Battery Energy]92.90
2019-09-05_00:53:16.243[Status]Routing 109: Walk: 10
2019-09-05_00:53:16.343[Battery Energy]92.69
2019-09-05_00:53:16.696[Status]Routing 110: Walk: 10
2019-09-05_00:53:16.802[Battery Energy]92.46
2019-09-05_00:53:17.154[Status]Routing 111: Walk: 10
2019-09-05_00:53:17.254[Battery Energy]92.25
2019-09-05_00:53:17.581[Status]Routing 112: Walk: 10
2019-09-05_00:53:17.700[Battery Energy]92.03
2019-09-05_00:53:17.865[Status]Routing 113: Walk: 10
2019-09-05_00:53:17.968[Battery Energy]91.92
2019-09-05_00:53:18.341[Status]Routing 114: Walk: 10
2019-09-05_00:53:18.452[Battery Energy]91.72
2019-09-05_00:53:18.842[Status]Routing 115: Walk: 10
2019-09-05_00:53:18.943[Battery Energy]91.50
2019-09-05_00:53:19.094[Status]Routing 116: Walk: 10
2019-09-05_00:53:19.195[Battery Energy]91.38
2019-09-05_00:53:19.551[Status]Routing 117: Walk: 10
2019-09-05_00:53:19.656[Battery Energy]91.15
2019-09-05_00:53:20.037[Status]Routing 118: Walk: 10
2019-09-05_00:53:20.144[Battery Energy]90.85
2019-09-05_00:53:20.455[Status]Routing 119: Walk: 10
2019-09-05_00:53:20.565[Battery Energy]90.63
2019-09-05_00:53:20.932[Status]Routing 120: Walk: 10
2019-09-05_00:53:21.040[Battery Energy]90.40
2019-09-05_00:53:21.423[Status]Routing 121: Walk: 10
2019-09-05_00:53:21.528[Battery Energy]90.15
2019-09-05_00:53:21.853[Status]Routing 122: Walk: 10
2019-09-05_00:53:21.960[Battery Energy]89.93
2019-09-05_00:53:22.127[Status]Routing 123: Walk: 10
2019-09-05_00:53:22.232[Battery Energy]89.83
2019-09-05_00:53:22.490[Status]Routing 124: Walk: 10
2019-09-05_00:53:22.590[Battery Energy]89.59
2019-09-05_00:53:22.803[Status]Routing 125: Walk: 10
2019-09-05_00:53:22.903[Battery Energy]89.41
2019-09-05_00:53:23.167[Status]Routing 126: Walk: 10
2019-09-05_00:53:23.268[Battery Energy]89.25
2019-09-05_00:53:23.488[Status]Routing 127: Walk: 10
2019-09-05_00:53:23.592[Battery Energy]89.07
2019-09-05_00:53:23.747[Status]Routing 128: Walk: 10
2019-09-05_00:53:23.853[Battery Energy]88.96
2019-09-05_00:53:24.005[Status]Routing 129: Walk: 10
2019-09-05_00:53:24.107[Battery Energy]88.86
2019-09-05_00:53:24.374[Status]Routing 130: Walk: 10
2019-09-05_00:53:24.484[Battery Energy]88.70
2019-09-05_00:53:24.681[Status]Routing 131: Walk: 10
2019-09-05_00:53:24.786[Battery Energy]88.53
2019-09-05_00:53:25.029[Status]Routing 132: Walk: 10
2019-09-05_00:53:25.130[Battery Energy]88.38
2019-09-05_00:53:25.320[Status]Routing 133: Walk: 10
2019-09-05_00:53:25.424[Battery Energy]88.26
2019-09-05_00:53:25.715[Status]Routing 134: Walk: 10
2019-09-05_00:53:25.817[Battery Energy]88.07
2019-09-05_00:53:26.002[Status]Routing 135: Walk: 10
2019-09-05_00:53:26.108[Battery Energy]87.97
2019-09-05_00:53:26.326[Status]Routing 136: Walk: 10
2019-09-05_00:53:26.444[Battery Energy]87.86
2019-09-05_00:53:26.650[Status]Routing 137: Walk: 10
2019-09-05_00:53:26.755[Battery Energy]87.76
2019-09-05_00:53:26.930[Status]Routing 138: Walk: 10
2019-09-05_00:53:27.030[Battery Energy]87.63
2019-09-05_00:53:27.314[Status]Routing 139: Walk: 10
2019-09-05_00:53:27.414[Battery Energy]87.48
2019-09-05_00:53:27.667[Status]Routing 140: Walk: 10
2019-09-05_00:53:27.780[Battery Energy]87.38
2019-09-05_00:53:27.958[Status]Routing 141: Walk: 10
2019-09-05_00:53:28.068[Battery Energy]87.27
2019-09-05_00:53:28.249[Status]Routing 142: Walk: 10
2019-09-05_00:53:28.349[Battery Energy]87.17
2019-09-05_00:53:28.557[Status]Routing 143: Walk: 10
2019-09-05_00:53:28.658[Battery Energy]87.04
2019-09-05_00:53:28.823[Status]Routing 144: Walk: 10
2019-09-05_00:53:28.932[Battery Energy]86.92
2019-09-05_00:53:29.108[Status]Routing 145: Walk: 10
2019-09-05_00:53:29.220[Battery Energy]86.83
2019-09-05_00:53:29.405[Status]Routing 146: Walk: 10
2019-09-05_00:53:29.516[Battery Energy]86.73
2019-09-05_00:53:29.794[Status]Routing 147: Walk: 10
2019-09-05_00:53:29.898[Battery Energy]86.59
2019-09-05_00:53:30.131[Status]Routing 148: Walk: 10
2019-09-05_00:53:30.234[Battery Energy]86.43
2019-09-05_00:53:30.459[Status]Routing 149: Walk: 10
2019-09-05_00:53:30.560[Battery Energy]86.29
2019-09-05_00:53:30.723[Status]Routing 150: Walk: 10
2019-09-05_00:53:30.832[Battery Energy]86.17
2019-09-05_00:53:31.018[Status]Routing 151: Walk: 10
2019-09-05_00:53:31.124[Battery Energy]86.06
2019-09-05_00:53:31.282[Status]Routing 152: Walk: 10
2019-09-05_00:53:31.392[Battery Energy]85.92
2019-09-05_00:53:31.563[Status]Routing 153: Walk: 10
2019-09-05_00:53:31.664[Battery Energy]85.81
2019-09-05_00:53:31.885[Status]Routing 154: Walk: 10
2019-09-05_00:53:32.008[Battery Energy]85.63
2019-09-05_00:53:32.261[Status]Routing 155: Walk: 10
2019-09-05_00:53:32.361[Battery Energy]85.51
2019-09-05_00:53:32.508[Status]Routing 156: Walk: 10
2019-09-05_00:53:32.609[Battery Energy]85.42
2019-09-05_00:53:32.884[Status]Routing 157: Walk: 10
2019-09-05_00:53:32.996[Battery Energy]85.28
2019-09-05_00:53:33.262[Status]Routing 158: Walk: 10
2019-09-05_00:53:33.372[Battery Energy]85.15
2019-09-05_00:53:33.559[Status]Routing 159: Walk: 10
2019-09-05_00:53:33.660[Battery Energy]85.00
2019-09-05_00:53:33.813[Status]Routing 160: Walk: 10
2019-09-05_00:53:33.930[Battery Energy]84.88
2019-09-05_00:53:34.106[Status]Routing 161: Walk: 10
2019-09-05_00:53:34.212[Battery Energy]84.79
2019-09-05_00:53:34.411[Status]Routing 162: Walk: 10
2019-09-05_00:53:34.520[Battery Energy]84.66
2019-09-05_00:53:34.688[Status]Routing 163: Walk: 10
2019-09-05_00:53:34.805[Battery Energy]84.55
2019-09-05_00:53:34.956[Status]Routing 164: Walk: 10
2019-09-05_00:53:35.131[Battery Energy]84.46
2019-09-05_00:53:35.298[Status]Routing 165: Walk: 10
2019-09-05_00:53:35.408[Battery Energy]84.35
2019-09-05_00:53:35.738[Status]Routing 166: Walk: 10
2019-09-05_00:53:35.838[Battery Energy]84.17
2019-09-05_00:53:36.008[Status]Routing 167: Walk: 10
2019-09-05_00:53:36.116[Battery Energy]84.06
2019-09-05_00:53:36.300[Status]Routing 168: Walk: 10
2019-09-05_00:53:36.416[Battery Energy]83.94
2019-09-05_00:53:36.611[Status]Routing 169: Walk: 10
2019-09-05_00:53:36.712[Battery Energy]83.82
2019-09-05_00:53:36.932[Status]Routing 170: Walk: 10
2019-09-05_00:53:37.036[Battery Energy]83.68
2019-09-05_00:53:37.239[Status]Routing 171: Walk: 10
2019-09-05_00:53:37.348[Battery Energy]83.55
2019-09-05_00:53:37.574[Status]Routing 172: Walk: 10
2019-09-05_00:53:37.675[Battery Energy]83.42
2019-09-05_00:53:37.846[Status]Routing 173: Walk: 10
2019-09-05_00:53:37.950[Battery Energy]83.32
2019-09-05_00:53:38.191[Status]Routing 174: Walk: 10
2019-09-05_00:53:38.299[Battery Energy]83.19
