2019-09-05_00:52:28.434[Status]Start.
2019-09-05_00:52:28.435[Battery Energy]116.00
2019-09-05_00:52:29.537[Battery Energy]115.96
2019-09-05_00:52:30.638[Battery Energy]115.92
2019-09-05_00:52:31.739[Battery Energy]115.88
2019-09-05_00:52:32.840[Battery Energy]115.84
2019-09-05_00:52:33.941[Task]A New Task Released.
2019-09-05_00:52:33.942[Battery Energy]115.80
2019-09-05_00:52:33.942[Status]Selection Start.
2019-09-05_00:52:35.150[Status]Selection End: Do Task 1.
2019-09-05_00:52:35.264[Battery Energy]114.93
2019-09-05_00:52:35.264[Status]Formation Start.
2019-09-05_00:52:35.407[Status]Formation End: To Position 0.
2019-09-05_00:52:35.507[Battery Energy]114.79
2019-09-05_00:52:35.507[Status]Routing Start.
2019-09-05_00:52:35.681[Status]{'id': 14, 'coordinate': [67.3725626213664, 241.4864121828271]}
2019-09-05_00:52:35.681[Status]Routing 1: Walk: 1
2019-09-05_00:52:35.781[Battery Energy]114.58
2019-09-05_00:52:35.781[Status]Routing Start.
2019-09-05_00:52:35.967[Status]{'id': 14, 'coordinate': [76.7451252427328, 244.97282436565422]}
2019-09-05_00:52:35.967[Status]Routing 2: Walk: 2
2019-09-05_00:52:36.088[Battery Energy]114.38
2019-09-05_00:52:36.088[Status]Routing Start.
2019-09-05_00:52:36.287[Status]{'id': 14, 'coordinate': [86.1176878640992, 248.45923654848133]}
2019-09-05_00:52:36.287[Status]Routing 3: Walk: 3
2019-09-05_00:52:36.400[Battery Energy]114.16
2019-09-05_00:52:36.400[Status]Routing Start.
2019-09-05_00:52:36.661[Status]{'id': 14, 'coordinate': [95.4902504854656, 251.94564873130844]}
2019-09-05_00:52:36.662[Status]Routing 4: Walk: 4
2019-09-05_00:52:36.763[Battery Energy]113.87
2019-09-05_00:52:36.763[Status]Routing Start.
2019-09-05_00:52:37.010[Status]{'id': 14, 'coordinate': [104.862813106832, 255.43206091413555]}
2019-09-05_00:52:37.010[Status]Routing 5: Walk: 5
2019-09-05_00:52:37.111[Battery Energy]113.62
2019-09-05_00:52:37.111[Status]Routing Start.
2019-09-05_00:52:37.488[Status]{'id': 14, 'coordinate': [114.23537572819839, 258.91847309696266]}
2019-09-05_00:52:37.488[Status]Routing 6: Walk: 6
2019-09-05_00:52:37.596[Battery Energy]113.24
2019-09-05_00:52:37.596[Status]Routing Start.
2019-09-05_00:52:37.897[Status]{'id': 14, 'coordinate': [123.60793834956479, 262.40488527978977]}
2019-09-05_00:52:37.898[Status]Routing 7: Walk: 7
2019-09-05_00:52:38.013[Battery Energy]112.96
2019-09-05_00:52:38.013[Status]Routing Start.
2019-09-05_00:52:38.321[Status]{'id': 14, 'coordinate': [132.9805009709312, 265.8912974626169]}
2019-09-05_00:52:38.321[Status]Routing 8: Walk: 8
2019-09-05_00:52:38.421[Battery Energy]112.66
2019-09-05_00:52:38.421[Status]Routing Start.
2019-09-05_00:52:38.797[Status]{'id': 14, 'coordinate': [142.3530635922976, 269.377709645444]}
2019-09-05_00:52:38.798[Status]Routing 9: Walk: 9
2019-09-05_00:52:38.899[Battery Energy]112.36
2019-09-05_00:52:38.899[Status]Routing Start.
2019-09-05_00:52:39.322[Status]{'id': 14, 'coordinate': [151.725626213664, 272.8641218282711]}
2019-09-05_00:52:39.322[Status]Routing 10: Walk: 10
2019-09-05_00:52:39.423[Battery Energy]111.97
2019-09-05_00:52:39.423[Status]Routing Start.
2019-09-05_00:52:40.012[Status]Routing 11: Walk: 10
2019-09-05_00:52:40.114[Battery Energy]111.52
2019-09-05_00:52:40.114[Status]Routing Start.
2019-09-05_00:52:40.573[Status]Routing 12: Walk: 10
2019-09-05_00:52:40.673[Battery Energy]111.13
2019-09-05_00:52:40.673[Status]Routing Start.
2019-09-05_00:52:40.999[Status]Routing 13: Walk: 10
2019-09-05_00:52:41.106[Battery Energy]110.83
2019-09-05_00:52:41.107[Status]Routing Start.
2019-09-05_00:52:41.357[Status]{'id': 14, 'coordinate': [161.09818883503038, 276.3505340110982]}
2019-09-05_00:52:41.358[Status]Routing 14: Walk: 11
2019-09-05_00:52:41.458[Battery Energy]110.56
2019-09-05_00:52:41.458[Status]Routing Start.
2019-09-05_00:52:41.867[Status]{'id': 14, 'coordinate': [170.47075145639678, 279.8369461939253]}
2019-09-05_00:52:41.867[Status]Routing 15: Walk: 12
2019-09-05_00:52:41.972[Battery Energy]110.18
2019-09-05_00:52:41.972[Status]Routing Start.
2019-09-05_00:52:42.380[Status]{'id': 14, 'coordinate': [179.84331407776318, 283.3233583767524]}
2019-09-05_00:52:42.381[Status]Routing 16: Walk: 13
2019-09-05_00:52:42.488[Battery Energy]109.83
2019-09-05_00:52:42.488[Status]Routing Start.
2019-09-05_00:52:42.826[Status]{'id': 14, 'coordinate': [189.21587669912958, 286.80977055957953]}
2019-09-05_00:52:42.826[Status]Routing 17: Walk: 14
2019-09-05_00:52:42.926[Battery Energy]109.50
2019-09-05_00:52:42.926[Status]Routing Start.
2019-09-05_00:52:43.324[Status]{'id': 14, 'coordinate': [198.58843932049598, 290.29618274240664]}
2019-09-05_00:52:43.329[Status]Routing 18: Walk: 15
2019-09-05_00:52:43.440[Battery Energy]109.19
2019-09-05_00:52:43.440[Status]Routing Start.
2019-09-05_00:52:43.790[Status]{'id': 14, 'coordinate': [207.96100194186238, 293.78259492523375]}
2019-09-05_00:52:43.790[Status]Routing 19: Walk: 16
2019-09-05_00:52:43.892[Battery Energy]108.84
2019-09-05_00:52:43.892[Status]Routing Start.
2019-09-05_00:52:44.278[Status]{'id': 14, 'coordinate': [217.33356456322878, 297.26900710806086]}
2019-09-05_00:52:44.278[Status]Routing 20: Walk: 17
2019-09-05_00:52:44.378[Battery Energy]108.48
2019-09-05_00:52:44.378[Status]Routing Start.
2019-09-05_00:52:44.795[Status]{'id': 14, 'coordinate': [226.70612718459518, 300.75541929088797]}
2019-09-05_00:52:44.795[Status]Routing 21: Walk: 18
2019-09-05_00:52:44.896[Battery Energy]108.16
2019-09-05_00:52:44.896[Status]Routing Start.
2019-09-05_00:52:45.140[Status]{'id': 14, 'coordinate': [236.07868980596157, 304.2418314737151]}
2019-09-05_00:52:45.140[Status]Routing 22: Walk: 19
2019-09-05_00:52:45.240[Battery Energy]107.91
2019-09-05_00:52:45.241[Status]Routing Start.
2019-09-05_00:52:45.681[Status]{'id': 14, 'coordinate': [245.45125242732797, 307.7282436565422]}
2019-09-05_00:52:45.681[Status]Routing 23: Walk: 20
2019-09-05_00:52:45.795[Battery Energy]107.49
2019-09-05_00:52:45.795[Status]Routing Start.
2019-09-05_00:52:46.258[Status]{'id': 14, 'coordinate': [254.82381504869437, 311.2146558393693]}
2019-09-05_00:52:46.258[Status]Routing 24: Walk: 21
2019-09-05_00:52:46.371[Battery Energy]107.15
2019-09-05_00:52:46.371[Status]Routing Start.
2019-09-05_00:52:46.703[Status]{'id': 14, 'coordinate': [264.19637767006077, 314.7010680221964]}
2019-09-05_00:52:46.705[Status]Routing 25: Walk: 22
2019-09-05_00:52:46.805[Battery Energy]106.83
2019-09-05_00:52:46.805[Status]Routing Start.
2019-09-05_00:52:47.153[Status]{'id': 14, 'coordinate': [273.56894029142717, 318.1874802050235]}
2019-09-05_00:52:47.154[Status]Routing 26: Walk: 23
2019-09-05_00:52:47.261[Battery Energy]106.53
2019-09-05_00:52:47.261[Status]Routing Start.
2019-09-05_00:52:47.625[Status]{'id': 14, 'coordinate': [282.94150291279357, 321.67389238785063]}
2019-09-05_00:52:47.625[Status]Routing 27: Walk: 24
2019-09-05_00:52:47.740[Battery Energy]106.24
2019-09-05_00:52:47.740[Status]Routing Start.
2019-09-05_00:52:48.032[Status]{'id': 14, 'coordinate': [292.31406553415997, 325.16030457067774]}
2019-09-05_00:52:48.032[Status]Routing 28: Walk: 25
2019-09-05_00:52:48.132[Battery Energy]105.98
2019-09-05_00:52:48.132[Status]Routing Start.
2019-09-05_00:52:48.603[Status]{'id': 14, 'coordinate': [301.68662815552636, 328.64671675350485]}
2019-09-05_00:52:48.603[Status]Routing 29: Walk: 26
2019-09-05_00:52:48.720[Battery Energy]105.63
2019-09-05_00:52:48.720[Status]Routing Start.
2019-09-05_00:52:49.096[Status]{'id': 14, 'coordinate': [311.05919077689276, 332.13312893633196]}
2019-09-05_00:52:49.096[Status]Routing 30: Walk: 27
2019-09-05_00:52:49.212[Battery Energy]105.30
2019-09-05_00:52:49.212[Status]Routing Start.
2019-09-05_00:52:49.403[Status]{'id': 14, 'coordinate': [320.43175339825916, 335.61954111915907]}
2019-09-05_00:52:49.403[Status]Routing 31: Walk: 28
2019-09-05_00:52:49.512[Battery Energy]105.04
2019-09-05_00:52:49.513[Status]Routing Start.
2019-09-05_00:52:49.835[Status]{'id': 14, 'coordinate': [329.80431601962556, 339.1059533019862]}
2019-09-05_00:52:49.835[Status]Routing 32: Walk: 29
2019-09-05_00:52:49.940[Battery Energy]104.75
2019-09-05_00:52:49.940[Status]Routing Start.
2019-09-05_00:52:50.234[Status]{'id': 14, 'coordinate': [339.17687864099196, 342.5923654848133]}
2019-09-05_00:52:50.234[Status]Routing 33: Walk: 30
2019-09-05_00:52:50.335[Battery Energy]104.46
2019-09-05_00:52:50.335[Status]Routing Start.
2019-09-05_00:52:50.507[Status]{'id': 14, 'coordinate': [348.54944126235836, 346.0787776676404]}
2019-09-05_00:52:50.507[Status]Routing 34: Walk: 31
2019-09-05_00:52:50.613[Battery Energy]104.26
2019-09-05_00:52:50.613[Status]Routing Start.
2019-09-05_00:52:50.937[Status]{'id': 14, 'coordinate': [357.92200388372476, 349.5651898504675]}
2019-09-05_00:52:50.938[Status]Routing 35: Walk: 32
2019-09-05_00:52:51.048[Battery Energy]103.97
2019-09-05_00:52:51.048[Status]Routing Start.
2019-09-05_00:52:51.388[Status]{'id': 14, 'coordinate': [367.29456650509115, 353.0516020332946]}
2019-09-05_00:52:51.388[Status]Routing 36: Walk: 33
2019-09-05_00:52:51.489[Battery Energy]103.69
2019-09-05_00:52:51.489[Status]Routing Start.
2019-09-05_00:52:51.861[Status]{'id': 14, 'coordinate': [376.66712912645755, 356.5380142161217]}
2019-09-05_00:52:51.861[Status]Routing 37: Walk: 34
2019-09-05_00:52:51.961[Battery Energy]103.39
2019-09-05_00:52:51.961[Status]Routing Start.
2019-09-05_00:52:52.338[Status]{'id': 14, 'coordinate': [386.03969174782395, 360.02442639894883]}
2019-09-05_00:52:52.338[Status]Routing 38: Walk: 35
2019-09-05_00:52:52.438[Battery Energy]103.07
2019-09-05_00:52:52.438[Status]Routing Start.
2019-09-05_00:52:52.789[Status]{'id': 14, 'coordinate': [395.41225436919035, 363.51083858177594]}
2019-09-05_00:52:52.791[Status]Routing 39: Walk: 36
2019-09-05_00:52:52.896[Battery Energy]102.77
2019-09-05_00:52:52.896[Status]Routing Start.
2019-09-05_00:52:53.229[Status]{'id': 14, 'coordinate': [404.78481699055675, 366.99725076460305]}
2019-09-05_00:52:53.235[Status]Routing 40: Walk: 37
2019-09-05_00:52:53.344[Battery Energy]102.48
2019-09-05_00:52:53.344[Status]Routing Start.
2019-09-05_00:52:53.719[Status]{'id': 14, 'coordinate': [414.15737961192315, 370.48366294743016]}
2019-09-05_00:52:53.719[Status]Routing 41: Walk: 38
2019-09-05_00:52:53.836[Battery Energy]102.18
2019-09-05_00:52:53.836[Status]Routing Start.
2019-09-05_00:52:54.098[Status]{'id': 14, 'coordinate': [423.52994223328955, 373.97007513025727]}
2019-09-05_00:52:54.098[Status]Routing 42: Walk: 39
2019-09-05_00:52:54.199[Battery Energy]101.92
2019-09-05_00:52:54.199[Status]Routing Start.
2019-09-05_00:52:54.415[Status]{'id': 14, 'coordinate': [432.90250485465594, 377.4564873130844]}
2019-09-05_00:52:54.415[Status]Routing 43: Walk: 40
2019-09-05_00:52:54.540[Battery Energy]101.69
2019-09-05_00:52:54.540[Status]Routing Start.
2019-09-05_00:52:54.852[Status]{'id': 14, 'coordinate': [442.27506747602234, 380.9428994959115]}
2019-09-05_00:52:54.852[Status]Routing 44: Walk: 41
2019-09-05_00:52:54.956[Battery Energy]101.37
2019-09-05_00:52:54.956[Status]Routing Start.
2019-09-05_00:52:55.125[Status]{'id': 14, 'coordinate': [451.64763009738874, 384.4293116787386]}
2019-09-05_00:52:55.125[Status]Routing 45: Walk: 42
2019-09-05_00:52:55.225[Battery Energy]101.17
2019-09-05_00:52:55.225[Status]Routing Start.
2019-09-05_00:52:55.470[Status]{'id': 14, 'coordinate': [461.02019271875514, 387.9157238615657]}
2019-09-05_00:52:55.470[Status]Routing 46: Walk: 43
2019-09-05_00:52:55.592[Battery Energy]100.92
2019-09-05_00:52:55.592[Status]Routing Start.
2019-09-05_00:52:55.751[Status]{'id': 14, 'coordinate': [470.39275534012154, 391.4021360443928]}
2019-09-05_00:52:55.752[Status]Routing 47: Walk: 44
2019-09-05_00:52:55.864[Battery Energy]100.71
2019-09-05_00:52:55.864[Status]Routing Start.
2019-09-05_00:52:56.229[Status]{'id': 14, 'coordinate': [479.76531796148794, 394.8885482272199]}
2019-09-05_00:52:56.229[Status]Routing 48: Walk: 45
2019-09-05_00:52:56.332[Battery Energy]100.38
2019-09-05_00:52:56.332[Status]Routing Start.
2019-09-05_00:52:56.693[Status]{'id': 14, 'coordinate': [489.13788058285434, 398.37496041004704]}
2019-09-05_00:52:56.694[Status]Routing 49: Walk: 46
2019-09-05_00:52:56.796[Battery Energy]100.03
2019-09-05_00:52:56.796[Status]Routing Start.
2019-09-05_00:52:57.113[Status]{'id': 14, 'coordinate': [498.51044320422073, 401.86137259287415]}
2019-09-05_00:52:57.113[Status]Routing 50: Walk: 47
2019-09-05_00:52:57.232[Battery Energy]99.71
2019-09-05_00:52:57.232[Status]Routing Start.
2019-09-05_00:52:57.382[Status]{'id': 14, 'coordinate': [507.88300582558713, 405.34778477570126]}
2019-09-05_00:52:57.382[Status]Routing 51: Walk: 48
2019-09-05_00:52:57.492[Battery Energy]99.50
2019-09-05_00:52:57.492[Status]Routing Start.
2019-09-05_00:52:57.660[Status]{'id': 14, 'coordinate': [517.2555684469536, 408.83419695852837]}
2019-09-05_00:52:57.660[Status]Routing 52: Walk: 49
2019-09-05_00:52:57.764[Battery Energy]99.28
2019-09-05_00:52:57.764[Status]Routing Start.
2019-09-05_00:52:58.136[Status]{'id': 14, 'coordinate': [526.62813106832, 412.3206091413555]}
2019-09-05_00:52:58.138[Status]Routing 53: Walk: 50
2019-09-05_00:52:58.244[Battery Energy]98.96
2019-09-05_00:52:58.244[Status]Routing Start.
2019-09-05_00:52:58.440[Status]{'id': 14, 'coordinate': [536.0006936896865, 415.8070213241826]}
2019-09-05_00:52:58.440[Status]Routing 54: Walk: 51
2019-09-05_00:52:58.545[Battery Energy]98.71
2019-09-05_00:52:58.545[Status]Routing Start.
2019-09-05_00:52:58.784[Status]{'id': 14, 'coordinate': [545.373256311053, 419.2934335070097]}
2019-09-05_00:52:58.784[Status]Routing 55: Walk: 52
2019-09-05_00:52:58.888[Battery Energy]98.46
2019-09-05_00:52:58.888[Status]Routing Start.
2019-09-05_00:52:59.066[Status]{'id': 14, 'coordinate': [554.7458189324194, 422.7798456898368]}
2019-09-05_00:52:59.066[Status]Routing 56: Walk: 53
2019-09-05_00:52:59.166[Battery Energy]98.26
2019-09-05_00:52:59.166[Status]Routing Start.
2019-09-05_00:52:59.671[Status]{'id': 14, 'coordinate': [564.1183815537859, 426.2662578726639]}
2019-09-05_00:52:59.671[Status]Routing 57: Walk: 54
2019-09-05_00:52:59.771[Battery Energy]97.91
2019-09-05_00:52:59.771[Status]Routing Start.
2019-09-05_00:53:00.136[Status]{'id': 14, 'coordinate': [573.4909441751523, 429.752670055491]}
2019-09-05_00:53:00.136[Status]Routing 58: Walk: 55
2019-09-05_00:53:00.240[Battery Energy]97.61
2019-09-05_00:53:00.240[Status]Routing Start.
2019-09-05_00:53:00.602[Status]{'id': 14, 'coordinate': [582.8635067965188, 433.23908223831813]}
2019-09-05_00:53:00.603[Status]Routing 59: Walk: 56
2019-09-05_00:53:00.716[Battery Energy]97.26
2019-09-05_00:53:00.716[Status]Routing Start.
2019-09-05_00:53:00.945[Status]{'id': 14, 'coordinate': [592.2360694178852, 436.72549442114524]}
2019-09-05_00:53:00.945[Status]Routing 60: Walk: 57
2019-09-05_00:53:01.064[Battery Energy]97.02
2019-09-05_00:53:01.064[Status]Routing Start.
2019-09-05_00:53:01.266[Status]{'id': 14, 'coordinate': [601.6086320392517, 440.21190660397235]}
2019-09-05_00:53:01.266[Status]Routing 61: Walk: 58
2019-09-05_00:53:01.367[Battery Energy]96.79
2019-09-05_00:53:01.367[Status]Routing Start.
2019-09-05_00:53:01.565[Status]{'id': 14, 'coordinate': [610.9811946606181, 443.69831878679946]}
2019-09-05_00:53:01.565[Status]Routing 62: Walk: 59
2019-09-05_00:53:01.680[Battery Energy]96.59
2019-09-05_00:53:01.680[Status]Routing Start.
2019-09-05_00:53:01.867[Status]{'id': 14, 'coordinate': [620.3537572819846, 447.18473096962657]}
2019-09-05_00:53:01.867[Status]Routing 63: Walk: 60
2019-09-05_00:53:01.968[Battery Energy]96.36
2019-09-05_00:53:01.968[Status]Routing Start.
2019-09-05_00:53:02.130[Status]{'id': 14, 'coordinate': [629.726319903351, 450.6711431524537]}
2019-09-05_00:53:02.130[Status]Routing 64: Walk: 61
2019-09-05_00:53:02.244[Battery Energy]96.13
2019-09-05_00:53:02.244[Status]Routing Start.
2019-09-05_00:53:02.391[Status]{'id': 14, 'coordinate': [639.0988825247175, 454.1575553352808]}
2019-09-05_00:53:02.391[Status]Routing 65: Walk: 62
2019-09-05_00:53:02.506[Battery Energy]95.93
2019-09-05_00:53:02.506[Status]Routing Start.
2019-09-05_00:53:02.664[Status]{'id': 14, 'coordinate': [648.4714451460839, 457.6439675181079]}
2019-09-05_00:53:02.665[Status]Routing 66: Walk: 63
2019-09-05_00:53:02.765[Battery Energy]95.71
2019-09-05_00:53:02.765[Status]Routing Start.
2019-09-05_00:53:03.159[Status]{'id': 14, 'coordinate': [657.8440077674503, 461.130379700935]}
2019-09-05_00:53:03.159[Status]Routing 67: Walk: 64
2019-09-05_00:53:03.259[Battery Energy]95.42
2019-09-05_00:53:03.259[Status]Routing Start.
2019-09-05_00:53:03.497[Status]{'id': 14, 'coordinate': [667.2165703888168, 464.6167918837621]}
2019-09-05_00:53:03.497[Status]Routing 68: Walk: 65
2019-09-05_00:53:03.618[Battery Energy]95.16
2019-09-05_00:53:03.619[Status]Routing Start.
2019-09-05_00:53:03.778[Status]{'id': 14, 'coordinate': [676.5891330101832, 468.1032040665892]}
2019-09-05_00:53:03.778[Status]Routing 69: Walk: 66
2019-09-05_00:53:03.880[Battery Energy]94.96
2019-09-05_00:53:03.880[Status]Routing Start.
2019-09-05_00:53:04.068[Status]{'id': 14, 'coordinate': [685.9616956315497, 471.58961624941634]}
2019-09-05_00:53:04.068[Status]Routing 70: Walk: 67
2019-09-05_00:53:04.172[Battery Energy]94.72
2019-09-05_00:53:04.172[Status]Routing Start.
2019-09-05_00:53:04.338[Status]{'id': 14, 'coordinate': [695.3342582529161, 475.07602843224345]}
2019-09-05_00:53:04.338[Status]Routing 71: Walk: 68
2019-09-05_00:53:04.456[Battery Energy]94.50
2019-09-05_00:53:04.456[Status]Routing Start.
2019-09-05_00:53:04.607[Status]{'id': 14, 'coordinate': [704.7068208742826, 478.56244061507056]}
2019-09-05_00:53:04.608[Status]Routing 72: Walk: 69
2019-09-05_00:53:04.708[Battery Energy]94.32
2019-09-05_00:53:04.708[Status]Routing Start.
2019-09-05_00:53:04.935[Status]{'id': 14, 'coordinate': [714.0793834956489, 482.04885279789767]}
2019-09-05_00:53:04.935[Status]Routing 73: Walk: 70
2019-09-05_00:53:05.035[Battery Energy]94.06
2019-09-05_00:53:05.035[Status]Routing Start.
2019-09-05_00:53:05.249[Status]{'id': 14, 'coordinate': [723.4519461170154, 485.5352649807248]}
2019-09-05_00:53:05.249[Status]Routing 74: Walk: 71
2019-09-05_00:53:05.349[Battery Energy]93.88
2019-09-05_00:53:05.349[Status]Routing Start.
2019-09-05_00:53:05.614[Status]{'id': 14, 'coordinate': [732.8245087383818, 489.0216771635519]}
2019-09-05_00:53:05.615[Status]Routing 75: Walk: 72
2019-09-05_00:53:05.715[Battery Energy]93.63
2019-09-05_00:53:05.715[Status]Routing Start.
2019-09-05_00:53:05.891[Status]{'id': 14, 'coordinate': [742.1970713597482, 492.508089346379]}
2019-09-05_00:53:05.897[Status]Routing 76: Walk: 73
2019-09-05_00:53:06.004[Battery Energy]93.39
2019-09-05_00:53:06.004[Status]Routing Start.
2019-09-05_00:53:06.191[Status]{'id': 14, 'coordinate': [751.5696339811145, 495.9945015292061]}
2019-09-05_00:53:06.191[Status]Routing 77: Walk: 74
2019-09-05_00:53:06.292[Battery Energy]93.19
2019-09-05_00:53:06.292[Status]Routing Start.
2019-09-05_00:53:06.513[Status]{'id': 14, 'coordinate': [760.9421966024809, 499.4809137120332]}
2019-09-05_00:53:06.513[Status]Routing 78: Walk: 75
2019-09-05_00:53:06.628[Battery Energy]92.94
2019-09-05_00:53:06.628[Status]Routing Start.
2019-09-05_00:53:06.793[Status]{'id': 14, 'coordinate': [770.3147592238472, 502.9673258948603]}
2019-09-05_00:53:06.794[Status]Routing 79: Walk: 76
2019-09-05_00:53:06.894[Battery Energy]92.73
2019-09-05_00:53:06.894[Status]Routing Start.
2019-09-05_00:53:07.064[Status]{'id': 14, 'coordinate': [779.6873218452135, 506.45373807768743]}
2019-09-05_00:53:07.064[Status]Routing 80: Walk: 77
2019-09-05_00:53:07.164[Battery Energy]92.50
2019-09-05_00:53:07.164[Status]Routing Start.
2019-09-05_00:53:07.364[Status]{'id': 14, 'coordinate': [789.0598844665799, 509.94015026051454]}
2019-09-05_00:53:07.364[Status]Routing 81: Walk: 78
2019-09-05_00:53:07.480[Battery Energy]92.28
2019-09-05_00:53:07.480[Status]Routing Start.
2019-09-05_00:53:07.650[Status]{'id': 14, 'coordinate': [798.4324470879462, 513.4265624433417]}
2019-09-05_00:53:07.651[Status]Routing 82: Walk: 79
2019-09-05_00:53:07.754[Battery Energy]92.06
2019-09-05_00:53:07.754[Status]Routing Start.
2019-09-05_00:53:07.948[Status]{'id': 14, 'coordinate': [807.8050097093126, 516.9129746261689]}
2019-09-05_00:53:07.948[Status]Routing 83: Walk: 80
2019-09-05_00:53:08.049[Battery Energy]91.83
2019-09-05_00:53:08.049[Status]Routing Start.
2019-09-05_00:53:08.261[Status]{'id': 14, 'coordinate': [817.177572330679, 520.399386808996]}
2019-09-05_00:53:08.261[Status]Routing 84: Walk: 81
2019-09-05_00:53:08.361[Battery Energy]91.62
2019-09-05_00:53:08.362[Status]Routing Start.
2019-09-05_00:53:08.661[Status]{'id': 14, 'coordinate': [826.5501349520455, 523.8857989918232]}
2019-09-05_00:53:08.662[Status]Routing 85: Walk: 82
2019-09-05_00:53:08.772[Battery Energy]91.40
2019-09-05_00:53:08.772[Status]Routing Start.
2019-09-05_00:53:08.952[Status]{'id': 14, 'coordinate': [835.9226975734119, 527.3722111746504]}
2019-09-05_00:53:08.952[Status]Routing 86: Walk: 83
2019-09-05_00:53:09.072[Battery Energy]91.18
2019-09-05_00:53:09.072[Status]Routing Start.
2019-09-05_00:53:09.318[Status]{'id': 14, 'coordinate': [845.2952601947784, 530.8586233574775]}
2019-09-05_00:53:09.318[Status]Routing 87: Walk: 84
2019-09-05_00:53:09.436[Battery Energy]90.91
2019-09-05_00:53:09.436[Status]Routing Start.
2019-09-05_00:53:09.594[Status]{'id': 14, 'coordinate': [854.6678228161448, 534.3450355403047]}
2019-09-05_00:53:09.594[Status]Routing 88: Walk: 85
2019-09-05_00:53:09.694[Battery Energy]90.69
2019-09-05_00:53:09.694[Status]Routing Start.
2019-09-05_00:53:09.866[Status]{'id': 14, 'coordinate': [864.0403854375113, 537.8314477231319]}
2019-09-05_00:53:09.866[Status]Routing 89: Walk: 86
2019-09-05_00:53:09.976[Battery Energy]90.47
2019-09-05_00:53:09.976[Status]Routing Start.
2019-09-05_00:53:10.115[Status]{'id': 14, 'coordinate': [873.4129480588778, 541.317859905959]}
2019-09-05_00:53:10.115[Status]Routing 90: Walk: 87
2019-09-05_00:53:10.223[Battery Energy]90.27
2019-09-05_00:53:10.223[Status]Routing Start.
2019-09-05_00:53:10.381[Status]{'id': 14, 'coordinate': [882.7855106802442, 544.8042720887862]}
2019-09-05_00:53:10.381[Status]Routing 91: Walk: 88
2019-09-05_00:53:10.482[Battery Energy]90.07
2019-09-05_00:53:10.482[Status]Routing Start.
2019-09-05_00:53:10.623[Status]{'id': 14, 'coordinate': [892.1580733016107, 548.2906842716134]}
2019-09-05_00:53:10.623[Status]Routing 92: Walk: 89
2019-09-05_00:53:10.724[Battery Energy]89.86
2019-09-05_00:53:10.724[Status]Routing Start.
2019-09-05_00:53:10.892[Status]{'id': 14, 'coordinate': [901.5306359229771, 551.7770964544405]}
2019-09-05_00:53:10.892[Status]Routing 93: Walk: 90
2019-09-05_00:53:11.000[Battery Energy]89.67
2019-09-05_00:53:11.000[Status]Routing Start.
2019-09-05_00:53:11.196[Status]{'id': 14, 'coordinate': [910.9031985443436, 555.2635086372677]}
2019-09-05_00:53:11.196[Status]Routing 94: Walk: 91
2019-09-05_00:53:11.306[Battery Energy]89.48
2019-09-05_00:53:11.306[Status]Routing Start.
2019-09-05_00:53:11.441[Status]{'id': 14, 'coordinate': [920.27576116571, 558.7499208200949]}
2019-09-05_00:53:11.441[Status]Routing 95: Walk: 92
2019-09-05_00:53:11.542[Battery Energy]89.29
2019-09-05_00:53:11.542[Status]Routing Start.
2019-09-05_00:53:11.698[Status]{'id': 14, 'coordinate': [929.6483237870765, 562.236333002922]}
2019-09-05_00:53:11.698[Status]Routing 96: Walk: 93
2019-09-05_00:53:11.799[Battery Energy]89.06
2019-09-05_00:53:11.799[Status]Routing Start.
2019-09-05_00:53:12.060[Status]{'id': 14, 'coordinate': [939.020886408443, 565.7227451857492]}
2019-09-05_00:53:12.060[Status]Routing 97: Walk: 94
2019-09-05_00:53:12.161[Battery Energy]88.82
2019-09-05_00:53:12.161[Status]Routing Start.
2019-09-05_00:53:12.444[Status]{'id': 14, 'coordinate': [948.3934490298094, 569.2091573685764]}
2019-09-05_00:53:12.444[Status]Routing 98: Walk: 95
2019-09-05_00:53:12.544[Battery Energy]88.56
2019-09-05_00:53:12.544[Status]Routing Start.
2019-09-05_00:53:12.719[Status]{'id': 14, 'coordinate': [957.7660116511759, 572.6955695514035]}
2019-09-05_00:53:12.719[Status]Routing 99: Walk: 96
2019-09-05_00:53:12.820[Battery Energy]88.35
2019-09-05_00:53:12.820[Status]Routing Start.
2019-09-05_00:53:13.088[Status]{'id': 14, 'coordinate': [967.1385742725423, 576.1819817342307]}
2019-09-05_00:53:13.088[Status]Routing 100: Walk: 97
2019-09-05_00:53:13.196[Battery Energy]88.08
2019-09-05_00:53:13.196[Status]Routing Start.
2019-09-05_00:53:13.358[Status]{'id': 14, 'coordinate': [976.5111368939088, 579.6683939170579]}
2019-09-05_00:53:13.358[Status]Routing 101: Walk: 98
2019-09-05_00:53:13.458[Battery Energy]87.83
2019-09-05_00:53:13.458[Status]Routing Start.
2019-09-05_00:53:13.825[Status]{'id': 14, 'coordinate': [985.8836995152752, 583.154806099885]}
2019-09-05_00:53:13.825[Status]Routing 102: Walk: 99
2019-09-05_00:53:13.925[Battery Energy]87.51
2019-09-05_00:53:13.925[Status]Routing Start.
2019-09-05_00:53:14.103[Status]{'id': 14, 'coordinate': [995.2562621366417, 586.6412182827122]}
2019-09-05_00:53:14.103[Status]Routing 103: Walk: 100
2019-09-05_00:53:14.212[Battery Energy]87.30
2019-09-05_00:53:14.212[Status]Routing Start.
2019-09-05_00:53:14.645[Status]{'id': 14, 'coordinate': [1004.6288247580081, 590.1276304655394]}
2019-09-05_00:53:14.645[Status]Routing 104: Walk: 101
2019-09-05_00:53:14.745[Battery Energy]86.93
2019-09-05_00:53:14.745[Status]Routing Start.
2019-09-05_00:53:15.041[Status]{'id': 14, 'coordinate': [1014.0013873793746, 593.6140426483665]}
2019-09-05_00:53:15.041[Status]Routing 105: Walk: 102
2019-09-05_00:53:15.142[Battery Energy]86.60
2019-09-05_00:53:15.142[Status]Routing Start.
2019-09-05_00:53:15.316[Status]{'id': 14, 'coordinate': [1023.373950000741, 597.1004548311937]}
2019-09-05_00:53:15.316[Status]Routing 106: Walk: 103
2019-09-05_00:53:15.436[Battery Energy]86.39
2019-09-05_00:53:15.436[Status]Routing Start.
2019-09-05_00:53:15.824[Status]{'id': 14, 'coordinate': [1032.7465126221075, 600.5868670140209]}
2019-09-05_00:53:15.825[Status]Routing 107: Walk: 104
2019-09-05_00:53:15.932[Battery Energy]86.11
2019-09-05_00:53:15.932[Status]Routing Start.
2019-09-05_00:53:16.243[Status]{'id': 14, 'coordinate': [1042.1190752434738, 604.073279196848]}
2019-09-05_00:53:16.243[Status]Routing 108: Walk: 105
2019-09-05_00:53:16.343[Battery Energy]85.78
2019-09-05_00:53:16.343[Status]Routing Start.
2019-09-05_00:53:16.697[Status]{'id': 14, 'coordinate': [1051.4916378648402, 607.5596913796751]}
2019-09-05_00:53:16.697[Status]Routing 109: Walk: 106
2019-09-05_00:53:16.798[Battery Energy]85.49
2019-09-05_00:53:16.798[Status]Routing Start.
2019-09-05_00:53:17.154[Status]{'id': 14, 'coordinate': [1060.8642004862065, 611.0461035625021]}
2019-09-05_00:53:17.154[Status]Routing 110: Walk: 107
2019-09-05_00:53:17.260[Battery Energy]85.17
2019-09-05_00:53:17.260[Status]Routing Start.
2019-09-05_00:53:17.577[Status]{'id': 14, 'coordinate': [1070.2367631075729, 614.5325157453292]}
2019-09-05_00:53:17.577[Status]Routing 111: Walk: 108
2019-09-05_00:53:17.678[Battery Energy]84.88
2019-09-05_00:53:17.678[Status]Routing Start.
2019-09-05_00:53:17.862[Status]{'id': 14, 'coordinate': [1079.6093257289392, 618.0189279281564]}
2019-09-05_00:53:17.863[Status]Routing 112: Walk: 109
2019-09-05_00:53:17.980[Battery Energy]84.67
2019-09-05_00:53:17.980[Status]Routing Start.
2019-09-05_00:53:18.345[Status]{'id': 14, 'coordinate': [1088.9818883503056, 621.5053401109834]}
2019-09-05_00:53:18.345[Status]Routing 113: Walk: 110
2019-09-05_00:53:18.448[Battery Energy]84.35
2019-09-05_00:53:18.448[Status]Routing Start.
2019-09-05_00:53:18.824[Status]{'id': 14, 'coordinate': [1098.354450971672, 624.9917522938105]}
2019-09-05_00:53:18.824[Status]Routing 114: Walk: 111
2019-09-05_00:53:18.928[Battery Energy]84.06
2019-09-05_00:53:18.928[Status]Routing Start.
2019-09-05_00:53:19.101[Status]{'id': 14, 'coordinate': [1107.7270135930382, 628.4781644766376]}
2019-09-05_00:53:19.101[Status]Routing 115: Walk: 112
2019-09-05_00:53:19.208[Battery Energy]83.85
2019-09-05_00:53:19.208[Status]Routing Start.
2019-09-05_00:53:19.546[Status]{'id': 14, 'coordinate': [1117.0995762144046, 631.9645766594647]}
2019-09-05_00:53:19.546[Status]Routing 116: Walk: 113
2019-09-05_00:53:19.647[Battery Energy]83.52
2019-09-05_00:53:19.647[Status]Routing Start.
2019-09-05_00:53:20.160[Status]Routing 117: Walk: 113
2019-09-05_00:53:20.260[Battery Energy]83.16
2019-09-05_00:53:20.260[Status]Routing Start.
2019-09-05_00:53:20.448[Status]{'id': 14, 'coordinate': [1126.472138835771, 635.4509888422917]}
2019-09-05_00:53:20.448[Status]Routing 118: Walk: 114
2019-09-05_00:53:20.549[Battery Energy]82.93
2019-09-05_00:53:20.549[Status]Routing Start.
2019-09-05_00:53:21.117[Status]Routing 119: Walk: 114
2019-09-05_00:53:21.217[Battery Energy]82.48
2019-09-05_00:53:21.217[Status]Routing Start.
2019-09-05_00:53:21.423[Status]{'id': 14, 'coordinate': [1135.8447014571373, 638.9374010251188]}
2019-09-05_00:53:21.423[Status]Routing 120: Walk: 115
2019-09-05_00:53:21.532[Battery Energy]82.23
2019-09-05_00:53:21.532[Status]Routing Start.
2019-09-05_00:53:21.855[Status]{'id': 14, 'coordinate': [1145.2172640785036, 642.423813207946]}
2019-09-05_00:53:21.855[Status]Routing 121: Walk: 116
2019-09-05_00:53:21.964[Battery Energy]81.94
2019-09-05_00:53:21.964[Status]Routing Start.
2019-09-05_00:53:22.126[Status]{'id': 14, 'coordinate': [1154.58982669987, 645.910225390773]}
2019-09-05_00:53:22.126[Status]Routing 122: Walk: 117
2019-09-05_00:53:22.260[Battery Energy]81.75
2019-09-05_00:53:22.260[Status]Routing Start.
2019-09-05_00:53:22.493[Status]{'id': 14, 'coordinate': [1163.9623893212363, 649.3966375736001]}
2019-09-05_00:53:22.493[Status]Routing 123: Walk: 118
2019-09-05_00:53:22.593[Battery Energy]81.54
2019-09-05_00:53:22.593[Status]Routing Start.
2019-09-05_00:53:22.799[Status]{'id': 14, 'coordinate': [1173.3349519426026, 652.8830497564272]}
2019-09-05_00:53:22.799[Status]Routing 124: Walk: 119
2019-09-05_00:53:22.899[Battery Energy]81.32
2019-09-05_00:53:22.899[Status]Routing Start.
2019-09-05_00:53:23.166[Status]{'id': 14, 'coordinate': [1182.707514563969, 656.3694619392543]}
2019-09-05_00:53:23.166[Status]Routing 125: Walk: 120
2019-09-05_00:53:23.270[Battery Energy]81.02
2019-09-05_00:53:23.270[Status]Routing Start.
2019-09-05_00:53:23.482[Status]{'id': 14, 'coordinate': [1192.0800771853353, 659.8558741220813]}
2019-09-05_00:53:23.482[Status]Routing 126: Walk: 121
2019-09-05_00:53:23.582[Battery Energy]80.76
2019-09-05_00:53:23.582[Status]Routing Start.
2019-09-05_00:53:23.745[Status]{'id': 14, 'coordinate': [1201.4526398067017, 663.3422863049085]}
2019-09-05_00:53:23.745[Status]Routing 127: Walk: 122
2019-09-05_00:53:23.845[Battery Energy]80.57
2019-09-05_00:53:23.845[Status]Routing Start.
2019-09-05_00:53:24.004[Status]{'id': 14, 'coordinate': [1210.825202428068, 666.8286984877356]}
2019-09-05_00:53:24.004[Status]Routing 128: Walk: 123
2019-09-05_00:53:24.104[Battery Energy]80.35
2019-09-05_00:53:24.104[Status]Routing Start.
2019-09-05_00:53:24.377[Status]{'id': 14, 'coordinate': [1220.1977650494343, 670.3151106705626]}
2019-09-05_00:53:24.377[Status]Routing 129: Walk: 124
2019-09-05_00:53:24.488[Battery Energy]80.08
2019-09-05_00:53:24.488[Status]Routing Start.
2019-09-05_00:53:24.679[Status]{'id': 14, 'coordinate': [1229.5703276708007, 673.8015228533897]}
2019-09-05_00:53:24.679[Status]Routing 130: Walk: 125
2019-09-05_00:53:24.792[Battery Energy]79.85
2019-09-05_00:53:24.792[Status]Routing Start.
2019-09-05_00:53:25.023[Status]{'id': 14, 'coordinate': [1238.942890292167, 677.2879350362168]}
2019-09-05_00:53:25.023[Status]Routing 131: Walk: 126
2019-09-05_00:53:25.140[Battery Energy]79.57
2019-09-05_00:53:25.140[Status]Routing Start.
2019-09-05_00:53:25.325[Status]{'id': 14, 'coordinate': [1248.3154529135334, 680.7743472190439]}
2019-09-05_00:53:25.325[Status]Routing 132: Walk: 127
2019-09-05_00:53:25.436[Battery Energy]79.35
2019-09-05_00:53:25.436[Status]Routing Start.
2019-09-05_00:53:25.719[Status]{'id': 14, 'coordinate': [1257.6880155348997, 684.2607594018709]}
2019-09-05_00:53:25.719[Status]Routing 133: Walk: 128
2019-09-05_00:53:25.828[Battery Energy]79.04
2019-09-05_00:53:25.828[Status]Routing Start.
2019-09-05_00:53:26.005[Status]{'id': 14, 'coordinate': [1267.060578156266, 687.7471715846981]}
2019-09-05_00:53:26.005[Status]Routing 134: Walk: 129
2019-09-05_00:53:26.120[Battery Energy]78.82
2019-09-05_00:53:26.120[Status]Routing Start.
2019-09-05_00:53:26.324[Status]{'id': 14, 'coordinate': [1276.4331407776324, 691.2335837675251]}
2019-09-05_00:53:26.325[Status]Routing 135: Walk: 130
2019-09-05_00:53:26.440[Battery Energy]78.61
2019-09-05_00:53:26.440[Status]Routing Start.
2019-09-05_00:53:26.651[Status]{'id': 14, 'coordinate': [1285.8057033989987, 694.7199959503522]}
2019-09-05_00:53:26.651[Status]Routing 136: Walk: 131
2019-09-05_00:53:26.760[Battery Energy]78.39
2019-09-05_00:53:26.760[Status]Routing Start.
2019-09-05_00:53:26.935[Status]{'id': 14, 'coordinate': [1295.178266020365, 698.2064081331793]}
2019-09-05_00:53:26.935[Status]Routing 137: Walk: 132
2019-09-05_00:53:27.035[Battery Energy]78.19
2019-09-05_00:53:27.035[Status]Routing Start.
2019-09-05_00:53:27.035[Status]Task Finished.
2019-09-05_00:53:27.135[Battery Energy]78.19
2019-09-05_00:53:27.318[Status]Routing 139: Walk: 132
2019-09-05_00:53:27.428[Battery Energy]78.05
2019-09-05_00:53:27.671[Status]Routing 140: Walk: 132
2019-09-05_00:53:27.788[Battery Energy]77.93
2019-09-05_00:53:27.953[Status]Routing 141: Walk: 132
2019-09-05_00:53:28.053[Battery Energy]77.80
2019-09-05_00:53:28.252[Status]Routing 142: Walk: 132
2019-09-05_00:53:28.360[Battery Energy]77.67
2019-09-05_00:53:28.558[Status]Routing 143: Walk: 132
2019-09-05_00:53:28.659[Battery Energy]77.54
2019-09-05_00:53:28.826[Status]Routing 144: Walk: 132
2019-09-05_00:53:28.944[Battery Energy]77.44
2019-09-05_00:53:29.112[Status]Routing 145: Walk: 132
2019-09-05_00:53:29.220[Battery Energy]77.31
2019-09-05_00:53:29.408[Status]Routing 146: Walk: 132
2019-09-05_00:53:29.512[Battery Energy]77.20
2019-09-05_00:53:29.791[Status]Routing 147: Walk: 132
2019-09-05_00:53:29.904[Battery Energy]77.07
2019-09-05_00:53:30.133[Status]Routing 148: Walk: 132
2019-09-05_00:53:30.244[Battery Energy]76.95
2019-09-05_00:53:30.460[Status]Routing 149: Walk: 132
2019-09-05_00:53:30.566[Battery Energy]76.83
2019-09-05_00:53:30.724[Status]Routing 150: Walk: 132
2019-09-05_00:53:30.828[Battery Energy]76.74
2019-09-05_00:53:31.017[Status]Routing 151: Walk: 132
2019-09-05_00:53:31.118[Battery Energy]76.63
2019-09-05_00:53:31.282[Status]Routing 152: Walk: 132
2019-09-05_00:53:31.388[Battery Energy]76.50
2019-09-05_00:53:31.566[Status]Routing 153: Walk: 132
2019-09-05_00:53:31.667[Battery Energy]76.39
2019-09-05_00:53:31.886[Status]Routing 154: Walk: 132
2019-09-05_00:53:31.992[Battery Energy]76.21
2019-09-05_00:53:32.272[Status]Routing 155: Walk: 132
2019-09-05_00:53:32.372[Battery Energy]76.05
2019-09-05_00:53:32.508[Status]Routing 156: Walk: 132
2019-09-05_00:53:32.613[Battery Energy]75.94
2019-09-05_00:53:32.881[Status]Routing 157: Walk: 132
2019-09-05_00:53:32.982[Battery Energy]75.82
2019-09-05_00:53:33.259[Status]Routing 158: Walk: 132
2019-09-05_00:53:33.364[Battery Energy]75.62
2019-09-05_00:53:33.563[Status]Routing 159: Walk: 132
2019-09-05_00:53:33.676[Battery Energy]75.52
2019-09-05_00:53:33.811[Status]Routing 160: Walk: 132
2019-09-05_00:53:33.932[Battery Energy]75.40
2019-09-05_00:53:34.111[Status]Routing 161: Walk: 132
2019-09-05_00:53:34.228[Battery Energy]75.30
2019-09-05_00:53:34.410[Status]Routing 162: Walk: 132
2019-09-05_00:53:34.510[Battery Energy]75.18
2019-09-05_00:53:34.685[Status]Routing 163: Walk: 132
2019-09-05_00:53:34.796[Battery Energy]75.04
2019-09-05_00:53:34.960[Status]Routing 164: Walk: 132
2019-09-05_00:53:35.084[Battery Energy]74.87
2019-09-05_00:53:35.296[Status]Routing 165: Walk: 132
2019-09-05_00:53:35.404[Battery Energy]74.77
2019-09-05_00:53:35.743[Status]Routing 166: Walk: 132
2019-09-05_00:53:35.852[Battery Energy]74.54
2019-09-05_00:53:36.009[Status]Routing 167: Walk: 132
2019-09-05_00:53:36.109[Battery Energy]74.44
2019-09-05_00:53:36.296[Status]Routing 168: Walk: 132
2019-09-05_00:53:36.397[Battery Energy]74.30
2019-09-05_00:53:36.595[Status]Routing 169: Walk: 132
2019-09-05_00:53:36.695[Battery Energy]74.16
2019-09-05_00:53:36.929[Status]Routing 170: Walk: 132
2019-09-05_00:53:37.040[Battery Energy]74.01
2019-09-05_00:53:37.244[Status]Routing 171: Walk: 132
2019-09-05_00:53:37.344[Battery Energy]73.88
2019-09-05_00:53:37.580[Status]Routing 172: Walk: 132
2019-09-05_00:53:37.692[Battery Energy]73.72
2019-09-05_00:53:37.867[Status]Routing 173: Walk: 132
2019-09-05_00:53:37.977[Battery Energy]73.59
2019-09-05_00:53:38.190[Status]Routing 174: Walk: 132
2019-09-05_00:53:38.304[Battery Energy]73.47
