2019-09-05_11:12:07.214[Status]Start.
2019-09-05_11:12:07.215[Battery Energy]123.00
2019-09-05_11:12:08.319[Battery Energy]122.96
2019-09-05_11:12:09.420[Battery Energy]122.92
2019-09-05_11:12:10.521[Battery Energy]122.88
2019-09-05_11:12:11.623[Battery Energy]122.84
2019-09-05_11:12:12.724[Task]A New Task Released.
2019-09-05_11:12:12.724[Battery Energy]122.80
2019-09-05_11:12:12.724[Status]Selection Start.
2019-09-05_11:12:15.783[Status]Selection End: Do Task 0.
2019-09-05_11:12:15.889[Battery Energy]120.57
2019-09-05_11:12:15.889[Status]Formation Start.
2019-09-05_11:12:16.018[Status]Formation End: To Position 0.
2019-09-05_11:12:16.118[Battery Energy]120.45
2019-09-05_11:12:16.119[Status]Routing Start.
2019-09-05_11:12:16.310[Status]{'id': 6, 'coordinate': [131.3585785961391, 112.7713603540532]}
2019-09-05_11:12:16.310[Status]Routing 1: Walk: 1
2019-09-05_11:12:16.417[Battery Energy]120.21
2019-09-05_11:12:16.417[Status]Routing Start.
2019-09-05_11:12:16.567[Status]{'id': 6, 'coordinate': [138.7171571922782, 119.5427207081064]}
2019-09-05_11:12:16.567[Status]Routing 2: Walk: 2
2019-09-05_11:12:16.693[Battery Energy]119.99
2019-09-05_11:12:16.693[Status]Routing Start.
2019-09-05_11:12:16.899[Status]{'id': 6, 'coordinate': [146.0757357884173, 126.3140810621596]}
2019-09-05_11:12:16.899[Status]Routing 3: Walk: 3
2019-09-05_11:12:17.009[Battery Energy]119.72
2019-09-05_11:12:17.009[Status]Routing Start.
2019-09-05_11:12:17.194[Status]{'id': 6, 'coordinate': [153.4343143845564, 133.0854414162128]}
2019-09-05_11:12:17.194[Status]Routing 4: Walk: 4
2019-09-05_11:12:17.294[Battery Energy]119.49
2019-09-05_11:12:17.294[Status]Routing Start.
2019-09-05_11:12:17.552[Status]{'id': 6, 'coordinate': [160.79289298069548, 139.856801770266]}
2019-09-05_11:12:17.552[Status]Routing 5: Walk: 5
2019-09-05_11:12:17.652[Battery Energy]119.28
2019-09-05_11:12:17.652[Status]Routing Start.
2019-09-05_11:12:18.156[Status]{'id': 6, 'coordinate': [153.82854875233562, 147.03300616178876]}
2019-09-05_11:12:18.156[Status]Routing 6: Walk: 6
2019-09-05_11:12:18.256[Battery Energy]118.86
2019-09-05_11:12:18.256[Status]Routing Start.
2019-09-05_11:12:18.626[Status]{'id': 6, 'coordinate': [144.50574303939877, 150.65036619900266]}
2019-09-05_11:12:18.628[Status]Routing 7: Walk: 7
2019-09-05_11:12:18.731[Battery Energy]118.45
2019-09-05_11:12:18.731[Status]Routing Start.
2019-09-05_11:12:19.364[Status]{'id': 6, 'coordinate': [152.1159544425691, 157.13763699642251]}
2019-09-05_11:12:19.364[Status]Routing 8: Walk: 8
2019-09-05_11:12:19.465[Battery Energy]117.89
2019-09-05_11:12:19.465[Status]Routing Start.
2019-09-05_11:12:19.842[Status]{'id': 6, 'coordinate': [159.72616584573942, 163.62490779384237]}
2019-09-05_11:12:19.842[Status]Routing 9: Walk: 9
2019-09-05_11:12:19.942[Battery Energy]117.56
2019-09-05_11:12:19.942[Status]Routing Start.
2019-09-05_11:12:20.482[Status]{'id': 6, 'coordinate': [167.33637724890974, 170.11217859126222]}
2019-09-05_11:12:20.482[Status]Routing 10: Walk: 10
2019-09-05_11:12:20.582[Battery Energy]117.14
2019-09-05_11:12:20.582[Status]Routing Start.
2019-09-05_11:12:21.170[Status]{'id': 6, 'coordinate': [174.94658865208007, 176.59944938868207]}
2019-09-05_11:12:21.175[Status]Routing 11: Walk: 11
2019-09-05_11:12:21.275[Battery Energy]116.61
2019-09-05_11:12:21.275[Status]Routing Start.
2019-09-05_11:12:21.638[Status]{'id': 6, 'coordinate': [182.5568000552504, 183.08672018610193]}
2019-09-05_11:12:21.640[Status]Routing 12: Walk: 12
2019-09-05_11:12:21.742[Battery Energy]116.25
2019-09-05_11:12:21.743[Status]Routing Start.
2019-09-05_11:12:22.184[Status]{'id': 6, 'coordinate': [190.16701145842072, 189.57399098352178]}
2019-09-05_11:12:22.184[Status]Routing 13: Walk: 13
2019-09-05_11:12:22.285[Battery Energy]115.81
2019-09-05_11:12:22.285[Status]Routing Start.
2019-09-05_11:12:22.674[Status]{'id': 6, 'coordinate': [197.77722286159104, 196.06126178094163]}
2019-09-05_11:12:22.675[Status]Routing 14: Walk: 14
2019-09-05_11:12:22.775[Battery Energy]115.39
2019-09-05_11:12:22.775[Status]Routing Start.
2019-09-05_11:12:22.942[Status]{'id': 6, 'coordinate': [205.38743426476137, 202.5485325783615]}
2019-09-05_11:12:22.942[Status]Routing 15: Walk: 15
2019-09-05_11:12:23.057[Battery Energy]115.16
2019-09-05_11:12:23.057[Status]Routing Start.
2019-09-05_11:12:23.390[Status]{'id': 6, 'coordinate': [212.9976456679317, 209.03580337578134]}
2019-09-05_11:12:23.390[Status]Routing 16: Walk: 16
2019-09-05_11:12:23.493[Battery Energy]114.84
2019-09-05_11:12:23.493[Status]Routing Start.
2019-09-05_11:12:23.939[Status]{'id': 6, 'coordinate': [220.60785707110202, 215.5230741732012]}
2019-09-05_11:12:23.940[Status]Routing 17: Walk: 17
2019-09-05_11:12:24.046[Battery Energy]114.48
2019-09-05_11:12:24.046[Status]Routing Start.
2019-09-05_11:12:24.453[Status]{'id': 6, 'coordinate': [228.21806847427234, 222.01034497062105]}
2019-09-05_11:12:24.453[Status]Routing 18: Walk: 18
2019-09-05_11:12:24.557[Battery Energy]114.14
2019-09-05_11:12:24.557[Status]Routing Start.
2019-09-05_11:12:24.917[Status]{'id': 6, 'coordinate': [235.82827987744267, 228.4976157680409]}
2019-09-05_11:12:24.919[Status]Routing 19: Walk: 19
2019-09-05_11:12:25.019[Battery Energy]113.80
2019-09-05_11:12:25.019[Status]Routing Start.
2019-09-05_11:12:25.410[Status]{'id': 6, 'coordinate': [243.438491280613, 234.98488656546076]}
2019-09-05_11:12:25.410[Status]Routing 20: Walk: 20
2019-09-05_11:12:25.513[Battery Energy]113.43
2019-09-05_11:12:25.513[Status]Routing Start.
2019-09-05_11:12:25.857[Status]{'id': 6, 'coordinate': [251.04870268378332, 241.4721573628806]}
2019-09-05_11:12:25.859[Status]Routing 21: Walk: 21
2019-09-05_11:12:25.959[Battery Energy]113.08
2019-09-05_11:12:25.959[Status]Routing Start.
2019-09-05_11:12:26.117[Status]{'id': 6, 'coordinate': [258.65891408695364, 247.95942816030046]}
2019-09-05_11:12:26.117[Status]Routing 22: Walk: 22
2019-09-05_11:12:26.220[Battery Energy]112.85
2019-09-05_11:12:26.220[Status]Routing Start.
2019-09-05_11:12:26.595[Status]{'id': 6, 'coordinate': [266.269125490124, 254.44669895772032]}
2019-09-05_11:12:26.595[Status]Routing 23: Walk: 23
2019-09-05_11:12:26.712[Battery Energy]112.50
2019-09-05_11:12:26.712[Status]Routing Start.
2019-09-05_11:12:27.233[Status]{'id': 6, 'coordinate': [260.0988852349617, 262.3161420888176]}
2019-09-05_11:12:27.233[Status]Routing 24: Walk: 24
2019-09-05_11:12:27.333[Battery Energy]112.06
2019-09-05_11:12:27.333[Status]Routing Start.
2019-09-05_11:12:27.657[Status]{'id': 6, 'coordinate': [250.94145766325465, 266.3337931773194]}
2019-09-05_11:12:27.658[Status]Routing 25: Walk: 25
2019-09-05_11:12:27.758[Battery Energy]111.68
2019-09-05_11:12:27.758[Status]Routing Start.
2019-09-05_11:12:28.072[Status]{'id': 6, 'coordinate': [242.13174245196248, 271.06548609803264]}
2019-09-05_11:12:28.072[Status]Routing 26: Walk: 26
2019-09-05_11:12:28.172[Battery Energy]111.30
2019-09-05_11:12:28.172[Status]Routing Start.
2019-09-05_11:12:28.537[Status]{'id': 6, 'coordinate': [236.63615187718457, 279.4200348132184]}
2019-09-05_11:12:28.537[Status]Routing 27: Walk: 27
2019-09-05_11:12:28.645[Battery Energy]110.91
2019-09-05_11:12:28.645[Status]Routing Start.
2019-09-05_11:12:28.783[Status]{'id': 6, 'coordinate': [244.91218292685764, 285.0331720879381]}
2019-09-05_11:12:28.785[Status]Routing 28: Walk: 28
2019-09-05_11:12:28.885[Battery Energy]110.67
2019-09-05_11:12:28.885[Status]Routing Start.
2019-09-05_11:12:29.330[Status]{'id': 6, 'coordinate': [242.00536794656776, 294.6013708040164]}
2019-09-05_11:12:29.330[Status]Routing 29: Walk: 29
2019-09-05_11:12:29.430[Battery Energy]110.24
2019-09-05_11:12:29.430[Status]Routing Start.
2019-09-05_11:12:29.704[Status]{'id': 6, 'coordinate': [250.4377810501989, 299.9767228157185]}
2019-09-05_11:12:29.705[Status]Routing 30: Walk: 30
2019-09-05_11:12:29.813[Battery Energy]109.99
2019-09-05_11:12:29.813[Status]Routing Start.
2019-09-05_11:12:29.985[Status]{'id': 6, 'coordinate': [258.8701941538301, 305.3520748274206]}
2019-09-05_11:12:29.987[Status]Routing 31: Walk: 31
2019-09-05_11:12:30.090[Battery Energy]109.73
2019-09-05_11:12:30.090[Status]Routing Start.
2019-09-05_11:12:30.444[Status]{'id': 6, 'coordinate': [267.3026072574612, 310.7274268391227]}
2019-09-05_11:12:30.444[Status]Routing 32: Walk: 32
2019-09-05_11:12:30.557[Battery Energy]109.38
2019-09-05_11:12:30.557[Status]Routing Start.
2019-09-05_11:12:30.843[Status]{'id': 6, 'coordinate': [275.7350203610924, 316.1027788508248]}
2019-09-05_11:12:30.843[Status]Routing 33: Walk: 33
2019-09-05_11:12:30.944[Battery Energy]109.11
2019-09-05_11:12:30.944[Status]Routing Start.
2019-09-05_11:12:31.224[Status]{'id': 6, 'coordinate': [284.16743346472356, 321.4781308625269]}
2019-09-05_11:12:31.224[Status]Routing 34: Walk: 34
2019-09-05_11:12:31.333[Battery Energy]108.79
2019-09-05_11:12:31.333[Status]Routing Start.
2019-09-05_11:12:31.796[Status]{'id': 6, 'coordinate': [292.59984656835474, 326.853482874229]}
2019-09-05_11:12:31.796[Status]Routing 35: Walk: 35
2019-09-05_11:12:31.905[Battery Energy]108.44
2019-09-05_11:12:31.905[Status]Routing Start.
2019-09-05_11:12:32.246[Status]{'id': 6, 'coordinate': [301.0322596719859, 332.22883488593106]}
2019-09-05_11:12:32.246[Status]Routing 36: Walk: 36
2019-09-05_11:12:32.349[Battery Energy]108.12
2019-09-05_11:12:32.349[Status]Routing Start.
2019-09-05_11:12:32.705[Status]{'id': 6, 'coordinate': [309.46467277561703, 337.60418689763316]}
2019-09-05_11:12:32.705[Status]Routing 37: Walk: 37
2019-09-05_11:12:32.817[Battery Energy]107.85
2019-09-05_11:12:32.817[Status]Routing Start.
2019-09-05_11:12:33.202[Status]{'id': 6, 'coordinate': [317.8970858792482, 342.97953890933525]}
2019-09-05_11:12:33.202[Status]Routing 38: Walk: 38
2019-09-05_11:12:33.305[Battery Energy]107.53
2019-09-05_11:12:33.305[Status]Routing Start.
2019-09-05_11:12:33.670[Status]{'id': 6, 'coordinate': [326.3294989828794, 348.35489092103734]}
2019-09-05_11:12:33.670[Status]Routing 39: Walk: 39
2019-09-05_11:12:33.777[Battery Energy]107.20
2019-09-05_11:12:33.777[Status]Routing Start.
2019-09-05_11:12:34.122[Status]{'id': 6, 'coordinate': [334.7619120865105, 353.73024293273943]}
2019-09-05_11:12:34.125[Status]Routing 40: Walk: 40
2019-09-05_11:12:34.233[Battery Energy]106.91
2019-09-05_11:12:34.233[Status]Routing Start.
2019-09-05_11:12:34.578[Status]{'id': 6, 'coordinate': [343.1943251901417, 359.1055949444415]}
2019-09-05_11:12:34.581[Status]Routing 41: Walk: 41
2019-09-05_11:12:34.681[Battery Energy]106.58
2019-09-05_11:12:34.681[Status]Routing Start.
2019-09-05_11:12:35.042[Status]{'id': 6, 'coordinate': [351.62673829377286, 364.4809469561436]}
2019-09-05_11:12:35.042[Status]Routing 42: Walk: 42
2019-09-05_11:12:35.157[Battery Energy]106.26
2019-09-05_11:12:35.157[Status]Routing Start.
2019-09-05_11:12:35.338[Status]{'id': 6, 'coordinate': [360.059151397404, 369.8562989678457]}
2019-09-05_11:12:35.338[Status]Routing 43: Walk: 43
2019-09-05_11:12:35.461[Battery Energy]106.02
2019-09-05_11:12:35.461[Status]Routing Start.
2019-09-05_11:12:35.739[Status]{'id': 6, 'coordinate': [368.49156450103516, 375.2316509795478]}
2019-09-05_11:12:35.739[Status]Routing 44: Walk: 44
2019-09-05_11:12:35.845[Battery Energy]105.77
2019-09-05_11:12:35.845[Status]Routing Start.
2019-09-05_11:12:36.028[Status]{'id': 6, 'coordinate': [376.92397760466633, 380.6070029912499]}
2019-09-05_11:12:36.030[Status]Routing 45: Walk: 45
2019-09-05_11:12:36.131[Battery Energy]105.55
2019-09-05_11:12:36.131[Status]Routing Start.
2019-09-05_11:12:36.327[Status]{'id': 6, 'coordinate': [385.35639070829745, 385.982355002952]}
2019-09-05_11:12:36.327[Status]Routing 46: Walk: 46
2019-09-05_11:12:36.429[Battery Energy]105.32
2019-09-05_11:12:36.429[Status]Routing Start.
2019-09-05_11:12:36.616[Status]{'id': 6, 'coordinate': [393.78880381192863, 391.35770701465407]}
2019-09-05_11:12:36.616[Status]Routing 47: Walk: 47
2019-09-05_11:12:36.724[Battery Energy]105.09
2019-09-05_11:12:36.724[Status]Routing Start.
2019-09-05_11:12:37.054[Status]{'id': 6, 'coordinate': [402.2212169155598, 396.73305902635616]}
2019-09-05_11:12:37.054[Status]Routing 48: Walk: 48
2019-09-05_11:12:37.161[Battery Energy]104.81
2019-09-05_11:12:37.161[Status]Routing Start.
2019-09-05_11:12:37.512[Status]{'id': 6, 'coordinate': [410.6536300191909, 402.10841103805825]}
2019-09-05_11:12:37.512[Status]Routing 49: Walk: 49
2019-09-05_11:12:37.621[Battery Energy]104.48
2019-09-05_11:12:37.621[Status]Routing Start.
2019-09-05_11:12:37.897[Status]{'id': 6, 'coordinate': [419.08604312282205, 407.48376304976034]}
2019-09-05_11:12:37.897[Status]Routing 50: Walk: 50
2019-09-05_11:12:38.009[Battery Energy]104.20
2019-09-05_11:12:38.009[Status]Routing Start.
2019-09-05_11:12:38.157[Status]{'id': 6, 'coordinate': [427.5184562264532, 412.85911506146243]}
2019-09-05_11:12:38.157[Status]Routing 51: Walk: 51
2019-09-05_11:12:38.261[Battery Energy]104.00
2019-09-05_11:12:38.261[Status]Routing Start.
2019-09-05_11:12:38.497[Status]{'id': 6, 'coordinate': [435.9508693300844, 418.2344670731645]}
2019-09-05_11:12:38.497[Status]Routing 52: Walk: 52
2019-09-05_11:12:38.613[Battery Energy]103.75
2019-09-05_11:12:38.613[Status]Routing Start.
2019-09-05_11:12:38.937[Status]{'id': 6, 'coordinate': [444.3832824337156, 423.6098190848666]}
2019-09-05_11:12:38.937[Status]Routing 53: Walk: 53
2019-09-05_11:12:39.054[Battery Energy]103.48
2019-09-05_11:12:39.054[Status]Routing Start.
2019-09-05_11:12:39.224[Status]{'id': 6, 'coordinate': [452.81569553734676, 428.9851710965687]}
2019-09-05_11:12:39.225[Status]Routing 54: Walk: 54
2019-09-05_11:12:39.329[Battery Energy]103.28
2019-09-05_11:12:39.329[Status]Routing Start.
2019-09-05_11:12:39.545[Status]{'id': 6, 'coordinate': [461.2481086409779, 434.3605231082708]}
2019-09-05_11:12:39.546[Status]Routing 55: Walk: 55
2019-09-05_11:12:39.657[Battery Energy]103.02
2019-09-05_11:12:39.657[Status]Routing Start.
2019-09-05_11:12:39.969[Status]{'id': 6, 'coordinate': [455.60978751724, 442.61941739901044]}
2019-09-05_11:12:39.969[Status]Routing 56: Walk: 56
2019-09-05_11:12:40.097[Battery Energy]102.68
2019-09-05_11:12:40.097[Status]Routing Start.
2019-09-05_11:12:40.444[Status]{'id': 6, 'coordinate': [448.7172228821426, 449.8645918448747]}
2019-09-05_11:12:40.444[Status]Routing 57: Walk: 57
2019-09-05_11:12:40.544[Battery Energy]102.33
2019-09-05_11:12:40.544[Status]Routing Start.
2019-09-05_11:12:40.978[Status]{'id': 6, 'coordinate': [442.3430038492377, 457.56974153326837]}
2019-09-05_11:12:40.978[Status]Routing 58: Walk: 58
2019-09-05_11:12:41.078[Battery Energy]101.85
2019-09-05_11:12:41.078[Status]Routing Start.
2019-09-05_11:12:41.220[Status]{'id': 6, 'coordinate': [452.12781421285524, 459.63310920482917]}
2019-09-05_11:12:41.220[Status]Routing 59: Walk: 59
2019-09-05_11:12:41.320[Battery Energy]101.65
2019-09-05_11:12:41.320[Status]Routing Start.
2019-09-05_11:12:41.725[Status]{'id': 6, 'coordinate': [461.9126245764728, 461.69647687638997]}
2019-09-05_11:12:41.726[Status]Routing 60: Walk: 60
2019-09-05_11:12:41.849[Battery Energy]101.34
2019-09-05_11:12:41.849[Status]Routing Start.
2019-09-05_11:12:42.025[Status]{'id': 6, 'coordinate': [471.6974349400904, 463.75984454795076]}
2019-09-05_11:12:42.025[Status]Routing 61: Walk: 61
2019-09-05_11:12:42.125[Battery Energy]101.10
2019-09-05_11:12:42.125[Status]Routing Start.
2019-09-05_11:12:42.301[Status]{'id': 6, 'coordinate': [481.48224530370794, 465.82321221951156]}
2019-09-05_11:12:42.301[Status]Routing 62: Walk: 62
2019-09-05_11:12:42.405[Battery Energy]100.86
2019-09-05_11:12:42.405[Status]Routing Start.
2019-09-05_11:12:42.594[Status]{'id': 6, 'coordinate': [491.2670556673255, 467.88657989107236]}
2019-09-05_11:12:42.594[Status]Routing 63: Walk: 63
2019-09-05_11:12:42.694[Battery Energy]100.64
2019-09-05_11:12:42.694[Status]Routing Start.
2019-09-05_11:12:42.921[Status]{'id': 6, 'coordinate': [501.0518660309431, 469.94994756263316]}
2019-09-05_11:12:42.921[Status]Routing 64: Walk: 64
2019-09-05_11:12:43.029[Battery Energy]100.41
2019-09-05_11:12:43.029[Status]Routing Start.
2019-09-05_11:12:43.354[Status]{'id': 6, 'coordinate': [510.83667639456064, 472.01331523419395]}
2019-09-05_11:12:43.354[Status]Routing 65: Walk: 65
2019-09-05_11:12:43.461[Battery Energy]100.16
2019-09-05_11:12:43.461[Status]Routing Start.
2019-09-05_11:12:43.646[Status]{'id': 6, 'coordinate': [520.6214867581782, 474.07668290575475]}
2019-09-05_11:12:43.646[Status]Routing 66: Walk: 66
2019-09-05_11:12:43.833[Battery Energy]99.95
2019-09-05_11:12:43.834[Status]Routing Start.
2019-09-05_11:12:43.834[Status]Task Finished.
2019-09-05_11:12:43.934[Battery Energy]99.95
2019-09-05_11:12:44.129[Status]Routing 68: Walk: 66
2019-09-05_11:12:44.229[Battery Energy]99.85
2019-09-05_11:12:44.473[Status]Routing 69: Walk: 66
2019-09-05_11:12:44.586[Battery Energy]99.69
2019-09-05_11:12:44.752[Status]Routing 70: Walk: 66
2019-09-05_11:12:44.852[Battery Energy]99.59
2019-09-05_11:12:45.057[Status]Routing 71: Walk: 66
2019-09-05_11:12:45.157[Battery Energy]99.45
2019-09-05_11:12:45.370[Status]Routing 72: Walk: 66
2019-09-05_11:12:45.477[Battery Energy]99.32
2019-09-05_11:12:45.752[Status]Routing 73: Walk: 66
2019-09-05_11:12:45.852[Battery Energy]99.10
2019-09-05_11:12:46.038[Status]Routing 74: Walk: 66
2019-09-05_11:12:46.141[Battery Energy]98.99
2019-09-05_11:12:46.385[Status]Routing 75: Walk: 66
2019-09-05_11:12:46.553[Battery Energy]98.82
2019-09-05_11:12:46.698[Status]Routing 76: Walk: 66
2019-09-05_11:12:46.799[Battery Energy]98.73
2019-09-05_11:12:47.050[Status]Routing 77: Walk: 66
2019-09-05_11:12:47.151[Battery Energy]98.60
2019-09-05_11:12:47.332[Status]Routing 78: Walk: 66
2019-09-05_11:12:47.449[Battery Energy]98.51
2019-09-05_11:12:47.691[Status]Routing 79: Walk: 66
2019-09-05_11:12:47.793[Battery Energy]98.34
2019-09-05_11:12:48.015[Status]Routing 80: Walk: 66
2019-09-05_11:12:48.125[Battery Energy]98.20
2019-09-05_11:12:48.286[Status]Routing 81: Walk: 66
2019-09-05_11:12:48.387[Battery Energy]98.09
2019-09-05_11:12:48.640[Status]Routing 82: Walk: 66
2019-09-05_11:12:48.740[Battery Energy]97.92
2019-09-05_11:12:49.103[Status]Routing 83: Walk: 66
2019-09-05_11:12:49.249[Battery Energy]97.65
2019-09-05_11:12:49.404[Status]Routing 84: Walk: 66
2019-09-05_11:12:49.508[Battery Energy]97.51
2019-09-05_11:12:49.731[Status]Routing 85: Walk: 66
2019-09-05_11:12:49.831[Battery Energy]97.40
2019-09-05_11:12:50.187[Status]Routing 86: Walk: 66
2019-09-05_11:12:50.309[Battery Energy]97.18
2019-09-05_11:12:50.655[Status]Routing 87: Walk: 66
2019-09-05_11:12:50.761[Battery Energy]96.95
2019-09-05_11:12:50.952[Status]Routing 88: Walk: 66
2019-09-05_11:12:51.053[Battery Energy]96.83
2019-09-05_11:12:51.270[Status]Routing 89: Walk: 66
2019-09-05_11:12:51.380[Battery Energy]96.68
2019-09-05_11:12:51.606[Status]Routing 90: Walk: 66
2019-09-05_11:12:51.706[Battery Energy]96.52
2019-09-05_11:12:51.884[Status]Routing 91: Walk: 66
2019-09-05_11:12:51.984[Battery Energy]96.37
2019-09-05_11:12:52.158[Status]Routing 92: Walk: 66
2019-09-05_11:12:52.269[Battery Energy]96.28
2019-09-05_11:12:52.506[Status]Routing 93: Walk: 66
2019-09-05_11:12:52.645[Battery Energy]96.16
2019-09-05_11:12:52.866[Status]Routing 94: Walk: 66
2019-09-05_11:12:52.977[Battery Energy]96.03
2019-09-05_11:12:53.247[Status]Routing 95: Walk: 66
2019-09-05_11:12:53.357[Battery Energy]95.86
2019-09-05_11:12:53.599[Status]Routing 96: Walk: 66
2019-09-05_11:12:53.704[Battery Energy]95.68
2019-09-05_11:12:53.895[Status]Routing 97: Walk: 66
2019-09-05_11:12:54.005[Battery Energy]95.59
2019-09-05_11:12:54.263[Status]Routing 98: Walk: 66
2019-09-05_11:12:54.363[Battery Energy]95.41
2019-09-05_11:12:54.634[Status]Routing 99: Walk: 66
2019-09-05_11:12:54.741[Battery Energy]95.29
2019-09-05_11:12:54.956[Status]Routing 100: Walk: 66
2019-09-05_11:12:55.211[Battery Energy]95.19
2019-09-05_11:12:55.393[Status]Routing 101: Walk: 66
2019-09-05_11:12:55.509[Battery Energy]95.09
2019-09-05_11:12:55.713[Status]Routing 102: Walk: 66
2019-09-05_11:12:55.841[Battery Energy]95.00
2019-09-05_11:12:56.124[Status]Routing 103: Walk: 66
2019-09-05_11:12:56.241[Battery Energy]94.83
2019-09-05_11:12:56.468[Status]Routing 104: Walk: 66
2019-09-05_11:12:56.569[Battery Energy]94.67
2019-09-05_11:12:56.906[Status]Routing 105: Walk: 66
2019-09-05_11:12:57.006[Battery Energy]94.49
2019-09-05_11:12:57.402[Status]Routing 106: Walk: 66
2019-09-05_11:12:57.504[Battery Energy]94.25
2019-09-05_11:12:57.825[Status]Routing 107: Walk: 66
2019-09-05_11:12:57.937[Battery Energy]94.05
2019-09-05_11:12:58.274[Status]Routing 108: Walk: 66
2019-09-05_11:12:58.381[Battery Energy]93.83
2019-09-05_11:12:58.704[Status]Routing 109: Walk: 66
2019-09-05_11:12:58.804[Battery Energy]93.57
2019-09-05_11:12:59.146[Status]Routing 110: Walk: 66
2019-09-05_11:12:59.250[Battery Energy]93.37
2019-09-05_11:12:59.618[Status]Routing 111: Walk: 66
2019-09-05_11:12:59.737[Battery Energy]93.20
2019-09-05_11:13:00.174[Status]Routing 112: Walk: 66
2019-09-05_11:13:00.285[Battery Energy]92.95
2019-09-05_11:13:00.564[Status]Routing 113: Walk: 66
2019-09-05_11:13:00.670[Battery Energy]92.75
2019-09-05_11:13:01.033[Status]Routing 114: Walk: 66
2019-09-05_11:13:01.136[Battery Energy]92.53
2019-09-05_11:13:01.453[Status]Routing 115: Walk: 66
2019-09-05_11:13:01.556[Battery Energy]92.31
2019-09-05_11:13:01.833[Status]Routing 116: Walk: 66
2019-09-05_11:13:01.933[Battery Energy]92.13
2019-09-05_11:13:02.308[Status]Routing 117: Walk: 66
2019-09-05_11:13:02.409[Battery Energy]91.88
2019-09-05_11:13:02.749[Status]Routing 118: Walk: 66
2019-09-05_11:13:02.857[Battery Energy]91.65
2019-09-05_11:13:03.297[Status]Routing 119: Walk: 66
2019-09-05_11:13:03.405[Battery Energy]91.38
2019-09-05_11:13:03.793[Status]Routing 120: Walk: 66
2019-09-05_11:13:03.901[Battery Energy]91.14
2019-09-05_11:13:04.385[Status]Routing 121: Walk: 66
2019-09-05_11:13:04.487[Battery Energy]90.88
2019-09-05_11:13:04.768[Status]Routing 122: Walk: 66
2019-09-05_11:13:04.869[Battery Energy]90.68
2019-09-05_11:13:05.118[Status]Routing 123: Walk: 66
2019-09-05_11:13:05.233[Battery Energy]90.54
2019-09-05_11:13:05.471[Status]Routing 124: Walk: 66
2019-09-05_11:13:05.571[Battery Energy]90.37
2019-09-05_11:13:05.744[Status]Routing 125: Walk: 66
2019-09-05_11:13:05.861[Battery Energy]90.23
2019-09-05_11:13:06.144[Status]Routing 126: Walk: 66
2019-09-05_11:13:06.261[Battery Energy]90.07
2019-09-05_11:13:06.461[Status]Routing 127: Walk: 66
2019-09-05_11:13:06.578[Battery Energy]89.96
2019-09-05_11:13:06.853[Status]Routing 128: Walk: 66
2019-09-05_11:13:06.961[Battery Energy]89.83
2019-09-05_11:13:07.268[Status]Routing 129: Walk: 66
2019-09-05_11:13:07.381[Battery Energy]89.65
2019-09-05_11:13:07.633[Status]Routing 130: Walk: 66
2019-09-05_11:13:07.749[Battery Energy]89.48
2019-09-05_11:13:07.969[Status]Routing 131: Walk: 66
2019-09-05_11:13:08.070[Battery Energy]89.35
2019-09-05_11:13:08.413[Status]Routing 132: Walk: 66
2019-09-05_11:13:08.513[Battery Energy]89.09
2019-09-05_11:13:08.817[Status]Routing 133: Walk: 66
2019-09-05_11:13:08.921[Battery Energy]88.92
2019-09-05_11:13:09.211[Status]Routing 134: Walk: 66
2019-09-05_11:13:09.325[Battery Energy]88.75
2019-09-05_11:13:09.540[Status]Routing 135: Walk: 66
2019-09-05_11:13:09.645[Battery Energy]88.61
2019-09-05_11:13:09.842[Status]Routing 136: Walk: 66
2019-09-05_11:13:09.942[Battery Energy]88.48
2019-09-05_11:13:10.183[Status]Routing 137: Walk: 66
2019-09-05_11:13:10.283[Battery Energy]88.36
2019-09-05_11:13:10.478[Status]Routing 138: Walk: 66
2019-09-05_11:13:10.581[Battery Energy]88.23
2019-09-05_11:13:10.847[Status]Routing 139: Walk: 66
2019-09-05_11:13:10.948[Battery Energy]88.07
2019-09-05_11:13:11.168[Status]Routing 140: Walk: 66
2019-09-05_11:13:11.281[Battery Energy]87.94
2019-09-05_11:13:11.540[Status]Routing 141: Walk: 66
2019-09-05_11:13:11.649[Battery Energy]87.79
2019-09-05_11:13:11.851[Status]Routing 142: Walk: 66
2019-09-05_11:13:11.952[Battery Energy]87.67
2019-09-05_11:13:12.211[Status]Routing 143: Walk: 66
2019-09-05_11:13:12.361[Battery Energy]87.52
2019-09-05_11:13:12.756[Status]Routing 144: Walk: 66
2019-09-05_11:13:12.856[Battery Energy]87.30
2019-09-05_11:13:13.008[Status]Routing 145: Walk: 66
2019-09-05_11:13:13.125[Battery Energy]87.18
2019-09-05_11:13:13.511[Status]Routing 146: Walk: 66
2019-09-05_11:13:13.621[Battery Energy]86.95
2019-09-05_11:13:13.883[Status]Routing 147: Walk: 66
2019-09-05_11:13:13.989[Battery Energy]86.81
2019-09-05_11:13:14.238[Status]Routing 148: Walk: 66
2019-09-05_11:13:14.345[Battery Energy]86.63
2019-09-05_11:13:14.544[Status]Routing 149: Walk: 66
2019-09-05_11:13:14.646[Battery Energy]86.54
2019-09-05_11:13:14.876[Status]Routing 150: Walk: 66
2019-09-05_11:13:15.010[Battery Energy]86.42
2019-09-05_11:13:15.329[Status]Routing 151: Walk: 66
2019-09-05_11:13:15.441[Battery Energy]86.21
2019-09-05_11:13:15.608[Status]Routing 152: Walk: 66
2019-09-05_11:13:15.712[Battery Energy]86.07
2019-09-05_11:13:15.952[Status]Routing 153: Walk: 66
2019-09-05_11:13:16.054[Battery Energy]85.91
2019-09-05_11:13:16.304[Status]Routing 154: Walk: 66
2019-09-05_11:13:16.421[Battery Energy]85.72
2019-09-05_11:13:16.614[Status]Routing 155: Walk: 66
2019-09-05_11:13:16.714[Battery Energy]85.61
2019-09-05_11:13:16.918[Status]Routing 156: Walk: 66
2019-09-05_11:13:17.029[Battery Energy]85.50
