2019-09-05_00:37:12.130[Status]Start.
2019-09-05_00:37:12.132[Battery Energy]109.00
2019-09-05_00:37:13.233[Battery Energy]108.96
2019-09-05_00:37:14.335[Battery Energy]108.92
2019-09-05_00:37:15.436[Battery Energy]108.88
2019-09-05_00:37:16.536[Battery Energy]108.84
2019-09-05_00:37:17.638[Task]A New Task Released.
2019-09-05_00:37:17.638[Battery Energy]108.80
2019-09-05_00:37:17.638[Status]Selection Start.
2019-09-05_00:37:19.694[Status]Selection End: Do Task 1.
2019-09-05_00:37:19.794[Battery Energy]107.48
2019-09-05_00:37:19.794[Status]Formation Start.
2019-09-05_00:37:19.977[Status]Formation End: To Position 2.
2019-09-05_00:37:20.077[Battery Energy]107.35
2019-09-05_00:37:20.077[Status]Routing Start.
2019-09-05_00:37:20.282[Status]{'coordinate': [68.37710068314307, 386.47418807467267], 'id': 11}
2019-09-05_00:37:20.282[Status]Routing 1: Walk: 1
2019-09-05_00:37:20.386[Battery Energy]107.08
2019-09-05_00:37:20.386[Status]Routing Start.
2019-09-05_00:37:20.578[Status]{'coordinate': [77.75420136628614, 389.94837614934534], 'id': 11}
2019-09-05_00:37:20.582[Status]Routing 2: Walk: 2
2019-09-05_00:37:20.685[Battery Energy]106.84
2019-09-05_00:37:20.685[Status]Routing Start.
2019-09-05_00:37:20.881[Status]{'coordinate': [87.13130204942921, 393.422564224018], 'id': 11}
2019-09-05_00:37:20.881[Status]Routing 3: Walk: 3
2019-09-05_00:37:21.024[Battery Energy]106.60
2019-09-05_00:37:21.026[Status]Routing Start.
2019-09-05_00:37:21.241[Status]{'coordinate': [96.50840273257228, 396.89675229869067], 'id': 11}
2019-09-05_00:37:21.241[Status]Routing 4: Walk: 4
2019-09-05_00:37:21.341[Battery Energy]106.39
2019-09-05_00:37:21.341[Status]Routing Start.
2019-09-05_00:37:21.615[Status]Routing 5: Walk: 4
2019-09-05_00:37:21.719[Battery Energy]106.12
2019-09-05_00:37:21.719[Status]Routing Start.
2019-09-05_00:37:21.894[Status]{'coordinate': [105.88550341571535, 400.37094037336334], 'id': 11}
2019-09-05_00:37:21.894[Status]Routing 6: Walk: 5
2019-09-05_00:37:22.005[Battery Energy]105.88
2019-09-05_00:37:22.005[Status]Routing Start.
2019-09-05_00:37:22.508[Status]Routing 7: Walk: 5
2019-09-05_00:37:22.612[Battery Energy]105.45
2019-09-05_00:37:22.612[Status]Routing Start.
2019-09-05_00:37:22.997[Status]Routing 8: Walk: 5
2019-09-05_00:37:23.104[Battery Energy]105.09
2019-09-05_00:37:23.104[Status]Routing Start.
2019-09-05_00:37:23.495[Status]Routing 9: Walk: 5
2019-09-05_00:37:23.627[Battery Energy]104.74
2019-09-05_00:37:23.627[Status]Routing Start.
2019-09-05_00:37:23.972[Status]Routing 10: Walk: 5
2019-09-05_00:37:24.072[Battery Energy]104.43
2019-09-05_00:37:24.072[Status]Routing Start.
2019-09-05_00:37:24.430[Status]Routing 11: Walk: 5
2019-09-05_00:37:24.534[Battery Energy]104.14
2019-09-05_00:37:24.534[Status]Routing Start.
2019-09-05_00:37:24.944[Status]Routing 12: Walk: 5
2019-09-05_00:37:25.046[Battery Energy]103.80
2019-09-05_00:37:25.046[Status]Routing Start.
2019-09-05_00:37:25.433[Status]Routing 13: Walk: 5
2019-09-05_00:37:25.534[Battery Energy]103.47
2019-09-05_00:37:25.534[Status]Routing Start.
2019-09-05_00:37:26.016[Status]Routing 14: Walk: 5
2019-09-05_00:37:26.124[Battery Energy]103.08
2019-09-05_00:37:26.124[Status]Routing Start.
2019-09-05_00:37:26.289[Status]{'coordinate': [115.26260409885842, 403.845128448036], 'id': 11}
2019-09-05_00:37:26.289[Status]Routing 15: Walk: 6
2019-09-05_00:37:26.389[Battery Energy]102.83
2019-09-05_00:37:26.389[Status]Routing Start.
2019-09-05_00:37:26.749[Status]{'coordinate': [124.63970478200149, 407.3193165227087], 'id': 11}
2019-09-05_00:37:26.751[Status]Routing 16: Walk: 7
2019-09-05_00:37:26.859[Battery Energy]102.49
2019-09-05_00:37:26.860[Status]Routing Start.
2019-09-05_00:37:27.243[Status]{'coordinate': [134.01680546514456, 410.79350459738134], 'id': 11}
2019-09-05_00:37:27.249[Status]Routing 17: Walk: 8
2019-09-05_00:37:27.356[Battery Energy]102.22
2019-09-05_00:37:27.356[Status]Routing Start.
2019-09-05_00:37:27.719[Status]{'coordinate': [143.39390614828764, 414.267692672054], 'id': 11}
2019-09-05_00:37:27.720[Status]Routing 18: Walk: 9
2019-09-05_00:37:27.828[Battery Energy]101.87
2019-09-05_00:37:27.828[Status]Routing Start.
2019-09-05_00:37:28.202[Status]{'coordinate': [152.77100683143073, 417.7418807467267], 'id': 11}
2019-09-05_00:37:28.205[Status]Routing 19: Walk: 10
2019-09-05_00:37:28.307[Battery Energy]101.54
2019-09-05_00:37:28.307[Status]Routing Start.
2019-09-05_00:37:28.683[Status]{'coordinate': [162.1481075145738, 421.21606882139935], 'id': 11}
2019-09-05_00:37:28.687[Status]Routing 20: Walk: 11
2019-09-05_00:37:28.792[Battery Energy]101.19
2019-09-05_00:37:28.792[Status]Routing Start.
2019-09-05_00:37:29.130[Status]{'coordinate': [171.5252081977169, 424.690256896072], 'id': 11}
2019-09-05_00:37:29.137[Status]Routing 21: Walk: 12
2019-09-05_00:37:29.255[Battery Energy]100.87
2019-09-05_00:37:29.255[Status]Routing Start.
2019-09-05_00:37:29.618[Status]{'coordinate': [180.90230888085998, 428.1644449707447], 'id': 11}
2019-09-05_00:37:29.618[Status]Routing 22: Walk: 13
2019-09-05_00:37:29.724[Battery Energy]100.57
2019-09-05_00:37:29.724[Status]Routing Start.
2019-09-05_00:37:30.117[Status]{'coordinate': [190.27940956400306, 431.63863304541735], 'id': 11}
2019-09-05_00:37:30.117[Status]Routing 23: Walk: 14
2019-09-05_00:37:30.217[Battery Energy]100.16
2019-09-05_00:37:30.217[Status]Routing Start.
2019-09-05_00:37:30.564[Status]{'coordinate': [199.65651024714614, 435.11282112009], 'id': 11}
2019-09-05_00:37:30.564[Status]Routing 24: Walk: 15
2019-09-05_00:37:30.672[Battery Energy]99.84
2019-09-05_00:37:30.672[Status]Routing Start.
2019-09-05_00:37:30.966[Status]{'coordinate': [209.03361093028923, 438.5870091947627], 'id': 11}
2019-09-05_00:37:30.966[Status]Routing 25: Walk: 16
2019-09-05_00:37:31.080[Battery Energy]99.54
2019-09-05_00:37:31.080[Status]Routing Start.
2019-09-05_00:37:31.485[Status]{'coordinate': [218.4107116134323, 442.06119726943535], 'id': 11}
2019-09-05_00:37:31.485[Status]Routing 26: Walk: 17
2019-09-05_00:37:31.592[Battery Energy]99.22
2019-09-05_00:37:31.592[Status]Routing Start.
2019-09-05_00:37:32.079[Status]Routing 27: Walk: 17
2019-09-05_00:37:32.179[Battery Energy]98.83
2019-09-05_00:37:32.179[Status]Routing Start.
2019-09-05_00:37:32.685[Status]Routing 28: Walk: 17
2019-09-05_00:37:32.785[Battery Energy]98.43
2019-09-05_00:37:32.785[Status]Routing Start.
2019-09-05_00:37:33.111[Status]Routing 29: Walk: 17
2019-09-05_00:37:33.211[Battery Energy]98.15
2019-09-05_00:37:33.211[Status]Routing Start.
2019-09-05_00:37:33.443[Status]{'coordinate': [227.7878122965754, 445.535385344108], 'id': 11}
2019-09-05_00:37:33.443[Status]Routing 30: Walk: 18
2019-09-05_00:37:33.560[Battery Energy]97.89
2019-09-05_00:37:33.560[Status]Routing Start.
2019-09-05_00:37:34.102[Status]Routing 31: Walk: 18
2019-09-05_00:37:34.207[Battery Energy]97.53
2019-09-05_00:37:34.207[Status]Routing Start.
2019-09-05_00:37:34.537[Status]Routing 32: Walk: 18
2019-09-05_00:37:34.637[Battery Energy]97.20
2019-09-05_00:37:34.637[Status]Routing Start.
2019-09-05_00:37:35.006[Status]Routing 33: Walk: 18
2019-09-05_00:37:35.108[Battery Energy]96.85
2019-09-05_00:37:35.108[Status]Routing Start.
2019-09-05_00:37:35.449[Status]Routing 34: Walk: 18
2019-09-05_00:37:35.552[Battery Energy]96.57
2019-09-05_00:37:35.552[Status]Routing Start.
2019-09-05_00:37:35.789[Status]{'coordinate': [237.16491297971848, 449.0095734187807], 'id': 11}
2019-09-05_00:37:35.789[Status]Routing 35: Walk: 19
2019-09-05_00:37:35.900[Battery Energy]96.28
2019-09-05_00:37:35.900[Status]Routing Start.
2019-09-05_00:37:36.068[Status]{'coordinate': [246.54201366286156, 452.48376149345336], 'id': 11}
2019-09-05_00:37:36.068[Status]Routing 36: Walk: 20
2019-09-05_00:37:36.176[Battery Energy]96.06
2019-09-05_00:37:36.176[Status]Routing Start.
2019-09-05_00:37:36.557[Status]{'coordinate': [255.91911434600465, 455.957949568126], 'id': 11}
2019-09-05_00:37:36.557[Status]Routing 37: Walk: 21
2019-09-05_00:37:36.668[Battery Energy]95.70
2019-09-05_00:37:36.668[Status]Routing Start.
2019-09-05_00:37:37.004[Status]{'coordinate': [265.29621502914773, 459.4321376427987], 'id': 11}
2019-09-05_00:37:37.004[Status]Routing 38: Walk: 22
2019-09-05_00:37:37.104[Battery Energy]95.37
2019-09-05_00:37:37.104[Status]Routing Start.
2019-09-05_00:37:37.507[Status]{'coordinate': [274.6733157122908, 462.90632571747136], 'id': 11}
2019-09-05_00:37:37.509[Status]Routing 39: Walk: 23
2019-09-05_00:37:37.609[Battery Energy]95.06
2019-09-05_00:37:37.609[Status]Routing Start.
2019-09-05_00:37:37.968[Status]{'coordinate': [284.05041639543384, 466.38051379214403], 'id': 11}
2019-09-05_00:37:37.968[Status]Routing 40: Walk: 24
2019-09-05_00:37:38.068[Battery Energy]94.74
2019-09-05_00:37:38.069[Status]Routing Start.
2019-09-05_00:37:38.415[Status]{'coordinate': [293.4275170785769, 469.8547018668167], 'id': 11}
2019-09-05_00:37:38.415[Status]Routing 41: Walk: 25
2019-09-05_00:37:38.518[Battery Energy]94.39
2019-09-05_00:37:38.518[Status]Routing Start.
2019-09-05_00:37:38.913[Status]{'coordinate': [302.80461776171995, 473.32888994148936], 'id': 11}
2019-09-05_00:37:38.913[Status]Routing 42: Walk: 26
2019-09-05_00:37:39.014[Battery Energy]94.06
2019-09-05_00:37:39.014[Status]Routing Start.
2019-09-05_00:37:39.527[Status]{'coordinate': [305.1262497921688, 483.0556584035838], 'id': 11}
2019-09-05_00:37:39.531[Status]Routing 43: Walk: 27
2019-09-05_00:37:39.632[Battery Energy]93.60
2019-09-05_00:37:39.632[Status]Routing Start.
2019-09-05_00:37:39.958[Status]{'coordinate': [303.07013649516256, 492.8419957220025], 'id': 11}
2019-09-05_00:37:39.958[Status]Routing 44: Walk: 28
2019-09-05_00:37:40.059[Battery Energy]93.23
2019-09-05_00:37:40.059[Status]Routing Start.
2019-09-05_00:37:40.437[Status]{'coordinate': [312.5137131792805, 496.13119918350867], 'id': 11}
2019-09-05_00:37:40.437[Status]Routing 45: Walk: 29
2019-09-05_00:37:40.538[Battery Energy]92.85
2019-09-05_00:37:40.538[Status]Routing Start.
2019-09-05_00:37:40.885[Status]{'coordinate': [321.95728986339844, 499.42040264501486], 'id': 11}
2019-09-05_00:37:40.885[Status]Routing 46: Walk: 30
2019-09-05_00:37:40.985[Battery Energy]92.47
2019-09-05_00:37:40.985[Status]Routing Start.
2019-09-05_00:37:41.417[Status]{'coordinate': [331.4008665475164, 502.70960610652105], 'id': 11}
2019-09-05_00:37:41.417[Status]Routing 47: Walk: 31
2019-09-05_00:37:41.517[Battery Energy]92.07
2019-09-05_00:37:41.517[Status]Routing Start.
2019-09-05_00:37:41.818[Status]{'coordinate': [340.84444323163433, 505.99880956802724], 'id': 11}
2019-09-05_00:37:41.818[Status]Routing 48: Walk: 32
2019-09-05_00:37:41.919[Battery Energy]91.75
2019-09-05_00:37:41.919[Status]Routing Start.
2019-09-05_00:37:42.279[Status]{'coordinate': [350.2880199157523, 509.28801302953343], 'id': 11}
2019-09-05_00:37:42.279[Status]Routing 49: Walk: 33
2019-09-05_00:37:42.383[Battery Energy]91.43
2019-09-05_00:37:42.383[Status]Routing Start.
2019-09-05_00:37:42.540[Status]{'coordinate': [359.7315965998702, 512.5772164910396], 'id': 11}
2019-09-05_00:37:42.540[Status]Routing 50: Walk: 34
2019-09-05_00:37:42.651[Battery Energy]91.20
2019-09-05_00:37:42.652[Status]Routing Start.
2019-09-05_00:37:42.962[Status]{'coordinate': [369.17517328398816, 515.8664199525458], 'id': 11}
2019-09-05_00:37:42.962[Status]Routing 51: Walk: 35
2019-09-05_00:37:43.068[Battery Energy]90.89
2019-09-05_00:37:43.068[Status]Routing Start.
2019-09-05_00:37:43.431[Status]{'coordinate': [378.6187499681061, 519.155623414052], 'id': 11}
2019-09-05_00:37:43.431[Status]Routing 52: Walk: 36
2019-09-05_00:37:43.536[Battery Energy]90.52
2019-09-05_00:37:43.536[Status]Routing Start.
2019-09-05_00:37:43.913[Status]{'coordinate': [388.06232665222404, 522.4448268755582], 'id': 11}
2019-09-05_00:37:43.913[Status]Routing 53: Walk: 37
2019-09-05_00:37:44.020[Battery Energy]90.18
2019-09-05_00:37:44.020[Status]Routing Start.
2019-09-05_00:37:44.342[Status]{'coordinate': [397.505903336342, 525.7340303370644], 'id': 11}
2019-09-05_00:37:44.342[Status]Routing 54: Walk: 38
2019-09-05_00:37:44.442[Battery Energy]89.84
2019-09-05_00:37:44.442[Status]Routing Start.
2019-09-05_00:37:44.793[Status]{'coordinate': [406.94948002045993, 529.0232337985706], 'id': 11}
2019-09-05_00:37:44.793[Status]Routing 55: Walk: 39
2019-09-05_00:37:44.900[Battery Energy]89.53
2019-09-05_00:37:44.900[Status]Routing Start.
2019-09-05_00:37:45.236[Status]{'coordinate': [416.3930567045779, 532.3124372600768], 'id': 11}
2019-09-05_00:37:45.236[Status]Routing 56: Walk: 40
2019-09-05_00:37:45.340[Battery Energy]89.24
2019-09-05_00:37:45.340[Status]Routing Start.
2019-09-05_00:37:45.730[Status]{'coordinate': [425.8366333886958, 535.601640721583], 'id': 11}
2019-09-05_00:37:45.730[Status]Routing 57: Walk: 41
2019-09-05_00:37:45.830[Battery Energy]88.87
2019-09-05_00:37:45.830[Status]Routing Start.
2019-09-05_00:37:46.171[Status]{'coordinate': [435.28021007281376, 538.8908441830891], 'id': 11}
2019-09-05_00:37:46.171[Status]Routing 58: Walk: 42
2019-09-05_00:37:46.272[Battery Energy]88.53
2019-09-05_00:37:46.272[Status]Routing Start.
2019-09-05_00:37:46.603[Status]{'coordinate': [444.7237867569317, 542.1800476445953], 'id': 11}
2019-09-05_00:37:46.603[Status]Routing 59: Walk: 43
2019-09-05_00:37:46.703[Battery Energy]88.22
2019-09-05_00:37:46.703[Status]Routing Start.
2019-09-05_00:37:47.054[Status]{'coordinate': [454.16736344104964, 545.4692511061015], 'id': 11}
2019-09-05_00:37:47.054[Status]Routing 60: Walk: 44
2019-09-05_00:37:47.155[Battery Energy]87.90
2019-09-05_00:37:47.155[Status]Routing Start.
2019-09-05_00:37:47.405[Status]{'coordinate': [463.6109401251676, 548.7584545676077], 'id': 11}
2019-09-05_00:37:47.405[Status]Routing 61: Walk: 45
2019-09-05_00:37:47.508[Battery Energy]87.63
2019-09-05_00:37:47.508[Status]Routing Start.
2019-09-05_00:37:47.853[Status]{'coordinate': [473.05451680928553, 552.0476580291139], 'id': 11}
2019-09-05_00:37:47.853[Status]Routing 62: Walk: 46
2019-09-05_00:37:47.953[Battery Energy]87.34
2019-09-05_00:37:47.953[Status]Routing Start.
2019-09-05_00:37:48.252[Status]{'coordinate': [482.4980934934035, 555.3368614906201], 'id': 11}
2019-09-05_00:37:48.252[Status]Routing 63: Walk: 47
2019-09-05_00:37:48.360[Battery Energy]87.06
2019-09-05_00:37:48.360[Status]Routing Start.
2019-09-05_00:37:48.698[Status]{'coordinate': [491.9416701775214, 558.6260649521263], 'id': 11}
2019-09-05_00:37:48.698[Status]Routing 64: Walk: 48
2019-09-05_00:37:48.804[Battery Energy]86.76
2019-09-05_00:37:48.804[Status]Routing Start.
2019-09-05_00:37:48.977[Status]{'coordinate': [501.38524686163936, 561.9152684136325], 'id': 11}
2019-09-05_00:37:48.977[Status]Routing 65: Walk: 49
2019-09-05_00:37:49.088[Battery Energy]86.57
2019-09-05_00:37:49.088[Status]Routing Start.
2019-09-05_00:37:49.437[Status]{'coordinate': [510.8288235457573, 565.2044718751387], 'id': 11}
2019-09-05_00:37:49.437[Status]Routing 66: Walk: 50
2019-09-05_00:37:49.537[Battery Energy]86.30
2019-09-05_00:37:49.537[Status]Routing Start.
2019-09-05_00:37:49.769[Status]{'coordinate': [520.2724002298752, 568.4936753366449], 'id': 11}
2019-09-05_00:37:49.769[Status]Routing 67: Walk: 51
2019-09-05_00:37:49.871[Battery Energy]86.05
2019-09-05_00:37:49.871[Status]Routing Start.
2019-09-05_00:37:50.187[Status]{'coordinate': [529.7159769139931, 571.782878798151], 'id': 11}
2019-09-05_00:37:50.187[Status]Routing 68: Walk: 52
2019-09-05_00:37:50.291[Battery Energy]85.76
2019-09-05_00:37:50.291[Status]Routing Start.
2019-09-05_00:37:50.715[Status]{'coordinate': [539.1595535981111, 575.0720822596572], 'id': 11}
2019-09-05_00:37:50.715[Status]Routing 69: Walk: 53
2019-09-05_00:37:50.815[Battery Energy]85.41
2019-09-05_00:37:50.815[Status]Routing Start.
2019-09-05_00:37:51.204[Status]{'coordinate': [548.603130282229, 578.3612857211634], 'id': 11}
2019-09-05_00:37:51.204[Status]Routing 70: Walk: 54
2019-09-05_00:37:51.304[Battery Energy]85.14
2019-09-05_00:37:51.304[Status]Routing Start.
2019-09-05_00:37:51.648[Status]{'coordinate': [558.046706966347, 581.6504891826696], 'id': 11}
2019-09-05_00:37:51.648[Status]Routing 71: Walk: 55
2019-09-05_00:37:51.752[Battery Energy]84.82
2019-09-05_00:37:51.752[Status]Routing Start.
2019-09-05_00:37:52.091[Status]{'coordinate': [567.4902836504649, 584.9396926441758], 'id': 11}
2019-09-05_00:37:52.091[Status]Routing 72: Walk: 56
2019-09-05_00:37:52.200[Battery Energy]84.49
2019-09-05_00:37:52.200[Status]Routing Start.
2019-09-05_00:37:52.547[Status]{'coordinate': [576.9338603345828, 588.228896105682], 'id': 11}
2019-09-05_00:37:52.547[Status]Routing 73: Walk: 57
2019-09-05_00:37:52.668[Battery Energy]84.15
2019-09-05_00:37:52.668[Status]Routing Start.
2019-09-05_00:37:52.851[Status]{'coordinate': [586.3774370187008, 591.5180995671882], 'id': 11}
2019-09-05_00:37:52.853[Status]Routing 74: Walk: 58
2019-09-05_00:37:52.957[Battery Energy]83.93
2019-09-05_00:37:52.957[Status]Routing Start.
2019-09-05_00:37:53.353[Status]{'coordinate': [595.8210137028187, 594.8073030286944], 'id': 11}
2019-09-05_00:37:53.353[Status]Routing 75: Walk: 59
2019-09-05_00:37:53.464[Battery Energy]83.57
2019-09-05_00:37:53.464[Status]Routing Start.
2019-09-05_00:37:53.834[Status]{'coordinate': [605.2645903869367, 598.0965064902006], 'id': 11}
2019-09-05_00:37:53.834[Status]Routing 76: Walk: 60
2019-09-05_00:37:53.940[Battery Energy]83.27
2019-09-05_00:37:53.940[Status]Routing Start.
2019-09-05_00:37:54.100[Status]{'coordinate': [614.7081670710546, 601.3857099517068], 'id': 11}
2019-09-05_00:37:54.100[Status]Routing 77: Walk: 61
2019-09-05_00:37:54.201[Battery Energy]83.05
2019-09-05_00:37:54.201[Status]Routing Start.
2019-09-05_00:37:54.359[Status]{'coordinate': [624.1517437551726, 604.674913413213], 'id': 11}
2019-09-05_00:37:54.359[Status]Routing 78: Walk: 62
2019-09-05_00:37:54.472[Battery Energy]82.86
2019-09-05_00:37:54.472[Status]Routing Start.
2019-09-05_00:37:54.666[Status]{'coordinate': [633.5953204392905, 607.9641168747191], 'id': 11}
2019-09-05_00:37:54.666[Status]Routing 79: Walk: 63
2019-09-05_00:37:54.776[Battery Energy]82.65
2019-09-05_00:37:54.776[Status]Routing Start.
2019-09-05_00:37:55.143[Status]{'coordinate': [643.0388971234084, 611.2533203362253], 'id': 11}
2019-09-05_00:37:55.143[Status]Routing 80: Walk: 64
2019-09-05_00:37:55.252[Battery Energy]82.38
2019-09-05_00:37:55.252[Status]Routing Start.
2019-09-05_00:37:55.462[Status]{'coordinate': [652.4824738075264, 614.5425237977315], 'id': 11}
2019-09-05_00:37:55.462[Status]Routing 81: Walk: 65
2019-09-05_00:37:55.562[Battery Energy]82.13
2019-09-05_00:37:55.562[Status]Routing Start.
2019-09-05_00:37:55.748[Status]{'coordinate': [661.9260504916443, 617.8317272592377], 'id': 11}
2019-09-05_00:37:55.748[Status]Routing 82: Walk: 66
2019-09-05_00:37:55.868[Battery Energy]81.92
2019-09-05_00:37:55.868[Status]Routing Start.
2019-09-05_00:37:56.018[Status]{'coordinate': [671.3696271757623, 621.1209307207439], 'id': 11}
2019-09-05_00:37:56.018[Status]Routing 83: Walk: 67
2019-09-05_00:37:56.118[Battery Energy]81.73
2019-09-05_00:37:56.118[Status]Routing Start.
2019-09-05_00:37:56.298[Status]{'coordinate': [680.8132038598802, 624.4101341822501], 'id': 11}
2019-09-05_00:37:56.298[Status]Routing 84: Walk: 68
2019-09-05_00:37:56.404[Battery Energy]81.52
2019-09-05_00:37:56.404[Status]Routing Start.
2019-09-05_00:37:56.601[Status]{'coordinate': [690.2567805439982, 627.6993376437563], 'id': 11}
2019-09-05_00:37:56.601[Status]Routing 85: Walk: 69
2019-09-05_00:37:56.716[Battery Energy]81.30
2019-09-05_00:37:56.716[Status]Routing Start.
2019-09-05_00:37:56.922[Status]{'coordinate': [699.7003572281161, 630.9885411052625], 'id': 11}
2019-09-05_00:37:56.923[Status]Routing 86: Walk: 70
2019-09-05_00:37:57.076[Battery Energy]81.08
2019-09-05_00:37:57.076[Status]Routing Start.
2019-09-05_00:37:57.228[Status]{'coordinate': [709.143933912234, 634.2777445667687], 'id': 11}
2019-09-05_00:37:57.228[Status]Routing 87: Walk: 71
2019-09-05_00:37:57.329[Battery Energy]80.87
2019-09-05_00:37:57.329[Status]Routing Start.
2019-09-05_00:37:57.505[Status]{'coordinate': [718.587510596352, 637.5669480282749], 'id': 11}
2019-09-05_00:37:57.505[Status]Routing 88: Walk: 72
2019-09-05_00:37:57.612[Battery Energy]80.66
2019-09-05_00:37:57.612[Status]Routing Start.
2019-09-05_00:37:57.791[Status]{'coordinate': [728.0310872804699, 640.856151489781], 'id': 11}
2019-09-05_00:37:57.791[Status]Routing 89: Walk: 73
2019-09-05_00:37:57.900[Battery Energy]80.45
2019-09-05_00:37:57.900[Status]Routing Start.
2019-09-05_00:37:58.131[Status]{'coordinate': [737.4746639645879, 644.1453549512872], 'id': 11}
2019-09-05_00:37:58.131[Status]Routing 90: Walk: 74
2019-09-05_00:37:58.231[Battery Energy]80.18
2019-09-05_00:37:58.231[Status]Routing Start.
2019-09-05_00:37:58.407[Status]{'coordinate': [746.9182406487058, 647.4345584127934], 'id': 11}
2019-09-05_00:37:58.407[Status]Routing 91: Walk: 75
2019-09-05_00:37:58.512[Battery Energy]79.96
2019-09-05_00:37:58.512[Status]Routing Start.
2019-09-05_00:37:58.710[Status]{'coordinate': [756.3618173328238, 650.7237618742996], 'id': 11}
2019-09-05_00:37:58.711[Status]Routing 92: Walk: 76
2019-09-05_00:37:58.811[Battery Energy]79.78
2019-09-05_00:37:58.812[Status]Routing Start.
2019-09-05_00:37:59.125[Status]{'coordinate': [765.8053940169417, 654.0129653358058], 'id': 11}
2019-09-05_00:37:59.125[Status]Routing 93: Walk: 77
2019-09-05_00:37:59.228[Battery Energy]79.47
2019-09-05_00:37:59.228[Status]Routing Start.
2019-09-05_00:37:59.474[Status]{'coordinate': [775.2489707010596, 657.302168797312], 'id': 11}
2019-09-05_00:37:59.474[Status]Routing 94: Walk: 78
2019-09-05_00:37:59.588[Battery Energy]79.24
2019-09-05_00:37:59.588[Status]Routing Start.
2019-09-05_00:37:59.795[Status]{'coordinate': [784.6925473851776, 660.5913722588182], 'id': 11}
2019-09-05_00:37:59.795[Status]Routing 95: Walk: 79
2019-09-05_00:37:59.912[Battery Energy]79.03
2019-09-05_00:37:59.912[Status]Routing Start.
2019-09-05_00:38:00.115[Status]{'coordinate': [794.1361240692955, 663.8805757203244], 'id': 11}
2019-09-05_00:38:00.115[Status]Routing 96: Walk: 80
2019-09-05_00:38:00.224[Battery Energy]78.79
2019-09-05_00:38:00.224[Status]Routing Start.
2019-09-05_00:38:00.427[Status]{'coordinate': [803.5797007534135, 667.1697791818306], 'id': 11}
2019-09-05_00:38:00.427[Status]Routing 97: Walk: 81
2019-09-05_00:38:00.532[Battery Energy]78.57
2019-09-05_00:38:00.532[Status]Routing Start.
2019-09-05_00:38:00.696[Status]{'coordinate': [813.0232774375314, 670.4589826433368], 'id': 11}
2019-09-05_00:38:00.696[Status]Routing 98: Walk: 82
2019-09-05_00:38:00.796[Battery Energy]78.36
2019-09-05_00:38:00.796[Status]Routing Start.
2019-09-05_00:38:01.260[Status]{'coordinate': [822.4668541216494, 673.748186104843], 'id': 11}
2019-09-05_00:38:01.260[Status]Routing 99: Walk: 83
2019-09-05_00:38:01.360[Battery Energy]77.93
2019-09-05_00:38:01.360[Status]Routing Start.
2019-09-05_00:38:01.769[Status]{'coordinate': [831.9104308057673, 677.0373895663491], 'id': 11}
2019-09-05_00:38:01.769[Status]Routing 100: Walk: 84
2019-09-05_00:38:01.871[Battery Energy]77.55
2019-09-05_00:38:01.871[Status]Routing Start.
2019-09-05_00:38:02.234[Status]{'coordinate': [841.3540074898852, 680.3265930278553], 'id': 11}
2019-09-05_00:38:02.236[Status]Routing 101: Walk: 85
2019-09-05_00:38:02.340[Battery Energy]77.28
2019-09-05_00:38:02.340[Status]Routing Start.
2019-09-05_00:38:02.721[Status]{'coordinate': [850.7975841740032, 683.6157964893615], 'id': 11}
2019-09-05_00:38:02.721[Status]Routing 102: Walk: 86
2019-09-05_00:38:02.848[Battery Energy]76.95
2019-09-05_00:38:02.848[Status]Routing Start.
2019-09-05_00:38:03.102[Status]{'coordinate': [860.2411608581211, 686.9049999508677], 'id': 11}
2019-09-05_00:38:03.103[Status]Routing 103: Walk: 87
2019-09-05_00:38:03.211[Battery Energy]76.67
2019-09-05_00:38:03.211[Status]Routing Start.
2019-09-05_00:38:03.423[Status]{'coordinate': [869.6847375422391, 690.1942034123739], 'id': 11}
2019-09-05_00:38:03.426[Status]Routing 104: Walk: 88
2019-09-05_00:38:03.526[Battery Energy]76.43
2019-09-05_00:38:03.527[Status]Routing Start.
2019-09-05_00:38:03.879[Status]{'coordinate': [879.128314226357, 693.4834068738801], 'id': 11}
2019-09-05_00:38:03.879[Status]Routing 105: Walk: 89
2019-09-05_00:38:03.980[Battery Energy]76.13
2019-09-05_00:38:03.980[Status]Routing Start.
2019-09-05_00:38:04.298[Status]{'coordinate': [888.571890910475, 696.7726103353863], 'id': 11}
2019-09-05_00:38:04.299[Status]Routing 106: Walk: 90
2019-09-05_00:38:04.408[Battery Energy]75.90
2019-09-05_00:38:04.408[Status]Routing Start.
2019-09-05_00:38:04.634[Status]{'coordinate': [898.0154675945929, 700.0618137968925], 'id': 11}
2019-09-05_00:38:04.634[Status]Routing 107: Walk: 91
2019-09-05_00:38:04.744[Battery Energy]75.66
2019-09-05_00:38:04.744[Status]Routing Start.
2019-09-05_00:38:05.101[Status]{'coordinate': [907.4590442787108, 703.3510172583987], 'id': 11}
2019-09-05_00:38:05.101[Status]Routing 108: Walk: 92
2019-09-05_00:38:05.212[Battery Energy]75.35
2019-09-05_00:38:05.212[Status]Routing Start.
2019-09-05_00:38:05.435[Status]{'coordinate': [916.9026209628288, 706.6402207199048], 'id': 11}
2019-09-05_00:38:05.435[Status]Routing 109: Walk: 93
2019-09-05_00:38:05.544[Battery Energy]75.10
2019-09-05_00:38:05.544[Status]Routing Start.
2019-09-05_00:38:05.831[Status]{'coordinate': [926.3461976469467, 709.929424181411], 'id': 11}
2019-09-05_00:38:05.831[Status]Routing 110: Walk: 94
2019-09-05_00:38:05.931[Battery Energy]74.81
2019-09-05_00:38:05.931[Status]Routing Start.
2019-09-05_00:38:06.135[Status]{'coordinate': [935.7897743310647, 713.2186276429172], 'id': 11}
2019-09-05_00:38:06.135[Status]Routing 111: Walk: 95
2019-09-05_00:38:06.252[Battery Energy]74.60
2019-09-05_00:38:06.252[Status]Routing Start.
2019-09-05_00:38:06.609[Status]{'coordinate': [945.2333510151826, 716.5078311044234], 'id': 11}
2019-09-05_00:38:06.609[Status]Routing 112: Walk: 96
2019-09-05_00:38:06.724[Battery Energy]74.28
2019-09-05_00:38:06.724[Status]Routing Start.
2019-09-05_00:38:07.119[Status]{'coordinate': [954.6769276993006, 719.7970345659296], 'id': 11}
2019-09-05_00:38:07.119[Status]Routing 113: Walk: 97
2019-09-05_00:38:07.219[Battery Energy]73.93
2019-09-05_00:38:07.219[Status]Routing Start.
2019-09-05_00:38:07.567[Status]{'coordinate': [964.1205043834185, 723.0862380274358], 'id': 11}
2019-09-05_00:38:07.567[Status]Routing 114: Walk: 98
2019-09-05_00:38:07.676[Battery Energy]73.63
2019-09-05_00:38:07.676[Status]Routing Start.
2019-09-05_00:38:07.815[Status]{'coordinate': [973.5640810675364, 726.375441488942], 'id': 11}
2019-09-05_00:38:07.815[Status]Routing 115: Walk: 99
2019-09-05_00:38:07.924[Battery Energy]73.43
2019-09-05_00:38:07.924[Status]Routing Start.
2019-09-05_00:38:08.080[Status]{'coordinate': [983.0076577516544, 729.6646449504482], 'id': 11}
2019-09-05_00:38:08.080[Status]Routing 116: Walk: 100
2019-09-05_00:38:08.184[Battery Energy]73.24
2019-09-05_00:38:08.184[Status]Routing Start.
2019-09-05_00:38:08.346[Status]{'coordinate': [992.4512344357723, 732.9538484119544], 'id': 11}
2019-09-05_00:38:08.349[Status]Routing 117: Walk: 101
2019-09-05_00:38:08.464[Battery Energy]73.06
2019-09-05_00:38:08.464[Status]Routing Start.
2019-09-05_00:38:08.657[Status]{'coordinate': [1001.8948111198903, 736.2430518734606], 'id': 11}
2019-09-05_00:38:08.658[Status]Routing 118: Walk: 102
2019-09-05_00:38:08.764[Battery Energy]72.83
2019-09-05_00:38:08.764[Status]Routing Start.
2019-09-05_00:38:09.206[Status]{'coordinate': [1011.3383878040082, 739.5322553349667], 'id': 11}
2019-09-05_00:38:09.206[Status]Routing 119: Walk: 103
2019-09-05_00:38:09.306[Battery Energy]72.53
2019-09-05_00:38:09.306[Status]Routing Start.
2019-09-05_00:38:09.576[Status]{'coordinate': [1020.7819644881262, 742.8214587964729], 'id': 11}
2019-09-05_00:38:09.576[Status]Routing 120: Walk: 104
2019-09-05_00:38:09.676[Battery Energy]72.27
2019-09-05_00:38:09.676[Status]Routing Start.
2019-09-05_00:38:09.863[Status]{'coordinate': [1030.2255411722442, 746.1106622579791], 'id': 11}
2019-09-05_00:38:09.864[Status]Routing 121: Walk: 105
2019-09-05_00:38:09.972[Battery Energy]72.06
2019-09-05_00:38:09.972[Status]Routing Start.
2019-09-05_00:38:10.280[Status]{'coordinate': [1039.6691178563622, 749.3998657194853], 'id': 11}
2019-09-05_00:38:10.280[Status]Routing 122: Walk: 106
2019-09-05_00:38:10.392[Battery Energy]71.79
2019-09-05_00:38:10.392[Status]Routing Start.
2019-09-05_00:38:10.687[Status]{'coordinate': [1049.11269454048, 752.6890691809914], 'id': 11}
2019-09-05_00:38:10.687[Status]Routing 123: Walk: 107
2019-09-05_00:38:10.804[Battery Energy]71.49
2019-09-05_00:38:10.804[Status]Routing Start.
2019-09-05_00:38:11.044[Status]{'coordinate': [1058.556271224598, 755.9782726424976], 'id': 11}
2019-09-05_00:38:11.044[Status]Routing 124: Walk: 108
2019-09-05_00:38:11.149[Battery Energy]71.24
2019-09-05_00:38:11.149[Status]Routing Start.
2019-09-05_00:38:11.473[Status]{'coordinate': [1067.999847908716, 759.2674761040037], 'id': 11}
2019-09-05_00:38:11.474[Status]Routing 125: Walk: 109
2019-09-05_00:38:11.592[Battery Energy]70.99
2019-09-05_00:38:11.592[Status]Routing Start.
2019-09-05_00:38:11.745[Status]{'coordinate': [1077.443424592834, 762.5566795655099], 'id': 11}
2019-09-05_00:38:11.745[Status]Routing 126: Walk: 110
2019-09-05_00:38:11.846[Battery Energy]70.78
2019-09-05_00:38:11.846[Status]Routing Start.
2019-09-05_00:38:12.101[Status]{'coordinate': [1086.8870012769519, 765.8458830270159], 'id': 11}
2019-09-05_00:38:12.103[Status]Routing 127: Walk: 111
2019-09-05_00:38:12.203[Battery Energy]70.56
2019-09-05_00:38:12.203[Status]Routing Start.
2019-09-05_00:38:12.416[Status]{'coordinate': [1096.3305779610698, 769.1350864885221], 'id': 11}
2019-09-05_00:38:12.416[Status]Routing 128: Walk: 112
2019-09-05_00:38:12.516[Battery Energy]70.27
2019-09-05_00:38:12.516[Status]Routing Start.
2019-09-05_00:38:12.717[Status]{'coordinate': [1105.7741546451878, 772.4242899500282], 'id': 11}
2019-09-05_00:38:12.717[Status]Routing 129: Walk: 113
2019-09-05_00:38:12.824[Battery Energy]70.06
2019-09-05_00:38:12.824[Status]Routing Start.
2019-09-05_00:38:13.030[Status]{'coordinate': [1115.2177313293057, 775.7134934115344], 'id': 11}
2019-09-05_00:38:13.030[Status]Routing 130: Walk: 114
2019-09-05_00:38:13.136[Battery Energy]69.82
2019-09-05_00:38:13.136[Status]Routing Start.
2019-09-05_00:38:13.345[Status]{'coordinate': [1124.6613080134236, 779.0026968730405], 'id': 11}
2019-09-05_00:38:13.345[Status]Routing 131: Walk: 115
2019-09-05_00:38:13.453[Battery Energy]69.61
2019-09-05_00:38:13.453[Status]Routing Start.
2019-09-05_00:38:13.743[Status]{'coordinate': [1134.1048846975416, 782.2919003345467], 'id': 11}
2019-09-05_00:38:13.744[Status]Routing 132: Walk: 116
2019-09-05_00:38:13.848[Battery Energy]69.33
2019-09-05_00:38:13.848[Status]Routing Start.
2019-09-05_00:38:14.140[Status]{'coordinate': [1143.5484613816595, 785.5811037960527], 'id': 11}
2019-09-05_00:38:14.141[Status]Routing 133: Walk: 117
2019-09-05_00:38:14.248[Battery Energy]69.00
2019-09-05_00:38:14.248[Status]Routing Start.
2019-09-05_00:38:14.467[Status]{'coordinate': [1152.9920380657775, 788.8703072575589], 'id': 11}
2019-09-05_00:38:14.468[Status]Routing 134: Walk: 118
2019-09-05_00:38:14.580[Battery Energy]68.79
2019-09-05_00:38:14.580[Status]Routing Start.
2019-09-05_00:38:14.756[Status]{'coordinate': [1162.4356147498954, 792.159510719065], 'id': 11}
2019-09-05_00:38:14.756[Status]Routing 135: Walk: 119
2019-09-05_00:38:14.868[Battery Energy]68.58
2019-09-05_00:38:14.868[Status]Routing Start.
2019-09-05_00:38:15.100[Status]{'coordinate': [1171.8791914340134, 795.4487141805712], 'id': 11}
2019-09-05_00:38:15.100[Status]Routing 136: Walk: 120
2019-09-05_00:38:15.206[Battery Energy]68.30
2019-09-05_00:38:15.206[Status]Routing Start.
2019-09-05_00:38:15.206[Status]Task Finished.
2019-09-05_00:38:15.307[Battery Energy]68.30
2019-09-05_00:38:15.474[Status]Routing 138: Walk: 120
2019-09-05_00:38:15.574[Battery Energy]68.20
2019-09-05_00:38:15.765[Status]Routing 139: Walk: 120
2019-09-05_00:38:15.866[Battery Energy]68.08
2019-09-05_00:38:16.044[Status]Routing 140: Walk: 120
2019-09-05_00:38:16.144[Battery Energy]67.94
2019-09-05_00:38:16.439[Status]Routing 141: Walk: 120
2019-09-05_00:38:16.552[Battery Energy]67.79
2019-09-05_00:38:16.718[Status]Routing 142: Walk: 120
2019-09-05_00:38:16.826[Battery Energy]67.68
2019-09-05_00:38:17.088[Status]Routing 143: Walk: 120
2019-09-05_00:38:17.192[Battery Energy]67.50
2019-09-05_00:38:17.385[Status]Routing 144: Walk: 120
2019-09-05_00:38:17.490[Battery Energy]67.36
2019-09-05_00:38:17.825[Status]Routing 145: Walk: 120
2019-09-05_00:38:17.926[Battery Energy]67.16
2019-09-05_00:38:18.168[Status]Routing 146: Walk: 120
2019-09-05_00:38:18.276[Battery Energy]67.02
2019-09-05_00:38:18.460[Status]Routing 147: Walk: 120
2019-09-05_00:38:18.562[Battery Energy]66.88
2019-09-05_00:38:18.769[Status]Routing 148: Walk: 120
2019-09-05_00:38:18.876[Battery Energy]66.75
2019-09-05_00:38:19.121[Status]Routing 149: Walk: 120
2019-09-05_00:38:19.240[Battery Energy]66.55
2019-09-05_00:38:19.428[Status]Routing 150: Walk: 120
2019-09-05_00:38:19.532[Battery Energy]66.44
2019-09-05_00:38:19.697[Status]Routing 151: Walk: 120
2019-09-05_00:38:19.800[Battery Energy]66.34
2019-09-05_00:38:19.971[Status]Routing 152: Walk: 120
2019-09-05_00:38:20.071[Battery Energy]66.22
2019-09-05_00:38:20.245[Status]Routing 153: Walk: 120
2019-09-05_00:38:20.364[Battery Energy]66.11
2019-09-05_00:38:20.538[Status]Routing 154: Walk: 120
2019-09-05_00:38:20.648[Battery Energy]66.03
2019-09-05_00:38:20.901[Status]Routing 155: Walk: 120
2019-09-05_00:38:21.028[Battery Energy]65.85
2019-09-05_00:38:21.259[Status]Routing 156: Walk: 120
2019-09-05_00:38:21.372[Battery Energy]65.69
2019-09-05_00:38:21.550[Status]Routing 157: Walk: 120
2019-09-05_00:38:21.664[Battery Energy]65.59
2019-09-05_00:38:21.884[Status]Routing 158: Walk: 120
2019-09-05_00:38:21.996[Battery Energy]65.48
2019-09-05_00:38:22.210[Status]Routing 159: Walk: 120
2019-09-05_00:38:22.313[Battery Energy]65.37
2019-09-05_00:38:22.582[Status]Routing 160: Walk: 120
2019-09-05_00:38:22.694[Battery Energy]65.24
2019-09-05_00:38:22.839[Status]Routing 161: Walk: 120
2019-09-05_00:38:22.944[Battery Energy]65.12
2019-09-05_00:38:23.186[Status]Routing 162: Walk: 120
2019-09-05_00:38:23.292[Battery Energy]65.01
2019-09-05_00:38:23.452[Status]Routing 163: Walk: 120
2019-09-05_00:38:23.552[Battery Energy]64.88
2019-09-05_00:38:23.726[Status]Routing 164: Walk: 120
2019-09-05_00:38:23.832[Battery Energy]64.75
2019-09-05_00:38:23.988[Status]Routing 165: Walk: 120
2019-09-05_00:38:24.100[Battery Energy]64.65
2019-09-05_00:38:24.301[Status]Routing 166: Walk: 120
2019-09-05_00:38:24.416[Battery Energy]64.52
2019-09-05_00:38:24.570[Status]Routing 167: Walk: 120
2019-09-05_00:38:24.676[Battery Energy]64.42
2019-09-05_00:38:24.913[Status]Routing 168: Walk: 120
2019-09-05_00:38:25.016[Battery Energy]64.25
