2019-09-05_01:13:43.284[Status]Start.
2019-09-05_01:13:43.285[Battery Energy]105.00
2019-09-05_01:13:44.389[Battery Energy]104.96
2019-09-05_01:13:45.491[Battery Energy]104.92
2019-09-05_01:13:46.592[Battery Energy]104.88
2019-09-05_01:13:47.694[Battery Energy]104.84
2019-09-05_01:13:48.795[Task]A New Task Released.
2019-09-05_01:13:48.795[Battery Energy]104.80
2019-09-05_01:13:48.795[Status]Selection Start.
2019-09-05_01:13:52.147[Status]Selection End: Do Task 0.
2019-09-05_01:13:52.248[Battery Energy]102.26
2019-09-05_01:13:52.248[Status]Formation Start.
2019-09-05_01:13:52.486[Status]Formation End: To Position 2.
2019-09-05_01:13:52.586[Battery Energy]102.09
2019-09-05_01:13:52.586[Status]Routing Start.
2019-09-05_01:13:52.815[Status]{'coordinate': [148.56767111715018, 710.0914489184389], 'id': 3}
2019-09-05_01:13:52.815[Status]Routing 1: Walk: 1
2019-09-05_01:13:52.924[Battery Energy]101.90
2019-09-05_01:13:52.924[Status]Routing Start.
2019-09-05_01:13:53.146[Status]{'coordinate': [158.13534223430037, 707.1828978368778], 'id': 3}
2019-09-05_01:13:53.146[Status]Routing 2: Walk: 2
2019-09-05_01:13:53.246[Battery Energy]101.64
2019-09-05_01:13:53.246[Status]Routing Start.
2019-09-05_01:13:53.418[Status]{'coordinate': [167.70301335145058, 704.2743467553167], 'id': 3}
2019-09-05_01:13:53.418[Status]Routing 3: Walk: 3
2019-09-05_01:13:53.519[Battery Energy]101.43
2019-09-05_01:13:53.519[Status]Routing Start.
2019-09-05_01:13:53.687[Status]{'coordinate': [177.2706844686008, 701.3657956737557], 'id': 3}
2019-09-05_01:13:53.687[Status]Routing 4: Walk: 4
2019-09-05_01:13:53.792[Battery Energy]101.21
2019-09-05_01:13:53.792[Status]Routing Start.
2019-09-05_01:13:53.972[Status]{'coordinate': [186.838355585751, 698.4572445921946], 'id': 3}
2019-09-05_01:13:53.972[Status]Routing 5: Walk: 5
2019-09-05_01:13:54.080[Battery Energy]101.02
2019-09-05_01:13:54.080[Status]Routing Start.
2019-09-05_01:13:54.415[Status]{'coordinate': [196.40602670290122, 695.5486935106336], 'id': 3}
2019-09-05_01:13:54.415[Status]Routing 6: Walk: 6
2019-09-05_01:13:54.525[Battery Energy]100.70
2019-09-05_01:13:54.525[Status]Routing Start.
2019-09-05_01:13:54.975[Status]{'coordinate': [205.97369782005143, 692.6401424290725], 'id': 3}
2019-09-05_01:13:54.976[Status]Routing 7: Walk: 7
2019-09-05_01:13:55.092[Battery Energy]100.28
2019-09-05_01:13:55.092[Status]Routing Start.
2019-09-05_01:13:55.398[Status]{'coordinate': [215.54136893720164, 689.7315913475115], 'id': 3}
2019-09-05_01:13:55.398[Status]Routing 8: Walk: 8
2019-09-05_01:13:55.504[Battery Energy]99.94
2019-09-05_01:13:55.504[Status]Routing Start.
2019-09-05_01:13:55.826[Status]{'coordinate': [225.10904005435185, 686.8230402659505], 'id': 3}
2019-09-05_01:13:55.826[Status]Routing 9: Walk: 9
2019-09-05_01:13:55.926[Battery Energy]99.61
2019-09-05_01:13:55.926[Status]Routing Start.
2019-09-05_01:13:56.284[Status]{'coordinate': [234.67671117150206, 683.9144891843895], 'id': 3}
2019-09-05_01:13:56.284[Status]Routing 10: Walk: 10
2019-09-05_01:13:56.385[Battery Energy]99.31
2019-09-05_01:13:56.385[Status]Routing Start.
2019-09-05_01:13:56.919[Status]{'coordinate': [244.24438228865228, 681.0059381028284], 'id': 3}
2019-09-05_01:13:56.920[Status]Routing 11: Walk: 11
2019-09-05_01:13:57.024[Battery Energy]98.86
2019-09-05_01:13:57.024[Status]Routing Start.
2019-09-05_01:13:57.353[Status]{'coordinate': [253.8120534058025, 678.0973870212674], 'id': 3}
2019-09-05_01:13:57.353[Status]Routing 12: Walk: 12
2019-09-05_01:13:57.454[Battery Energy]98.54
2019-09-05_01:13:57.454[Status]Routing Start.
2019-09-05_01:13:57.794[Status]{'coordinate': [263.3797245229527, 675.1888359397063], 'id': 3}
2019-09-05_01:13:57.794[Status]Routing 13: Walk: 13
2019-09-05_01:13:57.896[Battery Energy]98.20
2019-09-05_01:13:57.896[Status]Routing Start.
2019-09-05_01:13:58.292[Status]{'coordinate': [272.9473956401029, 672.2802848581454], 'id': 3}
2019-09-05_01:13:58.292[Status]Routing 14: Walk: 14
2019-09-05_01:13:58.392[Battery Energy]97.87
2019-09-05_01:13:58.392[Status]Routing Start.
2019-09-05_01:13:58.392[Status]Task Finished.
2019-09-05_01:13:58.492[Battery Energy]97.87
2019-09-05_01:13:58.720[Status]Routing 16: Walk: 14
2019-09-05_01:13:58.823[Battery Energy]97.70
2019-09-05_01:13:59.182[Status]Routing 17: Walk: 14
2019-09-05_01:13:59.283[Battery Energy]97.44
2019-09-05_01:13:59.740[Status]Routing 18: Walk: 14
2019-09-05_01:13:59.852[Battery Energy]97.19
2019-09-05_01:14:00.152[Status]Routing 19: Walk: 14
2019-09-05_01:14:00.252[Battery Energy]97.00
2019-09-05_01:14:00.600[Status]Routing 20: Walk: 14
2019-09-05_01:14:00.704[Battery Energy]96.78
2019-09-05_01:14:01.246[Status]Routing 21: Walk: 14
2019-09-05_01:14:01.364[Battery Energy]96.35
2019-09-05_01:14:01.544[Status]Routing 22: Walk: 14
2019-09-05_01:14:01.644[Battery Energy]96.22
2019-09-05_01:14:01.997[Status]Routing 23: Walk: 14
2019-09-05_01:14:02.100[Battery Energy]95.92
2019-09-05_01:14:02.448[Status]Routing 24: Walk: 14
2019-09-05_01:14:02.551[Battery Energy]95.58
2019-09-05_01:14:02.729[Status]Routing 25: Walk: 14
2019-09-05_01:14:02.832[Battery Energy]95.45
2019-09-05_01:14:03.174[Status]Routing 26: Walk: 14
2019-09-05_01:14:03.292[Battery Energy]95.26
2019-09-05_01:14:03.636[Status]Routing 27: Walk: 14
2019-09-05_01:14:03.738[Battery Energy]95.00
2019-09-05_01:14:04.077[Status]Routing 28: Walk: 14
2019-09-05_01:14:04.177[Battery Energy]94.76
2019-09-05_01:14:04.503[Status]Routing 29: Walk: 14
2019-09-05_01:14:04.603[Battery Energy]94.50
2019-09-05_01:14:04.806[Status]Routing 30: Walk: 14
2019-09-05_01:14:04.908[Battery Energy]94.37
2019-09-05_01:14:05.309[Status]Routing 31: Walk: 14
2019-09-05_01:14:05.409[Battery Energy]94.14
2019-09-05_01:14:05.549[Status]Routing 32: Walk: 14
2019-09-05_01:14:05.667[Battery Energy]94.04
2019-09-05_01:14:05.944[Status]Routing 33: Walk: 14
2019-09-05_01:14:06.044[Battery Energy]93.89
2019-09-05_01:14:06.300[Status]Routing 34: Walk: 14
2019-09-05_01:14:06.400[Battery Energy]93.75
2019-09-05_01:14:06.754[Status]Routing 35: Walk: 14
2019-09-05_01:14:06.862[Battery Energy]93.47
2019-09-05_01:14:07.217[Status]Routing 36: Walk: 14
2019-09-05_01:14:07.320[Battery Energy]93.24
2019-09-05_01:14:07.718[Status]Routing 37: Walk: 14
2019-09-05_01:14:07.820[Battery Energy]93.00
2019-09-05_01:14:08.161[Status]Routing 38: Walk: 14
2019-09-05_01:14:08.272[Battery Energy]92.76
2019-09-05_01:14:08.583[Status]Routing 39: Walk: 14
2019-09-05_01:14:08.684[Battery Energy]92.56
2019-09-05_01:14:09.060[Status]Routing 40: Walk: 14
2019-09-05_01:14:09.161[Battery Energy]92.39
2019-09-05_01:14:09.463[Status]Routing 41: Walk: 14
2019-09-05_01:14:09.563[Battery Energy]92.24
2019-09-05_01:14:09.939[Status]Routing 42: Walk: 14
2019-09-05_01:14:10.039[Battery Energy]92.00
2019-09-05_01:14:10.220[Status]Routing 43: Walk: 14
2019-09-05_01:14:10.320[Battery Energy]91.86
2019-09-05_01:14:10.683[Status]Routing 44: Walk: 14
2019-09-05_01:14:10.792[Battery Energy]91.60
2019-09-05_01:14:10.956[Status]Routing 45: Walk: 14
2019-09-05_01:14:11.060[Battery Energy]91.50
2019-09-05_01:14:11.282[Status]Routing 46: Walk: 14
2019-09-05_01:14:11.396[Battery Energy]91.39
2019-09-05_01:14:11.730[Status]Routing 47: Walk: 14
2019-09-05_01:14:11.832[Battery Energy]91.15
2019-09-05_01:14:12.169[Status]Routing 48: Walk: 14
2019-09-05_01:14:12.270[Battery Energy]90.90
2019-09-05_01:14:12.609[Status]Routing 49: Walk: 14
2019-09-05_01:14:12.716[Battery Energy]90.69
2019-09-05_01:14:12.893[Status]Routing 50: Walk: 14
2019-09-05_01:14:12.996[Battery Energy]90.55
2019-09-05_01:14:13.314[Status]Routing 51: Walk: 14
2019-09-05_01:14:13.432[Battery Energy]90.39
2019-09-05_01:14:13.580[Status]Routing 52: Walk: 14
2019-09-05_01:14:13.684[Battery Energy]90.30
2019-09-05_01:14:13.845[Status]Routing 53: Walk: 14
2019-09-05_01:14:13.952[Battery Energy]90.20
2019-09-05_01:14:14.153[Status]Routing 54: Walk: 14
2019-09-05_01:14:14.268[Battery Energy]90.03
2019-09-05_01:14:14.411[Status]Routing 55: Walk: 14
2019-09-05_01:14:14.524[Battery Energy]89.92
2019-09-05_01:14:14.746[Status]Routing 56: Walk: 14
2019-09-05_01:14:14.847[Battery Energy]89.83
2019-09-05_01:14:15.174[Status]Routing 57: Walk: 14
2019-09-05_01:14:15.280[Battery Energy]89.61
2019-09-05_01:14:15.727[Status]Routing 58: Walk: 14
2019-09-05_01:14:15.828[Battery Energy]89.38
2019-09-05_01:14:16.137[Status]Routing 59: Walk: 14
2019-09-05_01:14:16.238[Battery Energy]89.18
2019-09-05_01:14:16.536[Status]Routing 60: Walk: 14
2019-09-05_01:14:16.636[Battery Energy]88.96
2019-09-05_01:14:16.849[Status]Routing 61: Walk: 14
2019-09-05_01:14:16.956[Battery Energy]88.80
2019-09-05_01:14:17.130[Status]Routing 62: Walk: 14
2019-09-05_01:14:17.240[Battery Energy]88.69
2019-09-05_01:14:17.367[Status]Routing 63: Walk: 14
2019-09-05_01:14:17.467[Battery Energy]88.61
2019-09-05_01:14:17.670[Status]Routing 64: Walk: 14
2019-09-05_01:14:17.770[Battery Energy]88.46
2019-09-05_01:14:17.945[Status]Routing 65: Walk: 14
2019-09-05_01:14:18.056[Battery Energy]88.37
2019-09-05_01:14:18.196[Status]Routing 66: Walk: 14
2019-09-05_01:14:18.304[Battery Energy]88.28
2019-09-05_01:14:18.531[Status]Routing 67: Walk: 14
2019-09-05_01:14:18.640[Battery Energy]88.18
2019-09-05_01:14:18.817[Status]Routing 68: Walk: 14
2019-09-05_01:14:18.928[Battery Energy]88.05
2019-09-05_01:14:19.247[Status]Routing 69: Walk: 14
2019-09-05_01:14:19.388[Battery Energy]87.82
2019-09-05_01:14:19.547[Status]Routing 70: Walk: 14
2019-09-05_01:14:19.648[Battery Energy]87.74
2019-09-05_01:14:19.873[Status]Routing 71: Walk: 14
2019-09-05_01:14:19.984[Battery Energy]87.62
2019-09-05_01:14:20.170[Status]Routing 72: Walk: 14
2019-09-05_01:14:20.280[Battery Energy]87.51
2019-09-05_01:14:20.499[Status]Routing 73: Walk: 14
2019-09-05_01:14:20.600[Battery Energy]87.33
2019-09-05_01:14:20.835[Status]Routing 74: Walk: 14
2019-09-05_01:14:20.944[Battery Energy]87.19
2019-09-05_01:14:21.188[Status]Routing 75: Walk: 14
2019-09-05_01:14:21.295[Battery Energy]87.02
2019-09-05_01:14:21.462[Status]Routing 76: Walk: 14
2019-09-05_01:14:21.563[Battery Energy]86.92
2019-09-05_01:14:21.725[Status]Routing 77: Walk: 14
2019-09-05_01:14:21.825[Battery Energy]86.82
2019-09-05_01:14:22.054[Status]Routing 78: Walk: 14
2019-09-05_01:14:22.154[Battery Energy]86.66
2019-09-05_01:14:22.309[Status]Routing 79: Walk: 14
2019-09-05_01:14:22.409[Battery Energy]86.54
2019-09-05_01:14:22.662[Status]Routing 80: Walk: 14
2019-09-05_01:14:22.763[Battery Energy]86.44
2019-09-05_01:14:22.977[Status]Routing 81: Walk: 14
2019-09-05_01:14:23.100[Battery Energy]86.30
2019-09-05_01:14:23.273[Status]Routing 82: Walk: 14
2019-09-05_01:14:23.373[Battery Energy]86.15
2019-09-05_01:14:23.564[Status]Routing 83: Walk: 14
2019-09-05_01:14:23.680[Battery Energy]86.06
2019-09-05_01:14:23.892[Status]Routing 84: Walk: 14
2019-09-05_01:14:23.992[Battery Energy]85.92
2019-09-05_01:14:24.202[Status]Routing 85: Walk: 14
2019-09-05_01:14:24.302[Battery Energy]85.75
2019-09-05_01:14:24.573[Status]Routing 86: Walk: 14
2019-09-05_01:14:24.684[Battery Energy]85.60
2019-09-05_01:14:24.884[Status]Routing 87: Walk: 14
2019-09-05_01:14:24.992[Battery Energy]85.44
2019-09-05_01:14:25.135[Status]Routing 88: Walk: 14
2019-09-05_01:14:25.252[Battery Energy]85.33
2019-09-05_01:14:25.483[Status]Routing 89: Walk: 14
2019-09-05_01:14:25.588[Battery Energy]85.23
2019-09-05_01:14:25.723[Status]Routing 90: Walk: 14
2019-09-05_01:14:25.848[Battery Energy]85.13
2019-09-05_01:14:25.971[Status]Routing 91: Walk: 14
2019-09-05_01:14:26.092[Battery Energy]85.02
2019-09-05_01:14:26.226[Status]Routing 92: Walk: 14
2019-09-05_01:14:26.327[Battery Energy]84.94
2019-09-05_01:14:26.525[Status]Routing 93: Walk: 14
2019-09-05_01:14:26.626[Battery Energy]84.84
2019-09-05_01:14:26.829[Status]Routing 94: Walk: 14
2019-09-05_01:14:26.940[Battery Energy]84.73
2019-09-05_01:14:27.069[Status]Routing 95: Walk: 14
2019-09-05_01:14:27.169[Battery Energy]84.64
2019-09-05_01:14:27.377[Status]Routing 96: Walk: 14
2019-09-05_01:14:27.478[Battery Energy]84.45
2019-09-05_01:14:27.706[Status]Routing 97: Walk: 14
2019-09-05_01:14:27.812[Battery Energy]84.30
2019-09-05_01:14:28.060[Status]Routing 98: Walk: 14
2019-09-05_01:14:28.164[Battery Energy]84.10
2019-09-05_01:14:28.368[Status]Routing 99: Walk: 14
2019-09-05_01:14:28.472[Battery Energy]84.00
2019-09-05_01:14:28.856[Status]Routing 100: Walk: 14
2019-09-05_01:14:28.957[Battery Energy]83.74
2019-09-05_01:14:29.314[Status]Routing 101: Walk: 14
2019-09-05_01:14:29.414[Battery Energy]83.53
2019-09-05_01:14:29.588[Status]Routing 102: Walk: 14
2019-09-05_01:14:29.688[Battery Energy]83.44
2019-09-05_01:14:30.017[Status]Routing 103: Walk: 14
2019-09-05_01:14:30.119[Battery Energy]83.21
2019-09-05_01:14:30.316[Status]Routing 104: Walk: 14
2019-09-05_01:14:30.417[Battery Energy]83.11
2019-09-05_01:14:30.683[Status]Routing 105: Walk: 14
2019-09-05_01:14:30.786[Battery Energy]83.01
2019-09-05_01:14:31.140[Status]Routing 106: Walk: 14
2019-09-05_01:14:31.252[Battery Energy]82.81
2019-09-05_01:14:31.414[Status]Routing 107: Walk: 14
2019-09-05_01:14:31.515[Battery Energy]82.72
2019-09-05_01:14:31.684[Status]Routing 108: Walk: 14
2019-09-05_01:14:31.787[Battery Energy]82.60
2019-09-05_01:14:32.038[Status]Routing 109: Walk: 14
2019-09-05_01:14:32.138[Battery Energy]82.40
2019-09-05_01:14:32.442[Status]Routing 110: Walk: 14
2019-09-05_01:14:32.543[Battery Energy]82.20
2019-09-05_01:14:32.736[Status]Routing 111: Walk: 14
2019-09-05_01:14:32.840[Battery Energy]82.11
2019-09-05_01:14:33.108[Status]Routing 112: Walk: 14
2019-09-05_01:14:33.212[Battery Energy]81.92
2019-09-05_01:14:33.395[Status]Routing 113: Walk: 14
2019-09-05_01:14:33.511[Battery Energy]81.79
2019-09-05_01:14:33.718[Status]Routing 114: Walk: 14
2019-09-05_01:14:33.818[Battery Energy]81.68
2019-09-05_01:14:34.047[Status]Routing 115: Walk: 14
2019-09-05_01:14:34.172[Battery Energy]81.57
2019-09-05_01:14:34.391[Status]Routing 116: Walk: 14
2019-09-05_01:14:34.496[Battery Energy]81.42
2019-09-05_01:14:34.656[Status]Routing 117: Walk: 14
2019-09-05_01:14:34.776[Battery Energy]81.32
2019-09-05_01:14:35.022[Status]Routing 118: Walk: 14
2019-09-05_01:14:35.128[Battery Energy]81.19
2019-09-05_01:14:35.282[Status]Routing 119: Walk: 14
2019-09-05_01:14:35.383[Battery Energy]81.09
2019-09-05_01:14:35.690[Status]Routing 120: Walk: 14
2019-09-05_01:14:35.800[Battery Energy]80.91
2019-09-05_01:14:36.127[Status]Routing 121: Walk: 14
2019-09-05_01:14:36.228[Battery Energy]80.66
2019-09-05_01:14:36.486[Status]Routing 122: Walk: 14
2019-09-05_01:14:36.597[Battery Energy]80.49
2019-09-05_01:14:36.818[Status]Routing 123: Walk: 14
2019-09-05_01:14:36.928[Battery Energy]80.34
2019-09-05_01:14:37.246[Status]Routing 124: Walk: 14
2019-09-05_01:14:37.346[Battery Energy]80.18
2019-09-05_01:14:37.693[Status]Routing 125: Walk: 14
2019-09-05_01:14:37.796[Battery Energy]79.95
2019-09-05_01:14:38.152[Status]Routing 126: Walk: 14
2019-09-05_01:14:38.260[Battery Energy]79.64
2019-09-05_01:14:38.422[Status]Routing 127: Walk: 14
2019-09-05_01:14:38.532[Battery Energy]79.51
2019-09-05_01:14:38.985[Status]Routing 128: Walk: 14
2019-09-05_01:14:39.085[Battery Energy]79.29
2019-09-05_01:14:39.405[Status]Routing 129: Walk: 14
2019-09-05_01:14:39.506[Battery Energy]79.04
2019-09-05_01:14:39.825[Status]Routing 130: Walk: 14
2019-09-05_01:14:39.946[Battery Energy]78.90
2019-09-05_01:14:40.201[Status]Routing 131: Walk: 14
2019-09-05_01:14:40.304[Battery Energy]78.80
2019-09-05_01:14:40.635[Status]Routing 132: Walk: 14
2019-09-05_01:14:40.740[Battery Energy]78.55
2019-09-05_01:14:40.896[Status]Routing 133: Walk: 14
2019-09-05_01:14:40.996[Battery Energy]78.44
2019-09-05_01:14:41.374[Status]Routing 134: Walk: 14
2019-09-05_01:14:41.474[Battery Energy]78.20
2019-09-05_01:14:41.648[Status]Routing 135: Walk: 14
2019-09-05_01:14:41.749[Battery Energy]78.07
2019-09-05_01:14:41.926[Status]Routing 136: Walk: 14
2019-09-05_01:14:42.030[Battery Energy]77.97
2019-09-05_01:14:42.221[Status]Routing 137: Walk: 14
2019-09-05_01:14:42.328[Battery Energy]77.81
2019-09-05_01:14:42.510[Status]Routing 138: Walk: 14
2019-09-05_01:14:42.610[Battery Energy]77.72
2019-09-05_01:14:42.782[Status]Routing 139: Walk: 14
2019-09-05_01:14:42.888[Battery Energy]77.61
2019-09-05_01:14:43.181[Status]Routing 140: Walk: 14
2019-09-05_01:14:43.300[Battery Energy]77.49
2019-09-05_01:14:43.450[Status]Routing 141: Walk: 14
2019-09-05_01:14:43.550[Battery Energy]77.37
2019-09-05_01:14:43.732[Status]Routing 142: Walk: 14
2019-09-05_01:14:43.856[Battery Energy]77.22
2019-09-05_01:14:44.094[Status]Routing 143: Walk: 14
2019-09-05_01:14:44.208[Battery Energy]77.12
2019-09-05_01:14:44.379[Status]Routing 144: Walk: 14
2019-09-05_01:14:44.479[Battery Energy]77.01
2019-09-05_01:14:44.656[Status]Routing 145: Walk: 14
2019-09-05_01:14:44.756[Battery Energy]76.89
2019-09-05_01:14:44.981[Status]Routing 146: Walk: 14
2019-09-05_01:14:45.084[Battery Energy]76.75
2019-09-05_01:14:45.271[Status]Routing 147: Walk: 14
2019-09-05_01:14:45.384[Battery Energy]76.59
2019-09-05_01:14:45.595[Status]Routing 148: Walk: 14
2019-09-05_01:14:45.695[Battery Energy]76.48
2019-09-05_01:14:45.933[Status]Routing 149: Walk: 14
2019-09-05_01:14:46.060[Battery Energy]76.34
2019-09-05_01:14:46.249[Status]Routing 150: Walk: 14
2019-09-05_01:14:46.358[Battery Energy]76.23
2019-09-05_01:14:46.543[Status]Routing 151: Walk: 14
2019-09-05_01:14:46.644[Battery Energy]76.08
2019-09-05_01:14:46.826[Status]Routing 152: Walk: 14
2019-09-05_01:14:46.926[Battery Energy]75.97
2019-09-05_01:14:47.111[Status]Routing 153: Walk: 14
2019-09-05_01:14:47.216[Battery Energy]75.84
2019-09-05_01:14:47.411[Status]Routing 154: Walk: 14
2019-09-05_01:14:47.520[Battery Energy]75.72
2019-09-05_01:14:47.756[Status]Routing 155: Walk: 14
2019-09-05_01:14:47.856[Battery Energy]75.58
2019-09-05_01:14:48.066[Status]Routing 156: Walk: 14
2019-09-05_01:14:48.166[Battery Energy]75.46
2019-09-05_01:14:48.404[Status]Routing 157: Walk: 14
2019-09-05_01:14:48.504[Battery Energy]75.31
2019-09-05_01:14:48.748[Status]Routing 158: Walk: 14
2019-09-05_01:14:48.848[Battery Energy]75.18
2019-09-05_01:14:49.085[Status]Routing 159: Walk: 14
2019-09-05_01:14:49.199[Battery Energy]75.04
2019-09-05_01:14:49.397[Status]Routing 160: Walk: 14
2019-09-05_01:14:49.512[Battery Energy]74.92
2019-09-05_01:14:49.649[Status]Routing 161: Walk: 14
2019-09-05_01:14:49.756[Battery Energy]74.81
2019-09-05_01:14:49.891[Status]Routing 162: Walk: 14
2019-09-05_01:14:50.007[Battery Energy]74.70
2019-09-05_01:14:50.166[Status]Routing 163: Walk: 14
2019-09-05_01:14:50.266[Battery Energy]74.57
2019-09-05_01:14:50.523[Status]Routing 164: Walk: 14
2019-09-05_01:14:50.623[Battery Energy]74.39
2019-09-05_01:14:50.875[Status]Routing 165: Walk: 14
2019-09-05_01:14:50.996[Battery Energy]74.24
2019-09-05_01:14:51.151[Status]Routing 166: Walk: 14
2019-09-05_01:14:51.260[Battery Energy]74.14
2019-09-05_01:14:51.419[Status]Routing 167: Walk: 14
2019-09-05_01:14:51.556[Battery Energy]74.02
2019-09-05_01:14:51.708[Status]Routing 168: Walk: 14
2019-09-05_01:14:51.811[Battery Energy]73.92
2019-09-05_01:14:52.151[Status]Routing 169: Walk: 14
2019-09-05_01:14:52.251[Battery Energy]73.77
2019-09-05_01:14:52.456[Status]Routing 170: Walk: 14
2019-09-05_01:14:52.562[Battery Energy]73.66
2019-09-05_01:14:52.867[Status]Routing 171: Walk: 14
2019-09-05_01:14:52.976[Battery Energy]73.48
2019-09-05_01:14:53.123[Status]Routing 172: Walk: 14
2019-09-05_01:14:53.232[Battery Energy]73.35
2019-09-05_01:14:53.432[Status]Routing 173: Walk: 14
2019-09-05_01:14:53.534[Battery Energy]73.18
2019-09-05_01:14:53.858[Status]Routing 174: Walk: 14
2019-09-05_01:14:53.964[Battery Energy]73.02
2019-09-05_01:14:54.355[Status]Routing 175: Walk: 14
2019-09-05_01:14:54.456[Battery Energy]72.88
2019-09-05_01:14:54.639[Status]Routing 176: Walk: 14
2019-09-05_01:14:54.748[Battery Energy]72.78
2019-09-05_01:14:54.960[Status]Routing 177: Walk: 14
2019-09-05_01:14:55.072[Battery Energy]72.66
2019-09-05_01:14:55.366[Status]Routing 178: Walk: 14
2019-09-05_01:14:55.480[Battery Energy]72.50
2019-09-05_01:14:55.671[Status]Routing 179: Walk: 14
2019-09-05_01:14:55.774[Battery Energy]72.37
2019-09-05_01:14:55.953[Status]Routing 180: Walk: 14
2019-09-05_01:14:56.068[Battery Energy]72.26
2019-09-05_01:14:56.216[Status]Routing 181: Walk: 14
2019-09-05_01:14:56.317[Battery Energy]72.17
2019-09-05_01:14:56.562[Status]Routing 182: Walk: 14
2019-09-05_01:14:56.664[Battery Energy]72.03
2019-09-05_01:14:56.831[Status]Routing 183: Walk: 14
2019-09-05_01:14:56.940[Battery Energy]71.94
2019-09-05_01:14:57.115[Status]Routing 184: Walk: 14
2019-09-05_01:14:57.228[Battery Energy]71.80
2019-09-05_01:14:57.452[Status]Routing 185: Walk: 14
2019-09-05_01:14:57.553[Battery Energy]71.66
2019-09-05_01:14:57.720[Status]Routing 186: Walk: 14
2019-09-05_01:14:57.821[Battery Energy]71.52
2019-09-05_01:14:57.999[Status]Routing 187: Walk: 14
2019-09-05_01:14:58.104[Battery Energy]71.40
2019-09-05_01:14:58.337[Status]Routing 188: Walk: 14
2019-09-05_01:14:58.444[Battery Energy]71.30
2019-09-05_01:14:58.673[Status]Routing 189: Walk: 14
2019-09-05_01:14:58.796[Battery Energy]71.18
2019-09-05_01:14:58.966[Status]Routing 190: Walk: 14
2019-09-05_01:14:59.067[Battery Energy]71.05
2019-09-05_01:14:59.258[Status]Routing 191: Walk: 14
2019-09-05_01:14:59.358[Battery Energy]70.92
2019-09-05_01:14:59.535[Status]Routing 192: Walk: 14
2019-09-05_01:14:59.644[Battery Energy]70.82
2019-09-05_01:14:59.866[Status]Routing 193: Walk: 14
2019-09-05_01:14:59.972[Battery Energy]70.70
2019-09-05_01:15:00.135[Status]Routing 194: Walk: 14
2019-09-05_01:15:00.242[Battery Energy]70.57
2019-09-05_01:15:00.414[Status]Routing 195: Walk: 14
2019-09-05_01:15:00.524[Battery Energy]70.43
2019-09-05_01:15:00.767[Status]Routing 196: Walk: 14
2019-09-05_01:15:00.880[Battery Energy]70.28
2019-09-05_01:15:01.062[Status]Routing 197: Walk: 14
2019-09-05_01:15:01.180[Battery Energy]70.19
2019-09-05_01:15:01.409[Status]Routing 198: Walk: 14
2019-09-05_01:15:01.514[Battery Energy]70.05
2019-09-05_01:15:01.681[Status]Routing 199: Walk: 14
2019-09-05_01:15:01.781[Battery Energy]69.93
2019-09-05_01:15:01.946[Status]Routing 200: Walk: 14
2019-09-05_01:15:02.051[Battery Energy]69.83
2019-09-05_01:15:02.318[Status]Routing 201: Walk: 14
2019-09-05_01:15:02.424[Battery Energy]69.71
2019-09-05_01:15:02.623[Status]Routing 202: Walk: 14
2019-09-05_01:15:02.740[Battery Energy]69.60
2019-09-05_01:15:02.921[Status]Routing 203: Walk: 14
2019-09-05_01:15:03.025[Battery Energy]69.47
2019-09-05_01:15:03.305[Status]Routing 204: Walk: 14
2019-09-05_01:15:03.412[Battery Energy]69.36
2019-09-05_01:15:03.608[Status]Routing 205: Walk: 14
2019-09-05_01:15:03.708[Battery Energy]69.26
2019-09-05_01:15:03.936[Status]Routing 206: Walk: 14
2019-09-05_01:15:04.044[Battery Energy]69.12
2019-09-05_01:15:04.280[Status]Routing 207: Walk: 14
2019-09-05_01:15:04.392[Battery Energy]68.96
2019-09-05_01:15:04.604[Status]Routing 208: Walk: 14
2019-09-05_01:15:04.704[Battery Energy]68.87
2019-09-05_01:15:04.910[Status]Routing 209: Walk: 14
2019-09-05_01:15:05.024[Battery Energy]68.75
2019-09-05_01:15:05.215[Status]Routing 210: Walk: 14
2019-09-05_01:15:05.328[Battery Energy]68.63
2019-09-05_01:15:05.494[Status]Routing 211: Walk: 14
2019-09-05_01:15:05.595[Battery Energy]68.51
2019-09-05_01:15:05.747[Status]Routing 212: Walk: 14
2019-09-05_01:15:05.860[Battery Energy]68.40
2019-09-05_01:15:06.029[Status]Routing 213: Walk: 14
2019-09-05_01:15:06.136[Battery Energy]68.27
2019-09-05_01:15:06.373[Status]Routing 214: Walk: 14
2019-09-05_01:15:06.480[Battery Energy]68.13
2019-09-05_01:15:06.688[Status]Routing 215: Walk: 14
2019-09-05_01:15:06.788[Battery Energy]68.03
2019-09-05_01:15:07.019[Status]Routing 216: Walk: 14
2019-09-05_01:15:07.128[Battery Energy]67.91
2019-09-05_01:15:07.357[Status]Routing 217: Walk: 14
2019-09-05_01:15:07.476[Battery Energy]67.75
2019-09-05_01:15:07.678[Status]Routing 218: Walk: 14
2019-09-05_01:15:07.784[Battery Energy]67.63
2019-09-05_01:15:07.937[Status]Routing 219: Walk: 14
2019-09-05_01:15:08.044[Battery Energy]67.47
2019-09-05_01:15:08.258[Status]Routing 220: Walk: 14
2019-09-05_01:15:08.360[Battery Energy]67.30
2019-09-05_01:15:08.520[Status]Routing 221: Walk: 14
2019-09-05_01:15:08.628[Battery Energy]67.21
2019-09-05_01:15:08.802[Status]Routing 222: Walk: 14
2019-09-05_01:15:08.902[Battery Energy]67.06
2019-09-05_01:15:09.037[Status]Routing 223: Walk: 14
2019-09-05_01:15:09.138[Battery Energy]66.95
2019-09-05_01:15:09.346[Status]Routing 224: Walk: 14
2019-09-05_01:15:09.446[Battery Energy]66.82
2019-09-05_01:15:09.593[Status]Routing 225: Walk: 14
2019-09-05_01:15:09.708[Battery Energy]66.72
2019-09-05_01:15:09.856[Status]Routing 226: Walk: 14
2019-09-05_01:15:09.968[Battery Energy]66.60
2019-09-05_01:15:10.174[Status]Routing 227: Walk: 14
2019-09-05_01:15:10.283[Battery Energy]66.45
2019-09-05_01:15:10.430[Status]Routing 228: Walk: 14
2019-09-05_01:15:10.530[Battery Energy]66.35
2019-09-05_01:15:10.799[Status]Routing 229: Walk: 14
2019-09-05_01:15:10.899[Battery Energy]66.20
2019-09-05_01:15:11.122[Status]Routing 230: Walk: 14
2019-09-05_01:15:11.228[Battery Energy]66.07
2019-09-05_01:15:11.395[Status]Routing 231: Walk: 14
2019-09-05_01:15:11.495[Battery Energy]65.94
2019-09-05_01:15:11.682[Status]Routing 232: Walk: 14
2019-09-05_01:15:11.783[Battery Energy]65.76
2019-09-05_01:15:11.988[Status]Routing 233: Walk: 14
2019-09-05_01:15:12.091[Battery Energy]65.64
2019-09-05_01:15:12.280[Status]Routing 234: Walk: 14
2019-09-05_01:15:12.384[Battery Energy]65.49
2019-09-05_01:15:12.569[Status]Routing 235: Walk: 14
2019-09-05_01:15:12.669[Battery Energy]65.35
2019-09-05_01:15:12.849[Status]Routing 236: Walk: 14
2019-09-05_01:15:12.949[Battery Energy]65.24
2019-09-05_01:15:13.163[Status]Routing 237: Walk: 14
2019-09-05_01:15:13.263[Battery Energy]65.10
2019-09-05_01:15:13.452[Status]Routing 238: Walk: 14
2019-09-05_01:15:13.556[Battery Energy]65.01
2019-09-05_01:15:13.770[Status]Routing 239: Walk: 14
2019-09-05_01:15:13.880[Battery Energy]64.90
2019-09-05_01:15:14.026[Status]Routing 240: Walk: 14
2019-09-05_01:15:14.126[Battery Energy]64.79
2019-09-05_01:15:14.304[Status]Routing 241: Walk: 14
2019-09-05_01:15:14.412[Battery Energy]64.70
2019-09-05_01:15:14.621[Status]Routing 242: Walk: 14
2019-09-05_01:15:14.724[Battery Energy]64.53
2019-09-05_01:15:14.890[Status]Routing 243: Walk: 14
2019-09-05_01:15:14.991[Battery Energy]64.41
2019-09-05_01:15:15.194[Status]Routing 244: Walk: 14
2019-09-05_01:15:15.302[Battery Energy]64.26
2019-09-05_01:15:15.550[Status]Routing 245: Walk: 14
2019-09-05_01:15:15.650[Battery Energy]64.09
2019-09-05_01:15:15.923[Status]Routing 246: Walk: 14
2019-09-05_01:15:16.028[Battery Energy]63.90
2019-09-05_01:15:16.220[Status]Routing 247: Walk: 14
2019-09-05_01:15:16.336[Battery Energy]63.79
2019-09-05_01:15:16.508[Status]Routing 248: Walk: 14
2019-09-05_01:15:16.624[Battery Energy]63.68
2019-09-05_01:15:16.805[Status]Routing 249: Walk: 14
2019-09-05_01:15:16.907[Battery Energy]63.58
2019-09-05_01:15:17.132[Status]Routing 250: Walk: 14
2019-09-05_01:15:17.237[Battery Energy]63.43
2019-09-05_01:15:17.381[Status]Routing 251: Walk: 14
2019-09-05_01:15:17.481[Battery Energy]63.34
2019-09-05_01:15:17.662[Status]Routing 252: Walk: 14
2019-09-05_01:15:17.768[Battery Energy]63.23
2019-09-05_01:15:17.916[Status]Routing 253: Walk: 14
2019-09-05_01:15:18.018[Battery Energy]63.14
2019-09-05_01:15:18.233[Status]Routing 254: Walk: 14
2019-09-05_01:15:18.340[Battery Energy]62.98
2019-09-05_01:15:18.559[Status]Routing 255: Walk: 14
2019-09-05_01:15:18.660[Battery Energy]62.87
2019-09-05_01:15:18.890[Status]Routing 256: Walk: 14
2019-09-05_01:15:18.998[Battery Energy]62.76
2019-09-05_01:15:19.170[Status]Routing 257: Walk: 14
2019-09-05_01:15:19.284[Battery Energy]62.68
2019-09-05_01:15:19.467[Status]Routing 258: Walk: 14
2019-09-05_01:15:19.584[Battery Energy]62.56
2019-09-05_01:15:19.772[Status]Routing 259: Walk: 14
2019-09-05_01:15:19.884[Battery Energy]62.44
2019-09-05_01:15:20.043[Status]Routing 260: Walk: 14
2019-09-05_01:15:20.152[Battery Energy]62.30
2019-09-05_01:15:20.314[Status]Routing 261: Walk: 14
2019-09-05_01:15:20.423[Battery Energy]62.20
2019-09-05_01:15:20.641[Status]Routing 262: Walk: 14
2019-09-05_01:15:20.752[Battery Energy]62.11
2019-09-05_01:15:21.043[Status]Routing 263: Walk: 14
2019-09-05_01:15:21.144[Battery Energy]61.87
2019-09-05_01:15:21.366[Status]Routing 264: Walk: 14
2019-09-05_01:15:21.466[Battery Energy]61.75
2019-09-05_01:15:21.619[Status]Routing 265: Walk: 14
2019-09-05_01:15:21.719[Battery Energy]61.66
2019-09-05_01:15:21.910[Status]Routing 266: Walk: 14
2019-09-05_01:15:22.010[Battery Energy]61.52
2019-09-05_01:15:22.185[Status]Routing 267: Walk: 14
2019-09-05_01:15:22.292[Battery Energy]61.42
2019-09-05_01:15:22.485[Status]Routing 268: Walk: 14
2019-09-05_01:15:22.612[Battery Energy]61.24
2019-09-05_01:15:22.804[Status]Routing 269: Walk: 14
2019-09-05_01:15:22.904[Battery Energy]61.14
2019-09-05_01:15:23.052[Status]Routing 270: Walk: 14
2019-09-05_01:15:23.161[Battery Energy]61.04
2019-09-05_01:15:23.346[Status]Routing 271: Walk: 14
2019-09-05_01:15:23.460[Battery Energy]60.91
2019-09-05_01:15:23.638[Status]Routing 272: Walk: 14
2019-09-05_01:15:23.748[Battery Energy]60.78
2019-09-05_01:15:24.038[Status]Routing 273: Walk: 14
2019-09-05_01:15:24.138[Battery Energy]60.56
2019-09-05_01:15:24.333[Status]Routing 274: Walk: 14
2019-09-05_01:15:24.442[Battery Energy]60.46
2019-09-05_01:15:24.671[Status]Routing 275: Walk: 14
2019-09-05_01:15:24.771[Battery Energy]60.36
2019-09-05_01:15:24.955[Status]Routing 276: Walk: 14
2019-09-05_01:15:25.072[Battery Energy]60.23
2019-09-05_01:15:25.272[Status]Routing 277: Walk: 14
2019-09-05_01:15:25.418[Battery Energy]60.12
2019-09-05_01:15:25.610[Status]Routing 278: Walk: 14
2019-09-05_01:15:25.710[Battery Energy]60.02
2019-09-05_01:15:25.922[Status]Routing 279: Walk: 14
2019-09-05_01:15:26.028[Battery Energy]59.92
2019-09-05_01:15:26.206[Status]Routing 280: Walk: 14
2019-09-05_01:15:26.320[Battery Energy]59.80
2019-09-05_01:15:26.505[Status]Routing 281: Walk: 14
2019-09-05_01:15:26.616[Battery Energy]59.68
2019-09-05_01:15:26.862[Status]Routing 282: Walk: 14
2019-09-05_01:15:26.968[Battery Energy]59.56
2019-09-05_01:15:27.160[Status]Routing 283: Walk: 14
2019-09-05_01:15:27.263[Battery Energy]59.45
