2019-09-05_01:13:43.158[Status]Start.
2019-09-05_01:13:43.158[Battery Energy]105.00
2019-09-05_01:13:44.259[Battery Energy]104.96
2019-09-05_01:13:45.362[Battery Energy]104.92
2019-09-05_01:13:46.463[Battery Energy]104.88
2019-09-05_01:13:47.564[Battery Energy]104.84
2019-09-05_01:13:48.665[Task]A New Task Released.
2019-09-05_01:13:48.665[Battery Energy]104.80
2019-09-05_01:13:48.665[Status]Selection Start.
2019-09-05_01:13:52.141[Status]Selection End: Do Task 0.
2019-09-05_01:13:52.243[Battery Energy]102.15
2019-09-05_01:13:52.243[Status]Formation Start.
2019-09-05_01:13:52.488[Status]Formation End: To Position 3.
2019-09-05_01:13:52.588[Battery Energy]101.95
2019-09-05_01:13:52.588[Status]Routing Start.
2019-09-05_01:13:52.805[Status]{'coordinate': [128.86545822679886, 477.82446261146475], 'id': 2}
2019-09-05_01:13:52.812[Status]Routing 1: Walk: 1
2019-09-05_01:13:52.912[Battery Energy]101.74
2019-09-05_01:13:52.912[Status]Routing Start.
2019-09-05_01:13:53.143[Status]{'coordinate': [130.73091645359773, 487.6489252229295], 'id': 2}
2019-09-05_01:13:53.143[Status]Routing 2: Walk: 2
2019-09-05_01:13:53.252[Battery Energy]101.49
2019-09-05_01:13:53.252[Status]Routing Start.
2019-09-05_01:13:53.420[Status]{'coordinate': [132.5963746803966, 497.47338783439426], 'id': 2}
2019-09-05_01:13:53.420[Status]Routing 3: Walk: 3
2019-09-05_01:13:53.524[Battery Energy]101.26
2019-09-05_01:13:53.524[Status]Routing Start.
2019-09-05_01:13:53.682[Status]{'coordinate': [134.46183290719546, 507.297850445859], 'id': 2}
2019-09-05_01:13:53.682[Status]Routing 4: Walk: 4
2019-09-05_01:13:53.782[Battery Energy]101.04
2019-09-05_01:13:53.782[Status]Routing Start.
2019-09-05_01:13:53.971[Status]{'coordinate': [136.32729113399432, 517.1223130573237], 'id': 2}
2019-09-05_01:13:53.971[Status]Routing 5: Walk: 5
2019-09-05_01:13:54.084[Battery Energy]100.83
2019-09-05_01:13:54.088[Status]Routing Start.
2019-09-05_01:13:54.420[Status]{'coordinate': [138.1927493607932, 526.9467756687884], 'id': 2}
2019-09-05_01:13:54.420[Status]Routing 6: Walk: 6
2019-09-05_01:13:54.520[Battery Energy]100.54
2019-09-05_01:13:54.520[Status]Routing Start.
2019-09-05_01:13:55.138[Status]{'coordinate': [130.81131501636207, 533.6932137674337], 'id': 2}
2019-09-05_01:13:55.138[Status]Routing 7: Walk: 7
2019-09-05_01:13:55.238[Battery Energy]100.03
2019-09-05_01:13:55.238[Status]Routing Start.
2019-09-05_01:13:55.560[Status]{'coordinate': [135.27150065249407, 542.6434508643625], 'id': 2}
2019-09-05_01:13:55.560[Status]Routing 8: Walk: 8
2019-09-05_01:13:55.660[Battery Energy]99.69
2019-09-05_01:13:55.661[Status]Routing Start.
2019-09-05_01:13:55.991[Status]{'coordinate': [139.73168628862607, 551.5936879612914], 'id': 2}
2019-09-05_01:13:55.993[Status]Routing 9: Walk: 9
2019-09-05_01:13:56.100[Battery Energy]99.31
2019-09-05_01:13:56.100[Status]Routing Start.
2019-09-05_01:13:56.513[Status]{'coordinate': [144.19187192475806, 560.5439250582202], 'id': 2}
2019-09-05_01:13:56.513[Status]Routing 10: Walk: 10
2019-09-05_01:13:56.613[Battery Energy]98.90
2019-09-05_01:13:56.613[Status]Routing Start.
2019-09-05_01:13:56.613[Status]Task Finished.
2019-09-05_01:13:56.713[Battery Energy]98.90
2019-09-05_01:13:57.030[Status]Routing 12: Walk: 10
2019-09-05_01:13:57.130[Battery Energy]98.53
2019-09-05_01:13:57.524[Status]Routing 13: Walk: 10
2019-09-05_01:13:57.625[Battery Energy]98.15
2019-09-05_01:13:58.018[Status]Routing 14: Walk: 10
2019-09-05_01:13:58.120[Battery Energy]97.78
2019-09-05_01:13:58.471[Status]Routing 15: Walk: 10
2019-09-05_01:13:58.571[Battery Energy]97.45
2019-09-05_01:13:58.909[Status]Routing 16: Walk: 10
2019-09-05_01:13:59.009[Battery Energy]97.16
2019-09-05_01:13:59.381[Status]Routing 17: Walk: 10
2019-09-05_01:13:59.481[Battery Energy]96.84
2019-09-05_01:13:59.908[Status]Routing 18: Walk: 10
2019-09-05_01:14:00.009[Battery Energy]96.52
2019-09-05_01:14:00.337[Status]Routing 19: Walk: 10
2019-09-05_01:14:00.437[Battery Energy]96.16
2019-09-05_01:14:00.790[Status]Routing 20: Walk: 10
2019-09-05_01:14:00.892[Battery Energy]95.80
2019-09-05_01:14:01.070[Status]Routing 21: Walk: 10
2019-09-05_01:14:01.184[Battery Energy]95.69
2019-09-05_01:14:01.548[Status]Routing 22: Walk: 10
2019-09-05_01:14:01.672[Battery Energy]95.46
2019-09-05_01:14:01.827[Status]Routing 23: Walk: 10
2019-09-05_01:14:01.932[Battery Energy]95.37
2019-09-05_01:14:02.285[Status]Routing 24: Walk: 10
2019-09-05_01:14:02.386[Battery Energy]95.13
2019-09-05_01:14:02.727[Status]Routing 25: Walk: 10
2019-09-05_01:14:02.832[Battery Energy]94.87
2019-09-05_01:14:03.167[Status]Routing 26: Walk: 10
2019-09-05_01:14:03.268[Battery Energy]94.63
2019-09-05_01:14:03.633[Status]Routing 27: Walk: 10
2019-09-05_01:14:03.734[Battery Energy]94.41
2019-09-05_01:14:04.089[Status]Routing 28: Walk: 10
2019-09-05_01:14:04.189[Battery Energy]94.19
2019-09-05_01:14:04.505[Status]Routing 29: Walk: 10
2019-09-05_01:14:04.620[Battery Energy]93.97
2019-09-05_01:14:04.808[Status]Routing 30: Walk: 10
2019-09-05_01:14:04.912[Battery Energy]93.88
2019-09-05_01:14:05.311[Status]Routing 31: Walk: 10
2019-09-05_01:14:05.420[Battery Energy]93.65
2019-09-05_01:14:05.552[Status]Routing 32: Walk: 10
2019-09-05_01:14:05.652[Battery Energy]93.57
2019-09-05_01:14:05.947[Status]Routing 33: Walk: 10
2019-09-05_01:14:06.052[Battery Energy]93.39
2019-09-05_01:14:06.298[Status]Routing 34: Walk: 10
2019-09-05_01:14:06.398[Battery Energy]93.23
2019-09-05_01:14:06.757[Status]Routing 35: Walk: 10
2019-09-05_01:14:06.860[Battery Energy]92.98
2019-09-05_01:14:07.211[Status]Routing 36: Walk: 10
2019-09-05_01:14:07.320[Battery Energy]92.75
2019-09-05_01:14:07.718[Status]Routing 37: Walk: 10
2019-09-05_01:14:07.824[Battery Energy]92.53
2019-09-05_01:14:08.163[Status]Routing 38: Walk: 10
2019-09-05_01:14:08.264[Battery Energy]92.31
2019-09-05_01:14:08.583[Status]Routing 39: Walk: 10
2019-09-05_01:14:08.683[Battery Energy]92.11
2019-09-05_01:14:09.069[Status]Routing 40: Walk: 10
2019-09-05_01:14:09.173[Battery Energy]91.89
2019-09-05_01:14:09.469[Status]Routing 41: Walk: 10
2019-09-05_01:14:09.571[Battery Energy]91.67
2019-09-05_01:14:09.925[Status]Routing 42: Walk: 10
2019-09-05_01:14:10.025[Battery Energy]91.43
2019-09-05_01:14:10.213[Status]Routing 43: Walk: 10
2019-09-05_01:14:10.313[Battery Energy]91.31
2019-09-05_01:14:10.679[Status]Routing 44: Walk: 10
2019-09-05_01:14:10.779[Battery Energy]91.16
2019-09-05_01:14:10.960[Status]Routing 45: Walk: 10
2019-09-05_01:14:11.080[Battery Energy]91.03
2019-09-05_01:14:11.282[Status]Routing 46: Walk: 10
2019-09-05_01:14:11.391[Battery Energy]90.89
2019-09-05_01:14:11.726[Status]Routing 47: Walk: 10
2019-09-05_01:14:11.826[Battery Energy]90.70
2019-09-05_01:14:12.173[Status]Routing 48: Walk: 10
2019-09-05_01:14:12.276[Battery Energy]90.50
2019-09-05_01:14:12.609[Status]Routing 49: Walk: 10
2019-09-05_01:14:12.716[Battery Energy]90.28
2019-09-05_01:14:12.882[Status]Routing 50: Walk: 10
2019-09-05_01:14:12.984[Battery Energy]90.16
2019-09-05_01:14:13.317[Status]Routing 51: Walk: 10
2019-09-05_01:14:13.424[Battery Energy]89.99
2019-09-05_01:14:13.578[Status]Routing 52: Walk: 10
2019-09-05_01:14:13.680[Battery Energy]89.90
2019-09-05_01:14:13.843[Status]Routing 53: Walk: 10
2019-09-05_01:14:13.944[Battery Energy]89.77
2019-09-05_01:14:14.137[Status]Routing 54: Walk: 10
2019-09-05_01:14:14.241[Battery Energy]89.65
2019-09-05_01:14:14.406[Status]Routing 55: Walk: 10
2019-09-05_01:14:14.512[Battery Energy]89.55
2019-09-05_01:14:14.739[Status]Routing 56: Walk: 10
2019-09-05_01:14:14.848[Battery Energy]89.45
2019-09-05_01:14:15.176[Status]Routing 57: Walk: 10
2019-09-05_01:14:15.292[Battery Energy]89.23
2019-09-05_01:14:15.728[Status]Routing 58: Walk: 10
2019-09-05_01:14:15.829[Battery Energy]88.96
2019-09-05_01:14:16.129[Status]Routing 59: Walk: 10
2019-09-05_01:14:16.232[Battery Energy]88.81
2019-09-05_01:14:16.539[Status]Routing 60: Walk: 10
2019-09-05_01:14:16.640[Battery Energy]88.63
2019-09-05_01:14:16.846[Status]Routing 61: Walk: 10
2019-09-05_01:14:16.952[Battery Energy]88.50
2019-09-05_01:14:17.129[Status]Routing 62: Walk: 10
2019-09-05_01:14:17.230[Battery Energy]88.39
2019-09-05_01:14:17.369[Status]Routing 63: Walk: 10
2019-09-05_01:14:17.471[Battery Energy]88.28
2019-09-05_01:14:17.668[Status]Routing 64: Walk: 10
2019-09-05_01:14:17.772[Battery Energy]88.18
2019-09-05_01:14:17.947[Status]Routing 65: Walk: 10
2019-09-05_01:14:18.049[Battery Energy]88.04
2019-09-05_01:14:18.197[Status]Routing 66: Walk: 10
2019-09-05_01:14:18.304[Battery Energy]87.91
2019-09-05_01:14:18.528[Status]Routing 67: Walk: 10
2019-09-05_01:14:18.636[Battery Energy]87.76
2019-09-05_01:14:18.816[Status]Routing 68: Walk: 10
2019-09-05_01:14:18.928[Battery Energy]87.62
2019-09-05_01:14:19.248[Status]Routing 69: Walk: 10
2019-09-05_01:14:19.356[Battery Energy]87.40
2019-09-05_01:14:19.547[Status]Routing 70: Walk: 10
2019-09-05_01:14:19.656[Battery Energy]87.28
2019-09-05_01:14:19.867[Status]Routing 71: Walk: 10
2019-09-05_01:14:19.969[Battery Energy]87.14
2019-09-05_01:14:20.167[Status]Routing 72: Walk: 10
2019-09-05_01:14:20.280[Battery Energy]87.00
2019-09-05_01:14:20.505[Status]Routing 73: Walk: 10
2019-09-05_01:14:20.608[Battery Energy]86.85
2019-09-05_01:14:20.841[Status]Routing 74: Walk: 10
2019-09-05_01:14:20.960[Battery Energy]86.73
2019-09-05_01:14:21.188[Status]Routing 75: Walk: 10
2019-09-05_01:14:21.300[Battery Energy]86.60
2019-09-05_01:14:21.465[Status]Routing 76: Walk: 10
2019-09-05_01:14:21.580[Battery Energy]86.49
2019-09-05_01:14:21.717[Status]Routing 77: Walk: 10
2019-09-05_01:14:21.818[Battery Energy]86.40
2019-09-05_01:14:22.050[Status]Routing 78: Walk: 10
2019-09-05_01:14:22.150[Battery Energy]86.25
2019-09-05_01:14:22.310[Status]Routing 79: Walk: 10
2019-09-05_01:14:22.410[Battery Energy]86.14
2019-09-05_01:14:22.672[Status]Routing 80: Walk: 10
2019-09-05_01:14:22.772[Battery Energy]86.01
2019-09-05_01:14:22.976[Status]Routing 81: Walk: 10
2019-09-05_01:14:23.092[Battery Energy]85.90
2019-09-05_01:14:23.279[Status]Routing 82: Walk: 10
2019-09-05_01:14:23.384[Battery Energy]85.80
2019-09-05_01:14:23.559[Status]Routing 83: Walk: 10
2019-09-05_01:14:23.659[Battery Energy]85.69
2019-09-05_01:14:23.891[Status]Routing 84: Walk: 10
2019-09-05_01:14:24.008[Battery Energy]85.54
2019-09-05_01:14:24.205[Status]Routing 85: Walk: 10
2019-09-05_01:14:24.308[Battery Energy]85.43
2019-09-05_01:14:24.570[Status]Routing 86: Walk: 10
2019-09-05_01:14:24.676[Battery Energy]85.31
2019-09-05_01:14:24.863[Status]Routing 87: Walk: 10
2019-09-05_01:14:24.963[Battery Energy]85.20
2019-09-05_01:14:25.131[Status]Routing 88: Walk: 10
2019-09-05_01:14:25.232[Battery Energy]85.10
2019-09-05_01:14:25.482[Status]Routing 89: Walk: 10
2019-09-05_01:14:25.582[Battery Energy]84.96
2019-09-05_01:14:25.723[Status]Routing 90: Walk: 10
2019-09-05_01:14:25.824[Battery Energy]84.87
2019-09-05_01:14:25.970[Status]Routing 91: Walk: 10
2019-09-05_01:14:26.070[Battery Energy]84.77
2019-09-05_01:14:26.229[Status]Routing 92: Walk: 10
2019-09-05_01:14:26.336[Battery Energy]84.68
2019-09-05_01:14:26.533[Status]Routing 93: Walk: 10
2019-09-05_01:14:26.633[Battery Energy]84.54
2019-09-05_01:14:26.831[Status]Routing 94: Walk: 10
2019-09-05_01:14:26.931[Battery Energy]84.40
2019-09-05_01:14:27.071[Status]Routing 95: Walk: 10
2019-09-05_01:14:27.171[Battery Energy]84.30
2019-09-05_01:14:27.377[Status]Routing 96: Walk: 10
2019-09-05_01:14:27.500[Battery Energy]84.19
2019-09-05_01:14:27.702[Status]Routing 97: Walk: 10
2019-09-05_01:14:27.808[Battery Energy]84.07
2019-09-05_01:14:28.059[Status]Routing 98: Walk: 10
2019-09-05_01:14:28.191[Battery Energy]83.91
2019-09-05_01:14:28.369[Status]Routing 99: Walk: 10
2019-09-05_01:14:28.476[Battery Energy]83.74
2019-09-05_01:14:28.849[Status]Routing 100: Walk: 10
2019-09-05_01:14:28.951[Battery Energy]83.48
2019-09-05_01:14:29.313[Status]Routing 101: Walk: 10
2019-09-05_01:14:29.413[Battery Energy]83.29
2019-09-05_01:14:29.593[Status]Routing 102: Walk: 10
2019-09-05_01:14:29.704[Battery Energy]83.18
2019-09-05_01:14:30.022[Status]Routing 103: Walk: 10
2019-09-05_01:14:30.123[Battery Energy]82.97
2019-09-05_01:14:30.320[Status]Routing 104: Walk: 10
2019-09-05_01:14:30.432[Battery Energy]82.85
2019-09-05_01:14:30.699[Status]Routing 105: Walk: 10
2019-09-05_01:14:30.800[Battery Energy]82.64
2019-09-05_01:14:31.132[Status]Routing 106: Walk: 10
2019-09-05_01:14:31.240[Battery Energy]82.42
2019-09-05_01:14:31.414[Status]Routing 107: Walk: 10
2019-09-05_01:14:31.514[Battery Energy]82.32
2019-09-05_01:14:31.691[Status]Routing 108: Walk: 10
2019-09-05_01:14:31.804[Battery Energy]82.19
2019-09-05_01:14:32.051[Status]Routing 109: Walk: 10
2019-09-05_01:14:32.156[Battery Energy]82.00
2019-09-05_01:14:32.437[Status]Routing 110: Walk: 10
2019-09-05_01:14:32.537[Battery Energy]81.83
2019-09-05_01:14:32.742[Status]Routing 111: Walk: 10
2019-09-05_01:14:32.848[Battery Energy]81.70
2019-09-05_01:14:33.097[Status]Routing 112: Walk: 10
2019-09-05_01:14:33.197[Battery Energy]81.56
2019-09-05_01:14:33.393[Status]Routing 113: Walk: 10
2019-09-05_01:14:33.500[Battery Energy]81.47
2019-09-05_01:14:33.719[Status]Routing 114: Walk: 10
2019-09-05_01:14:33.840[Battery Energy]81.32
2019-09-05_01:14:34.041[Status]Routing 115: Walk: 10
2019-09-05_01:14:34.141[Battery Energy]81.21
2019-09-05_01:14:34.392[Status]Routing 116: Walk: 10
2019-09-05_01:14:34.500[Battery Energy]81.04
2019-09-05_01:14:34.658[Status]Routing 117: Walk: 10
2019-09-05_01:14:34.764[Battery Energy]80.93
2019-09-05_01:14:35.008[Status]Routing 118: Walk: 10
2019-09-05_01:14:35.116[Battery Energy]80.80
2019-09-05_01:14:35.286[Status]Routing 119: Walk: 10
2019-09-05_01:14:35.388[Battery Energy]80.65
2019-09-05_01:14:35.694[Status]Routing 120: Walk: 10
2019-09-05_01:14:35.794[Battery Energy]80.46
2019-09-05_01:14:36.127[Status]Routing 121: Walk: 10
2019-09-05_01:14:36.228[Battery Energy]80.24
2019-09-05_01:14:36.489[Status]Routing 122: Walk: 10
2019-09-05_01:14:36.604[Battery Energy]80.13
2019-09-05_01:14:36.819[Status]Routing 123: Walk: 10
2019-09-05_01:14:36.924[Battery Energy]79.98
2019-09-05_01:14:37.247[Status]Routing 124: Walk: 10
2019-09-05_01:14:37.348[Battery Energy]79.80
2019-09-05_01:14:37.697[Status]Routing 125: Walk: 10
2019-09-05_01:14:37.804[Battery Energy]79.61
2019-09-05_01:14:38.154[Status]Routing 126: Walk: 10
2019-09-05_01:14:38.254[Battery Energy]79.40
2019-09-05_01:14:38.420[Status]Routing 127: Walk: 10
2019-09-05_01:14:38.521[Battery Energy]79.29
2019-09-05_01:14:38.986[Status]Routing 128: Walk: 10
2019-09-05_01:14:39.086[Battery Energy]78.96
2019-09-05_01:14:39.407[Status]Routing 129: Walk: 10
2019-09-05_01:14:39.512[Battery Energy]78.81
2019-09-05_01:14:39.819[Status]Routing 130: Walk: 10
2019-09-05_01:14:39.932[Battery Energy]78.62
2019-09-05_01:14:40.190[Status]Routing 131: Walk: 10
2019-09-05_01:14:40.292[Battery Energy]78.47
2019-09-05_01:14:40.631[Status]Routing 132: Walk: 10
2019-09-05_01:14:40.733[Battery Energy]78.25
2019-09-05_01:14:40.897[Status]Routing 133: Walk: 10
2019-09-05_01:14:41.004[Battery Energy]78.14
2019-09-05_01:14:41.370[Status]Routing 134: Walk: 10
2019-09-05_01:14:41.474[Battery Energy]77.93
2019-09-05_01:14:41.649[Status]Routing 135: Walk: 10
2019-09-05_01:14:41.749[Battery Energy]77.82
2019-09-05_01:14:41.932[Status]Routing 136: Walk: 10
2019-09-05_01:14:42.033[Battery Energy]77.70
2019-09-05_01:14:42.241[Status]Routing 137: Walk: 10
2019-09-05_01:14:42.344[Battery Energy]77.55
2019-09-05_01:14:42.511[Status]Routing 138: Walk: 10
2019-09-05_01:14:42.620[Battery Energy]77.42
2019-09-05_01:14:42.781[Status]Routing 139: Walk: 10
2019-09-05_01:14:42.892[Battery Energy]77.29
2019-09-05_01:14:43.175[Status]Routing 140: Walk: 10
2019-09-05_01:14:43.284[Battery Energy]77.19
2019-09-05_01:14:43.452[Status]Routing 141: Walk: 10
2019-09-05_01:14:43.560[Battery Energy]77.11
2019-09-05_01:14:43.731[Status]Routing 142: Walk: 10
2019-09-05_01:14:43.832[Battery Energy]77.01
2019-09-05_01:14:44.093[Status]Routing 143: Walk: 10
2019-09-05_01:14:44.200[Battery Energy]76.87
2019-09-05_01:14:44.379[Status]Routing 144: Walk: 10
2019-09-05_01:14:44.488[Battery Energy]76.77
2019-09-05_01:14:44.653[Status]Routing 145: Walk: 10
2019-09-05_01:14:44.753[Battery Energy]76.66
2019-09-05_01:14:44.980[Status]Routing 146: Walk: 10
2019-09-05_01:14:45.080[Battery Energy]76.51
2019-09-05_01:14:45.270[Status]Routing 147: Walk: 10
2019-09-05_01:14:45.380[Battery Energy]76.39
2019-09-05_01:14:45.597[Status]Routing 148: Walk: 10
2019-09-05_01:14:45.698[Battery Energy]76.25
2019-09-05_01:14:45.929[Status]Routing 149: Walk: 10
2019-09-05_01:14:46.036[Battery Energy]76.16
2019-09-05_01:14:46.251[Status]Routing 150: Walk: 10
2019-09-05_01:14:46.373[Battery Energy]76.04
2019-09-05_01:14:46.545[Status]Routing 151: Walk: 10
2019-09-05_01:14:46.660[Battery Energy]75.92
2019-09-05_01:14:46.828[Status]Routing 152: Walk: 10
2019-09-05_01:14:46.936[Battery Energy]75.77
2019-09-05_01:14:47.107[Status]Routing 153: Walk: 10
2019-09-05_01:14:47.212[Battery Energy]75.67
2019-09-05_01:14:47.410[Status]Routing 154: Walk: 10
2019-09-05_01:14:47.516[Battery Energy]75.54
2019-09-05_01:14:47.758[Status]Routing 155: Walk: 10
2019-09-05_01:14:47.864[Battery Energy]75.42
2019-09-05_01:14:48.066[Status]Routing 156: Walk: 10
2019-09-05_01:14:48.176[Battery Energy]75.30
2019-09-05_01:14:48.406[Status]Routing 157: Walk: 10
2019-09-05_01:14:48.516[Battery Energy]75.14
2019-09-05_01:14:48.750[Status]Routing 158: Walk: 10
2019-09-05_01:14:48.850[Battery Energy]75.01
2019-09-05_01:14:49.083[Status]Routing 159: Walk: 10
2019-09-05_01:14:49.188[Battery Energy]74.84
2019-09-05_01:14:49.394[Status]Routing 160: Walk: 10
2019-09-05_01:14:49.494[Battery Energy]74.69
2019-09-05_01:14:49.648[Status]Routing 161: Walk: 10
2019-09-05_01:14:49.764[Battery Energy]74.59
2019-09-05_01:14:49.888[Status]Routing 162: Walk: 10
2019-09-05_01:14:49.988[Battery Energy]74.50
2019-09-05_01:14:50.174[Status]Routing 163: Walk: 10
2019-09-05_01:14:50.280[Battery Energy]74.36
2019-09-05_01:14:50.528[Status]Routing 164: Walk: 10
2019-09-05_01:14:50.643[Battery Energy]74.21
2019-09-05_01:14:50.875[Status]Routing 165: Walk: 10
2019-09-05_01:14:50.992[Battery Energy]74.08
2019-09-05_01:14:51.146[Status]Routing 166: Walk: 10
2019-09-05_01:14:51.248[Battery Energy]73.97
2019-09-05_01:14:51.417[Status]Routing 167: Walk: 10
2019-09-05_01:14:51.518[Battery Energy]73.85
2019-09-05_01:14:51.722[Status]Routing 168: Walk: 10
2019-09-05_01:14:51.845[Battery Energy]73.71
2019-09-05_01:14:52.154[Status]Routing 169: Walk: 10
2019-09-05_01:14:52.260[Battery Energy]73.54
2019-09-05_01:14:52.458[Status]Routing 170: Walk: 10
2019-09-05_01:14:52.572[Battery Energy]73.44
2019-09-05_01:14:52.881[Status]Routing 171: Walk: 10
2019-09-05_01:14:52.984[Battery Energy]73.26
2019-09-05_01:14:53.123[Status]Routing 172: Walk: 10
2019-09-05_01:14:53.236[Battery Energy]73.18
2019-09-05_01:14:53.434[Status]Routing 173: Walk: 10
2019-09-05_01:14:53.534[Battery Energy]73.05
2019-09-05_01:14:53.861[Status]Routing 174: Walk: 10
2019-09-05_01:14:53.976[Battery Energy]72.76
2019-09-05_01:14:54.368[Status]Routing 175: Walk: 10
2019-09-05_01:14:54.485[Battery Energy]72.53
2019-09-05_01:14:54.644[Status]Routing 176: Walk: 10
2019-09-05_01:14:54.750[Battery Energy]72.43
2019-09-05_01:14:54.953[Status]Routing 177: Walk: 10
2019-09-05_01:14:55.053[Battery Energy]72.29
2019-09-05_01:14:55.365[Status]Routing 178: Walk: 10
2019-09-05_01:14:55.471[Battery Energy]72.08
2019-09-05_01:14:55.674[Status]Routing 179: Walk: 10
2019-09-05_01:14:55.774[Battery Energy]71.98
2019-09-05_01:14:55.953[Status]Routing 180: Walk: 10
2019-09-05_01:14:56.072[Battery Energy]71.83
2019-09-05_01:14:56.211[Status]Routing 181: Walk: 10
2019-09-05_01:14:56.328[Battery Energy]71.71
2019-09-05_01:14:56.559[Status]Routing 182: Walk: 10
2019-09-05_01:14:56.664[Battery Energy]71.59
2019-09-05_01:14:56.831[Status]Routing 183: Walk: 10
2019-09-05_01:14:56.936[Battery Energy]71.49
2019-09-05_01:14:57.113[Status]Routing 184: Walk: 10
2019-09-05_01:14:57.213[Battery Energy]71.39
2019-09-05_01:14:57.450[Status]Routing 185: Walk: 10
2019-09-05_01:14:57.550[Battery Energy]71.31
2019-09-05_01:14:57.723[Status]Routing 186: Walk: 10
2019-09-05_01:14:57.824[Battery Energy]71.20
2019-09-05_01:14:57.998[Status]Routing 187: Walk: 10
2019-09-05_01:14:58.098[Battery Energy]71.10
2019-09-05_01:14:58.337[Status]Routing 188: Walk: 10
2019-09-05_01:14:58.437[Battery Energy]70.96
2019-09-05_01:14:58.681[Status]Routing 189: Walk: 10
2019-09-05_01:14:58.781[Battery Energy]70.81
2019-09-05_01:14:58.972[Status]Routing 190: Walk: 10
2019-09-05_01:14:59.092[Battery Energy]70.71
2019-09-05_01:14:59.256[Status]Routing 191: Walk: 10
2019-09-05_01:14:59.357[Battery Energy]70.63
2019-09-05_01:14:59.534[Status]Routing 192: Walk: 10
2019-09-05_01:14:59.635[Battery Energy]70.52
2019-09-05_01:14:59.867[Status]Routing 193: Walk: 10
2019-09-05_01:14:59.967[Battery Energy]70.38
2019-09-05_01:15:00.137[Status]Routing 194: Walk: 10
2019-09-05_01:15:00.252[Battery Energy]70.26
2019-09-05_01:15:00.414[Status]Routing 195: Walk: 10
2019-09-05_01:15:00.515[Battery Energy]70.14
2019-09-05_01:15:00.765[Status]Routing 196: Walk: 10
2019-09-05_01:15:00.876[Battery Energy]69.90
2019-09-05_01:15:01.064[Status]Routing 197: Walk: 10
2019-09-05_01:15:01.172[Battery Energy]69.76
2019-09-05_01:15:01.416[Status]Routing 198: Walk: 10
2019-09-05_01:15:01.520[Battery Energy]69.59
2019-09-05_01:15:01.674[Status]Routing 199: Walk: 10
2019-09-05_01:15:01.775[Battery Energy]69.49
2019-09-05_01:15:01.948[Status]Routing 200: Walk: 10
2019-09-05_01:15:02.059[Battery Energy]69.40
2019-09-05_01:15:02.315[Status]Routing 201: Walk: 10
2019-09-05_01:15:02.428[Battery Energy]69.25
2019-09-05_01:15:02.622[Status]Routing 202: Walk: 10
2019-09-05_01:15:02.732[Battery Energy]69.11
2019-09-05_01:15:02.938[Status]Routing 203: Walk: 10
2019-09-05_01:15:03.038[Battery Energy]68.97
2019-09-05_01:15:03.303[Status]Routing 204: Walk: 10
2019-09-05_01:15:03.406[Battery Energy]68.79
2019-09-05_01:15:03.602[Status]Routing 205: Walk: 10
2019-09-05_01:15:03.702[Battery Energy]68.69
2019-09-05_01:15:03.935[Status]Routing 206: Walk: 10
2019-09-05_01:15:04.048[Battery Energy]68.58
2019-09-05_01:15:04.280[Status]Routing 207: Walk: 10
2019-09-05_01:15:04.382[Battery Energy]68.44
2019-09-05_01:15:04.598[Status]Routing 208: Walk: 10
2019-09-05_01:15:04.699[Battery Energy]68.31
2019-09-05_01:15:04.912[Status]Routing 209: Walk: 10
2019-09-05_01:15:05.012[Battery Energy]68.12
2019-09-05_01:15:05.214[Status]Routing 210: Walk: 10
2019-09-05_01:15:05.315[Battery Energy]68.00
2019-09-05_01:15:05.489[Status]Routing 211: Walk: 10
2019-09-05_01:15:05.596[Battery Energy]67.89
2019-09-05_01:15:05.746[Status]Routing 212: Walk: 10
2019-09-05_01:15:05.856[Battery Energy]67.75
2019-09-05_01:15:06.027[Status]Routing 213: Walk: 10
2019-09-05_01:15:06.132[Battery Energy]67.61
2019-09-05_01:15:06.369[Status]Routing 214: Walk: 10
2019-09-05_01:15:06.488[Battery Energy]67.50
2019-09-05_01:15:06.689[Status]Routing 215: Walk: 10
2019-09-05_01:15:06.798[Battery Energy]67.36
2019-09-05_01:15:07.020[Status]Routing 216: Walk: 10
2019-09-05_01:15:07.132[Battery Energy]67.26
2019-09-05_01:15:07.355[Status]Routing 217: Walk: 10
2019-09-05_01:15:07.455[Battery Energy]67.13
2019-09-05_01:15:07.678[Status]Routing 218: Walk: 10
2019-09-05_01:15:07.778[Battery Energy]66.96
2019-09-05_01:15:07.936[Status]Routing 219: Walk: 10
2019-09-05_01:15:08.036[Battery Energy]66.87
2019-09-05_01:15:08.247[Status]Routing 220: Walk: 10
2019-09-05_01:15:08.347[Battery Energy]66.75
2019-09-05_01:15:08.524[Status]Routing 221: Walk: 10
2019-09-05_01:15:08.640[Battery Energy]66.63
2019-09-05_01:15:08.804[Status]Routing 222: Walk: 10
2019-09-05_01:15:08.904[Battery Energy]66.50
2019-09-05_01:15:09.039[Status]Routing 223: Walk: 10
2019-09-05_01:15:09.144[Battery Energy]66.39
2019-09-05_01:15:09.342[Status]Routing 224: Walk: 10
2019-09-05_01:15:09.442[Battery Energy]66.29
2019-09-05_01:15:09.580[Status]Routing 225: Walk: 10
2019-09-05_01:15:09.680[Battery Energy]66.19
2019-09-05_01:15:09.858[Status]Routing 226: Walk: 10
2019-09-05_01:15:09.958[Battery Energy]66.09
2019-09-05_01:15:10.174[Status]Routing 227: Walk: 10
2019-09-05_01:15:10.274[Battery Energy]65.96
2019-09-05_01:15:10.434[Status]Routing 228: Walk: 10
2019-09-05_01:15:10.534[Battery Energy]65.81
2019-09-05_01:15:10.822[Status]Routing 229: Walk: 10
2019-09-05_01:15:10.928[Battery Energy]65.62
2019-09-05_01:15:11.122[Status]Routing 230: Walk: 10
2019-09-05_01:15:11.228[Battery Energy]65.47
2019-09-05_01:15:11.400[Status]Routing 231: Walk: 10
2019-09-05_01:15:11.516[Battery Energy]65.35
2019-09-05_01:15:11.682[Status]Routing 232: Walk: 10
2019-09-05_01:15:11.783[Battery Energy]65.25
2019-09-05_01:15:11.986[Status]Routing 233: Walk: 10
2019-09-05_01:15:12.087[Battery Energy]65.10
2019-09-05_01:15:12.285[Status]Routing 234: Walk: 10
2019-09-05_01:15:12.392[Battery Energy]65.00
2019-09-05_01:15:12.570[Status]Routing 235: Walk: 10
2019-09-05_01:15:12.670[Battery Energy]64.88
2019-09-05_01:15:12.847[Status]Routing 236: Walk: 10
2019-09-05_01:15:12.956[Battery Energy]64.74
2019-09-05_01:15:13.156[Status]Routing 237: Walk: 10
2019-09-05_01:15:13.259[Battery Energy]64.63
2019-09-05_01:15:13.452[Status]Routing 238: Walk: 10
2019-09-05_01:15:13.552[Battery Energy]64.49
2019-09-05_01:15:13.765[Status]Routing 239: Walk: 10
2019-09-05_01:15:13.868[Battery Energy]64.35
2019-09-05_01:15:14.026[Status]Routing 240: Walk: 10
2019-09-05_01:15:14.126[Battery Energy]64.25
2019-09-05_01:15:14.302[Status]Routing 241: Walk: 10
2019-09-05_01:15:14.416[Battery Energy]64.13
2019-09-05_01:15:14.622[Status]Routing 242: Walk: 10
2019-09-05_01:15:14.728[Battery Energy]64.00
2019-09-05_01:15:14.891[Status]Routing 243: Walk: 10
2019-09-05_01:15:15.004[Battery Energy]63.87
2019-09-05_01:15:15.196[Status]Routing 244: Walk: 10
2019-09-05_01:15:15.304[Battery Energy]63.75
2019-09-05_01:15:15.539[Status]Routing 245: Walk: 10
2019-09-05_01:15:15.644[Battery Energy]63.60
2019-09-05_01:15:15.922[Status]Routing 246: Walk: 10
2019-09-05_01:15:16.023[Battery Energy]63.47
2019-09-05_01:15:16.216[Status]Routing 247: Walk: 10
2019-09-05_01:15:16.332[Battery Energy]63.33
2019-09-05_01:15:16.507[Status]Routing 248: Walk: 10
2019-09-05_01:15:16.616[Battery Energy]63.23
2019-09-05_01:15:16.801[Status]Routing 249: Walk: 10
2019-09-05_01:15:16.924[Battery Energy]63.13
2019-09-05_01:15:17.130[Status]Routing 250: Walk: 10
2019-09-05_01:15:17.234[Battery Energy]63.02
2019-09-05_01:15:17.387[Status]Routing 251: Walk: 10
2019-09-05_01:15:17.488[Battery Energy]62.91
2019-09-05_01:15:17.674[Status]Routing 252: Walk: 10
2019-09-05_01:15:17.776[Battery Energy]62.77
2019-09-05_01:15:17.919[Status]Routing 253: Walk: 10
2019-09-05_01:15:18.032[Battery Energy]62.68
2019-09-05_01:15:18.235[Status]Routing 254: Walk: 10
2019-09-05_01:15:18.336[Battery Energy]62.58
2019-09-05_01:15:18.560[Status]Routing 255: Walk: 10
2019-09-05_01:15:18.660[Battery Energy]62.39
2019-09-05_01:15:18.897[Status]Routing 256: Walk: 10
2019-09-05_01:15:18.997[Battery Energy]62.27
2019-09-05_01:15:19.169[Status]Routing 257: Walk: 10
2019-09-05_01:15:19.280[Battery Energy]62.13
2019-09-05_01:15:19.462[Status]Routing 258: Walk: 10
2019-09-05_01:15:19.563[Battery Energy]61.99
2019-09-05_01:15:19.772[Status]Routing 259: Walk: 10
2019-09-05_01:15:19.890[Battery Energy]61.88
2019-09-05_01:15:20.040[Status]Routing 260: Walk: 10
2019-09-05_01:15:20.140[Battery Energy]61.76
2019-09-05_01:15:20.318[Status]Routing 261: Walk: 10
2019-09-05_01:15:20.418[Battery Energy]61.64
2019-09-05_01:15:20.639[Status]Routing 262: Walk: 10
2019-09-05_01:15:20.740[Battery Energy]61.51
2019-09-05_01:15:21.059[Status]Routing 263: Walk: 10
2019-09-05_01:15:21.168[Battery Energy]61.35
2019-09-05_01:15:21.357[Status]Routing 264: Walk: 10
2019-09-05_01:15:21.458[Battery Energy]61.19
2019-09-05_01:15:21.618[Status]Routing 265: Walk: 10
2019-09-05_01:15:21.752[Battery Energy]61.10
2019-09-05_01:15:21.912[Status]Routing 266: Walk: 10
2019-09-05_01:15:22.032[Battery Energy]60.99
2019-09-05_01:15:22.188[Status]Routing 267: Walk: 10
2019-09-05_01:15:22.296[Battery Energy]60.89
2019-09-05_01:15:22.487[Status]Routing 268: Walk: 10
2019-09-05_01:15:22.596[Battery Energy]60.79
2019-09-05_01:15:22.793[Status]Routing 269: Walk: 10
2019-09-05_01:15:22.893[Battery Energy]60.63
2019-09-05_01:15:23.047[Status]Routing 270: Walk: 10
2019-09-05_01:15:23.147[Battery Energy]60.52
2019-09-05_01:15:23.333[Status]Routing 271: Walk: 10
2019-09-05_01:15:23.438[Battery Energy]60.36
2019-09-05_01:15:23.634[Status]Routing 272: Walk: 10
2019-09-05_01:15:23.748[Battery Energy]60.22
2019-09-05_01:15:24.034[Status]Routing 273: Walk: 10
2019-09-05_01:15:24.134[Battery Energy]60.06
2019-09-05_01:15:24.348[Status]Routing 274: Walk: 10
2019-09-05_01:15:24.448[Battery Energy]59.92
2019-09-05_01:15:24.678[Status]Routing 275: Walk: 10
2019-09-05_01:15:24.784[Battery Energy]59.84
2019-09-05_01:15:24.956[Status]Routing 276: Walk: 10
2019-09-05_01:15:25.068[Battery Energy]59.73
2019-09-05_01:15:25.270[Status]Routing 277: Walk: 10
2019-09-05_01:15:25.371[Battery Energy]59.62
2019-09-05_01:15:25.611[Status]Routing 278: Walk: 10
2019-09-05_01:15:25.711[Battery Energy]59.48
2019-09-05_01:15:25.917[Status]Routing 279: Walk: 10
2019-09-05_01:15:26.020[Battery Energy]59.36
2019-09-05_01:15:26.202[Status]Routing 280: Walk: 10
2019-09-05_01:15:26.304[Battery Energy]59.27
2019-09-05_01:15:26.503[Status]Routing 281: Walk: 10
2019-09-05_01:15:26.612[Battery Energy]59.17
2019-09-05_01:15:26.846[Status]Routing 282: Walk: 10
2019-09-05_01:15:26.953[Battery Energy]59.06
2019-09-05_01:15:27.193[Status]Routing 283: Walk: 10
