2019-09-05_01:13:45.742[Status]Start.
2019-09-05_01:13:45.743[Battery Energy]105.00
2019-09-05_01:13:46.844[Battery Energy]104.96
2019-09-05_01:13:47.945[Battery Energy]104.92
2019-09-05_01:13:49.046[Battery Energy]104.88
2019-09-05_01:13:50.148[Battery Energy]104.84
2019-09-05_01:13:51.249[Task]A New Task Released.
2019-09-05_01:13:51.249[Battery Energy]104.80
2019-09-05_01:13:51.249[Status]Selection Start.
2019-09-05_01:13:52.148[Status]Selection End: Do Task 2.
2019-09-05_01:13:52.248[Battery Energy]104.13
2019-09-05_01:13:52.248[Status]Formation Start.
2019-09-05_01:13:52.431[Status]Formation End: To Position 2.
2019-09-05_01:13:52.532[Battery Energy]103.99
2019-09-05_01:13:52.532[Status]Routing Start.
2019-09-05_01:13:52.812[Status]{'id': 18, 'coordinate': [63.351929421159824, 605.4586138163644]}
2019-09-05_01:13:52.812[Status]Routing 1: Walk: 1
2019-09-05_01:13:52.917[Battery Energy]103.72
2019-09-05_01:13:52.917[Status]Routing Start.
2019-09-05_01:13:53.140[Status]{'id': 18, 'coordinate': [72.70385884231965, 601.9172276327288]}
2019-09-05_01:13:53.140[Status]Routing 2: Walk: 2
2019-09-05_01:13:53.240[Battery Energy]103.48
2019-09-05_01:13:53.240[Status]Routing Start.
2019-09-05_01:13:53.418[Status]{'id': 18, 'coordinate': [82.05578826347947, 598.3758414490932]}
2019-09-05_01:13:53.418[Status]Routing 3: Walk: 3
2019-09-05_01:13:53.524[Battery Energy]103.26
2019-09-05_01:13:53.524[Status]Routing Start.
2019-09-05_01:13:53.684[Status]{'id': 18, 'coordinate': [91.4077176846393, 594.8344552654576]}
2019-09-05_01:13:53.684[Status]Routing 4: Walk: 4
2019-09-05_01:13:53.815[Battery Energy]103.06
2019-09-05_01:13:53.815[Status]Routing Start.
2019-09-05_01:13:53.981[Status]{'id': 18, 'coordinate': [100.75964710579912, 591.293069081822]}
2019-09-05_01:13:53.982[Status]Routing 5: Walk: 5
2019-09-05_01:13:54.088[Battery Energy]102.82
2019-09-05_01:13:54.088[Status]Routing Start.
2019-09-05_01:13:54.418[Status]{'id': 18, 'coordinate': [110.11157652695894, 587.7516828981863]}
2019-09-05_01:13:54.418[Status]Routing 6: Walk: 6
2019-09-05_01:13:54.524[Battery Energy]102.54
2019-09-05_01:13:54.524[Status]Routing Start.
2019-09-05_01:13:54.979[Status]{'id': 18, 'coordinate': [119.46350594811877, 584.2102967145507]}
2019-09-05_01:13:54.991[Status]Routing 7: Walk: 7
2019-09-05_01:13:55.091[Battery Energy]102.15
2019-09-05_01:13:55.091[Status]Routing Start.
2019-09-05_01:13:55.386[Status]{'id': 18, 'coordinate': [128.8154353692786, 580.6689105309151]}
2019-09-05_01:13:55.387[Status]Routing 8: Walk: 8
2019-09-05_01:13:55.487[Battery Energy]101.86
2019-09-05_01:13:55.487[Status]Routing Start.
2019-09-05_01:13:55.834[Status]{'id': 18, 'coordinate': [138.16736479043843, 577.1275243472795]}
2019-09-05_01:13:55.839[Status]Routing 9: Walk: 9
2019-09-05_01:13:55.940[Battery Energy]101.54
2019-09-05_01:13:55.940[Status]Routing Start.
2019-09-05_01:13:56.492[Status]Routing 10: Walk: 9
2019-09-05_01:13:56.604[Battery Energy]101.09
2019-09-05_01:13:56.604[Status]Routing Start.
2019-09-05_01:13:57.057[Status]Routing 11: Walk: 9
2019-09-05_01:13:57.157[Battery Energy]100.72
2019-09-05_01:13:57.157[Status]Routing Start.
2019-09-05_01:13:57.521[Status]Routing 12: Walk: 9
2019-09-05_01:13:57.625[Battery Energy]100.41
2019-09-05_01:13:57.625[Status]Routing Start.
2019-09-05_01:13:57.980[Status]Routing 13: Walk: 9
2019-09-05_01:13:58.084[Battery Energy]100.12
2019-09-05_01:13:58.084[Status]Routing Start.
2019-09-05_01:13:58.465[Status]Routing 14: Walk: 9
2019-09-05_01:13:58.566[Battery Energy]99.78
2019-09-05_01:13:58.566[Status]Routing Start.
2019-09-05_01:13:58.906[Status]{'id': 18, 'coordinate': [147.51929421159826, 573.5861381636439]}
2019-09-05_01:13:58.911[Status]Routing 15: Walk: 10
2019-09-05_01:13:59.012[Battery Energy]99.39
2019-09-05_01:13:59.012[Status]Routing Start.
2019-09-05_01:13:59.373[Status]{'id': 18, 'coordinate': [156.8712236327581, 570.0447519800083]}
2019-09-05_01:13:59.373[Status]Routing 16: Walk: 11
2019-09-05_01:13:59.474[Battery Energy]99.05
2019-09-05_01:13:59.474[Status]Routing Start.
2019-09-05_01:13:59.921[Status]Routing 17: Walk: 11
2019-09-05_01:14:00.021[Battery Energy]98.73
2019-09-05_01:14:00.021[Status]Routing Start.
2019-09-05_01:14:00.330[Status]{'id': 18, 'coordinate': [166.22315305391794, 566.5033657963727]}
2019-09-05_01:14:00.334[Status]Routing 18: Walk: 12
2019-09-05_01:14:00.434[Battery Energy]98.37
2019-09-05_01:14:00.434[Status]Routing Start.
2019-09-05_01:14:00.797[Status]{'id': 18, 'coordinate': [175.57508247507778, 562.9619796127371]}
2019-09-05_01:14:00.800[Status]Routing 19: Walk: 13
2019-09-05_01:14:00.900[Battery Energy]98.00
2019-09-05_01:14:00.901[Status]Routing Start.
2019-09-05_01:14:01.069[Status]{'id': 18, 'coordinate': [184.92701189623762, 559.4205934291015]}
2019-09-05_01:14:01.069[Status]Routing 20: Walk: 14
2019-09-05_01:14:01.169[Battery Energy]97.77
2019-09-05_01:14:01.169[Status]Routing Start.
2019-09-05_01:14:01.545[Status]{'id': 18, 'coordinate': [194.27894131739745, 555.8792072454659]}
2019-09-05_01:14:01.545[Status]Routing 21: Walk: 15
2019-09-05_01:14:01.648[Battery Energy]97.42
2019-09-05_01:14:01.648[Status]Routing Start.
2019-09-05_01:14:01.824[Status]{'id': 18, 'coordinate': [203.6308707385573, 552.3378210618303]}
2019-09-05_01:14:01.824[Status]Routing 22: Walk: 16
2019-09-05_01:14:01.924[Battery Energy]97.21
2019-09-05_01:14:01.925[Status]Routing Start.
2019-09-05_01:14:02.290[Status]{'id': 18, 'coordinate': [212.98280015971713, 548.7964348781946]}
2019-09-05_01:14:02.290[Status]Routing 23: Walk: 17
2019-09-05_01:14:02.396[Battery Energy]96.86
2019-09-05_01:14:02.396[Status]Routing Start.
2019-09-05_01:14:02.725[Status]{'id': 18, 'coordinate': [222.33472958087697, 545.255048694559]}
2019-09-05_01:14:02.725[Status]Routing 24: Walk: 18
2019-09-05_01:14:02.825[Battery Energy]96.58
2019-09-05_01:14:02.825[Status]Routing Start.
2019-09-05_01:14:03.172[Status]{'id': 18, 'coordinate': [231.6866590020368, 541.7136625109234]}
2019-09-05_01:14:03.173[Status]Routing 25: Walk: 19
2019-09-05_01:14:03.276[Battery Energy]96.25
2019-09-05_01:14:03.276[Status]Routing Start.
2019-09-05_01:14:03.629[Status]{'id': 18, 'coordinate': [241.03858842319664, 538.1722763272878]}
2019-09-05_01:14:03.629[Status]Routing 26: Walk: 20
2019-09-05_01:14:03.732[Battery Energy]95.89
2019-09-05_01:14:03.732[Status]Routing Start.
2019-09-05_01:14:04.071[Status]{'id': 18, 'coordinate': [250.39051784435648, 534.6308901436522]}
2019-09-05_01:14:04.071[Status]Routing 27: Walk: 21
2019-09-05_01:14:04.174[Battery Energy]95.51
2019-09-05_01:14:04.174[Status]Routing Start.
2019-09-05_01:14:04.508[Status]{'id': 18, 'coordinate': [259.7424472655163, 531.0895039600166]}
2019-09-05_01:14:04.508[Status]Routing 28: Walk: 22
2019-09-05_01:14:04.624[Battery Energy]95.17
2019-09-05_01:14:04.624[Status]Routing Start.
2019-09-05_01:14:04.805[Status]{'id': 18, 'coordinate': [269.0943766866761, 527.548117776381]}
2019-09-05_01:14:04.805[Status]Routing 29: Walk: 23
2019-09-05_01:14:04.905[Battery Energy]94.96
2019-09-05_01:14:04.905[Status]Routing Start.
2019-09-05_01:14:05.312[Status]{'id': 18, 'coordinate': [278.44630610783594, 524.0067315927454]}
2019-09-05_01:14:05.312[Status]Routing 30: Walk: 24
2019-09-05_01:14:05.412[Battery Energy]94.62
2019-09-05_01:14:05.412[Status]Routing Start.
2019-09-05_01:14:05.552[Status]{'id': 18, 'coordinate': [287.79823552899575, 520.4653454091098]}
2019-09-05_01:14:05.552[Status]Routing 31: Walk: 25
2019-09-05_01:14:05.660[Battery Energy]94.43
2019-09-05_01:14:05.660[Status]Routing Start.
2019-09-05_01:14:05.948[Status]{'id': 18, 'coordinate': [297.15016495015556, 516.9239592254742]}
2019-09-05_01:14:05.948[Status]Routing 32: Walk: 26
2019-09-05_01:14:06.051[Battery Energy]94.18
2019-09-05_01:14:06.051[Status]Routing Start.
2019-09-05_01:14:06.305[Status]{'id': 18, 'coordinate': [306.50209437131537, 513.3825730418386]}
2019-09-05_01:14:06.305[Status]Routing 33: Walk: 27
2019-09-05_01:14:06.408[Battery Energy]93.90
2019-09-05_01:14:06.408[Status]Routing Start.
2019-09-05_01:14:06.753[Status]{'id': 18, 'coordinate': [315.8540237924752, 509.84118685820295]}
2019-09-05_01:14:06.754[Status]Routing 34: Walk: 28
2019-09-05_01:14:06.854[Battery Energy]93.57
2019-09-05_01:14:06.854[Status]Routing Start.
2019-09-05_01:14:07.217[Status]{'id': 18, 'coordinate': [325.205953213635, 506.29980067456734]}
2019-09-05_01:14:07.217[Status]Routing 35: Walk: 29
2019-09-05_01:14:07.324[Battery Energy]93.25
2019-09-05_01:14:07.324[Status]Routing Start.
2019-09-05_01:14:07.721[Status]{'id': 18, 'coordinate': [334.5578826347948, 502.7584144909317]}
2019-09-05_01:14:07.721[Status]Routing 36: Walk: 30
2019-09-05_01:14:07.824[Battery Energy]92.98
2019-09-05_01:14:07.824[Status]Routing Start.
2019-09-05_01:14:08.339[Status]Routing 37: Walk: 30
2019-09-05_01:14:08.439[Battery Energy]92.62
2019-09-05_01:14:08.439[Status]Routing Start.
2019-09-05_01:14:08.727[Status]Routing 38: Walk: 30
2019-09-05_01:14:08.827[Battery Energy]92.35
2019-09-05_01:14:08.827[Status]Routing Start.
2019-09-05_01:14:09.194[Status]Routing 39: Walk: 30
2019-09-05_01:14:09.301[Battery Energy]92.02
2019-09-05_01:14:09.301[Status]Routing Start.
2019-09-05_01:14:09.593[Status]Routing 40: Walk: 30
2019-09-05_01:14:09.693[Battery Energy]91.73
2019-09-05_01:14:09.693[Status]Routing Start.
2019-09-05_01:14:09.927[Status]{'id': 18, 'coordinate': [343.9098120559546, 499.2170283072961]}
2019-09-05_01:14:09.927[Status]Routing 41: Walk: 31
2019-09-05_01:14:10.036[Battery Energy]91.46
2019-09-05_01:14:10.036[Status]Routing Start.
2019-09-05_01:14:10.207[Status]{'id': 18, 'coordinate': [353.2617414771144, 495.6756421236605]}
2019-09-05_01:14:10.207[Status]Routing 42: Walk: 32
2019-09-05_01:14:10.312[Battery Energy]91.28
2019-09-05_01:14:10.312[Status]Routing Start.
2019-09-05_01:14:10.679[Status]{'id': 18, 'coordinate': [362.6136708982742, 492.1342559400249]}
2019-09-05_01:14:10.679[Status]Routing 43: Walk: 33
2019-09-05_01:14:10.779[Battery Energy]90.98
2019-09-05_01:14:10.780[Status]Routing Start.
2019-09-05_01:14:10.958[Status]{'id': 18, 'coordinate': [371.96560031943403, 488.5928697563893]}
2019-09-05_01:14:10.958[Status]Routing 44: Walk: 34
2019-09-05_01:14:11.072[Battery Energy]90.79
2019-09-05_01:14:11.072[Status]Routing Start.
2019-09-05_01:14:11.287[Status]{'id': 18, 'coordinate': [381.31752974059384, 485.0514835727537]}
2019-09-05_01:14:11.287[Status]Routing 45: Walk: 35
2019-09-05_01:14:11.387[Battery Energy]90.55
2019-09-05_01:14:11.387[Status]Routing Start.
2019-09-05_01:14:11.727[Status]{'id': 18, 'coordinate': [390.66945916175365, 481.5100973891181]}
2019-09-05_01:14:11.727[Status]Routing 46: Walk: 36
2019-09-05_01:14:11.829[Battery Energy]90.26
2019-09-05_01:14:11.829[Status]Routing Start.
2019-09-05_01:14:12.169[Status]{'id': 18, 'coordinate': [400.02138858291346, 477.96871120548246]}
2019-09-05_01:14:12.169[Status]Routing 47: Walk: 37
2019-09-05_01:14:12.280[Battery Energy]89.89
2019-09-05_01:14:12.280[Status]Routing Start.
2019-09-05_01:14:12.602[Status]{'id': 18, 'coordinate': [409.37331800407327, 474.42732502184685]}
2019-09-05_01:14:12.602[Status]Routing 48: Walk: 38
2019-09-05_01:14:12.703[Battery Energy]89.57
2019-09-05_01:14:12.703[Status]Routing Start.
2019-09-05_01:14:12.881[Status]{'id': 18, 'coordinate': [418.7252474252331, 470.88593883821125]}
2019-09-05_01:14:12.881[Status]Routing 49: Walk: 39
2019-09-05_01:14:12.981[Battery Energy]89.34
2019-09-05_01:14:12.981[Status]Routing Start.
2019-09-05_01:14:13.319[Status]{'id': 18, 'coordinate': [428.0771768463929, 467.34455265457564]}
2019-09-05_01:14:13.319[Status]Routing 50: Walk: 40
2019-09-05_01:14:13.420[Battery Energy]89.03
2019-09-05_01:14:13.420[Status]Routing Start.
2019-09-05_01:14:13.582[Status]{'id': 18, 'coordinate': [437.4291062675527, 463.80316647094]}
2019-09-05_01:14:13.582[Status]Routing 51: Walk: 41
2019-09-05_01:14:13.686[Battery Energy]88.80
2019-09-05_01:14:13.686[Status]Routing Start.
2019-09-05_01:14:13.847[Status]{'id': 18, 'coordinate': [446.7810356887125, 460.2617802873044]}
2019-09-05_01:14:13.848[Status]Routing 52: Walk: 42
2019-09-05_01:14:13.964[Battery Energy]88.59
2019-09-05_01:14:13.964[Status]Routing Start.
2019-09-05_01:14:14.153[Status]{'id': 18, 'coordinate': [456.1329651098723, 456.7203941036688]}
2019-09-05_01:14:14.153[Status]Routing 53: Walk: 43
2019-09-05_01:14:14.254[Battery Energy]88.39
2019-09-05_01:14:14.254[Status]Routing Start.
2019-09-05_01:14:14.406[Status]{'id': 18, 'coordinate': [465.4848945310321, 453.1790079200332]}
2019-09-05_01:14:14.406[Status]Routing 54: Walk: 44
2019-09-05_01:14:14.506[Battery Energy]88.17
2019-09-05_01:14:14.506[Status]Routing Start.
2019-09-05_01:14:14.899[Status]Routing 55: Walk: 44
2019-09-05_01:14:15.000[Battery Energy]87.86
2019-09-05_01:14:15.000[Status]Routing Start.
2019-09-05_01:14:15.328[Status]Routing 56: Walk: 44
2019-09-05_01:14:15.429[Battery Energy]87.53
2019-09-05_01:14:15.429[Status]Routing Start.
2019-09-05_01:14:15.816[Status]Routing 57: Walk: 44
2019-09-05_01:14:15.916[Battery Energy]87.19
2019-09-05_01:14:15.916[Status]Routing Start.
2019-09-05_01:14:16.250[Status]Routing 58: Walk: 44
2019-09-05_01:14:16.351[Battery Energy]86.87
2019-09-05_01:14:16.351[Status]Routing Start.
2019-09-05_01:14:16.538[Status]{'id': 18, 'coordinate': [474.83682395219193, 449.6376217363976]}
2019-09-05_01:14:16.538[Status]Routing 59: Walk: 45
2019-09-05_01:14:16.638[Battery Energy]86.65
2019-09-05_01:14:16.638[Status]Routing Start.
2019-09-05_01:14:16.847[Status]{'id': 18, 'coordinate': [484.18875337335174, 446.096235552762]}
2019-09-05_01:14:16.847[Status]Routing 60: Walk: 46
2019-09-05_01:14:16.948[Battery Energy]86.38
2019-09-05_01:14:16.948[Status]Routing Start.
2019-09-05_01:14:17.133[Status]{'id': 18, 'coordinate': [493.54068279451155, 442.5548493691264]}
2019-09-05_01:14:17.133[Status]Routing 61: Walk: 47
2019-09-05_01:14:17.240[Battery Energy]86.12
2019-09-05_01:14:17.240[Status]Routing Start.
2019-09-05_01:14:17.374[Status]{'id': 18, 'coordinate': [502.89261221567136, 439.01346318549076]}
2019-09-05_01:14:17.374[Status]Routing 62: Walk: 48
2019-09-05_01:14:17.480[Battery Energy]85.91
2019-09-05_01:14:17.480[Status]Routing Start.
2019-09-05_01:14:17.662[Status]{'id': 18, 'coordinate': [512.2445416368312, 435.47207700185515]}
2019-09-05_01:14:17.662[Status]Routing 63: Walk: 49
2019-09-05_01:14:17.765[Battery Energy]85.67
2019-09-05_01:14:17.765[Status]Routing Start.
2019-09-05_01:14:17.948[Status]{'id': 18, 'coordinate': [521.596471057991, 431.93069081821955]}
2019-09-05_01:14:17.948[Status]Routing 64: Walk: 50
2019-09-05_01:14:18.048[Battery Energy]85.46
2019-09-05_01:14:18.048[Status]Routing Start.
2019-09-05_01:14:18.196[Status]{'id': 18, 'coordinate': [530.9484004791509, 428.38930463458394]}
2019-09-05_01:14:18.196[Status]Routing 65: Walk: 51
2019-09-05_01:14:18.308[Battery Energy]85.27
2019-09-05_01:14:18.308[Status]Routing Start.
2019-09-05_01:14:18.531[Status]{'id': 18, 'coordinate': [540.3003299003108, 424.8479184509483]}
2019-09-05_01:14:18.532[Status]Routing 66: Walk: 52
2019-09-05_01:14:18.632[Battery Energy]85.06
2019-09-05_01:14:18.632[Status]Routing Start.
2019-09-05_01:14:18.813[Status]{'id': 18, 'coordinate': [549.6522593214706, 421.3065322673127]}
2019-09-05_01:14:18.813[Status]Routing 67: Walk: 53
2019-09-05_01:14:18.913[Battery Energy]84.84
2019-09-05_01:14:18.913[Status]Routing Start.
2019-09-05_01:14:19.245[Status]{'id': 18, 'coordinate': [559.0041887426305, 417.7651460836771]}
2019-09-05_01:14:19.245[Status]Routing 68: Walk: 54
2019-09-05_01:14:19.345[Battery Energy]84.54
2019-09-05_01:14:19.345[Status]Routing Start.
2019-09-05_01:14:19.546[Status]{'id': 18, 'coordinate': [568.3561181637904, 414.2237599000415]}
2019-09-05_01:14:19.546[Status]Routing 69: Walk: 55
2019-09-05_01:14:19.665[Battery Energy]84.31
2019-09-05_01:14:19.665[Status]Routing Start.
2019-09-05_01:14:19.870[Status]{'id': 18, 'coordinate': [577.7080475849502, 410.6823737164059]}
2019-09-05_01:14:19.870[Status]Routing 70: Walk: 56
2019-09-05_01:14:19.976[Battery Energy]84.09
2019-09-05_01:14:19.976[Status]Routing Start.
2019-09-05_01:14:20.169[Status]{'id': 18, 'coordinate': [587.0599770061101, 407.1409875327703]}
2019-09-05_01:14:20.169[Status]Routing 71: Walk: 57
2019-09-05_01:14:20.269[Battery Energy]83.86
2019-09-05_01:14:20.269[Status]Routing Start.
2019-09-05_01:14:20.504[Status]{'id': 18, 'coordinate': [596.41190642727, 403.5996013491347]}
2019-09-05_01:14:20.505[Status]Routing 72: Walk: 58
2019-09-05_01:14:20.605[Battery Energy]83.62
2019-09-05_01:14:20.605[Status]Routing Start.
2019-09-05_01:14:20.839[Status]{'id': 18, 'coordinate': [605.7638358484298, 400.05821516549906]}
2019-09-05_01:14:20.840[Status]Routing 73: Walk: 59
2019-09-05_01:14:20.952[Battery Energy]83.36
2019-09-05_01:14:20.952[Status]Routing Start.
2019-09-05_01:14:21.180[Status]{'id': 18, 'coordinate': [615.1157652695897, 396.51682898186345]}
2019-09-05_01:14:21.180[Status]Routing 74: Walk: 60
2019-09-05_01:14:21.281[Battery Energy]83.11
2019-09-05_01:14:21.281[Status]Routing Start.
2019-09-05_01:14:21.464[Status]{'id': 18, 'coordinate': [624.4676946907496, 392.97544279822785]}
2019-09-05_01:14:21.465[Status]Routing 75: Walk: 61
2019-09-05_01:14:21.569[Battery Energy]82.91
2019-09-05_01:14:21.569[Status]Routing Start.
2019-09-05_01:14:21.721[Status]{'id': 18, 'coordinate': [633.8196241119094, 389.43405661459224]}
2019-09-05_01:14:21.721[Status]Routing 76: Walk: 62
2019-09-05_01:14:21.822[Battery Energy]82.71
2019-09-05_01:14:21.822[Status]Routing Start.
2019-09-05_01:14:22.053[Status]{'id': 18, 'coordinate': [643.1715535330693, 385.8926704309566]}
2019-09-05_01:14:22.054[Status]Routing 77: Walk: 63
2019-09-05_01:14:22.164[Battery Energy]82.48
2019-09-05_01:14:22.164[Status]Routing Start.
2019-09-05_01:14:22.308[Status]{'id': 18, 'coordinate': [652.5234829542292, 382.351284247321]}
2019-09-05_01:14:22.309[Status]Routing 78: Walk: 64
2019-09-05_01:14:22.412[Battery Energy]82.30
2019-09-05_01:14:22.412[Status]Routing Start.
2019-09-05_01:14:22.679[Status]{'id': 18, 'coordinate': [661.875412375389, 378.8098980636854]}
2019-09-05_01:14:22.679[Status]Routing 79: Walk: 65
2019-09-05_01:14:22.780[Battery Energy]82.06
2019-09-05_01:14:22.780[Status]Routing Start.
2019-09-05_01:14:22.978[Status]{'id': 18, 'coordinate': [671.2273417965489, 375.2685118800498]}
2019-09-05_01:14:22.978[Status]Routing 80: Walk: 66
2019-09-05_01:14:23.084[Battery Energy]81.82
2019-09-05_01:14:23.084[Status]Routing Start.
2019-09-05_01:14:23.276[Status]{'id': 18, 'coordinate': [680.5792712177088, 371.7271256964142]}
2019-09-05_01:14:23.279[Status]Routing 81: Walk: 67
2019-09-05_01:14:23.388[Battery Energy]81.61
2019-09-05_01:14:23.388[Status]Routing Start.
2019-09-05_01:14:23.565[Status]{'id': 18, 'coordinate': [689.9312006388686, 368.1857395127786]}
2019-09-05_01:14:23.565[Status]Routing 82: Walk: 68
2019-09-05_01:14:23.665[Battery Energy]81.39
2019-09-05_01:14:23.665[Status]Routing Start.
2019-09-05_01:14:23.894[Status]{'id': 18, 'coordinate': [699.2831300600285, 364.644353329143]}
2019-09-05_01:14:23.894[Status]Routing 83: Walk: 69
2019-09-05_01:14:23.994[Battery Energy]81.17
2019-09-05_01:14:23.994[Status]Routing Start.
2019-09-05_01:14:24.201[Status]{'id': 18, 'coordinate': [708.6350594811884, 361.10296714550736]}
2019-09-05_01:14:24.201[Status]Routing 84: Walk: 70
2019-09-05_01:14:24.301[Battery Energy]80.94
2019-09-05_01:14:24.302[Status]Routing Start.
2019-09-05_01:14:24.570[Status]{'id': 18, 'coordinate': [717.9869889023482, 357.56158096187175]}
2019-09-05_01:14:24.570[Status]Routing 85: Walk: 71
2019-09-05_01:14:24.730[Battery Energy]80.67
2019-09-05_01:14:24.730[Status]Routing Start.
2019-09-05_01:14:24.888[Status]{'id': 18, 'coordinate': [727.3389183235081, 354.0201947782361]}
2019-09-05_01:14:24.888[Status]Routing 86: Walk: 72
2019-09-05_01:14:24.996[Battery Energy]80.46
2019-09-05_01:14:24.996[Status]Routing Start.
2019-09-05_01:14:25.135[Status]{'id': 18, 'coordinate': [736.690847744668, 350.4788085946004]}
2019-09-05_01:14:25.135[Status]Routing 87: Walk: 73
2019-09-05_01:14:25.236[Battery Energy]80.26
2019-09-05_01:14:25.236[Status]Routing Start.
2019-09-05_01:14:25.485[Status]{'id': 18, 'coordinate': [746.0427771658278, 346.9374224109648]}
2019-09-05_01:14:25.485[Status]Routing 88: Walk: 74
2019-09-05_01:14:25.589[Battery Energy]80.05
2019-09-05_01:14:25.589[Status]Routing Start.
2019-09-05_01:14:25.728[Status]{'id': 18, 'coordinate': [755.3947065869877, 343.39603622732915]}
2019-09-05_01:14:25.728[Status]Routing 89: Walk: 75
2019-09-05_01:14:25.828[Battery Energy]79.84
2019-09-05_01:14:25.828[Status]Routing Start.
2019-09-05_01:14:25.973[Status]{'id': 18, 'coordinate': [764.7466360081476, 339.8546500436935]}
2019-09-05_01:14:25.973[Status]Routing 90: Walk: 76
2019-09-05_01:14:26.096[Battery Energy]79.63
2019-09-05_01:14:26.096[Status]Routing Start.
2019-09-05_01:14:26.234[Status]{'id': 18, 'coordinate': [774.0985654293074, 336.3132638600579]}
2019-09-05_01:14:26.234[Status]Routing 91: Walk: 77
2019-09-05_01:14:26.349[Battery Energy]79.44
2019-09-05_01:14:26.349[Status]Routing Start.
2019-09-05_01:14:26.530[Status]{'id': 18, 'coordinate': [783.4504948504673, 332.7718776764222]}
2019-09-05_01:14:26.530[Status]Routing 92: Walk: 78
2019-09-05_01:14:26.630[Battery Energy]79.22
2019-09-05_01:14:26.630[Status]Routing Start.
2019-09-05_01:14:26.833[Status]{'id': 18, 'coordinate': [792.8024242716272, 329.23049149278654]}
2019-09-05_01:14:26.833[Status]Routing 93: Walk: 79
2019-09-05_01:14:26.940[Battery Energy]79.01
2019-09-05_01:14:26.940[Status]Routing Start.
2019-09-05_01:14:27.068[Status]{'id': 18, 'coordinate': [802.154353692787, 325.6891053091509]}
2019-09-05_01:14:27.068[Status]Routing 94: Walk: 80
2019-09-05_01:14:27.172[Battery Energy]78.82
2019-09-05_01:14:27.172[Status]Routing Start.
2019-09-05_01:14:27.377[Status]{'id': 18, 'coordinate': [811.5062831139469, 322.1477191255152]}
2019-09-05_01:14:27.377[Status]Routing 95: Walk: 81
2019-09-05_01:14:27.496[Battery Energy]78.59
2019-09-05_01:14:27.496[Status]Routing Start.
2019-09-05_01:14:27.704[Status]{'id': 18, 'coordinate': [820.8582125351068, 318.60633294187954]}
2019-09-05_01:14:27.704[Status]Routing 96: Walk: 82
2019-09-05_01:14:27.805[Battery Energy]78.37
2019-09-05_01:14:27.805[Status]Routing Start.
2019-09-05_01:14:28.062[Status]{'id': 18, 'coordinate': [830.2101419562666, 315.0649467582439]}
2019-09-05_01:14:28.062[Status]Routing 97: Walk: 83
2019-09-05_01:14:28.168[Battery Energy]78.10
2019-09-05_01:14:28.168[Status]Routing Start.
2019-09-05_01:14:28.366[Status]{'id': 18, 'coordinate': [839.5620713774265, 311.52356057460827]}
2019-09-05_01:14:28.366[Status]Routing 98: Walk: 84
2019-09-05_01:14:28.506[Battery Energy]77.86
2019-09-05_01:14:28.508[Status]Routing Start.
2019-09-05_01:14:28.858[Status]{'id': 18, 'coordinate': [848.9140007985864, 307.9821743909726]}
2019-09-05_01:14:28.858[Status]Routing 99: Walk: 85
2019-09-05_01:14:28.972[Battery Energy]77.57
2019-09-05_01:14:28.972[Status]Routing Start.
2019-09-05_01:14:29.316[Status]{'id': 18, 'coordinate': [858.2659302197462, 304.44078820733694]}
2019-09-05_01:14:29.316[Status]Routing 100: Walk: 86
2019-09-05_01:14:29.422[Battery Energy]77.23
2019-09-05_01:14:29.422[Status]Routing Start.
2019-09-05_01:14:29.593[Status]{'id': 18, 'coordinate': [867.6178596409061, 300.89940202370127]}
2019-09-05_01:14:29.593[Status]Routing 101: Walk: 87
2019-09-05_01:14:29.696[Battery Energy]77.01
2019-09-05_01:14:29.696[Status]Routing Start.
2019-09-05_01:14:30.020[Status]{'id': 18, 'coordinate': [876.969789062066, 297.3580158400656]}
2019-09-05_01:14:30.020[Status]Routing 102: Walk: 88
2019-09-05_01:14:30.120[Battery Energy]76.70
2019-09-05_01:14:30.120[Status]Routing Start.
2019-09-05_01:14:30.321[Status]{'id': 18, 'coordinate': [886.3217184832258, 293.81662965643]}
2019-09-05_01:14:30.321[Status]Routing 103: Walk: 89
2019-09-05_01:14:30.423[Battery Energy]76.47
2019-09-05_01:14:30.423[Status]Routing Start.
2019-09-05_01:14:30.682[Status]{'id': 18, 'coordinate': [895.6736479043857, 290.27524347279433]}
2019-09-05_01:14:30.682[Status]Routing 104: Walk: 90
2019-09-05_01:14:30.784[Battery Energy]76.29
2019-09-05_01:14:30.784[Status]Routing Start.
2019-09-05_01:14:31.130[Status]{'id': 18, 'coordinate': [905.0255773255456, 286.73385728915866]}
2019-09-05_01:14:31.131[Status]Routing 105: Walk: 91
2019-09-05_01:14:31.233[Battery Energy]75.97
2019-09-05_01:14:31.233[Status]Routing Start.
2019-09-05_01:14:31.419[Status]{'id': 18, 'coordinate': [914.3775067467054, 283.192471105523]}
2019-09-05_01:14:31.419[Status]Routing 106: Walk: 92
2019-09-05_01:14:31.536[Battery Energy]75.74
2019-09-05_01:14:31.536[Status]Routing Start.
2019-09-05_01:14:31.689[Status]{'id': 18, 'coordinate': [923.7294361678653, 279.65108492188733]}
2019-09-05_01:14:31.689[Status]Routing 107: Walk: 93
2019-09-05_01:14:31.796[Battery Energy]75.52
2019-09-05_01:14:31.796[Status]Routing Start.
2019-09-05_01:14:32.045[Status]{'id': 18, 'coordinate': [933.0813655890252, 276.10969873825167]}
2019-09-05_01:14:32.045[Status]Routing 108: Walk: 94
2019-09-05_01:14:32.149[Battery Energy]75.31
2019-09-05_01:14:32.149[Status]Routing Start.
2019-09-05_01:14:32.442[Status]{'id': 18, 'coordinate': [942.433295010185, 272.568312554616]}
2019-09-05_01:14:32.442[Status]Routing 109: Walk: 95
2019-09-05_01:14:32.548[Battery Energy]75.00
2019-09-05_01:14:32.548[Status]Routing Start.
2019-09-05_01:14:32.741[Status]{'id': 18, 'coordinate': [951.7852244313449, 269.0269263709804]}
2019-09-05_01:14:32.741[Status]Routing 110: Walk: 96
2019-09-05_01:14:32.844[Battery Energy]74.75
2019-09-05_01:14:32.844[Status]Routing Start.
2019-09-05_01:14:33.107[Status]{'id': 18, 'coordinate': [961.1371538525048, 265.4855401873447]}
2019-09-05_01:14:33.107[Status]Routing 111: Walk: 97
2019-09-05_01:14:33.212[Battery Energy]74.53
2019-09-05_01:14:33.212[Status]Routing Start.
2019-09-05_01:14:33.390[Status]{'id': 18, 'coordinate': [970.4890832736646, 261.94415400370906]}
2019-09-05_01:14:33.391[Status]Routing 112: Walk: 98
2019-09-05_01:14:33.492[Battery Energy]74.33
2019-09-05_01:14:33.492[Status]Routing Start.
2019-09-05_01:14:33.719[Status]{'id': 18, 'coordinate': [979.8410126948245, 258.4027678200734]}
2019-09-05_01:14:33.719[Status]Routing 113: Walk: 99
2019-09-05_01:14:33.828[Battery Energy]74.10
2019-09-05_01:14:33.828[Status]Routing Start.
2019-09-05_01:14:34.046[Status]{'id': 18, 'coordinate': [989.1929421159844, 254.86138163643776]}
2019-09-05_01:14:34.047[Status]Routing 114: Walk: 100
2019-09-05_01:14:34.168[Battery Energy]73.89
2019-09-05_01:14:34.168[Status]Routing Start.
2019-09-05_01:14:34.393[Status]{'id': 18, 'coordinate': [998.5448715371442, 251.31999545280212]}
2019-09-05_01:14:34.393[Status]Routing 115: Walk: 101
2019-09-05_01:14:34.493[Battery Energy]73.65
2019-09-05_01:14:34.493[Status]Routing Start.
2019-09-05_01:14:34.657[Status]{'id': 18, 'coordinate': [1007.8968009583041, 247.77860926916648]}
2019-09-05_01:14:34.658[Status]Routing 116: Walk: 102
2019-09-05_01:14:34.758[Battery Energy]73.45
2019-09-05_01:14:34.758[Status]Routing Start.
2019-09-05_01:14:35.013[Status]{'id': 18, 'coordinate': [1017.248730379464, 244.23722308553081]}
2019-09-05_01:14:35.013[Status]Routing 117: Walk: 103
2019-09-05_01:14:35.116[Battery Energy]73.20
2019-09-05_01:14:35.116[Status]Routing Start.
2019-09-05_01:14:35.285[Status]{'id': 18, 'coordinate': [1026.6006598006238, 240.69583690189515]}
2019-09-05_01:14:35.285[Status]Routing 118: Walk: 104
2019-09-05_01:14:35.388[Battery Energy]72.98
2019-09-05_01:14:35.388[Status]Routing Start.
2019-09-05_01:14:35.686[Status]{'id': 18, 'coordinate': [1035.9525892217837, 237.15445071825948]}
2019-09-05_01:14:35.686[Status]Routing 119: Walk: 105
2019-09-05_01:14:35.786[Battery Energy]72.69
2019-09-05_01:14:35.787[Status]Routing Start.
2019-09-05_01:14:35.787[Status]Task Finished.
2019-09-05_01:14:35.887[Battery Energy]72.69
2019-09-05_01:14:36.129[Status]Routing 121: Walk: 105
2019-09-05_01:14:36.240[Battery Energy]72.56
2019-09-05_01:14:36.482[Status]Routing 122: Walk: 105
2019-09-05_01:14:36.582[Battery Energy]72.42
2019-09-05_01:14:36.829[Status]Routing 123: Walk: 105
2019-09-05_01:14:36.980[Battery Energy]72.24
2019-09-05_01:14:37.248[Status]Routing 124: Walk: 105
2019-09-05_01:14:37.368[Battery Energy]72.12
2019-09-05_01:14:37.690[Status]Routing 125: Walk: 105
2019-09-05_01:14:37.790[Battery Energy]71.98
2019-09-05_01:14:38.159[Status]Routing 126: Walk: 105
2019-09-05_01:14:38.271[Battery Energy]71.81
2019-09-05_01:14:38.421[Status]Routing 127: Walk: 105
2019-09-05_01:14:38.521[Battery Energy]71.69
2019-09-05_01:14:38.988[Status]Routing 128: Walk: 105
2019-09-05_01:14:39.091[Battery Energy]71.44
2019-09-05_01:14:39.409[Status]Routing 129: Walk: 105
2019-09-05_01:14:39.531[Battery Energy]71.26
2019-09-05_01:14:39.823[Status]Routing 130: Walk: 105
2019-09-05_01:14:39.942[Battery Energy]71.11
2019-09-05_01:14:40.192[Status]Routing 131: Walk: 105
2019-09-05_01:14:40.296[Battery Energy]70.99
2019-09-05_01:14:40.632[Status]Routing 132: Walk: 105
2019-09-05_01:14:40.734[Battery Energy]70.78
2019-09-05_01:14:40.897[Status]Routing 133: Walk: 105
2019-09-05_01:14:41.004[Battery Energy]70.66
2019-09-05_01:14:41.369[Status]Routing 134: Walk: 105
2019-09-05_01:14:41.478[Battery Energy]70.50
2019-09-05_01:14:41.651[Status]Routing 135: Walk: 105
2019-09-05_01:14:41.755[Battery Energy]70.36
2019-09-05_01:14:41.932[Status]Routing 136: Walk: 105
2019-09-05_01:14:42.036[Battery Energy]70.25
2019-09-05_01:14:42.221[Status]Routing 137: Walk: 105
2019-09-05_01:14:42.336[Battery Energy]70.14
2019-09-05_01:14:42.511[Status]Routing 138: Walk: 105
2019-09-05_01:14:42.611[Battery Energy]70.01
2019-09-05_01:14:42.779[Status]Routing 139: Walk: 105
2019-09-05_01:14:42.881[Battery Energy]69.89
2019-09-05_01:14:43.181[Status]Routing 140: Walk: 105
2019-09-05_01:14:43.300[Battery Energy]69.75
2019-09-05_01:14:43.453[Status]Routing 141: Walk: 105
2019-09-05_01:14:43.558[Battery Energy]69.66
2019-09-05_01:14:43.731[Status]Routing 142: Walk: 105
2019-09-05_01:14:43.852[Battery Energy]69.53
2019-09-05_01:14:44.095[Status]Routing 143: Walk: 105
2019-09-05_01:14:44.212[Battery Energy]69.42
2019-09-05_01:14:44.377[Status]Routing 144: Walk: 105
2019-09-05_01:14:44.477[Battery Energy]69.31
2019-09-05_01:14:44.648[Status]Routing 145: Walk: 105
2019-09-05_01:14:44.768[Battery Energy]69.17
2019-09-05_01:14:44.983[Status]Routing 146: Walk: 105
2019-09-05_01:14:45.087[Battery Energy]69.04
2019-09-05_01:14:45.271[Status]Routing 147: Walk: 105
2019-09-05_01:14:45.371[Battery Energy]68.91
2019-09-05_01:14:45.599[Status]Routing 148: Walk: 105
2019-09-05_01:14:45.704[Battery Energy]68.73
2019-09-05_01:14:45.931[Status]Routing 149: Walk: 105
2019-09-05_01:14:46.031[Battery Energy]68.59
2019-09-05_01:14:46.248[Status]Routing 150: Walk: 105
2019-09-05_01:14:46.348[Battery Energy]68.50
2019-09-05_01:14:46.544[Status]Routing 151: Walk: 105
2019-09-05_01:14:46.652[Battery Energy]68.38
2019-09-05_01:14:46.826[Status]Routing 152: Walk: 105
2019-09-05_01:14:46.932[Battery Energy]68.24
2019-09-05_01:14:47.111[Status]Routing 153: Walk: 105
2019-09-05_01:14:47.228[Battery Energy]68.12
2019-09-05_01:14:47.405[Status]Routing 154: Walk: 105
2019-09-05_01:14:47.508[Battery Energy]67.96
2019-09-05_01:14:47.760[Status]Routing 155: Walk: 105
2019-09-05_01:14:47.869[Battery Energy]67.85
2019-09-05_01:14:48.067[Status]Routing 156: Walk: 105
2019-09-05_01:14:48.176[Battery Energy]67.73
2019-09-05_01:14:48.401[Status]Routing 157: Walk: 105
2019-09-05_01:14:48.501[Battery Energy]67.58
2019-09-05_01:14:48.748[Status]Routing 158: Walk: 105
2019-09-05_01:14:48.916[Battery Energy]67.39
2019-09-05_01:14:49.080[Status]Routing 159: Walk: 105
2019-09-05_01:14:49.181[Battery Energy]67.32
2019-09-05_01:14:49.396[Status]Routing 160: Walk: 105
2019-09-05_01:14:49.504[Battery Energy]67.18
2019-09-05_01:14:49.646[Status]Routing 161: Walk: 105
2019-09-05_01:14:49.749[Battery Energy]67.08
2019-09-05_01:14:49.893[Status]Routing 162: Walk: 105
2019-09-05_01:14:49.993[Battery Energy]66.99
2019-09-05_01:14:50.166[Status]Routing 163: Walk: 105
2019-09-05_01:14:50.267[Battery Energy]66.90
2019-09-05_01:14:50.526[Status]Routing 164: Walk: 105
2019-09-05_01:14:50.636[Battery Energy]66.74
2019-09-05_01:14:50.871[Status]Routing 165: Walk: 105
2019-09-05_01:14:50.988[Battery Energy]66.60
2019-09-05_01:14:51.147[Status]Routing 166: Walk: 105
2019-09-05_01:14:51.264[Battery Energy]66.49
2019-09-05_01:14:51.416[Status]Routing 167: Walk: 105
2019-09-05_01:14:51.516[Battery Energy]66.38
2019-09-05_01:14:51.718[Status]Routing 168: Walk: 105
2019-09-05_01:14:51.940[Battery Energy]66.27
2019-09-05_01:14:52.151[Status]Routing 169: Walk: 105
2019-09-05_01:14:52.252[Battery Energy]66.16
2019-09-05_01:14:52.456[Status]Routing 170: Walk: 105
2019-09-05_01:14:52.557[Battery Energy]66.05
2019-09-05_01:14:52.870[Status]Routing 171: Walk: 105
2019-09-05_01:14:52.976[Battery Energy]65.87
2019-09-05_01:14:53.119[Status]Routing 172: Walk: 105
2019-09-05_01:14:53.219[Battery Energy]65.75
2019-09-05_01:14:53.429[Status]Routing 173: Walk: 105
2019-09-05_01:14:53.532[Battery Energy]65.59
2019-09-05_01:14:53.855[Status]Routing 174: Walk: 105
2019-09-05_01:14:53.956[Battery Energy]65.42
2019-09-05_01:14:54.360[Status]Routing 175: Walk: 105
2019-09-05_01:14:54.476[Battery Energy]65.14
2019-09-05_01:14:54.643[Status]Routing 176: Walk: 105
2019-09-05_01:14:54.787[Battery Energy]65.05
2019-09-05_01:14:54.959[Status]Routing 177: Walk: 105
2019-09-05_01:14:55.064[Battery Energy]64.93
2019-09-05_01:14:55.365[Status]Routing 178: Walk: 105
2019-09-05_01:14:55.497[Battery Energy]64.79
2019-09-05_01:14:55.668[Status]Routing 179: Walk: 105
2019-09-05_01:14:55.770[Battery Energy]64.68
2019-09-05_01:14:55.951[Status]Routing 180: Walk: 105
2019-09-05_01:14:56.056[Battery Energy]64.55
2019-09-05_01:14:56.215[Status]Routing 181: Walk: 105
2019-09-05_01:14:56.331[Battery Energy]64.44
2019-09-05_01:14:56.559[Status]Routing 182: Walk: 105
2019-09-05_01:14:56.668[Battery Energy]64.33
2019-09-05_01:14:56.830[Status]Routing 183: Walk: 105
2019-09-05_01:14:56.931[Battery Energy]64.23
2019-09-05_01:14:57.105[Status]Routing 184: Walk: 105
2019-09-05_01:14:57.205[Battery Energy]64.10
2019-09-05_01:14:57.427[Status]Routing 185: Walk: 105
2019-09-05_01:14:57.528[Battery Energy]63.98
2019-09-05_01:14:57.718[Status]Routing 186: Walk: 105
2019-09-05_01:14:57.821[Battery Energy]63.89
2019-09-05_01:14:58.002[Status]Routing 187: Walk: 105
2019-09-05_01:14:58.120[Battery Energy]63.81
2019-09-05_01:14:58.336[Status]Routing 188: Walk: 105
2019-09-05_01:14:58.444[Battery Energy]63.72
2019-09-05_01:14:58.680[Status]Routing 189: Walk: 105
2019-09-05_01:14:58.820[Battery Energy]63.59
2019-09-05_01:14:58.969[Status]Routing 190: Walk: 105
2019-09-05_01:14:59.080[Battery Energy]63.49
2019-09-05_01:14:59.250[Status]Routing 191: Walk: 105
2019-09-05_01:14:59.350[Battery Energy]63.39
2019-09-05_01:14:59.534[Status]Routing 192: Walk: 105
2019-09-05_01:14:59.635[Battery Energy]63.29
2019-09-05_01:14:59.864[Status]Routing 193: Walk: 105
2019-09-05_01:14:59.964[Battery Energy]63.18
2019-09-05_01:15:00.136[Status]Routing 194: Walk: 105
2019-09-05_01:15:00.248[Battery Energy]63.08
2019-09-05_01:15:00.415[Status]Routing 195: Walk: 105
2019-09-05_01:15:00.516[Battery Energy]62.97
2019-09-05_01:15:00.770[Status]Routing 196: Walk: 105
2019-09-05_01:15:00.880[Battery Energy]62.84
2019-09-05_01:15:01.065[Status]Routing 197: Walk: 105
2019-09-05_01:15:01.166[Battery Energy]62.72
2019-09-05_01:15:01.409[Status]Routing 198: Walk: 105
2019-09-05_01:15:01.516[Battery Energy]62.58
2019-09-05_01:15:01.682[Status]Routing 199: Walk: 105
2019-09-05_01:15:01.792[Battery Energy]62.48
2019-09-05_01:15:01.943[Status]Routing 200: Walk: 105
2019-09-05_01:15:02.043[Battery Energy]62.37
2019-09-05_01:15:02.318[Status]Routing 201: Walk: 105
2019-09-05_01:15:02.424[Battery Energy]62.20
2019-09-05_01:15:02.617[Status]Routing 202: Walk: 105
2019-09-05_01:15:02.717[Battery Energy]62.03
2019-09-05_01:15:02.929[Status]Routing 203: Walk: 105
2019-09-05_01:15:03.044[Battery Energy]61.87
2019-09-05_01:15:03.300[Status]Routing 204: Walk: 105
2019-09-05_01:15:03.400[Battery Energy]61.77
2019-09-05_01:15:03.609[Status]Routing 205: Walk: 105
2019-09-05_01:15:03.709[Battery Energy]61.67
2019-09-05_01:15:03.934[Status]Routing 206: Walk: 105
2019-09-05_01:15:04.036[Battery Energy]61.52
2019-09-05_01:15:04.288[Status]Routing 207: Walk: 105
2019-09-05_01:15:04.400[Battery Energy]61.37
2019-09-05_01:15:04.604[Status]Routing 208: Walk: 105
2019-09-05_01:15:04.727[Battery Energy]61.24
2019-09-05_01:15:04.909[Status]Routing 209: Walk: 105
2019-09-05_01:15:05.016[Battery Energy]61.12
2019-09-05_01:15:05.213[Status]Routing 210: Walk: 105
2019-09-05_01:15:05.332[Battery Energy]61.01
2019-09-05_01:15:05.487[Status]Routing 211: Walk: 105
2019-09-05_01:15:05.587[Battery Energy]60.91
2019-09-05_01:15:05.748[Status]Routing 212: Walk: 105
2019-09-05_01:15:05.848[Battery Energy]60.81
2019-09-05_01:15:06.026[Status]Routing 213: Walk: 105
2019-09-05_01:15:06.126[Battery Energy]60.70
2019-09-05_01:15:06.367[Status]Routing 214: Walk: 105
2019-09-05_01:15:06.475[Battery Energy]60.52
2019-09-05_01:15:06.684[Status]Routing 215: Walk: 105
2019-09-05_01:15:06.785[Battery Energy]60.41
2019-09-05_01:15:07.015[Status]Routing 216: Walk: 105
2019-09-05_01:15:07.136[Battery Energy]60.27
2019-09-05_01:15:07.354[Status]Routing 217: Walk: 105
2019-09-05_01:15:07.454[Battery Energy]60.14
2019-09-05_01:15:07.677[Status]Routing 218: Walk: 105
2019-09-05_01:15:07.784[Battery Energy]60.01
2019-09-05_01:15:07.936[Status]Routing 219: Walk: 105
2019-09-05_01:15:08.036[Battery Energy]59.91
2019-09-05_01:15:08.246[Status]Routing 220: Walk: 105
2019-09-05_01:15:08.348[Battery Energy]59.77
2019-09-05_01:15:08.523[Status]Routing 221: Walk: 105
2019-09-05_01:15:08.632[Battery Energy]59.64
2019-09-05_01:15:08.803[Status]Routing 222: Walk: 105
2019-09-05_01:15:08.908[Battery Energy]59.54
2019-09-05_01:15:09.044[Status]Routing 223: Walk: 105
2019-09-05_01:15:09.168[Battery Energy]59.46
2019-09-05_01:15:09.342[Status]Routing 224: Walk: 105
2019-09-05_01:15:09.443[Battery Energy]59.37
2019-09-05_01:15:09.591[Status]Routing 225: Walk: 105
2019-09-05_01:15:09.691[Battery Energy]59.23
2019-09-05_01:15:09.855[Status]Routing 226: Walk: 105
2019-09-05_01:15:09.955[Battery Energy]59.12
2019-09-05_01:15:10.174[Status]Routing 227: Walk: 105
2019-09-05_01:15:10.274[Battery Energy]58.95
2019-09-05_01:15:10.435[Status]Routing 228: Walk: 105
2019-09-05_01:15:10.535[Battery Energy]58.88
2019-09-05_01:15:10.815[Status]Routing 229: Walk: 105
2019-09-05_01:15:10.920[Battery Energy]58.77
2019-09-05_01:15:11.122[Status]Routing 230: Walk: 105
2019-09-05_01:15:11.236[Battery Energy]58.63
2019-09-05_01:15:11.399[Status]Routing 231: Walk: 105
2019-09-05_01:15:11.500[Battery Energy]58.52
2019-09-05_01:15:11.688[Status]Routing 232: Walk: 105
2019-09-05_01:15:11.812[Battery Energy]58.40
2019-09-05_01:15:11.987[Status]Routing 233: Walk: 105
2019-09-05_01:15:12.087[Battery Energy]58.29
2019-09-05_01:15:12.285[Status]Routing 234: Walk: 105
2019-09-05_01:15:12.396[Battery Energy]58.16
2019-09-05_01:15:12.573[Status]Routing 235: Walk: 105
2019-09-05_01:15:12.674[Battery Energy]58.03
2019-09-05_01:15:12.851[Status]Routing 236: Walk: 105
2019-09-05_01:15:12.964[Battery Energy]57.91
2019-09-05_01:15:13.153[Status]Routing 237: Walk: 105
2019-09-05_01:15:13.256[Battery Energy]57.81
2019-09-05_01:15:13.458[Status]Routing 238: Walk: 105
2019-09-05_01:15:13.560[Battery Energy]57.72
2019-09-05_01:15:13.756[Status]Routing 239: Walk: 105
2019-09-05_01:15:13.857[Battery Energy]57.62
2019-09-05_01:15:14.023[Status]Routing 240: Walk: 105
2019-09-05_01:15:14.136[Battery Energy]57.54
2019-09-05_01:15:14.301[Status]Routing 241: Walk: 105
2019-09-05_01:15:14.416[Battery Energy]57.45
2019-09-05_01:15:14.622[Status]Routing 242: Walk: 105
2019-09-05_01:15:14.723[Battery Energy]57.34
2019-09-05_01:15:14.887[Status]Routing 243: Walk: 105
2019-09-05_01:15:14.987[Battery Energy]57.22
2019-09-05_01:15:15.199[Status]Routing 244: Walk: 105
2019-09-05_01:15:15.316[Battery Energy]57.13
2019-09-05_01:15:15.538[Status]Routing 245: Walk: 105
2019-09-05_01:15:15.690[Battery Energy]56.94
2019-09-05_01:15:15.915[Status]Routing 246: Walk: 105
2019-09-05_01:15:16.015[Battery Energy]56.84
2019-09-05_01:15:16.216[Status]Routing 247: Walk: 105
2019-09-05_01:15:16.317[Battery Energy]56.71
2019-09-05_01:15:16.506[Status]Routing 248: Walk: 105
2019-09-05_01:15:16.612[Battery Energy]56.61
2019-09-05_01:15:16.803[Status]Routing 249: Walk: 105
2019-09-05_01:15:16.908[Battery Energy]56.49
2019-09-05_01:15:17.134[Status]Routing 250: Walk: 105
2019-09-05_01:15:17.244[Battery Energy]56.36
2019-09-05_01:15:17.383[Status]Routing 251: Walk: 105
2019-09-05_01:15:17.484[Battery Energy]56.26
2019-09-05_01:15:17.662[Status]Routing 252: Walk: 105
2019-09-05_01:15:17.768[Battery Energy]56.12
2019-09-05_01:15:17.916[Status]Routing 253: Walk: 105
2019-09-05_01:15:18.063[Battery Energy]56.02
2019-09-05_01:15:18.235[Status]Routing 254: Walk: 105
2019-09-05_01:15:18.348[Battery Energy]55.92
2019-09-05_01:15:18.564[Status]Routing 255: Walk: 105
2019-09-05_01:15:18.672[Battery Energy]55.83
2019-09-05_01:15:18.899[Status]Routing 256: Walk: 105
2019-09-05_01:15:18.999[Battery Energy]55.71
2019-09-05_01:15:19.170[Status]Routing 257: Walk: 105
2019-09-05_01:15:19.288[Battery Energy]55.61
2019-09-05_01:15:19.468[Status]Routing 258: Walk: 105
2019-09-05_01:15:19.584[Battery Energy]55.50
2019-09-05_01:15:19.769[Status]Routing 259: Walk: 105
2019-09-05_01:15:19.869[Battery Energy]55.37
2019-09-05_01:15:20.045[Status]Routing 260: Walk: 105
2019-09-05_01:15:20.164[Battery Energy]55.24
2019-09-05_01:15:20.314[Status]Routing 261: Walk: 105
2019-09-05_01:15:20.420[Battery Energy]55.14
2019-09-05_01:15:20.637[Status]Routing 262: Walk: 105
2019-09-05_01:15:20.737[Battery Energy]55.01
2019-09-05_01:15:21.051[Status]Routing 263: Walk: 105
2019-09-05_01:15:21.152[Battery Energy]54.78
2019-09-05_01:15:21.361[Status]Routing 264: Walk: 105
2019-09-05_01:15:21.462[Battery Energy]54.66
2019-09-05_01:15:21.598[Status]Routing 265: Walk: 105
2019-09-05_01:15:21.699[Battery Energy]54.56
2019-09-05_01:15:21.911[Status]Routing 266: Walk: 105
2019-09-05_01:15:22.015[Battery Energy]54.42
2019-09-05_01:15:22.187[Status]Routing 267: Walk: 105
2019-09-05_01:15:22.292[Battery Energy]54.31
2019-09-05_01:15:22.487[Status]Routing 268: Walk: 105
2019-09-05_01:15:22.587[Battery Energy]54.17
2019-09-05_01:15:22.790[Status]Routing 269: Walk: 105
2019-09-05_01:15:22.896[Battery Energy]54.05
2019-09-05_01:15:23.052[Status]Routing 270: Walk: 105
2019-09-05_01:15:23.152[Battery Energy]53.93
2019-09-05_01:15:23.342[Status]Routing 271: Walk: 105
2019-09-05_01:15:23.442[Battery Energy]53.79
2019-09-05_01:15:23.635[Status]Routing 272: Walk: 105
2019-09-05_01:15:23.735[Battery Energy]53.67
2019-09-05_01:15:24.038[Status]Routing 273: Walk: 105
2019-09-05_01:15:24.140[Battery Energy]53.49
2019-09-05_01:15:24.349[Status]Routing 274: Walk: 105
2019-09-05_01:15:24.450[Battery Energy]53.36
2019-09-05_01:15:24.666[Status]Routing 275: Walk: 105
2019-09-05_01:15:24.767[Battery Energy]53.25
2019-09-05_01:15:24.958[Status]Routing 276: Walk: 105
2019-09-05_01:15:25.058[Battery Energy]53.15
2019-09-05_01:15:25.273[Status]Routing 277: Walk: 105
2019-09-05_01:15:25.380[Battery Energy]52.99
2019-09-05_01:15:25.608[Status]Routing 278: Walk: 105
2019-09-05_01:15:25.716[Battery Energy]52.84
2019-09-05_01:15:25.927[Status]Routing 279: Walk: 105
2019-09-05_01:15:26.028[Battery Energy]52.68
2019-09-05_01:15:26.204[Status]Routing 280: Walk: 105
2019-09-05_01:15:26.308[Battery Energy]52.53
2019-09-05_01:15:26.501[Status]Routing 281: Walk: 105
2019-09-05_01:15:26.602[Battery Energy]52.39
2019-09-05_01:15:26.841[Status]Routing 282: Walk: 105
2019-09-05_01:15:26.941[Battery Energy]52.26
2019-09-05_01:15:27.159[Status]Routing 283: Walk: 105
2019-09-05_01:15:27.259[Battery Energy]52.14
