2019-09-05_01:22:38.983[Status]Start.
2019-09-05_01:22:38.983[Battery Energy]74.00
2019-09-05_01:22:40.084[Battery Energy]73.96
2019-09-05_01:22:41.186[Battery Energy]73.92
2019-09-05_01:22:42.286[Battery Energy]73.88
2019-09-05_01:22:43.387[Battery Energy]73.84
2019-09-05_01:22:44.488[Task]A New Task Released.
2019-09-05_01:22:44.488[Battery Energy]73.80
2019-09-05_01:22:44.488[Status]Selection Start.
2019-09-05_01:22:44.991[Status]Selection End: Do Task 2.
2019-09-05_01:22:45.091[Battery Energy]73.45
2019-09-05_01:22:45.091[Status]Formation Start.
2019-09-05_01:22:45.298[Status]Formation End: To Position 6.
2019-09-05_01:22:45.403[Battery Energy]73.31
2019-09-05_01:22:45.403[Status]Routing Start.
2019-09-05_01:22:45.693[Status]{'id': 20, 'coordinate': [75.98973667896385, 167.5470528894403]}
2019-09-05_01:22:45.693[Status]Routing 1: Walk: 1
2019-09-05_01:22:45.795[Battery Energy]73.01
2019-09-05_01:22:45.795[Status]Routing Start.
2019-09-05_01:22:46.034[Status]{'id': 20, 'coordinate': [85.9794733579277, 167.0941057788806]}
2019-09-05_01:22:46.034[Status]Routing 2: Walk: 2
2019-09-05_01:22:46.156[Battery Energy]72.76
2019-09-05_01:22:46.156[Status]Routing Start.
2019-09-05_01:22:46.330[Status]{'id': 20, 'coordinate': [95.96921003689155, 166.64115866832088]}
2019-09-05_01:22:46.331[Status]Routing 3: Walk: 3
2019-09-05_01:22:46.477[Battery Energy]72.54
2019-09-05_01:22:46.477[Status]Routing Start.
2019-09-05_01:22:46.666[Status]{'id': 20, 'coordinate': [105.9589467158554, 166.18821155776118]}
2019-09-05_01:22:46.666[Status]Routing 4: Walk: 4
2019-09-05_01:22:46.780[Battery Energy]72.31
2019-09-05_01:22:46.780[Status]Routing Start.
2019-09-05_01:22:46.986[Status]{'id': 20, 'coordinate': [115.94868339481926, 165.73526444720147]}
2019-09-05_01:22:46.986[Status]Routing 5: Walk: 5
2019-09-05_01:22:47.096[Battery Energy]72.05
2019-09-05_01:22:47.096[Status]Routing Start.
2019-09-05_01:22:47.713[Status]Routing 6: Walk: 5
2019-09-05_01:22:47.813[Battery Energy]71.58
2019-09-05_01:22:47.813[Status]Routing Start.
2019-09-05_01:22:48.149[Status]Routing 7: Walk: 5
2019-09-05_01:22:48.252[Battery Energy]71.29
2019-09-05_01:22:48.252[Status]Routing Start.
2019-09-05_01:22:48.570[Status]Routing 8: Walk: 5
2019-09-05_01:22:48.670[Battery Energy]71.03
2019-09-05_01:22:48.670[Status]Routing Start.
2019-09-05_01:22:49.094[Status]Routing 9: Walk: 5
2019-09-05_01:22:49.200[Battery Energy]70.71
2019-09-05_01:22:49.200[Status]Routing Start.
2019-09-05_01:22:49.615[Status]Routing 10: Walk: 5
2019-09-05_01:22:49.715[Battery Energy]70.33
2019-09-05_01:22:49.715[Status]Routing Start.
2019-09-05_01:22:50.072[Status]Routing 11: Walk: 5
2019-09-05_01:22:50.172[Battery Energy]70.00
2019-09-05_01:22:50.172[Status]Routing Start.
2019-09-05_01:22:50.318[Status]{'id': 20, 'coordinate': [125.9384200737831, 165.28231733664177]}
2019-09-05_01:22:50.318[Status]Routing 12: Walk: 6
2019-09-05_01:22:50.420[Battery Energy]69.78
2019-09-05_01:22:50.420[Status]Routing Start.
2019-09-05_01:22:50.811[Status]{'id': 20, 'coordinate': [135.92815675274696, 164.82937022608206]}
2019-09-05_01:22:50.811[Status]Routing 13: Walk: 7
2019-09-05_01:22:50.920[Battery Energy]69.44
2019-09-05_01:22:50.920[Status]Routing Start.
2019-09-05_01:22:51.234[Status]{'id': 20, 'coordinate': [145.9178934317108, 164.37642311552236]}
2019-09-05_01:22:51.234[Status]Routing 14: Walk: 8
2019-09-05_01:22:51.336[Battery Energy]69.17
2019-09-05_01:22:51.336[Status]Routing Start.
2019-09-05_01:22:51.664[Status]{'id': 20, 'coordinate': [155.90763011067466, 163.92347600496265]}
2019-09-05_01:22:51.664[Status]Routing 15: Walk: 9
2019-09-05_01:22:51.764[Battery Energy]68.86
2019-09-05_01:22:51.764[Status]Routing Start.
2019-09-05_01:22:52.274[Status]{'id': 20, 'coordinate': [165.8973667896385, 163.47052889440295]}
2019-09-05_01:22:52.274[Status]Routing 16: Walk: 10
2019-09-05_01:22:52.374[Battery Energy]68.40
2019-09-05_01:22:52.374[Status]Routing Start.
2019-09-05_01:22:52.712[Status]{'id': 20, 'coordinate': [175.88710346860236, 163.01758178384324]}
2019-09-05_01:22:52.712[Status]Routing 17: Walk: 11
2019-09-05_01:22:52.814[Battery Energy]68.10
2019-09-05_01:22:52.814[Status]Routing Start.
2019-09-05_01:22:53.166[Status]{'id': 20, 'coordinate': [185.8768401475662, 162.56463467328354]}
2019-09-05_01:22:53.167[Status]Routing 18: Walk: 12
2019-09-05_01:22:53.268[Battery Energy]67.72
2019-09-05_01:22:53.268[Status]Routing Start.
2019-09-05_01:22:53.643[Status]{'id': 20, 'coordinate': [195.86657682653006, 162.11168756272383]}
2019-09-05_01:22:53.643[Status]Routing 19: Walk: 13
2019-09-05_01:22:53.788[Battery Energy]67.37
2019-09-05_01:22:53.788[Status]Routing Start.
2019-09-05_01:22:54.102[Status]{'id': 20, 'coordinate': [205.85631350549392, 161.65874045216412]}
2019-09-05_01:22:54.102[Status]Routing 20: Walk: 14
2019-09-05_01:22:54.202[Battery Energy]67.11
2019-09-05_01:22:54.202[Status]Routing Start.
2019-09-05_01:22:54.554[Status]{'id': 20, 'coordinate': [215.84605018445777, 161.20579334160442]}
2019-09-05_01:22:54.554[Status]Routing 21: Walk: 15
2019-09-05_01:22:54.662[Battery Energy]66.79
2019-09-05_01:22:54.662[Status]Routing Start.
2019-09-05_01:22:55.059[Status]{'id': 20, 'coordinate': [225.83578686342162, 160.7528462310447]}
2019-09-05_01:22:55.059[Status]Routing 22: Walk: 16
2019-09-05_01:22:55.164[Battery Energy]66.47
2019-09-05_01:22:55.164[Status]Routing Start.
2019-09-05_01:22:55.537[Status]{'id': 20, 'coordinate': [235.82552354238547, 160.299899120485]}
2019-09-05_01:22:55.537[Status]Routing 23: Walk: 17
2019-09-05_01:22:55.638[Battery Energy]66.14
2019-09-05_01:22:55.638[Status]Routing Start.
2019-09-05_01:22:55.969[Status]{'id': 20, 'coordinate': [245.81526022134932, 159.8469520099253]}
2019-09-05_01:22:55.969[Status]Routing 24: Walk: 18
2019-09-05_01:22:56.072[Battery Energy]65.83
2019-09-05_01:22:56.072[Status]Routing Start.
2019-09-05_01:22:56.448[Status]{'id': 20, 'coordinate': [255.80499690031317, 159.3940048993656]}
2019-09-05_01:22:56.448[Status]Routing 25: Walk: 19
2019-09-05_01:22:56.549[Battery Energy]65.52
2019-09-05_01:22:56.549[Status]Routing Start.
2019-09-05_01:22:56.935[Status]{'id': 20, 'coordinate': [265.794733579277, 158.9410577888059]}
2019-09-05_01:22:56.936[Status]Routing 26: Walk: 20
2019-09-05_01:22:57.036[Battery Energy]65.19
2019-09-05_01:22:57.036[Status]Routing Start.
2019-09-05_01:22:57.354[Status]{'id': 20, 'coordinate': [275.78447025824084, 158.4881106782462]}
2019-09-05_01:22:57.354[Status]Routing 27: Walk: 21
2019-09-05_01:22:57.459[Battery Energy]64.89
2019-09-05_01:22:57.459[Status]Routing Start.
2019-09-05_01:22:57.759[Status]{'id': 20, 'coordinate': [285.77420693720467, 158.03516356768648]}
2019-09-05_01:22:57.759[Status]Routing 28: Walk: 22
2019-09-05_01:22:57.859[Battery Energy]64.61
2019-09-05_01:22:57.859[Status]Routing Start.
2019-09-05_01:22:58.225[Status]{'id': 20, 'coordinate': [295.7639436161685, 157.58221645712678]}
2019-09-05_01:22:58.225[Status]Routing 29: Walk: 23
2019-09-05_01:22:58.328[Battery Energy]64.31
2019-09-05_01:22:58.328[Status]Routing Start.
2019-09-05_01:22:58.648[Status]{'id': 20, 'coordinate': [305.7536802951323, 157.12926934656707]}
2019-09-05_01:22:58.648[Status]Routing 30: Walk: 24
2019-09-05_01:22:58.756[Battery Energy]64.02
2019-09-05_01:22:58.756[Status]Routing Start.
2019-09-05_01:22:59.079[Status]{'id': 20, 'coordinate': [315.74341697409614, 156.67632223600737]}
2019-09-05_01:22:59.084[Status]Routing 31: Walk: 25
2019-09-05_01:22:59.184[Battery Energy]63.72
2019-09-05_01:22:59.184[Status]Routing Start.
2019-09-05_01:22:59.607[Status]{'id': 20, 'coordinate': [325.73315365305996, 156.22337512544766]}
2019-09-05_01:22:59.607[Status]Routing 32: Walk: 26
2019-09-05_01:22:59.707[Battery Energy]63.41
2019-09-05_01:22:59.707[Status]Routing Start.
2019-09-05_01:23:00.056[Status]{'id': 20, 'coordinate': [335.7228903320238, 155.77042801488795]}
2019-09-05_01:23:00.056[Status]Routing 33: Walk: 27
2019-09-05_01:23:00.158[Battery Energy]63.06
2019-09-05_01:23:00.158[Status]Routing Start.
2019-09-05_01:23:00.454[Status]{'id': 20, 'coordinate': [345.7126270109876, 155.31748090432825]}
2019-09-05_01:23:00.454[Status]Routing 34: Walk: 28
2019-09-05_01:23:00.564[Battery Energy]62.77
2019-09-05_01:23:00.564[Status]Routing Start.
2019-09-05_01:23:00.911[Status]{'id': 20, 'coordinate': [355.7023636899514, 154.86453379376854]}
2019-09-05_01:23:00.911[Status]Routing 35: Walk: 29
2019-09-05_01:23:01.014[Battery Energy]62.44
2019-09-05_01:23:01.014[Status]Routing Start.
2019-09-05_01:23:01.413[Status]{'id': 20, 'coordinate': [365.69210036891525, 154.41158668320884]}
2019-09-05_01:23:01.413[Status]Routing 36: Walk: 30
2019-09-05_01:23:01.528[Battery Energy]62.15
2019-09-05_01:23:01.528[Status]Routing Start.
2019-09-05_01:23:01.891[Status]{'id': 20, 'coordinate': [375.68183704787907, 153.95863957264913]}
2019-09-05_01:23:01.891[Status]Routing 37: Walk: 31
2019-09-05_01:23:01.996[Battery Energy]61.85
2019-09-05_01:23:01.996[Status]Routing Start.
2019-09-05_01:23:02.210[Status]{'id': 20, 'coordinate': [385.6715737268429, 153.50569246208943]}
2019-09-05_01:23:02.210[Status]Routing 38: Walk: 32
2019-09-05_01:23:02.310[Battery Energy]61.59
2019-09-05_01:23:02.310[Status]Routing Start.
2019-09-05_01:23:02.584[Status]{'id': 20, 'coordinate': [395.6613104058067, 153.05274535152972]}
2019-09-05_01:23:02.585[Status]Routing 39: Walk: 33
2019-09-05_01:23:02.686[Battery Energy]61.32
2019-09-05_01:23:02.686[Status]Routing Start.
2019-09-05_01:23:03.019[Status]{'id': 20, 'coordinate': [405.65104708477054, 152.59979824097002]}
2019-09-05_01:23:03.019[Status]Routing 40: Walk: 34
2019-09-05_01:23:03.132[Battery Energy]61.04
2019-09-05_01:23:03.132[Status]Routing Start.
2019-09-05_01:23:03.485[Status]{'id': 20, 'coordinate': [415.64078376373436, 152.1468511304103]}
2019-09-05_01:23:03.485[Status]Routing 41: Walk: 35
2019-09-05_01:23:03.595[Battery Energy]60.75
2019-09-05_01:23:03.595[Status]Routing Start.
2019-09-05_01:23:03.986[Status]{'id': 20, 'coordinate': [425.6305204426982, 151.6939040198506]}
2019-09-05_01:23:03.988[Status]Routing 42: Walk: 36
2019-09-05_01:23:04.089[Battery Energy]60.41
2019-09-05_01:23:04.089[Status]Routing Start.
2019-09-05_01:23:04.489[Status]{'id': 20, 'coordinate': [435.620257121662, 151.2409569092909]}
2019-09-05_01:23:04.489[Status]Routing 43: Walk: 37
2019-09-05_01:23:04.596[Battery Energy]60.04
2019-09-05_01:23:04.596[Status]Routing Start.
2019-09-05_01:23:05.018[Status]{'id': 20, 'coordinate': [445.60999380062583, 150.7880097987312]}
2019-09-05_01:23:05.018[Status]Routing 44: Walk: 38
2019-09-05_01:23:05.132[Battery Energy]59.70
2019-09-05_01:23:05.132[Status]Routing Start.
2019-09-05_01:23:05.526[Status]{'id': 20, 'coordinate': [455.59973047958965, 150.3350626881715]}
2019-09-05_01:23:05.526[Status]Routing 45: Walk: 39
2019-09-05_01:23:05.626[Battery Energy]59.37
2019-09-05_01:23:05.626[Status]Routing Start.
2019-09-05_01:23:05.954[Status]{'id': 20, 'coordinate': [465.5894671585535, 149.88211557761178]}
2019-09-05_01:23:05.954[Status]Routing 46: Walk: 40
2019-09-05_01:23:06.058[Battery Energy]59.07
2019-09-05_01:23:06.058[Status]Routing Start.
2019-09-05_01:23:06.397[Status]{'id': 20, 'coordinate': [475.5792038375173, 149.42916846705208]}
2019-09-05_01:23:06.397[Status]Routing 47: Walk: 41
2019-09-05_01:23:06.500[Battery Energy]58.73
2019-09-05_01:23:06.500[Status]Routing Start.
2019-09-05_01:23:06.682[Status]{'id': 20, 'coordinate': [485.5689405164811, 148.97622135649237]}
2019-09-05_01:23:06.683[Status]Routing 48: Walk: 42
2019-09-05_01:23:06.784[Battery Energy]58.51
2019-09-05_01:23:06.784[Status]Routing Start.
2019-09-05_01:23:06.955[Status]{'id': 20, 'coordinate': [495.55867719544494, 148.52327424593267]}
2019-09-05_01:23:06.957[Status]Routing 49: Walk: 43
2019-09-05_01:23:07.057[Battery Energy]58.31
2019-09-05_01:23:07.057[Status]Routing Start.
2019-09-05_01:23:07.320[Status]{'id': 20, 'coordinate': [505.54841387440877, 148.07032713537296]}
2019-09-05_01:23:07.320[Status]Routing 50: Walk: 44
2019-09-05_01:23:07.424[Battery Energy]58.02
2019-09-05_01:23:07.424[Status]Routing Start.
2019-09-05_01:23:07.692[Status]{'id': 20, 'coordinate': [515.5381505533726, 147.61738002481326]}
2019-09-05_01:23:07.693[Status]Routing 51: Walk: 45
2019-09-05_01:23:07.793[Battery Energy]57.75
2019-09-05_01:23:07.793[Status]Routing Start.
2019-09-05_01:23:08.018[Status]{'id': 20, 'coordinate': [525.5278872323364, 147.16443291425355]}
2019-09-05_01:23:08.018[Status]Routing 52: Walk: 46
2019-09-05_01:23:08.118[Battery Energy]57.48
2019-09-05_01:23:08.118[Status]Routing Start.
2019-09-05_01:23:08.403[Status]{'id': 20, 'coordinate': [535.5176239113002, 146.71148580369385]}
2019-09-05_01:23:08.403[Status]Routing 53: Walk: 47
2019-09-05_01:23:08.532[Battery Energy]57.20
2019-09-05_01:23:08.532[Status]Routing Start.
2019-09-05_01:23:08.717[Status]{'id': 20, 'coordinate': [545.507360590264, 146.25853869313414]}
2019-09-05_01:23:08.717[Status]Routing 54: Walk: 48
2019-09-05_01:23:08.828[Battery Energy]56.97
2019-09-05_01:23:08.828[Status]Routing Start.
2019-09-05_01:23:09.026[Status]{'id': 20, 'coordinate': [555.4970972692279, 145.80559158257444]}
2019-09-05_01:23:09.026[Status]Routing 55: Walk: 49
2019-09-05_01:23:09.126[Battery Energy]56.74
2019-09-05_01:23:09.126[Status]Routing Start.
2019-09-05_01:23:09.392[Status]{'id': 20, 'coordinate': [565.4868339481917, 145.35264447201473]}
2019-09-05_01:23:09.393[Status]Routing 56: Walk: 50
2019-09-05_01:23:09.496[Battery Energy]56.49
2019-09-05_01:23:09.496[Status]Routing Start.
2019-09-05_01:23:09.854[Status]{'id': 20, 'coordinate': [575.4765706271555, 144.89969736145503]}
2019-09-05_01:23:09.857[Status]Routing 57: Walk: 51
2019-09-05_01:23:09.960[Battery Energy]56.19
2019-09-05_01:23:09.960[Status]Routing Start.
2019-09-05_01:23:10.136[Status]{'id': 20, 'coordinate': [585.4663073061193, 144.44675025089532]}
2019-09-05_01:23:10.136[Status]Routing 58: Walk: 52
2019-09-05_01:23:10.256[Battery Energy]55.98
2019-09-05_01:23:10.256[Status]Routing Start.
2019-09-05_01:23:10.445[Status]{'id': 20, 'coordinate': [595.4560439850832, 143.99380314033561]}
2019-09-05_01:23:10.445[Status]Routing 59: Walk: 53
2019-09-05_01:23:10.552[Battery Energy]55.73
2019-09-05_01:23:10.552[Status]Routing Start.
2019-09-05_01:23:10.776[Status]{'id': 20, 'coordinate': [605.445780664047, 143.5408560297759]}
2019-09-05_01:23:10.777[Status]Routing 60: Walk: 54
2019-09-05_01:23:10.877[Battery Energy]55.51
2019-09-05_01:23:10.877[Status]Routing Start.
2019-09-05_01:23:11.128[Status]{'id': 20, 'coordinate': [615.4355173430108, 143.0879089192162]}
2019-09-05_01:23:11.128[Status]Routing 61: Walk: 55
2019-09-05_01:23:11.232[Battery Energy]55.24
2019-09-05_01:23:11.232[Status]Routing Start.
2019-09-05_01:23:11.419[Status]{'id': 20, 'coordinate': [625.4252540219746, 142.6349618086565]}
2019-09-05_01:23:11.422[Status]Routing 62: Walk: 56
2019-09-05_01:23:11.534[Battery Energy]55.01
2019-09-05_01:23:11.534[Status]Routing Start.
2019-09-05_01:23:11.788[Status]{'id': 20, 'coordinate': [635.4149907009385, 142.1820146980968]}
2019-09-05_01:23:11.789[Status]Routing 63: Walk: 57
2019-09-05_01:23:11.889[Battery Energy]54.77
2019-09-05_01:23:11.889[Status]Routing Start.
2019-09-05_01:23:12.124[Status]{'id': 20, 'coordinate': [645.4047273799023, 141.7290675875371]}
2019-09-05_01:23:12.124[Status]Routing 64: Walk: 58
2019-09-05_01:23:12.229[Battery Energy]54.54
2019-09-05_01:23:12.229[Status]Routing Start.
2019-09-05_01:23:12.547[Status]{'id': 20, 'coordinate': [655.3944640588661, 141.27612047697738]}
2019-09-05_01:23:12.547[Status]Routing 65: Walk: 59
2019-09-05_01:23:12.647[Battery Energy]54.23
2019-09-05_01:23:12.647[Status]Routing Start.
2019-09-05_01:23:12.812[Status]{'id': 20, 'coordinate': [665.3842007378299, 140.82317336641768]}
2019-09-05_01:23:12.812[Status]Routing 66: Walk: 60
2019-09-05_01:23:12.913[Battery Energy]54.01
2019-09-05_01:23:12.913[Status]Routing Start.
2019-09-05_01:23:13.331[Status]{'id': 20, 'coordinate': [675.3739374167938, 140.37022625585797]}
2019-09-05_01:23:13.331[Status]Routing 67: Walk: 61
2019-09-05_01:23:13.437[Battery Energy]53.59
2019-09-05_01:23:13.437[Status]Routing Start.
2019-09-05_01:23:13.680[Status]{'id': 20, 'coordinate': [685.3636740957576, 139.91727914529827]}
2019-09-05_01:23:13.680[Status]Routing 68: Walk: 62
2019-09-05_01:23:13.780[Battery Energy]53.31
2019-09-05_01:23:13.780[Status]Routing Start.
2019-09-05_01:23:14.203[Status]{'id': 20, 'coordinate': [695.3534107747214, 139.46433203473856]}
2019-09-05_01:23:14.203[Status]Routing 69: Walk: 63
2019-09-05_01:23:14.357[Battery Energy]52.97
2019-09-05_01:23:14.357[Status]Routing Start.
2019-09-05_01:23:14.647[Status]{'id': 20, 'coordinate': [705.3431474536852, 139.01138492417886]}
2019-09-05_01:23:14.647[Status]Routing 70: Walk: 64
2019-09-05_01:23:14.756[Battery Energy]52.70
2019-09-05_01:23:14.756[Status]Routing Start.
2019-09-05_01:23:15.073[Status]{'id': 20, 'coordinate': [715.332884132649, 138.55843781361915]}
2019-09-05_01:23:15.073[Status]Routing 71: Walk: 65
2019-09-05_01:23:15.173[Battery Energy]52.36
2019-09-05_01:23:15.173[Status]Routing Start.
2019-09-05_01:23:15.393[Status]{'id': 20, 'coordinate': [725.3226208116129, 138.10549070305944]}
2019-09-05_01:23:15.393[Status]Routing 72: Walk: 66
2019-09-05_01:23:15.500[Battery Energy]52.10
2019-09-05_01:23:15.500[Status]Routing Start.
2019-09-05_01:23:15.687[Status]{'id': 20, 'coordinate': [735.3123574905767, 137.65254359249974]}
2019-09-05_01:23:15.687[Status]Routing 73: Walk: 67
2019-09-05_01:23:15.838[Battery Energy]51.86
2019-09-05_01:23:15.839[Status]Routing Start.
2019-09-05_01:23:15.975[Status]{'id': 20, 'coordinate': [745.3020941695405, 137.19959648194003]}
2019-09-05_01:23:15.975[Status]Routing 74: Walk: 68
2019-09-05_01:23:16.084[Battery Energy]51.67
2019-09-05_01:23:16.084[Status]Routing Start.
2019-09-05_01:23:16.369[Status]{'id': 20, 'coordinate': [755.2918308485043, 136.74664937138033]}
2019-09-05_01:23:16.369[Status]Routing 75: Walk: 69
2019-09-05_01:23:16.471[Battery Energy]51.35
2019-09-05_01:23:16.471[Status]Routing Start.
2019-09-05_01:23:16.630[Status]{'id': 20, 'coordinate': [765.2815675274682, 136.29370226082062]}
2019-09-05_01:23:16.630[Status]Routing 76: Walk: 70
2019-09-05_01:23:16.730[Battery Energy]51.15
2019-09-05_01:23:16.730[Status]Routing Start.
2019-09-05_01:23:16.990[Status]{'id': 20, 'coordinate': [775.271304206432, 135.84075515026092]}
2019-09-05_01:23:16.990[Status]Routing 77: Walk: 71
2019-09-05_01:23:17.096[Battery Energy]50.87
2019-09-05_01:23:17.096[Status]Routing Start.
2019-09-05_01:23:17.309[Status]{'id': 20, 'coordinate': [785.2610408853958, 135.3878080397012]}
2019-09-05_01:23:17.310[Status]Routing 78: Walk: 72
2019-09-05_01:23:17.410[Battery Energy]50.58
2019-09-05_01:23:17.410[Status]Routing Start.
2019-09-05_01:23:17.645[Status]{'id': 20, 'coordinate': [795.2507775643596, 134.9348609291415]}
2019-09-05_01:23:17.648[Status]Routing 79: Walk: 73
2019-09-05_01:23:17.748[Battery Energy]50.34
2019-09-05_01:23:17.748[Status]Routing Start.
2019-09-05_01:23:17.939[Status]{'id': 20, 'coordinate': [805.2405142433234, 134.4819138185818]}
2019-09-05_01:23:17.939[Status]Routing 80: Walk: 74
2019-09-05_01:23:18.065[Battery Energy]50.13
2019-09-05_01:23:18.065[Status]Routing Start.
2019-09-05_01:23:18.222[Status]{'id': 20, 'coordinate': [815.2302509222873, 134.0289667080221]}
2019-09-05_01:23:18.222[Status]Routing 81: Walk: 75
2019-09-05_01:23:18.326[Battery Energy]49.95
2019-09-05_01:23:18.326[Status]Routing Start.
2019-09-05_01:23:18.547[Status]{'id': 20, 'coordinate': [825.2199876012511, 133.5760195974624]}
2019-09-05_01:23:18.547[Status]Routing 82: Walk: 76
2019-09-05_01:23:18.647[Battery Energy]49.71
2019-09-05_01:23:18.647[Status]Routing Start.
2019-09-05_01:23:18.900[Status]{'id': 20, 'coordinate': [835.2097242802149, 133.1230724869027]}
2019-09-05_01:23:18.900[Status]Routing 83: Walk: 77
2019-09-05_01:23:19.004[Battery Energy]49.47
2019-09-05_01:23:19.004[Status]Routing Start.
2019-09-05_01:23:19.352[Status]{'id': 20, 'coordinate': [845.1994609591787, 132.67012537634298]}
2019-09-05_01:23:19.354[Status]Routing 84: Walk: 78
2019-09-05_01:23:19.456[Battery Energy]49.18
2019-09-05_01:23:19.456[Status]Routing Start.
2019-09-05_01:23:19.645[Status]{'id': 20, 'coordinate': [855.1891976381426, 132.21717826578325]}
2019-09-05_01:23:19.645[Status]Routing 85: Walk: 79
2019-09-05_01:23:19.760[Battery Energy]48.94
2019-09-05_01:23:19.760[Status]Routing Start.
2019-09-05_01:23:19.948[Status]{'id': 20, 'coordinate': [865.1789343171064, 131.76423115522354]}
2019-09-05_01:23:19.949[Status]Routing 86: Walk: 80
2019-09-05_01:23:20.059[Battery Energy]48.72
2019-09-05_01:23:20.059[Status]Routing Start.
2019-09-05_01:23:20.270[Status]{'id': 20, 'coordinate': [875.1686709960702, 131.31128404466384]}
2019-09-05_01:23:20.270[Status]Routing 87: Walk: 81
2019-09-05_01:23:20.380[Battery Energy]48.53
2019-09-05_01:23:20.380[Status]Routing Start.
2019-09-05_01:23:20.537[Status]{'id': 20, 'coordinate': [885.158407675034, 130.8583369341041]}
2019-09-05_01:23:20.537[Status]Routing 88: Walk: 82
2019-09-05_01:23:20.637[Battery Energy]48.26
2019-09-05_01:23:20.637[Status]Routing Start.
2019-09-05_01:23:20.947[Status]{'id': 20, 'coordinate': [895.1481443539978, 130.4053898235444]}
2019-09-05_01:23:20.947[Status]Routing 89: Walk: 83
2019-09-05_01:23:21.064[Battery Energy]48.02
2019-09-05_01:23:21.064[Status]Routing Start.
2019-09-05_01:23:21.339[Status]{'id': 20, 'coordinate': [905.1378810329617, 129.95244271298466]}
2019-09-05_01:23:21.340[Status]Routing 90: Walk: 84
2019-09-05_01:23:21.442[Battery Energy]47.76
2019-09-05_01:23:21.442[Status]Routing Start.
2019-09-05_01:23:21.752[Status]{'id': 20, 'coordinate': [915.1276177119255, 129.49949560242496]}
2019-09-05_01:23:21.752[Status]Routing 91: Walk: 85
2019-09-05_01:23:21.868[Battery Energy]47.51
2019-09-05_01:23:21.868[Status]Routing Start.
2019-09-05_01:23:22.174[Status]{'id': 20, 'coordinate': [925.1173543908893, 129.04654849186522]}
2019-09-05_01:23:22.174[Status]Routing 92: Walk: 86
2019-09-05_01:23:22.288[Battery Energy]47.21
2019-09-05_01:23:22.288[Status]Routing Start.
2019-09-05_01:23:22.553[Status]{'id': 20, 'coordinate': [935.1070910698531, 128.59360138130552]}
2019-09-05_01:23:22.553[Status]Routing 93: Walk: 87
2019-09-05_01:23:22.660[Battery Energy]46.96
2019-09-05_01:23:22.660[Status]Routing Start.
2019-09-05_01:23:22.982[Status]{'id': 20, 'coordinate': [945.096827748817, 128.14065427074578]}
2019-09-05_01:23:22.982[Status]Routing 94: Walk: 88
2019-09-05_01:23:23.092[Battery Energy]46.67
2019-09-05_01:23:23.092[Status]Routing Start.
2019-09-05_01:23:23.383[Status]{'id': 20, 'coordinate': [955.0865644277808, 127.68770716018606]}
2019-09-05_01:23:23.383[Status]Routing 95: Walk: 89
2019-09-05_01:23:23.489[Battery Energy]46.43
2019-09-05_01:23:23.489[Status]Routing Start.
2019-09-05_01:23:23.716[Status]{'id': 20, 'coordinate': [965.0763011067446, 127.23476004962635]}
2019-09-05_01:23:23.716[Status]Routing 96: Walk: 90
2019-09-05_01:23:23.817[Battery Energy]46.17
2019-09-05_01:23:23.817[Status]Routing Start.
2019-09-05_01:23:24.113[Status]{'id': 20, 'coordinate': [975.0660377857084, 126.78181293906663]}
2019-09-05_01:23:24.115[Status]Routing 97: Walk: 91
2019-09-05_01:23:24.221[Battery Energy]45.92
2019-09-05_01:23:24.221[Status]Routing Start.
2019-09-05_01:23:24.513[Status]{'id': 20, 'coordinate': [985.0557744646723, 126.3288658285069]}
2019-09-05_01:23:24.513[Status]Routing 98: Walk: 92
2019-09-05_01:23:24.616[Battery Energy]45.67
2019-09-05_01:23:24.616[Status]Routing Start.
2019-09-05_01:23:25.056[Status]{'id': 20, 'coordinate': [988.2188201572887, 135.81544276365167]}
2019-09-05_01:23:25.056[Status]Routing 99: Walk: 93
2019-09-05_01:23:25.157[Battery Energy]45.26
2019-09-05_01:23:25.157[Status]Routing Start.
2019-09-05_01:23:25.471[Status]{'id': 20, 'coordinate': [986.9424317858981, 145.73364989626282]}
2019-09-05_01:23:25.471[Status]Routing 100: Walk: 94
2019-09-05_01:23:25.572[Battery Energy]44.92
2019-09-05_01:23:25.572[Status]Routing Start.
2019-09-05_01:23:26.008[Status]{'id': 20, 'coordinate': [982.4443317817339, 154.66489260668885]}
2019-09-05_01:23:26.011[Status]Routing 101: Walk: 95
2019-09-05_01:23:26.111[Battery Energy]44.47
2019-09-05_01:23:26.111[Status]Routing Start.
2019-09-05_01:23:26.421[Status]{'id': 20, 'coordinate': [981.0056338320549, 164.56085886621042]}
2019-09-05_01:23:26.421[Status]Routing 102: Walk: 96
2019-09-05_01:23:26.524[Battery Energy]44.08
2019-09-05_01:23:26.524[Status]Routing Start.
2019-09-05_01:23:26.768[Status]{'id': 20, 'coordinate': [990.524950469179, 161.497754107608]}
2019-09-05_01:23:26.769[Status]Routing 103: Walk: 97
2019-09-05_01:23:26.880[Battery Energy]43.82
2019-09-05_01:23:26.880[Status]Routing Start.
2019-09-05_01:23:27.243[Status]{'id': 20, 'coordinate': [991.3981170898833, 171.4595601713942]}
2019-09-05_01:23:27.243[Status]Routing 104: Walk: 98
2019-09-05_01:23:27.343[Battery Energy]43.43
2019-09-05_01:23:27.343[Status]Routing Start.
2019-09-05_01:23:27.730[Status]{'id': 20, 'coordinate': [997.3734174064841, 179.47802549378787]}
2019-09-05_01:23:27.730[Status]Routing 105: Walk: 99
2019-09-05_01:23:27.831[Battery Energy]43.00
2019-09-05_01:23:27.831[Status]Routing Start.
2019-09-05_01:23:27.988[Status]{'id': 20, 'coordinate': [1006.3596499651883, 175.09081403308926]}
2019-09-05_01:23:27.988[Status]Routing 106: Walk: 100
2019-09-05_01:23:28.104[Battery Energy]42.83
2019-09-05_01:23:28.104[Status]Routing Start.
2019-09-05_01:23:28.367[Status]{'id': 20, 'coordinate': [1015.3458825238924, 170.70360257239065]}
2019-09-05_01:23:28.367[Status]Routing 107: Walk: 101
2019-09-05_01:23:28.476[Battery Energy]42.56
2019-09-05_01:23:28.476[Status]Routing Start.
2019-09-05_01:23:28.927[Status]{'id': 20, 'coordinate': [1024.3321150825966, 166.31639111169204]}
2019-09-05_01:23:28.927[Status]Routing 108: Walk: 102
2019-09-05_01:23:29.027[Battery Energy]42.13
2019-09-05_01:23:29.027[Status]Routing Start.
2019-09-05_01:23:29.381[Status]{'id': 20, 'coordinate': [1033.3183476413008, 161.92917965099343]}
2019-09-05_01:23:29.381[Status]Routing 109: Walk: 103
2019-09-05_01:23:29.482[Battery Energy]41.75
2019-09-05_01:23:29.482[Status]Routing Start.
2019-09-05_01:23:29.869[Status]{'id': 20, 'coordinate': [1042.304580200005, 157.54196819029482]}
2019-09-05_01:23:29.869[Status]Routing 110: Walk: 104
2019-09-05_01:23:29.970[Battery Energy]41.34
2019-09-05_01:23:29.970[Status]Routing Start.
2019-09-05_01:23:30.310[Status]{'id': 20, 'coordinate': [1051.290812758709, 153.15475672959622]}
2019-09-05_01:23:30.312[Status]Routing 111: Walk: 105
2019-09-05_01:23:30.413[Battery Energy]40.98
2019-09-05_01:23:30.413[Status]Routing Start.
2019-09-05_01:23:30.567[Status]{'id': 20, 'coordinate': [1060.2770453174132, 148.7675452688976]}
2019-09-05_01:23:30.567[Status]Routing 112: Walk: 106
2019-09-05_01:23:30.667[Battery Energy]40.77
2019-09-05_01:23:30.667[Status]Routing Start.
2019-09-05_01:23:31.033[Status]{'id': 20, 'coordinate': [1069.2632778761174, 144.380333808199]}
2019-09-05_01:23:31.033[Status]Routing 113: Walk: 107
2019-09-05_01:23:31.144[Battery Energy]40.42
2019-09-05_01:23:31.144[Status]Routing Start.
2019-09-05_01:23:31.474[Status]{'id': 20, 'coordinate': [1078.2495104348216, 139.9931223475004]}
2019-09-05_01:23:31.475[Status]Routing 114: Walk: 108
2019-09-05_01:23:31.575[Battery Energy]40.12
2019-09-05_01:23:31.575[Status]Routing Start.
2019-09-05_01:23:31.977[Status]{'id': 20, 'coordinate': [1087.2357429935257, 135.60591088680178]}
2019-09-05_01:23:31.977[Status]Routing 115: Walk: 109
2019-09-05_01:23:32.080[Battery Energy]39.76
2019-09-05_01:23:32.080[Status]Routing Start.
2019-09-05_01:23:32.393[Status]{'id': 20, 'coordinate': [1096.2219755522299, 131.21869942610317]}
2019-09-05_01:23:32.393[Status]Routing 116: Walk: 110
2019-09-05_01:23:32.493[Battery Energy]39.47
2019-09-05_01:23:32.494[Status]Routing Start.
2019-09-05_01:23:32.720[Status]{'id': 20, 'coordinate': [1105.208208110934, 126.83148796540455]}
2019-09-05_01:23:32.720[Status]Routing 117: Walk: 111
2019-09-05_01:23:32.824[Battery Energy]39.21
2019-09-05_01:23:32.824[Status]Routing Start.
2019-09-05_01:23:33.161[Status]{'id': 20, 'coordinate': [1114.1944406696382, 122.44427650470591]}
2019-09-05_01:23:33.161[Status]Routing 118: Walk: 112
2019-09-05_01:23:33.268[Battery Energy]38.92
2019-09-05_01:23:33.268[Status]Routing Start.
2019-09-05_01:23:33.268[Status]Task Finished.
2019-09-05_01:23:33.369[Battery Energy]38.92
2019-09-05_01:23:33.510[Status]Routing 120: Walk: 112
2019-09-05_01:23:33.624[Battery Energy]38.81
2019-09-05_01:23:33.957[Status]Routing 121: Walk: 112
2019-09-05_01:23:34.101[Battery Energy]38.62
2019-09-05_01:23:34.302[Status]Routing 122: Walk: 112
2019-09-05_01:23:34.420[Battery Energy]38.50
2019-09-05_01:23:34.604[Status]Routing 123: Walk: 112
2019-09-05_01:23:34.708[Battery Energy]38.39
2019-09-05_01:23:35.094[Status]Routing 124: Walk: 112
2019-09-05_01:23:35.220[Battery Energy]38.17
2019-09-05_01:23:35.602[Status]Routing 125: Walk: 112
2019-09-05_01:23:35.702[Battery Energy]37.91
2019-09-05_01:23:36.005[Status]Routing 126: Walk: 112
2019-09-05_01:23:36.116[Battery Energy]37.75
2019-09-05_01:23:36.431[Status]Routing 127: Walk: 112
2019-09-05_01:23:36.532[Battery Energy]37.58
2019-09-05_01:23:36.867[Status]Routing 128: Walk: 112
2019-09-05_01:23:36.975[Battery Energy]37.37
2019-09-05_01:23:37.246[Status]Routing 129: Walk: 112
2019-09-05_01:23:37.349[Battery Energy]37.26
2019-09-05_01:23:37.719[Status]Routing 130: Walk: 112
2019-09-05_01:23:37.822[Battery Energy]37.03
2019-09-05_01:23:38.031[Status]Routing 131: Walk: 112
2019-09-05_01:23:38.139[Battery Energy]36.90
2019-09-05_01:23:38.473[Status]Routing 132: Walk: 112
2019-09-05_01:23:38.576[Battery Energy]36.68
2019-09-05_01:23:38.921[Status]Routing 133: Walk: 112
2019-09-05_01:23:39.024[Battery Energy]36.45
2019-09-05_01:23:39.382[Status]Routing 134: Walk: 112
2019-09-05_01:23:39.492[Battery Energy]36.27
2019-09-05_01:23:39.886[Status]Routing 135: Walk: 112
2019-09-05_01:23:39.996[Battery Energy]36.03
2019-09-05_01:23:40.144[Status]Routing 136: Walk: 112
2019-09-05_01:23:40.259[Battery Energy]35.92
2019-09-05_01:23:40.458[Status]Routing 137: Walk: 112
2019-09-05_01:23:40.576[Battery Energy]35.77
2019-09-05_01:23:40.862[Status]Routing 138: Walk: 112
2019-09-05_01:23:40.962[Battery Energy]35.58
2019-09-05_01:23:41.311[Status]Routing 139: Walk: 112
2019-09-05_01:23:41.411[Battery Energy]35.35
2019-09-05_01:23:41.576[Status]Routing 140: Walk: 112
2019-09-05_01:23:41.708[Battery Energy]35.28
2019-09-05_01:23:42.030[Status]Routing 141: Walk: 112
2019-09-05_01:23:42.136[Battery Energy]35.13
2019-09-05_01:23:42.614[Status]Routing 142: Walk: 112
2019-09-05_01:23:42.721[Battery Energy]34.87
2019-09-05_01:23:42.988[Status]Routing 143: Walk: 112
2019-09-05_01:23:43.092[Battery Energy]34.71
2019-09-05_01:23:43.299[Status]Routing 144: Walk: 112
2019-09-05_01:23:43.400[Battery Energy]34.57
2019-09-05_01:23:43.593[Status]Routing 145: Walk: 112
2019-09-05_01:23:43.693[Battery Energy]34.42
2019-09-05_01:23:43.967[Status]Routing 146: Walk: 112
2019-09-05_01:23:44.067[Battery Energy]34.28
2019-09-05_01:23:44.448[Status]Routing 147: Walk: 112
2019-09-05_01:23:44.556[Battery Energy]34.07
2019-09-05_01:23:44.767[Status]Routing 148: Walk: 112
2019-09-05_01:23:44.867[Battery Energy]33.93
2019-09-05_01:23:45.096[Status]Routing 149: Walk: 112
2019-09-05_01:23:45.196[Battery Energy]33.77
2019-09-05_01:23:45.416[Status]Routing 150: Walk: 112
2019-09-05_01:23:45.524[Battery Energy]33.65
2019-09-05_01:23:45.709[Status]Routing 151: Walk: 112
2019-09-05_01:23:45.809[Battery Energy]33.49
2019-09-05_01:23:45.995[Status]Routing 152: Walk: 112
2019-09-05_01:23:46.114[Battery Energy]33.38
2019-09-05_01:23:46.385[Status]Routing 153: Walk: 112
2019-09-05_01:23:46.485[Battery Energy]33.27
2019-09-05_01:23:46.678[Status]Routing 154: Walk: 112
2019-09-05_01:23:46.779[Battery Energy]33.15
2019-09-05_01:23:47.049[Status]Routing 155: Walk: 112
2019-09-05_01:23:47.152[Battery Energy]33.02
2019-09-05_01:23:47.352[Status]Routing 156: Walk: 112
2019-09-05_01:23:47.464[Battery Energy]32.89
2019-09-05_01:23:47.643[Status]Routing 157: Walk: 112
2019-09-05_01:23:47.745[Battery Energy]32.75
2019-09-05_01:23:47.933[Status]Routing 158: Walk: 112
2019-09-05_01:23:48.033[Battery Energy]32.64
2019-09-05_01:23:48.279[Status]Routing 159: Walk: 112
2019-09-05_01:23:48.406[Battery Energy]32.49
2019-09-05_01:23:48.581[Status]Routing 160: Walk: 112
2019-09-05_01:23:48.700[Battery Energy]32.40
2019-09-05_01:23:48.847[Status]Routing 161: Walk: 112
2019-09-05_01:23:48.960[Battery Energy]32.30
2019-09-05_01:23:49.114[Status]Routing 162: Walk: 112
2019-09-05_01:23:49.227[Battery Energy]32.21
2019-09-05_01:23:49.401[Status]Routing 163: Walk: 112
2019-09-05_01:23:49.516[Battery Energy]32.12
2019-09-05_01:23:49.700[Status]Routing 164: Walk: 112
2019-09-05_01:23:49.808[Battery Energy]31.98
2019-09-05_01:23:49.962[Status]Routing 165: Walk: 112
2019-09-05_01:23:50.062[Battery Energy]31.89
2019-09-05_01:23:50.270[Status]Routing 166: Walk: 112
2019-09-05_01:23:50.380[Battery Energy]31.77
