2019-09-05_01:22:38.271[Status]Start.
2019-09-05_01:22:38.271[Battery Energy]74.00
2019-09-05_01:22:39.372[Battery Energy]73.96
2019-09-05_01:22:40.474[Battery Energy]73.92
2019-09-05_01:22:41.575[Battery Energy]73.88
2019-09-05_01:22:42.675[Battery Energy]73.84
2019-09-05_01:22:43.776[Task]A New Task Released.
2019-09-05_01:22:43.777[Battery Energy]73.80
2019-09-05_01:22:43.777[Status]Selection Start.
2019-09-05_01:22:44.993[Status]Selection End: Do Task 2.
2019-09-05_01:22:45.094[Battery Energy]73.01
2019-09-05_01:22:45.094[Status]Formation Start.
2019-09-05_01:22:45.291[Status]Formation End: To Position 5.
2019-09-05_01:22:45.392[Battery Energy]72.89
2019-09-05_01:22:45.392[Status]Routing Start.
2019-09-05_01:22:45.690[Status]{'coordinate': [72.99983321046173, 101.05775606415499], 'id': 16}
2019-09-05_01:22:45.690[Status]Routing 1: Walk: 1
2019-09-05_01:22:45.796[Battery Energy]72.61
2019-09-05_01:22:45.796[Status]Routing Start.
2019-09-05_01:22:46.032[Status]{'coordinate': [82.99966642092346, 101.11551212830997], 'id': 16}
2019-09-05_01:22:46.032[Status]Routing 2: Walk: 2
2019-09-05_01:22:46.133[Battery Energy]72.40
2019-09-05_01:22:46.133[Status]Routing Start.
2019-09-05_01:22:46.332[Status]{'coordinate': [92.99949963138519, 101.17326819246496], 'id': 16}
2019-09-05_01:22:46.332[Status]Routing 3: Walk: 3
2019-09-05_01:22:46.444[Battery Energy]72.16
2019-09-05_01:22:46.444[Status]Routing Start.
2019-09-05_01:22:46.666[Status]{'coordinate': [102.99933284184692, 101.23102425661995], 'id': 16}
2019-09-05_01:22:46.667[Status]Routing 4: Walk: 4
2019-09-05_01:22:46.774[Battery Energy]71.91
2019-09-05_01:22:46.774[Status]Routing Start.
2019-09-05_01:22:46.986[Status]{'coordinate': [112.99916605230865, 101.28878032077493], 'id': 16}
2019-09-05_01:22:46.986[Status]Routing 5: Walk: 5
2019-09-05_01:22:47.100[Battery Energy]71.70
2019-09-05_01:22:47.100[Status]Routing Start.
2019-09-05_01:22:47.457[Status]{'coordinate': [122.99899926277038, 101.34653638492992], 'id': 16}
2019-09-05_01:22:47.457[Status]Routing 6: Walk: 6
2019-09-05_01:22:47.557[Battery Energy]71.38
2019-09-05_01:22:47.557[Status]Routing Start.
2019-09-05_01:22:47.958[Status]{'coordinate': [132.9988324732321, 101.4042924490849], 'id': 16}
2019-09-05_01:22:47.958[Status]Routing 7: Walk: 7
2019-09-05_01:22:48.058[Battery Energy]71.06
2019-09-05_01:22:48.058[Status]Routing Start.
2019-09-05_01:22:48.428[Status]{'coordinate': [142.99866568369384, 101.46204851323989], 'id': 16}
2019-09-05_01:22:48.428[Status]Routing 8: Walk: 8
2019-09-05_01:22:48.536[Battery Energy]70.73
2019-09-05_01:22:48.536[Status]Routing Start.
2019-09-05_01:22:48.960[Status]{'coordinate': [152.99849889415557, 101.51980457739488], 'id': 16}
2019-09-05_01:22:48.961[Status]Routing 9: Walk: 9
2019-09-05_01:22:49.064[Battery Energy]70.38
2019-09-05_01:22:49.064[Status]Routing Start.
2019-09-05_01:22:49.449[Status]{'coordinate': [162.9983321046173, 101.57756064154987], 'id': 16}
2019-09-05_01:22:49.452[Status]Routing 10: Walk: 10
2019-09-05_01:22:49.552[Battery Energy]70.01
2019-09-05_01:22:49.552[Status]Routing Start.
2019-09-05_01:22:49.889[Status]{'coordinate': [172.99816531507904, 101.63531670570485], 'id': 16}
2019-09-05_01:22:49.892[Status]Routing 11: Walk: 11
2019-09-05_01:22:49.993[Battery Energy]69.69
2019-09-05_01:22:49.993[Status]Routing Start.
2019-09-05_01:22:50.317[Status]{'coordinate': [182.99799852554077, 101.69307276985984], 'id': 16}
2019-09-05_01:22:50.318[Status]Routing 12: Walk: 12
2019-09-05_01:22:50.418[Battery Energy]69.38
2019-09-05_01:22:50.418[Status]Routing Start.
2019-09-05_01:22:50.817[Status]{'coordinate': [192.9978317360025, 101.75082883401483], 'id': 16}
2019-09-05_01:22:50.821[Status]Routing 13: Walk: 13
2019-09-05_01:22:50.924[Battery Energy]68.98
2019-09-05_01:22:50.924[Status]Routing Start.
2019-09-05_01:22:51.235[Status]{'coordinate': [202.99766494646423, 101.80858489816981], 'id': 16}
2019-09-05_01:22:51.236[Status]Routing 14: Walk: 14
2019-09-05_01:22:51.336[Battery Energy]68.66
2019-09-05_01:22:51.336[Status]Routing Start.
2019-09-05_01:22:51.653[Status]{'coordinate': [212.99749815692596, 101.8663409623248], 'id': 16}
2019-09-05_01:22:51.653[Status]Routing 15: Walk: 15
2019-09-05_01:22:51.753[Battery Energy]68.38
2019-09-05_01:22:51.753[Status]Routing Start.
2019-09-05_01:22:52.268[Status]{'coordinate': [222.9973313673877, 101.9240970264798], 'id': 16}
2019-09-05_01:22:52.268[Status]Routing 16: Walk: 16
2019-09-05_01:22:52.368[Battery Energy]68.01
2019-09-05_01:22:52.368[Status]Routing Start.
2019-09-05_01:22:52.709[Status]{'coordinate': [232.99716457784942, 101.98185309063479], 'id': 16}
2019-09-05_01:22:52.709[Status]Routing 17: Walk: 17
2019-09-05_01:22:52.809[Battery Energy]67.69
2019-09-05_01:22:52.809[Status]Routing Start.
2019-09-05_01:22:53.168[Status]{'coordinate': [242.99699778831115, 102.03960915478979], 'id': 16}
2019-09-05_01:22:53.168[Status]Routing 18: Walk: 18
2019-09-05_01:22:53.268[Battery Energy]67.35
2019-09-05_01:22:53.268[Status]Routing Start.
2019-09-05_01:22:53.638[Status]{'coordinate': [252.99683099877288, 102.09736521894477], 'id': 16}
2019-09-05_01:22:53.638[Status]Routing 19: Walk: 19
2019-09-05_01:22:53.738[Battery Energy]66.98
2019-09-05_01:22:53.738[Status]Routing Start.
2019-09-05_01:22:54.101[Status]{'coordinate': [262.9966642092346, 102.15512128309977], 'id': 16}
2019-09-05_01:22:54.101[Status]Routing 20: Walk: 20
2019-09-05_01:22:54.201[Battery Energy]66.61
2019-09-05_01:22:54.201[Status]Routing Start.
2019-09-05_01:22:54.553[Status]{'coordinate': [272.9964974196963, 102.21287734725476], 'id': 16}
2019-09-05_01:22:54.553[Status]Routing 21: Walk: 21
2019-09-05_01:22:54.668[Battery Energy]66.33
2019-09-05_01:22:54.669[Status]Routing Start.
2019-09-05_01:22:55.058[Status]{'coordinate': [282.996330630158, 102.27063341140976], 'id': 16}
2019-09-05_01:22:55.058[Status]Routing 22: Walk: 22
2019-09-05_01:22:55.158[Battery Energy]65.99
2019-09-05_01:22:55.158[Status]Routing Start.
2019-09-05_01:22:55.530[Status]{'coordinate': [292.9961638406197, 102.32838947556475], 'id': 16}
2019-09-05_01:22:55.539[Status]Routing 23: Walk: 23
2019-09-05_01:22:55.644[Battery Energy]65.65
2019-09-05_01:22:55.644[Status]Routing Start.
2019-09-05_01:22:55.975[Status]{'coordinate': [302.9959970510814, 102.38614553971975], 'id': 16}
2019-09-05_01:22:55.975[Status]Routing 24: Walk: 24
2019-09-05_01:22:56.075[Battery Energy]65.35
2019-09-05_01:22:56.075[Status]Routing Start.
2019-09-05_01:22:56.448[Status]{'coordinate': [312.9958302615431, 102.44390160387474], 'id': 16}
2019-09-05_01:22:56.451[Status]Routing 25: Walk: 25
2019-09-05_01:22:56.568[Battery Energy]65.04
2019-09-05_01:22:56.568[Status]Routing Start.
2019-09-05_01:22:56.930[Status]{'coordinate': [322.9956634720048, 102.50165766802974], 'id': 16}
2019-09-05_01:22:56.930[Status]Routing 26: Walk: 26
2019-09-05_01:22:57.056[Battery Energy]64.77
2019-09-05_01:22:57.056[Status]Routing Start.
2019-09-05_01:22:57.352[Status]{'coordinate': [332.9954966824665, 102.55941373218472], 'id': 16}
2019-09-05_01:22:57.353[Status]Routing 27: Walk: 27
2019-09-05_01:22:57.453[Battery Energy]64.46
2019-09-05_01:22:57.453[Status]Routing Start.
2019-09-05_01:22:57.762[Status]{'coordinate': [342.9953298929282, 102.61716979633972], 'id': 16}
2019-09-05_01:22:57.767[Status]Routing 28: Walk: 28
2019-09-05_01:22:57.868[Battery Energy]64.12
2019-09-05_01:22:57.868[Status]Routing Start.
2019-09-05_01:22:58.222[Status]{'coordinate': [352.9951631033899, 102.67492586049471], 'id': 16}
2019-09-05_01:22:58.225[Status]Routing 29: Walk: 29
2019-09-05_01:22:58.332[Battery Energy]63.80
2019-09-05_01:22:58.332[Status]Routing Start.
2019-09-05_01:22:58.641[Status]{'coordinate': [362.99499631385163, 102.73268192464971], 'id': 16}
2019-09-05_01:22:58.641[Status]Routing 30: Walk: 30
2019-09-05_01:22:58.747[Battery Energy]63.52
2019-09-05_01:22:58.747[Status]Routing Start.
2019-09-05_01:22:59.078[Status]{'coordinate': [372.99482952431333, 102.7904379888047], 'id': 16}
2019-09-05_01:22:59.080[Status]Routing 31: Walk: 31
2019-09-05_01:22:59.183[Battery Energy]63.17
2019-09-05_01:22:59.183[Status]Routing Start.
2019-09-05_01:22:59.608[Status]{'coordinate': [382.99466273477503, 102.8481940529597], 'id': 16}
2019-09-05_01:22:59.608[Status]Routing 32: Walk: 32
2019-09-05_01:22:59.711[Battery Energy]62.79
2019-09-05_01:22:59.711[Status]Routing Start.
2019-09-05_01:23:00.062[Status]{'coordinate': [392.99449594523674, 102.90595011711468], 'id': 16}
2019-09-05_01:23:00.062[Status]Routing 33: Walk: 33
2019-09-05_01:23:00.163[Battery Energy]62.46
2019-09-05_01:23:00.163[Status]Routing Start.
2019-09-05_01:23:00.458[Status]{'coordinate': [402.99432915569844, 102.96370618126969], 'id': 16}
2019-09-05_01:23:00.458[Status]Routing 34: Walk: 34
2019-09-05_01:23:00.568[Battery Energy]62.23
2019-09-05_01:23:00.568[Status]Routing Start.
2019-09-05_01:23:00.910[Status]{'coordinate': [412.99416236616014, 103.02146224542467], 'id': 16}
2019-09-05_01:23:00.910[Status]Routing 35: Walk: 35
2019-09-05_01:23:01.032[Battery Energy]61.89
2019-09-05_01:23:01.032[Status]Routing Start.
2019-09-05_01:23:01.406[Status]{'coordinate': [422.99399557662184, 103.07921830957967], 'id': 16}
2019-09-05_01:23:01.406[Status]Routing 36: Walk: 36
2019-09-05_01:23:01.508[Battery Energy]61.51
2019-09-05_01:23:01.508[Status]Routing Start.
2019-09-05_01:23:01.891[Status]{'coordinate': [432.99382878708354, 103.13697437373466], 'id': 16}
2019-09-05_01:23:01.891[Status]Routing 37: Walk: 37
2019-09-05_01:23:02.000[Battery Energy]61.21
2019-09-05_01:23:02.000[Status]Routing Start.
2019-09-05_01:23:02.206[Status]{'coordinate': [442.99366199754525, 103.19473043788966], 'id': 16}
2019-09-05_01:23:02.208[Status]Routing 38: Walk: 38
2019-09-05_01:23:02.320[Battery Energy]60.99
2019-09-05_01:23:02.320[Status]Routing Start.
2019-09-05_01:23:02.584[Status]{'coordinate': [452.99349520800695, 103.25248650204465], 'id': 16}
2019-09-05_01:23:02.584[Status]Routing 39: Walk: 39
2019-09-05_01:23:02.687[Battery Energy]60.72
2019-09-05_01:23:02.687[Status]Routing Start.
2019-09-05_01:23:03.018[Status]{'coordinate': [462.99332841846865, 103.31024256619965], 'id': 16}
2019-09-05_01:23:03.019[Status]Routing 40: Walk: 40
2019-09-05_01:23:03.120[Battery Energy]60.42
2019-09-05_01:23:03.120[Status]Routing Start.
2019-09-05_01:23:03.478[Status]{'coordinate': [472.99316162893035, 103.36799863035463], 'id': 16}
2019-09-05_01:23:03.478[Status]Routing 41: Walk: 41
2019-09-05_01:23:03.581[Battery Energy]60.09
2019-09-05_01:23:03.581[Status]Routing Start.
2019-09-05_01:23:03.988[Status]{'coordinate': [482.99299483939205, 103.42575469450964], 'id': 16}
2019-09-05_01:23:03.989[Status]Routing 42: Walk: 42
2019-09-05_01:23:04.092[Battery Energy]59.73
2019-09-05_01:23:04.092[Status]Routing Start.
2019-09-05_01:23:04.486[Status]{'coordinate': [492.99282804985376, 103.48351075866462], 'id': 16}
2019-09-05_01:23:04.489[Status]Routing 43: Walk: 43
2019-09-05_01:23:04.600[Battery Energy]59.36
2019-09-05_01:23:04.600[Status]Routing Start.
2019-09-05_01:23:05.010[Status]{'coordinate': [502.99266126031546, 103.54126682281962], 'id': 16}
2019-09-05_01:23:05.010[Status]Routing 44: Walk: 44
2019-09-05_01:23:05.120[Battery Energy]59.04
2019-09-05_01:23:05.120[Status]Routing Start.
2019-09-05_01:23:05.531[Status]{'coordinate': [512.9924944707772, 103.59902288697461], 'id': 16}
2019-09-05_01:23:05.531[Status]Routing 45: Walk: 45
2019-09-05_01:23:05.644[Battery Energy]58.65
2019-09-05_01:23:05.644[Status]Routing Start.
2019-09-05_01:23:05.957[Status]{'coordinate': [522.9923276812389, 103.65677895112961], 'id': 16}
2019-09-05_01:23:05.958[Status]Routing 46: Walk: 46
2019-09-05_01:23:06.072[Battery Energy]58.34
2019-09-05_01:23:06.072[Status]Routing Start.
2019-09-05_01:23:06.397[Status]{'coordinate': [532.9921608917006, 103.7145350152846], 'id': 16}
2019-09-05_01:23:06.397[Status]Routing 47: Walk: 47
2019-09-05_01:23:06.528[Battery Energy]58.04
2019-09-05_01:23:06.528[Status]Routing Start.
2019-09-05_01:23:06.664[Status]{'coordinate': [542.9919941021623, 103.7722910794396], 'id': 16}
2019-09-05_01:23:06.675[Status]Routing 48: Walk: 48
2019-09-05_01:23:06.775[Battery Energy]57.85
2019-09-05_01:23:06.775[Status]Routing Start.
2019-09-05_01:23:06.958[Status]{'coordinate': [552.991827312624, 103.83004714359458], 'id': 16}
2019-09-05_01:23:06.958[Status]Routing 49: Walk: 49
2019-09-05_01:23:07.061[Battery Energy]57.61
2019-09-05_01:23:07.062[Status]Routing Start.
2019-09-05_01:23:07.313[Status]{'coordinate': [562.9916605230857, 103.88780320774958], 'id': 16}
2019-09-05_01:23:07.313[Status]Routing 50: Walk: 50
2019-09-05_01:23:07.414[Battery Energy]57.32
2019-09-05_01:23:07.414[Status]Routing Start.
2019-09-05_01:23:07.693[Status]{'coordinate': [572.9914937335474, 103.94555927190457], 'id': 16}
2019-09-05_01:23:07.693[Status]Routing 51: Walk: 51
2019-09-05_01:23:07.805[Battery Energy]57.06
2019-09-05_01:23:07.805[Status]Routing Start.
2019-09-05_01:23:08.020[Status]{'coordinate': [582.9913269440091, 104.00331533605957], 'id': 16}
2019-09-05_01:23:08.021[Status]Routing 52: Walk: 52
2019-09-05_01:23:08.132[Battery Energy]56.80
2019-09-05_01:23:08.132[Status]Routing Start.
2019-09-05_01:23:08.407[Status]{'coordinate': [592.9911601544708, 104.06107140021456], 'id': 16}
2019-09-05_01:23:08.407[Status]Routing 53: Walk: 53
2019-09-05_01:23:08.510[Battery Energy]56.53
2019-09-05_01:23:08.510[Status]Routing Start.
2019-09-05_01:23:08.715[Status]{'coordinate': [602.9909933649325, 104.11882746436956], 'id': 16}
2019-09-05_01:23:08.715[Status]Routing 54: Walk: 54
2019-09-05_01:23:08.824[Battery Energy]56.30
2019-09-05_01:23:08.824[Status]Routing Start.
2019-09-05_01:23:09.026[Status]{'coordinate': [612.9908265753942, 104.17658352852455], 'id': 16}
2019-09-05_01:23:09.026[Status]Routing 55: Walk: 55
2019-09-05_01:23:09.174[Battery Energy]56.08
2019-09-05_01:23:09.174[Status]Routing Start.
2019-09-05_01:23:09.393[Status]{'coordinate': [622.9906597858559, 104.23433959267953], 'id': 16}
2019-09-05_01:23:09.394[Status]Routing 56: Walk: 56
2019-09-05_01:23:09.500[Battery Energy]55.87
2019-09-05_01:23:09.500[Status]Routing Start.
2019-09-05_01:23:09.855[Status]{'coordinate': [632.9904929963176, 104.29209565683453], 'id': 16}
2019-09-05_01:23:09.857[Status]Routing 57: Walk: 57
2019-09-05_01:23:09.957[Battery Energy]55.52
2019-09-05_01:23:09.957[Status]Routing Start.
2019-09-05_01:23:10.138[Status]{'coordinate': [642.9903262067793, 104.34985172098952], 'id': 16}
2019-09-05_01:23:10.138[Status]Routing 58: Walk: 58
2019-09-05_01:23:10.244[Battery Energy]55.30
2019-09-05_01:23:10.244[Status]Routing Start.
2019-09-05_01:23:10.440[Status]{'coordinate': [652.990159417241, 104.40760778514452], 'id': 16}
2019-09-05_01:23:10.440[Status]Routing 59: Walk: 59
2019-09-05_01:23:10.540[Battery Energy]55.04
2019-09-05_01:23:10.541[Status]Routing Start.
2019-09-05_01:23:10.785[Status]{'coordinate': [662.9899926277027, 104.46536384929951], 'id': 16}
2019-09-05_01:23:10.785[Status]Routing 60: Walk: 60
2019-09-05_01:23:10.885[Battery Energy]54.84
2019-09-05_01:23:10.886[Status]Routing Start.
2019-09-05_01:23:11.128[Status]{'coordinate': [672.9898258381644, 104.52311991345451], 'id': 16}
2019-09-05_01:23:11.129[Status]Routing 61: Walk: 61
2019-09-05_01:23:11.236[Battery Energy]54.57
2019-09-05_01:23:11.236[Status]Routing Start.
2019-09-05_01:23:11.414[Status]{'coordinate': [682.9896590486261, 104.5808759776095], 'id': 16}
2019-09-05_01:23:11.416[Status]Routing 62: Walk: 62
2019-09-05_01:23:11.516[Battery Energy]54.35
2019-09-05_01:23:11.516[Status]Routing Start.
2019-09-05_01:23:11.790[Status]{'coordinate': [692.9894922590878, 104.6386320417645], 'id': 16}
2019-09-05_01:23:11.790[Status]Routing 63: Walk: 63
2019-09-05_01:23:11.912[Battery Energy]54.09
2019-09-05_01:23:11.915[Status]Routing Start.
2019-09-05_01:23:12.124[Status]{'coordinate': [702.9893254695495, 104.69638810591948], 'id': 16}
2019-09-05_01:23:12.124[Status]Routing 64: Walk: 64
2019-09-05_01:23:12.228[Battery Energy]53.87
2019-09-05_01:23:12.228[Status]Routing Start.
2019-09-05_01:23:12.545[Status]{'coordinate': [712.9891586800112, 104.75414417007448], 'id': 16}
2019-09-05_01:23:12.545[Status]Routing 65: Walk: 65
2019-09-05_01:23:12.646[Battery Energy]53.57
2019-09-05_01:23:12.646[Status]Routing Start.
2019-09-05_01:23:12.813[Status]{'coordinate': [722.9889918904729, 104.81190023422947], 'id': 16}
2019-09-05_01:23:12.813[Status]Routing 66: Walk: 66
2019-09-05_01:23:12.920[Battery Energy]53.35
2019-09-05_01:23:12.920[Status]Routing Start.
2019-09-05_01:23:13.330[Status]{'coordinate': [732.9888251009346, 104.86965629838447], 'id': 16}
2019-09-05_01:23:13.330[Status]Routing 67: Walk: 67
2019-09-05_01:23:13.440[Battery Energy]52.97
2019-09-05_01:23:13.440[Status]Routing Start.
2019-09-05_01:23:13.677[Status]{'coordinate': [742.9886583113963, 104.92741236253946], 'id': 16}
2019-09-05_01:23:13.677[Status]Routing 68: Walk: 68
2019-09-05_01:23:13.780[Battery Energy]52.71
2019-09-05_01:23:13.780[Status]Routing Start.
2019-09-05_01:23:14.200[Status]{'coordinate': [752.988491521858, 104.98516842669446], 'id': 16}
2019-09-05_01:23:14.200[Status]Routing 69: Walk: 69
2019-09-05_01:23:14.313[Battery Energy]52.36
2019-09-05_01:23:14.313[Status]Routing Start.
2019-09-05_01:23:14.643[Status]{'coordinate': [762.9883247323197, 105.04292449084944], 'id': 16}
2019-09-05_01:23:14.644[Status]Routing 70: Walk: 70
2019-09-05_01:23:14.748[Battery Energy]52.05
2019-09-05_01:23:14.748[Status]Routing Start.
2019-09-05_01:23:15.070[Status]{'coordinate': [772.9881579427814, 105.10068055500444], 'id': 16}
2019-09-05_01:23:15.070[Status]Routing 71: Walk: 71
2019-09-05_01:23:15.171[Battery Energy]51.74
2019-09-05_01:23:15.171[Status]Routing Start.
2019-09-05_01:23:15.400[Status]{'coordinate': [782.9879911532431, 105.15843661915943], 'id': 16}
2019-09-05_01:23:15.400[Status]Routing 72: Walk: 72
2019-09-05_01:23:15.500[Battery Energy]51.46
2019-09-05_01:23:15.500[Status]Routing Start.
2019-09-05_01:23:15.688[Status]{'coordinate': [792.9878243637048, 105.21619268331443], 'id': 16}
2019-09-05_01:23:15.688[Status]Routing 73: Walk: 73
2019-09-05_01:23:15.789[Battery Energy]51.24
2019-09-05_01:23:15.789[Status]Routing Start.
2019-09-05_01:23:15.974[Status]{'coordinate': [802.9876575741665, 105.27394874746942], 'id': 16}
2019-09-05_01:23:15.974[Status]Routing 74: Walk: 74
2019-09-05_01:23:16.074[Battery Energy]50.99
2019-09-05_01:23:16.074[Status]Routing Start.
2019-09-05_01:23:16.377[Status]{'coordinate': [812.9874907846282, 105.33170481162442], 'id': 16}
2019-09-05_01:23:16.377[Status]Routing 75: Walk: 75
2019-09-05_01:23:16.492[Battery Energy]50.72
2019-09-05_01:23:16.492[Status]Routing Start.
2019-09-05_01:23:16.627[Status]{'coordinate': [822.9873239950899, 105.3894608757794], 'id': 16}
2019-09-05_01:23:16.628[Status]Routing 76: Walk: 76
2019-09-05_01:23:16.732[Battery Energy]50.51
2019-09-05_01:23:16.732[Status]Routing Start.
2019-09-05_01:23:17.001[Status]{'coordinate': [832.9871572055516, 105.4472169399344], 'id': 16}
2019-09-05_01:23:17.001[Status]Routing 77: Walk: 77
2019-09-05_01:23:17.101[Battery Energy]50.25
2019-09-05_01:23:17.101[Status]Routing Start.
2019-09-05_01:23:17.308[Status]{'coordinate': [842.9869904160133, 105.5049730040894], 'id': 16}
2019-09-05_01:23:17.309[Status]Routing 78: Walk: 78
2019-09-05_01:23:17.416[Battery Energy]50.01
2019-09-05_01:23:17.416[Status]Routing Start.
2019-09-05_01:23:17.645[Status]{'coordinate': [852.986823626475, 105.5627290682444], 'id': 16}
2019-09-05_01:23:17.645[Status]Routing 79: Walk: 79
2019-09-05_01:23:17.745[Battery Energy]49.73
2019-09-05_01:23:17.746[Status]Routing Start.
2019-09-05_01:23:17.932[Status]{'coordinate': [862.9866568369367, 105.62048513239938], 'id': 16}
2019-09-05_01:23:17.932[Status]Routing 80: Walk: 80
2019-09-05_01:23:18.032[Battery Energy]49.52
2019-09-05_01:23:18.032[Status]Routing Start.
2019-09-05_01:23:18.223[Status]{'coordinate': [872.9864900473984, 105.67824119655438], 'id': 16}
2019-09-05_01:23:18.224[Status]Routing 81: Walk: 81
2019-09-05_01:23:18.324[Battery Energy]49.28
2019-09-05_01:23:18.324[Status]Routing Start.
2019-09-05_01:23:18.543[Status]{'coordinate': [882.9863232578601, 105.73599726070937], 'id': 16}
2019-09-05_01:23:18.543[Status]Routing 82: Walk: 82
2019-09-05_01:23:18.648[Battery Energy]49.05
2019-09-05_01:23:18.648[Status]Routing Start.
2019-09-05_01:23:18.902[Status]{'coordinate': [892.9861564683218, 105.79375332486437], 'id': 16}
2019-09-05_01:23:18.902[Status]Routing 83: Walk: 83
2019-09-05_01:23:19.020[Battery Energy]48.81
2019-09-05_01:23:19.020[Status]Routing Start.
2019-09-05_01:23:19.351[Status]{'coordinate': [902.9859896787835, 105.85150938901936], 'id': 16}
2019-09-05_01:23:19.351[Status]Routing 84: Walk: 84
2019-09-05_01:23:19.451[Battery Energy]48.48
2019-09-05_01:23:19.451[Status]Routing Start.
2019-09-05_01:23:19.639[Status]{'coordinate': [912.9858228892452, 105.90926545317436], 'id': 16}
2019-09-05_01:23:19.641[Status]Routing 85: Walk: 85
2019-09-05_01:23:19.748[Battery Energy]48.28
2019-09-05_01:23:19.748[Status]Routing Start.
2019-09-05_01:23:19.946[Status]{'coordinate': [922.985656099707, 105.96702151732934], 'id': 16}
2019-09-05_01:23:19.946[Status]Routing 86: Walk: 86
2019-09-05_01:23:20.052[Battery Energy]48.03
2019-09-05_01:23:20.052[Status]Routing Start.
2019-09-05_01:23:20.264[Status]{'coordinate': [932.9854893101686, 106.02477758148434], 'id': 16}
2019-09-05_01:23:20.264[Status]Routing 87: Walk: 87
2019-09-05_01:23:20.380[Battery Energy]47.78
2019-09-05_01:23:20.380[Status]Routing Start.
2019-09-05_01:23:20.541[Status]{'coordinate': [942.9853225206303, 106.08253364563933], 'id': 16}
2019-09-05_01:23:20.541[Status]Routing 88: Walk: 88
2019-09-05_01:23:20.648[Battery Energy]47.55
2019-09-05_01:23:20.648[Status]Routing Start.
2019-09-05_01:23:20.945[Status]{'coordinate': [952.985155731092, 106.14028970979433], 'id': 16}
2019-09-05_01:23:20.945[Status]Routing 89: Walk: 89
2019-09-05_01:23:21.045[Battery Energy]47.23
2019-09-05_01:23:21.045[Status]Routing Start.
2019-09-05_01:23:21.338[Status]{'coordinate': [962.9849889415538, 106.19804577394932], 'id': 16}
2019-09-05_01:23:21.338[Status]Routing 90: Walk: 90
2019-09-05_01:23:21.438[Battery Energy]46.96
2019-09-05_01:23:21.438[Status]Routing Start.
2019-09-05_01:23:21.751[Status]{'coordinate': [972.9848221520155, 106.25580183810432], 'id': 16}
2019-09-05_01:23:21.751[Status]Routing 91: Walk: 91
2019-09-05_01:23:21.864[Battery Energy]46.63
2019-09-05_01:23:21.864[Status]Routing Start.
2019-09-05_01:23:22.182[Status]{'coordinate': [982.9846553624772, 106.3135579022593], 'id': 16}
2019-09-05_01:23:22.182[Status]Routing 92: Walk: 92
2019-09-05_01:23:22.308[Battery Energy]46.28
2019-09-05_01:23:22.308[Status]Routing Start.
2019-09-05_01:23:22.554[Status]{'coordinate': [992.9844885729389, 106.3713139664143], 'id': 16}
2019-09-05_01:23:22.554[Status]Routing 93: Walk: 93
2019-09-05_01:23:22.660[Battery Energy]46.01
2019-09-05_01:23:22.660[Status]Routing Start.
2019-09-05_01:23:22.983[Status]{'coordinate': [1002.9843217834006, 106.42907003056929], 'id': 16}
2019-09-05_01:23:22.983[Status]Routing 94: Walk: 94
2019-09-05_01:23:23.092[Battery Energy]45.70
2019-09-05_01:23:23.092[Status]Routing Start.
2019-09-05_01:23:23.385[Status]{'coordinate': [1012.9841549938623, 106.4868260947243], 'id': 16}
2019-09-05_01:23:23.385[Status]Routing 95: Walk: 95
2019-09-05_01:23:23.494[Battery Energy]45.33
2019-09-05_01:23:23.494[Status]Routing Start.
2019-09-05_01:23:23.718[Status]{'coordinate': [1022.983988204324, 106.54458215887928], 'id': 16}
2019-09-05_01:23:23.718[Status]Routing 96: Walk: 96
2019-09-05_01:23:23.820[Battery Energy]45.10
2019-09-05_01:23:23.820[Status]Routing Start.
2019-09-05_01:23:24.103[Status]{'coordinate': [1032.9838214147858, 106.60233822303428], 'id': 16}
2019-09-05_01:23:24.106[Status]Routing 97: Walk: 97
2019-09-05_01:23:24.212[Battery Energy]44.79
2019-09-05_01:23:24.212[Status]Routing Start.
2019-09-05_01:23:24.517[Status]{'coordinate': [1042.9836546252475, 106.66009428718927], 'id': 16}
2019-09-05_01:23:24.517[Status]Routing 98: Walk: 98
2019-09-05_01:23:24.617[Battery Energy]44.49
2019-09-05_01:23:24.617[Status]Routing Start.
2019-09-05_01:23:24.875[Status]{'coordinate': [1052.9834878357092, 106.71785035134427], 'id': 16}
2019-09-05_01:23:24.876[Status]Routing 99: Walk: 99
2019-09-05_01:23:24.976[Battery Energy]44.16
2019-09-05_01:23:24.976[Status]Routing Start.
2019-09-05_01:23:24.976[Status]Task Finished.
2019-09-05_01:23:25.078[Battery Energy]44.16
2019-09-05_01:23:25.297[Status]Routing 101: Walk: 99
2019-09-05_01:23:25.409[Battery Energy]44.02
2019-09-05_01:23:25.825[Status]Routing 102: Walk: 99
2019-09-05_01:23:25.927[Battery Energy]43.74
2019-09-05_01:23:26.264[Status]Routing 103: Walk: 99
2019-09-05_01:23:26.372[Battery Energy]43.49
2019-09-05_01:23:26.763[Status]Routing 104: Walk: 99
2019-09-05_01:23:26.864[Battery Energy]43.31
2019-09-05_01:23:27.110[Status]Routing 105: Walk: 99
2019-09-05_01:23:27.211[Battery Energy]43.14
2019-09-05_01:23:27.534[Status]Routing 106: Walk: 99
2019-09-05_01:23:27.640[Battery Energy]42.94
2019-09-05_01:23:27.983[Status]Routing 107: Walk: 99
2019-09-05_01:23:28.092[Battery Energy]42.69
2019-09-05_01:23:28.369[Status]Routing 108: Walk: 99
2019-09-05_01:23:28.479[Battery Energy]42.51
2019-09-05_01:23:28.803[Status]Routing 109: Walk: 99
2019-09-05_01:23:28.912[Battery Energy]42.30
2019-09-05_01:23:29.249[Status]Routing 110: Walk: 99
2019-09-05_01:23:29.351[Battery Energy]42.09
2019-09-05_01:23:29.686[Status]Routing 111: Walk: 99
2019-09-05_01:23:29.786[Battery Energy]41.85
2019-09-05_01:23:30.121[Status]Routing 112: Walk: 99
2019-09-05_01:23:30.224[Battery Energy]41.65
2019-09-05_01:23:30.575[Status]Routing 113: Walk: 99
2019-09-05_01:23:30.680[Battery Energy]41.36
2019-09-05_01:23:31.028[Status]Routing 114: Walk: 99
2019-09-05_01:23:31.129[Battery Energy]41.11
2019-09-05_01:23:31.472[Status]Routing 115: Walk: 99
2019-09-05_01:23:31.580[Battery Energy]40.92
2019-09-05_01:23:31.976[Status]Routing 116: Walk: 99
2019-09-05_01:23:32.077[Battery Energy]40.66
2019-09-05_01:23:32.398[Status]Routing 117: Walk: 99
2019-09-05_01:23:32.514[Battery Energy]40.47
2019-09-05_01:23:32.720[Status]Routing 118: Walk: 99
2019-09-05_01:23:32.820[Battery Energy]40.36
2019-09-05_01:23:33.161[Status]Routing 119: Walk: 99
2019-09-05_01:23:33.283[Battery Energy]40.14
2019-09-05_01:23:33.508[Status]Routing 120: Walk: 99
2019-09-05_01:23:33.612[Battery Energy]39.99
2019-09-05_01:23:33.950[Status]Routing 121: Walk: 99
2019-09-05_01:23:34.060[Battery Energy]39.78
2019-09-05_01:23:34.304[Status]Routing 122: Walk: 99
2019-09-05_01:23:34.412[Battery Energy]39.63
2019-09-05_01:23:34.603[Status]Routing 123: Walk: 99
2019-09-05_01:23:34.704[Battery Energy]39.50
2019-09-05_01:23:35.095[Status]Routing 124: Walk: 99
2019-09-05_01:23:35.200[Battery Energy]39.27
2019-09-05_01:23:35.606[Status]Routing 125: Walk: 99
2019-09-05_01:23:35.712[Battery Energy]39.08
2019-09-05_01:23:36.010[Status]Routing 126: Walk: 99
2019-09-05_01:23:36.116[Battery Energy]38.90
2019-09-05_01:23:36.436[Status]Routing 127: Walk: 99
2019-09-05_01:23:36.536[Battery Energy]38.71
2019-09-05_01:23:36.869[Status]Routing 128: Walk: 99
2019-09-05_01:23:36.969[Battery Energy]38.51
2019-09-05_01:23:37.244[Status]Routing 129: Walk: 99
2019-09-05_01:23:37.345[Battery Energy]38.37
2019-09-05_01:23:37.722[Status]Routing 130: Walk: 99
2019-09-05_01:23:37.828[Battery Energy]38.12
2019-09-05_01:23:38.032[Status]Routing 131: Walk: 99
2019-09-05_01:23:38.144[Battery Energy]37.97
2019-09-05_01:23:38.476[Status]Routing 132: Walk: 99
2019-09-05_01:23:38.578[Battery Energy]37.74
2019-09-05_01:23:38.922[Status]Routing 133: Walk: 99
2019-09-05_01:23:39.048[Battery Energy]37.53
2019-09-05_01:23:39.389[Status]Routing 134: Walk: 99
2019-09-05_01:23:39.498[Battery Energy]37.36
2019-09-05_01:23:39.885[Status]Routing 135: Walk: 99
2019-09-05_01:23:40.000[Battery Energy]37.11
2019-09-05_01:23:40.143[Status]Routing 136: Walk: 99
2019-09-05_01:23:40.243[Battery Energy]36.99
2019-09-05_01:23:40.454[Status]Routing 137: Walk: 99
2019-09-05_01:23:40.555[Battery Energy]36.83
2019-09-05_01:23:40.864[Status]Routing 138: Walk: 99
2019-09-05_01:23:40.972[Battery Energy]36.64
2019-09-05_01:23:41.309[Status]Routing 139: Walk: 99
2019-09-05_01:23:41.410[Battery Energy]36.43
2019-09-05_01:23:41.574[Status]Routing 140: Walk: 99
2019-09-05_01:23:41.684[Battery Energy]36.33
2019-09-05_01:23:42.028[Status]Routing 141: Walk: 99
2019-09-05_01:23:42.159[Battery Energy]36.13
2019-09-05_01:23:42.611[Status]Routing 142: Walk: 99
2019-09-05_01:23:42.716[Battery Energy]35.82
2019-09-05_01:23:42.990[Status]Routing 143: Walk: 99
2019-09-05_01:23:43.100[Battery Energy]35.64
2019-09-05_01:23:43.304[Status]Routing 144: Walk: 99
2019-09-05_01:23:43.416[Battery Energy]35.53
2019-09-05_01:23:43.603[Status]Routing 145: Walk: 99
2019-09-05_01:23:43.768[Battery Energy]35.44
2019-09-05_01:23:43.977[Status]Routing 146: Walk: 99
2019-09-05_01:23:44.077[Battery Energy]35.31
2019-09-05_01:23:44.447[Status]Routing 147: Walk: 99
2019-09-05_01:23:44.548[Battery Energy]35.02
2019-09-05_01:23:44.768[Status]Routing 148: Walk: 99
2019-09-05_01:23:44.900[Battery Energy]34.88
2019-09-05_01:23:45.097[Status]Routing 149: Walk: 99
2019-09-05_01:23:45.200[Battery Energy]34.77
2019-09-05_01:23:45.416[Status]Routing 150: Walk: 99
2019-09-05_01:23:45.516[Battery Energy]34.66
2019-09-05_01:23:45.717[Status]Routing 151: Walk: 99
2019-09-05_01:23:45.820[Battery Energy]34.52
2019-09-05_01:23:45.998[Status]Routing 152: Walk: 99
2019-09-05_01:23:46.148[Battery Energy]34.40
2019-09-05_01:23:46.384[Status]Routing 153: Walk: 99
2019-09-05_01:23:46.492[Battery Energy]34.24
2019-09-05_01:23:46.672[Status]Routing 154: Walk: 99
2019-09-05_01:23:46.773[Battery Energy]34.09
2019-09-05_01:23:47.049[Status]Routing 155: Walk: 99
2019-09-05_01:23:47.153[Battery Energy]33.87
2019-09-05_01:23:47.350[Status]Routing 156: Walk: 99
2019-09-05_01:23:47.508[Battery Energy]33.75
2019-09-05_01:23:47.646[Status]Routing 157: Walk: 99
2019-09-05_01:23:47.746[Battery Energy]33.65
2019-09-05_01:23:47.931[Status]Routing 158: Walk: 99
2019-09-05_01:23:48.032[Battery Energy]33.53
2019-09-05_01:23:48.279[Status]Routing 159: Walk: 99
2019-09-05_01:23:48.380[Battery Energy]33.38
2019-09-05_01:23:48.579[Status]Routing 160: Walk: 99
2019-09-05_01:23:48.682[Battery Energy]33.24
2019-09-05_01:23:48.851[Status]Routing 161: Walk: 99
2019-09-05_01:23:48.956[Battery Energy]33.12
2019-09-05_01:23:49.118[Status]Routing 162: Walk: 99
2019-09-05_01:23:49.239[Battery Energy]33.00
2019-09-05_01:23:49.401[Status]Routing 163: Walk: 99
2019-09-05_01:23:49.508[Battery Energy]32.91
2019-09-05_01:23:49.700[Status]Routing 164: Walk: 99
2019-09-05_01:23:49.804[Battery Energy]32.80
2019-09-05_01:23:49.960[Status]Routing 165: Walk: 99
2019-09-05_01:23:50.068[Battery Energy]32.67
2019-09-05_01:23:50.270[Status]Routing 166: Walk: 99
2019-09-05_01:23:50.376[Battery Energy]32.54
