2019-09-05_01:22:36.805[Status]Start.
2019-09-05_01:22:36.805[Battery Energy]74.00
2019-09-05_01:22:37.906[Battery Energy]73.96
2019-09-05_01:22:39.008[Battery Energy]73.92
2019-09-05_01:22:40.108[Battery Energy]73.88
2019-09-05_01:22:41.210[Battery Energy]73.84
2019-09-05_01:22:42.311[Task]A New Task Released.
2019-09-05_01:22:42.311[Battery Energy]73.80
2019-09-05_01:22:42.311[Status]Selection Start.
2019-09-05_01:22:44.992[Status]Selection End: Do Task 1.
2019-09-05_01:22:45.114[Battery Energy]71.86
2019-09-05_01:22:45.114[Status]Formation Start.
2019-09-05_01:22:45.299[Status]Formation End: To Position 4.
2019-09-05_01:22:45.410[Battery Energy]71.73
2019-09-05_01:22:45.411[Status]Routing Start.
2019-09-05_01:22:45.690[Status]{'coordinate': [141.99601615228116, 629.2822429509023], 'id': 7}
2019-09-05_01:22:45.690[Status]Routing 1: Walk: 1
2019-09-05_01:22:45.792[Battery Energy]71.48
2019-09-05_01:22:45.792[Status]Routing Start.
2019-09-05_01:22:46.028[Status]{'coordinate': [151.99203230456231, 629.5644859018046], 'id': 7}
2019-09-05_01:22:46.028[Status]Routing 2: Walk: 2
2019-09-05_01:22:46.129[Battery Energy]71.20
2019-09-05_01:22:46.129[Status]Routing Start.
2019-09-05_01:22:46.330[Status]{'coordinate': [161.98804845684347, 629.8467288527069], 'id': 7}
2019-09-05_01:22:46.330[Status]Routing 3: Walk: 3
2019-09-05_01:22:46.430[Battery Energy]71.00
2019-09-05_01:22:46.430[Status]Routing Start.
2019-09-05_01:22:46.670[Status]{'coordinate': [171.98406460912463, 630.1289718036091], 'id': 7}
2019-09-05_01:22:46.670[Status]Routing 4: Walk: 4
2019-09-05_01:22:46.770[Battery Energy]70.77
2019-09-05_01:22:46.770[Status]Routing Start.
2019-09-05_01:22:46.988[Status]{'coordinate': [181.9800807614058, 630.4112147545114], 'id': 7}
2019-09-05_01:22:46.988[Status]Routing 5: Walk: 5
2019-09-05_01:22:47.104[Battery Energy]70.55
2019-09-05_01:22:47.104[Status]Routing Start.
2019-09-05_01:22:47.474[Status]{'coordinate': [191.97609691368694, 630.6934577054137], 'id': 7}
2019-09-05_01:22:47.474[Status]Routing 6: Walk: 6
2019-09-05_01:22:47.576[Battery Energy]70.22
2019-09-05_01:22:47.576[Status]Routing Start.
2019-09-05_01:22:47.962[Status]{'coordinate': [201.9721130659681, 630.975700656316], 'id': 7}
2019-09-05_01:22:47.962[Status]Routing 7: Walk: 7
2019-09-05_01:22:48.064[Battery Energy]69.93
2019-09-05_01:22:48.064[Status]Routing Start.
2019-09-05_01:22:48.421[Status]{'coordinate': [211.96812921824926, 631.2579436072183], 'id': 7}
2019-09-05_01:22:48.421[Status]Routing 8: Walk: 8
2019-09-05_01:22:48.522[Battery Energy]69.63
2019-09-05_01:22:48.522[Status]Routing Start.
2019-09-05_01:22:48.949[Status]{'coordinate': [221.96414537053042, 631.5401865581206], 'id': 7}
2019-09-05_01:22:48.949[Status]Routing 9: Walk: 9
2019-09-05_01:22:49.049[Battery Energy]69.25
2019-09-05_01:22:49.050[Status]Routing Start.
2019-09-05_01:22:49.628[Status]Routing 10: Walk: 9
2019-09-05_01:22:49.732[Battery Energy]68.86
2019-09-05_01:22:49.732[Status]Routing Start.
2019-09-05_01:22:49.872[Status]{'coordinate': [231.96016152281157, 631.8224295090229], 'id': 7}
2019-09-05_01:22:49.872[Status]Routing 11: Walk: 10
2019-09-05_01:22:49.972[Battery Energy]68.66
2019-09-05_01:22:49.972[Status]Routing Start.
2019-09-05_01:22:50.505[Status]{'coordinate': [241.95617767509273, 632.1046724599252], 'id': 7}
2019-09-05_01:22:50.505[Status]Routing 12: Walk: 11
2019-09-05_01:22:50.606[Battery Energy]68.21
2019-09-05_01:22:50.606[Status]Routing Start.
2019-09-05_01:22:50.986[Status]{'coordinate': [251.9521938273739, 632.3869154108274], 'id': 7}
2019-09-05_01:22:50.986[Status]Routing 13: Walk: 12
2019-09-05_01:22:51.086[Battery Energy]67.80
2019-09-05_01:22:51.086[Status]Routing Start.
2019-09-05_01:22:51.235[Status]{'coordinate': [261.9482099796551, 632.6691583617297], 'id': 7}
2019-09-05_01:22:51.235[Status]Routing 14: Walk: 13
2019-09-05_01:22:51.336[Battery Energy]67.60
2019-09-05_01:22:51.336[Status]Routing Start.
2019-09-05_01:22:51.652[Status]{'coordinate': [271.94422613193626, 632.951401312632], 'id': 7}
2019-09-05_01:22:51.652[Status]Routing 15: Walk: 14
2019-09-05_01:22:51.752[Battery Energy]67.31
2019-09-05_01:22:51.752[Status]Routing Start.
2019-09-05_01:22:52.272[Status]{'coordinate': [281.94024228421745, 633.2336442635343], 'id': 7}
2019-09-05_01:22:52.272[Status]Routing 16: Walk: 15
2019-09-05_01:22:52.372[Battery Energy]66.95
2019-09-05_01:22:52.372[Status]Routing Start.
2019-09-05_01:22:52.712[Status]{'coordinate': [291.93625843649863, 633.5158872144366], 'id': 7}
2019-09-05_01:22:52.712[Status]Routing 17: Walk: 16
2019-09-05_01:22:52.812[Battery Energy]66.62
2019-09-05_01:22:52.812[Status]Routing Start.
2019-09-05_01:22:53.182[Status]{'coordinate': [301.9322745887798, 633.7981301653389], 'id': 7}
2019-09-05_01:22:53.183[Status]Routing 18: Walk: 17
2019-09-05_01:22:53.283[Battery Energy]66.24
2019-09-05_01:22:53.283[Status]Routing Start.
2019-09-05_01:22:53.644[Status]{'coordinate': [311.928290741061, 634.0803731162412], 'id': 7}
2019-09-05_01:22:53.644[Status]Routing 19: Walk: 18
2019-09-05_01:22:53.752[Battery Energy]65.95
2019-09-05_01:22:53.752[Status]Routing Start.
2019-09-05_01:22:54.103[Status]{'coordinate': [321.9243068933422, 634.3626160671434], 'id': 7}
2019-09-05_01:22:54.103[Status]Routing 20: Walk: 19
2019-09-05_01:22:54.216[Battery Energy]65.64
2019-09-05_01:22:54.216[Status]Routing Start.
2019-09-05_01:22:54.549[Status]{'coordinate': [331.9203230456234, 634.6448590180457], 'id': 7}
2019-09-05_01:22:54.549[Status]Routing 21: Walk: 20
2019-09-05_01:22:54.652[Battery Energy]65.32
2019-09-05_01:22:54.652[Status]Routing Start.
2019-09-05_01:22:55.066[Status]{'coordinate': [341.91633919790456, 634.927101968948], 'id': 7}
2019-09-05_01:22:55.066[Status]Routing 22: Walk: 21
2019-09-05_01:22:55.168[Battery Energy]65.00
2019-09-05_01:22:55.168[Status]Routing Start.
2019-09-05_01:22:55.529[Status]{'coordinate': [351.91235535018575, 635.2093449198503], 'id': 7}
2019-09-05_01:22:55.529[Status]Routing 23: Walk: 22
2019-09-05_01:22:55.632[Battery Energy]64.72
2019-09-05_01:22:55.632[Status]Routing Start.
2019-09-05_01:22:55.978[Status]{'coordinate': [361.90837150246693, 635.4915878707526], 'id': 7}
2019-09-05_01:22:55.978[Status]Routing 24: Walk: 23
2019-09-05_01:22:56.078[Battery Energy]64.43
2019-09-05_01:22:56.078[Status]Routing Start.
2019-09-05_01:22:56.627[Status]{'coordinate': [371.9043876547481, 635.7738308216549], 'id': 7}
2019-09-05_01:22:56.629[Status]Routing 25: Walk: 24
2019-09-05_01:22:56.730[Battery Energy]63.93
2019-09-05_01:22:56.730[Status]Routing Start.
2019-09-05_01:22:56.927[Status]{'coordinate': [381.9004038070293, 636.0560737725572], 'id': 7}
2019-09-05_01:22:56.927[Status]Routing 26: Walk: 25
2019-09-05_01:22:57.028[Battery Energy]63.65
2019-09-05_01:22:57.028[Status]Routing Start.
2019-09-05_01:22:57.365[Status]{'coordinate': [391.8964199593105, 636.3383167234595], 'id': 7}
2019-09-05_01:22:57.365[Status]Routing 27: Walk: 26
2019-09-05_01:22:57.466[Battery Energy]63.28
2019-09-05_01:22:57.466[Status]Routing Start.
2019-09-05_01:22:57.761[Status]{'coordinate': [401.8924361115917, 636.6205596743617], 'id': 7}
2019-09-05_01:22:57.761[Status]Routing 28: Walk: 27
2019-09-05_01:22:57.861[Battery Energy]63.00
2019-09-05_01:22:57.861[Status]Routing Start.
2019-09-05_01:22:58.225[Status]{'coordinate': [411.88845226387286, 636.902802625264], 'id': 7}
2019-09-05_01:22:58.225[Status]Routing 29: Walk: 28
2019-09-05_01:22:58.328[Battery Energy]62.67
2019-09-05_01:22:58.328[Status]Routing Start.
2019-09-05_01:22:58.653[Status]{'coordinate': [421.88446841615405, 637.1850455761663], 'id': 7}
2019-09-05_01:22:58.653[Status]Routing 30: Walk: 29
2019-09-05_01:22:58.760[Battery Energy]62.36
2019-09-05_01:22:58.760[Status]Routing Start.
2019-09-05_01:22:59.079[Status]{'coordinate': [431.88048456843524, 637.4672885270686], 'id': 7}
2019-09-05_01:22:59.079[Status]Routing 31: Walk: 30
2019-09-05_01:22:59.179[Battery Energy]62.05
2019-09-05_01:22:59.180[Status]Routing Start.
2019-09-05_01:22:59.610[Status]{'coordinate': [441.8765007207164, 637.7495314779709], 'id': 7}
2019-09-05_01:22:59.611[Status]Routing 32: Walk: 31
2019-09-05_01:22:59.720[Battery Energy]61.70
2019-09-05_01:22:59.720[Status]Routing Start.
2019-09-05_01:23:00.059[Status]{'coordinate': [451.8725168729976, 638.0317744288732], 'id': 7}
2019-09-05_01:23:00.059[Status]Routing 33: Walk: 32
2019-09-05_01:23:00.159[Battery Energy]61.37
2019-09-05_01:23:00.159[Status]Routing Start.
2019-09-05_01:23:00.450[Status]{'coordinate': [461.8685330252788, 638.3140173797755], 'id': 7}
2019-09-05_01:23:00.450[Status]Routing 34: Walk: 33
2019-09-05_01:23:00.552[Battery Energy]61.07
2019-09-05_01:23:00.552[Status]Routing Start.
2019-09-05_01:23:00.907[Status]{'coordinate': [471.86454917756, 638.5962603306778], 'id': 7}
2019-09-05_01:23:00.907[Status]Routing 35: Walk: 34
2019-09-05_01:23:01.016[Battery Energy]60.67
2019-09-05_01:23:01.016[Status]Routing Start.
2019-09-05_01:23:01.407[Status]{'coordinate': [481.86056532984117, 638.87850328158], 'id': 7}
2019-09-05_01:23:01.407[Status]Routing 36: Walk: 35
2019-09-05_01:23:01.510[Battery Energy]60.35
2019-09-05_01:23:01.511[Status]Routing Start.
2019-09-05_01:23:01.880[Status]{'coordinate': [491.85658148212235, 639.1607462324823], 'id': 7}
2019-09-05_01:23:01.880[Status]Routing 37: Walk: 36
2019-09-05_01:23:01.980[Battery Energy]60.07
2019-09-05_01:23:01.980[Status]Routing Start.
2019-09-05_01:23:02.210[Status]{'coordinate': [501.85259763440354, 639.4429891833846], 'id': 7}
2019-09-05_01:23:02.210[Status]Routing 38: Walk: 37
2019-09-05_01:23:02.311[Battery Energy]59.84
2019-09-05_01:23:02.311[Status]Routing Start.
2019-09-05_01:23:02.592[Status]{'coordinate': [511.8486137866847, 639.7252321342869], 'id': 7}
2019-09-05_01:23:02.592[Status]Routing 39: Walk: 38
2019-09-05_01:23:02.700[Battery Energy]59.55
2019-09-05_01:23:02.700[Status]Routing Start.
2019-09-05_01:23:03.012[Status]{'coordinate': [521.8446299389659, 640.0074750851892], 'id': 7}
2019-09-05_01:23:03.012[Status]Routing 40: Walk: 39
2019-09-05_01:23:03.112[Battery Energy]59.19
2019-09-05_01:23:03.112[Status]Routing Start.
2019-09-05_01:23:03.479[Status]{'coordinate': [531.8406460912471, 640.2897180360915], 'id': 7}
2019-09-05_01:23:03.480[Status]Routing 41: Walk: 40
2019-09-05_01:23:03.580[Battery Energy]58.84
2019-09-05_01:23:03.580[Status]Routing Start.
2019-09-05_01:23:03.984[Status]{'coordinate': [541.8366622435283, 640.5719609869938], 'id': 7}
2019-09-05_01:23:03.987[Status]Routing 42: Walk: 41
2019-09-05_01:23:04.088[Battery Energy]58.50
2019-09-05_01:23:04.088[Status]Routing Start.
2019-09-05_01:23:04.486[Status]{'coordinate': [551.8326783958095, 640.854203937896], 'id': 7}
2019-09-05_01:23:04.488[Status]Routing 43: Walk: 42
2019-09-05_01:23:04.588[Battery Energy]58.15
2019-09-05_01:23:04.588[Status]Routing Start.
2019-09-05_01:23:05.013[Status]{'coordinate': [561.8286945480907, 641.1364468887983], 'id': 7}
2019-09-05_01:23:05.013[Status]Routing 44: Walk: 43
2019-09-05_01:23:05.124[Battery Energy]57.76
2019-09-05_01:23:05.124[Status]Routing Start.
2019-09-05_01:23:05.536[Status]{'coordinate': [571.8247107003718, 641.4186898397006], 'id': 7}
2019-09-05_01:23:05.536[Status]Routing 45: Walk: 44
2019-09-05_01:23:05.661[Battery Energy]57.39
2019-09-05_01:23:05.661[Status]Routing Start.
2019-09-05_01:23:05.956[Status]{'coordinate': [581.820726852653, 641.7009327906029], 'id': 7}
2019-09-05_01:23:05.956[Status]Routing 46: Walk: 45
2019-09-05_01:23:06.062[Battery Energy]57.11
2019-09-05_01:23:06.062[Status]Routing Start.
2019-09-05_01:23:06.395[Status]{'coordinate': [591.8167430049342, 641.9831757415052], 'id': 7}
2019-09-05_01:23:06.396[Status]Routing 47: Walk: 46
2019-09-05_01:23:06.500[Battery Energy]56.76
2019-09-05_01:23:06.500[Status]Routing Start.
2019-09-05_01:23:06.678[Status]{'coordinate': [601.8127591572154, 642.2654186924075], 'id': 7}
2019-09-05_01:23:06.679[Status]Routing 48: Walk: 47
2019-09-05_01:23:06.780[Battery Energy]56.51
2019-09-05_01:23:06.780[Status]Routing Start.
2019-09-05_01:23:06.957[Status]{'coordinate': [611.8087753094966, 642.5476616433098], 'id': 7}
2019-09-05_01:23:06.957[Status]Routing 49: Walk: 48
2019-09-05_01:23:07.068[Battery Energy]56.31
2019-09-05_01:23:07.068[Status]Routing Start.
2019-09-05_01:23:07.319[Status]{'coordinate': [621.8047914617778, 642.829904594212], 'id': 7}
2019-09-05_01:23:07.319[Status]Routing 50: Walk: 49
2019-09-05_01:23:07.419[Battery Energy]56.01
2019-09-05_01:23:07.420[Status]Routing Start.
2019-09-05_01:23:07.695[Status]{'coordinate': [631.800807614059, 643.1121475451143], 'id': 7}
2019-09-05_01:23:07.698[Status]Routing 51: Walk: 50
2019-09-05_01:23:07.822[Battery Energy]55.76
2019-09-05_01:23:07.822[Status]Routing Start.
2019-09-05_01:23:08.022[Status]{'coordinate': [641.7968237663401, 643.3943904960166], 'id': 7}
2019-09-05_01:23:08.022[Status]Routing 52: Walk: 51
2019-09-05_01:23:08.136[Battery Energy]55.56
2019-09-05_01:23:08.136[Status]Routing Start.
2019-09-05_01:23:08.401[Status]{'coordinate': [651.7928399186213, 643.6766334469189], 'id': 7}
2019-09-05_01:23:08.401[Status]Routing 53: Walk: 52
2019-09-05_01:23:08.502[Battery Energy]55.33
2019-09-05_01:23:08.502[Status]Routing Start.
2019-09-05_01:23:08.717[Status]{'coordinate': [661.7888560709025, 643.9588763978212], 'id': 7}
2019-09-05_01:23:08.717[Status]Routing 54: Walk: 53
2019-09-05_01:23:08.827[Battery Energy]55.10
2019-09-05_01:23:08.827[Status]Routing Start.
2019-09-05_01:23:09.021[Status]{'coordinate': [671.7848722231837, 644.2411193487235], 'id': 7}
2019-09-05_01:23:09.025[Status]Routing 55: Walk: 54
2019-09-05_01:23:09.125[Battery Energy]54.86
2019-09-05_01:23:09.126[Status]Routing Start.
2019-09-05_01:23:09.395[Status]{'coordinate': [681.7808883754649, 644.5233622996258], 'id': 7}
2019-09-05_01:23:09.395[Status]Routing 56: Walk: 55
2019-09-05_01:23:09.497[Battery Energy]54.56
2019-09-05_01:23:09.497[Status]Routing Start.
2019-09-05_01:23:09.859[Status]{'coordinate': [691.7769045277461, 644.8056052505281], 'id': 7}
2019-09-05_01:23:09.859[Status]Routing 57: Walk: 56
2019-09-05_01:23:09.979[Battery Energy]54.27
2019-09-05_01:23:09.979[Status]Routing Start.
2019-09-05_01:23:10.136[Status]{'coordinate': [701.7729206800273, 645.0878482014303], 'id': 7}
2019-09-05_01:23:10.136[Status]Routing 58: Walk: 57
2019-09-05_01:23:10.249[Battery Energy]54.05
2019-09-05_01:23:10.249[Status]Routing Start.
2019-09-05_01:23:10.443[Status]{'coordinate': [711.7689368323084, 645.3700911523326], 'id': 7}
2019-09-05_01:23:10.443[Status]Routing 59: Walk: 58
2019-09-05_01:23:10.548[Battery Energy]53.82
2019-09-05_01:23:10.548[Status]Routing Start.
2019-09-05_01:23:10.790[Status]{'coordinate': [721.7649529845896, 645.6523341032349], 'id': 7}
2019-09-05_01:23:10.790[Status]Routing 60: Walk: 59
2019-09-05_01:23:10.890[Battery Energy]53.59
2019-09-05_01:23:10.890[Status]Routing Start.
2019-09-05_01:23:11.129[Status]{'coordinate': [731.7609691368708, 645.9345770541372], 'id': 7}
2019-09-05_01:23:11.129[Status]Routing 61: Walk: 60
2019-09-05_01:23:11.239[Battery Energy]53.34
2019-09-05_01:23:11.239[Status]Routing Start.
2019-09-05_01:23:11.419[Status]{'coordinate': [741.756985289152, 646.2168200050395], 'id': 7}
2019-09-05_01:23:11.422[Status]Routing 62: Walk: 61
2019-09-05_01:23:11.544[Battery Energy]53.11
2019-09-05_01:23:11.545[Status]Routing Start.
2019-09-05_01:23:11.786[Status]{'coordinate': [751.7530014414332, 646.4990629559418], 'id': 7}
2019-09-05_01:23:11.788[Status]Routing 63: Walk: 62
2019-09-05_01:23:11.892[Battery Energy]52.86
2019-09-05_01:23:11.892[Status]Routing Start.
2019-09-05_01:23:12.127[Status]{'coordinate': [761.7490175937144, 646.7813059068441], 'id': 7}
2019-09-05_01:23:12.127[Status]Routing 64: Walk: 63
2019-09-05_01:23:12.236[Battery Energy]52.56
2019-09-05_01:23:12.236[Status]Routing Start.
2019-09-05_01:23:12.551[Status]{'coordinate': [771.7450337459956, 647.0635488577464], 'id': 7}
2019-09-05_01:23:12.551[Status]Routing 65: Walk: 64
2019-09-05_01:23:12.652[Battery Energy]52.30
2019-09-05_01:23:12.652[Status]Routing Start.
2019-09-05_01:23:12.813[Status]{'coordinate': [781.7410498982767, 647.3457918086486], 'id': 7}
2019-09-05_01:23:12.813[Status]Routing 66: Walk: 65
2019-09-05_01:23:12.920[Battery Energy]52.07
2019-09-05_01:23:12.920[Status]Routing Start.
2019-09-05_01:23:13.333[Status]{'coordinate': [791.7370660505579, 647.6280347595509], 'id': 7}
2019-09-05_01:23:13.333[Status]Routing 67: Walk: 66
2019-09-05_01:23:13.434[Battery Energy]51.67
2019-09-05_01:23:13.434[Status]Routing Start.
2019-09-05_01:23:13.683[Status]{'coordinate': [801.7330822028391, 647.9102777104532], 'id': 7}
2019-09-05_01:23:13.683[Status]Routing 68: Walk: 67
2019-09-05_01:23:13.784[Battery Energy]51.44
2019-09-05_01:23:13.784[Status]Routing Start.
2019-09-05_01:23:14.205[Status]{'coordinate': [811.7290983551203, 648.1925206613554], 'id': 7}
2019-09-05_01:23:14.205[Status]Routing 69: Walk: 68
2019-09-05_01:23:14.312[Battery Energy]51.09
2019-09-05_01:23:14.312[Status]Routing Start.
2019-09-05_01:23:14.641[Status]{'coordinate': [821.7251145074015, 648.4747636122577], 'id': 7}
2019-09-05_01:23:14.642[Status]Routing 70: Walk: 69
2019-09-05_01:23:14.742[Battery Energy]50.79
2019-09-05_01:23:14.742[Status]Routing Start.
2019-09-05_01:23:15.080[Status]{'coordinate': [831.7211306596827, 648.7570065631598], 'id': 7}
2019-09-05_01:23:15.080[Status]Routing 71: Walk: 70
2019-09-05_01:23:15.206[Battery Energy]50.45
2019-09-05_01:23:15.206[Status]Routing Start.
2019-09-05_01:23:15.390[Status]{'coordinate': [841.7171468119639, 649.0392495140621], 'id': 7}
2019-09-05_01:23:15.390[Status]Routing 72: Walk: 71
2019-09-05_01:23:15.496[Battery Energy]50.21
2019-09-05_01:23:15.496[Status]Routing Start.
2019-09-05_01:23:15.683[Status]{'coordinate': [851.713162964245, 649.3214924649643], 'id': 7}
2019-09-05_01:23:15.683[Status]Routing 73: Walk: 72
2019-09-05_01:23:15.792[Battery Energy]49.99
2019-09-05_01:23:15.792[Status]Routing Start.
2019-09-05_01:23:15.976[Status]{'coordinate': [861.7091791165262, 649.6037354158666], 'id': 7}
2019-09-05_01:23:15.976[Status]Routing 74: Walk: 73
2019-09-05_01:23:16.081[Battery Energy]49.75
2019-09-05_01:23:16.081[Status]Routing Start.
2019-09-05_01:23:16.369[Status]{'coordinate': [871.7051952688074, 649.8859783667688], 'id': 7}
2019-09-05_01:23:16.369[Status]Routing 75: Walk: 74
2019-09-05_01:23:16.479[Battery Energy]49.46
2019-09-05_01:23:16.479[Status]Routing Start.
2019-09-05_01:23:16.632[Status]{'coordinate': [881.7012114210886, 650.168221317671], 'id': 7}
2019-09-05_01:23:16.632[Status]Routing 76: Walk: 75
2019-09-05_01:23:16.732[Battery Energy]49.25
2019-09-05_01:23:16.732[Status]Routing Start.
2019-09-05_01:23:16.992[Status]{'coordinate': [891.6972275733698, 650.4504642685732], 'id': 7}
2019-09-05_01:23:16.992[Status]Routing 77: Walk: 76
2019-09-05_01:23:17.163[Battery Energy]48.97
2019-09-05_01:23:17.166[Status]Routing Start.
2019-09-05_01:23:17.307[Status]{'coordinate': [901.693243725651, 650.7327072194755], 'id': 7}
2019-09-05_01:23:17.307[Status]Routing 78: Walk: 77
2019-09-05_01:23:17.416[Battery Energy]48.78
2019-09-05_01:23:17.416[Status]Routing Start.
2019-09-05_01:23:17.649[Status]{'coordinate': [911.6892598779322, 651.0149501703777], 'id': 7}
2019-09-05_01:23:17.649[Status]Routing 79: Walk: 78
2019-09-05_01:23:17.755[Battery Energy]48.54
2019-09-05_01:23:17.755[Status]Routing Start.
2019-09-05_01:23:17.938[Status]{'coordinate': [921.6852760302133, 651.29719312128], 'id': 7}
2019-09-05_01:23:17.939[Status]Routing 80: Walk: 79
2019-09-05_01:23:18.039[Battery Energy]48.36
2019-09-05_01:23:18.039[Status]Routing Start.
2019-09-05_01:23:18.222[Status]{'coordinate': [931.6812921824945, 651.5794360721821], 'id': 7}
2019-09-05_01:23:18.223[Status]Routing 81: Walk: 80
2019-09-05_01:23:18.323[Battery Energy]48.17
2019-09-05_01:23:18.323[Status]Routing Start.
2019-09-05_01:23:18.545[Status]{'coordinate': [941.6773083347757, 651.8616790230844], 'id': 7}
2019-09-05_01:23:18.545[Status]Routing 82: Walk: 81
2019-09-05_01:23:18.647[Battery Energy]47.93
2019-09-05_01:23:18.647[Status]Routing Start.
2019-09-05_01:23:18.906[Status]{'coordinate': [951.6733244870569, 652.1439219739866], 'id': 7}
2019-09-05_01:23:18.906[Status]Routing 83: Walk: 82
2019-09-05_01:23:19.006[Battery Energy]47.68
2019-09-05_01:23:19.006[Status]Routing Start.
2019-09-05_01:23:19.355[Status]{'coordinate': [961.6693406393381, 652.4261649248889], 'id': 7}
2019-09-05_01:23:19.355[Status]Routing 84: Walk: 83
2019-09-05_01:23:19.456[Battery Energy]47.35
2019-09-05_01:23:19.456[Status]Routing Start.
2019-09-05_01:23:19.641[Status]{'coordinate': [971.6653567916193, 652.7084078757911], 'id': 7}
2019-09-05_01:23:19.641[Status]Routing 85: Walk: 84
2019-09-05_01:23:19.741[Battery Energy]47.12
2019-09-05_01:23:19.741[Status]Routing Start.
2019-09-05_01:23:19.950[Status]{'coordinate': [981.6613729439005, 652.9906508266934], 'id': 7}
2019-09-05_01:23:19.951[Status]Routing 86: Walk: 85
2019-09-05_01:23:20.060[Battery Energy]46.87
2019-09-05_01:23:20.060[Status]Routing Start.
2019-09-05_01:23:20.263[Status]{'coordinate': [991.6573890961816, 653.2728937775955], 'id': 7}
2019-09-05_01:23:20.264[Status]Routing 87: Walk: 86
2019-09-05_01:23:20.376[Battery Energy]46.66
2019-09-05_01:23:20.376[Status]Routing Start.
2019-09-05_01:23:20.539[Status]{'coordinate': [1001.6534052484628, 653.5551367284978], 'id': 7}
2019-09-05_01:23:20.539[Status]Routing 88: Walk: 87
2019-09-05_01:23:20.644[Battery Energy]46.44
2019-09-05_01:23:20.644[Status]Routing Start.
2019-09-05_01:23:20.949[Status]{'coordinate': [1011.649421400744, 653.8373796794], 'id': 7}
2019-09-05_01:23:20.949[Status]Routing 89: Walk: 88
2019-09-05_01:23:21.056[Battery Energy]46.08
2019-09-05_01:23:21.056[Status]Routing Start.
2019-09-05_01:23:21.345[Status]{'coordinate': [1021.6454375530252, 654.1196226303023], 'id': 7}
2019-09-05_01:23:21.345[Status]Routing 90: Walk: 89
2019-09-05_01:23:21.454[Battery Energy]45.78
2019-09-05_01:23:21.454[Status]Routing Start.
2019-09-05_01:23:21.752[Status]{'coordinate': [1031.6414537053063, 654.4018655812044], 'id': 7}
2019-09-05_01:23:21.752[Status]Routing 91: Walk: 90
2019-09-05_01:23:21.856[Battery Energy]45.49
2019-09-05_01:23:21.856[Status]Routing Start.
2019-09-05_01:23:22.171[Status]{'coordinate': [1041.6374698575873, 654.6841085321067], 'id': 7}
2019-09-05_01:23:22.171[Status]Routing 92: Walk: 91
2019-09-05_01:23:22.276[Battery Energy]45.17
2019-09-05_01:23:22.276[Status]Routing Start.
2019-09-05_01:23:22.549[Status]{'coordinate': [1051.6334860098684, 654.9663514830089], 'id': 7}
2019-09-05_01:23:22.549[Status]Routing 93: Walk: 92
2019-09-05_01:23:22.652[Battery Energy]44.91
2019-09-05_01:23:22.652[Status]Routing Start.
2019-09-05_01:23:22.982[Status]{'coordinate': [1061.6295021621495, 655.2485944339112], 'id': 7}
2019-09-05_01:23:22.982[Status]Routing 94: Walk: 93
2019-09-05_01:23:23.082[Battery Energy]44.59
2019-09-05_01:23:23.082[Status]Routing Start.
2019-09-05_01:23:23.382[Status]{'coordinate': [1071.6255183144306, 655.5308373848134], 'id': 7}
2019-09-05_01:23:23.382[Status]Routing 95: Walk: 94
2019-09-05_01:23:23.482[Battery Energy]44.30
2019-09-05_01:23:23.482[Status]Routing Start.
2019-09-05_01:23:23.715[Status]{'coordinate': [1081.6215344667116, 655.8130803357157], 'id': 7}
2019-09-05_01:23:23.715[Status]Routing 96: Walk: 95
2019-09-05_01:23:23.824[Battery Energy]44.07
2019-09-05_01:23:23.824[Status]Routing Start.
2019-09-05_01:23:24.102[Status]{'coordinate': [1091.6175506189927, 656.0953232866178], 'id': 7}
2019-09-05_01:23:24.102[Status]Routing 97: Walk: 96
2019-09-05_01:23:24.202[Battery Energy]43.76
2019-09-05_01:23:24.203[Status]Routing Start.
2019-09-05_01:23:24.514[Status]{'coordinate': [1101.6135667712738, 656.3775662375201], 'id': 7}
2019-09-05_01:23:24.514[Status]Routing 98: Walk: 97
2019-09-05_01:23:24.614[Battery Energy]43.46
2019-09-05_01:23:24.614[Status]Routing Start.
2019-09-05_01:23:24.615[Status]Task Finished.
2019-09-05_01:23:24.715[Battery Energy]43.46
2019-09-05_01:23:24.876[Status]Routing 100: Walk: 97
2019-09-05_01:23:24.976[Battery Energy]43.36
2019-09-05_01:23:25.292[Status]Routing 101: Walk: 97
2019-09-05_01:23:25.400[Battery Energy]43.15
2019-09-05_01:23:25.824[Status]Routing 102: Walk: 97
2019-09-05_01:23:25.924[Battery Energy]42.89
2019-09-05_01:23:26.259[Status]Routing 103: Walk: 97
2019-09-05_01:23:26.364[Battery Energy]42.69
2019-09-05_01:23:26.766[Status]Routing 104: Walk: 97
2019-09-05_01:23:26.870[Battery Energy]42.43
2019-09-05_01:23:27.113[Status]Routing 105: Walk: 97
2019-09-05_01:23:27.213[Battery Energy]42.24
2019-09-05_01:23:27.528[Status]Routing 106: Walk: 97
2019-09-05_01:23:27.629[Battery Energy]42.10
2019-09-05_01:23:27.984[Status]Routing 107: Walk: 97
2019-09-05_01:23:28.100[Battery Energy]41.91
2019-09-05_01:23:28.367[Status]Routing 108: Walk: 97
2019-09-05_01:23:28.472[Battery Energy]41.75
2019-09-05_01:23:28.795[Status]Routing 109: Walk: 97
2019-09-05_01:23:28.900[Battery Energy]41.53
2019-09-05_01:23:29.252[Status]Routing 110: Walk: 97
2019-09-05_01:23:29.364[Battery Energy]41.32
2019-09-05_01:23:29.692[Status]Routing 111: Walk: 97
2019-09-05_01:23:29.808[Battery Energy]41.12
2019-09-05_01:23:30.117[Status]Routing 112: Walk: 97
2019-09-05_01:23:30.220[Battery Energy]40.91
2019-09-05_01:23:30.608[Status]Routing 113: Walk: 97
2019-09-05_01:23:30.708[Battery Energy]40.69
2019-09-05_01:23:31.033[Status]Routing 114: Walk: 97
2019-09-05_01:23:31.152[Battery Energy]40.50
2019-09-05_01:23:31.476[Status]Routing 115: Walk: 97
2019-09-05_01:23:31.592[Battery Energy]40.30
2019-09-05_01:23:31.984[Status]Routing 116: Walk: 97
2019-09-05_01:23:32.085[Battery Energy]40.10
2019-09-05_01:23:32.396[Status]Routing 117: Walk: 97
2019-09-05_01:23:32.544[Battery Energy]39.94
2019-09-05_01:23:32.724[Status]Routing 118: Walk: 97
2019-09-05_01:23:32.827[Battery Energy]39.78
2019-09-05_01:23:33.163[Status]Routing 119: Walk: 97
2019-09-05_01:23:33.272[Battery Energy]39.58
2019-09-05_01:23:33.508[Status]Routing 120: Walk: 97
2019-09-05_01:23:33.608[Battery Energy]39.44
2019-09-05_01:23:33.957[Status]Routing 121: Walk: 97
2019-09-05_01:23:34.057[Battery Energy]39.18
2019-09-05_01:23:34.305[Status]Routing 122: Walk: 97
2019-09-05_01:23:34.416[Battery Energy]38.96
2019-09-05_01:23:34.605[Status]Routing 123: Walk: 97
2019-09-05_01:23:34.724[Battery Energy]38.84
2019-09-05_01:23:35.096[Status]Routing 124: Walk: 97
2019-09-05_01:23:35.204[Battery Energy]38.64
2019-09-05_01:23:35.601[Status]Routing 125: Walk: 97
2019-09-05_01:23:35.701[Battery Energy]38.45
2019-09-05_01:23:36.013[Status]Routing 126: Walk: 97
2019-09-05_01:23:36.117[Battery Energy]38.22
2019-09-05_01:23:36.435[Status]Routing 127: Walk: 97
2019-09-05_01:23:36.544[Battery Energy]38.03
2019-09-05_01:23:36.872[Status]Routing 128: Walk: 97
2019-09-05_01:23:36.973[Battery Energy]37.82
2019-09-05_01:23:37.251[Status]Routing 129: Walk: 97
2019-09-05_01:23:37.361[Battery Energy]37.63
2019-09-05_01:23:37.720[Status]Routing 130: Walk: 97
2019-09-05_01:23:37.828[Battery Energy]37.39
2019-09-05_01:23:38.034[Status]Routing 131: Walk: 97
2019-09-05_01:23:38.152[Battery Energy]37.24
2019-09-05_01:23:38.481[Status]Routing 132: Walk: 97
2019-09-05_01:23:38.588[Battery Energy]37.00
2019-09-05_01:23:38.919[Status]Routing 133: Walk: 97
2019-09-05_01:23:39.032[Battery Energy]36.76
2019-09-05_01:23:39.385[Status]Routing 134: Walk: 97
2019-09-05_01:23:39.496[Battery Energy]36.58
2019-09-05_01:23:39.889[Status]Routing 135: Walk: 97
2019-09-05_01:23:40.008[Battery Energy]36.30
2019-09-05_01:23:40.138[Status]Routing 136: Walk: 97
2019-09-05_01:23:40.238[Battery Energy]36.17
2019-09-05_01:23:40.451[Status]Routing 137: Walk: 97
2019-09-05_01:23:40.551[Battery Energy]36.05
2019-09-05_01:23:40.863[Status]Routing 138: Walk: 97
2019-09-05_01:23:40.968[Battery Energy]35.86
2019-09-05_01:23:41.317[Status]Routing 139: Walk: 97
2019-09-05_01:23:41.417[Battery Energy]35.67
2019-09-05_01:23:41.573[Status]Routing 140: Walk: 97
2019-09-05_01:23:41.680[Battery Energy]35.57
2019-09-05_01:23:42.034[Status]Routing 141: Walk: 97
2019-09-05_01:23:42.140[Battery Energy]35.34
2019-09-05_01:23:42.610[Status]Routing 142: Walk: 97
2019-09-05_01:23:42.712[Battery Energy]35.04
2019-09-05_01:23:42.985[Status]Routing 143: Walk: 97
2019-09-05_01:23:43.096[Battery Energy]34.87
2019-09-05_01:23:43.293[Status]Routing 144: Walk: 97
2019-09-05_01:23:43.394[Battery Energy]34.72
2019-09-05_01:23:43.594[Status]Routing 145: Walk: 97
2019-09-05_01:23:43.694[Battery Energy]34.60
2019-09-05_01:23:43.970[Status]Routing 146: Walk: 97
2019-09-05_01:23:44.070[Battery Energy]34.44
2019-09-05_01:23:44.443[Status]Routing 147: Walk: 97
2019-09-05_01:23:44.543[Battery Energy]34.25
2019-09-05_01:23:44.766[Status]Routing 148: Walk: 97
2019-09-05_01:23:44.879[Battery Energy]34.13
2019-09-05_01:23:45.097[Status]Routing 149: Walk: 97
2019-09-05_01:23:45.212[Battery Energy]33.98
2019-09-05_01:23:45.417[Status]Routing 150: Walk: 97
2019-09-05_01:23:45.528[Battery Energy]33.88
2019-09-05_01:23:45.702[Status]Routing 151: Walk: 97
2019-09-05_01:23:45.804[Battery Energy]33.77
2019-09-05_01:23:46.002[Status]Routing 152: Walk: 97
2019-09-05_01:23:46.104[Battery Energy]33.62
2019-09-05_01:23:46.382[Status]Routing 153: Walk: 97
2019-09-05_01:23:46.484[Battery Energy]33.42
2019-09-05_01:23:46.683[Status]Routing 154: Walk: 97
2019-09-05_01:23:46.798[Battery Energy]33.29
2019-09-05_01:23:47.043[Status]Routing 155: Walk: 97
2019-09-05_01:23:47.144[Battery Energy]33.13
2019-09-05_01:23:47.355[Status]Routing 156: Walk: 97
2019-09-05_01:23:47.467[Battery Energy]33.00
2019-09-05_01:23:47.647[Status]Routing 157: Walk: 97
2019-09-05_01:23:47.764[Battery Energy]32.87
2019-09-05_01:23:47.938[Status]Routing 158: Walk: 97
2019-09-05_01:23:48.048[Battery Energy]32.78
2019-09-05_01:23:48.279[Status]Routing 159: Walk: 97
2019-09-05_01:23:48.444[Battery Energy]32.66
2019-09-05_01:23:48.578[Status]Routing 160: Walk: 97
2019-09-05_01:23:48.687[Battery Energy]32.56
2019-09-05_01:23:48.842[Status]Routing 161: Walk: 97
2019-09-05_01:23:48.956[Battery Energy]32.47
2019-09-05_01:23:49.115[Status]Routing 162: Walk: 97
2019-09-05_01:23:49.215[Battery Energy]32.38
2019-09-05_01:23:49.404[Status]Routing 163: Walk: 97
2019-09-05_01:23:49.547[Battery Energy]32.27
2019-09-05_01:23:49.700[Status]Routing 164: Walk: 97
2019-09-05_01:23:49.808[Battery Energy]32.16
2019-09-05_01:23:49.988[Status]Routing 165: Walk: 97
2019-09-05_01:23:50.088[Battery Energy]32.04
2019-09-05_01:23:50.270[Status]Routing 166: Walk: 97
2019-09-05_01:23:50.384[Battery Energy]31.92
