2019-09-05_11:07:09.037[Status]Start.
2019-09-05_11:07:09.038[Battery Energy]123.00
2019-09-05_11:07:10.140[Battery Energy]122.96
2019-09-05_11:07:11.241[Battery Energy]122.92
2019-09-05_11:07:12.342[Battery Energy]122.88
2019-09-05_11:07:13.443[Battery Energy]122.84
2019-09-05_11:07:14.544[Task]A New Task Released.
2019-09-05_11:07:14.544[Battery Energy]122.80
2019-09-05_11:07:14.544[Status]Selection Start.
2019-09-05_11:07:17.082[Status]Selection End: Do Task 1.
2019-09-05_11:07:17.183[Battery Energy]121.16
2019-09-05_11:07:17.183[Status]Formation Start.
2019-09-05_11:07:17.431[Status]Formation End: To Position 3.
2019-09-05_11:07:17.531[Battery Energy]120.95
2019-09-05_11:07:17.531[Status]Routing Start.
2019-09-05_11:07:17.699[Status]{'coordinate': [65.98196104062995, 680.600378033697], 'id': 8}
2019-09-05_11:07:17.701[Status]Routing 1: Walk: 1
2019-09-05_11:07:17.801[Battery Energy]120.71
2019-09-05_11:07:17.801[Status]Routing Start.
2019-09-05_11:07:18.045[Status]{'coordinate': [75.96392208125991, 681.200756067394], 'id': 8}
2019-09-05_11:07:18.045[Status]Routing 2: Walk: 2
2019-09-05_11:07:18.145[Battery Energy]120.43
2019-09-05_11:07:18.145[Status]Routing Start.
2019-09-05_11:07:18.361[Status]{'coordinate': [85.94588312188986, 681.801134101091], 'id': 8}
2019-09-05_11:07:18.362[Status]Routing 3: Walk: 3
2019-09-05_11:07:18.481[Battery Energy]120.17
2019-09-05_11:07:18.481[Status]Routing Start.
2019-09-05_11:07:18.669[Status]{'coordinate': [95.92784416251982, 682.4015121347879], 'id': 8}
2019-09-05_11:07:18.669[Status]Routing 4: Walk: 4
2019-09-05_11:07:18.778[Battery Energy]119.94
2019-09-05_11:07:18.778[Status]Routing Start.
2019-09-05_11:07:18.967[Status]{'coordinate': [105.90980520314977, 683.0018901684849], 'id': 8}
2019-09-05_11:07:18.967[Status]Routing 5: Walk: 5
2019-09-05_11:07:19.081[Battery Energy]119.70
2019-09-05_11:07:19.081[Status]Routing Start.
2019-09-05_11:07:19.321[Status]{'coordinate': [115.89176624377973, 683.6022682021819], 'id': 8}
2019-09-05_11:07:19.321[Status]Routing 6: Walk: 6
2019-09-05_11:07:19.426[Battery Energy]119.43
2019-09-05_11:07:19.426[Status]Routing Start.
2019-09-05_11:07:19.745[Status]{'coordinate': [125.87372728440968, 684.2026462358789], 'id': 8}
2019-09-05_11:07:19.745[Status]Routing 7: Walk: 7
2019-09-05_11:07:19.853[Battery Energy]119.12
2019-09-05_11:07:19.853[Status]Routing Start.
2019-09-05_11:07:20.194[Status]{'coordinate': [135.85568832503964, 684.8030242695759], 'id': 8}
2019-09-05_11:07:20.197[Status]Routing 8: Walk: 8
2019-09-05_11:07:20.301[Battery Energy]118.81
2019-09-05_11:07:20.301[Status]Routing Start.
2019-09-05_11:07:20.699[Status]{'coordinate': [145.8376493656696, 685.4034023032729], 'id': 8}
2019-09-05_11:07:20.700[Status]Routing 9: Walk: 9
2019-09-05_11:07:20.809[Battery Energy]118.47
2019-09-05_11:07:20.809[Status]Routing Start.
2019-09-05_11:07:21.250[Status]{'coordinate': [155.81961040629955, 686.0037803369698], 'id': 8}
2019-09-05_11:07:21.271[Status]Routing 10: Walk: 10
2019-09-05_11:07:21.371[Battery Energy]118.14
2019-09-05_11:07:21.371[Status]Routing Start.
2019-09-05_11:07:21.793[Status]{'coordinate': [165.8015714469295, 686.6041583706668], 'id': 8}
2019-09-05_11:07:21.793[Status]Routing 11: Walk: 11
2019-09-05_11:07:21.894[Battery Energy]117.76
2019-09-05_11:07:21.894[Status]Routing Start.
2019-09-05_11:07:22.372[Status]{'coordinate': [175.78353248755946, 687.2045364043638], 'id': 8}
2019-09-05_11:07:22.373[Status]Routing 12: Walk: 12
2019-09-05_11:07:22.481[Battery Energy]117.35
2019-09-05_11:07:22.481[Status]Routing Start.
2019-09-05_11:07:22.968[Status]{'coordinate': [185.7654935281894, 687.8049144380608], 'id': 8}
2019-09-05_11:07:22.968[Status]Routing 13: Walk: 13
2019-09-05_11:07:23.068[Battery Energy]116.90
2019-09-05_11:07:23.069[Status]Routing Start.
2019-09-05_11:07:23.563[Status]{'coordinate': [195.74745456881936, 688.4052924717578], 'id': 8}
2019-09-05_11:07:23.563[Status]Routing 14: Walk: 14
2019-09-05_11:07:23.665[Battery Energy]116.45
2019-09-05_11:07:23.665[Status]Routing Start.
2019-09-05_11:07:24.097[Status]{'coordinate': [205.72941560944932, 689.0056705054548], 'id': 8}
2019-09-05_11:07:24.097[Status]Routing 15: Walk: 15
2019-09-05_11:07:24.198[Battery Energy]116.08
2019-09-05_11:07:24.198[Status]Routing Start.
2019-09-05_11:07:24.686[Status]{'coordinate': [215.71137665007927, 689.6060485391517], 'id': 8}
2019-09-05_11:07:24.686[Status]Routing 16: Walk: 16
2019-09-05_11:07:24.793[Battery Energy]115.69
2019-09-05_11:07:24.793[Status]Routing Start.
2019-09-05_11:07:25.225[Status]{'coordinate': [225.69333769070923, 690.2064265728487], 'id': 8}
2019-09-05_11:07:25.226[Status]Routing 17: Walk: 17
2019-09-05_11:07:25.326[Battery Energy]115.33
2019-09-05_11:07:25.326[Status]Routing Start.
2019-09-05_11:07:25.693[Status]{'coordinate': [235.67529873133918, 690.8068046065457], 'id': 8}
2019-09-05_11:07:25.693[Status]Routing 18: Walk: 18
2019-09-05_11:07:25.801[Battery Energy]114.98
2019-09-05_11:07:25.801[Status]Routing Start.
2019-09-05_11:07:26.187[Status]{'coordinate': [245.65725977196914, 691.4071826402427], 'id': 8}
2019-09-05_11:07:26.187[Status]Routing 19: Walk: 19
2019-09-05_11:07:26.289[Battery Energy]114.61
2019-09-05_11:07:26.289[Status]Routing Start.
2019-09-05_11:07:26.862[Status]{'coordinate': [248.6858895187284, 700.9375237599007], 'id': 8}
2019-09-05_11:07:26.862[Status]Routing 20: Walk: 20
2019-09-05_11:07:26.962[Battery Energy]114.12
2019-09-05_11:07:26.963[Status]Routing Start.
2019-09-05_11:07:27.112[Status]{'coordinate': [258.67376325914944, 701.4298429098512], 'id': 8}
2019-09-05_11:07:27.112[Status]Routing 21: Walk: 21
2019-09-05_11:07:27.213[Battery Energy]113.92
2019-09-05_11:07:27.213[Status]Routing Start.
2019-09-05_11:07:27.552[Status]{'coordinate': [268.6616369995705, 701.9221620598017], 'id': 8}
2019-09-05_11:07:27.552[Status]Routing 22: Walk: 22
2019-09-05_11:07:27.652[Battery Energy]113.63
2019-09-05_11:07:27.652[Status]Routing Start.
2019-09-05_11:07:28.007[Status]{'coordinate': [278.6495107399915, 702.4144812097522], 'id': 8}
2019-09-05_11:07:28.007[Status]Routing 23: Walk: 23
2019-09-05_11:07:28.117[Battery Energy]113.32
2019-09-05_11:07:28.117[Status]Routing Start.
2019-09-05_11:07:28.325[Status]{'coordinate': [288.63738448041255, 702.9068003597027], 'id': 8}
2019-09-05_11:07:28.325[Status]Routing 24: Walk: 24
2019-09-05_11:07:28.433[Battery Energy]113.07
2019-09-05_11:07:28.433[Status]Routing Start.
2019-09-05_11:07:28.696[Status]{'coordinate': [298.6252582208336, 703.3991195096532], 'id': 8}
2019-09-05_11:07:28.696[Status]Routing 25: Walk: 25
2019-09-05_11:07:28.796[Battery Energy]112.79
2019-09-05_11:07:28.796[Status]Routing Start.
2019-09-05_11:07:29.152[Status]{'coordinate': [308.6131319612546, 703.8914386596038], 'id': 8}
2019-09-05_11:07:29.153[Status]Routing 26: Walk: 26
2019-09-05_11:07:29.265[Battery Energy]112.47
2019-09-05_11:07:29.265[Status]Routing Start.
2019-09-05_11:07:29.651[Status]{'coordinate': [318.60100570167566, 704.3837578095543], 'id': 8}
2019-09-05_11:07:29.651[Status]Routing 27: Walk: 27
2019-09-05_11:07:29.753[Battery Energy]112.12
2019-09-05_11:07:29.753[Status]Routing Start.
2019-09-05_11:07:30.129[Status]{'coordinate': [328.5888794420967, 704.8760769595048], 'id': 8}
2019-09-05_11:07:30.129[Status]Routing 28: Walk: 28
2019-09-05_11:07:30.229[Battery Energy]111.78
2019-09-05_11:07:30.229[Status]Routing Start.
2019-09-05_11:07:30.612[Status]{'coordinate': [338.57675318251773, 705.3683961094553], 'id': 8}
2019-09-05_11:07:30.612[Status]Routing 29: Walk: 29
2019-09-05_11:07:30.733[Battery Energy]111.45
2019-09-05_11:07:30.733[Status]Routing Start.
2019-09-05_11:07:31.082[Status]{'coordinate': [348.56462692293877, 705.8607152594058], 'id': 8}
2019-09-05_11:07:31.082[Status]Routing 30: Walk: 30
2019-09-05_11:07:31.197[Battery Energy]111.13
2019-09-05_11:07:31.197[Status]Routing Start.
2019-09-05_11:07:31.373[Status]{'coordinate': [358.5525006633598, 706.3530344093563], 'id': 8}
2019-09-05_11:07:31.373[Status]Routing 31: Walk: 31
2019-09-05_11:07:31.488[Battery Energy]110.88
2019-09-05_11:07:31.489[Status]Routing Start.
2019-09-05_11:07:31.758[Status]{'coordinate': [368.54037440378085, 706.8453535593068], 'id': 8}
2019-09-05_11:07:31.758[Status]Routing 32: Walk: 32
2019-09-05_11:07:31.865[Battery Energy]110.58
2019-09-05_11:07:31.865[Status]Routing Start.
2019-09-05_11:07:32.182[Status]{'coordinate': [378.5282481442019, 707.3376727092573], 'id': 8}
2019-09-05_11:07:32.182[Status]Routing 33: Walk: 33
2019-09-05_11:07:32.288[Battery Energy]110.31
2019-09-05_11:07:32.288[Status]Routing Start.
2019-09-05_11:07:32.464[Status]{'coordinate': [388.5161218846229, 707.8299918592078], 'id': 8}
2019-09-05_11:07:32.464[Status]Routing 34: Walk: 34
2019-09-05_11:07:32.565[Battery Energy]110.09
2019-09-05_11:07:32.565[Status]Routing Start.
2019-09-05_11:07:33.012[Status]{'coordinate': [398.50399562504396, 708.3223110091583], 'id': 8}
2019-09-05_11:07:33.012[Status]Routing 35: Walk: 35
2019-09-05_11:07:33.121[Battery Energy]109.65
2019-09-05_11:07:33.121[Status]Routing Start.
2019-09-05_11:07:33.487[Status]{'coordinate': [408.491869365465, 708.8146301591088], 'id': 8}
2019-09-05_11:07:33.487[Status]Routing 36: Walk: 36
2019-09-05_11:07:33.589[Battery Energy]109.30
2019-09-05_11:07:33.589[Status]Routing Start.
2019-09-05_11:07:33.973[Status]{'coordinate': [418.47974310588603, 709.3069493090593], 'id': 8}
2019-09-05_11:07:33.973[Status]Routing 37: Walk: 37
2019-09-05_11:07:34.073[Battery Energy]109.01
2019-09-05_11:07:34.073[Status]Routing Start.
2019-09-05_11:07:34.492[Status]{'coordinate': [428.46761684630707, 709.7992684590098], 'id': 8}
2019-09-05_11:07:34.492[Status]Routing 38: Walk: 38
2019-09-05_11:07:34.597[Battery Energy]108.64
2019-09-05_11:07:34.597[Status]Routing Start.
2019-09-05_11:07:34.951[Status]{'coordinate': [438.4554905867281, 710.2915876089603], 'id': 8}
2019-09-05_11:07:34.951[Status]Routing 39: Walk: 39
2019-09-05_11:07:35.051[Battery Energy]108.35
2019-09-05_11:07:35.051[Status]Routing Start.
2019-09-05_11:07:35.361[Status]{'coordinate': [448.44336432714914, 710.7839067589107], 'id': 8}
2019-09-05_11:07:35.361[Status]Routing 40: Walk: 40
2019-09-05_11:07:35.461[Battery Energy]108.04
2019-09-05_11:07:35.461[Status]Routing Start.
2019-09-05_11:07:35.855[Status]{'coordinate': [458.4312380675702, 711.2762259088611], 'id': 8}
2019-09-05_11:07:35.855[Status]Routing 41: Walk: 41
2019-09-05_11:07:35.955[Battery Energy]107.70
2019-09-05_11:07:35.956[Status]Routing Start.
2019-09-05_11:07:36.351[Status]{'coordinate': [468.4191118079912, 711.7685450588116], 'id': 8}
2019-09-05_11:07:36.351[Status]Routing 42: Walk: 42
2019-09-05_11:07:36.457[Battery Energy]107.38
2019-09-05_11:07:36.457[Status]Routing Start.
2019-09-05_11:07:36.808[Status]{'coordinate': [478.40698554841225, 712.2608642087621], 'id': 8}
2019-09-05_11:07:36.808[Status]Routing 43: Walk: 43
2019-09-05_11:07:36.909[Battery Energy]107.05
2019-09-05_11:07:36.909[Status]Routing Start.
2019-09-05_11:07:37.276[Status]{'coordinate': [488.3948592888333, 712.7531833587125], 'id': 8}
2019-09-05_11:07:37.276[Status]Routing 44: Walk: 44
2019-09-05_11:07:37.389[Battery Energy]106.69
2019-09-05_11:07:37.389[Status]Routing Start.
2019-09-05_11:07:37.764[Status]{'coordinate': [498.3827330292543, 713.2455025086629], 'id': 8}
2019-09-05_11:07:37.764[Status]Routing 45: Walk: 45
2019-09-05_11:07:37.865[Battery Energy]106.34
2019-09-05_11:07:37.865[Status]Routing Start.
2019-09-05_11:07:38.186[Status]{'coordinate': [508.37060676967536, 713.7378216586134], 'id': 8}
2019-09-05_11:07:38.186[Status]Routing 46: Walk: 46
2019-09-05_11:07:38.301[Battery Energy]106.05
2019-09-05_11:07:38.301[Status]Routing Start.
2019-09-05_11:07:38.444[Status]{'coordinate': [518.3584805100963, 714.2301408085639], 'id': 8}
2019-09-05_11:07:38.444[Status]Routing 47: Walk: 47
2019-09-05_11:07:38.549[Battery Energy]105.84
2019-09-05_11:07:38.549[Status]Routing Start.
2019-09-05_11:07:38.782[Status]{'coordinate': [528.3463542505174, 714.7224599585143], 'id': 8}
2019-09-05_11:07:38.782[Status]Routing 48: Walk: 48
2019-09-05_11:07:38.897[Battery Energy]105.60
2019-09-05_11:07:38.897[Status]Routing Start.
2019-09-05_11:07:39.220[Status]{'coordinate': [538.3342279909384, 715.2147791084647], 'id': 8}
2019-09-05_11:07:39.220[Status]Routing 49: Walk: 49
2019-09-05_11:07:39.329[Battery Energy]105.27
2019-09-05_11:07:39.329[Status]Routing Start.
2019-09-05_11:07:39.537[Status]{'coordinate': [548.3221017313595, 715.7070982584152], 'id': 8}
2019-09-05_11:07:39.537[Status]Routing 50: Walk: 50
2019-09-05_11:07:39.641[Battery Energy]105.02
2019-09-05_11:07:39.641[Status]Routing Start.
2019-09-05_11:07:40.069[Status]{'coordinate': [558.3099754717805, 716.1994174083657], 'id': 8}
2019-09-05_11:07:40.070[Status]Routing 51: Walk: 51
2019-09-05_11:07:40.177[Battery Energy]104.69
2019-09-05_11:07:40.177[Status]Routing Start.
2019-09-05_11:07:40.524[Status]{'coordinate': [568.2978492122015, 716.691736558316], 'id': 8}
2019-09-05_11:07:40.524[Status]Routing 52: Walk: 52
2019-09-05_11:07:40.624[Battery Energy]104.36
2019-09-05_11:07:40.624[Status]Routing Start.
2019-09-05_11:07:40.964[Status]{'coordinate': [578.2857229526226, 717.1840557082664], 'id': 8}
2019-09-05_11:07:40.964[Status]Routing 53: Walk: 53
2019-09-05_11:07:41.064[Battery Energy]104.03
2019-09-05_11:07:41.064[Status]Routing Start.
2019-09-05_11:07:41.515[Status]{'coordinate': [588.2735966930436, 717.676374858217], 'id': 8}
2019-09-05_11:07:41.515[Status]Routing 54: Walk: 54
2019-09-05_11:07:41.625[Battery Energy]103.72
2019-09-05_11:07:41.625[Status]Routing Start.
2019-09-05_11:07:41.795[Status]{'coordinate': [598.2614704334646, 718.1686940081674], 'id': 8}
2019-09-05_11:07:41.795[Status]Routing 55: Walk: 55
2019-09-05_11:07:41.895[Battery Energy]103.50
2019-09-05_11:07:41.895[Status]Routing Start.
2019-09-05_11:07:42.249[Status]{'coordinate': [608.2493441738857, 718.6610131581178], 'id': 8}
2019-09-05_11:07:42.249[Status]Routing 56: Walk: 56
2019-09-05_11:07:42.349[Battery Energy]103.17
2019-09-05_11:07:42.349[Status]Routing Start.
2019-09-05_11:07:42.696[Status]{'coordinate': [618.2372179143067, 719.1533323080682], 'id': 8}
2019-09-05_11:07:42.696[Status]Routing 57: Walk: 57
2019-09-05_11:07:42.797[Battery Energy]102.79
2019-09-05_11:07:42.797[Status]Routing Start.
2019-09-05_11:07:43.287[Status]{'coordinate': [628.2250916547277, 719.6456514580187], 'id': 8}
2019-09-05_11:07:43.288[Status]Routing 58: Walk: 58
2019-09-05_11:07:43.389[Battery Energy]102.41
2019-09-05_11:07:43.389[Status]Routing Start.
2019-09-05_11:07:43.705[Status]{'coordinate': [638.2129653951488, 720.1379706079692], 'id': 8}
2019-09-05_11:07:43.705[Status]Routing 59: Walk: 59
2019-09-05_11:07:43.821[Battery Energy]102.06
2019-09-05_11:07:43.821[Status]Routing Start.
2019-09-05_11:07:44.163[Status]{'coordinate': [648.2008391355698, 720.6302897579196], 'id': 8}
2019-09-05_11:07:44.163[Status]Routing 60: Walk: 60
2019-09-05_11:07:44.293[Battery Energy]101.75
2019-09-05_11:07:44.293[Status]Routing Start.
2019-09-05_11:07:44.553[Status]{'coordinate': [658.1887128759909, 721.12260890787], 'id': 8}
2019-09-05_11:07:44.555[Status]Routing 61: Walk: 61
2019-09-05_11:07:44.665[Battery Energy]101.51
2019-09-05_11:07:44.665[Status]Routing Start.
2019-09-05_11:07:45.040[Status]{'coordinate': [668.1765866164119, 721.6149280578205], 'id': 8}
2019-09-05_11:07:45.041[Status]Routing 62: Walk: 62
2019-09-05_11:07:45.145[Battery Energy]101.19
2019-09-05_11:07:45.145[Status]Routing Start.
2019-09-05_11:07:45.537[Status]{'coordinate': [678.1644603568329, 722.107247207771], 'id': 8}
2019-09-05_11:07:45.537[Status]Routing 63: Walk: 63
2019-09-05_11:07:45.639[Battery Energy]100.88
2019-09-05_11:07:45.639[Status]Routing Start.
2019-09-05_11:07:45.958[Status]{'coordinate': [688.152334097254, 722.5995663577214], 'id': 8}
2019-09-05_11:07:45.959[Status]Routing 64: Walk: 64
2019-09-05_11:07:46.073[Battery Energy]100.57
2019-09-05_11:07:46.073[Status]Routing Start.
2019-09-05_11:07:46.444[Status]{'coordinate': [698.140207837675, 723.0918855076718], 'id': 8}
2019-09-05_11:07:46.444[Status]Routing 65: Walk: 65
2019-09-05_11:07:46.544[Battery Energy]100.24
2019-09-05_11:07:46.544[Status]Routing Start.
2019-09-05_11:07:46.900[Status]{'coordinate': [708.128081578096, 723.5842046576223], 'id': 8}
2019-09-05_11:07:46.900[Status]Routing 66: Walk: 66
2019-09-05_11:07:47.000[Battery Energy]99.96
2019-09-05_11:07:47.000[Status]Routing Start.
2019-09-05_11:07:47.363[Status]{'coordinate': [718.1159553185171, 724.0765238075728], 'id': 8}
2019-09-05_11:07:47.363[Status]Routing 67: Walk: 67
2019-09-05_11:07:47.463[Battery Energy]99.60
2019-09-05_11:07:47.463[Status]Routing Start.
2019-09-05_11:07:47.755[Status]{'coordinate': [728.1038290589381, 724.5688429575232], 'id': 8}
2019-09-05_11:07:47.756[Status]Routing 68: Walk: 68
2019-09-05_11:07:47.864[Battery Energy]99.30
2019-09-05_11:07:47.864[Status]Routing Start.
2019-09-05_11:07:48.070[Status]{'coordinate': [738.0917027993592, 725.0611621074737], 'id': 8}
2019-09-05_11:07:48.070[Status]Routing 69: Walk: 69
2019-09-05_11:07:48.181[Battery Energy]99.07
2019-09-05_11:07:48.181[Status]Routing Start.
2019-09-05_11:07:48.519[Status]{'coordinate': [748.0795765397802, 725.5534812574241], 'id': 8}
2019-09-05_11:07:48.519[Status]Routing 70: Walk: 70
2019-09-05_11:07:48.621[Battery Energy]98.76
2019-09-05_11:07:48.621[Status]Routing Start.
2019-09-05_11:07:49.008[Status]{'coordinate': [758.0674502802012, 726.0458004073746], 'id': 8}
2019-09-05_11:07:49.008[Status]Routing 71: Walk: 71
2019-09-05_11:07:49.108[Battery Energy]98.42
2019-09-05_11:07:49.108[Status]Routing Start.
2019-09-05_11:07:49.459[Status]{'coordinate': [768.0553240206223, 726.538119557325], 'id': 8}
2019-09-05_11:07:49.459[Status]Routing 72: Walk: 72
2019-09-05_11:07:49.559[Battery Energy]98.11
2019-09-05_11:07:49.559[Status]Routing Start.
2019-09-05_11:07:49.958[Status]{'coordinate': [778.0431977610433, 727.0304387072755], 'id': 8}
2019-09-05_11:07:49.958[Status]Routing 73: Walk: 73
2019-09-05_11:07:50.065[Battery Energy]97.78
2019-09-05_11:07:50.065[Status]Routing Start.
2019-09-05_11:07:50.367[Status]{'coordinate': [788.0310715014643, 727.5227578572259], 'id': 8}
2019-09-05_11:07:50.367[Status]Routing 74: Walk: 74
2019-09-05_11:07:50.486[Battery Energy]97.50
2019-09-05_11:07:50.486[Status]Routing Start.
2019-09-05_11:07:50.646[Status]{'coordinate': [798.0189452418854, 728.0150770071764], 'id': 8}
2019-09-05_11:07:50.646[Status]Routing 75: Walk: 75
2019-09-05_11:07:50.753[Battery Energy]97.28
2019-09-05_11:07:50.753[Status]Routing Start.
2019-09-05_11:07:51.001[Status]{'coordinate': [808.0068189823064, 728.5073961571268], 'id': 8}
2019-09-05_11:07:51.001[Status]Routing 76: Walk: 76
2019-09-05_11:07:51.109[Battery Energy]97.06
2019-09-05_11:07:51.109[Status]Routing Start.
2019-09-05_11:07:51.401[Status]{'coordinate': [817.9946927227275, 728.9997153070773], 'id': 8}
2019-09-05_11:07:51.402[Status]Routing 77: Walk: 77
2019-09-05_11:07:51.502[Battery Energy]96.84
2019-09-05_11:07:51.502[Status]Routing Start.
2019-09-05_11:07:51.726[Status]{'coordinate': [827.9825664631485, 729.4920344570277], 'id': 8}
2019-09-05_11:07:51.726[Status]Routing 78: Walk: 78
2019-09-05_11:07:51.827[Battery Energy]96.63
2019-09-05_11:07:51.827[Status]Routing Start.
2019-09-05_11:07:52.052[Status]{'coordinate': [837.9704402035695, 729.9843536069782], 'id': 8}
2019-09-05_11:07:52.052[Status]Routing 79: Walk: 79
2019-09-05_11:07:52.152[Battery Energy]96.40
2019-09-05_11:07:52.152[Status]Routing Start.
2019-09-05_11:07:52.344[Status]{'coordinate': [847.9583139439906, 730.4766727569286], 'id': 8}
2019-09-05_11:07:52.344[Status]Routing 80: Walk: 80
2019-09-05_11:07:52.449[Battery Energy]96.17
2019-09-05_11:07:52.449[Status]Routing Start.
2019-09-05_11:07:52.639[Status]{'coordinate': [857.9461876844116, 730.9689919068791], 'id': 8}
2019-09-05_11:07:52.639[Status]Routing 81: Walk: 81
2019-09-05_11:07:52.745[Battery Energy]95.94
2019-09-05_11:07:52.745[Status]Routing Start.
2019-09-05_11:07:52.950[Status]{'coordinate': [867.9340614248326, 731.4613110568295], 'id': 8}
2019-09-05_11:07:52.950[Status]Routing 82: Walk: 82
2019-09-05_11:07:53.058[Battery Energy]95.69
2019-09-05_11:07:53.058[Status]Routing Start.
2019-09-05_11:07:53.242[Status]{'coordinate': [877.9219351652537, 731.95363020678], 'id': 8}
2019-09-05_11:07:53.242[Status]Routing 83: Walk: 83
2019-09-05_11:07:53.362[Battery Energy]95.46
2019-09-05_11:07:53.362[Status]Routing Start.
2019-09-05_11:07:53.506[Status]{'coordinate': [887.9098089056747, 732.4459493567304], 'id': 8}
2019-09-05_11:07:53.506[Status]Routing 84: Walk: 84
2019-09-05_11:07:53.606[Battery Energy]95.24
2019-09-05_11:07:53.606[Status]Routing Start.
2019-09-05_11:07:53.866[Status]{'coordinate': [897.8976826460957, 732.9382685066809], 'id': 8}
2019-09-05_11:07:53.866[Status]Routing 85: Walk: 85
2019-09-05_11:07:53.969[Battery Energy]94.99
2019-09-05_11:07:53.969[Status]Routing Start.
2019-09-05_11:07:54.256[Status]{'coordinate': [907.8855563865168, 733.4305876566312], 'id': 8}
2019-09-05_11:07:54.256[Status]Routing 86: Walk: 86
2019-09-05_11:07:54.365[Battery Energy]94.76
2019-09-05_11:07:54.365[Status]Routing Start.
2019-09-05_11:07:54.676[Status]{'coordinate': [917.8734301269378, 733.9229068065818], 'id': 8}
2019-09-05_11:07:54.676[Status]Routing 87: Walk: 87
2019-09-05_11:07:54.785[Battery Energy]94.46
2019-09-05_11:07:54.785[Status]Routing Start.
2019-09-05_11:07:54.991[Status]{'coordinate': [927.8613038673589, 734.4152259565321], 'id': 8}
2019-09-05_11:07:54.991[Status]Routing 88: Walk: 88
2019-09-05_11:07:55.105[Battery Energy]94.20
2019-09-05_11:07:55.105[Status]Routing Start.
2019-09-05_11:07:55.276[Status]{'coordinate': [937.8491776077799, 734.9075451064826], 'id': 8}
2019-09-05_11:07:55.279[Status]Routing 89: Walk: 89
2019-09-05_11:07:55.385[Battery Energy]93.97
2019-09-05_11:07:55.385[Status]Routing Start.
2019-09-05_11:07:55.597[Status]{'coordinate': [947.8370513482009, 735.399864256433], 'id': 8}
2019-09-05_11:07:55.597[Status]Routing 90: Walk: 90
2019-09-05_11:07:55.705[Battery Energy]93.74
2019-09-05_11:07:55.705[Status]Routing Start.
2019-09-05_11:07:55.959[Status]{'coordinate': [957.824925088622, 735.8921834063835], 'id': 8}
2019-09-05_11:07:55.959[Status]Routing 91: Walk: 91
2019-09-05_11:07:56.059[Battery Energy]93.51
2019-09-05_11:07:56.059[Status]Routing Start.
2019-09-05_11:07:56.306[Status]{'coordinate': [967.812798829043, 736.3845025563339], 'id': 8}
2019-09-05_11:07:56.306[Status]Routing 92: Walk: 92
2019-09-05_11:07:56.409[Battery Energy]93.30
2019-09-05_11:07:56.409[Status]Routing Start.
2019-09-05_11:07:56.725[Status]{'coordinate': [977.800672569464, 736.8768217062844], 'id': 8}
2019-09-05_11:07:56.725[Status]Routing 93: Walk: 93
2019-09-05_11:07:56.836[Battery Energy]92.97
2019-09-05_11:07:56.836[Status]Routing Start.
2019-09-05_11:07:56.989[Status]{'coordinate': [987.7885463098851, 737.3691408562348], 'id': 8}
2019-09-05_11:07:56.989[Status]Routing 94: Walk: 94
2019-09-05_11:07:57.093[Battery Energy]92.78
2019-09-05_11:07:57.093[Status]Routing Start.
2019-09-05_11:07:57.330[Status]{'coordinate': [997.7764200503061, 737.8614600061853], 'id': 8}
2019-09-05_11:07:57.331[Status]Routing 95: Walk: 95
2019-09-05_11:07:57.437[Battery Energy]92.55
2019-09-05_11:07:57.437[Status]Routing Start.
2019-09-05_11:07:57.800[Status]{'coordinate': [1007.7642937907272, 738.3537791561357], 'id': 8}
2019-09-05_11:07:57.800[Status]Routing 96: Walk: 96
2019-09-05_11:07:57.909[Battery Energy]92.23
2019-09-05_11:07:57.909[Status]Routing Start.
2019-09-05_11:07:58.304[Status]{'coordinate': [1017.7521675311482, 738.8460983060862], 'id': 8}
2019-09-05_11:07:58.304[Status]Routing 97: Walk: 97
2019-09-05_11:07:58.417[Battery Energy]91.92
2019-09-05_11:07:58.417[Status]Routing Start.
2019-09-05_11:07:58.732[Status]{'coordinate': [1027.7400412715692, 739.3384174560366], 'id': 8}
2019-09-05_11:07:58.732[Status]Routing 98: Walk: 98
2019-09-05_11:07:58.833[Battery Energy]91.63
2019-09-05_11:07:58.833[Status]Routing Start.
2019-09-05_11:07:59.163[Status]{'coordinate': [1037.7279150119903, 739.8307366059871], 'id': 8}
2019-09-05_11:07:59.163[Status]Routing 99: Walk: 99
2019-09-05_11:07:59.273[Battery Energy]91.30
2019-09-05_11:07:59.273[Status]Routing Start.
2019-09-05_11:07:59.499[Status]{'coordinate': [1047.7157887524113, 740.3230557559375], 'id': 8}
2019-09-05_11:07:59.499[Status]Routing 100: Walk: 100
2019-09-05_11:07:59.613[Battery Energy]91.08
2019-09-05_11:07:59.613[Status]Routing Start.
2019-09-05_11:07:59.950[Status]{'coordinate': [1057.7036624928323, 740.815374905888], 'id': 8}
2019-09-05_11:07:59.950[Status]Routing 101: Walk: 101
2019-09-05_11:08:00.050[Battery Energy]90.82
2019-09-05_11:08:00.050[Status]Routing Start.
2019-09-05_11:08:00.336[Status]{'coordinate': [1067.6915362332534, 741.3076940558384], 'id': 8}
2019-09-05_11:08:00.336[Status]Routing 102: Walk: 102
2019-09-05_11:08:00.436[Battery Energy]90.57
2019-09-05_11:08:00.436[Status]Routing Start.
2019-09-05_11:08:00.919[Status]{'coordinate': [1077.6794099736744, 741.8000132057889], 'id': 8}
2019-09-05_11:08:00.919[Status]Routing 103: Walk: 103
2019-09-05_11:08:01.020[Battery Energy]90.19
2019-09-05_11:08:01.020[Status]Routing Start.
2019-09-05_11:08:01.277[Status]{'coordinate': [1087.6672837140954, 742.2923323557393], 'id': 8}
2019-09-05_11:08:01.277[Status]Routing 104: Walk: 104
2019-09-05_11:08:01.389[Battery Energy]89.94
2019-09-05_11:08:01.389[Status]Routing Start.
2019-09-05_11:08:01.696[Status]{'coordinate': [1097.6551574545165, 742.7846515056898], 'id': 8}
2019-09-05_11:08:01.701[Status]Routing 105: Walk: 105
2019-09-05_11:08:01.801[Battery Energy]89.62
2019-09-05_11:08:01.801[Status]Routing Start.
2019-09-05_11:08:02.151[Status]{'coordinate': [1107.6430311949375, 743.2769706556402], 'id': 8}
2019-09-05_11:08:02.151[Status]Routing 106: Walk: 106
2019-09-05_11:08:02.251[Battery Energy]89.28
2019-09-05_11:08:02.251[Status]Routing Start.
2019-09-05_11:08:02.251[Status]Task Finished.
2019-09-05_11:08:02.352[Battery Energy]89.28
2019-09-05_11:08:02.579[Status]Routing 108: Walk: 106
2019-09-05_11:08:02.681[Battery Energy]89.16
2019-09-05_11:08:02.858[Status]Routing 109: Walk: 106
2019-09-05_11:08:02.977[Battery Energy]89.02
2019-09-05_11:08:03.392[Status]Routing 110: Walk: 106
2019-09-05_11:08:03.497[Battery Energy]88.76
2019-09-05_11:08:03.767[Status]Routing 111: Walk: 106
2019-09-05_11:08:03.867[Battery Energy]88.57
2019-09-05_11:08:04.211[Status]Routing 112: Walk: 106
2019-09-05_11:08:04.317[Battery Energy]88.32
2019-09-05_11:08:04.702[Status]Routing 113: Walk: 106
2019-09-05_11:08:04.813[Battery Energy]88.09
2019-09-05_11:08:05.067[Status]Routing 114: Walk: 106
2019-09-05_11:08:05.177[Battery Energy]87.92
2019-09-05_11:08:05.408[Status]Routing 115: Walk: 106
2019-09-05_11:08:05.517[Battery Energy]87.83
2019-09-05_11:08:05.794[Status]Routing 116: Walk: 106
2019-09-05_11:08:05.899[Battery Energy]87.64
2019-09-05_11:08:06.093[Status]Routing 117: Walk: 106
2019-09-05_11:08:06.221[Battery Energy]87.52
2019-09-05_11:08:06.638[Status]Routing 118: Walk: 106
2019-09-05_11:08:06.738[Battery Energy]87.29
2019-09-05_11:08:06.979[Status]Routing 119: Walk: 106
2019-09-05_11:08:07.093[Battery Energy]87.13
2019-09-05_11:08:07.548[Status]Routing 120: Walk: 106
2019-09-05_11:08:07.684[Battery Energy]86.80
2019-09-05_11:08:07.883[Status]Routing 121: Walk: 106
2019-09-05_11:08:08.009[Battery Energy]86.66
2019-09-05_11:08:08.378[Status]Routing 122: Walk: 106
2019-09-05_11:08:08.493[Battery Energy]86.43
2019-09-05_11:08:08.833[Status]Routing 123: Walk: 106
2019-09-05_11:08:08.953[Battery Energy]86.23
2019-09-05_11:08:09.150[Status]Routing 124: Walk: 106
2019-09-05_11:08:09.261[Battery Energy]86.11
2019-09-05_11:08:09.565[Status]Routing 125: Walk: 106
2019-09-05_11:08:09.669[Battery Energy]85.96
2019-09-05_11:08:09.991[Status]Routing 126: Walk: 106
2019-09-05_11:08:10.109[Battery Energy]85.73
2019-09-05_11:08:10.387[Status]Routing 127: Walk: 106
2019-09-05_11:08:10.490[Battery Energy]85.56
2019-09-05_11:08:10.825[Status]Routing 128: Walk: 106
2019-09-05_11:08:10.925[Battery Energy]85.33
2019-09-05_11:08:11.318[Status]Routing 129: Walk: 106
2019-09-05_11:08:11.418[Battery Energy]85.08
2019-09-05_11:08:11.688[Status]Routing 130: Walk: 106
2019-09-05_11:08:11.801[Battery Energy]84.90
2019-09-05_11:08:12.113[Status]Routing 131: Walk: 106
2019-09-05_11:08:12.237[Battery Energy]84.74
2019-09-05_11:08:12.582[Status]Routing 132: Walk: 106
2019-09-05_11:08:12.689[Battery Energy]84.56
2019-09-05_11:08:13.054[Status]Routing 133: Walk: 106
2019-09-05_11:08:13.169[Battery Energy]84.36
2019-09-05_11:08:13.344[Status]Routing 134: Walk: 106
2019-09-05_11:08:13.449[Battery Energy]84.22
2019-09-05_11:08:13.793[Status]Routing 135: Walk: 106
2019-09-05_11:08:13.928[Battery Energy]84.02
2019-09-05_11:08:14.213[Status]Routing 136: Walk: 106
2019-09-05_11:08:14.313[Battery Energy]83.87
2019-09-05_11:08:14.647[Status]Routing 137: Walk: 106
2019-09-05_11:08:14.747[Battery Energy]83.65
2019-09-05_11:08:15.094[Status]Routing 138: Walk: 106
2019-09-05_11:08:15.195[Battery Energy]83.43
2019-09-05_11:08:15.360[Status]Routing 139: Walk: 106
2019-09-05_11:08:15.469[Battery Energy]83.32
2019-09-05_11:08:15.666[Status]Routing 140: Walk: 106
2019-09-05_11:08:15.782[Battery Energy]83.20
2019-09-05_11:08:16.043[Status]Routing 141: Walk: 106
2019-09-05_11:08:16.183[Battery Energy]83.03
2019-09-05_11:08:16.441[Status]Routing 142: Walk: 106
2019-09-05_11:08:16.542[Battery Energy]82.87
2019-09-05_11:08:16.788[Status]Routing 143: Walk: 106
2019-09-05_11:08:16.893[Battery Energy]82.72
2019-09-05_11:08:17.098[Status]Routing 144: Walk: 106
2019-09-05_11:08:17.209[Battery Energy]82.59
2019-09-05_11:08:17.362[Status]Routing 145: Walk: 106
2019-09-05_11:08:17.469[Battery Energy]82.49
2019-09-05_11:08:17.754[Status]Routing 146: Walk: 106
2019-09-05_11:08:17.865[Battery Energy]82.34
2019-09-05_11:08:18.071[Status]Routing 147: Walk: 106
2019-09-05_11:08:18.173[Battery Energy]82.22
2019-09-05_11:08:18.456[Status]Routing 148: Walk: 106
2019-09-05_11:08:18.557[Battery Energy]82.06
2019-09-05_11:08:18.783[Status]Routing 149: Walk: 106
2019-09-05_11:08:18.884[Battery Energy]81.91
2019-09-05_11:08:19.051[Status]Routing 150: Walk: 106
2019-09-05_11:08:19.165[Battery Energy]81.81
2019-09-05_11:08:19.363[Status]Routing 151: Walk: 106
2019-09-05_11:08:19.465[Battery Energy]81.71
2019-09-05_11:08:19.676[Status]Routing 152: Walk: 106
2019-09-05_11:08:19.785[Battery Energy]81.58
2019-09-05_11:08:19.966[Status]Routing 153: Walk: 106
2019-09-05_11:08:20.118[Battery Energy]81.45
2019-09-05_11:08:20.329[Status]Routing 154: Walk: 106
2019-09-05_11:08:20.429[Battery Energy]81.30
2019-09-05_11:08:20.758[Status]Routing 155: Walk: 106
2019-09-05_11:08:20.859[Battery Energy]81.08
2019-09-05_11:08:21.059[Status]Routing 156: Walk: 106
2019-09-05_11:08:21.159[Battery Energy]80.96
2019-09-05_11:08:21.400[Status]Routing 157: Walk: 106
2019-09-05_11:08:21.501[Battery Energy]80.79
2019-09-05_11:08:21.760[Status]Routing 158: Walk: 106
2019-09-05_11:08:21.873[Battery Energy]80.64
2019-09-05_11:08:22.142[Status]Routing 159: Walk: 106
2019-09-05_11:08:22.257[Battery Energy]80.48
2019-09-05_11:08:22.545[Status]Routing 160: Walk: 106
2019-09-05_11:08:22.645[Battery Energy]80.32
2019-09-05_11:08:22.864[Status]Routing 161: Walk: 106
2019-09-05_11:08:22.967[Battery Energy]80.18
2019-09-05_11:08:23.178[Status]Routing 162: Walk: 106
2019-09-05_11:08:23.278[Battery Energy]80.04
2019-09-05_11:08:23.505[Status]Routing 163: Walk: 106
2019-09-05_11:08:23.613[Battery Energy]79.89
2019-09-05_11:08:23.839[Status]Routing 164: Walk: 106
2019-09-05_11:08:23.940[Battery Energy]79.71
2019-09-05_11:08:24.147[Status]Routing 165: Walk: 106
2019-09-05_11:08:24.247[Battery Energy]79.60
2019-09-05_11:08:24.505[Status]Routing 166: Walk: 106
2019-09-05_11:08:24.625[Battery Energy]79.42
2019-09-05_11:08:24.814[Status]Routing 167: Walk: 106
2019-09-05_11:08:24.914[Battery Energy]79.30
2019-09-05_11:08:25.275[Status]Routing 168: Walk: 106
2019-09-05_11:08:25.378[Battery Energy]79.07
2019-09-05_11:08:25.571[Status]Routing 169: Walk: 106
2019-09-05_11:08:25.689[Battery Energy]78.95
2019-09-05_11:08:25.923[Status]Routing 170: Walk: 106
2019-09-05_11:08:26.024[Battery Energy]78.82
2019-09-05_11:08:26.288[Status]Routing 171: Walk: 106
2019-09-05_11:08:26.397[Battery Energy]78.70
