2019-09-05_00:42:05.947[Status]Start.
2019-09-05_00:42:05.947[Battery Energy]112.00
2019-09-05_00:42:07.049[Battery Energy]111.96
2019-09-05_00:42:08.150[Battery Energy]111.92
2019-09-05_00:42:09.251[Battery Energy]111.88
2019-09-05_00:42:10.352[Battery Energy]111.84
2019-09-05_00:42:11.454[Task]A New Task Released.
2019-09-05_00:42:11.454[Battery Energy]111.80
2019-09-05_00:42:11.454[Status]Selection Start.
2019-09-05_00:42:13.746[Status]Selection End: Do Task 1.
2019-09-05_00:42:13.848[Battery Energy]110.21
2019-09-05_00:42:13.848[Status]Formation Start.
2019-09-05_00:42:14.043[Status]Formation End: To Position 5.
2019-09-05_00:42:14.143[Battery Energy]110.10
2019-09-05_00:42:14.143[Status]Routing Start.
2019-09-05_00:42:14.413[Status]{'id': 10, 'coordinate': [127.79580310008896, 387.0105326717782]}
2019-09-05_00:42:14.413[Status]Routing 1: Walk: 1
2019-09-05_00:42:14.514[Battery Energy]109.84
2019-09-05_00:42:14.514[Status]Routing Start.
2019-09-05_00:42:14.729[Status]{'id': 10, 'coordinate': [137.59160620017792, 389.0210653435564]}
2019-09-05_00:42:14.729[Status]Routing 2: Walk: 2
2019-09-05_00:42:14.830[Battery Energy]109.59
2019-09-05_00:42:14.830[Status]Routing Start.
2019-09-05_00:42:15.090[Status]{'id': 10, 'coordinate': [147.38740930026688, 391.0315980153346]}
2019-09-05_00:42:15.090[Status]Routing 3: Walk: 3
2019-09-05_00:42:15.196[Battery Energy]109.33
2019-09-05_00:42:15.196[Status]Routing Start.
2019-09-05_00:42:15.437[Status]{'id': 10, 'coordinate': [157.18321240035584, 393.04213068711283]}
2019-09-05_00:42:15.437[Status]Routing 4: Walk: 4
2019-09-05_00:42:15.537[Battery Energy]109.05
2019-09-05_00:42:15.537[Status]Routing Start.
2019-09-05_00:42:15.721[Status]{'id': 10, 'coordinate': [166.9790155004448, 395.05266335889104]}
2019-09-05_00:42:15.721[Status]Routing 5: Walk: 5
2019-09-05_00:42:15.832[Battery Energy]108.84
2019-09-05_00:42:15.832[Status]Routing Start.
2019-09-05_00:42:16.205[Status]{'id': 10, 'coordinate': [176.77481860053376, 397.06319603066925]}
2019-09-05_00:42:16.205[Status]Routing 6: Walk: 6
2019-09-05_00:42:16.316[Battery Energy]108.56
2019-09-05_00:42:16.316[Status]Routing Start.
2019-09-05_00:42:16.665[Status]{'id': 10, 'coordinate': [186.57062170062272, 399.07372870244745]}
2019-09-05_00:42:16.665[Status]Routing 7: Walk: 7
2019-09-05_00:42:16.765[Battery Energy]108.27
2019-09-05_00:42:16.765[Status]Routing Start.
2019-09-05_00:42:17.177[Status]{'id': 10, 'coordinate': [196.36642480071168, 401.08426137422566]}
2019-09-05_00:42:17.177[Status]Routing 8: Walk: 8
2019-09-05_00:42:17.280[Battery Energy]107.92
2019-09-05_00:42:17.280[Status]Routing Start.
2019-09-05_00:42:17.610[Status]{'id': 10, 'coordinate': [206.16222790080064, 403.09479404600387]}
2019-09-05_00:42:17.611[Status]Routing 9: Walk: 9
2019-09-05_00:42:17.711[Battery Energy]107.60
2019-09-05_00:42:17.711[Status]Routing Start.
2019-09-05_00:42:18.192[Status]{'id': 10, 'coordinate': [215.9580310008896, 405.1053267177821]}
2019-09-05_00:42:18.193[Status]Routing 10: Walk: 10
2019-09-05_00:42:18.297[Battery Energy]107.25
2019-09-05_00:42:18.297[Status]Routing Start.
2019-09-05_00:42:18.681[Status]{'id': 10, 'coordinate': [225.75383410097857, 407.1158593895603]}
2019-09-05_00:42:18.681[Status]Routing 11: Walk: 11
2019-09-05_00:42:18.782[Battery Energy]106.89
2019-09-05_00:42:18.782[Status]Routing Start.
2019-09-05_00:42:19.174[Status]{'id': 10, 'coordinate': [235.54963720106753, 409.1263920613385]}
2019-09-05_00:42:19.174[Status]Routing 12: Walk: 12
2019-09-05_00:42:19.274[Battery Energy]106.53
2019-09-05_00:42:19.274[Status]Routing Start.
2019-09-05_00:42:19.723[Status]{'id': 10, 'coordinate': [245.3454403011565, 411.1369247331167]}
2019-09-05_00:42:19.723[Status]Routing 13: Walk: 13
2019-09-05_00:42:19.824[Battery Energy]106.15
2019-09-05_00:42:19.824[Status]Routing Start.
2019-09-05_00:42:20.222[Status]{'id': 10, 'coordinate': [255.14124340124545, 413.1474574048949]}
2019-09-05_00:42:20.222[Status]Routing 14: Walk: 14
2019-09-05_00:42:20.340[Battery Energy]105.80
2019-09-05_00:42:20.340[Status]Routing Start.
2019-09-05_00:42:20.746[Status]{'id': 10, 'coordinate': [264.9370465013344, 415.1579900766731]}
2019-09-05_00:42:20.746[Status]Routing 15: Walk: 15
2019-09-05_00:42:20.852[Battery Energy]105.45
2019-09-05_00:42:20.852[Status]Routing Start.
2019-09-05_00:42:21.228[Status]{'id': 10, 'coordinate': [274.73284960142337, 417.1685227484513]}
2019-09-05_00:42:21.228[Status]Routing 16: Walk: 16
2019-09-05_00:42:21.333[Battery Energy]105.09
2019-09-05_00:42:21.333[Status]Routing Start.
2019-09-05_00:42:21.723[Status]{'id': 10, 'coordinate': [284.5286527015123, 419.17905542022953]}
2019-09-05_00:42:21.723[Status]Routing 17: Walk: 17
2019-09-05_00:42:21.828[Battery Energy]104.76
2019-09-05_00:42:21.828[Status]Routing Start.
2019-09-05_00:42:22.266[Status]{'id': 10, 'coordinate': [294.3244558016013, 421.18958809200774]}
2019-09-05_00:42:22.266[Status]Routing 18: Walk: 18
2019-09-05_00:42:22.366[Battery Energy]104.44
2019-09-05_00:42:22.366[Status]Routing Start.
2019-09-05_00:42:22.749[Status]{'id': 10, 'coordinate': [304.12025890169025, 423.20012076378595]}
2019-09-05_00:42:22.749[Status]Routing 19: Walk: 19
2019-09-05_00:42:22.850[Battery Energy]104.11
2019-09-05_00:42:22.850[Status]Routing Start.
2019-09-05_00:42:23.243[Status]{'id': 10, 'coordinate': [313.9160620017792, 425.21065343556415]}
2019-09-05_00:42:23.243[Status]Routing 20: Walk: 20
2019-09-05_00:42:23.352[Battery Energy]103.78
2019-09-05_00:42:23.352[Status]Routing Start.
2019-09-05_00:42:23.729[Status]{'id': 10, 'coordinate': [323.71186510186817, 427.22118610734236]}
2019-09-05_00:42:23.729[Status]Routing 21: Walk: 21
2019-09-05_00:42:23.830[Battery Energy]103.45
2019-09-05_00:42:23.830[Status]Routing Start.
2019-09-05_00:42:23.968[Status]{'id': 10, 'coordinate': [333.50766820195713, 429.23171877912057]}
2019-09-05_00:42:23.968[Status]Routing 22: Walk: 22
2019-09-05_00:42:24.068[Battery Energy]103.25
2019-09-05_00:42:24.068[Status]Routing Start.
2019-09-05_00:42:24.349[Status]{'id': 10, 'coordinate': [343.3034713020461, 431.2422514508988]}
2019-09-05_00:42:24.349[Status]Routing 23: Walk: 23
2019-09-05_00:42:24.449[Battery Energy]102.92
2019-09-05_00:42:24.449[Status]Routing Start.
2019-09-05_00:42:24.792[Status]{'id': 10, 'coordinate': [353.09927440213505, 433.252784122677]}
2019-09-05_00:42:24.797[Status]Routing 24: Walk: 24
2019-09-05_00:42:24.899[Battery Energy]102.52
2019-09-05_00:42:24.900[Status]Routing Start.
2019-09-05_00:42:25.274[Status]Routing 25: Walk: 24
2019-09-05_00:42:25.374[Battery Energy]102.19
2019-09-05_00:42:25.374[Status]Routing Start.
2019-09-05_00:42:25.805[Status]Routing 26: Walk: 24
2019-09-05_00:42:25.905[Battery Energy]101.85
2019-09-05_00:42:25.905[Status]Routing Start.
2019-09-05_00:42:26.295[Status]Routing 27: Walk: 24
2019-09-05_00:42:26.395[Battery Energy]101.52
2019-09-05_00:42:26.395[Status]Routing Start.
2019-09-05_00:42:26.779[Status]Routing 28: Walk: 24
2019-09-05_00:42:26.884[Battery Energy]101.24
2019-09-05_00:42:26.884[Status]Routing Start.
2019-09-05_00:42:27.267[Status]Routing 29: Walk: 24
2019-09-05_00:42:27.367[Battery Energy]100.91
2019-09-05_00:42:27.367[Status]Routing Start.
2019-09-05_00:42:27.710[Status]Routing 30: Walk: 24
2019-09-05_00:42:27.810[Battery Energy]100.59
2019-09-05_00:42:27.810[Status]Routing Start.
2019-09-05_00:42:28.149[Status]Routing 31: Walk: 24
2019-09-05_00:42:28.250[Battery Energy]100.29
2019-09-05_00:42:28.250[Status]Routing Start.
2019-09-05_00:42:28.629[Status]Routing 32: Walk: 24
2019-09-05_00:42:28.729[Battery Energy]99.87
2019-09-05_00:42:28.729[Status]Routing Start.
2019-09-05_00:42:29.065[Status]Routing 33: Walk: 24
2019-09-05_00:42:29.165[Battery Energy]99.51
2019-09-05_00:42:29.165[Status]Routing Start.
2019-09-05_00:42:29.527[Status]Routing 34: Walk: 24
2019-09-05_00:42:29.648[Battery Energy]99.21
2019-09-05_00:42:29.648[Status]Routing Start.
2019-09-05_00:42:29.989[Status]Routing 35: Walk: 24
2019-09-05_00:42:30.091[Battery Energy]98.86
2019-09-05_00:42:30.091[Status]Routing Start.
2019-09-05_00:42:30.404[Status]Routing 36: Walk: 24
2019-09-05_00:42:30.505[Battery Energy]98.54
2019-09-05_00:42:30.505[Status]Routing Start.
2019-09-05_00:42:30.803[Status]{'id': 10, 'coordinate': [362.895077502224, 435.2633167944552]}
2019-09-05_00:42:30.803[Status]Routing 37: Walk: 25
2019-09-05_00:42:30.903[Battery Energy]98.18
2019-09-05_00:42:30.903[Status]Routing Start.
2019-09-05_00:42:31.228[Status]Routing 38: Walk: 25
2019-09-05_00:42:31.328[Battery Energy]97.91
2019-09-05_00:42:31.328[Status]Routing Start.
2019-09-05_00:42:31.713[Status]Routing 39: Walk: 25
2019-09-05_00:42:31.830[Battery Energy]97.61
2019-09-05_00:42:31.830[Status]Routing Start.
2019-09-05_00:42:32.147[Status]{'id': 10, 'coordinate': [372.690880602313, 437.2738494662334]}
2019-09-05_00:42:32.147[Status]Routing 40: Walk: 26
2019-09-05_00:42:32.247[Battery Energy]97.22
2019-09-05_00:42:32.248[Status]Routing Start.
2019-09-05_00:42:32.625[Status]Routing 41: Walk: 26
2019-09-05_00:42:32.727[Battery Energy]96.90
2019-09-05_00:42:32.727[Status]Routing Start.
2019-09-05_00:42:33.143[Status]Routing 42: Walk: 26
2019-09-05_00:42:33.243[Battery Energy]96.56
2019-09-05_00:42:33.243[Status]Routing Start.
2019-09-05_00:42:33.588[Status]{'id': 10, 'coordinate': [382.48668370240193, 439.2843821380116]}
2019-09-05_00:42:33.588[Status]Routing 43: Walk: 27
2019-09-05_00:42:33.688[Battery Energy]96.17
2019-09-05_00:42:33.689[Status]Routing Start.
2019-09-05_00:42:33.926[Status]{'id': 10, 'coordinate': [392.2824868024909, 441.2949148097898]}
2019-09-05_00:42:33.926[Status]Routing 44: Walk: 28
2019-09-05_00:42:34.026[Battery Energy]95.94
2019-09-05_00:42:34.026[Status]Routing Start.
2019-09-05_00:42:34.606[Status]Routing 45: Walk: 28
2019-09-05_00:42:34.708[Battery Energy]95.51
2019-09-05_00:42:34.708[Status]Routing Start.
2019-09-05_00:42:35.087[Status]Routing 46: Walk: 28
2019-09-05_00:42:35.187[Battery Energy]95.19
2019-09-05_00:42:35.187[Status]Routing Start.
2019-09-05_00:42:35.497[Status]Routing 47: Walk: 28
2019-09-05_00:42:35.597[Battery Energy]94.91
2019-09-05_00:42:35.597[Status]Routing Start.
2019-09-05_00:42:36.012[Status]Routing 48: Walk: 28
2019-09-05_00:42:36.112[Battery Energy]94.53
2019-09-05_00:42:36.112[Status]Routing Start.
2019-09-05_00:42:36.463[Status]Routing 49: Walk: 28
2019-09-05_00:42:36.564[Battery Energy]94.22
2019-09-05_00:42:36.564[Status]Routing Start.
2019-09-05_00:42:36.911[Status]Routing 50: Walk: 28
2019-09-05_00:42:37.012[Battery Energy]93.89
2019-09-05_00:42:37.012[Status]Routing Start.
2019-09-05_00:42:37.394[Status]Routing 51: Walk: 28
2019-09-05_00:42:37.494[Battery Energy]93.54
2019-09-05_00:42:37.495[Status]Routing Start.
2019-09-05_00:42:37.875[Status]{'id': 10, 'coordinate': [402.07828990257985, 443.305447481568]}
2019-09-05_00:42:37.875[Status]Routing 52: Walk: 29
2019-09-05_00:42:37.976[Battery Energy]93.18
2019-09-05_00:42:37.976[Status]Routing Start.
2019-09-05_00:42:38.222[Status]{'id': 10, 'coordinate': [411.8740930026688, 445.31598015334623]}
2019-09-05_00:42:38.222[Status]Routing 53: Walk: 30
2019-09-05_00:42:38.360[Battery Energy]92.95
2019-09-05_00:42:38.360[Status]Routing Start.
2019-09-05_00:42:38.627[Status]{'id': 10, 'coordinate': [421.6698961027578, 447.32651282512444]}
2019-09-05_00:42:38.627[Status]Routing 54: Walk: 31
2019-09-05_00:42:38.727[Battery Energy]92.72
2019-09-05_00:42:38.727[Status]Routing Start.
2019-09-05_00:42:38.894[Status]{'id': 10, 'coordinate': [431.46569920284674, 449.33704549690265]}
2019-09-05_00:42:38.894[Status]Routing 55: Walk: 32
2019-09-05_00:42:38.994[Battery Energy]92.50
2019-09-05_00:42:38.994[Status]Routing Start.
2019-09-05_00:42:39.309[Status]{'id': 10, 'coordinate': [429.3410949596937, 459.1087422180446]}
2019-09-05_00:42:39.309[Status]Routing 56: Walk: 33
2019-09-05_00:42:39.410[Battery Energy]92.14
2019-09-05_00:42:39.410[Status]Routing Start.
2019-09-05_00:42:39.718[Status]{'id': 10, 'coordinate': [424.01605483064856, 467.57301700234]}
2019-09-05_00:42:39.718[Status]Routing 57: Walk: 34
2019-09-05_00:42:39.820[Battery Energy]91.80
2019-09-05_00:42:39.820[Status]Routing Start.
2019-09-05_00:42:40.005[Status]{'id': 10, 'coordinate': [433.8595630090806, 469.33521640681755]}
2019-09-05_00:42:40.005[Status]Routing 58: Walk: 35
2019-09-05_00:42:40.107[Battery Energy]91.60
2019-09-05_00:42:40.107[Status]Routing Start.
2019-09-05_00:42:40.432[Status]{'id': 10, 'coordinate': [443.70307118751265, 471.0974158112951]}
2019-09-05_00:42:40.433[Status]Routing 59: Walk: 36
2019-09-05_00:42:40.536[Battery Energy]91.32
2019-09-05_00:42:40.536[Status]Routing Start.
2019-09-05_00:42:40.879[Status]{'id': 10, 'coordinate': [453.5465793659447, 472.85961521577264]}
2019-09-05_00:42:40.879[Status]Routing 60: Walk: 37
2019-09-05_00:42:40.979[Battery Energy]91.00
2019-09-05_00:42:40.979[Status]Routing Start.
2019-09-05_00:42:41.325[Status]{'id': 10, 'coordinate': [463.39008754437674, 474.6218146202502]}
2019-09-05_00:42:41.325[Status]Routing 61: Walk: 38
2019-09-05_00:42:41.428[Battery Energy]90.71
2019-09-05_00:42:41.428[Status]Routing Start.
2019-09-05_00:42:41.757[Status]{'id': 10, 'coordinate': [473.2335957228088, 476.3840140247277]}
2019-09-05_00:42:41.757[Status]Routing 62: Walk: 39
2019-09-05_00:42:41.880[Battery Energy]90.41
2019-09-05_00:42:41.880[Status]Routing Start.
2019-09-05_00:42:42.200[Status]{'id': 10, 'coordinate': [483.07710390124083, 478.14621342920526]}
2019-09-05_00:42:42.200[Status]Routing 63: Walk: 40
2019-09-05_00:42:42.304[Battery Energy]90.13
2019-09-05_00:42:42.304[Status]Routing Start.
2019-09-05_00:42:42.756[Status]{'id': 10, 'coordinate': [492.9206120796729, 479.9084128336828]}
2019-09-05_00:42:42.756[Status]Routing 64: Walk: 41
2019-09-05_00:42:42.864[Battery Energy]89.77
2019-09-05_00:42:42.864[Status]Routing Start.
2019-09-05_00:42:43.217[Status]{'id': 10, 'coordinate': [490.5143541234874, 489.614592445059]}
2019-09-05_00:42:43.217[Status]Routing 65: Walk: 42
2019-09-05_00:42:43.317[Battery Energy]89.43
2019-09-05_00:42:43.317[Status]Routing Start.
2019-09-05_00:42:43.522[Status]{'id': 10, 'coordinate': [500.382099862064, 491.2355779597393]}
2019-09-05_00:42:43.522[Status]Routing 66: Walk: 43
2019-09-05_00:42:43.636[Battery Energy]89.15
2019-09-05_00:42:43.636[Status]Routing Start.
2019-09-05_00:42:43.956[Status]{'id': 10, 'coordinate': [510.24984560064064, 492.85656347441966]}
2019-09-05_00:42:43.956[Status]Routing 67: Walk: 44
2019-09-05_00:42:44.056[Battery Energy]88.89
2019-09-05_00:42:44.057[Status]Routing Start.
2019-09-05_00:42:44.390[Status]{'id': 10, 'coordinate': [512.5063352498307, 502.5986502356376]}
2019-09-05_00:42:44.390[Status]Routing 68: Walk: 45
2019-09-05_00:42:44.490[Battery Energy]88.49
2019-09-05_00:42:44.490[Status]Routing Start.
2019-09-05_00:42:44.625[Status]{'id': 10, 'coordinate': [522.395431863505, 504.0838331083561]}
2019-09-05_00:42:44.625[Status]Routing 69: Walk: 46
2019-09-05_00:42:44.730[Battery Energy]88.27
2019-09-05_00:42:44.730[Status]Routing Start.
2019-09-05_00:42:45.061[Status]{'id': 10, 'coordinate': [532.2845284771793, 505.5690159810746]}
2019-09-05_00:42:45.061[Status]Routing 70: Walk: 47
2019-09-05_00:42:45.161[Battery Energy]87.95
2019-09-05_00:42:45.161[Status]Routing Start.
2019-09-05_00:42:45.426[Status]{'id': 10, 'coordinate': [542.1736250908535, 507.0541988537931]}
2019-09-05_00:42:45.426[Status]Routing 71: Walk: 48
2019-09-05_00:42:45.532[Battery Energy]87.69
2019-09-05_00:42:45.532[Status]Routing Start.
2019-09-05_00:42:45.768[Status]{'id': 10, 'coordinate': [552.0627217045278, 508.5393817265116]}
2019-09-05_00:42:45.769[Status]Routing 72: Walk: 49
2019-09-05_00:42:45.888[Battery Energy]87.46
2019-09-05_00:42:45.888[Status]Routing Start.
2019-09-05_00:42:46.053[Status]{'id': 10, 'coordinate': [561.9518183182021, 510.0245645992301]}
2019-09-05_00:42:46.053[Status]Routing 73: Walk: 50
2019-09-05_00:42:46.156[Battery Energy]87.27
2019-09-05_00:42:46.156[Status]Routing Start.
2019-09-05_00:42:46.328[Status]{'id': 10, 'coordinate': [571.8409149318763, 511.5097474719486]}
2019-09-05_00:42:46.331[Status]Routing 74: Walk: 51
2019-09-05_00:42:46.438[Battery Energy]87.07
2019-09-05_00:42:46.438[Status]Routing Start.
2019-09-05_00:42:46.767[Status]{'id': 10, 'coordinate': [581.7300115455506, 512.9949303446671]}
2019-09-05_00:42:46.768[Status]Routing 75: Walk: 52
2019-09-05_00:42:46.874[Battery Energy]86.75
2019-09-05_00:42:46.874[Status]Routing Start.
2019-09-05_00:42:47.243[Status]{'id': 10, 'coordinate': [591.6191081592249, 514.4801132173856]}
2019-09-05_00:42:47.243[Status]Routing 76: Walk: 53
2019-09-05_00:42:47.348[Battery Energy]86.35
2019-09-05_00:42:47.348[Status]Routing Start.
2019-09-05_00:42:47.654[Status]{'id': 10, 'coordinate': [601.5082047728991, 515.9652960901041]}
2019-09-05_00:42:47.654[Status]Routing 77: Walk: 54
2019-09-05_00:42:47.767[Battery Energy]86.10
2019-09-05_00:42:47.767[Status]Routing Start.
2019-09-05_00:42:47.946[Status]{'id': 10, 'coordinate': [611.3973013865734, 517.4504789628226]}
2019-09-05_00:42:47.946[Status]Routing 78: Walk: 55
2019-09-05_00:42:48.054[Battery Energy]85.92
2019-09-05_00:42:48.054[Status]Routing Start.
2019-09-05_00:42:48.259[Status]{'id': 10, 'coordinate': [621.2863980002477, 518.935661835541]}
2019-09-05_00:42:48.260[Status]Routing 79: Walk: 56
2019-09-05_00:42:48.368[Battery Energy]85.68
2019-09-05_00:42:48.368[Status]Routing Start.
2019-09-05_00:42:48.517[Status]{'id': 10, 'coordinate': [631.175494613922, 520.4208447082596]}
2019-09-05_00:42:48.517[Status]Routing 80: Walk: 57
2019-09-05_00:42:48.617[Battery Energy]85.46
2019-09-05_00:42:48.617[Status]Routing Start.
2019-09-05_00:42:48.784[Status]{'id': 10, 'coordinate': [641.0645912275962, 521.906027580978]}
2019-09-05_00:42:48.784[Status]Routing 81: Walk: 58
2019-09-05_00:42:48.892[Battery Energy]85.25
2019-09-05_00:42:48.892[Status]Routing Start.
2019-09-05_00:42:49.062[Status]{'id': 10, 'coordinate': [650.9536878412705, 523.3912104536965]}
2019-09-05_00:42:49.062[Status]Routing 82: Walk: 59
2019-09-05_00:42:49.168[Battery Energy]85.03
2019-09-05_00:42:49.168[Status]Routing Start.
2019-09-05_00:42:49.362[Status]{'id': 10, 'coordinate': [660.8427844549448, 524.876393326415]}
2019-09-05_00:42:49.368[Status]Routing 83: Walk: 60
2019-09-05_00:42:49.484[Battery Energy]84.82
2019-09-05_00:42:49.484[Status]Routing Start.
2019-09-05_00:42:49.678[Status]{'id': 10, 'coordinate': [670.731881068619, 526.3615761991335]}
2019-09-05_00:42:49.678[Status]Routing 84: Walk: 61
2019-09-05_00:42:49.778[Battery Energy]84.60
2019-09-05_00:42:49.779[Status]Routing Start.
2019-09-05_00:42:49.962[Status]{'id': 10, 'coordinate': [680.6209776822933, 527.846759071852]}
2019-09-05_00:42:49.962[Status]Routing 85: Walk: 62
2019-09-05_00:42:50.072[Battery Energy]84.39
2019-09-05_00:42:50.072[Status]Routing Start.
2019-09-05_00:42:50.237[Status]{'id': 10, 'coordinate': [690.5100742959676, 529.3319419445705]}
2019-09-05_00:42:50.237[Status]Routing 86: Walk: 63
2019-09-05_00:42:50.344[Battery Energy]84.17
2019-09-05_00:42:50.344[Status]Routing Start.
2019-09-05_00:42:50.534[Status]{'id': 10, 'coordinate': [700.3991709096418, 530.817124817289]}
2019-09-05_00:42:50.534[Status]Routing 87: Walk: 64
2019-09-05_00:42:50.634[Battery Energy]83.93
2019-09-05_00:42:50.634[Status]Routing Start.
2019-09-05_00:42:50.981[Status]{'id': 10, 'coordinate': [710.2882675233161, 532.3023076900075]}
2019-09-05_00:42:50.982[Status]Routing 88: Walk: 65
2019-09-05_00:42:51.082[Battery Energy]83.60
2019-09-05_00:42:51.082[Status]Routing Start.
2019-09-05_00:42:51.282[Status]{'id': 10, 'coordinate': [720.1773641369904, 533.787490562726]}
2019-09-05_00:42:51.282[Status]Routing 89: Walk: 66
2019-09-05_00:42:51.392[Battery Energy]83.38
2019-09-05_00:42:51.392[Status]Routing Start.
2019-09-05_00:42:51.663[Status]{'id': 10, 'coordinate': [730.0664607506646, 535.2726734354445]}
2019-09-05_00:42:51.663[Status]Routing 90: Walk: 67
2019-09-05_00:42:51.772[Battery Energy]83.14
2019-09-05_00:42:51.772[Status]Routing Start.
2019-09-05_00:42:51.953[Status]{'id': 10, 'coordinate': [739.9555573643389, 536.757856308163]}
2019-09-05_00:42:51.956[Status]Routing 91: Walk: 68
2019-09-05_00:42:52.057[Battery Energy]82.92
2019-09-05_00:42:52.057[Status]Routing Start.
2019-09-05_00:42:52.265[Status]{'id': 10, 'coordinate': [749.8446539780132, 538.2430391808815]}
2019-09-05_00:42:52.265[Status]Routing 92: Walk: 69
2019-09-05_00:42:52.372[Battery Energy]82.72
2019-09-05_00:42:52.372[Status]Routing Start.
2019-09-05_00:42:52.679[Status]{'id': 10, 'coordinate': [759.7337505916875, 539.7282220536]}
2019-09-05_00:42:52.679[Status]Routing 93: Walk: 70
2019-09-05_00:42:52.788[Battery Energy]82.44
2019-09-05_00:42:52.788[Status]Routing Start.
2019-09-05_00:42:53.129[Status]{'id': 10, 'coordinate': [769.6228472053617, 541.2134049263185]}
2019-09-05_00:42:53.129[Status]Routing 94: Walk: 71
2019-09-05_00:42:53.233[Battery Energy]82.08
2019-09-05_00:42:53.233[Status]Routing Start.
2019-09-05_00:42:53.594[Status]{'id': 10, 'coordinate': [779.511943819036, 542.698587799037]}
2019-09-05_00:42:53.594[Status]Routing 95: Walk: 72
2019-09-05_00:42:53.700[Battery Energy]81.75
2019-09-05_00:42:53.700[Status]Routing Start.
2019-09-05_00:42:54.013[Status]{'id': 10, 'coordinate': [789.4010404327103, 544.1837706717555]}
2019-09-05_00:42:54.013[Status]Routing 96: Walk: 73
2019-09-05_00:42:54.113[Battery Energy]81.44
2019-09-05_00:42:54.113[Status]Routing Start.
2019-09-05_00:42:54.468[Status]{'id': 10, 'coordinate': [799.2901370463845, 545.668953544474]}
2019-09-05_00:42:54.468[Status]Routing 97: Walk: 74
2019-09-05_00:42:54.568[Battery Energy]81.12
2019-09-05_00:42:54.569[Status]Routing Start.
2019-09-05_00:42:54.986[Status]{'id': 10, 'coordinate': [809.1792336600588, 547.1541364171925]}
2019-09-05_00:42:54.988[Status]Routing 98: Walk: 75
2019-09-05_00:42:55.089[Battery Energy]80.72
2019-09-05_00:42:55.089[Status]Routing Start.
2019-09-05_00:42:55.414[Status]{'id': 10, 'coordinate': [819.0683302737331, 548.639319289911]}
2019-09-05_00:42:55.414[Status]Routing 99: Walk: 76
2019-09-05_00:42:55.514[Battery Energy]80.37
2019-09-05_00:42:55.514[Status]Routing Start.
2019-09-05_00:42:55.861[Status]{'id': 10, 'coordinate': [828.9574268874073, 550.1245021626295]}
2019-09-05_00:42:55.861[Status]Routing 100: Walk: 77
2019-09-05_00:42:55.964[Battery Energy]80.02
2019-09-05_00:42:55.964[Status]Routing Start.
2019-09-05_00:42:56.219[Status]{'id': 10, 'coordinate': [838.8465235010816, 551.609685035348]}
2019-09-05_00:42:56.219[Status]Routing 101: Walk: 78
2019-09-05_00:42:56.319[Battery Energy]79.72
2019-09-05_00:42:56.319[Status]Routing Start.
2019-09-05_00:42:56.746[Status]{'id': 10, 'coordinate': [848.7356201147559, 553.0948679080665]}
2019-09-05_00:42:56.746[Status]Routing 102: Walk: 79
2019-09-05_00:42:56.855[Battery Energy]79.41
2019-09-05_00:42:56.855[Status]Routing Start.
2019-09-05_00:42:57.223[Status]{'id': 10, 'coordinate': [858.6247167284301, 554.580050780785]}
2019-09-05_00:42:57.223[Status]Routing 103: Walk: 80
2019-09-05_00:42:57.328[Battery Energy]79.11
2019-09-05_00:42:57.328[Status]Routing Start.
2019-09-05_00:42:57.498[Status]{'id': 10, 'coordinate': [868.5138133421044, 556.0652336535035]}
2019-09-05_00:42:57.498[Status]Routing 104: Walk: 81
2019-09-05_00:42:57.608[Battery Energy]78.88
2019-09-05_00:42:57.608[Status]Routing Start.
2019-09-05_00:42:58.034[Status]{'id': 10, 'coordinate': [878.4029099557787, 557.550416526222]}
2019-09-05_00:42:58.034[Status]Routing 105: Walk: 82
2019-09-05_00:42:58.148[Battery Energy]78.51
2019-09-05_00:42:58.148[Status]Routing Start.
2019-09-05_00:42:58.304[Status]{'id': 10, 'coordinate': [888.292006569453, 559.0355993989405]}
2019-09-05_00:42:58.304[Status]Routing 106: Walk: 83
2019-09-05_00:42:58.420[Battery Energy]78.29
2019-09-05_00:42:58.420[Status]Routing Start.
2019-09-05_00:42:58.592[Status]{'id': 10, 'coordinate': [898.1811031831272, 560.520782271659]}
2019-09-05_00:42:58.592[Status]Routing 107: Walk: 84
2019-09-05_00:42:58.692[Battery Energy]78.09
2019-09-05_00:42:58.692[Status]Routing Start.
2019-09-05_00:42:58.899[Status]{'id': 10, 'coordinate': [908.0701997968015, 562.0059651443775]}
2019-09-05_00:42:58.899[Status]Routing 108: Walk: 85
2019-09-05_00:42:59.008[Battery Energy]77.87
2019-09-05_00:42:59.008[Status]Routing Start.
2019-09-05_00:42:59.374[Status]{'id': 10, 'coordinate': [917.9592964104758, 563.491148017096]}
2019-09-05_00:42:59.374[Status]Routing 109: Walk: 86
2019-09-05_00:42:59.488[Battery Energy]77.52
2019-09-05_00:42:59.488[Status]Routing Start.
2019-09-05_00:42:59.638[Status]{'id': 10, 'coordinate': [927.84839302415, 564.9763308898144]}
2019-09-05_00:42:59.639[Status]Routing 110: Walk: 87
2019-09-05_00:42:59.756[Battery Energy]77.29
2019-09-05_00:42:59.756[Status]Routing Start.
2019-09-05_00:43:00.116[Status]{'id': 10, 'coordinate': [937.7374896378243, 566.461513762533]}
2019-09-05_00:43:00.116[Status]Routing 111: Walk: 88
2019-09-05_00:43:00.228[Battery Energy]77.03
2019-09-05_00:43:00.228[Status]Routing Start.
2019-09-05_00:43:00.572[Status]{'id': 10, 'coordinate': [947.6265862514986, 567.9466966352514]}
2019-09-05_00:43:00.572[Status]Routing 112: Walk: 89
2019-09-05_00:43:00.676[Battery Energy]76.70
2019-09-05_00:43:00.676[Status]Routing Start.
2019-09-05_00:43:00.993[Status]{'id': 10, 'coordinate': [957.5156828651728, 569.4318795079699]}
2019-09-05_00:43:00.993[Status]Routing 113: Walk: 90
2019-09-05_00:43:01.094[Battery Energy]76.40
2019-09-05_00:43:01.094[Status]Routing Start.
2019-09-05_00:43:01.335[Status]{'id': 10, 'coordinate': [967.4047794788471, 570.9170623806884]}
2019-09-05_00:43:01.335[Status]Routing 114: Walk: 91
2019-09-05_00:43:01.437[Battery Energy]76.15
2019-09-05_00:43:01.437[Status]Routing Start.
2019-09-05_00:43:01.829[Status]{'id': 10, 'coordinate': [977.2938760925214, 572.4022452534069]}
2019-09-05_00:43:01.829[Status]Routing 115: Walk: 92
2019-09-05_00:43:01.936[Battery Energy]75.80
2019-09-05_00:43:01.936[Status]Routing Start.
2019-09-05_00:43:02.279[Status]{'id': 10, 'coordinate': [987.1829727061956, 573.8874281261254]}
2019-09-05_00:43:02.279[Status]Routing 116: Walk: 93
2019-09-05_00:43:02.383[Battery Energy]75.46
2019-09-05_00:43:02.383[Status]Routing Start.
2019-09-05_00:43:02.778[Status]{'id': 10, 'coordinate': [997.0720693198699, 575.3726109988439]}
2019-09-05_00:43:02.778[Status]Routing 117: Walk: 94
2019-09-05_00:43:02.887[Battery Energy]75.10
2019-09-05_00:43:02.887[Status]Routing Start.
2019-09-05_00:43:03.221[Status]{'id': 10, 'coordinate': [1006.9611659335442, 576.8577938715624]}
2019-09-05_00:43:03.221[Status]Routing 118: Walk: 95
2019-09-05_00:43:03.324[Battery Energy]74.75
2019-09-05_00:43:03.324[Status]Routing Start.
2019-09-05_00:43:03.632[Status]{'id': 10, 'coordinate': [1016.8502625472184, 578.3429767442809]}
2019-09-05_00:43:03.632[Status]Routing 119: Walk: 96
2019-09-05_00:43:03.737[Battery Energy]74.46
2019-09-05_00:43:03.737[Status]Routing Start.
2019-09-05_00:43:04.117[Status]{'id': 10, 'coordinate': [1026.7393591608927, 579.8281596169994]}
2019-09-05_00:43:04.117[Status]Routing 120: Walk: 97
2019-09-05_00:43:04.228[Battery Energy]74.07
2019-09-05_00:43:04.228[Status]Routing Start.
2019-09-05_00:43:04.541[Status]{'id': 10, 'coordinate': [1036.6284557745669, 581.3133424897179]}
2019-09-05_00:43:04.541[Status]Routing 121: Walk: 98
2019-09-05_00:43:04.641[Battery Energy]73.78
2019-09-05_00:43:04.641[Status]Routing Start.
2019-09-05_00:43:05.003[Status]{'id': 10, 'coordinate': [1046.517552388241, 582.7985253624364]}
2019-09-05_00:43:05.003[Status]Routing 122: Walk: 99
2019-09-05_00:43:05.103[Battery Energy]73.43
2019-09-05_00:43:05.103[Status]Routing Start.
2019-09-05_00:43:05.458[Status]{'id': 10, 'coordinate': [1056.4066490019152, 584.2837082351549]}
2019-09-05_00:43:05.458[Status]Routing 123: Walk: 100
2019-09-05_00:43:05.558[Battery Energy]73.06
2019-09-05_00:43:05.559[Status]Routing Start.
2019-09-05_00:43:05.773[Status]{'id': 10, 'coordinate': [1066.2957456155893, 585.7688911078734]}
2019-09-05_00:43:05.773[Status]Routing 124: Walk: 101
2019-09-05_00:43:05.880[Battery Energy]72.85
2019-09-05_00:43:05.880[Status]Routing Start.
2019-09-05_00:43:06.069[Status]{'id': 10, 'coordinate': [1076.1848422292635, 587.254073980592]}
2019-09-05_00:43:06.069[Status]Routing 125: Walk: 102
2019-09-05_00:43:06.170[Battery Energy]72.63
2019-09-05_00:43:06.170[Status]Routing Start.
2019-09-05_00:43:06.452[Status]{'id': 10, 'coordinate': [1086.0739388429377, 588.7392568533105]}
2019-09-05_00:43:06.452[Status]Routing 126: Walk: 103
2019-09-05_00:43:06.560[Battery Energy]72.39
2019-09-05_00:43:06.560[Status]Routing Start.
2019-09-05_00:43:06.824[Status]{'id': 10, 'coordinate': [1095.9630354566118, 590.224439726029]}
2019-09-05_00:43:06.824[Status]Routing 127: Walk: 104
2019-09-05_00:43:06.932[Battery Energy]72.14
2019-09-05_00:43:06.932[Status]Routing Start.
2019-09-05_00:43:07.171[Status]{'id': 10, 'coordinate': [1105.852132070286, 591.7096225987476]}
2019-09-05_00:43:07.171[Status]Routing 128: Walk: 105
2019-09-05_00:43:07.278[Battery Energy]71.90
2019-09-05_00:43:07.278[Status]Routing Start.
2019-09-05_00:43:07.450[Status]{'id': 10, 'coordinate': [1115.7412286839601, 593.1948054714661]}
2019-09-05_00:43:07.450[Status]Routing 129: Walk: 106
2019-09-05_00:43:07.556[Battery Energy]71.68
2019-09-05_00:43:07.556[Status]Routing Start.
2019-09-05_00:43:07.798[Status]{'id': 10, 'coordinate': [1125.6303252976343, 594.6799883441847]}
2019-09-05_00:43:07.798[Status]Routing 130: Walk: 107
2019-09-05_00:43:07.924[Battery Energy]71.43
2019-09-05_00:43:07.924[Status]Routing Start.
2019-09-05_00:43:08.213[Status]{'id': 10, 'coordinate': [1135.5194219113084, 596.1651712169032]}
2019-09-05_00:43:08.214[Status]Routing 131: Walk: 108
2019-09-05_00:43:08.324[Battery Energy]71.18
2019-09-05_00:43:08.324[Status]Routing Start.
2019-09-05_00:43:08.574[Status]{'id': 10, 'coordinate': [1145.4085185249826, 597.6503540896217]}
2019-09-05_00:43:08.574[Status]Routing 132: Walk: 109
2019-09-05_00:43:08.675[Battery Energy]70.93
2019-09-05_00:43:08.675[Status]Routing Start.
2019-09-05_00:43:08.853[Status]{'id': 10, 'coordinate': [1155.2976151386567, 599.1355369623403]}
2019-09-05_00:43:08.853[Status]Routing 133: Walk: 110
2019-09-05_00:43:08.953[Battery Energy]70.72
2019-09-05_00:43:08.954[Status]Routing Start.
2019-09-05_00:43:09.179[Status]{'id': 10, 'coordinate': [1165.186711752331, 600.6207198350588]}
2019-09-05_00:43:09.179[Status]Routing 134: Walk: 111
2019-09-05_00:43:09.280[Battery Energy]70.52
2019-09-05_00:43:09.280[Status]Routing Start.
2019-09-05_00:43:09.519[Status]{'id': 10, 'coordinate': [1175.075808366005, 602.1059027077773]}
2019-09-05_00:43:09.519[Status]Routing 135: Walk: 112
2019-09-05_00:43:09.632[Battery Energy]70.27
2019-09-05_00:43:09.632[Status]Routing Start.
2019-09-05_00:43:09.632[Status]Task Finished.
2019-09-05_00:43:09.733[Battery Energy]70.27
2019-09-05_00:43:09.985[Status]Routing 137: Walk: 112
2019-09-05_00:43:10.092[Battery Energy]70.11
2019-09-05_00:43:10.258[Status]Routing 138: Walk: 112
2019-09-05_00:43:10.364[Battery Energy]69.95
2019-09-05_00:43:10.505[Status]Routing 139: Walk: 112
2019-09-05_00:43:10.605[Battery Energy]69.84
2019-09-05_00:43:10.845[Status]Routing 140: Walk: 112
2019-09-05_00:43:10.952[Battery Energy]69.64
2019-09-05_00:43:11.236[Status]Routing 141: Walk: 112
2019-09-05_00:43:11.344[Battery Energy]69.48
2019-09-05_00:43:11.538[Status]Routing 142: Walk: 112
2019-09-05_00:43:11.648[Battery Energy]69.33
2019-09-05_00:43:11.828[Status]Routing 143: Walk: 112
2019-09-05_00:43:11.952[Battery Energy]69.23
2019-09-05_00:43:12.112[Status]Routing 144: Walk: 112
2019-09-05_00:43:12.231[Battery Energy]69.12
2019-09-05_00:43:12.418[Status]Routing 145: Walk: 112
2019-09-05_00:43:12.564[Battery Energy]69.03
2019-09-05_00:43:12.800[Status]Routing 146: Walk: 112
2019-09-05_00:43:12.907[Battery Energy]68.90
2019-09-05_00:43:13.111[Status]Routing 147: Walk: 112
2019-09-05_00:43:13.216[Battery Energy]68.78
2019-09-05_00:43:13.446[Status]Routing 148: Walk: 112
2019-09-05_00:43:13.564[Battery Energy]68.66
2019-09-05_00:43:13.769[Status]Routing 149: Walk: 112
2019-09-05_00:43:13.878[Battery Energy]68.54
2019-09-05_00:43:14.058[Status]Routing 150: Walk: 112
2019-09-05_00:43:14.163[Battery Energy]68.42
2019-09-05_00:43:14.331[Status]Routing 151: Walk: 112
2019-09-05_00:43:14.444[Battery Energy]68.33
2019-09-05_00:43:14.597[Status]Routing 152: Walk: 112
2019-09-05_00:43:14.704[Battery Energy]68.21
2019-09-05_00:43:14.854[Status]Routing 153: Walk: 112
2019-09-05_00:43:14.954[Battery Energy]68.11
2019-09-05_00:43:15.114[Status]Routing 154: Walk: 112
2019-09-05_00:43:15.228[Battery Energy]68.01
2019-09-05_00:43:15.393[Status]Routing 155: Walk: 112
2019-09-05_00:43:15.512[Battery Energy]67.92
2019-09-05_00:43:15.714[Status]Routing 156: Walk: 112
2019-09-05_00:43:15.818[Battery Energy]67.78
2019-09-05_00:43:16.019[Status]Routing 157: Walk: 112
2019-09-05_00:43:16.128[Battery Energy]67.70
2019-09-05_00:43:16.292[Status]Routing 158: Walk: 112
2019-09-05_00:43:16.392[Battery Energy]67.61
2019-09-05_00:43:16.582[Status]Routing 159: Walk: 112
2019-09-05_00:43:16.692[Battery Energy]67.51
2019-09-05_00:43:16.919[Status]Routing 160: Walk: 112
2019-09-05_00:43:17.028[Battery Energy]67.39
2019-09-05_00:43:17.194[Status]Routing 161: Walk: 112
2019-09-05_00:43:17.308[Battery Energy]67.24
2019-09-05_00:43:17.477[Status]Routing 162: Walk: 112
2019-09-05_00:43:17.577[Battery Energy]67.16
2019-09-05_00:43:17.710[Status]Routing 163: Walk: 112
2019-09-05_00:43:17.811[Battery Energy]67.06
2019-09-05_00:43:17.986[Status]Routing 164: Walk: 112
2019-09-05_00:43:18.089[Battery Energy]66.99
2019-09-05_00:43:18.283[Status]Routing 165: Walk: 112
2019-09-05_00:43:18.385[Battery Energy]66.87
2019-09-05_00:43:18.635[Status]Routing 166: Walk: 112
2019-09-05_00:43:18.748[Battery Energy]66.72
2019-09-05_00:43:19.081[Status]Routing 167: Walk: 112
2019-09-05_00:43:19.182[Battery Energy]66.50
2019-09-05_00:43:19.348[Status]Routing 168: Walk: 112
2019-09-05_00:43:19.464[Battery Energy]66.39
