2019-09-05_00:42:06.426[Status]Start.
2019-09-05_00:42:06.427[Battery Energy]112.00
2019-09-05_00:42:07.528[Battery Energy]111.96
2019-09-05_00:42:08.632[Battery Energy]111.92
2019-09-05_00:42:09.732[Battery Energy]111.88
2019-09-05_00:42:10.835[Battery Energy]111.84
2019-09-05_00:42:11.936[Task]A New Task Released.
2019-09-05_00:42:11.936[Battery Energy]111.80
2019-09-05_00:42:11.936[Status]Selection Start.
2019-09-05_00:42:13.751[Status]Selection End: Do Task 1.
2019-09-05_00:42:13.859[Battery Energy]110.60
2019-09-05_00:42:13.859[Status]Formation Start.
2019-09-05_00:42:14.051[Status]Formation End: To Position 1.
2019-09-05_00:42:14.157[Battery Energy]110.46
2019-09-05_00:42:14.157[Status]Routing Start.
2019-09-05_00:42:14.422[Status]{'coordinate': [140.055009747249, 252.24344181970554], 'id': 13}
2019-09-05_00:42:14.422[Status]Routing 1: Walk: 1
2019-09-05_00:42:14.536[Battery Energy]110.25
2019-09-05_00:42:14.536[Status]Routing Start.
2019-09-05_00:42:14.725[Status]{'coordinate': [149.11001949449798, 256.4868836394111], 'id': 13}
2019-09-05_00:42:14.725[Status]Routing 2: Walk: 2
2019-09-05_00:42:14.836[Battery Energy]110.04
2019-09-05_00:42:14.836[Status]Routing Start.
2019-09-05_00:42:15.090[Status]{'coordinate': [158.16502924174696, 260.7303254591166], 'id': 13}
2019-09-05_00:42:15.090[Status]Routing 3: Walk: 3
2019-09-05_00:42:15.196[Battery Energy]109.76
2019-09-05_00:42:15.196[Status]Routing Start.
2019-09-05_00:42:15.440[Status]{'coordinate': [167.22003898899595, 264.97376727882215], 'id': 13}
2019-09-05_00:42:15.440[Status]Routing 4: Walk: 4
2019-09-05_00:42:15.544[Battery Energy]109.53
2019-09-05_00:42:15.544[Status]Routing Start.
2019-09-05_00:42:15.716[Status]{'coordinate': [176.27504873624494, 269.2172090985277], 'id': 13}
2019-09-05_00:42:15.716[Status]Routing 5: Walk: 5
2019-09-05_00:42:15.828[Battery Energy]109.30
2019-09-05_00:42:15.828[Status]Routing Start.
2019-09-05_00:42:16.200[Status]{'coordinate': [185.33005848349393, 273.4606509182332], 'id': 13}
2019-09-05_00:42:16.200[Status]Routing 6: Walk: 6
2019-09-05_00:42:16.310[Battery Energy]108.92
2019-09-05_00:42:16.310[Status]Routing Start.
2019-09-05_00:42:16.637[Status]{'coordinate': [194.38506823074292, 277.70409273793877], 'id': 13}
2019-09-05_00:42:16.638[Status]Routing 7: Walk: 7
2019-09-05_00:42:16.738[Battery Energy]108.62
2019-09-05_00:42:16.738[Status]Routing Start.
2019-09-05_00:42:17.182[Status]{'coordinate': [203.4400779779919, 281.9475345576443], 'id': 13}
2019-09-05_00:42:17.182[Status]Routing 8: Walk: 8
2019-09-05_00:42:17.288[Battery Energy]108.27
2019-09-05_00:42:17.288[Status]Routing Start.
2019-09-05_00:42:17.612[Status]{'coordinate': [212.4950877252409, 286.19097637734984], 'id': 13}
2019-09-05_00:42:17.612[Status]Routing 9: Walk: 9
2019-09-05_00:42:17.716[Battery Energy]107.95
2019-09-05_00:42:17.716[Status]Routing Start.
2019-09-05_00:42:18.172[Status]{'coordinate': [221.55009747248988, 290.4344181970554], 'id': 13}
2019-09-05_00:42:18.172[Status]Routing 10: Walk: 10
2019-09-05_00:42:18.276[Battery Energy]107.57
2019-09-05_00:42:18.276[Status]Routing Start.
2019-09-05_00:42:18.676[Status]{'coordinate': [230.60510721973887, 294.6778600167609], 'id': 13}
2019-09-05_00:42:18.676[Status]Routing 11: Walk: 11
2019-09-05_00:42:18.777[Battery Energy]107.23
2019-09-05_00:42:18.777[Status]Routing Start.
2019-09-05_00:42:19.182[Status]{'coordinate': [239.66011696698786, 298.92130183646645], 'id': 13}
2019-09-05_00:42:19.182[Status]Routing 12: Walk: 12
2019-09-05_00:42:19.284[Battery Energy]106.83
2019-09-05_00:42:19.284[Status]Routing Start.
2019-09-05_00:42:19.722[Status]{'coordinate': [248.71512671423685, 303.164743656172], 'id': 13}
2019-09-05_00:42:19.723[Status]Routing 13: Walk: 13
2019-09-05_00:42:19.824[Battery Energy]106.51
2019-09-05_00:42:19.824[Status]Routing Start.
2019-09-05_00:42:20.225[Status]{'coordinate': [257.77013646148583, 307.40818547587753], 'id': 13}
2019-09-05_00:42:20.225[Status]Routing 14: Walk: 14
2019-09-05_00:42:20.332[Battery Energy]106.19
2019-09-05_00:42:20.332[Status]Routing Start.
2019-09-05_00:42:20.750[Status]{'coordinate': [266.8251462087348, 311.65162729558307], 'id': 13}
2019-09-05_00:42:20.755[Status]Routing 15: Walk: 15
2019-09-05_00:42:20.855[Battery Energy]105.87
2019-09-05_00:42:20.855[Status]Routing Start.
2019-09-05_00:42:21.218[Status]{'coordinate': [275.88015595598375, 315.8950691152886], 'id': 13}
2019-09-05_00:42:21.218[Status]Routing 16: Walk: 16
2019-09-05_00:42:21.321[Battery Energy]105.51
2019-09-05_00:42:21.321[Status]Routing Start.
2019-09-05_00:42:21.728[Status]{'coordinate': [284.9351657032327, 320.13851093499414], 'id': 13}
2019-09-05_00:42:21.728[Status]Routing 17: Walk: 17
2019-09-05_00:42:21.844[Battery Energy]105.18
2019-09-05_00:42:21.844[Status]Routing Start.
2019-09-05_00:42:22.270[Status]{'coordinate': [293.9901754504817, 324.3819527546997], 'id': 13}
2019-09-05_00:42:22.270[Status]Routing 18: Walk: 18
2019-09-05_00:42:22.370[Battery Energy]104.82
2019-09-05_00:42:22.370[Status]Routing Start.
2019-09-05_00:42:22.750[Status]{'coordinate': [303.04518519773063, 328.6253945744052], 'id': 13}
2019-09-05_00:42:22.750[Status]Routing 19: Walk: 19
2019-09-05_00:42:22.850[Battery Energy]104.48
2019-09-05_00:42:22.851[Status]Routing Start.
2019-09-05_00:42:23.241[Status]{'coordinate': [312.1001949449796, 332.86883639411076], 'id': 13}
2019-09-05_00:42:23.242[Status]Routing 20: Walk: 20
2019-09-05_00:42:23.347[Battery Energy]104.15
2019-09-05_00:42:23.347[Status]Routing Start.
2019-09-05_00:42:23.724[Status]{'coordinate': [321.15520469222855, 337.1122782138163], 'id': 13}
2019-09-05_00:42:23.724[Status]Routing 21: Walk: 21
2019-09-05_00:42:23.828[Battery Energy]103.84
2019-09-05_00:42:23.828[Status]Routing Start.
2019-09-05_00:42:23.966[Status]{'coordinate': [330.2102144394775, 341.35572003352183], 'id': 13}
2019-09-05_00:42:23.966[Status]Routing 22: Walk: 22
2019-09-05_00:42:24.072[Battery Energy]103.66
2019-09-05_00:42:24.072[Status]Routing Start.
2019-09-05_00:42:24.218[Status]{'coordinate': [339.26522418672647, 345.5991618532274], 'id': 13}
2019-09-05_00:42:24.222[Status]Routing 23: Walk: 23
2019-09-05_00:42:24.327[Battery Energy]103.46
2019-09-05_00:42:24.327[Status]Routing Start.
2019-09-05_00:42:24.597[Status]{'coordinate': [348.32023393397543, 349.8426036729329], 'id': 13}
2019-09-05_00:42:24.597[Status]Routing 24: Walk: 24
2019-09-05_00:42:24.697[Battery Energy]103.23
2019-09-05_00:42:24.697[Status]Routing Start.
2019-09-05_00:42:25.082[Status]{'coordinate': [357.3752436812244, 354.08604549263845], 'id': 13}
2019-09-05_00:42:25.082[Status]Routing 25: Walk: 25
2019-09-05_00:42:25.196[Battery Energy]102.91
2019-09-05_00:42:25.196[Status]Routing Start.
2019-09-05_00:42:25.588[Status]{'coordinate': [366.43025342847335, 358.329487312344], 'id': 13}
2019-09-05_00:42:25.588[Status]Routing 26: Walk: 26
2019-09-05_00:42:25.689[Battery Energy]102.57
2019-09-05_00:42:25.689[Status]Routing Start.
2019-09-05_00:42:26.126[Status]{'coordinate': [375.4852631757223, 362.5729291320495], 'id': 13}
2019-09-05_00:42:26.128[Status]Routing 27: Walk: 27
2019-09-05_00:42:26.228[Battery Energy]102.18
2019-09-05_00:42:26.228[Status]Routing Start.
2019-09-05_00:42:26.592[Status]{'coordinate': [384.54027292297127, 366.81637095175506], 'id': 13}
2019-09-05_00:42:26.592[Status]Routing 28: Walk: 28
2019-09-05_00:42:26.701[Battery Energy]101.87
2019-09-05_00:42:26.701[Status]Routing Start.
2019-09-05_00:42:27.073[Status]{'coordinate': [393.59528267022023, 371.0598127714606], 'id': 13}
2019-09-05_00:42:27.073[Status]Routing 29: Walk: 29
2019-09-05_00:42:27.173[Battery Energy]101.57
2019-09-05_00:42:27.174[Status]Routing Start.
2019-09-05_00:42:27.521[Status]{'coordinate': [402.6502924174692, 375.30325459116614], 'id': 13}
2019-09-05_00:42:27.521[Status]Routing 30: Walk: 30
2019-09-05_00:42:27.623[Battery Energy]101.25
2019-09-05_00:42:27.623[Status]Routing Start.
2019-09-05_00:42:27.978[Status]{'coordinate': [411.70530216471815, 379.5466964108717], 'id': 13}
2019-09-05_00:42:27.978[Status]Routing 31: Walk: 31
2019-09-05_00:42:28.080[Battery Energy]100.92
2019-09-05_00:42:28.080[Status]Routing Start.
2019-09-05_00:42:28.439[Status]{'coordinate': [420.7603119119671, 383.7901382305772], 'id': 13}
2019-09-05_00:42:28.440[Status]Routing 32: Walk: 32
2019-09-05_00:42:28.544[Battery Energy]100.59
2019-09-05_00:42:28.544[Status]Routing Start.
2019-09-05_00:42:28.886[Status]{'coordinate': [429.81532165921607, 388.03358005028275], 'id': 13}
2019-09-05_00:42:28.886[Status]Routing 33: Walk: 33
2019-09-05_00:42:28.986[Battery Energy]100.28
2019-09-05_00:42:28.986[Status]Routing Start.
2019-09-05_00:42:29.358[Status]{'coordinate': [438.870331406465, 392.2770218699883], 'id': 13}
2019-09-05_00:42:29.358[Status]Routing 34: Walk: 34
2019-09-05_00:42:29.459[Battery Energy]99.95
2019-09-05_00:42:29.459[Status]Routing Start.
2019-09-05_00:42:29.797[Status]{'coordinate': [447.925341153714, 396.5204636896938], 'id': 13}
2019-09-05_00:42:29.797[Status]Routing 35: Walk: 35
2019-09-05_00:42:29.904[Battery Energy]99.61
2019-09-05_00:42:29.904[Status]Routing Start.
2019-09-05_00:42:30.223[Status]{'coordinate': [456.98035090096295, 400.76390550939936], 'id': 13}
2019-09-05_00:42:30.223[Status]Routing 36: Walk: 36
2019-09-05_00:42:30.332[Battery Energy]99.27
2019-09-05_00:42:30.332[Status]Routing Start.
2019-09-05_00:42:30.659[Status]{'coordinate': [466.0353606482119, 405.0073473291049], 'id': 13}
2019-09-05_00:42:30.659[Status]Routing 37: Walk: 37
2019-09-05_00:42:30.759[Battery Energy]98.94
2019-09-05_00:42:30.759[Status]Routing Start.
2019-09-05_00:42:31.058[Status]{'coordinate': [475.09037039546087, 409.25078914881044], 'id': 13}
2019-09-05_00:42:31.058[Status]Routing 38: Walk: 38
2019-09-05_00:42:31.172[Battery Energy]98.66
2019-09-05_00:42:31.172[Status]Routing Start.
2019-09-05_00:42:31.525[Status]{'coordinate': [484.1453801427098, 413.494230968516], 'id': 13}
2019-09-05_00:42:31.525[Status]Routing 39: Walk: 39
2019-09-05_00:42:31.629[Battery Energy]98.36
2019-09-05_00:42:31.629[Status]Routing Start.
2019-09-05_00:42:31.979[Status]{'coordinate': [493.2003898899588, 417.7376727882215], 'id': 13}
2019-09-05_00:42:31.986[Status]Routing 40: Walk: 40
2019-09-05_00:42:32.087[Battery Energy]98.05
2019-09-05_00:42:32.087[Status]Routing Start.
2019-09-05_00:42:32.420[Status]{'coordinate': [502.25539963720774, 421.98111460792705], 'id': 13}
2019-09-05_00:42:32.420[Status]Routing 41: Walk: 41
2019-09-05_00:42:32.528[Battery Energy]97.77
2019-09-05_00:42:32.528[Status]Routing Start.
2019-09-05_00:42:32.933[Status]{'coordinate': [511.3104093844567, 426.2245564276326], 'id': 13}
2019-09-05_00:42:32.933[Status]Routing 42: Walk: 42
2019-09-05_00:42:33.034[Battery Energy]97.38
2019-09-05_00:42:33.034[Status]Routing Start.
2019-09-05_00:42:33.475[Status]{'coordinate': [520.3654191317057, 430.46799824733813], 'id': 13}
2019-09-05_00:42:33.475[Status]Routing 43: Walk: 43
2019-09-05_00:42:33.584[Battery Energy]97.00
2019-09-05_00:42:33.584[Status]Routing Start.
2019-09-05_00:42:33.932[Status]{'coordinate': [529.4204288789547, 434.71144006704367], 'id': 13}
2019-09-05_00:42:33.932[Status]Routing 44: Walk: 44
2019-09-05_00:42:34.040[Battery Energy]96.74
2019-09-05_00:42:34.040[Status]Routing Start.
2019-09-05_00:42:34.437[Status]{'coordinate': [538.4754386262036, 438.9548818867492], 'id': 13}
2019-09-05_00:42:34.438[Status]Routing 45: Walk: 45
2019-09-05_00:42:34.538[Battery Energy]96.38
2019-09-05_00:42:34.538[Status]Routing Start.
2019-09-05_00:42:34.876[Status]{'coordinate': [547.5304483734526, 443.19832370645474], 'id': 13}
2019-09-05_00:42:34.877[Status]Routing 46: Walk: 46
2019-09-05_00:42:34.981[Battery Energy]96.05
2019-09-05_00:42:34.981[Status]Routing Start.
2019-09-05_00:42:35.318[Status]{'coordinate': [556.5854581207016, 447.4417655261603], 'id': 13}
2019-09-05_00:42:35.321[Status]Routing 47: Walk: 47
2019-09-05_00:42:35.422[Battery Energy]95.75
2019-09-05_00:42:35.422[Status]Routing Start.
2019-09-05_00:42:35.775[Status]{'coordinate': [565.6404678679505, 451.6852073458658], 'id': 13}
2019-09-05_00:42:35.775[Status]Routing 48: Walk: 48
2019-09-05_00:42:35.877[Battery Energy]95.39
2019-09-05_00:42:35.877[Status]Routing Start.
2019-09-05_00:42:36.294[Status]{'coordinate': [574.6954776151995, 455.92864916557136], 'id': 13}
2019-09-05_00:42:36.294[Status]Routing 49: Walk: 49
2019-09-05_00:42:36.400[Battery Energy]95.07
2019-09-05_00:42:36.400[Status]Routing Start.
2019-09-05_00:42:36.741[Status]{'coordinate': [583.7504873624484, 460.1720909852769], 'id': 13}
2019-09-05_00:42:36.741[Status]Routing 50: Walk: 50
2019-09-05_00:42:36.841[Battery Energy]94.78
2019-09-05_00:42:36.841[Status]Routing Start.
2019-09-05_00:42:37.152[Status]{'coordinate': [592.8054971096974, 464.41553280498243], 'id': 13}
2019-09-05_00:42:37.152[Status]Routing 51: Walk: 51
2019-09-05_00:42:37.254[Battery Energy]94.48
2019-09-05_00:42:37.254[Status]Routing Start.
2019-09-05_00:42:37.698[Status]{'coordinate': [601.8605068569464, 468.65897462468797], 'id': 13}
2019-09-05_00:42:37.699[Status]Routing 52: Walk: 52
2019-09-05_00:42:37.802[Battery Energy]94.11
2019-09-05_00:42:37.802[Status]Routing Start.
2019-09-05_00:42:38.225[Status]{'coordinate': [610.9155166041953, 472.9024164443935], 'id': 13}
2019-09-05_00:42:38.225[Status]Routing 53: Walk: 53
2019-09-05_00:42:38.328[Battery Energy]93.75
2019-09-05_00:42:38.328[Status]Routing Start.
2019-09-05_00:42:38.620[Status]{'coordinate': [619.9705263514443, 477.14585826409905], 'id': 13}
2019-09-05_00:42:38.620[Status]Routing 54: Walk: 54
2019-09-05_00:42:38.731[Battery Energy]93.44
2019-09-05_00:42:38.731[Status]Routing Start.
2019-09-05_00:42:38.897[Status]{'coordinate': [629.0255360986932, 481.3893000838046], 'id': 13}
2019-09-05_00:42:38.897[Status]Routing 55: Walk: 55
2019-09-05_00:42:38.997[Battery Energy]93.24
2019-09-05_00:42:38.997[Status]Routing Start.
2019-09-05_00:42:39.163[Status]{'coordinate': [638.0805458459422, 485.6327419035101], 'id': 13}
2019-09-05_00:42:39.163[Status]Routing 56: Walk: 56
2019-09-05_00:42:39.268[Battery Energy]93.01
2019-09-05_00:42:39.268[Status]Routing Start.
2019-09-05_00:42:39.559[Status]{'coordinate': [647.1355555931912, 489.87618372321566], 'id': 13}
2019-09-05_00:42:39.559[Status]Routing 57: Walk: 57
2019-09-05_00:42:39.672[Battery Energy]92.70
2019-09-05_00:42:39.672[Status]Routing Start.
2019-09-05_00:42:39.997[Status]{'coordinate': [656.1905653404401, 494.1196255429212], 'id': 13}
2019-09-05_00:42:39.997[Status]Routing 58: Walk: 58
2019-09-05_00:42:40.097[Battery Energy]92.40
2019-09-05_00:42:40.097[Status]Routing Start.
2019-09-05_00:42:40.428[Status]{'coordinate': [665.2455750876891, 498.36306736262674], 'id': 13}
2019-09-05_00:42:40.428[Status]Routing 59: Walk: 59
2019-09-05_00:42:40.528[Battery Energy]92.10
2019-09-05_00:42:40.528[Status]Routing Start.
2019-09-05_00:42:40.886[Status]{'coordinate': [674.300584834938, 502.6065091823323], 'id': 13}
2019-09-05_00:42:40.886[Status]Routing 60: Walk: 60
2019-09-05_00:42:40.992[Battery Energy]91.86
2019-09-05_00:42:40.992[Status]Routing Start.
2019-09-05_00:42:41.321[Status]{'coordinate': [683.355594582187, 506.8499510020378], 'id': 13}
2019-09-05_00:42:41.322[Status]Routing 61: Walk: 61
2019-09-05_00:42:41.422[Battery Energy]91.59
2019-09-05_00:42:41.422[Status]Routing Start.
2019-09-05_00:42:41.756[Status]{'coordinate': [692.410604329436, 511.09339282174335], 'id': 13}
2019-09-05_00:42:41.756[Status]Routing 62: Walk: 62
2019-09-05_00:42:41.871[Battery Energy]91.27
2019-09-05_00:42:41.871[Status]Routing Start.
2019-09-05_00:42:42.207[Status]{'coordinate': [701.4656140766849, 515.336834641449], 'id': 13}
2019-09-05_00:42:42.208[Status]Routing 63: Walk: 63
2019-09-05_00:42:42.312[Battery Energy]90.97
2019-09-05_00:42:42.312[Status]Routing Start.
2019-09-05_00:42:42.755[Status]{'coordinate': [710.5206238239339, 519.5802764611545], 'id': 13}
2019-09-05_00:42:42.755[Status]Routing 64: Walk: 64
2019-09-05_00:42:42.855[Battery Energy]90.60
2019-09-05_00:42:42.855[Status]Routing Start.
2019-09-05_00:42:43.069[Status]{'coordinate': [719.5756335711828, 523.8237182808601], 'id': 13}
2019-09-05_00:42:43.071[Status]Routing 65: Walk: 65
2019-09-05_00:42:43.171[Battery Energy]90.32
2019-09-05_00:42:43.171[Status]Routing Start.
2019-09-05_00:42:43.525[Status]{'coordinate': [728.6306433184318, 528.0671601005657], 'id': 13}
2019-09-05_00:42:43.525[Status]Routing 66: Walk: 66
2019-09-05_00:42:43.692[Battery Energy]90.00
2019-09-05_00:42:43.693[Status]Routing Start.
2019-09-05_00:42:43.954[Status]{'coordinate': [737.6856530656808, 532.3106019202712], 'id': 13}
2019-09-05_00:42:43.954[Status]Routing 67: Walk: 67
2019-09-05_00:42:44.055[Battery Energy]89.72
2019-09-05_00:42:44.055[Status]Routing Start.
2019-09-05_00:42:44.189[Status]{'coordinate': [746.7406628129297, 536.5540437399768], 'id': 13}
2019-09-05_00:42:44.189[Status]Routing 68: Walk: 68
2019-09-05_00:42:44.289[Battery Energy]89.52
2019-09-05_00:42:44.289[Status]Routing Start.
2019-09-05_00:42:44.627[Status]{'coordinate': [755.7956725601787, 540.7974855596824], 'id': 13}
2019-09-05_00:42:44.627[Status]Routing 69: Walk: 69
2019-09-05_00:42:44.744[Battery Energy]89.25
2019-09-05_00:42:44.744[Status]Routing Start.
2019-09-05_00:42:45.063[Status]{'coordinate': [764.8506823074276, 545.0409273793879], 'id': 13}
2019-09-05_00:42:45.063[Status]Routing 70: Walk: 70
2019-09-05_00:42:45.174[Battery Energy]89.00
2019-09-05_00:42:45.174[Status]Routing Start.
2019-09-05_00:42:45.430[Status]{'coordinate': [773.9056920546766, 549.2843691990934], 'id': 13}
2019-09-05_00:42:45.431[Status]Routing 71: Walk: 71
2019-09-05_00:42:45.551[Battery Energy]88.78
2019-09-05_00:42:45.552[Status]Routing Start.
2019-09-05_00:42:45.768[Status]{'coordinate': [782.9607018019256, 553.527811018799], 'id': 13}
2019-09-05_00:42:45.768[Status]Routing 72: Walk: 72
2019-09-05_00:42:45.868[Battery Energy]88.55
2019-09-05_00:42:45.868[Status]Routing Start.
2019-09-05_00:42:46.043[Status]{'coordinate': [792.0157115491745, 557.7712528385046], 'id': 13}
2019-09-05_00:42:46.043[Status]Routing 73: Walk: 73
2019-09-05_00:42:46.148[Battery Energy]88.34
2019-09-05_00:42:46.148[Status]Routing Start.
2019-09-05_00:42:46.333[Status]{'coordinate': [801.0707212964235, 562.01469465821], 'id': 13}
2019-09-05_00:42:46.333[Status]Routing 74: Walk: 74
2019-09-05_00:42:46.453[Battery Energy]88.13
2019-09-05_00:42:46.453[Status]Routing Start.
2019-09-05_00:42:46.767[Status]{'coordinate': [810.1257310436724, 566.2581364779155], 'id': 13}
2019-09-05_00:42:46.767[Status]Routing 75: Walk: 75
2019-09-05_00:42:46.876[Battery Energy]87.80
2019-09-05_00:42:46.876[Status]Routing Start.
2019-09-05_00:42:47.238[Status]{'coordinate': [819.1807407909214, 570.5015782976211], 'id': 13}
2019-09-05_00:42:47.238[Status]Routing 76: Walk: 76
2019-09-05_00:42:47.338[Battery Energy]87.49
2019-09-05_00:42:47.338[Status]Routing Start.
2019-09-05_00:42:47.655[Status]{'coordinate': [828.2357505381704, 574.7450201173266], 'id': 13}
2019-09-05_00:42:47.655[Status]Routing 77: Walk: 77
2019-09-05_00:42:47.760[Battery Energy]87.21
2019-09-05_00:42:47.760[Status]Routing Start.
2019-09-05_00:42:47.941[Status]{'coordinate': [837.2907602854193, 578.9884619370321], 'id': 13}
2019-09-05_00:42:47.941[Status]Routing 78: Walk: 78
2019-09-05_00:42:48.046[Battery Energy]87.01
2019-09-05_00:42:48.046[Status]Routing Start.
2019-09-05_00:42:48.262[Status]{'coordinate': [846.3457700326683, 583.2319037567377], 'id': 13}
2019-09-05_00:42:48.262[Status]Routing 79: Walk: 79
2019-09-05_00:42:48.362[Battery Energy]86.80
2019-09-05_00:42:48.362[Status]Routing Start.
2019-09-05_00:42:48.518[Status]{'coordinate': [855.4007797799172, 587.4753455764431], 'id': 13}
2019-09-05_00:42:48.518[Status]Routing 80: Walk: 80
2019-09-05_00:42:48.624[Battery Energy]86.62
2019-09-05_00:42:48.624[Status]Routing Start.
2019-09-05_00:42:48.786[Status]{'coordinate': [864.4557895271662, 591.7187873961486], 'id': 13}
2019-09-05_00:42:48.786[Status]Routing 81: Walk: 81
2019-09-05_00:42:48.896[Battery Energy]86.40
2019-09-05_00:42:48.896[Status]Routing Start.
2019-09-05_00:42:49.064[Status]{'coordinate': [873.5107992744151, 595.9622292158542], 'id': 13}
2019-09-05_00:42:49.065[Status]Routing 82: Walk: 82
2019-09-05_00:42:49.176[Battery Energy]86.17
2019-09-05_00:42:49.176[Status]Routing Start.
2019-09-05_00:42:49.363[Status]{'coordinate': [882.5658090216641, 600.2056710355597], 'id': 13}
2019-09-05_00:42:49.363[Status]Routing 83: Walk: 83
2019-09-05_00:42:49.463[Battery Energy]85.95
2019-09-05_00:42:49.463[Status]Routing Start.
2019-09-05_00:42:49.673[Status]{'coordinate': [891.6208187689131, 604.4491128552652], 'id': 13}
2019-09-05_00:42:49.673[Status]Routing 84: Walk: 84
2019-09-05_00:42:49.774[Battery Energy]85.72
2019-09-05_00:42:49.774[Status]Routing Start.
2019-09-05_00:42:49.962[Status]{'coordinate': [900.675828516162, 608.6925546749708], 'id': 13}
2019-09-05_00:42:49.962[Status]Routing 85: Walk: 85
2019-09-05_00:42:50.062[Battery Energy]85.49
2019-09-05_00:42:50.062[Status]Routing Start.
2019-09-05_00:42:50.238[Status]{'coordinate': [909.730838263411, 612.9359964946763], 'id': 13}
2019-09-05_00:42:50.238[Status]Routing 86: Walk: 86
2019-09-05_00:42:50.348[Battery Energy]85.25
2019-09-05_00:42:50.348[Status]Routing Start.
2019-09-05_00:42:50.538[Status]{'coordinate': [918.78584801066, 617.1794383143817], 'id': 13}
2019-09-05_00:42:50.538[Status]Routing 87: Walk: 87
2019-09-05_00:42:50.638[Battery Energy]85.04
2019-09-05_00:42:50.638[Status]Routing Start.
2019-09-05_00:42:50.980[Status]{'coordinate': [927.8408577579089, 621.4228801340873], 'id': 13}
2019-09-05_00:42:50.981[Status]Routing 88: Walk: 88
2019-09-05_00:42:51.084[Battery Energy]84.70
2019-09-05_00:42:51.084[Status]Routing Start.
2019-09-05_00:42:51.287[Status]{'coordinate': [936.8958675051579, 625.6663219537928], 'id': 13}
2019-09-05_00:42:51.287[Status]Routing 89: Walk: 89
2019-09-05_00:42:51.387[Battery Energy]84.49
2019-09-05_00:42:51.387[Status]Routing Start.
2019-09-05_00:42:51.661[Status]{'coordinate': [945.9508772524068, 629.9097637734983], 'id': 13}
2019-09-05_00:42:51.663[Status]Routing 90: Walk: 90
2019-09-05_00:42:51.768[Battery Energy]84.25
2019-09-05_00:42:51.768[Status]Routing Start.
2019-09-05_00:42:51.958[Status]{'coordinate': [955.0058869996558, 634.1532055932039], 'id': 13}
2019-09-05_00:42:51.958[Status]Routing 91: Walk: 91
2019-09-05_00:42:52.068[Battery Energy]84.03
2019-09-05_00:42:52.068[Status]Routing Start.
2019-09-05_00:42:52.439[Status]{'coordinate': [956.1745782447739, 644.0846788360609], 'id': 13}
2019-09-05_00:42:52.439[Status]Routing 92: Walk: 92
2019-09-05_00:42:52.539[Battery Energy]83.64
2019-09-05_00:42:52.539[Status]Routing Start.
2019-09-05_00:42:52.862[Status]{'coordinate': [965.3345340431331, 648.0965624051723], 'id': 13}
2019-09-05_00:42:52.862[Status]Routing 93: Walk: 93
2019-09-05_00:42:52.963[Battery Energy]83.26
2019-09-05_00:42:52.963[Status]Routing Start.
2019-09-05_00:42:53.301[Status]{'coordinate': [974.4944898414923, 652.1084459742838], 'id': 13}
2019-09-05_00:42:53.304[Status]Routing 94: Walk: 94
2019-09-05_00:42:53.404[Battery Energy]82.90
2019-09-05_00:42:53.404[Status]Routing Start.
2019-09-05_00:42:53.747[Status]{'coordinate': [983.6544456398515, 656.1203295433952], 'id': 13}
2019-09-05_00:42:53.747[Status]Routing 95: Walk: 95
2019-09-05_00:42:53.847[Battery Energy]82.50
2019-09-05_00:42:53.847[Status]Routing Start.
2019-09-05_00:42:54.209[Status]{'coordinate': [992.8144014382107, 660.1322131125066], 'id': 13}
2019-09-05_00:42:54.209[Status]Routing 96: Walk: 96
2019-09-05_00:42:54.309[Battery Energy]82.12
2019-09-05_00:42:54.309[Status]Routing Start.
2019-09-05_00:42:54.464[Status]{'coordinate': [1001.9743572365699, 664.1440966816181], 'id': 13}
2019-09-05_00:42:54.464[Status]Routing 97: Walk: 97
2019-09-05_00:42:54.576[Battery Energy]81.91
2019-09-05_00:42:54.576[Status]Routing Start.
2019-09-05_00:42:54.992[Status]{'coordinate': [1011.134313034929, 668.1559802507295], 'id': 13}
2019-09-05_00:42:54.992[Status]Routing 98: Walk: 98
2019-09-05_00:42:55.092[Battery Energy]81.57
2019-09-05_00:42:55.092[Status]Routing Start.
2019-09-05_00:42:55.410[Status]{'coordinate': [1020.2942688332882, 672.1678638198409], 'id': 13}
2019-09-05_00:42:55.414[Status]Routing 99: Walk: 99
2019-09-05_00:42:55.515[Battery Energy]81.27
2019-09-05_00:42:55.515[Status]Routing Start.
2019-09-05_00:42:55.861[Status]{'coordinate': [1029.4542246316473, 676.1797473889524], 'id': 13}
2019-09-05_00:42:55.861[Status]Routing 100: Walk: 100
2019-09-05_00:42:55.962[Battery Energy]80.93
2019-09-05_00:42:55.962[Status]Routing Start.
2019-09-05_00:42:56.222[Status]{'coordinate': [1038.6141804300064, 680.1916309580638], 'id': 13}
2019-09-05_00:42:56.222[Status]Routing 101: Walk: 101
2019-09-05_00:42:56.348[Battery Energy]80.69
2019-09-05_00:42:56.348[Status]Routing Start.
2019-09-05_00:42:56.741[Status]{'coordinate': [1047.7741362283655, 684.2035145271752], 'id': 13}
2019-09-05_00:42:56.742[Status]Routing 102: Walk: 102
2019-09-05_00:42:56.842[Battery Energy]80.40
2019-09-05_00:42:56.842[Status]Routing Start.
2019-09-05_00:42:57.220[Status]{'coordinate': [1056.9340920267246, 688.2153980962867], 'id': 13}
2019-09-05_00:42:57.220[Status]Routing 103: Walk: 103
2019-09-05_00:42:57.320[Battery Energy]80.09
2019-09-05_00:42:57.320[Status]Routing Start.
2019-09-05_00:42:57.493[Status]{'coordinate': [1066.0940478250836, 692.2272816653981], 'id': 13}
2019-09-05_00:42:57.493[Status]Routing 104: Walk: 104
2019-09-05_00:42:57.593[Battery Energy]79.89
2019-09-05_00:42:57.593[Status]Routing Start.
2019-09-05_00:42:58.034[Status]{'coordinate': [1075.2540036234427, 696.2391652345095], 'id': 13}
2019-09-05_00:42:58.035[Status]Routing 105: Walk: 105
2019-09-05_00:42:58.135[Battery Energy]79.52
2019-09-05_00:42:58.135[Status]Routing Start.
2019-09-05_00:42:58.304[Status]{'coordinate': [1084.4139594218018, 700.251048803621], 'id': 13}
2019-09-05_00:42:58.304[Status]Routing 106: Walk: 106
2019-09-05_00:42:58.416[Battery Energy]79.33
2019-09-05_00:42:58.416[Status]Routing Start.
2019-09-05_00:42:58.597[Status]{'coordinate': [1093.5739152201609, 704.2629323727324], 'id': 13}
2019-09-05_00:42:58.597[Status]Routing 107: Walk: 107
2019-09-05_00:42:58.697[Battery Energy]79.12
2019-09-05_00:42:58.697[Status]Routing Start.
2019-09-05_00:42:58.898[Status]{'coordinate': [1102.73387101852, 708.2748159418438], 'id': 13}
2019-09-05_00:42:58.898[Status]Routing 108: Walk: 108
2019-09-05_00:42:58.998[Battery Energy]78.87
2019-09-05_00:42:58.998[Status]Routing Start.
2019-09-05_00:42:59.369[Status]{'coordinate': [1111.893826816879, 712.2866995109553], 'id': 13}
2019-09-05_00:42:59.369[Status]Routing 109: Walk: 109
2019-09-05_00:42:59.469[Battery Energy]78.48
2019-09-05_00:42:59.469[Status]Routing Start.
2019-09-05_00:42:59.633[Status]{'coordinate': [1121.053782615238, 716.2985830800667], 'id': 13}
2019-09-05_00:42:59.633[Status]Routing 110: Walk: 110
2019-09-05_00:42:59.736[Battery Energy]78.27
2019-09-05_00:42:59.736[Status]Routing Start.
2019-09-05_00:43:00.115[Status]{'coordinate': [1130.2137384135972, 720.3104666491781], 'id': 13}
2019-09-05_00:43:00.115[Status]Routing 111: Walk: 111
2019-09-05_00:43:00.228[Battery Energy]78.01
2019-09-05_00:43:00.228[Status]Routing Start.
2019-09-05_00:43:00.578[Status]{'coordinate': [1139.3736942119563, 724.3223502182896], 'id': 13}
2019-09-05_00:43:00.578[Status]Routing 112: Walk: 112
2019-09-05_00:43:00.688[Battery Energy]77.71
2019-09-05_00:43:00.688[Status]Routing Start.
2019-09-05_00:43:01.012[Status]{'coordinate': [1148.5336500103153, 728.334233787401], 'id': 13}
2019-09-05_00:43:01.012[Status]Routing 113: Walk: 113
2019-09-05_00:43:01.112[Battery Energy]77.38
2019-09-05_00:43:01.112[Status]Routing Start.
2019-09-05_00:43:01.334[Status]{'coordinate': [1157.6936058086744, 732.3461173565124], 'id': 13}
2019-09-05_00:43:01.334[Status]Routing 114: Walk: 114
2019-09-05_00:43:01.436[Battery Energy]77.13
2019-09-05_00:43:01.436[Status]Routing Start.
2019-09-05_00:43:01.826[Status]{'coordinate': [1166.8535616070335, 736.3580009256239], 'id': 13}
2019-09-05_00:43:01.826[Status]Routing 115: Walk: 115
2019-09-05_00:43:01.932[Battery Energy]76.78
2019-09-05_00:43:01.932[Status]Routing Start.
2019-09-05_00:43:02.275[Status]{'coordinate': [1176.0135174053926, 740.3698844947353], 'id': 13}
2019-09-05_00:43:02.275[Status]Routing 116: Walk: 116
2019-09-05_00:43:02.380[Battery Energy]76.43
2019-09-05_00:43:02.380[Status]Routing Start.
2019-09-05_00:43:02.773[Status]{'coordinate': [1185.1734732037519, 744.3817680638466], 'id': 13}
2019-09-05_00:43:02.773[Status]Routing 117: Walk: 117
2019-09-05_00:43:02.920[Battery Energy]76.02
2019-09-05_00:43:02.920[Status]Routing Start.
2019-09-05_00:43:03.224[Status]{'coordinate': [1194.333429002111, 748.393651632958], 'id': 13}
2019-09-05_00:43:03.224[Status]Routing 118: Walk: 118
2019-09-05_00:43:03.324[Battery Energy]75.77
2019-09-05_00:43:03.324[Status]Routing Start.
2019-09-05_00:43:03.633[Status]{'coordinate': [1203.4933848004703, 752.4055352020694], 'id': 13}
2019-09-05_00:43:03.633[Status]Routing 119: Walk: 119
2019-09-05_00:43:03.740[Battery Energy]75.46
2019-09-05_00:43:03.740[Status]Routing Start.
2019-09-05_00:43:04.109[Status]{'coordinate': [1212.6533405988293, 756.4174187711808], 'id': 13}
2019-09-05_00:43:04.109[Status]Routing 120: Walk: 120
2019-09-05_00:43:04.210[Battery Energy]75.12
2019-09-05_00:43:04.210[Status]Routing Start.
2019-09-05_00:43:04.541[Status]{'coordinate': [1221.8132963971887, 760.4293023402921], 'id': 13}
2019-09-05_00:43:04.541[Status]Routing 121: Walk: 121
2019-09-05_00:43:04.648[Battery Energy]74.80
2019-09-05_00:43:04.648[Status]Routing Start.
2019-09-05_00:43:05.001[Status]{'coordinate': [1230.9732521955477, 764.4411859094035], 'id': 13}
2019-09-05_00:43:05.001[Status]Routing 122: Walk: 122
2019-09-05_00:43:05.112[Battery Energy]74.47
2019-09-05_00:43:05.112[Status]Routing Start.
2019-09-05_00:43:05.461[Status]{'coordinate': [1240.133207993907, 768.4530694785149], 'id': 13}
2019-09-05_00:43:05.461[Status]Routing 123: Walk: 123
2019-09-05_00:43:05.561[Battery Energy]74.18
2019-09-05_00:43:05.561[Status]Routing Start.
2019-09-05_00:43:05.771[Status]{'coordinate': [1249.2931637922661, 772.4649530476263], 'id': 13}
2019-09-05_00:43:05.771[Status]Routing 124: Walk: 124
2019-09-05_00:43:05.884[Battery Energy]73.96
2019-09-05_00:43:05.884[Status]Routing Start.
2019-09-05_00:43:06.070[Status]{'coordinate': [1258.4531195906254, 776.4768366167376], 'id': 13}
2019-09-05_00:43:06.070[Status]Routing 125: Walk: 125
2019-09-05_00:43:06.184[Battery Energy]73.75
2019-09-05_00:43:06.184[Status]Routing Start.
2019-09-05_00:43:06.184[Status]Task Finished.
2019-09-05_00:43:06.284[Battery Energy]73.75
2019-09-05_00:43:06.449[Status]Routing 127: Walk: 125
2019-09-05_00:43:06.549[Battery Energy]73.68
2019-09-05_00:43:06.817[Status]Routing 128: Walk: 125
2019-09-05_00:43:06.917[Battery Energy]73.47
2019-09-05_00:43:07.176[Status]Routing 129: Walk: 125
2019-09-05_00:43:07.280[Battery Energy]73.31
2019-09-05_00:43:07.453[Status]Routing 130: Walk: 125
2019-09-05_00:43:07.564[Battery Energy]73.17
2019-09-05_00:43:07.799[Status]Routing 131: Walk: 125
2019-09-05_00:43:07.928[Battery Energy]73.05
2019-09-05_00:43:08.212[Status]Routing 132: Walk: 125
2019-09-05_00:43:08.328[Battery Energy]72.95
2019-09-05_00:43:08.577[Status]Routing 133: Walk: 125
2019-09-05_00:43:08.684[Battery Energy]72.77
2019-09-05_00:43:08.851[Status]Routing 134: Walk: 125
2019-09-05_00:43:08.951[Battery Energy]72.64
2019-09-05_00:43:09.175[Status]Routing 135: Walk: 125
2019-09-05_00:43:09.275[Battery Energy]72.50
2019-09-05_00:43:09.522[Status]Routing 136: Walk: 125
2019-09-05_00:43:09.632[Battery Energy]72.35
2019-09-05_00:43:09.984[Status]Routing 137: Walk: 125
2019-09-05_00:43:10.096[Battery Energy]72.13
2019-09-05_00:43:10.254[Status]Routing 138: Walk: 125
2019-09-05_00:43:10.354[Battery Energy]72.01
2019-09-05_00:43:10.508[Status]Routing 139: Walk: 125
2019-09-05_00:43:10.616[Battery Energy]71.90
2019-09-05_00:43:10.843[Status]Routing 140: Walk: 125
2019-09-05_00:43:10.943[Battery Energy]71.76
2019-09-05_00:43:11.240[Status]Routing 141: Walk: 125
2019-09-05_00:43:11.340[Battery Energy]71.58
2019-09-05_00:43:11.534[Status]Routing 142: Walk: 125
2019-09-05_00:43:11.634[Battery Energy]71.46
2019-09-05_00:43:11.826[Status]Routing 143: Walk: 125
2019-09-05_00:43:11.926[Battery Energy]71.35
2019-09-05_00:43:12.117[Status]Routing 144: Walk: 125
2019-09-05_00:43:12.217[Battery Energy]71.22
2019-09-05_00:43:12.418[Status]Routing 145: Walk: 125
2019-09-05_00:43:12.532[Battery Energy]71.10
2019-09-05_00:43:12.802[Status]Routing 146: Walk: 125
2019-09-05_00:43:12.903[Battery Energy]71.00
2019-09-05_00:43:13.113[Status]Routing 147: Walk: 125
2019-09-05_00:43:13.236[Battery Energy]70.87
2019-09-05_00:43:13.445[Status]Routing 148: Walk: 125
2019-09-05_00:43:13.546[Battery Energy]70.76
2019-09-05_00:43:13.779[Status]Routing 149: Walk: 125
2019-09-05_00:43:13.880[Battery Energy]70.63
2019-09-05_00:43:14.058[Status]Routing 150: Walk: 125
2019-09-05_00:43:14.168[Battery Energy]70.49
2019-09-05_00:43:14.332[Status]Routing 151: Walk: 125
2019-09-05_00:43:14.448[Battery Energy]70.38
2019-09-05_00:43:14.600[Status]Routing 152: Walk: 125
2019-09-05_00:43:14.708[Battery Energy]70.28
2019-09-05_00:43:14.857[Status]Routing 153: Walk: 125
2019-09-05_00:43:14.960[Battery Energy]70.17
2019-09-05_00:43:15.116[Status]Routing 154: Walk: 125
2019-09-05_00:43:15.224[Battery Energy]70.05
2019-09-05_00:43:15.389[Status]Routing 155: Walk: 125
2019-09-05_00:43:15.490[Battery Energy]69.93
2019-09-05_00:43:15.719[Status]Routing 156: Walk: 125
2019-09-05_00:43:15.824[Battery Energy]69.78
2019-09-05_00:43:16.019[Status]Routing 157: Walk: 125
2019-09-05_00:43:16.124[Battery Energy]69.65
2019-09-05_00:43:16.289[Status]Routing 158: Walk: 125
2019-09-05_00:43:16.400[Battery Energy]69.52
2019-09-05_00:43:16.581[Status]Routing 159: Walk: 125
2019-09-05_00:43:16.681[Battery Energy]69.40
2019-09-05_00:43:16.923[Status]Routing 160: Walk: 125
2019-09-05_00:43:17.043[Battery Energy]69.29
2019-09-05_00:43:17.195[Status]Routing 161: Walk: 125
2019-09-05_00:43:17.304[Battery Energy]69.20
2019-09-05_00:43:17.477[Status]Routing 162: Walk: 125
2019-09-05_00:43:17.585[Battery Energy]69.08
2019-09-05_00:43:17.711[Status]Routing 163: Walk: 125
2019-09-05_00:43:17.832[Battery Energy]68.98
2019-09-05_00:43:17.987[Status]Routing 164: Walk: 125
2019-09-05_00:43:18.088[Battery Energy]68.88
2019-09-05_00:43:18.276[Status]Routing 165: Walk: 125
2019-09-05_00:43:18.377[Battery Energy]68.75
2019-09-05_00:43:18.638[Status]Routing 166: Walk: 125
2019-09-05_00:43:18.744[Battery Energy]68.62
2019-09-05_00:43:19.048[Status]Routing 167: Walk: 125
2019-09-05_00:43:19.149[Battery Energy]68.44
2019-09-05_00:43:19.362[Status]Routing 168: Walk: 125
2019-09-05_00:43:19.468[Battery Energy]68.32
