2019-09-05_00:42:05.116[Status]Start.
2019-09-05_00:42:05.116[Battery Energy]112.00
2019-09-05_00:42:06.219[Battery Energy]111.96
2019-09-05_00:42:07.320[Battery Energy]111.92
2019-09-05_00:42:08.421[Battery Energy]111.88
2019-09-05_00:42:09.523[Battery Energy]111.84
2019-09-05_00:42:10.624[Task]A New Task Released.
2019-09-05_00:42:10.624[Battery Energy]111.80
2019-09-05_00:42:10.624[Status]Selection Start.
2019-09-05_00:42:13.744[Status]Selection End: Do Task 0.
2019-09-05_00:42:13.844[Battery Energy]109.66
2019-09-05_00:42:13.844[Status]Formation Start.
2019-09-05_00:42:14.079[Status]Formation End: To Position 0.
2019-09-05_00:42:14.179[Battery Energy]109.47
2019-09-05_00:42:14.179[Status]Routing Start.
2019-09-05_00:42:14.423[Status]{'coordinate': [134.38623250379982, 331.4494404451464], 'id': 5}
2019-09-05_00:42:14.423[Status]Routing 1: Walk: 1
2019-09-05_00:42:14.540[Battery Energy]109.25
2019-09-05_00:42:14.540[Status]Routing Start.
2019-09-05_00:42:14.731[Status]{'coordinate': [143.77246500759964, 334.89888089029284], 'id': 5}
2019-09-05_00:42:14.731[Status]Routing 2: Walk: 2
2019-09-05_00:42:14.848[Battery Energy]109.04
2019-09-05_00:42:14.848[Status]Routing Start.
2019-09-05_00:42:15.091[Status]{'coordinate': [153.15869751139945, 338.34832133543927], 'id': 5}
2019-09-05_00:42:15.091[Status]Routing 3: Walk: 3
2019-09-05_00:42:15.200[Battery Energy]108.75
2019-09-05_00:42:15.200[Status]Routing Start.
2019-09-05_00:42:15.438[Status]{'coordinate': [162.54493001519927, 341.7977617805857], 'id': 5}
2019-09-05_00:42:15.439[Status]Routing 4: Walk: 4
2019-09-05_00:42:15.540[Battery Energy]108.51
2019-09-05_00:42:15.540[Status]Routing Start.
2019-09-05_00:42:15.723[Status]{'coordinate': [171.9311625189991, 345.2472022257321], 'id': 5}
2019-09-05_00:42:15.725[Status]Routing 5: Walk: 5
2019-09-05_00:42:15.836[Battery Energy]108.29
2019-09-05_00:42:15.836[Status]Routing Start.
2019-09-05_00:42:16.207[Status]{'coordinate': [181.3173950227989, 348.69664267087853], 'id': 5}
2019-09-05_00:42:16.207[Status]Routing 6: Walk: 6
2019-09-05_00:42:16.308[Battery Energy]107.93
2019-09-05_00:42:16.308[Status]Routing Start.
2019-09-05_00:42:16.660[Status]{'coordinate': [190.70362752659872, 352.14608311602495], 'id': 5}
2019-09-05_00:42:16.660[Status]Routing 7: Walk: 7
2019-09-05_00:42:16.760[Battery Energy]107.65
2019-09-05_00:42:16.760[Status]Routing Start.
2019-09-05_00:42:17.182[Status]{'coordinate': [200.08986003039854, 355.5955235611714], 'id': 5}
2019-09-05_00:42:17.183[Status]Routing 8: Walk: 8
2019-09-05_00:42:17.292[Battery Energy]107.35
2019-09-05_00:42:17.292[Status]Routing Start.
2019-09-05_00:42:17.612[Status]{'coordinate': [209.47609253419836, 359.0449640063178], 'id': 5}
2019-09-05_00:42:17.612[Status]Routing 9: Walk: 9
2019-09-05_00:42:17.716[Battery Energy]107.03
2019-09-05_00:42:17.716[Status]Routing Start.
2019-09-05_00:42:18.154[Status]{'coordinate': [218.86232503799818, 362.4944044514642], 'id': 5}
2019-09-05_00:42:18.154[Status]Routing 10: Walk: 10
2019-09-05_00:42:18.255[Battery Energy]106.70
2019-09-05_00:42:18.255[Status]Routing Start.
2019-09-05_00:42:18.703[Status]{'coordinate': [228.248557541798, 365.94384489661064], 'id': 5}
2019-09-05_00:42:18.703[Status]Routing 11: Walk: 11
2019-09-05_00:42:18.804[Battery Energy]106.37
2019-09-05_00:42:18.804[Status]Routing Start.
2019-09-05_00:42:19.174[Status]{'coordinate': [237.6347900455978, 369.39328534175706], 'id': 5}
2019-09-05_00:42:19.174[Status]Routing 12: Walk: 12
2019-09-05_00:42:19.276[Battery Energy]106.07
2019-09-05_00:42:19.276[Status]Routing Start.
2019-09-05_00:42:19.718[Status]{'coordinate': [247.02102254939763, 372.8427257869035], 'id': 5}
2019-09-05_00:42:19.718[Status]Routing 13: Walk: 13
2019-09-05_00:42:19.824[Battery Energy]105.69
2019-09-05_00:42:19.824[Status]Routing Start.
2019-09-05_00:42:20.222[Status]{'coordinate': [256.40725505319745, 376.2921662320499], 'id': 5}
2019-09-05_00:42:20.222[Status]Routing 14: Walk: 14
2019-09-05_00:42:20.323[Battery Energy]105.34
2019-09-05_00:42:20.323[Status]Routing Start.
2019-09-05_00:42:20.744[Status]{'coordinate': [265.79348755699726, 379.74160667719633], 'id': 5}
2019-09-05_00:42:20.744[Status]Routing 15: Walk: 15
2019-09-05_00:42:20.844[Battery Energy]105.00
2019-09-05_00:42:20.844[Status]Routing Start.
2019-09-05_00:42:21.219[Status]{'coordinate': [275.1797200607971, 383.19104712234275], 'id': 5}
2019-09-05_00:42:21.220[Status]Routing 16: Walk: 16
2019-09-05_00:42:21.320[Battery Energy]104.63
2019-09-05_00:42:21.320[Status]Routing Start.
2019-09-05_00:42:21.730[Status]{'coordinate': [284.5659525645969, 386.6404875674892], 'id': 5}
2019-09-05_00:42:21.730[Status]Routing 17: Walk: 17
2019-09-05_00:42:21.831[Battery Energy]104.25
2019-09-05_00:42:21.831[Status]Routing Start.
2019-09-05_00:42:22.274[Status]{'coordinate': [293.9521850683967, 390.0899280126356], 'id': 5}
2019-09-05_00:42:22.274[Status]Routing 18: Walk: 18
2019-09-05_00:42:22.374[Battery Energy]103.91
2019-09-05_00:42:22.374[Status]Routing Start.
2019-09-05_00:42:22.748[Status]{'coordinate': [303.33841757219653, 393.539368457782], 'id': 5}
2019-09-05_00:42:22.749[Status]Routing 19: Walk: 19
2019-09-05_00:42:22.849[Battery Energy]103.58
2019-09-05_00:42:22.849[Status]Routing Start.
2019-09-05_00:42:23.240[Status]{'coordinate': [312.72465007599635, 396.98880890292844], 'id': 5}
2019-09-05_00:42:23.241[Status]Routing 20: Walk: 20
2019-09-05_00:42:23.344[Battery Energy]103.26
2019-09-05_00:42:23.344[Status]Routing Start.
2019-09-05_00:42:23.729[Status]{'coordinate': [322.11088257979617, 400.43824934807486], 'id': 5}
2019-09-05_00:42:23.729[Status]Routing 21: Walk: 21
2019-09-05_00:42:23.829[Battery Energy]102.89
2019-09-05_00:42:23.829[Status]Routing Start.
2019-09-05_00:42:23.965[Status]{'coordinate': [331.497115083596, 403.8876897932213], 'id': 5}
2019-09-05_00:42:23.965[Status]Routing 22: Walk: 22
2019-09-05_00:42:24.065[Battery Energy]102.68
2019-09-05_00:42:24.065[Status]Routing Start.
2019-09-05_00:42:24.221[Status]{'coordinate': [340.8833475873958, 407.3371302383677], 'id': 5}
2019-09-05_00:42:24.223[Status]Routing 23: Walk: 23
2019-09-05_00:42:24.323[Battery Energy]102.47
2019-09-05_00:42:24.323[Status]Routing Start.
2019-09-05_00:42:24.603[Status]{'coordinate': [350.2695800911956, 410.7865706835141], 'id': 5}
2019-09-05_00:42:24.603[Status]Routing 24: Walk: 24
2019-09-05_00:42:24.703[Battery Energy]102.18
2019-09-05_00:42:24.724[Status]Routing Start.
2019-09-05_00:42:25.272[Status]Routing 25: Walk: 24
2019-09-05_00:42:25.372[Battery Energy]101.72
2019-09-05_00:42:25.372[Status]Routing Start.
2019-09-05_00:42:25.803[Status]Routing 26: Walk: 24
2019-09-05_00:42:25.904[Battery Energy]101.36
2019-09-05_00:42:25.904[Status]Routing Start.
2019-09-05_00:42:26.292[Status]Routing 27: Walk: 24
2019-09-05_00:42:26.393[Battery Energy]101.03
2019-09-05_00:42:26.393[Status]Routing Start.
2019-09-05_00:42:26.775[Status]Routing 28: Walk: 24
2019-09-05_00:42:26.875[Battery Energy]100.66
2019-09-05_00:42:26.875[Status]Routing Start.
2019-09-05_00:42:27.261[Status]{'coordinate': [350.0817985741081, 420.78480743315356], 'id': 5}
2019-09-05_00:42:27.261[Status]Routing 29: Walk: 25
2019-09-05_00:42:27.361[Battery Energy]100.30
2019-09-05_00:42:27.361[Status]Routing Start.
2019-09-05_00:42:27.722[Status]{'coordinate': [359.6335177675402, 423.7453243558922], 'id': 5}
2019-09-05_00:42:27.722[Status]Routing 30: Walk: 26
2019-09-05_00:42:27.822[Battery Energy]99.96
2019-09-05_00:42:27.822[Status]Routing Start.
2019-09-05_00:42:28.149[Status]Routing 31: Walk: 26
2019-09-05_00:42:28.249[Battery Energy]99.68
2019-09-05_00:42:28.249[Status]Routing Start.
2019-09-05_00:42:28.613[Status]{'coordinate': [369.18523696097225, 426.7058412786308], 'id': 5}
2019-09-05_00:42:28.613[Status]Routing 32: Walk: 27
2019-09-05_00:42:28.716[Battery Energy]99.30
2019-09-05_00:42:28.716[Status]Routing Start.
2019-09-05_00:42:29.065[Status]{'coordinate': [378.7369561544043, 429.66635820136946], 'id': 5}
2019-09-05_00:42:29.065[Status]Routing 33: Walk: 28
2019-09-05_00:42:29.165[Battery Energy]98.92
2019-09-05_00:42:29.165[Status]Routing Start.
2019-09-05_00:42:29.526[Status]Routing 34: Walk: 28
2019-09-05_00:42:29.626[Battery Energy]98.57
2019-09-05_00:42:29.626[Status]Routing Start.
2019-09-05_00:42:29.993[Status]Routing 35: Walk: 28
2019-09-05_00:42:30.093[Battery Energy]98.24
2019-09-05_00:42:30.093[Status]Routing Start.
2019-09-05_00:42:30.403[Status]{'coordinate': [388.2886753478364, 432.6268751241081], 'id': 5}
2019-09-05_00:42:30.404[Status]Routing 36: Walk: 29
2019-09-05_00:42:30.505[Battery Energy]97.88
2019-09-05_00:42:30.505[Status]Routing Start.
2019-09-05_00:42:30.785[Status]Routing 37: Walk: 29
2019-09-05_00:42:30.885[Battery Energy]97.62
2019-09-05_00:42:30.885[Status]Routing Start.
2019-09-05_00:42:31.253[Status]Routing 38: Walk: 29
2019-09-05_00:42:31.360[Battery Energy]97.30
2019-09-05_00:42:31.360[Status]Routing Start.
2019-09-05_00:42:31.713[Status]{'coordinate': [397.84039454126844, 435.58739204684673], 'id': 5}
2019-09-05_00:42:31.713[Status]Routing 39: Walk: 30
2019-09-05_00:42:31.813[Battery Energy]96.86
2019-09-05_00:42:31.813[Status]Routing Start.
2019-09-05_00:42:32.153[Status]Routing 40: Walk: 30
2019-09-05_00:42:32.253[Battery Energy]96.57
2019-09-05_00:42:32.253[Status]Routing Start.
2019-09-05_00:42:32.638[Status]{'coordinate': [407.3921137347005, 438.54790896958536], 'id': 5}
2019-09-05_00:42:32.638[Status]Routing 41: Walk: 31
2019-09-05_00:42:32.739[Battery Energy]96.19
2019-09-05_00:42:32.739[Status]Routing Start.
2019-09-05_00:42:33.111[Status]Routing 42: Walk: 31
2019-09-05_00:42:33.223[Battery Energy]95.87
2019-09-05_00:42:33.223[Status]Routing Start.
2019-09-05_00:42:33.655[Status]{'coordinate': [416.94383292813257, 441.50842589232406], 'id': 5}
2019-09-05_00:42:33.655[Status]Routing 43: Walk: 32
2019-09-05_00:42:33.756[Battery Energy]95.44
2019-09-05_00:42:33.756[Status]Routing Start.
2019-09-05_00:42:34.094[Status]{'coordinate': [426.49555212156463, 444.46894281506275], 'id': 5}
2019-09-05_00:42:34.094[Status]Routing 44: Walk: 33
2019-09-05_00:42:34.194[Battery Energy]95.10
2019-09-05_00:42:34.194[Status]Routing Start.
2019-09-05_00:42:34.620[Status]Routing 45: Walk: 33
2019-09-05_00:42:34.724[Battery Energy]94.72
2019-09-05_00:42:34.724[Status]Routing Start.
2019-09-05_00:42:35.043[Status]Routing 46: Walk: 33
2019-09-05_00:42:35.143[Battery Energy]94.45
2019-09-05_00:42:35.143[Status]Routing Start.
2019-09-05_00:42:35.498[Status]{'coordinate': [436.0472713149967, 447.4294597378014], 'id': 5}
2019-09-05_00:42:35.498[Status]Routing 47: Walk: 34
2019-09-05_00:42:35.599[Battery Energy]94.04
2019-09-05_00:42:35.599[Status]Routing Start.
2019-09-05_00:42:36.007[Status]Routing 48: Walk: 34
2019-09-05_00:42:36.107[Battery Energy]93.70
2019-09-05_00:42:36.107[Status]Routing Start.
2019-09-05_00:42:36.471[Status]Routing 49: Walk: 34
2019-09-05_00:42:36.571[Battery Energy]93.37
2019-09-05_00:42:36.571[Status]Routing Start.
2019-09-05_00:42:36.900[Status]{'coordinate': [445.59899050842876, 450.38997666054007], 'id': 5}
2019-09-05_00:42:36.900[Status]Routing 50: Walk: 35
2019-09-05_00:42:37.000[Battery Energy]93.00
2019-09-05_00:42:37.000[Status]Routing Start.
2019-09-05_00:42:37.361[Status]{'coordinate': [455.1507097018608, 453.35049358327876], 'id': 5}
2019-09-05_00:42:37.361[Status]Routing 51: Walk: 36
2019-09-05_00:42:37.462[Battery Energy]92.58
2019-09-05_00:42:37.462[Status]Routing Start.
2019-09-05_00:42:37.865[Status]{'coordinate': [464.7024288952929, 456.3110105060174], 'id': 5}
2019-09-05_00:42:37.865[Status]Routing 52: Walk: 37
2019-09-05_00:42:37.966[Battery Energy]92.20
2019-09-05_00:42:37.966[Status]Routing Start.
2019-09-05_00:42:38.224[Status]{'coordinate': [474.25414808872495, 459.2715274287561], 'id': 5}
2019-09-05_00:42:38.224[Status]Routing 53: Walk: 38
2019-09-05_00:42:38.324[Battery Energy]91.87
2019-09-05_00:42:38.325[Status]Routing Start.
2019-09-05_00:42:38.617[Status]{'coordinate': [483.805867282157, 462.2320443514947], 'id': 5}
2019-09-05_00:42:38.617[Status]Routing 54: Walk: 39
2019-09-05_00:42:38.728[Battery Energy]91.58
2019-09-05_00:42:38.728[Status]Routing Start.
2019-09-05_00:42:38.899[Status]{'coordinate': [493.3575864755891, 465.1925612742334], 'id': 5}
2019-09-05_00:42:38.899[Status]Routing 55: Walk: 40
2019-09-05_00:42:39.012[Battery Energy]91.38
2019-09-05_00:42:39.012[Status]Routing Start.
2019-09-05_00:42:39.162[Status]{'coordinate': [502.90930566902114, 468.1530781969721], 'id': 5}
2019-09-05_00:42:39.163[Status]Routing 56: Walk: 41
2019-09-05_00:42:39.284[Battery Energy]91.19
2019-09-05_00:42:39.284[Status]Routing Start.
2019-09-05_00:42:39.551[Status]{'coordinate': [512.4610248624532, 471.11359511971074], 'id': 5}
2019-09-05_00:42:39.552[Status]Routing 57: Walk: 42
2019-09-05_00:42:39.656[Battery Energy]90.89
2019-09-05_00:42:39.656[Status]Routing Start.
2019-09-05_00:42:40.002[Status]{'coordinate': [522.0127440558853, 474.0741120424494], 'id': 5}
2019-09-05_00:42:40.002[Status]Routing 58: Walk: 43
2019-09-05_00:42:40.108[Battery Energy]90.58
2019-09-05_00:42:40.108[Status]Routing Start.
2019-09-05_00:42:40.108[Status]Task Finished.
2019-09-05_00:42:40.208[Battery Energy]90.58
2019-09-05_00:42:40.429[Status]Routing 60: Walk: 43
2019-09-05_00:42:40.539[Battery Energy]90.42
2019-09-05_00:42:40.897[Status]Routing 61: Walk: 43
2019-09-05_00:42:41.000[Battery Energy]90.20
2019-09-05_00:42:41.324[Status]Routing 62: Walk: 43
2019-09-05_00:42:41.428[Battery Energy]90.01
2019-09-05_00:42:41.750[Status]Routing 63: Walk: 43
2019-09-05_00:42:41.850[Battery Energy]89.79
2019-09-05_00:42:42.202[Status]Routing 64: Walk: 43
2019-09-05_00:42:42.308[Battery Energy]89.57
2019-09-05_00:42:42.753[Status]Routing 65: Walk: 43
2019-09-05_00:42:42.855[Battery Energy]89.34
2019-09-05_00:42:43.240[Status]Routing 66: Walk: 43
2019-09-05_00:42:43.345[Battery Energy]89.05
2019-09-05_00:42:43.521[Status]Routing 67: Walk: 43
2019-09-05_00:42:43.632[Battery Energy]88.93
2019-09-05_00:42:43.955[Status]Routing 68: Walk: 43
2019-09-05_00:42:44.057[Battery Energy]88.77
2019-09-05_00:42:44.385[Status]Routing 69: Walk: 43
2019-09-05_00:42:44.488[Battery Energy]88.46
2019-09-05_00:42:44.626[Status]Routing 70: Walk: 43
2019-09-05_00:42:44.727[Battery Energy]88.35
2019-09-05_00:42:45.060[Status]Routing 71: Walk: 43
2019-09-05_00:42:45.164[Battery Energy]88.17
2019-09-05_00:42:45.430[Status]Routing 72: Walk: 43
2019-09-05_00:42:45.530[Battery Energy]88.00
2019-09-05_00:42:45.761[Status]Routing 73: Walk: 43
2019-09-05_00:42:45.861[Battery Energy]87.82
2019-09-05_00:42:46.042[Status]Routing 74: Walk: 43
2019-09-05_00:42:46.142[Battery Energy]87.69
2019-09-05_00:42:46.326[Status]Routing 75: Walk: 43
2019-09-05_00:42:46.428[Battery Energy]87.54
2019-09-05_00:42:46.767[Status]Routing 76: Walk: 43
2019-09-05_00:42:46.871[Battery Energy]87.30
2019-09-05_00:42:47.233[Status]Routing 77: Walk: 43
2019-09-05_00:42:47.334[Battery Energy]87.13
2019-09-05_00:42:47.649[Status]Routing 78: Walk: 43
2019-09-05_00:42:47.754[Battery Energy]86.93
2019-09-05_00:42:47.943[Status]Routing 79: Walk: 43
2019-09-05_00:42:48.043[Battery Energy]86.82
2019-09-05_00:42:48.264[Status]Routing 80: Walk: 43
2019-09-05_00:42:48.378[Battery Energy]86.68
2019-09-05_00:42:48.520[Status]Routing 81: Walk: 43
2019-09-05_00:42:48.628[Battery Energy]86.58
2019-09-05_00:42:48.783[Status]Routing 82: Walk: 43
2019-09-05_00:42:48.887[Battery Energy]86.44
2019-09-05_00:42:49.054[Status]Routing 83: Walk: 43
2019-09-05_00:42:49.160[Battery Energy]86.34
2019-09-05_00:42:49.363[Status]Routing 84: Walk: 43
2019-09-05_00:42:49.465[Battery Energy]86.21
2019-09-05_00:42:49.673[Status]Routing 85: Walk: 43
2019-09-05_00:42:49.773[Battery Energy]86.07
2019-09-05_00:42:49.976[Status]Routing 86: Walk: 43
2019-09-05_00:42:50.084[Battery Energy]85.95
2019-09-05_00:42:50.251[Status]Routing 87: Walk: 43
2019-09-05_00:42:50.351[Battery Energy]85.82
2019-09-05_00:42:50.536[Status]Routing 88: Walk: 43
2019-09-05_00:42:50.644[Battery Energy]85.71
2019-09-05_00:42:50.982[Status]Routing 89: Walk: 43
2019-09-05_00:42:51.111[Battery Energy]85.47
2019-09-05_00:42:51.285[Status]Routing 90: Walk: 43
2019-09-05_00:42:51.385[Battery Energy]85.38
2019-09-05_00:42:51.663[Status]Routing 91: Walk: 43
2019-09-05_00:42:51.806[Battery Energy]85.20
2019-09-05_00:42:51.957[Status]Routing 92: Walk: 43
2019-09-05_00:42:52.057[Battery Energy]85.08
2019-09-05_00:42:52.273[Status]Routing 93: Walk: 43
2019-09-05_00:42:52.373[Battery Energy]84.87
2019-09-05_00:42:52.677[Status]Routing 94: Walk: 43
2019-09-05_00:42:52.777[Battery Energy]84.67
2019-09-05_00:42:53.127[Status]Routing 95: Walk: 43
2019-09-05_00:42:53.227[Battery Energy]84.42
2019-09-05_00:42:53.595[Status]Routing 96: Walk: 43
2019-09-05_00:42:53.695[Battery Energy]84.20
2019-09-05_00:42:54.009[Status]Routing 97: Walk: 43
2019-09-05_00:42:54.111[Battery Energy]83.96
2019-09-05_00:42:54.463[Status]Routing 98: Walk: 43
2019-09-05_00:42:54.572[Battery Energy]83.75
2019-09-05_00:42:54.989[Status]Routing 99: Walk: 43
2019-09-05_00:42:55.096[Battery Energy]83.50
2019-09-05_00:42:55.413[Status]Routing 100: Walk: 43
2019-09-05_00:42:55.520[Battery Energy]83.31
2019-09-05_00:42:55.861[Status]Routing 101: Walk: 43
2019-09-05_00:42:55.968[Battery Energy]83.07
2019-09-05_00:42:56.216[Status]Routing 102: Walk: 43
2019-09-05_00:42:56.316[Battery Energy]82.96
2019-09-05_00:42:56.746[Status]Routing 103: Walk: 43
2019-09-05_00:42:56.864[Battery Energy]82.72
2019-09-05_00:42:57.224[Status]Routing 104: Walk: 43
2019-09-05_00:42:57.324[Battery Energy]82.57
2019-09-05_00:42:57.497[Status]Routing 105: Walk: 43
2019-09-05_00:42:57.604[Battery Energy]82.44
2019-09-05_00:42:58.032[Status]Routing 106: Walk: 43
2019-09-05_00:42:58.144[Battery Energy]82.17
2019-09-05_00:42:58.307[Status]Routing 107: Walk: 43
2019-09-05_00:42:58.407[Battery Energy]82.08
2019-09-05_00:42:58.600[Status]Routing 108: Walk: 43
2019-09-05_00:42:58.716[Battery Energy]81.99
2019-09-05_00:42:58.898[Status]Routing 109: Walk: 43
2019-09-05_00:42:59.008[Battery Energy]81.84
2019-09-05_00:42:59.367[Status]Routing 110: Walk: 43
2019-09-05_00:42:59.472[Battery Energy]81.70
2019-09-05_00:42:59.635[Status]Routing 111: Walk: 43
2019-09-05_00:42:59.748[Battery Energy]81.58
2019-09-05_00:43:00.113[Status]Routing 112: Walk: 43
2019-09-05_00:43:00.216[Battery Energy]81.32
2019-09-05_00:43:00.568[Status]Routing 113: Walk: 43
2019-09-05_00:43:00.669[Battery Energy]81.06
2019-09-05_00:43:01.015[Status]Routing 114: Walk: 43
2019-09-05_00:43:01.116[Battery Energy]80.85
2019-09-05_00:43:01.335[Status]Routing 115: Walk: 43
2019-09-05_00:43:01.435[Battery Energy]80.71
2019-09-05_00:43:01.824[Status]Routing 116: Walk: 43
2019-09-05_00:43:01.924[Battery Energy]80.47
2019-09-05_00:43:02.276[Status]Routing 117: Walk: 43
2019-09-05_00:43:02.376[Battery Energy]80.27
2019-09-05_00:43:02.774[Status]Routing 118: Walk: 43
2019-09-05_00:43:02.875[Battery Energy]80.03
2019-09-05_00:43:03.219[Status]Routing 119: Walk: 43
2019-09-05_00:43:03.319[Battery Energy]79.81
2019-09-05_00:43:03.641[Status]Routing 120: Walk: 43
2019-09-05_00:43:03.748[Battery Energy]79.61
2019-09-05_00:43:04.113[Status]Routing 121: Walk: 43
2019-09-05_00:43:04.213[Battery Energy]79.37
2019-09-05_00:43:04.542[Status]Routing 122: Walk: 43
2019-09-05_00:43:04.652[Battery Energy]79.16
2019-09-05_00:43:05.001[Status]Routing 123: Walk: 43
2019-09-05_00:43:05.120[Battery Energy]78.96
2019-09-05_00:43:05.463[Status]Routing 124: Walk: 43
2019-09-05_00:43:05.568[Battery Energy]78.77
2019-09-05_00:43:05.771[Status]Routing 125: Walk: 43
2019-09-05_00:43:05.871[Battery Energy]78.66
2019-09-05_00:43:06.069[Status]Routing 126: Walk: 43
2019-09-05_00:43:06.176[Battery Energy]78.55
2019-09-05_00:43:06.451[Status]Routing 127: Walk: 43
2019-09-05_00:43:06.555[Battery Energy]78.39
2019-09-05_00:43:06.819[Status]Routing 128: Walk: 43
2019-09-05_00:43:06.923[Battery Energy]78.21
2019-09-05_00:43:07.187[Status]Routing 129: Walk: 43
2019-09-05_00:43:07.287[Battery Energy]78.02
2019-09-05_00:43:07.450[Status]Routing 130: Walk: 43
2019-09-05_00:43:07.560[Battery Energy]77.92
2019-09-05_00:43:07.795[Status]Routing 131: Walk: 43
2019-09-05_00:43:07.895[Battery Energy]77.77
2019-09-05_00:43:08.214[Status]Routing 132: Walk: 43
2019-09-05_00:43:08.320[Battery Energy]77.61
2019-09-05_00:43:08.576[Status]Routing 133: Walk: 43
2019-09-05_00:43:08.688[Battery Energy]77.50
2019-09-05_00:43:08.852[Status]Routing 134: Walk: 43
2019-09-05_00:43:08.956[Battery Energy]77.38
2019-09-05_00:43:09.173[Status]Routing 135: Walk: 43
2019-09-05_00:43:09.273[Battery Energy]77.26
2019-09-05_00:43:09.517[Status]Routing 136: Walk: 43
2019-09-05_00:43:09.620[Battery Energy]77.12
2019-09-05_00:43:09.980[Status]Routing 137: Walk: 43
2019-09-05_00:43:10.081[Battery Energy]76.86
2019-09-05_00:43:10.252[Status]Routing 138: Walk: 43
2019-09-05_00:43:10.358[Battery Energy]76.78
2019-09-05_00:43:10.510[Status]Routing 139: Walk: 43
2019-09-05_00:43:10.620[Battery Energy]76.70
2019-09-05_00:43:10.837[Status]Routing 140: Walk: 43
2019-09-05_00:43:10.948[Battery Energy]76.60
2019-09-05_00:43:11.239[Status]Routing 141: Walk: 43
2019-09-05_00:43:11.348[Battery Energy]76.42
2019-09-05_00:43:11.540[Status]Routing 142: Walk: 43
2019-09-05_00:43:11.648[Battery Energy]76.30
2019-09-05_00:43:11.827[Status]Routing 143: Walk: 43
2019-09-05_00:43:11.929[Battery Energy]76.17
2019-09-05_00:43:12.111[Status]Routing 144: Walk: 43
2019-09-05_00:43:12.211[Battery Energy]76.06
2019-09-05_00:43:12.417[Status]Routing 145: Walk: 43
2019-09-05_00:43:12.529[Battery Energy]75.97
2019-09-05_00:43:12.798[Status]Routing 146: Walk: 43
2019-09-05_00:43:12.899[Battery Energy]75.80
2019-09-05_00:43:13.113[Status]Routing 147: Walk: 43
2019-09-05_00:43:13.228[Battery Energy]75.68
2019-09-05_00:43:13.441[Status]Routing 148: Walk: 43
2019-09-05_00:43:13.560[Battery Energy]75.52
2019-09-05_00:43:13.774[Status]Routing 149: Walk: 43
2019-09-05_00:43:13.880[Battery Energy]75.39
2019-09-05_00:43:14.060[Status]Routing 150: Walk: 43
2019-09-05_00:43:14.176[Battery Energy]75.27
2019-09-05_00:43:14.333[Status]Routing 151: Walk: 43
2019-09-05_00:43:14.452[Battery Energy]75.16
2019-09-05_00:43:14.597[Status]Routing 152: Walk: 43
2019-09-05_00:43:14.697[Battery Energy]75.08
2019-09-05_00:43:14.854[Status]Routing 153: Walk: 43
2019-09-05_00:43:14.954[Battery Energy]74.97
2019-09-05_00:43:15.117[Status]Routing 154: Walk: 43
2019-09-05_00:43:15.225[Battery Energy]74.85
2019-09-05_00:43:15.387[Status]Routing 155: Walk: 43
2019-09-05_00:43:15.495[Battery Energy]74.75
2019-09-05_00:43:15.713[Status]Routing 156: Walk: 43
2019-09-05_00:43:15.813[Battery Energy]74.63
2019-09-05_00:43:16.023[Status]Routing 157: Walk: 43
2019-09-05_00:43:16.123[Battery Energy]74.53
2019-09-05_00:43:16.288[Status]Routing 158: Walk: 43
2019-09-05_00:43:16.388[Battery Energy]74.44
2019-09-05_00:43:16.585[Status]Routing 159: Walk: 43
2019-09-05_00:43:16.688[Battery Energy]74.31
2019-09-05_00:43:16.924[Status]Routing 160: Walk: 43
2019-09-05_00:43:17.044[Battery Energy]74.19
2019-09-05_00:43:17.194[Status]Routing 161: Walk: 43
2019-09-05_00:43:17.300[Battery Energy]74.10
2019-09-05_00:43:17.465[Status]Routing 162: Walk: 43
2019-09-05_00:43:17.565[Battery Energy]74.00
2019-09-05_00:43:17.712[Status]Routing 163: Walk: 43
2019-09-05_00:43:17.826[Battery Energy]73.91
2019-09-05_00:43:17.982[Status]Routing 164: Walk: 43
2019-09-05_00:43:18.082[Battery Energy]73.81
2019-09-05_00:43:18.274[Status]Routing 165: Walk: 43
2019-09-05_00:43:18.380[Battery Energy]73.69
2019-09-05_00:43:18.638[Status]Routing 166: Walk: 43
2019-09-05_00:43:18.738[Battery Energy]73.57
2019-09-05_00:43:19.056[Status]Routing 167: Walk: 43
2019-09-05_00:43:19.168[Battery Energy]73.45
2019-09-05_00:43:19.358[Status]Routing 168: Walk: 43
2019-09-05_00:43:19.476[Battery Energy]73.34
