2019-09-05_01:00:54.394[Status]Start.
2019-09-05_01:00:54.395[Battery Energy]118.00
2019-09-05_01:00:55.496[Battery Energy]117.96
2019-09-05_01:00:56.597[Battery Energy]117.92
2019-09-05_01:00:57.698[Battery Energy]117.88
2019-09-05_01:00:58.799[Battery Energy]117.84
2019-09-05_01:00:59.900[Task]A New Task Released.
2019-09-05_01:00:59.901[Battery Energy]117.80
2019-09-05_01:00:59.901[Status]Selection Start.
2019-09-05_01:01:00.289[Status]Selection End: Do Task 2.
2019-09-05_01:01:00.389[Battery Energy]117.52
2019-09-05_01:01:00.389[Status]Formation Start.
2019-09-05_01:01:00.620[Status]Formation End: To Position 5.
2019-09-05_01:01:00.723[Battery Energy]117.40
2019-09-05_01:01:00.724[Status]Routing Start.
2019-09-05_01:01:00.875[Status]{'id': 20, 'coordinate': [75.98683583841897, 167.4870575700232]}
2019-09-05_01:01:00.876[Status]Routing 1: Walk: 1
2019-09-05_01:01:00.976[Battery Energy]117.20
2019-09-05_01:01:00.976[Status]Routing Start.
2019-09-05_01:01:01.207[Status]{'id': 20, 'coordinate': [85.97367167683794, 166.97411514004642]}
2019-09-05_01:01:01.208[Status]Routing 2: Walk: 2
2019-09-05_01:01:01.320[Battery Energy]116.97
2019-09-05_01:01:01.320[Status]Routing Start.
2019-09-05_01:01:01.579[Status]{'id': 20, 'coordinate': [95.96050751525691, 166.46117271006963]}
2019-09-05_01:01:01.581[Status]Routing 3: Walk: 3
2019-09-05_01:01:01.696[Battery Energy]116.73
2019-09-05_01:01:01.696[Status]Routing Start.
2019-09-05_01:01:01.864[Status]{'id': 20, 'coordinate': [105.94734335367588, 165.94823028009284]}
2019-09-05_01:01:01.865[Status]Routing 4: Walk: 4
2019-09-05_01:01:01.976[Battery Energy]116.53
2019-09-05_01:01:01.976[Status]Routing Start.
2019-09-05_01:01:02.167[Status]{'id': 20, 'coordinate': [115.93417919209485, 165.43528785011605]}
2019-09-05_01:01:02.167[Status]Routing 5: Walk: 5
2019-09-05_01:01:02.280[Battery Energy]116.30
2019-09-05_01:01:02.280[Status]Routing Start.
2019-09-05_01:01:02.477[Status]{'id': 20, 'coordinate': [125.92101503051381, 164.92234542013927]}
2019-09-05_01:01:02.477[Status]Routing 6: Walk: 6
2019-09-05_01:01:02.588[Battery Energy]116.11
2019-09-05_01:01:02.588[Status]Routing Start.
2019-09-05_01:01:02.907[Status]{'id': 20, 'coordinate': [135.90785086893277, 164.40940299016248]}
2019-09-05_01:01:02.908[Status]Routing 7: Walk: 7
2019-09-05_01:01:03.012[Battery Energy]115.82
2019-09-05_01:01:03.012[Status]Routing Start.
2019-09-05_01:01:03.903[Status]Routing 8: Walk: 7
2019-09-05_01:01:04.008[Battery Energy]115.12
2019-09-05_01:01:04.008[Status]Routing Start.
2019-09-05_01:01:04.514[Status]Routing 9: Walk: 7
2019-09-05_01:01:04.615[Battery Energy]114.76
2019-09-05_01:01:04.615[Status]Routing Start.
2019-09-05_01:01:05.043[Status]Routing 10: Walk: 7
2019-09-05_01:01:05.143[Battery Energy]114.45
2019-09-05_01:01:05.143[Status]Routing Start.
2019-09-05_01:01:05.507[Status]Routing 11: Walk: 7
2019-09-05_01:01:05.608[Battery Energy]114.11
2019-09-05_01:01:05.608[Status]Routing Start.
2019-09-05_01:01:05.776[Status]{'id': 20, 'coordinate': [145.89468670735175, 163.8964605601857]}
2019-09-05_01:01:05.776[Status]Routing 12: Walk: 8
2019-09-05_01:01:05.876[Battery Energy]113.90
2019-09-05_01:01:05.876[Status]Routing Start.
2019-09-05_01:01:06.552[Status]Routing 13: Walk: 8
2019-09-05_01:01:06.654[Battery Energy]113.32
2019-09-05_01:01:06.654[Status]Routing Start.
2019-09-05_01:01:06.933[Status]Routing 14: Walk: 8
2019-09-05_01:01:07.037[Battery Energy]113.05
2019-09-05_01:01:07.037[Status]Routing Start.
2019-09-05_01:01:07.252[Status]{'id': 20, 'coordinate': [155.88152254577074, 163.3835181302089]}
2019-09-05_01:01:07.252[Status]Routing 15: Walk: 9
2019-09-05_01:01:07.384[Battery Energy]112.80
2019-09-05_01:01:07.384[Status]Routing Start.
2019-09-05_01:01:07.794[Status]{'id': 20, 'coordinate': [165.86835838418972, 162.8705757002321]}
2019-09-05_01:01:07.794[Status]Routing 16: Walk: 10
2019-09-05_01:01:07.900[Battery Energy]112.44
2019-09-05_01:01:07.900[Status]Routing Start.
2019-09-05_01:01:08.207[Status]{'id': 20, 'coordinate': [175.8551942226087, 162.35763327025532]}
2019-09-05_01:01:08.207[Status]Routing 17: Walk: 11
2019-09-05_01:01:08.307[Battery Energy]112.13
2019-09-05_01:01:08.308[Status]Routing Start.
2019-09-05_01:01:08.676[Status]{'id': 20, 'coordinate': [185.84203006102769, 161.84469084027853]}
2019-09-05_01:01:08.676[Status]Routing 18: Walk: 12
2019-09-05_01:01:08.796[Battery Energy]111.81
2019-09-05_01:01:08.796[Status]Routing Start.
2019-09-05_01:01:08.962[Status]{'id': 20, 'coordinate': [195.82886589944667, 161.33174841030174]}
2019-09-05_01:01:08.962[Status]Routing 19: Walk: 13
2019-09-05_01:01:09.072[Battery Energy]111.59
2019-09-05_01:01:09.072[Status]Routing Start.
2019-09-05_01:01:09.291[Status]{'id': 20, 'coordinate': [205.81570173786565, 160.81880598032495]}
2019-09-05_01:01:09.291[Status]Routing 20: Walk: 14
2019-09-05_01:01:09.396[Battery Energy]111.35
2019-09-05_01:01:09.396[Status]Routing Start.
2019-09-05_01:01:09.728[Status]{'id': 20, 'coordinate': [215.80253757628464, 160.30586355034816]}
2019-09-05_01:01:09.729[Status]Routing 21: Walk: 15
2019-09-05_01:01:09.841[Battery Energy]111.04
2019-09-05_01:01:09.841[Status]Routing Start.
2019-09-05_01:01:09.971[Status]{'id': 20, 'coordinate': [225.78937341470362, 159.79292112037137]}
2019-09-05_01:01:09.971[Status]Routing 22: Walk: 16
2019-09-05_01:01:10.084[Battery Energy]110.84
2019-09-05_01:01:10.084[Status]Routing Start.
2019-09-05_01:01:10.453[Status]{'id': 20, 'coordinate': [235.7762092531226, 159.27997869039459]}
2019-09-05_01:01:10.455[Status]Routing 23: Walk: 17
2019-09-05_01:01:10.559[Battery Energy]110.55
2019-09-05_01:01:10.559[Status]Routing Start.
2019-09-05_01:01:10.933[Status]{'id': 20, 'coordinate': [245.76304509154158, 158.7670362604178]}
2019-09-05_01:01:10.936[Status]Routing 24: Walk: 18
2019-09-05_01:01:11.039[Battery Energy]110.25
2019-09-05_01:01:11.039[Status]Routing Start.
2019-09-05_01:01:11.328[Status]{'id': 20, 'coordinate': [255.74988092996057, 158.254093830441]}
2019-09-05_01:01:11.329[Status]Routing 25: Walk: 19
2019-09-05_01:01:11.429[Battery Energy]109.94
2019-09-05_01:01:11.429[Status]Routing Start.
2019-09-05_01:01:11.759[Status]{'id': 20, 'coordinate': [265.73671676837955, 157.74115140046422]}
2019-09-05_01:01:11.759[Status]Routing 26: Walk: 20
2019-09-05_01:01:11.860[Battery Energy]109.63
2019-09-05_01:01:11.860[Status]Routing Start.
2019-09-05_01:01:12.231[Status]{'id': 20, 'coordinate': [275.72355260679853, 157.22820897048743]}
2019-09-05_01:01:12.231[Status]Routing 27: Walk: 21
2019-09-05_01:01:12.340[Battery Energy]109.28
2019-09-05_01:01:12.340[Status]Routing Start.
2019-09-05_01:01:12.719[Status]{'id': 20, 'coordinate': [285.7103884452175, 156.71526654051064]}
2019-09-05_01:01:12.719[Status]Routing 28: Walk: 22
2019-09-05_01:01:12.824[Battery Energy]108.95
2019-09-05_01:01:12.824[Status]Routing Start.
2019-09-05_01:01:12.995[Status]{'id': 20, 'coordinate': [295.6972242836365, 156.20232411053385]}
2019-09-05_01:01:12.995[Status]Routing 29: Walk: 23
2019-09-05_01:01:13.095[Battery Energy]108.71
2019-09-05_01:01:13.095[Status]Routing Start.
2019-09-05_01:01:13.460[Status]{'id': 20, 'coordinate': [305.6840601220555, 155.68938168055706]}
2019-09-05_01:01:13.460[Status]Routing 30: Walk: 24
2019-09-05_01:01:13.572[Battery Energy]108.40
2019-09-05_01:01:13.572[Status]Routing Start.
2019-09-05_01:01:13.761[Status]{'id': 20, 'coordinate': [315.67089596047447, 155.17643925058027]}
2019-09-05_01:01:13.761[Status]Routing 31: Walk: 25
2019-09-05_01:01:13.864[Battery Energy]108.21
2019-09-05_01:01:13.864[Status]Routing Start.
2019-09-05_01:01:14.155[Status]{'id': 20, 'coordinate': [325.65773179889345, 154.66349682060348]}
2019-09-05_01:01:14.155[Status]Routing 32: Walk: 26
2019-09-05_01:01:14.264[Battery Energy]107.93
2019-09-05_01:01:14.264[Status]Routing Start.
2019-09-05_01:01:14.492[Status]{'id': 20, 'coordinate': [335.64456763731243, 154.1505543906267]}
2019-09-05_01:01:14.492[Status]Routing 33: Walk: 27
2019-09-05_01:01:14.600[Battery Energy]107.68
2019-09-05_01:01:14.600[Status]Routing Start.
2019-09-05_01:01:14.776[Status]{'id': 20, 'coordinate': [345.6314034757314, 153.6376119606499]}
2019-09-05_01:01:14.776[Status]Routing 34: Walk: 28
2019-09-05_01:01:14.888[Battery Energy]107.47
2019-09-05_01:01:14.888[Status]Routing Start.
2019-09-05_01:01:15.205[Status]{'id': 20, 'coordinate': [355.6182393141504, 153.12466953067312]}
2019-09-05_01:01:15.205[Status]Routing 35: Walk: 29
2019-09-05_01:01:15.316[Battery Energy]107.18
2019-09-05_01:01:15.316[Status]Routing Start.
2019-09-05_01:01:15.627[Status]{'id': 20, 'coordinate': [365.6050751525694, 152.61172710069633]}
2019-09-05_01:01:15.627[Status]Routing 36: Walk: 30
2019-09-05_01:01:15.736[Battery Energy]106.90
2019-09-05_01:01:15.736[Status]Routing Start.
2019-09-05_01:01:16.114[Status]{'id': 20, 'coordinate': [375.59191099098837, 152.09878467071954]}
2019-09-05_01:01:16.114[Status]Routing 37: Walk: 31
2019-09-05_01:01:16.220[Battery Energy]106.58
2019-09-05_01:01:16.220[Status]Routing Start.
2019-09-05_01:01:16.555[Status]{'id': 20, 'coordinate': [385.57874682940735, 151.58584224074275]}
2019-09-05_01:01:16.555[Status]Routing 38: Walk: 32
2019-09-05_01:01:16.655[Battery Energy]106.27
2019-09-05_01:01:16.655[Status]Routing Start.
2019-09-05_01:01:17.159[Status]Routing 39: Walk: 32
2019-09-05_01:01:17.271[Battery Energy]105.87
2019-09-05_01:01:17.271[Status]Routing Start.
2019-09-05_01:01:17.464[Status]{'id': 20, 'coordinate': [395.56558266782633, 151.07289981076596]}
2019-09-05_01:01:17.464[Status]Routing 40: Walk: 33
2019-09-05_01:01:17.564[Battery Energy]105.66
2019-09-05_01:01:17.564[Status]Routing Start.
2019-09-05_01:01:18.013[Status]{'id': 20, 'coordinate': [405.5524185062453, 150.55995738078917]}
2019-09-05_01:01:18.014[Status]Routing 41: Walk: 34
2019-09-05_01:01:18.115[Battery Energy]105.31
2019-09-05_01:01:18.115[Status]Routing Start.
2019-09-05_01:01:18.306[Status]{'id': 20, 'coordinate': [415.5392543446643, 150.04701495081238]}
2019-09-05_01:01:18.307[Status]Routing 42: Walk: 35
2019-09-05_01:01:18.407[Battery Energy]105.07
2019-09-05_01:01:18.407[Status]Routing Start.
2019-09-05_01:01:18.704[Status]{'id': 20, 'coordinate': [425.5260901830833, 149.5340725208356]}
2019-09-05_01:01:18.704[Status]Routing 43: Walk: 36
2019-09-05_01:01:18.804[Battery Energy]104.79
2019-09-05_01:01:18.805[Status]Routing Start.
2019-09-05_01:01:19.174[Status]{'id': 20, 'coordinate': [435.51292602150227, 149.0211300908588]}
2019-09-05_01:01:19.174[Status]Routing 44: Walk: 37
2019-09-05_01:01:19.274[Battery Energy]104.46
2019-09-05_01:01:19.274[Status]Routing Start.
2019-09-05_01:01:19.615[Status]{'id': 20, 'coordinate': [445.49976185992125, 148.50818766088202]}
2019-09-05_01:01:19.615[Status]Routing 45: Walk: 38
2019-09-05_01:01:19.720[Battery Energy]104.15
2019-09-05_01:01:19.720[Status]Routing Start.
2019-09-05_01:01:20.216[Status]Routing 46: Walk: 38
2019-09-05_01:01:20.317[Battery Energy]103.73
2019-09-05_01:01:20.317[Status]Routing Start.
2019-09-05_01:01:20.528[Status]{'id': 20, 'coordinate': [455.48659769834023, 147.99524523090523]}
2019-09-05_01:01:20.528[Status]Routing 47: Walk: 39
2019-09-05_01:01:20.632[Battery Energy]103.50
2019-09-05_01:01:20.632[Status]Routing Start.
2019-09-05_01:01:20.999[Status]{'id': 20, 'coordinate': [465.4734335367592, 147.48230280092844]}
2019-09-05_01:01:20.999[Status]Routing 48: Walk: 40
2019-09-05_01:01:21.108[Battery Energy]103.19
2019-09-05_01:01:21.108[Status]Routing Start.
2019-09-05_01:01:21.438[Status]{'id': 20, 'coordinate': [475.4602693751782, 146.96936037095165]}
2019-09-05_01:01:21.438[Status]Routing 49: Walk: 41
2019-09-05_01:01:21.563[Battery Energy]102.93
2019-09-05_01:01:21.563[Status]Routing Start.
2019-09-05_01:01:21.785[Status]{'id': 20, 'coordinate': [485.4471052135972, 146.45641794097486]}
2019-09-05_01:01:21.789[Status]Routing 50: Walk: 42
2019-09-05_01:01:21.892[Battery Energy]102.68
2019-09-05_01:01:21.892[Status]Routing Start.
2019-09-05_01:01:22.221[Status]{'id': 20, 'coordinate': [495.43394105201617, 145.94347551099807]}
2019-09-05_01:01:22.221[Status]Routing 51: Walk: 43
2019-09-05_01:01:22.328[Battery Energy]102.35
2019-09-05_01:01:22.328[Status]Routing Start.
2019-09-05_01:01:22.675[Status]{'id': 20, 'coordinate': [505.42077689043515, 145.43053308102128]}
2019-09-05_01:01:22.675[Status]Routing 52: Walk: 44
2019-09-05_01:01:22.784[Battery Energy]102.03
2019-09-05_01:01:22.784[Status]Routing Start.
2019-09-05_01:01:23.162[Status]{'id': 20, 'coordinate': [515.4076127288541, 144.9175906510445]}
2019-09-05_01:01:23.163[Status]Routing 53: Walk: 45
2019-09-05_01:01:23.268[Battery Energy]101.70
2019-09-05_01:01:23.268[Status]Routing Start.
2019-09-05_01:01:23.442[Status]{'id': 20, 'coordinate': [525.3944485672731, 144.4046482210677]}
2019-09-05_01:01:23.442[Status]Routing 54: Walk: 46
2019-09-05_01:01:23.552[Battery Energy]101.49
2019-09-05_01:01:23.552[Status]Routing Start.
2019-09-05_01:01:23.695[Status]{'id': 20, 'coordinate': [535.3812844056921, 143.8917057910909]}
2019-09-05_01:01:23.696[Status]Routing 55: Walk: 47
2019-09-05_01:01:23.796[Battery Energy]101.29
2019-09-05_01:01:23.796[Status]Routing Start.
2019-09-05_01:01:24.152[Status]{'id': 20, 'coordinate': [545.3681202441111, 143.37876336111412]}
2019-09-05_01:01:24.152[Status]Routing 56: Walk: 48
2019-09-05_01:01:24.260[Battery Energy]100.92
2019-09-05_01:01:24.261[Status]Routing Start.
2019-09-05_01:01:24.604[Status]{'id': 20, 'coordinate': [555.3549560825301, 142.86582093113734]}
2019-09-05_01:01:24.604[Status]Routing 57: Walk: 49
2019-09-05_01:01:24.705[Battery Energy]100.59
2019-09-05_01:01:24.705[Status]Routing Start.
2019-09-05_01:01:25.057[Status]{'id': 20, 'coordinate': [565.341791920949, 142.35287850116055]}
2019-09-05_01:01:25.057[Status]Routing 58: Walk: 50
2019-09-05_01:01:25.176[Battery Energy]100.27
2019-09-05_01:01:25.176[Status]Routing Start.
2019-09-05_01:01:25.494[Status]{'id': 20, 'coordinate': [575.328627759368, 141.83993607118376]}
2019-09-05_01:01:25.494[Status]Routing 59: Walk: 51
2019-09-05_01:01:25.600[Battery Energy]99.95
2019-09-05_01:01:25.600[Status]Routing Start.
2019-09-05_01:01:25.897[Status]{'id': 20, 'coordinate': [585.315463597787, 141.32699364120697]}
2019-09-05_01:01:25.897[Status]Routing 60: Walk: 52
2019-09-05_01:01:25.997[Battery Energy]99.63
2019-09-05_01:01:25.997[Status]Routing Start.
2019-09-05_01:01:26.329[Status]{'id': 20, 'coordinate': [595.302299436206, 140.81405121123018]}
2019-09-05_01:01:26.329[Status]Routing 61: Walk: 53
2019-09-05_01:01:26.505[Battery Energy]99.33
2019-09-05_01:01:26.506[Status]Routing Start.
2019-09-05_01:01:26.736[Status]{'id': 20, 'coordinate': [605.289135274625, 140.3011087812534]}
2019-09-05_01:01:26.736[Status]Routing 62: Walk: 54
2019-09-05_01:01:26.837[Battery Energy]99.10
2019-09-05_01:01:26.837[Status]Routing Start.
2019-09-05_01:01:27.281[Status]Routing 63: Walk: 54
2019-09-05_01:01:27.382[Battery Energy]98.77
2019-09-05_01:01:27.382[Status]Routing Start.
2019-09-05_01:01:27.579[Status]{'id': 20, 'coordinate': [615.275971113044, 139.7881663512766]}
2019-09-05_01:01:27.579[Status]Routing 64: Walk: 55
2019-09-05_01:01:27.692[Battery Energy]98.55
2019-09-05_01:01:27.692[Status]Routing Start.
2019-09-05_01:01:28.035[Status]{'id': 20, 'coordinate': [625.262806951463, 139.2752239212998]}
2019-09-05_01:01:28.035[Status]Routing 65: Walk: 56
2019-09-05_01:01:28.135[Battery Energy]98.30
2019-09-05_01:01:28.135[Status]Routing Start.
2019-09-05_01:01:28.361[Status]{'id': 20, 'coordinate': [635.2496427898819, 138.76228149132302]}
2019-09-05_01:01:28.361[Status]Routing 66: Walk: 57
2019-09-05_01:01:28.477[Battery Energy]98.04
2019-09-05_01:01:28.477[Status]Routing Start.
2019-09-05_01:01:28.802[Status]{'id': 20, 'coordinate': [645.2364786283009, 138.24933906134623]}
2019-09-05_01:01:28.802[Status]Routing 67: Walk: 58
2019-09-05_01:01:28.902[Battery Energy]97.75
2019-09-05_01:01:28.902[Status]Routing Start.
2019-09-05_01:01:29.450[Status]Routing 68: Walk: 58
2019-09-05_01:01:29.560[Battery Energy]97.32
2019-09-05_01:01:29.561[Status]Routing Start.
2019-09-05_01:01:29.724[Status]{'id': 20, 'coordinate': [655.2233144667199, 137.73639663136944]}
2019-09-05_01:01:29.725[Status]Routing 69: Walk: 59
2019-09-05_01:01:29.836[Battery Energy]97.10
2019-09-05_01:01:29.836[Status]Routing Start.
2019-09-05_01:01:29.989[Status]{'id': 20, 'coordinate': [665.2101503051389, 137.22345420139266]}
2019-09-05_01:01:29.989[Status]Routing 70: Walk: 60
2019-09-05_01:01:30.089[Battery Energy]96.89
2019-09-05_01:01:30.089[Status]Routing Start.
2019-09-05_01:01:30.265[Status]{'id': 20, 'coordinate': [675.1969861435579, 136.71051177141587]}
2019-09-05_01:01:30.265[Status]Routing 71: Walk: 61
2019-09-05_01:01:30.370[Battery Energy]96.66
2019-09-05_01:01:30.371[Status]Routing Start.
2019-09-05_01:01:30.830[Status]Routing 72: Walk: 61
2019-09-05_01:01:30.930[Battery Energy]96.24
2019-09-05_01:01:30.930[Status]Routing Start.
2019-09-05_01:01:31.183[Status]{'id': 20, 'coordinate': [685.1838219819768, 136.19756934143908]}
2019-09-05_01:01:31.183[Status]Routing 73: Walk: 62
2019-09-05_01:01:31.300[Battery Energy]95.98
2019-09-05_01:01:31.300[Status]Routing Start.
2019-09-05_01:01:31.665[Status]{'id': 20, 'coordinate': [695.1706578203958, 135.6846269114623]}
2019-09-05_01:01:31.665[Status]Routing 74: Walk: 63
2019-09-05_01:01:31.776[Battery Energy]95.61
2019-09-05_01:01:31.776[Status]Routing Start.
2019-09-05_01:01:31.987[Status]{'id': 20, 'coordinate': [705.1574936588148, 135.1716844814855]}
2019-09-05_01:01:31.987[Status]Routing 75: Walk: 64
2019-09-05_01:01:32.092[Battery Energy]95.37
2019-09-05_01:01:32.092[Status]Routing Start.
2019-09-05_01:01:32.719[Status]Routing 76: Walk: 64
2019-09-05_01:01:32.820[Battery Energy]94.95
2019-09-05_01:01:32.820[Status]Routing Start.
2019-09-05_01:01:33.230[Status]Routing 77: Walk: 64
2019-09-05_01:01:33.331[Battery Energy]94.58
2019-09-05_01:01:33.331[Status]Routing Start.
2019-09-05_01:01:33.673[Status]Routing 78: Walk: 64
2019-09-05_01:01:33.776[Battery Energy]94.24
2019-09-05_01:01:33.776[Status]Routing Start.
2019-09-05_01:01:33.977[Status]{'id': 20, 'coordinate': [715.1443294972338, 134.6587420515087]}
2019-09-05_01:01:33.977[Status]Routing 79: Walk: 65
2019-09-05_01:01:34.077[Battery Energy]93.97
2019-09-05_01:01:34.077[Status]Routing Start.
2019-09-05_01:01:34.417[Status]{'id': 20, 'coordinate': [725.1311653356528, 134.14579962153192]}
2019-09-05_01:01:34.417[Status]Routing 80: Walk: 66
2019-09-05_01:01:34.524[Battery Energy]93.67
2019-09-05_01:01:34.524[Status]Routing Start.
2019-09-05_01:01:34.877[Status]{'id': 20, 'coordinate': [735.1180011740718, 133.63285719155513]}
2019-09-05_01:01:34.877[Status]Routing 81: Walk: 67
2019-09-05_01:01:34.988[Battery Energy]93.35
2019-09-05_01:01:34.988[Status]Routing Start.
2019-09-05_01:01:35.288[Status]{'id': 20, 'coordinate': [745.1048370124907, 133.11991476157834]}
2019-09-05_01:01:35.288[Status]Routing 82: Walk: 68
2019-09-05_01:01:35.388[Battery Energy]93.07
2019-09-05_01:01:35.388[Status]Routing Start.
2019-09-05_01:01:35.742[Status]{'id': 20, 'coordinate': [755.0916728509097, 132.60697233160155]}
2019-09-05_01:01:35.742[Status]Routing 83: Walk: 69
2019-09-05_01:01:35.852[Battery Energy]92.77
2019-09-05_01:01:35.852[Status]Routing Start.
2019-09-05_01:01:36.134[Status]{'id': 20, 'coordinate': [765.0785086893287, 132.09402990162476]}
2019-09-05_01:01:36.145[Status]Routing 84: Walk: 70
2019-09-05_01:01:36.252[Battery Energy]92.52
2019-09-05_01:01:36.252[Status]Routing Start.
2019-09-05_01:01:36.602[Status]{'id': 20, 'coordinate': [775.0653445277477, 131.58108747164798]}
2019-09-05_01:01:36.602[Status]Routing 85: Walk: 71
2019-09-05_01:01:36.708[Battery Energy]92.24
2019-09-05_01:01:36.708[Status]Routing Start.
2019-09-05_01:01:36.867[Status]{'id': 20, 'coordinate': [785.0521803661667, 131.0681450416712]}
2019-09-05_01:01:36.867[Status]Routing 86: Walk: 72
2019-09-05_01:01:36.980[Battery Energy]92.03
2019-09-05_01:01:36.980[Status]Routing Start.
2019-09-05_01:01:37.175[Status]{'id': 20, 'coordinate': [795.0390162045857, 130.5552026116944]}
2019-09-05_01:01:37.175[Status]Routing 87: Walk: 73
2019-09-05_01:01:37.275[Battery Energy]91.78
2019-09-05_01:01:37.275[Status]Routing Start.
2019-09-05_01:01:37.431[Status]{'id': 20, 'coordinate': [805.0258520430046, 130.0422601817176]}
2019-09-05_01:01:37.431[Status]Routing 88: Walk: 74
2019-09-05_01:01:37.536[Battery Energy]91.57
2019-09-05_01:01:37.536[Status]Routing Start.
2019-09-05_01:01:37.705[Status]{'id': 20, 'coordinate': [815.0126878814236, 129.52931775174082]}
2019-09-05_01:01:37.705[Status]Routing 89: Walk: 75
2019-09-05_01:01:37.816[Battery Energy]91.38
2019-09-05_01:01:37.816[Status]Routing Start.
2019-09-05_01:01:37.954[Status]{'id': 20, 'coordinate': [824.9995237198426, 129.01637532176403]}
2019-09-05_01:01:37.954[Status]Routing 90: Walk: 76
2019-09-05_01:01:38.060[Battery Energy]91.19
2019-09-05_01:01:38.060[Status]Routing Start.
2019-09-05_01:01:38.247[Status]{'id': 20, 'coordinate': [834.9863595582616, 128.50343289178724]}
2019-09-05_01:01:38.247[Status]Routing 91: Walk: 77
2019-09-05_01:01:38.360[Battery Energy]90.99
2019-09-05_01:01:38.360[Status]Routing Start.
2019-09-05_01:01:38.501[Status]{'id': 20, 'coordinate': [844.9731953966806, 127.99049046181045]}
2019-09-05_01:01:38.501[Status]Routing 92: Walk: 78
2019-09-05_01:01:38.601[Battery Energy]90.81
2019-09-05_01:01:38.601[Status]Routing Start.
2019-09-05_01:01:38.790[Status]{'id': 20, 'coordinate': [854.9600312350996, 127.47754803183366]}
2019-09-05_01:01:38.790[Status]Routing 93: Walk: 79
2019-09-05_01:01:38.892[Battery Energy]90.58
2019-09-05_01:01:38.892[Status]Routing Start.
2019-09-05_01:01:39.073[Status]{'id': 20, 'coordinate': [864.9468670735185, 126.96460560185687]}
2019-09-05_01:01:39.073[Status]Routing 94: Walk: 80
2019-09-05_01:01:39.173[Battery Energy]90.38
2019-09-05_01:01:39.174[Status]Routing Start.
2019-09-05_01:01:39.406[Status]{'id': 20, 'coordinate': [874.9337029119375, 126.45166317188009]}
2019-09-05_01:01:39.409[Status]Routing 95: Walk: 81
2019-09-05_01:01:39.520[Battery Energy]90.16
2019-09-05_01:01:39.520[Status]Routing Start.
2019-09-05_01:01:39.825[Status]{'id': 20, 'coordinate': [884.9205387503565, 125.9387207419033]}
2019-09-05_01:01:39.825[Status]Routing 96: Walk: 82
2019-09-05_01:01:39.952[Battery Energy]89.92
2019-09-05_01:01:39.952[Status]Routing Start.
2019-09-05_01:01:40.184[Status]{'id': 20, 'coordinate': [894.9073745887755, 125.4257783119265]}
2019-09-05_01:01:40.184[Status]Routing 97: Walk: 83
2019-09-05_01:01:40.292[Battery Energy]89.66
2019-09-05_01:01:40.292[Status]Routing Start.
2019-09-05_01:01:40.553[Status]{'id': 20, 'coordinate': [904.8942104271945, 124.91283588194972]}
2019-09-05_01:01:40.553[Status]Routing 98: Walk: 84
2019-09-05_01:01:40.660[Battery Energy]89.36
2019-09-05_01:01:40.660[Status]Routing Start.
2019-09-05_01:01:40.920[Status]{'id': 20, 'coordinate': [914.8810462656135, 124.39989345197293]}
2019-09-05_01:01:40.920[Status]Routing 99: Walk: 85
2019-09-05_01:01:41.036[Battery Energy]89.12
2019-09-05_01:01:41.036[Status]Routing Start.
2019-09-05_01:01:41.291[Status]{'id': 20, 'coordinate': [924.8678821040324, 123.88695102199615]}
2019-09-05_01:01:41.291[Status]Routing 100: Walk: 86
2019-09-05_01:01:41.396[Battery Energy]88.85
2019-09-05_01:01:41.396[Status]Routing Start.
2019-09-05_01:01:41.556[Status]{'id': 20, 'coordinate': [934.8547179424514, 123.37400859201936]}
2019-09-05_01:01:41.557[Status]Routing 101: Walk: 87
2019-09-05_01:01:41.660[Battery Energy]88.60
2019-09-05_01:01:41.660[Status]Routing Start.
2019-09-05_01:01:41.854[Status]{'id': 20, 'coordinate': [944.8415537808704, 122.86106616204259]}
2019-09-05_01:01:41.854[Status]Routing 102: Walk: 88
2019-09-05_01:01:41.954[Battery Energy]88.35
2019-09-05_01:01:41.954[Status]Routing Start.
2019-09-05_01:01:42.102[Status]{'id': 20, 'coordinate': [954.8283896192894, 122.3481237320658]}
2019-09-05_01:01:42.102[Status]Routing 103: Walk: 89
2019-09-05_01:01:42.202[Battery Energy]88.15
2019-09-05_01:01:42.202[Status]Routing Start.
2019-09-05_01:01:42.428[Status]{'id': 20, 'coordinate': [964.8152254577084, 121.83518130208901]}
2019-09-05_01:01:42.429[Status]Routing 104: Walk: 90
2019-09-05_01:01:42.540[Battery Energy]87.88
2019-09-05_01:01:42.540[Status]Routing Start.
2019-09-05_01:01:42.821[Status]{'id': 20, 'coordinate': [974.8020612961274, 121.32223887211224]}
2019-09-05_01:01:42.821[Status]Routing 105: Walk: 91
2019-09-05_01:01:42.924[Battery Energy]87.58
2019-09-05_01:01:42.924[Status]Routing Start.
2019-09-05_01:01:43.372[Status]{'id': 20, 'coordinate': [984.7888971345463, 120.80929644213545]}
2019-09-05_01:01:43.372[Status]Routing 106: Walk: 92
2019-09-05_01:01:43.472[Battery Energy]87.25
2019-09-05_01:01:43.472[Status]Routing Start.
2019-09-05_01:01:43.821[Status]{'id': 20, 'coordinate': [994.7757329729653, 120.29635401215867]}
2019-09-05_01:01:43.821[Status]Routing 107: Walk: 93
2019-09-05_01:01:43.921[Battery Energy]86.92
2019-09-05_01:01:43.922[Status]Routing Start.
2019-09-05_01:01:44.079[Status]{'id': 20, 'coordinate': [1004.7625688113843, 119.78341158218188]}
2019-09-05_01:01:44.080[Status]Routing 108: Walk: 94
2019-09-05_01:01:44.192[Battery Energy]86.72
2019-09-05_01:01:44.192[Status]Routing Start.
2019-09-05_01:01:44.699[Status]{'id': 20, 'coordinate': [1000.9376659325417, 129.02300670141852]}
2019-09-05_01:01:44.699[Status]Routing 109: Walk: 95
2019-09-05_01:01:44.800[Battery Energy]86.30
2019-09-05_01:01:44.800[Status]Routing Start.
2019-09-05_01:01:44.976[Status]{'id': 20, 'coordinate': [1010.8487127715003, 127.69216089668826]}
2019-09-05_01:01:44.976[Status]Routing 110: Walk: 96
2019-09-05_01:01:45.076[Battery Energy]86.12
2019-09-05_01:01:45.076[Status]Routing Start.
2019-09-05_01:01:45.442[Status]{'id': 20, 'coordinate': [1009.0680441342299, 137.53234479762435]}
2019-09-05_01:01:45.442[Status]Routing 111: Walk: 97
2019-09-05_01:01:45.542[Battery Energy]85.77
2019-09-05_01:01:45.542[Status]Routing Start.
2019-09-05_01:01:45.872[Status]{'id': 20, 'coordinate': [1012.8137107169484, 146.80434468174354]}
2019-09-05_01:01:45.872[Status]Routing 112: Walk: 98
2019-09-05_01:01:45.973[Battery Energy]85.38
2019-09-05_01:01:45.973[Status]Routing Start.
2019-09-05_01:01:46.147[Status]{'id': 20, 'coordinate': [1022.2996445655281, 143.63937090296264]}
2019-09-05_01:01:46.147[Status]Routing 113: Walk: 99
2019-09-05_01:01:46.272[Battery Energy]85.14
2019-09-05_01:01:46.272[Status]Routing Start.
2019-09-05_01:01:46.455[Status]{'id': 20, 'coordinate': [1031.7855784141077, 140.47439712418173]}
2019-09-05_01:01:46.455[Status]Routing 114: Walk: 100
2019-09-05_01:01:46.555[Battery Energy]84.92
2019-09-05_01:01:46.555[Status]Routing Start.
2019-09-05_01:01:46.824[Status]{'id': 20, 'coordinate': [1041.2715122626873, 137.30942334540083]}
2019-09-05_01:01:46.824[Status]Routing 115: Walk: 101
2019-09-05_01:01:46.930[Battery Energy]84.69
2019-09-05_01:01:46.930[Status]Routing Start.
2019-09-05_01:01:47.087[Status]{'id': 20, 'coordinate': [1050.757446111267, 134.14444956661993]}
2019-09-05_01:01:47.087[Status]Routing 116: Walk: 102
2019-09-05_01:01:47.196[Battery Energy]84.48
2019-09-05_01:01:47.196[Status]Routing Start.
2019-09-05_01:01:47.349[Status]{'id': 20, 'coordinate': [1060.2433799598466, 130.97947578783902]}
2019-09-05_01:01:47.349[Status]Routing 117: Walk: 103
2019-09-05_01:01:47.460[Battery Energy]84.27
2019-09-05_01:01:47.460[Status]Routing Start.
2019-09-05_01:01:47.612[Status]{'id': 20, 'coordinate': [1069.7293138084262, 127.81450200905813]}
2019-09-05_01:01:47.612[Status]Routing 118: Walk: 104
2019-09-05_01:01:47.712[Battery Energy]84.04
2019-09-05_01:01:47.712[Status]Routing Start.
2019-09-05_01:01:48.091[Status]{'id': 20, 'coordinate': [1079.2152476570059, 124.64952823027724]}
2019-09-05_01:01:48.091[Status]Routing 119: Walk: 105
2019-09-05_01:01:48.196[Battery Energy]83.69
2019-09-05_01:01:48.196[Status]Routing Start.
2019-09-05_01:01:48.512[Status]{'id': 20, 'coordinate': [1088.7011815055855, 121.48455445149635]}
2019-09-05_01:01:48.512[Status]Routing 120: Walk: 106
2019-09-05_01:01:48.632[Battery Energy]83.40
2019-09-05_01:01:48.632[Status]Routing Start.
2019-09-05_01:01:48.985[Status]{'id': 20, 'coordinate': [1098.1871153541651, 118.31958067271547]}
2019-09-05_01:01:48.985[Status]Routing 121: Walk: 107
2019-09-05_01:01:49.092[Battery Energy]83.06
2019-09-05_01:01:49.092[Status]Routing Start.
2019-09-05_01:01:49.500[Status]{'id': 20, 'coordinate': [1107.6730492027448, 115.15460689393461]}
2019-09-05_01:01:49.501[Status]Routing 122: Walk: 108
2019-09-05_01:01:49.604[Battery Energy]82.73
2019-09-05_01:01:49.604[Status]Routing Start.
2019-09-05_01:01:49.604[Status]Task Finished.
2019-09-05_01:01:49.705[Battery Energy]82.73
2019-09-05_01:01:49.919[Status]Routing 124: Walk: 108
2019-09-05_01:01:50.022[Battery Energy]82.57
2019-09-05_01:01:50.321[Status]Routing 125: Walk: 108
2019-09-05_01:01:50.421[Battery Energy]82.31
2019-09-05_01:01:50.779[Status]Routing 126: Walk: 108
2019-09-05_01:01:50.879[Battery Energy]82.10
2019-09-05_01:01:51.208[Status]Routing 127: Walk: 108
2019-09-05_01:01:51.313[Battery Energy]81.91
2019-09-05_01:01:51.481[Status]Routing 128: Walk: 108
2019-09-05_01:01:51.584[Battery Energy]81.81
2019-09-05_01:01:51.920[Status]Routing 129: Walk: 108
2019-09-05_01:01:52.032[Battery Energy]81.58
2019-09-05_01:01:52.398[Status]Routing 130: Walk: 108
2019-09-05_01:01:52.498[Battery Energy]81.36
2019-09-05_01:01:52.785[Status]Routing 131: Walk: 108
2019-09-05_01:01:52.899[Battery Energy]81.20
2019-09-05_01:01:53.123[Status]Routing 132: Walk: 108
2019-09-05_01:01:53.224[Battery Energy]81.05
2019-09-05_01:01:53.473[Status]Routing 133: Walk: 108
2019-09-05_01:01:53.573[Battery Energy]80.84
2019-09-05_01:01:53.885[Status]Routing 134: Walk: 108
2019-09-05_01:01:53.985[Battery Energy]80.55
2019-09-05_01:01:54.189[Status]Routing 135: Walk: 108
2019-09-05_01:01:54.295[Battery Energy]80.40
2019-09-05_01:01:54.559[Status]Routing 136: Walk: 108
2019-09-05_01:01:54.676[Battery Energy]80.26
2019-09-05_01:01:54.897[Status]Routing 137: Walk: 108
2019-09-05_01:01:55.008[Battery Energy]80.14
2019-09-05_01:01:55.245[Status]Routing 138: Walk: 108
2019-09-05_01:01:55.349[Battery Energy]79.93
2019-09-05_01:01:55.569[Status]Routing 139: Walk: 108
2019-09-05_01:01:55.676[Battery Energy]79.79
2019-09-05_01:01:55.832[Status]Routing 140: Walk: 108
2019-09-05_01:01:55.932[Battery Energy]79.67
2019-09-05_01:01:56.258[Status]Routing 141: Walk: 108
2019-09-05_01:01:56.359[Battery Energy]79.50
2019-09-05_01:01:56.600[Status]Routing 142: Walk: 108
2019-09-05_01:01:56.720[Battery Energy]79.41
2019-09-05_01:01:56.882[Status]Routing 143: Walk: 108
2019-09-05_01:01:56.996[Battery Energy]79.30
2019-09-05_01:01:57.137[Status]Routing 144: Walk: 108
2019-09-05_01:01:57.248[Battery Energy]79.19
2019-09-05_01:01:57.404[Status]Routing 145: Walk: 108
2019-09-05_01:01:57.559[Battery Energy]79.07
2019-09-05_01:01:57.722[Status]Routing 146: Walk: 108
2019-09-05_01:01:57.822[Battery Energy]78.94
2019-09-05_01:01:58.058[Status]Routing 147: Walk: 108
2019-09-05_01:01:58.170[Battery Energy]78.77
2019-09-05_01:01:58.418[Status]Routing 148: Walk: 108
2019-09-05_01:01:58.532[Battery Energy]78.64
2019-09-05_01:01:58.719[Status]Routing 149: Walk: 108
2019-09-05_01:01:58.819[Battery Energy]78.52
2019-09-05_01:01:59.008[Status]Routing 150: Walk: 108
2019-09-05_01:01:59.120[Battery Energy]78.39
2019-09-05_01:01:59.333[Status]Routing 151: Walk: 108
2019-09-05_01:01:59.441[Battery Energy]78.26
2019-09-05_01:01:59.724[Status]Routing 152: Walk: 108
2019-09-05_01:01:59.824[Battery Energy]78.09
2019-09-05_01:02:00.029[Status]Routing 153: Walk: 108
2019-09-05_01:02:00.148[Battery Energy]77.94
2019-09-05_01:02:00.402[Status]Routing 154: Walk: 108
2019-09-05_01:02:00.512[Battery Energy]77.79
2019-09-05_01:02:00.728[Status]Routing 155: Walk: 108
2019-09-05_01:02:00.840[Battery Energy]77.65
2019-09-05_01:02:00.985[Status]Routing 156: Walk: 108
2019-09-05_01:02:01.088[Battery Energy]77.55
2019-09-05_01:02:01.267[Status]Routing 157: Walk: 108
2019-09-05_01:02:01.367[Battery Energy]77.42
2019-09-05_01:02:01.532[Status]Routing 158: Walk: 108
2019-09-05_01:02:01.632[Battery Energy]77.33
2019-09-05_01:02:01.785[Status]Routing 159: Walk: 108
2019-09-05_01:02:01.895[Battery Energy]77.22
2019-09-05_01:02:02.057[Status]Routing 160: Walk: 108
2019-09-05_01:02:02.157[Battery Energy]77.12
2019-09-05_01:02:02.388[Status]Routing 161: Walk: 108
2019-09-05_01:02:02.504[Battery Energy]76.98
2019-09-05_01:02:02.639[Status]Routing 162: Walk: 108
2019-09-05_01:02:02.752[Battery Energy]76.88
2019-09-05_01:02:02.915[Status]Routing 163: Walk: 108
2019-09-05_01:02:03.024[Battery Energy]76.77
2019-09-05_01:02:03.182[Status]Routing 164: Walk: 108
2019-09-05_01:02:03.288[Battery Energy]76.68
2019-09-05_01:02:03.465[Status]Routing 165: Walk: 108
2019-09-05_01:02:03.568[Battery Energy]76.59
2019-09-05_01:02:03.732[Status]Routing 166: Walk: 108
2019-09-05_01:02:03.832[Battery Energy]76.48
2019-09-05_01:02:04.032[Status]Routing 167: Walk: 108
2019-09-05_01:02:04.156[Battery Energy]76.37
2019-09-05_01:02:04.405[Status]Routing 168: Walk: 108
2019-09-05_01:02:04.506[Battery Energy]76.22
2019-09-05_01:02:04.669[Status]Routing 169: Walk: 108
2019-09-05_01:02:04.797[Battery Energy]76.11
2019-09-05_01:02:04.985[Status]Routing 170: Walk: 108
2019-09-05_01:02:05.098[Battery Energy]75.98
2019-09-05_01:02:05.272[Status]Routing 171: Walk: 108
2019-09-05_01:02:05.384[Battery Energy]75.88
2019-09-05_01:02:05.522[Status]Routing 172: Walk: 108
2019-09-05_01:02:05.630[Battery Energy]75.77
2019-09-05_01:02:05.782[Status]Routing 173: Walk: 108
2019-09-05_01:02:05.882[Battery Energy]75.66
2019-09-05_01:02:06.086[Status]Routing 174: Walk: 108
2019-09-05_01:02:06.188[Battery Energy]75.49
2019-09-05_01:02:06.343[Status]Routing 175: Walk: 108
2019-09-05_01:02:06.445[Battery Energy]75.38
2019-09-05_01:02:06.663[Status]Routing 176: Walk: 108
2019-09-05_01:02:06.779[Battery Energy]75.22
2019-09-05_01:02:06.953[Status]Routing 177: Walk: 108
2019-09-05_01:02:07.072[Battery Energy]75.11
2019-09-05_01:02:07.214[Status]Routing 178: Walk: 108
2019-09-05_01:02:07.330[Battery Energy]75.01
2019-09-05_01:02:07.553[Status]Routing 179: Walk: 108
2019-09-05_01:02:07.653[Battery Energy]74.92
2019-09-05_01:02:07.960[Status]Routing 180: Walk: 108
2019-09-05_01:02:08.060[Battery Energy]74.79
2019-09-05_01:02:08.249[Status]Routing 181: Walk: 108
2019-09-05_01:02:08.349[Battery Energy]74.69
2019-09-05_01:02:08.536[Status]Routing 182: Walk: 108
2019-09-05_01:02:08.652[Battery Energy]74.55
2019-09-05_01:02:08.821[Status]Routing 183: Walk: 108
2019-09-05_01:02:08.921[Battery Energy]74.37
2019-09-05_01:02:09.258[Status]Routing 184: Walk: 108
2019-09-05_01:02:09.367[Battery Energy]74.19
2019-09-05_01:02:09.539[Status]Routing 185: Walk: 108
2019-09-05_01:02:09.640[Battery Energy]74.06
2019-09-05_01:02:09.914[Status]Routing 186: Walk: 108
2019-09-05_01:02:10.015[Battery Energy]73.90
2019-09-05_01:02:10.251[Status]Routing 187: Walk: 108
2019-09-05_01:02:10.437[Battery Energy]73.75
2019-09-05_01:02:10.616[Status]Routing 188: Walk: 108
2019-09-05_01:02:10.720[Battery Energy]73.59
2019-09-05_01:02:10.917[Status]Routing 189: Walk: 108
2019-09-05_01:02:11.032[Battery Energy]73.43
2019-09-05_01:02:11.225[Status]Routing 190: Walk: 108
2019-09-05_01:02:11.337[Battery Energy]73.33
2019-09-05_01:02:11.530[Status]Routing 191: Walk: 108
2019-09-05_01:02:11.640[Battery Energy]73.17
2019-09-05_01:02:11.787[Status]Routing 192: Walk: 108
2019-09-05_01:02:11.887[Battery Energy]73.06
2019-09-05_01:02:12.150[Status]Routing 193: Walk: 108
2019-09-05_01:02:12.251[Battery Energy]72.94
2019-09-05_01:02:12.423[Status]Routing 194: Walk: 108
2019-09-05_01:02:12.528[Battery Energy]72.81
2019-09-05_01:02:12.754[Status]Routing 195: Walk: 108
2019-09-05_01:02:12.855[Battery Energy]72.62
2019-09-05_01:02:13.036[Status]Routing 196: Walk: 108
2019-09-05_01:02:13.136[Battery Energy]72.53
2019-09-05_01:02:13.292[Status]Routing 197: Walk: 108
2019-09-05_01:02:13.396[Battery Energy]72.40
2019-09-05_01:02:13.569[Status]Routing 198: Walk: 108
2019-09-05_01:02:13.684[Battery Energy]72.28
2019-09-05_01:02:13.858[Status]Routing 199: Walk: 108
2019-09-05_01:02:13.964[Battery Energy]72.15
2019-09-05_01:02:14.177[Status]Routing 200: Walk: 108
2019-09-05_01:02:14.277[Battery Energy]72.02
2019-09-05_01:02:14.450[Status]Routing 201: Walk: 108
2019-09-05_01:02:14.556[Battery Energy]71.90
2019-09-05_01:02:14.763[Status]Routing 202: Walk: 108
2019-09-05_01:02:14.864[Battery Energy]71.73
2019-09-05_01:02:15.033[Status]Routing 203: Walk: 108
2019-09-05_01:02:15.134[Battery Energy]71.61
2019-09-05_01:02:15.415[Status]Routing 204: Walk: 108
2019-09-05_01:02:15.528[Battery Energy]71.45
2019-09-05_01:02:15.727[Status]Routing 205: Walk: 108
2019-09-05_01:02:15.840[Battery Energy]71.34
2019-09-05_01:02:15.995[Status]Routing 206: Walk: 108
2019-09-05_01:02:16.108[Battery Energy]71.24
2019-09-05_01:02:16.254[Status]Routing 207: Walk: 108
2019-09-05_01:02:16.360[Battery Energy]71.15
2019-09-05_01:02:16.707[Status]Routing 208: Walk: 108
2019-09-05_01:02:16.807[Battery Energy]70.98
2019-09-05_01:02:16.992[Status]Routing 209: Walk: 108
2019-09-05_01:02:17.097[Battery Energy]70.87
2019-09-05_01:02:17.277[Status]Routing 210: Walk: 108
2019-09-05_01:02:17.377[Battery Energy]70.75
2019-09-05_01:02:17.541[Status]Routing 211: Walk: 108
2019-09-05_01:02:17.641[Battery Energy]70.64
2019-09-05_01:02:17.814[Status]Routing 212: Walk: 108
2019-09-05_01:02:17.920[Battery Energy]70.52
2019-09-05_01:02:18.139[Status]Routing 213: Walk: 108
2019-09-05_01:02:18.244[Battery Energy]70.36
2019-09-05_01:02:18.459[Status]Routing 214: Walk: 108
2019-09-05_01:02:18.572[Battery Energy]70.23
2019-09-05_01:02:18.718[Status]Routing 215: Walk: 108
2019-09-05_01:02:18.819[Battery Energy]70.12
2019-09-05_01:02:19.086[Status]Routing 216: Walk: 108
2019-09-05_01:02:19.186[Battery Energy]70.01
2019-09-05_01:02:19.409[Status]Routing 217: Walk: 108
2019-09-05_01:02:19.522[Battery Energy]69.90
2019-09-05_01:02:19.704[Status]Routing 218: Walk: 108
2019-09-05_01:02:19.804[Battery Energy]69.77
2019-09-05_01:02:19.964[Status]Routing 219: Walk: 108
2019-09-05_01:02:20.067[Battery Energy]69.67
2019-09-05_01:02:20.266[Status]Routing 220: Walk: 108
2019-09-05_01:02:20.376[Battery Energy]69.55
2019-09-05_01:02:20.561[Status]Routing 221: Walk: 108
2019-09-05_01:02:20.676[Battery Energy]69.43
2019-09-05_01:02:20.812[Status]Routing 222: Walk: 108
2019-09-05_01:02:20.924[Battery Energy]69.33
2019-09-05_01:02:21.167[Status]Routing 223: Walk: 108
2019-09-05_01:02:21.267[Battery Energy]69.19
2019-09-05_01:02:21.470[Status]Routing 224: Walk: 108
2019-09-05_01:02:21.576[Battery Energy]69.08
2019-09-05_01:02:21.725[Status]Routing 225: Walk: 108
2019-09-05_01:02:21.826[Battery Energy]68.95
2019-09-05_01:02:21.996[Status]Routing 226: Walk: 108
2019-09-05_01:02:22.112[Battery Energy]68.84
2019-09-05_01:02:22.261[Status]Routing 227: Walk: 108
2019-09-05_01:02:22.362[Battery Energy]68.73
2019-09-05_01:02:22.581[Status]Routing 228: Walk: 108
2019-09-05_01:02:22.692[Battery Energy]68.61
2019-09-05_01:02:22.845[Status]Routing 229: Walk: 108
2019-09-05_01:02:22.956[Battery Energy]68.51
2019-09-05_01:02:23.106[Status]Routing 230: Walk: 108
2019-09-05_01:02:23.224[Battery Energy]68.39
2019-09-05_01:02:23.429[Status]Routing 231: Walk: 108
2019-09-05_01:02:23.529[Battery Energy]68.30
2019-09-05_01:02:23.699[Status]Routing 232: Walk: 108
2019-09-05_01:02:23.808[Battery Energy]68.20
2019-09-05_01:02:23.996[Status]Routing 233: Walk: 108
2019-09-05_01:02:24.096[Battery Energy]68.06
2019-09-05_01:02:24.343[Status]Routing 234: Walk: 108
2019-09-05_01:02:24.443[Battery Energy]67.92
2019-09-05_01:02:24.629[Status]Routing 235: Walk: 108
2019-09-05_01:02:24.731[Battery Energy]67.81
2019-09-05_01:02:24.967[Status]Routing 236: Walk: 108
2019-09-05_01:02:25.072[Battery Energy]67.68
2019-09-05_01:02:25.219[Status]Routing 237: Walk: 108
2019-09-05_01:02:25.319[Battery Energy]67.55
2019-09-05_01:02:25.557[Status]Routing 238: Walk: 108
2019-09-05_01:02:25.657[Battery Energy]67.36
2019-09-05_01:02:25.829[Status]Routing 239: Walk: 108
2019-09-05_01:02:25.936[Battery Energy]67.27
2019-09-05_01:02:26.074[Status]Routing 240: Walk: 108
2019-09-05_01:02:26.175[Battery Energy]67.16
2019-09-05_01:02:26.343[Status]Routing 241: Walk: 108
2019-09-05_01:02:26.472[Battery Energy]67.02
2019-09-05_01:02:26.638[Status]Routing 242: Walk: 108
2019-09-05_01:02:26.744[Battery Energy]66.89
2019-09-05_01:02:26.929[Status]Routing 243: Walk: 108
2019-09-05_01:02:27.036[Battery Energy]66.78
2019-09-05_01:02:27.255[Status]Routing 244: Walk: 108
2019-09-05_01:02:27.355[Battery Energy]66.61
2019-09-05_01:02:27.548[Status]Routing 245: Walk: 108
2019-09-05_01:02:27.672[Battery Energy]66.46
2019-09-05_01:02:27.853[Status]Routing 246: Walk: 108
2019-09-05_01:02:27.960[Battery Energy]66.36
2019-09-05_01:02:28.120[Status]Routing 247: Walk: 108
2019-09-05_01:02:28.221[Battery Energy]66.25
2019-09-05_01:02:28.366[Status]Routing 248: Walk: 108
2019-09-05_01:02:28.466[Battery Energy]66.14
