2019-09-05_00:54:01.630[Status]Start.
2019-09-05_00:54:01.630[Battery Energy]109.00
2019-09-05_00:54:02.732[Battery Energy]108.96
2019-09-05_00:54:03.832[Battery Energy]108.92
2019-09-05_00:54:04.934[Battery Energy]108.88
2019-09-05_00:54:06.036[Battery Energy]108.84
2019-09-05_00:54:07.137[Task]A New Task Released.
2019-09-05_00:54:07.137[Battery Energy]108.80
2019-09-05_00:54:07.137[Status]Selection Start.
2019-09-05_00:54:08.150[Status]Selection End: Do Task 2.
2019-09-05_00:54:08.306[Battery Energy]108.04
2019-09-05_00:54:08.306[Status]Formation Start.
2019-09-05_00:54:08.487[Status]Formation End: To Position 3.
2019-09-05_00:54:08.594[Battery Energy]107.91
2019-09-05_00:54:08.594[Status]Routing Start.
2019-09-05_00:54:08.735[Status]{'id': 15, 'coordinate': [128.99959237953524, 167.09028977317865]}
2019-09-05_00:54:08.735[Status]Routing 1: Walk: 1
2019-09-05_00:54:08.844[Battery Energy]107.69
2019-09-05_00:54:08.844[Status]Routing Start.
2019-09-05_00:54:09.068[Status]{'id': 15, 'coordinate': [138.9991847590705, 167.1805795463573]}
2019-09-05_00:54:09.068[Status]Routing 2: Walk: 2
2019-09-05_00:54:09.172[Battery Energy]107.39
2019-09-05_00:54:09.172[Status]Routing Start.
2019-09-05_00:54:09.340[Status]{'id': 15, 'coordinate': [148.99877713860573, 167.27086931953596]}
2019-09-05_00:54:09.340[Status]Routing 3: Walk: 3
2019-09-05_00:54:09.448[Battery Energy]107.15
2019-09-05_00:54:09.448[Status]Routing Start.
2019-09-05_00:54:09.596[Status]{'id': 15, 'coordinate': [158.99836951814098, 167.36115909271462]}
2019-09-05_00:54:09.596[Status]Routing 4: Walk: 4
2019-09-05_00:54:09.696[Battery Energy]106.96
2019-09-05_00:54:09.696[Status]Routing Start.
2019-09-05_00:54:09.920[Status]{'id': 15, 'coordinate': [168.99796189767622, 167.45144886589327]}
2019-09-05_00:54:09.920[Status]Routing 5: Walk: 5
2019-09-05_00:54:10.020[Battery Energy]106.69
2019-09-05_00:54:10.020[Status]Routing Start.
2019-09-05_00:54:10.549[Status]Routing 6: Walk: 5
2019-09-05_00:54:10.651[Battery Energy]106.26
2019-09-05_00:54:10.651[Status]Routing Start.
2019-09-05_00:54:11.059[Status]Routing 7: Walk: 5
2019-09-05_00:54:11.159[Battery Energy]105.94
2019-09-05_00:54:11.159[Status]Routing Start.
2019-09-05_00:54:11.643[Status]Routing 8: Walk: 5
2019-09-05_00:54:11.790[Battery Energy]105.51
2019-09-05_00:54:11.790[Status]Routing Start.
2019-09-05_00:54:12.190[Status]Routing 9: Walk: 5
2019-09-05_00:54:12.292[Battery Energy]105.19
2019-09-05_00:54:12.292[Status]Routing Start.
2019-09-05_00:54:12.615[Status]Routing 10: Walk: 5
2019-09-05_00:54:12.715[Battery Energy]104.86
2019-09-05_00:54:12.715[Status]Routing Start.
2019-09-05_00:54:13.209[Status]Routing 11: Walk: 5
2019-09-05_00:54:13.310[Battery Energy]104.45
2019-09-05_00:54:13.310[Status]Routing Start.
2019-09-05_00:54:13.656[Status]Routing 12: Walk: 5
2019-09-05_00:54:13.756[Battery Energy]104.13
2019-09-05_00:54:13.756[Status]Routing Start.
2019-09-05_00:54:14.213[Status]Routing 13: Walk: 5
2019-09-05_00:54:14.313[Battery Energy]103.75
2019-09-05_00:54:14.313[Status]Routing Start.
2019-09-05_00:54:14.660[Status]{'id': 15, 'coordinate': [178.99755427721146, 167.54173863907192]}
2019-09-05_00:54:14.660[Status]Routing 14: Walk: 6
2019-09-05_00:54:14.780[Battery Energy]103.37
2019-09-05_00:54:14.780[Status]Routing Start.
2019-09-05_00:54:14.986[Status]{'id': 15, 'coordinate': [188.9971466567467, 167.63202841225058]}
2019-09-05_00:54:14.986[Status]Routing 15: Walk: 7
2019-09-05_00:54:15.090[Battery Energy]103.14
2019-09-05_00:54:15.090[Status]Routing Start.
2019-09-05_00:54:15.545[Status]{'id': 15, 'coordinate': [198.99673903628195, 167.72231818542923]}
2019-09-05_00:54:15.545[Status]Routing 16: Walk: 8
2019-09-05_00:54:15.648[Battery Energy]102.77
2019-09-05_00:54:15.648[Status]Routing Start.
2019-09-05_00:54:15.965[Status]{'id': 15, 'coordinate': [208.9963314158172, 167.81260795860788]}
2019-09-05_00:54:15.966[Status]Routing 17: Walk: 9
2019-09-05_00:54:16.066[Battery Energy]102.47
2019-09-05_00:54:16.066[Status]Routing Start.
2019-09-05_00:54:16.499[Status]{'id': 15, 'coordinate': [218.99592379535244, 167.90289773178654]}
2019-09-05_00:54:16.499[Status]Routing 18: Walk: 10
2019-09-05_00:54:16.606[Battery Energy]102.12
2019-09-05_00:54:16.606[Status]Routing Start.
2019-09-05_00:54:17.021[Status]{'id': 15, 'coordinate': [228.99551617488768, 167.9931875049652]}
2019-09-05_00:54:17.021[Status]Routing 19: Walk: 11
2019-09-05_00:54:17.122[Battery Energy]101.78
2019-09-05_00:54:17.122[Status]Routing Start.
2019-09-05_00:54:17.463[Status]{'id': 15, 'coordinate': [238.99510855442293, 168.08347727814385]}
2019-09-05_00:54:17.463[Status]Routing 20: Walk: 12
2019-09-05_00:54:17.564[Battery Energy]101.52
2019-09-05_00:54:17.564[Status]Routing Start.
2019-09-05_00:54:17.983[Status]{'id': 15, 'coordinate': [248.99470093395817, 168.1737670513225]}
2019-09-05_00:54:17.983[Status]Routing 21: Walk: 13
2019-09-05_00:54:18.083[Battery Energy]101.15
2019-09-05_00:54:18.083[Status]Routing Start.
2019-09-05_00:54:18.256[Status]{'id': 15, 'coordinate': [258.9942933134934, 168.26405682450115]}
2019-09-05_00:54:18.260[Status]Routing 22: Walk: 14
2019-09-05_00:54:18.364[Battery Energy]100.90
2019-09-05_00:54:18.364[Status]Routing Start.
2019-09-05_00:54:18.707[Status]{'id': 15, 'coordinate': [268.9938856930287, 168.3543465976798]}
2019-09-05_00:54:18.716[Status]Routing 23: Walk: 15
2019-09-05_00:54:18.817[Battery Energy]100.62
2019-09-05_00:54:18.817[Status]Routing Start.
2019-09-05_00:54:19.179[Status]{'id': 15, 'coordinate': [278.99347807256396, 168.44463637085846]}
2019-09-05_00:54:19.180[Status]Routing 24: Walk: 16
2019-09-05_00:54:19.284[Battery Energy]100.25
2019-09-05_00:54:19.284[Status]Routing Start.
2019-09-05_00:54:19.605[Status]{'id': 15, 'coordinate': [288.99307045209923, 168.53492614403712]}
2019-09-05_00:54:19.607[Status]Routing 25: Walk: 17
2019-09-05_00:54:19.708[Battery Energy]99.97
2019-09-05_00:54:19.708[Status]Routing Start.
2019-09-05_00:54:19.983[Status]{'id': 15, 'coordinate': [298.99266283163445, 168.62521591721577]}
2019-09-05_00:54:19.983[Status]Routing 26: Walk: 18
2019-09-05_00:54:20.096[Battery Energy]99.74
2019-09-05_00:54:20.096[Status]Routing Start.
2019-09-05_00:54:20.450[Status]{'id': 15, 'coordinate': [308.9922552111697, 168.71550569039442]}
2019-09-05_00:54:20.458[Status]Routing 27: Walk: 19
2019-09-05_00:54:20.559[Battery Energy]99.42
2019-09-05_00:54:20.559[Status]Routing Start.
2019-09-05_00:54:20.893[Status]{'id': 15, 'coordinate': [318.991847590705, 168.80579546357308]}
2019-09-05_00:54:20.893[Status]Routing 28: Walk: 20
2019-09-05_00:54:20.993[Battery Energy]99.09
2019-09-05_00:54:20.993[Status]Routing Start.
2019-09-05_00:54:21.387[Status]{'id': 15, 'coordinate': [328.99143997024026, 168.89608523675173]}
2019-09-05_00:54:21.387[Status]Routing 29: Walk: 21
2019-09-05_00:54:21.492[Battery Energy]98.71
2019-09-05_00:54:21.492[Status]Routing Start.
2019-09-05_00:54:21.812[Status]{'id': 15, 'coordinate': [338.99103234977554, 168.98637500993038]}
2019-09-05_00:54:21.812[Status]Routing 30: Walk: 22
2019-09-05_00:54:21.920[Battery Energy]98.38
2019-09-05_00:54:21.920[Status]Routing Start.
2019-09-05_00:54:22.178[Status]{'id': 15, 'coordinate': [348.9906247293108, 169.07666478310904]}
2019-09-05_00:54:22.178[Status]Routing 31: Walk: 23
2019-09-05_00:54:22.278[Battery Energy]98.16
2019-09-05_00:54:22.278[Status]Routing Start.
2019-09-05_00:54:22.619[Status]{'id': 15, 'coordinate': [358.9902171088461, 169.1669545562877]}
2019-09-05_00:54:22.619[Status]Routing 32: Walk: 24
2019-09-05_00:54:22.728[Battery Energy]97.82
2019-09-05_00:54:22.728[Status]Routing Start.
2019-09-05_00:54:23.028[Status]{'id': 15, 'coordinate': [368.9898094883813, 169.25724432946635]}
2019-09-05_00:54:23.028[Status]Routing 33: Walk: 25
2019-09-05_00:54:23.129[Battery Energy]97.55
2019-09-05_00:54:23.130[Status]Routing Start.
2019-09-05_00:54:23.314[Status]{'id': 15, 'coordinate': [378.98940186791657, 169.347534102645]}
2019-09-05_00:54:23.314[Status]Routing 34: Walk: 26
2019-09-05_00:54:23.428[Battery Energy]97.32
2019-09-05_00:54:23.428[Status]Routing Start.
2019-09-05_00:54:23.793[Status]{'id': 15, 'coordinate': [388.98899424745184, 169.43782387582365]}
2019-09-05_00:54:23.793[Status]Routing 35: Walk: 27
2019-09-05_00:54:23.900[Battery Energy]97.02
2019-09-05_00:54:23.900[Status]Routing Start.
2019-09-05_00:54:24.304[Status]{'id': 15, 'coordinate': [398.9885866269871, 169.5281136490023]}
2019-09-05_00:54:24.305[Status]Routing 36: Walk: 28
2019-09-05_00:54:24.416[Battery Energy]96.65
2019-09-05_00:54:24.416[Status]Routing Start.
2019-09-05_00:54:24.797[Status]{'id': 15, 'coordinate': [408.9881790065224, 169.61840342218096]}
2019-09-05_00:54:24.797[Status]Routing 37: Walk: 29
2019-09-05_00:54:24.925[Battery Energy]96.34
2019-09-05_00:54:24.925[Status]Routing Start.
2019-09-05_00:54:25.251[Status]{'id': 15, 'coordinate': [418.98777138605766, 169.70869319535961]}
2019-09-05_00:54:25.252[Status]Routing 38: Walk: 30
2019-09-05_00:54:25.354[Battery Energy]96.01
2019-09-05_00:54:25.354[Status]Routing Start.
2019-09-05_00:54:25.738[Status]{'id': 15, 'coordinate': [428.98736376559293, 169.79898296853827]}
2019-09-05_00:54:25.738[Status]Routing 39: Walk: 31
2019-09-05_00:54:25.860[Battery Energy]95.72
2019-09-05_00:54:25.860[Status]Routing Start.
2019-09-05_00:54:26.197[Status]{'id': 15, 'coordinate': [438.9869561451282, 169.88927274171692]}
2019-09-05_00:54:26.197[Status]Routing 40: Walk: 32
2019-09-05_00:54:26.308[Battery Energy]95.42
2019-09-05_00:54:26.308[Status]Routing Start.
2019-09-05_00:54:26.699[Status]{'id': 15, 'coordinate': [448.9865485246635, 169.97956251489558]}
2019-09-05_00:54:26.699[Status]Routing 41: Walk: 33
2019-09-05_00:54:26.803[Battery Energy]95.03
2019-09-05_00:54:26.803[Status]Routing Start.
2019-09-05_00:54:27.175[Status]{'id': 15, 'coordinate': [458.9861409041987, 170.06985228807423]}
2019-09-05_00:54:27.175[Status]Routing 42: Walk: 34
2019-09-05_00:54:27.292[Battery Energy]94.76
2019-09-05_00:54:27.292[Status]Routing Start.
2019-09-05_00:54:27.480[Status]{'id': 15, 'coordinate': [468.98573328373396, 170.16014206125288]}
2019-09-05_00:54:27.480[Status]Routing 43: Walk: 35
2019-09-05_00:54:27.595[Battery Energy]94.56
2019-09-05_00:54:27.595[Status]Routing Start.
2019-09-05_00:54:27.757[Status]{'id': 15, 'coordinate': [478.98532566326924, 170.25043183443154]}
2019-09-05_00:54:27.757[Status]Routing 44: Walk: 36
2019-09-05_00:54:27.872[Battery Energy]94.37
2019-09-05_00:54:27.872[Status]Routing Start.
2019-09-05_00:54:28.112[Status]{'id': 15, 'coordinate': [488.9849180428045, 170.3407216076102]}
2019-09-05_00:54:28.114[Status]Routing 45: Walk: 37
2019-09-05_00:54:28.215[Battery Energy]94.12
2019-09-05_00:54:28.215[Status]Routing Start.
2019-09-05_00:54:28.571[Status]{'id': 15, 'coordinate': [498.9845104223398, 170.43101138078885]}
2019-09-05_00:54:28.571[Status]Routing 46: Walk: 38
2019-09-05_00:54:28.684[Battery Energy]93.79
2019-09-05_00:54:28.684[Status]Routing Start.
2019-09-05_00:54:28.858[Status]{'id': 15, 'coordinate': [508.98410280187505, 170.5213011539675]}
2019-09-05_00:54:28.859[Status]Routing 47: Walk: 39
2019-09-05_00:54:28.964[Battery Energy]93.58
2019-09-05_00:54:28.964[Status]Routing Start.
2019-09-05_00:54:29.299[Status]{'id': 15, 'coordinate': [518.9836951814103, 170.61159092714615]}
2019-09-05_00:54:29.299[Status]Routing 48: Walk: 40
2019-09-05_00:54:29.399[Battery Energy]93.26
2019-09-05_00:54:29.399[Status]Routing Start.
2019-09-05_00:54:29.759[Status]{'id': 15, 'coordinate': [528.9832875609455, 170.7018807003248]}
2019-09-05_00:54:29.760[Status]Routing 49: Walk: 41
2019-09-05_00:54:29.860[Battery Energy]92.96
2019-09-05_00:54:29.860[Status]Routing Start.
2019-09-05_00:54:30.173[Status]{'id': 15, 'coordinate': [538.9828799404808, 170.79217047350346]}
2019-09-05_00:54:30.173[Status]Routing 50: Walk: 42
2019-09-05_00:54:30.276[Battery Energy]92.66
2019-09-05_00:54:30.276[Status]Routing Start.
2019-09-05_00:54:30.451[Status]{'id': 15, 'coordinate': [548.982472320016, 170.88246024668211]}
2019-09-05_00:54:30.451[Status]Routing 51: Walk: 43
2019-09-05_00:54:30.559[Battery Energy]92.44
2019-09-05_00:54:30.559[Status]Routing Start.
2019-09-05_00:54:30.698[Status]{'id': 15, 'coordinate': [558.9820646995512, 170.97275001986077]}
2019-09-05_00:54:30.698[Status]Routing 52: Walk: 44
2019-09-05_00:54:30.815[Battery Energy]92.24
2019-09-05_00:54:30.815[Status]Routing Start.
2019-09-05_00:54:31.136[Status]{'id': 15, 'coordinate': [568.9816570790864, 171.06303979303942]}
2019-09-05_00:54:31.136[Status]Routing 53: Walk: 45
2019-09-05_00:54:31.244[Battery Energy]91.95
2019-09-05_00:54:31.244[Status]Routing Start.
2019-09-05_00:54:31.413[Status]{'id': 15, 'coordinate': [578.9812494586216, 171.15332956621808]}
2019-09-05_00:54:31.413[Status]Routing 54: Walk: 46
2019-09-05_00:54:31.513[Battery Energy]91.75
2019-09-05_00:54:31.513[Status]Routing Start.
2019-09-05_00:54:31.685[Status]{'id': 15, 'coordinate': [588.9808418381568, 171.24361933939673]}
2019-09-05_00:54:31.685[Status]Routing 55: Walk: 47
2019-09-05_00:54:31.786[Battery Energy]91.53
2019-09-05_00:54:31.786[Status]Routing Start.
2019-09-05_00:54:31.935[Status]{'id': 15, 'coordinate': [598.980434217692, 171.33390911257538]}
2019-09-05_00:54:31.936[Status]Routing 56: Walk: 48
2019-09-05_00:54:32.044[Battery Energy]91.30
2019-09-05_00:54:32.044[Status]Routing Start.
2019-09-05_00:54:32.356[Status]{'id': 15, 'coordinate': [608.9800265972273, 171.42419888575404]}
2019-09-05_00:54:32.356[Status]Routing 57: Walk: 49
2019-09-05_00:54:32.464[Battery Energy]90.95
2019-09-05_00:54:32.464[Status]Routing Start.
2019-09-05_00:54:32.737[Status]{'id': 15, 'coordinate': [618.9796189767625, 171.5144886589327]}
2019-09-05_00:54:32.737[Status]Routing 58: Walk: 50
2019-09-05_00:54:32.843[Battery Energy]90.68
2019-09-05_00:54:32.843[Status]Routing Start.
2019-09-05_00:54:33.203[Status]{'id': 15, 'coordinate': [628.9792113562977, 171.60477843211135]}
2019-09-05_00:54:33.203[Status]Routing 59: Walk: 51
2019-09-05_00:54:33.318[Battery Energy]90.37
2019-09-05_00:54:33.318[Status]Routing Start.
2019-09-05_00:54:33.612[Status]{'id': 15, 'coordinate': [638.9788037358329, 171.69506820529]}
2019-09-05_00:54:33.612[Status]Routing 60: Walk: 52
2019-09-05_00:54:33.713[Battery Energy]90.08
2019-09-05_00:54:33.713[Status]Routing Start.
2019-09-05_00:54:33.927[Status]{'id': 15, 'coordinate': [648.9783961153681, 171.78535797846862]}
2019-09-05_00:54:33.927[Status]Routing 61: Walk: 53
2019-09-05_00:54:34.036[Battery Energy]89.86
2019-09-05_00:54:34.036[Status]Routing Start.
2019-09-05_00:54:34.169[Status]{'id': 15, 'coordinate': [658.9779884949033, 171.87564775164728]}
2019-09-05_00:54:34.169[Status]Routing 62: Walk: 54
2019-09-05_00:54:34.269[Battery Energy]89.66
2019-09-05_00:54:34.269[Status]Routing Start.
2019-09-05_00:54:34.659[Status]{'id': 15, 'coordinate': [668.9775808744386, 171.9659375248259]}
2019-09-05_00:54:34.659[Status]Routing 63: Walk: 55
2019-09-05_00:54:34.764[Battery Energy]89.38
2019-09-05_00:54:34.764[Status]Routing Start.
2019-09-05_00:54:34.935[Status]{'id': 15, 'coordinate': [678.9771732539738, 172.05622729800456]}
2019-09-05_00:54:34.935[Status]Routing 64: Walk: 56
2019-09-05_00:54:35.044[Battery Energy]89.15
2019-09-05_00:54:35.044[Status]Routing Start.
2019-09-05_00:54:35.329[Status]{'id': 15, 'coordinate': [688.976765633509, 172.14651707118318]}
2019-09-05_00:54:35.329[Status]Routing 65: Walk: 57
2019-09-05_00:54:35.431[Battery Energy]88.87
2019-09-05_00:54:35.431[Status]Routing Start.
2019-09-05_00:54:35.639[Status]{'id': 15, 'coordinate': [698.9763580130442, 172.23680684436184]}
2019-09-05_00:54:35.639[Status]Routing 66: Walk: 58
2019-09-05_00:54:35.740[Battery Energy]88.63
2019-09-05_00:54:35.740[Status]Routing Start.
2019-09-05_00:54:35.986[Status]{'id': 15, 'coordinate': [708.9759503925794, 172.32709661754046]}
2019-09-05_00:54:35.986[Status]Routing 67: Walk: 59
2019-09-05_00:54:36.086[Battery Energy]88.36
2019-09-05_00:54:36.086[Status]Routing Start.
2019-09-05_00:54:36.279[Status]{'id': 15, 'coordinate': [718.9755427721146, 172.41738639071912]}
2019-09-05_00:54:36.280[Status]Routing 68: Walk: 60
2019-09-05_00:54:36.380[Battery Energy]88.14
2019-09-05_00:54:36.380[Status]Routing Start.
2019-09-05_00:54:36.549[Status]{'id': 15, 'coordinate': [728.9751351516499, 172.50767616389774]}
2019-09-05_00:54:36.549[Status]Routing 69: Walk: 61
2019-09-05_00:54:36.660[Battery Energy]87.91
2019-09-05_00:54:36.660[Status]Routing Start.
2019-09-05_00:54:36.876[Status]{'id': 15, 'coordinate': [738.9747275311851, 172.59796593707637]}
2019-09-05_00:54:36.876[Status]Routing 70: Walk: 62
2019-09-05_00:54:36.978[Battery Energy]87.66
2019-09-05_00:54:36.978[Status]Routing Start.
2019-09-05_00:54:37.210[Status]{'id': 15, 'coordinate': [748.9743199107203, 172.68825571025502]}
2019-09-05_00:54:37.210[Status]Routing 71: Walk: 63
2019-09-05_00:54:37.316[Battery Energy]87.41
2019-09-05_00:54:37.316[Status]Routing Start.
2019-09-05_00:54:37.515[Status]{'id': 15, 'coordinate': [758.9739122902555, 172.77854548343367]}
2019-09-05_00:54:37.515[Status]Routing 72: Walk: 64
2019-09-05_00:54:37.615[Battery Energy]87.20
2019-09-05_00:54:37.615[Status]Routing Start.
2019-09-05_00:54:37.797[Status]{'id': 15, 'coordinate': [768.9735046697907, 172.8688352566123]}
2019-09-05_00:54:37.797[Status]Routing 73: Walk: 65
2019-09-05_00:54:37.904[Battery Energy]86.97
2019-09-05_00:54:37.904[Status]Routing Start.
2019-09-05_00:54:38.129[Status]{'id': 15, 'coordinate': [778.9730970493259, 172.95912502979093]}
2019-09-05_00:54:38.129[Status]Routing 74: Walk: 66
2019-09-05_00:54:38.232[Battery Energy]86.72
2019-09-05_00:54:38.232[Status]Routing Start.
2019-09-05_00:54:38.395[Status]{'id': 15, 'coordinate': [788.9726894288611, 173.04941480296958]}
2019-09-05_00:54:38.395[Status]Routing 75: Walk: 67
2019-09-05_00:54:38.504[Battery Energy]86.52
2019-09-05_00:54:38.504[Status]Routing Start.
2019-09-05_00:54:38.652[Status]{'id': 15, 'coordinate': [798.9722818083964, 173.1397045761482]}
2019-09-05_00:54:38.652[Status]Routing 76: Walk: 68
2019-09-05_00:54:38.760[Battery Energy]86.33
2019-09-05_00:54:38.760[Status]Routing Start.
2019-09-05_00:54:38.933[Status]{'id': 15, 'coordinate': [808.9718741879316, 173.22999434932686]}
2019-09-05_00:54:38.934[Status]Routing 77: Walk: 69
2019-09-05_00:54:39.036[Battery Energy]86.12
2019-09-05_00:54:39.036[Status]Routing Start.
2019-09-05_00:54:39.260[Status]{'id': 15, 'coordinate': [818.9714665674668, 173.32028412250548]}
2019-09-05_00:54:39.261[Status]Routing 78: Walk: 70
2019-09-05_00:54:39.368[Battery Energy]85.87
2019-09-05_00:54:39.368[Status]Routing Start.
2019-09-05_00:54:39.516[Status]{'id': 15, 'coordinate': [828.971058947002, 173.41057389568414]}
2019-09-05_00:54:39.516[Status]Routing 79: Walk: 71
2019-09-05_00:54:39.628[Battery Energy]85.66
2019-09-05_00:54:39.628[Status]Routing Start.
2019-09-05_00:54:39.781[Status]{'id': 15, 'coordinate': [838.9706513265372, 173.50086366886276]}
2019-09-05_00:54:39.781[Status]Routing 80: Walk: 72
2019-09-05_00:54:39.892[Battery Energy]85.44
2019-09-05_00:54:39.892[Status]Routing Start.
2019-09-05_00:54:40.093[Status]{'id': 15, 'coordinate': [848.9702437060724, 173.59115344204142]}
2019-09-05_00:54:40.093[Status]Routing 81: Walk: 73
2019-09-05_00:54:40.194[Battery Energy]85.19
2019-09-05_00:54:40.194[Status]Routing Start.
2019-09-05_00:54:40.344[Status]{'id': 15, 'coordinate': [858.9698360856077, 173.68144321522004]}
2019-09-05_00:54:40.344[Status]Routing 82: Walk: 74
2019-09-05_00:54:40.444[Battery Energy]85.00
2019-09-05_00:54:40.444[Status]Routing Start.
2019-09-05_00:54:40.624[Status]{'id': 15, 'coordinate': [868.9694284651429, 173.7717329883987]}
2019-09-05_00:54:40.624[Status]Routing 83: Walk: 75
2019-09-05_00:54:40.736[Battery Energy]84.74
2019-09-05_00:54:40.736[Status]Routing Start.
2019-09-05_00:54:40.945[Status]{'id': 15, 'coordinate': [878.9690208446781, 173.86202276157732]}
2019-09-05_00:54:40.945[Status]Routing 84: Walk: 76
2019-09-05_00:54:41.045[Battery Energy]84.53
2019-09-05_00:54:41.045[Status]Routing Start.
2019-09-05_00:54:41.220[Status]{'id': 15, 'coordinate': [888.9686132242133, 173.95231253475598]}
2019-09-05_00:54:41.220[Status]Routing 85: Walk: 77
2019-09-05_00:54:41.320[Battery Energy]84.32
2019-09-05_00:54:41.321[Status]Routing Start.
2019-09-05_00:54:41.636[Status]{'id': 15, 'coordinate': [898.9682056037485, 174.0426023079346]}
2019-09-05_00:54:41.636[Status]Routing 86: Walk: 78
2019-09-05_00:54:41.736[Battery Energy]84.05
2019-09-05_00:54:41.736[Status]Routing Start.
2019-09-05_00:54:41.898[Status]{'id': 15, 'coordinate': [908.9677979832837, 174.13289208111325]}
2019-09-05_00:54:41.898[Status]Routing 87: Walk: 79
2019-09-05_00:54:41.998[Battery Energy]83.82
2019-09-05_00:54:41.998[Status]Routing Start.
2019-09-05_00:54:42.164[Status]{'id': 15, 'coordinate': [918.967390362819, 174.22318185429188]}
2019-09-05_00:54:42.164[Status]Routing 88: Walk: 80
2019-09-05_00:54:42.264[Battery Energy]83.63
2019-09-05_00:54:42.264[Status]Routing Start.
2019-09-05_00:54:42.424[Status]{'id': 15, 'coordinate': [928.9669827423542, 174.31347162747053]}
2019-09-05_00:54:42.424[Status]Routing 89: Walk: 81
2019-09-05_00:54:42.525[Battery Energy]83.40
2019-09-05_00:54:42.525[Status]Routing Start.
2019-09-05_00:54:42.657[Status]{'id': 15, 'coordinate': [938.9665751218894, 174.40376140064916]}
2019-09-05_00:54:42.658[Status]Routing 90: Walk: 82
2019-09-05_00:54:42.758[Battery Energy]83.18
2019-09-05_00:54:42.758[Status]Routing Start.
2019-09-05_00:54:42.970[Status]{'id': 15, 'coordinate': [948.9661675014246, 174.4940511738278]}
2019-09-05_00:54:42.970[Status]Routing 91: Walk: 83
2019-09-05_00:54:43.071[Battery Energy]82.94
2019-09-05_00:54:43.071[Status]Routing Start.
2019-09-05_00:54:43.356[Status]{'id': 15, 'coordinate': [958.9657598809598, 174.58434094700644]}
2019-09-05_00:54:43.356[Status]Routing 92: Walk: 84
2019-09-05_00:54:43.456[Battery Energy]82.71
2019-09-05_00:54:43.456[Status]Routing Start.
2019-09-05_00:54:43.695[Status]{'id': 15, 'coordinate': [968.965352260495, 174.6746307201851]}
2019-09-05_00:54:43.695[Status]Routing 93: Walk: 85
2019-09-05_00:54:43.804[Battery Energy]82.39
2019-09-05_00:54:43.804[Status]Routing Start.
2019-09-05_00:54:43.998[Status]{'id': 15, 'coordinate': [978.9649446400302, 174.76492049336372]}
2019-09-05_00:54:43.998[Status]Routing 94: Walk: 86
2019-09-05_00:54:44.108[Battery Energy]82.18
2019-09-05_00:54:44.108[Status]Routing Start.
2019-09-05_00:54:44.233[Status]{'id': 15, 'coordinate': [988.9645370195655, 174.85521026654237]}
2019-09-05_00:54:44.233[Status]Routing 95: Walk: 87
2019-09-05_00:54:44.334[Battery Energy]82.00
2019-09-05_00:54:44.334[Status]Routing Start.
2019-09-05_00:54:44.522[Status]{'id': 15, 'coordinate': [998.9641293991007, 174.945500039721]}
2019-09-05_00:54:44.522[Status]Routing 96: Walk: 88
2019-09-05_00:54:44.632[Battery Energy]81.80
2019-09-05_00:54:44.632[Status]Routing Start.
2019-09-05_00:54:44.632[Status]Task Finished.
2019-09-05_00:54:44.733[Battery Energy]81.80
2019-09-05_00:54:44.943[Status]Routing 98: Walk: 88
2019-09-05_00:54:45.048[Battery Energy]81.67
2019-09-05_00:54:45.337[Status]Routing 99: Walk: 88
2019-09-05_00:54:45.443[Battery Energy]81.47
2019-09-05_00:54:45.629[Status]Routing 100: Walk: 88
2019-09-05_00:54:45.744[Battery Energy]81.36
2019-09-05_00:54:45.942[Status]Routing 101: Walk: 88
2019-09-05_00:54:46.052[Battery Energy]81.19
2019-09-05_00:54:46.279[Status]Routing 102: Walk: 88
2019-09-05_00:54:46.392[Battery Energy]81.02
2019-09-05_00:54:46.733[Status]Routing 103: Walk: 88
2019-09-05_00:54:46.833[Battery Energy]80.82
2019-09-05_00:54:47.096[Status]Routing 104: Walk: 88
2019-09-05_00:54:47.197[Battery Energy]80.64
2019-09-05_00:54:47.565[Status]Routing 105: Walk: 88
2019-09-05_00:54:47.676[Battery Energy]80.44
2019-09-05_00:54:48.074[Status]Routing 106: Walk: 88
2019-09-05_00:54:48.179[Battery Energy]80.20
2019-09-05_00:54:48.410[Status]Routing 107: Walk: 88
2019-09-05_00:54:48.510[Battery Energy]80.06
2019-09-05_00:54:48.834[Status]Routing 108: Walk: 88
2019-09-05_00:54:48.934[Battery Energy]79.90
2019-09-05_00:54:49.260[Status]Routing 109: Walk: 88
2019-09-05_00:54:49.372[Battery Energy]79.69
2019-09-05_00:54:49.718[Status]Routing 110: Walk: 88
2019-09-05_00:54:49.833[Battery Energy]79.49
2019-09-05_00:54:50.201[Status]Routing 111: Walk: 88
2019-09-05_00:54:50.312[Battery Energy]79.31
2019-09-05_00:54:50.683[Status]Routing 112: Walk: 88
2019-09-05_00:54:50.792[Battery Energy]79.07
2019-09-05_00:54:51.028[Status]Routing 113: Walk: 88
2019-09-05_00:54:51.145[Battery Energy]78.93
2019-09-05_00:54:51.489[Status]Routing 114: Walk: 88
2019-09-05_00:54:51.600[Battery Energy]78.75
2019-09-05_00:54:51.874[Status]Routing 115: Walk: 88
2019-09-05_00:54:51.975[Battery Energy]78.60
2019-09-05_00:54:52.139[Status]Routing 116: Walk: 88
2019-09-05_00:54:52.239[Battery Energy]78.47
2019-09-05_00:54:52.562[Status]Routing 117: Walk: 88
2019-09-05_00:54:52.676[Battery Energy]78.30
2019-09-05_00:54:53.042[Status]Routing 118: Walk: 88
2019-09-05_00:54:53.148[Battery Energy]78.09
2019-09-05_00:54:53.474[Status]Routing 119: Walk: 88
2019-09-05_00:54:53.581[Battery Energy]77.91
2019-09-05_00:54:53.887[Status]Routing 120: Walk: 88
2019-09-05_00:54:53.996[Battery Energy]77.73
2019-09-05_00:54:54.337[Status]Routing 121: Walk: 88
2019-09-05_00:54:54.452[Battery Energy]77.57
2019-09-05_00:54:54.746[Status]Routing 122: Walk: 88
2019-09-05_00:54:54.849[Battery Energy]77.40
2019-09-05_00:54:55.106[Status]Routing 123: Walk: 88
2019-09-05_00:54:55.207[Battery Energy]77.26
2019-09-05_00:54:55.485[Status]Routing 124: Walk: 88
2019-09-05_00:54:55.600[Battery Energy]77.10
2019-09-05_00:54:55.795[Status]Routing 125: Walk: 88
2019-09-05_00:54:55.895[Battery Energy]76.98
2019-09-05_00:54:56.196[Status]Routing 126: Walk: 88
2019-09-05_00:54:56.300[Battery Energy]76.84
2019-09-05_00:54:56.449[Status]Routing 127: Walk: 88
2019-09-05_00:54:56.550[Battery Energy]76.74
2019-09-05_00:54:56.747[Status]Routing 128: Walk: 88
2019-09-05_00:54:56.864[Battery Energy]76.61
2019-09-05_00:54:57.034[Status]Routing 129: Walk: 88
2019-09-05_00:54:57.152[Battery Energy]76.51
2019-09-05_00:54:57.473[Status]Routing 130: Walk: 88
2019-09-05_00:54:57.576[Battery Energy]76.30
2019-09-05_00:54:57.806[Status]Routing 131: Walk: 88
2019-09-05_00:54:57.912[Battery Energy]76.20
2019-09-05_00:54:58.114[Status]Routing 132: Walk: 88
2019-09-05_00:54:58.214[Battery Energy]76.06
2019-09-05_00:54:58.445[Status]Routing 133: Walk: 88
2019-09-05_00:54:58.545[Battery Energy]75.88
2019-09-05_00:54:58.813[Status]Routing 134: Walk: 88
2019-09-05_00:54:58.927[Battery Energy]75.76
2019-09-05_00:54:59.090[Status]Routing 135: Walk: 88
2019-09-05_00:54:59.191[Battery Energy]75.66
2019-09-05_00:54:59.384[Status]Routing 136: Walk: 88
2019-09-05_00:54:59.492[Battery Energy]75.56
2019-09-05_00:54:59.646[Status]Routing 137: Walk: 88
2019-09-05_00:54:59.746[Battery Energy]75.44
2019-09-05_00:54:59.961[Status]Routing 138: Walk: 88
2019-09-05_00:55:00.071[Battery Energy]75.32
2019-09-05_00:55:00.371[Status]Routing 139: Walk: 88
2019-09-05_00:55:00.471[Battery Energy]75.17
2019-09-05_00:55:00.635[Status]Routing 140: Walk: 88
2019-09-05_00:55:00.768[Battery Energy]75.07
2019-09-05_00:55:01.023[Status]Routing 141: Walk: 88
2019-09-05_00:55:01.123[Battery Energy]74.91
2019-09-05_00:55:01.404[Status]Routing 142: Walk: 88
2019-09-05_00:55:01.505[Battery Energy]74.78
2019-09-05_00:55:01.685[Status]Routing 143: Walk: 88
2019-09-05_00:55:01.790[Battery Energy]74.66
2019-09-05_00:55:02.150[Status]Routing 144: Walk: 88
2019-09-05_00:55:02.250[Battery Energy]74.43
2019-09-05_00:55:02.404[Status]Routing 145: Walk: 88
2019-09-05_00:55:02.504[Battery Energy]74.33
2019-09-05_00:55:02.689[Status]Routing 146: Walk: 88
2019-09-05_00:55:02.790[Battery Energy]74.22
2019-09-05_00:55:03.118[Status]Routing 147: Walk: 88
2019-09-05_00:55:03.228[Battery Energy]73.99
2019-09-05_00:55:03.498[Status]Routing 148: Walk: 88
2019-09-05_00:55:03.606[Battery Energy]73.87
2019-09-05_00:55:03.748[Status]Routing 149: Walk: 88
2019-09-05_00:55:03.872[Battery Energy]73.77
2019-09-05_00:55:04.029[Status]Routing 150: Walk: 88
2019-09-05_00:55:04.129[Battery Energy]73.65
2019-09-05_00:55:04.336[Status]Routing 151: Walk: 88
2019-09-05_00:55:04.438[Battery Energy]73.54
2019-09-05_00:55:04.664[Status]Routing 152: Walk: 88
2019-09-05_00:55:04.764[Battery Energy]73.39
2019-09-05_00:55:04.931[Status]Routing 153: Walk: 88
2019-09-05_00:55:05.069[Battery Energy]73.28
2019-09-05_00:55:05.202[Status]Routing 154: Walk: 88
2019-09-05_00:55:05.303[Battery Energy]73.17
2019-09-05_00:55:05.605[Status]Routing 155: Walk: 88
2019-09-05_00:55:05.716[Battery Energy]72.96
2019-09-05_00:55:05.908[Status]Routing 156: Walk: 88
2019-09-05_00:55:06.008[Battery Energy]72.84
2019-09-05_00:55:06.209[Status]Routing 157: Walk: 88
2019-09-05_00:55:06.322[Battery Energy]72.69
2019-09-05_00:55:06.540[Status]Routing 158: Walk: 88
2019-09-05_00:55:06.660[Battery Energy]72.56
2019-09-05_00:55:06.792[Status]Routing 159: Walk: 88
2019-09-05_00:55:06.900[Battery Energy]72.45
2019-09-05_00:55:07.078[Status]Routing 160: Walk: 88
2019-09-05_00:55:07.188[Battery Energy]72.30
2019-09-05_00:55:07.446[Status]Routing 161: Walk: 88
2019-09-05_00:55:07.568[Battery Energy]72.11
2019-09-05_00:55:07.723[Status]Routing 162: Walk: 88
2019-09-05_00:55:07.836[Battery Energy]72.02
2019-09-05_00:55:07.990[Status]Routing 163: Walk: 88
2019-09-05_00:55:08.096[Battery Energy]71.93
2019-09-05_00:55:08.282[Status]Routing 164: Walk: 88
2019-09-05_00:55:08.396[Battery Energy]71.81
2019-09-05_00:55:08.551[Status]Routing 165: Walk: 88
2019-09-05_00:55:08.655[Battery Energy]71.68
2019-09-05_00:55:08.848[Status]Routing 166: Walk: 88
2019-09-05_00:55:08.956[Battery Energy]71.58
2019-09-05_00:55:09.104[Status]Routing 167: Walk: 88
2019-09-05_00:55:09.216[Battery Energy]71.49
2019-09-05_00:55:09.355[Status]Routing 168: Walk: 88
2019-09-05_00:55:09.461[Battery Energy]71.40
2019-09-05_00:55:09.621[Status]Routing 169: Walk: 88
2019-09-05_00:55:09.723[Battery Energy]71.30
2019-09-05_00:55:09.986[Status]Routing 170: Walk: 88
2019-09-05_00:55:10.096[Battery Energy]71.11
2019-09-05_00:55:10.225[Status]Routing 171: Walk: 88
2019-09-05_00:55:10.330[Battery Energy]71.00
2019-09-05_00:55:10.560[Status]Routing 172: Walk: 88
2019-09-05_00:55:10.672[Battery Energy]70.84
2019-09-05_00:55:10.888[Status]Routing 173: Walk: 88
2019-09-05_00:55:11.012[Battery Energy]70.73
2019-09-05_00:55:11.185[Status]Routing 174: Walk: 88
2019-09-05_00:55:11.287[Battery Energy]70.65
2019-09-05_00:55:11.479[Status]Routing 175: Walk: 88
2019-09-05_00:55:11.581[Battery Energy]70.51
2019-09-05_00:55:11.823[Status]Routing 176: Walk: 88
2019-09-05_00:55:11.924[Battery Energy]70.34
2019-09-05_00:55:12.110[Status]Routing 177: Walk: 88
2019-09-05_00:55:12.210[Battery Energy]70.22
