2019-09-05_00:35:29.748[Status]Start.
2019-09-05_00:35:29.748[Battery Energy]116.00
2019-09-05_00:35:30.850[Battery Energy]115.96
2019-09-05_00:35:31.951[Battery Energy]115.92
2019-09-05_00:35:33.052[Battery Energy]115.88
2019-09-05_00:35:34.154[Battery Energy]115.84
2019-09-05_00:35:35.254[Task]A New Task Released.
2019-09-05_00:35:35.254[Battery Energy]115.80
2019-09-05_00:35:35.254[Status]Selection Start.
2019-09-05_00:35:36.775[Status]Selection End: Do Task 1.
2019-09-05_00:35:36.896[Battery Energy]114.73
2019-09-05_00:35:36.896[Status]Formation Start.
2019-09-05_00:35:37.054[Status]Formation End: To Position 0.
2019-09-05_00:35:37.158[Battery Energy]114.63
2019-09-05_00:35:37.158[Status]Routing Start.
2019-09-05_00:35:37.291[Status]{'coordinate': [67.3725626213664, 241.4864121828271], 'id': 14}
2019-09-05_00:35:37.291[Status]Routing 1: Walk: 1
2019-09-05_00:35:37.396[Battery Energy]114.45
2019-09-05_00:35:37.396[Status]Routing Start.
2019-09-05_00:35:37.568[Status]{'coordinate': [76.7451252427328, 244.97282436565422], 'id': 14}
2019-09-05_00:35:37.568[Status]Routing 2: Walk: 2
2019-09-05_00:35:37.672[Battery Energy]114.25
2019-09-05_00:35:37.672[Status]Routing Start.
2019-09-05_00:35:37.840[Status]{'coordinate': [86.1176878640992, 248.45923654848133], 'id': 14}
2019-09-05_00:35:37.840[Status]Routing 3: Walk: 3
2019-09-05_00:35:37.956[Battery Energy]114.03
2019-09-05_00:35:37.956[Status]Routing Start.
2019-09-05_00:35:38.177[Status]{'coordinate': [95.4902504854656, 251.94564873130844], 'id': 14}
2019-09-05_00:35:38.177[Status]Routing 4: Walk: 4
2019-09-05_00:35:38.278[Battery Energy]113.81
2019-09-05_00:35:38.278[Status]Routing Start.
2019-09-05_00:35:38.513[Status]{'coordinate': [104.862813106832, 255.43206091413555], 'id': 14}
2019-09-05_00:35:38.513[Status]Routing 5: Walk: 5
2019-09-05_00:35:38.616[Battery Energy]113.57
2019-09-05_00:35:38.616[Status]Routing Start.
2019-09-05_00:35:38.973[Status]{'coordinate': [114.23537572819839, 258.91847309696266], 'id': 14}
2019-09-05_00:35:38.973[Status]Routing 6: Walk: 6
2019-09-05_00:35:39.084[Battery Energy]113.25
2019-09-05_00:35:39.084[Status]Routing Start.
2019-09-05_00:35:39.387[Status]{'coordinate': [123.60793834956479, 262.40488527978977], 'id': 14}
2019-09-05_00:35:39.387[Status]Routing 7: Walk: 7
2019-09-05_00:35:39.489[Battery Energy]113.02
2019-09-05_00:35:39.489[Status]Routing Start.
2019-09-05_00:35:39.958[Status]{'coordinate': [132.9805009709312, 265.8912974626169], 'id': 14}
2019-09-05_00:35:39.958[Status]Routing 8: Walk: 8
2019-09-05_00:35:40.060[Battery Energy]112.66
2019-09-05_00:35:40.060[Status]Routing Start.
2019-09-05_00:35:40.543[Status]{'coordinate': [142.3530635922976, 269.377709645444], 'id': 14}
2019-09-05_00:35:40.543[Status]Routing 9: Walk: 9
2019-09-05_00:35:40.644[Battery Energy]112.23
2019-09-05_00:35:40.644[Status]Routing Start.
2019-09-05_00:35:41.010[Status]{'coordinate': [151.725626213664, 272.8641218282711], 'id': 14}
2019-09-05_00:35:41.010[Status]Routing 10: Walk: 10
2019-09-05_00:35:41.110[Battery Energy]111.88
2019-09-05_00:35:41.110[Status]Routing Start.
2019-09-05_00:35:41.452[Status]{'coordinate': [161.09818883503038, 276.3505340110982], 'id': 14}
2019-09-05_00:35:41.452[Status]Routing 11: Walk: 11
2019-09-05_00:35:41.552[Battery Energy]111.53
2019-09-05_00:35:41.552[Status]Routing Start.
2019-09-05_00:35:41.856[Status]{'coordinate': [170.47075145639678, 279.8369461939253], 'id': 14}
2019-09-05_00:35:41.856[Status]Routing 12: Walk: 12
2019-09-05_00:35:41.960[Battery Energy]111.25
2019-09-05_00:35:41.960[Status]Routing Start.
2019-09-05_00:35:42.151[Status]{'coordinate': [179.84331407776318, 283.3233583767524], 'id': 14}
2019-09-05_00:35:42.151[Status]Routing 13: Walk: 13
2019-09-05_00:35:42.251[Battery Energy]111.02
2019-09-05_00:35:42.252[Status]Routing Start.
2019-09-05_00:35:42.609[Status]{'coordinate': [189.21587669912958, 286.80977055957953], 'id': 14}
2019-09-05_00:35:42.609[Status]Routing 14: Walk: 14
2019-09-05_00:35:42.709[Battery Energy]110.64
2019-09-05_00:35:42.709[Status]Routing Start.
2019-09-05_00:35:43.236[Status]{'coordinate': [198.58843932049598, 290.29618274240664], 'id': 14}
2019-09-05_00:35:43.237[Status]Routing 15: Walk: 15
2019-09-05_00:35:43.340[Battery Energy]110.27
2019-09-05_00:35:43.340[Status]Routing Start.
2019-09-05_00:35:43.777[Status]{'coordinate': [207.96100194186238, 293.78259492523375], 'id': 14}
2019-09-05_00:35:43.777[Status]Routing 16: Walk: 16
2019-09-05_00:35:43.877[Battery Energy]109.95
2019-09-05_00:35:43.877[Status]Routing Start.
2019-09-05_00:35:44.303[Status]{'coordinate': [217.33356456322878, 297.26900710806086], 'id': 14}
2019-09-05_00:35:44.303[Status]Routing 17: Walk: 17
2019-09-05_00:35:44.403[Battery Energy]109.58
2019-09-05_00:35:44.403[Status]Routing Start.
2019-09-05_00:35:44.784[Status]{'coordinate': [226.70612718459518, 300.75541929088797], 'id': 14}
2019-09-05_00:35:44.784[Status]Routing 18: Walk: 18
2019-09-05_00:35:44.884[Battery Energy]109.27
2019-09-05_00:35:44.884[Status]Routing Start.
2019-09-05_00:35:45.257[Status]{'coordinate': [236.07868980596157, 304.2418314737151], 'id': 14}
2019-09-05_00:35:45.257[Status]Routing 19: Walk: 19
2019-09-05_00:35:45.358[Battery Energy]108.94
2019-09-05_00:35:45.358[Status]Routing Start.
2019-09-05_00:35:45.765[Status]{'coordinate': [245.45125242732797, 307.7282436565422], 'id': 14}
2019-09-05_00:35:45.765[Status]Routing 20: Walk: 20
2019-09-05_00:35:45.873[Battery Energy]108.56
2019-09-05_00:35:45.873[Status]Routing Start.
2019-09-05_00:35:46.227[Status]{'coordinate': [254.82381504869437, 311.2146558393693], 'id': 14}
2019-09-05_00:35:46.227[Status]Routing 21: Walk: 21
2019-09-05_00:35:46.335[Battery Energy]108.24
2019-09-05_00:35:46.335[Status]Routing Start.
2019-09-05_00:35:46.644[Status]{'coordinate': [264.19637767006077, 314.7010680221964], 'id': 14}
2019-09-05_00:35:46.644[Status]Routing 22: Walk: 22
2019-09-05_00:35:46.745[Battery Energy]107.93
2019-09-05_00:35:46.745[Status]Routing Start.
2019-09-05_00:35:47.106[Status]{'coordinate': [273.56894029142717, 318.1874802050235], 'id': 14}
2019-09-05_00:35:47.106[Status]Routing 23: Walk: 23
2019-09-05_00:35:47.208[Battery Energy]107.61
2019-09-05_00:35:47.208[Status]Routing Start.
2019-09-05_00:35:47.550[Status]{'coordinate': [282.94150291279357, 321.67389238785063], 'id': 14}
2019-09-05_00:35:47.550[Status]Routing 24: Walk: 24
2019-09-05_00:35:47.662[Battery Energy]107.28
2019-09-05_00:35:47.662[Status]Routing Start.
2019-09-05_00:35:47.979[Status]{'coordinate': [292.31406553415997, 325.16030457067774], 'id': 14}
2019-09-05_00:35:47.979[Status]Routing 25: Walk: 25
2019-09-05_00:35:48.079[Battery Energy]107.02
2019-09-05_00:35:48.079[Status]Routing Start.
2019-09-05_00:35:48.525[Status]{'coordinate': [301.68662815552636, 328.64671675350485], 'id': 14}
2019-09-05_00:35:48.525[Status]Routing 26: Walk: 26
2019-09-05_00:35:48.625[Battery Energy]106.68
2019-09-05_00:35:48.625[Status]Routing Start.
2019-09-05_00:35:48.997[Status]{'coordinate': [311.05919077689276, 332.13312893633196], 'id': 14}
2019-09-05_00:35:48.997[Status]Routing 27: Walk: 27
2019-09-05_00:35:49.098[Battery Energy]106.31
2019-09-05_00:35:49.098[Status]Routing Start.
2019-09-05_00:35:49.464[Status]{'coordinate': [320.43175339825916, 335.61954111915907], 'id': 14}
2019-09-05_00:35:49.464[Status]Routing 28: Walk: 28
2019-09-05_00:35:49.565[Battery Energy]106.00
2019-09-05_00:35:49.565[Status]Routing Start.
2019-09-05_00:35:49.890[Status]{'coordinate': [329.80431601962556, 339.1059533019862], 'id': 14}
2019-09-05_00:35:49.890[Status]Routing 29: Walk: 29
2019-09-05_00:35:49.990[Battery Energy]105.68
2019-09-05_00:35:49.990[Status]Routing Start.
2019-09-05_00:35:50.328[Status]{'coordinate': [339.17687864099196, 342.5923654848133], 'id': 14}
2019-09-05_00:35:50.328[Status]Routing 30: Walk: 30
2019-09-05_00:35:50.428[Battery Energy]105.38
2019-09-05_00:35:50.429[Status]Routing Start.
2019-09-05_00:35:50.793[Status]{'coordinate': [348.54944126235836, 346.0787776676404], 'id': 14}
2019-09-05_00:35:50.793[Status]Routing 31: Walk: 31
2019-09-05_00:35:50.907[Battery Energy]105.00
2019-09-05_00:35:50.907[Status]Routing Start.
2019-09-05_00:35:51.254[Status]{'coordinate': [357.92200388372476, 349.5651898504675], 'id': 14}
2019-09-05_00:35:51.255[Status]Routing 32: Walk: 32
2019-09-05_00:35:51.359[Battery Energy]104.72
2019-09-05_00:35:51.359[Status]Routing Start.
2019-09-05_00:35:51.719[Status]{'coordinate': [367.29456650509115, 353.0516020332946], 'id': 14}
2019-09-05_00:35:51.719[Status]Routing 33: Walk: 33
2019-09-05_00:35:51.819[Battery Energy]104.39
2019-09-05_00:35:51.820[Status]Routing Start.
2019-09-05_00:35:52.168[Status]{'coordinate': [376.66712912645755, 356.5380142161217], 'id': 14}
2019-09-05_00:35:52.168[Status]Routing 34: Walk: 34
2019-09-05_00:35:52.268[Battery Energy]104.07
2019-09-05_00:35:52.268[Status]Routing Start.
2019-09-05_00:35:52.600[Status]{'coordinate': [386.03969174782395, 360.02442639894883], 'id': 14}
2019-09-05_00:35:52.600[Status]Routing 35: Walk: 35
2019-09-05_00:35:52.704[Battery Energy]103.76
2019-09-05_00:35:52.704[Status]Routing Start.
2019-09-05_00:35:53.059[Status]{'coordinate': [395.41225436919035, 363.51083858177594], 'id': 14}
2019-09-05_00:35:53.059[Status]Routing 36: Walk: 36
2019-09-05_00:35:53.160[Battery Energy]103.38
2019-09-05_00:35:53.160[Status]Routing Start.
2019-09-05_00:35:53.526[Status]{'coordinate': [404.78481699055675, 366.99725076460305], 'id': 14}
2019-09-05_00:35:53.526[Status]Routing 37: Walk: 37
2019-09-05_00:35:53.626[Battery Energy]103.06
2019-09-05_00:35:53.626[Status]Routing Start.
2019-09-05_00:35:53.949[Status]{'coordinate': [414.15737961192315, 370.48366294743016], 'id': 14}
2019-09-05_00:35:53.949[Status]Routing 38: Walk: 38
2019-09-05_00:35:54.052[Battery Energy]102.77
2019-09-05_00:35:54.052[Status]Routing Start.
2019-09-05_00:35:54.451[Status]{'coordinate': [423.52994223328955, 373.97007513025727], 'id': 14}
2019-09-05_00:35:54.451[Status]Routing 39: Walk: 39
2019-09-05_00:35:54.564[Battery Energy]102.42
2019-09-05_00:35:54.564[Status]Routing Start.
2019-09-05_00:35:54.954[Status]{'coordinate': [432.90250485465594, 377.4564873130844], 'id': 14}
2019-09-05_00:35:54.960[Status]Routing 40: Walk: 40
2019-09-05_00:35:55.060[Battery Energy]102.08
2019-09-05_00:35:55.060[Status]Routing Start.
2019-09-05_00:35:55.430[Status]{'coordinate': [442.27506747602234, 380.9428994959115], 'id': 14}
2019-09-05_00:35:55.430[Status]Routing 41: Walk: 41
2019-09-05_00:35:55.544[Battery Energy]101.71
2019-09-05_00:35:55.544[Status]Routing Start.
2019-09-05_00:35:55.883[Status]{'coordinate': [451.64763009738874, 384.4293116787386], 'id': 14}
2019-09-05_00:35:55.885[Status]Routing 42: Walk: 42
2019-09-05_00:35:55.988[Battery Energy]101.40
2019-09-05_00:35:55.988[Status]Routing Start.
2019-09-05_00:35:56.313[Status]{'coordinate': [461.02019271875514, 387.9157238615657], 'id': 14}
2019-09-05_00:35:56.313[Status]Routing 43: Walk: 43
2019-09-05_00:35:56.424[Battery Energy]101.09
2019-09-05_00:35:56.424[Status]Routing Start.
2019-09-05_00:35:56.763[Status]{'coordinate': [470.39275534012154, 391.4021360443928], 'id': 14}
2019-09-05_00:35:56.763[Status]Routing 44: Walk: 44
2019-09-05_00:35:56.868[Battery Energy]100.72
2019-09-05_00:35:56.868[Status]Routing Start.
2019-09-05_00:35:57.201[Status]{'coordinate': [479.76531796148794, 394.8885482272199], 'id': 14}
2019-09-05_00:35:57.202[Status]Routing 45: Walk: 45
2019-09-05_00:35:57.306[Battery Energy]100.40
2019-09-05_00:35:57.306[Status]Routing Start.
2019-09-05_00:35:57.665[Status]{'coordinate': [489.13788058285434, 398.37496041004704], 'id': 14}
2019-09-05_00:35:57.665[Status]Routing 46: Walk: 46
2019-09-05_00:35:57.780[Battery Energy]100.06
2019-09-05_00:35:57.780[Status]Routing Start.
2019-09-05_00:35:58.111[Status]{'coordinate': [498.51044320422073, 401.86137259287415], 'id': 14}
2019-09-05_00:35:58.111[Status]Routing 47: Walk: 47
2019-09-05_00:35:58.220[Battery Energy]99.77
2019-09-05_00:35:58.220[Status]Routing Start.
2019-09-05_00:35:58.555[Status]{'coordinate': [507.88300582558713, 405.34778477570126], 'id': 14}
2019-09-05_00:35:58.555[Status]Routing 48: Walk: 48
2019-09-05_00:35:58.655[Battery Energy]99.45
2019-09-05_00:35:58.655[Status]Routing Start.
2019-09-05_00:35:58.984[Status]{'coordinate': [517.2555684469536, 408.83419695852837], 'id': 14}
2019-09-05_00:35:58.984[Status]Routing 49: Walk: 49
2019-09-05_00:35:59.085[Battery Energy]99.16
2019-09-05_00:35:59.085[Status]Routing Start.
2019-09-05_00:35:59.508[Status]{'coordinate': [526.62813106832, 412.3206091413555], 'id': 14}
2019-09-05_00:35:59.508[Status]Routing 50: Walk: 50
2019-09-05_00:35:59.620[Battery Energy]98.84
2019-09-05_00:35:59.620[Status]Routing Start.
2019-09-05_00:36:00.061[Status]{'coordinate': [536.0006936896865, 415.8070213241826], 'id': 14}
2019-09-05_00:36:00.061[Status]Routing 51: Walk: 51
2019-09-05_00:36:00.168[Battery Energy]98.50
2019-09-05_00:36:00.168[Status]Routing Start.
2019-09-05_00:36:00.495[Status]{'coordinate': [545.373256311053, 419.2934335070097], 'id': 14}
2019-09-05_00:36:00.500[Status]Routing 52: Walk: 52
2019-09-05_00:36:00.604[Battery Energy]98.20
2019-09-05_00:36:00.604[Status]Routing Start.
2019-09-05_00:36:00.973[Status]{'coordinate': [554.7458189324194, 422.7798456898368], 'id': 14}
2019-09-05_00:36:00.973[Status]Routing 53: Walk: 53
2019-09-05_00:36:01.084[Battery Energy]97.91
2019-09-05_00:36:01.084[Status]Routing Start.
2019-09-05_00:36:01.421[Status]{'coordinate': [564.1183815537859, 426.2662578726639], 'id': 14}
2019-09-05_00:36:01.421[Status]Routing 54: Walk: 54
2019-09-05_00:36:01.524[Battery Energy]97.64
2019-09-05_00:36:01.525[Status]Routing Start.
2019-09-05_00:36:01.898[Status]{'coordinate': [573.4909441751523, 429.752670055491], 'id': 14}
2019-09-05_00:36:01.898[Status]Routing 55: Walk: 55
2019-09-05_00:36:02.004[Battery Energy]97.32
2019-09-05_00:36:02.004[Status]Routing Start.
2019-09-05_00:36:02.365[Status]{'coordinate': [582.8635067965188, 433.23908223831813], 'id': 14}
2019-09-05_00:36:02.365[Status]Routing 56: Walk: 56
2019-09-05_00:36:02.468[Battery Energy]96.99
2019-09-05_00:36:02.468[Status]Routing Start.
2019-09-05_00:36:02.858[Status]{'coordinate': [592.2360694178852, 436.72549442114524], 'id': 14}
2019-09-05_00:36:02.858[Status]Routing 57: Walk: 57
2019-09-05_00:36:02.969[Battery Energy]96.64
2019-09-05_00:36:02.969[Status]Routing Start.
2019-09-05_00:36:03.541[Status]{'coordinate': [590.5878816535776, 446.5887330927777], 'id': 14}
2019-09-05_00:36:03.541[Status]Routing 58: Walk: 58
2019-09-05_00:36:03.641[Battery Energy]96.20
2019-09-05_00:36:03.641[Status]Routing Start.
2019-09-05_00:36:04.028[Status]{'coordinate': [600.0050913764504, 449.9526833057608], 'id': 14}
2019-09-05_00:36:04.028[Status]Routing 59: Walk: 59
2019-09-05_00:36:04.132[Battery Energy]95.80
2019-09-05_00:36:04.132[Status]Routing Start.
2019-09-05_00:36:04.543[Status]{'coordinate': [609.4223010993232, 453.31663351874386], 'id': 14}
2019-09-05_00:36:04.543[Status]Routing 60: Walk: 60
2019-09-05_00:36:04.643[Battery Energy]95.43
2019-09-05_00:36:04.643[Status]Routing Start.
2019-09-05_00:36:05.009[Status]{'coordinate': [618.8395108221961, 456.6805837317269], 'id': 14}
2019-09-05_00:36:05.009[Status]Routing 61: Walk: 61
2019-09-05_00:36:05.110[Battery Energy]95.02
2019-09-05_00:36:05.110[Status]Routing Start.
2019-09-05_00:36:05.520[Status]{'coordinate': [628.2567205450689, 460.04453394471], 'id': 14}
2019-09-05_00:36:05.520[Status]Routing 62: Walk: 62
2019-09-05_00:36:05.621[Battery Energy]94.57
2019-09-05_00:36:05.621[Status]Routing Start.
2019-09-05_00:36:06.005[Status]{'coordinate': [637.6739302679417, 463.40848415769307], 'id': 14}
2019-09-05_00:36:06.005[Status]Routing 63: Walk: 63
2019-09-05_00:36:06.105[Battery Energy]94.20
2019-09-05_00:36:06.105[Status]Routing Start.
2019-09-05_00:36:06.354[Status]{'coordinate': [647.0911399908146, 466.77243437067614], 'id': 14}
2019-09-05_00:36:06.354[Status]Routing 64: Walk: 64
2019-09-05_00:36:06.461[Battery Energy]93.96
2019-09-05_00:36:06.461[Status]Routing Start.
2019-09-05_00:36:06.864[Status]{'coordinate': [656.5083497136874, 470.1363845836592], 'id': 14}
2019-09-05_00:36:06.864[Status]Routing 65: Walk: 65
2019-09-05_00:36:06.964[Battery Energy]93.65
2019-09-05_00:36:06.964[Status]Routing Start.
2019-09-05_00:36:07.387[Status]{'coordinate': [665.9255594365602, 473.5003347966423], 'id': 14}
2019-09-05_00:36:07.387[Status]Routing 66: Walk: 66
2019-09-05_00:36:07.487[Battery Energy]93.28
2019-09-05_00:36:07.488[Status]Routing Start.
2019-09-05_00:36:07.822[Status]{'coordinate': [675.342769159433, 476.86428500962535], 'id': 14}
2019-09-05_00:36:07.822[Status]Routing 67: Walk: 67
2019-09-05_00:36:07.940[Battery Energy]92.95
2019-09-05_00:36:07.940[Status]Routing Start.
2019-09-05_00:36:08.281[Status]{'coordinate': [684.7599788823059, 480.2282352226084], 'id': 14}
2019-09-05_00:36:08.281[Status]Routing 68: Walk: 68
2019-09-05_00:36:08.392[Battery Energy]92.66
2019-09-05_00:36:08.392[Status]Routing Start.
2019-09-05_00:36:08.660[Status]{'coordinate': [694.1771886051787, 483.5921854355915], 'id': 14}
2019-09-05_00:36:08.660[Status]Routing 69: Walk: 69
2019-09-05_00:36:08.760[Battery Energy]92.38
2019-09-05_00:36:08.760[Status]Routing Start.
2019-09-05_00:36:09.126[Status]{'coordinate': [703.5943983280515, 486.95613564857456], 'id': 14}
2019-09-05_00:36:09.126[Status]Routing 70: Walk: 70
2019-09-05_00:36:09.240[Battery Energy]92.08
2019-09-05_00:36:09.240[Status]Routing Start.
2019-09-05_00:36:09.614[Status]{'coordinate': [713.0116080509243, 490.32008586155763], 'id': 14}
2019-09-05_00:36:09.614[Status]Routing 71: Walk: 71
2019-09-05_00:36:09.715[Battery Energy]91.74
2019-09-05_00:36:09.715[Status]Routing Start.
2019-09-05_00:36:10.084[Status]{'coordinate': [722.4288177737972, 493.6840360745407], 'id': 14}
2019-09-05_00:36:10.084[Status]Routing 72: Walk: 72
2019-09-05_00:36:10.200[Battery Energy]91.44
2019-09-05_00:36:10.200[Status]Routing Start.
2019-09-05_00:36:10.548[Status]{'coordinate': [731.84602749667, 497.04798628752377], 'id': 14}
2019-09-05_00:36:10.548[Status]Routing 73: Walk: 73
2019-09-05_00:36:10.652[Battery Energy]91.14
2019-09-05_00:36:10.652[Status]Routing Start.
2019-09-05_00:36:10.987[Status]{'coordinate': [741.2632372195428, 500.41193650050684], 'id': 14}
2019-09-05_00:36:10.987[Status]Routing 74: Walk: 74
2019-09-05_00:36:11.087[Battery Energy]90.79
2019-09-05_00:36:11.087[Status]Routing Start.
2019-09-05_00:36:11.477[Status]{'coordinate': [750.6804469424156, 503.7758867134899], 'id': 14}
2019-09-05_00:36:11.478[Status]Routing 75: Walk: 75
2019-09-05_00:36:11.588[Battery Energy]90.49
2019-09-05_00:36:11.588[Status]Routing Start.
2019-09-05_00:36:11.946[Status]{'coordinate': [760.0976566652885, 507.139836926473], 'id': 14}
2019-09-05_00:36:11.946[Status]Routing 76: Walk: 76
2019-09-05_00:36:12.047[Battery Energy]90.20
2019-09-05_00:36:12.047[Status]Routing Start.
2019-09-05_00:36:12.461[Status]{'coordinate': [769.5148663881613, 510.50378713945605], 'id': 14}
2019-09-05_00:36:12.461[Status]Routing 77: Walk: 77
2019-09-05_00:36:12.566[Battery Energy]89.88
2019-09-05_00:36:12.566[Status]Routing Start.
2019-09-05_00:36:12.902[Status]{'coordinate': [778.9320761110341, 513.8677373524391], 'id': 14}
2019-09-05_00:36:12.902[Status]Routing 78: Walk: 78
2019-09-05_00:36:13.012[Battery Energy]89.55
2019-09-05_00:36:13.012[Status]Routing Start.
2019-09-05_00:36:13.207[Status]{'coordinate': [788.349285833907, 517.2316875654222], 'id': 14}
2019-09-05_00:36:13.207[Status]Routing 79: Walk: 79
2019-09-05_00:36:13.307[Battery Energy]89.34
2019-09-05_00:36:13.307[Status]Routing Start.
2019-09-05_00:36:13.619[Status]{'coordinate': [797.7664955567798, 520.5956377784054], 'id': 14}
2019-09-05_00:36:13.619[Status]Routing 80: Walk: 80
2019-09-05_00:36:13.719[Battery Energy]89.02
2019-09-05_00:36:13.719[Status]Routing Start.
2019-09-05_00:36:14.070[Status]{'coordinate': [807.1837052796526, 523.9595879913885], 'id': 14}
2019-09-05_00:36:14.070[Status]Routing 81: Walk: 81
2019-09-05_00:36:14.172[Battery Energy]88.69
2019-09-05_00:36:14.172[Status]Routing Start.
2019-09-05_00:36:14.571[Status]{'coordinate': [816.6009150025254, 527.3235382043716], 'id': 14}
2019-09-05_00:36:14.573[Status]Routing 82: Walk: 82
2019-09-05_00:36:14.684[Battery Energy]88.34
2019-09-05_00:36:14.684[Status]Routing Start.
2019-09-05_00:36:15.042[Status]{'coordinate': [826.0181247253983, 530.6874884173546], 'id': 14}
2019-09-05_00:36:15.042[Status]Routing 83: Walk: 83
2019-09-05_00:36:15.142[Battery Energy]88.06
2019-09-05_00:36:15.142[Status]Routing Start.
2019-09-05_00:36:15.482[Status]{'coordinate': [835.4353344482711, 534.0514386303378], 'id': 14}
2019-09-05_00:36:15.482[Status]Routing 84: Walk: 84
2019-09-05_00:36:15.582[Battery Energy]87.75
2019-09-05_00:36:15.582[Status]Routing Start.
2019-09-05_00:36:15.963[Status]{'coordinate': [844.8525441711439, 537.4153888433208], 'id': 14}
2019-09-05_00:36:15.963[Status]Routing 85: Walk: 85
2019-09-05_00:36:16.063[Battery Energy]87.39
2019-09-05_00:36:16.063[Status]Routing Start.
2019-09-05_00:36:16.409[Status]{'coordinate': [854.2697538940167, 540.7793390563038], 'id': 14}
2019-09-05_00:36:16.409[Status]Routing 86: Walk: 86
2019-09-05_00:36:16.520[Battery Energy]87.10
2019-09-05_00:36:16.520[Status]Routing Start.
2019-09-05_00:36:16.662[Status]{'coordinate': [863.6869636168896, 544.1432892692869], 'id': 14}
2019-09-05_00:36:16.662[Status]Routing 87: Walk: 87
2019-09-05_00:36:16.763[Battery Energy]86.88
2019-09-05_00:36:16.763[Status]Routing Start.
2019-09-05_00:36:17.180[Status]{'coordinate': [873.1041733397624, 547.50723948227], 'id': 14}
2019-09-05_00:36:17.180[Status]Routing 88: Walk: 88
2019-09-05_00:36:17.292[Battery Energy]86.59
2019-09-05_00:36:17.292[Status]Routing Start.
2019-09-05_00:36:17.551[Status]{'coordinate': [882.5213830626352, 550.8711896952531], 'id': 14}
2019-09-05_00:36:17.551[Status]Routing 89: Walk: 89
2019-09-05_00:36:17.656[Battery Energy]86.32
2019-09-05_00:36:17.656[Status]Routing Start.
2019-09-05_00:36:17.831[Status]{'coordinate': [891.938592785508, 554.2351399082361], 'id': 14}
2019-09-05_00:36:17.831[Status]Routing 90: Walk: 90
2019-09-05_00:36:17.931[Battery Energy]86.12
2019-09-05_00:36:17.931[Status]Routing Start.
2019-09-05_00:36:18.151[Status]{'coordinate': [901.3558025083809, 557.5990901212191], 'id': 14}
2019-09-05_00:36:18.151[Status]Routing 91: Walk: 91
2019-09-05_00:36:18.252[Battery Energy]85.88
2019-09-05_00:36:18.252[Status]Routing Start.
2019-09-05_00:36:18.638[Status]{'coordinate': [910.7730122312537, 560.9630403342022], 'id': 14}
2019-09-05_00:36:18.638[Status]Routing 92: Walk: 92
2019-09-05_00:36:18.743[Battery Energy]85.57
2019-09-05_00:36:18.743[Status]Routing Start.
2019-09-05_00:36:19.050[Status]{'coordinate': [920.1902219541265, 564.3269905471852], 'id': 14}
2019-09-05_00:36:19.050[Status]Routing 93: Walk: 93
2019-09-05_00:36:19.156[Battery Energy]85.29
2019-09-05_00:36:19.156[Status]Routing Start.
2019-09-05_00:36:19.475[Status]{'coordinate': [929.6074316769993, 567.6909407601684], 'id': 14}
2019-09-05_00:36:19.475[Status]Routing 94: Walk: 94
2019-09-05_00:36:19.584[Battery Energy]84.96
2019-09-05_00:36:19.584[Status]Routing Start.
2019-09-05_00:36:19.866[Status]{'coordinate': [939.0246413998722, 571.0548909731514], 'id': 14}
2019-09-05_00:36:19.866[Status]Routing 95: Walk: 95
2019-09-05_00:36:19.966[Battery Energy]84.66
2019-09-05_00:36:19.966[Status]Routing Start.
2019-09-05_00:36:20.341[Status]{'coordinate': [948.441851122745, 574.4188411861344], 'id': 14}
2019-09-05_00:36:20.341[Status]Routing 96: Walk: 96
2019-09-05_00:36:20.441[Battery Energy]84.33
2019-09-05_00:36:20.441[Status]Routing Start.
2019-09-05_00:36:20.814[Status]{'coordinate': [957.8590608456178, 577.7827913991175], 'id': 14}
2019-09-05_00:36:20.814[Status]Routing 97: Walk: 97
2019-09-05_00:36:20.935[Battery Energy]84.01
2019-09-05_00:36:20.935[Status]Routing Start.
2019-09-05_00:36:21.131[Status]{'coordinate': [967.2762705684906, 581.1467416121005], 'id': 14}
2019-09-05_00:36:21.133[Status]Routing 98: Walk: 98
2019-09-05_00:36:21.234[Battery Energy]83.79
2019-09-05_00:36:21.234[Status]Routing Start.
2019-09-05_00:36:21.605[Status]{'coordinate': [976.6934802913635, 584.5106918250835], 'id': 14}
2019-09-05_00:36:21.611[Status]Routing 99: Walk: 99
2019-09-05_00:36:21.711[Battery Energy]83.43
2019-09-05_00:36:21.711[Status]Routing Start.
2019-09-05_00:36:22.131[Status]{'coordinate': [986.1106900142363, 587.8746420380667], 'id': 14}
2019-09-05_00:36:22.131[Status]Routing 100: Walk: 100
2019-09-05_00:36:22.240[Battery Energy]83.11
2019-09-05_00:36:22.240[Status]Routing Start.
2019-09-05_00:36:22.458[Status]{'coordinate': [995.5278997371091, 591.2385922510497], 'id': 14}
2019-09-05_00:36:22.458[Status]Routing 101: Walk: 101
2019-09-05_00:36:22.572[Battery Energy]82.88
2019-09-05_00:36:22.572[Status]Routing Start.
2019-09-05_00:36:22.874[Status]{'coordinate': [1004.945109459982, 594.6025424640328], 'id': 14}
2019-09-05_00:36:22.874[Status]Routing 102: Walk: 102
2019-09-05_00:36:22.988[Battery Energy]82.60
2019-09-05_00:36:22.988[Status]Routing Start.
2019-09-05_00:36:23.127[Status]{'coordinate': [1014.3623191828548, 597.9664926770158], 'id': 14}
2019-09-05_00:36:23.127[Status]Routing 103: Walk: 103
2019-09-05_00:36:23.232[Battery Energy]82.39
2019-09-05_00:36:23.232[Status]Routing Start.
2019-09-05_00:36:23.518[Status]{'coordinate': [1023.7795289057276, 601.3304428899988], 'id': 14}
2019-09-05_00:36:23.519[Status]Routing 104: Walk: 104
2019-09-05_00:36:23.628[Battery Energy]82.09
2019-09-05_00:36:23.628[Status]Routing Start.
2019-09-05_00:36:24.012[Status]{'coordinate': [1033.1967386286005, 604.694393102982], 'id': 14}
2019-09-05_00:36:24.012[Status]Routing 105: Walk: 105
2019-09-05_00:36:24.112[Battery Energy]81.76
2019-09-05_00:36:24.112[Status]Routing Start.
2019-09-05_00:36:24.443[Status]{'coordinate': [1042.6139483514735, 608.0583433159651], 'id': 14}
2019-09-05_00:36:24.443[Status]Routing 106: Walk: 106
2019-09-05_00:36:24.548[Battery Energy]81.52
2019-09-05_00:36:24.548[Status]Routing Start.
2019-09-05_00:36:24.761[Status]{'coordinate': [1052.0311580743464, 611.4222935289481], 'id': 14}
2019-09-05_00:36:24.761[Status]Routing 107: Walk: 107
2019-09-05_00:36:24.872[Battery Energy]81.29
2019-09-05_00:36:24.872[Status]Routing Start.
2019-09-05_00:36:25.094[Status]{'coordinate': [1061.4483677972194, 614.7862437419312], 'id': 14}
2019-09-05_00:36:25.094[Status]Routing 108: Walk: 108
2019-09-05_00:36:25.203[Battery Energy]81.03
2019-09-05_00:36:25.203[Status]Routing Start.
2019-09-05_00:36:25.474[Status]{'coordinate': [1070.8655775200923, 618.1501939549144], 'id': 14}
2019-09-05_00:36:25.474[Status]Routing 109: Walk: 109
2019-09-05_00:36:25.574[Battery Energy]80.78
2019-09-05_00:36:25.574[Status]Routing Start.
2019-09-05_00:36:25.894[Status]{'coordinate': [1080.2827872429652, 621.5141441678975], 'id': 14}
2019-09-05_00:36:25.894[Status]Routing 110: Walk: 110
2019-09-05_00:36:26.004[Battery Energy]80.51
2019-09-05_00:36:26.004[Status]Routing Start.
2019-09-05_00:36:26.558[Status]{'coordinate': [1081.2223552356727, 631.4699069205489], 'id': 14}
2019-09-05_00:36:26.558[Status]Routing 111: Walk: 111
2019-09-05_00:36:26.661[Battery Energy]80.03
2019-09-05_00:36:26.661[Status]Routing Start.
2019-09-05_00:36:26.909[Status]{'coordinate': [1090.7651401253509, 634.4590968692354], 'id': 14}
2019-09-05_00:36:26.909[Status]Routing 112: Walk: 112
2019-09-05_00:36:27.015[Battery Energy]79.71
2019-09-05_00:36:27.015[Status]Routing Start.
2019-09-05_00:36:27.437[Status]{'coordinate': [1100.307925015029, 637.4482868179219], 'id': 14}
2019-09-05_00:36:27.438[Status]Routing 113: Walk: 113
2019-09-05_00:36:27.538[Battery Energy]79.30
2019-09-05_00:36:27.538[Status]Routing Start.
2019-09-05_00:36:27.931[Status]{'coordinate': [1109.8507099047072, 640.4374767666084], 'id': 14}
2019-09-05_00:36:27.931[Status]Routing 114: Walk: 114
2019-09-05_00:36:28.031[Battery Energy]78.85
2019-09-05_00:36:28.031[Status]Routing Start.
2019-09-05_00:36:28.313[Status]{'coordinate': [1119.3934947943853, 643.4266667152948], 'id': 14}
2019-09-05_00:36:28.313[Status]Routing 115: Walk: 115
2019-09-05_00:36:28.416[Battery Energy]78.52
2019-09-05_00:36:28.416[Status]Routing Start.
2019-09-05_00:36:28.653[Status]{'coordinate': [1128.9362796840635, 646.4158566639812], 'id': 14}
2019-09-05_00:36:28.653[Status]Routing 116: Walk: 116
2019-09-05_00:36:28.753[Battery Energy]78.27
2019-09-05_00:36:28.753[Status]Routing Start.
2019-09-05_00:36:29.088[Status]{'coordinate': [1138.4790645737417, 649.4050466126678], 'id': 14}
2019-09-05_00:36:29.088[Status]Routing 117: Walk: 117
2019-09-05_00:36:29.204[Battery Energy]77.97
2019-09-05_00:36:29.204[Status]Routing Start.
2019-09-05_00:36:29.376[Status]{'coordinate': [1148.0218494634198, 652.3942365613542], 'id': 14}
2019-09-05_00:36:29.376[Status]Routing 118: Walk: 118
2019-09-05_00:36:29.480[Battery Energy]77.75
2019-09-05_00:36:29.480[Status]Routing Start.
2019-09-05_00:36:29.742[Status]{'coordinate': [1157.564634353098, 655.3834265100406], 'id': 14}
2019-09-05_00:36:29.742[Status]Routing 119: Walk: 119
2019-09-05_00:36:29.864[Battery Energy]77.49
2019-09-05_00:36:29.864[Status]Routing Start.
2019-09-05_00:36:30.013[Status]{'coordinate': [1167.1074192427761, 658.3726164587271], 'id': 14}
2019-09-05_00:36:30.013[Status]Routing 120: Walk: 120
2019-09-05_00:36:30.116[Battery Energy]77.30
2019-09-05_00:36:30.116[Status]Routing Start.
2019-09-05_00:36:30.382[Status]{'coordinate': [1176.6502041324543, 661.3618064074135], 'id': 14}
2019-09-05_00:36:30.382[Status]Routing 121: Walk: 121
2019-09-05_00:36:30.482[Battery Energy]77.06
2019-09-05_00:36:30.482[Status]Routing Start.
2019-09-05_00:36:30.661[Status]{'coordinate': [1186.1929890221325, 664.3509963561], 'id': 14}
2019-09-05_00:36:30.662[Status]Routing 122: Walk: 122
2019-09-05_00:36:30.768[Battery Energy]76.85
2019-09-05_00:36:30.768[Status]Routing Start.
2019-09-05_00:36:30.954[Status]{'coordinate': [1195.7357739118106, 667.3401863047865], 'id': 14}
2019-09-05_00:36:30.954[Status]Routing 123: Walk: 123
2019-09-05_00:36:31.064[Battery Energy]76.60
2019-09-05_00:36:31.064[Status]Routing Start.
2019-09-05_00:36:31.292[Status]{'coordinate': [1205.2785588014888, 670.3293762534729], 'id': 14}
2019-09-05_00:36:31.293[Status]Routing 124: Walk: 124
2019-09-05_00:36:31.400[Battery Energy]76.39
2019-09-05_00:36:31.400[Status]Routing Start.
2019-09-05_00:36:31.676[Status]{'coordinate': [1214.821343691167, 673.3185662021593], 'id': 14}
2019-09-05_00:36:31.676[Status]Routing 125: Walk: 125
2019-09-05_00:36:31.777[Battery Energy]76.09
2019-09-05_00:36:31.777[Status]Routing Start.
2019-09-05_00:36:32.049[Status]{'coordinate': [1224.364128580845, 676.3077561508459], 'id': 14}
2019-09-05_00:36:32.049[Status]Routing 126: Walk: 126
2019-09-05_00:36:32.149[Battery Energy]75.81
2019-09-05_00:36:32.149[Status]Routing Start.
2019-09-05_00:36:32.417[Status]{'coordinate': [1233.9069134705232, 679.2969460995323], 'id': 14}
2019-09-05_00:36:32.417[Status]Routing 127: Walk: 127
2019-09-05_00:36:32.528[Battery Energy]75.56
2019-09-05_00:36:32.528[Status]Routing Start.
2019-09-05_00:36:32.711[Status]{'coordinate': [1243.4496983602014, 682.2861360482187], 'id': 14}
2019-09-05_00:36:32.712[Status]Routing 128: Walk: 128
2019-09-05_00:36:32.812[Battery Energy]75.29
2019-09-05_00:36:32.812[Status]Routing Start.
2019-09-05_00:36:33.057[Status]{'coordinate': [1252.9924832498796, 685.2753259969052], 'id': 14}
2019-09-05_00:36:33.057[Status]Routing 129: Walk: 129
2019-09-05_00:36:33.168[Battery Energy]75.00
2019-09-05_00:36:33.168[Status]Routing Start.
2019-09-05_00:36:33.408[Status]{'coordinate': [1262.5352681395577, 688.2645159455916], 'id': 14}
2019-09-05_00:36:33.408[Status]Routing 130: Walk: 130
2019-09-05_00:36:33.508[Battery Energy]74.71
2019-09-05_00:36:33.508[Status]Routing Start.
2019-09-05_00:36:33.785[Status]{'coordinate': [1272.078053029236, 691.2537058942781], 'id': 14}
2019-09-05_00:36:33.785[Status]Routing 131: Walk: 131
2019-09-05_00:36:33.888[Battery Energy]74.45
2019-09-05_00:36:33.888[Status]Routing Start.
2019-09-05_00:36:34.098[Status]{'coordinate': [1281.620837918914, 694.2428958429646], 'id': 14}
2019-09-05_00:36:34.098[Status]Routing 132: Walk: 132
2019-09-05_00:36:34.198[Battery Energy]74.18
2019-09-05_00:36:34.198[Status]Routing Start.
2019-09-05_00:36:34.472[Status]{'coordinate': [1291.1636228085922, 697.232085791651], 'id': 14}
2019-09-05_00:36:34.472[Status]Routing 133: Walk: 133
2019-09-05_00:36:34.572[Battery Energy]73.92
2019-09-05_00:36:34.572[Status]Routing Start.
2019-09-05_00:36:34.572[Status]Task Finished.
2019-09-05_00:36:34.672[Battery Energy]73.92
2019-09-05_00:36:34.864[Status]Routing 135: Walk: 133
2019-09-05_00:36:34.964[Battery Energy]73.80
2019-09-05_00:36:35.249[Status]Routing 136: Walk: 133
2019-09-05_00:36:35.349[Battery Energy]73.57
2019-09-05_00:36:35.626[Status]Routing 137: Walk: 133
2019-09-05_00:36:35.732[Battery Energy]73.44
2019-09-05_00:36:35.908[Status]Routing 138: Walk: 133
2019-09-05_00:36:36.008[Battery Energy]73.33
2019-09-05_00:36:36.308[Status]Routing 139: Walk: 133
2019-09-05_00:36:36.411[Battery Energy]73.14
2019-09-05_00:36:36.606[Status]Routing 140: Walk: 133
2019-09-05_00:36:36.708[Battery Energy]73.01
2019-09-05_00:36:36.881[Status]Routing 141: Walk: 133
2019-09-05_00:36:36.988[Battery Energy]72.88
2019-09-05_00:36:37.200[Status]Routing 142: Walk: 133
2019-09-05_00:36:37.308[Battery Energy]72.72
2019-09-05_00:36:37.498[Status]Routing 143: Walk: 133
2019-09-05_00:36:37.604[Battery Energy]72.59
2019-09-05_00:36:37.783[Status]Routing 144: Walk: 133
2019-09-05_00:36:37.892[Battery Energy]72.48
2019-09-05_00:36:38.082[Status]Routing 145: Walk: 133
2019-09-05_00:36:38.196[Battery Energy]72.34
2019-09-05_00:36:38.413[Status]Routing 146: Walk: 133
2019-09-05_00:36:38.532[Battery Energy]72.20
2019-09-05_00:36:38.724[Status]Routing 147: Walk: 133
2019-09-05_00:36:38.842[Battery Energy]72.09
2019-09-05_00:36:38.995[Status]Routing 148: Walk: 133
2019-09-05_00:36:39.120[Battery Energy]72.01
2019-09-05_00:36:39.287[Status]Routing 149: Walk: 133
2019-09-05_00:36:39.389[Battery Energy]71.89
2019-09-05_00:36:39.777[Status]Routing 150: Walk: 133
2019-09-05_00:36:39.881[Battery Energy]71.65
2019-09-05_00:36:40.273[Status]Routing 151: Walk: 133
2019-09-05_00:36:40.373[Battery Energy]71.43
2019-09-05_00:36:40.643[Status]Routing 152: Walk: 133
2019-09-05_00:36:40.748[Battery Energy]71.25
2019-09-05_00:36:40.916[Status]Routing 153: Walk: 133
2019-09-05_00:36:41.028[Battery Energy]71.13
2019-09-05_00:36:41.181[Status]Routing 154: Walk: 133
2019-09-05_00:36:41.281[Battery Energy]71.03
2019-09-05_00:36:41.472[Status]Routing 155: Walk: 133
2019-09-05_00:36:41.576[Battery Energy]70.88
2019-09-05_00:36:41.784[Status]Routing 156: Walk: 133
2019-09-05_00:36:41.900[Battery Energy]70.74
2019-09-05_00:36:42.186[Status]Routing 157: Walk: 133
2019-09-05_00:36:42.325[Battery Energy]70.59
2019-09-05_00:36:42.474[Status]Routing 158: Walk: 133
2019-09-05_00:36:42.584[Battery Energy]70.48
2019-09-05_00:36:42.740[Status]Routing 159: Walk: 133
2019-09-05_00:36:42.848[Battery Energy]70.39
2019-09-05_00:36:43.004[Status]Routing 160: Walk: 133
2019-09-05_00:36:43.108[Battery Energy]70.30
2019-09-05_00:36:43.270[Status]Routing 161: Walk: 133
2019-09-05_00:36:43.370[Battery Energy]70.18
2019-09-05_00:36:43.648[Status]Routing 162: Walk: 133
2019-09-05_00:36:43.764[Battery Energy]70.03
2019-09-05_00:36:44.002[Status]Routing 163: Walk: 133
2019-09-05_00:36:44.102[Battery Energy]69.89
2019-09-05_00:36:44.307[Status]Routing 164: Walk: 133
2019-09-05_00:36:44.428[Battery Energy]69.74
2019-09-05_00:36:44.648[Status]Routing 165: Walk: 133
2019-09-05_00:36:44.764[Battery Energy]69.64
2019-09-05_00:36:45.021[Status]Routing 166: Walk: 133
2019-09-05_00:36:45.128[Battery Energy]69.50
2019-09-05_00:36:45.308[Status]Routing 167: Walk: 133
2019-09-05_00:36:45.411[Battery Energy]69.37
2019-09-05_00:36:45.599[Status]Routing 168: Walk: 133
2019-09-05_00:36:45.703[Battery Energy]69.25
2019-09-05_00:36:45.935[Status]Routing 169: Walk: 133
2019-09-05_00:36:46.044[Battery Energy]69.10
2019-09-05_00:36:46.189[Status]Routing 170: Walk: 133
2019-09-05_00:36:46.293[Battery Energy]69.00
2019-09-05_00:36:46.466[Status]Routing 171: Walk: 133
2019-09-05_00:36:46.566[Battery Energy]68.90
2019-09-05_00:36:46.873[Status]Routing 172: Walk: 133
2019-09-05_00:36:46.974[Battery Energy]68.73
2019-09-05_00:36:47.141[Status]Routing 173: Walk: 133
2019-09-05_00:36:47.260[Battery Energy]68.62
