2019-09-05_00:35:29.998[Status]Start.
2019-09-05_00:35:29.998[Battery Energy]116.00
2019-09-05_00:35:31.100[Battery Energy]115.96
2019-09-05_00:35:32.200[Battery Energy]115.92
2019-09-05_00:35:33.302[Battery Energy]115.88
2019-09-05_00:35:34.402[Battery Energy]115.84
2019-09-05_00:35:35.503[Task]A New Task Released.
2019-09-05_00:35:35.503[Battery Energy]115.80
2019-09-05_00:35:35.503[Status]Selection Start.
2019-09-05_00:35:36.775[Status]Selection End: Do Task 2.
2019-09-05_00:35:36.893[Battery Energy]114.99
2019-09-05_00:35:36.893[Status]Formation Start.
2019-09-05_00:35:37.037[Status]Formation End: To Position 2.
2019-09-05_00:35:37.137[Battery Energy]114.87
2019-09-05_00:35:37.137[Status]Routing Start.
2019-09-05_00:35:37.292[Status]{'id': 15, 'coordinate': [128.97235789901987, 167.74301947071103]}
2019-09-05_00:35:37.292[Status]Routing 1: Walk: 1
2019-09-05_00:35:37.404[Battery Energy]114.67
2019-09-05_00:35:37.404[Status]Routing Start.
2019-09-05_00:35:37.569[Status]{'id': 15, 'coordinate': [138.94471579803977, 168.48603894142207]}
2019-09-05_00:35:37.569[Status]Routing 2: Walk: 2
2019-09-05_00:35:37.669[Battery Energy]114.47
2019-09-05_00:35:37.669[Status]Routing Start.
2019-09-05_00:35:37.838[Status]{'id': 15, 'coordinate': [148.91707369705966, 169.2290584121331]}
2019-09-05_00:35:37.838[Status]Routing 3: Walk: 3
2019-09-05_00:35:37.938[Battery Energy]114.24
2019-09-05_00:35:37.938[Status]Routing Start.
2019-09-05_00:35:38.174[Status]{'id': 15, 'coordinate': [158.88943159607956, 169.97207788284413]}
2019-09-05_00:35:38.174[Status]Routing 4: Walk: 4
2019-09-05_00:35:38.274[Battery Energy]114.01
2019-09-05_00:35:38.274[Status]Routing Start.
2019-09-05_00:35:38.677[Status]Routing 5: Walk: 4
2019-09-05_00:35:38.777[Battery Energy]113.69
2019-09-05_00:35:38.777[Status]Routing Start.
2019-09-05_00:35:38.962[Status]{'id': 15, 'coordinate': [168.86178949509946, 170.71509735355517]}
2019-09-05_00:35:38.962[Status]Routing 6: Walk: 5
2019-09-05_00:35:39.062[Battery Energy]113.47
2019-09-05_00:35:39.062[Status]Routing Start.
2019-09-05_00:35:39.585[Status]Routing 7: Walk: 5
2019-09-05_00:35:39.693[Battery Energy]113.01
2019-09-05_00:35:39.693[Status]Routing Start.
2019-09-05_00:35:40.130[Status]Routing 8: Walk: 5
2019-09-05_00:35:40.230[Battery Energy]112.67
2019-09-05_00:35:40.231[Status]Routing Start.
2019-09-05_00:35:40.550[Status]{'id': 15, 'coordinate': [178.83414739411936, 171.4581168242662]}
2019-09-05_00:35:40.550[Status]Routing 9: Walk: 6
2019-09-05_00:35:40.656[Battery Energy]112.33
2019-09-05_00:35:40.656[Status]Routing Start.
2019-09-05_00:35:41.010[Status]{'id': 15, 'coordinate': [188.80650529313925, 172.20113629497723]}
2019-09-05_00:35:41.010[Status]Routing 10: Walk: 7
2019-09-05_00:35:41.116[Battery Energy]112.02
2019-09-05_00:35:41.116[Status]Routing Start.
2019-09-05_00:35:41.446[Status]{'id': 15, 'coordinate': [198.77886319215912, 172.94415576568827]}
2019-09-05_00:35:41.446[Status]Routing 11: Walk: 8
2019-09-05_00:35:41.548[Battery Energy]111.71
2019-09-05_00:35:41.548[Status]Routing Start.
2019-09-05_00:35:41.854[Status]{'id': 15, 'coordinate': [208.751221091179, 173.6871752363993]}
2019-09-05_00:35:41.854[Status]Routing 12: Walk: 9
2019-09-05_00:35:41.976[Battery Energy]111.39
2019-09-05_00:35:41.976[Status]Routing Start.
2019-09-05_00:35:42.149[Status]{'id': 15, 'coordinate': [218.7235789901989, 174.43019470711036]}
2019-09-05_00:35:42.149[Status]Routing 13: Walk: 10
2019-09-05_00:35:42.264[Battery Energy]111.18
2019-09-05_00:35:42.264[Status]Routing Start.
2019-09-05_00:35:42.611[Status]{'id': 15, 'coordinate': [228.69593688921879, 175.1732141778214]}
2019-09-05_00:35:42.611[Status]Routing 14: Walk: 11
2019-09-05_00:35:42.715[Battery Energy]110.92
2019-09-05_00:35:42.715[Status]Routing Start.
2019-09-05_00:35:43.233[Status]{'id': 15, 'coordinate': [238.66829478823865, 175.91623364853245]}
2019-09-05_00:35:43.233[Status]Routing 15: Walk: 12
2019-09-05_00:35:43.334[Battery Energy]110.51
2019-09-05_00:35:43.334[Status]Routing Start.
2019-09-05_00:35:43.758[Status]{'id': 15, 'coordinate': [248.64065268725855, 176.6592531192435]}
2019-09-05_00:35:43.760[Status]Routing 16: Walk: 13
2019-09-05_00:35:43.868[Battery Energy]110.20
2019-09-05_00:35:43.868[Status]Routing Start.
2019-09-05_00:35:44.308[Status]{'id': 15, 'coordinate': [258.61301058627845, 177.40227258995452]}
2019-09-05_00:35:44.308[Status]Routing 17: Walk: 14
2019-09-05_00:35:44.424[Battery Energy]109.83
2019-09-05_00:35:44.424[Status]Routing Start.
2019-09-05_00:35:44.779[Status]{'id': 15, 'coordinate': [268.5853684852983, 178.14529206066558]}
2019-09-05_00:35:44.783[Status]Routing 18: Walk: 15
2019-09-05_00:35:44.884[Battery Energy]109.49
2019-09-05_00:35:44.884[Status]Routing Start.
2019-09-05_00:35:45.249[Status]{'id': 15, 'coordinate': [278.5577263843182, 178.88831153137664]}
2019-09-05_00:35:45.250[Status]Routing 19: Walk: 16
2019-09-05_00:35:45.352[Battery Energy]109.11
2019-09-05_00:35:45.352[Status]Routing Start.
2019-09-05_00:35:45.763[Status]{'id': 15, 'coordinate': [288.53008428333806, 179.63133100208768]}
2019-09-05_00:35:45.763[Status]Routing 20: Walk: 17
2019-09-05_00:35:45.864[Battery Energy]108.77
2019-09-05_00:35:45.864[Status]Routing Start.
2019-09-05_00:35:46.221[Status]{'id': 15, 'coordinate': [298.5024421823579, 180.37435047279874]}
2019-09-05_00:35:46.221[Status]Routing 21: Walk: 18
2019-09-05_00:35:46.322[Battery Energy]108.40
2019-09-05_00:35:46.322[Status]Routing Start.
2019-09-05_00:35:46.645[Status]{'id': 15, 'coordinate': [308.4748000813778, 181.11736994350977]}
2019-09-05_00:35:46.645[Status]Routing 22: Walk: 19
2019-09-05_00:35:46.752[Battery Energy]108.10
2019-09-05_00:35:46.752[Status]Routing Start.
2019-09-05_00:35:47.114[Status]{'id': 15, 'coordinate': [318.44715798039766, 181.86038941422083]}
2019-09-05_00:35:47.114[Status]Routing 23: Walk: 20
2019-09-05_00:35:47.214[Battery Energy]107.74
2019-09-05_00:35:47.214[Status]Routing Start.
2019-09-05_00:35:47.560[Status]{'id': 15, 'coordinate': [328.41951587941753, 182.60340888493187]}
2019-09-05_00:35:47.560[Status]Routing 24: Walk: 21
2019-09-05_00:35:47.672[Battery Energy]107.39
2019-09-05_00:35:47.672[Status]Routing Start.
2019-09-05_00:35:47.982[Status]{'id': 15, 'coordinate': [338.3918737784374, 183.3464283556429]}
2019-09-05_00:35:47.982[Status]Routing 25: Walk: 22
2019-09-05_00:35:48.092[Battery Energy]107.07
2019-09-05_00:35:48.092[Status]Routing Start.
2019-09-05_00:35:48.525[Status]{'id': 15, 'coordinate': [348.36423167745727, 184.08944782635396]}
2019-09-05_00:35:48.525[Status]Routing 26: Walk: 23
2019-09-05_00:35:48.628[Battery Energy]106.73
2019-09-05_00:35:48.629[Status]Routing Start.
2019-09-05_00:35:48.992[Status]{'id': 15, 'coordinate': [358.33658957647714, 184.83246729706502]}
2019-09-05_00:35:48.992[Status]Routing 27: Walk: 24
2019-09-05_00:35:49.092[Battery Energy]106.40
2019-09-05_00:35:49.092[Status]Routing Start.
2019-09-05_00:35:49.462[Status]{'id': 15, 'coordinate': [368.308947475497, 185.57548676777606]}
2019-09-05_00:35:49.462[Status]Routing 28: Walk: 25
2019-09-05_00:35:49.564[Battery Energy]106.09
2019-09-05_00:35:49.564[Status]Routing Start.
2019-09-05_00:35:49.903[Status]{'id': 15, 'coordinate': [378.2813053745169, 186.3185062384871]}
2019-09-05_00:35:49.904[Status]Routing 29: Walk: 26
2019-09-05_00:35:50.008[Battery Energy]105.79
2019-09-05_00:35:50.008[Status]Routing Start.
2019-09-05_00:35:50.330[Status]{'id': 15, 'coordinate': [388.25366327353674, 187.06152570919815]}
2019-09-05_00:35:50.330[Status]Routing 30: Walk: 27
2019-09-05_00:35:50.430[Battery Energy]105.47
2019-09-05_00:35:50.430[Status]Routing Start.
2019-09-05_00:35:50.800[Status]{'id': 15, 'coordinate': [398.2260211725566, 187.80454517990918]}
2019-09-05_00:35:50.801[Status]Routing 31: Walk: 28
2019-09-05_00:35:50.901[Battery Energy]105.20
2019-09-05_00:35:50.901[Status]Routing Start.
2019-09-05_00:35:51.248[Status]{'id': 15, 'coordinate': [408.1983790715765, 188.54756465062025]}
2019-09-05_00:35:51.248[Status]Routing 32: Walk: 29
2019-09-05_00:35:51.352[Battery Energy]104.85
2019-09-05_00:35:51.352[Status]Routing Start.
2019-09-05_00:35:51.712[Status]{'id': 15, 'coordinate': [418.17073697059635, 189.29058412133128]}
2019-09-05_00:35:51.712[Status]Routing 33: Walk: 30
2019-09-05_00:35:51.813[Battery Energy]104.50
2019-09-05_00:35:51.813[Status]Routing Start.
2019-09-05_00:35:52.161[Status]{'id': 15, 'coordinate': [428.1430948696162, 190.03360359204234]}
2019-09-05_00:35:52.162[Status]Routing 34: Walk: 31
2019-09-05_00:35:52.265[Battery Energy]104.19
2019-09-05_00:35:52.265[Status]Routing Start.
2019-09-05_00:35:52.602[Status]{'id': 15, 'coordinate': [438.1154527686361, 190.77662306275337]}
2019-09-05_00:35:52.602[Status]Routing 35: Walk: 32
2019-09-05_00:35:52.712[Battery Energy]103.90
2019-09-05_00:35:52.712[Status]Routing Start.
2019-09-05_00:35:53.064[Status]{'id': 15, 'coordinate': [448.08781066765596, 191.51964253346443]}
2019-09-05_00:35:53.064[Status]Routing 36: Walk: 33
2019-09-05_00:35:53.172[Battery Energy]103.56
2019-09-05_00:35:53.172[Status]Routing Start.
2019-09-05_00:35:53.527[Status]{'id': 15, 'coordinate': [458.0601685666758, 192.26266200417547]}
2019-09-05_00:35:53.527[Status]Routing 37: Walk: 34
2019-09-05_00:35:53.627[Battery Energy]103.23
2019-09-05_00:35:53.627[Status]Routing Start.
2019-09-05_00:35:53.942[Status]{'id': 15, 'coordinate': [468.0325264656957, 193.00568147488653]}
2019-09-05_00:35:53.942[Status]Routing 38: Walk: 35
2019-09-05_00:35:54.042[Battery Energy]102.95
2019-09-05_00:35:54.043[Status]Routing Start.
2019-09-05_00:35:54.449[Status]{'id': 15, 'coordinate': [478.00488436471556, 193.74870094559756]}
2019-09-05_00:35:54.449[Status]Routing 39: Walk: 36
2019-09-05_00:35:54.552[Battery Energy]102.60
2019-09-05_00:35:54.552[Status]Routing Start.
2019-09-05_00:35:54.960[Status]{'id': 15, 'coordinate': [487.97724226373543, 194.49172041630862]}
2019-09-05_00:35:54.960[Status]Routing 40: Walk: 37
2019-09-05_00:35:55.061[Battery Energy]102.31
2019-09-05_00:35:55.061[Status]Routing Start.
2019-09-05_00:35:55.426[Status]{'id': 15, 'coordinate': [497.9496001627553, 195.23473988701966]}
2019-09-05_00:35:55.427[Status]Routing 41: Walk: 38
2019-09-05_00:35:55.527[Battery Energy]102.01
2019-09-05_00:35:55.527[Status]Routing Start.
2019-09-05_00:35:55.895[Status]{'id': 15, 'coordinate': [507.9219580617752, 195.9777593577307]}
2019-09-05_00:35:55.895[Status]Routing 42: Walk: 39
2019-09-05_00:35:55.995[Battery Energy]101.74
2019-09-05_00:35:55.995[Status]Routing Start.
2019-09-05_00:35:56.312[Status]{'id': 15, 'coordinate': [517.8943159607951, 196.72077882844175]}
2019-09-05_00:35:56.312[Status]Routing 43: Walk: 40
2019-09-05_00:35:56.420[Battery Energy]101.44
2019-09-05_00:35:56.420[Status]Routing Start.
2019-09-05_00:35:56.763[Status]{'id': 15, 'coordinate': [527.866673859815, 197.4637982991528]}
2019-09-05_00:35:56.763[Status]Routing 44: Walk: 41
2019-09-05_00:35:56.872[Battery Energy]101.11
2019-09-05_00:35:56.872[Status]Routing Start.
2019-09-05_00:35:57.224[Status]{'id': 15, 'coordinate': [537.839031758835, 198.20681776986385]}
2019-09-05_00:35:57.224[Status]Routing 45: Walk: 42
2019-09-05_00:35:57.324[Battery Energy]100.79
2019-09-05_00:35:57.324[Status]Routing Start.
2019-09-05_00:35:57.659[Status]{'id': 15, 'coordinate': [547.8113896578549, 198.94983724057488]}
2019-09-05_00:35:57.659[Status]Routing 46: Walk: 43
2019-09-05_00:35:57.764[Battery Energy]100.45
2019-09-05_00:35:57.764[Status]Routing Start.
2019-09-05_00:35:58.110[Status]{'id': 15, 'coordinate': [557.7837475568748, 199.69285671128594]}
2019-09-05_00:35:58.110[Status]Routing 47: Walk: 44
2019-09-05_00:35:58.211[Battery Energy]100.15
2019-09-05_00:35:58.211[Status]Routing Start.
2019-09-05_00:35:58.545[Status]{'id': 15, 'coordinate': [567.7561054558947, 200.435876181997]}
2019-09-05_00:35:58.545[Status]Routing 48: Walk: 45
2019-09-05_00:35:58.652[Battery Energy]99.83
2019-09-05_00:35:58.652[Status]Routing Start.
2019-09-05_00:35:58.985[Status]{'id': 15, 'coordinate': [577.7284633549147, 201.17889565270804]}
2019-09-05_00:35:58.985[Status]Routing 49: Walk: 46
2019-09-05_00:35:59.092[Battery Energy]99.50
2019-09-05_00:35:59.092[Status]Routing Start.
2019-09-05_00:35:59.509[Status]{'id': 15, 'coordinate': [587.7008212539346, 201.9219151234191]}
2019-09-05_00:35:59.509[Status]Routing 50: Walk: 47
2019-09-05_00:35:59.609[Battery Energy]99.18
2019-09-05_00:35:59.609[Status]Routing Start.
2019-09-05_00:36:00.037[Status]{'id': 15, 'coordinate': [597.6731791529545, 202.66493459413016]}
2019-09-05_00:36:00.037[Status]Routing 51: Walk: 48
2019-09-05_00:36:00.137[Battery Energy]98.87
2019-09-05_00:36:00.137[Status]Routing Start.
2019-09-05_00:36:00.495[Status]{'id': 15, 'coordinate': [607.6455370519744, 203.4079540648412]}
2019-09-05_00:36:00.495[Status]Routing 52: Walk: 49
2019-09-05_00:36:00.595[Battery Energy]98.57
2019-09-05_00:36:00.595[Status]Routing Start.
2019-09-05_00:36:00.979[Status]{'id': 15, 'coordinate': [617.6178949509944, 204.15097353555225]}
2019-09-05_00:36:00.979[Status]Routing 53: Walk: 50
2019-09-05_00:36:01.079[Battery Energy]98.26
2019-09-05_00:36:01.079[Status]Routing Start.
2019-09-05_00:36:01.426[Status]{'id': 15, 'coordinate': [627.5902528500143, 204.89399300626332]}
2019-09-05_00:36:01.426[Status]Routing 54: Walk: 51
2019-09-05_00:36:01.528[Battery Energy]97.98
2019-09-05_00:36:01.528[Status]Routing Start.
2019-09-05_00:36:01.898[Status]{'id': 15, 'coordinate': [637.5626107490342, 205.63701247697435]}
2019-09-05_00:36:01.898[Status]Routing 55: Walk: 52
2019-09-05_00:36:02.003[Battery Energy]97.65
2019-09-05_00:36:02.003[Status]Routing Start.
2019-09-05_00:36:02.359[Status]{'id': 15, 'coordinate': [647.5349686480541, 206.3800319476854]}
2019-09-05_00:36:02.361[Status]Routing 56: Walk: 53
2019-09-05_00:36:02.461[Battery Energy]97.32
2019-09-05_00:36:02.461[Status]Routing Start.
2019-09-05_00:36:02.857[Status]{'id': 15, 'coordinate': [657.5073265470741, 207.12305141839644]}
2019-09-05_00:36:02.858[Status]Routing 57: Walk: 54
2019-09-05_00:36:02.960[Battery Energy]97.00
2019-09-05_00:36:02.960[Status]Routing Start.
2019-09-05_00:36:03.286[Status]{'id': 15, 'coordinate': [667.479684446094, 207.8660708891075]}
2019-09-05_00:36:03.296[Status]Routing 58: Walk: 55
2019-09-05_00:36:03.413[Battery Energy]96.67
2019-09-05_00:36:03.413[Status]Routing Start.
2019-09-05_00:36:03.856[Status]{'id': 15, 'coordinate': [677.4520423451139, 208.60909035981854]}
2019-09-05_00:36:03.856[Status]Routing 59: Walk: 56
2019-09-05_00:36:03.956[Battery Energy]96.29
2019-09-05_00:36:03.956[Status]Routing Start.
2019-09-05_00:36:04.398[Status]{'id': 15, 'coordinate': [687.4244002441338, 209.3521098305296]}
2019-09-05_00:36:04.398[Status]Routing 60: Walk: 57
2019-09-05_00:36:04.498[Battery Energy]95.94
2019-09-05_00:36:04.498[Status]Routing Start.
2019-09-05_00:36:04.855[Status]{'id': 15, 'coordinate': [697.3967581431538, 210.09512930124066]}
2019-09-05_00:36:04.857[Status]Routing 61: Walk: 58
2019-09-05_00:36:04.957[Battery Energy]95.62
2019-09-05_00:36:04.957[Status]Routing Start.
2019-09-05_00:36:05.310[Status]{'id': 15, 'coordinate': [707.3691160421737, 210.8381487719517]}
2019-09-05_00:36:05.315[Status]Routing 62: Walk: 59
2019-09-05_00:36:05.416[Battery Energy]95.33
2019-09-05_00:36:05.416[Status]Routing Start.
2019-09-05_00:36:05.779[Status]{'id': 15, 'coordinate': [717.3414739411936, 211.58116824266276]}
2019-09-05_00:36:05.781[Status]Routing 63: Walk: 60
2019-09-05_00:36:05.881[Battery Energy]94.95
2019-09-05_00:36:05.881[Status]Routing Start.
2019-09-05_00:36:06.353[Status]{'id': 15, 'coordinate': [727.3138318402135, 212.32418771337382]}
2019-09-05_00:36:06.353[Status]Routing 64: Walk: 61
2019-09-05_00:36:06.453[Battery Energy]94.59
2019-09-05_00:36:06.453[Status]Routing Start.
2019-09-05_00:36:06.866[Status]{'id': 15, 'coordinate': [737.2861897392335, 213.06720718408485]}
2019-09-05_00:36:06.866[Status]Routing 65: Walk: 62
2019-09-05_00:36:06.984[Battery Energy]94.27
2019-09-05_00:36:06.984[Status]Routing Start.
2019-09-05_00:36:07.394[Status]{'id': 15, 'coordinate': [747.2585476382534, 213.8102266547959]}
2019-09-05_00:36:07.395[Status]Routing 66: Walk: 63
2019-09-05_00:36:07.504[Battery Energy]93.96
2019-09-05_00:36:07.504[Status]Routing Start.
2019-09-05_00:36:07.825[Status]{'id': 15, 'coordinate': [757.2309055372733, 214.55324612550697]}
2019-09-05_00:36:07.825[Status]Routing 67: Walk: 64
2019-09-05_00:36:07.925[Battery Energy]93.65
2019-09-05_00:36:07.925[Status]Routing Start.
2019-09-05_00:36:08.279[Status]{'id': 15, 'coordinate': [767.2032634362932, 215.296265596218]}
2019-09-05_00:36:08.281[Status]Routing 68: Walk: 65
2019-09-05_00:36:08.381[Battery Energy]93.34
2019-09-05_00:36:08.381[Status]Routing Start.
2019-09-05_00:36:08.658[Status]{'id': 15, 'coordinate': [777.1756213353132, 216.03928506692907]}
2019-09-05_00:36:08.661[Status]Routing 69: Walk: 66
2019-09-05_00:36:08.765[Battery Energy]93.03
2019-09-05_00:36:08.765[Status]Routing Start.
2019-09-05_00:36:09.126[Status]{'id': 15, 'coordinate': [787.1479792343331, 216.7823045376401]}
2019-09-05_00:36:09.126[Status]Routing 70: Walk: 67
2019-09-05_00:36:09.226[Battery Energy]92.70
2019-09-05_00:36:09.226[Status]Routing Start.
2019-09-05_00:36:09.617[Status]{'id': 15, 'coordinate': [797.120337133353, 217.52532400835116]}
2019-09-05_00:36:09.617[Status]Routing 71: Walk: 68
2019-09-05_00:36:09.718[Battery Energy]92.37
2019-09-05_00:36:09.718[Status]Routing Start.
2019-09-05_00:36:10.080[Status]{'id': 15, 'coordinate': [807.092695032373, 218.2683434790622]}
2019-09-05_00:36:10.081[Status]Routing 72: Walk: 69
2019-09-05_00:36:10.192[Battery Energy]92.04
2019-09-05_00:36:10.192[Status]Routing Start.
2019-09-05_00:36:10.544[Status]{'id': 15, 'coordinate': [817.0650529313929, 219.01136294977326]}
2019-09-05_00:36:10.544[Status]Routing 73: Walk: 70
2019-09-05_00:36:10.648[Battery Energy]91.74
2019-09-05_00:36:10.648[Status]Routing Start.
2019-09-05_00:36:10.990[Status]{'id': 15, 'coordinate': [827.0374108304128, 219.75438242048432]}
2019-09-05_00:36:10.990[Status]Routing 74: Walk: 71
2019-09-05_00:36:11.100[Battery Energy]91.43
2019-09-05_00:36:11.100[Status]Routing Start.
2019-09-05_00:36:11.476[Status]{'id': 15, 'coordinate': [837.0097687294327, 220.49740189119535]}
2019-09-05_00:36:11.476[Status]Routing 75: Walk: 72
2019-09-05_00:36:11.580[Battery Energy]91.12
2019-09-05_00:36:11.580[Status]Routing Start.
2019-09-05_00:36:11.950[Status]{'id': 15, 'coordinate': [846.9821266284526, 221.2404213619064]}
2019-09-05_00:36:11.950[Status]Routing 76: Walk: 73
2019-09-05_00:36:12.063[Battery Energy]90.76
2019-09-05_00:36:12.063[Status]Routing Start.
2019-09-05_00:36:12.456[Status]{'id': 15, 'coordinate': [856.9544845274726, 221.98344083261748]}
2019-09-05_00:36:12.456[Status]Routing 77: Walk: 74
2019-09-05_00:36:12.561[Battery Energy]90.46
2019-09-05_00:36:12.561[Status]Routing Start.
2019-09-05_00:36:12.897[Status]{'id': 15, 'coordinate': [866.9268424264925, 222.7264603033285]}
2019-09-05_00:36:12.897[Status]Routing 78: Walk: 75
2019-09-05_00:36:12.997[Battery Energy]90.11
2019-09-05_00:36:12.997[Status]Routing Start.
2019-09-05_00:36:13.199[Status]{'id': 15, 'coordinate': [876.8992003255124, 223.46947977403957]}
2019-09-05_00:36:13.199[Status]Routing 79: Walk: 76
2019-09-05_00:36:13.328[Battery Energy]89.91
2019-09-05_00:36:13.328[Status]Routing Start.
2019-09-05_00:36:13.621[Status]{'id': 15, 'coordinate': [886.8715582245324, 224.2124992447506]}
2019-09-05_00:36:13.621[Status]Routing 80: Walk: 77
2019-09-05_00:36:13.724[Battery Energy]89.66
2019-09-05_00:36:13.724[Status]Routing Start.
2019-09-05_00:36:14.070[Status]{'id': 15, 'coordinate': [896.8439161235523, 224.95551871546166]}
2019-09-05_00:36:14.070[Status]Routing 81: Walk: 78
2019-09-05_00:36:14.170[Battery Energy]89.33
2019-09-05_00:36:14.170[Status]Routing Start.
2019-09-05_00:36:14.573[Status]{'id': 15, 'coordinate': [906.8162740225722, 225.69853818617273]}
2019-09-05_00:36:14.573[Status]Routing 82: Walk: 79
2019-09-05_00:36:14.675[Battery Energy]88.98
2019-09-05_00:36:14.675[Status]Routing Start.
2019-09-05_00:36:15.057[Status]{'id': 15, 'coordinate': [916.7886319215921, 226.44155765688376]}
2019-09-05_00:36:15.057[Status]Routing 83: Walk: 80
2019-09-05_00:36:15.212[Battery Energy]88.64
2019-09-05_00:36:15.212[Status]Routing Start.
2019-09-05_00:36:15.486[Status]{'id': 15, 'coordinate': [926.760989820612, 227.18457712759482]}
2019-09-05_00:36:15.486[Status]Routing 84: Walk: 81
2019-09-05_00:36:15.586[Battery Energy]88.39
2019-09-05_00:36:15.586[Status]Routing Start.
2019-09-05_00:36:15.965[Status]{'id': 15, 'coordinate': [936.733347719632, 227.92759659830585]}
2019-09-05_00:36:15.965[Status]Routing 85: Walk: 82
2019-09-05_00:36:16.075[Battery Energy]88.04
2019-09-05_00:36:16.075[Status]Routing Start.
2019-09-05_00:36:16.403[Status]{'id': 15, 'coordinate': [946.7057056186519, 228.67061606901692]}
2019-09-05_00:36:16.403[Status]Routing 86: Walk: 83
2019-09-05_00:36:16.503[Battery Energy]87.73
2019-09-05_00:36:16.503[Status]Routing Start.
2019-09-05_00:36:16.663[Status]{'id': 15, 'coordinate': [956.6780635176718, 229.41363553972798]}
2019-09-05_00:36:16.663[Status]Routing 87: Walk: 84
2019-09-05_00:36:16.775[Battery Energy]87.52
2019-09-05_00:36:16.775[Status]Routing Start.
2019-09-05_00:36:17.185[Status]{'id': 15, 'coordinate': [966.6504214166918, 230.156655010439]}
2019-09-05_00:36:17.185[Status]Routing 88: Walk: 85
2019-09-05_00:36:17.286[Battery Energy]87.18
2019-09-05_00:36:17.286[Status]Routing Start.
2019-09-05_00:36:17.553[Status]{'id': 15, 'coordinate': [976.6227793157117, 230.89967448115007]}
2019-09-05_00:36:17.553[Status]Routing 89: Walk: 86
2019-09-05_00:36:17.662[Battery Energy]86.91
2019-09-05_00:36:17.662[Status]Routing Start.
2019-09-05_00:36:17.829[Status]{'id': 15, 'coordinate': [986.5951372147316, 231.64269395186113]}
2019-09-05_00:36:17.829[Status]Routing 90: Walk: 87
2019-09-05_00:36:17.936[Battery Energy]86.71
2019-09-05_00:36:17.936[Status]Routing Start.
2019-09-05_00:36:18.151[Status]{'id': 15, 'coordinate': [996.5674951137515, 232.38571342257217]}
2019-09-05_00:36:18.151[Status]Routing 91: Walk: 88
2019-09-05_00:36:18.251[Battery Energy]86.48
2019-09-05_00:36:18.252[Status]Routing Start.
2019-09-05_00:36:18.632[Status]{'id': 15, 'coordinate': [1006.5398530127715, 233.12873289328323]}
2019-09-05_00:36:18.632[Status]Routing 92: Walk: 89
2019-09-05_00:36:18.732[Battery Energy]86.11
2019-09-05_00:36:18.732[Status]Routing Start.
2019-09-05_00:36:19.050[Status]{'id': 15, 'coordinate': [1016.5122109117914, 233.87175236399426]}
2019-09-05_00:36:19.050[Status]Routing 93: Walk: 90
2019-09-05_00:36:19.152[Battery Energy]85.84
2019-09-05_00:36:19.152[Status]Routing Start.
2019-09-05_00:36:19.472[Status]{'id': 15, 'coordinate': [1026.4845688108112, 234.61477183470532]}
2019-09-05_00:36:19.472[Status]Routing 94: Walk: 91
2019-09-05_00:36:19.572[Battery Energy]85.51
2019-09-05_00:36:19.572[Status]Routing Start.
2019-09-05_00:36:19.868[Status]{'id': 15, 'coordinate': [1036.4569267098311, 235.35779130541636]}
2019-09-05_00:36:19.868[Status]Routing 95: Walk: 92
2019-09-05_00:36:19.976[Battery Energy]85.22
2019-09-05_00:36:19.976[Status]Routing Start.
2019-09-05_00:36:19.976[Status]Task Finished.
2019-09-05_00:36:20.077[Battery Energy]85.22
2019-09-05_00:36:20.339[Status]Routing 97: Walk: 92
2019-09-05_00:36:20.444[Battery Energy]85.09
2019-09-05_00:36:20.810[Status]Routing 98: Walk: 92
2019-09-05_00:36:20.920[Battery Energy]84.89
2019-09-05_00:36:21.127[Status]Routing 99: Walk: 92
2019-09-05_00:36:21.227[Battery Energy]84.75
2019-09-05_00:36:21.606[Status]Routing 100: Walk: 92
2019-09-05_00:36:21.712[Battery Energy]84.51
2019-09-05_00:36:22.131[Status]Routing 101: Walk: 92
2019-09-05_00:36:22.259[Battery Energy]84.29
2019-09-05_00:36:22.459[Status]Routing 102: Walk: 92
2019-09-05_00:36:22.559[Battery Energy]84.19
2019-09-05_00:36:22.871[Status]Routing 103: Walk: 92
2019-09-05_00:36:22.972[Battery Energy]84.02
2019-09-05_00:36:23.126[Status]Routing 104: Walk: 92
2019-09-05_00:36:23.240[Battery Energy]83.91
2019-09-05_00:36:23.515[Status]Routing 105: Walk: 92
2019-09-05_00:36:23.621[Battery Energy]83.76
2019-09-05_00:36:24.014[Status]Routing 106: Walk: 92
2019-09-05_00:36:24.140[Battery Energy]83.50
2019-09-05_00:36:24.446[Status]Routing 107: Walk: 92
2019-09-05_00:36:24.549[Battery Energy]83.38
2019-09-05_00:36:24.758[Status]Routing 108: Walk: 92
2019-09-05_00:36:24.876[Battery Energy]83.28
2019-09-05_00:36:25.095[Status]Routing 109: Walk: 92
2019-09-05_00:36:25.196[Battery Energy]83.14
2019-09-05_00:36:25.481[Status]Routing 110: Walk: 92
2019-09-05_00:36:25.596[Battery Energy]82.97
2019-09-05_00:36:25.887[Status]Routing 111: Walk: 92
2019-09-05_00:36:25.987[Battery Energy]82.74
2019-09-05_00:36:26.378[Status]Routing 112: Walk: 92
2019-09-05_00:36:26.496[Battery Energy]82.52
2019-09-05_00:36:26.794[Status]Routing 113: Walk: 92
2019-09-05_00:36:26.894[Battery Energy]82.33
2019-09-05_00:36:27.226[Status]Routing 114: Walk: 92
2019-09-05_00:36:27.326[Battery Energy]82.10
2019-09-05_00:36:27.726[Status]Routing 115: Walk: 92
2019-09-05_00:36:27.832[Battery Energy]81.87
2019-09-05_00:36:28.186[Status]Routing 116: Walk: 92
2019-09-05_00:36:28.288[Battery Energy]81.68
2019-09-05_00:36:28.617[Status]Routing 117: Walk: 92
2019-09-05_00:36:28.717[Battery Energy]81.47
2019-09-05_00:36:29.089[Status]Routing 118: Walk: 92
2019-09-05_00:36:29.189[Battery Energy]81.26
2019-09-05_00:36:29.371[Status]Routing 119: Walk: 92
2019-09-05_00:36:29.474[Battery Energy]81.12
2019-09-05_00:36:29.743[Status]Routing 120: Walk: 92
2019-09-05_00:36:29.852[Battery Energy]80.91
2019-09-05_00:36:30.011[Status]Routing 121: Walk: 92
2019-09-05_00:36:30.113[Battery Energy]80.81
2019-09-05_00:36:30.378[Status]Routing 122: Walk: 92
2019-09-05_00:36:30.478[Battery Energy]80.69
2019-09-05_00:36:30.665[Status]Routing 123: Walk: 92
2019-09-05_00:36:30.765[Battery Energy]80.56
2019-09-05_00:36:30.953[Status]Routing 124: Walk: 92
2019-09-05_00:36:31.053[Battery Energy]80.44
2019-09-05_00:36:31.293[Status]Routing 125: Walk: 92
2019-09-05_00:36:31.404[Battery Energy]80.32
2019-09-05_00:36:31.671[Status]Routing 126: Walk: 92
2019-09-05_00:36:31.776[Battery Energy]80.14
2019-09-05_00:36:32.048[Status]Routing 127: Walk: 92
2019-09-05_00:36:32.155[Battery Energy]79.95
2019-09-05_00:36:32.413[Status]Routing 128: Walk: 92
2019-09-05_00:36:32.528[Battery Energy]79.79
2019-09-05_00:36:32.710[Status]Routing 129: Walk: 92
2019-09-05_00:36:32.818[Battery Energy]79.67
2019-09-05_00:36:33.057[Status]Routing 130: Walk: 92
2019-09-05_00:36:33.160[Battery Energy]79.48
2019-09-05_00:36:33.408[Status]Routing 131: Walk: 92
2019-09-05_00:36:33.508[Battery Energy]79.35
2019-09-05_00:36:33.783[Status]Routing 132: Walk: 92
2019-09-05_00:36:33.900[Battery Energy]79.22
2019-09-05_00:36:34.101[Status]Routing 133: Walk: 92
2019-09-05_00:36:34.219[Battery Energy]79.10
2019-09-05_00:36:34.462[Status]Routing 134: Walk: 92
2019-09-05_00:36:34.568[Battery Energy]78.97
2019-09-05_00:36:34.864[Status]Routing 135: Walk: 92
2019-09-05_00:36:34.980[Battery Energy]78.79
2019-09-05_00:36:35.249[Status]Routing 136: Walk: 92
2019-09-05_00:36:35.350[Battery Energy]78.60
2019-09-05_00:36:35.623[Status]Routing 137: Walk: 92
2019-09-05_00:36:35.724[Battery Energy]78.46
2019-09-05_00:36:35.908[Status]Routing 138: Walk: 92
2019-09-05_00:36:36.012[Battery Energy]78.35
2019-09-05_00:36:36.309[Status]Routing 139: Walk: 92
2019-09-05_00:36:36.419[Battery Energy]78.18
2019-09-05_00:36:36.610[Status]Routing 140: Walk: 92
2019-09-05_00:36:36.728[Battery Energy]78.07
2019-09-05_00:36:36.883[Status]Routing 141: Walk: 92
2019-09-05_00:36:36.996[Battery Energy]77.95
2019-09-05_00:36:37.204[Status]Routing 142: Walk: 92
2019-09-05_00:36:37.304[Battery Energy]77.81
2019-09-05_00:36:37.492[Status]Routing 143: Walk: 92
2019-09-05_00:36:37.592[Battery Energy]77.69
2019-09-05_00:36:37.782[Status]Routing 144: Walk: 92
2019-09-05_00:36:37.920[Battery Energy]77.57
2019-09-05_00:36:38.083[Status]Routing 145: Walk: 92
2019-09-05_00:36:38.208[Battery Energy]77.45
2019-09-05_00:36:38.397[Status]Routing 146: Walk: 92
2019-09-05_00:36:38.498[Battery Energy]77.33
2019-09-05_00:36:38.724[Status]Routing 147: Walk: 92
2019-09-05_00:36:38.832[Battery Energy]77.20
2019-09-05_00:36:38.993[Status]Routing 148: Walk: 92
2019-09-05_00:36:39.093[Battery Energy]77.09
2019-09-05_00:36:39.477[Status]Routing 149: Walk: 92
2019-09-05_00:36:39.578[Battery Energy]76.75
2019-09-05_00:36:39.783[Status]Routing 150: Walk: 92
2019-09-05_00:36:40.065[Battery Energy]76.61
2019-09-05_00:36:40.272[Status]Routing 151: Walk: 92
2019-09-05_00:36:40.373[Battery Energy]76.51
2019-09-05_00:36:40.646[Status]Routing 152: Walk: 92
2019-09-05_00:36:40.760[Battery Energy]76.33
2019-09-05_00:36:40.915[Status]Routing 153: Walk: 92
2019-09-05_00:36:41.015[Battery Energy]76.22
2019-09-05_00:36:41.180[Status]Routing 154: Walk: 92
2019-09-05_00:36:41.281[Battery Energy]76.11
2019-09-05_00:36:41.470[Status]Routing 155: Walk: 92
2019-09-05_00:36:41.570[Battery Energy]76.00
2019-09-05_00:36:41.783[Status]Routing 156: Walk: 92
2019-09-05_00:36:41.904[Battery Energy]75.91
2019-09-05_00:36:42.184[Status]Routing 157: Walk: 92
2019-09-05_00:36:42.293[Battery Energy]75.76
2019-09-05_00:36:42.470[Status]Routing 158: Walk: 92
2019-09-05_00:36:42.571[Battery Energy]75.60
2019-09-05_00:36:42.743[Status]Routing 159: Walk: 92
2019-09-05_00:36:42.856[Battery Energy]75.47
2019-09-05_00:36:43.008[Status]Routing 160: Walk: 92
2019-09-05_00:36:43.112[Battery Energy]75.35
2019-09-05_00:36:43.272[Status]Routing 161: Walk: 92
2019-09-05_00:36:43.376[Battery Energy]75.23
2019-09-05_00:36:43.647[Status]Routing 162: Walk: 92
2019-09-05_00:36:43.748[Battery Energy]75.03
2019-09-05_00:36:44.007[Status]Routing 163: Walk: 92
2019-09-05_00:36:44.108[Battery Energy]74.89
2019-09-05_00:36:44.304[Status]Routing 164: Walk: 92
2019-09-05_00:36:44.404[Battery Energy]74.80
2019-09-05_00:36:44.645[Status]Routing 165: Walk: 92
2019-09-05_00:36:44.756[Battery Energy]74.63
2019-09-05_00:36:45.022[Status]Routing 166: Walk: 92
2019-09-05_00:36:45.136[Battery Energy]74.50
2019-09-05_00:36:45.312[Status]Routing 167: Walk: 92
2019-09-05_00:36:45.412[Battery Energy]74.39
2019-09-05_00:36:45.597[Status]Routing 168: Walk: 92
2019-09-05_00:36:45.697[Battery Energy]74.27
2019-09-05_00:36:45.934[Status]Routing 169: Walk: 92
2019-09-05_00:36:46.034[Battery Energy]74.14
2019-09-05_00:36:46.187[Status]Routing 170: Walk: 92
2019-09-05_00:36:46.289[Battery Energy]74.03
2019-09-05_00:36:46.467[Status]Routing 171: Walk: 92
2019-09-05_00:36:46.567[Battery Energy]73.93
2019-09-05_00:36:46.871[Status]Routing 172: Walk: 92
2019-09-05_00:36:46.971[Battery Energy]73.76
2019-09-05_00:36:47.133[Status]Routing 173: Walk: 92
2019-09-05_00:36:47.240[Battery Energy]73.66
