2019-09-05_00:35:30.508[Status]Start.
2019-09-05_00:35:30.509[Battery Energy]116.00
2019-09-05_00:35:31.610[Battery Energy]115.96
2019-09-05_00:35:32.711[Battery Energy]115.92
2019-09-05_00:35:33.812[Battery Energy]115.88
2019-09-05_00:35:34.913[Battery Energy]115.84
2019-09-05_00:35:36.013[Task]A New Task Released.
2019-09-05_00:35:36.013[Battery Energy]115.80
2019-09-05_00:35:36.014[Status]Selection Start.
2019-09-05_00:35:36.778[Status]Selection End: Do Task 2.
2019-09-05_00:35:36.895[Battery Energy]115.33
2019-09-05_00:35:36.895[Status]Formation Start.
2019-09-05_00:35:37.036[Status]Formation End: To Position 5.
2019-09-05_00:35:37.136[Battery Energy]115.23
2019-09-05_00:35:37.136[Status]Routing Start.
2019-09-05_00:35:37.288[Status]{'id': 19, 'coordinate': [139.26572307691464, 775.3716945697873]}
2019-09-05_00:35:37.288[Status]Routing 1: Walk: 1
2019-09-05_00:35:37.388[Battery Energy]115.05
2019-09-05_00:35:37.388[Status]Routing Start.
2019-09-05_00:35:37.568[Status]{'id': 19, 'coordinate': [147.53144615382928, 769.7433891395747]}
2019-09-05_00:35:37.568[Status]Routing 2: Walk: 2
2019-09-05_00:35:37.680[Battery Energy]114.85
2019-09-05_00:35:37.680[Status]Routing Start.
2019-09-05_00:35:37.839[Status]{'id': 19, 'coordinate': [155.79716923074392, 764.115083709362]}
2019-09-05_00:35:37.839[Status]Routing 3: Walk: 3
2019-09-05_00:35:37.960[Battery Energy]114.67
2019-09-05_00:35:37.960[Status]Routing Start.
2019-09-05_00:35:38.178[Status]{'id': 19, 'coordinate': [164.06289230765856, 758.4867782791493]}
2019-09-05_00:35:38.178[Status]Routing 4: Walk: 4
2019-09-05_00:35:38.278[Battery Energy]114.44
2019-09-05_00:35:38.278[Status]Routing Start.
2019-09-05_00:35:38.515[Status]{'id': 19, 'coordinate': [172.3286153845732, 752.8584728489367]}
2019-09-05_00:35:38.515[Status]Routing 5: Walk: 5
2019-09-05_00:35:38.620[Battery Energy]114.22
2019-09-05_00:35:38.620[Status]Routing Start.
2019-09-05_00:35:38.961[Status]{'id': 19, 'coordinate': [180.59433846148784, 747.230167418724]}
2019-09-05_00:35:38.961[Status]Routing 6: Walk: 6
2019-09-05_00:35:39.061[Battery Energy]113.91
2019-09-05_00:35:39.061[Status]Routing Start.
2019-09-05_00:35:39.386[Status]{'id': 19, 'coordinate': [188.86006153840248, 741.6018619885114]}
2019-09-05_00:35:39.386[Status]Routing 7: Walk: 7
2019-09-05_00:35:39.486[Battery Energy]113.65
2019-09-05_00:35:39.486[Status]Routing Start.
2019-09-05_00:35:39.949[Status]{'id': 19, 'coordinate': [197.12578461531712, 735.9735565582987]}
2019-09-05_00:35:39.949[Status]Routing 8: Walk: 8
2019-09-05_00:35:40.049[Battery Energy]113.29
2019-09-05_00:35:40.049[Status]Routing Start.
2019-09-05_00:35:40.548[Status]{'id': 19, 'coordinate': [205.39150769223176, 730.345251128086]}
2019-09-05_00:35:40.549[Status]Routing 9: Walk: 9
2019-09-05_00:35:40.652[Battery Energy]112.96
2019-09-05_00:35:40.652[Status]Routing Start.
2019-09-05_00:35:41.014[Status]{'id': 19, 'coordinate': [213.6572307691464, 724.7169456978734]}
2019-09-05_00:35:41.014[Status]Routing 10: Walk: 10
2019-09-05_00:35:41.124[Battery Energy]112.63
2019-09-05_00:35:41.124[Status]Routing Start.
2019-09-05_00:35:41.443[Status]{'id': 19, 'coordinate': [221.92295384606103, 719.0886402676607]}
2019-09-05_00:35:41.443[Status]Routing 11: Walk: 11
2019-09-05_00:35:41.543[Battery Energy]112.32
2019-09-05_00:35:41.543[Status]Routing Start.
2019-09-05_00:35:41.857[Status]{'id': 19, 'coordinate': [230.18867692297567, 713.460334837448]}
2019-09-05_00:35:41.857[Status]Routing 12: Walk: 12
2019-09-05_00:35:41.964[Battery Energy]112.03
2019-09-05_00:35:41.964[Status]Routing Start.
2019-09-05_00:35:42.149[Status]{'id': 19, 'coordinate': [238.4543999998903, 707.8320294072354]}
2019-09-05_00:35:42.149[Status]Routing 13: Walk: 13
2019-09-05_00:35:42.268[Battery Energy]111.82
2019-09-05_00:35:42.268[Status]Routing Start.
2019-09-05_00:35:42.610[Status]{'id': 19, 'coordinate': [246.72012307680495, 702.2037239770227]}
2019-09-05_00:35:42.610[Status]Routing 14: Walk: 14
2019-09-05_00:35:42.711[Battery Energy]111.54
2019-09-05_00:35:42.711[Status]Routing Start.
2019-09-05_00:35:43.233[Status]{'id': 19, 'coordinate': [254.9858461537196, 696.57541854681]}
2019-09-05_00:35:43.233[Status]Routing 15: Walk: 15
2019-09-05_00:35:43.333[Battery Energy]111.13
2019-09-05_00:35:43.334[Status]Routing Start.
2019-09-05_00:35:43.764[Status]{'id': 19, 'coordinate': [263.25156923063423, 690.9471131165974]}
2019-09-05_00:35:43.771[Status]Routing 16: Walk: 16
2019-09-05_00:35:43.880[Battery Energy]110.81
2019-09-05_00:35:43.880[Status]Routing Start.
2019-09-05_00:35:44.305[Status]{'id': 19, 'coordinate': [271.51729230754887, 685.3188076863847]}
2019-09-05_00:35:44.305[Status]Routing 17: Walk: 17
2019-09-05_00:35:44.406[Battery Energy]110.46
2019-09-05_00:35:44.406[Status]Routing Start.
2019-09-05_00:35:44.785[Status]{'id': 19, 'coordinate': [279.7830153844635, 679.6905022561722]}
2019-09-05_00:35:44.785[Status]Routing 18: Walk: 18
2019-09-05_00:35:44.889[Battery Energy]110.10
2019-09-05_00:35:44.889[Status]Routing Start.
2019-09-05_00:35:45.252[Status]{'id': 19, 'coordinate': [288.04873846137815, 674.0621968259595]}
2019-09-05_00:35:45.252[Status]Routing 19: Walk: 19
2019-09-05_00:35:45.364[Battery Energy]109.73
2019-09-05_00:35:45.364[Status]Routing Start.
2019-09-05_00:35:45.761[Status]{'id': 19, 'coordinate': [296.3144615382928, 668.433891395747]}
2019-09-05_00:35:45.761[Status]Routing 20: Walk: 20
2019-09-05_00:35:45.864[Battery Energy]109.38
2019-09-05_00:35:45.864[Status]Routing Start.
2019-09-05_00:35:46.221[Status]{'id': 19, 'coordinate': [304.58018461520743, 662.8055859655344]}
2019-09-05_00:35:46.229[Status]Routing 21: Walk: 21
2019-09-05_00:35:46.340[Battery Energy]109.10
2019-09-05_00:35:46.341[Status]Routing Start.
2019-09-05_00:35:46.644[Status]{'id': 19, 'coordinate': [312.84590769212207, 657.1772805353219]}
2019-09-05_00:35:46.644[Status]Routing 22: Walk: 22
2019-09-05_00:35:46.748[Battery Energy]108.81
2019-09-05_00:35:46.748[Status]Routing Start.
2019-09-05_00:35:47.109[Status]{'id': 19, 'coordinate': [321.1116307690367, 651.5489751051092]}
2019-09-05_00:35:47.109[Status]Routing 23: Walk: 23
2019-09-05_00:35:47.219[Battery Energy]108.43
2019-09-05_00:35:47.219[Status]Routing Start.
2019-09-05_00:35:47.552[Status]{'id': 19, 'coordinate': [329.37735384595135, 645.9206696748965]}
2019-09-05_00:35:47.552[Status]Routing 24: Walk: 24
2019-09-05_00:35:47.653[Battery Energy]108.16
2019-09-05_00:35:47.653[Status]Routing Start.
2019-09-05_00:35:47.998[Status]{'id': 19, 'coordinate': [337.643076922866, 640.292364244684]}
2019-09-05_00:35:47.998[Status]Routing 25: Walk: 25
2019-09-05_00:35:48.100[Battery Energy]107.86
2019-09-05_00:35:48.100[Status]Routing Start.
2019-09-05_00:35:48.521[Status]{'id': 19, 'coordinate': [345.9087999997806, 634.6640588144713]}
2019-09-05_00:35:48.521[Status]Routing 26: Walk: 26
2019-09-05_00:35:48.622[Battery Energy]107.51
2019-09-05_00:35:48.622[Status]Routing Start.
2019-09-05_00:35:48.993[Status]{'id': 19, 'coordinate': [354.17452307669527, 629.0357533842587]}
2019-09-05_00:35:48.993[Status]Routing 27: Walk: 27
2019-09-05_00:35:49.108[Battery Energy]107.19
2019-09-05_00:35:49.108[Status]Routing Start.
2019-09-05_00:35:49.462[Status]{'id': 19, 'coordinate': [362.4402461536099, 623.4074479540461]}
2019-09-05_00:35:49.462[Status]Routing 28: Walk: 28
2019-09-05_00:35:49.565[Battery Energy]106.87
2019-09-05_00:35:49.565[Status]Routing Start.
2019-09-05_00:35:49.899[Status]{'id': 19, 'coordinate': [370.70596923052454, 617.7791425238336]}
2019-09-05_00:35:49.899[Status]Routing 29: Walk: 29
2019-09-05_00:35:49.999[Battery Energy]106.56
2019-09-05_00:35:50.000[Status]Routing Start.
2019-09-05_00:35:50.330[Status]{'id': 19, 'coordinate': [378.9716923074392, 612.150837093621]}
2019-09-05_00:35:50.330[Status]Routing 30: Walk: 30
2019-09-05_00:35:50.440[Battery Energy]106.23
2019-09-05_00:35:50.440[Status]Routing Start.
2019-09-05_00:35:50.789[Status]{'id': 19, 'coordinate': [387.2374153843538, 606.5225316634084]}
2019-09-05_00:35:50.789[Status]Routing 31: Walk: 31
2019-09-05_00:35:50.889[Battery Energy]105.91
2019-09-05_00:35:50.889[Status]Routing Start.
2019-09-05_00:35:51.253[Status]{'id': 19, 'coordinate': [395.50313846126846, 600.8942262331957]}
2019-09-05_00:35:51.254[Status]Routing 32: Walk: 32
2019-09-05_00:35:51.354[Battery Energy]105.60
2019-09-05_00:35:51.354[Status]Routing Start.
2019-09-05_00:35:51.717[Status]{'id': 19, 'coordinate': [403.7688615381831, 595.265920802983]}
2019-09-05_00:35:51.717[Status]Routing 33: Walk: 33
2019-09-05_00:35:51.817[Battery Energy]105.25
2019-09-05_00:35:51.817[Status]Routing Start.
2019-09-05_00:35:52.164[Status]{'id': 19, 'coordinate': [412.03458461509774, 589.6376153727705]}
2019-09-05_00:35:52.164[Status]Routing 34: Walk: 34
2019-09-05_00:35:52.272[Battery Energy]104.93
2019-09-05_00:35:52.272[Status]Routing Start.
2019-09-05_00:35:52.604[Status]{'id': 19, 'coordinate': [420.3003076920124, 584.0093099425579]}
2019-09-05_00:35:52.604[Status]Routing 35: Walk: 35
2019-09-05_00:35:52.705[Battery Energy]104.64
2019-09-05_00:35:52.705[Status]Routing Start.
2019-09-05_00:35:53.059[Status]{'id': 19, 'coordinate': [428.566030768927, 578.3810045123453]}
2019-09-05_00:35:53.059[Status]Routing 36: Walk: 36
2019-09-05_00:35:53.160[Battery Energy]104.36
2019-09-05_00:35:53.160[Status]Routing Start.
2019-09-05_00:35:53.534[Status]{'id': 19, 'coordinate': [436.83175384584166, 572.7526990821327]}
2019-09-05_00:35:53.535[Status]Routing 37: Walk: 37
2019-09-05_00:35:53.636[Battery Energy]103.99
2019-09-05_00:35:53.636[Status]Routing Start.
2019-09-05_00:35:53.955[Status]{'id': 19, 'coordinate': [445.0974769227563, 567.1243936519202]}
2019-09-05_00:35:53.955[Status]Routing 38: Walk: 38
2019-09-05_00:35:54.056[Battery Energy]103.66
2019-09-05_00:35:54.056[Status]Routing Start.
2019-09-05_00:35:54.450[Status]{'id': 19, 'coordinate': [453.36319999967094, 561.4960882217075]}
2019-09-05_00:35:54.450[Status]Routing 39: Walk: 39
2019-09-05_00:35:54.567[Battery Energy]103.35
2019-09-05_00:35:54.567[Status]Routing Start.
2019-09-05_00:35:54.960[Status]{'id': 19, 'coordinate': [461.6289230765856, 555.8677827914948]}
2019-09-05_00:35:54.960[Status]Routing 40: Walk: 40
2019-09-05_00:35:55.064[Battery Energy]103.10
2019-09-05_00:35:55.064[Status]Routing Start.
2019-09-05_00:35:55.432[Status]{'id': 19, 'coordinate': [469.8946461535002, 550.2394773612823]}
2019-09-05_00:35:55.433[Status]Routing 41: Walk: 41
2019-09-05_00:35:55.533[Battery Energy]102.80
2019-09-05_00:35:55.533[Status]Routing Start.
2019-09-05_00:35:55.889[Status]{'id': 19, 'coordinate': [478.16036923041486, 544.6111719310696]}
2019-09-05_00:35:55.889[Status]Routing 42: Walk: 42
2019-09-05_00:35:56.001[Battery Energy]102.47
2019-09-05_00:35:56.001[Status]Routing Start.
2019-09-05_00:35:56.312[Status]{'id': 19, 'coordinate': [486.4260923073295, 538.9828665008571]}
2019-09-05_00:35:56.312[Status]Routing 43: Walk: 43
2019-09-05_00:35:56.425[Battery Energy]102.20
2019-09-05_00:35:56.425[Status]Routing Start.
2019-09-05_00:35:56.768[Status]{'id': 19, 'coordinate': [494.69181538424414, 533.3545610706444]}
2019-09-05_00:35:56.768[Status]Routing 44: Walk: 44
2019-09-05_00:35:56.883[Battery Energy]101.90
2019-09-05_00:35:56.883[Status]Routing Start.
2019-09-05_00:35:57.212[Status]{'id': 19, 'coordinate': [502.9575384611588, 527.7262556404319]}
2019-09-05_00:35:57.212[Status]Routing 45: Walk: 45
2019-09-05_00:35:57.315[Battery Energy]101.61
2019-09-05_00:35:57.315[Status]Routing Start.
2019-09-05_00:35:57.657[Status]{'id': 19, 'coordinate': [511.2232615380734, 522.0979502102193]}
2019-09-05_00:35:57.657[Status]Routing 46: Walk: 46
2019-09-05_00:35:57.757[Battery Energy]101.29
2019-09-05_00:35:57.757[Status]Routing Start.
2019-09-05_00:35:58.109[Status]{'id': 19, 'coordinate': [519.4889846149881, 516.4696447800067]}
2019-09-05_00:35:58.113[Status]Routing 47: Walk: 47
2019-09-05_00:35:58.224[Battery Energy]101.00
2019-09-05_00:35:58.224[Status]Routing Start.
2019-09-05_00:35:58.552[Status]{'id': 19, 'coordinate': [527.7547076919028, 510.84133934979405]}
2019-09-05_00:35:58.552[Status]Routing 48: Walk: 48
2019-09-05_00:35:58.660[Battery Energy]100.71
2019-09-05_00:35:58.660[Status]Routing Start.
2019-09-05_00:35:58.983[Status]{'id': 19, 'coordinate': [536.0204307688175, 505.21303391958145]}
2019-09-05_00:35:58.983[Status]Routing 49: Walk: 49
2019-09-05_00:35:59.084[Battery Energy]100.39
2019-09-05_00:35:59.084[Status]Routing Start.
2019-09-05_00:35:59.498[Status]{'id': 19, 'coordinate': [544.2861538457322, 499.58472848936884]}
2019-09-05_00:35:59.498[Status]Routing 50: Walk: 50
2019-09-05_00:35:59.612[Battery Energy]100.00
2019-09-05_00:35:59.612[Status]Routing Start.
2019-09-05_00:36:00.213[Status]{'id': 19, 'coordinate': [552.5518769226469, 493.95642305915624]}
2019-09-05_00:36:00.213[Status]Routing 51: Walk: 51
2019-09-05_00:36:00.313[Battery Energy]99.56
2019-09-05_00:36:00.313[Status]Routing Start.
2019-09-05_00:36:00.494[Status]{'id': 19, 'coordinate': [560.8175999995616, 488.32811762894363]}
2019-09-05_00:36:00.494[Status]Routing 52: Walk: 52
2019-09-05_00:36:00.600[Battery Energy]99.33
2019-09-05_00:36:00.600[Status]Routing Start.
2019-09-05_00:36:00.970[Status]{'id': 19, 'coordinate': [569.0833230764763, 482.699812198731]}
2019-09-05_00:36:00.970[Status]Routing 53: Walk: 53
2019-09-05_00:36:01.076[Battery Energy]98.98
2019-09-05_00:36:01.076[Status]Routing Start.
2019-09-05_00:36:01.423[Status]{'id': 19, 'coordinate': [577.349046153391, 477.0715067685184]}
2019-09-05_00:36:01.423[Status]Routing 54: Walk: 54
2019-09-05_00:36:01.532[Battery Energy]98.68
2019-09-05_00:36:01.532[Status]Routing Start.
2019-09-05_00:36:01.892[Status]{'id': 19, 'coordinate': [585.6147692303057, 471.4432013383058]}
2019-09-05_00:36:01.897[Status]Routing 55: Walk: 55
2019-09-05_00:36:02.000[Battery Energy]98.30
2019-09-05_00:36:02.000[Status]Routing Start.
2019-09-05_00:36:02.363[Status]{'id': 19, 'coordinate': [593.8804923072204, 465.8148959080932]}
2019-09-05_00:36:02.363[Status]Routing 56: Walk: 56
2019-09-05_00:36:02.468[Battery Energy]98.00
2019-09-05_00:36:02.468[Status]Routing Start.
2019-09-05_00:36:02.855[Status]{'id': 19, 'coordinate': [602.1462153841351, 460.1865904778806]}
2019-09-05_00:36:02.855[Status]Routing 57: Walk: 57
2019-09-05_00:36:02.955[Battery Energy]97.64
2019-09-05_00:36:02.956[Status]Routing Start.
2019-09-05_00:36:03.553[Status]Routing 58: Walk: 57
2019-09-05_00:36:03.659[Battery Energy]97.23
2019-09-05_00:36:03.659[Status]Routing Start.
2019-09-05_00:36:04.027[Status]Routing 59: Walk: 57
2019-09-05_00:36:04.127[Battery Energy]96.90
2019-09-05_00:36:04.127[Status]Routing Start.
2019-09-05_00:36:04.517[Status]Routing 60: Walk: 57
2019-09-05_00:36:04.617[Battery Energy]96.53
2019-09-05_00:36:04.617[Status]Routing Start.
2019-09-05_00:36:05.038[Status]Routing 61: Walk: 57
2019-09-05_00:36:05.144[Battery Energy]96.16
2019-09-05_00:36:05.144[Status]Routing Start.
2019-09-05_00:36:05.475[Status]Routing 62: Walk: 57
2019-09-05_00:36:05.580[Battery Energy]95.92
2019-09-05_00:36:05.580[Status]Routing Start.
2019-09-05_00:36:06.033[Status]Routing 63: Walk: 57
2019-09-05_00:36:06.134[Battery Energy]95.53
2019-09-05_00:36:06.134[Status]Routing Start.
2019-09-05_00:36:06.356[Status]{'id': 19, 'coordinate': [610.4119384610498, 454.558285047668]}
2019-09-05_00:36:06.356[Status]Routing 64: Walk: 58
2019-09-05_00:36:06.476[Battery Energy]95.29
2019-09-05_00:36:06.476[Status]Routing Start.
2019-09-05_00:36:06.861[Status]{'id': 19, 'coordinate': [618.6776615379645, 448.9299796174554]}
2019-09-05_00:36:06.861[Status]Routing 65: Walk: 59
2019-09-05_00:36:06.964[Battery Energy]94.97
2019-09-05_00:36:06.964[Status]Routing Start.
2019-09-05_00:36:07.393[Status]{'id': 19, 'coordinate': [626.9433846148792, 443.3016741872428]}
2019-09-05_00:36:07.394[Status]Routing 66: Walk: 60
2019-09-05_00:36:07.496[Battery Energy]94.64
2019-09-05_00:36:07.496[Status]Routing Start.
2019-09-05_00:36:07.818[Status]{'id': 19, 'coordinate': [635.2091076917939, 437.6733687570302]}
2019-09-05_00:36:07.818[Status]Routing 67: Walk: 61
2019-09-05_00:36:07.918[Battery Energy]94.31
2019-09-05_00:36:07.918[Status]Routing Start.
2019-09-05_00:36:08.278[Status]{'id': 19, 'coordinate': [643.4748307687084, 432.04506332681757]}
2019-09-05_00:36:08.279[Status]Routing 68: Walk: 62
2019-09-05_00:36:08.380[Battery Energy]93.99
2019-09-05_00:36:08.380[Status]Routing Start.
2019-09-05_00:36:08.658[Status]{'id': 19, 'coordinate': [651.740553845623, 426.41675789660496]}
2019-09-05_00:36:08.663[Status]Routing 69: Walk: 63
2019-09-05_00:36:08.763[Battery Energy]93.71
2019-09-05_00:36:08.763[Status]Routing Start.
2019-09-05_00:36:09.124[Status]{'id': 19, 'coordinate': [660.0062769225376, 420.78845246639236]}
2019-09-05_00:36:09.124[Status]Routing 70: Walk: 64
2019-09-05_00:36:09.236[Battery Energy]93.41
2019-09-05_00:36:09.237[Status]Routing Start.
2019-09-05_00:36:09.621[Status]{'id': 19, 'coordinate': [668.2719999994522, 415.16014703617975]}
2019-09-05_00:36:09.621[Status]Routing 71: Walk: 65
2019-09-05_00:36:09.725[Battery Energy]93.08
2019-09-05_00:36:09.725[Status]Routing Start.
2019-09-05_00:36:10.076[Status]{'id': 19, 'coordinate': [676.5377230763669, 409.53184160596714]}
2019-09-05_00:36:10.076[Status]Routing 72: Walk: 66
2019-09-05_00:36:10.184[Battery Energy]92.78
2019-09-05_00:36:10.184[Status]Routing Start.
2019-09-05_00:36:10.540[Status]{'id': 19, 'coordinate': [684.8034461532816, 403.90353617575454]}
2019-09-05_00:36:10.540[Status]Routing 73: Walk: 67
2019-09-05_00:36:10.640[Battery Energy]92.50
2019-09-05_00:36:10.640[Status]Routing Start.
2019-09-05_00:36:10.982[Status]{'id': 19, 'coordinate': [693.0691692301962, 398.27523074554193]}
2019-09-05_00:36:10.982[Status]Routing 74: Walk: 68
2019-09-05_00:36:11.092[Battery Energy]92.19
2019-09-05_00:36:11.092[Status]Routing Start.
2019-09-05_00:36:11.474[Status]{'id': 19, 'coordinate': [701.3348923071109, 392.6469253153293]}
2019-09-05_00:36:11.474[Status]Routing 75: Walk: 69
2019-09-05_00:36:11.580[Battery Energy]91.89
2019-09-05_00:36:11.580[Status]Routing Start.
2019-09-05_00:36:11.952[Status]{'id': 19, 'coordinate': [709.6006153840256, 387.0186198851167]}
2019-09-05_00:36:11.952[Status]Routing 76: Walk: 70
2019-09-05_00:36:12.068[Battery Energy]91.59
2019-09-05_00:36:12.068[Status]Routing Start.
2019-09-05_00:36:12.460[Status]{'id': 19, 'coordinate': [717.8663384609401, 381.3903144549041]}
2019-09-05_00:36:12.460[Status]Routing 77: Walk: 71
2019-09-05_00:36:12.564[Battery Energy]91.31
2019-09-05_00:36:12.564[Status]Routing Start.
2019-09-05_00:36:12.900[Status]{'id': 19, 'coordinate': [726.1320615378547, 375.7620090246915]}
2019-09-05_00:36:12.900[Status]Routing 78: Walk: 72
2019-09-05_00:36:13.000[Battery Energy]91.00
2019-09-05_00:36:13.000[Status]Routing Start.
2019-09-05_00:36:13.205[Status]{'id': 19, 'coordinate': [734.3977846147693, 370.1337035944789]}
2019-09-05_00:36:13.205[Status]Routing 79: Walk: 73
2019-09-05_00:36:13.320[Battery Energy]90.74
2019-09-05_00:36:13.320[Status]Routing Start.
2019-09-05_00:36:13.626[Status]{'id': 19, 'coordinate': [742.663507691684, 364.5053981642663]}
2019-09-05_00:36:13.626[Status]Routing 80: Walk: 74
2019-09-05_00:36:13.736[Battery Energy]90.47
2019-09-05_00:36:13.736[Status]Routing Start.
2019-09-05_00:36:14.082[Status]{'id': 19, 'coordinate': [750.9292307685987, 358.8770927340537]}
2019-09-05_00:36:14.082[Status]Routing 81: Walk: 75
2019-09-05_00:36:14.196[Battery Energy]90.14
2019-09-05_00:36:14.196[Status]Routing Start.
2019-09-05_00:36:14.573[Status]{'id': 19, 'coordinate': [759.1949538455133, 353.2487873038411]}
2019-09-05_00:36:14.573[Status]Routing 82: Walk: 76
2019-09-05_00:36:14.692[Battery Energy]89.85
2019-09-05_00:36:14.692[Status]Routing Start.
2019-09-05_00:36:15.059[Status]{'id': 19, 'coordinate': [767.4606769224279, 347.6204818736285]}
2019-09-05_00:36:15.059[Status]Routing 83: Walk: 77
2019-09-05_00:36:15.164[Battery Energy]89.51
2019-09-05_00:36:15.164[Status]Routing Start.
2019-09-05_00:36:15.481[Status]{'id': 19, 'coordinate': [775.7263999993424, 341.9921764434159]}
2019-09-05_00:36:15.481[Status]Routing 84: Walk: 78
2019-09-05_00:36:15.581[Battery Energy]89.20
2019-09-05_00:36:15.581[Status]Routing Start.
2019-09-05_00:36:15.960[Status]{'id': 19, 'coordinate': [783.992123076257, 336.36387101320327]}
2019-09-05_00:36:15.960[Status]Routing 85: Walk: 79
2019-09-05_00:36:16.064[Battery Energy]88.86
2019-09-05_00:36:16.064[Status]Routing Start.
2019-09-05_00:36:16.408[Status]{'id': 19, 'coordinate': [792.2578461531717, 330.73556558299066]}
2019-09-05_00:36:16.408[Status]Routing 86: Walk: 80
2019-09-05_00:36:16.516[Battery Energy]88.57
2019-09-05_00:36:16.516[Status]Routing Start.
2019-09-05_00:36:16.663[Status]{'id': 19, 'coordinate': [800.5235692300864, 325.10726015277805]}
2019-09-05_00:36:16.663[Status]Routing 87: Walk: 81
2019-09-05_00:36:16.763[Battery Energy]88.36
2019-09-05_00:36:16.763[Status]Routing Start.
2019-09-05_00:36:17.179[Status]{'id': 19, 'coordinate': [808.789292307001, 319.47895472256545]}
2019-09-05_00:36:17.179[Status]Routing 88: Walk: 82
2019-09-05_00:36:17.288[Battery Energy]88.03
2019-09-05_00:36:17.288[Status]Routing Start.
2019-09-05_00:36:17.551[Status]{'id': 19, 'coordinate': [817.0550153839156, 313.85064929235284]}
2019-09-05_00:36:17.551[Status]Routing 89: Walk: 83
2019-09-05_00:36:17.660[Battery Energy]87.75
2019-09-05_00:36:17.660[Status]Routing Start.
2019-09-05_00:36:17.825[Status]{'id': 19, 'coordinate': [825.3207384608303, 308.22234386214024]}
2019-09-05_00:36:17.826[Status]Routing 90: Walk: 84
2019-09-05_00:36:17.926[Battery Energy]87.53
2019-09-05_00:36:17.926[Status]Routing Start.
2019-09-05_00:36:18.151[Status]{'id': 19, 'coordinate': [833.586461537745, 302.59403843192763]}
2019-09-05_00:36:18.151[Status]Routing 91: Walk: 85
2019-09-05_00:36:18.256[Battery Energy]87.28
2019-09-05_00:36:18.256[Status]Routing Start.
2019-09-05_00:36:18.638[Status]{'id': 19, 'coordinate': [841.8521846146596, 296.965733001715]}
2019-09-05_00:36:18.638[Status]Routing 92: Walk: 86
2019-09-05_00:36:18.764[Battery Energy]86.96
2019-09-05_00:36:18.764[Status]Routing Start.
2019-09-05_00:36:19.045[Status]{'id': 19, 'coordinate': [850.1179076915743, 291.3374275715024]}
2019-09-05_00:36:19.045[Status]Routing 93: Walk: 87
2019-09-05_00:36:19.152[Battery Energy]86.69
2019-09-05_00:36:19.152[Status]Routing Start.
2019-09-05_00:36:19.474[Status]{'id': 19, 'coordinate': [858.383630768489, 285.7091221412898]}
2019-09-05_00:36:19.474[Status]Routing 94: Walk: 88
2019-09-05_00:36:19.576[Battery Energy]86.38
2019-09-05_00:36:19.576[Status]Routing Start.
2019-09-05_00:36:19.869[Status]{'id': 19, 'coordinate': [866.6493538454035, 280.0808167110772]}
2019-09-05_00:36:19.869[Status]Routing 95: Walk: 89
2019-09-05_00:36:19.977[Battery Energy]86.08
2019-09-05_00:36:19.977[Status]Routing Start.
2019-09-05_00:36:20.342[Status]{'id': 19, 'coordinate': [874.9150769223181, 274.4525112808646]}
2019-09-05_00:36:20.342[Status]Routing 96: Walk: 90
2019-09-05_00:36:20.456[Battery Energy]85.76
2019-09-05_00:36:20.456[Status]Routing Start.
2019-09-05_00:36:20.807[Status]{'id': 19, 'coordinate': [883.1807999992328, 268.824205850652]}
2019-09-05_00:36:20.807[Status]Routing 97: Walk: 91
2019-09-05_00:36:20.907[Battery Energy]85.48
2019-09-05_00:36:20.907[Status]Routing Start.
2019-09-05_00:36:21.132[Status]{'id': 19, 'coordinate': [891.4465230761474, 263.1959004204394]}
2019-09-05_00:36:21.132[Status]Routing 98: Walk: 92
2019-09-05_00:36:21.232[Battery Energy]85.22
2019-09-05_00:36:21.232[Status]Routing Start.
2019-09-05_00:36:21.606[Status]{'id': 19, 'coordinate': [899.7122461530621, 257.5675949902268]}
2019-09-05_00:36:21.606[Status]Routing 99: Walk: 93
2019-09-05_00:36:21.715[Battery Energy]84.92
2019-09-05_00:36:21.715[Status]Routing Start.
2019-09-05_00:36:22.127[Status]{'id': 19, 'coordinate': [907.9779692299767, 251.93928956001417]}
2019-09-05_00:36:22.127[Status]Routing 100: Walk: 94
2019-09-05_00:36:22.227[Battery Energy]84.57
2019-09-05_00:36:22.227[Status]Routing Start.
2019-09-05_00:36:22.457[Status]{'id': 19, 'coordinate': [916.2436923068913, 246.31098412980157]}
2019-09-05_00:36:22.457[Status]Routing 101: Walk: 95
2019-09-05_00:36:22.568[Battery Energy]84.31
2019-09-05_00:36:22.568[Status]Routing Start.
2019-09-05_00:36:22.875[Status]{'id': 19, 'coordinate': [924.5094153838058, 240.68267869958896]}
2019-09-05_00:36:22.875[Status]Routing 102: Walk: 96
2019-09-05_00:36:22.980[Battery Energy]84.05
2019-09-05_00:36:22.980[Status]Routing Start.
2019-09-05_00:36:23.125[Status]{'id': 19, 'coordinate': [932.7751384607205, 235.05437326937636]}
2019-09-05_00:36:23.126[Status]Routing 103: Walk: 97
2019-09-05_00:36:23.228[Battery Energy]83.85
2019-09-05_00:36:23.228[Status]Routing Start.
2019-09-05_00:36:23.517[Status]{'id': 19, 'coordinate': [941.0408615376352, 229.42606783916375]}
2019-09-05_00:36:23.519[Status]Routing 104: Walk: 98
2019-09-05_00:36:23.619[Battery Energy]83.54
2019-09-05_00:36:23.619[Status]Routing Start.
2019-09-05_00:36:24.015[Status]{'id': 19, 'coordinate': [949.3065846145498, 223.79776240895114]}
2019-09-05_00:36:24.015[Status]Routing 105: Walk: 99
2019-09-05_00:36:24.115[Battery Energy]83.19
2019-09-05_00:36:24.115[Status]Routing Start.
2019-09-05_00:36:24.447[Status]{'id': 19, 'coordinate': [957.5723076914645, 218.16945697873854]}
2019-09-05_00:36:24.447[Status]Routing 106: Walk: 100
2019-09-05_00:36:24.564[Battery Energy]82.92
2019-09-05_00:36:24.564[Status]Routing Start.
2019-09-05_00:36:24.757[Status]{'id': 19, 'coordinate': [965.8380307683792, 212.54115154852593]}
2019-09-05_00:36:24.757[Status]Routing 107: Walk: 101
2019-09-05_00:36:24.860[Battery Energy]82.69
2019-09-05_00:36:24.860[Status]Routing Start.
2019-09-05_00:36:25.093[Status]{'id': 19, 'coordinate': [974.1037538452938, 206.91284611831333]}
2019-09-05_00:36:25.093[Status]Routing 108: Walk: 102
2019-09-05_00:36:25.193[Battery Energy]82.44
2019-09-05_00:36:25.193[Status]Routing Start.
2019-09-05_00:36:25.476[Status]{'id': 19, 'coordinate': [982.3694769222084, 201.28454068810072]}
2019-09-05_00:36:25.476[Status]Routing 109: Walk: 103
2019-09-05_00:36:25.580[Battery Energy]82.17
2019-09-05_00:36:25.580[Status]Routing Start.
2019-09-05_00:36:26.073[Status]{'id': 19, 'coordinate': [988.2928468596529, 209.34144385148667]}
2019-09-05_00:36:26.073[Status]Routing 110: Walk: 104
2019-09-05_00:36:26.173[Battery Energy]81.70
2019-09-05_00:36:26.173[Status]Routing Start.
2019-09-05_00:36:26.382[Status]{'id': 19, 'coordinate': [996.1768757725808, 203.18985152915937]}
2019-09-05_00:36:26.382[Status]Routing 111: Walk: 105
2019-09-05_00:36:26.488[Battery Energy]81.46
2019-09-05_00:36:26.488[Status]Routing Start.
2019-09-05_00:36:26.946[Status]{'id': 19, 'coordinate': [1004.3624217597364, 208.93413885590076]}
2019-09-05_00:36:26.946[Status]Routing 112: Walk: 106
2019-09-05_00:36:27.046[Battery Energy]81.03
2019-09-05_00:36:27.046[Status]Routing Start.
2019-09-05_00:36:27.231[Status]{'id': 19, 'coordinate': [1011.8134998973047, 202.2646985054776]}
2019-09-05_00:36:27.232[Status]Routing 113: Walk: 107
2019-09-05_00:36:27.335[Battery Energy]80.78
2019-09-05_00:36:27.335[Status]Routing Start.
2019-09-05_00:36:27.881[Status]{'id': 19, 'coordinate': [1019.264578034873, 195.59525815505447]}
2019-09-05_00:36:27.881[Status]Routing 114: Walk: 108
2019-09-05_00:36:27.983[Battery Energy]80.27
2019-09-05_00:36:27.983[Status]Routing Start.
2019-09-05_00:36:28.387[Status]{'id': 19, 'coordinate': [1026.7156561724412, 188.92581780463132]}
2019-09-05_00:36:28.389[Status]Routing 115: Walk: 109
2019-09-05_00:36:28.490[Battery Energy]79.90
2019-09-05_00:36:28.490[Status]Routing Start.
2019-09-05_00:36:28.798[Status]{'id': 19, 'coordinate': [1034.1667343100094, 182.25637745420818]}
2019-09-05_00:36:28.798[Status]Routing 116: Walk: 110
2019-09-05_00:36:28.898[Battery Energy]79.53
2019-09-05_00:36:28.899[Status]Routing Start.
2019-09-05_00:36:29.086[Status]{'id': 19, 'coordinate': [1041.6178124475775, 175.58693710378506]}
2019-09-05_00:36:29.086[Status]Routing 117: Walk: 111
2019-09-05_00:36:29.196[Battery Energy]79.28
2019-09-05_00:36:29.196[Status]Routing Start.
2019-09-05_00:36:29.377[Status]{'id': 19, 'coordinate': [1049.0688905851457, 168.91749675336195]}
2019-09-05_00:36:29.377[Status]Routing 118: Walk: 112
2019-09-05_00:36:29.492[Battery Energy]79.04
2019-09-05_00:36:29.492[Status]Routing Start.
2019-09-05_00:36:29.741[Status]{'id': 19, 'coordinate': [1056.5199687227139, 162.24805640293883]}
2019-09-05_00:36:29.741[Status]Routing 119: Walk: 113
2019-09-05_00:36:29.860[Battery Energy]78.78
2019-09-05_00:36:29.860[Status]Routing Start.
2019-09-05_00:36:30.016[Status]{'id': 19, 'coordinate': [1063.971046860282, 155.5786160525157]}
2019-09-05_00:36:30.016[Status]Routing 120: Walk: 114
2019-09-05_00:36:30.127[Battery Energy]78.56
2019-09-05_00:36:30.127[Status]Routing Start.
2019-09-05_00:36:30.379[Status]{'id': 19, 'coordinate': [1071.4221249978505, 148.9091757020926]}
2019-09-05_00:36:30.379[Status]Routing 121: Walk: 115
2019-09-05_00:36:30.479[Battery Energy]78.34
2019-09-05_00:36:30.479[Status]Routing Start.
2019-09-05_00:36:30.660[Status]{'id': 19, 'coordinate': [1078.8732031354186, 142.23973535166948]}
2019-09-05_00:36:30.660[Status]Routing 122: Walk: 116
2019-09-05_00:36:30.760[Battery Energy]78.13
2019-09-05_00:36:30.760[Status]Routing Start.
2019-09-05_00:36:30.955[Status]{'id': 19, 'coordinate': [1086.324281272987, 135.5702950012464]}
2019-09-05_00:36:30.955[Status]Routing 123: Walk: 117
2019-09-05_00:36:31.068[Battery Energy]77.89
2019-09-05_00:36:31.068[Status]Routing Start.
2019-09-05_00:36:31.294[Status]{'id': 19, 'coordinate': [1093.7753594105552, 128.90085465082328]}
2019-09-05_00:36:31.294[Status]Routing 124: Walk: 118
2019-09-05_00:36:31.404[Battery Energy]77.69
2019-09-05_00:36:31.404[Status]Routing Start.
2019-09-05_00:36:31.666[Status]{'id': 19, 'coordinate': [1101.2264375481236, 122.23141430040019]}
2019-09-05_00:36:31.666[Status]Routing 125: Walk: 119
2019-09-05_00:36:31.766[Battery Energy]77.45
2019-09-05_00:36:31.766[Status]Routing Start.
2019-09-05_00:36:31.766[Status]Task Finished.
2019-09-05_00:36:31.866[Battery Energy]77.45
2019-09-05_00:36:32.046[Status]Routing 127: Walk: 119
2019-09-05_00:36:32.146[Battery Energy]77.34
2019-09-05_00:36:32.415[Status]Routing 128: Walk: 119
2019-09-05_00:36:32.520[Battery Energy]77.13
2019-09-05_00:36:32.709[Status]Routing 129: Walk: 119
2019-09-05_00:36:32.809[Battery Energy]77.02
2019-09-05_00:36:33.058[Status]Routing 130: Walk: 119
2019-09-05_00:36:33.168[Battery Energy]76.87
2019-09-05_00:36:33.409[Status]Routing 131: Walk: 119
2019-09-05_00:36:33.516[Battery Energy]76.78
2019-09-05_00:36:33.781[Status]Routing 132: Walk: 119
2019-09-05_00:36:33.892[Battery Energy]76.62
2019-09-05_00:36:34.102[Status]Routing 133: Walk: 119
2019-09-05_00:36:34.245[Battery Energy]76.47
2019-09-05_00:36:34.470[Status]Routing 134: Walk: 119
2019-09-05_00:36:34.576[Battery Energy]76.34
2019-09-05_00:36:34.857[Status]Routing 135: Walk: 119
2019-09-05_00:36:34.957[Battery Energy]76.16
2019-09-05_00:36:35.254[Status]Routing 136: Walk: 119
2019-09-05_00:36:35.364[Battery Energy]75.95
2019-09-05_00:36:35.633[Status]Routing 137: Walk: 119
2019-09-05_00:36:35.735[Battery Energy]75.78
2019-09-05_00:36:35.911[Status]Routing 138: Walk: 119
2019-09-05_00:36:36.020[Battery Energy]75.65
2019-09-05_00:36:36.310[Status]Routing 139: Walk: 119
2019-09-05_00:36:36.424[Battery Energy]75.48
2019-09-05_00:36:36.610[Status]Routing 140: Walk: 119
2019-09-05_00:36:36.717[Battery Energy]75.35
2019-09-05_00:36:36.883[Status]Routing 141: Walk: 119
2019-09-05_00:36:36.992[Battery Energy]75.22
2019-09-05_00:36:37.203[Status]Routing 142: Walk: 119
2019-09-05_00:36:37.303[Battery Energy]75.09
2019-09-05_00:36:37.492[Status]Routing 143: Walk: 119
2019-09-05_00:36:37.592[Battery Energy]74.99
2019-09-05_00:36:37.787[Status]Routing 144: Walk: 119
2019-09-05_00:36:37.900[Battery Energy]74.86
2019-09-05_00:36:38.078[Status]Routing 145: Walk: 119
2019-09-05_00:36:38.179[Battery Energy]74.73
2019-09-05_00:36:38.410[Status]Routing 146: Walk: 119
2019-09-05_00:36:38.511[Battery Energy]74.55
2019-09-05_00:36:38.724[Status]Routing 147: Walk: 119
2019-09-05_00:36:38.828[Battery Energy]74.42
2019-09-05_00:36:38.994[Status]Routing 148: Walk: 119
2019-09-05_00:36:39.094[Battery Energy]74.30
2019-09-05_00:36:39.293[Status]Routing 149: Walk: 119
2019-09-05_00:36:39.400[Battery Energy]74.18
2019-09-05_00:36:39.784[Status]Routing 150: Walk: 119
2019-09-05_00:36:39.904[Battery Energy]74.00
2019-09-05_00:36:40.258[Status]Routing 151: Walk: 119
2019-09-05_00:36:40.358[Battery Energy]73.81
2019-09-05_00:36:40.644[Status]Routing 152: Walk: 119
2019-09-05_00:36:40.752[Battery Energy]73.63
2019-09-05_00:36:40.916[Status]Routing 153: Walk: 119
2019-09-05_00:36:41.032[Battery Energy]73.49
2019-09-05_00:36:41.181[Status]Routing 154: Walk: 119
2019-09-05_00:36:41.291[Battery Energy]73.38
2019-09-05_00:36:41.470[Status]Routing 155: Walk: 119
2019-09-05_00:36:41.576[Battery Energy]73.24
2019-09-05_00:36:41.789[Status]Routing 156: Walk: 119
2019-09-05_00:36:41.890[Battery Energy]73.06
2019-09-05_00:36:42.187[Status]Routing 157: Walk: 119
2019-09-05_00:36:42.296[Battery Energy]72.90
2019-09-05_00:36:42.474[Status]Routing 158: Walk: 119
2019-09-05_00:36:42.575[Battery Energy]72.78
2019-09-05_00:36:42.744[Status]Routing 159: Walk: 119
2019-09-05_00:36:42.868[Battery Energy]72.67
2019-09-05_00:36:43.004[Status]Routing 160: Walk: 119
2019-09-05_00:36:43.105[Battery Energy]72.57
2019-09-05_00:36:43.273[Status]Routing 161: Walk: 119
2019-09-05_00:36:43.374[Battery Energy]72.45
2019-09-05_00:36:43.648[Status]Routing 162: Walk: 119
2019-09-05_00:36:43.748[Battery Energy]72.29
2019-09-05_00:36:44.007[Status]Routing 163: Walk: 119
2019-09-05_00:36:44.116[Battery Energy]72.13
2019-09-05_00:36:44.307[Status]Routing 164: Walk: 119
2019-09-05_00:36:44.410[Battery Energy]72.01
2019-09-05_00:36:44.647[Status]Routing 165: Walk: 119
2019-09-05_00:36:44.748[Battery Energy]71.80
2019-09-05_00:36:45.017[Status]Routing 166: Walk: 119
2019-09-05_00:36:45.118[Battery Energy]71.56
2019-09-05_00:36:45.308[Status]Routing 167: Walk: 119
2019-09-05_00:36:45.424[Battery Energy]71.45
2019-09-05_00:36:45.605[Status]Routing 168: Walk: 119
2019-09-05_00:36:45.708[Battery Energy]71.33
2019-09-05_00:36:45.931[Status]Routing 169: Walk: 119
2019-09-05_00:36:46.036[Battery Energy]71.18
2019-09-05_00:36:46.180[Status]Routing 170: Walk: 119
2019-09-05_00:36:46.281[Battery Energy]71.06
2019-09-05_00:36:46.466[Status]Routing 171: Walk: 119
2019-09-05_00:36:46.583[Battery Energy]70.92
2019-09-05_00:36:46.869[Status]Routing 172: Walk: 119
2019-09-05_00:36:46.970[Battery Energy]70.74
2019-09-05_00:36:47.138[Status]Routing 173: Walk: 119
2019-09-05_00:36:47.256[Battery Energy]70.62
