2019-09-05_10:37:02.496[Status]Start.
2019-09-05_10:37:02.503[Battery Energy]100.00
2019-09-05_10:37:03.608[Battery Energy]99.96
2019-09-05_10:37:04.709[Battery Energy]99.92
2019-09-05_10:37:05.810[Battery Energy]99.88
2019-09-05_10:37:06.911[Battery Energy]99.84
2019-09-05_10:37:08.012[Task]A New Task Released.
2019-09-05_10:37:08.012[Battery Energy]99.80
2019-09-05_10:37:08.012[Status]Selection Start.
2019-09-05_10:37:10.329[Status]Selection End: Do Task 1.
2019-09-05_10:37:10.437[Battery Energy]98.04
2019-09-05_10:37:10.437[Status]Formation Start.
2019-09-05_10:37:10.616[Status]Formation End: To Position 5.
2019-09-05_10:37:10.722[Battery Energy]97.91
2019-09-05_10:37:10.722[Status]Routing Start.
2019-09-05_10:37:11.025[Status]{'id': 9, 'coordinate': [67.97910084440012, 530.6461782550449]}
2019-09-05_10:37:11.025[Status]Routing 1: Walk: 1
2019-09-05_10:37:11.133[Battery Energy]97.60
2019-09-05_10:37:11.133[Status]Routing Start.
2019-09-05_10:37:11.285[Status]{'id': 9, 'coordinate': [77.95820168880024, 531.2923565100898]}
2019-09-05_10:37:11.285[Status]Routing 2: Walk: 2
2019-09-05_10:37:11.389[Battery Energy]97.41
2019-09-05_10:37:11.389[Status]Routing Start.
2019-09-05_10:37:11.547[Status]{'id': 9, 'coordinate': [87.93730253320037, 531.9385347651347]}
2019-09-05_10:37:11.547[Status]Routing 3: Walk: 3
2019-09-05_10:37:11.653[Battery Energy]97.19
2019-09-05_10:37:11.653[Status]Routing Start.
2019-09-05_10:37:11.809[Status]{'id': 9, 'coordinate': [97.91640337760049, 532.5847130201796]}
2019-09-05_10:37:11.809[Status]Routing 4: Walk: 4
2019-09-05_10:37:11.916[Battery Energy]97.00
2019-09-05_10:37:11.916[Status]Routing Start.
2019-09-05_10:37:12.066[Status]{'id': 9, 'coordinate': [107.89550422200061, 533.2308912752245]}
2019-09-05_10:37:12.066[Status]Routing 5: Walk: 5
2019-09-05_10:37:12.172[Battery Energy]96.78
2019-09-05_10:37:12.173[Status]Routing Start.
2019-09-05_10:37:12.537[Status]{'id': 9, 'coordinate': [117.87460506640073, 533.8770695302694]}
2019-09-05_10:37:12.540[Status]Routing 6: Walk: 6
2019-09-05_10:37:12.640[Battery Energy]96.44
2019-09-05_10:37:12.640[Status]Routing Start.
2019-09-05_10:37:12.982[Status]{'id': 9, 'coordinate': [127.85370591080085, 534.5232477853143]}
2019-09-05_10:37:12.993[Status]Routing 7: Walk: 7
2019-09-05_10:37:13.107[Battery Energy]96.14
2019-09-05_10:37:13.107[Status]Routing Start.
2019-09-05_10:37:13.398[Status]{'id': 9, 'coordinate': [137.83280675520098, 535.1694260403592]}
2019-09-05_10:37:13.399[Status]Routing 8: Walk: 8
2019-09-05_10:37:13.501[Battery Energy]95.86
2019-09-05_10:37:13.501[Status]Routing Start.
2019-09-05_10:37:13.864[Status]{'id': 9, 'coordinate': [147.81190759960108, 535.815604295404]}
2019-09-05_10:37:13.864[Status]Routing 9: Walk: 9
2019-09-05_10:37:13.969[Battery Energy]95.53
2019-09-05_10:37:13.969[Status]Routing Start.
2019-09-05_10:37:14.282[Status]{'id': 9, 'coordinate': [157.7910084440012, 536.4617825504488]}
2019-09-05_10:37:14.282[Status]Routing 10: Walk: 10
2019-09-05_10:37:14.389[Battery Energy]95.20
2019-09-05_10:37:14.389[Status]Routing Start.
2019-09-05_10:37:14.774[Status]{'id': 9, 'coordinate': [167.77010928840133, 537.1079608054937]}
2019-09-05_10:37:14.776[Status]Routing 11: Walk: 11
2019-09-05_10:37:14.877[Battery Energy]94.84
2019-09-05_10:37:14.877[Status]Routing Start.
2019-09-05_10:37:15.233[Status]{'id': 9, 'coordinate': [177.74921013280144, 537.7541390605385]}
2019-09-05_10:37:15.233[Status]Routing 12: Walk: 12
2019-09-05_10:37:15.337[Battery Energy]94.54
2019-09-05_10:37:15.337[Status]Routing Start.
2019-09-05_10:37:15.671[Status]{'id': 9, 'coordinate': [187.72831097720155, 538.4003173155834]}
2019-09-05_10:37:15.671[Status]Routing 13: Walk: 13
2019-09-05_10:37:15.771[Battery Energy]94.24
2019-09-05_10:37:15.771[Status]Routing Start.
2019-09-05_10:37:16.072[Status]{'id': 9, 'coordinate': [197.70741182160165, 539.0464955706282]}
2019-09-05_10:37:16.072[Status]Routing 14: Walk: 14
2019-09-05_10:37:16.179[Battery Energy]93.92
2019-09-05_10:37:16.179[Status]Routing Start.
2019-09-05_10:37:16.662[Status]Routing 15: Walk: 14
2019-09-05_10:37:16.768[Battery Energy]93.55
2019-09-05_10:37:16.768[Status]Routing Start.
2019-09-05_10:37:16.964[Status]{'id': 9, 'coordinate': [207.68651266600176, 539.6926738256731]}
2019-09-05_10:37:16.964[Status]Routing 16: Walk: 15
2019-09-05_10:37:17.081[Battery Energy]93.29
2019-09-05_10:37:17.081[Status]Routing Start.
2019-09-05_10:37:17.205[Status]{'id': 9, 'coordinate': [217.66561351040187, 540.3388520807179]}
2019-09-05_10:37:17.205[Status]Routing 17: Walk: 16
2019-09-05_10:37:17.323[Battery Energy]93.08
2019-09-05_10:37:17.323[Status]Routing Start.
2019-09-05_10:37:17.705[Status]Routing 18: Walk: 16
2019-09-05_10:37:17.815[Battery Energy]92.74
2019-09-05_10:37:17.815[Status]Routing Start.
2019-09-05_10:37:17.966[Status]{'id': 9, 'coordinate': [227.64471435480198, 540.9850303357628]}
2019-09-05_10:37:17.966[Status]Routing 19: Walk: 17
2019-09-05_10:37:18.073[Battery Energy]92.53
2019-09-05_10:37:18.073[Status]Routing Start.
2019-09-05_10:37:18.407[Status]{'id': 9, 'coordinate': [237.62381519920208, 541.6312085908075]}
2019-09-05_10:37:18.407[Status]Routing 20: Walk: 18
2019-09-05_10:37:18.513[Battery Energy]92.26
2019-09-05_10:37:18.513[Status]Routing Start.
2019-09-05_10:37:19.137[Status]Routing 21: Walk: 18
2019-09-05_10:37:19.237[Battery Energy]91.82
2019-09-05_10:37:19.237[Status]Routing Start.
2019-09-05_10:37:19.607[Status]Routing 22: Walk: 18
2019-09-05_10:37:19.707[Battery Energy]91.51
2019-09-05_10:37:19.707[Status]Routing Start.
2019-09-05_10:37:19.877[Status]{'id': 9, 'coordinate': [247.6029160436022, 542.2773868458524]}
2019-09-05_10:37:19.877[Status]Routing 23: Walk: 19
2019-09-05_10:37:19.977[Battery Energy]91.28
2019-09-05_10:37:19.977[Status]Routing Start.
2019-09-05_10:37:20.431[Status]Routing 24: Walk: 19
2019-09-05_10:37:20.531[Battery Energy]90.94
2019-09-05_10:37:20.531[Status]Routing Start.
2019-09-05_10:37:20.920[Status]Routing 25: Walk: 19
2019-09-05_10:37:21.021[Battery Energy]90.60
2019-09-05_10:37:21.021[Status]Routing Start.
2019-09-05_10:37:21.366[Status]Routing 26: Walk: 19
2019-09-05_10:37:21.468[Battery Energy]90.29
2019-09-05_10:37:21.468[Status]Routing Start.
2019-09-05_10:37:21.757[Status]{'id': 9, 'coordinate': [257.58201688800233, 542.9235651008972]}
2019-09-05_10:37:21.758[Status]Routing 27: Walk: 20
2019-09-05_10:37:21.858[Battery Energy]89.95
2019-09-05_10:37:21.858[Status]Routing Start.
2019-09-05_10:37:22.052[Status]{'id': 9, 'coordinate': [267.56111773240247, 543.5697433559421]}
2019-09-05_10:37:22.052[Status]Routing 28: Walk: 21
2019-09-05_10:37:22.152[Battery Energy]89.71
2019-09-05_10:37:22.152[Status]Routing Start.
2019-09-05_10:37:22.627[Status]{'id': 9, 'coordinate': [277.5402185768026, 544.2159216109869]}
2019-09-05_10:37:22.630[Status]Routing 29: Walk: 22
2019-09-05_10:37:22.731[Battery Energy]89.21
2019-09-05_10:37:22.731[Status]Routing Start.
2019-09-05_10:37:22.869[Status]{'id': 9, 'coordinate': [287.51931942120274, 544.8620998660318]}
2019-09-05_10:37:22.869[Status]Routing 30: Walk: 23
2019-09-05_10:37:22.977[Battery Energy]89.01
2019-09-05_10:37:22.977[Status]Routing Start.
2019-09-05_10:37:23.347[Status]{'id': 9, 'coordinate': [297.4984202656029, 545.5082781210766]}
2019-09-05_10:37:23.347[Status]Routing 31: Walk: 24
2019-09-05_10:37:23.447[Battery Energy]88.65
2019-09-05_10:37:23.448[Status]Routing Start.
2019-09-05_10:37:23.835[Status]{'id': 9, 'coordinate': [307.477521110003, 546.1544563761215]}
2019-09-05_10:37:23.835[Status]Routing 32: Walk: 25
2019-09-05_10:37:23.937[Battery Energy]88.31
2019-09-05_10:37:23.937[Status]Routing Start.
2019-09-05_10:37:24.310[Status]{'id': 9, 'coordinate': [317.45662195440315, 546.8006346311663]}
2019-09-05_10:37:24.310[Status]Routing 33: Walk: 26
2019-09-05_10:37:24.417[Battery Energy]88.00
2019-09-05_10:37:24.417[Status]Routing Start.
2019-09-05_10:37:24.627[Status]{'id': 9, 'coordinate': [327.4357227988033, 547.4468128862112]}
2019-09-05_10:37:24.627[Status]Routing 34: Walk: 27
2019-09-05_10:37:24.727[Battery Energy]87.79
2019-09-05_10:37:24.727[Status]Routing Start.
2019-09-05_10:37:25.173[Status]{'id': 9, 'coordinate': [337.4148236432034, 548.092991141256]}
2019-09-05_10:37:25.173[Status]Routing 35: Walk: 28
2019-09-05_10:37:25.289[Battery Energy]87.41
2019-09-05_10:37:25.289[Status]Routing Start.
2019-09-05_10:37:25.618[Status]{'id': 9, 'coordinate': [347.39392448760356, 548.7391693963009]}
2019-09-05_10:37:25.618[Status]Routing 36: Walk: 29
2019-09-05_10:37:25.737[Battery Energy]87.18
2019-09-05_10:37:25.737[Status]Routing Start.
2019-09-05_10:37:26.021[Status]{'id': 9, 'coordinate': [357.3730253320037, 549.3853476513457]}
2019-09-05_10:37:26.021[Status]Routing 37: Walk: 30
2019-09-05_10:37:26.129[Battery Energy]86.91
2019-09-05_10:37:26.129[Status]Routing Start.
2019-09-05_10:37:26.526[Status]{'id': 9, 'coordinate': [367.35212617640383, 550.0315259063906]}
2019-09-05_10:37:26.526[Status]Routing 38: Walk: 31
2019-09-05_10:37:26.633[Battery Energy]86.61
2019-09-05_10:37:26.633[Status]Routing Start.
2019-09-05_10:37:26.847[Status]{'id': 9, 'coordinate': [377.33122702080396, 550.6777041614354]}
2019-09-05_10:37:26.847[Status]Routing 39: Walk: 32
2019-09-05_10:37:26.957[Battery Energy]86.36
2019-09-05_10:37:26.957[Status]Routing Start.
2019-09-05_10:37:27.277[Status]{'id': 9, 'coordinate': [387.3103278652041, 551.3238824164803]}
2019-09-05_10:37:27.277[Status]Routing 40: Walk: 33
2019-09-05_10:37:27.385[Battery Energy]86.06
2019-09-05_10:37:27.385[Status]Routing Start.
2019-09-05_10:37:27.692[Status]{'id': 9, 'coordinate': [397.28942870960424, 551.9700606715251]}
2019-09-05_10:37:27.692[Status]Routing 41: Walk: 34
2019-09-05_10:37:27.793[Battery Energy]85.78
2019-09-05_10:37:27.793[Status]Routing Start.
2019-09-05_10:37:28.226[Status]{'id': 9, 'coordinate': [407.2685295540044, 552.61623892657]}
2019-09-05_10:37:28.226[Status]Routing 42: Walk: 35
2019-09-05_10:37:28.341[Battery Energy]85.42
2019-09-05_10:37:28.341[Status]Routing Start.
2019-09-05_10:37:28.729[Status]{'id': 9, 'coordinate': [417.2476303984045, 553.2624171816148]}
2019-09-05_10:37:28.729[Status]Routing 43: Walk: 36
2019-09-05_10:37:28.849[Battery Energy]85.03
2019-09-05_10:37:28.849[Status]Routing Start.
2019-09-05_10:37:29.144[Status]{'id': 9, 'coordinate': [427.22673124280465, 553.9085954366597]}
2019-09-05_10:37:29.144[Status]Routing 44: Walk: 37
2019-09-05_10:37:29.244[Battery Energy]84.77
2019-09-05_10:37:29.244[Status]Routing Start.
2019-09-05_10:37:29.583[Status]{'id': 9, 'coordinate': [437.2058320872048, 554.5547736917044]}
2019-09-05_10:37:29.583[Status]Routing 45: Walk: 38
2019-09-05_10:37:29.683[Battery Energy]84.45
2019-09-05_10:37:29.683[Status]Routing Start.
2019-09-05_10:37:30.019[Status]{'id': 9, 'coordinate': [447.1849329316049, 555.2009519467493]}
2019-09-05_10:37:30.019[Status]Routing 46: Walk: 39
2019-09-05_10:37:30.137[Battery Energy]84.09
2019-09-05_10:37:30.137[Status]Routing Start.
2019-09-05_10:37:30.477[Status]{'id': 9, 'coordinate': [457.16403377600506, 555.8471302017941]}
2019-09-05_10:37:30.477[Status]Routing 47: Walk: 40
2019-09-05_10:37:30.578[Battery Energy]83.80
2019-09-05_10:37:30.578[Status]Routing Start.
2019-09-05_10:37:30.890[Status]{'id': 9, 'coordinate': [467.1431346204052, 556.493308456839]}
2019-09-05_10:37:30.890[Status]Routing 48: Walk: 41
2019-09-05_10:37:30.992[Battery Energy]83.49
2019-09-05_10:37:30.992[Status]Routing Start.
2019-09-05_10:37:31.335[Status]{'id': 9, 'coordinate': [477.1222354648053, 557.1394867118838]}
2019-09-05_10:37:31.335[Status]Routing 49: Walk: 42
2019-09-05_10:37:31.435[Battery Energy]83.17
2019-09-05_10:37:31.435[Status]Routing Start.
2019-09-05_10:37:31.827[Status]{'id': 9, 'coordinate': [487.10133630920546, 557.7856649669287]}
2019-09-05_10:37:31.827[Status]Routing 50: Walk: 43
2019-09-05_10:37:31.929[Battery Energy]82.84
2019-09-05_10:37:31.929[Status]Routing Start.
2019-09-05_10:37:32.284[Status]{'id': 9, 'coordinate': [497.0804371536056, 558.4318432219736]}
2019-09-05_10:37:32.284[Status]Routing 51: Walk: 44
2019-09-05_10:37:32.384[Battery Energy]82.48
2019-09-05_10:37:32.384[Status]Routing Start.
2019-09-05_10:37:32.894[Status]Routing 52: Walk: 44
2019-09-05_10:37:32.994[Battery Energy]82.08
2019-09-05_10:37:32.995[Status]Routing Start.
2019-09-05_10:37:33.434[Status]Routing 53: Walk: 44
2019-09-05_10:37:33.534[Battery Energy]81.71
2019-09-05_10:37:33.534[Status]Routing Start.
2019-09-05_10:37:33.709[Status]{'id': 9, 'coordinate': [507.05953799800574, 559.0780214770184]}
2019-09-05_10:37:33.709[Status]Routing 54: Walk: 45
2019-09-05_10:37:33.811[Battery Energy]81.48
2019-09-05_10:37:33.811[Status]Routing Start.
2019-09-05_10:37:34.143[Status]{'id': 9, 'coordinate': [517.0386388424058, 559.7241997320632]}
2019-09-05_10:37:34.144[Status]Routing 55: Walk: 46
2019-09-05_10:37:34.248[Battery Energy]81.15
2019-09-05_10:37:34.248[Status]Routing Start.
2019-09-05_10:37:34.650[Status]{'id': 9, 'coordinate': [527.017739686806, 560.3703779871081]}
2019-09-05_10:37:34.650[Status]Routing 56: Walk: 47
2019-09-05_10:37:34.757[Battery Energy]80.83
2019-09-05_10:37:34.757[Status]Routing Start.
2019-09-05_10:37:35.289[Status]{'id': 9, 'coordinate': [536.9968405312061, 561.016556242153]}
2019-09-05_10:37:35.289[Status]Routing 57: Walk: 48
2019-09-05_10:37:35.389[Battery Energy]80.41
2019-09-05_10:37:35.389[Status]Routing Start.
2019-09-05_10:37:35.742[Status]{'id': 9, 'coordinate': [546.9759413756062, 561.6627344971978]}
2019-09-05_10:37:35.742[Status]Routing 58: Walk: 49
2019-09-05_10:37:35.843[Battery Energy]80.06
2019-09-05_10:37:35.843[Status]Routing Start.
2019-09-05_10:37:36.181[Status]{'id': 9, 'coordinate': [556.9550422200064, 562.3089127522427]}
2019-09-05_10:37:36.181[Status]Routing 59: Walk: 50
2019-09-05_10:37:36.281[Battery Energy]79.74
2019-09-05_10:37:36.281[Status]Routing Start.
2019-09-05_10:37:36.601[Status]{'id': 9, 'coordinate': [566.9341430644065, 562.9550910072875]}
2019-09-05_10:37:36.601[Status]Routing 60: Walk: 51
2019-09-05_10:37:36.701[Battery Energy]79.43
2019-09-05_10:37:36.701[Status]Routing Start.
2019-09-05_10:37:37.081[Status]{'id': 9, 'coordinate': [576.9132439088066, 563.6012692623324]}
2019-09-05_10:37:37.088[Status]Routing 61: Walk: 52
2019-09-05_10:37:37.188[Battery Energy]79.11
2019-09-05_10:37:37.188[Status]Routing Start.
2019-09-05_10:37:37.529[Status]{'id': 9, 'coordinate': [586.8923447532068, 564.2474475173772]}
2019-09-05_10:37:37.530[Status]Routing 62: Walk: 53
2019-09-05_10:37:37.633[Battery Energy]78.85
2019-09-05_10:37:37.633[Status]Routing Start.
2019-09-05_10:37:38.032[Status]{'id': 9, 'coordinate': [596.8714455976069, 564.8936257724221]}
2019-09-05_10:37:38.032[Status]Routing 63: Walk: 54
2019-09-05_10:37:38.132[Battery Energy]78.52
2019-09-05_10:37:38.132[Status]Routing Start.
2019-09-05_10:37:38.482[Status]{'id': 9, 'coordinate': [606.850546442007, 565.5398040274669]}
2019-09-05_10:37:38.482[Status]Routing 64: Walk: 55
2019-09-05_10:37:38.650[Battery Energy]78.18
2019-09-05_10:37:38.652[Status]Routing Start.
2019-09-05_10:37:39.012[Status]{'id': 9, 'coordinate': [616.8296472864072, 566.1859822825118]}
2019-09-05_10:37:39.015[Status]Routing 65: Walk: 56
2019-09-05_10:37:39.116[Battery Energy]77.85
2019-09-05_10:37:39.116[Status]Routing Start.
2019-09-05_10:37:39.517[Status]{'id': 9, 'coordinate': [626.8087481308073, 566.8321605375565]}
2019-09-05_10:37:39.517[Status]Routing 66: Walk: 57
2019-09-05_10:37:39.621[Battery Energy]77.55
2019-09-05_10:37:39.621[Status]Routing Start.
2019-09-05_10:37:39.991[Status]{'id': 9, 'coordinate': [636.7878489752075, 567.4783387926014]}
2019-09-05_10:37:39.993[Status]Routing 67: Walk: 58
2019-09-05_10:37:40.097[Battery Energy]77.17
2019-09-05_10:37:40.097[Status]Routing Start.
2019-09-05_10:37:40.420[Status]{'id': 9, 'coordinate': [646.7669498196076, 568.1245170476462]}
2019-09-05_10:37:40.420[Status]Routing 68: Walk: 59
2019-09-05_10:37:40.533[Battery Energy]76.91
2019-09-05_10:37:40.533[Status]Routing Start.
2019-09-05_10:37:40.905[Status]{'id': 9, 'coordinate': [656.7460506640077, 568.7706953026911]}
2019-09-05_10:37:40.905[Status]Routing 69: Walk: 60
2019-09-05_10:37:41.041[Battery Energy]76.61
2019-09-05_10:37:41.041[Status]Routing Start.
2019-09-05_10:37:41.346[Status]{'id': 9, 'coordinate': [666.7251515084079, 569.4168735577359]}
2019-09-05_10:37:41.346[Status]Routing 70: Walk: 61
2019-09-05_10:37:41.453[Battery Energy]76.30
2019-09-05_10:37:41.453[Status]Routing Start.
2019-09-05_10:37:41.772[Status]{'id': 9, 'coordinate': [676.704252352808, 570.0630518127808]}
2019-09-05_10:37:41.772[Status]Routing 71: Walk: 62
2019-09-05_10:37:41.885[Battery Energy]76.03
2019-09-05_10:37:41.885[Status]Routing Start.
2019-09-05_10:37:42.194[Status]{'id': 9, 'coordinate': [686.6833531972081, 570.7092300678256]}
2019-09-05_10:37:42.194[Status]Routing 72: Walk: 63
2019-09-05_10:37:42.294[Battery Energy]75.72
2019-09-05_10:37:42.294[Status]Routing Start.
2019-09-05_10:37:42.634[Status]{'id': 9, 'coordinate': [696.6624540416083, 571.3554083228705]}
2019-09-05_10:37:42.634[Status]Routing 73: Walk: 64
2019-09-05_10:37:42.757[Battery Energy]75.36
2019-09-05_10:37:42.757[Status]Routing Start.
2019-09-05_10:37:42.984[Status]{'id': 9, 'coordinate': [706.6415548860084, 572.0015865779153]}
2019-09-05_10:37:42.984[Status]Routing 74: Walk: 65
2019-09-05_10:37:43.084[Battery Energy]75.13
2019-09-05_10:37:43.084[Status]Routing Start.
2019-09-05_10:37:43.394[Status]{'id': 9, 'coordinate': [716.6206557304085, 572.6477648329602]}
2019-09-05_10:37:43.394[Status]Routing 75: Walk: 66
2019-09-05_10:37:43.527[Battery Energy]74.79
2019-09-05_10:37:43.532[Status]Routing Start.
2019-09-05_10:37:43.707[Status]{'id': 9, 'coordinate': [726.5997565748087, 573.293943088005]}
2019-09-05_10:37:43.707[Status]Routing 76: Walk: 67
2019-09-05_10:37:43.813[Battery Energy]74.57
2019-09-05_10:37:43.813[Status]Routing Start.
2019-09-05_10:37:44.100[Status]{'id': 9, 'coordinate': [736.5788574192088, 573.9401213430499]}
2019-09-05_10:37:44.101[Status]Routing 77: Walk: 68
2019-09-05_10:37:44.213[Battery Energy]74.31
2019-09-05_10:37:44.213[Status]Routing Start.
2019-09-05_10:37:44.483[Status]{'id': 9, 'coordinate': [746.557958263609, 574.5862995980947]}
2019-09-05_10:37:44.484[Status]Routing 78: Walk: 69
2019-09-05_10:37:44.589[Battery Energy]74.10
2019-09-05_10:37:44.589[Status]Routing Start.
2019-09-05_10:37:44.761[Status]{'id': 9, 'coordinate': [756.5370591080091, 575.2324778531396]}
2019-09-05_10:37:44.761[Status]Routing 79: Walk: 70
2019-09-05_10:37:44.861[Battery Energy]73.87
2019-09-05_10:37:44.861[Status]Routing Start.
2019-09-05_10:37:45.033[Status]{'id': 9, 'coordinate': [766.5161599524092, 575.8786561081844]}
2019-09-05_10:37:45.033[Status]Routing 80: Walk: 71
2019-09-05_10:37:45.137[Battery Energy]73.65
2019-09-05_10:37:45.137[Status]Routing Start.
2019-09-05_10:37:45.344[Status]{'id': 9, 'coordinate': [776.4952607968094, 576.5248343632293]}
2019-09-05_10:37:45.344[Status]Routing 81: Walk: 72
2019-09-05_10:37:45.444[Battery Energy]73.45
2019-09-05_10:37:45.444[Status]Routing Start.
2019-09-05_10:37:45.827[Status]Routing 82: Walk: 72
2019-09-05_10:37:45.927[Battery Energy]73.15
2019-09-05_10:37:45.928[Status]Routing Start.
2019-09-05_10:37:46.358[Status]Routing 83: Walk: 72
2019-09-05_10:37:46.459[Battery Energy]72.80
2019-09-05_10:37:46.459[Status]Routing Start.
2019-09-05_10:37:46.919[Status]Routing 84: Walk: 72
2019-09-05_10:37:47.020[Battery Energy]72.45
2019-09-05_10:37:47.020[Status]Routing Start.
2019-09-05_10:37:47.391[Status]Routing 85: Walk: 72
2019-09-05_10:37:47.493[Battery Energy]72.07
2019-09-05_10:37:47.493[Status]Routing Start.
2019-09-05_10:37:47.642[Status]{'id': 9, 'coordinate': [786.4743616412095, 577.1710126182741]}
2019-09-05_10:37:47.642[Status]Routing 86: Walk: 73
2019-09-05_10:37:47.742[Battery Energy]71.85
2019-09-05_10:37:47.742[Status]Routing Start.
2019-09-05_10:37:47.927[Status]{'id': 9, 'coordinate': [796.4534624856096, 577.817190873319]}
2019-09-05_10:37:47.927[Status]Routing 87: Walk: 74
2019-09-05_10:37:48.033[Battery Energy]71.63
2019-09-05_10:37:48.033[Status]Routing Start.
2019-09-05_10:37:48.232[Status]{'id': 9, 'coordinate': [806.4325633300098, 578.4633691283638]}
2019-09-05_10:37:48.232[Status]Routing 88: Walk: 75
2019-09-05_10:37:48.332[Battery Energy]71.39
2019-09-05_10:37:48.332[Status]Routing Start.
2019-09-05_10:37:48.699[Status]{'id': 9, 'coordinate': [816.4116641744099, 579.1095473834087]}
2019-09-05_10:37:48.699[Status]Routing 89: Walk: 76
2019-09-05_10:37:48.799[Battery Energy]71.05
2019-09-05_10:37:48.799[Status]Routing Start.
2019-09-05_10:37:49.043[Status]{'id': 9, 'coordinate': [826.39076501881, 579.7557256384534]}
2019-09-05_10:37:49.044[Status]Routing 90: Walk: 77
2019-09-05_10:37:49.145[Battery Energy]70.79
2019-09-05_10:37:49.145[Status]Routing Start.
2019-09-05_10:37:49.354[Status]{'id': 9, 'coordinate': [836.3698658632102, 580.4019038934983]}
2019-09-05_10:37:49.354[Status]Routing 91: Walk: 78
2019-09-05_10:37:49.454[Battery Energy]70.53
2019-09-05_10:37:49.454[Status]Routing Start.
2019-09-05_10:37:49.688[Status]{'id': 9, 'coordinate': [846.3489667076103, 581.0480821485431]}
2019-09-05_10:37:49.688[Status]Routing 92: Walk: 79
2019-09-05_10:37:49.788[Battery Energy]70.30
2019-09-05_10:37:49.789[Status]Routing Start.
2019-09-05_10:37:50.006[Status]{'id': 9, 'coordinate': [856.3280675520105, 581.694260403588]}
2019-09-05_10:37:50.006[Status]Routing 93: Walk: 80
2019-09-05_10:37:50.106[Battery Energy]70.01
2019-09-05_10:37:50.106[Status]Routing Start.
2019-09-05_10:37:50.262[Status]{'id': 9, 'coordinate': [866.3071683964106, 582.3404386586328]}
2019-09-05_10:37:50.264[Status]Routing 94: Walk: 81
2019-09-05_10:37:50.381[Battery Energy]69.77
2019-09-05_10:37:50.381[Status]Routing Start.
2019-09-05_10:37:50.611[Status]{'id': 9, 'coordinate': [876.2862692408107, 582.9866169136777]}
2019-09-05_10:37:50.612[Status]Routing 95: Walk: 82
2019-09-05_10:37:50.725[Battery Energy]69.54
2019-09-05_10:37:50.725[Status]Routing Start.
2019-09-05_10:37:50.906[Status]{'id': 9, 'coordinate': [886.2653700852109, 583.6327951687225]}
2019-09-05_10:37:50.906[Status]Routing 96: Walk: 83
2019-09-05_10:37:51.012[Battery Energy]69.34
2019-09-05_10:37:51.012[Status]Routing Start.
2019-09-05_10:37:51.217[Status]{'id': 9, 'coordinate': [896.244470929611, 584.2789734237674]}
2019-09-05_10:37:51.217[Status]Routing 97: Walk: 84
2019-09-05_10:37:51.325[Battery Energy]69.08
2019-09-05_10:37:51.325[Status]Routing Start.
2019-09-05_10:37:51.586[Status]{'id': 9, 'coordinate': [906.2235717740111, 584.9251516788122]}
2019-09-05_10:37:51.586[Status]Routing 98: Walk: 85
2019-09-05_10:37:51.686[Battery Energy]68.80
2019-09-05_10:37:51.686[Status]Routing Start.
2019-09-05_10:37:52.064[Status]{'id': 9, 'coordinate': [908.527962293999, 594.6560192830595]}
2019-09-05_10:37:52.064[Status]Routing 99: Walk: 86
2019-09-05_10:37:52.164[Battery Energy]68.43
2019-09-05_10:37:52.164[Status]Routing Start.
2019-09-05_10:37:52.328[Status]{'id': 9, 'coordinate': [918.5237126792819, 594.9475226880475]}
2019-09-05_10:37:52.328[Status]Routing 100: Walk: 87
2019-09-05_10:37:52.441[Battery Energy]68.23
2019-09-05_10:37:52.441[Status]Routing Start.
2019-09-05_10:37:52.813[Status]{'id': 9, 'coordinate': [928.5194630645647, 595.2390260930354]}
2019-09-05_10:37:52.813[Status]Routing 101: Walk: 88
2019-09-05_10:37:52.913[Battery Energy]67.91
2019-09-05_10:37:52.913[Status]Routing Start.
2019-09-05_10:37:53.125[Status]{'id': 9, 'coordinate': [938.5152134498475, 595.5305294980233]}
2019-09-05_10:37:53.125[Status]Routing 102: Walk: 89
2019-09-05_10:37:53.225[Battery Energy]67.69
2019-09-05_10:37:53.225[Status]Routing Start.
2019-09-05_10:37:53.433[Status]{'id': 9, 'coordinate': [948.5109638351303, 595.8220329030112]}
2019-09-05_10:37:53.435[Status]Routing 103: Walk: 90
2019-09-05_10:37:53.541[Battery Energy]67.48
2019-09-05_10:37:53.541[Status]Routing Start.
2019-09-05_10:37:53.948[Status]{'id': 9, 'coordinate': [958.5067142204131, 596.1135363079991]}
2019-09-05_10:37:53.950[Status]Routing 104: Walk: 91
2019-09-05_10:37:54.050[Battery Energy]67.15
2019-09-05_10:37:54.050[Status]Routing Start.
2019-09-05_10:37:54.422[Status]{'id': 9, 'coordinate': [968.5024646056959, 596.405039712987]}
2019-09-05_10:37:54.422[Status]Routing 105: Walk: 92
2019-09-05_10:37:54.529[Battery Energy]66.81
2019-09-05_10:37:54.529[Status]Routing Start.
2019-09-05_10:37:55.071[Status]{'id': 9, 'coordinate': [972.1086406485297, 605.7321772346542]}
2019-09-05_10:37:55.071[Status]Routing 106: Walk: 93
2019-09-05_10:37:55.171[Battery Energy]66.28
2019-09-05_10:37:55.171[Status]Routing Start.
2019-09-05_10:37:55.307[Status]{'id': 9, 'coordinate': [982.1074111479008, 605.5753700253026]}
2019-09-05_10:37:55.308[Status]Routing 107: Walk: 94
2019-09-05_10:37:55.408[Battery Energy]66.07
2019-09-05_10:37:55.408[Status]Routing Start.
2019-09-05_10:37:55.760[Status]{'id': 9, 'coordinate': [992.106181647272, 605.4185628159511]}
2019-09-05_10:37:55.760[Status]Routing 108: Walk: 95
2019-09-05_10:37:55.861[Battery Energy]65.77
2019-09-05_10:37:55.861[Status]Routing Start.
2019-09-05_10:37:56.209[Status]{'id': 9, 'coordinate': [1002.1049521466432, 605.2617556065995]}
2019-09-05_10:37:56.209[Status]Routing 109: Walk: 96
2019-09-05_10:37:56.309[Battery Energy]65.43
2019-09-05_10:37:56.309[Status]Routing Start.
2019-09-05_10:37:56.825[Status]{'id': 9, 'coordinate': [1012.1037226460144, 605.1049483972481]}
2019-09-05_10:37:56.825[Status]Routing 110: Walk: 97
2019-09-05_10:37:56.933[Battery Energy]65.04
2019-09-05_10:37:56.933[Status]Routing Start.
2019-09-05_10:37:57.287[Status]{'id': 9, 'coordinate': [1022.1024931453856, 604.9481411878966]}
2019-09-05_10:37:57.287[Status]Routing 111: Walk: 98
2019-09-05_10:37:57.397[Battery Energy]64.74
2019-09-05_10:37:57.397[Status]Routing Start.
2019-09-05_10:37:57.789[Status]{'id': 9, 'coordinate': [1026.7097882437972, 613.823547199801]}
2019-09-05_10:37:57.789[Status]Routing 112: Walk: 99
2019-09-05_10:37:57.890[Battery Energy]64.38
2019-09-05_10:37:57.890[Status]Routing Start.
2019-09-05_10:37:58.082[Status]{'id': 9, 'coordinate': [1036.6818380413945, 613.0764040848346]}
2019-09-05_10:37:58.082[Status]Routing 113: Walk: 100
2019-09-05_10:37:58.185[Battery Energy]64.17
2019-09-05_10:37:58.185[Status]Routing Start.
2019-09-05_10:37:58.534[Status]{'id': 9, 'coordinate': [1046.6538878389917, 612.3292609698682]}
2019-09-05_10:37:58.534[Status]Routing 114: Walk: 101
2019-09-05_10:37:58.645[Battery Energy]63.89
2019-09-05_10:37:58.645[Status]Routing Start.
2019-09-05_10:37:59.010[Status]{'id': 9, 'coordinate': [1056.625937636589, 611.5821178549018]}
2019-09-05_10:37:59.010[Status]Routing 115: Walk: 102
2019-09-05_10:37:59.125[Battery Energy]63.54
2019-09-05_10:37:59.125[Status]Routing Start.
2019-09-05_10:37:59.655[Status]{'id': 9, 'coordinate': [1063.3536863538598, 618.9805904808742]}
2019-09-05_10:37:59.655[Status]Routing 116: Walk: 103
2019-09-05_10:37:59.756[Battery Energy]63.03
2019-09-05_10:37:59.756[Status]Routing Start.
2019-09-05_10:37:59.965[Status]{'id': 9, 'coordinate': [1073.2515839240255, 617.5552401062273]}
2019-09-05_10:37:59.965[Status]Routing 117: Walk: 104
2019-09-05_10:38:00.065[Battery Energy]62.73
2019-09-05_10:38:00.065[Status]Routing Start.
2019-09-05_10:38:00.510[Status]{'id': 9, 'coordinate': [1083.1494814941911, 616.1298897315804]}
2019-09-05_10:38:00.510[Status]Routing 118: Walk: 105
2019-09-05_10:38:00.627[Battery Energy]62.38
2019-09-05_10:38:00.627[Status]Routing Start.
2019-09-05_10:38:01.191[Status]{'id': 9, 'coordinate': [1093.0473790643568, 614.7045393569335]}
2019-09-05_10:38:01.191[Status]Routing 119: Walk: 106
2019-09-05_10:38:01.293[Battery Energy]61.84
2019-09-05_10:38:01.293[Status]Routing Start.
2019-09-05_10:38:01.670[Status]Routing 120: Walk: 106
2019-09-05_10:38:01.775[Battery Energy]61.51
2019-09-05_10:38:01.775[Status]Routing Start.
2019-09-05_10:38:02.207[Status]Routing 121: Walk: 106
2019-09-05_10:38:02.320[Battery Energy]61.16
2019-09-05_10:38:02.320[Status]Routing Start.
2019-09-05_10:38:02.650[Status]{'id': 9, 'coordinate': [1102.9452766345225, 613.2791889822867]}
2019-09-05_10:38:02.651[Status]Routing 122: Walk: 107
2019-09-05_10:38:02.751[Battery Energy]60.77
2019-09-05_10:38:02.751[Status]Routing Start.
2019-09-05_10:38:03.256[Status]Routing 123: Walk: 107
2019-09-05_10:38:03.356[Battery Energy]60.29
2019-09-05_10:38:03.356[Status]Routing Start.
2019-09-05_10:38:03.664[Status]Routing 124: Walk: 107
2019-09-05_10:38:03.764[Battery Energy]59.95
2019-09-05_10:38:03.764[Status]Routing Start.
2019-09-05_10:38:04.052[Status]{'id': 9, 'coordinate': [1112.8431742046882, 611.8538386076398]}
2019-09-05_10:38:04.052[Status]Routing 125: Walk: 108
2019-09-05_10:38:04.152[Battery Energy]59.61
2019-09-05_10:38:04.152[Status]Routing Start.
2019-09-05_10:38:04.480[Status]Routing 126: Walk: 108
2019-09-05_10:38:04.580[Battery Energy]59.32
2019-09-05_10:38:04.580[Status]Routing Start.
2019-09-05_10:38:04.933[Status]{'id': 9, 'coordinate': [1122.741071774854, 610.4284882329929]}
2019-09-05_10:38:04.933[Status]Routing 127: Walk: 109
2019-09-05_10:38:05.034[Battery Energy]58.98
2019-09-05_10:38:05.034[Status]Routing Start.
2019-09-05_10:38:05.390[Status]{'id': 9, 'coordinate': [1132.6389693450196, 609.0031378583459]}
2019-09-05_10:38:05.394[Status]Routing 128: Walk: 110
2019-09-05_10:38:05.494[Battery Energy]58.63
2019-09-05_10:38:05.494[Status]Routing Start.
2019-09-05_10:38:05.816[Status]{'id': 9, 'coordinate': [1142.5368669151853, 607.577787483699]}
2019-09-05_10:38:05.816[Status]Routing 129: Walk: 111
2019-09-05_10:38:05.917[Battery Energy]58.26
2019-09-05_10:38:05.917[Status]Routing Start.
2019-09-05_10:38:06.228[Status]{'id': 9, 'coordinate': [1152.434764485351, 606.152437109052]}
2019-09-05_10:38:06.228[Status]Routing 130: Walk: 112
2019-09-05_10:38:06.328[Battery Energy]57.86
2019-09-05_10:38:06.328[Status]Routing Start.
2019-09-05_10:38:06.480[Status]{'id': 9, 'coordinate': [1162.3326620555167, 604.7270867344051]}
2019-09-05_10:38:06.480[Status]Routing 131: Walk: 113
2019-09-05_10:38:06.589[Battery Energy]57.66
2019-09-05_10:38:06.589[Status]Routing Start.
2019-09-05_10:38:06.781[Status]{'id': 9, 'coordinate': [1172.2305596256824, 603.3017363597583]}
2019-09-05_10:38:06.781[Status]Routing 132: Walk: 114
2019-09-05_10:38:06.881[Battery Energy]57.46
2019-09-05_10:38:06.881[Status]Routing Start.
2019-09-05_10:38:06.881[Status]Task Finished.
2019-09-05_10:38:06.981[Battery Energy]57.46
2019-09-05_10:38:07.366[Status]Routing 134: Walk: 114
2019-09-05_10:38:07.473[Battery Energy]57.19
2019-09-05_10:38:07.890[Status]Routing 135: Walk: 114
2019-09-05_10:38:08.005[Battery Energy]56.84
2019-09-05_10:38:08.373[Status]Routing 136: Walk: 114
2019-09-05_10:38:08.474[Battery Energy]56.56
2019-09-05_10:38:08.677[Status]Routing 137: Walk: 114
2019-09-05_10:38:08.778[Battery Energy]56.41
2019-09-05_10:38:08.937[Status]Routing 138: Walk: 114
2019-09-05_10:38:09.065[Battery Energy]56.31
2019-09-05_10:38:09.269[Status]Routing 139: Walk: 114
2019-09-05_10:38:09.370[Battery Energy]56.21
2019-09-05_10:38:09.569[Status]Routing 140: Walk: 114
2019-09-05_10:38:09.669[Battery Energy]56.08
2019-09-05_10:38:09.864[Status]Routing 141: Walk: 114
2019-09-05_10:38:09.964[Battery Energy]55.98
2019-09-05_10:38:10.225[Status]Routing 142: Walk: 114
2019-09-05_10:38:10.337[Battery Energy]55.84
2019-09-05_10:38:10.526[Status]Routing 143: Walk: 114
2019-09-05_10:38:10.641[Battery Energy]55.70
2019-09-05_10:38:10.838[Status]Routing 144: Walk: 114
2019-09-05_10:38:10.938[Battery Energy]55.56
2019-09-05_10:38:11.161[Status]Routing 145: Walk: 114
2019-09-05_10:38:11.298[Battery Energy]55.42
2019-09-05_10:38:11.504[Status]Routing 146: Walk: 114
2019-09-05_10:38:11.613[Battery Energy]55.31
2019-09-05_10:38:11.828[Status]Routing 147: Walk: 114
2019-09-05_10:38:11.929[Battery Energy]55.19
2019-09-05_10:38:12.173[Status]Routing 148: Walk: 114
2019-09-05_10:38:12.274[Battery Energy]55.03
2019-09-05_10:38:12.505[Status]Routing 149: Walk: 114
2019-09-05_10:38:12.617[Battery Energy]54.91
2019-09-05_10:38:12.983[Status]Routing 150: Walk: 114
2019-09-05_10:38:13.101[Battery Energy]54.70
2019-09-05_10:38:13.296[Status]Routing 151: Walk: 114
2019-09-05_10:38:13.405[Battery Energy]54.56
2019-09-05_10:38:13.617[Status]Routing 152: Walk: 114
2019-09-05_10:38:13.718[Battery Energy]54.42
2019-09-05_10:38:13.912[Status]Routing 153: Walk: 114
2019-09-05_10:38:14.017[Battery Energy]54.31
2019-09-05_10:38:14.166[Status]Routing 154: Walk: 114
2019-09-05_10:38:14.277[Battery Energy]54.19
2019-09-05_10:38:14.530[Status]Routing 155: Walk: 114
2019-09-05_10:38:14.644[Battery Energy]54.00
2019-09-05_10:38:14.839[Status]Routing 156: Walk: 114
2019-09-05_10:38:14.957[Battery Energy]53.86
2019-09-05_10:38:15.188[Status]Routing 157: Walk: 114
2019-09-05_10:38:15.301[Battery Energy]53.71
2019-09-05_10:38:15.528[Status]Routing 158: Walk: 114
2019-09-05_10:38:15.637[Battery Energy]53.56
2019-09-05_10:38:15.844[Status]Routing 159: Walk: 114
2019-09-05_10:38:15.973[Battery Energy]53.45
2019-09-05_10:38:16.180[Status]Routing 160: Walk: 114
2019-09-05_10:38:16.281[Battery Energy]53.31
2019-09-05_10:38:16.542[Status]Routing 161: Walk: 114
2019-09-05_10:38:16.644[Battery Energy]53.11
2019-09-05_10:38:16.811[Status]Routing 162: Walk: 114
2019-09-05_10:38:16.991[Battery Energy]52.99
2019-09-05_10:38:17.134[Status]Routing 163: Walk: 114
2019-09-05_10:38:17.241[Battery Energy]52.89
2019-09-05_10:38:17.492[Status]Routing 164: Walk: 114
2019-09-05_10:38:17.592[Battery Energy]52.76
2019-09-05_10:38:17.814[Status]Routing 165: Walk: 114
2019-09-05_10:38:17.921[Battery Energy]52.61
2019-09-05_10:38:18.113[Status]Routing 166: Walk: 114
2019-09-05_10:38:18.221[Battery Energy]52.44
2019-09-05_10:38:18.459[Status]Routing 167: Walk: 114
2019-09-05_10:38:18.560[Battery Energy]52.27
2019-09-05_10:38:18.758[Status]Routing 168: Walk: 114
2019-09-05_10:38:18.859[Battery Energy]52.17
2019-09-05_10:38:19.073[Status]Routing 169: Walk: 114
2019-09-05_10:38:19.193[Battery Energy]52.04
