2019-09-05_10:37:04.057[Status]Start.
2019-09-05_10:37:04.058[Battery Energy]100.00
2019-09-05_10:37:05.159[Battery Energy]99.96
2019-09-05_10:37:06.261[Battery Energy]99.92
2019-09-05_10:37:07.362[Battery Energy]99.88
2019-09-05_10:37:08.463[Battery Energy]99.84
2019-09-05_10:37:09.563[Task]A New Task Released.
2019-09-05_10:37:09.564[Battery Energy]99.80
2019-09-05_10:37:09.564[Status]Selection Start.
2019-09-05_10:37:10.328[Status]Selection End: Do Task 2.
2019-09-05_10:37:10.441[Battery Energy]99.27
2019-09-05_10:37:10.441[Status]Formation Start.
2019-09-05_10:37:10.600[Status]Formation End: To Position 1.
2019-09-05_10:37:10.700[Battery Energy]99.12
2019-09-05_10:37:10.700[Status]Routing Start.
2019-09-05_10:37:11.014[Status]{'id': 18, 'coordinate': [63.42010183530854, 605.6441571234016]}
2019-09-05_10:37:11.014[Status]Routing 1: Walk: 1
2019-09-05_10:37:11.117[Battery Energy]98.82
2019-09-05_10:37:11.117[Status]Routing Start.
2019-09-05_10:37:11.279[Status]{'id': 18, 'coordinate': [72.84020367061709, 602.2883142468031]}
2019-09-05_10:37:11.279[Status]Routing 2: Walk: 2
2019-09-05_10:37:11.379[Battery Energy]98.61
2019-09-05_10:37:11.379[Status]Routing Start.
2019-09-05_10:37:11.549[Status]{'id': 18, 'coordinate': [82.26030550592563, 598.9324713702047]}
2019-09-05_10:37:11.549[Status]Routing 3: Walk: 3
2019-09-05_10:37:11.661[Battery Energy]98.41
2019-09-05_10:37:11.661[Status]Routing Start.
2019-09-05_10:37:11.808[Status]{'id': 18, 'coordinate': [91.68040734123417, 595.5766284936062]}
2019-09-05_10:37:11.808[Status]Routing 4: Walk: 4
2019-09-05_10:37:11.937[Battery Energy]98.17
2019-09-05_10:37:11.939[Status]Routing Start.
2019-09-05_10:37:12.073[Status]{'id': 18, 'coordinate': [101.10050917654272, 592.2207856170078]}
2019-09-05_10:37:12.073[Status]Routing 5: Walk: 5
2019-09-05_10:37:12.173[Battery Energy]97.97
2019-09-05_10:37:12.173[Status]Routing Start.
2019-09-05_10:37:12.528[Status]{'id': 18, 'coordinate': [110.52061101185126, 588.8649427404093]}
2019-09-05_10:37:12.529[Status]Routing 6: Walk: 6
2019-09-05_10:37:12.629[Battery Energy]97.59
2019-09-05_10:37:12.629[Status]Routing Start.
2019-09-05_10:37:12.992[Status]{'id': 18, 'coordinate': [119.9407128471598, 585.5090998638109]}
2019-09-05_10:37:12.993[Status]Routing 7: Walk: 7
2019-09-05_10:37:13.093[Battery Energy]97.29
2019-09-05_10:37:13.093[Status]Routing Start.
2019-09-05_10:37:13.399[Status]{'id': 18, 'coordinate': [129.36081468246834, 582.1532569872124]}
2019-09-05_10:37:13.401[Status]Routing 8: Walk: 8
2019-09-05_10:37:13.505[Battery Energy]97.00
2019-09-05_10:37:13.505[Status]Routing Start.
2019-09-05_10:37:13.871[Status]{'id': 18, 'coordinate': [138.7809165177769, 578.797414110614]}
2019-09-05_10:37:13.871[Status]Routing 9: Walk: 9
2019-09-05_10:37:13.972[Battery Energy]96.66
2019-09-05_10:37:13.972[Status]Routing Start.
2019-09-05_10:37:14.280[Status]{'id': 18, 'coordinate': [148.20101835308543, 575.4415712340156]}
2019-09-05_10:37:14.280[Status]Routing 10: Walk: 10
2019-09-05_10:37:14.380[Battery Energy]96.33
2019-09-05_10:37:14.380[Status]Routing Start.
2019-09-05_10:37:14.775[Status]{'id': 18, 'coordinate': [157.62112018839397, 572.0857283574171]}
2019-09-05_10:37:14.776[Status]Routing 11: Walk: 11
2019-09-05_10:37:14.876[Battery Energy]95.97
2019-09-05_10:37:14.876[Status]Routing Start.
2019-09-05_10:37:15.227[Status]{'id': 18, 'coordinate': [167.04122202370252, 568.7298854808187]}
2019-09-05_10:37:15.227[Status]Routing 12: Walk: 12
2019-09-05_10:37:15.329[Battery Energy]95.65
2019-09-05_10:37:15.329[Status]Routing Start.
2019-09-05_10:37:15.664[Status]{'id': 18, 'coordinate': [176.46132385901106, 565.3740426042202]}
2019-09-05_10:37:15.664[Status]Routing 13: Walk: 13
2019-09-05_10:37:15.766[Battery Energy]95.34
2019-09-05_10:37:15.766[Status]Routing Start.
2019-09-05_10:37:16.078[Status]{'id': 18, 'coordinate': [185.8814256943196, 562.0181997276218]}
2019-09-05_10:37:16.078[Status]Routing 14: Walk: 14
2019-09-05_10:37:16.193[Battery Energy]95.01
2019-09-05_10:37:16.193[Status]Routing Start.
2019-09-05_10:37:16.688[Status]{'id': 18, 'coordinate': [190.56995271208226, 570.8509634176403]}
2019-09-05_10:37:16.704[Status]Routing 15: Walk: 15
2019-09-05_10:37:16.809[Battery Energy]94.53
2019-09-05_10:37:16.809[Status]Routing Start.
2019-09-05_10:37:16.960[Status]{'id': 18, 'coordinate': [199.95600365972555, 567.4010289822858]}
2019-09-05_10:37:16.960[Status]Routing 16: Walk: 16
2019-09-05_10:37:17.073[Battery Energy]94.35
2019-09-05_10:37:17.073[Status]Routing Start.
2019-09-05_10:37:17.204[Status]{'id': 18, 'coordinate': [209.34205460736885, 563.9510945469312]}
2019-09-05_10:37:17.204[Status]Routing 17: Walk: 17
2019-09-05_10:37:17.318[Battery Energy]94.15
2019-09-05_10:37:17.319[Status]Routing Start.
2019-09-05_10:37:17.737[Status]{'id': 18, 'coordinate': [214.88261448748017, 572.2758886113452]}
2019-09-05_10:37:17.737[Status]Routing 18: Walk: 18
2019-09-05_10:37:17.837[Battery Energy]93.71
2019-09-05_10:37:17.837[Status]Routing Start.
2019-09-05_10:37:18.150[Status]{'id': 18, 'coordinate': [224.2334762417574, 568.7316842644718]}
2019-09-05_10:37:18.152[Status]Routing 19: Walk: 19
2019-09-05_10:37:18.252[Battery Energy]93.35
2019-09-05_10:37:18.252[Status]Routing Start.
2019-09-05_10:37:18.592[Status]{'id': 18, 'coordinate': [233.5843379960346, 565.1874799175985]}
2019-09-05_10:37:18.592[Status]Routing 20: Walk: 20
2019-09-05_10:37:18.693[Battery Energy]92.96
2019-09-05_10:37:18.693[Status]Routing Start.
2019-09-05_10:37:19.117[Status]{'id': 18, 'coordinate': [242.93519975031182, 561.6432755707251]}
2019-09-05_10:37:19.119[Status]Routing 21: Walk: 21
2019-09-05_10:37:19.229[Battery Energy]92.57
2019-09-05_10:37:19.229[Status]Routing Start.
2019-09-05_10:37:19.599[Status]{'id': 18, 'coordinate': [251.20720953909841, 567.2623372409881]}
2019-09-05_10:37:19.599[Status]Routing 22: Walk: 22
2019-09-05_10:37:19.699[Battery Energy]92.15
2019-09-05_10:37:19.699[Status]Routing Start.
2019-09-05_10:37:20.006[Status]{'id': 18, 'coordinate': [260.52653933634804, 563.6360316650479]}
2019-09-05_10:37:20.007[Status]Routing 23: Walk: 23
2019-09-05_10:37:20.107[Battery Energy]91.77
2019-09-05_10:37:20.107[Status]Routing Start.
2019-09-05_10:37:20.451[Status]{'id': 18, 'coordinate': [269.84586913359766, 560.0097260891076]}
2019-09-05_10:37:20.459[Status]Routing 24: Walk: 24
2019-09-05_10:37:20.559[Battery Energy]91.34
2019-09-05_10:37:20.559[Status]Routing Start.
2019-09-05_10:37:20.903[Status]{'id': 18, 'coordinate': [279.1651989308473, 556.3834205131674]}
2019-09-05_10:37:20.906[Status]Routing 25: Walk: 25
2019-09-05_10:37:21.013[Battery Energy]90.95
2019-09-05_10:37:21.014[Status]Routing Start.
2019-09-05_10:37:21.343[Status]{'id': 18, 'coordinate': [288.4845287280969, 552.7571149372271]}
2019-09-05_10:37:21.343[Status]Routing 26: Walk: 26
2019-09-05_10:37:21.443[Battery Energy]90.63
2019-09-05_10:37:21.443[Status]Routing Start.
2019-09-05_10:37:21.607[Status]{'id': 18, 'coordinate': [297.8038585253465, 549.1308093612869]}
2019-09-05_10:37:21.609[Status]Routing 27: Walk: 27
2019-09-05_10:37:21.709[Battery Energy]90.42
2019-09-05_10:37:21.709[Status]Routing Start.
2019-09-05_10:37:22.050[Status]{'id': 18, 'coordinate': [307.12318832259615, 545.5045037853466]}
2019-09-05_10:37:22.050[Status]Routing 28: Walk: 28
2019-09-05_10:37:22.161[Battery Energy]90.06
2019-09-05_10:37:22.161[Status]Routing Start.
2019-09-05_10:37:22.477[Status]{'id': 18, 'coordinate': [316.4425181198458, 541.8781982094064]}
2019-09-05_10:37:22.478[Status]Routing 29: Walk: 29
2019-09-05_10:37:22.578[Battery Energy]89.72
2019-09-05_10:37:22.578[Status]Routing Start.
2019-09-05_10:37:22.866[Status]{'id': 18, 'coordinate': [325.7618479170954, 538.2518926334661]}
2019-09-05_10:37:22.866[Status]Routing 30: Walk: 30
2019-09-05_10:37:22.969[Battery Energy]89.44
2019-09-05_10:37:22.969[Status]Routing Start.
2019-09-05_10:37:23.352[Status]{'id': 18, 'coordinate': [335.081177714345, 534.6255870575259]}
2019-09-05_10:37:23.352[Status]Routing 31: Walk: 31
2019-09-05_10:37:23.453[Battery Energy]89.08
2019-09-05_10:37:23.453[Status]Routing Start.
2019-09-05_10:37:23.846[Status]{'id': 18, 'coordinate': [344.40050751159464, 530.9992814815856]}
2019-09-05_10:37:23.846[Status]Routing 32: Walk: 32
2019-09-05_10:37:23.947[Battery Energy]88.72
2019-09-05_10:37:23.947[Status]Routing Start.
2019-09-05_10:37:24.306[Status]{'id': 18, 'coordinate': [353.71983730884426, 527.3729759056454]}
2019-09-05_10:37:24.309[Status]Routing 33: Walk: 33
2019-09-05_10:37:24.413[Battery Energy]88.40
2019-09-05_10:37:24.413[Status]Routing Start.
2019-09-05_10:37:24.640[Status]{'id': 18, 'coordinate': [363.0391671060939, 523.7466703297051]}
2019-09-05_10:37:24.640[Status]Routing 34: Walk: 34
2019-09-05_10:37:24.753[Battery Energy]88.19
2019-09-05_10:37:24.753[Status]Routing Start.
2019-09-05_10:37:25.169[Status]{'id': 18, 'coordinate': [372.3584969033435, 520.1203647537649]}
2019-09-05_10:37:25.169[Status]Routing 35: Walk: 35
2019-09-05_10:37:25.269[Battery Energy]87.84
2019-09-05_10:37:25.269[Status]Routing Start.
2019-09-05_10:37:25.617[Status]{'id': 18, 'coordinate': [381.67782670059313, 516.4940591778246]}
2019-09-05_10:37:25.617[Status]Routing 36: Walk: 36
2019-09-05_10:37:25.717[Battery Energy]87.54
2019-09-05_10:37:25.717[Status]Routing Start.
2019-09-05_10:37:26.031[Status]{'id': 18, 'coordinate': [390.99715649784275, 512.8677536018844]}
2019-09-05_10:37:26.032[Status]Routing 37: Walk: 37
2019-09-05_10:37:26.132[Battery Energy]87.29
2019-09-05_10:37:26.132[Status]Routing Start.
2019-09-05_10:37:26.536[Status]{'id': 18, 'coordinate': [400.3164862950924, 509.2414480259442]}
2019-09-05_10:37:26.537[Status]Routing 38: Walk: 38
2019-09-05_10:37:26.670[Battery Energy]86.96
2019-09-05_10:37:26.670[Status]Routing Start.
2019-09-05_10:37:26.846[Status]{'id': 18, 'coordinate': [409.635816092342, 505.615142450004]}
2019-09-05_10:37:26.846[Status]Routing 39: Walk: 39
2019-09-05_10:37:26.946[Battery Energy]86.74
2019-09-05_10:37:26.946[Status]Routing Start.
2019-09-05_10:37:27.271[Status]{'id': 18, 'coordinate': [418.9551458895916, 501.9888368740638]}
2019-09-05_10:37:27.271[Status]Routing 40: Walk: 40
2019-09-05_10:37:27.371[Battery Energy]86.43
2019-09-05_10:37:27.371[Status]Routing Start.
2019-09-05_10:37:27.855[Status]{'id': 18, 'coordinate': [428.27447568684124, 498.3625312981236]}
2019-09-05_10:37:27.857[Status]Routing 41: Walk: 41
2019-09-05_10:37:27.959[Battery Energy]85.95
2019-09-05_10:37:27.959[Status]Routing Start.
2019-09-05_10:37:28.436[Status]{'id': 18, 'coordinate': [437.59380548409086, 494.7362257221834]}
2019-09-05_10:37:28.436[Status]Routing 42: Walk: 42
2019-09-05_10:37:28.537[Battery Energy]85.48
2019-09-05_10:37:28.537[Status]Routing Start.
2019-09-05_10:37:28.723[Status]{'id': 18, 'coordinate': [446.9131352813405, 491.1099201462432]}
2019-09-05_10:37:28.723[Status]Routing 43: Walk: 43
2019-09-05_10:37:28.823[Battery Energy]85.25
2019-09-05_10:37:28.823[Status]Routing Start.
2019-09-05_10:37:29.145[Status]{'id': 18, 'coordinate': [456.2324650785901, 487.483614570303]}
2019-09-05_10:37:29.145[Status]Routing 44: Walk: 44
2019-09-05_10:37:29.253[Battery Energy]84.97
2019-09-05_10:37:29.253[Status]Routing Start.
2019-09-05_10:37:29.592[Status]{'id': 18, 'coordinate': [465.55179487583973, 483.8573089943628]}
2019-09-05_10:37:29.592[Status]Routing 45: Walk: 45
2019-09-05_10:37:29.709[Battery Energy]84.68
2019-09-05_10:37:29.709[Status]Routing Start.
2019-09-05_10:37:30.161[Status]{'id': 18, 'coordinate': [469.3556746050806, 493.1055790491066]}
2019-09-05_10:37:30.161[Status]Routing 46: Walk: 46
2019-09-05_10:37:30.261[Battery Energy]84.24
2019-09-05_10:37:30.261[Status]Routing Start.
2019-09-05_10:37:30.636[Status]{'id': 18, 'coordinate': [478.62231047223077, 489.3466616909241]}
2019-09-05_10:37:30.636[Status]Routing 47: Walk: 47
2019-09-05_10:37:30.736[Battery Energy]83.87
2019-09-05_10:37:30.736[Status]Routing Start.
2019-09-05_10:37:31.085[Status]{'id': 18, 'coordinate': [483.1309293582122, 498.2725989381252]}
2019-09-05_10:37:31.085[Status]Routing 48: Walk: 48
2019-09-05_10:37:31.187[Battery Energy]83.49
2019-09-05_10:37:31.187[Status]Routing Start.
2019-09-05_10:37:31.344[Status]{'id': 18, 'coordinate': [492.34229993002333, 494.3802150684674]}
2019-09-05_10:37:31.344[Status]Routing 49: Walk: 49
2019-09-05_10:37:31.453[Battery Energy]83.30
2019-09-05_10:37:31.453[Status]Routing Start.
2019-09-05_10:37:32.002[Status]{'id': 18, 'coordinate': [497.5730594076046, 502.90307581399725]}
2019-09-05_10:37:32.002[Status]Routing 50: Walk: 50
2019-09-05_10:37:32.105[Battery Energy]82.81
2019-09-05_10:37:32.105[Status]Routing Start.
2019-09-05_10:37:32.431[Status]{'id': 18, 'coordinate': [506.7267337733362, 498.87688088501676]}
2019-09-05_10:37:32.434[Status]Routing 51: Walk: 51
2019-09-05_10:37:32.537[Battery Energy]82.43
2019-09-05_10:37:32.537[Status]Routing Start.
2019-09-05_10:37:32.908[Status]{'id': 18, 'coordinate': [512.7621538450902, 506.850192904339]}
2019-09-05_10:37:32.908[Status]Routing 52: Walk: 52
2019-09-05_10:37:33.008[Battery Energy]82.05
2019-09-05_10:37:33.008[Status]Routing Start.
2019-09-05_10:37:33.283[Status]{'id': 18, 'coordinate': [521.856062432237, 502.6907666688327]}
2019-09-05_10:37:33.283[Status]Routing 53: Walk: 53
2019-09-05_10:37:33.393[Battery Energy]81.80
2019-09-05_10:37:33.393[Status]Routing Start.
2019-09-05_10:37:33.858[Status]{'id': 18, 'coordinate': [530.9499710193837, 498.53134043332636]}
2019-09-05_10:37:33.858[Status]Routing 54: Walk: 54
2019-09-05_10:37:33.958[Battery Energy]81.36
2019-09-05_10:37:33.958[Status]Routing Start.
2019-09-05_10:37:34.354[Status]{'id': 18, 'coordinate': [540.0438796065305, 494.37191419782005]}
2019-09-05_10:37:34.354[Status]Routing 55: Walk: 55
2019-09-05_10:37:34.454[Battery Energy]80.96
2019-09-05_10:37:34.454[Status]Routing Start.
2019-09-05_10:37:34.872[Status]{'id': 18, 'coordinate': [549.1377881936772, 490.21248796231373]}
2019-09-05_10:37:34.872[Status]Routing 56: Walk: 56
2019-09-05_10:37:34.977[Battery Energy]80.57
2019-09-05_10:37:34.977[Status]Routing Start.
2019-09-05_10:37:35.472[Status]{'id': 18, 'coordinate': [558.231696780824, 486.0530617268074]}
2019-09-05_10:37:35.472[Status]Routing 57: Walk: 57
2019-09-05_10:37:35.573[Battery Energy]80.13
2019-09-05_10:37:35.573[Status]Routing Start.
2019-09-05_10:37:35.738[Status]{'id': 18, 'coordinate': [567.3256053679708, 481.8936354913011]}
2019-09-05_10:37:35.738[Status]Routing 58: Walk: 58
2019-09-05_10:37:35.838[Battery Energy]79.91
2019-09-05_10:37:35.839[Status]Routing Start.
2019-09-05_10:37:36.344[Status]Routing 59: Walk: 58
2019-09-05_10:37:36.445[Battery Energy]79.50
2019-09-05_10:37:36.445[Status]Routing Start.
2019-09-05_10:37:36.745[Status]Routing 60: Walk: 58
2019-09-05_10:37:36.849[Battery Energy]79.17
2019-09-05_10:37:36.849[Status]Routing Start.
2019-09-05_10:37:37.215[Status]Routing 61: Walk: 58
2019-09-05_10:37:37.316[Battery Energy]78.85
2019-09-05_10:37:37.316[Status]Routing Start.
2019-09-05_10:37:37.530[Status]{'id': 18, 'coordinate': [576.4195139551175, 477.7342092557948]}
2019-09-05_10:37:37.530[Status]Routing 62: Walk: 59
2019-09-05_10:37:37.637[Battery Energy]78.63
2019-09-05_10:37:37.637[Status]Routing Start.
2019-09-05_10:37:38.222[Status]Routing 63: Walk: 59
2019-09-05_10:37:38.323[Battery Energy]78.20
2019-09-05_10:37:38.323[Status]Routing Start.
2019-09-05_10:37:38.489[Status]{'id': 18, 'coordinate': [585.5134225422643, 473.57478302028846]}
2019-09-05_10:37:38.489[Status]Routing 64: Walk: 60
2019-09-05_10:37:38.593[Battery Energy]78.01
2019-09-05_10:37:38.593[Status]Routing Start.
2019-09-05_10:37:39.023[Status]{'id': 18, 'coordinate': [594.607331129411, 469.41535678478215]}
2019-09-05_10:37:39.024[Status]Routing 65: Walk: 61
2019-09-05_10:37:39.124[Battery Energy]77.66
2019-09-05_10:37:39.124[Status]Routing Start.
2019-09-05_10:37:39.522[Status]{'id': 18, 'coordinate': [603.7012397165578, 465.25593054927583]}
2019-09-05_10:37:39.522[Status]Routing 66: Walk: 62
2019-09-05_10:37:39.624[Battery Energy]77.36
2019-09-05_10:37:39.624[Status]Routing Start.
2019-09-05_10:37:39.989[Status]{'id': 18, 'coordinate': [612.7951483037045, 461.0965043137695]}
2019-09-05_10:37:39.989[Status]Routing 67: Walk: 63
2019-09-05_10:37:40.089[Battery Energy]77.02
2019-09-05_10:37:40.089[Status]Routing Start.
2019-09-05_10:37:40.415[Status]{'id': 18, 'coordinate': [621.8890568908513, 456.9370780782632]}
2019-09-05_10:37:40.416[Status]Routing 68: Walk: 64
2019-09-05_10:37:40.517[Battery Energy]76.75
2019-09-05_10:37:40.517[Status]Routing Start.
2019-09-05_10:37:40.900[Status]{'id': 18, 'coordinate': [630.982965477998, 452.7776518427569]}
2019-09-05_10:37:40.900[Status]Routing 69: Walk: 65
2019-09-05_10:37:41.000[Battery Energy]76.46
2019-09-05_10:37:41.000[Status]Routing Start.
2019-09-05_10:37:41.347[Status]{'id': 18, 'coordinate': [640.0768740651448, 448.61822560725057]}
2019-09-05_10:37:41.347[Status]Routing 70: Walk: 66
2019-09-05_10:37:41.448[Battery Energy]76.15
2019-09-05_10:37:41.448[Status]Routing Start.
2019-09-05_10:37:41.772[Status]{'id': 18, 'coordinate': [649.1707826522916, 444.45879937174425]}
2019-09-05_10:37:41.772[Status]Routing 71: Walk: 67
2019-09-05_10:37:41.881[Battery Energy]75.85
2019-09-05_10:37:41.881[Status]Routing Start.
2019-09-05_10:37:42.191[Status]{'id': 18, 'coordinate': [658.2646912394383, 440.29937313623793]}
2019-09-05_10:37:42.191[Status]Routing 72: Walk: 68
2019-09-05_10:37:42.294[Battery Energy]75.52
2019-09-05_10:37:42.294[Status]Routing Start.
2019-09-05_10:37:42.633[Status]{'id': 18, 'coordinate': [667.3585998265851, 436.1399469007316]}
2019-09-05_10:37:42.634[Status]Routing 73: Walk: 69
2019-09-05_10:37:42.743[Battery Energy]75.19
2019-09-05_10:37:42.743[Status]Routing Start.
2019-09-05_10:37:42.987[Status]{'id': 18, 'coordinate': [676.4525084137318, 431.9805206652253]}
2019-09-05_10:37:42.987[Status]Routing 74: Walk: 70
2019-09-05_10:37:43.157[Battery Energy]74.91
2019-09-05_10:37:43.157[Status]Routing Start.
2019-09-05_10:37:43.387[Status]{'id': 18, 'coordinate': [685.5464170008786, 427.821094429719]}
2019-09-05_10:37:43.387[Status]Routing 75: Walk: 71
2019-09-05_10:37:43.488[Battery Energy]74.69
2019-09-05_10:37:43.488[Status]Routing Start.
2019-09-05_10:37:43.708[Status]{'id': 18, 'coordinate': [694.6403255880253, 423.66166819421267]}
2019-09-05_10:37:43.708[Status]Routing 76: Walk: 72
2019-09-05_10:37:43.812[Battery Energy]74.44
2019-09-05_10:37:43.812[Status]Routing Start.
2019-09-05_10:37:44.101[Status]{'id': 18, 'coordinate': [703.7342341751721, 419.50224195870635]}
2019-09-05_10:37:44.101[Status]Routing 77: Walk: 73
2019-09-05_10:37:44.202[Battery Energy]74.22
2019-09-05_10:37:44.202[Status]Routing Start.
2019-09-05_10:37:44.483[Status]{'id': 18, 'coordinate': [712.8281427623189, 415.34281572320003]}
2019-09-05_10:37:44.483[Status]Routing 78: Walk: 74
2019-09-05_10:37:44.583[Battery Energy]73.90
2019-09-05_10:37:44.583[Status]Routing Start.
2019-09-05_10:37:44.759[Status]{'id': 18, 'coordinate': [721.9220513494656, 411.18338948769366]}
2019-09-05_10:37:44.759[Status]Routing 79: Walk: 75
2019-09-05_10:37:44.859[Battery Energy]73.67
2019-09-05_10:37:44.860[Status]Routing Start.
2019-09-05_10:37:45.038[Status]{'id': 18, 'coordinate': [731.0159599366124, 407.0239632521873]}
2019-09-05_10:37:45.038[Status]Routing 80: Walk: 76
2019-09-05_10:37:45.149[Battery Energy]73.42
2019-09-05_10:37:45.149[Status]Routing Start.
2019-09-05_10:37:45.340[Status]{'id': 18, 'coordinate': [740.1098685237591, 402.86453701668097]}
2019-09-05_10:37:45.340[Status]Routing 81: Walk: 77
2019-09-05_10:37:45.449[Battery Energy]73.21
2019-09-05_10:37:45.449[Status]Routing Start.
2019-09-05_10:37:45.665[Status]{'id': 18, 'coordinate': [749.2037771109059, 398.70511078117465]}
2019-09-05_10:37:45.665[Status]Routing 82: Walk: 78
2019-09-05_10:37:45.773[Battery Energy]72.99
2019-09-05_10:37:45.773[Status]Routing Start.
2019-09-05_10:37:46.148[Status]{'id': 18, 'coordinate': [758.2976856980526, 394.5456845456683]}
2019-09-05_10:37:46.149[Status]Routing 83: Walk: 79
2019-09-05_10:37:46.250[Battery Energy]72.67
2019-09-05_10:37:46.250[Status]Routing Start.
2019-09-05_10:37:46.637[Status]{'id': 18, 'coordinate': [767.3915942851994, 390.3862583101619]}
2019-09-05_10:37:46.637[Status]Routing 84: Walk: 80
2019-09-05_10:37:46.761[Battery Energy]72.30
2019-09-05_10:37:46.761[Status]Routing Start.
2019-09-05_10:37:47.182[Status]{'id': 18, 'coordinate': [776.4855028723462, 386.2268320746556]}
2019-09-05_10:37:47.182[Status]Routing 85: Walk: 81
2019-09-05_10:37:47.282[Battery Energy]71.96
2019-09-05_10:37:47.282[Status]Routing Start.
2019-09-05_10:37:47.636[Status]{'id': 18, 'coordinate': [785.5794114594929, 382.0674058391493]}
2019-09-05_10:37:47.636[Status]Routing 86: Walk: 82
2019-09-05_10:37:47.736[Battery Energy]71.65
2019-09-05_10:37:47.736[Status]Routing Start.
2019-09-05_10:37:47.926[Status]{'id': 18, 'coordinate': [794.6733200466397, 377.9079796036429]}
2019-09-05_10:37:47.926[Status]Routing 87: Walk: 83
2019-09-05_10:37:48.041[Battery Energy]71.42
2019-09-05_10:37:48.041[Status]Routing Start.
2019-09-05_10:37:48.235[Status]{'id': 18, 'coordinate': [803.7672286337864, 373.7485533681365]}
2019-09-05_10:37:48.236[Status]Routing 88: Walk: 84
2019-09-05_10:37:48.336[Battery Energy]71.18
2019-09-05_10:37:48.336[Status]Routing Start.
2019-09-05_10:37:48.699[Status]{'id': 18, 'coordinate': [812.8611372209332, 369.5891271326302]}
2019-09-05_10:37:48.699[Status]Routing 89: Walk: 85
2019-09-05_10:37:48.799[Battery Energy]70.84
2019-09-05_10:37:48.799[Status]Routing Start.
2019-09-05_10:37:49.042[Status]{'id': 18, 'coordinate': [821.95504580808, 365.4297008971239]}
2019-09-05_10:37:49.042[Status]Routing 90: Walk: 86
2019-09-05_10:37:49.170[Battery Energy]70.56
2019-09-05_10:37:49.170[Status]Routing Start.
2019-09-05_10:37:49.359[Status]{'id': 18, 'coordinate': [831.0489543952267, 361.2702746616175]}
2019-09-05_10:37:49.359[Status]Routing 91: Walk: 87
2019-09-05_10:37:49.469[Battery Energy]70.32
2019-09-05_10:37:49.469[Status]Routing Start.
2019-09-05_10:37:49.689[Status]{'id': 18, 'coordinate': [840.1428629823735, 357.11084842611115]}
2019-09-05_10:37:49.689[Status]Routing 92: Walk: 88
2019-09-05_10:37:49.817[Battery Energy]70.06
2019-09-05_10:37:49.817[Status]Routing Start.
2019-09-05_10:37:50.007[Status]{'id': 18, 'coordinate': [849.2367715695202, 352.95142219060483]}
2019-09-05_10:37:50.008[Status]Routing 93: Walk: 89
2019-09-05_10:37:50.117[Battery Energy]69.83
2019-09-05_10:37:50.117[Status]Routing Start.
2019-09-05_10:37:50.264[Status]{'id': 18, 'coordinate': [858.330680156667, 348.7919959550985]}
2019-09-05_10:37:50.264[Status]Routing 94: Walk: 90
2019-09-05_10:37:50.377[Battery Energy]69.61
2019-09-05_10:37:50.377[Status]Routing Start.
2019-09-05_10:37:50.611[Status]{'id': 18, 'coordinate': [867.4245887438137, 344.63256971959214]}
2019-09-05_10:37:50.611[Status]Routing 95: Walk: 91
2019-09-05_10:37:50.713[Battery Energy]69.37
2019-09-05_10:37:50.713[Status]Routing Start.
2019-09-05_10:37:50.905[Status]{'id': 18, 'coordinate': [876.5184973309605, 340.47314348408577]}
2019-09-05_10:37:50.905[Status]Routing 96: Walk: 92
2019-09-05_10:37:51.006[Battery Energy]69.15
2019-09-05_10:37:51.006[Status]Routing Start.
2019-09-05_10:37:51.203[Status]{'id': 18, 'coordinate': [885.6124059181072, 336.31371724857945]}
2019-09-05_10:37:51.203[Status]Routing 97: Walk: 93
2019-09-05_10:37:51.303[Battery Energy]68.91
2019-09-05_10:37:51.304[Status]Routing Start.
2019-09-05_10:37:51.588[Status]{'id': 18, 'coordinate': [894.706314505254, 332.15429101307313]}
2019-09-05_10:37:51.588[Status]Routing 98: Walk: 94
2019-09-05_10:37:51.688[Battery Energy]68.61
2019-09-05_10:37:51.688[Status]Routing Start.
2019-09-05_10:37:51.899[Status]{'id': 18, 'coordinate': [903.8002230924008, 327.99486477756676]}
2019-09-05_10:37:51.899[Status]Routing 99: Walk: 95
2019-09-05_10:37:51.999[Battery Energy]68.38
2019-09-05_10:37:51.999[Status]Routing Start.
2019-09-05_10:37:52.333[Status]{'id': 18, 'coordinate': [912.8941316795475, 323.8354385420604]}
2019-09-05_10:37:52.333[Status]Routing 100: Walk: 96
2019-09-05_10:37:52.453[Battery Energy]68.11
2019-09-05_10:37:52.453[Status]Routing Start.
2019-09-05_10:37:52.819[Status]{'id': 18, 'coordinate': [921.9880402666943, 319.67601230655407]}
2019-09-05_10:37:52.819[Status]Routing 101: Walk: 97
2019-09-05_10:37:52.925[Battery Energy]67.84
2019-09-05_10:37:52.925[Status]Routing Start.
2019-09-05_10:37:53.124[Status]{'id': 18, 'coordinate': [931.081948853841, 315.5165860710477]}
2019-09-05_10:37:53.124[Status]Routing 102: Walk: 98
2019-09-05_10:37:53.233[Battery Energy]67.60
2019-09-05_10:37:53.233[Status]Routing Start.
2019-09-05_10:37:53.435[Status]{'id': 18, 'coordinate': [940.1758574409878, 311.3571598355413]}
2019-09-05_10:37:53.435[Status]Routing 103: Walk: 99
2019-09-05_10:37:53.549[Battery Energy]67.38
2019-09-05_10:37:53.549[Status]Routing Start.
2019-09-05_10:37:53.950[Status]{'id': 18, 'coordinate': [949.2697660281345, 307.197733600035]}
2019-09-05_10:37:53.950[Status]Routing 104: Walk: 100
2019-09-05_10:37:54.057[Battery Energy]67.05
2019-09-05_10:37:54.057[Status]Routing Start.
2019-09-05_10:37:54.423[Status]{'id': 18, 'coordinate': [958.3636746152813, 303.0383073645287]}
2019-09-05_10:37:54.423[Status]Routing 105: Walk: 101
2019-09-05_10:37:54.533[Battery Energy]66.68
2019-09-05_10:37:54.533[Status]Routing Start.
2019-09-05_10:37:54.831[Status]{'id': 18, 'coordinate': [967.457583202428, 298.8788811290223]}
2019-09-05_10:37:54.831[Status]Routing 106: Walk: 102
2019-09-05_10:37:54.941[Battery Energy]66.37
2019-09-05_10:37:54.941[Status]Routing Start.
2019-09-05_10:37:55.308[Status]{'id': 18, 'coordinate': [976.5514917895748, 294.71945489351594]}
2019-09-05_10:37:55.308[Status]Routing 107: Walk: 103
2019-09-05_10:37:55.413[Battery Energy]66.02
2019-09-05_10:37:55.413[Status]Routing Start.
2019-09-05_10:37:55.761[Status]{'id': 18, 'coordinate': [985.6454003767216, 290.5600286580096]}
2019-09-05_10:37:55.761[Status]Routing 108: Walk: 104
2019-09-05_10:37:55.869[Battery Energy]65.69
2019-09-05_10:37:55.869[Status]Routing Start.
2019-09-05_10:37:56.213[Status]{'id': 18, 'coordinate': [994.7393089638683, 286.4006024225033]}
2019-09-05_10:37:56.213[Status]Routing 109: Walk: 105
2019-09-05_10:37:56.317[Battery Energy]65.33
2019-09-05_10:37:56.317[Status]Routing Start.
2019-09-05_10:37:56.828[Status]{'id': 18, 'coordinate': [1003.8332175510151, 282.24117618699694]}
2019-09-05_10:37:56.828[Status]Routing 110: Walk: 106
2019-09-05_10:37:56.936[Battery Energy]64.94
2019-09-05_10:37:56.936[Status]Routing Start.
2019-09-05_10:37:57.286[Status]{'id': 18, 'coordinate': [1012.9271261381618, 278.0817499514906]}
2019-09-05_10:37:57.286[Status]Routing 111: Walk: 107
2019-09-05_10:37:57.387[Battery Energy]64.65
2019-09-05_10:37:57.387[Status]Routing Start.
2019-09-05_10:37:57.638[Status]{'id': 18, 'coordinate': [1022.0210347253086, 273.92232371598425]}
2019-09-05_10:37:57.638[Status]Routing 112: Walk: 108
2019-09-05_10:37:57.752[Battery Energy]64.38
2019-09-05_10:37:57.752[Status]Routing Start.
2019-09-05_10:37:58.254[Status]Routing 113: Walk: 108
2019-09-05_10:37:58.363[Battery Energy]63.92
2019-09-05_10:37:58.363[Status]Routing Start.
2019-09-05_10:37:58.709[Status]Routing 114: Walk: 108
2019-09-05_10:37:58.810[Battery Energy]63.59
2019-09-05_10:37:58.810[Status]Routing Start.
2019-09-05_10:37:59.184[Status]Routing 115: Walk: 108
2019-09-05_10:37:59.285[Battery Energy]63.28
2019-09-05_10:37:59.285[Status]Routing Start.
2019-09-05_10:37:59.678[Status]Routing 116: Walk: 108
2019-09-05_10:37:59.778[Battery Energy]62.98
2019-09-05_10:37:59.779[Status]Routing Start.
2019-09-05_10:38:00.095[Status]Routing 117: Walk: 108
2019-09-05_10:38:00.195[Battery Energy]62.67
2019-09-05_10:38:00.195[Status]Routing Start.
2019-09-05_10:38:00.667[Status]Routing 118: Walk: 108
2019-09-05_10:38:00.767[Battery Energy]62.31
2019-09-05_10:38:00.767[Status]Routing Start.
2019-09-05_10:38:01.048[Status]{'id': 18, 'coordinate': [1031.1149433124554, 269.76289748047793]}
2019-09-05_10:38:01.048[Status]Routing 119: Walk: 109
2019-09-05_10:38:01.151[Battery Energy]62.05
2019-09-05_10:38:01.151[Status]Routing Start.
2019-09-05_10:38:01.645[Status]{'id': 18, 'coordinate': [1035.3391364848048, 278.82690277850577]}
2019-09-05_10:38:01.645[Status]Routing 120: Walk: 110
2019-09-05_10:38:01.746[Battery Energy]61.60
2019-09-05_10:38:01.746[Status]Routing Start.
2019-09-05_10:38:02.017[Status]{'id': 18, 'coordinate': [1043.954151773936, 273.749353018234]}
2019-09-05_10:38:02.018[Status]Routing 121: Walk: 111
2019-09-05_10:38:02.118[Battery Energy]61.29
2019-09-05_10:38:02.118[Status]Routing Start.
2019-09-05_10:38:02.672[Status]{'id': 18, 'coordinate': [1050.9572713538976, 280.88772231021926]}
2019-09-05_10:38:02.672[Status]Routing 122: Walk: 112
2019-09-05_10:38:02.772[Battery Energy]60.77
2019-09-05_10:38:02.772[Status]Routing Start.
2019-09-05_10:38:03.008[Status]{'id': 18, 'coordinate': [1058.9349116929898, 274.85802458810343]}
2019-09-05_10:38:03.008[Status]Routing 123: Walk: 113
2019-09-05_10:38:03.137[Battery Energy]60.53
2019-09-05_10:38:03.137[Status]Routing Start.
2019-09-05_10:38:03.507[Status]{'id': 18, 'coordinate': [1066.912552032082, 268.82832686598766]}
2019-09-05_10:38:03.507[Status]Routing 124: Walk: 114
2019-09-05_10:38:03.617[Battery Energy]60.23
2019-09-05_10:38:03.617[Status]Routing Start.
2019-09-05_10:38:03.916[Status]{'id': 18, 'coordinate': [1074.8901923711742, 262.79862914387184]}
2019-09-05_10:38:03.916[Status]Routing 125: Walk: 115
2019-09-05_10:38:04.021[Battery Energy]59.95
2019-09-05_10:38:04.021[Status]Routing Start.
2019-09-05_10:38:04.323[Status]{'id': 18, 'coordinate': [1082.8678327102664, 256.76893142175606]}
2019-09-05_10:38:04.323[Status]Routing 126: Walk: 116
2019-09-05_10:38:04.425[Battery Energy]59.71
2019-09-05_10:38:04.425[Status]Routing Start.
2019-09-05_10:38:04.743[Status]{'id': 18, 'coordinate': [1090.8454730493586, 250.73923369964027]}
2019-09-05_10:38:04.743[Status]Routing 127: Walk: 117
2019-09-05_10:38:04.845[Battery Energy]59.42
2019-09-05_10:38:04.855[Status]Routing Start.
2019-09-05_10:38:05.201[Status]{'id': 18, 'coordinate': [1098.8231133884508, 244.70953597752447]}
2019-09-05_10:38:05.202[Status]Routing 128: Walk: 118
2019-09-05_10:38:05.321[Battery Energy]59.11
2019-09-05_10:38:05.321[Status]Routing Start.
2019-09-05_10:38:05.690[Status]{'id': 18, 'coordinate': [1106.800753727543, 238.6798382554087]}
2019-09-05_10:38:05.690[Status]Routing 129: Walk: 119
2019-09-05_10:38:05.797[Battery Energy]58.82
2019-09-05_10:38:05.797[Status]Routing Start.
2019-09-05_10:38:06.073[Status]{'id': 18, 'coordinate': [1114.7783940666352, 232.65014053329293]}
2019-09-05_10:38:06.073[Status]Routing 130: Walk: 120
2019-09-05_10:38:06.174[Battery Energy]58.52
2019-09-05_10:38:06.174[Status]Routing Start.
2019-09-05_10:38:06.174[Status]Task Finished.
2019-09-05_10:38:06.275[Battery Energy]58.52
2019-09-05_10:38:06.477[Status]Routing 132: Walk: 120
2019-09-05_10:38:06.585[Battery Energy]58.39
2019-09-05_10:38:06.777[Status]Routing 133: Walk: 120
2019-09-05_10:38:06.877[Battery Energy]58.24
2019-09-05_10:38:07.365[Status]Routing 134: Walk: 120
2019-09-05_10:38:07.465[Battery Energy]57.94
2019-09-05_10:38:07.721[Status]Routing 135: Walk: 120
2019-09-05_10:38:07.822[Battery Energy]57.76
2019-09-05_10:38:08.199[Status]Routing 136: Walk: 120
2019-09-05_10:38:08.305[Battery Energy]57.50
2019-09-05_10:38:08.677[Status]Routing 137: Walk: 120
2019-09-05_10:38:08.793[Battery Energy]57.22
2019-09-05_10:38:08.936[Status]Routing 138: Walk: 120
2019-09-05_10:38:09.069[Battery Energy]57.12
2019-09-05_10:38:09.276[Status]Routing 139: Walk: 120
2019-09-05_10:38:09.381[Battery Energy]57.01
2019-09-05_10:38:09.569[Status]Routing 140: Walk: 120
2019-09-05_10:38:09.699[Battery Energy]56.89
2019-09-05_10:38:09.859[Status]Routing 141: Walk: 120
2019-09-05_10:38:09.960[Battery Energy]56.78
2019-09-05_10:38:10.230[Status]Routing 142: Walk: 120
2019-09-05_10:38:10.336[Battery Energy]56.62
2019-09-05_10:38:10.526[Status]Routing 143: Walk: 120
2019-09-05_10:38:10.633[Battery Energy]56.48
2019-09-05_10:38:10.837[Status]Routing 144: Walk: 120
2019-09-05_10:38:10.937[Battery Energy]56.33
2019-09-05_10:38:11.162[Status]Routing 145: Walk: 120
2019-09-05_10:38:11.269[Battery Energy]56.22
2019-09-05_10:38:11.508[Status]Routing 146: Walk: 120
2019-09-05_10:38:11.617[Battery Energy]56.08
2019-09-05_10:38:11.819[Status]Routing 147: Walk: 120
2019-09-05_10:38:11.933[Battery Energy]55.94
2019-09-05_10:38:12.174[Status]Routing 148: Walk: 120
2019-09-05_10:38:12.281[Battery Energy]55.77
2019-09-05_10:38:12.504[Status]Routing 149: Walk: 120
2019-09-05_10:38:12.613[Battery Energy]55.65
2019-09-05_10:38:12.983[Status]Routing 150: Walk: 120
2019-09-05_10:38:13.121[Battery Energy]55.41
2019-09-05_10:38:13.289[Status]Routing 151: Walk: 120
2019-09-05_10:38:13.389[Battery Energy]55.30
2019-09-05_10:38:13.616[Status]Routing 152: Walk: 120
2019-09-05_10:38:13.729[Battery Energy]55.20
2019-09-05_10:38:13.917[Status]Routing 153: Walk: 120
2019-09-05_10:38:14.031[Battery Energy]55.10
2019-09-05_10:38:14.165[Status]Routing 154: Walk: 120
2019-09-05_10:38:14.288[Battery Energy]54.99
2019-09-05_10:38:14.531[Status]Routing 155: Walk: 120
2019-09-05_10:38:14.648[Battery Energy]54.89
2019-09-05_10:38:14.838[Status]Routing 156: Walk: 120
2019-09-05_10:38:14.949[Battery Energy]54.79
2019-09-05_10:38:15.188[Status]Routing 157: Walk: 120
2019-09-05_10:38:15.310[Battery Energy]54.63
2019-09-05_10:38:15.530[Status]Routing 158: Walk: 120
2019-09-05_10:38:15.645[Battery Energy]54.48
2019-09-05_10:38:15.846[Status]Routing 159: Walk: 120
2019-09-05_10:38:15.953[Battery Energy]54.32
2019-09-05_10:38:16.182[Status]Routing 160: Walk: 120
2019-09-05_10:38:16.301[Battery Energy]54.20
2019-09-05_10:38:16.544[Status]Routing 161: Walk: 120
2019-09-05_10:38:16.657[Battery Energy]54.06
2019-09-05_10:38:16.812[Status]Routing 162: Walk: 120
2019-09-05_10:38:16.912[Battery Energy]53.96
2019-09-05_10:38:17.129[Status]Routing 163: Walk: 120
2019-09-05_10:38:17.229[Battery Energy]53.81
2019-09-05_10:38:17.490[Status]Routing 164: Walk: 120
2019-09-05_10:38:17.591[Battery Energy]53.66
2019-09-05_10:38:17.816[Status]Routing 165: Walk: 120
2019-09-05_10:38:17.916[Battery Energy]53.54
2019-09-05_10:38:18.121[Status]Routing 166: Walk: 120
2019-09-05_10:38:18.232[Battery Energy]53.40
2019-09-05_10:38:18.460[Status]Routing 167: Walk: 120
2019-09-05_10:38:18.575[Battery Energy]53.26
2019-09-05_10:38:18.764[Status]Routing 168: Walk: 120
2019-09-05_10:38:18.864[Battery Energy]53.16
2019-09-05_10:38:19.071[Status]Routing 169: Walk: 120
2019-09-05_10:38:19.189[Battery Energy]53.03
