2019-09-05_01:03:33.324[Status]Start.
2019-09-05_01:03:33.324[Battery Energy]75.00
2019-09-05_01:03:34.425[Battery Energy]74.96
2019-09-05_01:03:35.526[Battery Energy]74.92
2019-09-05_01:03:36.626[Battery Energy]74.88
2019-09-05_01:03:37.728[Battery Energy]74.84
2019-09-05_01:03:38.829[Task]A New Task Released.
2019-09-05_01:03:38.829[Battery Energy]74.80
2019-09-05_01:03:38.829[Status]Selection Start.
2019-09-05_01:03:42.066[Status]Selection End: Do Task 0.
2019-09-05_01:03:42.166[Battery Energy]72.57
2019-09-05_01:03:42.166[Status]Formation Start.
2019-09-05_01:03:42.333[Status]Formation End: To Position 0.
2019-09-05_01:03:42.435[Battery Energy]72.44
2019-09-05_01:03:42.435[Status]Routing Start.
2019-09-05_01:03:42.606[Status]{'id': 5, 'coordinate': [134.38623250379982, 331.4494404451464]}
2019-09-05_01:03:42.606[Status]Routing 1: Walk: 1
2019-09-05_01:03:42.716[Battery Energy]72.24
2019-09-05_01:03:42.716[Status]Routing Start.
2019-09-05_01:03:42.867[Status]{'id': 5, 'coordinate': [143.77246500759964, 334.89888089029284]}
2019-09-05_01:03:42.868[Status]Routing 2: Walk: 2
2019-09-05_01:03:42.968[Battery Energy]72.02
2019-09-05_01:03:42.968[Status]Routing Start.
2019-09-05_01:03:43.167[Status]{'id': 5, 'coordinate': [153.15869751139945, 338.34832133543927]}
2019-09-05_01:03:43.167[Status]Routing 3: Walk: 3
2019-09-05_01:03:43.267[Battery Energy]71.81
2019-09-05_01:03:43.267[Status]Routing Start.
2019-09-05_01:03:43.482[Status]{'id': 5, 'coordinate': [162.54493001519927, 341.7977617805857]}
2019-09-05_01:03:43.482[Status]Routing 4: Walk: 4
2019-09-05_01:03:43.592[Battery Energy]71.58
2019-09-05_01:03:43.592[Status]Routing Start.
2019-09-05_01:03:43.761[Status]{'id': 5, 'coordinate': [171.9311625189991, 345.2472022257321]}
2019-09-05_01:03:43.761[Status]Routing 5: Walk: 5
2019-09-05_01:03:43.861[Battery Energy]71.37
2019-09-05_01:03:43.861[Status]Routing Start.
2019-09-05_01:03:44.335[Status]{'id': 5, 'coordinate': [181.3173950227989, 348.69664267087853]}
2019-09-05_01:03:44.336[Status]Routing 6: Walk: 6
2019-09-05_01:03:44.436[Battery Energy]71.02
2019-09-05_01:03:44.436[Status]Routing Start.
2019-09-05_01:03:44.780[Status]{'id': 5, 'coordinate': [190.70362752659872, 352.14608311602495]}
2019-09-05_01:03:44.780[Status]Routing 7: Walk: 7
2019-09-05_01:03:44.888[Battery Energy]70.65
2019-09-05_01:03:44.888[Status]Routing Start.
2019-09-05_01:03:45.233[Status]{'id': 5, 'coordinate': [200.08986003039854, 355.5955235611714]}
2019-09-05_01:03:45.233[Status]Routing 8: Walk: 8
2019-09-05_01:03:45.333[Battery Energy]70.36
2019-09-05_01:03:45.333[Status]Routing Start.
2019-09-05_01:03:45.685[Status]{'id': 5, 'coordinate': [209.47609253419836, 359.0449640063178]}
2019-09-05_01:03:45.685[Status]Routing 9: Walk: 9
2019-09-05_01:03:45.785[Battery Energy]70.00
2019-09-05_01:03:45.785[Status]Routing Start.
2019-09-05_01:03:46.186[Status]{'id': 5, 'coordinate': [218.86232503799818, 362.4944044514642]}
2019-09-05_01:03:46.186[Status]Routing 10: Walk: 10
2019-09-05_01:03:46.292[Battery Energy]69.65
2019-09-05_01:03:46.292[Status]Routing Start.
2019-09-05_01:03:46.641[Status]{'id': 5, 'coordinate': [228.248557541798, 365.94384489661064]}
2019-09-05_01:03:46.641[Status]Routing 11: Walk: 11
2019-09-05_01:03:46.744[Battery Energy]69.37
2019-09-05_01:03:46.744[Status]Routing Start.
2019-09-05_01:03:47.114[Status]{'id': 5, 'coordinate': [237.6347900455978, 369.39328534175706]}
2019-09-05_01:03:47.115[Status]Routing 12: Walk: 12
2019-09-05_01:03:47.220[Battery Energy]69.04
2019-09-05_01:03:47.220[Status]Routing Start.
2019-09-05_01:03:47.637[Status]{'id': 5, 'coordinate': [247.02102254939763, 372.8427257869035]}
2019-09-05_01:03:47.637[Status]Routing 13: Walk: 13
2019-09-05_01:03:47.737[Battery Energy]68.68
2019-09-05_01:03:47.737[Status]Routing Start.
2019-09-05_01:03:48.108[Status]{'id': 5, 'coordinate': [256.40725505319745, 376.2921662320499]}
2019-09-05_01:03:48.109[Status]Routing 14: Walk: 14
2019-09-05_01:03:48.210[Battery Energy]68.33
2019-09-05_01:03:48.210[Status]Routing Start.
2019-09-05_01:03:48.601[Status]{'id': 5, 'coordinate': [265.79348755699726, 379.74160667719633]}
2019-09-05_01:03:48.601[Status]Routing 15: Walk: 15
2019-09-05_01:03:48.708[Battery Energy]68.05
2019-09-05_01:03:48.708[Status]Routing Start.
2019-09-05_01:03:49.110[Status]{'id': 5, 'coordinate': [275.1797200607971, 383.19104712234275]}
2019-09-05_01:03:49.110[Status]Routing 16: Walk: 16
2019-09-05_01:03:49.213[Battery Energy]67.69
2019-09-05_01:03:49.213[Status]Routing Start.
2019-09-05_01:03:49.533[Status]{'id': 5, 'coordinate': [284.5659525645969, 386.6404875674892]}
2019-09-05_01:03:49.533[Status]Routing 17: Walk: 17
2019-09-05_01:03:49.633[Battery Energy]67.34
2019-09-05_01:03:49.634[Status]Routing Start.
2019-09-05_01:03:49.841[Status]{'id': 5, 'coordinate': [293.9521850683967, 390.0899280126356]}
2019-09-05_01:03:49.841[Status]Routing 18: Walk: 18
2019-09-05_01:03:49.941[Battery Energy]67.13
2019-09-05_01:03:49.941[Status]Routing Start.
2019-09-05_01:03:50.218[Status]{'id': 5, 'coordinate': [303.33841757219653, 393.539368457782]}
2019-09-05_01:03:50.218[Status]Routing 19: Walk: 19
2019-09-05_01:03:50.319[Battery Energy]66.85
2019-09-05_01:03:50.319[Status]Routing Start.
2019-09-05_01:03:50.498[Status]{'id': 5, 'coordinate': [312.72465007599635, 396.98880890292844]}
2019-09-05_01:03:50.499[Status]Routing 20: Walk: 20
2019-09-05_01:03:50.606[Battery Energy]66.66
2019-09-05_01:03:50.606[Status]Routing Start.
2019-09-05_01:03:50.772[Status]{'id': 5, 'coordinate': [322.11088257979617, 400.43824934807486]}
2019-09-05_01:03:50.772[Status]Routing 21: Walk: 21
2019-09-05_01:03:50.872[Battery Energy]66.45
2019-09-05_01:03:50.872[Status]Routing Start.
2019-09-05_01:03:51.075[Status]{'id': 5, 'coordinate': [331.497115083596, 403.8876897932213]}
2019-09-05_01:03:51.075[Status]Routing 22: Walk: 22
2019-09-05_01:03:51.192[Battery Energy]66.24
2019-09-05_01:03:51.192[Status]Routing Start.
2019-09-05_01:03:51.373[Status]{'id': 5, 'coordinate': [340.8833475873958, 407.3371302383677]}
2019-09-05_01:03:51.373[Status]Routing 23: Walk: 23
2019-09-05_01:03:51.480[Battery Energy]66.03
2019-09-05_01:03:51.480[Status]Routing Start.
2019-09-05_01:03:51.886[Status]{'id': 5, 'coordinate': [350.2695800911956, 410.7865706835141]}
2019-09-05_01:03:51.886[Status]Routing 24: Walk: 24
2019-09-05_01:03:52.000[Battery Energy]65.67
2019-09-05_01:03:52.000[Status]Routing Start.
2019-09-05_01:03:52.249[Status]{'id': 5, 'coordinate': [359.65581259499544, 414.23601112866055]}
2019-09-05_01:03:52.250[Status]Routing 25: Walk: 25
2019-09-05_01:03:52.356[Battery Energy]65.42
2019-09-05_01:03:52.357[Status]Routing Start.
2019-09-05_01:03:52.845[Status]{'id': 5, 'coordinate': [369.04204509879526, 417.685451573807]}
2019-09-05_01:03:52.845[Status]Routing 26: Walk: 26
2019-09-05_01:03:52.947[Battery Energy]64.97
2019-09-05_01:03:52.947[Status]Routing Start.
2019-09-05_01:03:53.247[Status]{'id': 5, 'coordinate': [378.4282776025951, 421.1348920189534]}
2019-09-05_01:03:53.248[Status]Routing 27: Walk: 27
2019-09-05_01:03:53.348[Battery Energy]64.61
2019-09-05_01:03:53.348[Status]Routing Start.
2019-09-05_01:03:53.718[Status]{'id': 5, 'coordinate': [387.8145101063949, 424.5843324640998]}
2019-09-05_01:03:53.720[Status]Routing 28: Walk: 28
2019-09-05_01:03:53.820[Battery Energy]64.22
2019-09-05_01:03:53.820[Status]Routing Start.
2019-09-05_01:03:53.994[Status]{'id': 5, 'coordinate': [397.2007426101947, 428.03377290924624]}
2019-09-05_01:03:53.994[Status]Routing 29: Walk: 29
2019-09-05_01:03:54.094[Battery Energy]63.98
2019-09-05_01:03:54.094[Status]Routing Start.
2019-09-05_01:03:54.478[Status]{'id': 5, 'coordinate': [406.5869751139945, 431.48321335439266]}
2019-09-05_01:03:54.484[Status]Routing 30: Walk: 30
2019-09-05_01:03:54.584[Battery Energy]63.64
2019-09-05_01:03:54.585[Status]Routing Start.
2019-09-05_01:03:54.769[Status]{'id': 5, 'coordinate': [415.97320761779434, 434.93265379953914]}
2019-09-05_01:03:54.769[Status]Routing 31: Walk: 31
2019-09-05_01:03:54.869[Battery Energy]63.41
2019-09-05_01:03:54.869[Status]Routing Start.
2019-09-05_01:03:55.048[Status]{'id': 5, 'coordinate': [425.35944012159416, 438.3820942446856]}
2019-09-05_01:03:55.048[Status]Routing 32: Walk: 32
2019-09-05_01:03:55.148[Battery Energy]63.20
2019-09-05_01:03:55.148[Status]Routing Start.
2019-09-05_01:03:55.513[Status]{'id': 5, 'coordinate': [434.745672625394, 441.83153468983204]}
2019-09-05_01:03:55.513[Status]Routing 33: Walk: 33
2019-09-05_01:03:55.614[Battery Energy]62.86
2019-09-05_01:03:55.614[Status]Routing Start.
2019-09-05_01:03:55.948[Status]{'id': 5, 'coordinate': [444.1319051291938, 445.2809751349785]}
2019-09-05_01:03:55.948[Status]Routing 34: Walk: 34
2019-09-05_01:03:56.048[Battery Energy]62.59
2019-09-05_01:03:56.048[Status]Routing Start.
2019-09-05_01:03:56.411[Status]{'id': 5, 'coordinate': [453.5181376329936, 448.73041558012494]}
2019-09-05_01:03:56.411[Status]Routing 35: Walk: 35
2019-09-05_01:03:56.516[Battery Energy]62.22
2019-09-05_01:03:56.516[Status]Routing Start.
2019-09-05_01:03:56.853[Status]{'id': 5, 'coordinate': [462.90437013679343, 452.1798560252714]}
2019-09-05_01:03:56.853[Status]Routing 36: Walk: 36
2019-09-05_01:03:56.953[Battery Energy]61.91
2019-09-05_01:03:56.953[Status]Routing Start.
2019-09-05_01:03:57.323[Status]{'id': 5, 'coordinate': [472.29060264059325, 455.6292964704179]}
2019-09-05_01:03:57.323[Status]Routing 37: Walk: 37
2019-09-05_01:03:57.436[Battery Energy]61.63
2019-09-05_01:03:57.436[Status]Routing Start.
2019-09-05_01:03:57.589[Status]{'id': 5, 'coordinate': [481.67683514439307, 459.0787369155643]}
2019-09-05_01:03:57.589[Status]Routing 38: Walk: 38
2019-09-05_01:03:57.689[Battery Energy]61.40
2019-09-05_01:03:57.689[Status]Routing Start.
2019-09-05_01:03:57.953[Status]{'id': 5, 'coordinate': [491.0630676481929, 462.5281773607108]}
2019-09-05_01:03:57.953[Status]Routing 39: Walk: 39
2019-09-05_01:03:58.060[Battery Energy]61.15
2019-09-05_01:03:58.060[Status]Routing Start.
2019-09-05_01:03:58.271[Status]{'id': 5, 'coordinate': [500.4493001519927, 465.9776178058572]}
2019-09-05_01:03:58.271[Status]Routing 40: Walk: 40
2019-09-05_01:03:58.396[Battery Energy]60.86
2019-09-05_01:03:58.396[Status]Routing Start.
2019-09-05_01:03:58.539[Status]{'id': 5, 'coordinate': [509.8355326557925, 469.4270582510037]}
2019-09-05_01:03:58.541[Status]Routing 41: Walk: 41
2019-09-05_01:03:58.641[Battery Energy]60.68
2019-09-05_01:03:58.641[Status]Routing Start.
2019-09-05_01:03:58.989[Status]{'id': 5, 'coordinate': [519.2217651595923, 472.8764986961502]}
2019-09-05_01:03:58.989[Status]Routing 42: Walk: 42
2019-09-05_01:03:59.090[Battery Energy]60.39
2019-09-05_01:03:59.090[Status]Routing Start.
2019-09-05_01:03:59.090[Status]Task Finished.
2019-09-05_01:03:59.190[Battery Energy]60.39
2019-09-05_01:03:59.394[Status]Routing 44: Walk: 42
2019-09-05_01:03:59.494[Battery Energy]60.24
2019-09-05_01:03:59.849[Status]Routing 45: Walk: 42
2019-09-05_01:03:59.949[Battery Energy]60.06
2019-09-05_01:04:00.286[Status]Routing 46: Walk: 42
2019-09-05_01:04:00.388[Battery Energy]59.86
2019-09-05_01:04:00.753[Status]Routing 47: Walk: 42
2019-09-05_01:04:00.853[Battery Energy]59.62
2019-09-05_01:04:01.183[Status]Routing 48: Walk: 42
2019-09-05_01:04:01.283[Battery Energy]59.20
2019-09-05_01:04:01.499[Status]Routing 49: Walk: 42
2019-09-05_01:04:01.612[Battery Energy]59.05
2019-09-05_01:04:02.123[Status]Routing 50: Walk: 42
2019-09-05_01:04:02.223[Battery Energy]58.66
2019-09-05_01:04:02.498[Status]Routing 51: Walk: 42
2019-09-05_01:04:02.599[Battery Energy]58.36
2019-09-05_01:04:02.803[Status]Routing 52: Walk: 42
2019-09-05_01:04:02.916[Battery Energy]58.24
2019-09-05_01:04:03.302[Status]Routing 53: Walk: 42
2019-09-05_01:04:03.402[Battery Energy]58.04
2019-09-05_01:04:03.546[Status]Routing 54: Walk: 42
2019-09-05_01:04:03.656[Battery Energy]57.94
2019-09-05_01:04:04.014[Status]Routing 55: Walk: 42
2019-09-05_01:04:04.114[Battery Energy]57.64
2019-09-05_01:04:04.437[Status]Routing 56: Walk: 42
2019-09-05_01:04:04.538[Battery Energy]57.31
2019-09-05_01:04:04.885[Status]Routing 57: Walk: 42
2019-09-05_01:04:04.997[Battery Energy]56.97
2019-09-05_01:04:05.146[Status]Routing 58: Walk: 42
2019-09-05_01:04:05.260[Battery Energy]56.87
2019-09-05_01:04:05.420[Status]Routing 59: Walk: 42
2019-09-05_01:04:05.520[Battery Energy]56.76
2019-09-05_01:04:05.770[Status]Routing 60: Walk: 42
2019-09-05_01:04:05.876[Battery Energy]56.60
2019-09-05_01:04:06.047[Status]Routing 61: Walk: 42
2019-09-05_01:04:06.168[Battery Energy]56.50
2019-09-05_01:04:06.472[Status]Routing 62: Walk: 42
2019-09-05_01:04:06.592[Battery Energy]56.35
2019-09-05_01:04:06.725[Status]Routing 63: Walk: 42
2019-09-05_01:04:06.828[Battery Energy]56.25
2019-09-05_01:04:07.087[Status]Routing 64: Walk: 42
2019-09-05_01:04:07.188[Battery Energy]56.12
2019-09-05_01:04:07.369[Status]Routing 65: Walk: 42
2019-09-05_01:04:07.471[Battery Energy]55.99
2019-09-05_01:04:07.759[Status]Routing 66: Walk: 42
2019-09-05_01:04:07.880[Battery Energy]55.87
2019-09-05_01:04:08.014[Status]Routing 67: Walk: 42
2019-09-05_01:04:08.123[Battery Energy]55.77
2019-09-05_01:04:08.298[Status]Routing 68: Walk: 42
2019-09-05_01:04:08.400[Battery Energy]55.65
2019-09-05_01:04:08.602[Status]Routing 69: Walk: 42
2019-09-05_01:04:08.704[Battery Energy]55.52
2019-09-05_01:04:08.971[Status]Routing 70: Walk: 42
2019-09-05_01:04:09.084[Battery Energy]55.35
2019-09-05_01:04:09.279[Status]Routing 71: Walk: 42
2019-09-05_01:04:09.380[Battery Energy]55.19
2019-09-05_01:04:09.782[Status]Routing 72: Walk: 42
2019-09-05_01:04:09.933[Battery Energy]54.97
2019-09-05_01:04:10.134[Status]Routing 73: Walk: 42
2019-09-05_01:04:10.234[Battery Energy]54.87
2019-09-05_01:04:10.417[Status]Routing 74: Walk: 42
2019-09-05_01:04:10.518[Battery Energy]54.77
2019-09-05_01:04:10.912[Status]Routing 75: Walk: 42
2019-09-05_01:04:11.017[Battery Energy]54.55
2019-09-05_01:04:11.226[Status]Routing 76: Walk: 42
2019-09-05_01:04:11.340[Battery Energy]54.40
2019-09-05_01:04:11.746[Status]Routing 77: Walk: 42
2019-09-05_01:04:11.860[Battery Energy]54.14
2019-09-05_01:04:12.092[Status]Routing 78: Walk: 42
2019-09-05_01:04:12.196[Battery Energy]53.97
2019-09-05_01:04:12.396[Status]Routing 79: Walk: 42
2019-09-05_01:04:12.496[Battery Energy]53.82
2019-09-05_01:04:12.865[Status]Routing 80: Walk: 42
2019-09-05_01:04:12.972[Battery Energy]53.62
2019-09-05_01:04:13.122[Status]Routing 81: Walk: 42
2019-09-05_01:04:13.232[Battery Energy]53.53
2019-09-05_01:04:13.597[Status]Routing 82: Walk: 42
2019-09-05_01:04:13.704[Battery Energy]53.34
2019-09-05_01:04:13.837[Status]Routing 83: Walk: 42
2019-09-05_01:04:13.937[Battery Energy]53.21
2019-09-05_01:04:14.158[Status]Routing 84: Walk: 42
2019-09-05_01:04:14.260[Battery Energy]53.08
2019-09-05_01:04:14.716[Status]Routing 85: Walk: 42
2019-09-05_01:04:14.817[Battery Energy]52.85
2019-09-05_01:04:15.084[Status]Routing 86: Walk: 42
2019-09-05_01:04:15.190[Battery Energy]52.69
2019-09-05_01:04:15.571[Status]Routing 87: Walk: 42
2019-09-05_01:04:15.671[Battery Energy]52.48
2019-09-05_01:04:15.843[Status]Routing 88: Walk: 42
2019-09-05_01:04:15.943[Battery Energy]52.35
2019-09-05_01:04:16.257[Status]Routing 89: Walk: 42
2019-09-05_01:04:16.364[Battery Energy]52.14
2019-09-05_01:04:16.509[Status]Routing 90: Walk: 42
2019-09-05_01:04:16.645[Battery Energy]52.03
2019-09-05_01:04:16.930[Status]Routing 91: Walk: 42
2019-09-05_01:04:17.034[Battery Energy]51.88
2019-09-05_01:04:17.260[Status]Routing 92: Walk: 42
2019-09-05_01:04:17.362[Battery Energy]51.72
2019-09-05_01:04:17.713[Status]Routing 93: Walk: 42
2019-09-05_01:04:17.815[Battery Energy]51.52
2019-09-05_01:04:18.188[Status]Routing 94: Walk: 42
2019-09-05_01:04:18.288[Battery Energy]51.29
2019-09-05_01:04:18.583[Status]Routing 95: Walk: 42
2019-09-05_01:04:18.692[Battery Energy]51.12
2019-09-05_01:04:19.001[Status]Routing 96: Walk: 42
2019-09-05_01:04:19.108[Battery Energy]50.91
2019-09-05_01:04:19.284[Status]Routing 97: Walk: 42
2019-09-05_01:04:19.392[Battery Energy]50.78
2019-09-05_01:04:19.644[Status]Routing 98: Walk: 42
2019-09-05_01:04:19.752[Battery Energy]50.62
2019-09-05_01:04:20.065[Status]Routing 99: Walk: 42
2019-09-05_01:04:20.165[Battery Energy]50.46
2019-09-05_01:04:20.414[Status]Routing 100: Walk: 42
2019-09-05_01:04:20.515[Battery Energy]50.28
2019-09-05_01:04:20.842[Status]Routing 101: Walk: 42
2019-09-05_01:04:20.943[Battery Energy]50.10
2019-09-05_01:04:21.380[Status]Routing 102: Walk: 42
2019-09-05_01:04:21.492[Battery Energy]49.83
2019-09-05_01:04:21.861[Status]Routing 103: Walk: 42
2019-09-05_01:04:21.968[Battery Energy]49.62
2019-09-05_01:04:22.346[Status]Routing 104: Walk: 42
2019-09-05_01:04:22.446[Battery Energy]49.41
2019-09-05_01:04:22.826[Status]Routing 105: Walk: 42
2019-09-05_01:04:22.934[Battery Energy]49.16
2019-09-05_01:04:23.304[Status]Routing 106: Walk: 42
2019-09-05_01:04:23.404[Battery Energy]48.96
2019-09-05_01:04:23.811[Status]Routing 107: Walk: 42
2019-09-05_01:04:23.924[Battery Energy]48.71
2019-09-05_01:04:24.254[Status]Routing 108: Walk: 42
2019-09-05_01:04:24.354[Battery Energy]48.52
2019-09-05_01:04:24.677[Status]Routing 109: Walk: 42
2019-09-05_01:04:24.779[Battery Energy]48.36
2019-09-05_01:04:25.116[Status]Routing 110: Walk: 42
2019-09-05_01:04:25.224[Battery Energy]48.16
2019-09-05_01:04:25.617[Status]Routing 111: Walk: 42
2019-09-05_01:04:25.717[Battery Energy]47.93
2019-09-05_01:04:26.110[Status]Routing 112: Walk: 42
2019-09-05_01:04:26.210[Battery Energy]47.67
2019-09-05_01:04:26.708[Status]Routing 113: Walk: 42
2019-09-05_01:04:26.812[Battery Energy]47.37
2019-09-05_01:04:27.192[Status]Routing 114: Walk: 42
2019-09-05_01:04:27.300[Battery Energy]47.11
2019-09-05_01:04:27.640[Status]Routing 115: Walk: 42
2019-09-05_01:04:27.742[Battery Energy]46.91
2019-09-05_01:04:28.099[Status]Routing 116: Walk: 42
2019-09-05_01:04:28.199[Battery Energy]46.64
2019-09-05_01:04:28.599[Status]Routing 117: Walk: 42
2019-09-05_01:04:28.699[Battery Energy]46.40
2019-09-05_01:04:29.075[Status]Routing 118: Walk: 42
2019-09-05_01:04:29.176[Battery Energy]46.15
2019-09-05_01:04:29.531[Status]Routing 119: Walk: 42
2019-09-05_01:04:29.631[Battery Energy]45.93
2019-09-05_01:04:29.964[Status]Routing 120: Walk: 42
2019-09-05_01:04:30.071[Battery Energy]45.74
2019-09-05_01:04:30.391[Status]Routing 121: Walk: 42
2019-09-05_01:04:30.494[Battery Energy]45.52
2019-09-05_01:04:30.786[Status]Routing 122: Walk: 42
2019-09-05_01:04:30.896[Battery Energy]45.33
2019-09-05_01:04:31.232[Status]Routing 123: Walk: 42
2019-09-05_01:04:31.336[Battery Energy]45.12
2019-09-05_01:04:31.667[Status]Routing 124: Walk: 42
2019-09-05_01:04:31.776[Battery Energy]44.91
2019-09-05_01:04:32.070[Status]Routing 125: Walk: 42
2019-09-05_01:04:32.172[Battery Energy]44.72
2019-09-05_01:04:32.546[Status]Routing 126: Walk: 42
2019-09-05_01:04:32.652[Battery Energy]44.52
2019-09-05_01:04:33.035[Status]Routing 127: Walk: 42
2019-09-05_01:04:33.140[Battery Energy]44.34
2019-09-05_01:04:33.451[Status]Routing 128: Walk: 42
2019-09-05_01:04:33.556[Battery Energy]44.11
2019-09-05_01:04:33.775[Status]Routing 129: Walk: 42
2019-09-05_01:04:33.880[Battery Energy]43.99
2019-09-05_01:04:34.194[Status]Routing 130: Walk: 42
2019-09-05_01:04:34.307[Battery Energy]43.83
2019-09-05_01:04:34.468[Status]Routing 131: Walk: 42
2019-09-05_01:04:34.580[Battery Energy]43.73
2019-09-05_01:04:34.904[Status]Routing 132: Walk: 42
2019-09-05_01:04:35.006[Battery Energy]43.50
2019-09-05_01:04:35.330[Status]Routing 133: Walk: 42
2019-09-05_01:04:35.430[Battery Energy]43.27
2019-09-05_01:04:35.747[Status]Routing 134: Walk: 42
2019-09-05_01:04:35.870[Battery Energy]43.09
2019-09-05_01:04:36.170[Status]Routing 135: Walk: 42
2019-09-05_01:04:36.272[Battery Energy]42.91
2019-09-05_01:04:36.550[Status]Routing 136: Walk: 42
2019-09-05_01:04:36.660[Battery Energy]42.73
2019-09-05_01:04:36.931[Status]Routing 137: Walk: 42
2019-09-05_01:04:37.032[Battery Energy]42.57
2019-09-05_01:04:37.354[Status]Routing 138: Walk: 42
2019-09-05_01:04:37.454[Battery Energy]42.37
2019-09-05_01:04:37.834[Status]Routing 139: Walk: 42
2019-09-05_01:04:37.934[Battery Energy]42.17
2019-09-05_01:04:38.103[Status]Routing 140: Walk: 42
2019-09-05_01:04:38.220[Battery Energy]42.05
2019-09-05_01:04:38.552[Status]Routing 141: Walk: 42
2019-09-05_01:04:38.658[Battery Energy]41.86
2019-09-05_01:04:38.855[Status]Routing 142: Walk: 42
2019-09-05_01:04:38.968[Battery Energy]41.75
2019-09-05_01:04:39.334[Status]Routing 143: Walk: 42
2019-09-05_01:04:39.434[Battery Energy]41.51
2019-09-05_01:04:39.681[Status]Routing 144: Walk: 42
2019-09-05_01:04:39.792[Battery Energy]41.41
2019-09-05_01:04:39.974[Status]Routing 145: Walk: 42
2019-09-05_01:04:40.074[Battery Energy]41.30
2019-09-05_01:04:40.272[Status]Routing 146: Walk: 42
2019-09-05_01:04:40.388[Battery Energy]41.19
2019-09-05_01:04:40.561[Status]Routing 147: Walk: 42
2019-09-05_01:04:40.662[Battery Energy]41.08
2019-09-05_01:04:40.908[Status]Routing 148: Walk: 42
2019-09-05_01:04:41.008[Battery Energy]40.95
2019-09-05_01:04:41.181[Status]Routing 149: Walk: 42
2019-09-05_01:04:41.288[Battery Energy]40.83
2019-09-05_01:04:41.565[Status]Routing 150: Walk: 42
2019-09-05_01:04:41.667[Battery Energy]40.64
2019-09-05_01:04:41.814[Status]Routing 151: Walk: 42
2019-09-05_01:04:41.914[Battery Energy]40.55
2019-09-05_01:04:42.100[Status]Routing 152: Walk: 42
2019-09-05_01:04:42.250[Battery Energy]40.44
2019-09-05_01:04:42.416[Status]Routing 153: Walk: 42
2019-09-05_01:04:42.524[Battery Energy]40.34
2019-09-05_01:04:42.831[Status]Routing 154: Walk: 42
2019-09-05_01:04:42.936[Battery Energy]40.18
2019-09-05_01:04:43.140[Status]Routing 155: Walk: 42
2019-09-05_01:04:43.256[Battery Energy]40.03
2019-09-05_01:04:43.467[Status]Routing 156: Walk: 42
2019-09-05_01:04:43.584[Battery Energy]39.90
2019-09-05_01:04:43.827[Status]Routing 157: Walk: 42
2019-09-05_01:04:43.927[Battery Energy]39.80
2019-09-05_01:04:44.123[Status]Routing 158: Walk: 42
2019-09-05_01:04:44.236[Battery Energy]39.68
2019-09-05_01:04:44.429[Status]Routing 159: Walk: 42
2019-09-05_01:04:44.536[Battery Energy]39.55
2019-09-05_01:04:44.728[Status]Routing 160: Walk: 42
2019-09-05_01:04:44.864[Battery Energy]39.43
2019-09-05_01:04:45.030[Status]Routing 161: Walk: 42
2019-09-05_01:04:45.130[Battery Energy]39.31
2019-09-05_01:04:45.364[Status]Routing 162: Walk: 42
2019-09-05_01:04:45.467[Battery Energy]39.16
2019-09-05_01:04:45.646[Status]Routing 163: Walk: 42
2019-09-05_01:04:45.761[Battery Energy]39.03
2019-09-05_01:04:45.954[Status]Routing 164: Walk: 42
2019-09-05_01:04:46.054[Battery Energy]38.91
2019-09-05_01:04:46.233[Status]Routing 165: Walk: 42
2019-09-05_01:04:46.337[Battery Energy]38.79
2019-09-05_01:04:46.571[Status]Routing 166: Walk: 42
2019-09-05_01:04:46.671[Battery Energy]38.62
2019-09-05_01:04:46.990[Status]Routing 167: Walk: 42
2019-09-05_01:04:47.104[Battery Energy]38.35
2019-09-05_01:04:47.257[Status]Routing 168: Walk: 42
2019-09-05_01:04:47.368[Battery Energy]38.25
2019-09-05_01:04:47.582[Status]Routing 169: Walk: 42
2019-09-05_01:04:47.685[Battery Energy]38.14
2019-09-05_01:04:47.848[Status]Routing 170: Walk: 42
2019-09-05_01:04:47.952[Battery Energy]38.05
2019-09-05_01:04:48.145[Status]Routing 171: Walk: 42
2019-09-05_01:04:48.270[Battery Energy]37.91
2019-09-05_01:04:48.519[Status]Routing 172: Walk: 42
2019-09-05_01:04:48.644[Battery Energy]37.80
2019-09-05_01:04:48.817[Status]Routing 173: Walk: 42
2019-09-05_01:04:48.917[Battery Energy]37.70
2019-09-05_01:04:49.087[Status]Routing 174: Walk: 42
2019-09-05_01:04:49.200[Battery Energy]37.57
2019-09-05_01:04:49.400[Status]Routing 175: Walk: 42
2019-09-05_01:04:49.520[Battery Energy]37.44
2019-09-05_01:04:49.715[Status]Routing 176: Walk: 42
2019-09-05_01:04:49.816[Battery Energy]37.33
2019-09-05_01:04:49.991[Status]Routing 177: Walk: 42
2019-09-05_01:04:50.100[Battery Energy]37.22
2019-09-05_01:04:50.285[Status]Routing 178: Walk: 42
2019-09-05_01:04:50.404[Battery Energy]37.10
2019-09-05_01:04:50.573[Status]Routing 179: Walk: 42
2019-09-05_01:04:50.687[Battery Energy]37.01
2019-09-05_01:04:50.937[Status]Routing 180: Walk: 42
2019-09-05_01:04:51.037[Battery Energy]36.90
2019-09-05_01:04:51.222[Status]Routing 181: Walk: 42
2019-09-05_01:04:51.326[Battery Energy]36.81
2019-09-05_01:04:51.539[Status]Routing 182: Walk: 42
2019-09-05_01:04:51.640[Battery Energy]36.65
2019-09-05_01:04:51.837[Status]Routing 183: Walk: 42
2019-09-05_01:04:51.956[Battery Energy]36.54
2019-09-05_01:04:52.105[Status]Routing 184: Walk: 42
2019-09-05_01:04:52.236[Battery Energy]36.43
2019-09-05_01:04:52.391[Status]Routing 185: Walk: 42
2019-09-05_01:04:52.496[Battery Energy]36.33
2019-09-05_01:04:52.710[Status]Routing 186: Walk: 42
2019-09-05_01:04:52.811[Battery Energy]36.19
2019-09-05_01:04:52.992[Status]Routing 187: Walk: 42
2019-09-05_01:04:53.120[Battery Energy]36.04
2019-09-05_01:04:53.289[Status]Routing 188: Walk: 42
2019-09-05_01:04:53.389[Battery Energy]35.93
2019-09-05_01:04:53.557[Status]Routing 189: Walk: 42
2019-09-05_01:04:53.664[Battery Energy]35.80
2019-09-05_01:04:53.919[Status]Routing 190: Walk: 42
2019-09-05_01:04:54.040[Battery Energy]35.64
2019-09-05_01:04:54.228[Status]Routing 191: Walk: 42
2019-09-05_01:04:54.343[Battery Energy]35.54
2019-09-05_01:04:54.545[Status]Routing 192: Walk: 42
2019-09-05_01:04:54.660[Battery Energy]35.43
2019-09-05_01:04:54.799[Status]Routing 193: Walk: 42
2019-09-05_01:04:54.900[Battery Energy]35.32
2019-09-05_01:04:55.125[Status]Routing 194: Walk: 42
2019-09-05_01:04:55.248[Battery Energy]35.21
2019-09-05_01:04:55.406[Status]Routing 195: Walk: 42
2019-09-05_01:04:55.516[Battery Energy]35.12
2019-09-05_01:04:55.725[Status]Routing 196: Walk: 42
2019-09-05_01:04:55.826[Battery Energy]34.97
2019-09-05_01:04:56.042[Status]Routing 197: Walk: 42
2019-09-05_01:04:56.156[Battery Energy]34.84
2019-09-05_01:04:56.302[Status]Routing 198: Walk: 42
2019-09-05_01:04:56.412[Battery Energy]34.74
2019-09-05_01:04:56.601[Status]Routing 199: Walk: 42
2019-09-05_01:04:56.708[Battery Energy]34.65
2019-09-05_01:04:56.929[Status]Routing 200: Walk: 42
2019-09-05_01:04:57.032[Battery Energy]34.52
2019-09-05_01:04:57.240[Status]Routing 201: Walk: 42
2019-09-05_01:04:57.347[Battery Energy]34.39
2019-09-05_01:04:57.623[Status]Routing 202: Walk: 42
2019-09-05_01:04:57.728[Battery Energy]34.25
2019-09-05_01:04:57.871[Status]Routing 203: Walk: 42
2019-09-05_01:04:57.988[Battery Energy]34.13
2019-09-05_01:04:58.195[Status]Routing 204: Walk: 42
2019-09-05_01:04:58.295[Battery Energy]34.02
2019-09-05_01:04:58.511[Status]Routing 205: Walk: 42
2019-09-05_01:04:58.611[Battery Energy]33.83
2019-09-05_01:04:58.789[Status]Routing 206: Walk: 42
2019-09-05_01:04:58.890[Battery Energy]33.71
2019-09-05_01:04:59.066[Status]Routing 207: Walk: 42
2019-09-05_01:04:59.176[Battery Energy]33.57
2019-09-05_01:04:59.354[Status]Routing 208: Walk: 42
2019-09-05_01:04:59.459[Battery Energy]33.47
2019-09-05_01:04:59.627[Status]Routing 209: Walk: 42
2019-09-05_01:04:59.727[Battery Energy]33.36
2019-09-05_01:04:59.891[Status]Routing 210: Walk: 42
2019-09-05_01:05:00.004[Battery Energy]33.25
2019-09-05_01:05:00.236[Status]Routing 211: Walk: 42
2019-09-05_01:05:00.352[Battery Energy]33.13
2019-09-05_01:05:00.577[Status]Routing 212: Walk: 42
2019-09-05_01:05:00.677[Battery Energy]33.00
2019-09-05_01:05:00.843[Status]Routing 213: Walk: 42
2019-09-05_01:05:00.944[Battery Energy]32.90
2019-09-05_01:05:01.098[Status]Routing 214: Walk: 42
2019-09-05_01:05:01.198[Battery Energy]32.79
2019-09-05_01:05:01.365[Status]Routing 215: Walk: 42
2019-09-05_01:05:01.484[Battery Energy]32.69
2019-09-05_01:05:01.640[Status]Routing 216: Walk: 42
2019-09-05_01:05:01.741[Battery Energy]32.58
2019-09-05_01:05:01.982[Status]Routing 217: Walk: 42
2019-09-05_01:05:02.088[Battery Energy]32.43
2019-09-05_01:05:02.319[Status]Routing 218: Walk: 42
2019-09-05_01:05:02.424[Battery Energy]32.33
2019-09-05_01:05:02.613[Status]Routing 219: Walk: 42
2019-09-05_01:05:02.722[Battery Energy]32.21
2019-09-05_01:05:02.902[Status]Routing 220: Walk: 42
2019-09-05_01:05:03.008[Battery Energy]32.08
2019-09-05_01:05:03.210[Status]Routing 221: Walk: 42
2019-09-05_01:05:03.311[Battery Energy]31.95
2019-09-05_01:05:03.573[Status]Routing 222: Walk: 42
2019-09-05_01:05:03.677[Battery Energy]31.82
2019-09-05_01:05:03.881[Status]Routing 223: Walk: 42
2019-09-05_01:05:03.988[Battery Energy]31.67
2019-09-05_01:05:04.239[Status]Routing 224: Walk: 42
2019-09-05_01:05:04.360[Battery Energy]31.52
2019-09-05_01:05:04.536[Status]Routing 225: Walk: 42
2019-09-05_01:05:04.636[Battery Energy]31.40
2019-09-05_01:05:04.819[Status]Routing 226: Walk: 42
2019-09-05_01:05:04.920[Battery Energy]31.30
2019-09-05_01:05:05.188[Status]Routing 227: Walk: 42
2019-09-05_01:05:05.289[Battery Energy]31.14
2019-09-05_01:05:05.549[Status]Routing 228: Walk: 42
2019-09-05_01:05:05.656[Battery Energy]31.01
2019-09-05_01:05:05.900[Status]Routing 229: Walk: 42
2019-09-05_01:05:06.000[Battery Energy]30.92
2019-09-05_01:05:06.169[Status]Routing 230: Walk: 42
2019-09-05_01:05:06.269[Battery Energy]30.83
2019-09-05_01:05:06.516[Status]Routing 231: Walk: 42
2019-09-05_01:05:06.616[Battery Energy]30.70
2019-09-05_01:05:06.766[Status]Routing 232: Walk: 42
2019-09-05_01:05:06.876[Battery Energy]30.60
2019-09-05_01:05:07.035[Status]Routing 233: Walk: 42
2019-09-05_01:05:07.156[Battery Energy]30.48
2019-09-05_01:05:07.373[Status]Routing 234: Walk: 42
2019-09-05_01:05:07.474[Battery Energy]30.34
2019-09-05_01:05:07.696[Status]Routing 235: Walk: 42
2019-09-05_01:05:07.800[Battery Energy]30.22
2019-09-05_01:05:07.974[Status]Routing 236: Walk: 42
2019-09-05_01:05:08.075[Battery Energy]30.09
2019-09-05_01:05:08.300[Status]Routing 237: Walk: 42
2019-09-05_01:05:08.400[Battery Energy]29.98
2019-09-05_01:05:08.642[Status]Routing 238: Walk: 42
2019-09-05_01:05:08.760[Battery Energy]29.86
2019-09-05_01:05:08.914[Status]Routing 239: Walk: 42
2019-09-05_01:05:09.032[Battery Energy]29.76
2019-09-05_01:05:09.198[Status]Routing 240: Walk: 42
2019-09-05_01:05:09.299[Battery Energy]29.66
2019-09-05_01:05:09.543[Status]Routing 241: Walk: 42
2019-09-05_01:05:09.660[Battery Energy]29.53
2019-09-05_01:05:09.854[Status]Routing 242: Walk: 42
2019-09-05_01:05:09.960[Battery Energy]29.42
2019-09-05_01:05:10.164[Status]Routing 243: Walk: 42
2019-09-05_01:05:10.264[Battery Energy]29.29
2019-09-05_01:05:10.461[Status]Routing 244: Walk: 42
2019-09-05_01:05:10.562[Battery Energy]29.15
2019-09-05_01:05:10.732[Status]Routing 245: Walk: 42
2019-09-05_01:05:10.856[Battery Energy]29.00
2019-09-05_01:05:11.038[Status]Routing 246: Walk: 42
2019-09-05_01:05:11.144[Battery Energy]28.92
2019-09-05_01:05:11.321[Status]Routing 247: Walk: 42
2019-09-05_01:05:11.421[Battery Energy]28.79
2019-09-05_01:05:11.789[Status]Routing 248: Walk: 42
2019-09-05_01:05:11.900[Battery Energy]28.61
2019-09-05_01:05:12.114[Status]Routing 249: Walk: 42
2019-09-05_01:05:12.224[Battery Energy]28.46
2019-09-05_01:05:12.371[Status]Routing 250: Walk: 42
2019-09-05_01:05:12.472[Battery Energy]28.37
2019-09-05_01:05:12.707[Status]Routing 251: Walk: 42
2019-09-05_01:05:12.815[Battery Energy]28.20
2019-09-05_01:05:13.008[Status]Routing 252: Walk: 42
2019-09-05_01:05:13.108[Battery Energy]28.07
