2019-09-05_01:03:35.486[Status]Start.
2019-09-05_01:03:35.487[Battery Energy]75.00
2019-09-05_01:03:36.588[Battery Energy]74.96
2019-09-05_01:03:37.688[Battery Energy]74.92
2019-09-05_01:03:38.790[Battery Energy]74.88
2019-09-05_01:03:39.891[Battery Energy]74.84
2019-09-05_01:03:40.994[Task]A New Task Released.
2019-09-05_01:03:40.994[Battery Energy]74.80
2019-09-05_01:03:40.994[Status]Selection Start.
2019-09-05_01:03:42.066[Status]Selection End: Do Task 2.
2019-09-05_01:03:42.167[Battery Energy]74.15
2019-09-05_01:03:42.167[Status]Formation Start.
2019-09-05_01:03:42.337[Status]Formation End: To Position 5.
2019-09-05_01:03:42.437[Battery Energy]74.04
2019-09-05_01:03:42.437[Status]Routing Start.
2019-09-05_01:03:42.609[Status]{'coordinate': [136.03523797622591, 544.7146208203982], 'id': 17}
2019-09-05_01:03:42.609[Status]Routing 1: Walk: 1
2019-09-05_01:03:42.716[Battery Energy]73.85
2019-09-05_01:03:42.716[Status]Routing Start.
2019-09-05_01:03:42.870[Status]{'coordinate': [145.07047595245183, 540.4292416407964], 'id': 17}
2019-09-05_01:03:42.870[Status]Routing 2: Walk: 2
2019-09-05_01:03:42.974[Battery Energy]73.62
2019-09-05_01:03:42.974[Status]Routing Start.
2019-09-05_01:03:43.182[Status]{'coordinate': [154.10571392867774, 536.1438624611945], 'id': 17}
2019-09-05_01:03:43.182[Status]Routing 3: Walk: 3
2019-09-05_01:03:43.282[Battery Energy]73.41
2019-09-05_01:03:43.282[Status]Routing Start.
2019-09-05_01:03:43.481[Status]{'coordinate': [163.14095190490366, 531.8584832815927], 'id': 17}
2019-09-05_01:03:43.481[Status]Routing 4: Walk: 4
2019-09-05_01:03:43.600[Battery Energy]73.19
2019-09-05_01:03:43.600[Status]Routing Start.
2019-09-05_01:03:43.767[Status]{'coordinate': [172.17618988112957, 527.5731041019909], 'id': 17}
2019-09-05_01:03:43.767[Status]Routing 5: Walk: 5
2019-09-05_01:03:43.876[Battery Energy]72.96
2019-09-05_01:03:43.876[Status]Routing Start.
2019-09-05_01:03:44.339[Status]{'coordinate': [181.2114278573555, 523.2877249223891], 'id': 17}
2019-09-05_01:03:44.339[Status]Routing 6: Walk: 6
2019-09-05_01:03:44.444[Battery Energy]72.57
2019-09-05_01:03:44.444[Status]Routing Start.
2019-09-05_01:03:44.781[Status]{'coordinate': [190.2466658335814, 519.0023457427873], 'id': 17}
2019-09-05_01:03:44.781[Status]Routing 7: Walk: 7
2019-09-05_01:03:44.881[Battery Energy]72.22
2019-09-05_01:03:44.881[Status]Routing Start.
2019-09-05_01:03:45.231[Status]{'coordinate': [199.28190380980732, 514.7169665631855], 'id': 17}
2019-09-05_01:03:45.231[Status]Routing 8: Walk: 8
2019-09-05_01:03:45.331[Battery Energy]71.90
2019-09-05_01:03:45.331[Status]Routing Start.
2019-09-05_01:03:45.682[Status]{'coordinate': [208.31714178603323, 510.4315873835836], 'id': 17}
2019-09-05_01:03:45.683[Status]Routing 9: Walk: 9
2019-09-05_01:03:45.792[Battery Energy]71.57
2019-09-05_01:03:45.792[Status]Routing Start.
2019-09-05_01:03:46.184[Status]{'coordinate': [217.35237976225915, 506.1462082039817], 'id': 17}
2019-09-05_01:03:46.186[Status]Routing 10: Walk: 10
2019-09-05_01:03:46.296[Battery Energy]71.23
2019-09-05_01:03:46.296[Status]Routing Start.
2019-09-05_01:03:46.636[Status]{'coordinate': [226.38761773848506, 501.8608290243798], 'id': 17}
2019-09-05_01:03:46.636[Status]Routing 11: Walk: 11
2019-09-05_01:03:46.740[Battery Energy]70.88
2019-09-05_01:03:46.740[Status]Routing Start.
2019-09-05_01:03:47.112[Status]{'coordinate': [235.42285571471098, 497.57544984477795], 'id': 17}
2019-09-05_01:03:47.112[Status]Routing 12: Walk: 12
2019-09-05_01:03:47.212[Battery Energy]70.57
2019-09-05_01:03:47.212[Status]Routing Start.
2019-09-05_01:03:47.634[Status]{'coordinate': [244.4580936909369, 493.2900706651761], 'id': 17}
2019-09-05_01:03:47.634[Status]Routing 13: Walk: 13
2019-09-05_01:03:47.736[Battery Energy]70.24
2019-09-05_01:03:47.736[Status]Routing Start.
2019-09-05_01:03:48.110[Status]{'coordinate': [253.4933316671628, 489.0046914855742], 'id': 17}
2019-09-05_01:03:48.110[Status]Routing 14: Walk: 14
2019-09-05_01:03:48.220[Battery Energy]69.90
2019-09-05_01:03:48.220[Status]Routing Start.
2019-09-05_01:03:48.595[Status]{'coordinate': [262.5285696433887, 484.7193123059723], 'id': 17}
2019-09-05_01:03:48.595[Status]Routing 15: Walk: 15
2019-09-05_01:03:48.695[Battery Energy]69.56
2019-09-05_01:03:48.695[Status]Routing Start.
2019-09-05_01:03:49.112[Status]{'coordinate': [271.56380761961464, 480.43393312637045], 'id': 17}
2019-09-05_01:03:49.112[Status]Routing 16: Walk: 16
2019-09-05_01:03:49.212[Battery Energy]69.16
2019-09-05_01:03:49.212[Status]Routing Start.
2019-09-05_01:03:49.534[Status]{'coordinate': [280.59904559584055, 476.1485539467686], 'id': 17}
2019-09-05_01:03:49.534[Status]Routing 17: Walk: 17
2019-09-05_01:03:49.634[Battery Energy]68.85
2019-09-05_01:03:49.634[Status]Routing Start.
2019-09-05_01:03:49.845[Status]{'coordinate': [289.63428357206647, 471.8631747671667], 'id': 17}
2019-09-05_01:03:49.845[Status]Routing 18: Walk: 18
2019-09-05_01:03:49.960[Battery Energy]68.63
2019-09-05_01:03:49.960[Status]Routing Start.
2019-09-05_01:03:50.220[Status]{'coordinate': [298.6695215482924, 467.5777955875648], 'id': 17}
2019-09-05_01:03:50.220[Status]Routing 19: Walk: 19
2019-09-05_01:03:50.320[Battery Energy]68.38
2019-09-05_01:03:50.320[Status]Routing Start.
2019-09-05_01:03:50.500[Status]{'coordinate': [307.7047595245183, 463.29241640796295], 'id': 17}
2019-09-05_01:03:50.501[Status]Routing 20: Walk: 20
2019-09-05_01:03:50.612[Battery Energy]68.18
2019-09-05_01:03:50.612[Status]Routing Start.
2019-09-05_01:03:50.773[Status]{'coordinate': [316.7399975007442, 459.00703722836107], 'id': 17}
2019-09-05_01:03:50.773[Status]Routing 21: Walk: 21
2019-09-05_01:03:50.876[Battery Energy]67.97
2019-09-05_01:03:50.876[Status]Routing Start.
2019-09-05_01:03:51.070[Status]{'coordinate': [325.7752354769701, 454.7216580487592], 'id': 17}
2019-09-05_01:03:51.071[Status]Routing 22: Walk: 22
2019-09-05_01:03:51.180[Battery Energy]67.76
2019-09-05_01:03:51.180[Status]Routing Start.
2019-09-05_01:03:51.359[Status]{'coordinate': [334.81047345319604, 450.4362788691573], 'id': 17}
2019-09-05_01:03:51.361[Status]Routing 23: Walk: 23
2019-09-05_01:03:51.461[Battery Energy]67.56
2019-09-05_01:03:51.461[Status]Routing Start.
2019-09-05_01:03:51.882[Status]{'coordinate': [343.84571142942195, 446.15089968955544], 'id': 17}
2019-09-05_01:03:51.882[Status]Routing 24: Walk: 24
2019-09-05_01:03:51.982[Battery Energy]67.21
2019-09-05_01:03:51.982[Status]Routing Start.
2019-09-05_01:03:52.257[Status]{'coordinate': [352.88094940564787, 441.86552050995357], 'id': 17}
2019-09-05_01:03:52.257[Status]Routing 25: Walk: 25
2019-09-05_01:03:52.357[Battery Energy]66.95
2019-09-05_01:03:52.357[Status]Routing Start.
2019-09-05_01:03:52.828[Status]Routing 26: Walk: 25
2019-09-05_01:03:52.929[Battery Energy]66.59
2019-09-05_01:03:52.929[Status]Routing Start.
2019-09-05_01:03:53.272[Status]Routing 27: Walk: 25
2019-09-05_01:03:53.375[Battery Energy]66.23
2019-09-05_01:03:53.375[Status]Routing Start.
2019-09-05_01:03:53.737[Status]Routing 28: Walk: 25
2019-09-05_01:03:53.845[Battery Energy]65.92
2019-09-05_01:03:53.845[Status]Routing Start.
2019-09-05_01:03:53.994[Status]{'coordinate': [361.9161873818738, 437.5801413303517], 'id': 17}
2019-09-05_01:03:53.995[Status]Routing 29: Walk: 26
2019-09-05_01:03:54.096[Battery Energy]65.69
2019-09-05_01:03:54.096[Status]Routing Start.
2019-09-05_01:03:54.502[Status]{'coordinate': [370.9514253580997, 433.2947621507498], 'id': 17}
2019-09-05_01:03:54.504[Status]Routing 30: Walk: 27
2019-09-05_01:03:54.609[Battery Energy]65.37
2019-09-05_01:03:54.609[Status]Routing Start.
2019-09-05_01:03:54.769[Status]{'coordinate': [379.9866633343256, 429.00938297114794], 'id': 17}
2019-09-05_01:03:54.770[Status]Routing 31: Walk: 28
2019-09-05_01:03:54.871[Battery Energy]65.17
2019-09-05_01:03:54.871[Status]Routing Start.
2019-09-05_01:03:55.052[Status]{'coordinate': [389.0219013105515, 424.72400379154607], 'id': 17}
2019-09-05_01:03:55.052[Status]Routing 32: Walk: 29
2019-09-05_01:03:55.172[Battery Energy]64.97
2019-09-05_01:03:55.172[Status]Routing Start.
2019-09-05_01:03:55.518[Status]{'coordinate': [398.05713928677744, 420.4386246119442], 'id': 17}
2019-09-05_01:03:55.518[Status]Routing 33: Walk: 30
2019-09-05_01:03:55.620[Battery Energy]64.67
2019-09-05_01:03:55.620[Status]Routing Start.
2019-09-05_01:03:55.946[Status]{'coordinate': [407.09237726300336, 416.1532454323423], 'id': 17}
2019-09-05_01:03:55.946[Status]Routing 34: Walk: 31
2019-09-05_01:03:56.052[Battery Energy]64.35
2019-09-05_01:03:56.052[Status]Routing Start.
2019-09-05_01:03:56.404[Status]{'coordinate': [416.12761523922927, 411.86786625274044], 'id': 17}
2019-09-05_01:03:56.404[Status]Routing 35: Walk: 32
2019-09-05_01:03:56.504[Battery Energy]63.99
2019-09-05_01:03:56.504[Status]Routing Start.
2019-09-05_01:03:56.853[Status]{'coordinate': [425.1628532154552, 407.58248707313857], 'id': 17}
2019-09-05_01:03:56.854[Status]Routing 36: Walk: 33
2019-09-05_01:03:56.961[Battery Energy]63.66
2019-09-05_01:03:56.961[Status]Routing Start.
2019-09-05_01:03:57.322[Status]{'coordinate': [434.1980911916811, 403.2971078935367], 'id': 17}
2019-09-05_01:03:57.323[Status]Routing 37: Walk: 34
2019-09-05_01:03:57.424[Battery Energy]63.33
2019-09-05_01:03:57.424[Status]Routing Start.
2019-09-05_01:03:57.595[Status]{'coordinate': [443.233329167907, 399.0117287139348], 'id': 17}
2019-09-05_01:03:57.596[Status]Routing 38: Walk: 35
2019-09-05_01:03:57.696[Battery Energy]63.12
2019-09-05_01:03:57.696[Status]Routing Start.
2019-09-05_01:03:57.954[Status]{'coordinate': [452.26856714413293, 394.72634953433294], 'id': 17}
2019-09-05_01:03:57.955[Status]Routing 39: Walk: 36
2019-09-05_01:03:58.055[Battery Energy]62.90
2019-09-05_01:03:58.055[Status]Routing Start.
2019-09-05_01:03:58.265[Status]{'coordinate': [461.30380512035885, 390.44097035473106], 'id': 17}
2019-09-05_01:03:58.265[Status]Routing 40: Walk: 37
2019-09-05_01:03:58.365[Battery Energy]62.66
2019-09-05_01:03:58.366[Status]Routing Start.
2019-09-05_01:03:58.533[Status]{'coordinate': [470.33904309658476, 386.1555911751292], 'id': 17}
2019-09-05_01:03:58.533[Status]Routing 41: Walk: 38
2019-09-05_01:03:58.636[Battery Energy]62.44
2019-09-05_01:03:58.636[Status]Routing Start.
2019-09-05_01:03:58.984[Status]{'coordinate': [479.3742810728107, 381.8702119955273], 'id': 17}
2019-09-05_01:03:58.984[Status]Routing 42: Walk: 39
2019-09-05_01:03:59.092[Battery Energy]62.10
2019-09-05_01:03:59.092[Status]Routing Start.
2019-09-05_01:03:59.394[Status]{'coordinate': [488.4095190490366, 377.58483281592544], 'id': 17}
2019-09-05_01:03:59.394[Status]Routing 43: Walk: 40
2019-09-05_01:03:59.502[Battery Energy]61.81
2019-09-05_01:03:59.502[Status]Routing Start.
2019-09-05_01:03:59.841[Status]{'coordinate': [497.4447570252625, 373.29945363632356], 'id': 17}
2019-09-05_01:03:59.841[Status]Routing 44: Walk: 41
2019-09-05_01:03:59.948[Battery Energy]61.48
2019-09-05_01:03:59.948[Status]Routing Start.
2019-09-05_01:04:00.286[Status]{'coordinate': [506.4799950014884, 369.0140744567217], 'id': 17}
2019-09-05_01:04:00.286[Status]Routing 45: Walk: 42
2019-09-05_01:04:00.388[Battery Energy]61.18
2019-09-05_01:04:00.388[Status]Routing Start.
2019-09-05_01:04:00.760[Status]{'coordinate': [515.5152329777143, 364.7286952771198], 'id': 17}
2019-09-05_01:04:00.760[Status]Routing 46: Walk: 43
2019-09-05_01:04:00.860[Battery Energy]60.81
2019-09-05_01:04:00.860[Status]Routing Start.
2019-09-05_01:04:01.037[Status]{'coordinate': [524.5504709539401, 360.44331609751794], 'id': 17}
2019-09-05_01:04:01.038[Status]Routing 47: Walk: 44
2019-09-05_01:04:01.160[Battery Energy]60.59
2019-09-05_01:04:01.160[Status]Routing Start.
2019-09-05_01:04:01.507[Status]{'coordinate': [533.585708930166, 356.15793691791606], 'id': 17}
2019-09-05_01:04:01.507[Status]Routing 48: Walk: 45
2019-09-05_01:04:01.607[Battery Energy]60.28
2019-09-05_01:04:01.607[Status]Routing Start.
2019-09-05_01:04:01.953[Status]{'coordinate': [542.6209469063919, 351.8725577383142], 'id': 17}
2019-09-05_01:04:01.953[Status]Routing 49: Walk: 46
2019-09-05_01:04:02.053[Battery Energy]59.97
2019-09-05_01:04:02.053[Status]Routing Start.
2019-09-05_01:04:02.337[Status]{'coordinate': [551.6561848826177, 347.5871785587123], 'id': 17}
2019-09-05_01:04:02.337[Status]Routing 50: Walk: 47
2019-09-05_01:04:02.452[Battery Energy]59.68
2019-09-05_01:04:02.452[Status]Routing Start.
2019-09-05_01:04:02.803[Status]{'coordinate': [560.6914228588436, 343.30179937911043], 'id': 17}
2019-09-05_01:04:02.803[Status]Routing 51: Walk: 48
2019-09-05_01:04:02.907[Battery Energy]59.36
2019-09-05_01:04:02.907[Status]Routing Start.
2019-09-05_01:04:03.303[Status]{'coordinate': [569.7266608350694, 339.01642019950856], 'id': 17}
2019-09-05_01:04:03.303[Status]Routing 52: Walk: 49
2019-09-05_01:04:03.407[Battery Energy]59.00
2019-09-05_01:04:03.407[Status]Routing Start.
2019-09-05_01:04:03.550[Status]{'coordinate': [578.7618988112953, 334.7310410199067], 'id': 17}
2019-09-05_01:04:03.552[Status]Routing 53: Walk: 50
2019-09-05_01:04:03.668[Battery Energy]58.80
2019-09-05_01:04:03.668[Status]Routing Start.
2019-09-05_01:04:03.822[Status]{'coordinate': [587.7971367875211, 330.4456618403048], 'id': 17}
2019-09-05_01:04:03.822[Status]Routing 54: Walk: 51
2019-09-05_01:04:03.928[Battery Energy]58.57
2019-09-05_01:04:03.928[Status]Routing Start.
2019-09-05_01:04:04.274[Status]{'coordinate': [596.832374763747, 326.16028266070293], 'id': 17}
2019-09-05_01:04:04.274[Status]Routing 55: Walk: 52
2019-09-05_01:04:04.374[Battery Energy]58.25
2019-09-05_01:04:04.374[Status]Routing Start.
2019-09-05_01:04:04.709[Status]{'coordinate': [605.8676127399729, 321.87490348110106], 'id': 17}
2019-09-05_01:04:04.709[Status]Routing 56: Walk: 53
2019-09-05_01:04:04.809[Battery Energy]57.95
2019-09-05_01:04:04.809[Status]Routing Start.
2019-09-05_01:04:05.165[Status]{'coordinate': [614.9028507161987, 317.5895243014992], 'id': 17}
2019-09-05_01:04:05.165[Status]Routing 57: Walk: 54
2019-09-05_01:04:05.265[Battery Energy]57.63
2019-09-05_01:04:05.265[Status]Routing Start.
2019-09-05_01:04:05.427[Status]{'coordinate': [623.9380886924246, 313.3041451218973], 'id': 17}
2019-09-05_01:04:05.427[Status]Routing 58: Walk: 55
2019-09-05_01:04:05.527[Battery Energy]57.41
2019-09-05_01:04:05.527[Status]Routing Start.
2019-09-05_01:04:05.772[Status]{'coordinate': [632.9733266686504, 309.01876594229543], 'id': 17}
2019-09-05_01:04:05.772[Status]Routing 59: Walk: 56
2019-09-05_01:04:05.883[Battery Energy]57.18
2019-09-05_01:04:05.883[Status]Routing Start.
2019-09-05_01:04:06.045[Status]{'coordinate': [642.0085646448763, 304.73338676269356], 'id': 17}
2019-09-05_01:04:06.045[Status]Routing 60: Walk: 57
2019-09-05_01:04:06.145[Battery Energy]56.98
2019-09-05_01:04:06.145[Status]Routing Start.
2019-09-05_01:04:06.465[Status]{'coordinate': [651.0438026211021, 300.4480075830917], 'id': 17}
2019-09-05_01:04:06.466[Status]Routing 61: Walk: 58
2019-09-05_01:04:06.567[Battery Energy]56.73
2019-09-05_01:04:06.567[Status]Routing Start.
2019-09-05_01:04:06.724[Status]{'coordinate': [660.079040597328, 296.1626284034898], 'id': 17}
2019-09-05_01:04:06.724[Status]Routing 62: Walk: 59
2019-09-05_01:04:06.824[Battery Energy]56.48
2019-09-05_01:04:06.824[Status]Routing Start.
2019-09-05_01:04:07.084[Status]{'coordinate': [669.1142785735539, 291.87724922388793], 'id': 17}
2019-09-05_01:04:07.084[Status]Routing 63: Walk: 60
2019-09-05_01:04:07.200[Battery Energy]56.21
2019-09-05_01:04:07.200[Status]Routing Start.
2019-09-05_01:04:07.373[Status]{'coordinate': [678.1495165497797, 287.59187004428605], 'id': 17}
2019-09-05_01:04:07.373[Status]Routing 64: Walk: 61
2019-09-05_01:04:07.488[Battery Energy]56.01
2019-09-05_01:04:07.488[Status]Routing Start.
2019-09-05_01:04:07.751[Status]{'coordinate': [687.1847545260056, 283.3064908646842], 'id': 17}
2019-09-05_01:04:07.753[Status]Routing 65: Walk: 62
2019-09-05_01:04:07.853[Battery Energy]55.73
2019-09-05_01:04:07.854[Status]Routing Start.
2019-09-05_01:04:08.021[Status]{'coordinate': [696.2199925022314, 279.0211116850823], 'id': 17}
2019-09-05_01:04:08.021[Status]Routing 66: Walk: 63
2019-09-05_01:04:08.121[Battery Energy]55.50
2019-09-05_01:04:08.121[Status]Routing Start.
2019-09-05_01:04:08.297[Status]{'coordinate': [705.2552304784573, 274.7357325054804], 'id': 17}
2019-09-05_01:04:08.297[Status]Routing 67: Walk: 64
2019-09-05_01:04:08.397[Battery Energy]55.26
2019-09-05_01:04:08.397[Status]Routing Start.
2019-09-05_01:04:08.604[Status]{'coordinate': [714.2904684546832, 270.45035332587855], 'id': 17}
2019-09-05_01:04:08.604[Status]Routing 68: Walk: 65
2019-09-05_01:04:08.736[Battery Energy]55.00
2019-09-05_01:04:08.737[Status]Routing Start.
2019-09-05_01:04:08.974[Status]{'coordinate': [723.325706430909, 266.1649741462767], 'id': 17}
2019-09-05_01:04:08.974[Status]Routing 69: Walk: 66
2019-09-05_01:04:09.074[Battery Energy]54.74
2019-09-05_01:04:09.074[Status]Routing Start.
2019-09-05_01:04:09.479[Status]{'coordinate': [728.3710698041024, 274.7988787341465], 'id': 17}
2019-09-05_01:04:09.480[Status]Routing 70: Walk: 67
2019-09-05_01:04:09.582[Battery Energy]54.35
2019-09-05_01:04:09.582[Status]Routing Start.
2019-09-05_01:04:09.784[Status]{'coordinate': [737.2880523108875, 270.27257527837935], 'id': 17}
2019-09-05_01:04:09.784[Status]Routing 71: Walk: 68
2019-09-05_01:04:09.896[Battery Energy]54.13
2019-09-05_01:04:09.896[Status]Routing Start.
2019-09-05_01:04:10.135[Status]{'coordinate': [746.2050348176725, 265.7462718226122], 'id': 17}
2019-09-05_01:04:10.135[Status]Routing 72: Walk: 69
2019-09-05_01:04:10.248[Battery Energy]53.87
2019-09-05_01:04:10.248[Status]Routing Start.
2019-09-05_01:04:10.601[Status]{'coordinate': [750.9919313345973, 274.5261136057113], 'id': 17}
2019-09-05_01:04:10.603[Status]Routing 73: Walk: 70
2019-09-05_01:04:10.703[Battery Energy]53.52
2019-09-05_01:04:10.703[Status]Routing Start.
2019-09-05_01:04:10.914[Status]{'coordinate': [759.776440838603, 269.7477882950995], 'id': 17}
2019-09-05_01:04:10.914[Status]Routing 74: Walk: 71
2019-09-05_01:04:11.024[Battery Energy]53.25
2019-09-05_01:04:11.024[Status]Routing Start.
2019-09-05_01:04:11.381[Status]{'coordinate': [766.1578448221941, 277.4469884612341], 'id': 17}
2019-09-05_01:04:11.381[Status]Routing 75: Walk: 72
2019-09-05_01:04:11.481[Battery Energy]52.91
2019-09-05_01:04:11.482[Status]Routing Start.
2019-09-05_01:04:11.738[Status]{'coordinate': [774.8005001444724, 272.4166297284703], 'id': 17}
2019-09-05_01:04:11.738[Status]Routing 76: Walk: 73
2019-09-05_01:04:11.838[Battery Energy]52.65
2019-09-05_01:04:11.838[Status]Routing Start.
2019-09-05_01:04:12.089[Status]{'coordinate': [783.4431554667508, 267.38627099570647], 'id': 17}
2019-09-05_01:04:12.089[Status]Routing 77: Walk: 74
2019-09-05_01:04:12.189[Battery Energy]52.41
2019-09-05_01:04:12.189[Status]Routing Start.
2019-09-05_01:04:12.593[Status]{'coordinate': [789.0830064338004, 275.64412065947914], 'id': 17}
2019-09-05_01:04:12.593[Status]Routing 78: Walk: 75
2019-09-05_01:04:12.693[Battery Energy]52.01
2019-09-05_01:04:12.693[Status]Routing Start.
2019-09-05_01:04:12.866[Status]{'coordinate': [797.5640292357932, 270.3457952417573], 'id': 17}
2019-09-05_01:04:12.866[Status]Routing 79: Walk: 76
2019-09-05_01:04:12.976[Battery Energy]51.78
2019-09-05_01:04:12.976[Status]Routing Start.
2019-09-05_01:04:13.305[Status]{'coordinate': [804.7529315666063, 277.29703133888637], 'id': 17}
2019-09-05_01:04:13.312[Status]Routing 80: Walk: 77
2019-09-05_01:04:13.413[Battery Energy]51.39
2019-09-05_01:04:13.413[Status]Routing Start.
2019-09-05_01:04:13.598[Status]{'coordinate': [813.061948506341, 271.732838900158], 'id': 17}
2019-09-05_01:04:13.598[Status]Routing 81: Walk: 78
2019-09-05_01:04:13.703[Battery Energy]51.15
2019-09-05_01:04:13.703[Status]Routing Start.
2019-09-05_01:04:13.843[Status]{'coordinate': [821.3709654460756, 266.16864646142966], 'id': 17}
2019-09-05_01:04:13.843[Status]Routing 82: Walk: 79
2019-09-05_01:04:13.948[Battery Energy]50.95
2019-09-05_01:04:13.948[Status]Routing Start.
2019-09-05_01:04:14.373[Status]{'coordinate': [827.4867243546979, 274.08050420608146], 'id': 17}
2019-09-05_01:04:14.373[Status]Routing 83: Walk: 80
2019-09-05_01:04:14.476[Battery Energy]50.48
2019-09-05_01:04:14.476[Status]Routing Start.
2019-09-05_01:04:14.716[Status]{'coordinate': [835.5965768984067, 268.22983828506875], 'id': 17}
2019-09-05_01:04:14.716[Status]Routing 84: Walk: 81
2019-09-05_01:04:14.816[Battery Energy]50.27
2019-09-05_01:04:14.816[Status]Routing Start.
2019-09-05_01:04:15.265[Status]{'coordinate': [843.3751373122473, 274.5142633095426], 'id': 17}
2019-09-05_01:04:15.265[Status]Routing 85: Walk: 82
2019-09-05_01:04:15.365[Battery Energy]49.86
2019-09-05_01:04:15.365[Status]Routing Start.
2019-09-05_01:04:15.577[Status]{'coordinate': [851.273589774178, 268.3812013738844], 'id': 17}
2019-09-05_01:04:15.577[Status]Routing 86: Walk: 83
2019-09-05_01:04:15.677[Battery Energy]49.63
2019-09-05_01:04:15.677[Status]Routing Start.
2019-09-05_01:04:15.980[Status]{'coordinate': [860.2564250222945, 272.77536465091407], 'id': 17}
2019-09-05_01:04:15.980[Status]Routing 87: Walk: 84
2019-09-05_01:04:16.080[Battery Energy]49.28
2019-09-05_01:04:16.080[Status]Routing Start.
2019-09-05_01:04:16.256[Status]{'coordinate': [867.9377324787581, 266.3724344030294], 'id': 17}
2019-09-05_01:04:16.256[Status]Routing 88: Walk: 85
2019-09-05_01:04:16.356[Battery Energy]49.08
2019-09-05_01:04:16.356[Status]Routing Start.
2019-09-05_01:04:16.655[Status]{'coordinate': [877.7328487577547, 268.38631053649357], 'id': 17}
2019-09-05_01:04:16.655[Status]Routing 89: Walk: 86
2019-09-05_01:04:16.755[Battery Energy]48.73
2019-09-05_01:04:16.755[Status]Routing Start.
2019-09-05_01:04:16.934[Status]{'coordinate': [885.2043188782171, 261.73972237119875], 'id': 17}
2019-09-05_01:04:16.934[Status]Routing 90: Walk: 87
2019-09-05_01:04:17.052[Battery Energy]48.53
2019-09-05_01:04:17.052[Status]Routing Start.
2019-09-05_01:04:17.427[Status]{'coordinate': [892.6757889986795, 255.0931342059039], 'id': 17}
2019-09-05_01:04:17.431[Status]Routing 91: Walk: 88
2019-09-05_01:04:17.531[Battery Energy]48.14
2019-09-05_01:04:17.532[Status]Routing Start.
2019-09-05_01:04:17.903[Status]{'coordinate': [900.147259119142, 248.44654604060906], 'id': 17}
2019-09-05_01:04:17.903[Status]Routing 92: Walk: 89
2019-09-05_01:04:18.003[Battery Energy]47.79
2019-09-05_01:04:18.003[Status]Routing Start.
2019-09-05_01:04:18.347[Status]{'coordinate': [907.6187292396044, 241.79995787531422], 'id': 17}
2019-09-05_01:04:18.347[Status]Routing 93: Walk: 90
2019-09-05_01:04:18.447[Battery Energy]47.42
2019-09-05_01:04:18.447[Status]Routing Start.
2019-09-05_01:04:18.580[Status]{'coordinate': [915.0901993600668, 235.15336971001938], 'id': 17}
2019-09-05_01:04:18.581[Status]Routing 94: Walk: 91
2019-09-05_01:04:18.688[Battery Energy]47.20
2019-09-05_01:04:18.688[Status]Routing Start.
2019-09-05_01:04:18.999[Status]{'coordinate': [922.5616694805292, 228.50678154472453], 'id': 17}
2019-09-05_01:04:18.999[Status]Routing 95: Walk: 92
2019-09-05_01:04:19.104[Battery Energy]46.85
2019-09-05_01:04:19.104[Status]Routing Start.
2019-09-05_01:04:19.285[Status]{'coordinate': [930.0331396009916, 221.8601933794297], 'id': 17}
2019-09-05_01:04:19.285[Status]Routing 96: Walk: 93
2019-09-05_01:04:19.396[Battery Energy]46.64
2019-09-05_01:04:19.396[Status]Routing Start.
2019-09-05_01:04:19.646[Status]{'coordinate': [937.504609721454, 215.21360521413484], 'id': 17}
2019-09-05_01:04:19.646[Status]Routing 97: Walk: 94
2019-09-05_01:04:19.756[Battery Energy]46.36
2019-09-05_01:04:19.756[Status]Routing Start.
2019-09-05_01:04:20.067[Status]{'coordinate': [944.9760798419164, 208.56701704884], 'id': 17}
2019-09-05_01:04:20.067[Status]Routing 98: Walk: 95
2019-09-05_01:04:20.176[Battery Energy]46.06
2019-09-05_01:04:20.176[Status]Routing Start.
2019-09-05_01:04:20.415[Status]{'coordinate': [952.4475499623788, 201.92042888354516], 'id': 17}
2019-09-05_01:04:20.415[Status]Routing 99: Walk: 96
2019-09-05_01:04:20.515[Battery Energy]45.82
2019-09-05_01:04:20.515[Status]Routing Start.
2019-09-05_01:04:20.840[Status]{'coordinate': [959.9190200828413, 195.2738407182503], 'id': 17}
2019-09-05_01:04:20.840[Status]Routing 100: Walk: 97
2019-09-05_01:04:20.940[Battery Energy]45.46
2019-09-05_01:04:20.940[Status]Routing Start.
2019-09-05_01:04:21.380[Status]{'coordinate': [967.3904902033037, 188.62725255295547], 'id': 17}
2019-09-05_01:04:21.380[Status]Routing 101: Walk: 98
2019-09-05_01:04:21.504[Battery Energy]45.04
2019-09-05_01:04:21.504[Status]Routing Start.
2019-09-05_01:04:21.860[Status]{'coordinate': [974.8619603237661, 181.98066438766062], 'id': 17}
2019-09-05_01:04:21.860[Status]Routing 102: Walk: 99
2019-09-05_01:04:21.968[Battery Energy]44.71
2019-09-05_01:04:21.968[Status]Routing Start.
2019-09-05_01:04:22.510[Status]{'coordinate': [982.3334304442285, 175.33407622236578], 'id': 17}
2019-09-05_01:04:22.520[Status]Routing 103: Walk: 100
2019-09-05_01:04:22.620[Battery Energy]44.24
2019-09-05_01:04:22.621[Status]Routing Start.
2019-09-05_01:04:22.969[Status]{'coordinate': [989.8049005646909, 168.68748805707094], 'id': 17}
2019-09-05_01:04:22.969[Status]Routing 104: Walk: 101
2019-09-05_01:04:23.069[Battery Energy]43.85
2019-09-05_01:04:23.069[Status]Routing Start.
2019-09-05_01:04:23.552[Status]{'coordinate': [997.2763706851533, 162.0408998917761], 'id': 17}
2019-09-05_01:04:23.552[Status]Routing 105: Walk: 102
2019-09-05_01:04:23.652[Battery Energy]43.40
2019-09-05_01:04:23.653[Status]Routing Start.
2019-09-05_01:04:24.020[Status]{'coordinate': [1004.7478408056157, 155.39431172648125], 'id': 17}
2019-09-05_01:04:24.020[Status]Routing 106: Walk: 103
2019-09-05_01:04:24.120[Battery Energy]43.04
2019-09-05_01:04:24.121[Status]Routing Start.
2019-09-05_01:04:24.431[Status]{'coordinate': [1012.2193109260782, 148.7477235611864], 'id': 17}
2019-09-05_01:04:24.431[Status]Routing 107: Walk: 104
2019-09-05_01:04:24.532[Battery Energy]42.64
2019-09-05_01:04:24.532[Status]Routing Start.
2019-09-05_01:04:24.832[Status]{'coordinate': [1019.6907810465406, 142.1011353958916], 'id': 17}
2019-09-05_01:04:24.832[Status]Routing 108: Walk: 105
2019-09-05_01:04:24.933[Battery Energy]42.29
2019-09-05_01:04:24.933[Status]Routing Start.
2019-09-05_01:04:25.295[Status]{'coordinate': [1027.162251167003, 135.45454723059677], 'id': 17}
2019-09-05_01:04:25.295[Status]Routing 109: Walk: 106
2019-09-05_01:04:25.395[Battery Energy]41.93
2019-09-05_01:04:25.395[Status]Routing Start.
2019-09-05_01:04:25.831[Status]{'coordinate': [1034.6337212874655, 128.80795906530193], 'id': 17}
2019-09-05_01:04:25.831[Status]Routing 110: Walk: 107
2019-09-05_01:04:25.931[Battery Energy]41.55
2019-09-05_01:04:25.931[Status]Routing Start.
2019-09-05_01:04:26.433[Status]{'coordinate': [1042.1051914079278, 122.16137090000709], 'id': 17}
2019-09-05_01:04:26.433[Status]Routing 111: Walk: 108
2019-09-05_01:04:26.533[Battery Energy]41.10
2019-09-05_01:04:26.533[Status]Routing Start.
2019-09-05_01:04:26.712[Status]{'coordinate': [1049.5766615283903, 115.51478273471227], 'id': 17}
2019-09-05_01:04:26.712[Status]Routing 112: Walk: 109
2019-09-05_01:04:26.829[Battery Energy]40.87
2019-09-05_01:04:26.829[Status]Routing Start.
2019-09-05_01:04:26.829[Status]Task Finished.
2019-09-05_01:04:26.932[Battery Energy]40.87
2019-09-05_01:04:27.189[Status]Routing 114: Walk: 109
2019-09-05_01:04:27.304[Battery Energy]40.73
2019-09-05_01:04:27.645[Status]Routing 115: Walk: 109
2019-09-05_01:04:27.760[Battery Energy]40.54
2019-09-05_01:04:28.109[Status]Routing 116: Walk: 109
2019-09-05_01:04:28.212[Battery Energy]40.27
2019-09-05_01:04:28.606[Status]Routing 117: Walk: 109
2019-09-05_01:04:28.706[Battery Energy]40.01
2019-09-05_01:04:29.076[Status]Routing 118: Walk: 109
2019-09-05_01:04:29.180[Battery Energy]39.80
2019-09-05_01:04:29.548[Status]Routing 119: Walk: 109
2019-09-05_01:04:29.651[Battery Energy]39.61
2019-09-05_01:04:29.961[Status]Routing 120: Walk: 109
2019-09-05_01:04:30.064[Battery Energy]39.43
2019-09-05_01:04:30.385[Status]Routing 121: Walk: 109
2019-09-05_01:04:30.497[Battery Energy]39.19
2019-09-05_01:04:30.786[Status]Routing 122: Walk: 109
2019-09-05_01:04:30.886[Battery Energy]38.98
2019-09-05_01:04:31.235[Status]Routing 123: Walk: 109
2019-09-05_01:04:31.340[Battery Energy]38.74
2019-09-05_01:04:31.664[Status]Routing 124: Walk: 109
2019-09-05_01:04:31.764[Battery Energy]38.55
2019-09-05_01:04:32.074[Status]Routing 125: Walk: 109
2019-09-05_01:04:32.188[Battery Energy]38.36
2019-09-05_01:04:32.544[Status]Routing 126: Walk: 109
2019-09-05_01:04:32.644[Battery Energy]38.14
2019-09-05_01:04:33.039[Status]Routing 127: Walk: 109
2019-09-05_01:04:33.140[Battery Energy]37.91
2019-09-05_01:04:33.441[Status]Routing 128: Walk: 109
2019-09-05_01:04:33.546[Battery Energy]37.78
2019-09-05_01:04:33.768[Status]Routing 129: Walk: 109
2019-09-05_01:04:33.870[Battery Energy]37.64
2019-09-05_01:04:34.195[Status]Routing 130: Walk: 109
2019-09-05_01:04:34.296[Battery Energy]37.40
2019-09-05_01:04:34.464[Status]Routing 131: Walk: 109
2019-09-05_01:04:34.572[Battery Energy]37.26
2019-09-05_01:04:34.901[Status]Routing 132: Walk: 109
2019-09-05_01:04:35.005[Battery Energy]37.05
2019-09-05_01:04:35.336[Status]Routing 133: Walk: 109
2019-09-05_01:04:35.436[Battery Energy]36.86
2019-09-05_01:04:35.742[Status]Routing 134: Walk: 109
2019-09-05_01:04:35.851[Battery Energy]36.65
2019-09-05_01:04:36.169[Status]Routing 135: Walk: 109
2019-09-05_01:04:36.272[Battery Energy]36.47
2019-09-05_01:04:36.549[Status]Routing 136: Walk: 109
2019-09-05_01:04:36.652[Battery Energy]36.28
2019-09-05_01:04:36.921[Status]Routing 137: Walk: 109
2019-09-05_01:04:37.022[Battery Energy]36.04
2019-09-05_01:04:37.358[Status]Routing 138: Walk: 109
2019-09-05_01:04:37.458[Battery Energy]35.86
2019-09-05_01:04:37.837[Status]Routing 139: Walk: 109
2019-09-05_01:04:37.940[Battery Energy]35.64
2019-09-05_01:04:38.097[Status]Routing 140: Walk: 109
2019-09-05_01:04:38.204[Battery Energy]35.55
2019-09-05_01:04:38.544[Status]Routing 141: Walk: 109
2019-09-05_01:04:38.660[Battery Energy]35.33
2019-09-05_01:04:38.853[Status]Routing 142: Walk: 109
2019-09-05_01:04:38.953[Battery Energy]35.22
2019-09-05_01:04:39.335[Status]Routing 143: Walk: 109
2019-09-05_01:04:39.452[Battery Energy]34.97
2019-09-05_01:04:39.682[Status]Routing 144: Walk: 109
2019-09-05_01:04:39.800[Battery Energy]34.84
2019-09-05_01:04:39.976[Status]Routing 145: Walk: 109
2019-09-05_01:04:40.089[Battery Energy]34.71
2019-09-05_01:04:40.271[Status]Routing 146: Walk: 109
2019-09-05_01:04:40.372[Battery Energy]34.59
2019-09-05_01:04:40.562[Status]Routing 147: Walk: 109
2019-09-05_01:04:40.663[Battery Energy]34.44
2019-09-05_01:04:40.910[Status]Routing 148: Walk: 109
2019-09-05_01:04:41.011[Battery Energy]34.25
2019-09-05_01:04:41.181[Status]Routing 149: Walk: 109
2019-09-05_01:04:41.288[Battery Energy]34.14
2019-09-05_01:04:41.566[Status]Routing 150: Walk: 109
2019-09-05_01:04:41.680[Battery Energy]33.98
2019-09-05_01:04:41.811[Status]Routing 151: Walk: 109
2019-09-05_01:04:41.924[Battery Energy]33.88
2019-09-05_01:04:42.096[Status]Routing 152: Walk: 109
2019-09-05_01:04:42.213[Battery Energy]33.77
2019-09-05_01:04:42.420[Status]Routing 153: Walk: 109
2019-09-05_01:04:42.532[Battery Energy]33.66
2019-09-05_01:04:42.826[Status]Routing 154: Walk: 109
2019-09-05_01:04:42.932[Battery Energy]33.47
2019-09-05_01:04:43.143[Status]Routing 155: Walk: 109
2019-09-05_01:04:43.248[Battery Energy]33.37
2019-09-05_01:04:43.465[Status]Routing 156: Walk: 109
2019-09-05_01:04:43.576[Battery Energy]33.26
2019-09-05_01:04:43.830[Status]Routing 157: Walk: 109
2019-09-05_01:04:43.944[Battery Energy]33.10
2019-09-05_01:04:44.114[Status]Routing 158: Walk: 109
2019-09-05_01:04:44.221[Battery Energy]33.00
2019-09-05_01:04:44.433[Status]Routing 159: Walk: 109
2019-09-05_01:04:44.556[Battery Energy]32.90
2019-09-05_01:04:44.752[Status]Routing 160: Walk: 109
2019-09-05_01:04:44.852[Battery Energy]32.77
2019-09-05_01:04:45.028[Status]Routing 161: Walk: 109
2019-09-05_01:04:45.144[Battery Energy]32.68
2019-09-05_01:04:45.366[Status]Routing 162: Walk: 109
2019-09-05_01:04:45.476[Battery Energy]32.59
2019-09-05_01:04:45.649[Status]Routing 163: Walk: 109
2019-09-05_01:04:45.760[Battery Energy]32.48
2019-09-05_01:04:45.957[Status]Routing 164: Walk: 109
2019-09-05_01:04:46.068[Battery Energy]32.38
2019-09-05_01:04:46.238[Status]Routing 165: Walk: 109
2019-09-05_01:04:46.368[Battery Energy]32.27
2019-09-05_01:04:46.568[Status]Routing 166: Walk: 109
2019-09-05_01:04:46.676[Battery Energy]32.17
2019-09-05_01:04:46.995[Status]Routing 167: Walk: 109
2019-09-05_01:04:47.096[Battery Energy]32.01
2019-09-05_01:04:47.254[Status]Routing 168: Walk: 109
2019-09-05_01:04:47.364[Battery Energy]31.88
2019-09-05_01:04:47.581[Status]Routing 169: Walk: 109
2019-09-05_01:04:47.696[Battery Energy]31.69
2019-09-05_01:04:47.845[Status]Routing 170: Walk: 109
2019-09-05_01:04:47.949[Battery Energy]31.58
2019-09-05_01:04:48.139[Status]Routing 171: Walk: 109
2019-09-05_01:04:48.276[Battery Energy]31.46
2019-09-05_01:04:48.519[Status]Routing 172: Walk: 109
2019-09-05_01:04:48.622[Battery Energy]31.32
2019-09-05_01:04:48.822[Status]Routing 173: Walk: 109
2019-09-05_01:04:48.928[Battery Energy]31.19
2019-09-05_01:04:49.084[Status]Routing 174: Walk: 109
2019-09-05_01:04:49.216[Battery Energy]31.08
2019-09-05_01:04:49.397[Status]Routing 175: Walk: 109
2019-09-05_01:04:49.512[Battery Energy]30.96
2019-09-05_01:04:49.711[Status]Routing 176: Walk: 109
2019-09-05_01:04:49.811[Battery Energy]30.86
2019-09-05_01:04:49.994[Status]Routing 177: Walk: 109
2019-09-05_01:04:50.108[Battery Energy]30.72
2019-09-05_01:04:50.284[Status]Routing 178: Walk: 109
2019-09-05_01:04:50.401[Battery Energy]30.64
2019-09-05_01:04:50.567[Status]Routing 179: Walk: 109
2019-09-05_01:04:50.671[Battery Energy]30.53
2019-09-05_01:04:50.944[Status]Routing 180: Walk: 109
2019-09-05_01:04:51.056[Battery Energy]30.34
2019-09-05_01:04:51.225[Status]Routing 181: Walk: 109
2019-09-05_01:04:51.339[Battery Energy]30.22
2019-09-05_01:04:51.535[Status]Routing 182: Walk: 109
2019-09-05_01:04:51.640[Battery Energy]30.08
2019-09-05_01:04:51.837[Status]Routing 183: Walk: 109
2019-09-05_01:04:51.938[Battery Energy]29.95
2019-09-05_01:04:52.099[Status]Routing 184: Walk: 109
2019-09-05_01:04:52.200[Battery Energy]29.83
2019-09-05_01:04:52.392[Status]Routing 185: Walk: 109
2019-09-05_01:04:52.492[Battery Energy]29.71
2019-09-05_01:04:52.718[Status]Routing 186: Walk: 109
2019-09-05_01:04:52.820[Battery Energy]29.58
2019-09-05_01:04:52.990[Status]Routing 187: Walk: 109
2019-09-05_01:04:53.112[Battery Energy]29.46
2019-09-05_01:04:53.290[Status]Routing 188: Walk: 109
2019-09-05_01:04:53.399[Battery Energy]29.33
2019-09-05_01:04:53.557[Status]Routing 189: Walk: 109
2019-09-05_01:04:53.659[Battery Energy]29.21
2019-09-05_01:04:53.904[Status]Routing 190: Walk: 109
2019-09-05_01:04:54.004[Battery Energy]29.08
2019-09-05_01:04:54.227[Status]Routing 191: Walk: 109
2019-09-05_01:04:54.336[Battery Energy]28.94
2019-09-05_01:04:54.537[Status]Routing 192: Walk: 109
2019-09-05_01:04:54.637[Battery Energy]28.82
2019-09-05_01:04:54.797[Status]Routing 193: Walk: 109
2019-09-05_01:04:54.897[Battery Energy]28.71
2019-09-05_01:04:55.125[Status]Routing 194: Walk: 109
2019-09-05_01:04:55.240[Battery Energy]28.53
2019-09-05_01:04:55.406[Status]Routing 195: Walk: 109
2019-09-05_01:04:55.507[Battery Energy]28.42
2019-09-05_01:04:55.727[Status]Routing 196: Walk: 109
2019-09-05_01:04:55.836[Battery Energy]28.27
2019-09-05_01:04:56.037[Status]Routing 197: Walk: 109
2019-09-05_01:04:56.154[Battery Energy]28.17
2019-09-05_01:04:56.301[Status]Routing 198: Walk: 109
2019-09-05_01:04:56.408[Battery Energy]28.06
2019-09-05_01:04:56.605[Status]Routing 199: Walk: 109
2019-09-05_01:04:56.723[Battery Energy]27.95
2019-09-05_01:04:56.929[Status]Routing 200: Walk: 109
2019-09-05_01:04:57.040[Battery Energy]27.86
2019-09-05_01:04:57.238[Status]Routing 201: Walk: 109
2019-09-05_01:04:57.344[Battery Energy]27.71
2019-09-05_01:04:57.616[Status]Routing 202: Walk: 109
2019-09-05_01:04:57.717[Battery Energy]27.55
2019-09-05_01:04:57.867[Status]Routing 203: Walk: 109
2019-09-05_01:04:57.968[Battery Energy]27.45
2019-09-05_01:04:58.190[Status]Routing 204: Walk: 109
2019-09-05_01:04:58.308[Battery Energy]27.32
2019-09-05_01:04:58.511[Status]Routing 205: Walk: 109
2019-09-05_01:04:58.623[Battery Energy]27.18
2019-09-05_01:04:58.787[Status]Routing 206: Walk: 109
2019-09-05_01:04:58.904[Battery Energy]27.06
2019-09-05_01:04:59.072[Status]Routing 207: Walk: 109
2019-09-05_01:04:59.180[Battery Energy]26.95
2019-09-05_01:04:59.354[Status]Routing 208: Walk: 109
2019-09-05_01:04:59.464[Battery Energy]26.86
2019-09-05_01:04:59.625[Status]Routing 209: Walk: 109
2019-09-05_01:04:59.726[Battery Energy]26.72
2019-09-05_01:04:59.897[Status]Routing 210: Walk: 109
2019-09-05_01:05:00.008[Battery Energy]26.64
2019-09-05_01:05:00.235[Status]Routing 211: Walk: 109
2019-09-05_01:05:00.335[Battery Energy]26.55
2019-09-05_01:05:00.577[Status]Routing 212: Walk: 109
2019-09-05_01:05:00.684[Battery Energy]26.43
2019-09-05_01:05:00.846[Status]Routing 213: Walk: 109
2019-09-05_01:05:00.956[Battery Energy]26.31
2019-09-05_01:05:01.105[Status]Routing 214: Walk: 109
2019-09-05_01:05:01.216[Battery Energy]26.18
2019-09-05_01:05:01.360[Status]Routing 215: Walk: 109
2019-09-05_01:05:01.468[Battery Energy]26.08
2019-09-05_01:05:01.644[Status]Routing 216: Walk: 109
2019-09-05_01:05:01.752[Battery Energy]25.97
2019-09-05_01:05:01.989[Status]Routing 217: Walk: 109
2019-09-05_01:05:02.096[Battery Energy]25.85
2019-09-05_01:05:02.320[Status]Routing 218: Walk: 109
2019-09-05_01:05:02.424[Battery Energy]25.70
2019-09-05_01:05:02.612[Status]Routing 219: Walk: 109
2019-09-05_01:05:02.720[Battery Energy]25.57
2019-09-05_01:05:02.901[Status]Routing 220: Walk: 109
2019-09-05_01:05:03.020[Battery Energy]25.45
2019-09-05_01:05:03.211[Status]Routing 221: Walk: 109
2019-09-05_01:05:03.320[Battery Energy]25.34
2019-09-05_01:05:03.581[Status]Routing 222: Walk: 109
2019-09-05_01:05:03.700[Battery Energy]25.20
2019-09-05_01:05:03.880[Status]Routing 223: Walk: 109
2019-09-05_01:05:03.980[Battery Energy]25.08
2019-09-05_01:05:04.235[Status]Routing 224: Walk: 109
2019-09-05_01:05:04.345[Battery Energy]24.92
2019-09-05_01:05:04.534[Status]Routing 225: Walk: 109
2019-09-05_01:05:04.634[Battery Energy]24.84
2019-09-05_01:05:04.824[Status]Routing 226: Walk: 109
2019-09-05_01:05:04.928[Battery Energy]24.74
2019-09-05_01:05:05.190[Status]Routing 227: Walk: 109
2019-09-05_01:05:05.291[Battery Energy]24.56
2019-09-05_01:05:05.559[Status]Routing 228: Walk: 109
2019-09-05_01:05:05.659[Battery Energy]24.44
2019-09-05_01:05:05.898[Status]Routing 229: Walk: 109
2019-09-05_01:05:06.012[Battery Energy]24.32
2019-09-05_01:05:06.172[Status]Routing 230: Walk: 109
2019-09-05_01:05:06.284[Battery Energy]24.21
2019-09-05_01:05:06.519[Status]Routing 231: Walk: 109
2019-09-05_01:05:06.619[Battery Energy]24.08
2019-09-05_01:05:06.763[Status]Routing 232: Walk: 109
2019-09-05_01:05:06.868[Battery Energy]24.00
2019-09-05_01:05:07.033[Status]Routing 233: Walk: 109
2019-09-05_01:05:07.133[Battery Energy]23.88
2019-09-05_01:05:07.377[Status]Routing 234: Walk: 109
2019-09-05_01:05:07.488[Battery Energy]23.74
2019-09-05_01:05:07.693[Status]Routing 235: Walk: 109
2019-09-05_01:05:07.793[Battery Energy]23.61
2019-09-05_01:05:07.972[Status]Routing 236: Walk: 109
2019-09-05_01:05:08.085[Battery Energy]23.48
2019-09-05_01:05:08.309[Status]Routing 237: Walk: 109
2019-09-05_01:05:08.412[Battery Energy]23.38
2019-09-05_01:05:08.646[Status]Routing 238: Walk: 109
2019-09-05_01:05:08.756[Battery Energy]23.26
2019-09-05_01:05:08.913[Status]Routing 239: Walk: 109
2019-09-05_01:05:09.029[Battery Energy]23.13
2019-09-05_01:05:09.201[Status]Routing 240: Walk: 109
2019-09-05_01:05:09.316[Battery Energy]23.04
2019-09-05_01:05:09.539[Status]Routing 241: Walk: 109
2019-09-05_01:05:09.639[Battery Energy]22.86
2019-09-05_01:05:09.855[Status]Routing 242: Walk: 109
2019-09-05_01:05:09.964[Battery Energy]22.65
2019-09-05_01:05:10.157[Status]Routing 243: Walk: 109
2019-09-05_01:05:10.257[Battery Energy]22.52
2019-09-05_01:05:10.459[Status]Routing 244: Walk: 109
2019-09-05_01:05:10.580[Battery Energy]22.41
2019-09-05_01:05:10.732[Status]Routing 245: Walk: 109
2019-09-05_01:05:10.872[Battery Energy]22.30
2019-09-05_01:05:11.046[Status]Routing 246: Walk: 109
2019-09-05_01:05:11.152[Battery Energy]22.22
2019-09-05_01:05:11.320[Status]Routing 247: Walk: 109
2019-09-05_01:05:11.420[Battery Energy]22.12
2019-09-05_01:05:11.808[Status]Routing 248: Walk: 109
2019-09-05_01:05:11.908[Battery Energy]21.87
2019-09-05_01:05:12.116[Status]Routing 249: Walk: 109
2019-09-05_01:05:12.228[Battery Energy]21.76
2019-09-05_01:05:12.370[Status]Routing 250: Walk: 109
2019-09-05_01:05:12.476[Battery Energy]21.67
2019-09-05_01:05:12.702[Status]Routing 251: Walk: 109
2019-09-05_01:05:12.806[Battery Energy]21.56
2019-09-05_01:05:13.003[Status]Routing 252: Walk: 109
2019-09-05_01:05:13.104[Battery Energy]21.48
