2019-09-05_01:03:34.008[Status]Start.
2019-09-05_01:03:34.009[Battery Energy]75.00
2019-09-05_01:03:35.110[Battery Energy]74.96
2019-09-05_01:03:36.211[Battery Energy]74.92
2019-09-05_01:03:37.312[Battery Energy]74.88
2019-09-05_01:03:38.414[Battery Energy]74.84
2019-09-05_01:03:39.515[Task]A New Task Released.
2019-09-05_01:03:39.515[Battery Energy]74.80
2019-09-05_01:03:39.515[Status]Selection Start.
2019-09-05_01:03:42.063[Status]Selection End: Do Task 1.
2019-09-05_01:03:42.163[Battery Energy]72.97
2019-09-05_01:03:42.163[Status]Formation Start.
2019-09-05_01:03:42.368[Status]Formation End: To Position 3.
2019-09-05_01:03:42.468[Battery Energy]72.78
2019-09-05_01:03:42.468[Status]Routing Start.
2019-09-05_01:03:42.604[Status]{'id': 8, 'coordinate': [65.98196104062995, 680.600378033697]}
2019-09-05_01:03:42.605[Status]Routing 1: Walk: 1
2019-09-05_01:03:42.705[Battery Energy]72.57
2019-09-05_01:03:42.705[Status]Routing Start.
2019-09-05_01:03:42.868[Status]{'id': 8, 'coordinate': [75.96392208125991, 681.200756067394]}
2019-09-05_01:03:42.868[Status]Routing 2: Walk: 2
2019-09-05_01:03:42.969[Battery Energy]72.34
2019-09-05_01:03:42.969[Status]Routing Start.
2019-09-05_01:03:43.186[Status]{'id': 8, 'coordinate': [85.94588312188986, 681.801134101091]}
2019-09-05_01:03:43.186[Status]Routing 3: Walk: 3
2019-09-05_01:03:43.300[Battery Energy]72.13
2019-09-05_01:03:43.300[Status]Routing Start.
2019-09-05_01:03:43.477[Status]{'id': 8, 'coordinate': [95.92784416251982, 682.4015121347879]}
2019-09-05_01:03:43.477[Status]Routing 4: Walk: 4
2019-09-05_01:03:43.577[Battery Energy]71.89
2019-09-05_01:03:43.577[Status]Routing Start.
2019-09-05_01:03:43.761[Status]{'id': 8, 'coordinate': [105.90980520314977, 683.0018901684849]}
2019-09-05_01:03:43.761[Status]Routing 5: Walk: 5
2019-09-05_01:03:43.864[Battery Energy]71.66
2019-09-05_01:03:43.864[Status]Routing Start.
2019-09-05_01:03:44.346[Status]{'id': 8, 'coordinate': [115.89176624377973, 683.6022682021819]}
2019-09-05_01:03:44.346[Status]Routing 6: Walk: 6
2019-09-05_01:03:44.448[Battery Energy]71.33
2019-09-05_01:03:44.448[Status]Routing Start.
2019-09-05_01:03:44.779[Status]{'id': 8, 'coordinate': [125.87372728440968, 684.2026462358789]}
2019-09-05_01:03:44.782[Status]Routing 7: Walk: 7
2019-09-05_01:03:44.882[Battery Energy]71.08
2019-09-05_01:03:44.882[Status]Routing Start.
2019-09-05_01:03:45.226[Status]{'id': 8, 'coordinate': [135.85568832503964, 684.8030242695759]}
2019-09-05_01:03:45.226[Status]Routing 8: Walk: 8
2019-09-05_01:03:45.326[Battery Energy]70.78
2019-09-05_01:03:45.326[Status]Routing Start.
2019-09-05_01:03:45.679[Status]{'id': 8, 'coordinate': [145.8376493656696, 685.4034023032729]}
2019-09-05_01:03:45.682[Status]Routing 9: Walk: 9
2019-09-05_01:03:45.792[Battery Energy]70.48
2019-09-05_01:03:45.792[Status]Routing Start.
2019-09-05_01:03:46.184[Status]{'id': 8, 'coordinate': [155.81961040629955, 686.0037803369698]}
2019-09-05_01:03:46.184[Status]Routing 10: Walk: 10
2019-09-05_01:03:46.305[Battery Energy]70.13
2019-09-05_01:03:46.305[Status]Routing Start.
2019-09-05_01:03:46.637[Status]{'id': 8, 'coordinate': [165.8015714469295, 686.6041583706668]}
2019-09-05_01:03:46.637[Status]Routing 11: Walk: 11
2019-09-05_01:03:46.745[Battery Energy]69.82
2019-09-05_01:03:46.746[Status]Routing Start.
2019-09-05_01:03:47.121[Status]{'id': 8, 'coordinate': [175.78353248755946, 687.2045364043638]}
2019-09-05_01:03:47.121[Status]Routing 12: Walk: 12
2019-09-05_01:03:47.224[Battery Energy]69.47
2019-09-05_01:03:47.224[Status]Routing Start.
2019-09-05_01:03:47.638[Status]{'id': 8, 'coordinate': [185.7654935281894, 687.8049144380608]}
2019-09-05_01:03:47.638[Status]Routing 13: Walk: 13
2019-09-05_01:03:47.740[Battery Energy]69.14
2019-09-05_01:03:47.740[Status]Routing Start.
2019-09-05_01:03:48.111[Status]{'id': 8, 'coordinate': [195.74745456881936, 688.4052924717578]}
2019-09-05_01:03:48.111[Status]Routing 14: Walk: 14
2019-09-05_01:03:48.212[Battery Energy]68.76
2019-09-05_01:03:48.212[Status]Routing Start.
2019-09-05_01:03:48.594[Status]{'id': 8, 'coordinate': [205.72941560944932, 689.0056705054548]}
2019-09-05_01:03:48.595[Status]Routing 15: Walk: 15
2019-09-05_01:03:48.696[Battery Energy]68.48
2019-09-05_01:03:48.696[Status]Routing Start.
2019-09-05_01:03:49.108[Status]{'id': 8, 'coordinate': [215.71137665007927, 689.6060485391517]}
2019-09-05_01:03:49.108[Status]Routing 16: Walk: 16
2019-09-05_01:03:49.211[Battery Energy]68.15
2019-09-05_01:03:49.211[Status]Routing Start.
2019-09-05_01:03:49.535[Status]{'id': 8, 'coordinate': [225.69333769070923, 690.2064265728487]}
2019-09-05_01:03:49.535[Status]Routing 17: Walk: 17
2019-09-05_01:03:49.645[Battery Energy]67.86
2019-09-05_01:03:49.645[Status]Routing Start.
2019-09-05_01:03:49.844[Status]{'id': 8, 'coordinate': [235.67529873133918, 690.8068046065457]}
2019-09-05_01:03:49.845[Status]Routing 18: Walk: 18
2019-09-05_01:03:49.945[Battery Energy]67.65
2019-09-05_01:03:49.945[Status]Routing Start.
2019-09-05_01:03:50.223[Status]{'id': 8, 'coordinate': [245.65725977196914, 691.4071826402427]}
2019-09-05_01:03:50.223[Status]Routing 19: Walk: 19
2019-09-05_01:03:50.329[Battery Energy]67.39
2019-09-05_01:03:50.329[Status]Routing Start.
2019-09-05_01:03:50.502[Status]{'id': 8, 'coordinate': [255.6392208125991, 692.0075606739397]}
2019-09-05_01:03:50.502[Status]Routing 20: Walk: 20
2019-09-05_01:03:50.602[Battery Energy]67.13
2019-09-05_01:03:50.602[Status]Routing Start.
2019-09-05_01:03:50.773[Status]{'id': 8, 'coordinate': [265.621181853229, 692.6079387076367]}
2019-09-05_01:03:50.774[Status]Routing 21: Walk: 21
2019-09-05_01:03:50.888[Battery Energy]66.92
2019-09-05_01:03:50.888[Status]Routing Start.
2019-09-05_01:03:51.073[Status]{'id': 8, 'coordinate': [275.60314289385894, 693.2083167413336]}
2019-09-05_01:03:51.074[Status]Routing 22: Walk: 22
2019-09-05_01:03:51.187[Battery Energy]66.70
2019-09-05_01:03:51.187[Status]Routing Start.
2019-09-05_01:03:51.367[Status]{'id': 8, 'coordinate': [285.58510393448887, 693.8086947750306]}
2019-09-05_01:03:51.367[Status]Routing 23: Walk: 23
2019-09-05_01:03:51.468[Battery Energy]66.47
2019-09-05_01:03:51.468[Status]Routing Start.
2019-09-05_01:03:51.881[Status]{'id': 8, 'coordinate': [295.5670649751188, 694.4090728087276]}
2019-09-05_01:03:51.885[Status]Routing 24: Walk: 24
2019-09-05_01:03:51.988[Battery Energy]66.14
2019-09-05_01:03:51.988[Status]Routing Start.
2019-09-05_01:03:52.244[Status]{'id': 8, 'coordinate': [305.5490260157487, 695.0094508424246]}
2019-09-05_01:03:52.244[Status]Routing 25: Walk: 25
2019-09-05_01:03:52.345[Battery Energy]65.87
2019-09-05_01:03:52.345[Status]Routing Start.
2019-09-05_01:03:52.680[Status]{'id': 8, 'coordinate': [315.53098705637865, 695.6098288761216]}
2019-09-05_01:03:52.680[Status]Routing 26: Walk: 26
2019-09-05_01:03:52.816[Battery Energy]65.55
2019-09-05_01:03:52.816[Status]Routing Start.
2019-09-05_01:03:53.127[Status]{'id': 8, 'coordinate': [325.5129480970086, 696.2102069098186]}
2019-09-05_01:03:53.127[Status]Routing 27: Walk: 27
2019-09-05_01:03:53.256[Battery Energy]65.29
2019-09-05_01:03:53.256[Status]Routing Start.
2019-09-05_01:03:53.545[Status]{'id': 8, 'coordinate': [335.4949091376385, 696.8105849435156]}
2019-09-05_01:03:53.545[Status]Routing 28: Walk: 28
2019-09-05_01:03:53.652[Battery Energy]65.01
2019-09-05_01:03:53.652[Status]Routing Start.
2019-09-05_01:03:53.995[Status]{'id': 8, 'coordinate': [345.4768701782684, 697.4109629772125]}
2019-09-05_01:03:53.997[Status]Routing 29: Walk: 29
2019-09-05_01:03:54.108[Battery Energy]64.68
2019-09-05_01:03:54.108[Status]Routing Start.
2019-09-05_01:03:54.502[Status]{'id': 8, 'coordinate': [355.45883121889835, 698.0113410109095]}
2019-09-05_01:03:54.502[Status]Routing 30: Walk: 30
2019-09-05_01:03:54.608[Battery Energy]64.34
2019-09-05_01:03:54.608[Status]Routing Start.
2019-09-05_01:03:54.765[Status]{'id': 8, 'coordinate': [365.4407922595283, 698.6117190446065]}
2019-09-05_01:03:54.766[Status]Routing 31: Walk: 31
2019-09-05_01:03:54.866[Battery Energy]64.12
2019-09-05_01:03:54.866[Status]Routing Start.
2019-09-05_01:03:55.047[Status]{'id': 8, 'coordinate': [375.4227533001582, 699.2120970783035]}
2019-09-05_01:03:55.047[Status]Routing 32: Walk: 32
2019-09-05_01:03:55.151[Battery Energy]63.87
2019-09-05_01:03:55.151[Status]Routing Start.
2019-09-05_01:03:55.519[Status]{'id': 8, 'coordinate': [385.40471434078813, 699.8124751120005]}
2019-09-05_01:03:55.519[Status]Routing 33: Walk: 33
2019-09-05_01:03:55.632[Battery Energy]63.54
2019-09-05_01:03:55.632[Status]Routing Start.
2019-09-05_01:03:55.946[Status]{'id': 8, 'coordinate': [395.38667538141806, 700.4128531456975]}
2019-09-05_01:03:55.947[Status]Routing 34: Walk: 34
2019-09-05_01:03:56.052[Battery Energy]63.26
2019-09-05_01:03:56.052[Status]Routing Start.
2019-09-05_01:03:56.414[Status]{'id': 8, 'coordinate': [405.368636422048, 701.0132311793944]}
2019-09-05_01:03:56.414[Status]Routing 35: Walk: 35
2019-09-05_01:03:56.516[Battery Energy]62.96
2019-09-05_01:03:56.516[Status]Routing Start.
2019-09-05_01:03:56.855[Status]{'id': 8, 'coordinate': [415.3505974626779, 701.6136092130914]}
2019-09-05_01:03:56.855[Status]Routing 36: Walk: 36
2019-09-05_01:03:56.972[Battery Energy]62.68
2019-09-05_01:03:56.972[Status]Routing Start.
2019-09-05_01:03:57.322[Status]{'id': 8, 'coordinate': [425.33255850330784, 702.2139872467884]}
2019-09-05_01:03:57.323[Status]Routing 37: Walk: 37
2019-09-05_01:03:57.428[Battery Energy]62.37
2019-09-05_01:03:57.428[Status]Routing Start.
2019-09-05_01:03:57.596[Status]{'id': 8, 'coordinate': [435.31451954393776, 702.8143652804854]}
2019-09-05_01:03:57.596[Status]Routing 38: Walk: 38
2019-09-05_01:03:57.716[Battery Energy]62.15
2019-09-05_01:03:57.716[Status]Routing Start.
2019-09-05_01:03:57.946[Status]{'id': 8, 'coordinate': [445.2964805845677, 703.4147433141824]}
2019-09-05_01:03:57.947[Status]Routing 39: Walk: 39
2019-09-05_01:03:58.047[Battery Energy]61.93
2019-09-05_01:03:58.047[Status]Routing Start.
2019-09-05_01:03:58.266[Status]{'id': 8, 'coordinate': [455.2784416251976, 704.0151213478794]}
2019-09-05_01:03:58.267[Status]Routing 40: Walk: 40
2019-09-05_01:03:58.384[Battery Energy]61.71
2019-09-05_01:03:58.384[Status]Routing Start.
2019-09-05_01:03:58.531[Status]{'id': 8, 'coordinate': [465.26040266582754, 704.6154993815763]}
2019-09-05_01:03:58.532[Status]Routing 41: Walk: 41
2019-09-05_01:03:58.632[Battery Energy]61.51
2019-09-05_01:03:58.632[Status]Routing Start.
2019-09-05_01:03:58.992[Status]{'id': 8, 'coordinate': [475.24236370645747, 705.2158774152733]}
2019-09-05_01:03:58.992[Status]Routing 42: Walk: 42
2019-09-05_01:03:59.096[Battery Energy]61.22
2019-09-05_01:03:59.096[Status]Routing Start.
2019-09-05_01:03:59.388[Status]{'id': 8, 'coordinate': [485.2243247470874, 705.8162554489703]}
2019-09-05_01:03:59.390[Status]Routing 43: Walk: 43
2019-09-05_01:03:59.490[Battery Energy]60.95
2019-09-05_01:03:59.490[Status]Routing Start.
2019-09-05_01:03:59.839[Status]{'id': 8, 'coordinate': [495.2062857877173, 706.4166334826673]}
2019-09-05_01:03:59.839[Status]Routing 44: Walk: 44
2019-09-05_01:03:59.951[Battery Energy]60.62
2019-09-05_01:03:59.951[Status]Routing Start.
2019-09-05_01:04:00.287[Status]{'id': 8, 'coordinate': [505.18824682834725, 707.0170115163643]}
2019-09-05_01:04:00.287[Status]Routing 45: Walk: 45
2019-09-05_01:04:00.387[Battery Energy]60.37
2019-09-05_01:04:00.387[Status]Routing Start.
2019-09-05_01:04:00.755[Status]{'id': 8, 'coordinate': [515.1702078689772, 707.6173895500613]}
2019-09-05_01:04:00.755[Status]Routing 46: Walk: 46
2019-09-05_01:04:00.857[Battery Energy]60.03
2019-09-05_01:04:00.857[Status]Routing Start.
2019-09-05_01:04:01.038[Status]{'id': 8, 'coordinate': [525.1521689096071, 708.2177675837582]}
2019-09-05_01:04:01.042[Status]Routing 47: Walk: 47
2019-09-05_01:04:01.148[Battery Energy]59.85
2019-09-05_01:04:01.148[Status]Routing Start.
2019-09-05_01:04:01.499[Status]{'id': 8, 'coordinate': [535.134129950237, 708.8181456174552]}
2019-09-05_01:04:01.499[Status]Routing 48: Walk: 48
2019-09-05_01:04:01.599[Battery Energy]59.51
2019-09-05_01:04:01.599[Status]Routing Start.
2019-09-05_01:04:01.962[Status]{'id': 8, 'coordinate': [545.116090990867, 709.4185236511522]}
2019-09-05_01:04:01.962[Status]Routing 49: Walk: 49
2019-09-05_01:04:02.062[Battery Energy]59.21
2019-09-05_01:04:02.062[Status]Routing Start.
2019-09-05_01:04:02.338[Status]{'id': 8, 'coordinate': [555.0980520314969, 710.0189016848492]}
2019-09-05_01:04:02.339[Status]Routing 50: Walk: 50
2019-09-05_01:04:02.452[Battery Energy]58.93
2019-09-05_01:04:02.452[Status]Routing Start.
2019-09-05_01:04:02.804[Status]{'id': 8, 'coordinate': [565.0800130721268, 710.6192797185462]}
2019-09-05_01:04:02.804[Status]Routing 51: Walk: 51
2019-09-05_01:04:02.904[Battery Energy]58.60
2019-09-05_01:04:02.904[Status]Routing Start.
2019-09-05_01:04:03.306[Status]{'id': 8, 'coordinate': [575.0619741127567, 711.2196577522432]}
2019-09-05_01:04:03.306[Status]Routing 52: Walk: 52
2019-09-05_01:04:03.424[Battery Energy]58.33
2019-09-05_01:04:03.424[Status]Routing Start.
2019-09-05_01:04:03.546[Status]{'id': 8, 'coordinate': [585.0439351533867, 711.8200357859401]}
2019-09-05_01:04:03.549[Status]Routing 53: Walk: 53
2019-09-05_01:04:03.660[Battery Energy]58.13
2019-09-05_01:04:03.660[Status]Routing Start.
2019-09-05_01:04:03.816[Status]{'id': 8, 'coordinate': [595.0258961940166, 712.4204138196371]}
2019-09-05_01:04:03.816[Status]Routing 54: Walk: 54
2019-09-05_01:04:03.920[Battery Energy]57.93
2019-09-05_01:04:03.920[Status]Routing Start.
2019-09-05_01:04:04.270[Status]{'id': 8, 'coordinate': [605.0078572346465, 713.0207918533341]}
2019-09-05_01:04:04.270[Status]Routing 55: Walk: 55
2019-09-05_01:04:04.376[Battery Energy]57.60
2019-09-05_01:04:04.376[Status]Routing Start.
2019-09-05_01:04:04.711[Status]{'id': 8, 'coordinate': [614.9898182752764, 713.6211698870311]}
2019-09-05_01:04:04.711[Status]Routing 56: Walk: 56
2019-09-05_01:04:04.816[Battery Energy]57.33
2019-09-05_01:04:04.816[Status]Routing Start.
2019-09-05_01:04:05.143[Status]{'id': 8, 'coordinate': [624.9717793159064, 714.2215479207281]}
2019-09-05_01:04:05.143[Status]Routing 57: Walk: 57
2019-09-05_01:04:05.256[Battery Energy]57.02
2019-09-05_01:04:05.256[Status]Routing Start.
2019-09-05_01:04:05.422[Status]{'id': 8, 'coordinate': [634.9537403565363, 714.8219259544251]}
2019-09-05_01:04:05.422[Status]Routing 58: Walk: 58
2019-09-05_01:04:05.532[Battery Energy]56.82
2019-09-05_01:04:05.532[Status]Routing Start.
2019-09-05_01:04:05.772[Status]{'id': 8, 'coordinate': [644.9357013971662, 715.422303988122]}
2019-09-05_01:04:05.772[Status]Routing 59: Walk: 59
2019-09-05_01:04:05.875[Battery Energy]56.58
2019-09-05_01:04:05.875[Status]Routing Start.
2019-09-05_01:04:06.047[Status]{'id': 8, 'coordinate': [654.9176624377961, 716.022682021819]}
2019-09-05_01:04:06.047[Status]Routing 60: Walk: 60
2019-09-05_01:04:06.160[Battery Energy]56.38
2019-09-05_01:04:06.160[Status]Routing Start.
2019-09-05_01:04:06.470[Status]{'id': 8, 'coordinate': [664.8996234784261, 716.623060055516]}
2019-09-05_01:04:06.470[Status]Routing 61: Walk: 61
2019-09-05_01:04:06.588[Battery Energy]56.10
2019-09-05_01:04:06.588[Status]Routing Start.
2019-09-05_01:04:06.725[Status]{'id': 8, 'coordinate': [674.881584519056, 717.2234380892131]}
2019-09-05_01:04:06.725[Status]Routing 62: Walk: 62
2019-09-05_01:04:06.825[Battery Energy]55.90
2019-09-05_01:04:06.825[Status]Routing Start.
2019-09-05_01:04:07.086[Status]{'id': 8, 'coordinate': [684.8635455596859, 717.8238161229101]}
2019-09-05_01:04:07.086[Status]Routing 63: Walk: 63
2019-09-05_01:04:07.196[Battery Energy]55.62
2019-09-05_01:04:07.196[Status]Routing Start.
2019-09-05_01:04:07.371[Status]{'id': 8, 'coordinate': [694.8455066003158, 718.4241941566072]}
2019-09-05_01:04:07.372[Status]Routing 64: Walk: 64
2019-09-05_01:04:07.480[Battery Energy]55.41
2019-09-05_01:04:07.480[Status]Routing Start.
2019-09-05_01:04:07.753[Status]{'id': 8, 'coordinate': [704.8274676409458, 719.0245721903042]}
2019-09-05_01:04:07.754[Status]Routing 65: Walk: 65
2019-09-05_01:04:07.862[Battery Energy]55.17
2019-09-05_01:04:07.862[Status]Routing Start.
2019-09-05_01:04:08.012[Status]{'id': 8, 'coordinate': [714.8094286815757, 719.6249502240013]}
2019-09-05_01:04:08.012[Status]Routing 66: Walk: 66
2019-09-05_01:04:08.112[Battery Energy]54.97
2019-09-05_01:04:08.113[Status]Routing Start.
2019-09-05_01:04:08.304[Status]{'id': 8, 'coordinate': [724.7913897222056, 720.2253282576983]}
2019-09-05_01:04:08.304[Status]Routing 67: Walk: 67
2019-09-05_01:04:08.453[Battery Energy]54.73
2019-09-05_01:04:08.454[Status]Routing Start.
2019-09-05_01:04:08.602[Status]{'id': 8, 'coordinate': [734.7733507628355, 720.8257062913954]}
2019-09-05_01:04:08.602[Status]Routing 68: Walk: 68
2019-09-05_01:04:08.702[Battery Energy]54.50
2019-09-05_01:04:08.702[Status]Routing Start.
2019-09-05_01:04:08.969[Status]{'id': 8, 'coordinate': [744.7553118034655, 721.4260843250923]}
2019-09-05_01:04:08.969[Status]Routing 69: Walk: 69
2019-09-05_01:04:09.070[Battery Energy]54.16
2019-09-05_01:04:09.070[Status]Routing Start.
2019-09-05_01:04:09.285[Status]{'id': 8, 'coordinate': [754.7372728440954, 722.0264623587894]}
2019-09-05_01:04:09.285[Status]Routing 70: Walk: 70
2019-09-05_01:04:09.396[Battery Energy]53.94
2019-09-05_01:04:09.396[Status]Routing Start.
2019-09-05_01:04:09.784[Status]{'id': 8, 'coordinate': [764.7192338847253, 722.6268403924864]}
2019-09-05_01:04:09.784[Status]Routing 71: Walk: 71
2019-09-05_01:04:09.886[Battery Energy]53.62
2019-09-05_01:04:09.886[Status]Routing Start.
2019-09-05_01:04:10.132[Status]{'id': 8, 'coordinate': [774.7011949253553, 723.2272184261835]}
2019-09-05_01:04:10.132[Status]Routing 72: Walk: 72
2019-09-05_01:04:10.240[Battery Energy]53.37
2019-09-05_01:04:10.256[Status]Routing Start.
2019-09-05_01:04:10.421[Status]{'id': 8, 'coordinate': [784.6831559659852, 723.8275964598805]}
2019-09-05_01:04:10.421[Status]Routing 73: Walk: 73
2019-09-05_01:04:10.524[Battery Energy]53.15
2019-09-05_01:04:10.524[Status]Routing Start.
2019-09-05_01:04:10.910[Status]{'id': 8, 'coordinate': [794.6651170066151, 724.4279744935776]}
2019-09-05_01:04:10.913[Status]Routing 74: Walk: 74
2019-09-05_01:04:11.020[Battery Energy]52.80
2019-09-05_01:04:11.020[Status]Routing Start.
2019-09-05_01:04:11.223[Status]{'id': 8, 'coordinate': [804.647078047245, 725.0283525272746]}
2019-09-05_01:04:11.223[Status]Routing 75: Walk: 75
2019-09-05_01:04:11.328[Battery Energy]52.58
2019-09-05_01:04:11.328[Status]Routing Start.
2019-09-05_01:04:11.743[Status]{'id': 8, 'coordinate': [814.629039087875, 725.6287305609717]}
2019-09-05_01:04:11.743[Status]Routing 76: Walk: 76
2019-09-05_01:04:11.843[Battery Energy]52.22
2019-09-05_01:04:11.843[Status]Routing Start.
2019-09-05_01:04:12.091[Status]{'id': 8, 'coordinate': [824.6110001285049, 726.2291085946687]}
2019-09-05_01:04:12.091[Status]Routing 77: Walk: 77
2019-09-05_01:04:12.197[Battery Energy]51.94
2019-09-05_01:04:12.197[Status]Routing Start.
2019-09-05_01:04:12.399[Status]{'id': 8, 'coordinate': [834.5929611691348, 726.8294866283658]}
2019-09-05_01:04:12.399[Status]Routing 78: Walk: 78
2019-09-05_01:04:12.504[Battery Energy]51.70
2019-09-05_01:04:12.504[Status]Routing Start.
2019-09-05_01:04:12.863[Status]{'id': 8, 'coordinate': [844.5749222097647, 727.4298646620628]}
2019-09-05_01:04:12.863[Status]Routing 79: Walk: 79
2019-09-05_01:04:12.971[Battery Energy]51.42
2019-09-05_01:04:12.971[Status]Routing Start.
2019-09-05_01:04:13.120[Status]{'id': 8, 'coordinate': [854.5568832503947, 728.0302426957599]}
2019-09-05_01:04:13.120[Status]Routing 80: Walk: 80
2019-09-05_01:04:13.220[Battery Energy]51.20
2019-09-05_01:04:13.220[Status]Routing Start.
2019-09-05_01:04:13.596[Status]{'id': 8, 'coordinate': [864.5388442910246, 728.6306207294568]}
2019-09-05_01:04:13.596[Status]Routing 81: Walk: 81
2019-09-05_01:04:13.697[Battery Energy]50.83
2019-09-05_01:04:13.697[Status]Routing Start.
2019-09-05_01:04:13.849[Status]{'id': 8, 'coordinate': [874.5208053316545, 729.2309987631538]}
2019-09-05_01:04:13.849[Status]Routing 82: Walk: 82
2019-09-05_01:04:13.952[Battery Energy]50.61
2019-09-05_01:04:13.952[Status]Routing Start.
2019-09-05_01:04:14.153[Status]{'id': 8, 'coordinate': [884.5027663722844, 729.8313767968509]}
2019-09-05_01:04:14.153[Status]Routing 83: Walk: 83
2019-09-05_01:04:14.272[Battery Energy]50.32
2019-09-05_01:04:14.273[Status]Routing Start.
2019-09-05_01:04:14.718[Status]{'id': 8, 'coordinate': [894.4847274129144, 730.4317548305479]}
2019-09-05_01:04:14.719[Status]Routing 84: Walk: 84
2019-09-05_01:04:14.832[Battery Energy]49.96
2019-09-05_01:04:14.832[Status]Routing Start.
2019-09-05_01:04:15.088[Status]{'id': 8, 'coordinate': [904.4666884535443, 731.032132864245]}
2019-09-05_01:04:15.088[Status]Routing 85: Walk: 85
2019-09-05_01:04:15.192[Battery Energy]49.63
2019-09-05_01:04:15.192[Status]Routing Start.
2019-09-05_01:04:15.576[Status]{'id': 8, 'coordinate': [914.4486494941742, 731.632510897942]}
2019-09-05_01:04:15.576[Status]Routing 86: Walk: 86
2019-09-05_01:04:15.676[Battery Energy]49.36
2019-09-05_01:04:15.676[Status]Routing Start.
2019-09-05_01:04:15.843[Status]{'id': 8, 'coordinate': [924.4306105348041, 732.2328889316391]}
2019-09-05_01:04:15.843[Status]Routing 87: Walk: 87
2019-09-05_01:04:15.950[Battery Energy]49.12
2019-09-05_01:04:15.950[Status]Routing Start.
2019-09-05_01:04:16.261[Status]{'id': 8, 'coordinate': [934.4125715754341, 732.8332669653361]}
2019-09-05_01:04:16.261[Status]Routing 88: Walk: 88
2019-09-05_01:04:16.376[Battery Energy]48.85
2019-09-05_01:04:16.376[Status]Routing Start.
2019-09-05_01:04:16.502[Status]{'id': 8, 'coordinate': [944.394532616064, 733.4336449990332]}
2019-09-05_01:04:16.502[Status]Routing 89: Walk: 89
2019-09-05_01:04:16.624[Battery Energy]48.65
2019-09-05_01:04:16.624[Status]Routing Start.
2019-09-05_01:04:16.929[Status]{'id': 8, 'coordinate': [954.3764936566939, 734.0340230327301]}
2019-09-05_01:04:16.930[Status]Routing 90: Walk: 90
2019-09-05_01:04:17.040[Battery Energy]48.39
2019-09-05_01:04:17.040[Status]Routing Start.
2019-09-05_01:04:17.252[Status]{'id': 8, 'coordinate': [964.3584546973239, 734.6344010664272]}
2019-09-05_01:04:17.252[Status]Routing 91: Walk: 91
2019-09-05_01:04:17.367[Battery Energy]48.19
2019-09-05_01:04:17.367[Status]Routing Start.
2019-09-05_01:04:17.708[Status]{'id': 8, 'coordinate': [974.3404157379538, 735.2347791001242]}
2019-09-05_01:04:17.708[Status]Routing 92: Walk: 92
2019-09-05_01:04:17.815[Battery Energy]47.87
2019-09-05_01:04:17.815[Status]Routing Start.
2019-09-05_01:04:18.182[Status]{'id': 8, 'coordinate': [984.3223767785837, 735.8351571338213]}
2019-09-05_01:04:18.183[Status]Routing 93: Walk: 93
2019-09-05_01:04:18.284[Battery Energy]47.59
2019-09-05_01:04:18.284[Status]Routing Start.
2019-09-05_01:04:18.581[Status]{'id': 8, 'coordinate': [994.3043378192136, 736.4355351675183]}
2019-09-05_01:04:18.581[Status]Routing 94: Walk: 94
2019-09-05_01:04:18.693[Battery Energy]47.29
2019-09-05_01:04:18.693[Status]Routing Start.
2019-09-05_01:04:18.996[Status]{'id': 8, 'coordinate': [1004.2862988598436, 737.0359132012154]}
2019-09-05_01:04:18.996[Status]Routing 95: Walk: 95
2019-09-05_01:04:19.097[Battery Energy]46.96
2019-09-05_01:04:19.097[Status]Routing Start.
2019-09-05_01:04:19.284[Status]{'id': 8, 'coordinate': [1014.2682599004735, 737.6362912349124]}
2019-09-05_01:04:19.284[Status]Routing 96: Walk: 96
2019-09-05_01:04:19.385[Battery Energy]46.73
2019-09-05_01:04:19.385[Status]Routing Start.
2019-09-05_01:04:19.647[Status]{'id': 8, 'coordinate': [1024.2502209411034, 738.2366692686095]}
2019-09-05_01:04:19.647[Status]Routing 97: Walk: 97
2019-09-05_01:04:19.747[Battery Energy]46.49
2019-09-05_01:04:19.747[Status]Routing Start.
2019-09-05_01:04:20.067[Status]{'id': 8, 'coordinate': [1034.2321819817334, 738.8370473023065]}
2019-09-05_01:04:20.068[Status]Routing 98: Walk: 98
2019-09-05_01:04:20.184[Battery Energy]46.18
2019-09-05_01:04:20.184[Status]Routing Start.
2019-09-05_01:04:20.414[Status]{'id': 8, 'coordinate': [1044.2141430223635, 739.4374253360036]}
2019-09-05_01:04:20.414[Status]Routing 99: Walk: 99
2019-09-05_01:04:20.516[Battery Energy]45.91
2019-09-05_01:04:20.516[Status]Routing Start.
2019-09-05_01:04:20.843[Status]{'id': 8, 'coordinate': [1054.1961040629935, 740.0378033697006]}
2019-09-05_01:04:20.843[Status]Routing 100: Walk: 100
2019-09-05_01:04:20.948[Battery Energy]45.60
2019-09-05_01:04:20.948[Status]Routing Start.
2019-09-05_01:04:21.407[Status]{'id': 8, 'coordinate': [1064.1780651036236, 740.6381814033977]}
2019-09-05_01:04:21.407[Status]Routing 101: Walk: 101
2019-09-05_01:04:21.507[Battery Energy]45.29
2019-09-05_01:04:21.507[Status]Routing Start.
2019-09-05_01:04:21.874[Status]{'id': 8, 'coordinate': [1074.1600261442536, 741.2385594370948]}
2019-09-05_01:04:21.874[Status]Routing 102: Walk: 102
2019-09-05_01:04:21.974[Battery Energy]45.01
2019-09-05_01:04:21.974[Status]Routing Start.
2019-09-05_01:04:22.355[Status]{'id': 8, 'coordinate': [1084.1419871848836, 741.8389374707917]}
2019-09-05_01:04:22.355[Status]Routing 103: Walk: 103
2019-09-05_01:04:22.456[Battery Energy]44.67
2019-09-05_01:04:22.456[Status]Routing Start.
2019-09-05_01:04:22.827[Status]{'id': 8, 'coordinate': [1094.1239482255137, 742.4393155044888]}
2019-09-05_01:04:22.827[Status]Routing 104: Walk: 104
2019-09-05_01:04:22.941[Battery Energy]44.32
2019-09-05_01:04:22.941[Status]Routing Start.
2019-09-05_01:04:23.306[Status]{'id': 8, 'coordinate': [1104.1059092661437, 743.0396935381858]}
2019-09-05_01:04:23.306[Status]Routing 105: Walk: 105
2019-09-05_01:04:23.406[Battery Energy]44.00
2019-09-05_01:04:23.406[Status]Routing Start.
2019-09-05_01:04:23.407[Status]Task Finished.
2019-09-05_01:04:23.507[Battery Energy]44.00
2019-09-05_01:04:23.815[Status]Routing 107: Walk: 105
2019-09-05_01:04:23.932[Battery Energy]43.79
2019-09-05_01:04:24.250[Status]Routing 108: Walk: 105
2019-09-05_01:04:24.350[Battery Energy]43.61
2019-09-05_01:04:24.670[Status]Routing 109: Walk: 105
2019-09-05_01:04:24.771[Battery Energy]43.35
2019-09-05_01:04:25.117[Status]Routing 110: Walk: 105
2019-09-05_01:04:25.221[Battery Energy]43.18
2019-09-05_01:04:25.599[Status]Routing 111: Walk: 105
2019-09-05_01:04:25.704[Battery Energy]42.92
2019-09-05_01:04:26.115[Status]Routing 112: Walk: 105
2019-09-05_01:04:26.215[Battery Energy]42.68
2019-09-05_01:04:26.707[Status]Routing 113: Walk: 105
2019-09-05_01:04:26.812[Battery Energy]42.33
2019-09-05_01:04:27.186[Status]Routing 114: Walk: 105
2019-09-05_01:04:27.294[Battery Energy]42.11
2019-09-05_01:04:27.643[Status]Routing 115: Walk: 105
2019-09-05_01:04:27.756[Battery Energy]41.86
2019-09-05_01:04:28.103[Status]Routing 116: Walk: 105
2019-09-05_01:04:28.212[Battery Energy]41.63
2019-09-05_01:04:28.605[Status]Routing 117: Walk: 105
2019-09-05_01:04:28.712[Battery Energy]41.41
2019-09-05_01:04:29.072[Status]Routing 118: Walk: 105
2019-09-05_01:04:29.172[Battery Energy]41.16
2019-09-05_01:04:29.526[Status]Routing 119: Walk: 105
2019-09-05_01:04:29.626[Battery Energy]40.94
2019-09-05_01:04:29.957[Status]Routing 120: Walk: 105
2019-09-05_01:04:30.064[Battery Energy]40.74
2019-09-05_01:04:30.390[Status]Routing 121: Walk: 105
2019-09-05_01:04:30.504[Battery Energy]40.56
2019-09-05_01:04:30.783[Status]Routing 122: Walk: 105
2019-09-05_01:04:30.883[Battery Energy]40.36
2019-09-05_01:04:31.237[Status]Routing 123: Walk: 105
2019-09-05_01:04:31.346[Battery Energy]40.11
2019-09-05_01:04:31.666[Status]Routing 124: Walk: 105
2019-09-05_01:04:31.768[Battery Energy]39.88
2019-09-05_01:04:32.069[Status]Routing 125: Walk: 105
2019-09-05_01:04:32.170[Battery Energy]39.69
2019-09-05_01:04:32.544[Status]Routing 126: Walk: 105
2019-09-05_01:04:32.647[Battery Energy]39.41
2019-09-05_01:04:33.038[Status]Routing 127: Walk: 105
2019-09-05_01:04:33.141[Battery Energy]39.14
2019-09-05_01:04:33.446[Status]Routing 128: Walk: 105
2019-09-05_01:04:33.546[Battery Energy]38.96
2019-09-05_01:04:33.782[Status]Routing 129: Walk: 105
2019-09-05_01:04:33.882[Battery Energy]38.79
2019-09-05_01:04:34.194[Status]Routing 130: Walk: 105
2019-09-05_01:04:34.296[Battery Energy]38.56
2019-09-05_01:04:34.461[Status]Routing 131: Walk: 105
2019-09-05_01:04:34.562[Battery Energy]38.43
2019-09-05_01:04:34.901[Status]Routing 132: Walk: 105
2019-09-05_01:04:35.012[Battery Energy]38.20
2019-09-05_01:04:35.334[Status]Routing 133: Walk: 105
2019-09-05_01:04:35.453[Battery Energy]38.01
2019-09-05_01:04:35.740[Status]Routing 134: Walk: 105
2019-09-05_01:04:35.840[Battery Energy]37.79
2019-09-05_01:04:36.170[Status]Routing 135: Walk: 105
2019-09-05_01:04:36.271[Battery Energy]37.57
2019-09-05_01:04:36.551[Status]Routing 136: Walk: 105
2019-09-05_01:04:36.668[Battery Energy]37.37
2019-09-05_01:04:36.933[Status]Routing 137: Walk: 105
2019-09-05_01:04:37.036[Battery Energy]37.25
2019-09-05_01:04:37.357[Status]Routing 138: Walk: 105
2019-09-05_01:04:37.458[Battery Energy]37.06
2019-09-05_01:04:37.838[Status]Routing 139: Walk: 105
2019-09-05_01:04:37.948[Battery Energy]36.82
2019-09-05_01:04:38.099[Status]Routing 140: Walk: 105
2019-09-05_01:04:38.208[Battery Energy]36.71
2019-09-05_01:04:38.551[Status]Routing 141: Walk: 105
2019-09-05_01:04:38.656[Battery Energy]36.52
2019-09-05_01:04:38.854[Status]Routing 142: Walk: 105
2019-09-05_01:04:38.956[Battery Energy]36.41
2019-09-05_01:04:39.332[Status]Routing 143: Walk: 105
2019-09-05_01:04:39.461[Battery Energy]36.19
2019-09-05_01:04:39.680[Status]Routing 144: Walk: 105
2019-09-05_01:04:39.788[Battery Energy]36.09
2019-09-05_01:04:39.974[Status]Routing 145: Walk: 105
2019-09-05_01:04:40.075[Battery Energy]35.97
2019-09-05_01:04:40.275[Status]Routing 146: Walk: 105
2019-09-05_01:04:40.375[Battery Energy]35.86
2019-09-05_01:04:40.571[Status]Routing 147: Walk: 105
2019-09-05_01:04:40.671[Battery Energy]35.74
2019-09-05_01:04:40.908[Status]Routing 148: Walk: 105
2019-09-05_01:04:41.020[Battery Energy]35.62
2019-09-05_01:04:41.178[Status]Routing 149: Walk: 105
2019-09-05_01:04:41.300[Battery Energy]35.49
2019-09-05_01:04:41.559[Status]Routing 150: Walk: 105
2019-09-05_01:04:41.661[Battery Energy]35.32
2019-09-05_01:04:41.811[Status]Routing 151: Walk: 105
2019-09-05_01:04:41.925[Battery Energy]35.22
2019-09-05_01:04:42.098[Status]Routing 152: Walk: 105
2019-09-05_01:04:42.208[Battery Energy]35.13
2019-09-05_01:04:42.418[Status]Routing 153: Walk: 105
2019-09-05_01:04:42.519[Battery Energy]35.00
2019-09-05_01:04:42.831[Status]Routing 154: Walk: 105
2019-09-05_01:04:42.959[Battery Energy]34.80
2019-09-05_01:04:43.138[Status]Routing 155: Walk: 105
2019-09-05_01:04:43.248[Battery Energy]34.69
2019-09-05_01:04:43.464[Status]Routing 156: Walk: 105
2019-09-05_01:04:43.564[Battery Energy]34.54
2019-09-05_01:04:43.829[Status]Routing 157: Walk: 105
2019-09-05_01:04:43.940[Battery Energy]34.32
2019-09-05_01:04:44.114[Status]Routing 158: Walk: 105
2019-09-05_01:04:44.214[Battery Energy]34.20
2019-09-05_01:04:44.432[Status]Routing 159: Walk: 105
2019-09-05_01:04:44.548[Battery Energy]34.08
2019-09-05_01:04:44.753[Status]Routing 160: Walk: 105
2019-09-05_01:04:44.868[Battery Energy]33.93
2019-09-05_01:04:45.031[Status]Routing 161: Walk: 105
2019-09-05_01:04:45.131[Battery Energy]33.81
2019-09-05_01:04:45.367[Status]Routing 162: Walk: 105
2019-09-05_01:04:45.480[Battery Energy]33.66
2019-09-05_01:04:45.647[Status]Routing 163: Walk: 105
2019-09-05_01:04:45.752[Battery Energy]33.54
2019-09-05_01:04:45.955[Status]Routing 164: Walk: 105
2019-09-05_01:04:46.061[Battery Energy]33.41
2019-09-05_01:04:46.239[Status]Routing 165: Walk: 105
2019-09-05_01:04:46.339[Battery Energy]33.29
2019-09-05_01:04:46.572[Status]Routing 166: Walk: 105
2019-09-05_01:04:46.685[Battery Energy]33.12
2019-09-05_01:04:46.989[Status]Routing 167: Walk: 105
2019-09-05_01:04:47.089[Battery Energy]32.97
2019-09-05_01:04:47.253[Status]Routing 168: Walk: 105
2019-09-05_01:04:47.368[Battery Energy]32.87
2019-09-05_01:04:47.579[Status]Routing 169: Walk: 105
2019-09-05_01:04:47.684[Battery Energy]32.73
2019-09-05_01:04:47.847[Status]Routing 170: Walk: 105
2019-09-05_01:04:47.964[Battery Energy]32.63
2019-09-05_01:04:48.143[Status]Routing 171: Walk: 105
2019-09-05_01:04:48.243[Battery Energy]32.53
2019-09-05_01:04:48.516[Status]Routing 172: Walk: 105
2019-09-05_01:04:48.628[Battery Energy]32.34
2019-09-05_01:04:48.817[Status]Routing 173: Walk: 105
2019-09-05_01:04:48.920[Battery Energy]32.23
2019-09-05_01:04:49.085[Status]Routing 174: Walk: 105
2019-09-05_01:04:49.190[Battery Energy]32.13
2019-09-05_01:04:49.394[Status]Routing 175: Walk: 105
2019-09-05_01:04:49.500[Battery Energy]32.01
2019-09-05_01:04:49.713[Status]Routing 176: Walk: 105
2019-09-05_01:04:49.832[Battery Energy]31.90
2019-09-05_01:04:49.989[Status]Routing 177: Walk: 105
2019-09-05_01:04:50.104[Battery Energy]31.81
2019-09-05_01:04:50.287[Status]Routing 178: Walk: 105
2019-09-05_01:04:50.409[Battery Energy]31.71
2019-09-05_01:04:50.569[Status]Routing 179: Walk: 105
2019-09-05_01:04:50.703[Battery Energy]31.62
2019-09-05_01:04:50.939[Status]Routing 180: Walk: 105
2019-09-05_01:04:51.039[Battery Energy]31.48
2019-09-05_01:04:51.220[Status]Routing 181: Walk: 105
2019-09-05_01:04:51.321[Battery Energy]31.36
2019-09-05_01:04:51.532[Status]Routing 182: Walk: 105
2019-09-05_01:04:51.636[Battery Energy]31.21
2019-09-05_01:04:51.841[Status]Routing 183: Walk: 105
2019-09-05_01:04:51.960[Battery Energy]31.08
2019-09-05_01:04:52.105[Status]Routing 184: Walk: 105
2019-09-05_01:04:52.205[Battery Energy]30.98
2019-09-05_01:04:52.394[Status]Routing 185: Walk: 105
2019-09-05_01:04:52.500[Battery Energy]30.89
2019-09-05_01:04:52.709[Status]Routing 186: Walk: 105
2019-09-05_01:04:52.810[Battery Energy]30.77
2019-09-05_01:04:52.983[Status]Routing 187: Walk: 105
2019-09-05_01:04:53.100[Battery Energy]30.63
2019-09-05_01:04:53.293[Status]Routing 188: Walk: 105
2019-09-05_01:04:53.393[Battery Energy]30.51
2019-09-05_01:04:53.559[Status]Routing 189: Walk: 105
2019-09-05_01:04:53.659[Battery Energy]30.40
2019-09-05_01:04:53.916[Status]Routing 190: Walk: 105
2019-09-05_01:04:54.016[Battery Energy]30.25
2019-09-05_01:04:54.224[Status]Routing 191: Walk: 105
2019-09-05_01:04:54.332[Battery Energy]30.14
2019-09-05_01:04:54.544[Status]Routing 192: Walk: 105
2019-09-05_01:04:54.656[Battery Energy]29.97
2019-09-05_01:04:54.799[Status]Routing 193: Walk: 105
2019-09-05_01:04:54.904[Battery Energy]29.89
2019-09-05_01:04:55.122[Status]Routing 194: Walk: 105
2019-09-05_01:04:55.222[Battery Energy]29.76
2019-09-05_01:04:55.407[Status]Routing 195: Walk: 105
2019-09-05_01:04:55.524[Battery Energy]29.62
2019-09-05_01:04:55.726[Status]Routing 196: Walk: 105
2019-09-05_01:04:55.832[Battery Energy]29.48
2019-09-05_01:04:56.043[Status]Routing 197: Walk: 105
2019-09-05_01:04:56.143[Battery Energy]29.33
2019-09-05_01:04:56.296[Status]Routing 198: Walk: 105
2019-09-05_01:04:56.404[Battery Energy]29.21
2019-09-05_01:04:56.607[Status]Routing 199: Walk: 105
2019-09-05_01:04:56.728[Battery Energy]29.11
2019-09-05_01:04:56.932[Status]Routing 200: Walk: 105
2019-09-05_01:04:57.051[Battery Energy]29.01
2019-09-05_01:04:57.240[Status]Routing 201: Walk: 105
2019-09-05_01:04:57.347[Battery Energy]28.90
2019-09-05_01:04:57.614[Status]Routing 202: Walk: 105
2019-09-05_01:04:57.719[Battery Energy]28.72
2019-09-05_01:04:57.870[Status]Routing 203: Walk: 105
2019-09-05_01:04:57.984[Battery Energy]28.61
2019-09-05_01:04:58.187[Status]Routing 204: Walk: 105
2019-09-05_01:04:58.300[Battery Energy]28.52
2019-09-05_01:04:58.513[Status]Routing 205: Walk: 105
2019-09-05_01:04:58.632[Battery Energy]28.40
2019-09-05_01:04:58.790[Status]Routing 206: Walk: 105
2019-09-05_01:04:58.890[Battery Energy]28.29
2019-09-05_01:04:59.064[Status]Routing 207: Walk: 105
2019-09-05_01:04:59.172[Battery Energy]28.17
2019-09-05_01:04:59.356[Status]Routing 208: Walk: 105
2019-09-05_01:04:59.456[Battery Energy]28.04
2019-09-05_01:04:59.627[Status]Routing 209: Walk: 105
2019-09-05_01:04:59.735[Battery Energy]27.93
2019-09-05_01:04:59.890[Status]Routing 210: Walk: 105
2019-09-05_01:05:00.000[Battery Energy]27.81
2019-09-05_01:05:00.234[Status]Routing 211: Walk: 105
2019-09-05_01:05:00.344[Battery Energy]27.67
2019-09-05_01:05:00.575[Status]Routing 212: Walk: 105
2019-09-05_01:05:00.676[Battery Energy]27.50
2019-09-05_01:05:00.847[Status]Routing 213: Walk: 105
2019-09-05_01:05:00.956[Battery Energy]27.38
2019-09-05_01:05:01.104[Status]Routing 214: Walk: 105
2019-09-05_01:05:01.220[Battery Energy]27.29
2019-09-05_01:05:01.362[Status]Routing 215: Walk: 105
2019-09-05_01:05:01.462[Battery Energy]27.20
2019-09-05_01:05:01.641[Status]Routing 216: Walk: 105
2019-09-05_01:05:01.748[Battery Energy]27.07
2019-09-05_01:05:01.990[Status]Routing 217: Walk: 105
2019-09-05_01:05:02.112[Battery Energy]26.95
2019-09-05_01:05:02.319[Status]Routing 218: Walk: 105
2019-09-05_01:05:02.419[Battery Energy]26.83
2019-09-05_01:05:02.610[Status]Routing 219: Walk: 105
2019-09-05_01:05:02.720[Battery Energy]26.73
2019-09-05_01:05:02.898[Status]Routing 220: Walk: 105
2019-09-05_01:05:03.012[Battery Energy]26.63
2019-09-05_01:05:03.212[Status]Routing 221: Walk: 105
2019-09-05_01:05:03.313[Battery Energy]26.50
2019-09-05_01:05:03.582[Status]Routing 222: Walk: 105
2019-09-05_01:05:03.698[Battery Energy]26.33
2019-09-05_01:05:03.883[Status]Routing 223: Walk: 105
2019-09-05_01:05:03.988[Battery Energy]26.22
2019-09-05_01:05:04.238[Status]Routing 224: Walk: 105
2019-09-05_01:05:04.356[Battery Energy]26.06
2019-09-05_01:05:04.537[Status]Routing 225: Walk: 105
2019-09-05_01:05:04.644[Battery Energy]25.94
2019-09-05_01:05:04.823[Status]Routing 226: Walk: 105
2019-09-05_01:05:04.923[Battery Energy]25.84
2019-09-05_01:05:05.197[Status]Routing 227: Walk: 105
2019-09-05_01:05:05.316[Battery Energy]25.74
2019-09-05_01:05:05.558[Status]Routing 228: Walk: 105
2019-09-05_01:05:05.664[Battery Energy]25.63
2019-09-05_01:05:05.900[Status]Routing 229: Walk: 105
2019-09-05_01:05:06.020[Battery Energy]25.48
2019-09-05_01:05:06.174[Status]Routing 230: Walk: 105
2019-09-05_01:05:06.284[Battery Energy]25.39
2019-09-05_01:05:06.522[Status]Routing 231: Walk: 105
2019-09-05_01:05:06.623[Battery Energy]25.24
2019-09-05_01:05:06.763[Status]Routing 232: Walk: 105
2019-09-05_01:05:06.868[Battery Energy]25.15
2019-09-05_01:05:07.034[Status]Routing 233: Walk: 105
2019-09-05_01:05:07.134[Battery Energy]25.04
2019-09-05_01:05:07.374[Status]Routing 234: Walk: 105
2019-09-05_01:05:07.476[Battery Energy]24.87
2019-09-05_01:05:07.696[Status]Routing 235: Walk: 105
2019-09-05_01:05:07.800[Battery Energy]24.73
2019-09-05_01:05:07.970[Status]Routing 236: Walk: 105
2019-09-05_01:05:08.072[Battery Energy]24.61
2019-09-05_01:05:08.298[Status]Routing 237: Walk: 105
2019-09-05_01:05:08.398[Battery Energy]24.52
2019-09-05_01:05:08.646[Status]Routing 238: Walk: 105
2019-09-05_01:05:08.747[Battery Energy]24.34
2019-09-05_01:05:08.910[Status]Routing 239: Walk: 105
2019-09-05_01:05:09.010[Battery Energy]24.25
2019-09-05_01:05:09.200[Status]Routing 240: Walk: 105
2019-09-05_01:05:09.316[Battery Energy]24.12
2019-09-05_01:05:09.547[Status]Routing 241: Walk: 105
2019-09-05_01:05:09.656[Battery Energy]24.01
2019-09-05_01:05:09.851[Status]Routing 242: Walk: 105
2019-09-05_01:05:09.951[Battery Energy]23.88
2019-09-05_01:05:10.156[Status]Routing 243: Walk: 105
2019-09-05_01:05:10.265[Battery Energy]23.73
2019-09-05_01:05:10.460[Status]Routing 244: Walk: 105
2019-09-05_01:05:10.560[Battery Energy]23.59
2019-09-05_01:05:10.725[Status]Routing 245: Walk: 105
2019-09-05_01:05:10.860[Battery Energy]23.49
2019-09-05_01:05:11.040[Status]Routing 246: Walk: 105
2019-09-05_01:05:11.147[Battery Energy]23.40
2019-09-05_01:05:11.317[Status]Routing 247: Walk: 105
2019-09-05_01:05:11.529[Battery Energy]23.28
2019-09-05_01:05:11.781[Status]Routing 248: Walk: 105
2019-09-05_01:05:11.884[Battery Energy]23.18
2019-09-05_01:05:12.117[Status]Routing 249: Walk: 105
2019-09-05_01:05:12.224[Battery Energy]23.06
2019-09-05_01:05:12.368[Status]Routing 250: Walk: 105
2019-09-05_01:05:12.469[Battery Energy]22.94
2019-09-05_01:05:12.707[Status]Routing 251: Walk: 105
2019-09-05_01:05:12.808[Battery Energy]22.80
2019-09-05_01:05:13.016[Status]Routing 252: Walk: 105
2019-09-05_01:05:13.128[Battery Energy]22.67
