2019-09-05_01:20:57.224[Status]Start.
2019-09-05_01:20:57.224[Battery Energy]118.00
2019-09-05_01:20:58.326[Battery Energy]117.96
2019-09-05_01:20:59.427[Battery Energy]117.92
2019-09-05_01:21:00.528[Battery Energy]117.88
2019-09-05_01:21:01.629[Battery Energy]117.84
2019-09-05_01:21:02.730[Task]A New Task Released.
2019-09-05_01:21:02.731[Battery Energy]117.80
2019-09-05_01:21:02.731[Status]Selection Start.
2019-09-05_01:21:06.149[Status]Selection End: Do Task 0.
2019-09-05_01:21:06.249[Battery Energy]115.23
2019-09-05_01:21:06.249[Status]Formation Start.
2019-09-05_01:21:06.420[Status]Formation End: To Position 3.
2019-09-05_01:21:06.528[Battery Energy]115.10
2019-09-05_01:21:06.528[Status]Routing Start.
2019-09-05_01:21:06.744[Status]{'coordinate': [128.86545822679886, 477.82446261146475], 'id': 2}
2019-09-05_01:21:06.744[Status]Routing 1: Walk: 1
2019-09-05_01:21:06.852[Battery Energy]114.86
2019-09-05_01:21:06.852[Status]Routing Start.
2019-09-05_01:21:07.058[Status]{'coordinate': [130.73091645359773, 487.6489252229295], 'id': 2}
2019-09-05_01:21:07.058[Status]Routing 2: Walk: 2
2019-09-05_01:21:07.159[Battery Energy]114.57
2019-09-05_01:21:07.159[Status]Routing Start.
2019-09-05_01:21:07.453[Status]{'coordinate': [132.5963746803966, 497.47338783439426], 'id': 2}
2019-09-05_01:21:07.453[Status]Routing 3: Walk: 3
2019-09-05_01:21:07.553[Battery Energy]114.23
2019-09-05_01:21:07.553[Status]Routing Start.
2019-09-05_01:21:07.759[Status]{'coordinate': [134.46183290719546, 507.297850445859], 'id': 2}
2019-09-05_01:21:07.759[Status]Routing 4: Walk: 4
2019-09-05_01:21:07.859[Battery Energy]113.98
2019-09-05_01:21:07.859[Status]Routing Start.
2019-09-05_01:21:08.042[Status]{'coordinate': [136.32729113399432, 517.1223130573237], 'id': 2}
2019-09-05_01:21:08.042[Status]Routing 5: Walk: 5
2019-09-05_01:21:08.148[Battery Energy]113.76
2019-09-05_01:21:08.148[Status]Routing Start.
2019-09-05_01:21:08.491[Status]{'coordinate': [138.1927493607932, 526.9467756687884], 'id': 2}
2019-09-05_01:21:08.491[Status]Routing 6: Walk: 6
2019-09-05_01:21:08.591[Battery Energy]113.51
2019-09-05_01:21:08.591[Status]Routing Start.
2019-09-05_01:21:08.990[Status]{'coordinate': [130.81131501636207, 533.6932137674337], 'id': 2}
2019-09-05_01:21:08.990[Status]Routing 7: Walk: 7
2019-09-05_01:21:09.090[Battery Energy]113.08
2019-09-05_01:21:09.090[Status]Routing Start.
2019-09-05_01:21:09.415[Status]{'coordinate': [135.27150065249407, 542.6434508643625], 'id': 2}
2019-09-05_01:21:09.415[Status]Routing 8: Walk: 8
2019-09-05_01:21:09.516[Battery Energy]112.76
2019-09-05_01:21:09.516[Status]Routing Start.
2019-09-05_01:21:10.025[Status]{'coordinate': [139.73168628862607, 551.5936879612914], 'id': 2}
2019-09-05_01:21:10.025[Status]Routing 9: Walk: 9
2019-09-05_01:21:10.125[Battery Energy]112.36
2019-09-05_01:21:10.125[Status]Routing Start.
2019-09-05_01:21:10.527[Status]{'coordinate': [144.19187192475806, 560.5439250582202], 'id': 2}
2019-09-05_01:21:10.527[Status]Routing 10: Walk: 10
2019-09-05_01:21:10.627[Battery Energy]111.93
2019-09-05_01:21:10.627[Status]Routing Start.
2019-09-05_01:21:10.628[Status]Task Finished.
2019-09-05_01:21:10.728[Battery Energy]111.93
2019-09-05_01:21:11.202[Status]Routing 12: Walk: 10
2019-09-05_01:21:11.302[Battery Energy]111.50
2019-09-05_01:21:11.747[Status]Routing 13: Walk: 10
2019-09-05_01:21:11.847[Battery Energy]111.12
2019-09-05_01:21:12.225[Status]Routing 14: Walk: 10
2019-09-05_01:21:12.325[Battery Energy]110.74
2019-09-05_01:21:12.703[Status]Routing 15: Walk: 10
2019-09-05_01:21:12.805[Battery Energy]110.46
2019-09-05_01:21:13.167[Status]Routing 16: Walk: 10
2019-09-05_01:21:13.270[Battery Energy]110.10
2019-09-05_01:21:13.583[Status]Routing 17: Walk: 10
2019-09-05_01:21:13.684[Battery Energy]109.76
2019-09-05_01:21:14.018[Status]Routing 18: Walk: 10
2019-09-05_01:21:14.118[Battery Energy]109.45
2019-09-05_01:21:14.516[Status]Routing 19: Walk: 10
2019-09-05_01:21:14.617[Battery Energy]109.08
2019-09-05_01:21:14.945[Status]Routing 20: Walk: 10
2019-09-05_01:21:15.048[Battery Energy]108.75
2019-09-05_01:21:15.202[Status]Routing 21: Walk: 10
2019-09-05_01:21:15.302[Battery Energy]108.64
2019-09-05_01:21:15.614[Status]Routing 22: Walk: 10
2019-09-05_01:21:15.720[Battery Energy]108.46
2019-09-05_01:21:15.911[Status]Routing 23: Walk: 10
2019-09-05_01:21:16.012[Battery Energy]108.33
2019-09-05_01:21:16.427[Status]Routing 24: Walk: 10
2019-09-05_01:21:16.528[Battery Energy]108.01
2019-09-05_01:21:17.013[Status]Routing 25: Walk: 10
2019-09-05_01:21:17.113[Battery Energy]107.79
2019-09-05_01:21:17.516[Status]Routing 26: Walk: 10
2019-09-05_01:21:17.628[Battery Energy]107.47
2019-09-05_01:21:17.764[Status]Routing 27: Walk: 10
2019-09-05_01:21:17.904[Battery Energy]107.36
2019-09-05_01:21:18.194[Status]Routing 28: Walk: 10
2019-09-05_01:21:18.294[Battery Energy]107.14
2019-09-05_01:21:18.596[Status]Routing 29: Walk: 10
2019-09-05_01:21:18.700[Battery Energy]106.96
2019-09-05_01:21:19.027[Status]Routing 30: Walk: 10
2019-09-05_01:21:19.140[Battery Energy]106.76
2019-09-05_01:21:19.492[Status]Routing 31: Walk: 10
2019-09-05_01:21:19.616[Battery Energy]106.60
2019-09-05_01:21:19.908[Status]Routing 32: Walk: 10
2019-09-05_01:21:20.008[Battery Energy]106.40
2019-09-05_01:21:20.410[Status]Routing 33: Walk: 10
2019-09-05_01:21:20.520[Battery Energy]106.10
2019-09-05_01:21:20.712[Status]Routing 34: Walk: 10
2019-09-05_01:21:20.828[Battery Energy]105.96
2019-09-05_01:21:21.027[Status]Routing 35: Walk: 10
2019-09-05_01:21:21.127[Battery Energy]105.84
2019-09-05_01:21:21.415[Status]Routing 36: Walk: 10
2019-09-05_01:21:21.528[Battery Energy]105.69
2019-09-05_01:21:21.941[Status]Routing 37: Walk: 10
2019-09-05_01:21:22.052[Battery Energy]105.46
2019-09-05_01:21:22.428[Status]Routing 38: Walk: 10
2019-09-05_01:21:22.532[Battery Energy]105.27
2019-09-05_01:21:22.870[Status]Routing 39: Walk: 10
2019-09-05_01:21:22.971[Battery Energy]105.04
2019-09-05_01:21:23.309[Status]Routing 40: Walk: 10
2019-09-05_01:21:23.410[Battery Energy]104.83
2019-09-05_01:21:23.852[Status]Routing 41: Walk: 10
2019-09-05_01:21:23.964[Battery Energy]104.59
2019-09-05_01:21:24.496[Status]Routing 42: Walk: 10
2019-09-05_01:21:24.608[Battery Energy]104.28
2019-09-05_01:21:24.890[Status]Routing 43: Walk: 10
2019-09-05_01:21:24.996[Battery Energy]104.08
2019-09-05_01:21:25.203[Status]Routing 44: Walk: 10
2019-09-05_01:21:25.314[Battery Energy]103.95
2019-09-05_01:21:25.506[Status]Routing 45: Walk: 10
2019-09-05_01:21:25.612[Battery Energy]103.80
2019-09-05_01:21:25.877[Status]Routing 46: Walk: 10
2019-09-05_01:21:25.984[Battery Energy]103.63
2019-09-05_01:21:26.125[Status]Routing 47: Walk: 10
2019-09-05_01:21:26.225[Battery Energy]103.54
2019-09-05_01:21:26.425[Status]Routing 48: Walk: 10
2019-09-05_01:21:26.528[Battery Energy]103.40
2019-09-05_01:21:26.830[Status]Routing 49: Walk: 10
2019-09-05_01:21:26.940[Battery Energy]103.19
2019-09-05_01:21:27.121[Status]Routing 50: Walk: 10
2019-09-05_01:21:27.243[Battery Energy]103.08
2019-09-05_01:21:27.519[Status]Routing 51: Walk: 10
2019-09-05_01:21:27.620[Battery Energy]102.93
2019-09-05_01:21:27.803[Status]Routing 52: Walk: 10
2019-09-05_01:21:27.903[Battery Energy]102.81
2019-09-05_01:21:28.101[Status]Routing 53: Walk: 10
2019-09-05_01:21:28.208[Battery Energy]102.67
2019-09-05_01:21:28.556[Status]Routing 54: Walk: 10
2019-09-05_01:21:28.666[Battery Energy]102.48
2019-09-05_01:21:28.911[Status]Routing 55: Walk: 10
2019-09-05_01:21:29.020[Battery Energy]102.35
2019-09-05_01:21:29.175[Status]Routing 56: Walk: 10
2019-09-05_01:21:29.276[Battery Energy]102.25
2019-09-05_01:21:29.466[Status]Routing 57: Walk: 10
2019-09-05_01:21:29.587[Battery Energy]102.12
2019-09-05_01:21:29.817[Status]Routing 58: Walk: 10
2019-09-05_01:21:29.928[Battery Energy]101.96
2019-09-05_01:21:30.195[Status]Routing 59: Walk: 10
2019-09-05_01:21:30.300[Battery Energy]101.78
2019-09-05_01:21:30.509[Status]Routing 60: Walk: 10
2019-09-05_01:21:30.632[Battery Energy]101.64
2019-09-05_01:21:30.833[Status]Routing 61: Walk: 10
2019-09-05_01:21:30.940[Battery Energy]101.56
2019-09-05_01:21:31.189[Status]Routing 62: Walk: 10
2019-09-05_01:21:31.290[Battery Energy]101.40
2019-09-05_01:21:31.545[Status]Routing 63: Walk: 10
2019-09-05_01:21:31.656[Battery Energy]101.28
2019-09-05_01:21:31.876[Status]Routing 64: Walk: 10
2019-09-05_01:21:31.979[Battery Energy]101.12
2019-09-05_01:21:32.139[Status]Routing 65: Walk: 10
2019-09-05_01:21:32.292[Battery Energy]101.01
2019-09-05_01:21:32.599[Status]Routing 66: Walk: 10
2019-09-05_01:21:32.704[Battery Energy]100.82
2019-09-05_01:21:33.067[Status]Routing 67: Walk: 10
2019-09-05_01:21:33.167[Battery Energy]100.66
2019-09-05_01:21:33.352[Status]Routing 68: Walk: 10
2019-09-05_01:21:33.453[Battery Energy]100.52
2019-09-05_01:21:33.706[Status]Routing 69: Walk: 10
2019-09-05_01:21:33.820[Battery Energy]100.38
2019-09-05_01:21:34.035[Status]Routing 70: Walk: 10
2019-09-05_01:21:34.136[Battery Energy]100.24
2019-09-05_01:21:34.360[Status]Routing 71: Walk: 10
2019-09-05_01:21:34.460[Battery Energy]100.08
2019-09-05_01:21:34.652[Status]Routing 72: Walk: 10
2019-09-05_01:21:34.753[Battery Energy]99.95
2019-09-05_01:21:35.121[Status]Routing 73: Walk: 10
2019-09-05_01:21:35.224[Battery Energy]99.77
2019-09-05_01:21:35.378[Status]Routing 74: Walk: 10
2019-09-05_01:21:35.478[Battery Energy]99.68
2019-09-05_01:21:35.682[Status]Routing 75: Walk: 10
2019-09-05_01:21:35.782[Battery Energy]99.55
2019-09-05_01:21:36.013[Status]Routing 76: Walk: 10
2019-09-05_01:21:36.120[Battery Energy]99.39
2019-09-05_01:21:36.310[Status]Routing 77: Walk: 10
2019-09-05_01:21:36.411[Battery Energy]99.27
2019-09-05_01:21:36.650[Status]Routing 78: Walk: 10
2019-09-05_01:21:36.750[Battery Energy]99.13
2019-09-05_01:21:37.058[Status]Routing 79: Walk: 10
2019-09-05_01:21:37.160[Battery Energy]98.97
2019-09-05_01:21:37.351[Status]Routing 80: Walk: 10
2019-09-05_01:21:37.468[Battery Energy]98.83
2019-09-05_01:21:37.732[Status]Routing 81: Walk: 10
2019-09-05_01:21:37.844[Battery Energy]98.67
2019-09-05_01:21:38.092[Status]Routing 82: Walk: 10
2019-09-05_01:21:38.204[Battery Energy]98.55
2019-09-05_01:21:38.407[Status]Routing 83: Walk: 10
2019-09-05_01:21:38.507[Battery Energy]98.42
2019-09-05_01:21:38.763[Status]Routing 84: Walk: 10
2019-09-05_01:21:38.863[Battery Energy]98.29
2019-09-05_01:21:39.087[Status]Routing 85: Walk: 10
2019-09-05_01:21:39.208[Battery Energy]98.14
2019-09-05_01:21:39.404[Status]Routing 86: Walk: 10
2019-09-05_01:21:39.527[Battery Energy]98.03
2019-09-05_01:21:39.706[Status]Routing 87: Walk: 10
2019-09-05_01:21:39.816[Battery Energy]97.92
2019-09-05_01:21:40.027[Status]Routing 88: Walk: 10
2019-09-05_01:21:40.128[Battery Energy]97.74
2019-09-05_01:21:40.361[Status]Routing 89: Walk: 10
2019-09-05_01:21:40.472[Battery Energy]97.61
2019-09-05_01:21:40.674[Status]Routing 90: Walk: 10
2019-09-05_01:21:40.774[Battery Energy]97.46
2019-09-05_01:21:40.988[Status]Routing 91: Walk: 10
2019-09-05_01:21:41.100[Battery Energy]97.32
2019-09-05_01:21:41.323[Status]Routing 92: Walk: 10
2019-09-05_01:21:41.432[Battery Energy]97.20
2019-09-05_01:21:41.602[Status]Routing 93: Walk: 10
2019-09-05_01:21:41.702[Battery Energy]97.10
2019-09-05_01:21:41.956[Status]Routing 94: Walk: 10
2019-09-05_01:21:42.056[Battery Energy]96.99
2019-09-05_01:21:42.195[Status]Routing 95: Walk: 10
2019-09-05_01:21:42.308[Battery Energy]96.89
2019-09-05_01:21:42.593[Status]Routing 96: Walk: 10
2019-09-05_01:21:42.693[Battery Energy]96.72
2019-09-05_01:21:42.858[Status]Routing 97: Walk: 10
2019-09-05_01:21:42.958[Battery Energy]96.60
2019-09-05_01:21:43.161[Status]Routing 98: Walk: 10
2019-09-05_01:21:43.262[Battery Energy]96.44
2019-09-05_01:21:43.578[Status]Routing 99: Walk: 10
2019-09-05_01:21:43.692[Battery Energy]96.24
2019-09-05_01:21:43.888[Status]Routing 100: Walk: 10
2019-09-05_01:21:43.996[Battery Energy]96.08
2019-09-05_01:21:44.380[Status]Routing 101: Walk: 10
2019-09-05_01:21:44.488[Battery Energy]95.83
2019-09-05_01:21:44.690[Status]Routing 102: Walk: 10
2019-09-05_01:21:44.799[Battery Energy]95.71
2019-09-05_01:21:45.178[Status]Routing 103: Walk: 10
2019-09-05_01:21:45.288[Battery Energy]95.51
2019-09-05_01:21:45.628[Status]Routing 104: Walk: 10
2019-09-05_01:21:45.728[Battery Energy]95.30
2019-09-05_01:21:46.036[Status]Routing 105: Walk: 10
2019-09-05_01:21:46.136[Battery Energy]95.13
2019-09-05_01:21:46.340[Status]Routing 106: Walk: 10
2019-09-05_01:21:46.451[Battery Energy]94.97
2019-09-05_01:21:46.819[Status]Routing 107: Walk: 10
2019-09-05_01:21:46.920[Battery Energy]94.76
2019-09-05_01:21:47.276[Status]Routing 108: Walk: 10
2019-09-05_01:21:47.392[Battery Energy]94.55
2019-09-05_01:21:47.809[Status]Routing 109: Walk: 10
2019-09-05_01:21:47.910[Battery Energy]94.29
2019-09-05_01:21:48.291[Status]Routing 110: Walk: 10
2019-09-05_01:21:48.400[Battery Energy]94.07
2019-09-05_01:21:48.726[Status]Routing 111: Walk: 10
2019-09-05_01:21:48.831[Battery Energy]93.96
2019-09-05_01:21:49.031[Status]Routing 112: Walk: 10
2019-09-05_01:21:49.136[Battery Energy]93.80
2019-09-05_01:21:49.391[Status]Routing 113: Walk: 10
2019-09-05_01:21:49.496[Battery Energy]93.63
2019-09-05_01:21:49.758[Status]Routing 114: Walk: 10
2019-09-05_01:21:49.864[Battery Energy]93.44
2019-09-05_01:21:50.056[Status]Routing 115: Walk: 10
2019-09-05_01:21:50.182[Battery Energy]93.32
2019-09-05_01:21:50.404[Status]Routing 116: Walk: 10
2019-09-05_01:21:50.504[Battery Energy]93.16
2019-09-05_01:21:50.877[Status]Routing 117: Walk: 10
2019-09-05_01:21:50.988[Battery Energy]92.90
2019-09-05_01:21:51.301[Status]Routing 118: Walk: 10
2019-09-05_01:21:51.401[Battery Energy]92.71
2019-09-05_01:21:51.790[Status]Routing 119: Walk: 10
2019-09-05_01:21:51.900[Battery Energy]92.47
2019-09-05_01:21:52.237[Status]Routing 120: Walk: 10
2019-09-05_01:21:52.364[Battery Energy]92.24
2019-09-05_01:21:52.666[Status]Routing 121: Walk: 10
2019-09-05_01:21:52.780[Battery Energy]92.07
2019-09-05_01:21:53.018[Status]Routing 122: Walk: 10
2019-09-05_01:21:53.120[Battery Energy]91.93
2019-09-05_01:21:53.420[Status]Routing 123: Walk: 10
2019-09-05_01:21:53.522[Battery Energy]91.77
2019-09-05_01:21:53.868[Status]Routing 124: Walk: 10
2019-09-05_01:21:53.968[Battery Energy]91.57
2019-09-05_01:21:54.194[Status]Routing 125: Walk: 10
2019-09-05_01:21:54.300[Battery Energy]91.41
2019-09-05_01:21:54.623[Status]Routing 126: Walk: 10
2019-09-05_01:21:54.728[Battery Energy]91.16
2019-09-05_01:21:55.127[Status]Routing 127: Walk: 10
2019-09-05_01:21:55.227[Battery Energy]90.89
2019-09-05_01:21:55.381[Status]Routing 128: Walk: 10
2019-09-05_01:21:55.481[Battery Energy]90.78
2019-09-05_01:21:55.687[Status]Routing 129: Walk: 10
2019-09-05_01:21:55.787[Battery Energy]90.62
2019-09-05_01:21:56.204[Status]Routing 130: Walk: 10
2019-09-05_01:21:56.312[Battery Energy]90.29
2019-09-05_01:21:56.513[Status]Routing 131: Walk: 10
2019-09-05_01:21:56.621[Battery Energy]90.17
2019-09-05_01:21:56.800[Status]Routing 132: Walk: 10
2019-09-05_01:21:56.907[Battery Energy]90.02
2019-09-05_01:21:57.095[Status]Routing 133: Walk: 10
2019-09-05_01:21:57.195[Battery Energy]89.92
2019-09-05_01:21:57.503[Status]Routing 134: Walk: 10
2019-09-05_01:21:57.603[Battery Energy]89.78
2019-09-05_01:21:57.824[Status]Routing 135: Walk: 10
2019-09-05_01:21:57.925[Battery Energy]89.64
2019-09-05_01:21:58.181[Status]Routing 136: Walk: 10
2019-09-05_01:21:58.281[Battery Energy]89.45
2019-09-05_01:21:58.539[Status]Routing 137: Walk: 10
2019-09-05_01:21:58.647[Battery Energy]89.27
2019-09-05_01:21:58.944[Status]Routing 138: Walk: 10
2019-09-05_01:21:59.044[Battery Energy]89.14
2019-09-05_01:21:59.300[Status]Routing 139: Walk: 10
2019-09-05_01:21:59.400[Battery Energy]88.96
2019-09-05_01:21:59.684[Status]Routing 140: Walk: 10
2019-09-05_01:21:59.804[Battery Energy]88.82
2019-09-05_01:22:00.142[Status]Routing 141: Walk: 10
2019-09-05_01:22:00.256[Battery Energy]88.58
2019-09-05_01:22:00.583[Status]Routing 142: Walk: 10
2019-09-05_01:22:00.685[Battery Energy]88.48
2019-09-05_01:22:00.908[Status]Routing 143: Walk: 10
2019-09-05_01:22:01.010[Battery Energy]88.32
2019-09-05_01:22:01.235[Status]Routing 144: Walk: 10
2019-09-05_01:22:01.336[Battery Energy]88.17
2019-09-05_01:22:01.640[Status]Routing 145: Walk: 10
2019-09-05_01:22:01.752[Battery Energy]87.97
2019-09-05_01:22:01.978[Status]Routing 146: Walk: 10
2019-09-05_01:22:02.108[Battery Energy]87.83
2019-09-05_01:22:02.328[Status]Routing 147: Walk: 10
2019-09-05_01:22:02.436[Battery Energy]87.69
2019-09-05_01:22:02.624[Status]Routing 148: Walk: 10
2019-09-05_01:22:02.724[Battery Energy]87.58
2019-09-05_01:22:03.015[Status]Routing 149: Walk: 10
2019-09-05_01:22:03.115[Battery Energy]87.43
2019-09-05_01:22:03.296[Status]Routing 150: Walk: 10
2019-09-05_01:22:03.400[Battery Energy]87.31
2019-09-05_01:22:03.588[Status]Routing 151: Walk: 10
2019-09-05_01:22:03.688[Battery Energy]87.19
2019-09-05_01:22:03.971[Status]Routing 152: Walk: 10
2019-09-05_01:22:04.071[Battery Energy]87.00
2019-09-05_01:22:04.225[Status]Routing 153: Walk: 10
2019-09-05_01:22:04.325[Battery Energy]86.89
2019-09-05_01:22:04.524[Status]Routing 154: Walk: 10
2019-09-05_01:22:04.625[Battery Energy]86.77
