2019-09-05_01:20:59.109[Status]Start.
2019-09-05_01:20:59.110[Battery Energy]118.00
2019-09-05_01:21:00.211[Battery Energy]117.96
2019-09-05_01:21:01.312[Battery Energy]117.92
2019-09-05_01:21:02.413[Battery Energy]117.88
2019-09-05_01:21:03.515[Battery Energy]117.84
2019-09-05_01:21:04.615[Task]A New Task Released.
2019-09-05_01:21:04.616[Battery Energy]117.80
2019-09-05_01:21:04.616[Status]Selection Start.
2019-09-05_01:21:06.150[Status]Selection End: Do Task 1.
2019-09-05_01:21:06.276[Battery Energy]116.79
2019-09-05_01:21:06.277[Status]Formation Start.
2019-09-05_01:21:06.419[Status]Formation End: To Position 0.
2019-09-05_01:21:06.524[Battery Energy]116.66
2019-09-05_01:21:06.524[Status]Routing Start.
2019-09-05_01:21:06.743[Status]{'id': 14, 'coordinate': [67.3725626213664, 241.4864121828271]}
2019-09-05_01:21:06.743[Status]Routing 1: Walk: 1
2019-09-05_01:21:06.852[Battery Energy]116.41
2019-09-05_01:21:06.852[Status]Routing Start.
2019-09-05_01:21:07.061[Status]{'id': 14, 'coordinate': [76.7451252427328, 244.97282436565422]}
2019-09-05_01:21:07.061[Status]Routing 2: Walk: 2
2019-09-05_01:21:07.168[Battery Energy]116.18
2019-09-05_01:21:07.168[Status]Routing Start.
2019-09-05_01:21:07.451[Status]{'id': 14, 'coordinate': [86.1176878640992, 248.45923654848133]}
2019-09-05_01:21:07.451[Status]Routing 3: Walk: 3
2019-09-05_01:21:07.560[Battery Energy]115.91
2019-09-05_01:21:07.560[Status]Routing Start.
2019-09-05_01:21:07.763[Status]{'id': 14, 'coordinate': [95.4902504854656, 251.94564873130844]}
2019-09-05_01:21:07.763[Status]Routing 4: Walk: 4
2019-09-05_01:21:07.872[Battery Energy]115.66
2019-09-05_01:21:07.872[Status]Routing Start.
2019-09-05_01:21:08.040[Status]{'id': 14, 'coordinate': [104.862813106832, 255.43206091413555]}
2019-09-05_01:21:08.040[Status]Routing 5: Walk: 5
2019-09-05_01:21:08.141[Battery Energy]115.44
2019-09-05_01:21:08.141[Status]Routing Start.
2019-09-05_01:21:08.492[Status]{'id': 14, 'coordinate': [114.23537572819839, 258.91847309696266]}
2019-09-05_01:21:08.492[Status]Routing 6: Walk: 6
2019-09-05_01:21:08.600[Battery Energy]115.12
2019-09-05_01:21:08.600[Status]Routing Start.
2019-09-05_01:21:08.810[Status]{'id': 14, 'coordinate': [123.60793834956479, 262.40488527978977]}
2019-09-05_01:21:08.810[Status]Routing 7: Walk: 7
2019-09-05_01:21:08.915[Battery Energy]114.89
2019-09-05_01:21:08.915[Status]Routing Start.
2019-09-05_01:21:09.264[Status]{'id': 14, 'coordinate': [132.9805009709312, 265.8912974626169]}
2019-09-05_01:21:09.264[Status]Routing 8: Walk: 8
2019-09-05_01:21:09.373[Battery Energy]114.56
2019-09-05_01:21:09.373[Status]Routing Start.
2019-09-05_01:21:09.792[Status]{'id': 14, 'coordinate': [142.3530635922976, 269.377709645444]}
2019-09-05_01:21:09.792[Status]Routing 9: Walk: 9
2019-09-05_01:21:09.893[Battery Energy]114.17
2019-09-05_01:21:09.893[Status]Routing Start.
2019-09-05_01:21:10.364[Status]{'id': 14, 'coordinate': [151.725626213664, 272.8641218282711]}
2019-09-05_01:21:10.364[Status]Routing 10: Walk: 10
2019-09-05_01:21:10.464[Battery Energy]113.77
2019-09-05_01:21:10.464[Status]Routing Start.
2019-09-05_01:21:11.005[Status]{'id': 14, 'coordinate': [161.09818883503038, 276.3505340110982]}
2019-09-05_01:21:11.006[Status]Routing 11: Walk: 11
2019-09-05_01:21:11.106[Battery Energy]113.36
2019-09-05_01:21:11.106[Status]Routing Start.
2019-09-05_01:21:11.508[Status]{'id': 14, 'coordinate': [170.47075145639678, 279.8369461939253]}
2019-09-05_01:21:11.509[Status]Routing 12: Walk: 12
2019-09-05_01:21:11.611[Battery Energy]112.96
2019-09-05_01:21:11.611[Status]Routing Start.
2019-09-05_01:21:12.007[Status]{'id': 14, 'coordinate': [179.84331407776318, 283.3233583767524]}
2019-09-05_01:21:12.008[Status]Routing 13: Walk: 13
2019-09-05_01:21:12.109[Battery Energy]112.59
2019-09-05_01:21:12.109[Status]Routing Start.
2019-09-05_01:21:12.525[Status]{'id': 14, 'coordinate': [189.21587669912958, 286.80977055957953]}
2019-09-05_01:21:12.525[Status]Routing 14: Walk: 14
2019-09-05_01:21:12.628[Battery Energy]112.21
2019-09-05_01:21:12.628[Status]Routing Start.
2019-09-05_01:21:13.171[Status]{'id': 14, 'coordinate': [188.32596582014492, 296.7700947825888]}
2019-09-05_01:21:13.177[Status]Routing 15: Walk: 15
2019-09-05_01:21:13.277[Battery Energy]111.73
2019-09-05_01:21:13.277[Status]Routing Start.
2019-09-05_01:21:13.438[Status]{'id': 14, 'coordinate': [197.72665417628284, 300.1799420564081]}
2019-09-05_01:21:13.438[Status]Routing 16: Walk: 16
2019-09-05_01:21:13.544[Battery Energy]111.53
2019-09-05_01:21:13.544[Status]Routing Start.
2019-09-05_01:21:13.834[Status]{'id': 14, 'coordinate': [207.12734253242076, 303.5897893302274]}
2019-09-05_01:21:13.834[Status]Routing 17: Walk: 17
2019-09-05_01:21:13.937[Battery Energy]111.26
2019-09-05_01:21:13.937[Status]Routing Start.
2019-09-05_01:21:14.306[Status]{'id': 14, 'coordinate': [216.52803088855867, 306.9996366040467]}
2019-09-05_01:21:14.306[Status]Routing 18: Walk: 18
2019-09-05_01:21:14.419[Battery Energy]110.94
2019-09-05_01:21:14.420[Status]Routing Start.
2019-09-05_01:21:14.750[Status]{'id': 14, 'coordinate': [225.9287192446966, 310.409483877866]}
2019-09-05_01:21:14.751[Status]Routing 19: Walk: 19
2019-09-05_01:21:14.858[Battery Energy]110.69
2019-09-05_01:21:14.858[Status]Routing Start.
2019-09-05_01:21:15.354[Status]{'id': 14, 'coordinate': [226.03588412401956, 320.40890964581087]}
2019-09-05_01:21:15.356[Status]Routing 20: Walk: 20
2019-09-05_01:21:15.456[Battery Energy]110.24
2019-09-05_01:21:15.456[Status]Routing Start.
2019-09-05_01:21:15.617[Status]{'id': 14, 'coordinate': [235.46428506284266, 323.74136455725375]}
2019-09-05_01:21:15.617[Status]Routing 21: Walk: 21
2019-09-05_01:21:15.732[Battery Energy]110.04
2019-09-05_01:21:15.732[Status]Routing Start.
2019-09-05_01:21:15.908[Status]{'id': 14, 'coordinate': [244.89268600166577, 327.0738194686966]}
2019-09-05_01:21:15.908[Status]Routing 22: Walk: 22
2019-09-05_01:21:16.009[Battery Energy]109.83
2019-09-05_01:21:16.009[Status]Routing Start.
2019-09-05_01:21:16.554[Status]{'id': 14, 'coordinate': [254.32108694048887, 330.4062743801395]}
2019-09-05_01:21:16.555[Status]Routing 23: Walk: 23
2019-09-05_01:21:16.656[Battery Energy]109.33
2019-09-05_01:21:16.656[Status]Routing Start.
2019-09-05_01:21:17.288[Status]{'id': 14, 'coordinate': [263.74948787931197, 333.7387292915824]}
2019-09-05_01:21:17.288[Status]Routing 24: Walk: 24
2019-09-05_01:21:17.388[Battery Energy]108.83
2019-09-05_01:21:17.388[Status]Routing Start.
2019-09-05_01:21:17.515[Status]{'id': 14, 'coordinate': [273.17788881813505, 337.07118420302527]}
2019-09-05_01:21:17.515[Status]Routing 25: Walk: 25
2019-09-05_01:21:17.632[Battery Energy]108.64
2019-09-05_01:21:17.632[Status]Routing Start.
2019-09-05_01:21:17.767[Status]{'id': 14, 'coordinate': [282.6062897569581, 340.40363911446815]}
2019-09-05_01:21:17.768[Status]Routing 26: Walk: 26
2019-09-05_01:21:17.880[Battery Energy]108.44
2019-09-05_01:21:17.880[Status]Routing Start.
2019-09-05_01:21:18.194[Status]{'id': 14, 'coordinate': [292.0346906957812, 343.73609402591103]}
2019-09-05_01:21:18.194[Status]Routing 27: Walk: 27
2019-09-05_01:21:18.294[Battery Energy]108.16
2019-09-05_01:21:18.294[Status]Routing Start.
2019-09-05_01:21:18.590[Status]{'id': 14, 'coordinate': [301.46309163460427, 347.0685489373539]}
2019-09-05_01:21:18.590[Status]Routing 28: Walk: 28
2019-09-05_01:21:18.690[Battery Energy]107.93
2019-09-05_01:21:18.690[Status]Routing Start.
2019-09-05_01:21:19.027[Status]{'id': 14, 'coordinate': [310.89149257342734, 350.4010038487968]}
2019-09-05_01:21:19.029[Status]Routing 29: Walk: 29
2019-09-05_01:21:19.132[Battery Energy]107.63
2019-09-05_01:21:19.132[Status]Routing Start.
2019-09-05_01:21:19.488[Status]{'id': 14, 'coordinate': [320.3198935122504, 353.73345876023967]}
2019-09-05_01:21:19.488[Status]Routing 30: Walk: 30
2019-09-05_01:21:19.608[Battery Energy]107.34
2019-09-05_01:21:19.608[Status]Routing Start.
2019-09-05_01:21:19.904[Status]{'id': 14, 'coordinate': [329.7482944510735, 357.06591367168255]}
2019-09-05_01:21:19.904[Status]Routing 31: Walk: 31
2019-09-05_01:21:20.027[Battery Energy]107.08
2019-09-05_01:21:20.027[Status]Routing Start.
2019-09-05_01:21:20.409[Status]{'id': 14, 'coordinate': [339.17669538989657, 360.39836858312543]}
2019-09-05_01:21:20.410[Status]Routing 32: Walk: 32
2019-09-05_01:21:20.520[Battery Energy]106.77
2019-09-05_01:21:20.520[Status]Routing Start.
2019-09-05_01:21:20.711[Status]{'id': 14, 'coordinate': [348.60509632871964, 363.7308234945683]}
2019-09-05_01:21:20.711[Status]Routing 33: Walk: 33
2019-09-05_01:21:20.816[Battery Energy]106.54
2019-09-05_01:21:20.816[Status]Routing Start.
2019-09-05_01:21:21.023[Status]{'id': 14, 'coordinate': [358.0334972675427, 367.0632784060112]}
2019-09-05_01:21:21.024[Status]Routing 34: Walk: 34
2019-09-05_01:21:21.168[Battery Energy]106.31
2019-09-05_01:21:21.168[Status]Routing Start.
2019-09-05_01:21:21.414[Status]{'id': 14, 'coordinate': [367.4618982063658, 370.3957333174541]}
2019-09-05_01:21:21.415[Status]Routing 35: Walk: 35
2019-09-05_01:21:21.532[Battery Energy]106.09
2019-09-05_01:21:21.532[Status]Routing Start.
2019-09-05_01:21:21.948[Status]{'id': 14, 'coordinate': [376.89029914518886, 373.72818822889695]}
2019-09-05_01:21:21.948[Status]Routing 36: Walk: 36
2019-09-05_01:21:22.056[Battery Energy]105.75
2019-09-05_01:21:22.056[Status]Routing Start.
2019-09-05_01:21:22.427[Status]{'id': 14, 'coordinate': [386.31870008401194, 377.06064314033983]}
2019-09-05_01:21:22.427[Status]Routing 37: Walk: 37
2019-09-05_01:21:22.527[Battery Energy]105.41
2019-09-05_01:21:22.527[Status]Routing Start.
2019-09-05_01:21:22.867[Status]{'id': 14, 'coordinate': [395.747101022835, 380.3930980517827]}
2019-09-05_01:21:22.867[Status]Routing 38: Walk: 38
2019-09-05_01:21:22.968[Battery Energy]105.08
2019-09-05_01:21:22.968[Status]Routing Start.
2019-09-05_01:21:23.328[Status]{'id': 14, 'coordinate': [405.1755019616581, 383.7255529632256]}
2019-09-05_01:21:23.329[Status]Routing 39: Walk: 39
2019-09-05_01:21:23.429[Battery Energy]104.80
2019-09-05_01:21:23.429[Status]Routing Start.
2019-09-05_01:21:23.849[Status]{'id': 14, 'coordinate': [414.60390290048116, 387.0580078746685]}
2019-09-05_01:21:23.849[Status]Routing 40: Walk: 40
2019-09-05_01:21:23.949[Battery Energy]104.47
2019-09-05_01:21:23.949[Status]Routing Start.
2019-09-05_01:21:24.498[Status]{'id': 14, 'coordinate': [424.03230383930423, 390.39046278611136]}
2019-09-05_01:21:24.498[Status]Routing 41: Walk: 41
2019-09-05_01:21:24.616[Battery Energy]104.01
2019-09-05_01:21:24.616[Status]Routing Start.
2019-09-05_01:21:24.889[Status]{'id': 14, 'coordinate': [433.4607047781273, 393.72291769755424]}
2019-09-05_01:21:24.889[Status]Routing 42: Walk: 42
2019-09-05_01:21:24.989[Battery Energy]103.75
2019-09-05_01:21:24.989[Status]Routing Start.
2019-09-05_01:21:25.201[Status]{'id': 14, 'coordinate': [442.8891057169504, 397.0553726089971]}
2019-09-05_01:21:25.201[Status]Routing 43: Walk: 43
2019-09-05_01:21:25.302[Battery Energy]103.52
2019-09-05_01:21:25.302[Status]Routing Start.
2019-09-05_01:21:25.503[Status]{'id': 14, 'coordinate': [452.31750665577346, 400.38782752044]}
2019-09-05_01:21:25.507[Status]Routing 44: Walk: 44
2019-09-05_01:21:25.620[Battery Energy]103.31
2019-09-05_01:21:25.620[Status]Routing Start.
2019-09-05_01:21:25.865[Status]{'id': 14, 'coordinate': [461.74590759459653, 403.7202824318829]}
2019-09-05_01:21:25.865[Status]Routing 45: Walk: 45
2019-09-05_01:21:25.968[Battery Energy]103.05
2019-09-05_01:21:25.968[Status]Routing Start.
2019-09-05_01:21:26.125[Status]{'id': 14, 'coordinate': [471.1743085334196, 407.05273734332576]}
2019-09-05_01:21:26.125[Status]Routing 46: Walk: 46
2019-09-05_01:21:26.232[Battery Energy]102.86
2019-09-05_01:21:26.232[Status]Routing Start.
2019-09-05_01:21:26.422[Status]{'id': 14, 'coordinate': [480.6027094722427, 410.38519225476864]}
2019-09-05_01:21:26.422[Status]Routing 47: Walk: 47
2019-09-05_01:21:26.528[Battery Energy]102.63
2019-09-05_01:21:26.528[Status]Routing Start.
2019-09-05_01:21:26.827[Status]{'id': 14, 'coordinate': [490.03111041106575, 413.7176471662115]}
2019-09-05_01:21:26.827[Status]Routing 48: Walk: 48
2019-09-05_01:21:26.927[Battery Energy]102.33
2019-09-05_01:21:26.927[Status]Routing Start.
2019-09-05_01:21:27.119[Status]{'id': 14, 'coordinate': [499.4595113498888, 417.0501020776544]}
2019-09-05_01:21:27.119[Status]Routing 49: Walk: 49
2019-09-05_01:21:27.219[Battery Energy]102.09
2019-09-05_01:21:27.220[Status]Routing Start.
2019-09-05_01:21:27.521[Status]{'id': 14, 'coordinate': [508.8879122887119, 420.3825569890973]}
2019-09-05_01:21:27.521[Status]Routing 50: Walk: 50
2019-09-05_01:21:27.640[Battery Energy]101.85
2019-09-05_01:21:27.640[Status]Routing Start.
2019-09-05_01:21:27.803[Status]{'id': 14, 'coordinate': [518.316313227535, 423.71501190054016]}
2019-09-05_01:21:27.804[Status]Routing 51: Walk: 51
2019-09-05_01:21:27.908[Battery Energy]101.65
2019-09-05_01:21:27.908[Status]Routing Start.
2019-09-05_01:21:28.106[Status]{'id': 14, 'coordinate': [527.7447141663581, 427.04746681198304]}
2019-09-05_01:21:28.106[Status]Routing 52: Walk: 52
2019-09-05_01:21:28.209[Battery Energy]101.44
2019-09-05_01:21:28.209[Status]Routing Start.
2019-09-05_01:21:28.552[Status]{'id': 14, 'coordinate': [537.1731151051812, 430.3799217234259]}
2019-09-05_01:21:28.553[Status]Routing 53: Walk: 53
2019-09-05_01:21:28.654[Battery Energy]101.17
2019-09-05_01:21:28.654[Status]Routing Start.
2019-09-05_01:21:28.913[Status]{'id': 14, 'coordinate': [546.6015160440043, 433.7123766348688]}
2019-09-05_01:21:28.913[Status]Routing 54: Walk: 54
2019-09-05_01:21:29.018[Battery Energy]100.88
2019-09-05_01:21:29.018[Status]Routing Start.
2019-09-05_01:21:29.174[Status]{'id': 14, 'coordinate': [556.0299169828273, 437.0448315463117]}
2019-09-05_01:21:29.174[Status]Routing 55: Walk: 55
2019-09-05_01:21:29.284[Battery Energy]100.65
2019-09-05_01:21:29.284[Status]Routing Start.
2019-09-05_01:21:29.467[Status]{'id': 14, 'coordinate': [565.4583179216504, 440.37728645775456]}
2019-09-05_01:21:29.467[Status]Routing 56: Walk: 56
2019-09-05_01:21:29.576[Battery Energy]100.45
2019-09-05_01:21:29.576[Status]Routing Start.
2019-09-05_01:21:29.816[Status]{'id': 14, 'coordinate': [574.8867188604735, 443.70974136919745]}
2019-09-05_01:21:29.816[Status]Routing 57: Walk: 57
2019-09-05_01:21:29.920[Battery Energy]100.21
2019-09-05_01:21:29.920[Status]Routing Start.
2019-09-05_01:21:30.189[Status]{'id': 14, 'coordinate': [584.3151197992966, 447.0421962806403]}
2019-09-05_01:21:30.189[Status]Routing 58: Walk: 58
2019-09-05_01:21:30.289[Battery Energy]99.95
2019-09-05_01:21:30.289[Status]Routing Start.
2019-09-05_01:21:30.505[Status]{'id': 14, 'coordinate': [593.7435207381196, 450.3746511920832]}
2019-09-05_01:21:30.505[Status]Routing 59: Walk: 59
2019-09-05_01:21:30.611[Battery Energy]99.73
2019-09-05_01:21:30.611[Status]Routing Start.
2019-09-05_01:21:30.834[Status]{'id': 14, 'coordinate': [603.1719216769427, 453.7071061035261]}
2019-09-05_01:21:30.834[Status]Routing 60: Walk: 60
2019-09-05_01:21:30.948[Battery Energy]99.45
2019-09-05_01:21:30.948[Status]Routing Start.
2019-09-05_01:21:31.191[Status]{'id': 14, 'coordinate': [612.6003226157658, 457.03956101496897]}
2019-09-05_01:21:31.191[Status]Routing 61: Walk: 61
2019-09-05_01:21:31.300[Battery Energy]99.19
2019-09-05_01:21:31.300[Status]Routing Start.
2019-09-05_01:21:31.546[Status]{'id': 14, 'coordinate': [622.0287235545889, 460.37201592641185]}
2019-09-05_01:21:31.546[Status]Routing 62: Walk: 62
2019-09-05_01:21:31.664[Battery Energy]98.94
2019-09-05_01:21:31.664[Status]Routing Start.
2019-09-05_01:21:31.878[Status]{'id': 14, 'coordinate': [631.4571244934119, 463.7044708378547]}
2019-09-05_01:21:31.878[Status]Routing 63: Walk: 63
2019-09-05_01:21:31.987[Battery Energy]98.71
2019-09-05_01:21:31.987[Status]Routing Start.
2019-09-05_01:21:32.140[Status]{'id': 14, 'coordinate': [640.885525432235, 467.0369257492976]}
2019-09-05_01:21:32.140[Status]Routing 64: Walk: 64
2019-09-05_01:21:32.240[Battery Energy]98.52
2019-09-05_01:21:32.240[Status]Routing Start.
2019-09-05_01:21:32.723[Status]Routing 65: Walk: 64
2019-09-05_01:21:32.836[Battery Energy]98.19
2019-09-05_01:21:32.836[Status]Routing Start.
2019-09-05_01:21:33.070[Status]{'id': 14, 'coordinate': [650.3139263710581, 470.3693806607405]}
2019-09-05_01:21:33.070[Status]Routing 66: Walk: 65
2019-09-05_01:21:33.180[Battery Energy]97.96
2019-09-05_01:21:33.180[Status]Routing Start.
2019-09-05_01:21:33.358[Status]{'id': 14, 'coordinate': [659.7423273098811, 473.70183557218337]}
2019-09-05_01:21:33.358[Status]Routing 67: Walk: 66
2019-09-05_01:21:33.458[Battery Energy]97.73
2019-09-05_01:21:33.458[Status]Routing Start.
2019-09-05_01:21:33.705[Status]{'id': 14, 'coordinate': [669.1707282487042, 477.03429048362625]}
2019-09-05_01:21:33.705[Status]Routing 68: Walk: 67
2019-09-05_01:21:33.816[Battery Energy]97.51
2019-09-05_01:21:33.816[Status]Routing Start.
2019-09-05_01:21:34.027[Status]{'id': 14, 'coordinate': [678.5991291875273, 480.36674539506913]}
2019-09-05_01:21:34.027[Status]Routing 69: Walk: 68
2019-09-05_01:21:34.144[Battery Energy]97.32
2019-09-05_01:21:34.144[Status]Routing Start.
2019-09-05_01:21:34.365[Status]{'id': 14, 'coordinate': [688.0275301263504, 483.699200306512]}
2019-09-05_01:21:34.365[Status]Routing 70: Walk: 69
2019-09-05_01:21:34.465[Battery Energy]97.07
2019-09-05_01:21:34.465[Status]Routing Start.
2019-09-05_01:21:34.653[Status]{'id': 14, 'coordinate': [697.4559310651734, 487.0316552179549]}
2019-09-05_01:21:34.653[Status]Routing 71: Walk: 70
2019-09-05_01:21:34.776[Battery Energy]96.84
2019-09-05_01:21:34.776[Status]Routing Start.
2019-09-05_01:21:35.121[Status]{'id': 14, 'coordinate': [706.8843320039965, 490.3641101293978]}
2019-09-05_01:21:35.122[Status]Routing 72: Walk: 71
2019-09-05_01:21:35.224[Battery Energy]96.53
2019-09-05_01:21:35.224[Status]Routing Start.
2019-09-05_01:21:35.382[Status]{'id': 14, 'coordinate': [716.3127329428196, 493.69656504084065]}
2019-09-05_01:21:35.382[Status]Routing 73: Walk: 72
2019-09-05_01:21:35.484[Battery Energy]96.32
2019-09-05_01:21:35.484[Status]Routing Start.
2019-09-05_01:21:35.681[Status]{'id': 14, 'coordinate': [725.7411338816427, 497.02901995228353]}
2019-09-05_01:21:35.681[Status]Routing 74: Walk: 73
2019-09-05_01:21:35.781[Battery Energy]96.09
2019-09-05_01:21:35.781[Status]Routing Start.
2019-09-05_01:21:36.012[Status]{'id': 14, 'coordinate': [735.1695348204657, 500.3614748637264]}
2019-09-05_01:21:36.012[Status]Routing 75: Walk: 74
2019-09-05_01:21:36.116[Battery Energy]95.83
2019-09-05_01:21:36.116[Status]Routing Start.
2019-09-05_01:21:36.315[Status]{'id': 14, 'coordinate': [744.5979357592888, 503.6939297751693]}
2019-09-05_01:21:36.315[Status]Routing 76: Walk: 75
2019-09-05_01:21:36.424[Battery Energy]95.61
2019-09-05_01:21:36.424[Status]Routing Start.
2019-09-05_01:21:36.645[Status]{'id': 14, 'coordinate': [754.0263366981119, 507.0263846866122]}
2019-09-05_01:21:36.646[Status]Routing 77: Walk: 76
2019-09-05_01:21:36.752[Battery Energy]95.34
2019-09-05_01:21:36.752[Status]Routing Start.
2019-09-05_01:21:37.026[Status]{'id': 14, 'coordinate': [763.454737636935, 510.35883959805506]}
2019-09-05_01:21:37.027[Status]Routing 78: Walk: 77
2019-09-05_01:21:37.188[Battery Energy]95.06
2019-09-05_01:21:37.188[Status]Routing Start.
2019-09-05_01:21:37.349[Status]{'id': 14, 'coordinate': [772.883138575758, 513.6912945094979]}
2019-09-05_01:21:37.351[Status]Routing 79: Walk: 78
2019-09-05_01:21:37.459[Battery Energy]94.84
2019-09-05_01:21:37.459[Status]Routing Start.
2019-09-05_01:21:37.734[Status]{'id': 14, 'coordinate': [782.3115395145811, 517.0237494209407]}
2019-09-05_01:21:37.734[Status]Routing 80: Walk: 79
2019-09-05_01:21:37.834[Battery Energy]94.57
2019-09-05_01:21:37.834[Status]Routing Start.
2019-09-05_01:21:38.092[Status]{'id': 14, 'coordinate': [791.7399404534042, 520.3562043323835]}
2019-09-05_01:21:38.092[Status]Routing 81: Walk: 80
2019-09-05_01:21:38.200[Battery Energy]94.32
2019-09-05_01:21:38.200[Status]Routing Start.
2019-09-05_01:21:38.415[Status]{'id': 14, 'coordinate': [801.1683413922273, 523.6886592438264]}
2019-09-05_01:21:38.416[Status]Routing 82: Walk: 81
2019-09-05_01:21:38.520[Battery Energy]94.09
2019-09-05_01:21:38.520[Status]Routing Start.
2019-09-05_01:21:38.760[Status]{'id': 14, 'coordinate': [810.5967423310503, 527.0211141552692]}
2019-09-05_01:21:38.760[Status]Routing 83: Walk: 82
2019-09-05_01:21:38.870[Battery Energy]93.85
2019-09-05_01:21:38.870[Status]Routing Start.
2019-09-05_01:21:39.087[Status]{'id': 14, 'coordinate': [820.0251432698734, 530.353569066712]}
2019-09-05_01:21:39.088[Status]Routing 84: Walk: 83
2019-09-05_01:21:39.193[Battery Energy]93.61
2019-09-05_01:21:39.193[Status]Routing Start.
2019-09-05_01:21:39.407[Status]{'id': 14, 'coordinate': [829.4535442086965, 533.6860239781548]}
2019-09-05_01:21:39.407[Status]Routing 85: Walk: 84
2019-09-05_01:21:39.507[Battery Energy]93.36
2019-09-05_01:21:39.507[Status]Routing Start.
2019-09-05_01:21:39.707[Status]{'id': 14, 'coordinate': [838.8819451475196, 537.0184788895976]}
2019-09-05_01:21:39.707[Status]Routing 86: Walk: 85
2019-09-05_01:21:39.807[Battery Energy]93.12
2019-09-05_01:21:39.807[Status]Routing Start.
2019-09-05_01:21:40.015[Status]{'id': 14, 'coordinate': [848.3103460863426, 540.3509338010405]}
2019-09-05_01:21:40.016[Status]Routing 87: Walk: 86
2019-09-05_01:21:40.139[Battery Energy]92.86
2019-09-05_01:21:40.139[Status]Routing Start.
2019-09-05_01:21:40.359[Status]{'id': 14, 'coordinate': [857.7387470251657, 543.6833887124833]}
2019-09-05_01:21:40.359[Status]Routing 88: Walk: 87
2019-09-05_01:21:40.459[Battery Energy]92.59
2019-09-05_01:21:40.459[Status]Routing Start.
2019-09-05_01:21:40.673[Status]{'id': 14, 'coordinate': [867.1671479639888, 547.0158436239261]}
2019-09-05_01:21:40.673[Status]Routing 89: Walk: 88
2019-09-05_01:21:40.779[Battery Energy]92.34
2019-09-05_01:21:40.779[Status]Routing Start.
2019-09-05_01:21:40.997[Status]{'id': 14, 'coordinate': [876.5955489028119, 550.3482985353689]}
2019-09-05_01:21:40.997[Status]Routing 90: Walk: 89
2019-09-05_01:21:41.104[Battery Energy]92.07
2019-09-05_01:21:41.104[Status]Routing Start.
2019-09-05_01:21:41.323[Status]{'id': 14, 'coordinate': [886.0239498416349, 553.6807534468118]}
2019-09-05_01:21:41.323[Status]Routing 91: Walk: 90
2019-09-05_01:21:41.436[Battery Energy]91.83
2019-09-05_01:21:41.436[Status]Routing Start.
2019-09-05_01:21:41.603[Status]{'id': 14, 'coordinate': [895.452350780458, 557.0132083582546]}
2019-09-05_01:21:41.604[Status]Routing 92: Walk: 91
2019-09-05_01:21:41.724[Battery Energy]91.58
2019-09-05_01:21:41.724[Status]Routing Start.
2019-09-05_01:21:41.954[Status]{'id': 14, 'coordinate': [904.8807517192811, 560.3456632696975]}
2019-09-05_01:21:41.954[Status]Routing 93: Walk: 92
2019-09-05_01:21:42.054[Battery Energy]91.31
2019-09-05_01:21:42.054[Status]Routing Start.
2019-09-05_01:21:42.195[Status]{'id': 14, 'coordinate': [914.3091526581042, 563.6781181811403]}
2019-09-05_01:21:42.195[Status]Routing 94: Walk: 93
2019-09-05_01:21:42.374[Battery Energy]91.10
2019-09-05_01:21:42.378[Status]Routing Start.
2019-09-05_01:21:42.589[Status]{'id': 14, 'coordinate': [923.7375535969272, 567.0105730925833]}
2019-09-05_01:21:42.589[Status]Routing 95: Walk: 94
2019-09-05_01:21:42.689[Battery Energy]90.88
2019-09-05_01:21:42.689[Status]Routing Start.
2019-09-05_01:21:42.860[Status]{'id': 14, 'coordinate': [933.1659545357503, 570.3430280040261]}
2019-09-05_01:21:42.860[Status]Routing 96: Walk: 95
2019-09-05_01:21:42.960[Battery Energy]90.65
2019-09-05_01:21:42.960[Status]Routing Start.
2019-09-05_01:21:43.165[Status]{'id': 14, 'coordinate': [942.5943554745734, 573.675482915469]}
2019-09-05_01:21:43.165[Status]Routing 97: Walk: 96
2019-09-05_01:21:43.265[Battery Energy]90.42
2019-09-05_01:21:43.265[Status]Routing Start.
2019-09-05_01:21:43.574[Status]{'id': 14, 'coordinate': [952.0227564133965, 577.0079378269119]}
2019-09-05_01:21:43.574[Status]Routing 98: Walk: 97
2019-09-05_01:21:43.674[Battery Energy]90.15
2019-09-05_01:21:43.674[Status]Routing Start.
2019-09-05_01:21:43.886[Status]{'id': 14, 'coordinate': [961.4511573522195, 580.3403927383547]}
2019-09-05_01:21:43.891[Status]Routing 99: Walk: 98
2019-09-05_01:21:44.012[Battery Energy]89.90
2019-09-05_01:21:44.012[Status]Routing Start.
2019-09-05_01:21:44.377[Status]{'id': 14, 'coordinate': [970.8795582910426, 583.6728476497976]}
2019-09-05_01:21:44.377[Status]Routing 100: Walk: 99
2019-09-05_01:21:44.484[Battery Energy]89.57
2019-09-05_01:21:44.484[Status]Routing Start.
2019-09-05_01:21:44.683[Status]{'id': 14, 'coordinate': [980.3079592298657, 587.0053025612405]}
2019-09-05_01:21:44.686[Status]Routing 101: Walk: 100
2019-09-05_01:21:44.791[Battery Energy]89.36
2019-09-05_01:21:44.791[Status]Routing Start.
2019-09-05_01:21:45.181[Status]{'id': 14, 'coordinate': [989.7363601686887, 590.3377574726834]}
2019-09-05_01:21:45.181[Status]Routing 102: Walk: 101
2019-09-05_01:21:45.296[Battery Energy]89.00
2019-09-05_01:21:45.296[Status]Routing Start.
2019-09-05_01:21:45.630[Status]{'id': 14, 'coordinate': [999.1647611075118, 593.6702123841262]}
2019-09-05_01:21:45.630[Status]Routing 103: Walk: 102
2019-09-05_01:21:45.736[Battery Energy]88.69
2019-09-05_01:21:45.736[Status]Routing Start.
2019-09-05_01:21:46.039[Status]{'id': 14, 'coordinate': [1008.5931620463349, 597.0026672955692]}
2019-09-05_01:21:46.040[Status]Routing 104: Walk: 103
2019-09-05_01:21:46.146[Battery Energy]88.43
2019-09-05_01:21:46.146[Status]Routing Start.
2019-09-05_01:21:46.338[Status]{'id': 14, 'coordinate': [1018.021562985158, 600.335122207012]}
2019-09-05_01:21:46.338[Status]Routing 105: Walk: 104
2019-09-05_01:21:46.439[Battery Energy]88.20
2019-09-05_01:21:46.439[Status]Routing Start.
2019-09-05_01:21:46.821[Status]{'id': 14, 'coordinate': [1027.4499639239812, 603.6675771184549]}
2019-09-05_01:21:46.822[Status]Routing 106: Walk: 105
2019-09-05_01:21:46.940[Battery Energy]87.90
2019-09-05_01:21:46.940[Status]Routing Start.
2019-09-05_01:21:47.274[Status]{'id': 14, 'coordinate': [1036.8783648628043, 607.0000320298977]}
2019-09-05_01:21:47.275[Status]Routing 107: Walk: 106
2019-09-05_01:21:47.396[Battery Energy]87.61
2019-09-05_01:21:47.396[Status]Routing Start.
2019-09-05_01:21:47.809[Status]{'id': 14, 'coordinate': [1046.3067658016275, 610.3324869413407]}
2019-09-05_01:21:47.812[Status]Routing 108: Walk: 107
2019-09-05_01:21:47.916[Battery Energy]87.26
2019-09-05_01:21:47.916[Status]Routing Start.
2019-09-05_01:21:48.289[Status]{'id': 14, 'coordinate': [1055.7351667404507, 613.6649418527836]}
2019-09-05_01:21:48.289[Status]Routing 109: Walk: 108
2019-09-05_01:21:48.408[Battery Energy]86.93
2019-09-05_01:21:48.408[Status]Routing Start.
2019-09-05_01:21:48.729[Status]{'id': 14, 'coordinate': [1065.163567679274, 616.9973967642266]}
2019-09-05_01:21:48.729[Status]Routing 110: Walk: 109
2019-09-05_01:21:48.844[Battery Energy]86.66
2019-09-05_01:21:48.844[Status]Routing Start.
2019-09-05_01:21:49.030[Status]{'id': 14, 'coordinate': [1074.591968618097, 620.3298516756695]}
2019-09-05_01:21:49.030[Status]Routing 111: Walk: 110
2019-09-05_01:21:49.206[Battery Energy]86.43
2019-09-05_01:21:49.208[Status]Routing Start.
2019-09-05_01:21:49.388[Status]{'id': 14, 'coordinate': [1084.0203695569203, 623.6623065871123]}
2019-09-05_01:21:49.388[Status]Routing 112: Walk: 111
2019-09-05_01:21:49.500[Battery Energy]86.24
2019-09-05_01:21:49.500[Status]Routing Start.
2019-09-05_01:21:49.758[Status]{'id': 14, 'coordinate': [1093.4487704957435, 626.9947614985552]}
2019-09-05_01:21:49.760[Status]Routing 113: Walk: 112
2019-09-05_01:21:49.868[Battery Energy]85.95
2019-09-05_01:21:49.868[Status]Routing Start.
2019-09-05_01:21:50.055[Status]{'id': 14, 'coordinate': [1102.8771714345667, 630.3272164099982]}
2019-09-05_01:21:50.055[Status]Routing 114: Walk: 113
2019-09-05_01:21:50.160[Battery Energy]85.71
2019-09-05_01:21:50.160[Status]Routing Start.
2019-09-05_01:21:50.562[Status]{'id': 14, 'coordinate': [1105.9190144535635, 639.8533484187298]}
2019-09-05_01:21:50.562[Status]Routing 115: Walk: 114
2019-09-05_01:21:50.662[Battery Energy]85.30
2019-09-05_01:21:50.662[Status]Routing Start.
2019-09-05_01:21:51.034[Status]{'id': 14, 'coordinate': [1115.4708445439205, 642.8135075233977]}
2019-09-05_01:21:51.040[Status]Routing 116: Walk: 115
2019-09-05_01:21:51.147[Battery Energy]84.89
2019-09-05_01:21:51.147[Status]Routing Start.
2019-09-05_01:21:51.528[Status]{'id': 14, 'coordinate': [1125.0226746342776, 645.7736666280656]}
2019-09-05_01:21:51.528[Status]Routing 117: Walk: 116
2019-09-05_01:21:51.628[Battery Energy]84.51
2019-09-05_01:21:51.628[Status]Routing Start.
2019-09-05_01:21:51.962[Status]{'id': 14, 'coordinate': [1134.5745047246346, 648.7338257327335]}
2019-09-05_01:21:51.962[Status]Routing 118: Walk: 117
2019-09-05_01:21:52.063[Battery Energy]84.09
2019-09-05_01:21:52.063[Status]Routing Start.
2019-09-05_01:21:52.406[Status]{'id': 14, 'coordinate': [1144.1263348149917, 651.6939848374014]}
2019-09-05_01:21:52.406[Status]Routing 119: Walk: 118
2019-09-05_01:21:52.506[Battery Energy]83.65
2019-09-05_01:21:52.506[Status]Routing Start.
2019-09-05_01:21:52.668[Status]{'id': 14, 'coordinate': [1153.6781649053487, 654.6541439420694]}
2019-09-05_01:21:52.668[Status]Routing 120: Walk: 119
2019-09-05_01:21:52.776[Battery Energy]83.44
2019-09-05_01:21:52.776[Status]Routing Start.
2019-09-05_01:21:53.015[Status]{'id': 14, 'coordinate': [1163.2299949957057, 657.6143030467373]}
2019-09-05_01:21:53.016[Status]Routing 121: Walk: 120
2019-09-05_01:21:53.118[Battery Energy]83.21
2019-09-05_01:21:53.118[Status]Routing Start.
2019-09-05_01:21:53.426[Status]{'id': 14, 'coordinate': [1172.7818250860628, 660.5744621514052]}
2019-09-05_01:21:53.426[Status]Routing 122: Walk: 121
2019-09-05_01:21:53.536[Battery Energy]82.93
2019-09-05_01:21:53.536[Status]Routing Start.
2019-09-05_01:21:53.871[Status]{'id': 14, 'coordinate': [1182.3336551764198, 663.5346212560731]}
2019-09-05_01:21:53.871[Status]Routing 123: Walk: 122
2019-09-05_01:21:53.972[Battery Energy]82.61
2019-09-05_01:21:53.972[Status]Routing Start.
2019-09-05_01:21:54.193[Status]{'id': 14, 'coordinate': [1191.8854852667769, 666.4947803607411]}
2019-09-05_01:21:54.197[Status]Routing 124: Walk: 123
2019-09-05_01:21:54.297[Battery Energy]82.35
2019-09-05_01:21:54.297[Status]Routing Start.
2019-09-05_01:21:54.624[Status]{'id': 14, 'coordinate': [1201.437315357134, 669.4549394654089]}
2019-09-05_01:21:54.624[Status]Routing 125: Walk: 124
2019-09-05_01:21:54.736[Battery Energy]81.98
2019-09-05_01:21:54.736[Status]Routing Start.
2019-09-05_01:21:55.121[Status]{'id': 14, 'coordinate': [1210.989145447491, 672.4150985700767]}
2019-09-05_01:21:55.121[Status]Routing 126: Walk: 125
2019-09-05_01:21:55.221[Battery Energy]81.67
2019-09-05_01:21:55.221[Status]Routing Start.
2019-09-05_01:21:55.388[Status]{'id': 14, 'coordinate': [1220.540975537848, 675.3752576747446]}
2019-09-05_01:21:55.388[Status]Routing 127: Walk: 126
2019-09-05_01:21:55.532[Battery Energy]81.45
2019-09-05_01:21:55.532[Status]Routing Start.
2019-09-05_01:21:55.691[Status]{'id': 14, 'coordinate': [1230.092805628205, 678.3354167794124]}
2019-09-05_01:21:55.691[Status]Routing 128: Walk: 127
2019-09-05_01:21:55.796[Battery Energy]81.26
2019-09-05_01:21:55.796[Status]Routing Start.
2019-09-05_01:21:56.202[Status]{'id': 14, 'coordinate': [1239.644635718562, 681.2955758840802]}
2019-09-05_01:21:56.202[Status]Routing 129: Walk: 128
2019-09-05_01:21:56.336[Battery Energy]80.87
2019-09-05_01:21:56.336[Status]Routing Start.
2019-09-05_01:21:56.517[Status]{'id': 14, 'coordinate': [1249.1964658089191, 684.255734988748]}
2019-09-05_01:21:56.517[Status]Routing 130: Walk: 129
2019-09-05_01:21:56.617[Battery Energy]80.69
2019-09-05_01:21:56.617[Status]Routing Start.
2019-09-05_01:21:56.794[Status]{'id': 14, 'coordinate': [1258.7482958992762, 687.215894093416]}
2019-09-05_01:21:56.794[Status]Routing 131: Walk: 130
2019-09-05_01:21:56.900[Battery Energy]80.48
2019-09-05_01:21:56.900[Status]Routing Start.
2019-09-05_01:21:57.096[Status]{'id': 14, 'coordinate': [1268.3001259896332, 690.1760531980838]}
2019-09-05_01:21:57.096[Status]Routing 132: Walk: 131
2019-09-05_01:21:57.244[Battery Energy]80.27
2019-09-05_01:21:57.244[Status]Routing Start.
2019-09-05_01:21:57.495[Status]{'id': 14, 'coordinate': [1277.8519560799903, 693.1362123027516]}
2019-09-05_01:21:57.495[Status]Routing 133: Walk: 132
2019-09-05_01:21:57.604[Battery Energy]80.01
2019-09-05_01:21:57.604[Status]Routing Start.
2019-09-05_01:21:57.819[Status]{'id': 14, 'coordinate': [1287.4037861703473, 696.0963714074194]}
2019-09-05_01:21:57.821[Status]Routing 134: Walk: 133
2019-09-05_01:21:57.932[Battery Energy]79.76
2019-09-05_01:21:57.932[Status]Routing Start.
2019-09-05_01:21:58.185[Status]{'id': 14, 'coordinate': [1296.9556162607043, 699.0565305120873]}
2019-09-05_01:21:58.185[Status]Routing 135: Walk: 134
2019-09-05_01:21:58.296[Battery Energy]79.47
2019-09-05_01:21:58.296[Status]Routing Start.
2019-09-05_01:21:58.296[Status]Task Finished.
2019-09-05_01:21:58.397[Battery Energy]79.47
2019-09-05_01:21:58.537[Status]Routing 137: Walk: 134
2019-09-05_01:21:58.683[Battery Energy]79.36
2019-09-05_01:21:58.944[Status]Routing 138: Walk: 134
2019-09-05_01:21:59.045[Battery Energy]79.20
2019-09-05_01:21:59.295[Status]Routing 139: Walk: 134
2019-09-05_01:21:59.395[Battery Energy]79.06
2019-09-05_01:21:59.682[Status]Routing 140: Walk: 134
2019-09-05_01:21:59.860[Battery Energy]78.82
2019-09-05_01:22:00.137[Status]Routing 141: Walk: 134
2019-09-05_01:22:00.241[Battery Energy]78.68
2019-09-05_01:22:00.584[Status]Routing 142: Walk: 134
2019-09-05_01:22:00.696[Battery Energy]78.43
2019-09-05_01:22:00.906[Status]Routing 143: Walk: 134
2019-09-05_01:22:01.056[Battery Energy]78.30
2019-09-05_01:22:01.236[Status]Routing 144: Walk: 134
2019-09-05_01:22:01.340[Battery Energy]78.18
2019-09-05_01:22:01.640[Status]Routing 145: Walk: 134
2019-09-05_01:22:01.748[Battery Energy]77.98
2019-09-05_01:22:01.979[Status]Routing 146: Walk: 134
2019-09-05_01:22:02.092[Battery Energy]77.85
2019-09-05_01:22:02.327[Status]Routing 147: Walk: 134
2019-09-05_01:22:02.427[Battery Energy]77.72
2019-09-05_01:22:02.628[Status]Routing 148: Walk: 134
2019-09-05_01:22:02.747[Battery Energy]77.58
2019-09-05_01:22:03.011[Status]Routing 149: Walk: 134
2019-09-05_01:22:03.124[Battery Energy]77.45
2019-09-05_01:22:03.299[Status]Routing 150: Walk: 134
2019-09-05_01:22:03.399[Battery Energy]77.31
2019-09-05_01:22:03.594[Status]Routing 151: Walk: 134
2019-09-05_01:22:03.756[Battery Energy]77.19
2019-09-05_01:22:03.948[Status]Routing 152: Walk: 134
2019-09-05_01:22:04.049[Battery Energy]77.05
2019-09-05_01:22:04.222[Status]Routing 153: Walk: 134
2019-09-05_01:22:04.322[Battery Energy]76.96
2019-09-05_01:22:04.535[Status]Routing 154: Walk: 134
2019-09-05_01:22:04.635[Battery Energy]76.82
