2019-09-05_00:27:09.427[Status]Start.
2019-09-05_00:27:09.427[Battery Energy]112.00
2019-09-05_00:27:10.528[Battery Energy]111.96
2019-09-05_00:27:11.628[Battery Energy]111.92
2019-09-05_00:27:12.730[Battery Energy]111.88
2019-09-05_00:27:13.831[Battery Energy]111.84
2019-09-05_00:27:14.932[Task]A New Task Released.
2019-09-05_00:27:14.932[Battery Energy]111.80
2019-09-05_00:27:14.932[Status]Selection Start.
2019-09-05_00:27:17.587[Status]Selection End: Do Task 1.
2019-09-05_00:27:17.689[Battery Energy]110.01
2019-09-05_00:27:17.689[Status]Formation Start.
2019-09-05_00:27:17.885[Status]Formation End: To Position 3.
2019-09-05_00:27:17.986[Battery Energy]109.88
2019-09-05_00:27:17.986[Status]Routing Start.
2019-09-05_00:27:18.236[Status]{'id': 9, 'coordinate': [67.80038076645775, 531.9880987984617]}
2019-09-05_00:27:18.236[Status]Routing 1: Walk: 1
2019-09-05_00:27:18.336[Battery Energy]109.59
2019-09-05_00:27:18.336[Status]Routing Start.
2019-09-05_00:27:18.554[Status]{'id': 9, 'coordinate': [77.6007615329155, 533.9761975969234]}
2019-09-05_00:27:18.555[Status]Routing 2: Walk: 2
2019-09-05_00:27:18.660[Battery Energy]109.30
2019-09-05_00:27:18.660[Status]Routing Start.
2019-09-05_00:27:18.854[Status]{'id': 9, 'coordinate': [87.40114229937325, 535.9642963953851]}
2019-09-05_00:27:18.854[Status]Routing 3: Walk: 3
2019-09-05_00:27:18.954[Battery Energy]109.08
2019-09-05_00:27:18.954[Status]Routing Start.
2019-09-05_00:27:19.172[Status]{'id': 9, 'coordinate': [97.201523065831, 537.9523951938468]}
2019-09-05_00:27:19.172[Status]Routing 4: Walk: 4
2019-09-05_00:27:19.278[Battery Energy]108.83
2019-09-05_00:27:19.278[Status]Routing Start.
2019-09-05_00:27:19.514[Status]{'id': 9, 'coordinate': [107.00190383228875, 539.9404939923085]}
2019-09-05_00:27:19.514[Status]Routing 5: Walk: 5
2019-09-05_00:27:19.632[Battery Energy]108.56
2019-09-05_00:27:19.632[Status]Routing Start.
2019-09-05_00:27:19.900[Status]{'id': 9, 'coordinate': [116.8022845987465, 541.9285927907702]}
2019-09-05_00:27:19.900[Status]Routing 6: Walk: 6
2019-09-05_00:27:20.001[Battery Energy]108.31
2019-09-05_00:27:20.001[Status]Routing Start.
2019-09-05_00:27:20.508[Status]{'id': 9, 'coordinate': [116.96608007792035, 551.927251252834]}
2019-09-05_00:27:20.508[Status]Routing 7: Walk: 7
2019-09-05_00:27:20.608[Battery Energy]107.90
2019-09-05_00:27:20.608[Status]Routing Start.
2019-09-05_00:27:20.882[Status]{'id': 9, 'coordinate': [126.78520493954267, 553.8206046144311]}
2019-09-05_00:27:20.886[Status]Routing 8: Walk: 8
2019-09-05_00:27:20.986[Battery Energy]107.57
2019-09-05_00:27:20.986[Status]Routing Start.
2019-09-05_00:27:21.409[Status]Routing 9: Walk: 8
2019-09-05_00:27:21.516[Battery Energy]107.18
2019-09-05_00:27:21.516[Status]Routing Start.
2019-09-05_00:27:21.957[Status]Routing 10: Walk: 8
2019-09-05_00:27:22.059[Battery Energy]106.83
2019-09-05_00:27:22.059[Status]Routing Start.
2019-09-05_00:27:22.408[Status]Routing 11: Walk: 8
2019-09-05_00:27:22.509[Battery Energy]106.53
2019-09-05_00:27:22.509[Status]Routing Start.
2019-09-05_00:27:22.962[Status]{'id': 9, 'coordinate': [136.60432980116497, 555.7139579760282]}
2019-09-05_00:27:22.963[Status]Routing 12: Walk: 9
2019-09-05_00:27:23.063[Battery Energy]106.08
2019-09-05_00:27:23.063[Status]Routing Start.
2019-09-05_00:27:23.507[Status]Routing 13: Walk: 9
2019-09-05_00:27:23.608[Battery Energy]105.74
2019-09-05_00:27:23.608[Status]Routing Start.
2019-09-05_00:27:23.961[Status]{'id': 9, 'coordinate': [146.42345466278726, 557.6073113376252]}
2019-09-05_00:27:23.969[Status]Routing 14: Walk: 10
2019-09-05_00:27:24.072[Battery Energy]105.40
2019-09-05_00:27:24.072[Status]Routing Start.
2019-09-05_00:27:24.403[Status]{'id': 9, 'coordinate': [156.24257952440956, 559.5006646992223]}
2019-09-05_00:27:24.403[Status]Routing 15: Walk: 11
2019-09-05_00:27:24.503[Battery Energy]105.09
2019-09-05_00:27:24.503[Status]Routing Start.
2019-09-05_00:27:24.694[Status]{'id': 9, 'coordinate': [166.06170438603186, 561.3940180608193]}
2019-09-05_00:27:24.696[Status]Routing 16: Walk: 12
2019-09-05_00:27:24.800[Battery Energy]104.88
2019-09-05_00:27:24.800[Status]Routing Start.
2019-09-05_00:27:25.344[Status]{'id': 9, 'coordinate': [169.57826440385713, 570.7553110078984]}
2019-09-05_00:27:25.345[Status]Routing 17: Walk: 13
2019-09-05_00:27:25.455[Battery Energy]104.38
2019-09-05_00:27:25.455[Status]Routing Start.
2019-09-05_00:27:25.748[Status]{'id': 9, 'coordinate': [168.45544735478072, 580.6920751630096]}
2019-09-05_00:27:25.750[Status]Routing 18: Walk: 14
2019-09-05_00:27:25.850[Battery Energy]104.02
2019-09-05_00:27:25.850[Status]Routing Start.
2019-09-05_00:27:26.213[Status]{'id': 9, 'coordinate': [178.309385773725, 582.3949837441301]}
2019-09-05_00:27:26.217[Status]Routing 19: Walk: 15
2019-09-05_00:27:26.317[Battery Energy]103.69
2019-09-05_00:27:26.317[Status]Routing Start.
2019-09-05_00:27:26.630[Status]{'id': 9, 'coordinate': [188.1633241926693, 584.0978923252505]}
2019-09-05_00:27:26.630[Status]Routing 20: Walk: 16
2019-09-05_00:27:26.730[Battery Energy]103.33
2019-09-05_00:27:26.730[Status]Routing Start.
2019-09-05_00:27:27.036[Status]{'id': 9, 'coordinate': [198.0172626116136, 585.800800906371]}
2019-09-05_00:27:27.036[Status]Routing 21: Walk: 17
2019-09-05_00:27:27.137[Battery Energy]102.98
2019-09-05_00:27:27.137[Status]Routing Start.
2019-09-05_00:27:27.507[Status]{'id': 9, 'coordinate': [207.8712010305579, 587.5037094874915]}
2019-09-05_00:27:27.507[Status]Routing 22: Walk: 18
2019-09-05_00:27:27.607[Battery Energy]102.62
2019-09-05_00:27:27.607[Status]Routing Start.
2019-09-05_00:27:27.854[Status]{'id': 9, 'coordinate': [217.7251394495022, 589.206618068612]}
2019-09-05_00:27:27.854[Status]Routing 23: Walk: 19
2019-09-05_00:27:27.954[Battery Energy]102.33
2019-09-05_00:27:27.954[Status]Routing Start.
2019-09-05_00:27:28.366[Status]{'id': 9, 'coordinate': [227.57907786844646, 590.9095266497325]}
2019-09-05_00:27:28.366[Status]Routing 24: Walk: 20
2019-09-05_00:27:28.467[Battery Energy]101.97
2019-09-05_00:27:28.467[Status]Routing Start.
2019-09-05_00:27:28.807[Status]{'id': 9, 'coordinate': [237.43301628739076, 592.612435230853]}
2019-09-05_00:27:28.807[Status]Routing 25: Walk: 21
2019-09-05_00:27:28.909[Battery Energy]101.62
2019-09-05_00:27:28.909[Status]Routing Start.
2019-09-05_00:27:29.245[Status]{'id': 9, 'coordinate': [247.28695470633505, 594.3153438119734]}
2019-09-05_00:27:29.245[Status]Routing 26: Walk: 22
2019-09-05_00:27:29.348[Battery Energy]101.32
2019-09-05_00:27:29.348[Status]Routing Start.
2019-09-05_00:27:29.684[Status]{'id': 9, 'coordinate': [257.1408931252793, 596.0182523930939]}
2019-09-05_00:27:29.684[Status]Routing 27: Walk: 23
2019-09-05_00:27:29.784[Battery Energy]101.02
2019-09-05_00:27:29.784[Status]Routing Start.
2019-09-05_00:27:30.133[Status]{'id': 9, 'coordinate': [266.9948315442236, 597.7211609742144]}
2019-09-05_00:27:30.135[Status]Routing 28: Walk: 24
2019-09-05_00:27:30.248[Battery Energy]100.70
2019-09-05_00:27:30.248[Status]Routing Start.
2019-09-05_00:27:30.608[Status]{'id': 9, 'coordinate': [276.84876996316785, 599.4240695553349]}
2019-09-05_00:27:30.610[Status]Routing 29: Walk: 25
2019-09-05_00:27:30.711[Battery Energy]100.37
2019-09-05_00:27:30.711[Status]Routing Start.
2019-09-05_00:27:31.079[Status]{'id': 9, 'coordinate': [286.7027083821121, 601.1269781364554]}
2019-09-05_00:27:31.079[Status]Routing 30: Walk: 26
2019-09-05_00:27:31.179[Battery Energy]100.05
2019-09-05_00:27:31.179[Status]Routing Start.
2019-09-05_00:27:31.563[Status]{'id': 9, 'coordinate': [296.5566468010564, 602.8298867175758]}
2019-09-05_00:27:31.563[Status]Routing 31: Walk: 27
2019-09-05_00:27:31.668[Battery Energy]99.71
2019-09-05_00:27:31.668[Status]Routing Start.
2019-09-05_00:27:32.024[Status]{'id': 9, 'coordinate': [306.41058522000066, 604.5327952986963]}
2019-09-05_00:27:32.024[Status]Routing 32: Walk: 28
2019-09-05_00:27:32.124[Battery Energy]99.35
2019-09-05_00:27:32.124[Status]Routing Start.
2019-09-05_00:27:32.433[Status]{'id': 9, 'coordinate': [316.2645236389449, 606.2357038798168]}
2019-09-05_00:27:32.433[Status]Routing 33: Walk: 29
2019-09-05_00:27:32.560[Battery Energy]99.02
2019-09-05_00:27:32.560[Status]Routing Start.
2019-09-05_00:27:32.738[Status]{'id': 9, 'coordinate': [326.1184620578892, 607.9386124609373]}
2019-09-05_00:27:32.738[Status]Routing 34: Walk: 30
2019-09-05_00:27:32.840[Battery Energy]98.81
2019-09-05_00:27:32.840[Status]Routing Start.
2019-09-05_00:27:33.190[Status]{'id': 9, 'coordinate': [335.97240047683346, 609.6415210420578]}
2019-09-05_00:27:33.194[Status]Routing 35: Walk: 31
2019-09-05_00:27:33.295[Battery Energy]98.49
2019-09-05_00:27:33.295[Status]Routing Start.
2019-09-05_00:27:33.591[Status]{'id': 9, 'coordinate': [345.8263388957777, 611.3444296231783]}
2019-09-05_00:27:33.591[Status]Routing 36: Walk: 32
2019-09-05_00:27:33.692[Battery Energy]98.16
2019-09-05_00:27:33.692[Status]Routing Start.
2019-09-05_00:27:34.083[Status]{'id': 9, 'coordinate': [355.680277314722, 613.0473382042987]}
2019-09-05_00:27:34.083[Status]Routing 37: Walk: 33
2019-09-05_00:27:34.192[Battery Energy]97.79
2019-09-05_00:27:34.192[Status]Routing Start.
2019-09-05_00:27:34.517[Status]{'id': 9, 'coordinate': [365.53421573366626, 614.7502467854192]}
2019-09-05_00:27:34.517[Status]Routing 38: Walk: 34
2019-09-05_00:27:34.617[Battery Energy]97.47
2019-09-05_00:27:34.617[Status]Routing Start.
2019-09-05_00:27:34.966[Status]{'id': 9, 'coordinate': [375.3881541526105, 616.4531553665397]}
2019-09-05_00:27:34.966[Status]Routing 39: Walk: 35
2019-09-05_00:27:35.066[Battery Energy]97.14
2019-09-05_00:27:35.066[Status]Routing Start.
2019-09-05_00:27:35.434[Status]{'id': 9, 'coordinate': [385.2420925715548, 618.1560639476602]}
2019-09-05_00:27:35.434[Status]Routing 40: Walk: 36
2019-09-05_00:27:35.540[Battery Energy]96.80
2019-09-05_00:27:35.540[Status]Routing Start.
2019-09-05_00:27:35.890[Status]{'id': 9, 'coordinate': [395.09603099049906, 619.8589725287807]}
2019-09-05_00:27:35.890[Status]Routing 41: Walk: 37
2019-09-05_00:27:35.990[Battery Energy]96.49
2019-09-05_00:27:35.990[Status]Routing Start.
2019-09-05_00:27:36.309[Status]{'id': 9, 'coordinate': [404.9499694094433, 621.5618811099012]}
2019-09-05_00:27:36.309[Status]Routing 42: Walk: 38
2019-09-05_00:27:36.416[Battery Energy]96.18
2019-09-05_00:27:36.416[Status]Routing Start.
2019-09-05_00:27:36.803[Status]{'id': 9, 'coordinate': [414.8039078283876, 623.2647896910216]}
2019-09-05_00:27:36.803[Status]Routing 43: Walk: 39
2019-09-05_00:27:36.904[Battery Energy]95.89
2019-09-05_00:27:36.904[Status]Routing Start.
2019-09-05_00:27:37.252[Status]{'id': 9, 'coordinate': [424.65784624733186, 624.9676982721421]}
2019-09-05_00:27:37.253[Status]Routing 44: Walk: 40
2019-09-05_00:27:37.353[Battery Energy]95.57
2019-09-05_00:27:37.353[Status]Routing Start.
2019-09-05_00:27:37.530[Status]{'id': 9, 'coordinate': [434.5117846662761, 626.6706068532626]}
2019-09-05_00:27:37.530[Status]Routing 45: Walk: 41
2019-09-05_00:27:37.630[Battery Energy]95.35
2019-09-05_00:27:37.630[Status]Routing Start.
2019-09-05_00:27:38.010[Status]{'id': 9, 'coordinate': [444.3657230852204, 628.3735154343831]}
2019-09-05_00:27:38.014[Status]Routing 46: Walk: 42
2019-09-05_00:27:38.120[Battery Energy]95.02
2019-09-05_00:27:38.120[Status]Routing Start.
2019-09-05_00:27:38.553[Status]{'id': 9, 'coordinate': [454.21966150416466, 630.0764240155036]}
2019-09-05_00:27:38.553[Status]Routing 47: Walk: 43
2019-09-05_00:27:38.653[Battery Energy]94.66
2019-09-05_00:27:38.653[Status]Routing Start.
2019-09-05_00:27:38.998[Status]{'id': 9, 'coordinate': [464.07359992310893, 631.779332596624]}
2019-09-05_00:27:38.998[Status]Routing 48: Walk: 44
2019-09-05_00:27:39.100[Battery Energy]94.32
2019-09-05_00:27:39.100[Status]Routing Start.
2019-09-05_00:27:39.411[Status]{'id': 9, 'coordinate': [473.9275383420532, 633.4822411777445]}
2019-09-05_00:27:39.411[Status]Routing 49: Walk: 45
2019-09-05_00:27:39.511[Battery Energy]94.04
2019-09-05_00:27:39.511[Status]Routing Start.
2019-09-05_00:27:39.965[Status]{'id': 9, 'coordinate': [483.78147676099746, 635.185149758865]}
2019-09-05_00:27:39.965[Status]Routing 50: Walk: 46
2019-09-05_00:27:40.065[Battery Energy]93.72
2019-09-05_00:27:40.065[Status]Routing Start.
2019-09-05_00:27:40.389[Status]{'id': 9, 'coordinate': [493.63541517994173, 636.8880583399855]}
2019-09-05_00:27:40.391[Status]Routing 51: Walk: 47
2019-09-05_00:27:40.492[Battery Energy]93.44
2019-09-05_00:27:40.492[Status]Routing Start.
2019-09-05_00:27:40.885[Status]{'id': 9, 'coordinate': [503.489353598886, 638.590966921106]}
2019-09-05_00:27:40.885[Status]Routing 52: Walk: 48
2019-09-05_00:27:41.000[Battery Energy]93.13
2019-09-05_00:27:41.000[Status]Routing Start.
2019-09-05_00:27:41.291[Status]{'id': 9, 'coordinate': [513.3432920178303, 640.2938755022265]}
2019-09-05_00:27:41.291[Status]Routing 53: Walk: 49
2019-09-05_00:27:41.391[Battery Energy]92.83
2019-09-05_00:27:41.391[Status]Routing Start.
2019-09-05_00:27:41.757[Status]{'id': 9, 'coordinate': [523.1972304367746, 641.9967840833469]}
2019-09-05_00:27:41.757[Status]Routing 54: Walk: 50
2019-09-05_00:27:41.872[Battery Energy]92.51
2019-09-05_00:27:41.872[Status]Routing Start.
2019-09-05_00:27:42.206[Status]{'id': 9, 'coordinate': [533.0511688557189, 643.6996926644674]}
2019-09-05_00:27:42.206[Status]Routing 55: Walk: 51
2019-09-05_00:27:42.307[Battery Energy]92.21
2019-09-05_00:27:42.307[Status]Routing Start.
2019-09-05_00:27:42.710[Status]{'id': 9, 'coordinate': [542.9051072746631, 645.4026012455879]}
2019-09-05_00:27:42.710[Status]Routing 56: Walk: 52
2019-09-05_00:27:42.816[Battery Energy]91.84
2019-09-05_00:27:42.816[Status]Routing Start.
2019-09-05_00:27:43.214[Status]{'id': 9, 'coordinate': [552.7590456936074, 647.1055098267084]}
2019-09-05_00:27:43.214[Status]Routing 57: Walk: 53
2019-09-05_00:27:43.320[Battery Energy]91.57
2019-09-05_00:27:43.320[Status]Routing Start.
2019-09-05_00:27:43.667[Status]{'id': 9, 'coordinate': [562.6129841125517, 648.8084184078289]}
2019-09-05_00:27:43.667[Status]Routing 58: Walk: 54
2019-09-05_00:27:43.767[Battery Energy]91.27
2019-09-05_00:27:43.767[Status]Routing Start.
2019-09-05_00:27:44.176[Status]{'id': 9, 'coordinate': [572.4669225314959, 650.5113269889493]}
2019-09-05_00:27:44.176[Status]Routing 59: Walk: 55
2019-09-05_00:27:44.280[Battery Energy]90.95
2019-09-05_00:27:44.280[Status]Routing Start.
2019-09-05_00:27:44.687[Status]{'id': 9, 'coordinate': [582.3208609504402, 652.2142355700698]}
2019-09-05_00:27:44.688[Status]Routing 60: Walk: 56
2019-09-05_00:27:44.788[Battery Energy]90.56
2019-09-05_00:27:44.788[Status]Routing Start.
2019-09-05_00:27:45.154[Status]{'id': 9, 'coordinate': [592.1747993693845, 653.9171441511903]}
2019-09-05_00:27:45.156[Status]Routing 61: Walk: 57
2019-09-05_00:27:45.256[Battery Energy]90.26
2019-09-05_00:27:45.256[Status]Routing Start.
2019-09-05_00:27:45.752[Status]Routing 62: Walk: 57
2019-09-05_00:27:45.853[Battery Energy]89.84
2019-09-05_00:27:45.853[Status]Routing Start.
2019-09-05_00:27:46.014[Status]{'id': 9, 'coordinate': [602.0287377883287, 655.6200527323108]}
2019-09-05_00:27:46.014[Status]Routing 63: Walk: 58
2019-09-05_00:27:46.114[Battery Energy]89.65
2019-09-05_00:27:46.114[Status]Routing Start.
2019-09-05_00:27:46.323[Status]{'id': 9, 'coordinate': [611.882676207273, 657.3229613134313]}
2019-09-05_00:27:46.323[Status]Routing 64: Walk: 59
2019-09-05_00:27:46.424[Battery Energy]89.38
2019-09-05_00:27:46.424[Status]Routing Start.
2019-09-05_00:27:46.743[Status]{'id': 9, 'coordinate': [621.7366146262173, 659.0258698945518]}
2019-09-05_00:27:46.743[Status]Routing 65: Walk: 60
2019-09-05_00:27:46.847[Battery Energy]89.04
2019-09-05_00:27:46.847[Status]Routing Start.
2019-09-05_00:27:47.089[Status]{'id': 9, 'coordinate': [631.5905530451615, 660.7287784756722]}
2019-09-05_00:27:47.089[Status]Routing 66: Walk: 61
2019-09-05_00:27:47.234[Battery Energy]88.77
2019-09-05_00:27:47.236[Status]Routing Start.
2019-09-05_00:27:47.514[Status]{'id': 9, 'coordinate': [641.4444914641058, 662.4316870567927]}
2019-09-05_00:27:47.515[Status]Routing 67: Walk: 62
2019-09-05_00:27:47.615[Battery Energy]88.54
2019-09-05_00:27:47.615[Status]Routing Start.
2019-09-05_00:27:47.831[Status]{'id': 9, 'coordinate': [651.2984298830501, 664.1345956379132]}
2019-09-05_00:27:47.831[Status]Routing 68: Walk: 63
2019-09-05_00:27:47.936[Battery Energy]88.32
2019-09-05_00:27:47.936[Status]Routing Start.
2019-09-05_00:27:48.186[Status]{'id': 9, 'coordinate': [661.1523683019943, 665.8375042190337]}
2019-09-05_00:27:48.186[Status]Routing 69: Walk: 64
2019-09-05_00:27:48.296[Battery Energy]88.06
2019-09-05_00:27:48.296[Status]Routing Start.
2019-09-05_00:27:48.519[Status]{'id': 9, 'coordinate': [671.0063067209386, 667.5404128001542]}
2019-09-05_00:27:48.519[Status]Routing 70: Walk: 65
2019-09-05_00:27:48.627[Battery Energy]87.81
2019-09-05_00:27:48.627[Status]Routing Start.
2019-09-05_00:27:48.813[Status]{'id': 9, 'coordinate': [680.8602451398829, 669.2433213812747]}
2019-09-05_00:27:48.813[Status]Routing 71: Walk: 66
2019-09-05_00:27:48.924[Battery Energy]87.55
2019-09-05_00:27:48.924[Status]Routing Start.
2019-09-05_00:27:49.206[Status]{'id': 9, 'coordinate': [690.7141835588271, 670.9462299623951]}
2019-09-05_00:27:49.206[Status]Routing 72: Walk: 67
2019-09-05_00:27:49.306[Battery Energy]87.26
2019-09-05_00:27:49.306[Status]Routing Start.
2019-09-05_00:27:49.499[Status]{'id': 9, 'coordinate': [700.5681219777714, 672.6491385435156]}
2019-09-05_00:27:49.499[Status]Routing 73: Walk: 68
2019-09-05_00:27:49.624[Battery Energy]87.06
2019-09-05_00:27:49.624[Status]Routing Start.
2019-09-05_00:27:49.866[Status]{'id': 9, 'coordinate': [710.4220603967157, 674.3520471246361]}
2019-09-05_00:27:49.866[Status]Routing 74: Walk: 69
2019-09-05_00:27:49.966[Battery Energy]86.82
2019-09-05_00:27:49.966[Status]Routing Start.
2019-09-05_00:27:50.161[Status]{'id': 9, 'coordinate': [720.2759988156599, 676.0549557057566]}
2019-09-05_00:27:50.161[Status]Routing 75: Walk: 70
2019-09-05_00:27:50.268[Battery Energy]86.60
2019-09-05_00:27:50.268[Status]Routing Start.
2019-09-05_00:27:50.490[Status]{'id': 9, 'coordinate': [730.1299372346042, 677.7578642868771]}
2019-09-05_00:27:50.490[Status]Routing 76: Walk: 71
2019-09-05_00:27:50.590[Battery Energy]86.37
2019-09-05_00:27:50.590[Status]Routing Start.
2019-09-05_00:27:50.859[Status]{'id': 9, 'coordinate': [739.9838756535485, 679.4607728679975]}
2019-09-05_00:27:50.859[Status]Routing 77: Walk: 72
2019-09-05_00:27:51.004[Battery Energy]86.13
2019-09-05_00:27:51.004[Status]Routing Start.
2019-09-05_00:27:51.211[Status]{'id': 9, 'coordinate': [749.8378140724927, 681.163681449118]}
2019-09-05_00:27:51.211[Status]Routing 78: Walk: 73
2019-09-05_00:27:51.311[Battery Energy]85.90
2019-09-05_00:27:51.311[Status]Routing Start.
2019-09-05_00:27:51.683[Status]{'id': 9, 'coordinate': [759.691752491437, 682.8665900302385]}
2019-09-05_00:27:51.683[Status]Routing 79: Walk: 74
2019-09-05_00:27:51.783[Battery Energy]85.64
2019-09-05_00:27:51.783[Status]Routing Start.
2019-09-05_00:27:52.058[Status]{'id': 9, 'coordinate': [769.5456909103813, 684.569498611359]}
2019-09-05_00:27:52.058[Status]Routing 80: Walk: 75
2019-09-05_00:27:52.160[Battery Energy]85.39
2019-09-05_00:27:52.160[Status]Routing Start.
2019-09-05_00:27:52.442[Status]{'id': 9, 'coordinate': [779.3996293293255, 686.2724071924795]}
2019-09-05_00:27:52.442[Status]Routing 81: Walk: 76
2019-09-05_00:27:52.542[Battery Energy]85.11
2019-09-05_00:27:52.542[Status]Routing Start.
2019-09-05_00:27:52.929[Status]{'id': 9, 'coordinate': [789.2535677482698, 687.9753157736]}
2019-09-05_00:27:52.930[Status]Routing 82: Walk: 77
2019-09-05_00:27:53.030[Battery Energy]84.78
2019-09-05_00:27:53.030[Status]Routing Start.
2019-09-05_00:27:53.397[Status]{'id': 9, 'coordinate': [799.1075061672141, 689.6782243547204]}
2019-09-05_00:27:53.398[Status]Routing 83: Walk: 78
2019-09-05_00:27:53.560[Battery Energy]84.46
2019-09-05_00:27:53.560[Status]Routing Start.
2019-09-05_00:27:53.717[Status]{'id': 9, 'coordinate': [808.9614445861583, 691.3811329358409]}
2019-09-05_00:27:53.717[Status]Routing 84: Walk: 79
2019-09-05_00:27:53.852[Battery Energy]84.25
2019-09-05_00:27:53.852[Status]Routing Start.
2019-09-05_00:27:54.016[Status]{'id': 9, 'coordinate': [818.8153830051026, 693.0840415169614]}
2019-09-05_00:27:54.016[Status]Routing 85: Walk: 80
2019-09-05_00:27:54.117[Battery Energy]84.06
2019-09-05_00:27:54.117[Status]Routing Start.
2019-09-05_00:27:54.309[Status]{'id': 9, 'coordinate': [828.6693214240469, 694.7869500980819]}
2019-09-05_00:27:54.309[Status]Routing 86: Walk: 81
2019-09-05_00:27:54.409[Battery Energy]83.80
2019-09-05_00:27:54.409[Status]Routing Start.
2019-09-05_00:27:54.725[Status]{'id': 9, 'coordinate': [838.5232598429911, 696.4898586792025]}
2019-09-05_00:27:54.725[Status]Routing 87: Walk: 82
2019-09-05_00:27:54.838[Battery Energy]83.52
2019-09-05_00:27:54.838[Status]Routing Start.
2019-09-05_00:27:54.969[Status]{'id': 9, 'coordinate': [848.3771982619354, 698.192767260323]}
2019-09-05_00:27:54.970[Status]Routing 88: Walk: 83
2019-09-05_00:27:55.080[Battery Energy]83.32
2019-09-05_00:27:55.080[Status]Routing Start.
2019-09-05_00:27:55.258[Status]{'id': 9, 'coordinate': [858.2311366808797, 699.8956758414436]}
2019-09-05_00:27:55.258[Status]Routing 89: Walk: 84
2019-09-05_00:27:55.362[Battery Energy]83.09
2019-09-05_00:27:55.362[Status]Routing Start.
2019-09-05_00:27:55.625[Status]{'id': 9, 'coordinate': [868.0850750998239, 701.598584422564]}
2019-09-05_00:27:55.625[Status]Routing 90: Walk: 85
2019-09-05_00:27:55.726[Battery Energy]82.86
2019-09-05_00:27:55.726[Status]Routing Start.
2019-09-05_00:27:55.933[Status]{'id': 9, 'coordinate': [877.9390135187682, 703.3014930036846]}
2019-09-05_00:27:55.933[Status]Routing 91: Walk: 86
2019-09-05_00:27:56.033[Battery Energy]82.60
2019-09-05_00:27:56.033[Status]Routing Start.
2019-09-05_00:27:56.267[Status]{'id': 9, 'coordinate': [887.7929519377125, 705.0044015848051]}
2019-09-05_00:27:56.267[Status]Routing 92: Walk: 87
2019-09-05_00:27:56.368[Battery Energy]82.34
2019-09-05_00:27:56.368[Status]Routing Start.
2019-09-05_00:27:56.954[Status]Routing 93: Walk: 87
2019-09-05_00:27:57.058[Battery Energy]81.87
2019-09-05_00:27:57.059[Status]Routing Start.
2019-09-05_00:27:57.349[Status]Routing 94: Walk: 87
2019-09-05_00:27:57.454[Battery Energy]81.57
2019-09-05_00:27:57.454[Status]Routing Start.
2019-09-05_00:27:57.829[Status]Routing 95: Walk: 87
2019-09-05_00:27:57.929[Battery Energy]81.23
2019-09-05_00:27:57.929[Status]Routing Start.
2019-09-05_00:27:58.275[Status]Routing 96: Walk: 87
2019-09-05_00:27:58.375[Battery Energy]80.90
2019-09-05_00:27:58.375[Status]Routing Start.
2019-09-05_00:27:58.525[Status]{'id': 9, 'coordinate': [897.6468903566567, 706.7073101659257]}
2019-09-05_00:27:58.528[Status]Routing 97: Walk: 88
2019-09-05_00:27:58.628[Battery Energy]80.69
2019-09-05_00:27:58.628[Status]Routing Start.
2019-09-05_00:27:58.810[Status]{'id': 9, 'coordinate': [907.500828775601, 708.4102187470462]}
2019-09-05_00:27:58.810[Status]Routing 98: Walk: 89
2019-09-05_00:27:58.920[Battery Energy]80.49
2019-09-05_00:27:58.920[Status]Routing Start.
2019-09-05_00:27:59.130[Status]{'id': 9, 'coordinate': [917.3547671945453, 710.1131273281668]}
2019-09-05_00:27:59.130[Status]Routing 99: Walk: 90
2019-09-05_00:27:59.230[Battery Energy]80.30
2019-09-05_00:27:59.230[Status]Routing Start.
2019-09-05_00:27:59.412[Status]{'id': 9, 'coordinate': [927.2087056134895, 711.8160359092873]}
2019-09-05_00:27:59.412[Status]Routing 100: Walk: 91
2019-09-05_00:27:59.512[Battery Energy]80.08
2019-09-05_00:27:59.512[Status]Routing Start.
2019-09-05_00:27:59.723[Status]{'id': 9, 'coordinate': [937.0626440324338, 713.5189444904079]}
2019-09-05_00:27:59.723[Status]Routing 101: Walk: 92
2019-09-05_00:27:59.831[Battery Energy]79.84
2019-09-05_00:27:59.831[Status]Routing Start.
2019-09-05_00:28:00.060[Status]{'id': 9, 'coordinate': [946.9165824513781, 715.2218530715284]}
2019-09-05_00:28:00.061[Status]Routing 102: Walk: 93
2019-09-05_00:28:00.172[Battery Energy]79.59
2019-09-05_00:28:00.172[Status]Routing Start.
2019-09-05_00:28:00.436[Status]{'id': 9, 'coordinate': [956.7705208703223, 716.924761652649]}
2019-09-05_00:28:00.437[Status]Routing 103: Walk: 94
2019-09-05_00:28:00.537[Battery Energy]79.33
2019-09-05_00:28:00.537[Status]Routing Start.
2019-09-05_00:28:00.701[Status]{'id': 9, 'coordinate': [966.6244592892666, 718.6276702337694]}
2019-09-05_00:28:00.701[Status]Routing 104: Walk: 95
2019-09-05_00:28:00.818[Battery Energy]79.12
2019-09-05_00:28:00.818[Status]Routing Start.
2019-09-05_00:28:01.191[Status]{'id': 9, 'coordinate': [976.4783977082109, 720.33057881489]}
2019-09-05_00:28:01.191[Status]Routing 105: Walk: 96
2019-09-05_00:28:01.300[Battery Energy]78.77
2019-09-05_00:28:01.300[Status]Routing Start.
2019-09-05_00:28:01.496[Status]{'id': 9, 'coordinate': [986.3323361271551, 722.0334873960105]}
2019-09-05_00:28:01.497[Status]Routing 106: Walk: 97
2019-09-05_00:28:01.604[Battery Energy]78.54
2019-09-05_00:28:01.604[Status]Routing Start.
2019-09-05_00:28:01.950[Status]{'id': 9, 'coordinate': [996.1862745460994, 723.7363959771311]}
2019-09-05_00:28:01.950[Status]Routing 107: Walk: 98
2019-09-05_00:28:02.060[Battery Energy]78.19
2019-09-05_00:28:02.060[Status]Routing Start.
2019-09-05_00:28:02.220[Status]{'id': 9, 'coordinate': [1006.0402129650437, 725.4393045582516]}
2019-09-05_00:28:02.220[Status]Routing 108: Walk: 99
2019-09-05_00:28:02.336[Battery Energy]77.98
2019-09-05_00:28:02.336[Status]Routing Start.
2019-09-05_00:28:02.673[Status]{'id': 9, 'coordinate': [1015.894151383988, 727.1422131393722]}
2019-09-05_00:28:02.673[Status]Routing 109: Walk: 100
2019-09-05_00:28:02.773[Battery Energy]77.68
2019-09-05_00:28:02.773[Status]Routing Start.
2019-09-05_00:28:03.157[Status]{'id': 9, 'coordinate': [1025.7480898029323, 728.8451217204927]}
2019-09-05_00:28:03.157[Status]Routing 110: Walk: 101
2019-09-05_00:28:03.272[Battery Energy]77.33
2019-09-05_00:28:03.272[Status]Routing Start.
2019-09-05_00:28:03.578[Status]{'id': 9, 'coordinate': [1035.6020282218767, 730.5480303016133]}
2019-09-05_00:28:03.578[Status]Routing 111: Walk: 102
2019-09-05_00:28:03.679[Battery Energy]77.04
2019-09-05_00:28:03.679[Status]Routing Start.
2019-09-05_00:28:03.847[Status]{'id': 9, 'coordinate': [1045.455966640821, 732.2509388827337]}
2019-09-05_00:28:03.847[Status]Routing 112: Walk: 103
2019-09-05_00:28:03.952[Battery Energy]76.82
2019-09-05_00:28:03.952[Status]Routing Start.
2019-09-05_00:28:04.182[Status]{'id': 9, 'coordinate': [1055.3099050597655, 733.9538474638543]}
2019-09-05_00:28:04.183[Status]Routing 113: Walk: 104
2019-09-05_00:28:04.304[Battery Energy]76.55
2019-09-05_00:28:04.304[Status]Routing Start.
2019-09-05_00:28:04.649[Status]{'id': 9, 'coordinate': [1065.1638434787099, 735.6567560449749]}
2019-09-05_00:28:04.650[Status]Routing 114: Walk: 105
2019-09-05_00:28:04.760[Battery Energy]76.26
2019-09-05_00:28:04.760[Status]Routing Start.
2019-09-05_00:28:04.917[Status]{'id': 9, 'coordinate': [1075.0177818976542, 737.3596646260954]}
2019-09-05_00:28:04.918[Status]Routing 115: Walk: 106
2019-09-05_00:28:05.024[Battery Energy]76.05
2019-09-05_00:28:05.024[Status]Routing Start.
2019-09-05_00:28:05.205[Status]{'id': 9, 'coordinate': [1084.8717203165986, 739.062573207216]}
2019-09-05_00:28:05.205[Status]Routing 116: Walk: 107
2019-09-05_00:28:05.305[Battery Energy]75.84
2019-09-05_00:28:05.305[Status]Routing Start.
2019-09-05_00:28:05.526[Status]{'id': 9, 'coordinate': [1094.725658735543, 740.7654817883366]}
2019-09-05_00:28:05.526[Status]Routing 117: Walk: 108
2019-09-05_00:28:05.636[Battery Energy]75.62
2019-09-05_00:28:05.636[Status]Routing Start.
2019-09-05_00:28:05.983[Status]{'id': 9, 'coordinate': [1104.5795971544874, 742.4683903694571]}
2019-09-05_00:28:05.983[Status]Routing 118: Walk: 109
2019-09-05_00:28:06.088[Battery Energy]75.32
2019-09-05_00:28:06.088[Status]Routing Start.
2019-09-05_00:28:06.088[Status]Task Finished.
2019-09-05_00:28:06.189[Battery Energy]75.32
2019-09-05_00:28:06.381[Status]Routing 120: Walk: 109
2019-09-05_00:28:06.488[Battery Energy]75.21
2019-09-05_00:28:06.833[Status]Routing 121: Walk: 109
2019-09-05_00:28:06.940[Battery Energy]75.07
2019-09-05_00:28:07.365[Status]Routing 122: Walk: 109
2019-09-05_00:28:07.472[Battery Energy]74.81
2019-09-05_00:28:07.795[Status]Routing 123: Walk: 109
2019-09-05_00:28:07.895[Battery Energy]74.60
2019-09-05_00:28:08.160[Status]Routing 124: Walk: 109
2019-09-05_00:28:08.320[Battery Energy]74.48
2019-09-05_00:28:08.579[Status]Routing 125: Walk: 109
2019-09-05_00:28:08.681[Battery Energy]74.29
2019-09-05_00:28:09.066[Status]Routing 126: Walk: 109
2019-09-05_00:28:09.167[Battery Energy]74.10
2019-09-05_00:28:09.355[Status]Routing 127: Walk: 109
2019-09-05_00:28:09.455[Battery Energy]73.96
2019-09-05_00:28:09.802[Status]Routing 128: Walk: 109
2019-09-05_00:28:09.902[Battery Energy]73.80
2019-09-05_00:28:10.095[Status]Routing 129: Walk: 109
2019-09-05_00:28:10.195[Battery Energy]73.66
2019-09-05_00:28:10.425[Status]Routing 130: Walk: 109
2019-09-05_00:28:10.549[Battery Energy]73.53
2019-09-05_00:28:10.802[Status]Routing 131: Walk: 109
2019-09-05_00:28:10.903[Battery Energy]73.39
2019-09-05_00:28:11.101[Status]Routing 132: Walk: 109
2019-09-05_00:28:11.201[Battery Energy]73.27
2019-09-05_00:28:11.423[Status]Routing 133: Walk: 109
2019-09-05_00:28:11.528[Battery Energy]73.12
2019-09-05_00:28:11.809[Status]Routing 134: Walk: 109
2019-09-05_00:28:11.909[Battery Energy]72.96
2019-09-05_00:28:12.170[Status]Routing 135: Walk: 109
2019-09-05_00:28:12.276[Battery Energy]72.76
2019-09-05_00:28:12.466[Status]Routing 136: Walk: 109
2019-09-05_00:28:12.566[Battery Energy]72.64
2019-09-05_00:28:12.841[Status]Routing 137: Walk: 109
2019-09-05_00:28:12.941[Battery Energy]72.45
2019-09-05_00:28:13.090[Status]Routing 138: Walk: 109
2019-09-05_00:28:13.190[Battery Energy]72.36
2019-09-05_00:28:13.465[Status]Routing 139: Walk: 109
2019-09-05_00:28:13.572[Battery Energy]72.17
2019-09-05_00:28:13.795[Status]Routing 140: Walk: 109
2019-09-05_00:28:13.904[Battery Energy]72.07
2019-09-05_00:28:14.144[Status]Routing 141: Walk: 109
2019-09-05_00:28:14.244[Battery Energy]71.92
2019-09-05_00:28:14.464[Status]Routing 142: Walk: 109
2019-09-05_00:28:14.564[Battery Energy]71.78
2019-09-05_00:28:14.766[Status]Routing 143: Walk: 109
2019-09-05_00:28:14.896[Battery Energy]71.63
2019-09-05_00:28:15.120[Status]Routing 144: Walk: 109
2019-09-05_00:28:15.224[Battery Energy]71.46
2019-09-05_00:28:15.441[Status]Routing 145: Walk: 109
2019-09-05_00:28:15.556[Battery Energy]71.32
2019-09-05_00:28:15.703[Status]Routing 146: Walk: 109
2019-09-05_00:28:15.816[Battery Energy]71.20
2019-09-05_00:28:15.982[Status]Routing 147: Walk: 109
2019-09-05_00:28:16.082[Battery Energy]71.07
2019-09-05_00:28:16.328[Status]Routing 148: Walk: 109
2019-09-05_00:28:16.429[Battery Energy]70.91
2019-09-05_00:28:16.808[Status]Routing 149: Walk: 109
2019-09-05_00:28:16.912[Battery Energy]70.67
2019-09-05_00:28:17.095[Status]Routing 150: Walk: 109
2019-09-05_00:28:17.204[Battery Energy]70.55
2019-09-05_00:28:17.394[Status]Routing 151: Walk: 109
2019-09-05_00:28:17.504[Battery Energy]70.42
2019-09-05_00:28:17.699[Status]Routing 152: Walk: 109
2019-09-05_00:28:17.820[Battery Energy]70.33
2019-09-05_00:28:18.167[Status]Routing 153: Walk: 109
2019-09-05_00:28:18.272[Battery Energy]70.16
2019-09-05_00:28:18.645[Status]Routing 154: Walk: 109
2019-09-05_00:28:18.752[Battery Energy]69.90
2019-09-05_00:28:19.014[Status]Routing 155: Walk: 109
2019-09-05_00:28:19.120[Battery Energy]69.73
2019-09-05_00:28:19.465[Status]Routing 156: Walk: 109
2019-09-05_00:28:19.576[Battery Energy]69.55
2019-09-05_00:28:19.740[Status]Routing 157: Walk: 109
2019-09-05_00:28:19.848[Battery Energy]69.44
2019-09-05_00:28:20.029[Status]Routing 158: Walk: 109
2019-09-05_00:28:20.136[Battery Energy]69.32
