2019-09-05_00:27:10.233[Status]Start.
2019-09-05_00:27:10.234[Battery Energy]112.00
2019-09-05_00:27:11.335[Battery Energy]111.96
2019-09-05_00:27:12.436[Battery Energy]111.92
2019-09-05_00:27:13.538[Battery Energy]111.88
2019-09-05_00:27:14.639[Battery Energy]111.84
2019-09-05_00:27:15.740[Task]A New Task Released.
2019-09-05_00:27:15.740[Battery Energy]111.80
2019-09-05_00:27:15.740[Status]Selection Start.
2019-09-05_00:27:17.596[Status]Selection End: Do Task 1.
2019-09-05_00:27:17.724[Battery Energy]110.47
2019-09-05_00:27:17.724[Status]Formation Start.
2019-09-05_00:27:17.869[Status]Formation End: To Position 1.
2019-09-05_00:27:17.974[Battery Energy]110.36
2019-09-05_00:27:17.974[Status]Routing Start.
2019-09-05_00:27:18.242[Status]{'coordinate': [67.12423740490199, 242.09246768820321], 'id': 14}
2019-09-05_00:27:18.242[Status]Routing 1: Walk: 1
2019-09-05_00:27:18.360[Battery Energy]110.14
2019-09-05_00:27:18.360[Status]Routing Start.
2019-09-05_00:27:18.535[Status]{'coordinate': [76.24847480980398, 246.18493537640643], 'id': 14}
2019-09-05_00:27:18.535[Status]Routing 2: Walk: 2
2019-09-05_00:27:18.636[Battery Energy]109.93
2019-09-05_00:27:18.636[Status]Routing Start.
2019-09-05_00:27:18.859[Status]{'coordinate': [85.37271221470597, 250.27740306460964], 'id': 14}
2019-09-05_00:27:18.859[Status]Routing 3: Walk: 3
2019-09-05_00:27:18.972[Battery Energy]109.68
2019-09-05_00:27:18.972[Status]Routing Start.
2019-09-05_00:27:19.176[Status]{'coordinate': [94.49694961960796, 254.36987075281286], 'id': 14}
2019-09-05_00:27:19.176[Status]Routing 4: Walk: 4
2019-09-05_00:27:19.280[Battery Energy]109.42
2019-09-05_00:27:19.280[Status]Routing Start.
2019-09-05_00:27:19.516[Status]{'coordinate': [103.62118702450995, 258.4623384410161], 'id': 14}
2019-09-05_00:27:19.516[Status]Routing 5: Walk: 5
2019-09-05_00:27:19.636[Battery Energy]109.21
2019-09-05_00:27:19.636[Status]Routing Start.
2019-09-05_00:27:19.909[Status]{'coordinate': [112.74542442941194, 262.5548061292193], 'id': 14}
2019-09-05_00:27:19.910[Status]Routing 6: Walk: 6
2019-09-05_00:27:20.024[Battery Energy]108.91
2019-09-05_00:27:20.024[Status]Routing Start.
2019-09-05_00:27:20.318[Status]{'coordinate': [121.86966183431393, 266.6472738174225], 'id': 14}
2019-09-05_00:27:20.321[Status]Routing 7: Walk: 7
2019-09-05_00:27:20.428[Battery Energy]108.67
2019-09-05_00:27:20.428[Status]Routing Start.
2019-09-05_00:27:20.750[Status]{'coordinate': [130.99389923921592, 270.7397415056257], 'id': 14}
2019-09-05_00:27:20.750[Status]Routing 8: Walk: 8
2019-09-05_00:27:20.852[Battery Energy]108.34
2019-09-05_00:27:20.852[Status]Routing Start.
2019-09-05_00:27:21.236[Status]{'coordinate': [140.1181366441179, 274.83220919382893], 'id': 14}
2019-09-05_00:27:21.243[Status]Routing 9: Walk: 9
2019-09-05_00:27:21.344[Battery Energy]108.00
2019-09-05_00:27:21.344[Status]Routing Start.
2019-09-05_00:27:21.671[Status]{'coordinate': [149.24237404901987, 278.92467688203214], 'id': 14}
2019-09-05_00:27:21.674[Status]Routing 10: Walk: 10
2019-09-05_00:27:21.774[Battery Energy]107.74
2019-09-05_00:27:21.774[Status]Routing Start.
2019-09-05_00:27:22.254[Status]{'coordinate': [158.36661145392185, 283.01714457023536], 'id': 14}
2019-09-05_00:27:22.254[Status]Routing 11: Walk: 11
2019-09-05_00:27:22.360[Battery Energy]107.35
2019-09-05_00:27:22.360[Status]Routing Start.
2019-09-05_00:27:22.770[Status]{'coordinate': [167.49084885882382, 287.1096122584386], 'id': 14}
2019-09-05_00:27:22.770[Status]Routing 12: Walk: 12
2019-09-05_00:27:22.872[Battery Energy]106.97
2019-09-05_00:27:22.872[Status]Routing Start.
2019-09-05_00:27:23.301[Status]{'coordinate': [176.6150862637258, 291.2020799466418], 'id': 14}
2019-09-05_00:27:23.307[Status]Routing 13: Walk: 13
2019-09-05_00:27:23.409[Battery Energy]106.62
2019-09-05_00:27:23.409[Status]Routing Start.
2019-09-05_00:27:23.768[Status]{'coordinate': [185.73932366862778, 295.294547634845], 'id': 14}
2019-09-05_00:27:23.769[Status]Routing 14: Walk: 14
2019-09-05_00:27:23.880[Battery Energy]106.30
2019-09-05_00:27:23.880[Status]Routing Start.
2019-09-05_00:27:24.277[Status]{'coordinate': [194.86356107352975, 299.3870153230482], 'id': 14}
2019-09-05_00:27:24.278[Status]Routing 15: Walk: 15
2019-09-05_00:27:24.378[Battery Energy]105.97
2019-09-05_00:27:24.378[Status]Routing Start.
2019-09-05_00:27:24.698[Status]{'coordinate': [203.98779847843173, 303.47948301125143], 'id': 14}
2019-09-05_00:27:24.698[Status]Routing 16: Walk: 16
2019-09-05_00:27:24.804[Battery Energy]105.66
2019-09-05_00:27:24.804[Status]Routing Start.
2019-09-05_00:27:25.155[Status]{'coordinate': [213.1120358833337, 307.57195069945465], 'id': 14}
2019-09-05_00:27:25.155[Status]Routing 17: Walk: 17
2019-09-05_00:27:25.259[Battery Energy]105.35
2019-09-05_00:27:25.259[Status]Routing Start.
2019-09-05_00:27:25.610[Status]{'coordinate': [222.23627328823568, 311.66441838765786], 'id': 14}
2019-09-05_00:27:25.611[Status]Routing 18: Walk: 18
2019-09-05_00:27:25.719[Battery Energy]105.05
2019-09-05_00:27:25.719[Status]Routing Start.
2019-09-05_00:27:26.023[Status]{'coordinate': [231.36051069313766, 315.7568860758611], 'id': 14}
2019-09-05_00:27:26.023[Status]Routing 19: Walk: 19
2019-09-05_00:27:26.132[Battery Energy]104.73
2019-09-05_00:27:26.132[Status]Routing Start.
2019-09-05_00:27:26.462[Status]{'coordinate': [240.48474809803963, 319.8493537640643], 'id': 14}
2019-09-05_00:27:26.462[Status]Routing 20: Walk: 20
2019-09-05_00:27:26.568[Battery Energy]104.42
2019-09-05_00:27:26.568[Status]Routing Start.
2019-09-05_00:27:26.865[Status]{'coordinate': [249.6089855029416, 323.9418214522675], 'id': 14}
2019-09-05_00:27:26.866[Status]Routing 21: Walk: 21
2019-09-05_00:27:26.972[Battery Energy]104.14
2019-09-05_00:27:26.972[Status]Routing Start.
2019-09-05_00:27:27.356[Status]{'coordinate': [258.7332229078436, 328.0342891404707], 'id': 14}
2019-09-05_00:27:27.357[Status]Routing 22: Walk: 22
2019-09-05_00:27:27.464[Battery Energy]103.83
2019-09-05_00:27:27.464[Status]Routing Start.
2019-09-05_00:27:27.856[Status]{'coordinate': [267.85746031274556, 332.12675682867393], 'id': 14}
2019-09-05_00:27:27.858[Status]Routing 23: Walk: 23
2019-09-05_00:27:27.972[Battery Energy]103.49
2019-09-05_00:27:27.973[Status]Routing Start.
2019-09-05_00:27:28.371[Status]{'coordinate': [276.98169771764753, 336.21922451687715], 'id': 14}
2019-09-05_00:27:28.371[Status]Routing 24: Walk: 24
2019-09-05_00:27:28.480[Battery Energy]103.16
2019-09-05_00:27:28.480[Status]Routing Start.
2019-09-05_00:27:28.805[Status]{'coordinate': [286.1059351225495, 340.31169220508036], 'id': 14}
2019-09-05_00:27:28.805[Status]Routing 25: Walk: 25
2019-09-05_00:27:28.912[Battery Energy]102.84
2019-09-05_00:27:28.912[Status]Routing Start.
2019-09-05_00:27:29.244[Status]{'coordinate': [295.2301725274515, 344.4041598932836], 'id': 14}
2019-09-05_00:27:29.245[Status]Routing 26: Walk: 26
2019-09-05_00:27:29.345[Battery Energy]102.51
2019-09-05_00:27:29.345[Status]Routing Start.
2019-09-05_00:27:29.679[Status]{'coordinate': [304.35440993235346, 348.4966275814868], 'id': 14}
2019-09-05_00:27:29.680[Status]Routing 27: Walk: 27
2019-09-05_00:27:29.781[Battery Energy]102.24
2019-09-05_00:27:29.781[Status]Routing Start.
2019-09-05_00:27:30.137[Status]{'coordinate': [313.47864733725544, 352.58909526969], 'id': 14}
2019-09-05_00:27:30.138[Status]Routing 28: Walk: 28
2019-09-05_00:27:30.238[Battery Energy]101.91
2019-09-05_00:27:30.238[Status]Routing Start.
2019-09-05_00:27:30.611[Status]{'coordinate': [322.6028847421574, 356.6815629578932], 'id': 14}
2019-09-05_00:27:30.611[Status]Routing 29: Walk: 29
2019-09-05_00:27:30.714[Battery Energy]101.61
2019-09-05_00:27:30.714[Status]Routing Start.
2019-09-05_00:27:31.085[Status]{'coordinate': [331.7271221470594, 360.77403064609643], 'id': 14}
2019-09-05_00:27:31.085[Status]Routing 30: Walk: 30
2019-09-05_00:27:31.191[Battery Energy]101.26
2019-09-05_00:27:31.191[Status]Routing Start.
2019-09-05_00:27:31.565[Status]{'coordinate': [340.85135955196137, 364.86649833429965], 'id': 14}
2019-09-05_00:27:31.565[Status]Routing 31: Walk: 31
2019-09-05_00:27:31.672[Battery Energy]100.94
2019-09-05_00:27:31.672[Status]Routing Start.
2019-09-05_00:27:32.017[Status]{'coordinate': [349.97559695686334, 368.95896602250286], 'id': 14}
2019-09-05_00:27:32.017[Status]Routing 32: Walk: 32
2019-09-05_00:27:32.120[Battery Energy]100.59
2019-09-05_00:27:32.120[Status]Routing Start.
2019-09-05_00:27:32.433[Status]{'coordinate': [359.0998343617653, 373.0514337107061], 'id': 14}
2019-09-05_00:27:32.434[Status]Routing 33: Walk: 33
2019-09-05_00:27:32.534[Battery Energy]100.28
2019-09-05_00:27:32.534[Status]Routing Start.
2019-09-05_00:27:32.734[Status]{'coordinate': [368.2240717666673, 377.1439013989093], 'id': 14}
2019-09-05_00:27:32.734[Status]Routing 34: Walk: 34
2019-09-05_00:27:32.834[Battery Energy]100.04
2019-09-05_00:27:32.834[Status]Routing Start.
2019-09-05_00:27:33.170[Status]{'coordinate': [377.34830917156927, 381.2363690871125], 'id': 14}
2019-09-05_00:27:33.170[Status]Routing 35: Walk: 35
2019-09-05_00:27:33.270[Battery Energy]99.72
2019-09-05_00:27:33.270[Status]Routing Start.
2019-09-05_00:27:33.597[Status]{'coordinate': [386.47254657647125, 385.3288367753157], 'id': 14}
2019-09-05_00:27:33.597[Status]Routing 36: Walk: 36
2019-09-05_00:27:33.716[Battery Energy]99.46
2019-09-05_00:27:33.716[Status]Routing Start.
2019-09-05_00:27:34.091[Status]{'coordinate': [395.5967839813732, 389.42130446351894], 'id': 14}
2019-09-05_00:27:34.091[Status]Routing 37: Walk: 37
2019-09-05_00:27:34.192[Battery Energy]99.15
2019-09-05_00:27:34.192[Status]Routing Start.
2019-09-05_00:27:34.515[Status]{'coordinate': [404.7210213862752, 393.51377215172215], 'id': 14}
2019-09-05_00:27:34.515[Status]Routing 38: Walk: 38
2019-09-05_00:27:34.615[Battery Energy]98.86
2019-09-05_00:27:34.615[Status]Routing Start.
2019-09-05_00:27:34.970[Status]{'coordinate': [413.8452587911772, 397.60623983992537], 'id': 14}
2019-09-05_00:27:34.970[Status]Routing 39: Walk: 39
2019-09-05_00:27:35.084[Battery Energy]98.56
2019-09-05_00:27:35.084[Status]Routing Start.
2019-09-05_00:27:35.429[Status]{'coordinate': [422.96949619607915, 401.6987075281286], 'id': 14}
2019-09-05_00:27:35.430[Status]Routing 40: Walk: 40
2019-09-05_00:27:35.533[Battery Energy]98.20
2019-09-05_00:27:35.533[Status]Routing Start.
2019-09-05_00:27:35.881[Status]{'coordinate': [432.0937336009811, 405.7911752163318], 'id': 14}
2019-09-05_00:27:35.881[Status]Routing 41: Walk: 41
2019-09-05_00:27:35.981[Battery Energy]97.88
2019-09-05_00:27:35.982[Status]Routing Start.
2019-09-05_00:27:36.305[Status]{'coordinate': [441.2179710058831, 409.883642904535], 'id': 14}
2019-09-05_00:27:36.305[Status]Routing 42: Walk: 42
2019-09-05_00:27:36.406[Battery Energy]97.54
2019-09-05_00:27:36.406[Status]Routing Start.
2019-09-05_00:27:36.792[Status]{'coordinate': [450.3422084107851, 413.9761105927382], 'id': 14}
2019-09-05_00:27:36.792[Status]Routing 43: Walk: 43
2019-09-05_00:27:36.892[Battery Energy]97.24
2019-09-05_00:27:36.892[Status]Routing Start.
2019-09-05_00:27:37.250[Status]{'coordinate': [459.46644581568705, 418.06857828094144], 'id': 14}
2019-09-05_00:27:37.250[Status]Routing 44: Walk: 44
2019-09-05_00:27:37.350[Battery Energy]96.96
2019-09-05_00:27:37.350[Status]Routing Start.
2019-09-05_00:27:37.534[Status]{'coordinate': [468.590683220589, 422.16104596914465], 'id': 14}
2019-09-05_00:27:37.534[Status]Routing 45: Walk: 45
2019-09-05_00:27:37.634[Battery Energy]96.74
2019-09-05_00:27:37.634[Status]Routing Start.
2019-09-05_00:27:38.015[Status]{'coordinate': [477.714920625491, 426.25351365734787], 'id': 14}
2019-09-05_00:27:38.015[Status]Routing 46: Walk: 46
2019-09-05_00:27:38.128[Battery Energy]96.44
2019-09-05_00:27:38.128[Status]Routing Start.
2019-09-05_00:27:38.578[Status]{'coordinate': [486.839158030393, 430.3459813455511], 'id': 14}
2019-09-05_00:27:38.578[Status]Routing 47: Walk: 47
2019-09-05_00:27:38.680[Battery Energy]95.98
2019-09-05_00:27:38.680[Status]Routing Start.
2019-09-05_00:27:38.999[Status]{'coordinate': [495.96339543529496, 434.4384490337543], 'id': 14}
2019-09-05_00:27:38.999[Status]Routing 48: Walk: 48
2019-09-05_00:27:39.099[Battery Energy]95.71
2019-09-05_00:27:39.099[Status]Routing Start.
2019-09-05_00:27:39.412[Status]{'coordinate': [505.08763284019693, 438.5309167219575], 'id': 14}
2019-09-05_00:27:39.412[Status]Routing 49: Walk: 49
2019-09-05_00:27:39.520[Battery Energy]95.40
2019-09-05_00:27:39.520[Status]Routing Start.
2019-09-05_00:27:39.929[Status]{'coordinate': [514.2118702450989, 442.6233844101607], 'id': 14}
2019-09-05_00:27:39.929[Status]Routing 50: Walk: 50
2019-09-05_00:27:40.032[Battery Energy]95.08
2019-09-05_00:27:40.032[Status]Routing Start.
2019-09-05_00:27:40.374[Status]{'coordinate': [523.3361076500009, 446.71585209836394], 'id': 14}
2019-09-05_00:27:40.374[Status]Routing 51: Walk: 51
2019-09-05_00:27:40.480[Battery Energy]94.75
2019-09-05_00:27:40.480[Status]Routing Start.
2019-09-05_00:27:40.886[Status]{'coordinate': [532.460345054903, 450.80831978656715], 'id': 14}
2019-09-05_00:27:40.886[Status]Routing 52: Walk: 52
2019-09-05_00:27:40.992[Battery Energy]94.40
2019-09-05_00:27:40.992[Status]Routing Start.
2019-09-05_00:27:41.297[Status]{'coordinate': [541.584582459805, 454.90078747477037], 'id': 14}
2019-09-05_00:27:41.297[Status]Routing 53: Walk: 53
2019-09-05_00:27:41.418[Battery Energy]94.10
2019-09-05_00:27:41.419[Status]Routing Start.
2019-09-05_00:27:41.759[Status]{'coordinate': [550.708819864707, 458.9932551629736], 'id': 14}
2019-09-05_00:27:41.759[Status]Routing 54: Walk: 54
2019-09-05_00:27:41.864[Battery Energy]93.80
2019-09-05_00:27:41.864[Status]Routing Start.
2019-09-05_00:27:42.345[Status]Routing 55: Walk: 54
2019-09-05_00:27:42.445[Battery Energy]93.41
2019-09-05_00:27:42.445[Status]Routing Start.
2019-09-05_00:27:42.897[Status]{'coordinate': [559.8330572696091, 463.0857228511768], 'id': 14}
2019-09-05_00:27:42.898[Status]Routing 56: Walk: 55
2019-09-05_00:27:43.000[Battery Energy]92.88
2019-09-05_00:27:43.000[Status]Routing Start.
2019-09-05_00:27:43.432[Status]Routing 57: Walk: 55
2019-09-05_00:27:43.532[Battery Energy]92.54
2019-09-05_00:27:43.532[Status]Routing Start.
2019-09-05_00:27:43.881[Status]{'coordinate': [568.9572946745111, 467.17819053938], 'id': 14}
2019-09-05_00:27:43.881[Status]Routing 58: Walk: 56
2019-09-05_00:27:43.981[Battery Energy]92.15
2019-09-05_00:27:43.981[Status]Routing Start.
2019-09-05_00:27:44.337[Status]{'coordinate': [578.0815320794131, 471.2706582275832], 'id': 14}
2019-09-05_00:27:44.337[Status]Routing 59: Walk: 57
2019-09-05_00:27:44.437[Battery Energy]91.76
2019-09-05_00:27:44.437[Status]Routing Start.
2019-09-05_00:27:44.695[Status]{'coordinate': [587.2057694843152, 475.36312591578644], 'id': 14}
2019-09-05_00:27:44.695[Status]Routing 60: Walk: 58
2019-09-05_00:27:44.800[Battery Energy]91.51
2019-09-05_00:27:44.800[Status]Routing Start.
2019-09-05_00:27:45.313[Status]{'coordinate': [596.3300068892172, 479.45559360398966], 'id': 14}
2019-09-05_00:27:45.313[Status]Routing 61: Walk: 59
2019-09-05_00:27:45.413[Battery Energy]91.07
2019-09-05_00:27:45.413[Status]Routing Start.
2019-09-05_00:27:45.595[Status]{'coordinate': [605.4542442941192, 483.54806129219287], 'id': 14}
2019-09-05_00:27:45.595[Status]Routing 62: Walk: 60
2019-09-05_00:27:45.695[Battery Energy]90.86
2019-09-05_00:27:45.696[Status]Routing Start.
2019-09-05_00:27:46.010[Status]{'coordinate': [614.5784816990213, 487.6405289803961], 'id': 14}
2019-09-05_00:27:46.010[Status]Routing 63: Walk: 61
2019-09-05_00:27:46.110[Battery Energy]90.57
2019-09-05_00:27:46.110[Status]Routing Start.
2019-09-05_00:27:46.325[Status]{'coordinate': [623.7027191039233, 491.7329966685993], 'id': 14}
2019-09-05_00:27:46.326[Status]Routing 64: Walk: 62
2019-09-05_00:27:46.440[Battery Energy]90.33
2019-09-05_00:27:46.440[Status]Routing Start.
2019-09-05_00:27:46.747[Status]{'coordinate': [632.8269565088253, 495.8254643568025], 'id': 14}
2019-09-05_00:27:46.748[Status]Routing 65: Walk: 63
2019-09-05_00:27:46.856[Battery Energy]90.05
2019-09-05_00:27:46.856[Status]Routing Start.
2019-09-05_00:27:47.087[Status]{'coordinate': [641.9511939137274, 499.9179320450057], 'id': 14}
2019-09-05_00:27:47.087[Status]Routing 66: Walk: 64
2019-09-05_00:27:47.200[Battery Energy]89.79
2019-09-05_00:27:47.200[Status]Routing Start.
2019-09-05_00:27:47.521[Status]{'coordinate': [651.0754313186294, 504.01039973320894], 'id': 14}
2019-09-05_00:27:47.521[Status]Routing 67: Walk: 65
2019-09-05_00:27:47.621[Battery Energy]89.48
2019-09-05_00:27:47.621[Status]Routing Start.
2019-09-05_00:27:47.837[Status]{'coordinate': [660.1996687235314, 508.10286742141216], 'id': 14}
2019-09-05_00:27:47.838[Status]Routing 68: Walk: 66
2019-09-05_00:27:47.961[Battery Energy]89.25
2019-09-05_00:27:47.962[Status]Routing Start.
2019-09-05_00:27:48.190[Status]{'coordinate': [669.3239061284335, 512.1953351096154], 'id': 14}
2019-09-05_00:27:48.190[Status]Routing 69: Walk: 67
2019-09-05_00:27:48.304[Battery Energy]88.98
2019-09-05_00:27:48.304[Status]Routing Start.
2019-09-05_00:27:48.514[Status]{'coordinate': [678.4481435333355, 516.2878027978186], 'id': 14}
2019-09-05_00:27:48.514[Status]Routing 70: Walk: 68
2019-09-05_00:27:48.614[Battery Energy]88.75
2019-09-05_00:27:48.614[Status]Routing Start.
2019-09-05_00:27:48.809[Status]{'coordinate': [687.5723809382375, 520.3802704860218], 'id': 14}
2019-09-05_00:27:48.809[Status]Routing 71: Walk: 69
2019-09-05_00:27:48.909[Battery Energy]88.52
2019-09-05_00:27:48.909[Status]Routing Start.
2019-09-05_00:27:49.197[Status]{'coordinate': [696.6966183431396, 524.472738174225], 'id': 14}
2019-09-05_00:27:49.198[Status]Routing 72: Walk: 70
2019-09-05_00:27:49.298[Battery Energy]88.24
2019-09-05_00:27:49.298[Status]Routing Start.
2019-09-05_00:27:49.497[Status]{'coordinate': [705.8208557480416, 528.5652058624282], 'id': 14}
2019-09-05_00:27:49.497[Status]Routing 73: Walk: 71
2019-09-05_00:27:49.709[Battery Energy]88.03
2019-09-05_00:27:49.709[Status]Routing Start.
2019-09-05_00:27:49.870[Status]{'coordinate': [714.9450931529436, 532.6576735506314], 'id': 14}
2019-09-05_00:27:49.870[Status]Routing 74: Walk: 72
2019-09-05_00:27:49.970[Battery Energy]87.85
2019-09-05_00:27:49.970[Status]Routing Start.
2019-09-05_00:27:50.161[Status]{'coordinate': [724.0693305578457, 536.7501412388347], 'id': 14}
2019-09-05_00:27:50.161[Status]Routing 75: Walk: 73
2019-09-05_00:27:50.288[Battery Energy]87.63
2019-09-05_00:27:50.288[Status]Routing Start.
2019-09-05_00:27:50.490[Status]{'coordinate': [733.1935679627477, 540.8426089270379], 'id': 14}
2019-09-05_00:27:50.490[Status]Routing 76: Walk: 74
2019-09-05_00:27:50.590[Battery Energy]87.38
2019-09-05_00:27:50.591[Status]Routing Start.
2019-09-05_00:27:50.861[Status]{'coordinate': [742.3178053676497, 544.9350766152411], 'id': 14}
2019-09-05_00:27:50.861[Status]Routing 77: Walk: 75
2019-09-05_00:27:50.996[Battery Energy]87.12
2019-09-05_00:27:50.996[Status]Routing Start.
2019-09-05_00:27:51.208[Status]{'coordinate': [751.4420427725518, 549.0275443034443], 'id': 14}
2019-09-05_00:27:51.208[Status]Routing 78: Walk: 76
2019-09-05_00:27:51.308[Battery Energy]86.90
2019-09-05_00:27:51.308[Status]Routing Start.
2019-09-05_00:27:51.680[Status]{'coordinate': [760.5662801774538, 553.1200119916475], 'id': 14}
2019-09-05_00:27:51.680[Status]Routing 79: Walk: 77
2019-09-05_00:27:51.781[Battery Energy]86.60
2019-09-05_00:27:51.781[Status]Routing Start.
2019-09-05_00:27:52.061[Status]{'coordinate': [769.6905175823558, 557.2124796798507], 'id': 14}
2019-09-05_00:27:52.061[Status]Routing 80: Walk: 78
2019-09-05_00:27:52.175[Battery Energy]86.30
2019-09-05_00:27:52.175[Status]Routing Start.
2019-09-05_00:27:52.624[Status]{'coordinate': [778.8147549872579, 561.304947368054], 'id': 14}
2019-09-05_00:27:52.624[Status]Routing 81: Walk: 79
2019-09-05_00:27:52.725[Battery Energy]85.85
2019-09-05_00:27:52.725[Status]Routing Start.
2019-09-05_00:27:53.135[Status]{'coordinate': [787.9389923921599, 565.3974150562572], 'id': 14}
2019-09-05_00:27:53.135[Status]Routing 82: Walk: 80
2019-09-05_00:27:53.235[Battery Energy]85.42
2019-09-05_00:27:53.235[Status]Routing Start.
2019-09-05_00:27:53.391[Status]{'coordinate': [797.0632297970619, 569.4898827444604], 'id': 14}
2019-09-05_00:27:53.394[Status]Routing 83: Walk: 81
2019-09-05_00:27:53.536[Battery Energy]85.22
2019-09-05_00:27:53.536[Status]Routing Start.
2019-09-05_00:27:53.710[Status]{'coordinate': [806.187467201964, 573.5823504326636], 'id': 14}
2019-09-05_00:27:53.710[Status]Routing 84: Walk: 82
2019-09-05_00:27:53.810[Battery Energy]85.00
2019-09-05_00:27:53.811[Status]Routing Start.
2019-09-05_00:27:54.009[Status]{'coordinate': [815.311704606866, 577.6748181208668], 'id': 14}
2019-09-05_00:27:54.012[Status]Routing 85: Walk: 83
2019-09-05_00:27:54.120[Battery Energy]84.81
2019-09-05_00:27:54.120[Status]Routing Start.
2019-09-05_00:27:54.311[Status]{'coordinate': [824.435942011768, 581.76728580907], 'id': 14}
2019-09-05_00:27:54.311[Status]Routing 86: Walk: 84
2019-09-05_00:27:54.420[Battery Energy]84.60
2019-09-05_00:27:54.420[Status]Routing Start.
2019-09-05_00:27:54.724[Status]{'coordinate': [833.5601794166699, 585.8597534972732], 'id': 14}
2019-09-05_00:27:54.724[Status]Routing 87: Walk: 85
2019-09-05_00:27:54.830[Battery Energy]84.33
2019-09-05_00:27:54.830[Status]Routing Start.
2019-09-05_00:27:54.973[Status]{'coordinate': [842.6844168215719, 589.9522211854764], 'id': 14}
2019-09-05_00:27:54.973[Status]Routing 88: Walk: 86
2019-09-05_00:27:55.084[Battery Energy]84.12
2019-09-05_00:27:55.084[Status]Routing Start.
2019-09-05_00:27:55.258[Status]{'coordinate': [851.8086542264739, 594.0446888736797], 'id': 14}
2019-09-05_00:27:55.258[Status]Routing 89: Walk: 87
2019-09-05_00:27:55.368[Battery Energy]83.91
2019-09-05_00:27:55.368[Status]Routing Start.
2019-09-05_00:27:55.630[Status]{'coordinate': [860.9328916313758, 598.1371565618829], 'id': 14}
2019-09-05_00:27:55.630[Status]Routing 90: Walk: 88
2019-09-05_00:27:55.730[Battery Energy]83.65
2019-09-05_00:27:55.730[Status]Routing Start.
2019-09-05_00:27:55.935[Status]{'coordinate': [870.0571290362777, 602.2296242500861], 'id': 14}
2019-09-05_00:27:55.939[Status]Routing 91: Walk: 89
2019-09-05_00:27:56.048[Battery Energy]83.42
2019-09-05_00:27:56.048[Status]Routing Start.
2019-09-05_00:27:56.260[Status]{'coordinate': [879.1813664411796, 606.3220919382893], 'id': 14}
2019-09-05_00:27:56.260[Status]Routing 92: Walk: 90
2019-09-05_00:27:56.372[Battery Energy]83.23
2019-09-05_00:27:56.372[Status]Routing Start.
2019-09-05_00:27:56.775[Status]{'coordinate': [888.3056038460816, 610.4145596264925], 'id': 14}
2019-09-05_00:27:56.777[Status]Routing 93: Walk: 91
2019-09-05_00:27:56.880[Battery Energy]82.90
2019-09-05_00:27:56.880[Status]Routing Start.
2019-09-05_00:27:57.204[Status]{'coordinate': [897.4298412509835, 614.5070273146957], 'id': 14}
2019-09-05_00:27:57.212[Status]Routing 94: Walk: 92
2019-09-05_00:27:57.328[Battery Energy]82.61
2019-09-05_00:27:57.328[Status]Routing Start.
2019-09-05_00:27:57.706[Status]{'coordinate': [906.5540786558854, 618.599495002899], 'id': 14}
2019-09-05_00:27:57.706[Status]Routing 95: Walk: 93
2019-09-05_00:27:57.808[Battery Energy]82.32
2019-09-05_00:27:57.808[Status]Routing Start.
2019-09-05_00:27:58.144[Status]{'coordinate': [915.6783160607873, 622.6919626911022], 'id': 14}
2019-09-05_00:27:58.150[Status]Routing 96: Walk: 94
2019-09-05_00:27:58.260[Battery Energy]81.98
2019-09-05_00:27:58.260[Status]Routing Start.
2019-09-05_00:27:58.531[Status]{'coordinate': [924.8025534656892, 626.7844303793054], 'id': 14}
2019-09-05_00:27:58.531[Status]Routing 97: Walk: 95
2019-09-05_00:27:58.640[Battery Energy]81.72
2019-09-05_00:27:58.640[Status]Routing Start.
2019-09-05_00:27:58.807[Status]{'coordinate': [933.9267908705912, 630.8768980675086], 'id': 14}
2019-09-05_00:27:58.807[Status]Routing 98: Walk: 96
2019-09-05_00:27:58.916[Battery Energy]81.48
2019-09-05_00:27:58.916[Status]Routing Start.
2019-09-05_00:27:59.130[Status]{'coordinate': [943.0510282754931, 634.9693657557118], 'id': 14}
2019-09-05_00:27:59.130[Status]Routing 99: Walk: 97
2019-09-05_00:27:59.231[Battery Energy]81.27
2019-09-05_00:27:59.231[Status]Routing Start.
2019-09-05_00:27:59.414[Status]{'coordinate': [952.175265680395, 639.061833443915], 'id': 14}
2019-09-05_00:27:59.414[Status]Routing 100: Walk: 98
2019-09-05_00:27:59.573[Battery Energy]81.07
2019-09-05_00:27:59.573[Status]Routing Start.
2019-09-05_00:27:59.721[Status]{'coordinate': [961.2995030852969, 643.1543011321182], 'id': 14}
2019-09-05_00:27:59.721[Status]Routing 101: Walk: 99
2019-09-05_00:27:59.823[Battery Energy]80.90
2019-09-05_00:27:59.823[Status]Routing Start.
2019-09-05_00:28:00.059[Status]{'coordinate': [970.4237404901988, 647.2467688203214], 'id': 14}
2019-09-05_00:28:00.059[Status]Routing 102: Walk: 100
2019-09-05_00:28:00.160[Battery Energy]80.68
2019-09-05_00:28:00.160[Status]Routing Start.
2019-09-05_00:28:00.431[Status]{'coordinate': [979.5479778951008, 651.3392365085247], 'id': 14}
2019-09-05_00:28:00.431[Status]Routing 103: Walk: 101
2019-09-05_00:28:00.531[Battery Energy]80.43
2019-09-05_00:28:00.531[Status]Routing Start.
2019-09-05_00:28:00.706[Status]{'coordinate': [988.6722153000027, 655.4317041967279], 'id': 14}
2019-09-05_00:28:00.706[Status]Routing 104: Walk: 102
2019-09-05_00:28:00.807[Battery Energy]80.22
2019-09-05_00:28:00.807[Status]Routing Start.
2019-09-05_00:28:01.187[Status]{'coordinate': [997.7964527049046, 659.5241718849311], 'id': 14}
2019-09-05_00:28:01.187[Status]Routing 105: Walk: 103
2019-09-05_00:28:01.287[Battery Energy]79.87
2019-09-05_00:28:01.287[Status]Routing Start.
2019-09-05_00:28:01.497[Status]{'coordinate': [1006.9206901098065, 663.6166395731343], 'id': 14}
2019-09-05_00:28:01.497[Status]Routing 106: Walk: 104
2019-09-05_00:28:01.600[Battery Energy]79.64
2019-09-05_00:28:01.600[Status]Routing Start.
2019-09-05_00:28:01.938[Status]{'coordinate': [1016.0449275147084, 667.7091072613375], 'id': 14}
2019-09-05_00:28:01.938[Status]Routing 107: Walk: 105
2019-09-05_00:28:02.038[Battery Energy]79.28
2019-09-05_00:28:02.038[Status]Routing Start.
2019-09-05_00:28:02.216[Status]{'coordinate': [1025.1691649196105, 671.8015749495407], 'id': 14}
2019-09-05_00:28:02.216[Status]Routing 108: Walk: 106
2019-09-05_00:28:02.328[Battery Energy]79.07
2019-09-05_00:28:02.328[Status]Routing Start.
2019-09-05_00:28:02.677[Status]{'coordinate': [1034.2934023245125, 675.894042637744], 'id': 14}
2019-09-05_00:28:02.677[Status]Routing 109: Walk: 107
2019-09-05_00:28:02.791[Battery Energy]78.70
2019-09-05_00:28:02.791[Status]Routing Start.
2019-09-05_00:28:03.154[Status]{'coordinate': [1043.4176397294145, 679.9865103259472], 'id': 14}
2019-09-05_00:28:03.154[Status]Routing 110: Walk: 108
2019-09-05_00:28:03.260[Battery Energy]78.43
2019-09-05_00:28:03.260[Status]Routing Start.
2019-09-05_00:28:03.583[Status]{'coordinate': [1052.5418771343166, 684.0789780141504], 'id': 14}
2019-09-05_00:28:03.583[Status]Routing 111: Walk: 109
2019-09-05_00:28:03.708[Battery Energy]78.15
2019-09-05_00:28:03.708[Status]Routing Start.
2019-09-05_00:28:03.843[Status]{'coordinate': [1061.6661145392186, 688.1714457023537], 'id': 14}
2019-09-05_00:28:03.843[Status]Routing 112: Walk: 110
2019-09-05_00:28:03.945[Battery Energy]77.97
2019-09-05_00:28:03.945[Status]Routing Start.
2019-09-05_00:28:04.183[Status]{'coordinate': [1070.7903519441206, 692.263913390557], 'id': 14}
2019-09-05_00:28:04.183[Status]Routing 113: Walk: 111
2019-09-05_00:28:04.287[Battery Energy]77.72
2019-09-05_00:28:04.287[Status]Routing Start.
2019-09-05_00:28:04.647[Status]{'coordinate': [1079.9145893490227, 696.3563810787603], 'id': 14}
2019-09-05_00:28:04.647[Status]Routing 114: Walk: 112
2019-09-05_00:28:04.752[Battery Energy]77.33
2019-09-05_00:28:04.752[Status]Routing Start.
2019-09-05_00:28:04.921[Status]{'coordinate': [1089.0388267539247, 700.4488487669636], 'id': 14}
2019-09-05_00:28:04.921[Status]Routing 115: Walk: 113
2019-09-05_00:28:05.052[Battery Energy]77.07
2019-09-05_00:28:05.052[Status]Routing Start.
2019-09-05_00:28:05.210[Status]{'coordinate': [1098.1630641588267, 704.5413164551669], 'id': 14}
2019-09-05_00:28:05.210[Status]Routing 116: Walk: 114
2019-09-05_00:28:05.316[Battery Energy]76.86
2019-09-05_00:28:05.316[Status]Routing Start.
2019-09-05_00:28:05.515[Status]{'coordinate': [1107.2873015637288, 708.6337841433702], 'id': 14}
2019-09-05_00:28:05.515[Status]Routing 117: Walk: 115
2019-09-05_00:28:05.628[Battery Energy]76.58
2019-09-05_00:28:05.628[Status]Routing Start.
2019-09-05_00:28:05.979[Status]{'coordinate': [1116.4115389686308, 712.7262518315734], 'id': 14}
2019-09-05_00:28:05.979[Status]Routing 118: Walk: 116
2019-09-05_00:28:06.079[Battery Energy]76.26
2019-09-05_00:28:06.079[Status]Routing Start.
2019-09-05_00:28:06.380[Status]{'coordinate': [1125.5357763735328, 716.8187195197768], 'id': 14}
2019-09-05_00:28:06.381[Status]Routing 119: Walk: 117
2019-09-05_00:28:06.488[Battery Energy]76.02
2019-09-05_00:28:06.488[Status]Routing Start.
2019-09-05_00:28:06.828[Status]{'coordinate': [1134.6600137784349, 720.9111872079801], 'id': 14}
2019-09-05_00:28:06.828[Status]Routing 120: Walk: 118
2019-09-05_00:28:06.928[Battery Energy]75.72
2019-09-05_00:28:06.928[Status]Routing Start.
2019-09-05_00:28:07.358[Status]{'coordinate': [1143.784251183337, 725.0036548961834], 'id': 14}
2019-09-05_00:28:07.358[Status]Routing 121: Walk: 119
2019-09-05_00:28:07.458[Battery Energy]75.40
2019-09-05_00:28:07.458[Status]Routing Start.
2019-09-05_00:28:07.795[Status]{'coordinate': [1152.908488588239, 729.0961225843866], 'id': 14}
2019-09-05_00:28:07.795[Status]Routing 122: Walk: 120
2019-09-05_00:28:07.904[Battery Energy]75.04
2019-09-05_00:28:07.904[Status]Routing Start.
2019-09-05_00:28:08.158[Status]{'coordinate': [1162.032725993141, 733.18859027259], 'id': 14}
2019-09-05_00:28:08.158[Status]Routing 123: Walk: 121
2019-09-05_00:28:08.264[Battery Energy]74.81
2019-09-05_00:28:08.264[Status]Routing Start.
2019-09-05_00:28:08.574[Status]{'coordinate': [1171.156963398043, 737.2810579607933], 'id': 14}
2019-09-05_00:28:08.574[Status]Routing 124: Walk: 122
2019-09-05_00:28:08.686[Battery Energy]74.51
2019-09-05_00:28:08.686[Status]Routing Start.
2019-09-05_00:28:09.069[Status]{'coordinate': [1180.281200802945, 741.3735256489966], 'id': 14}
2019-09-05_00:28:09.069[Status]Routing 125: Walk: 123
2019-09-05_00:28:09.169[Battery Energy]74.19
2019-09-05_00:28:09.169[Status]Routing Start.
2019-09-05_00:28:09.356[Status]{'coordinate': [1189.405438207847, 745.4659933371998], 'id': 14}
2019-09-05_00:28:09.357[Status]Routing 126: Walk: 124
2019-09-05_00:28:09.464[Battery Energy]73.94
2019-09-05_00:28:09.464[Status]Routing Start.
2019-09-05_00:28:09.797[Status]{'coordinate': [1198.529675612749, 749.5584610254032], 'id': 14}
2019-09-05_00:28:09.797[Status]Routing 127: Walk: 125
2019-09-05_00:28:09.908[Battery Energy]73.64
2019-09-05_00:28:09.908[Status]Routing Start.
2019-09-05_00:28:10.098[Status]{'coordinate': [1207.6539130176511, 753.6509287136065], 'id': 14}
2019-09-05_00:28:10.098[Status]Routing 128: Walk: 126
2019-09-05_00:28:10.208[Battery Energy]73.40
2019-09-05_00:28:10.208[Status]Routing Start.
2019-09-05_00:28:10.424[Status]{'coordinate': [1216.7781504225532, 757.7433964018098], 'id': 14}
2019-09-05_00:28:10.424[Status]Routing 129: Walk: 127
2019-09-05_00:28:10.524[Battery Energy]73.16
2019-09-05_00:28:10.532[Status]Routing Start.
2019-09-05_00:28:10.805[Status]{'coordinate': [1225.9023878274552, 761.8358640900132], 'id': 14}
2019-09-05_00:28:10.805[Status]Routing 130: Walk: 128
2019-09-05_00:28:10.912[Battery Energy]72.89
2019-09-05_00:28:10.912[Status]Routing Start.
2019-09-05_00:28:11.098[Status]{'coordinate': [1235.0266252323572, 765.9283317782164], 'id': 14}
2019-09-05_00:28:11.099[Status]Routing 131: Walk: 129
2019-09-05_00:28:11.248[Battery Energy]72.67
2019-09-05_00:28:11.248[Status]Routing Start.
2019-09-05_00:28:11.424[Status]{'coordinate': [1244.1508626372593, 770.0207994664197], 'id': 14}
2019-09-05_00:28:11.424[Status]Routing 132: Walk: 130
2019-09-05_00:28:11.528[Battery Energy]72.43
2019-09-05_00:28:11.528[Status]Routing Start.
2019-09-05_00:28:11.808[Status]{'coordinate': [1253.2751000421613, 774.113267154623], 'id': 14}
2019-09-05_00:28:11.808[Status]Routing 133: Walk: 131
2019-09-05_00:28:11.916[Battery Energy]72.18
2019-09-05_00:28:11.916[Status]Routing Start.
2019-09-05_00:28:11.916[Status]Task Finished.
2019-09-05_00:28:12.016[Battery Energy]72.18
2019-09-05_00:28:12.170[Status]Routing 135: Walk: 131
2019-09-05_00:28:12.276[Battery Energy]72.09
2019-09-05_00:28:12.464[Status]Routing 136: Walk: 131
2019-09-05_00:28:12.567[Battery Energy]71.98
2019-09-05_00:28:12.823[Status]Routing 137: Walk: 131
2019-09-05_00:28:12.923[Battery Energy]71.82
2019-09-05_00:28:13.091[Status]Routing 138: Walk: 131
2019-09-05_00:28:13.204[Battery Energy]71.71
2019-09-05_00:28:13.464[Status]Routing 139: Walk: 131
2019-09-05_00:28:13.568[Battery Energy]71.52
2019-09-05_00:28:13.792[Status]Routing 140: Walk: 131
2019-09-05_00:28:13.908[Battery Energy]71.37
2019-09-05_00:28:14.148[Status]Routing 141: Walk: 131
2019-09-05_00:28:14.256[Battery Energy]71.19
2019-09-05_00:28:14.486[Status]Routing 142: Walk: 131
2019-09-05_00:28:14.586[Battery Energy]71.06
2019-09-05_00:28:14.760[Status]Routing 143: Walk: 131
2019-09-05_00:28:14.861[Battery Energy]70.96
2019-09-05_00:28:15.116[Status]Routing 144: Walk: 131
2019-09-05_00:28:15.216[Battery Energy]70.80
2019-09-05_00:28:15.440[Status]Routing 145: Walk: 131
2019-09-05_00:28:15.540[Battery Energy]70.67
2019-09-05_00:28:15.704[Status]Routing 146: Walk: 131
2019-09-05_00:28:15.833[Battery Energy]70.53
2019-09-05_00:28:15.986[Status]Routing 147: Walk: 131
2019-09-05_00:28:16.092[Battery Energy]70.42
2019-09-05_00:28:16.331[Status]Routing 148: Walk: 131
2019-09-05_00:28:16.432[Battery Energy]70.27
2019-09-05_00:28:16.798[Status]Routing 149: Walk: 131
2019-09-05_00:28:16.920[Battery Energy]70.04
2019-09-05_00:28:17.093[Status]Routing 150: Walk: 131
2019-09-05_00:28:17.196[Battery Energy]69.92
2019-09-05_00:28:17.391[Status]Routing 151: Walk: 131
2019-09-05_00:28:17.491[Battery Energy]69.79
2019-09-05_00:28:17.697[Status]Routing 152: Walk: 131
2019-09-05_00:28:17.800[Battery Energy]69.68
2019-09-05_00:28:18.163[Status]Routing 153: Walk: 131
2019-09-05_00:28:18.263[Battery Energy]69.50
2019-09-05_00:28:18.644[Status]Routing 154: Walk: 131
2019-09-05_00:28:18.756[Battery Energy]69.29
2019-09-05_00:28:19.011[Status]Routing 155: Walk: 131
2019-09-05_00:28:19.112[Battery Energy]69.15
2019-09-05_00:28:19.462[Status]Routing 156: Walk: 131
2019-09-05_00:28:19.565[Battery Energy]68.93
2019-09-05_00:28:19.737[Status]Routing 157: Walk: 131
2019-09-05_00:28:19.837[Battery Energy]68.80
2019-09-05_00:28:20.019[Status]Routing 158: Walk: 131
2019-09-05_00:28:20.124[Battery Energy]68.67
