2019-09-05_00:27:08.413[Status]Start.
2019-09-05_00:27:08.414[Battery Energy]112.00
2019-09-05_00:27:09.515[Battery Energy]111.96
2019-09-05_00:27:10.616[Battery Energy]111.92
2019-09-05_00:27:11.716[Battery Energy]111.88
2019-09-05_00:27:12.818[Battery Energy]111.84
2019-09-05_00:27:13.918[Task]A New Task Released.
2019-09-05_00:27:13.918[Battery Energy]111.80
2019-09-05_00:27:13.918[Status]Selection Start.
2019-09-05_00:27:17.590[Status]Selection End: Do Task 0.
2019-09-05_00:27:17.695[Battery Energy]108.92
2019-09-05_00:27:17.695[Status]Formation Start.
2019-09-05_00:27:17.974[Status]Formation End: To Position 5.
2019-09-05_00:27:18.075[Battery Energy]108.78
2019-09-05_00:27:18.075[Status]Routing Start.
2019-09-05_00:27:18.245[Status]{'coordinate': [142.1062547611802, 703.4946761570873], 'id': 3}
2019-09-05_00:27:18.246[Status]Routing 1: Walk: 1
2019-09-05_00:27:18.346[Battery Energy]108.55
2019-09-05_00:27:18.346[Status]Routing Start.
2019-09-05_00:27:18.558[Status]{'coordinate': [145.2125095223604, 693.9893523141745], 'id': 3}
2019-09-05_00:27:18.558[Status]Routing 2: Walk: 2
2019-09-05_00:27:18.668[Battery Energy]108.29
2019-09-05_00:27:18.668[Status]Routing Start.
2019-09-05_00:27:18.858[Status]{'coordinate': [148.3187642835406, 684.4840284712618], 'id': 3}
2019-09-05_00:27:18.858[Status]Routing 3: Walk: 3
2019-09-05_00:27:18.964[Battery Energy]108.03
2019-09-05_00:27:18.964[Status]Routing Start.
2019-09-05_00:27:19.171[Status]{'coordinate': [151.42501904472078, 674.9787046283491], 'id': 3}
2019-09-05_00:27:19.173[Status]Routing 4: Walk: 4
2019-09-05_00:27:19.273[Battery Energy]107.80
2019-09-05_00:27:19.273[Status]Routing Start.
2019-09-05_00:27:19.506[Status]{'coordinate': [154.53127380590098, 665.4733807854363], 'id': 3}
2019-09-05_00:27:19.506[Status]Routing 5: Walk: 5
2019-09-05_00:27:19.624[Battery Energy]107.57
2019-09-05_00:27:19.624[Status]Routing Start.
2019-09-05_00:27:19.904[Status]{'coordinate': [157.63752856708118, 655.9680569425236], 'id': 3}
2019-09-05_00:27:19.908[Status]Routing 6: Walk: 6
2019-09-05_00:27:20.016[Battery Energy]107.33
2019-09-05_00:27:20.016[Status]Routing Start.
2019-09-05_00:27:20.313[Status]{'coordinate': [160.74378332826137, 646.4627330996109], 'id': 3}
2019-09-05_00:27:20.313[Status]Routing 7: Walk: 7
2019-09-05_00:27:20.413[Battery Energy]107.04
2019-09-05_00:27:20.413[Status]Routing Start.
2019-09-05_00:27:20.748[Status]{'coordinate': [163.85003808944157, 636.9574092566982], 'id': 3}
2019-09-05_00:27:20.749[Status]Routing 8: Walk: 8
2019-09-05_00:27:20.855[Battery Energy]106.73
2019-09-05_00:27:20.855[Status]Routing Start.
2019-09-05_00:27:21.240[Status]{'coordinate': [166.95629285062176, 627.4520854137854], 'id': 3}
2019-09-05_00:27:21.241[Status]Routing 9: Walk: 9
2019-09-05_00:27:21.352[Battery Energy]106.40
2019-09-05_00:27:21.352[Status]Routing Start.
2019-09-05_00:27:21.683[Status]{'coordinate': [170.06254761180196, 617.9467615708727], 'id': 3}
2019-09-05_00:27:21.683[Status]Routing 10: Walk: 10
2019-09-05_00:27:21.783[Battery Energy]106.08
2019-09-05_00:27:21.783[Status]Routing Start.
2019-09-05_00:27:22.260[Status]{'coordinate': [173.16880237298216, 608.44143772796], 'id': 3}
2019-09-05_00:27:22.260[Status]Routing 11: Walk: 11
2019-09-05_00:27:22.376[Battery Energy]105.67
2019-09-05_00:27:22.376[Status]Routing Start.
2019-09-05_00:27:22.756[Status]{'coordinate': [176.27505713416235, 598.9361138850472], 'id': 3}
2019-09-05_00:27:22.756[Status]Routing 12: Walk: 12
2019-09-05_00:27:22.856[Battery Energy]105.35
2019-09-05_00:27:22.857[Status]Routing Start.
2019-09-05_00:27:23.500[Status]Routing 13: Walk: 12
2019-09-05_00:27:23.602[Battery Energy]104.86
2019-09-05_00:27:23.602[Status]Routing Start.
2019-09-05_00:27:23.908[Status]Routing 14: Walk: 12
2019-09-05_00:27:24.008[Battery Energy]104.56
2019-09-05_00:27:24.008[Status]Routing Start.
2019-09-05_00:27:24.269[Status]{'coordinate': [179.38131189534255, 589.4307900421345], 'id': 3}
2019-09-05_00:27:24.270[Status]Routing 15: Walk: 13
2019-09-05_00:27:24.389[Battery Energy]104.29
2019-09-05_00:27:24.389[Status]Routing Start.
2019-09-05_00:27:24.842[Status]Routing 16: Walk: 13
2019-09-05_00:27:24.947[Battery Energy]103.93
2019-09-05_00:27:24.947[Status]Routing Start.
2019-09-05_00:27:25.321[Status]Routing 17: Walk: 13
2019-09-05_00:27:25.424[Battery Energy]103.60
2019-09-05_00:27:25.424[Status]Routing Start.
2019-09-05_00:27:25.785[Status]Routing 18: Walk: 13
2019-09-05_00:27:25.885[Battery Energy]103.26
2019-09-05_00:27:25.885[Status]Routing Start.
2019-09-05_00:27:26.225[Status]Routing 19: Walk: 13
2019-09-05_00:27:26.325[Battery Energy]102.96
2019-09-05_00:27:26.325[Status]Routing Start.
2019-09-05_00:27:26.625[Status]Routing 20: Walk: 13
2019-09-05_00:27:26.725[Battery Energy]102.64
2019-09-05_00:27:26.725[Status]Routing Start.
2019-09-05_00:27:26.999[Status]Routing 21: Walk: 13
2019-09-05_00:27:27.100[Battery Energy]102.35
2019-09-05_00:27:27.100[Status]Routing Start.
2019-09-05_00:27:27.513[Status]Routing 22: Walk: 13
2019-09-05_00:27:27.613[Battery Energy]101.95
2019-09-05_00:27:27.613[Status]Routing Start.
2019-09-05_00:27:27.851[Status]{'coordinate': [182.48756665652274, 579.9254661992218], 'id': 3}
2019-09-05_00:27:27.851[Status]Routing 23: Walk: 14
2019-09-05_00:27:27.951[Battery Energy]101.66
2019-09-05_00:27:27.952[Status]Routing Start.
2019-09-05_00:27:28.372[Status]{'coordinate': [185.59382141770294, 570.420142356309], 'id': 3}
2019-09-05_00:27:28.373[Status]Routing 24: Walk: 15
2019-09-05_00:27:28.473[Battery Energy]101.31
2019-09-05_00:27:28.473[Status]Routing Start.
2019-09-05_00:27:28.804[Status]{'coordinate': [188.70007617888314, 560.9148185133963], 'id': 3}
2019-09-05_00:27:28.804[Status]Routing 25: Walk: 16
2019-09-05_00:27:28.904[Battery Energy]100.97
2019-09-05_00:27:28.904[Status]Routing Start.
2019-09-05_00:27:29.254[Status]{'coordinate': [191.80633094006333, 551.4094946704836], 'id': 3}
2019-09-05_00:27:29.254[Status]Routing 26: Walk: 17
2019-09-05_00:27:29.360[Battery Energy]100.63
2019-09-05_00:27:29.360[Status]Routing Start.
2019-09-05_00:27:29.682[Status]{'coordinate': [194.91258570124353, 541.9041708275709], 'id': 3}
2019-09-05_00:27:29.682[Status]Routing 27: Walk: 18
2019-09-05_00:27:29.782[Battery Energy]100.30
2019-09-05_00:27:29.782[Status]Routing Start.
2019-09-05_00:27:30.311[Status]Routing 28: Walk: 18
2019-09-05_00:27:30.416[Battery Energy]99.94
2019-09-05_00:27:30.416[Status]Routing Start.
2019-09-05_00:27:30.774[Status]Routing 29: Walk: 18
2019-09-05_00:27:30.874[Battery Energy]99.65
2019-09-05_00:27:30.874[Status]Routing Start.
2019-09-05_00:27:31.267[Status]Routing 30: Walk: 18
2019-09-05_00:27:31.367[Battery Energy]99.34
2019-09-05_00:27:31.367[Status]Routing Start.
2019-09-05_00:27:31.689[Status]Routing 31: Walk: 18
2019-09-05_00:27:31.789[Battery Energy]99.03
2019-09-05_00:27:31.789[Status]Routing Start.
2019-09-05_00:27:32.017[Status]{'coordinate': [198.01884046242373, 532.3988469846581], 'id': 3}
2019-09-05_00:27:32.017[Status]Routing 32: Walk: 19
2019-09-05_00:27:32.118[Battery Energy]98.79
2019-09-05_00:27:32.118[Status]Routing Start.
2019-09-05_00:27:32.437[Status]{'coordinate': [201.12509522360392, 522.8935231417454], 'id': 3}
2019-09-05_00:27:32.437[Status]Routing 33: Walk: 20
2019-09-05_00:27:32.540[Battery Energy]98.51
2019-09-05_00:27:32.540[Status]Routing Start.
2019-09-05_00:27:32.739[Status]{'coordinate': [204.23134998478412, 513.3881992988327], 'id': 3}
2019-09-05_00:27:32.739[Status]Routing 34: Walk: 21
2019-09-05_00:27:32.839[Battery Energy]98.28
2019-09-05_00:27:32.839[Status]Routing Start.
2019-09-05_00:27:33.168[Status]{'coordinate': [207.3376047459643, 503.88287545591993], 'id': 3}
2019-09-05_00:27:33.168[Status]Routing 35: Walk: 22
2019-09-05_00:27:33.292[Battery Energy]97.95
2019-09-05_00:27:33.292[Status]Routing Start.
2019-09-05_00:27:33.597[Status]{'coordinate': [210.4438595071445, 494.3775516130072], 'id': 3}
2019-09-05_00:27:33.597[Status]Routing 36: Walk: 23
2019-09-05_00:27:33.700[Battery Energy]97.69
2019-09-05_00:27:33.700[Status]Routing Start.
2019-09-05_00:27:34.086[Status]{'coordinate': [213.5501142683247, 484.87222777009447], 'id': 3}
2019-09-05_00:27:34.086[Status]Routing 37: Walk: 24
2019-09-05_00:27:34.186[Battery Energy]97.37
2019-09-05_00:27:34.186[Status]Routing Start.
2019-09-05_00:27:34.516[Status]{'coordinate': [216.6563690295049, 475.36690392718174], 'id': 3}
2019-09-05_00:27:34.516[Status]Routing 38: Walk: 25
2019-09-05_00:27:34.628[Battery Energy]97.04
2019-09-05_00:27:34.628[Status]Routing Start.
2019-09-05_00:27:34.974[Status]{'coordinate': [219.7626237906851, 465.861580084269], 'id': 3}
2019-09-05_00:27:34.974[Status]Routing 39: Walk: 26
2019-09-05_00:27:35.084[Battery Energy]96.68
2019-09-05_00:27:35.084[Status]Routing Start.
2019-09-05_00:27:35.432[Status]{'coordinate': [222.8688785518653, 456.3562562413563], 'id': 3}
2019-09-05_00:27:35.432[Status]Routing 40: Walk: 27
2019-09-05_00:27:35.540[Battery Energy]96.35
2019-09-05_00:27:35.540[Status]Routing Start.
2019-09-05_00:27:35.883[Status]{'coordinate': [225.97513331304546, 446.85093239844355], 'id': 3}
2019-09-05_00:27:35.883[Status]Routing 41: Walk: 28
2019-09-05_00:27:35.983[Battery Energy]95.98
2019-09-05_00:27:35.983[Status]Routing Start.
2019-09-05_00:27:36.309[Status]{'coordinate': [229.08138807422563, 437.3456085555308], 'id': 3}
2019-09-05_00:27:36.310[Status]Routing 42: Walk: 29
2019-09-05_00:27:36.410[Battery Energy]95.67
2019-09-05_00:27:36.410[Status]Routing Start.
2019-09-05_00:27:36.807[Status]{'coordinate': [232.18764283540582, 427.8402847126181], 'id': 3}
2019-09-05_00:27:36.807[Status]Routing 43: Walk: 30
2019-09-05_00:27:36.912[Battery Energy]95.35
2019-09-05_00:27:36.912[Status]Routing Start.
2019-09-05_00:27:37.248[Status]{'coordinate': [235.293897596586, 418.33496086970536], 'id': 3}
2019-09-05_00:27:37.249[Status]Routing 44: Walk: 31
2019-09-05_00:27:37.349[Battery Energy]95.07
2019-09-05_00:27:37.349[Status]Routing Start.
2019-09-05_00:27:37.543[Status]{'coordinate': [238.40015235776616, 408.8296370267926], 'id': 3}
2019-09-05_00:27:37.544[Status]Routing 45: Walk: 32
2019-09-05_00:27:37.644[Battery Energy]94.82
2019-09-05_00:27:37.644[Status]Routing Start.
2019-09-05_00:27:38.015[Status]{'coordinate': [241.50640711894636, 399.3243131838799], 'id': 3}
2019-09-05_00:27:38.015[Status]Routing 46: Walk: 33
2019-09-05_00:27:38.132[Battery Energy]94.46
2019-09-05_00:27:38.132[Status]Routing Start.
2019-09-05_00:27:38.554[Status]{'coordinate': [244.61266188012652, 389.81898934096716], 'id': 3}
2019-09-05_00:27:38.554[Status]Routing 47: Walk: 34
2019-09-05_00:27:38.656[Battery Energy]94.08
2019-09-05_00:27:38.656[Status]Routing Start.
2019-09-05_00:27:38.993[Status]{'coordinate': [247.7189166413067, 380.31366549805443], 'id': 3}
2019-09-05_00:27:38.993[Status]Routing 48: Walk: 35
2019-09-05_00:27:39.095[Battery Energy]93.78
2019-09-05_00:27:39.095[Status]Routing Start.
2019-09-05_00:27:39.410[Status]{'coordinate': [250.8251714024869, 370.8083416551417], 'id': 3}
2019-09-05_00:27:39.410[Status]Routing 49: Walk: 36
2019-09-05_00:27:39.512[Battery Energy]93.49
2019-09-05_00:27:39.512[Status]Routing Start.
2019-09-05_00:27:39.922[Status]{'coordinate': [253.93142616366706, 361.303017812229], 'id': 3}
2019-09-05_00:27:39.922[Status]Routing 50: Walk: 37
2019-09-05_00:27:40.024[Battery Energy]93.07
2019-09-05_00:27:40.024[Status]Routing Start.
2019-09-05_00:27:40.375[Status]{'coordinate': [257.0376809248472, 351.79769396931624], 'id': 3}
2019-09-05_00:27:40.375[Status]Routing 51: Walk: 38
2019-09-05_00:27:40.475[Battery Energy]92.79
2019-09-05_00:27:40.475[Status]Routing Start.
2019-09-05_00:27:40.881[Status]{'coordinate': [260.1439356860274, 342.2923701264035], 'id': 3}
2019-09-05_00:27:40.881[Status]Routing 52: Walk: 39
2019-09-05_00:27:40.982[Battery Energy]92.42
2019-09-05_00:27:40.982[Status]Routing Start.
2019-09-05_00:27:41.292[Status]{'coordinate': [263.2501904472076, 332.7870462834908], 'id': 3}
2019-09-05_00:27:41.293[Status]Routing 53: Walk: 40
2019-09-05_00:27:41.404[Battery Energy]92.10
2019-09-05_00:27:41.404[Status]Routing Start.
2019-09-05_00:27:41.753[Status]{'coordinate': [266.3564452083878, 323.28172244057805], 'id': 3}
2019-09-05_00:27:41.753[Status]Routing 54: Walk: 41
2019-09-05_00:27:41.856[Battery Energy]91.80
2019-09-05_00:27:41.856[Status]Routing Start.
2019-09-05_00:27:42.201[Status]{'coordinate': [269.462699969568, 313.7763985976653], 'id': 3}
2019-09-05_00:27:42.201[Status]Routing 55: Walk: 42
2019-09-05_00:27:42.304[Battery Energy]91.50
2019-09-05_00:27:42.304[Status]Routing Start.
2019-09-05_00:27:42.715[Status]{'coordinate': [272.56895473074815, 304.2710747547526], 'id': 3}
2019-09-05_00:27:42.715[Status]Routing 56: Walk: 43
2019-09-05_00:27:42.820[Battery Energy]91.13
2019-09-05_00:27:42.820[Status]Routing Start.
2019-09-05_00:27:43.221[Status]{'coordinate': [275.67520949192834, 294.76575091183986], 'id': 3}
2019-09-05_00:27:43.221[Status]Routing 57: Walk: 44
2019-09-05_00:27:43.324[Battery Energy]90.77
2019-09-05_00:27:43.324[Status]Routing Start.
2019-09-05_00:27:43.686[Status]{'coordinate': [278.7814642531085, 285.26042706892713], 'id': 3}
2019-09-05_00:27:43.686[Status]Routing 58: Walk: 45
2019-09-05_00:27:43.788[Battery Energy]90.43
2019-09-05_00:27:43.788[Status]Routing Start.
2019-09-05_00:27:43.789[Status]Task Finished.
2019-09-05_00:27:43.889[Battery Energy]90.43
2019-09-05_00:27:44.168[Status]Routing 60: Walk: 45
2019-09-05_00:27:44.272[Battery Energy]90.25
2019-09-05_00:27:44.689[Status]Routing 61: Walk: 45
2019-09-05_00:27:44.789[Battery Energy]90.00
2019-09-05_00:27:45.146[Status]Routing 62: Walk: 45
2019-09-05_00:27:45.252[Battery Energy]89.77
2019-09-05_00:27:45.587[Status]Routing 63: Walk: 45
2019-09-05_00:27:45.688[Battery Energy]89.52
2019-09-05_00:27:46.010[Status]Routing 64: Walk: 45
2019-09-05_00:27:46.114[Battery Energy]89.32
2019-09-05_00:27:46.321[Status]Routing 65: Walk: 45
2019-09-05_00:27:46.421[Battery Energy]89.20
2019-09-05_00:27:46.743[Status]Routing 66: Walk: 45
2019-09-05_00:27:46.848[Battery Energy]88.95
2019-09-05_00:27:47.090[Status]Routing 67: Walk: 45
2019-09-05_00:27:47.196[Battery Energy]88.79
2019-09-05_00:27:47.511[Status]Routing 68: Walk: 45
2019-09-05_00:27:47.611[Battery Energy]88.57
2019-09-05_00:27:47.831[Status]Routing 69: Walk: 45
2019-09-05_00:27:47.931[Battery Energy]88.45
2019-09-05_00:27:48.187[Status]Routing 70: Walk: 45
2019-09-05_00:27:48.292[Battery Energy]88.32
2019-09-05_00:27:48.521[Status]Routing 71: Walk: 45
2019-09-05_00:27:48.621[Battery Energy]88.16
2019-09-05_00:27:48.814[Status]Routing 72: Walk: 45
2019-09-05_00:27:48.914[Battery Energy]88.04
2019-09-05_00:27:49.207[Status]Routing 73: Walk: 45
2019-09-05_00:27:49.312[Battery Energy]87.88
2019-09-05_00:27:49.499[Status]Routing 74: Walk: 45
2019-09-05_00:27:49.620[Battery Energy]87.77
2019-09-05_00:27:49.869[Status]Routing 75: Walk: 45
2019-09-05_00:27:49.976[Battery Energy]87.64
2019-09-05_00:27:50.161[Status]Routing 76: Walk: 45
2019-09-05_00:27:50.272[Battery Energy]87.52
2019-09-05_00:27:50.491[Status]Routing 77: Walk: 45
2019-09-05_00:27:50.600[Battery Energy]87.41
2019-09-05_00:27:50.858[Status]Routing 78: Walk: 45
2019-09-05_00:27:50.964[Battery Energy]87.24
2019-09-05_00:27:51.209[Status]Routing 79: Walk: 45
2019-09-05_00:27:51.312[Battery Energy]87.11
2019-09-05_00:27:51.682[Status]Routing 80: Walk: 45
2019-09-05_00:27:51.800[Battery Energy]86.95
2019-09-05_00:27:52.060[Status]Routing 81: Walk: 45
2019-09-05_00:27:52.180[Battery Energy]86.79
2019-09-05_00:27:52.438[Status]Routing 82: Walk: 45
2019-09-05_00:27:52.544[Battery Energy]86.64
2019-09-05_00:27:52.929[Status]Routing 83: Walk: 45
2019-09-05_00:27:53.035[Battery Energy]86.42
2019-09-05_00:27:53.400[Status]Routing 84: Walk: 45
2019-09-05_00:27:53.508[Battery Energy]86.23
2019-09-05_00:27:53.707[Status]Routing 85: Walk: 45
2019-09-05_00:27:53.807[Battery Energy]86.13
2019-09-05_00:27:54.012[Status]Routing 86: Walk: 45
2019-09-05_00:27:54.112[Battery Energy]86.02
2019-09-05_00:27:54.309[Status]Routing 87: Walk: 45
2019-09-05_00:27:54.409[Battery Energy]85.92
2019-09-05_00:27:54.719[Status]Routing 88: Walk: 45
2019-09-05_00:27:54.828[Battery Energy]85.77
2019-09-05_00:27:54.974[Status]Routing 89: Walk: 45
2019-09-05_00:27:55.087[Battery Energy]85.65
2019-09-05_00:27:55.254[Status]Routing 90: Walk: 45
2019-09-05_00:27:55.356[Battery Energy]85.58
2019-09-05_00:27:55.624[Status]Routing 91: Walk: 45
2019-09-05_00:27:55.727[Battery Energy]85.40
2019-09-05_00:27:55.943[Status]Routing 92: Walk: 45
2019-09-05_00:27:56.047[Battery Energy]85.28
2019-09-05_00:27:56.256[Status]Routing 93: Walk: 45
2019-09-05_00:27:56.360[Battery Energy]85.15
2019-09-05_00:27:56.773[Status]Routing 94: Walk: 45
2019-09-05_00:27:56.877[Battery Energy]84.88
2019-09-05_00:27:57.204[Status]Routing 95: Walk: 45
2019-09-05_00:27:57.308[Battery Energy]84.65
2019-09-05_00:27:57.706[Status]Routing 96: Walk: 45
2019-09-05_00:27:57.808[Battery Energy]84.39
2019-09-05_00:27:58.148[Status]Routing 97: Walk: 45
2019-09-05_00:27:58.256[Battery Energy]84.19
2019-09-05_00:27:58.525[Status]Routing 98: Walk: 45
2019-09-05_00:27:58.625[Battery Energy]83.98
2019-09-05_00:27:58.809[Status]Routing 99: Walk: 45
2019-09-05_00:27:58.909[Battery Energy]83.85
2019-09-05_00:27:59.135[Status]Routing 100: Walk: 45
2019-09-05_00:27:59.240[Battery Energy]83.67
2019-09-05_00:27:59.415[Status]Routing 101: Walk: 45
2019-09-05_00:27:59.524[Battery Energy]83.58
2019-09-05_00:27:59.725[Status]Routing 102: Walk: 45
2019-09-05_00:27:59.840[Battery Energy]83.45
2019-09-05_00:28:00.056[Status]Routing 103: Walk: 45
2019-09-05_00:28:00.168[Battery Energy]83.32
2019-09-05_00:28:00.436[Status]Routing 104: Walk: 45
2019-09-05_00:28:00.536[Battery Energy]83.15
2019-09-05_00:28:00.690[Status]Routing 105: Walk: 45
2019-09-05_00:28:00.795[Battery Energy]83.03
2019-09-05_00:28:01.192[Status]Routing 106: Walk: 45
2019-09-05_00:28:01.312[Battery Energy]82.78
2019-09-05_00:28:01.496[Status]Routing 107: Walk: 45
2019-09-05_00:28:01.600[Battery Energy]82.65
2019-09-05_00:28:01.954[Status]Routing 108: Walk: 45
2019-09-05_00:28:02.060[Battery Energy]82.39
2019-09-05_00:28:02.217[Status]Routing 109: Walk: 45
2019-09-05_00:28:02.320[Battery Energy]82.28
2019-09-05_00:28:02.668[Status]Routing 110: Walk: 45
2019-09-05_00:28:02.768[Battery Energy]82.08
2019-09-05_00:28:03.152[Status]Routing 111: Walk: 45
2019-09-05_00:28:03.252[Battery Energy]81.89
2019-09-05_00:28:03.582[Status]Routing 112: Walk: 45
2019-09-05_00:28:03.696[Battery Energy]81.68
2019-09-05_00:28:03.848[Status]Routing 113: Walk: 45
2019-09-05_00:28:03.948[Battery Energy]81.58
2019-09-05_00:28:04.179[Status]Routing 114: Walk: 45
2019-09-05_00:28:04.285[Battery Energy]81.45
2019-09-05_00:28:04.646[Status]Routing 115: Walk: 45
2019-09-05_00:28:04.746[Battery Energy]81.20
2019-09-05_00:28:04.921[Status]Routing 116: Walk: 45
2019-09-05_00:28:05.028[Battery Energy]81.07
2019-09-05_00:28:05.200[Status]Routing 117: Walk: 45
2019-09-05_00:28:05.300[Battery Energy]80.94
2019-09-05_00:28:05.515[Status]Routing 118: Walk: 45
2019-09-05_00:28:05.620[Battery Energy]80.82
2019-09-05_00:28:05.981[Status]Routing 119: Walk: 45
2019-09-05_00:28:06.086[Battery Energy]80.60
2019-09-05_00:28:06.421[Status]Routing 120: Walk: 45
2019-09-05_00:28:06.523[Battery Energy]80.38
2019-09-05_00:28:06.845[Status]Routing 121: Walk: 45
2019-09-05_00:28:06.946[Battery Energy]80.19
2019-09-05_00:28:07.365[Status]Routing 122: Walk: 45
2019-09-05_00:28:07.465[Battery Energy]79.90
2019-09-05_00:28:07.791[Status]Routing 123: Walk: 45
2019-09-05_00:28:07.892[Battery Energy]79.68
2019-09-05_00:28:08.162[Status]Routing 124: Walk: 45
2019-09-05_00:28:08.280[Battery Energy]79.54
2019-09-05_00:28:08.573[Status]Routing 125: Walk: 45
2019-09-05_00:28:08.675[Battery Energy]79.32
2019-09-05_00:28:09.067[Status]Routing 126: Walk: 45
2019-09-05_00:28:09.176[Battery Energy]79.07
2019-09-05_00:28:09.358[Status]Routing 127: Walk: 45
2019-09-05_00:28:09.464[Battery Energy]78.91
2019-09-05_00:28:09.800[Status]Routing 128: Walk: 45
2019-09-05_00:28:09.924[Battery Energy]78.72
2019-09-05_00:28:10.099[Status]Routing 129: Walk: 45
2019-09-05_00:28:10.212[Battery Energy]78.59
2019-09-05_00:28:10.422[Status]Routing 130: Walk: 45
2019-09-05_00:28:10.524[Battery Energy]78.48
2019-09-05_00:28:10.805[Status]Routing 131: Walk: 45
2019-09-05_00:28:10.932[Battery Energy]78.33
2019-09-05_00:28:11.096[Status]Routing 132: Walk: 45
2019-09-05_00:28:11.196[Battery Energy]78.20
2019-09-05_00:28:11.425[Status]Routing 133: Walk: 45
2019-09-05_00:28:11.527[Battery Energy]78.02
2019-09-05_00:28:11.810[Status]Routing 134: Walk: 45
2019-09-05_00:28:11.924[Battery Energy]77.81
2019-09-05_00:28:12.179[Status]Routing 135: Walk: 45
2019-09-05_00:28:12.281[Battery Energy]77.64
2019-09-05_00:28:12.467[Status]Routing 136: Walk: 45
2019-09-05_00:28:12.576[Battery Energy]77.50
2019-09-05_00:28:12.826[Status]Routing 137: Walk: 45
2019-09-05_00:28:12.926[Battery Energy]77.34
2019-09-05_00:28:13.090[Status]Routing 138: Walk: 45
2019-09-05_00:28:13.192[Battery Energy]77.23
2019-09-05_00:28:13.463[Status]Routing 139: Walk: 45
2019-09-05_00:28:13.564[Battery Energy]77.07
2019-09-05_00:28:13.796[Status]Routing 140: Walk: 45
2019-09-05_00:28:13.908[Battery Energy]76.94
2019-09-05_00:28:14.139[Status]Routing 141: Walk: 45
2019-09-05_00:28:14.240[Battery Energy]76.83
2019-09-05_00:28:14.483[Status]Routing 142: Walk: 45
2019-09-05_00:28:14.583[Battery Energy]76.65
2019-09-05_00:28:14.767[Status]Routing 143: Walk: 45
2019-09-05_00:28:14.904[Battery Energy]76.50
2019-09-05_00:28:15.120[Status]Routing 144: Walk: 45
2019-09-05_00:28:15.220[Battery Energy]76.36
2019-09-05_00:28:15.440[Status]Routing 145: Walk: 45
2019-09-05_00:28:15.552[Battery Energy]76.22
2019-09-05_00:28:15.707[Status]Routing 146: Walk: 45
2019-09-05_00:28:15.818[Battery Energy]76.10
2019-09-05_00:28:15.987[Status]Routing 147: Walk: 45
2019-09-05_00:28:16.108[Battery Energy]75.99
2019-09-05_00:28:16.330[Status]Routing 148: Walk: 45
2019-09-05_00:28:16.432[Battery Energy]75.86
2019-09-05_00:28:16.798[Status]Routing 149: Walk: 45
2019-09-05_00:28:16.908[Battery Energy]75.63
2019-09-05_00:28:17.103[Status]Routing 150: Walk: 45
2019-09-05_00:28:17.203[Battery Energy]75.52
2019-09-05_00:28:17.392[Status]Routing 151: Walk: 45
2019-09-05_00:28:17.496[Battery Energy]75.41
2019-09-05_00:28:17.697[Status]Routing 152: Walk: 45
2019-09-05_00:28:17.797[Battery Energy]75.26
2019-09-05_00:28:18.161[Status]Routing 153: Walk: 45
2019-09-05_00:28:18.261[Battery Energy]75.00
2019-09-05_00:28:18.631[Status]Routing 154: Walk: 45
2019-09-05_00:28:18.732[Battery Energy]74.88
2019-09-05_00:28:19.017[Status]Routing 155: Walk: 45
2019-09-05_00:28:19.124[Battery Energy]74.70
2019-09-05_00:28:19.459[Status]Routing 156: Walk: 45
2019-09-05_00:28:19.562[Battery Energy]74.54
2019-09-05_00:28:19.735[Status]Routing 157: Walk: 45
2019-09-05_00:28:19.848[Battery Energy]74.41
2019-09-05_00:28:20.018[Status]Routing 158: Walk: 45
2019-09-05_00:28:20.119[Battery Energy]74.31
