2019-09-05_00:43:39.551[Status]Start.
2019-09-05_00:43:39.551[Battery Energy]118.00
2019-09-05_00:43:40.652[Battery Energy]117.96
2019-09-05_00:43:41.754[Battery Energy]117.92
2019-09-05_00:43:42.855[Battery Energy]117.88
2019-09-05_00:43:43.955[Battery Energy]117.84
2019-09-05_00:43:45.056[Task]A New Task Released.
2019-09-05_00:43:45.057[Battery Energy]117.80
2019-09-05_00:43:45.057[Status]Selection Start.
2019-09-05_00:43:47.005[Status]Selection End: Do Task 1.
2019-09-05_00:43:47.112[Battery Energy]116.45
2019-09-05_00:43:47.112[Status]Formation Start.
2019-09-05_00:43:47.283[Status]Formation End: To Position 2.
2019-09-05_00:43:47.396[Battery Energy]116.30
2019-09-05_00:43:47.396[Status]Routing Start.
2019-09-05_00:43:47.544[Status]{'id': 10, 'coordinate': [127.31895135652513, 388.62727798972156]}
2019-09-05_00:43:47.544[Status]Routing 1: Walk: 1
2019-09-05_00:43:47.648[Battery Energy]116.08
2019-09-05_00:43:47.648[Status]Routing Start.
2019-09-05_00:43:47.824[Status]{'id': 10, 'coordinate': [136.63790271305027, 392.2545559794431]}
2019-09-05_00:43:47.824[Status]Routing 2: Walk: 2
2019-09-05_00:43:47.924[Battery Energy]115.87
2019-09-05_00:43:47.924[Status]Routing Start.
2019-09-05_00:43:48.112[Status]{'id': 10, 'coordinate': [145.9568540695754, 395.8818339691647]}
2019-09-05_00:43:48.112[Status]Routing 3: Walk: 3
2019-09-05_00:43:48.219[Battery Energy]115.66
2019-09-05_00:43:48.219[Status]Routing Start.
2019-09-05_00:43:48.454[Status]{'id': 10, 'coordinate': [155.27580542610053, 399.50911195888625]}
2019-09-05_00:43:48.454[Status]Routing 4: Walk: 4
2019-09-05_00:43:48.564[Battery Energy]115.45
2019-09-05_00:43:48.564[Status]Routing Start.
2019-09-05_00:43:48.773[Status]{'id': 10, 'coordinate': [164.59475678262567, 403.1363899486078]}
2019-09-05_00:43:48.773[Status]Routing 5: Walk: 5
2019-09-05_00:43:48.892[Battery Energy]115.20
2019-09-05_00:43:48.892[Status]Routing Start.
2019-09-05_00:43:49.180[Status]{'id': 10, 'coordinate': [173.9137081391508, 406.7636679383294]}
2019-09-05_00:43:49.180[Status]Routing 6: Walk: 6
2019-09-05_00:43:49.280[Battery Energy]114.92
2019-09-05_00:43:49.280[Status]Routing Start.
2019-09-05_00:43:49.619[Status]{'id': 10, 'coordinate': [183.23265949567593, 410.39094592805094]}
2019-09-05_00:43:49.620[Status]Routing 7: Walk: 7
2019-09-05_00:43:49.720[Battery Energy]114.60
2019-09-05_00:43:49.720[Status]Routing Start.
2019-09-05_00:43:50.044[Status]{'id': 10, 'coordinate': [192.55161085220107, 414.0182239177725]}
2019-09-05_00:43:50.046[Status]Routing 8: Walk: 8
2019-09-05_00:43:50.147[Battery Energy]114.29
2019-09-05_00:43:50.147[Status]Routing Start.
2019-09-05_00:43:50.496[Status]{'id': 10, 'coordinate': [201.8705622087262, 417.64550190749407]}
2019-09-05_00:43:50.496[Status]Routing 9: Walk: 9
2019-09-05_00:43:50.596[Battery Energy]113.95
2019-09-05_00:43:50.596[Status]Routing Start.
2019-09-05_00:43:50.930[Status]{'id': 10, 'coordinate': [211.18951356525133, 421.2727798972156]}
2019-09-05_00:43:50.930[Status]Routing 10: Walk: 10
2019-09-05_00:43:51.030[Battery Energy]113.60
2019-09-05_00:43:51.030[Status]Routing Start.
2019-09-05_00:43:51.503[Status]{'id': 10, 'coordinate': [220.50846492177646, 424.9000578869372]}
2019-09-05_00:43:51.503[Status]Routing 11: Walk: 11
2019-09-05_00:43:51.616[Battery Energy]113.22
2019-09-05_00:43:51.616[Status]Routing Start.
2019-09-05_00:43:51.990[Status]{'id': 10, 'coordinate': [229.8274162783016, 428.52733587665875]}
2019-09-05_00:43:51.994[Status]Routing 12: Walk: 12
2019-09-05_00:43:52.094[Battery Energy]112.89
2019-09-05_00:43:52.094[Status]Routing Start.
2019-09-05_00:43:52.512[Status]{'id': 10, 'coordinate': [239.14636763482673, 432.1546138663803]}
2019-09-05_00:43:52.512[Status]Routing 13: Walk: 13
2019-09-05_00:43:52.620[Battery Energy]112.52
2019-09-05_00:43:52.620[Status]Routing Start.
2019-09-05_00:43:53.003[Status]{'id': 10, 'coordinate': [248.46531899135186, 435.7818918561019]}
2019-09-05_00:43:53.003[Status]Routing 14: Walk: 14
2019-09-05_00:43:53.112[Battery Energy]112.17
2019-09-05_00:43:53.112[Status]Routing Start.
2019-09-05_00:43:53.561[Status]{'id': 10, 'coordinate': [257.784270347877, 439.40916984582344]}
2019-09-05_00:43:53.561[Status]Routing 15: Walk: 15
2019-09-05_00:43:53.664[Battery Energy]111.75
2019-09-05_00:43:53.664[Status]Routing Start.
2019-09-05_00:43:54.088[Status]{'id': 10, 'coordinate': [267.10322170440213, 443.036447835545]}
2019-09-05_00:43:54.088[Status]Routing 16: Walk: 16
2019-09-05_00:43:54.191[Battery Energy]111.39
2019-09-05_00:43:54.191[Status]Routing Start.
2019-09-05_00:43:54.525[Status]{'id': 10, 'coordinate': [276.42217306092726, 446.66372582526657]}
2019-09-05_00:43:54.525[Status]Routing 17: Walk: 17
2019-09-05_00:43:54.640[Battery Energy]111.05
2019-09-05_00:43:54.640[Status]Routing Start.
2019-09-05_00:43:55.093[Status]{'id': 10, 'coordinate': [278.8401021388857, 456.36700459967903]}
2019-09-05_00:43:55.093[Status]Routing 18: Walk: 18
2019-09-05_00:43:55.193[Battery Energy]110.61
2019-09-05_00:43:55.193[Status]Routing Start.
2019-09-05_00:43:55.662[Status]{'id': 10, 'coordinate': [288.18952284600005, 459.91500860776324]}
2019-09-05_00:43:55.662[Status]Routing 19: Walk: 19
2019-09-05_00:43:55.763[Battery Energy]110.19
2019-09-05_00:43:55.763[Status]Routing Start.
2019-09-05_00:43:56.173[Status]Routing 20: Walk: 19
2019-09-05_00:43:56.274[Battery Energy]109.83
2019-09-05_00:43:56.274[Status]Routing Start.
2019-09-05_00:43:56.649[Status]Routing 21: Walk: 19
2019-09-05_00:43:56.755[Battery Energy]109.53
2019-09-05_00:43:56.755[Status]Routing Start.
2019-09-05_00:43:57.109[Status]{'id': 10, 'coordinate': [297.5389435531144, 463.46301261584745]}
2019-09-05_00:43:57.109[Status]Routing 22: Walk: 20
2019-09-05_00:43:57.210[Battery Energy]109.11
2019-09-05_00:43:57.210[Status]Routing Start.
2019-09-05_00:43:57.573[Status]{'id': 10, 'coordinate': [306.88836426022874, 467.01101662393165]}
2019-09-05_00:43:57.573[Status]Routing 23: Walk: 21
2019-09-05_00:43:57.673[Battery Energy]108.69
2019-09-05_00:43:57.673[Status]Routing Start.
2019-09-05_00:43:58.085[Status]Routing 24: Walk: 21
2019-09-05_00:43:58.186[Battery Energy]108.35
2019-09-05_00:43:58.186[Status]Routing Start.
2019-09-05_00:43:58.578[Status]Routing 25: Walk: 21
2019-09-05_00:43:58.678[Battery Energy]107.99
2019-09-05_00:43:58.678[Status]Routing Start.
2019-09-05_00:43:59.065[Status]Routing 26: Walk: 21
2019-09-05_00:43:59.170[Battery Energy]107.70
2019-09-05_00:43:59.170[Status]Routing Start.
2019-09-05_00:43:59.568[Status]Routing 27: Walk: 21
2019-09-05_00:43:59.681[Battery Energy]107.32
2019-09-05_00:43:59.681[Status]Routing Start.
2019-09-05_00:44:00.026[Status]{'id': 10, 'coordinate': [316.2377849673431, 470.55902063201586]}
2019-09-05_00:44:00.032[Status]Routing 28: Walk: 22
2019-09-05_00:44:00.132[Battery Energy]106.95
2019-09-05_00:44:00.133[Status]Routing Start.
2019-09-05_00:44:00.468[Status]Routing 29: Walk: 22
2019-09-05_00:44:00.575[Battery Energy]106.61
2019-09-05_00:44:00.575[Status]Routing Start.
2019-09-05_00:44:01.077[Status]{'id': 10, 'coordinate': [325.58720567445744, 474.10702464010006]}
2019-09-05_00:44:01.077[Status]Routing 30: Walk: 23
2019-09-05_00:44:01.178[Battery Energy]106.21
2019-09-05_00:44:01.178[Status]Routing Start.
2019-09-05_00:44:01.495[Status]Routing 31: Walk: 23
2019-09-05_00:44:01.595[Battery Energy]105.91
2019-09-05_00:44:01.595[Status]Routing Start.
2019-09-05_00:44:01.988[Status]Routing 32: Walk: 23
2019-09-05_00:44:02.089[Battery Energy]105.56
2019-09-05_00:44:02.089[Status]Routing Start.
2019-09-05_00:44:02.451[Status]{'id': 10, 'coordinate': [334.9366263815718, 477.65502864818427]}
2019-09-05_00:44:02.451[Status]Routing 33: Walk: 24
2019-09-05_00:44:02.551[Battery Energy]105.19
2019-09-05_00:44:02.551[Status]Routing Start.
2019-09-05_00:44:02.763[Status]{'id': 10, 'coordinate': [344.28604708868613, 481.2030326562685]}
2019-09-05_00:44:02.763[Status]Routing 34: Walk: 25
2019-09-05_00:44:02.872[Battery Energy]104.97
2019-09-05_00:44:02.872[Status]Routing Start.
2019-09-05_00:44:03.046[Status]{'id': 10, 'coordinate': [353.6354677958005, 484.7510366643527]}
2019-09-05_00:44:03.059[Status]Routing 35: Walk: 26
2019-09-05_00:44:03.188[Battery Energy]104.76
2019-09-05_00:44:03.188[Status]Routing Start.
2019-09-05_00:44:03.517[Status]{'id': 10, 'coordinate': [362.9848885029148, 488.2990406724369]}
2019-09-05_00:44:03.517[Status]Routing 36: Walk: 27
2019-09-05_00:44:03.628[Battery Energy]104.47
2019-09-05_00:44:03.628[Status]Routing Start.
2019-09-05_00:44:03.949[Status]{'id': 10, 'coordinate': [372.3343092100292, 491.8470446805211]}
2019-09-05_00:44:03.950[Status]Routing 37: Walk: 28
2019-09-05_00:44:04.072[Battery Energy]104.15
2019-09-05_00:44:04.072[Status]Routing Start.
2019-09-05_00:44:04.458[Status]{'id': 10, 'coordinate': [381.6837299171435, 495.3950486886053]}
2019-09-05_00:44:04.461[Status]Routing 38: Walk: 29
2019-09-05_00:44:04.565[Battery Energy]103.83
2019-09-05_00:44:04.565[Status]Routing Start.
2019-09-05_00:44:04.909[Status]{'id': 10, 'coordinate': [391.03315062425787, 498.9430526966895]}
2019-09-05_00:44:04.910[Status]Routing 39: Walk: 30
2019-09-05_00:44:05.016[Battery Energy]103.54
2019-09-05_00:44:05.016[Status]Routing Start.
2019-09-05_00:44:05.357[Status]{'id': 10, 'coordinate': [400.3825713313722, 502.4910567047737]}
2019-09-05_00:44:05.357[Status]Routing 40: Walk: 31
2019-09-05_00:44:05.473[Battery Energy]103.22
2019-09-05_00:44:05.473[Status]Routing Start.
2019-09-05_00:44:05.822[Status]{'id': 10, 'coordinate': [409.73199203848657, 506.0390607128579]}
2019-09-05_00:44:05.827[Status]Routing 41: Walk: 32
2019-09-05_00:44:05.944[Battery Energy]102.96
2019-09-05_00:44:05.944[Status]Routing Start.
2019-09-05_00:44:06.289[Status]{'id': 10, 'coordinate': [419.0814127456009, 509.5870647209421]}
2019-09-05_00:44:06.292[Status]Routing 42: Walk: 33
2019-09-05_00:44:06.392[Battery Energy]102.68
2019-09-05_00:44:06.392[Status]Routing Start.
2019-09-05_00:44:06.689[Status]{'id': 10, 'coordinate': [428.43083345271526, 513.1350687290263]}
2019-09-05_00:44:06.691[Status]Routing 43: Walk: 34
2019-09-05_00:44:06.796[Battery Energy]102.39
2019-09-05_00:44:06.796[Status]Routing Start.
2019-09-05_00:44:07.197[Status]{'id': 10, 'coordinate': [437.7802541598296, 516.6830727371105]}
2019-09-05_00:44:07.197[Status]Routing 44: Walk: 35
2019-09-05_00:44:07.305[Battery Energy]102.03
2019-09-05_00:44:07.305[Status]Routing Start.
2019-09-05_00:44:07.690[Status]{'id': 10, 'coordinate': [447.12967486694396, 520.2310767451946]}
2019-09-05_00:44:07.692[Status]Routing 45: Walk: 36
2019-09-05_00:44:07.793[Battery Energy]101.69
2019-09-05_00:44:07.793[Status]Routing Start.
2019-09-05_00:44:08.113[Status]{'id': 10, 'coordinate': [456.4790955740583, 523.7790807532788]}
2019-09-05_00:44:08.114[Status]Routing 46: Walk: 37
2019-09-05_00:44:08.216[Battery Energy]101.41
2019-09-05_00:44:08.216[Status]Routing Start.
2019-09-05_00:44:08.542[Status]{'id': 10, 'coordinate': [465.82851628117265, 527.3270847613629]}
2019-09-05_00:44:08.542[Status]Routing 47: Walk: 38
2019-09-05_00:44:08.642[Battery Energy]101.10
2019-09-05_00:44:08.642[Status]Routing Start.
2019-09-05_00:44:09.003[Status]{'id': 10, 'coordinate': [475.177936988287, 530.8750887694471]}
2019-09-05_00:44:09.003[Status]Routing 48: Walk: 39
2019-09-05_00:44:09.116[Battery Energy]100.82
2019-09-05_00:44:09.116[Status]Routing Start.
2019-09-05_00:44:09.249[Status]{'id': 10, 'coordinate': [484.52735769540135, 534.4230927775312]}
2019-09-05_00:44:09.251[Status]Routing 49: Walk: 40
2019-09-05_00:44:09.368[Battery Energy]100.63
2019-09-05_00:44:09.368[Status]Routing Start.
2019-09-05_00:44:09.613[Status]{'id': 10, 'coordinate': [493.8767784025157, 537.9710967856154]}
2019-09-05_00:44:09.613[Status]Routing 50: Walk: 41
2019-09-05_00:44:09.716[Battery Energy]100.39
2019-09-05_00:44:09.716[Status]Routing Start.
2019-09-05_00:44:09.899[Status]{'id': 10, 'coordinate': [503.22619910963004, 541.5191007936996]}
2019-09-05_00:44:09.899[Status]Routing 51: Walk: 42
2019-09-05_00:44:10.011[Battery Energy]100.18
2019-09-05_00:44:10.011[Status]Routing Start.
2019-09-05_00:44:10.350[Status]{'id': 10, 'coordinate': [512.5756198167444, 545.0671048017838]}
2019-09-05_00:44:10.350[Status]Routing 52: Walk: 43
2019-09-05_00:44:10.456[Battery Energy]99.87
2019-09-05_00:44:10.456[Status]Routing Start.
2019-09-05_00:44:10.605[Status]{'id': 10, 'coordinate': [521.9250405238587, 548.6151088098679]}
2019-09-05_00:44:10.607[Status]Routing 53: Walk: 44
2019-09-05_00:44:10.711[Battery Energy]99.67
2019-09-05_00:44:10.711[Status]Routing Start.
2019-09-05_00:44:10.883[Status]{'id': 10, 'coordinate': [531.274461230973, 552.1631128179522]}
2019-09-05_00:44:10.883[Status]Routing 54: Walk: 45
2019-09-05_00:44:10.985[Battery Energy]99.45
2019-09-05_00:44:10.985[Status]Routing Start.
2019-09-05_00:44:11.150[Status]{'id': 10, 'coordinate': [540.6238819380873, 555.7111168260363]}
2019-09-05_00:44:11.150[Status]Routing 55: Walk: 46
2019-09-05_00:44:11.250[Battery Energy]99.24
2019-09-05_00:44:11.250[Status]Routing Start.
2019-09-05_00:44:11.425[Status]{'id': 10, 'coordinate': [549.9733026452016, 559.2591208341205]}
2019-09-05_00:44:11.425[Status]Routing 56: Walk: 47
2019-09-05_00:44:11.544[Battery Energy]99.04
2019-09-05_00:44:11.544[Status]Routing Start.
2019-09-05_00:44:11.902[Status]{'id': 10, 'coordinate': [559.3227233523158, 562.8071248422048]}
2019-09-05_00:44:11.902[Status]Routing 57: Walk: 48
2019-09-05_00:44:12.024[Battery Energy]98.78
2019-09-05_00:44:12.024[Status]Routing Start.
2019-09-05_00:44:12.197[Status]{'id': 10, 'coordinate': [568.6721440594301, 566.355128850289]}
2019-09-05_00:44:12.197[Status]Routing 58: Walk: 49
2019-09-05_00:44:12.308[Battery Energy]98.58
2019-09-05_00:44:12.308[Status]Routing Start.
2019-09-05_00:44:12.599[Status]{'id': 10, 'coordinate': [578.0215647665444, 569.9031328583732]}
2019-09-05_00:44:12.599[Status]Routing 59: Walk: 50
2019-09-05_00:44:12.699[Battery Energy]98.30
2019-09-05_00:44:12.699[Status]Routing Start.
2019-09-05_00:44:13.051[Status]{'id': 10, 'coordinate': [587.3709854736587, 573.4511368664573]}
2019-09-05_00:44:13.051[Status]Routing 60: Walk: 51
2019-09-05_00:44:13.159[Battery Energy]98.02
2019-09-05_00:44:13.159[Status]Routing Start.
2019-09-05_00:44:13.488[Status]{'id': 10, 'coordinate': [596.720406180773, 576.9991408745415]}
2019-09-05_00:44:13.488[Status]Routing 61: Walk: 52
2019-09-05_00:44:13.600[Battery Energy]97.73
2019-09-05_00:44:13.600[Status]Routing Start.
2019-09-05_00:44:13.913[Status]{'id': 10, 'coordinate': [606.0698268878873, 580.5471448826257]}
2019-09-05_00:44:13.913[Status]Routing 62: Walk: 53
2019-09-05_00:44:14.028[Battery Energy]97.40
2019-09-05_00:44:14.028[Status]Routing Start.
2019-09-05_00:44:14.441[Status]{'id': 10, 'coordinate': [615.4192475950016, 584.0951488907099]}
2019-09-05_00:44:14.441[Status]Routing 63: Walk: 54
2019-09-05_00:44:14.543[Battery Energy]97.07
2019-09-05_00:44:14.543[Status]Routing Start.
2019-09-05_00:44:14.880[Status]{'id': 10, 'coordinate': [624.7686683021159, 587.6431528987941]}
2019-09-05_00:44:14.881[Status]Routing 64: Walk: 55
2019-09-05_00:44:14.988[Battery Energy]96.77
2019-09-05_00:44:14.988[Status]Routing Start.
2019-09-05_00:44:15.251[Status]{'id': 10, 'coordinate': [634.1180890092302, 591.1911569068783]}
2019-09-05_00:44:15.251[Status]Routing 65: Walk: 56
2019-09-05_00:44:15.359[Battery Energy]96.49
2019-09-05_00:44:15.359[Status]Routing Start.
2019-09-05_00:44:15.694[Status]{'id': 10, 'coordinate': [643.4675097163445, 594.7391609149624]}
2019-09-05_00:44:15.695[Status]Routing 66: Walk: 57
2019-09-05_00:44:15.816[Battery Energy]96.14
2019-09-05_00:44:15.816[Status]Routing Start.
2019-09-05_00:44:16.039[Status]{'id': 10, 'coordinate': [652.8169304234588, 598.2871649230467]}
2019-09-05_00:44:16.039[Status]Routing 67: Walk: 58
2019-09-05_00:44:16.144[Battery Energy]95.89
2019-09-05_00:44:16.144[Status]Routing Start.
2019-09-05_00:44:16.372[Status]{'id': 10, 'coordinate': [662.166351130573, 601.8351689311309]}
2019-09-05_00:44:16.372[Status]Routing 68: Walk: 59
2019-09-05_00:44:16.487[Battery Energy]95.63
2019-09-05_00:44:16.487[Status]Routing Start.
2019-09-05_00:44:16.826[Status]{'id': 10, 'coordinate': [671.5157718376873, 605.383172939215]}
2019-09-05_00:44:16.829[Status]Routing 69: Walk: 60
2019-09-05_00:44:16.929[Battery Energy]95.35
2019-09-05_00:44:16.929[Status]Routing Start.
2019-09-05_00:44:17.096[Status]{'id': 10, 'coordinate': [680.8651925448016, 608.9311769472992]}
2019-09-05_00:44:17.096[Status]Routing 70: Walk: 61
2019-09-05_00:44:17.196[Battery Energy]95.14
2019-09-05_00:44:17.196[Status]Routing Start.
2019-09-05_00:44:17.417[Status]{'id': 10, 'coordinate': [690.2146132519159, 612.4791809553833]}
2019-09-05_00:44:17.420[Status]Routing 71: Walk: 62
2019-09-05_00:44:17.536[Battery Energy]94.88
2019-09-05_00:44:17.536[Status]Routing Start.
2019-09-05_00:44:17.679[Status]{'id': 10, 'coordinate': [699.5640339590302, 616.0271849634676]}
2019-09-05_00:44:17.679[Status]Routing 72: Walk: 63
2019-09-05_00:44:17.780[Battery Energy]94.68
2019-09-05_00:44:17.780[Status]Routing Start.
2019-09-05_00:44:18.150[Status]{'id': 10, 'coordinate': [708.9134546661445, 619.5751889715517]}
2019-09-05_00:44:18.150[Status]Routing 73: Walk: 64
2019-09-05_00:44:18.253[Battery Energy]94.32
2019-09-05_00:44:18.253[Status]Routing Start.
2019-09-05_00:44:18.729[Status]{'id': 10, 'coordinate': [718.2628753732588, 623.123192979636]}
2019-09-05_00:44:18.730[Status]Routing 74: Walk: 65
2019-09-05_00:44:18.836[Battery Energy]93.93
2019-09-05_00:44:18.836[Status]Routing Start.
2019-09-05_00:44:19.203[Status]{'id': 10, 'coordinate': [727.6122960803731, 626.6711969877201]}
2019-09-05_00:44:19.204[Status]Routing 75: Walk: 66
2019-09-05_00:44:19.312[Battery Energy]93.60
2019-09-05_00:44:19.312[Status]Routing Start.
2019-09-05_00:44:19.709[Status]{'id': 10, 'coordinate': [736.9617167874874, 630.2192009958043]}
2019-09-05_00:44:19.712[Status]Routing 76: Walk: 67
2019-09-05_00:44:19.816[Battery Energy]93.29
2019-09-05_00:44:19.816[Status]Routing Start.
2019-09-05_00:44:20.231[Status]{'id': 10, 'coordinate': [746.3111374946017, 633.7672050038884]}
2019-09-05_00:44:20.231[Status]Routing 77: Walk: 68
2019-09-05_00:44:20.348[Battery Energy]92.93
2019-09-05_00:44:20.348[Status]Routing Start.
2019-09-05_00:44:20.566[Status]{'id': 10, 'coordinate': [755.660558201716, 637.3152090119727]}
2019-09-05_00:44:20.566[Status]Routing 78: Walk: 69
2019-09-05_00:44:20.676[Battery Energy]92.69
2019-09-05_00:44:20.676[Status]Routing Start.
2019-09-05_00:44:20.857[Status]{'id': 10, 'coordinate': [765.0099789088302, 640.8632130200568]}
2019-09-05_00:44:20.857[Status]Routing 79: Walk: 70
2019-09-05_00:44:20.972[Battery Energy]92.47
2019-09-05_00:44:20.972[Status]Routing Start.
2019-09-05_00:44:21.250[Status]{'id': 10, 'coordinate': [774.3593996159445, 644.4112170281411]}
2019-09-05_00:44:21.251[Status]Routing 80: Walk: 71
2019-09-05_00:44:21.353[Battery Energy]92.21
2019-09-05_00:44:21.353[Status]Routing Start.
2019-09-05_00:44:21.625[Status]{'id': 10, 'coordinate': [783.7088203230588, 647.9592210362252]}
2019-09-05_00:44:21.626[Status]Routing 81: Walk: 72
2019-09-05_00:44:21.740[Battery Energy]91.94
2019-09-05_00:44:21.740[Status]Routing Start.
2019-09-05_00:44:21.985[Status]{'id': 10, 'coordinate': [793.0582410301731, 651.5072250443094]}
2019-09-05_00:44:21.986[Status]Routing 82: Walk: 73
2019-09-05_00:44:22.096[Battery Energy]91.68
2019-09-05_00:44:22.096[Status]Routing Start.
2019-09-05_00:44:22.268[Status]{'id': 10, 'coordinate': [802.4076617372874, 655.0552290523935]}
2019-09-05_00:44:22.268[Status]Routing 83: Walk: 74
2019-09-05_00:44:22.368[Battery Energy]91.45
2019-09-05_00:44:22.368[Status]Routing Start.
2019-09-05_00:44:22.542[Status]{'id': 10, 'coordinate': [811.7570824444017, 658.6032330604778]}
2019-09-05_00:44:22.542[Status]Routing 84: Walk: 75
2019-09-05_00:44:22.660[Battery Energy]91.22
2019-09-05_00:44:22.660[Status]Routing Start.
2019-09-05_00:44:22.886[Status]{'id': 10, 'coordinate': [821.106503151516, 662.151237068562]}
2019-09-05_00:44:22.886[Status]Routing 85: Walk: 76
2019-09-05_00:44:22.989[Battery Energy]91.00
2019-09-05_00:44:22.989[Status]Routing Start.
2019-09-05_00:44:23.184[Status]{'id': 10, 'coordinate': [830.4559238586303, 665.6992410766461]}
2019-09-05_00:44:23.184[Status]Routing 86: Walk: 77
2019-09-05_00:44:23.296[Battery Energy]90.79
2019-09-05_00:44:23.296[Status]Routing Start.
2019-09-05_00:44:23.553[Status]{'id': 10, 'coordinate': [839.8053445657446, 669.2472450847304]}
2019-09-05_00:44:23.553[Status]Routing 87: Walk: 78
2019-09-05_00:44:23.656[Battery Energy]90.50
2019-09-05_00:44:23.656[Status]Routing Start.
2019-09-05_00:44:24.016[Status]{'id': 10, 'coordinate': [849.1547652728589, 672.7952490928145]}
2019-09-05_00:44:24.016[Status]Routing 88: Walk: 79
2019-09-05_00:44:24.124[Battery Energy]90.14
2019-09-05_00:44:24.124[Status]Routing Start.
2019-09-05_00:44:24.278[Status]{'id': 10, 'coordinate': [858.5041859799732, 676.3432531008987]}
2019-09-05_00:44:24.278[Status]Routing 89: Walk: 80
2019-09-05_00:44:24.424[Battery Energy]89.95
2019-09-05_00:44:24.424[Status]Routing Start.
2019-09-05_00:44:24.691[Status]{'id': 10, 'coordinate': [867.8536066870874, 679.8912571089829]}
2019-09-05_00:44:24.691[Status]Routing 90: Walk: 81
2019-09-05_00:44:24.794[Battery Energy]89.71
2019-09-05_00:44:24.794[Status]Routing Start.
2019-09-05_00:44:25.137[Status]{'id': 10, 'coordinate': [877.2030273942017, 683.4392611170671]}
2019-09-05_00:44:25.137[Status]Routing 91: Walk: 82
2019-09-05_00:44:25.260[Battery Energy]89.43
2019-09-05_00:44:25.260[Status]Routing Start.
2019-09-05_00:44:25.568[Status]{'id': 10, 'coordinate': [886.552448101316, 686.9872651251513]}
2019-09-05_00:44:25.571[Status]Routing 92: Walk: 83
2019-09-05_00:44:25.684[Battery Energy]89.13
2019-09-05_00:44:25.684[Status]Routing Start.
2019-09-05_00:44:26.008[Status]{'id': 10, 'coordinate': [895.9018688084303, 690.5352691332355]}
2019-09-05_00:44:26.009[Status]Routing 93: Walk: 84
2019-09-05_00:44:26.112[Battery Energy]88.81
2019-09-05_00:44:26.112[Status]Routing Start.
2019-09-05_00:44:26.486[Status]{'id': 10, 'coordinate': [905.2512895155446, 694.0832731413196]}
2019-09-05_00:44:26.486[Status]Routing 94: Walk: 85
2019-09-05_00:44:26.590[Battery Energy]88.49
2019-09-05_00:44:26.590[Status]Routing Start.
2019-09-05_00:44:27.126[Status]{'id': 10, 'coordinate': [914.6007102226589, 697.6312771494039]}
2019-09-05_00:44:27.126[Status]Routing 95: Walk: 86
2019-09-05_00:44:27.226[Battery Energy]88.00
2019-09-05_00:44:27.226[Status]Routing Start.
2019-09-05_00:44:27.373[Status]{'id': 10, 'coordinate': [923.9501309297732, 701.179281157488]}
2019-09-05_00:44:27.373[Status]Routing 96: Walk: 87
2019-09-05_00:44:27.476[Battery Energy]87.82
2019-09-05_00:44:27.476[Status]Routing Start.
2019-09-05_00:44:27.755[Status]{'id': 10, 'coordinate': [933.2995516368875, 704.7272851655722]}
2019-09-05_00:44:27.756[Status]Routing 97: Walk: 88
2019-09-05_00:44:27.856[Battery Energy]87.52
2019-09-05_00:44:27.856[Status]Routing Start.
2019-09-05_00:44:28.210[Status]{'id': 10, 'coordinate': [942.6489723440018, 708.2752891736565]}
2019-09-05_00:44:28.210[Status]Routing 98: Walk: 89
2019-09-05_00:44:28.320[Battery Energy]87.20
2019-09-05_00:44:28.320[Status]Routing Start.
2019-09-05_00:44:28.670[Status]{'id': 10, 'coordinate': [951.9983930511161, 711.8232931817406]}
2019-09-05_00:44:28.670[Status]Routing 99: Walk: 90
2019-09-05_00:44:28.770[Battery Energy]86.85
2019-09-05_00:44:28.770[Status]Routing Start.
2019-09-05_00:44:29.108[Status]{'id': 10, 'coordinate': [961.3478137582304, 715.3712971898248]}
2019-09-05_00:44:29.109[Status]Routing 100: Walk: 91
2019-09-05_00:44:29.209[Battery Energy]86.53
2019-09-05_00:44:29.209[Status]Routing Start.
2019-09-05_00:44:29.579[Status]{'id': 10, 'coordinate': [970.6972344653446, 718.919301197909]}
2019-09-05_00:44:29.579[Status]Routing 101: Walk: 92
2019-09-05_00:44:29.684[Battery Energy]86.17
2019-09-05_00:44:29.684[Status]Routing Start.
2019-09-05_00:44:30.029[Status]{'id': 10, 'coordinate': [980.0466551724589, 722.4673052059932]}
2019-09-05_00:44:30.029[Status]Routing 102: Walk: 93
2019-09-05_00:44:30.140[Battery Energy]85.87
2019-09-05_00:44:30.140[Status]Routing Start.
2019-09-05_00:44:30.480[Status]{'id': 10, 'coordinate': [989.3960758795732, 726.0153092140773]}
2019-09-05_00:44:30.480[Status]Routing 103: Walk: 94
2019-09-05_00:44:30.580[Battery Energy]85.58
2019-09-05_00:44:30.580[Status]Routing Start.
2019-09-05_00:44:30.949[Status]{'id': 10, 'coordinate': [998.7454965866875, 729.5633132221616]}
2019-09-05_00:44:30.949[Status]Routing 104: Walk: 95
2019-09-05_00:44:31.068[Battery Energy]85.23
2019-09-05_00:44:31.068[Status]Routing Start.
2019-09-05_00:44:31.464[Status]{'id': 10, 'coordinate': [1008.0949172938018, 733.1113172302457]}
2019-09-05_00:44:31.464[Status]Routing 105: Walk: 96
2019-09-05_00:44:31.564[Battery Energy]84.85
2019-09-05_00:44:31.564[Status]Routing Start.
2019-09-05_00:44:31.964[Status]{'id': 10, 'coordinate': [1017.4443380009161, 736.6593212383299]}
2019-09-05_00:44:31.964[Status]Routing 106: Walk: 97
2019-09-05_00:44:32.076[Battery Energy]84.54
2019-09-05_00:44:32.076[Status]Routing Start.
2019-09-05_00:44:32.463[Status]{'id': 10, 'coordinate': [1026.7937587080305, 740.2073252464141]}
2019-09-05_00:44:32.463[Status]Routing 107: Walk: 98
2019-09-05_00:44:32.572[Battery Energy]84.24
2019-09-05_00:44:32.572[Status]Routing Start.
2019-09-05_00:44:32.894[Status]{'id': 10, 'coordinate': [1036.143179415145, 743.7553292544983]}
2019-09-05_00:44:32.894[Status]Routing 108: Walk: 99
2019-09-05_00:44:32.995[Battery Energy]83.96
2019-09-05_00:44:32.995[Status]Routing Start.
2019-09-05_00:44:33.266[Status]{'id': 10, 'coordinate': [1045.4926001222593, 747.3033332625826]}
2019-09-05_00:44:33.266[Status]Routing 109: Walk: 100
2019-09-05_00:44:33.366[Battery Energy]83.71
2019-09-05_00:44:33.366[Status]Routing Start.
2019-09-05_00:44:33.730[Status]{'id': 10, 'coordinate': [1054.8420208293737, 750.8513372706668]}
2019-09-05_00:44:33.733[Status]Routing 110: Walk: 101
2019-09-05_00:44:33.836[Battery Energy]83.38
2019-09-05_00:44:33.836[Status]Routing Start.
2019-09-05_00:44:34.202[Status]{'id': 10, 'coordinate': [1064.1914415364881, 754.3993412787511]}
2019-09-05_00:44:34.202[Status]Routing 111: Walk: 102
2019-09-05_00:44:34.308[Battery Energy]83.04
2019-09-05_00:44:34.308[Status]Routing Start.
2019-09-05_00:44:34.672[Status]{'id': 10, 'coordinate': [1073.5408622436025, 757.9473452868352]}
2019-09-05_00:44:34.672[Status]Routing 112: Walk: 103
2019-09-05_00:44:34.772[Battery Energy]82.70
2019-09-05_00:44:34.772[Status]Routing Start.
2019-09-05_00:44:35.155[Status]{'id': 10, 'coordinate': [1082.890282950717, 761.4953492949195]}
2019-09-05_00:44:35.155[Status]Routing 113: Walk: 104
2019-09-05_00:44:35.259[Battery Energy]82.45
2019-09-05_00:44:35.259[Status]Routing Start.
2019-09-05_00:44:35.410[Status]{'id': 10, 'coordinate': [1092.2397036578313, 765.0433533030038]}
2019-09-05_00:44:35.410[Status]Routing 114: Walk: 105
2019-09-05_00:44:35.510[Battery Energy]82.25
2019-09-05_00:44:35.510[Status]Routing Start.
2019-09-05_00:44:35.718[Status]{'id': 10, 'coordinate': [1101.5891243649457, 768.5913573110879]}
2019-09-05_00:44:35.718[Status]Routing 115: Walk: 106
2019-09-05_00:44:35.831[Battery Energy]82.05
2019-09-05_00:44:35.831[Status]Routing Start.
2019-09-05_00:44:36.268[Status]{'id': 10, 'coordinate': [1110.9385450720602, 772.1393613191722]}
2019-09-05_00:44:36.268[Status]Routing 116: Walk: 107
2019-09-05_00:44:36.368[Battery Energy]81.72
2019-09-05_00:44:36.368[Status]Routing Start.
2019-09-05_00:44:36.754[Status]{'id': 10, 'coordinate': [1120.2879657791746, 775.6873653272564]}
2019-09-05_00:44:36.755[Status]Routing 117: Walk: 108
2019-09-05_00:44:36.868[Battery Energy]81.40
2019-09-05_00:44:36.868[Status]Routing Start.
2019-09-05_00:44:37.079[Status]{'id': 10, 'coordinate': [1129.637386486289, 779.2353693353407]}
2019-09-05_00:44:37.079[Status]Routing 118: Walk: 109
2019-09-05_00:44:37.180[Battery Energy]81.16
2019-09-05_00:44:37.180[Status]Routing Start.
2019-09-05_00:44:37.495[Status]{'id': 10, 'coordinate': [1138.9868071934034, 782.7833733434248]}
2019-09-05_00:44:37.495[Status]Routing 119: Walk: 110
2019-09-05_00:44:37.604[Battery Energy]80.85
2019-09-05_00:44:37.604[Status]Routing Start.
2019-09-05_00:44:37.888[Status]{'id': 10, 'coordinate': [1148.3362279005178, 786.3313773515091]}
2019-09-05_00:44:37.892[Status]Routing 120: Walk: 111
2019-09-05_00:44:38.000[Battery Energy]80.59
2019-09-05_00:44:38.000[Status]Routing Start.
2019-09-05_00:44:38.161[Status]{'id': 10, 'coordinate': [1157.6856486076322, 789.8793813595934]}
2019-09-05_00:44:38.161[Status]Routing 121: Walk: 112
2019-09-05_00:44:38.264[Battery Energy]80.36
2019-09-05_00:44:38.269[Status]Routing Start.
2019-09-05_00:44:38.430[Status]{'id': 10, 'coordinate': [1167.0350693147466, 793.4273853676775]}
2019-09-05_00:44:38.430[Status]Routing 122: Walk: 113
2019-09-05_00:44:38.531[Battery Energy]80.12
2019-09-05_00:44:38.531[Status]Routing Start.
2019-09-05_00:44:38.834[Status]{'id': 10, 'coordinate': [1176.384490021861, 796.9753893757618]}
2019-09-05_00:44:38.835[Status]Routing 123: Walk: 114
2019-09-05_00:44:38.936[Battery Energy]79.85
2019-09-05_00:44:38.936[Status]Routing Start.
2019-09-05_00:44:38.936[Status]Task Finished.
2019-09-05_00:44:39.036[Battery Energy]79.85
2019-09-05_00:44:39.261[Status]Routing 125: Walk: 114
2019-09-05_00:44:39.372[Battery Energy]79.64
2019-09-05_00:44:39.527[Status]Routing 126: Walk: 114
2019-09-05_00:44:39.627[Battery Energy]79.52
2019-09-05_00:44:39.774[Status]Routing 127: Walk: 114
2019-09-05_00:44:39.874[Battery Energy]79.41
2019-09-05_00:44:40.101[Status]Routing 128: Walk: 114
2019-09-05_00:44:40.201[Battery Energy]79.29
2019-09-05_00:44:40.372[Status]Routing 129: Walk: 114
2019-09-05_00:44:40.480[Battery Energy]79.18
2019-09-05_00:44:40.658[Status]Routing 130: Walk: 114
2019-09-05_00:44:40.758[Battery Energy]79.07
2019-09-05_00:44:40.955[Status]Routing 131: Walk: 114
2019-09-05_00:44:41.055[Battery Energy]78.96
2019-09-05_00:44:41.308[Status]Routing 132: Walk: 114
2019-09-05_00:44:41.416[Battery Energy]78.78
2019-09-05_00:44:41.585[Status]Routing 133: Walk: 114
2019-09-05_00:44:41.696[Battery Energy]78.65
2019-09-05_00:44:41.852[Status]Routing 134: Walk: 114
2019-09-05_00:44:41.953[Battery Energy]78.53
2019-09-05_00:44:42.252[Status]Routing 135: Walk: 114
2019-09-05_00:44:42.360[Battery Energy]78.35
2019-09-05_00:44:42.600[Status]Routing 136: Walk: 114
2019-09-05_00:44:42.712[Battery Energy]78.21
2019-09-05_00:44:42.955[Status]Routing 137: Walk: 114
2019-09-05_00:44:43.060[Battery Energy]78.07
2019-09-05_00:44:43.238[Status]Routing 138: Walk: 114
2019-09-05_00:44:43.348[Battery Energy]77.95
2019-09-05_00:44:43.527[Status]Routing 139: Walk: 114
2019-09-05_00:44:43.639[Battery Energy]77.86
2019-09-05_00:44:43.774[Status]Routing 140: Walk: 114
2019-09-05_00:44:43.878[Battery Energy]77.74
2019-09-05_00:44:44.061[Status]Routing 141: Walk: 114
2019-09-05_00:44:44.161[Battery Energy]77.62
2019-09-05_00:44:44.330[Status]Routing 142: Walk: 114
2019-09-05_00:44:44.456[Battery Energy]77.50
2019-09-05_00:44:44.644[Status]Routing 143: Walk: 114
2019-09-05_00:44:44.745[Battery Energy]77.39
2019-09-05_00:44:44.893[Status]Routing 144: Walk: 114
2019-09-05_00:44:45.018[Battery Energy]77.28
2019-09-05_00:44:45.248[Status]Routing 145: Walk: 114
2019-09-05_00:44:45.360[Battery Energy]77.12
2019-09-05_00:44:45.567[Status]Routing 146: Walk: 114
2019-09-05_00:44:45.680[Battery Energy]77.00
2019-09-05_00:44:45.830[Status]Routing 147: Walk: 114
2019-09-05_00:44:45.936[Battery Energy]76.89
2019-09-05_00:44:46.097[Status]Routing 148: Walk: 114
2019-09-05_00:44:46.216[Battery Energy]76.79
2019-09-05_00:44:46.445[Status]Routing 149: Walk: 114
2019-09-05_00:44:46.545[Battery Energy]76.68
2019-09-05_00:44:46.762[Status]Routing 150: Walk: 114
2019-09-05_00:44:46.862[Battery Energy]76.55
2019-09-05_00:44:47.007[Status]Routing 151: Walk: 114
2019-09-05_00:44:47.120[Battery Energy]76.46
2019-09-05_00:44:47.287[Status]Routing 152: Walk: 114
2019-09-05_00:44:47.417[Battery Energy]76.36
2019-09-05_00:44:47.604[Status]Routing 153: Walk: 114
2019-09-05_00:44:47.704[Battery Energy]76.21
2019-09-05_00:44:47.897[Status]Routing 154: Walk: 114
2019-09-05_00:44:48.004[Battery Energy]76.04
2019-09-05_00:44:48.220[Status]Routing 155: Walk: 114
2019-09-05_00:44:48.332[Battery Energy]75.91
2019-09-05_00:44:48.505[Status]Routing 156: Walk: 114
2019-09-05_00:44:48.605[Battery Energy]75.77
2019-09-05_00:44:48.785[Status]Routing 157: Walk: 114
2019-09-05_00:44:48.896[Battery Energy]75.67
2019-09-05_00:44:49.082[Status]Routing 158: Walk: 114
2019-09-05_00:44:49.192[Battery Energy]75.57
2019-09-05_00:44:49.378[Status]Routing 159: Walk: 114
2019-09-05_00:44:49.492[Battery Energy]75.47
2019-09-05_00:44:49.642[Status]Routing 160: Walk: 114
2019-09-05_00:44:49.752[Battery Energy]75.36
2019-09-05_00:44:49.904[Status]Routing 161: Walk: 114
2019-09-05_00:44:50.016[Battery Energy]75.28
2019-09-05_00:44:50.175[Status]Routing 162: Walk: 114
2019-09-05_00:44:50.279[Battery Energy]75.18
2019-09-05_00:44:50.452[Status]Routing 163: Walk: 114
2019-09-05_00:44:50.565[Battery Energy]75.07
2019-09-05_00:44:50.700[Status]Routing 164: Walk: 114
2019-09-05_00:44:50.800[Battery Energy]74.97
2019-09-05_00:44:50.949[Status]Routing 165: Walk: 114
2019-09-05_00:44:51.068[Battery Energy]74.88
2019-09-05_00:44:51.209[Status]Routing 166: Walk: 114
2019-09-05_00:44:51.309[Battery Energy]74.78
2019-09-05_00:44:51.572[Status]Routing 167: Walk: 114
2019-09-05_00:44:51.672[Battery Energy]74.64
2019-09-05_00:44:51.931[Status]Routing 168: Walk: 114
2019-09-05_00:44:52.031[Battery Energy]74.49
2019-09-05_00:44:52.202[Status]Routing 169: Walk: 114
2019-09-05_00:44:52.312[Battery Energy]74.32
2019-09-05_00:44:52.510[Status]Routing 170: Walk: 114
2019-09-05_00:44:52.619[Battery Energy]74.19
2019-09-05_00:44:52.806[Status]Routing 171: Walk: 114
2019-09-05_00:44:52.912[Battery Energy]74.08
2019-09-05_00:44:53.118[Status]Routing 172: Walk: 114
2019-09-05_00:44:53.236[Battery Energy]73.97
