2019-09-05_00:43:40.035[Status]Start.
2019-09-05_00:43:40.036[Battery Energy]118.00
2019-09-05_00:43:41.136[Battery Energy]117.96
2019-09-05_00:43:42.238[Battery Energy]117.92
2019-09-05_00:43:43.339[Battery Energy]117.88
2019-09-05_00:43:44.440[Battery Energy]117.84
2019-09-05_00:43:45.541[Task]A New Task Released.
2019-09-05_00:43:45.541[Battery Energy]117.80
2019-09-05_00:43:45.541[Status]Selection Start.
2019-09-05_00:43:47.014[Status]Selection End: Do Task 1.
2019-09-05_00:43:47.116[Battery Energy]116.86
2019-09-05_00:43:47.116[Status]Formation Start.
2019-09-05_00:43:47.284[Status]Formation End: To Position 0.
2019-09-05_00:43:47.384[Battery Energy]116.75
2019-09-05_00:43:47.384[Status]Routing Start.
2019-09-05_00:43:47.542[Status]{'id': 14, 'coordinate': [67.3725626213664, 241.4864121828271]}
2019-09-05_00:43:47.542[Status]Routing 1: Walk: 1
2019-09-05_00:43:47.642[Battery Energy]116.54
2019-09-05_00:43:47.642[Status]Routing Start.
2019-09-05_00:43:47.831[Status]{'id': 14, 'coordinate': [76.7451252427328, 244.97282436565422]}
2019-09-05_00:43:47.831[Status]Routing 2: Walk: 2
2019-09-05_00:43:47.949[Battery Energy]116.31
2019-09-05_00:43:47.949[Status]Routing Start.
2019-09-05_00:43:48.108[Status]{'id': 14, 'coordinate': [86.1176878640992, 248.45923654848133]}
2019-09-05_00:43:48.109[Status]Routing 3: Walk: 3
2019-09-05_00:43:48.216[Battery Energy]116.08
2019-09-05_00:43:48.216[Status]Routing Start.
2019-09-05_00:43:48.452[Status]{'id': 14, 'coordinate': [95.4902504854656, 251.94564873130844]}
2019-09-05_00:43:48.452[Status]Routing 4: Walk: 4
2019-09-05_00:43:48.552[Battery Energy]115.81
2019-09-05_00:43:48.552[Status]Routing Start.
2019-09-05_00:43:48.770[Status]{'id': 14, 'coordinate': [104.862813106832, 255.43206091413555]}
2019-09-05_00:43:48.770[Status]Routing 5: Walk: 5
2019-09-05_00:43:48.880[Battery Energy]115.58
2019-09-05_00:43:48.880[Status]Routing Start.
2019-09-05_00:43:49.185[Status]{'id': 14, 'coordinate': [114.23537572819839, 258.91847309696266]}
2019-09-05_00:43:49.185[Status]Routing 6: Walk: 6
2019-09-05_00:43:49.285[Battery Energy]115.34
2019-09-05_00:43:49.285[Status]Routing Start.
2019-09-05_00:43:49.611[Status]{'id': 14, 'coordinate': [123.60793834956479, 262.40488527978977]}
2019-09-05_00:43:49.613[Status]Routing 7: Walk: 7
2019-09-05_00:43:49.720[Battery Energy]115.04
2019-09-05_00:43:49.720[Status]Routing Start.
2019-09-05_00:43:50.045[Status]{'id': 14, 'coordinate': [132.9805009709312, 265.8912974626169]}
2019-09-05_00:43:50.045[Status]Routing 8: Walk: 8
2019-09-05_00:43:50.148[Battery Energy]114.72
2019-09-05_00:43:50.148[Status]Routing Start.
2019-09-05_00:43:50.487[Status]{'id': 14, 'coordinate': [142.3530635922976, 269.377709645444]}
2019-09-05_00:43:50.487[Status]Routing 9: Walk: 9
2019-09-05_00:43:50.587[Battery Energy]114.42
2019-09-05_00:43:50.587[Status]Routing Start.
2019-09-05_00:43:50.934[Status]{'id': 14, 'coordinate': [151.725626213664, 272.8641218282711]}
2019-09-05_00:43:50.937[Status]Routing 10: Walk: 10
2019-09-05_00:43:51.040[Battery Energy]114.09
2019-09-05_00:43:51.040[Status]Routing Start.
2019-09-05_00:43:51.502[Status]{'id': 14, 'coordinate': [161.09818883503038, 276.3505340110982]}
2019-09-05_00:43:51.505[Status]Routing 11: Walk: 11
2019-09-05_00:43:51.608[Battery Energy]113.76
2019-09-05_00:43:51.608[Status]Routing Start.
2019-09-05_00:43:51.989[Status]{'id': 14, 'coordinate': [170.47075145639678, 279.8369461939253]}
2019-09-05_00:43:51.989[Status]Routing 12: Walk: 12
2019-09-05_00:43:52.089[Battery Energy]113.39
2019-09-05_00:43:52.089[Status]Routing Start.
2019-09-05_00:43:52.513[Status]{'id': 14, 'coordinate': [179.84331407776318, 283.3233583767524]}
2019-09-05_00:43:52.513[Status]Routing 13: Walk: 13
2019-09-05_00:43:52.616[Battery Energy]113.07
2019-09-05_00:43:52.616[Status]Routing Start.
2019-09-05_00:43:53.000[Status]{'id': 14, 'coordinate': [189.21587669912958, 286.80977055957953]}
2019-09-05_00:43:53.000[Status]Routing 14: Walk: 14
2019-09-05_00:43:53.100[Battery Energy]112.67
2019-09-05_00:43:53.100[Status]Routing Start.
2019-09-05_00:43:53.563[Status]{'id': 14, 'coordinate': [198.58843932049598, 290.29618274240664]}
2019-09-05_00:43:53.563[Status]Routing 15: Walk: 15
2019-09-05_00:43:53.680[Battery Energy]112.26
2019-09-05_00:43:53.680[Status]Routing Start.
2019-09-05_00:43:54.091[Status]{'id': 14, 'coordinate': [207.96100194186238, 293.78259492523375]}
2019-09-05_00:43:54.093[Status]Routing 16: Walk: 16
2019-09-05_00:43:54.193[Battery Energy]111.95
2019-09-05_00:43:54.193[Status]Routing Start.
2019-09-05_00:43:54.546[Status]{'id': 14, 'coordinate': [217.33356456322878, 297.26900710806086]}
2019-09-05_00:43:54.547[Status]Routing 17: Walk: 17
2019-09-05_00:43:54.648[Battery Energy]111.62
2019-09-05_00:43:54.648[Status]Routing Start.
2019-09-05_00:43:54.983[Status]{'id': 14, 'coordinate': [226.70612718459518, 300.75541929088797]}
2019-09-05_00:43:54.983[Status]Routing 18: Walk: 18
2019-09-05_00:43:55.096[Battery Energy]111.36
2019-09-05_00:43:55.096[Status]Routing Start.
2019-09-05_00:43:55.493[Status]{'id': 14, 'coordinate': [236.07868980596157, 304.2418314737151]}
2019-09-05_00:43:55.493[Status]Routing 19: Walk: 19
2019-09-05_00:43:55.593[Battery Energy]111.01
2019-09-05_00:43:55.593[Status]Routing Start.
2019-09-05_00:43:55.980[Status]{'id': 14, 'coordinate': [245.45125242732797, 307.7282436565422]}
2019-09-05_00:43:55.981[Status]Routing 20: Walk: 20
2019-09-05_00:43:56.081[Battery Energy]110.69
2019-09-05_00:43:56.081[Status]Routing Start.
2019-09-05_00:43:56.477[Status]{'id': 14, 'coordinate': [254.82381504869437, 311.2146558393693]}
2019-09-05_00:43:56.477[Status]Routing 21: Walk: 21
2019-09-05_00:43:56.584[Battery Energy]110.29
2019-09-05_00:43:56.584[Status]Routing Start.
2019-09-05_00:43:56.915[Status]{'id': 14, 'coordinate': [264.19637767006077, 314.7010680221964]}
2019-09-05_00:43:56.915[Status]Routing 22: Walk: 22
2019-09-05_00:43:57.024[Battery Energy]110.01
2019-09-05_00:43:57.024[Status]Routing Start.
2019-09-05_00:43:57.400[Status]{'id': 14, 'coordinate': [273.56894029142717, 318.1874802050235]}
2019-09-05_00:43:57.400[Status]Routing 23: Walk: 23
2019-09-05_00:43:57.500[Battery Energy]109.70
2019-09-05_00:43:57.500[Status]Routing Start.
2019-09-05_00:43:57.875[Status]{'id': 14, 'coordinate': [282.94150291279357, 321.67389238785063]}
2019-09-05_00:43:57.876[Status]Routing 24: Walk: 24
2019-09-05_00:43:57.979[Battery Energy]109.43
2019-09-05_00:43:57.979[Status]Routing Start.
2019-09-05_00:43:58.381[Status]{'id': 14, 'coordinate': [292.31406553415997, 325.16030457067774]}
2019-09-05_00:43:58.381[Status]Routing 25: Walk: 25
2019-09-05_00:43:58.481[Battery Energy]109.11
2019-09-05_00:43:58.481[Status]Routing Start.
2019-09-05_00:43:58.883[Status]{'id': 14, 'coordinate': [301.68662815552636, 328.64671675350485]}
2019-09-05_00:43:58.883[Status]Routing 26: Walk: 26
2019-09-05_00:43:58.996[Battery Energy]108.76
2019-09-05_00:43:58.996[Status]Routing Start.
2019-09-05_00:43:59.363[Status]{'id': 14, 'coordinate': [311.05919077689276, 332.13312893633196]}
2019-09-05_00:43:59.363[Status]Routing 27: Walk: 27
2019-09-05_00:43:59.476[Battery Energy]108.49
2019-09-05_00:43:59.476[Status]Routing Start.
2019-09-05_00:43:59.841[Status]{'id': 14, 'coordinate': [320.43175339825916, 335.61954111915907]}
2019-09-05_00:43:59.842[Status]Routing 28: Walk: 28
2019-09-05_00:43:59.947[Battery Energy]108.19
2019-09-05_00:43:59.947[Status]Routing Start.
2019-09-05_00:44:00.336[Status]{'id': 14, 'coordinate': [329.80431601962556, 339.1059533019862]}
2019-09-05_00:44:00.336[Status]Routing 29: Walk: 29
2019-09-05_00:44:00.438[Battery Energy]107.85
2019-09-05_00:44:00.438[Status]Routing Start.
2019-09-05_00:44:00.813[Status]{'id': 14, 'coordinate': [339.17687864099196, 342.5923654848133]}
2019-09-05_00:44:00.813[Status]Routing 30: Walk: 30
2019-09-05_00:44:00.916[Battery Energy]107.48
2019-09-05_00:44:00.916[Status]Routing Start.
2019-09-05_00:44:01.375[Status]{'id': 14, 'coordinate': [348.54944126235836, 346.0787776676404]}
2019-09-05_00:44:01.375[Status]Routing 31: Walk: 31
2019-09-05_00:44:01.475[Battery Energy]107.14
2019-09-05_00:44:01.475[Status]Routing Start.
2019-09-05_00:44:01.804[Status]{'id': 14, 'coordinate': [357.92200388372476, 349.5651898504675]}
2019-09-05_00:44:01.804[Status]Routing 32: Walk: 32
2019-09-05_00:44:01.904[Battery Energy]106.81
2019-09-05_00:44:01.904[Status]Routing Start.
2019-09-05_00:44:02.308[Status]{'id': 14, 'coordinate': [367.29456650509115, 353.0516020332946]}
2019-09-05_00:44:02.308[Status]Routing 33: Walk: 33
2019-09-05_00:44:02.408[Battery Energy]106.49
2019-09-05_00:44:02.408[Status]Routing Start.
2019-09-05_00:44:02.752[Status]{'id': 14, 'coordinate': [376.66712912645755, 356.5380142161217]}
2019-09-05_00:44:02.752[Status]Routing 34: Walk: 34
2019-09-05_00:44:02.852[Battery Energy]106.20
2019-09-05_00:44:02.852[Status]Routing Start.
2019-09-05_00:44:03.052[Status]{'id': 14, 'coordinate': [386.03969174782395, 360.02442639894883]}
2019-09-05_00:44:03.054[Status]Routing 35: Walk: 35
2019-09-05_00:44:03.160[Battery Energy]105.97
2019-09-05_00:44:03.160[Status]Routing Start.
2019-09-05_00:44:03.514[Status]{'id': 14, 'coordinate': [395.41225436919035, 363.51083858177594]}
2019-09-05_00:44:03.515[Status]Routing 36: Walk: 36
2019-09-05_00:44:03.620[Battery Energy]105.68
2019-09-05_00:44:03.620[Status]Routing Start.
2019-09-05_00:44:03.956[Status]{'id': 14, 'coordinate': [404.78481699055675, 366.99725076460305]}
2019-09-05_00:44:03.956[Status]Routing 37: Walk: 37
2019-09-05_00:44:04.060[Battery Energy]105.38
2019-09-05_00:44:04.060[Status]Routing Start.
2019-09-05_00:44:04.457[Status]{'id': 14, 'coordinate': [414.15737961192315, 370.48366294743016]}
2019-09-05_00:44:04.457[Status]Routing 38: Walk: 38
2019-09-05_00:44:04.557[Battery Energy]105.04
2019-09-05_00:44:04.557[Status]Routing Start.
2019-09-05_00:44:04.913[Status]{'id': 14, 'coordinate': [423.52994223328955, 373.97007513025727]}
2019-09-05_00:44:04.913[Status]Routing 39: Walk: 39
2019-09-05_00:44:05.020[Battery Energy]104.68
2019-09-05_00:44:05.020[Status]Routing Start.
2019-09-05_00:44:05.362[Status]{'id': 14, 'coordinate': [432.90250485465594, 377.4564873130844]}
2019-09-05_00:44:05.362[Status]Routing 40: Walk: 40
2019-09-05_00:44:05.468[Battery Energy]104.38
2019-09-05_00:44:05.468[Status]Routing Start.
2019-09-05_00:44:05.824[Status]{'id': 14, 'coordinate': [442.27506747602234, 380.9428994959115]}
2019-09-05_00:44:05.826[Status]Routing 41: Walk: 41
2019-09-05_00:44:05.927[Battery Energy]104.06
2019-09-05_00:44:05.927[Status]Routing Start.
2019-09-05_00:44:06.291[Status]{'id': 14, 'coordinate': [451.64763009738874, 384.4293116787386]}
2019-09-05_00:44:06.297[Status]Routing 42: Walk: 42
2019-09-05_00:44:06.398[Battery Energy]103.76
2019-09-05_00:44:06.398[Status]Routing Start.
2019-09-05_00:44:06.690[Status]{'id': 14, 'coordinate': [461.02019271875514, 387.9157238615657]}
2019-09-05_00:44:06.694[Status]Routing 43: Walk: 43
2019-09-05_00:44:06.812[Battery Energy]103.48
2019-09-05_00:44:06.812[Status]Routing Start.
2019-09-05_00:44:07.189[Status]{'id': 14, 'coordinate': [470.39275534012154, 391.4021360443928]}
2019-09-05_00:44:07.189[Status]Routing 44: Walk: 44
2019-09-05_00:44:07.289[Battery Energy]103.09
2019-09-05_00:44:07.290[Status]Routing Start.
2019-09-05_00:44:07.691[Status]{'id': 14, 'coordinate': [479.76531796148794, 394.8885482272199]}
2019-09-05_00:44:07.691[Status]Routing 45: Walk: 45
2019-09-05_00:44:07.796[Battery Energy]102.77
2019-09-05_00:44:07.796[Status]Routing Start.
2019-09-05_00:44:08.113[Status]{'id': 14, 'coordinate': [489.13788058285434, 398.37496041004704]}
2019-09-05_00:44:08.117[Status]Routing 46: Walk: 46
2019-09-05_00:44:08.236[Battery Energy]102.46
2019-09-05_00:44:08.236[Status]Routing Start.
2019-09-05_00:44:08.553[Status]{'id': 14, 'coordinate': [498.51044320422073, 401.86137259287415]}
2019-09-05_00:44:08.553[Status]Routing 47: Walk: 47
2019-09-05_00:44:08.653[Battery Energy]102.13
2019-09-05_00:44:08.653[Status]Routing Start.
2019-09-05_00:44:09.000[Status]{'id': 14, 'coordinate': [507.88300582558713, 405.34778477570126]}
2019-09-05_00:44:09.002[Status]Routing 48: Walk: 48
2019-09-05_00:44:09.112[Battery Energy]101.86
2019-09-05_00:44:09.112[Status]Routing Start.
2019-09-05_00:44:09.251[Status]{'id': 14, 'coordinate': [517.2555684469536, 408.83419695852837]}
2019-09-05_00:44:09.251[Status]Routing 49: Walk: 49
2019-09-05_00:44:09.360[Battery Energy]101.64
2019-09-05_00:44:09.360[Status]Routing Start.
2019-09-05_00:44:09.609[Status]{'id': 14, 'coordinate': [526.62813106832, 412.3206091413555]}
2019-09-05_00:44:09.609[Status]Routing 50: Walk: 50
2019-09-05_00:44:09.709[Battery Energy]101.38
2019-09-05_00:44:09.709[Status]Routing Start.
2019-09-05_00:44:09.886[Status]{'id': 14, 'coordinate': [536.0006936896865, 415.8070213241826]}
2019-09-05_00:44:09.892[Status]Routing 51: Walk: 51
2019-09-05_00:44:09.995[Battery Energy]101.16
2019-09-05_00:44:09.995[Status]Routing Start.
2019-09-05_00:44:10.352[Status]{'id': 14, 'coordinate': [545.373256311053, 419.2934335070097]}
2019-09-05_00:44:10.352[Status]Routing 52: Walk: 52
2019-09-05_00:44:10.460[Battery Energy]100.86
2019-09-05_00:44:10.460[Status]Routing Start.
2019-09-05_00:44:10.608[Status]{'id': 14, 'coordinate': [554.7458189324194, 422.7798456898368]}
2019-09-05_00:44:10.608[Status]Routing 53: Walk: 53
2019-09-05_00:44:10.720[Battery Energy]100.67
2019-09-05_00:44:10.720[Status]Routing Start.
2019-09-05_00:44:10.888[Status]{'id': 14, 'coordinate': [564.1183815537859, 426.2662578726639]}
2019-09-05_00:44:10.888[Status]Routing 54: Walk: 54
2019-09-05_00:44:10.996[Battery Energy]100.44
2019-09-05_00:44:10.996[Status]Routing Start.
2019-09-05_00:44:11.151[Status]{'id': 14, 'coordinate': [573.4909441751523, 429.752670055491]}
2019-09-05_00:44:11.153[Status]Routing 55: Walk: 55
2019-09-05_00:44:11.260[Battery Energy]100.26
2019-09-05_00:44:11.260[Status]Routing Start.
2019-09-05_00:44:11.422[Status]{'id': 14, 'coordinate': [582.8635067965188, 433.23908223831813]}
2019-09-05_00:44:11.422[Status]Routing 56: Walk: 56
2019-09-05_00:44:11.522[Battery Energy]100.07
2019-09-05_00:44:11.522[Status]Routing Start.
2019-09-05_00:44:11.900[Status]{'id': 14, 'coordinate': [592.2360694178852, 436.72549442114524]}
2019-09-05_00:44:11.900[Status]Routing 57: Walk: 57
2019-09-05_00:44:12.001[Battery Energy]99.72
2019-09-05_00:44:12.001[Status]Routing Start.
2019-09-05_00:44:12.352[Status]{'id': 14, 'coordinate': [590.5878816535776, 446.5887330927777]}
2019-09-05_00:44:12.353[Status]Routing 58: Walk: 58
2019-09-05_00:44:12.453[Battery Energy]99.38
2019-09-05_00:44:12.453[Status]Routing Start.
2019-09-05_00:44:12.797[Status]{'id': 14, 'coordinate': [600.0050913764504, 449.9526833057608]}
2019-09-05_00:44:12.797[Status]Routing 59: Walk: 59
2019-09-05_00:44:12.897[Battery Energy]99.03
2019-09-05_00:44:12.897[Status]Routing Start.
2019-09-05_00:44:13.225[Status]{'id': 14, 'coordinate': [609.4223010993232, 453.31663351874386]}
2019-09-05_00:44:13.225[Status]Routing 60: Walk: 60
2019-09-05_00:44:13.325[Battery Energy]98.71
2019-09-05_00:44:13.326[Status]Routing Start.
2019-09-05_00:44:13.650[Status]{'id': 14, 'coordinate': [618.8395108221961, 456.6805837317269]}
2019-09-05_00:44:13.651[Status]Routing 61: Walk: 61
2019-09-05_00:44:13.751[Battery Energy]98.35
2019-09-05_00:44:13.751[Status]Routing Start.
2019-09-05_00:44:14.105[Status]{'id': 14, 'coordinate': [628.2567205450689, 460.04453394471]}
2019-09-05_00:44:14.105[Status]Routing 62: Walk: 62
2019-09-05_00:44:14.205[Battery Energy]97.95
2019-09-05_00:44:14.205[Status]Routing Start.
2019-09-05_00:44:14.534[Status]{'id': 14, 'coordinate': [637.6739302679417, 463.40848415769307]}
2019-09-05_00:44:14.534[Status]Routing 63: Walk: 63
2019-09-05_00:44:14.634[Battery Energy]97.54
2019-09-05_00:44:14.634[Status]Routing Start.
2019-09-05_00:44:14.877[Status]{'id': 14, 'coordinate': [647.0911399908146, 466.77243437067614]}
2019-09-05_00:44:14.877[Status]Routing 64: Walk: 64
2019-09-05_00:44:14.977[Battery Energy]97.31
2019-09-05_00:44:14.977[Status]Routing Start.
2019-09-05_00:44:15.250[Status]{'id': 14, 'coordinate': [656.5083497136874, 470.1363845836592]}
2019-09-05_00:44:15.251[Status]Routing 65: Walk: 65
2019-09-05_00:44:15.356[Battery Energy]97.05
2019-09-05_00:44:15.356[Status]Routing Start.
2019-09-05_00:44:15.688[Status]{'id': 14, 'coordinate': [665.9255594365602, 473.5003347966423]}
2019-09-05_00:44:15.688[Status]Routing 66: Walk: 66
2019-09-05_00:44:15.788[Battery Energy]96.74
2019-09-05_00:44:15.788[Status]Routing Start.
2019-09-05_00:44:16.042[Status]{'id': 14, 'coordinate': [675.342769159433, 476.86428500962535]}
2019-09-05_00:44:16.042[Status]Routing 67: Walk: 67
2019-09-05_00:44:16.148[Battery Energy]96.48
2019-09-05_00:44:16.148[Status]Routing Start.
2019-09-05_00:44:16.370[Status]{'id': 14, 'coordinate': [684.7599788823059, 480.2282352226084]}
2019-09-05_00:44:16.370[Status]Routing 68: Walk: 68
2019-09-05_00:44:16.472[Battery Energy]96.19
2019-09-05_00:44:16.472[Status]Routing Start.
2019-09-05_00:44:16.832[Status]{'id': 14, 'coordinate': [694.1771886051787, 483.5921854355915]}
2019-09-05_00:44:16.833[Status]Routing 69: Walk: 69
2019-09-05_00:44:16.933[Battery Energy]95.80
2019-09-05_00:44:16.933[Status]Routing Start.
2019-09-05_00:44:17.098[Status]{'id': 14, 'coordinate': [703.5943983280515, 486.95613564857456]}
2019-09-05_00:44:17.098[Status]Routing 70: Walk: 70
2019-09-05_00:44:17.216[Battery Energy]95.60
2019-09-05_00:44:17.216[Status]Routing Start.
2019-09-05_00:44:17.422[Status]{'id': 14, 'coordinate': [713.0116080509243, 490.32008586155763]}
2019-09-05_00:44:17.422[Status]Routing 71: Walk: 71
2019-09-05_00:44:17.532[Battery Energy]95.35
2019-09-05_00:44:17.532[Status]Routing Start.
2019-09-05_00:44:17.682[Status]{'id': 14, 'coordinate': [722.4288177737972, 493.6840360745407]}
2019-09-05_00:44:17.682[Status]Routing 72: Walk: 72
2019-09-05_00:44:17.784[Battery Energy]95.15
2019-09-05_00:44:17.784[Status]Routing Start.
2019-09-05_00:44:18.150[Status]{'id': 14, 'coordinate': [731.84602749667, 497.04798628752377]}
2019-09-05_00:44:18.150[Status]Routing 73: Walk: 73
2019-09-05_00:44:18.252[Battery Energy]94.79
2019-09-05_00:44:18.252[Status]Routing Start.
2019-09-05_00:44:18.722[Status]{'id': 14, 'coordinate': [741.2632372195428, 500.41193650050684]}
2019-09-05_00:44:18.722[Status]Routing 74: Walk: 74
2019-09-05_00:44:18.822[Battery Energy]94.38
2019-09-05_00:44:18.822[Status]Routing Start.
2019-09-05_00:44:19.214[Status]{'id': 14, 'coordinate': [750.6804469424156, 503.7758867134899]}
2019-09-05_00:44:19.214[Status]Routing 75: Walk: 75
2019-09-05_00:44:19.320[Battery Energy]94.00
2019-09-05_00:44:19.320[Status]Routing Start.
2019-09-05_00:44:19.711[Status]{'id': 14, 'coordinate': [760.0976566652885, 507.139836926473]}
2019-09-05_00:44:19.711[Status]Routing 76: Walk: 76
2019-09-05_00:44:19.828[Battery Energy]93.68
2019-09-05_00:44:19.828[Status]Routing Start.
2019-09-05_00:44:20.231[Status]{'id': 14, 'coordinate': [769.5148663881613, 510.50378713945605]}
2019-09-05_00:44:20.231[Status]Routing 77: Walk: 77
2019-09-05_00:44:20.345[Battery Energy]93.34
2019-09-05_00:44:20.345[Status]Routing Start.
2019-09-05_00:44:20.567[Status]{'id': 14, 'coordinate': [778.9320761110341, 513.8677373524391]}
2019-09-05_00:44:20.567[Status]Routing 78: Walk: 78
2019-09-05_00:44:20.676[Battery Energy]93.08
2019-09-05_00:44:20.676[Status]Routing Start.
2019-09-05_00:44:20.852[Status]{'id': 14, 'coordinate': [788.349285833907, 517.2316875654222]}
2019-09-05_00:44:20.852[Status]Routing 79: Walk: 79
2019-09-05_00:44:20.952[Battery Energy]92.83
2019-09-05_00:44:20.952[Status]Routing Start.
2019-09-05_00:44:21.247[Status]{'id': 14, 'coordinate': [797.7664955567798, 520.5956377784054]}
2019-09-05_00:44:21.250[Status]Routing 80: Walk: 80
2019-09-05_00:44:21.350[Battery Energy]92.57
2019-09-05_00:44:21.350[Status]Routing Start.
2019-09-05_00:44:21.622[Status]{'id': 14, 'coordinate': [807.1837052796526, 523.9595879913885]}
2019-09-05_00:44:21.622[Status]Routing 81: Walk: 81
2019-09-05_00:44:21.722[Battery Energy]92.22
2019-09-05_00:44:21.722[Status]Routing Start.
2019-09-05_00:44:21.985[Status]{'id': 14, 'coordinate': [816.6009150025254, 527.3235382043716]}
2019-09-05_00:44:21.986[Status]Routing 82: Walk: 82
2019-09-05_00:44:22.100[Battery Energy]91.96
2019-09-05_00:44:22.100[Status]Routing Start.
2019-09-05_00:44:22.272[Status]{'id': 14, 'coordinate': [826.0181247253983, 530.6874884173546]}
2019-09-05_00:44:22.272[Status]Routing 83: Walk: 83
2019-09-05_00:44:22.388[Battery Energy]91.76
2019-09-05_00:44:22.388[Status]Routing Start.
2019-09-05_00:44:22.544[Status]{'id': 14, 'coordinate': [835.4353344482711, 534.0514386303378]}
2019-09-05_00:44:22.544[Status]Routing 84: Walk: 84
2019-09-05_00:44:22.664[Battery Energy]91.56
2019-09-05_00:44:22.664[Status]Routing Start.
2019-09-05_00:44:22.883[Status]{'id': 14, 'coordinate': [844.8525441711439, 537.4153888433208]}
2019-09-05_00:44:22.884[Status]Routing 85: Walk: 85
2019-09-05_00:44:22.984[Battery Energy]91.37
2019-09-05_00:44:22.984[Status]Routing Start.
2019-09-05_00:44:23.183[Status]{'id': 14, 'coordinate': [854.2697538940167, 540.7793390563038]}
2019-09-05_00:44:23.183[Status]Routing 86: Walk: 86
2019-09-05_00:44:23.286[Battery Energy]91.12
2019-09-05_00:44:23.286[Status]Routing Start.
2019-09-05_00:44:23.561[Status]{'id': 14, 'coordinate': [863.6869636168896, 544.1432892692869]}
2019-09-05_00:44:23.561[Status]Routing 87: Walk: 87
2019-09-05_00:44:23.664[Battery Energy]90.81
2019-09-05_00:44:23.664[Status]Routing Start.
2019-09-05_00:44:24.015[Status]{'id': 14, 'coordinate': [873.1041733397624, 547.50723948227]}
2019-09-05_00:44:24.015[Status]Routing 88: Walk: 88
2019-09-05_00:44:24.120[Battery Energy]90.46
2019-09-05_00:44:24.120[Status]Routing Start.
2019-09-05_00:44:24.269[Status]{'id': 14, 'coordinate': [882.5213830626352, 550.8711896952531]}
2019-09-05_00:44:24.269[Status]Routing 89: Walk: 89
2019-09-05_00:44:24.372[Battery Energy]90.24
2019-09-05_00:44:24.372[Status]Routing Start.
2019-09-05_00:44:24.691[Status]{'id': 14, 'coordinate': [891.938592785508, 554.2351399082361]}
2019-09-05_00:44:24.692[Status]Routing 90: Walk: 90
2019-09-05_00:44:24.804[Battery Energy]89.97
2019-09-05_00:44:24.804[Status]Routing Start.
2019-09-05_00:44:25.137[Status]{'id': 14, 'coordinate': [901.3558025083809, 557.5990901212191]}
2019-09-05_00:44:25.137[Status]Routing 91: Walk: 91
2019-09-05_00:44:25.237[Battery Energy]89.67
2019-09-05_00:44:25.237[Status]Routing Start.
2019-09-05_00:44:25.569[Status]{'id': 14, 'coordinate': [910.7730122312537, 560.9630403342022]}
2019-09-05_00:44:25.569[Status]Routing 92: Walk: 92
2019-09-05_00:44:25.669[Battery Energy]89.34
2019-09-05_00:44:25.669[Status]Routing Start.
2019-09-05_00:44:26.002[Status]{'id': 14, 'coordinate': [920.1902219541265, 564.3269905471852]}
2019-09-05_00:44:26.002[Status]Routing 93: Walk: 93
2019-09-05_00:44:26.104[Battery Energy]88.99
2019-09-05_00:44:26.104[Status]Routing Start.
2019-09-05_00:44:26.480[Status]{'id': 14, 'coordinate': [929.6074316769993, 567.6909407601684]}
2019-09-05_00:44:26.480[Status]Routing 94: Walk: 94
2019-09-05_00:44:26.588[Battery Energy]88.67
2019-09-05_00:44:26.588[Status]Routing Start.
2019-09-05_00:44:26.941[Status]{'id': 14, 'coordinate': [939.0246413998722, 571.0548909731514]}
2019-09-05_00:44:26.941[Status]Routing 95: Walk: 95
2019-09-05_00:44:27.048[Battery Energy]88.34
2019-09-05_00:44:27.048[Status]Routing Start.
2019-09-05_00:44:27.372[Status]{'id': 14, 'coordinate': [948.441851122745, 574.4188411861344]}
2019-09-05_00:44:27.372[Status]Routing 96: Walk: 96
2019-09-05_00:44:27.472[Battery Energy]88.04
2019-09-05_00:44:27.472[Status]Routing Start.
2019-09-05_00:44:27.755[Status]{'id': 14, 'coordinate': [957.8590608456178, 577.7827913991175]}
2019-09-05_00:44:27.755[Status]Routing 97: Walk: 97
2019-09-05_00:44:27.864[Battery Energy]87.75
2019-09-05_00:44:27.864[Status]Routing Start.
2019-09-05_00:44:28.201[Status]{'id': 14, 'coordinate': [967.2762705684906, 581.1467416121005]}
2019-09-05_00:44:28.201[Status]Routing 98: Walk: 98
2019-09-05_00:44:28.301[Battery Energy]87.43
2019-09-05_00:44:28.301[Status]Routing Start.
2019-09-05_00:44:28.668[Status]{'id': 14, 'coordinate': [976.6934802913635, 584.5106918250835]}
2019-09-05_00:44:28.668[Status]Routing 99: Walk: 99
2019-09-05_00:44:28.788[Battery Energy]87.12
2019-09-05_00:44:28.788[Status]Routing Start.
2019-09-05_00:44:29.105[Status]{'id': 14, 'coordinate': [986.1106900142363, 587.8746420380667]}
2019-09-05_00:44:29.105[Status]Routing 100: Walk: 100
2019-09-05_00:44:29.209[Battery Energy]86.83
2019-09-05_00:44:29.209[Status]Routing Start.
2019-09-05_00:44:29.579[Status]{'id': 14, 'coordinate': [995.5278997371091, 591.2385922510497]}
2019-09-05_00:44:29.579[Status]Routing 101: Walk: 101
2019-09-05_00:44:29.682[Battery Energy]86.47
2019-09-05_00:44:29.682[Status]Routing Start.
2019-09-05_00:44:30.030[Status]{'id': 14, 'coordinate': [1004.945109459982, 594.6025424640328]}
2019-09-05_00:44:30.030[Status]Routing 102: Walk: 102
2019-09-05_00:44:30.144[Battery Energy]86.12
2019-09-05_00:44:30.144[Status]Routing Start.
2019-09-05_00:44:30.480[Status]{'id': 14, 'coordinate': [1014.3623191828548, 597.9664926770158]}
2019-09-05_00:44:30.480[Status]Routing 103: Walk: 103
2019-09-05_00:44:30.626[Battery Energy]85.81
2019-09-05_00:44:30.630[Status]Routing Start.
2019-09-05_00:44:30.940[Status]{'id': 14, 'coordinate': [1023.7795289057276, 601.3304428899988]}
2019-09-05_00:44:30.942[Status]Routing 104: Walk: 104
2019-09-05_00:44:31.042[Battery Energy]85.51
2019-09-05_00:44:31.042[Status]Routing Start.
2019-09-05_00:44:31.472[Status]{'id': 14, 'coordinate': [1033.1967386286005, 604.694393102982]}
2019-09-05_00:44:31.472[Status]Routing 105: Walk: 105
2019-09-05_00:44:31.576[Battery Energy]85.19
2019-09-05_00:44:31.576[Status]Routing Start.
2019-09-05_00:44:31.965[Status]{'id': 14, 'coordinate': [1042.6139483514735, 608.0583433159651]}
2019-09-05_00:44:31.965[Status]Routing 106: Walk: 106
2019-09-05_00:44:32.065[Battery Energy]84.91
2019-09-05_00:44:32.065[Status]Routing Start.
2019-09-05_00:44:32.469[Status]{'id': 14, 'coordinate': [1052.0311580743464, 611.4222935289481]}
2019-09-05_00:44:32.470[Status]Routing 107: Walk: 107
2019-09-05_00:44:32.570[Battery Energy]84.59
2019-09-05_00:44:32.570[Status]Routing Start.
2019-09-05_00:44:32.892[Status]{'id': 14, 'coordinate': [1061.4483677972194, 614.7862437419312]}
2019-09-05_00:44:32.892[Status]Routing 108: Walk: 108
2019-09-05_00:44:32.992[Battery Energy]84.26
2019-09-05_00:44:32.992[Status]Routing Start.
2019-09-05_00:44:33.275[Status]{'id': 14, 'coordinate': [1070.8655775200923, 618.1501939549144]}
2019-09-05_00:44:33.275[Status]Routing 109: Walk: 109
2019-09-05_00:44:33.380[Battery Energy]83.98
2019-09-05_00:44:33.380[Status]Routing Start.
2019-09-05_00:44:33.738[Status]{'id': 14, 'coordinate': [1080.2827872429652, 621.5141441678975]}
2019-09-05_00:44:33.738[Status]Routing 110: Walk: 110
2019-09-05_00:44:33.848[Battery Energy]83.61
2019-09-05_00:44:33.848[Status]Routing Start.
2019-09-05_00:44:34.195[Status]{'id': 14, 'coordinate': [1089.6999969658382, 624.8780943808805]}
2019-09-05_00:44:34.196[Status]Routing 111: Walk: 111
2019-09-05_00:44:34.296[Battery Energy]83.29
2019-09-05_00:44:34.296[Status]Routing Start.
2019-09-05_00:44:34.684[Status]{'id': 14, 'coordinate': [1099.1172066887111, 628.2420445938636]}
2019-09-05_00:44:34.684[Status]Routing 112: Walk: 112
2019-09-05_00:44:34.788[Battery Energy]82.91
2019-09-05_00:44:34.788[Status]Routing Start.
2019-09-05_00:44:35.144[Status]{'id': 14, 'coordinate': [1108.534416411584, 631.6059948068468]}
2019-09-05_00:44:35.144[Status]Routing 113: Walk: 113
2019-09-05_00:44:35.244[Battery Energy]82.69
2019-09-05_00:44:35.245[Status]Routing Start.
2019-09-05_00:44:35.406[Status]{'id': 14, 'coordinate': [1117.951626134457, 634.9699450198299]}
2019-09-05_00:44:35.406[Status]Routing 114: Walk: 114
2019-09-05_00:44:35.516[Battery Energy]82.49
2019-09-05_00:44:35.516[Status]Routing Start.
2019-09-05_00:44:35.716[Status]{'id': 14, 'coordinate': [1127.36883585733, 638.3338952328129]}
2019-09-05_00:44:35.716[Status]Routing 115: Walk: 115
2019-09-05_00:44:35.820[Battery Energy]82.27
2019-09-05_00:44:35.820[Status]Routing Start.
2019-09-05_00:44:36.264[Status]{'id': 14, 'coordinate': [1136.7860455802029, 641.697845445796]}
2019-09-05_00:44:36.264[Status]Routing 116: Walk: 116
2019-09-05_00:44:36.365[Battery Energy]81.96
2019-09-05_00:44:36.365[Status]Routing Start.
2019-09-05_00:44:36.754[Status]{'id': 14, 'coordinate': [1146.2032553030758, 645.0617956587791]}
2019-09-05_00:44:36.754[Status]Routing 117: Walk: 117
2019-09-05_00:44:36.864[Battery Energy]81.62
2019-09-05_00:44:36.864[Status]Routing Start.
2019-09-05_00:44:37.079[Status]{'id': 14, 'coordinate': [1155.6204650259488, 648.4257458717623]}
2019-09-05_00:44:37.079[Status]Routing 118: Walk: 118
2019-09-05_00:44:37.184[Battery Energy]81.42
2019-09-05_00:44:37.184[Status]Routing Start.
2019-09-05_00:44:37.497[Status]{'id': 14, 'coordinate': [1165.0376747488217, 651.7896960847453]}
2019-09-05_00:44:37.497[Status]Routing 119: Walk: 119
2019-09-05_00:44:37.597[Battery Energy]81.15
2019-09-05_00:44:37.597[Status]Routing Start.
2019-09-05_00:44:37.889[Status]{'id': 14, 'coordinate': [1174.4548844716946, 655.1536462977284]}
2019-09-05_00:44:37.889[Status]Routing 120: Walk: 120
2019-09-05_00:44:38.004[Battery Energy]80.86
2019-09-05_00:44:38.004[Status]Routing Start.
2019-09-05_00:44:38.161[Status]{'id': 14, 'coordinate': [1183.8720941945676, 658.5175965107115]}
2019-09-05_00:44:38.161[Status]Routing 121: Walk: 121
2019-09-05_00:44:38.271[Battery Energy]80.66
2019-09-05_00:44:38.271[Status]Routing Start.
2019-09-05_00:44:38.430[Status]{'id': 14, 'coordinate': [1193.2893039174405, 661.8815467236947]}
2019-09-05_00:44:38.430[Status]Routing 122: Walk: 122
2019-09-05_00:44:38.540[Battery Energy]80.48
2019-09-05_00:44:38.540[Status]Routing Start.
2019-09-05_00:44:38.838[Status]{'id': 14, 'coordinate': [1202.7065136403135, 665.2454969366777]}
2019-09-05_00:44:38.839[Status]Routing 123: Walk: 123
2019-09-05_00:44:38.952[Battery Energy]80.20
2019-09-05_00:44:38.952[Status]Routing Start.
2019-09-05_00:44:39.263[Status]{'id': 14, 'coordinate': [1212.1237233631864, 668.6094471496608]}
2019-09-05_00:44:39.263[Status]Routing 124: Walk: 124
2019-09-05_00:44:39.363[Battery Energy]79.95
2019-09-05_00:44:39.363[Status]Routing Start.
2019-09-05_00:44:39.530[Status]{'id': 14, 'coordinate': [1221.5409330860593, 671.9733973626439]}
2019-09-05_00:44:39.530[Status]Routing 125: Walk: 125
2019-09-05_00:44:39.630[Battery Energy]79.74
2019-09-05_00:44:39.630[Status]Routing Start.
2019-09-05_00:44:39.777[Status]{'id': 14, 'coordinate': [1230.9581428089323, 675.3373475756271]}
2019-09-05_00:44:39.778[Status]Routing 126: Walk: 126
2019-09-05_00:44:39.878[Battery Energy]79.54
2019-09-05_00:44:39.878[Status]Routing Start.
2019-09-05_00:44:40.107[Status]{'id': 14, 'coordinate': [1240.3753525318052, 678.7012977886101]}
2019-09-05_00:44:40.107[Status]Routing 127: Walk: 127
2019-09-05_00:44:40.228[Battery Energy]79.29
2019-09-05_00:44:40.228[Status]Routing Start.
2019-09-05_00:44:40.370[Status]{'id': 14, 'coordinate': [1249.7925622546782, 682.0652480015932]}
2019-09-05_00:44:40.370[Status]Routing 128: Walk: 128
2019-09-05_00:44:40.471[Battery Energy]79.11
2019-09-05_00:44:40.471[Status]Routing Start.
2019-09-05_00:44:40.638[Status]{'id': 14, 'coordinate': [1259.209771977551, 685.4291982145763]}
2019-09-05_00:44:40.638[Status]Routing 129: Walk: 129
2019-09-05_00:44:40.738[Battery Energy]78.92
2019-09-05_00:44:40.738[Status]Routing Start.
2019-09-05_00:44:40.952[Status]{'id': 14, 'coordinate': [1268.626981700424, 688.7931484275595]}
2019-09-05_00:44:40.953[Status]Routing 130: Walk: 130
2019-09-05_00:44:41.056[Battery Energy]78.71
2019-09-05_00:44:41.056[Status]Routing Start.
2019-09-05_00:44:41.314[Status]{'id': 14, 'coordinate': [1278.044191423297, 692.1570986405425]}
2019-09-05_00:44:41.314[Status]Routing 131: Walk: 131
2019-09-05_00:44:41.431[Battery Energy]78.45
2019-09-05_00:44:41.431[Status]Routing Start.
2019-09-05_00:44:41.585[Status]{'id': 14, 'coordinate': [1287.46140114617, 695.5210488535256]}
2019-09-05_00:44:41.585[Status]Routing 132: Walk: 132
2019-09-05_00:44:41.687[Battery Energy]78.26
2019-09-05_00:44:41.687[Status]Routing Start.
2019-09-05_00:44:41.857[Status]{'id': 14, 'coordinate': [1296.8786108690429, 698.8849990665087]}
2019-09-05_00:44:41.857[Status]Routing 133: Walk: 133
2019-09-05_00:44:41.976[Battery Energy]78.06
2019-09-05_00:44:41.976[Status]Routing Start.
2019-09-05_00:44:41.976[Status]Task Finished.
2019-09-05_00:44:42.077[Battery Energy]78.06
2019-09-05_00:44:42.248[Status]Routing 135: Walk: 133
2019-09-05_00:44:42.354[Battery Energy]77.93
2019-09-05_00:44:42.599[Status]Routing 136: Walk: 133
2019-09-05_00:44:42.708[Battery Energy]77.78
2019-09-05_00:44:42.953[Status]Routing 137: Walk: 133
2019-09-05_00:44:43.056[Battery Energy]77.63
2019-09-05_00:44:43.238[Status]Routing 138: Walk: 133
2019-09-05_00:44:43.338[Battery Energy]77.51
2019-09-05_00:44:43.521[Status]Routing 139: Walk: 133
2019-09-05_00:44:43.622[Battery Energy]77.42
2019-09-05_00:44:43.770[Status]Routing 140: Walk: 133
2019-09-05_00:44:43.870[Battery Energy]77.31
2019-09-05_00:44:44.059[Status]Routing 141: Walk: 133
2019-09-05_00:44:44.168[Battery Energy]77.18
2019-09-05_00:44:44.325[Status]Routing 142: Walk: 133
2019-09-05_00:44:44.440[Battery Energy]77.08
2019-09-05_00:44:44.624[Status]Routing 143: Walk: 133
2019-09-05_00:44:44.732[Battery Energy]76.99
2019-09-05_00:44:44.891[Status]Routing 144: Walk: 133
2019-09-05_00:44:44.991[Battery Energy]76.88
2019-09-05_00:44:45.248[Status]Routing 145: Walk: 133
2019-09-05_00:44:45.364[Battery Energy]76.75
2019-09-05_00:44:45.565[Status]Routing 146: Walk: 133
2019-09-05_00:44:45.671[Battery Energy]76.62
2019-09-05_00:44:45.832[Status]Routing 147: Walk: 133
2019-09-05_00:44:45.944[Battery Energy]76.52
2019-09-05_00:44:46.101[Status]Routing 148: Walk: 133
2019-09-05_00:44:46.201[Battery Energy]76.41
2019-09-05_00:44:46.442[Status]Routing 149: Walk: 133
2019-09-05_00:44:46.543[Battery Energy]76.30
2019-09-05_00:44:46.759[Status]Routing 150: Walk: 133
2019-09-05_00:44:46.859[Battery Energy]76.16
2019-09-05_00:44:47.005[Status]Routing 151: Walk: 133
2019-09-05_00:44:47.108[Battery Energy]76.07
2019-09-05_00:44:47.288[Status]Routing 152: Walk: 133
2019-09-05_00:44:47.400[Battery Energy]75.97
2019-09-05_00:44:47.607[Status]Routing 153: Walk: 133
2019-09-05_00:44:47.732[Battery Energy]75.82
2019-09-05_00:44:47.895[Status]Routing 154: Walk: 133
2019-09-05_00:44:48.004[Battery Energy]75.71
2019-09-05_00:44:48.217[Status]Routing 155: Walk: 133
2019-09-05_00:44:48.319[Battery Energy]75.61
2019-09-05_00:44:48.503[Status]Routing 156: Walk: 133
2019-09-05_00:44:48.607[Battery Energy]75.52
2019-09-05_00:44:48.783[Status]Routing 157: Walk: 133
2019-09-05_00:44:48.884[Battery Energy]75.43
2019-09-05_00:44:49.081[Status]Routing 158: Walk: 133
2019-09-05_00:44:49.184[Battery Energy]75.28
2019-09-05_00:44:49.374[Status]Routing 159: Walk: 133
2019-09-05_00:44:49.477[Battery Energy]75.12
2019-09-05_00:44:49.642[Status]Routing 160: Walk: 133
2019-09-05_00:44:49.744[Battery Energy]74.97
2019-09-05_00:44:49.899[Status]Routing 161: Walk: 133
2019-09-05_00:44:50.000[Battery Energy]74.85
2019-09-05_00:44:50.174[Status]Routing 162: Walk: 133
2019-09-05_00:44:50.274[Battery Energy]74.73
2019-09-05_00:44:50.456[Status]Routing 163: Walk: 133
2019-09-05_00:44:50.556[Battery Energy]74.59
2019-09-05_00:44:50.702[Status]Routing 164: Walk: 133
2019-09-05_00:44:50.804[Battery Energy]74.48
2019-09-05_00:44:50.949[Status]Routing 165: Walk: 133
2019-09-05_00:44:51.052[Battery Energy]74.40
2019-09-05_00:44:51.216[Status]Routing 166: Walk: 133
2019-09-05_00:44:51.336[Battery Energy]74.31
2019-09-05_00:44:51.570[Status]Routing 167: Walk: 133
2019-09-05_00:44:51.676[Battery Energy]74.16
2019-09-05_00:44:51.931[Status]Routing 168: Walk: 133
2019-09-05_00:44:52.048[Battery Energy]74.04
2019-09-05_00:44:52.204[Status]Routing 169: Walk: 133
2019-09-05_00:44:52.324[Battery Energy]73.93
2019-09-05_00:44:52.515[Status]Routing 170: Walk: 133
2019-09-05_00:44:52.632[Battery Energy]73.83
2019-09-05_00:44:52.804[Status]Routing 171: Walk: 133
2019-09-05_00:44:52.904[Battery Energy]73.73
2019-09-05_00:44:53.113[Status]Routing 172: Walk: 133
2019-09-05_00:44:53.216[Battery Energy]73.63
