2019-09-05_00:43:41.099[Status]Start.
2019-09-05_00:43:41.100[Battery Energy]118.00
2019-09-05_00:43:42.201[Battery Energy]117.96
2019-09-05_00:43:43.302[Battery Energy]117.92
2019-09-05_00:43:44.403[Battery Energy]117.88
2019-09-05_00:43:45.504[Battery Energy]117.84
2019-09-05_00:43:46.613[Task]A New Task Released.
2019-09-05_00:43:46.613[Battery Energy]117.80
2019-09-05_00:43:46.613[Status]Selection Start.
2019-09-05_00:43:46.997[Status]Selection End: Do Task 2.
2019-09-05_00:43:47.104[Battery Energy]117.55
2019-09-05_00:43:47.104[Status]Formation Start.
2019-09-05_00:43:47.284[Status]Formation End: To Position 0.
2019-09-05_00:43:47.384[Battery Energy]117.44
2019-09-05_00:43:47.384[Status]Routing Start.
2019-09-05_00:43:47.541[Status]{'id': 20, 'coordinate': [75.99978956911268, 168.06487351898406]}
2019-09-05_00:43:47.541[Status]Routing 1: Walk: 1
2019-09-05_00:43:47.641[Battery Energy]117.23
2019-09-05_00:43:47.641[Status]Routing Start.
2019-09-05_00:43:47.826[Status]{'id': 20, 'coordinate': [85.99957913822536, 168.12974703796812]}
2019-09-05_00:43:47.826[Status]Routing 2: Walk: 2
2019-09-05_00:43:47.930[Battery Energy]117.02
2019-09-05_00:43:47.930[Status]Routing Start.
2019-09-05_00:43:48.107[Status]{'id': 20, 'coordinate': [95.99936870733804, 168.19462055695217]}
2019-09-05_00:43:48.107[Status]Routing 3: Walk: 3
2019-09-05_00:43:48.211[Battery Energy]116.81
2019-09-05_00:43:48.211[Status]Routing Start.
2019-09-05_00:43:48.454[Status]{'id': 20, 'coordinate': [105.99915827645071, 168.25949407593623]}
2019-09-05_00:43:48.454[Status]Routing 4: Walk: 4
2019-09-05_00:43:48.554[Battery Energy]116.51
2019-09-05_00:43:48.554[Status]Routing Start.
2019-09-05_00:43:48.774[Status]{'id': 20, 'coordinate': [115.99894784556339, 168.3243675949203]}
2019-09-05_00:43:48.774[Status]Routing 5: Walk: 5
2019-09-05_00:43:48.908[Battery Energy]116.27
2019-09-05_00:43:48.908[Status]Routing Start.
2019-09-05_00:43:49.349[Status]Routing 6: Walk: 5
2019-09-05_00:43:49.449[Battery Energy]115.89
2019-09-05_00:43:49.449[Status]Routing Start.
2019-09-05_00:43:49.792[Status]Routing 7: Walk: 5
2019-09-05_00:43:49.893[Battery Energy]115.60
2019-09-05_00:43:49.893[Status]Routing Start.
2019-09-05_00:43:50.218[Status]Routing 8: Walk: 5
2019-09-05_00:43:50.319[Battery Energy]115.32
2019-09-05_00:43:50.319[Status]Routing Start.
2019-09-05_00:43:50.626[Status]Routing 9: Walk: 5
2019-09-05_00:43:50.728[Battery Energy]115.05
2019-09-05_00:43:50.728[Status]Routing Start.
2019-09-05_00:43:51.117[Status]Routing 10: Walk: 5
2019-09-05_00:43:51.217[Battery Energy]114.72
2019-09-05_00:43:51.217[Status]Routing Start.
2019-09-05_00:43:51.659[Status]Routing 11: Walk: 5
2019-09-05_00:43:51.764[Battery Energy]114.38
2019-09-05_00:43:51.764[Status]Routing Start.
2019-09-05_00:43:51.988[Status]{'id': 20, 'coordinate': [125.99873741467607, 168.38924111390435]}
2019-09-05_00:43:51.988[Status]Routing 12: Walk: 6
2019-09-05_00:43:52.089[Battery Energy]114.12
2019-09-05_00:43:52.089[Status]Routing Start.
2019-09-05_00:43:52.513[Status]{'id': 20, 'coordinate': [135.99852698378874, 168.4541146328884]}
2019-09-05_00:43:52.513[Status]Routing 13: Walk: 7
2019-09-05_00:43:52.624[Battery Energy]113.76
2019-09-05_00:43:52.624[Status]Routing Start.
2019-09-05_00:43:53.009[Status]{'id': 20, 'coordinate': [145.9983165529014, 168.51898815187246]}
2019-09-05_00:43:53.009[Status]Routing 14: Walk: 8
2019-09-05_00:43:53.116[Battery Energy]113.41
2019-09-05_00:43:53.116[Status]Routing Start.
2019-09-05_00:43:53.565[Status]{'id': 20, 'coordinate': [155.99810612201406, 168.58386167085652]}
2019-09-05_00:43:53.565[Status]Routing 15: Walk: 9
2019-09-05_00:43:53.676[Battery Energy]113.03
2019-09-05_00:43:53.676[Status]Routing Start.
2019-09-05_00:43:54.089[Status]{'id': 20, 'coordinate': [165.99789569112673, 168.64873518984058]}
2019-09-05_00:43:54.094[Status]Routing 16: Walk: 10
2019-09-05_00:43:54.216[Battery Energy]112.70
2019-09-05_00:43:54.216[Status]Routing Start.
2019-09-05_00:43:54.522[Status]{'id': 20, 'coordinate': [175.9976852602394, 168.71360870882464]}
2019-09-05_00:43:54.522[Status]Routing 17: Walk: 11
2019-09-05_00:43:54.628[Battery Energy]112.39
2019-09-05_00:43:54.628[Status]Routing Start.
2019-09-05_00:43:54.976[Status]{'id': 20, 'coordinate': [185.99747482935206, 168.7784822278087]}
2019-09-05_00:43:54.976[Status]Routing 18: Walk: 12
2019-09-05_00:43:55.092[Battery Energy]112.08
2019-09-05_00:43:55.092[Status]Routing Start.
2019-09-05_00:43:55.493[Status]{'id': 20, 'coordinate': [195.99726439846472, 168.84335574679275]}
2019-09-05_00:43:55.493[Status]Routing 19: Walk: 13
2019-09-05_00:43:55.597[Battery Energy]111.70
2019-09-05_00:43:55.597[Status]Routing Start.
2019-09-05_00:43:55.975[Status]{'id': 20, 'coordinate': [205.9970539675774, 168.9082292657768]}
2019-09-05_00:43:55.975[Status]Routing 20: Walk: 14
2019-09-05_00:43:56.077[Battery Energy]111.37
2019-09-05_00:43:56.077[Status]Routing Start.
2019-09-05_00:43:56.472[Status]{'id': 20, 'coordinate': [215.99684353669005, 168.97310278476087]}
2019-09-05_00:43:56.472[Status]Routing 21: Walk: 15
2019-09-05_00:43:56.576[Battery Energy]111.05
2019-09-05_00:43:56.576[Status]Routing Start.
2019-09-05_00:43:56.915[Status]{'id': 20, 'coordinate': [225.99663310580272, 169.03797630374493]}
2019-09-05_00:43:56.915[Status]Routing 22: Walk: 16
2019-09-05_00:43:57.037[Battery Energy]110.80
2019-09-05_00:43:57.037[Status]Routing Start.
2019-09-05_00:43:57.395[Status]{'id': 20, 'coordinate': [235.99642267491538, 169.10284982272898]}
2019-09-05_00:43:57.395[Status]Routing 23: Walk: 17
2019-09-05_00:43:57.497[Battery Energy]110.50
2019-09-05_00:43:57.497[Status]Routing Start.
2019-09-05_00:43:57.879[Status]{'id': 20, 'coordinate': [245.99621224402804, 169.16772334171304]}
2019-09-05_00:43:57.879[Status]Routing 24: Walk: 18
2019-09-05_00:43:57.988[Battery Energy]110.22
2019-09-05_00:43:57.988[Status]Routing Start.
2019-09-05_00:43:58.385[Status]{'id': 20, 'coordinate': [255.9960018131407, 169.2325968606971]}
2019-09-05_00:43:58.385[Status]Routing 25: Walk: 19
2019-09-05_00:43:58.488[Battery Energy]109.87
2019-09-05_00:43:58.488[Status]Routing Start.
2019-09-05_00:43:58.890[Status]{'id': 20, 'coordinate': [265.9957913822534, 169.29747037968116]}
2019-09-05_00:43:58.890[Status]Routing 26: Walk: 20
2019-09-05_00:43:58.996[Battery Energy]109.53
2019-09-05_00:43:58.996[Status]Routing Start.
2019-09-05_00:43:59.357[Status]{'id': 20, 'coordinate': [275.9955809513661, 169.36234389866522]}
2019-09-05_00:43:59.357[Status]Routing 27: Walk: 21
2019-09-05_00:43:59.457[Battery Energy]109.18
2019-09-05_00:43:59.457[Status]Routing Start.
2019-09-05_00:43:59.841[Status]{'id': 20, 'coordinate': [285.9953705204788, 169.42721741764927]}
2019-09-05_00:43:59.841[Status]Routing 28: Walk: 22
2019-09-05_00:43:59.948[Battery Energy]108.83
2019-09-05_00:43:59.948[Status]Routing Start.
2019-09-05_00:44:00.338[Status]{'id': 20, 'coordinate': [295.9951600895915, 169.49209093663333]}
2019-09-05_00:44:00.338[Status]Routing 29: Walk: 23
2019-09-05_00:44:00.438[Battery Energy]108.45
2019-09-05_00:44:00.438[Status]Routing Start.
2019-09-05_00:44:00.815[Status]{'id': 20, 'coordinate': [305.9949496587042, 169.5569644556174]}
2019-09-05_00:44:00.815[Status]Routing 30: Walk: 24
2019-09-05_00:44:00.924[Battery Energy]108.16
2019-09-05_00:44:00.924[Status]Routing Start.
2019-09-05_00:44:01.361[Status]{'id': 20, 'coordinate': [315.99473922781686, 169.62183797460145]}
2019-09-05_00:44:01.362[Status]Routing 31: Walk: 25
2019-09-05_00:44:01.466[Battery Energy]107.76
2019-09-05_00:44:01.466[Status]Routing Start.
2019-09-05_00:44:01.809[Status]{'id': 20, 'coordinate': [325.99452879692956, 169.6867114935855]}
2019-09-05_00:44:01.809[Status]Routing 32: Walk: 26
2019-09-05_00:44:01.912[Battery Energy]107.46
2019-09-05_00:44:01.912[Status]Routing Start.
2019-09-05_00:44:02.306[Status]{'id': 20, 'coordinate': [335.99431836604225, 169.75158501256956]}
2019-09-05_00:44:02.306[Status]Routing 33: Walk: 27
2019-09-05_00:44:02.407[Battery Energy]107.06
2019-09-05_00:44:02.407[Status]Routing Start.
2019-09-05_00:44:02.763[Status]{'id': 20, 'coordinate': [345.99410793515494, 169.81645853155362]}
2019-09-05_00:44:02.769[Status]Routing 34: Walk: 28
2019-09-05_00:44:02.869[Battery Energy]106.66
2019-09-05_00:44:02.869[Status]Routing Start.
2019-09-05_00:44:03.056[Status]{'id': 20, 'coordinate': [355.99389750426764, 169.88133205053768]}
2019-09-05_00:44:03.059[Status]Routing 35: Walk: 29
2019-09-05_00:44:03.160[Battery Energy]106.45
2019-09-05_00:44:03.160[Status]Routing Start.
2019-09-05_00:44:03.520[Status]{'id': 20, 'coordinate': [365.99368707338033, 169.94620556952174]}
2019-09-05_00:44:03.523[Status]Routing 36: Walk: 30
2019-09-05_00:44:03.624[Battery Energy]106.19
2019-09-05_00:44:03.624[Status]Routing Start.
2019-09-05_00:44:04.182[Status]{'id': 20, 'coordinate': [363.33474988338156, 179.58622906636248]}
2019-09-05_00:44:04.184[Status]Routing 37: Walk: 31
2019-09-05_00:44:04.285[Battery Energy]105.74
2019-09-05_00:44:04.285[Status]Routing Start.
2019-09-05_00:44:04.460[Status]{'id': 20, 'coordinate': [373.33457776444027, 179.52755752981932]}
2019-09-05_00:44:04.461[Status]Routing 38: Walk: 32
2019-09-05_00:44:04.572[Battery Energy]105.53
2019-09-05_00:44:04.572[Status]Routing Start.
2019-09-05_00:44:05.090[Status]{'id': 20, 'coordinate': [383.33440564549903, 179.46888599327616]}
2019-09-05_00:44:05.095[Status]Routing 39: Walk: 33
2019-09-05_00:44:05.196[Battery Energy]105.05
2019-09-05_00:44:05.196[Status]Routing Start.
2019-09-05_00:44:05.553[Status]{'id': 20, 'coordinate': [393.3342335265578, 179.410214456733]}
2019-09-05_00:44:05.558[Status]Routing 40: Walk: 34
2019-09-05_00:44:05.658[Battery Energy]104.66
2019-09-05_00:44:05.658[Status]Routing Start.
2019-09-05_00:44:06.021[Status]{'id': 20, 'coordinate': [403.33406140761656, 179.35154292018984]}
2019-09-05_00:44:06.022[Status]Routing 41: Walk: 35
2019-09-05_00:44:06.122[Battery Energy]104.29
2019-09-05_00:44:06.122[Status]Routing Start.
2019-09-05_00:44:06.452[Status]{'id': 20, 'coordinate': [413.3338892886753, 179.29287138364668]}
2019-09-05_00:44:06.452[Status]Routing 42: Walk: 36
2019-09-05_00:44:06.552[Battery Energy]103.97
2019-09-05_00:44:06.553[Status]Routing Start.
2019-09-05_00:44:06.871[Status]{'id': 20, 'coordinate': [423.3337171697341, 179.23419984710353]}
2019-09-05_00:44:06.880[Status]Routing 43: Walk: 37
2019-09-05_00:44:06.981[Battery Energy]103.58
2019-09-05_00:44:06.981[Status]Routing Start.
2019-09-05_00:44:07.362[Status]{'id': 20, 'coordinate': [433.33354505079285, 179.17552831056037]}
2019-09-05_00:44:07.363[Status]Routing 44: Walk: 38
2019-09-05_00:44:07.463[Battery Energy]103.19
2019-09-05_00:44:07.463[Status]Routing Start.
2019-09-05_00:44:07.863[Status]{'id': 20, 'coordinate': [443.3333729318516, 179.1168567740172]}
2019-09-05_00:44:07.863[Status]Routing 45: Walk: 39
2019-09-05_00:44:07.963[Battery Energy]102.83
2019-09-05_00:44:07.963[Status]Routing Start.
2019-09-05_00:44:08.270[Status]{'id': 20, 'coordinate': [453.3332008129104, 179.05818523747405]}
2019-09-05_00:44:08.275[Status]Routing 46: Walk: 40
2019-09-05_00:44:08.375[Battery Energy]102.47
2019-09-05_00:44:08.375[Status]Routing Start.
2019-09-05_00:44:08.539[Status]{'id': 20, 'coordinate': [463.33302869396914, 178.9995137009309]}
2019-09-05_00:44:08.539[Status]Routing 47: Walk: 41
2019-09-05_00:44:08.639[Battery Energy]102.24
2019-09-05_00:44:08.639[Status]Routing Start.
2019-09-05_00:44:09.003[Status]{'id': 20, 'coordinate': [473.3328565750279, 178.94084216438773]}
2019-09-05_00:44:09.004[Status]Routing 48: Walk: 42
2019-09-05_00:44:09.120[Battery Energy]101.84
2019-09-05_00:44:09.120[Status]Routing Start.
2019-09-05_00:44:09.246[Status]{'id': 20, 'coordinate': [483.33268445608667, 178.88217062784457]}
2019-09-05_00:44:09.246[Status]Routing 49: Walk: 43
2019-09-05_00:44:09.348[Battery Energy]101.67
2019-09-05_00:44:09.348[Status]Routing Start.
2019-09-05_00:44:09.613[Status]{'id': 20, 'coordinate': [493.33251233714543, 178.82349909130141]}
2019-09-05_00:44:09.613[Status]Routing 50: Walk: 44
2019-09-05_00:44:09.720[Battery Energy]101.44
2019-09-05_00:44:09.720[Status]Routing Start.
2019-09-05_00:44:09.897[Status]{'id': 20, 'coordinate': [503.3323402182042, 178.76482755475826]}
2019-09-05_00:44:09.899[Status]Routing 51: Walk: 45
2019-09-05_00:44:10.012[Battery Energy]101.22
2019-09-05_00:44:10.012[Status]Routing Start.
2019-09-05_00:44:10.351[Status]{'id': 20, 'coordinate': [513.332168099263, 178.7061560182151]}
2019-09-05_00:44:10.351[Status]Routing 52: Walk: 46
2019-09-05_00:44:10.464[Battery Energy]100.93
2019-09-05_00:44:10.464[Status]Routing Start.
2019-09-05_00:44:10.607[Status]{'id': 20, 'coordinate': [523.3319959803217, 178.64748448167194]}
2019-09-05_00:44:10.607[Status]Routing 53: Walk: 47
2019-09-05_00:44:10.707[Battery Energy]100.70
2019-09-05_00:44:10.707[Status]Routing Start.
2019-09-05_00:44:10.884[Status]{'id': 20, 'coordinate': [533.3318238613805, 178.58881294512878]}
2019-09-05_00:44:10.885[Status]Routing 54: Walk: 48
2019-09-05_00:44:10.988[Battery Energy]100.50
2019-09-05_00:44:10.988[Status]Routing Start.
2019-09-05_00:44:11.154[Status]{'id': 20, 'coordinate': [543.3316517424392, 178.53014140858562]}
2019-09-05_00:44:11.154[Status]Routing 55: Walk: 49
2019-09-05_00:44:11.272[Battery Energy]100.28
2019-09-05_00:44:11.272[Status]Routing Start.
2019-09-05_00:44:11.423[Status]{'id': 20, 'coordinate': [553.331479623498, 178.47146987204246]}
2019-09-05_00:44:11.423[Status]Routing 56: Walk: 50
2019-09-05_00:44:11.536[Battery Energy]100.07
2019-09-05_00:44:11.536[Status]Routing Start.
2019-09-05_00:44:11.904[Status]{'id': 20, 'coordinate': [563.3313075045568, 178.4127983354993]}
2019-09-05_00:44:11.904[Status]Routing 57: Walk: 51
2019-09-05_00:44:12.004[Battery Energy]99.80
2019-09-05_00:44:12.004[Status]Routing Start.
2019-09-05_00:44:12.198[Status]{'id': 20, 'coordinate': [573.3311353856155, 178.35412679895614]}
2019-09-05_00:44:12.198[Status]Routing 58: Walk: 52
2019-09-05_00:44:12.304[Battery Energy]99.59
2019-09-05_00:44:12.304[Status]Routing Start.
2019-09-05_00:44:12.601[Status]{'id': 20, 'coordinate': [583.3309632666743, 178.295455262413]}
2019-09-05_00:44:12.601[Status]Routing 59: Walk: 53
2019-09-05_00:44:12.702[Battery Energy]99.30
2019-09-05_00:44:12.702[Status]Routing Start.
2019-09-05_00:44:13.048[Status]{'id': 20, 'coordinate': [593.3307911477331, 178.23678372586983]}
2019-09-05_00:44:13.048[Status]Routing 60: Walk: 54
2019-09-05_00:44:13.148[Battery Energy]98.93
2019-09-05_00:44:13.148[Status]Routing Start.
2019-09-05_00:44:13.494[Status]{'id': 20, 'coordinate': [603.3306190287918, 178.17811218932667]}
2019-09-05_00:44:13.494[Status]Routing 61: Walk: 55
2019-09-05_00:44:13.594[Battery Energy]98.66
2019-09-05_00:44:13.594[Status]Routing Start.
2019-09-05_00:44:13.913[Status]{'id': 20, 'coordinate': [613.3304469098506, 178.1194406527835]}
2019-09-05_00:44:13.913[Status]Routing 62: Walk: 56
2019-09-05_00:44:14.018[Battery Energy]98.34
2019-09-05_00:44:14.018[Status]Routing Start.
2019-09-05_00:44:14.435[Status]{'id': 20, 'coordinate': [623.3302747909094, 178.06076911624035]}
2019-09-05_00:44:14.438[Status]Routing 63: Walk: 57
2019-09-05_00:44:14.560[Battery Energy]98.00
2019-09-05_00:44:14.560[Status]Routing Start.
2019-09-05_00:44:14.884[Status]{'id': 20, 'coordinate': [633.3301026719681, 178.0020975796972]}
2019-09-05_00:44:14.884[Status]Routing 64: Walk: 58
2019-09-05_00:44:15.000[Battery Energy]97.70
2019-09-05_00:44:15.000[Status]Routing Start.
2019-09-05_00:44:15.245[Status]{'id': 20, 'coordinate': [643.3299305530269, 177.94342604315403]}
2019-09-05_00:44:15.245[Status]Routing 65: Walk: 59
2019-09-05_00:44:15.356[Battery Energy]97.44
2019-09-05_00:44:15.356[Status]Routing Start.
2019-09-05_00:44:15.694[Status]{'id': 20, 'coordinate': [653.3297584340856, 177.88475450661088]}
2019-09-05_00:44:15.695[Status]Routing 66: Walk: 60
2019-09-05_00:44:15.828[Battery Energy]97.11
2019-09-05_00:44:15.828[Status]Routing Start.
2019-09-05_00:44:16.042[Status]{'id': 20, 'coordinate': [663.3295863151444, 177.82608297006772]}
2019-09-05_00:44:16.042[Status]Routing 67: Walk: 61
2019-09-05_00:44:16.143[Battery Energy]96.90
2019-09-05_00:44:16.143[Status]Routing Start.
2019-09-05_00:44:16.369[Status]{'id': 20, 'coordinate': [673.3294141962032, 177.76741143352456]}
2019-09-05_00:44:16.369[Status]Routing 68: Walk: 62
2019-09-05_00:44:16.472[Battery Energy]96.70
2019-09-05_00:44:16.472[Status]Routing Start.
2019-09-05_00:44:16.827[Status]{'id': 20, 'coordinate': [683.3292420772619, 177.7087398969814]}
2019-09-05_00:44:16.830[Status]Routing 69: Walk: 63
2019-09-05_00:44:16.940[Battery Energy]96.41
2019-09-05_00:44:16.940[Status]Routing Start.
2019-09-05_00:44:17.095[Status]{'id': 20, 'coordinate': [693.3290699583207, 177.65006836043824]}
2019-09-05_00:44:17.095[Status]Routing 70: Walk: 64
2019-09-05_00:44:17.204[Battery Energy]96.21
2019-09-05_00:44:17.204[Status]Routing Start.
2019-09-05_00:44:17.417[Status]{'id': 20, 'coordinate': [703.3288978393795, 177.59139682389508]}
2019-09-05_00:44:17.417[Status]Routing 71: Walk: 65
2019-09-05_00:44:17.517[Battery Energy]95.95
2019-09-05_00:44:17.517[Status]Routing Start.
2019-09-05_00:44:17.679[Status]{'id': 20, 'coordinate': [713.3287257204382, 177.53272528735192]}
2019-09-05_00:44:17.680[Status]Routing 72: Walk: 66
2019-09-05_00:44:17.792[Battery Energy]95.73
2019-09-05_00:44:17.792[Status]Routing Start.
2019-09-05_00:44:18.149[Status]{'id': 20, 'coordinate': [723.328553601497, 177.47405375080876]}
2019-09-05_00:44:18.149[Status]Routing 73: Walk: 67
2019-09-05_00:44:18.260[Battery Energy]95.41
2019-09-05_00:44:18.260[Status]Routing Start.
2019-09-05_00:44:18.727[Status]{'id': 20, 'coordinate': [733.3283814825558, 177.4153822142656]}
2019-09-05_00:44:18.728[Status]Routing 74: Walk: 68
2019-09-05_00:44:18.860[Battery Energy]95.08
2019-09-05_00:44:18.860[Status]Routing Start.
2019-09-05_00:44:19.203[Status]{'id': 20, 'coordinate': [743.3282093636145, 177.35671067772245]}
2019-09-05_00:44:19.203[Status]Routing 75: Walk: 69
2019-09-05_00:44:19.303[Battery Energy]94.78
2019-09-05_00:44:19.303[Status]Routing Start.
2019-09-05_00:44:19.708[Status]{'id': 20, 'coordinate': [753.3280372446733, 177.2980391411793]}
2019-09-05_00:44:19.712[Status]Routing 76: Walk: 70
2019-09-05_00:44:19.817[Battery Energy]94.49
2019-09-05_00:44:19.817[Status]Routing Start.
2019-09-05_00:44:20.227[Status]{'id': 20, 'coordinate': [763.327865125732, 177.23936760463613]}
2019-09-05_00:44:20.230[Status]Routing 77: Walk: 71
2019-09-05_00:44:20.330[Battery Energy]94.13
2019-09-05_00:44:20.330[Status]Routing Start.
2019-09-05_00:44:20.570[Status]{'id': 20, 'coordinate': [773.3276930067908, 177.18069606809297]}
2019-09-05_00:44:20.570[Status]Routing 78: Walk: 72
2019-09-05_00:44:20.671[Battery Energy]93.83
2019-09-05_00:44:20.671[Status]Routing Start.
2019-09-05_00:44:20.857[Status]{'id': 20, 'coordinate': [783.3275208878496, 177.1220245315498]}
2019-09-05_00:44:20.858[Status]Routing 79: Walk: 73
2019-09-05_00:44:20.958[Battery Energy]93.62
2019-09-05_00:44:20.958[Status]Routing Start.
2019-09-05_00:44:21.254[Status]{'id': 20, 'coordinate': [793.3273487689083, 177.06335299500665]}
2019-09-05_00:44:21.254[Status]Routing 80: Walk: 74
2019-09-05_00:44:21.380[Battery Energy]93.40
2019-09-05_00:44:21.381[Status]Routing Start.
2019-09-05_00:44:21.623[Status]{'id': 20, 'coordinate': [803.3271766499671, 177.0046814584635]}
2019-09-05_00:44:21.623[Status]Routing 81: Walk: 75
2019-09-05_00:44:21.740[Battery Energy]93.20
2019-09-05_00:44:21.740[Status]Routing Start.
2019-09-05_00:44:21.982[Status]{'id': 20, 'coordinate': [813.3270045310259, 176.94600992192034]}
2019-09-05_00:44:21.986[Status]Routing 82: Walk: 76
2019-09-05_00:44:22.092[Battery Energy]92.97
2019-09-05_00:44:22.092[Status]Routing Start.
2019-09-05_00:44:22.272[Status]{'id': 20, 'coordinate': [823.3268324120846, 176.88733838537718]}
2019-09-05_00:44:22.272[Status]Routing 83: Walk: 77
2019-09-05_00:44:22.372[Battery Energy]92.76
2019-09-05_00:44:22.372[Status]Routing Start.
2019-09-05_00:44:22.543[Status]{'id': 20, 'coordinate': [833.3266602931434, 176.82866684883402]}
2019-09-05_00:44:22.543[Status]Routing 84: Walk: 78
2019-09-05_00:44:22.652[Battery Energy]92.52
2019-09-05_00:44:22.652[Status]Routing Start.
2019-09-05_00:44:22.889[Status]{'id': 20, 'coordinate': [843.3264881742022, 176.76999531229086]}
2019-09-05_00:44:22.889[Status]Routing 85: Walk: 79
2019-09-05_00:44:22.989[Battery Energy]92.27
2019-09-05_00:44:22.989[Status]Routing Start.
2019-09-05_00:44:23.183[Status]{'id': 20, 'coordinate': [853.3263160552609, 176.7113237757477]}
2019-09-05_00:44:23.183[Status]Routing 86: Walk: 80
2019-09-05_00:44:23.292[Battery Energy]92.05
2019-09-05_00:44:23.292[Status]Routing Start.
2019-09-05_00:44:23.556[Status]{'id': 20, 'coordinate': [863.3261439363197, 176.65265223920454]}
2019-09-05_00:44:23.561[Status]Routing 87: Walk: 81
2019-09-05_00:44:23.672[Battery Energy]91.77
2019-09-05_00:44:23.672[Status]Routing Start.
2019-09-05_00:44:24.016[Status]{'id': 20, 'coordinate': [873.3259718173784, 176.59398070266138]}
2019-09-05_00:44:24.016[Status]Routing 88: Walk: 82
2019-09-05_00:44:24.123[Battery Energy]91.43
2019-09-05_00:44:24.123[Status]Routing Start.
2019-09-05_00:44:24.274[Status]{'id': 20, 'coordinate': [883.3257996984372, 176.53530916611822]}
2019-09-05_00:44:24.274[Status]Routing 89: Walk: 83
2019-09-05_00:44:24.392[Battery Energy]91.26
2019-09-05_00:44:24.393[Status]Routing Start.
2019-09-05_00:44:24.686[Status]{'id': 20, 'coordinate': [893.325627579496, 176.47663762957507]}
2019-09-05_00:44:24.686[Status]Routing 90: Walk: 84
2019-09-05_00:44:24.786[Battery Energy]90.98
2019-09-05_00:44:24.786[Status]Routing Start.
2019-09-05_00:44:25.134[Status]{'id': 20, 'coordinate': [903.3254554605547, 176.4179660930319]}
2019-09-05_00:44:25.134[Status]Routing 91: Walk: 85
2019-09-05_00:44:25.248[Battery Energy]90.67
2019-09-05_00:44:25.249[Status]Routing Start.
2019-09-05_00:44:25.568[Status]{'id': 20, 'coordinate': [913.3252833416135, 176.35929455648875]}
2019-09-05_00:44:25.569[Status]Routing 92: Walk: 86
2019-09-05_00:44:25.670[Battery Energy]90.40
2019-09-05_00:44:25.670[Status]Routing Start.
2019-09-05_00:44:26.007[Status]{'id': 20, 'coordinate': [923.3251112226723, 176.3006230199456]}
2019-09-05_00:44:26.007[Status]Routing 93: Walk: 87
2019-09-05_00:44:26.116[Battery Energy]90.07
2019-09-05_00:44:26.116[Status]Routing Start.
2019-09-05_00:44:26.487[Status]{'id': 20, 'coordinate': [933.324939103731, 176.24195148340243]}
2019-09-05_00:44:26.487[Status]Routing 94: Walk: 88
2019-09-05_00:44:26.600[Battery Energy]89.69
2019-09-05_00:44:26.600[Status]Routing Start.
2019-09-05_00:44:26.945[Status]{'id': 20, 'coordinate': [943.3247669847898, 176.18327994685927]}
2019-09-05_00:44:26.945[Status]Routing 95: Walk: 89
2019-09-05_00:44:27.070[Battery Energy]89.36
2019-09-05_00:44:27.070[Status]Routing Start.
2019-09-05_00:44:27.368[Status]{'id': 20, 'coordinate': [953.3245948658486, 176.1246084103161]}
2019-09-05_00:44:27.368[Status]Routing 96: Walk: 90
2019-09-05_00:44:27.476[Battery Energy]89.06
2019-09-05_00:44:27.476[Status]Routing Start.
2019-09-05_00:44:27.754[Status]{'id': 20, 'coordinate': [963.3244227469073, 176.06593687377296]}
2019-09-05_00:44:27.755[Status]Routing 97: Walk: 91
2019-09-05_00:44:27.860[Battery Energy]88.77
2019-09-05_00:44:27.860[Status]Routing Start.
2019-09-05_00:44:28.201[Status]{'id': 20, 'coordinate': [973.3242506279661, 176.0072653372298]}
2019-09-05_00:44:28.201[Status]Routing 98: Walk: 92
2019-09-05_00:44:28.305[Battery Energy]88.44
2019-09-05_00:44:28.305[Status]Routing Start.
2019-09-05_00:44:28.664[Status]{'id': 20, 'coordinate': [983.3240785090248, 175.94859380068664]}
2019-09-05_00:44:28.664[Status]Routing 99: Walk: 93
2019-09-05_00:44:28.770[Battery Energy]88.11
2019-09-05_00:44:28.771[Status]Routing Start.
2019-09-05_00:44:29.109[Status]{'id': 20, 'coordinate': [993.3239063900836, 175.88992226414348]}
2019-09-05_00:44:29.109[Status]Routing 100: Walk: 94
2019-09-05_00:44:29.220[Battery Energy]87.77
2019-09-05_00:44:29.220[Status]Routing Start.
2019-09-05_00:44:29.579[Status]{'id': 20, 'coordinate': [1003.3237342711424, 175.83125072760032]}
2019-09-05_00:44:29.579[Status]Routing 101: Walk: 95
2019-09-05_00:44:29.692[Battery Energy]87.45
2019-09-05_00:44:29.692[Status]Routing Start.
2019-09-05_00:44:30.030[Status]{'id': 20, 'coordinate': [1013.3235621522011, 175.77257919105716]}
2019-09-05_00:44:30.030[Status]Routing 102: Walk: 96
2019-09-05_00:44:30.148[Battery Energy]87.10
2019-09-05_00:44:30.148[Status]Routing Start.
2019-09-05_00:44:30.473[Status]{'id': 20, 'coordinate': [1023.3233900332599, 175.713907654514]}
2019-09-05_00:44:30.481[Status]Routing 103: Walk: 97
2019-09-05_00:44:30.584[Battery Energy]86.83
2019-09-05_00:44:30.584[Status]Routing Start.
2019-09-05_00:44:30.944[Status]{'id': 20, 'coordinate': [1033.3232179143185, 175.65523611797084]}
2019-09-05_00:44:30.944[Status]Routing 104: Walk: 98
2019-09-05_00:44:31.044[Battery Energy]86.50
2019-09-05_00:44:31.044[Status]Routing Start.
2019-09-05_00:44:31.479[Status]{'id': 20, 'coordinate': [1043.3230457953773, 175.59656458142769]}
2019-09-05_00:44:31.479[Status]Routing 105: Walk: 99
2019-09-05_00:44:31.580[Battery Energy]86.17
2019-09-05_00:44:31.580[Status]Routing Start.
2019-09-05_00:44:31.959[Status]{'id': 20, 'coordinate': [1053.322873676436, 175.53789304488453]}
2019-09-05_00:44:31.959[Status]Routing 106: Walk: 100
2019-09-05_00:44:32.072[Battery Energy]85.86
2019-09-05_00:44:32.072[Status]Routing Start.
2019-09-05_00:44:32.456[Status]{'id': 20, 'coordinate': [1063.3227015574948, 175.47922150834137]}
2019-09-05_00:44:32.456[Status]Routing 107: Walk: 101
2019-09-05_00:44:32.556[Battery Energy]85.53
2019-09-05_00:44:32.556[Status]Routing Start.
2019-09-05_00:44:32.895[Status]{'id': 20, 'coordinate': [1073.3225294385536, 175.4205499717982]}
2019-09-05_00:44:32.895[Status]Routing 108: Walk: 102
2019-09-05_00:44:33.004[Battery Energy]85.24
2019-09-05_00:44:33.004[Status]Routing Start.
2019-09-05_00:44:33.281[Status]{'id': 20, 'coordinate': [1083.3223573196124, 175.36187843525505]}
2019-09-05_00:44:33.282[Status]Routing 109: Walk: 103
2019-09-05_00:44:33.388[Battery Energy]84.94
2019-09-05_00:44:33.389[Status]Routing Start.
2019-09-05_00:44:33.729[Status]{'id': 20, 'coordinate': [1093.3221852006711, 175.30320689871192]}
2019-09-05_00:44:33.729[Status]Routing 110: Walk: 104
2019-09-05_00:44:33.829[Battery Energy]84.61
2019-09-05_00:44:33.829[Status]Routing Start.
2019-09-05_00:44:34.196[Status]{'id': 20, 'coordinate': [1103.32201308173, 175.24453536216876]}
2019-09-05_00:44:34.196[Status]Routing 111: Walk: 105
2019-09-05_00:44:34.296[Battery Energy]84.30
2019-09-05_00:44:34.297[Status]Routing Start.
2019-09-05_00:44:34.674[Status]{'id': 20, 'coordinate': [1113.3218409627887, 175.18586382562563]}
2019-09-05_00:44:34.674[Status]Routing 112: Walk: 106
2019-09-05_00:44:34.774[Battery Energy]83.96
2019-09-05_00:44:34.774[Status]Routing Start.
2019-09-05_00:44:35.156[Status]{'id': 20, 'coordinate': [1123.3216688438474, 175.12719228908247]}
2019-09-05_00:44:35.156[Status]Routing 113: Walk: 107
2019-09-05_00:44:35.268[Battery Energy]83.64
2019-09-05_00:44:35.268[Status]Routing Start.
2019-09-05_00:44:35.404[Status]{'id': 20, 'coordinate': [1133.3214967249062, 175.06852075253934]}
2019-09-05_00:44:35.404[Status]Routing 114: Walk: 108
2019-09-05_00:44:35.516[Battery Energy]83.42
2019-09-05_00:44:35.516[Status]Routing Start.
2019-09-05_00:44:35.717[Status]{'id': 20, 'coordinate': [1143.321324605965, 175.00984921599618]}
2019-09-05_00:44:35.717[Status]Routing 115: Walk: 109
2019-09-05_00:44:35.824[Battery Energy]83.20
2019-09-05_00:44:35.824[Status]Routing Start.
2019-09-05_00:44:35.824[Status]Task Finished.
2019-09-05_00:44:35.944[Battery Energy]83.20
2019-09-05_00:44:36.265[Status]Routing 117: Walk: 109
2019-09-05_00:44:36.372[Battery Energy]82.99
2019-09-05_00:44:36.756[Status]Routing 118: Walk: 109
2019-09-05_00:44:36.872[Battery Energy]82.81
2019-09-05_00:44:37.074[Status]Routing 119: Walk: 109
2019-09-05_00:44:37.177[Battery Energy]82.70
2019-09-05_00:44:37.494[Status]Routing 120: Walk: 109
2019-09-05_00:44:37.612[Battery Energy]82.52
2019-09-05_00:44:37.891[Status]Routing 121: Walk: 109
2019-09-05_00:44:37.992[Battery Energy]82.31
2019-09-05_00:44:38.165[Status]Routing 122: Walk: 109
2019-09-05_00:44:38.265[Battery Energy]82.20
2019-09-05_00:44:38.430[Status]Routing 123: Walk: 109
2019-09-05_00:44:38.530[Battery Energy]82.10
2019-09-05_00:44:38.837[Status]Routing 124: Walk: 109
2019-09-05_00:44:38.947[Battery Energy]81.90
2019-09-05_00:44:39.264[Status]Routing 125: Walk: 109
2019-09-05_00:44:39.372[Battery Energy]81.77
2019-09-05_00:44:39.527[Status]Routing 126: Walk: 109
2019-09-05_00:44:39.630[Battery Energy]81.66
2019-09-05_00:44:39.778[Status]Routing 127: Walk: 109
2019-09-05_00:44:39.892[Battery Energy]81.56
2019-09-05_00:44:40.101[Status]Routing 128: Walk: 109
2019-09-05_00:44:40.201[Battery Energy]81.40
2019-09-05_00:44:40.368[Status]Routing 129: Walk: 109
2019-09-05_00:44:40.470[Battery Energy]81.27
2019-09-05_00:44:40.658[Status]Routing 130: Walk: 109
2019-09-05_00:44:40.759[Battery Energy]81.13
2019-09-05_00:44:40.955[Status]Routing 131: Walk: 109
2019-09-05_00:44:41.064[Battery Energy]81.00
2019-09-05_00:44:41.308[Status]Routing 132: Walk: 109
2019-09-05_00:44:41.409[Battery Energy]80.86
2019-09-05_00:44:41.585[Status]Routing 133: Walk: 109
2019-09-05_00:44:41.688[Battery Energy]80.72
2019-09-05_00:44:41.855[Status]Routing 134: Walk: 109
2019-09-05_00:44:41.960[Battery Energy]80.59
2019-09-05_00:44:42.251[Status]Routing 135: Walk: 109
2019-09-05_00:44:42.360[Battery Energy]80.38
2019-09-05_00:44:42.599[Status]Routing 136: Walk: 109
2019-09-05_00:44:42.704[Battery Energy]80.21
2019-09-05_00:44:42.958[Status]Routing 137: Walk: 109
2019-09-05_00:44:43.072[Battery Energy]80.06
2019-09-05_00:44:43.235[Status]Routing 138: Walk: 109
2019-09-05_00:44:43.336[Battery Energy]79.95
2019-09-05_00:44:43.522[Status]Routing 139: Walk: 109
2019-09-05_00:44:43.632[Battery Energy]79.83
2019-09-05_00:44:43.770[Status]Routing 140: Walk: 109
2019-09-05_00:44:43.871[Battery Energy]79.71
2019-09-05_00:44:44.060[Status]Routing 141: Walk: 109
2019-09-05_00:44:44.176[Battery Energy]79.58
2019-09-05_00:44:44.327[Status]Routing 142: Walk: 109
2019-09-05_00:44:44.427[Battery Energy]79.48
2019-09-05_00:44:44.619[Status]Routing 143: Walk: 109
2019-09-05_00:44:44.719[Battery Energy]79.33
2019-09-05_00:44:44.887[Status]Routing 144: Walk: 109
2019-09-05_00:44:44.987[Battery Energy]79.23
2019-09-05_00:44:45.248[Status]Routing 145: Walk: 109
2019-09-05_00:44:45.356[Battery Energy]79.08
2019-09-05_00:44:45.564[Status]Routing 146: Walk: 109
2019-09-05_00:44:45.676[Battery Energy]78.94
2019-09-05_00:44:45.835[Status]Routing 147: Walk: 109
2019-09-05_00:44:45.948[Battery Energy]78.82
2019-09-05_00:44:46.095[Status]Routing 148: Walk: 109
2019-09-05_00:44:46.196[Battery Energy]78.70
2019-09-05_00:44:46.449[Status]Routing 149: Walk: 109
2019-09-05_00:44:46.550[Battery Energy]78.52
2019-09-05_00:44:46.759[Status]Routing 150: Walk: 109
2019-09-05_00:44:46.860[Battery Energy]78.38
2019-09-05_00:44:47.004[Status]Routing 151: Walk: 109
2019-09-05_00:44:47.104[Battery Energy]78.28
2019-09-05_00:44:47.293[Status]Routing 152: Walk: 109
2019-09-05_00:44:47.409[Battery Energy]78.18
2019-09-05_00:44:47.605[Status]Routing 153: Walk: 109
2019-09-05_00:44:47.705[Battery Energy]78.07
2019-09-05_00:44:47.895[Status]Routing 154: Walk: 109
2019-09-05_00:44:47.999[Battery Energy]77.90
2019-09-05_00:44:48.213[Status]Routing 155: Walk: 109
2019-09-05_00:44:48.314[Battery Energy]77.73
2019-09-05_00:44:48.502[Status]Routing 156: Walk: 109
2019-09-05_00:44:48.602[Battery Energy]77.62
2019-09-05_00:44:48.784[Status]Routing 157: Walk: 109
2019-09-05_00:44:48.888[Battery Energy]77.50
2019-09-05_00:44:49.081[Status]Routing 158: Walk: 109
2019-09-05_00:44:49.181[Battery Energy]77.39
2019-09-05_00:44:49.377[Status]Routing 159: Walk: 109
2019-09-05_00:44:49.488[Battery Energy]77.30
2019-09-05_00:44:49.642[Status]Routing 160: Walk: 109
2019-09-05_00:44:49.755[Battery Energy]77.18
2019-09-05_00:44:49.902[Status]Routing 161: Walk: 109
2019-09-05_00:44:50.008[Battery Energy]77.07
2019-09-05_00:44:50.174[Status]Routing 162: Walk: 109
2019-09-05_00:44:50.296[Battery Energy]76.95
2019-09-05_00:44:50.454[Status]Routing 163: Walk: 109
2019-09-05_00:44:50.564[Battery Energy]76.84
2019-09-05_00:44:50.701[Status]Routing 164: Walk: 109
2019-09-05_00:44:50.801[Battery Energy]76.74
2019-09-05_00:44:50.948[Status]Routing 165: Walk: 109
2019-09-05_00:44:51.052[Battery Energy]76.63
2019-09-05_00:44:51.211[Status]Routing 166: Walk: 109
2019-09-05_00:44:51.328[Battery Energy]76.53
2019-09-05_00:44:51.570[Status]Routing 167: Walk: 109
2019-09-05_00:44:51.673[Battery Energy]76.38
2019-09-05_00:44:51.925[Status]Routing 168: Walk: 109
2019-09-05_00:44:52.025[Battery Energy]76.23
2019-09-05_00:44:52.206[Status]Routing 169: Walk: 109
2019-09-05_00:44:52.306[Battery Energy]76.11
2019-09-05_00:44:52.520[Status]Routing 170: Walk: 109
2019-09-05_00:44:52.623[Battery Energy]75.94
2019-09-05_00:44:52.807[Status]Routing 171: Walk: 109
2019-09-05_00:44:52.908[Battery Energy]75.83
2019-09-05_00:44:53.118[Status]Routing 172: Walk: 109
2019-09-05_00:44:53.232[Battery Energy]75.75
