2019-09-05_00:43:39.727[Status]Start.
2019-09-05_00:43:39.727[Battery Energy]118.00
2019-09-05_00:43:40.829[Battery Energy]117.96
2019-09-05_00:43:41.930[Battery Energy]117.92
2019-09-05_00:43:43.031[Battery Energy]117.88
2019-09-05_00:43:44.132[Battery Energy]117.84
2019-09-05_00:43:45.232[Task]A New Task Released.
2019-09-05_00:43:45.232[Battery Energy]117.80
2019-09-05_00:43:45.232[Status]Selection Start.
2019-09-05_00:43:46.996[Status]Selection End: Do Task 1.
2019-09-05_00:43:47.096[Battery Energy]116.52
2019-09-05_00:43:47.096[Status]Formation Start.
2019-09-05_00:43:47.282[Status]Formation End: To Position 6.
2019-09-05_00:43:47.388[Battery Energy]116.37
2019-09-05_00:43:47.388[Status]Routing Start.
2019-09-05_00:43:47.547[Status]{'id': 12, 'coordinate': [66.9339913288091, 759.852909646477]}
2019-09-05_00:43:47.547[Status]Routing 1: Walk: 1
2019-09-05_00:43:47.647[Battery Energy]116.18
2019-09-05_00:43:47.647[Status]Routing Start.
2019-09-05_00:43:47.827[Status]{'id': 12, 'coordinate': [76.8679826576182, 758.705819292954]}
2019-09-05_00:43:47.827[Status]Routing 2: Walk: 2
2019-09-05_00:43:47.940[Battery Energy]115.94
2019-09-05_00:43:47.940[Status]Routing Start.
2019-09-05_00:43:48.116[Status]{'id': 12, 'coordinate': [86.8019739864273, 757.5587289394309]}
2019-09-05_00:43:48.116[Status]Routing 3: Walk: 3
2019-09-05_00:43:48.234[Battery Energy]115.68
2019-09-05_00:43:48.234[Status]Routing Start.
2019-09-05_00:43:48.451[Status]{'id': 12, 'coordinate': [96.7359653152364, 756.4116385859079]}
2019-09-05_00:43:48.454[Status]Routing 4: Walk: 4
2019-09-05_00:43:48.555[Battery Energy]115.44
2019-09-05_00:43:48.555[Status]Routing Start.
2019-09-05_00:43:48.771[Status]{'id': 12, 'coordinate': [106.6699566440455, 755.2645482323849]}
2019-09-05_00:43:48.771[Status]Routing 5: Walk: 5
2019-09-05_00:43:48.884[Battery Energy]115.21
2019-09-05_00:43:48.884[Status]Routing Start.
2019-09-05_00:43:49.184[Status]{'id': 12, 'coordinate': [116.6039479728546, 754.1174578788618]}
2019-09-05_00:43:49.184[Status]Routing 6: Walk: 6
2019-09-05_00:43:49.300[Battery Energy]114.92
2019-09-05_00:43:49.300[Status]Routing Start.
2019-09-05_00:43:49.613[Status]{'id': 12, 'coordinate': [126.5379393016637, 752.9703675253388]}
2019-09-05_00:43:49.614[Status]Routing 7: Walk: 7
2019-09-05_00:43:49.724[Battery Energy]114.59
2019-09-05_00:43:49.724[Status]Routing Start.
2019-09-05_00:43:50.043[Status]{'id': 12, 'coordinate': [136.4719306304728, 751.8232771718158]}
2019-09-05_00:43:50.044[Status]Routing 8: Walk: 8
2019-09-05_00:43:50.144[Battery Energy]114.31
2019-09-05_00:43:50.144[Status]Routing Start.
2019-09-05_00:43:50.482[Status]{'id': 12, 'coordinate': [146.4059219592819, 750.6761868182928]}
2019-09-05_00:43:50.485[Status]Routing 9: Walk: 9
2019-09-05_00:43:50.588[Battery Energy]114.00
2019-09-05_00:43:50.588[Status]Routing Start.
2019-09-05_00:43:50.937[Status]{'id': 12, 'coordinate': [156.339913288091, 749.5290964647697]}
2019-09-05_00:43:50.937[Status]Routing 10: Walk: 10
2019-09-05_00:43:51.037[Battery Energy]113.70
2019-09-05_00:43:51.037[Status]Routing Start.
2019-09-05_00:43:51.506[Status]{'id': 12, 'coordinate': [166.2739046169001, 748.3820061112467]}
2019-09-05_00:43:51.506[Status]Routing 11: Walk: 11
2019-09-05_00:43:51.612[Battery Energy]113.29
2019-09-05_00:43:51.612[Status]Routing Start.
2019-09-05_00:43:51.986[Status]{'id': 12, 'coordinate': [176.2078959457092, 747.2349157577237]}
2019-09-05_00:43:51.989[Status]Routing 12: Walk: 12
2019-09-05_00:43:52.100[Battery Energy]112.96
2019-09-05_00:43:52.100[Status]Routing Start.
2019-09-05_00:43:52.513[Status]{'id': 12, 'coordinate': [186.1418872745183, 746.0878254042007]}
2019-09-05_00:43:52.513[Status]Routing 13: Walk: 13
2019-09-05_00:43:52.616[Battery Energy]112.60
2019-09-05_00:43:52.616[Status]Routing Start.
2019-09-05_00:43:53.009[Status]{'id': 12, 'coordinate': [196.0758786033274, 744.9407350506776]}
2019-09-05_00:43:53.009[Status]Routing 14: Walk: 14
2019-09-05_00:43:53.112[Battery Energy]112.29
2019-09-05_00:43:53.112[Status]Routing Start.
2019-09-05_00:43:53.563[Status]{'id': 12, 'coordinate': [206.0098699321365, 743.7936446971546]}
2019-09-05_00:43:53.563[Status]Routing 15: Walk: 15
2019-09-05_00:43:53.668[Battery Energy]111.90
2019-09-05_00:43:53.668[Status]Routing Start.
2019-09-05_00:43:54.090[Status]{'id': 12, 'coordinate': [215.9438612609456, 742.6465543436316]}
2019-09-05_00:43:54.090[Status]Routing 16: Walk: 16
2019-09-05_00:43:54.196[Battery Energy]111.53
2019-09-05_00:43:54.196[Status]Routing Start.
2019-09-05_00:43:54.523[Status]{'id': 12, 'coordinate': [225.8778525897547, 741.4994639901086]}
2019-09-05_00:43:54.523[Status]Routing 17: Walk: 17
2019-09-05_00:43:54.636[Battery Energy]111.22
2019-09-05_00:43:54.636[Status]Routing Start.
2019-09-05_00:43:54.978[Status]{'id': 12, 'coordinate': [235.8118439185638, 740.3523736365855]}
2019-09-05_00:43:54.978[Status]Routing 18: Walk: 18
2019-09-05_00:43:55.078[Battery Energy]110.89
2019-09-05_00:43:55.078[Status]Routing Start.
2019-09-05_00:43:55.498[Status]{'id': 12, 'coordinate': [245.7458352473729, 739.2052832830624]}
2019-09-05_00:43:55.498[Status]Routing 19: Walk: 19
2019-09-05_00:43:55.608[Battery Energy]110.50
2019-09-05_00:43:55.608[Status]Routing Start.
2019-09-05_00:43:55.987[Status]{'id': 12, 'coordinate': [255.679826576182, 738.0581929295394]}
2019-09-05_00:43:55.987[Status]Routing 20: Walk: 20
2019-09-05_00:43:56.087[Battery Energy]110.14
2019-09-05_00:43:56.087[Status]Routing Start.
2019-09-05_00:43:56.475[Status]{'id': 12, 'coordinate': [265.6138179049911, 736.9111025760162]}
2019-09-05_00:43:56.475[Status]Routing 21: Walk: 21
2019-09-05_00:43:56.584[Battery Energy]109.84
2019-09-05_00:43:56.584[Status]Routing Start.
2019-09-05_00:43:56.922[Status]{'id': 12, 'coordinate': [275.5478092338002, 735.7640122224932]}
2019-09-05_00:43:56.922[Status]Routing 22: Walk: 22
2019-09-05_00:43:57.028[Battery Energy]109.56
2019-09-05_00:43:57.028[Status]Routing Start.
2019-09-05_00:43:57.402[Status]{'id': 12, 'coordinate': [285.4818005626093, 734.61692186897]}
2019-09-05_00:43:57.402[Status]Routing 23: Walk: 23
2019-09-05_00:43:57.502[Battery Energy]109.28
2019-09-05_00:43:57.502[Status]Routing Start.
2019-09-05_00:43:57.884[Status]{'id': 12, 'coordinate': [295.4157918914184, 733.469831515447]}
2019-09-05_00:43:57.884[Status]Routing 24: Walk: 24
2019-09-05_00:43:57.988[Battery Energy]108.89
2019-09-05_00:43:57.988[Status]Routing Start.
2019-09-05_00:43:58.381[Status]{'id': 12, 'coordinate': [305.3497832202275, 732.3227411619239]}
2019-09-05_00:43:58.382[Status]Routing 25: Walk: 25
2019-09-05_00:43:58.488[Battery Energy]108.50
2019-09-05_00:43:58.488[Status]Routing Start.
2019-09-05_00:43:58.886[Status]{'id': 12, 'coordinate': [315.2837745490366, 731.1756508084009]}
2019-09-05_00:43:58.886[Status]Routing 26: Walk: 26
2019-09-05_00:43:59.000[Battery Energy]108.18
2019-09-05_00:43:59.000[Status]Routing Start.
2019-09-05_00:43:59.363[Status]{'id': 12, 'coordinate': [325.2177658778457, 730.0285604548777]}
2019-09-05_00:43:59.363[Status]Routing 27: Walk: 27
2019-09-05_00:43:59.463[Battery Energy]107.88
2019-09-05_00:43:59.463[Status]Routing Start.
2019-09-05_00:43:59.848[Status]{'id': 12, 'coordinate': [335.1517572066548, 728.8814701013547]}
2019-09-05_00:43:59.849[Status]Routing 28: Walk: 28
2019-09-05_00:43:59.956[Battery Energy]107.55
2019-09-05_00:43:59.956[Status]Routing Start.
2019-09-05_00:44:00.334[Status]{'id': 12, 'coordinate': [345.0857485354639, 727.7343797478316]}
2019-09-05_00:44:00.335[Status]Routing 29: Walk: 29
2019-09-05_00:44:00.435[Battery Energy]107.23
2019-09-05_00:44:00.435[Status]Routing Start.
2019-09-05_00:44:00.816[Status]{'id': 12, 'coordinate': [355.019739864273, 726.5872893943085]}
2019-09-05_00:44:00.816[Status]Routing 30: Walk: 30
2019-09-05_00:44:00.916[Battery Energy]106.91
2019-09-05_00:44:00.916[Status]Routing Start.
2019-09-05_00:44:01.359[Status]{'id': 12, 'coordinate': [364.9537311930821, 725.4401990407854]}
2019-09-05_00:44:01.359[Status]Routing 31: Walk: 31
2019-09-05_00:44:01.464[Battery Energy]106.55
2019-09-05_00:44:01.464[Status]Routing Start.
2019-09-05_00:44:01.806[Status]{'id': 12, 'coordinate': [374.8877225218912, 724.2931086872624]}
2019-09-05_00:44:01.812[Status]Routing 32: Walk: 32
2019-09-05_00:44:01.936[Battery Energy]106.23
2019-09-05_00:44:01.936[Status]Routing Start.
2019-09-05_00:44:02.309[Status]{'id': 12, 'coordinate': [384.8217138507003, 723.1460183337392]}
2019-09-05_00:44:02.309[Status]Routing 33: Walk: 33
2019-09-05_00:44:02.424[Battery Energy]105.90
2019-09-05_00:44:02.424[Status]Routing Start.
2019-09-05_00:44:02.761[Status]{'id': 12, 'coordinate': [394.7557051795094, 721.9989279802162]}
2019-09-05_00:44:02.763[Status]Routing 34: Walk: 34
2019-09-05_00:44:02.863[Battery Energy]105.65
2019-09-05_00:44:02.863[Status]Routing Start.
2019-09-05_00:44:03.050[Status]{'id': 12, 'coordinate': [404.6896965083185, 720.851837626693]}
2019-09-05_00:44:03.058[Status]Routing 35: Walk: 35
2019-09-05_00:44:03.183[Battery Energy]105.43
2019-09-05_00:44:03.183[Status]Routing Start.
2019-09-05_00:44:03.506[Status]{'id': 12, 'coordinate': [414.6236878371276, 719.70474727317]}
2019-09-05_00:44:03.509[Status]Routing 36: Walk: 36
2019-09-05_00:44:03.610[Battery Energy]105.16
2019-09-05_00:44:03.610[Status]Routing Start.
2019-09-05_00:44:03.947[Status]{'id': 12, 'coordinate': [424.5576791659367, 718.5576569196469]}
2019-09-05_00:44:03.950[Status]Routing 37: Walk: 37
2019-09-05_00:44:04.064[Battery Energy]104.87
2019-09-05_00:44:04.064[Status]Routing Start.
2019-09-05_00:44:04.459[Status]{'id': 12, 'coordinate': [434.4916704947458, 717.4105665661239]}
2019-09-05_00:44:04.459[Status]Routing 38: Walk: 38
2019-09-05_00:44:04.564[Battery Energy]104.53
2019-09-05_00:44:04.564[Status]Routing Start.
2019-09-05_00:44:04.911[Status]{'id': 12, 'coordinate': [444.4256618235549, 716.2634762126007]}
2019-09-05_00:44:04.912[Status]Routing 39: Walk: 39
2019-09-05_00:44:05.012[Battery Energy]104.22
2019-09-05_00:44:05.012[Status]Routing Start.
2019-09-05_00:44:05.351[Status]{'id': 12, 'coordinate': [454.359653152364, 715.1163858590777]}
2019-09-05_00:44:05.351[Status]Routing 40: Walk: 40
2019-09-05_00:44:05.451[Battery Energy]103.92
2019-09-05_00:44:05.451[Status]Routing Start.
2019-09-05_00:44:05.831[Status]{'id': 12, 'coordinate': [464.2936444811731, 713.9692955055546]}
2019-09-05_00:44:05.831[Status]Routing 41: Walk: 41
2019-09-05_00:44:05.932[Battery Energy]103.64
2019-09-05_00:44:05.932[Status]Routing Start.
2019-09-05_00:44:06.282[Status]{'id': 12, 'coordinate': [474.2276358099822, 712.8222051520315]}
2019-09-05_00:44:06.282[Status]Routing 42: Walk: 42
2019-09-05_00:44:06.382[Battery Energy]103.34
2019-09-05_00:44:06.382[Status]Routing Start.
2019-09-05_00:44:06.694[Status]{'id': 12, 'coordinate': [484.1616271387913, 711.6751147985084]}
2019-09-05_00:44:06.700[Status]Routing 43: Walk: 43
2019-09-05_00:44:06.817[Battery Energy]103.03
2019-09-05_00:44:06.817[Status]Routing Start.
2019-09-05_00:44:07.198[Status]{'id': 12, 'coordinate': [494.0956184676004, 710.5280244449854]}
2019-09-05_00:44:07.200[Status]Routing 44: Walk: 44
2019-09-05_00:44:07.308[Battery Energy]102.68
2019-09-05_00:44:07.308[Status]Routing Start.
2019-09-05_00:44:07.691[Status]{'id': 12, 'coordinate': [504.0296097964095, 709.3809340914622]}
2019-09-05_00:44:07.692[Status]Routing 45: Walk: 45
2019-09-05_00:44:07.792[Battery Energy]102.38
2019-09-05_00:44:07.792[Status]Routing Start.
2019-09-05_00:44:08.119[Status]{'id': 12, 'coordinate': [513.9636011252186, 708.2338437379392]}
2019-09-05_00:44:08.119[Status]Routing 46: Walk: 46
2019-09-05_00:44:08.219[Battery Energy]102.06
2019-09-05_00:44:08.219[Status]Routing Start.
2019-09-05_00:44:08.551[Status]{'id': 12, 'coordinate': [523.8975924540276, 707.086753384416]}
2019-09-05_00:44:08.551[Status]Routing 47: Walk: 47
2019-09-05_00:44:08.664[Battery Energy]101.77
2019-09-05_00:44:08.664[Status]Routing Start.
2019-09-05_00:44:09.003[Status]{'id': 12, 'coordinate': [533.8315837828367, 705.939663030893]}
2019-09-05_00:44:09.004[Status]Routing 48: Walk: 48
2019-09-05_00:44:09.120[Battery Energy]101.49
2019-09-05_00:44:09.120[Status]Routing Start.
2019-09-05_00:44:09.249[Status]{'id': 12, 'coordinate': [543.7655751116457, 704.7925726773699]}
2019-09-05_00:44:09.249[Status]Routing 49: Walk: 49
2019-09-05_00:44:09.351[Battery Energy]101.29
2019-09-05_00:44:09.351[Status]Routing Start.
2019-09-05_00:44:09.614[Status]{'id': 12, 'coordinate': [553.6995664404548, 703.6454823238469]}
2019-09-05_00:44:09.614[Status]Routing 50: Walk: 50
2019-09-05_00:44:09.732[Battery Energy]101.02
2019-09-05_00:44:09.732[Status]Routing Start.
2019-09-05_00:44:09.899[Status]{'id': 12, 'coordinate': [563.6335577692638, 702.4983919703238]}
2019-09-05_00:44:09.899[Status]Routing 51: Walk: 51
2019-09-05_00:44:09.999[Battery Energy]100.79
2019-09-05_00:44:09.999[Status]Routing Start.
2019-09-05_00:44:10.352[Status]{'id': 12, 'coordinate': [573.5675490980728, 701.3513016168007]}
2019-09-05_00:44:10.352[Status]Routing 52: Walk: 52
2019-09-05_00:44:10.456[Battery Energy]100.47
2019-09-05_00:44:10.456[Status]Routing Start.
2019-09-05_00:44:10.607[Status]{'id': 12, 'coordinate': [583.5015404268819, 700.2042112632777]}
2019-09-05_00:44:10.607[Status]Routing 53: Walk: 53
2019-09-05_00:44:10.707[Battery Energy]100.28
2019-09-05_00:44:10.708[Status]Routing Start.
2019-09-05_00:44:10.886[Status]{'id': 12, 'coordinate': [593.4355317556909, 699.0571209097545]}
2019-09-05_00:44:10.886[Status]Routing 54: Walk: 54
2019-09-05_00:44:10.996[Battery Energy]100.08
2019-09-05_00:44:10.996[Status]Routing Start.
2019-09-05_00:44:11.150[Status]{'id': 12, 'coordinate': [603.3695230845, 697.9100305562315]}
2019-09-05_00:44:11.150[Status]Routing 55: Walk: 55
2019-09-05_00:44:11.256[Battery Energy]99.89
2019-09-05_00:44:11.256[Status]Routing Start.
2019-09-05_00:44:11.425[Status]{'id': 12, 'coordinate': [613.303514413309, 696.7629402027084]}
2019-09-05_00:44:11.425[Status]Routing 56: Walk: 56
2019-09-05_00:44:11.525[Battery Energy]99.68
2019-09-05_00:44:11.525[Status]Routing Start.
2019-09-05_00:44:11.898[Status]{'id': 12, 'coordinate': [623.2375057421181, 695.6158498491853]}
2019-09-05_00:44:11.898[Status]Routing 57: Walk: 57
2019-09-05_00:44:12.008[Battery Energy]99.37
2019-09-05_00:44:12.008[Status]Routing Start.
2019-09-05_00:44:12.198[Status]{'id': 12, 'coordinate': [633.1714970709271, 694.4687594956622]}
2019-09-05_00:44:12.198[Status]Routing 58: Walk: 58
2019-09-05_00:44:12.304[Battery Energy]99.11
2019-09-05_00:44:12.304[Status]Routing Start.
2019-09-05_00:44:12.600[Status]{'id': 12, 'coordinate': [643.1054883997361, 693.3216691421392]}
2019-09-05_00:44:12.600[Status]Routing 59: Walk: 59
2019-09-05_00:44:12.700[Battery Energy]98.80
2019-09-05_00:44:12.700[Status]Routing Start.
2019-09-05_00:44:13.052[Status]{'id': 12, 'coordinate': [653.0394797285452, 692.174578788616]}
2019-09-05_00:44:13.052[Status]Routing 60: Walk: 60
2019-09-05_00:44:13.164[Battery Energy]98.53
2019-09-05_00:44:13.164[Status]Routing Start.
2019-09-05_00:44:13.486[Status]{'id': 12, 'coordinate': [662.9734710573542, 691.027488435093]}
2019-09-05_00:44:13.486[Status]Routing 61: Walk: 61
2019-09-05_00:44:13.588[Battery Energy]98.23
2019-09-05_00:44:13.588[Status]Routing Start.
2019-09-05_00:44:13.917[Status]{'id': 12, 'coordinate': [672.9074623861633, 689.8803980815699]}
2019-09-05_00:44:13.917[Status]Routing 62: Walk: 62
2019-09-05_00:44:14.040[Battery Energy]97.89
2019-09-05_00:44:14.040[Status]Routing Start.
2019-09-05_00:44:14.439[Status]{'id': 12, 'coordinate': [682.8414537149723, 688.7333077280468]}
2019-09-05_00:44:14.439[Status]Routing 63: Walk: 63
2019-09-05_00:44:14.544[Battery Energy]97.58
2019-09-05_00:44:14.544[Status]Routing Start.
2019-09-05_00:44:14.884[Status]{'id': 12, 'coordinate': [692.7754450437814, 687.5862173745238]}
2019-09-05_00:44:14.884[Status]Routing 64: Walk: 64
2019-09-05_00:44:14.984[Battery Energy]97.30
2019-09-05_00:44:14.984[Status]Routing Start.
2019-09-05_00:44:15.392[Status]{'id': 12, 'coordinate': [698.7416338483579, 695.6114644827533]}
2019-09-05_00:44:15.396[Status]Routing 65: Walk: 65
2019-09-05_00:44:15.496[Battery Energy]96.88
2019-09-05_00:44:15.496[Status]Routing Start.
2019-09-05_00:44:15.689[Status]{'id': 12, 'coordinate': [708.6570036261745, 694.3132186781535]}
2019-09-05_00:44:15.689[Status]Routing 66: Walk: 66
2019-09-05_00:44:15.796[Battery Energy]96.64
2019-09-05_00:44:15.796[Status]Routing Start.
2019-09-05_00:44:16.041[Status]{'id': 12, 'coordinate': [718.5723734039912, 693.0149728735537]}
2019-09-05_00:44:16.041[Status]Routing 67: Walk: 67
2019-09-05_00:44:16.208[Battery Energy]96.43
2019-09-05_00:44:16.216[Status]Routing Start.
2019-09-05_00:44:16.372[Status]{'id': 12, 'coordinate': [728.4877431818078, 691.7167270689539]}
2019-09-05_00:44:16.372[Status]Routing 68: Walk: 68
2019-09-05_00:44:16.476[Battery Energy]96.25
2019-09-05_00:44:16.476[Status]Routing Start.
2019-09-05_00:44:16.828[Status]{'id': 12, 'coordinate': [738.4031129596244, 690.4184812643541]}
2019-09-05_00:44:16.829[Status]Routing 69: Walk: 69
2019-09-05_00:44:16.930[Battery Energy]95.96
2019-09-05_00:44:16.930[Status]Routing Start.
2019-09-05_00:44:17.097[Status]{'id': 12, 'coordinate': [748.3184827374411, 689.1202354597543]}
2019-09-05_00:44:17.097[Status]Routing 70: Walk: 70
2019-09-05_00:44:17.212[Battery Energy]95.75
2019-09-05_00:44:17.212[Status]Routing Start.
2019-09-05_00:44:17.420[Status]{'id': 12, 'coordinate': [758.2338525152577, 687.8219896551545]}
2019-09-05_00:44:17.420[Status]Routing 71: Walk: 71
2019-09-05_00:44:17.520[Battery Energy]95.52
2019-09-05_00:44:17.520[Status]Routing Start.
2019-09-05_00:44:17.679[Status]{'id': 12, 'coordinate': [768.1492222930743, 686.5237438505548]}
2019-09-05_00:44:17.679[Status]Routing 72: Walk: 72
2019-09-05_00:44:17.780[Battery Energy]95.31
2019-09-05_00:44:17.780[Status]Routing Start.
2019-09-05_00:44:18.150[Status]{'id': 12, 'coordinate': [778.064592070891, 685.225498045955]}
2019-09-05_00:44:18.150[Status]Routing 73: Walk: 73
2019-09-05_00:44:18.264[Battery Energy]94.98
2019-09-05_00:44:18.264[Status]Routing Start.
2019-09-05_00:44:18.859[Status]{'id': 12, 'coordinate': [787.9799618487076, 683.9272522413552]}
2019-09-05_00:44:18.859[Status]Routing 74: Walk: 74
2019-09-05_00:44:18.960[Battery Energy]94.47
2019-09-05_00:44:18.960[Status]Routing Start.
2019-09-05_00:44:19.389[Status]{'id': 12, 'coordinate': [797.8953316265242, 682.6290064367554]}
2019-09-05_00:44:19.391[Status]Routing 75: Walk: 75
2019-09-05_00:44:19.491[Battery Energy]94.06
2019-09-05_00:44:19.491[Status]Routing Start.
2019-09-05_00:44:19.906[Status]{'id': 12, 'coordinate': [807.8107014043409, 681.3307606321556]}
2019-09-05_00:44:19.907[Status]Routing 76: Walk: 76
2019-09-05_00:44:20.007[Battery Energy]93.65
2019-09-05_00:44:20.007[Status]Routing Start.
2019-09-05_00:44:20.227[Status]{'id': 12, 'coordinate': [817.7260711821575, 680.0325148275558]}
2019-09-05_00:44:20.230[Status]Routing 77: Walk: 77
2019-09-05_00:44:20.332[Battery Energy]93.40
2019-09-05_00:44:20.332[Status]Routing Start.
2019-09-05_00:44:20.571[Status]{'id': 12, 'coordinate': [827.6414409599741, 678.734269022956]}
2019-09-05_00:44:20.571[Status]Routing 78: Walk: 78
2019-09-05_00:44:20.672[Battery Energy]93.13
2019-09-05_00:44:20.672[Status]Routing Start.
2019-09-05_00:44:20.856[Status]{'id': 12, 'coordinate': [837.5568107377908, 677.4360232183562]}
2019-09-05_00:44:20.858[Status]Routing 79: Walk: 79
2019-09-05_00:44:20.973[Battery Energy]92.95
2019-09-05_00:44:20.973[Status]Routing Start.
2019-09-05_00:44:21.250[Status]{'id': 12, 'coordinate': [847.4721805156074, 676.1377774137565]}
2019-09-05_00:44:21.253[Status]Routing 80: Walk: 80
2019-09-05_00:44:21.353[Battery Energy]92.69
2019-09-05_00:44:21.353[Status]Routing Start.
2019-09-05_00:44:21.632[Status]{'id': 12, 'coordinate': [857.387550293424, 674.8395316091566]}
2019-09-05_00:44:21.633[Status]Routing 81: Walk: 81
2019-09-05_00:44:21.744[Battery Energy]92.35
2019-09-05_00:44:21.744[Status]Routing Start.
2019-09-05_00:44:21.987[Status]{'id': 12, 'coordinate': [867.3029200712407, 673.5412858045568]}
2019-09-05_00:44:21.987[Status]Routing 82: Walk: 82
2019-09-05_00:44:22.104[Battery Energy]92.09
2019-09-05_00:44:22.104[Status]Routing Start.
2019-09-05_00:44:22.269[Status]{'id': 12, 'coordinate': [877.2182898490573, 672.2430399999569]}
2019-09-05_00:44:22.269[Status]Routing 83: Walk: 83
2019-09-05_00:44:22.369[Battery Energy]91.87
2019-09-05_00:44:22.369[Status]Routing Start.
2019-09-05_00:44:22.541[Status]{'id': 12, 'coordinate': [887.133659626874, 670.9447941953571]}
2019-09-05_00:44:22.541[Status]Routing 84: Walk: 84
2019-09-05_00:44:22.641[Battery Energy]91.64
2019-09-05_00:44:22.641[Status]Routing Start.
2019-09-05_00:44:22.884[Status]{'id': 12, 'coordinate': [897.0490294046906, 669.6465483907572]}
2019-09-05_00:44:22.884[Status]Routing 85: Walk: 85
2019-09-05_00:44:22.996[Battery Energy]91.40
2019-09-05_00:44:22.996[Status]Routing Start.
2019-09-05_00:44:23.183[Status]{'id': 12, 'coordinate': [906.9643991825072, 668.3483025861574]}
2019-09-05_00:44:23.183[Status]Routing 86: Walk: 86
2019-09-05_00:44:23.288[Battery Energy]91.18
2019-09-05_00:44:23.288[Status]Routing Start.
2019-09-05_00:44:23.713[Status]{'id': 12, 'coordinate': [916.8797689603239, 667.0500567815575]}
2019-09-05_00:44:23.713[Status]Routing 87: Walk: 87
2019-09-05_00:44:23.814[Battery Energy]90.75
2019-09-05_00:44:23.814[Status]Routing Start.
2019-09-05_00:44:24.017[Status]{'id': 12, 'coordinate': [926.7951387381405, 665.7518109769576]}
2019-09-05_00:44:24.017[Status]Routing 88: Walk: 88
2019-09-05_00:44:24.132[Battery Energy]90.51
2019-09-05_00:44:24.132[Status]Routing Start.
2019-09-05_00:44:24.269[Status]{'id': 12, 'coordinate': [936.7105085159571, 664.4535651723578]}
2019-09-05_00:44:24.269[Status]Routing 89: Walk: 89
2019-09-05_00:44:24.380[Battery Energy]90.32
2019-09-05_00:44:24.380[Status]Routing Start.
2019-09-05_00:44:24.690[Status]{'id': 12, 'coordinate': [946.6258782937738, 663.1553193677579]}
2019-09-05_00:44:24.691[Status]Routing 90: Walk: 90
2019-09-05_00:44:24.791[Battery Energy]90.03
2019-09-05_00:44:24.791[Status]Routing Start.
2019-09-05_00:44:25.137[Status]{'id': 12, 'coordinate': [956.5412480715904, 661.8570735631581]}
2019-09-05_00:44:25.137[Status]Routing 91: Walk: 91
2019-09-05_00:44:25.237[Battery Energy]89.74
2019-09-05_00:44:25.237[Status]Routing Start.
2019-09-05_00:44:25.760[Status]Routing 92: Walk: 91
2019-09-05_00:44:25.860[Battery Energy]89.36
2019-09-05_00:44:25.860[Status]Routing Start.
2019-09-05_00:44:26.180[Status]{'id': 12, 'coordinate': [966.456617849407, 660.5588277585582]}
2019-09-05_00:44:26.180[Status]Routing 93: Walk: 92
2019-09-05_00:44:26.280[Battery Energy]89.01
2019-09-05_00:44:26.280[Status]Routing Start.
2019-09-05_00:44:26.670[Status]Routing 94: Walk: 92
2019-09-05_00:44:26.771[Battery Energy]88.65
2019-09-05_00:44:26.771[Status]Routing Start.
2019-09-05_00:44:27.090[Status]Routing 95: Walk: 92
2019-09-05_00:44:27.192[Battery Energy]88.36
2019-09-05_00:44:27.192[Status]Routing Start.
2019-09-05_00:44:27.511[Status]{'id': 12, 'coordinate': [976.3719876272237, 659.2605819539584]}
2019-09-05_00:44:27.511[Status]Routing 96: Walk: 93
2019-09-05_00:44:27.611[Battery Energy]88.01
2019-09-05_00:44:27.611[Status]Routing Start.
2019-09-05_00:44:27.921[Status]Routing 97: Walk: 93
2019-09-05_00:44:28.026[Battery Energy]87.70
2019-09-05_00:44:28.027[Status]Routing Start.
2019-09-05_00:44:28.365[Status]{'id': 12, 'coordinate': [986.2873574050403, 657.9623361493585]}
2019-09-05_00:44:28.365[Status]Routing 98: Walk: 94
2019-09-05_00:44:28.465[Battery Energy]87.33
2019-09-05_00:44:28.465[Status]Routing Start.
2019-09-05_00:44:28.838[Status]{'id': 12, 'coordinate': [996.202727182857, 656.6640903447587]}
2019-09-05_00:44:28.838[Status]Routing 99: Walk: 95
2019-09-05_00:44:28.938[Battery Energy]86.90
2019-09-05_00:44:28.938[Status]Routing Start.
2019-09-05_00:44:29.325[Status]Routing 100: Walk: 95
2019-09-05_00:44:29.425[Battery Energy]86.57
2019-09-05_00:44:29.425[Status]Routing Start.
2019-09-05_00:44:29.724[Status]Routing 101: Walk: 95
2019-09-05_00:44:29.824[Battery Energy]86.29
2019-09-05_00:44:29.824[Status]Routing Start.
2019-09-05_00:44:30.203[Status]{'id': 12, 'coordinate': [1006.1180969606736, 655.3658445401588]}
2019-09-05_00:44:30.203[Status]Routing 102: Walk: 96
2019-09-05_00:44:30.304[Battery Energy]85.89
2019-09-05_00:44:30.304[Status]Routing Start.
2019-09-05_00:44:30.686[Status]Routing 103: Walk: 96
2019-09-05_00:44:30.786[Battery Energy]85.52
2019-09-05_00:44:30.786[Status]Routing Start.
2019-09-05_00:44:31.159[Status]{'id': 12, 'coordinate': [1016.0334667384902, 654.067598735559]}
2019-09-05_00:44:31.159[Status]Routing 104: Walk: 97
2019-09-05_00:44:31.260[Battery Energy]85.13
2019-09-05_00:44:31.260[Status]Routing Start.
2019-09-05_00:44:31.647[Status]Routing 105: Walk: 97
2019-09-05_00:44:31.747[Battery Energy]84.76
2019-09-05_00:44:31.747[Status]Routing Start.
2019-09-05_00:44:32.135[Status]Routing 106: Walk: 97
2019-09-05_00:44:32.235[Battery Energy]84.42
2019-09-05_00:44:32.236[Status]Routing Start.
2019-09-05_00:44:32.598[Status]{'id': 12, 'coordinate': [1022.3185721688498, 661.8456093892715]}
2019-09-05_00:44:32.598[Status]Routing 107: Walk: 98
2019-09-05_00:44:32.698[Battery Energy]84.05
2019-09-05_00:44:32.698[Status]Routing Start.
2019-09-05_00:44:33.038[Status]Routing 108: Walk: 98
2019-09-05_00:44:33.138[Battery Energy]83.73
2019-09-05_00:44:33.138[Status]Routing Start.
2019-09-05_00:44:33.448[Status]{'id': 12, 'coordinate': [1027.1723220675005, 670.5886701760526]}
2019-09-05_00:44:33.448[Status]Routing 109: Walk: 99
2019-09-05_00:44:33.548[Battery Energy]83.36
2019-09-05_00:44:33.548[Status]Routing Start.
2019-09-05_00:44:33.935[Status]Routing 110: Walk: 99
2019-09-05_00:44:34.035[Battery Energy]82.99
2019-09-05_00:44:34.035[Status]Routing Start.
2019-09-05_00:44:34.371[Status]Routing 111: Walk: 99
2019-09-05_00:44:34.471[Battery Energy]82.69
2019-09-05_00:44:34.471[Status]Routing Start.
2019-09-05_00:44:34.843[Status]{'id': 12, 'coordinate': [1036.9639787042302, 668.5580396561429]}
2019-09-05_00:44:34.843[Status]Routing 112: Walk: 100
2019-09-05_00:44:34.943[Battery Energy]82.27
2019-09-05_00:44:34.943[Status]Routing Start.
2019-09-05_00:44:35.154[Status]{'id': 12, 'coordinate': [1046.7556353409598, 666.5274091362332]}
2019-09-05_00:44:35.155[Status]Routing 113: Walk: 101
2019-09-05_00:44:35.260[Battery Energy]81.97
2019-09-05_00:44:35.260[Status]Routing Start.
2019-09-05_00:44:35.408[Status]{'id': 12, 'coordinate': [1056.5472919776894, 664.4967786163236]}
2019-09-05_00:44:35.409[Status]Routing 114: Walk: 102
2019-09-05_00:44:35.528[Battery Energy]81.76
2019-09-05_00:44:35.528[Status]Routing Start.
2019-09-05_00:44:35.712[Status]{'id': 12, 'coordinate': [1066.338948614419, 662.4661480964139]}
2019-09-05_00:44:35.712[Status]Routing 115: Walk: 103
2019-09-05_00:44:35.813[Battery Energy]81.53
2019-09-05_00:44:35.813[Status]Routing Start.
2019-09-05_00:44:36.269[Status]{'id': 12, 'coordinate': [1076.1306052511486, 660.4355175765043]}
2019-09-05_00:44:36.269[Status]Routing 116: Walk: 104
2019-09-05_00:44:36.388[Battery Energy]81.21
2019-09-05_00:44:36.388[Status]Routing Start.
2019-09-05_00:44:36.755[Status]{'id': 12, 'coordinate': [1085.9222618878782, 658.4048870565946]}
2019-09-05_00:44:36.755[Status]Routing 117: Walk: 105
2019-09-05_00:44:36.855[Battery Energy]80.94
2019-09-05_00:44:36.855[Status]Routing Start.
2019-09-05_00:44:37.081[Status]{'id': 12, 'coordinate': [1095.7139185246078, 656.3742565366849]}
2019-09-05_00:44:37.081[Status]Routing 118: Walk: 106
2019-09-05_00:44:37.196[Battery Energy]80.71
2019-09-05_00:44:37.196[Status]Routing Start.
2019-09-05_00:44:37.498[Status]{'id': 12, 'coordinate': [1105.5055751613374, 654.3436260167753]}
2019-09-05_00:44:37.498[Status]Routing 119: Walk: 107
2019-09-05_00:44:37.608[Battery Energy]80.37
2019-09-05_00:44:37.608[Status]Routing Start.
2019-09-05_00:44:37.890[Status]{'id': 12, 'coordinate': [1115.297231798067, 652.3129954968656]}
2019-09-05_00:44:37.890[Status]Routing 120: Walk: 108
2019-09-05_00:44:37.991[Battery Energy]80.06
2019-09-05_00:44:37.991[Status]Routing Start.
2019-09-05_00:44:38.158[Status]{'id': 12, 'coordinate': [1125.0888884347967, 650.2823649769559]}
2019-09-05_00:44:38.159[Status]Routing 121: Walk: 109
2019-09-05_00:44:38.259[Battery Energy]79.86
2019-09-05_00:44:38.259[Status]Routing Start.
2019-09-05_00:44:38.449[Status]{'id': 12, 'coordinate': [1134.8805450715263, 648.2517344570463]}
2019-09-05_00:44:38.449[Status]Routing 122: Walk: 110
2019-09-05_00:44:38.556[Battery Energy]79.61
2019-09-05_00:44:38.556[Status]Routing Start.
2019-09-05_00:44:38.837[Status]{'id': 12, 'coordinate': [1144.672201708256, 646.2211039371366]}
2019-09-05_00:44:38.837[Status]Routing 123: Walk: 111
2019-09-05_00:44:38.942[Battery Energy]79.32
2019-09-05_00:44:38.942[Status]Routing Start.
2019-09-05_00:44:39.261[Status]{'id': 12, 'coordinate': [1154.4638583449855, 644.1904734172269]}
2019-09-05_00:44:39.261[Status]Routing 124: Walk: 112
2019-09-05_00:44:39.361[Battery Energy]79.07
2019-09-05_00:44:39.362[Status]Routing Start.
2019-09-05_00:44:39.525[Status]{'id': 12, 'coordinate': [1164.2555149817151, 642.1598428973173]}
2019-09-05_00:44:39.525[Status]Routing 125: Walk: 113
2019-09-05_00:44:39.625[Battery Energy]78.87
2019-09-05_00:44:39.626[Status]Routing Start.
2019-09-05_00:44:39.775[Status]{'id': 12, 'coordinate': [1174.0471716184447, 640.1292123774076]}
2019-09-05_00:44:39.775[Status]Routing 126: Walk: 114
2019-09-05_00:44:39.880[Battery Energy]78.66
2019-09-05_00:44:39.880[Status]Routing Start.
2019-09-05_00:44:40.103[Status]{'id': 12, 'coordinate': [1183.8388282551743, 638.098581857498]}
2019-09-05_00:44:40.105[Status]Routing 127: Walk: 115
2019-09-05_00:44:40.208[Battery Energy]78.42
2019-09-05_00:44:40.208[Status]Routing Start.
2019-09-05_00:44:40.371[Status]{'id': 12, 'coordinate': [1193.630484891904, 636.0679513375883]}
2019-09-05_00:44:40.371[Status]Routing 128: Walk: 116
2019-09-05_00:44:40.476[Battery Energy]78.20
2019-09-05_00:44:40.476[Status]Routing Start.
2019-09-05_00:44:40.658[Status]{'id': 12, 'coordinate': [1203.4221415286336, 634.0373208176786]}
2019-09-05_00:44:40.658[Status]Routing 129: Walk: 117
2019-09-05_00:44:40.788[Battery Energy]77.99
2019-09-05_00:44:40.788[Status]Routing Start.
2019-09-05_00:44:40.959[Status]{'id': 12, 'coordinate': [1213.2137981653632, 632.0066902977691]}
2019-09-05_00:44:40.959[Status]Routing 130: Walk: 118
2019-09-05_00:44:41.064[Battery Energy]77.76
2019-09-05_00:44:41.064[Status]Routing Start.
2019-09-05_00:44:41.315[Status]{'id': 12, 'coordinate': [1223.0054548020928, 629.9760597778594]}
2019-09-05_00:44:41.315[Status]Routing 131: Walk: 119
2019-09-05_00:44:41.420[Battery Energy]77.49
2019-09-05_00:44:41.420[Status]Routing Start.
2019-09-05_00:44:41.586[Status]{'id': 12, 'coordinate': [1232.7971114388224, 627.9454292579499]}
2019-09-05_00:44:41.586[Status]Routing 132: Walk: 120
2019-09-05_00:44:41.686[Battery Energy]77.28
2019-09-05_00:44:41.686[Status]Routing Start.
2019-09-05_00:44:41.856[Status]{'id': 12, 'coordinate': [1242.588768075552, 625.9147987380402]}
2019-09-05_00:44:41.856[Status]Routing 133: Walk: 121
2019-09-05_00:44:41.956[Battery Energy]77.07
2019-09-05_00:44:41.956[Status]Routing Start.
2019-09-05_00:44:42.248[Status]{'id': 12, 'coordinate': [1252.3804247122816, 623.8841682181306]}
2019-09-05_00:44:42.248[Status]Routing 134: Walk: 122
2019-09-05_00:44:42.360[Battery Energy]76.83
2019-09-05_00:44:42.360[Status]Routing Start.
2019-09-05_00:44:42.360[Status]Task Finished.
2019-09-05_00:44:42.461[Battery Energy]76.83
2019-09-05_00:44:42.595[Status]Routing 136: Walk: 122
2019-09-05_00:44:42.696[Battery Energy]76.71
2019-09-05_00:44:42.953[Status]Routing 137: Walk: 122
2019-09-05_00:44:43.060[Battery Energy]76.54
2019-09-05_00:44:43.239[Status]Routing 138: Walk: 122
2019-09-05_00:44:43.339[Battery Energy]76.41
2019-09-05_00:44:43.529[Status]Routing 139: Walk: 122
2019-09-05_00:44:43.639[Battery Energy]76.27
2019-09-05_00:44:43.774[Status]Routing 140: Walk: 122
2019-09-05_00:44:43.896[Battery Energy]76.16
2019-09-05_00:44:44.062[Status]Routing 141: Walk: 122
2019-09-05_00:44:44.168[Battery Energy]76.06
2019-09-05_00:44:44.328[Status]Routing 142: Walk: 122
2019-09-05_00:44:44.432[Battery Energy]75.95
2019-09-05_00:44:44.626[Status]Routing 143: Walk: 122
2019-09-05_00:44:44.726[Battery Energy]75.84
2019-09-05_00:44:44.889[Status]Routing 144: Walk: 122
2019-09-05_00:44:44.996[Battery Energy]75.74
2019-09-05_00:44:45.250[Status]Routing 145: Walk: 122
2019-09-05_00:44:45.350[Battery Energy]75.60
2019-09-05_00:44:45.564[Status]Routing 146: Walk: 122
2019-09-05_00:44:45.668[Battery Energy]75.42
2019-09-05_00:44:45.829[Status]Routing 147: Walk: 122
2019-09-05_00:44:45.932[Battery Energy]75.33
2019-09-05_00:44:46.095[Status]Routing 148: Walk: 122
2019-09-05_00:44:46.201[Battery Energy]75.24
2019-09-05_00:44:46.444[Status]Routing 149: Walk: 122
2019-09-05_00:44:46.545[Battery Energy]75.16
2019-09-05_00:44:46.765[Status]Routing 150: Walk: 122
2019-09-05_00:44:46.865[Battery Energy]75.04
2019-09-05_00:44:47.003[Status]Routing 151: Walk: 122
2019-09-05_00:44:47.104[Battery Energy]74.94
2019-09-05_00:44:47.285[Status]Routing 152: Walk: 122
2019-09-05_00:44:47.386[Battery Energy]74.79
2019-09-05_00:44:47.601[Status]Routing 153: Walk: 122
2019-09-05_00:44:47.704[Battery Energy]74.69
2019-09-05_00:44:47.893[Status]Routing 154: Walk: 122
2019-09-05_00:44:48.000[Battery Energy]74.57
2019-09-05_00:44:48.217[Status]Routing 155: Walk: 122
2019-09-05_00:44:48.317[Battery Energy]74.45
2019-09-05_00:44:48.506[Status]Routing 156: Walk: 122
2019-09-05_00:44:48.612[Battery Energy]74.34
2019-09-05_00:44:48.782[Status]Routing 157: Walk: 122
2019-09-05_00:44:48.882[Battery Energy]74.22
2019-09-05_00:44:49.090[Status]Routing 158: Walk: 122
2019-09-05_00:44:49.190[Battery Energy]74.07
2019-09-05_00:44:49.377[Status]Routing 159: Walk: 122
2019-09-05_00:44:49.477[Battery Energy]74.00
2019-09-05_00:44:49.641[Status]Routing 160: Walk: 122
2019-09-05_00:44:49.748[Battery Energy]73.90
2019-09-05_00:44:49.908[Status]Routing 161: Walk: 122
2019-09-05_00:44:50.020[Battery Energy]73.78
2019-09-05_00:44:50.174[Status]Routing 162: Walk: 122
2019-09-05_00:44:50.274[Battery Energy]73.68
2019-09-05_00:44:50.451[Status]Routing 163: Walk: 122
2019-09-05_00:44:50.560[Battery Energy]73.55
2019-09-05_00:44:50.704[Status]Routing 164: Walk: 122
2019-09-05_00:44:50.816[Battery Energy]73.43
2019-09-05_00:44:50.945[Status]Routing 165: Walk: 122
2019-09-05_00:44:51.045[Battery Energy]73.32
2019-09-05_00:44:51.210[Status]Routing 166: Walk: 122
2019-09-05_00:44:51.311[Battery Energy]73.17
2019-09-05_00:44:51.572[Status]Routing 167: Walk: 122
2019-09-05_00:44:51.672[Battery Energy]72.97
2019-09-05_00:44:51.928[Status]Routing 168: Walk: 122
2019-09-05_00:44:52.036[Battery Energy]72.83
2019-09-05_00:44:52.205[Status]Routing 169: Walk: 122
2019-09-05_00:44:52.316[Battery Energy]72.72
2019-09-05_00:44:52.512[Status]Routing 170: Walk: 122
2019-09-05_00:44:52.615[Battery Energy]72.58
2019-09-05_00:44:52.810[Status]Routing 171: Walk: 122
2019-09-05_00:44:52.920[Battery Energy]72.46
2019-09-05_00:44:53.118[Status]Routing 172: Walk: 122
2019-09-05_00:44:53.218[Battery Energy]72.35
