2019-09-05_00:43:39.651[Status]Start.
2019-09-05_00:43:39.651[Battery Energy]118.00
2019-09-05_00:43:40.752[Battery Energy]117.96
2019-09-05_00:43:41.854[Battery Energy]117.92
2019-09-05_00:43:42.954[Battery Energy]117.88
2019-09-05_00:43:44.055[Battery Energy]117.84
2019-09-05_00:43:45.156[Task]A New Task Released.
2019-09-05_00:43:45.156[Battery Energy]117.80
2019-09-05_00:43:45.156[Status]Selection Start.
2019-09-05_00:43:46.999[Status]Selection End: Do Task 1.
2019-09-05_00:43:47.119[Battery Energy]116.37
2019-09-05_00:43:47.119[Status]Formation Start.
2019-09-05_00:43:47.282[Status]Formation End: To Position 5.
2019-09-05_00:43:47.412[Battery Energy]116.24
2019-09-05_00:43:47.412[Status]Routing Start.
2019-09-05_00:43:47.544[Status]{'coordinate': [68.81289748109657, 384.9253682830795], 'id': 11}
2019-09-05_00:43:47.544[Status]Routing 1: Walk: 1
2019-09-05_00:43:47.644[Battery Energy]116.05
2019-09-05_00:43:47.644[Status]Routing Start.
2019-09-05_00:43:47.826[Status]{'coordinate': [78.62579496219314, 386.85073656615896], 'id': 11}
2019-09-05_00:43:47.826[Status]Routing 2: Walk: 2
2019-09-05_00:43:47.936[Battery Energy]115.83
2019-09-05_00:43:47.936[Status]Routing Start.
2019-09-05_00:43:48.106[Status]{'coordinate': [88.43869244328971, 388.77610484923844], 'id': 11}
2019-09-05_00:43:48.106[Status]Routing 3: Walk: 3
2019-09-05_00:43:48.206[Battery Energy]115.60
2019-09-05_00:43:48.206[Status]Routing Start.
2019-09-05_00:43:48.453[Status]{'coordinate': [98.25158992438628, 390.7014731323179], 'id': 11}
2019-09-05_00:43:48.453[Status]Routing 4: Walk: 4
2019-09-05_00:43:48.603[Battery Energy]115.26
2019-09-05_00:43:48.603[Status]Routing Start.
2019-09-05_00:43:48.768[Status]{'coordinate': [108.06448740548285, 392.6268414153974], 'id': 11}
2019-09-05_00:43:48.769[Status]Routing 5: Walk: 5
2019-09-05_00:43:48.869[Battery Energy]115.02
2019-09-05_00:43:48.870[Status]Routing Start.
2019-09-05_00:43:49.350[Status]Routing 6: Walk: 5
2019-09-05_00:43:49.452[Battery Energy]114.61
2019-09-05_00:43:49.452[Status]Routing Start.
2019-09-05_00:43:49.795[Status]Routing 7: Walk: 5
2019-09-05_00:43:49.896[Battery Energy]114.29
2019-09-05_00:43:49.896[Status]Routing Start.
2019-09-05_00:43:50.197[Status]Routing 8: Walk: 5
2019-09-05_00:43:50.316[Battery Energy]114.02
2019-09-05_00:43:50.316[Status]Routing Start.
2019-09-05_00:43:50.652[Status]Routing 9: Walk: 5
2019-09-05_00:43:50.752[Battery Energy]113.70
2019-09-05_00:43:50.752[Status]Routing Start.
2019-09-05_00:43:51.149[Status]Routing 10: Walk: 5
2019-09-05_00:43:51.251[Battery Energy]113.34
2019-09-05_00:43:51.251[Status]Routing Start.
2019-09-05_00:43:51.658[Status]Routing 11: Walk: 5
2019-09-05_00:43:51.759[Battery Energy]113.03
2019-09-05_00:43:51.759[Status]Routing Start.
2019-09-05_00:43:52.182[Status]Routing 12: Walk: 5
2019-09-05_00:43:52.283[Battery Energy]112.69
2019-09-05_00:43:52.283[Status]Routing Start.
2019-09-05_00:43:52.661[Status]Routing 13: Walk: 5
2019-09-05_00:43:52.780[Battery Energy]112.38
2019-09-05_00:43:52.781[Status]Routing Start.
2019-09-05_00:43:53.189[Status]Routing 14: Walk: 5
2019-09-05_00:43:53.292[Battery Energy]112.03
2019-09-05_00:43:53.292[Status]Routing Start.
2019-09-05_00:43:53.562[Status]{'coordinate': [117.87738488657942, 394.5522096984769], 'id': 11}
2019-09-05_00:43:53.562[Status]Routing 15: Walk: 6
2019-09-05_00:43:53.676[Battery Energy]111.73
2019-09-05_00:43:53.676[Status]Routing Start.
2019-09-05_00:43:54.288[Status]{'coordinate': [112.46533662857469, 402.96111769256436], 'id': 11}
2019-09-05_00:43:54.288[Status]Routing 16: Walk: 7
2019-09-05_00:43:54.391[Battery Energy]111.21
2019-09-05_00:43:54.391[Status]Routing Start.
2019-09-05_00:43:54.654[Status]{'coordinate': [112.33298109648565, 412.9602417548573], 'id': 11}
2019-09-05_00:43:54.654[Status]Routing 17: Walk: 8
2019-09-05_00:43:54.754[Battery Energy]110.85
2019-09-05_00:43:54.754[Status]Routing Start.
2019-09-05_00:43:54.975[Status]{'coordinate': [122.17838335334292, 414.71182800756355], 'id': 11}
2019-09-05_00:43:54.975[Status]Routing 18: Walk: 9
2019-09-05_00:43:55.088[Battery Energy]110.59
2019-09-05_00:43:55.088[Status]Routing Start.
2019-09-05_00:43:55.497[Status]{'coordinate': [132.0237856102002, 416.4634142602698], 'id': 11}
2019-09-05_00:43:55.497[Status]Routing 19: Walk: 10
2019-09-05_00:43:55.612[Battery Energy]110.24
2019-09-05_00:43:55.612[Status]Routing Start.
2019-09-05_00:43:55.983[Status]{'coordinate': [141.8691878670575, 418.2150005129761], 'id': 11}
2019-09-05_00:43:55.983[Status]Routing 20: Walk: 11
2019-09-05_00:43:56.083[Battery Energy]109.88
2019-09-05_00:43:56.083[Status]Routing Start.
2019-09-05_00:43:56.471[Status]{'coordinate': [151.71459012391477, 419.96658676568234], 'id': 11}
2019-09-05_00:43:56.471[Status]Routing 21: Walk: 12
2019-09-05_00:43:56.571[Battery Energy]109.53
2019-09-05_00:43:56.571[Status]Routing Start.
2019-09-05_00:43:56.912[Status]{'coordinate': [161.55999238077206, 421.7181730183886], 'id': 11}
2019-09-05_00:43:56.912[Status]Routing 22: Walk: 13
2019-09-05_00:43:57.014[Battery Energy]109.24
2019-09-05_00:43:57.014[Status]Routing Start.
2019-09-05_00:43:57.400[Status]{'coordinate': [171.40539463762934, 423.46975927109486], 'id': 11}
2019-09-05_00:43:57.400[Status]Routing 23: Walk: 14
2019-09-05_00:43:57.500[Battery Energy]108.93
2019-09-05_00:43:57.500[Status]Routing Start.
2019-09-05_00:43:57.879[Status]{'coordinate': [181.25079689448663, 425.2213455238011], 'id': 11}
2019-09-05_00:43:57.879[Status]Routing 24: Walk: 15
2019-09-05_00:43:57.984[Battery Energy]108.63
2019-09-05_00:43:57.984[Status]Routing Start.
2019-09-05_00:43:58.387[Status]{'coordinate': [191.0961991513439, 426.9729317765074], 'id': 11}
2019-09-05_00:43:58.390[Status]Routing 25: Walk: 16
2019-09-05_00:43:58.508[Battery Energy]108.26
2019-09-05_00:43:58.508[Status]Routing Start.
2019-09-05_00:43:58.882[Status]{'coordinate': [200.9416014082012, 428.72451802921364], 'id': 11}
2019-09-05_00:43:58.882[Status]Routing 26: Walk: 17
2019-09-05_00:43:58.982[Battery Energy]107.89
2019-09-05_00:43:58.982[Status]Routing Start.
2019-09-05_00:43:59.367[Status]{'coordinate': [210.78700366505848, 430.4761042819199], 'id': 11}
2019-09-05_00:43:59.368[Status]Routing 27: Walk: 18
2019-09-05_00:43:59.468[Battery Energy]107.53
2019-09-05_00:43:59.468[Status]Routing Start.
2019-09-05_00:43:59.974[Status]Routing 28: Walk: 18
2019-09-05_00:44:00.088[Battery Energy]107.13
2019-09-05_00:44:00.088[Status]Routing Start.
2019-09-05_00:44:00.532[Status]Routing 29: Walk: 18
2019-09-05_00:44:00.634[Battery Energy]106.80
2019-09-05_00:44:00.634[Status]Routing Start.
2019-09-05_00:44:00.979[Status]Routing 30: Walk: 18
2019-09-05_00:44:01.090[Battery Energy]106.48
2019-09-05_00:44:01.091[Status]Routing Start.
2019-09-05_00:44:01.529[Status]Routing 31: Walk: 18
2019-09-05_00:44:01.636[Battery Energy]106.14
2019-09-05_00:44:01.636[Status]Routing Start.
2019-09-05_00:44:02.001[Status]Routing 32: Walk: 18
2019-09-05_00:44:02.105[Battery Energy]105.83
2019-09-05_00:44:02.105[Status]Routing Start.
2019-09-05_00:44:02.473[Status]Routing 33: Walk: 18
2019-09-05_00:44:02.573[Battery Energy]105.53
2019-09-05_00:44:02.573[Status]Routing Start.
2019-09-05_00:44:02.771[Status]{'coordinate': [220.63240592191576, 432.22769053462616], 'id': 11}
2019-09-05_00:44:02.771[Status]Routing 34: Walk: 19
2019-09-05_00:44:02.871[Battery Energy]105.29
2019-09-05_00:44:02.871[Status]Routing Start.
2019-09-05_00:44:03.052[Status]{'coordinate': [230.47780817877305, 433.9792767873324], 'id': 11}
2019-09-05_00:44:03.052[Status]Routing 35: Walk: 20
2019-09-05_00:44:03.152[Battery Energy]105.08
2019-09-05_00:44:03.152[Status]Routing Start.
2019-09-05_00:44:03.514[Status]{'coordinate': [240.32321043563033, 435.7308630400387], 'id': 11}
2019-09-05_00:44:03.517[Status]Routing 36: Walk: 21
2019-09-05_00:44:03.632[Battery Energy]104.74
2019-09-05_00:44:03.632[Status]Routing Start.
2019-09-05_00:44:03.948[Status]{'coordinate': [250.1686126924876, 437.48244929274495], 'id': 11}
2019-09-05_00:44:03.950[Status]Routing 37: Walk: 22
2019-09-05_00:44:04.068[Battery Energy]104.46
2019-09-05_00:44:04.068[Status]Routing Start.
2019-09-05_00:44:04.461[Status]{'coordinate': [260.01401494934487, 439.2340355454512], 'id': 11}
2019-09-05_00:44:04.461[Status]Routing 38: Walk: 23
2019-09-05_00:44:04.568[Battery Energy]104.14
2019-09-05_00:44:04.568[Status]Routing Start.
2019-09-05_00:44:04.910[Status]{'coordinate': [269.8594172062021, 440.98562179815747], 'id': 11}
2019-09-05_00:44:04.910[Status]Routing 39: Walk: 24
2019-09-05_00:44:05.010[Battery Energy]103.85
2019-09-05_00:44:05.011[Status]Routing Start.
2019-09-05_00:44:05.356[Status]{'coordinate': [279.7048194630594, 442.7372080508637], 'id': 11}
2019-09-05_00:44:05.356[Status]Routing 40: Walk: 25
2019-09-05_00:44:05.456[Battery Energy]103.52
2019-09-05_00:44:05.456[Status]Routing Start.
2019-09-05_00:44:05.836[Status]{'coordinate': [289.55022171991664, 444.48879430357], 'id': 11}
2019-09-05_00:44:05.838[Status]Routing 41: Walk: 26
2019-09-05_00:44:05.956[Battery Energy]103.21
2019-09-05_00:44:05.956[Status]Routing Start.
2019-09-05_00:44:06.431[Status]Routing 42: Walk: 26
2019-09-05_00:44:06.531[Battery Energy]102.83
2019-09-05_00:44:06.531[Status]Routing Start.
2019-09-05_00:44:06.869[Status]Routing 43: Walk: 26
2019-09-05_00:44:06.975[Battery Energy]102.55
2019-09-05_00:44:06.975[Status]Routing Start.
2019-09-05_00:44:07.187[Status]{'coordinate': [299.3956239767739, 446.24038055627625], 'id': 11}
2019-09-05_00:44:07.187[Status]Routing 44: Walk: 27
2019-09-05_00:44:07.292[Battery Energy]102.31
2019-09-05_00:44:07.292[Status]Routing Start.
2019-09-05_00:44:07.851[Status]Routing 45: Walk: 27
2019-09-05_00:44:07.952[Battery Energy]101.90
2019-09-05_00:44:07.953[Status]Routing Start.
2019-09-05_00:44:08.114[Status]{'coordinate': [309.24102623363115, 447.9919668089825], 'id': 11}
2019-09-05_00:44:08.114[Status]Routing 46: Walk: 28
2019-09-05_00:44:08.216[Battery Energy]101.68
2019-09-05_00:44:08.216[Status]Routing Start.
2019-09-05_00:44:08.547[Status]{'coordinate': [319.0864284904884, 449.7435530616888], 'id': 11}
2019-09-05_00:44:08.547[Status]Routing 47: Walk: 29
2019-09-05_00:44:08.648[Battery Energy]101.35
2019-09-05_00:44:08.648[Status]Routing Start.
2019-09-05_00:44:09.003[Status]{'coordinate': [328.93183074734566, 451.49513931439503], 'id': 11}
2019-09-05_00:44:09.003[Status]Routing 48: Walk: 30
2019-09-05_00:44:09.103[Battery Energy]101.02
2019-09-05_00:44:09.103[Status]Routing Start.
2019-09-05_00:44:09.246[Status]{'coordinate': [338.7772330042029, 453.2467255671013], 'id': 11}
2019-09-05_00:44:09.249[Status]Routing 49: Walk: 31
2019-09-05_00:44:09.354[Battery Energy]100.82
2019-09-05_00:44:09.354[Status]Routing Start.
2019-09-05_00:44:09.608[Status]{'coordinate': [348.62263526106017, 454.99831181980755], 'id': 11}
2019-09-05_00:44:09.609[Status]Routing 50: Walk: 32
2019-09-05_00:44:09.709[Battery Energy]100.56
2019-09-05_00:44:09.709[Status]Routing Start.
2019-09-05_00:44:09.897[Status]{'coordinate': [358.4680375179174, 456.7498980725138], 'id': 11}
2019-09-05_00:44:09.898[Status]Routing 51: Walk: 33
2019-09-05_00:44:10.008[Battery Energy]100.34
2019-09-05_00:44:10.008[Status]Routing Start.
2019-09-05_00:44:10.353[Status]{'coordinate': [368.3134397747747, 458.5014843252201], 'id': 11}
2019-09-05_00:44:10.353[Status]Routing 52: Walk: 34
2019-09-05_00:44:10.468[Battery Energy]100.04
2019-09-05_00:44:10.468[Status]Routing Start.
2019-09-05_00:44:10.607[Status]{'coordinate': [378.15884203163193, 460.25307057792634], 'id': 11}
2019-09-05_00:44:10.607[Status]Routing 53: Walk: 35
2019-09-05_00:44:10.716[Battery Energy]99.85
2019-09-05_00:44:10.716[Status]Routing Start.
2019-09-05_00:44:10.888[Status]{'coordinate': [388.0042442884892, 462.0046568306326], 'id': 11}
2019-09-05_00:44:10.888[Status]Routing 54: Walk: 36
2019-09-05_00:44:10.997[Battery Energy]99.65
2019-09-05_00:44:10.997[Status]Routing Start.
2019-09-05_00:44:11.147[Status]{'coordinate': [397.84964654534645, 463.75624308333886], 'id': 11}
2019-09-05_00:44:11.152[Status]Routing 55: Walk: 37
2019-09-05_00:44:11.257[Battery Energy]99.44
2019-09-05_00:44:11.257[Status]Routing Start.
2019-09-05_00:44:11.422[Status]{'coordinate': [407.6950488022037, 465.5078293360451], 'id': 11}
2019-09-05_00:44:11.422[Status]Routing 56: Walk: 38
2019-09-05_00:44:11.522[Battery Energy]99.23
2019-09-05_00:44:11.522[Status]Routing Start.
2019-09-05_00:44:11.900[Status]{'coordinate': [417.54045105906096, 467.2594155887514], 'id': 11}
2019-09-05_00:44:11.900[Status]Routing 57: Walk: 39
2019-09-05_00:44:12.016[Battery Energy]98.91
2019-09-05_00:44:12.016[Status]Routing Start.
2019-09-05_00:44:12.191[Status]{'coordinate': [427.3858533159182, 469.01100184145764], 'id': 11}
2019-09-05_00:44:12.191[Status]Routing 58: Walk: 40
2019-09-05_00:44:12.300[Battery Energy]98.72
2019-09-05_00:44:12.300[Status]Routing Start.
2019-09-05_00:44:12.601[Status]{'coordinate': [437.23125557277547, 470.7625880941639], 'id': 11}
2019-09-05_00:44:12.601[Status]Routing 59: Walk: 41
2019-09-05_00:44:12.710[Battery Energy]98.43
2019-09-05_00:44:12.710[Status]Routing Start.
2019-09-05_00:44:13.049[Status]{'coordinate': [447.0766578296327, 472.51417434687016], 'id': 11}
2019-09-05_00:44:13.049[Status]Routing 60: Walk: 42
2019-09-05_00:44:13.149[Battery Energy]98.12
2019-09-05_00:44:13.149[Status]Routing Start.
2019-09-05_00:44:13.487[Status]{'coordinate': [456.92206008649, 474.2657605995764], 'id': 11}
2019-09-05_00:44:13.487[Status]Routing 61: Walk: 43
2019-09-05_00:44:13.596[Battery Energy]97.85
2019-09-05_00:44:13.596[Status]Routing Start.
2019-09-05_00:44:13.914[Status]{'coordinate': [466.76746234334723, 476.0173468522827], 'id': 11}
2019-09-05_00:44:13.914[Status]Routing 62: Walk: 44
2019-09-05_00:44:14.015[Battery Energy]97.53
2019-09-05_00:44:14.015[Status]Routing Start.
2019-09-05_00:44:14.431[Status]{'coordinate': [476.6128646002045, 477.76893310498895], 'id': 11}
2019-09-05_00:44:14.431[Status]Routing 63: Walk: 45
2019-09-05_00:44:14.536[Battery Energy]97.19
2019-09-05_00:44:14.536[Status]Routing Start.
2019-09-05_00:44:14.882[Status]{'coordinate': [486.45826685706174, 479.5205193576952], 'id': 11}
2019-09-05_00:44:14.882[Status]Routing 64: Walk: 46
2019-09-05_00:44:14.996[Battery Energy]96.87
2019-09-05_00:44:14.996[Status]Routing Start.
2019-09-05_00:44:15.436[Status]{'coordinate': [485.46073588605395, 489.4706415660844], 'id': 11}
2019-09-05_00:44:15.436[Status]Routing 65: Walk: 47
2019-09-05_00:44:15.536[Battery Energy]96.42
2019-09-05_00:44:15.536[Status]Routing Start.
2019-09-05_00:44:15.683[Status]{'coordinate': [495.33004181701597, 491.0821006692197], 'id': 11}
2019-09-05_00:44:15.685[Status]Routing 66: Walk: 48
2019-09-05_00:44:15.786[Battery Energy]96.22
2019-09-05_00:44:15.786[Status]Routing Start.
2019-09-05_00:44:16.044[Status]{'coordinate': [505.199347747978, 492.693559772355], 'id': 11}
2019-09-05_00:44:16.045[Status]Routing 67: Walk: 49
2019-09-05_00:44:16.152[Battery Energy]95.96
2019-09-05_00:44:16.152[Status]Routing Start.
2019-09-05_00:44:16.548[Status]{'coordinate': [507.9080151859231, 502.3197283097647], 'id': 11}
2019-09-05_00:44:16.550[Status]Routing 68: Walk: 50
2019-09-05_00:44:16.650[Battery Energy]95.60
2019-09-05_00:44:16.650[Status]Routing Start.
2019-09-05_00:44:16.831[Status]{'coordinate': [517.7980027268613, 503.79896677603216], 'id': 11}
2019-09-05_00:44:16.831[Status]Routing 69: Walk: 51
2019-09-05_00:44:16.932[Battery Energy]95.35
2019-09-05_00:44:16.932[Status]Routing Start.
2019-09-05_00:44:17.096[Status]{'coordinate': [527.6879902677996, 505.27820524229963], 'id': 11}
2019-09-05_00:44:17.096[Status]Routing 70: Walk: 52
2019-09-05_00:44:17.208[Battery Energy]95.12
2019-09-05_00:44:17.208[Status]Routing Start.
2019-09-05_00:44:17.418[Status]{'coordinate': [537.5779778087378, 506.7574437085671], 'id': 11}
2019-09-05_00:44:17.418[Status]Routing 71: Walk: 53
2019-09-05_00:44:17.527[Battery Energy]94.86
2019-09-05_00:44:17.527[Status]Routing Start.
2019-09-05_00:44:17.681[Status]{'coordinate': [547.4679653496761, 508.2366821748346], 'id': 11}
2019-09-05_00:44:17.682[Status]Routing 72: Walk: 54
2019-09-05_00:44:17.794[Battery Energy]94.63
2019-09-05_00:44:17.794[Status]Routing Start.
2019-09-05_00:44:18.152[Status]{'coordinate': [557.3579528906143, 509.71592064110206], 'id': 11}
2019-09-05_00:44:18.152[Status]Routing 73: Walk: 55
2019-09-05_00:44:18.264[Battery Energy]94.31
2019-09-05_00:44:18.264[Status]Routing Start.
2019-09-05_00:44:18.726[Status]{'coordinate': [567.2479404315526, 511.19515910736953], 'id': 11}
2019-09-05_00:44:18.728[Status]Routing 74: Walk: 56
2019-09-05_00:44:18.828[Battery Energy]93.96
2019-09-05_00:44:18.828[Status]Routing Start.
2019-09-05_00:44:19.200[Status]{'coordinate': [577.1379279724908, 512.6743975736371], 'id': 11}
2019-09-05_00:44:19.200[Status]Routing 75: Walk: 57
2019-09-05_00:44:19.300[Battery Energy]93.60
2019-09-05_00:44:19.300[Status]Routing Start.
2019-09-05_00:44:19.711[Status]{'coordinate': [587.0279155134291, 514.1536360399045], 'id': 11}
2019-09-05_00:44:19.711[Status]Routing 76: Walk: 58
2019-09-05_00:44:19.816[Battery Energy]93.28
2019-09-05_00:44:19.816[Status]Routing Start.
2019-09-05_00:44:20.231[Status]{'coordinate': [596.9179030543673, 515.632874506172], 'id': 11}
2019-09-05_00:44:20.231[Status]Routing 77: Walk: 59
2019-09-05_00:44:20.340[Battery Energy]92.90
2019-09-05_00:44:20.340[Status]Routing Start.
2019-09-05_00:44:20.564[Status]{'coordinate': [606.8078905953056, 517.1121129724395], 'id': 11}
2019-09-05_00:44:20.566[Status]Routing 78: Walk: 60
2019-09-05_00:44:20.668[Battery Energy]92.63
2019-09-05_00:44:20.668[Status]Routing Start.
2019-09-05_00:44:20.858[Status]{'coordinate': [616.6978781362438, 518.591351438707], 'id': 11}
2019-09-05_00:44:20.858[Status]Routing 79: Walk: 61
2019-09-05_00:44:20.968[Battery Energy]92.42
2019-09-05_00:44:20.968[Status]Routing Start.
2019-09-05_00:44:21.255[Status]{'coordinate': [626.5878656771821, 520.0705899049744], 'id': 11}
2019-09-05_00:44:21.255[Status]Routing 80: Walk: 62
2019-09-05_00:44:21.364[Battery Energy]92.13
2019-09-05_00:44:21.364[Status]Routing Start.
2019-09-05_00:44:21.634[Status]{'coordinate': [636.4778532181203, 521.5498283712419], 'id': 11}
2019-09-05_00:44:21.634[Status]Routing 81: Walk: 63
2019-09-05_00:44:21.752[Battery Energy]91.83
2019-09-05_00:44:21.752[Status]Routing Start.
2019-09-05_00:44:21.986[Status]{'coordinate': [646.3678407590586, 523.0290668375094], 'id': 11}
2019-09-05_00:44:21.986[Status]Routing 82: Walk: 64
2019-09-05_00:44:22.096[Battery Energy]91.59
2019-09-05_00:44:22.096[Status]Routing Start.
2019-09-05_00:44:22.271[Status]{'coordinate': [656.2578282999968, 524.5083053037769], 'id': 11}
2019-09-05_00:44:22.271[Status]Routing 83: Walk: 65
2019-09-05_00:44:22.371[Battery Energy]91.37
2019-09-05_00:44:22.371[Status]Routing Start.
2019-09-05_00:44:22.544[Status]{'coordinate': [666.1478158409351, 525.9875437700443], 'id': 11}
2019-09-05_00:44:22.544[Status]Routing 84: Walk: 66
2019-09-05_00:44:22.695[Battery Energy]91.18
2019-09-05_00:44:22.695[Status]Routing Start.
2019-09-05_00:44:22.883[Status]{'coordinate': [676.0378033818733, 527.4667822363118], 'id': 11}
2019-09-05_00:44:22.883[Status]Routing 85: Walk: 67
2019-09-05_00:44:22.983[Battery Energy]90.94
2019-09-05_00:44:22.983[Status]Routing Start.
2019-09-05_00:44:23.190[Status]{'coordinate': [685.9277909228116, 528.9460207025793], 'id': 11}
2019-09-05_00:44:23.191[Status]Routing 86: Walk: 68
2019-09-05_00:44:23.291[Battery Energy]90.70
2019-09-05_00:44:23.291[Status]Routing Start.
2019-09-05_00:44:23.557[Status]{'coordinate': [695.8177784637498, 530.4252591688468], 'id': 11}
2019-09-05_00:44:23.561[Status]Routing 87: Walk: 69
2019-09-05_00:44:23.668[Battery Energy]90.45
2019-09-05_00:44:23.668[Status]Routing Start.
2019-09-05_00:44:24.015[Status]{'coordinate': [705.7077660046881, 531.9044976351142], 'id': 11}
2019-09-05_00:44:24.015[Status]Routing 88: Walk: 70
2019-09-05_00:44:24.128[Battery Energy]90.10
2019-09-05_00:44:24.128[Status]Routing Start.
2019-09-05_00:44:24.274[Status]{'coordinate': [715.5977535456263, 533.3837361013817], 'id': 11}
2019-09-05_00:44:24.274[Status]Routing 89: Walk: 71
2019-09-05_00:44:24.396[Battery Energy]89.91
2019-09-05_00:44:24.396[Status]Routing Start.
2019-09-05_00:44:24.686[Status]{'coordinate': [725.4877410865646, 534.8629745676492], 'id': 11}
2019-09-05_00:44:24.686[Status]Routing 90: Walk: 72
2019-09-05_00:44:24.786[Battery Energy]89.64
2019-09-05_00:44:24.786[Status]Routing Start.
2019-09-05_00:44:25.134[Status]{'coordinate': [735.3777286275028, 536.3422130339167], 'id': 11}
2019-09-05_00:44:25.134[Status]Routing 91: Walk: 73
2019-09-05_00:44:25.234[Battery Energy]89.35
2019-09-05_00:44:25.234[Status]Routing Start.
2019-09-05_00:44:25.566[Status]{'coordinate': [745.2677161684411, 537.8214515001841], 'id': 11}
2019-09-05_00:44:25.566[Status]Routing 92: Walk: 74
2019-09-05_00:44:25.670[Battery Energy]89.06
2019-09-05_00:44:25.670[Status]Routing Start.
2019-09-05_00:44:26.006[Status]{'coordinate': [755.1577037093793, 539.3006899664516], 'id': 11}
2019-09-05_00:44:26.007[Status]Routing 93: Walk: 75
2019-09-05_00:44:26.124[Battery Energy]88.75
2019-09-05_00:44:26.124[Status]Routing Start.
2019-09-05_00:44:26.483[Status]{'coordinate': [765.0476912503176, 540.7799284327191], 'id': 11}
2019-09-05_00:44:26.483[Status]Routing 94: Walk: 76
2019-09-05_00:44:26.596[Battery Energy]88.42
2019-09-05_00:44:26.596[Status]Routing Start.
2019-09-05_00:44:26.948[Status]{'coordinate': [774.9376787912558, 542.2591668989866], 'id': 11}
2019-09-05_00:44:26.948[Status]Routing 95: Walk: 77
2019-09-05_00:44:27.056[Battery Energy]88.09
2019-09-05_00:44:27.056[Status]Routing Start.
2019-09-05_00:44:27.372[Status]{'coordinate': [784.8276663321941, 543.738405365254], 'id': 11}
2019-09-05_00:44:27.372[Status]Routing 96: Walk: 78
2019-09-05_00:44:27.472[Battery Energy]87.79
2019-09-05_00:44:27.472[Status]Routing Start.
2019-09-05_00:44:27.752[Status]{'coordinate': [794.7176538731323, 545.2176438315215], 'id': 11}
2019-09-05_00:44:27.752[Status]Routing 97: Walk: 79
2019-09-05_00:44:27.860[Battery Energy]87.51
2019-09-05_00:44:27.860[Status]Routing Start.
2019-09-05_00:44:28.211[Status]{'coordinate': [804.6076414140706, 546.696882297789], 'id': 11}
2019-09-05_00:44:28.211[Status]Routing 98: Walk: 80
2019-09-05_00:44:28.312[Battery Energy]87.21
2019-09-05_00:44:28.312[Status]Routing Start.
2019-09-05_00:44:28.661[Status]{'coordinate': [814.4976289550088, 548.1761207640565], 'id': 11}
2019-09-05_00:44:28.662[Status]Routing 99: Walk: 81
2019-09-05_00:44:28.774[Battery Energy]86.86
2019-09-05_00:44:28.774[Status]Routing Start.
2019-09-05_00:44:29.107[Status]{'coordinate': [824.3876164959471, 549.6553592303239], 'id': 11}
2019-09-05_00:44:29.108[Status]Routing 100: Walk: 82
2019-09-05_00:44:29.220[Battery Energy]86.55
2019-09-05_00:44:29.220[Status]Routing Start.
2019-09-05_00:44:29.580[Status]{'coordinate': [834.2776040368854, 551.1345976965914], 'id': 11}
2019-09-05_00:44:29.580[Status]Routing 101: Walk: 83
2019-09-05_00:44:29.687[Battery Energy]86.20
2019-09-05_00:44:29.687[Status]Routing Start.
2019-09-05_00:44:30.034[Status]{'coordinate': [844.1675915778236, 552.6138361628589], 'id': 11}
2019-09-05_00:44:30.034[Status]Routing 102: Walk: 84
2019-09-05_00:44:30.134[Battery Energy]85.93
2019-09-05_00:44:30.134[Status]Routing Start.
2019-09-05_00:44:30.480[Status]{'coordinate': [854.0575791187619, 554.0930746291264], 'id': 11}
2019-09-05_00:44:30.480[Status]Routing 103: Walk: 85
2019-09-05_00:44:30.588[Battery Energy]85.63
2019-09-05_00:44:30.588[Status]Routing Start.
2019-09-05_00:44:30.945[Status]{'coordinate': [863.9475666597001, 555.5723130953938], 'id': 11}
2019-09-05_00:44:30.945[Status]Routing 104: Walk: 86
2019-09-05_00:44:31.049[Battery Energy]85.30
2019-09-05_00:44:31.049[Status]Routing Start.
2019-09-05_00:44:31.472[Status]{'coordinate': [873.8375542006384, 557.0515515616613], 'id': 11}
2019-09-05_00:44:31.472[Status]Routing 105: Walk: 87
2019-09-05_00:44:31.576[Battery Energy]84.95
2019-09-05_00:44:31.576[Status]Routing Start.
2019-09-05_00:44:31.952[Status]{'coordinate': [883.7275417415766, 558.5307900279288], 'id': 11}
2019-09-05_00:44:31.952[Status]Routing 106: Walk: 88
2019-09-05_00:44:32.052[Battery Energy]84.61
2019-09-05_00:44:32.052[Status]Routing Start.
2019-09-05_00:44:32.470[Status]{'coordinate': [893.6175292825149, 560.0100284941963], 'id': 11}
2019-09-05_00:44:32.470[Status]Routing 107: Walk: 89
2019-09-05_00:44:32.575[Battery Energy]84.28
2019-09-05_00:44:32.575[Status]Routing Start.
2019-09-05_00:44:32.894[Status]{'coordinate': [903.5075168234531, 561.4892669604637], 'id': 11}
2019-09-05_00:44:32.895[Status]Routing 108: Walk: 90
2019-09-05_00:44:33.000[Battery Energy]83.99
2019-09-05_00:44:33.000[Status]Routing Start.
2019-09-05_00:44:33.283[Status]{'coordinate': [913.3975043643914, 562.9685054267312], 'id': 11}
2019-09-05_00:44:33.283[Status]Routing 109: Walk: 91
2019-09-05_00:44:33.392[Battery Energy]83.69
2019-09-05_00:44:33.392[Status]Routing Start.
2019-09-05_00:44:33.740[Status]{'coordinate': [923.2874919053296, 564.4477438929987], 'id': 11}
2019-09-05_00:44:33.740[Status]Routing 110: Walk: 92
2019-09-05_00:44:33.856[Battery Energy]83.33
2019-09-05_00:44:33.856[Status]Routing Start.
2019-09-05_00:44:34.198[Status]{'coordinate': [933.1774794462679, 565.9269823592662], 'id': 11}
2019-09-05_00:44:34.198[Status]Routing 111: Walk: 93
2019-09-05_00:44:34.300[Battery Energy]83.01
2019-09-05_00:44:34.300[Status]Routing Start.
2019-09-05_00:44:34.675[Status]{'coordinate': [943.0674669872061, 567.4062208255336], 'id': 11}
2019-09-05_00:44:34.675[Status]Routing 112: Walk: 94
2019-09-05_00:44:34.778[Battery Energy]82.66
2019-09-05_00:44:34.778[Status]Routing Start.
2019-09-05_00:44:35.155[Status]{'coordinate': [952.9574545281444, 568.8854592918011], 'id': 11}
2019-09-05_00:44:35.155[Status]Routing 113: Walk: 95
2019-09-05_00:44:35.268[Battery Energy]82.25
2019-09-05_00:44:35.268[Status]Routing Start.
2019-09-05_00:44:35.402[Status]{'coordinate': [962.8474420690826, 570.3646977580686], 'id': 11}
2019-09-05_00:44:35.403[Status]Routing 114: Walk: 96
2019-09-05_00:44:35.503[Battery Energy]82.05
2019-09-05_00:44:35.503[Status]Routing Start.
2019-09-05_00:44:35.715[Status]{'coordinate': [972.7374296100209, 571.8439362243361], 'id': 11}
2019-09-05_00:44:35.715[Status]Routing 115: Walk: 97
2019-09-05_00:44:35.835[Battery Energy]81.82
2019-09-05_00:44:35.835[Status]Routing Start.
2019-09-05_00:44:36.262[Status]{'coordinate': [982.6274171509591, 573.3231746906035], 'id': 11}
2019-09-05_00:44:36.263[Status]Routing 116: Walk: 98
2019-09-05_00:44:36.363[Battery Energy]81.51
2019-09-05_00:44:36.363[Status]Routing Start.
2019-09-05_00:44:36.750[Status]{'coordinate': [992.5174046918974, 574.802413156871], 'id': 11}
2019-09-05_00:44:36.750[Status]Routing 117: Walk: 99
2019-09-05_00:44:36.850[Battery Energy]81.12
2019-09-05_00:44:36.850[Status]Routing Start.
2019-09-05_00:44:37.074[Status]{'coordinate': [1002.4073922328356, 576.2816516231385], 'id': 11}
2019-09-05_00:44:37.074[Status]Routing 118: Walk: 100
2019-09-05_00:44:37.200[Battery Energy]80.89
2019-09-05_00:44:37.200[Status]Routing Start.
2019-09-05_00:44:37.493[Status]{'coordinate': [1012.2973797737739, 577.760890089406], 'id': 11}
2019-09-05_00:44:37.493[Status]Routing 119: Walk: 101
2019-09-05_00:44:37.596[Battery Energy]80.57
2019-09-05_00:44:37.596[Status]Routing Start.
2019-09-05_00:44:37.891[Status]{'coordinate': [1022.1873673147121, 579.2401285556734], 'id': 11}
2019-09-05_00:44:37.891[Status]Routing 120: Walk: 102
2019-09-05_00:44:37.996[Battery Energy]80.28
2019-09-05_00:44:37.996[Status]Routing Start.
2019-09-05_00:44:38.159[Status]{'coordinate': [1032.0773548556504, 580.7193670219409], 'id': 11}
2019-09-05_00:44:38.159[Status]Routing 121: Walk: 103
2019-09-05_00:44:38.262[Battery Energy]80.04
2019-09-05_00:44:38.262[Status]Routing Start.
2019-09-05_00:44:38.435[Status]{'coordinate': [1041.9673423965887, 582.1986054882084], 'id': 11}
2019-09-05_00:44:38.435[Status]Routing 122: Walk: 104
2019-09-05_00:44:38.542[Battery Energy]79.86
2019-09-05_00:44:38.542[Status]Routing Start.
2019-09-05_00:44:38.835[Status]{'coordinate': [1051.857329937527, 583.6778439544759], 'id': 11}
2019-09-05_00:44:38.835[Status]Routing 123: Walk: 105
2019-09-05_00:44:38.936[Battery Energy]79.58
2019-09-05_00:44:38.936[Status]Routing Start.
2019-09-05_00:44:39.267[Status]{'coordinate': [1061.7473174784654, 585.1570824207433], 'id': 11}
2019-09-05_00:44:39.267[Status]Routing 124: Walk: 106
2019-09-05_00:44:39.380[Battery Energy]79.35
2019-09-05_00:44:39.380[Status]Routing Start.
2019-09-05_00:44:39.530[Status]{'coordinate': [1071.6373050194038, 586.6363208870108], 'id': 11}
2019-09-05_00:44:39.530[Status]Routing 125: Walk: 107
2019-09-05_00:44:39.630[Battery Energy]79.13
2019-09-05_00:44:39.630[Status]Routing Start.
2019-09-05_00:44:39.775[Status]{'coordinate': [1081.5272925603422, 588.1155593532783], 'id': 11}
2019-09-05_00:44:39.775[Status]Routing 126: Walk: 108
2019-09-05_00:44:39.875[Battery Energy]78.93
2019-09-05_00:44:39.875[Status]Routing Start.
2019-09-05_00:44:40.106[Status]{'coordinate': [1091.4172801012805, 589.5947978195459], 'id': 11}
2019-09-05_00:44:40.106[Status]Routing 127: Walk: 109
2019-09-05_00:44:40.212[Battery Energy]78.70
2019-09-05_00:44:40.212[Status]Routing Start.
2019-09-05_00:44:40.373[Status]{'coordinate': [1101.307267642219, 591.0740362858133], 'id': 11}
2019-09-05_00:44:40.373[Status]Routing 128: Walk: 110
2019-09-05_00:44:40.484[Battery Energy]78.48
2019-09-05_00:44:40.484[Status]Routing Start.
2019-09-05_00:44:40.661[Status]{'coordinate': [1111.1972551831573, 592.5532747520809], 'id': 11}
2019-09-05_00:44:40.661[Status]Routing 129: Walk: 111
2019-09-05_00:44:40.764[Battery Energy]78.29
2019-09-05_00:44:40.764[Status]Routing Start.
2019-09-05_00:44:40.960[Status]{'coordinate': [1121.0872427240956, 594.0325132183485], 'id': 11}
2019-09-05_00:44:40.960[Status]Routing 130: Walk: 112
2019-09-05_00:44:41.060[Battery Energy]78.08
2019-09-05_00:44:41.060[Status]Routing Start.
2019-09-05_00:44:41.314[Status]{'coordinate': [1130.977230265034, 595.511751684616], 'id': 11}
2019-09-05_00:44:41.314[Status]Routing 131: Walk: 113
2019-09-05_00:44:41.416[Battery Energy]77.81
2019-09-05_00:44:41.416[Status]Routing Start.
2019-09-05_00:44:41.588[Status]{'coordinate': [1140.8672178059724, 596.9909901508836], 'id': 11}
2019-09-05_00:44:41.588[Status]Routing 132: Walk: 114
2019-09-05_00:44:41.688[Battery Energy]77.57
2019-09-05_00:44:41.688[Status]Routing Start.
2019-09-05_00:44:41.853[Status]{'coordinate': [1150.7572053469107, 598.4702286171511], 'id': 11}
2019-09-05_00:44:41.853[Status]Routing 133: Walk: 115
2019-09-05_00:44:41.954[Battery Energy]77.36
2019-09-05_00:44:41.954[Status]Routing Start.
2019-09-05_00:44:42.252[Status]{'coordinate': [1160.647192887849, 599.9494670834187], 'id': 11}
2019-09-05_00:44:42.253[Status]Routing 134: Walk: 116
2019-09-05_00:44:42.364[Battery Energy]77.08
2019-09-05_00:44:42.364[Status]Routing Start.
2019-09-05_00:44:42.598[Status]{'coordinate': [1170.5371804287875, 601.4287055496862], 'id': 11}
2019-09-05_00:44:42.598[Status]Routing 135: Walk: 117
2019-09-05_00:44:42.704[Battery Energy]76.79
2019-09-05_00:44:42.704[Status]Routing Start.
2019-09-05_00:44:42.704[Status]Task Finished.
2019-09-05_00:44:42.805[Battery Energy]76.79
2019-09-05_00:44:42.959[Status]Routing 137: Walk: 117
2019-09-05_00:44:43.059[Battery Energy]76.66
2019-09-05_00:44:43.240[Status]Routing 138: Walk: 117
2019-09-05_00:44:43.340[Battery Energy]76.50
2019-09-05_00:44:43.528[Status]Routing 139: Walk: 117
2019-09-05_00:44:43.640[Battery Energy]76.35
2019-09-05_00:44:43.772[Status]Routing 140: Walk: 117
2019-09-05_00:44:43.884[Battery Energy]76.26
2019-09-05_00:44:44.065[Status]Routing 141: Walk: 117
2019-09-05_00:44:44.184[Battery Energy]76.16
2019-09-05_00:44:44.329[Status]Routing 142: Walk: 117
2019-09-05_00:44:44.436[Battery Energy]76.05
2019-09-05_00:44:44.626[Status]Routing 143: Walk: 117
2019-09-05_00:44:44.727[Battery Energy]75.93
2019-09-05_00:44:44.891[Status]Routing 144: Walk: 117
2019-09-05_00:44:45.011[Battery Energy]75.83
2019-09-05_00:44:45.251[Status]Routing 145: Walk: 117
2019-09-05_00:44:45.356[Battery Energy]75.68
2019-09-05_00:44:45.570[Status]Routing 146: Walk: 117
2019-09-05_00:44:45.670[Battery Energy]75.53
2019-09-05_00:44:45.830[Status]Routing 147: Walk: 117
2019-09-05_00:44:45.936[Battery Energy]75.43
2019-09-05_00:44:46.094[Status]Routing 148: Walk: 117
2019-09-05_00:44:46.194[Battery Energy]75.32
2019-09-05_00:44:46.451[Status]Routing 149: Walk: 117
2019-09-05_00:44:46.564[Battery Energy]75.20
2019-09-05_00:44:46.761[Status]Routing 150: Walk: 117
2019-09-05_00:44:46.872[Battery Energy]75.08
2019-09-05_00:44:47.003[Status]Routing 151: Walk: 117
2019-09-05_00:44:47.111[Battery Energy]74.98
2019-09-05_00:44:47.287[Status]Routing 152: Walk: 117
2019-09-05_00:44:47.396[Battery Energy]74.88
2019-09-05_00:44:47.605[Status]Routing 153: Walk: 117
2019-09-05_00:44:47.708[Battery Energy]74.77
2019-09-05_00:44:47.895[Status]Routing 154: Walk: 117
2019-09-05_00:44:48.000[Battery Energy]74.64
2019-09-05_00:44:48.223[Status]Routing 155: Walk: 117
2019-09-05_00:44:48.344[Battery Energy]74.51
2019-09-05_00:44:48.507[Status]Routing 156: Walk: 117
2019-09-05_00:44:48.612[Battery Energy]74.40
2019-09-05_00:44:48.784[Status]Routing 157: Walk: 117
2019-09-05_00:44:48.892[Battery Energy]74.25
2019-09-05_00:44:49.084[Status]Routing 158: Walk: 117
2019-09-05_00:44:49.184[Battery Energy]74.14
2019-09-05_00:44:49.377[Status]Routing 159: Walk: 117
2019-09-05_00:44:49.484[Battery Energy]74.01
2019-09-05_00:44:49.643[Status]Routing 160: Walk: 117
2019-09-05_00:44:49.744[Battery Energy]73.89
2019-09-05_00:44:49.903[Status]Routing 161: Walk: 117
2019-09-05_00:44:50.016[Battery Energy]73.75
2019-09-05_00:44:50.170[Status]Routing 162: Walk: 117
2019-09-05_00:44:50.271[Battery Energy]73.63
2019-09-05_00:44:50.428[Status]Routing 163: Walk: 117
2019-09-05_00:44:50.529[Battery Energy]73.54
2019-09-05_00:44:50.708[Status]Routing 164: Walk: 117
2019-09-05_00:44:50.820[Battery Energy]73.40
2019-09-05_00:44:50.948[Status]Routing 165: Walk: 117
2019-09-05_00:44:51.055[Battery Energy]73.31
2019-09-05_00:44:51.216[Status]Routing 166: Walk: 117
2019-09-05_00:44:51.317[Battery Energy]73.21
2019-09-05_00:44:51.577[Status]Routing 167: Walk: 117
2019-09-05_00:44:51.737[Battery Energy]73.03
2019-09-05_00:44:51.930[Status]Routing 168: Walk: 117
2019-09-05_00:44:52.032[Battery Energy]72.91
2019-09-05_00:44:52.202[Status]Routing 169: Walk: 117
2019-09-05_00:44:52.303[Battery Energy]72.80
2019-09-05_00:44:52.512[Status]Routing 170: Walk: 117
2019-09-05_00:44:52.616[Battery Energy]72.70
2019-09-05_00:44:52.810[Status]Routing 171: Walk: 117
2019-09-05_00:44:52.928[Battery Energy]72.56
2019-09-05_00:44:53.111[Status]Routing 172: Walk: 117
2019-09-05_00:44:53.212[Battery Energy]72.41
