2019-09-05_00:23:57.964[Status]Start.
2019-09-05_00:23:57.964[Battery Energy]105.00
2019-09-05_00:23:59.068[Battery Energy]104.96
2019-09-05_00:24:00.168[Battery Energy]104.92
2019-09-05_00:24:01.270[Battery Energy]104.88
2019-09-05_00:24:02.371[Battery Energy]104.84
2019-09-05_00:24:03.472[Task]A New Task Released.
2019-09-05_00:24:03.472[Battery Energy]104.80
2019-09-05_00:24:03.472[Status]Selection Start.
2019-09-05_00:24:06.961[Status]Selection End: Do Task 0.
2019-09-05_00:24:07.062[Battery Energy]102.11
2019-09-05_00:24:07.062[Status]Formation Start.
2019-09-05_00:24:07.302[Status]Formation End: To Position 4.
2019-09-05_00:24:07.403[Battery Energy]102.00
2019-09-05_00:24:07.403[Status]Routing Start.
2019-09-05_00:24:07.572[Status]{'coordinate': [63.23892135491401, 444.3325336430163], 'id': 1}
2019-09-05_00:24:07.572[Status]Routing 1: Walk: 1
2019-09-05_00:24:07.672[Battery Energy]101.79
2019-09-05_00:24:07.672[Status]Routing Start.
2019-09-05_00:24:07.863[Status]{'coordinate': [71.47784270982802, 438.6650672860326], 'id': 1}
2019-09-05_00:24:07.864[Status]Routing 2: Walk: 2
2019-09-05_00:24:07.968[Battery Energy]101.58
2019-09-05_00:24:07.968[Status]Routing Start.
2019-09-05_00:24:08.125[Status]{'coordinate': [79.71676406474204, 432.99760092904893], 'id': 1}
2019-09-05_00:24:08.125[Status]Routing 3: Walk: 3
2019-09-05_00:24:08.226[Battery Energy]101.39
2019-09-05_00:24:08.226[Status]Routing Start.
2019-09-05_00:24:08.531[Status]{'coordinate': [87.95568541965605, 427.3301345720652], 'id': 1}
2019-09-05_00:24:08.531[Status]Routing 4: Walk: 4
2019-09-05_00:24:08.640[Battery Energy]101.16
2019-09-05_00:24:08.640[Status]Routing Start.
2019-09-05_00:24:09.040[Status]Routing 5: Walk: 4
2019-09-05_00:24:09.141[Battery Energy]100.83
2019-09-05_00:24:09.141[Status]Routing Start.
2019-09-05_00:24:09.448[Status]Routing 6: Walk: 4
2019-09-05_00:24:09.548[Battery Energy]100.53
2019-09-05_00:24:09.548[Status]Routing Start.
2019-09-05_00:24:09.747[Status]{'coordinate': [96.19460677457006, 421.66266821508157], 'id': 1}
2019-09-05_00:24:09.747[Status]Routing 7: Walk: 5
2019-09-05_00:24:09.852[Battery Energy]100.32
2019-09-05_00:24:09.852[Status]Routing Start.
2019-09-05_00:24:10.304[Status]Routing 8: Walk: 5
2019-09-05_00:24:10.405[Battery Energy]99.92
2019-09-05_00:24:10.405[Status]Routing Start.
2019-09-05_00:24:10.601[Status]{'coordinate': [104.43352812948407, 415.99520185809786], 'id': 1}
2019-09-05_00:24:10.601[Status]Routing 9: Walk: 6
2019-09-05_00:24:10.704[Battery Energy]99.72
2019-09-05_00:24:10.704[Status]Routing Start.
2019-09-05_00:24:11.196[Status]Routing 10: Walk: 6
2019-09-05_00:24:11.296[Battery Energy]99.34
2019-09-05_00:24:11.296[Status]Routing Start.
2019-09-05_00:24:11.633[Status]Routing 11: Walk: 6
2019-09-05_00:24:11.733[Battery Energy]99.05
2019-09-05_00:24:11.733[Status]Routing Start.
2019-09-05_00:24:12.044[Status]Routing 12: Walk: 6
2019-09-05_00:24:12.149[Battery Energy]98.76
2019-09-05_00:24:12.149[Status]Routing Start.
2019-09-05_00:24:12.354[Status]{'coordinate': [112.67244948439809, 410.3277355011142], 'id': 1}
2019-09-05_00:24:12.354[Status]Routing 13: Walk: 7
2019-09-05_00:24:12.454[Battery Energy]98.52
2019-09-05_00:24:12.454[Status]Routing Start.
2019-09-05_00:24:12.929[Status]{'coordinate': [120.9113708393121, 404.6602691441305], 'id': 1}
2019-09-05_00:24:12.929[Status]Routing 14: Walk: 8
2019-09-05_00:24:13.040[Battery Energy]98.18
2019-09-05_00:24:13.040[Status]Routing Start.
2019-09-05_00:24:13.478[Status]{'coordinate': [129.1502921942261, 398.99280278714684], 'id': 1}
2019-09-05_00:24:13.478[Status]Routing 15: Walk: 9
2019-09-05_00:24:13.584[Battery Energy]97.81
2019-09-05_00:24:13.584[Status]Routing Start.
2019-09-05_00:24:13.961[Status]{'coordinate': [137.3892135491401, 393.32533643016313], 'id': 1}
2019-09-05_00:24:13.961[Status]Routing 16: Walk: 10
2019-09-05_00:24:14.064[Battery Energy]97.45
2019-09-05_00:24:14.064[Status]Routing Start.
2019-09-05_00:24:14.064[Status]Task Finished.
2019-09-05_00:24:14.164[Battery Energy]97.45
2019-09-05_00:24:14.412[Status]Routing 18: Walk: 10
2019-09-05_00:24:14.528[Battery Energy]97.32
2019-09-05_00:24:14.738[Status]Routing 19: Walk: 10
2019-09-05_00:24:14.840[Battery Energy]97.14
2019-09-05_00:24:15.230[Status]Routing 20: Walk: 10
2019-09-05_00:24:15.330[Battery Energy]96.84
2019-09-05_00:24:15.682[Status]Routing 21: Walk: 10
2019-09-05_00:24:15.804[Battery Energy]96.62
2019-09-05_00:24:16.118[Status]Routing 22: Walk: 10
2019-09-05_00:24:16.224[Battery Energy]96.44
2019-09-05_00:24:16.601[Status]Routing 23: Walk: 10
2019-09-05_00:24:16.701[Battery Energy]96.25
2019-09-05_00:24:16.920[Status]Routing 24: Walk: 10
2019-09-05_00:24:17.020[Battery Energy]96.12
2019-09-05_00:24:17.419[Status]Routing 25: Walk: 10
2019-09-05_00:24:17.531[Battery Energy]95.86
2019-09-05_00:24:17.907[Status]Routing 26: Walk: 10
2019-09-05_00:24:18.008[Battery Energy]95.61
2019-09-05_00:24:18.395[Status]Routing 27: Walk: 10
2019-09-05_00:24:18.496[Battery Energy]95.37
2019-09-05_00:24:18.858[Status]Routing 28: Walk: 10
2019-09-05_00:24:18.960[Battery Energy]95.14
2019-09-05_00:24:19.271[Status]Routing 29: Walk: 10
2019-09-05_00:24:19.377[Battery Energy]94.93
2019-09-05_00:24:19.706[Status]Routing 30: Walk: 10
2019-09-05_00:24:19.807[Battery Energy]94.74
2019-09-05_00:24:20.187[Status]Routing 31: Walk: 10
2019-09-05_00:24:20.294[Battery Energy]94.53
2019-09-05_00:24:20.611[Status]Routing 32: Walk: 10
2019-09-05_00:24:20.724[Battery Energy]94.29
2019-09-05_00:24:21.049[Status]Routing 33: Walk: 10
2019-09-05_00:24:21.162[Battery Energy]94.11
2019-09-05_00:24:21.490[Status]Routing 34: Walk: 10
2019-09-05_00:24:21.591[Battery Energy]93.93
2019-09-05_00:24:21.780[Status]Routing 35: Walk: 10
2019-09-05_00:24:21.893[Battery Energy]93.81
2019-09-05_00:24:22.223[Status]Routing 36: Walk: 10
2019-09-05_00:24:22.323[Battery Energy]93.58
2019-09-05_00:24:22.662[Status]Routing 37: Walk: 10
2019-09-05_00:24:22.772[Battery Energy]93.44
2019-09-05_00:24:23.097[Status]Routing 38: Walk: 10
2019-09-05_00:24:23.204[Battery Energy]93.21
2019-09-05_00:24:23.557[Status]Routing 39: Walk: 10
2019-09-05_00:24:23.657[Battery Energy]92.98
2019-09-05_00:24:23.885[Status]Routing 40: Walk: 10
2019-09-05_00:24:23.996[Battery Energy]92.84
2019-09-05_00:24:24.306[Status]Routing 41: Walk: 10
2019-09-05_00:24:24.407[Battery Energy]92.66
2019-09-05_00:24:24.641[Status]Routing 42: Walk: 10
2019-09-05_00:24:24.743[Battery Energy]92.52
2019-09-05_00:24:25.142[Status]Routing 43: Walk: 10
2019-09-05_00:24:25.247[Battery Energy]92.23
2019-09-05_00:24:25.569[Status]Routing 44: Walk: 10
2019-09-05_00:24:25.672[Battery Energy]92.07
2019-09-05_00:24:26.032[Status]Routing 45: Walk: 10
2019-09-05_00:24:26.133[Battery Energy]91.82
2019-09-05_00:24:26.561[Status]Routing 46: Walk: 10
2019-09-05_00:24:26.661[Battery Energy]91.60
2019-09-05_00:24:26.977[Status]Routing 47: Walk: 10
2019-09-05_00:24:27.078[Battery Energy]91.35
2019-09-05_00:24:27.424[Status]Routing 48: Walk: 10
2019-09-05_00:24:27.524[Battery Energy]91.17
2019-09-05_00:24:27.872[Status]Routing 49: Walk: 10
2019-09-05_00:24:27.979[Battery Energy]90.94
2019-09-05_00:24:28.189[Status]Routing 50: Walk: 10
2019-09-05_00:24:28.289[Battery Energy]90.75
2019-09-05_00:24:28.661[Status]Routing 51: Walk: 10
2019-09-05_00:24:28.762[Battery Energy]90.57
2019-09-05_00:24:29.150[Status]Routing 52: Walk: 10
2019-09-05_00:24:29.256[Battery Energy]90.32
2019-09-05_00:24:29.583[Status]Routing 53: Walk: 10
2019-09-05_00:24:29.683[Battery Energy]90.12
2019-09-05_00:24:30.015[Status]Routing 54: Walk: 10
2019-09-05_00:24:30.120[Battery Energy]89.91
2019-09-05_00:24:30.469[Status]Routing 55: Walk: 10
2019-09-05_00:24:30.570[Battery Energy]89.64
2019-09-05_00:24:30.961[Status]Routing 56: Walk: 10
2019-09-05_00:24:31.064[Battery Energy]89.37
2019-09-05_00:24:31.447[Status]Routing 57: Walk: 10
2019-09-05_00:24:31.561[Battery Energy]89.14
2019-09-05_00:24:31.899[Status]Routing 58: Walk: 10
2019-09-05_00:24:31.999[Battery Energy]88.89
2019-09-05_00:24:32.438[Status]Routing 59: Walk: 10
2019-09-05_00:24:32.538[Battery Energy]88.64
2019-09-05_00:24:32.905[Status]Routing 60: Walk: 10
2019-09-05_00:24:33.005[Battery Energy]88.42
2019-09-05_00:24:33.408[Status]Routing 61: Walk: 10
2019-09-05_00:24:33.509[Battery Energy]88.18
2019-09-05_00:24:33.947[Status]Routing 62: Walk: 10
2019-09-05_00:24:34.048[Battery Energy]87.96
2019-09-05_00:24:34.584[Status]Routing 63: Walk: 10
2019-09-05_00:24:34.696[Battery Energy]87.76
2019-09-05_00:24:35.027[Status]Routing 64: Walk: 10
2019-09-05_00:24:35.144[Battery Energy]87.59
2019-09-05_00:24:35.465[Status]Routing 65: Walk: 10
2019-09-05_00:24:35.577[Battery Energy]87.36
2019-09-05_00:24:35.902[Status]Routing 66: Walk: 10
2019-09-05_00:24:36.003[Battery Energy]87.14
2019-09-05_00:24:36.426[Status]Routing 67: Walk: 10
2019-09-05_00:24:36.532[Battery Energy]86.93
2019-09-05_00:24:36.798[Status]Routing 68: Walk: 10
2019-09-05_00:24:36.908[Battery Energy]86.79
2019-09-05_00:24:37.133[Status]Routing 69: Walk: 10
2019-09-05_00:24:37.233[Battery Energy]86.67
2019-09-05_00:24:37.556[Status]Routing 70: Walk: 10
2019-09-05_00:24:37.660[Battery Energy]86.50
2019-09-05_00:24:37.886[Status]Routing 71: Walk: 10
2019-09-05_00:24:38.000[Battery Energy]86.36
2019-09-05_00:24:38.171[Status]Routing 72: Walk: 10
2019-09-05_00:24:38.284[Battery Energy]86.24
2019-09-05_00:24:38.542[Status]Routing 73: Walk: 10
2019-09-05_00:24:38.642[Battery Energy]86.08
2019-09-05_00:24:38.811[Status]Routing 74: Walk: 10
2019-09-05_00:24:38.914[Battery Energy]86.00
2019-09-05_00:24:39.119[Status]Routing 75: Walk: 10
2019-09-05_00:24:39.244[Battery Energy]85.88
2019-09-05_00:24:39.463[Status]Routing 76: Walk: 10
2019-09-05_00:24:39.568[Battery Energy]85.72
2019-09-05_00:24:39.780[Status]Routing 77: Walk: 10
2019-09-05_00:24:39.942[Battery Energy]85.57
2019-09-05_00:24:40.411[Status]Routing 78: Walk: 10
2019-09-05_00:24:40.512[Battery Energy]85.35
2019-09-05_00:24:40.732[Status]Routing 79: Walk: 10
2019-09-05_00:24:40.834[Battery Energy]85.17
2019-09-05_00:24:41.233[Status]Routing 80: Walk: 10
2019-09-05_00:24:41.336[Battery Energy]84.93
2019-09-05_00:24:41.592[Status]Routing 81: Walk: 10
2019-09-05_00:24:41.704[Battery Energy]84.79
2019-09-05_00:24:41.995[Status]Routing 82: Walk: 10
2019-09-05_00:24:42.099[Battery Energy]84.61
2019-09-05_00:24:42.439[Status]Routing 83: Walk: 10
2019-09-05_00:24:42.547[Battery Energy]84.44
2019-09-05_00:24:42.873[Status]Routing 84: Walk: 10
2019-09-05_00:24:42.974[Battery Energy]84.30
2019-09-05_00:24:43.312[Status]Routing 85: Walk: 10
2019-09-05_00:24:43.418[Battery Energy]84.12
2019-09-05_00:24:43.771[Status]Routing 86: Walk: 10
2019-09-05_00:24:43.871[Battery Energy]83.88
2019-09-05_00:24:44.091[Status]Routing 87: Walk: 10
2019-09-05_00:24:44.192[Battery Energy]83.75
2019-09-05_00:24:44.433[Status]Routing 88: Walk: 10
2019-09-05_00:24:44.548[Battery Energy]83.54
2019-09-05_00:24:44.727[Status]Routing 89: Walk: 10
2019-09-05_00:24:44.828[Battery Energy]83.39
2019-09-05_00:24:45.047[Status]Routing 90: Walk: 10
2019-09-05_00:24:45.151[Battery Energy]83.26
2019-09-05_00:24:45.483[Status]Routing 91: Walk: 10
2019-09-05_00:24:45.588[Battery Energy]83.06
2019-09-05_00:24:45.851[Status]Routing 92: Walk: 10
2019-09-05_00:24:45.976[Battery Energy]82.87
2019-09-05_00:24:46.234[Status]Routing 93: Walk: 10
2019-09-05_00:24:46.335[Battery Energy]82.71
2019-09-05_00:24:46.667[Status]Routing 94: Walk: 10
2019-09-05_00:24:46.772[Battery Energy]82.51
2019-09-05_00:24:47.136[Status]Routing 95: Walk: 10
2019-09-05_00:24:47.240[Battery Energy]82.22
2019-09-05_00:24:47.583[Status]Routing 96: Walk: 10
2019-09-05_00:24:47.684[Battery Energy]82.01
2019-09-05_00:24:48.089[Status]Routing 97: Walk: 10
2019-09-05_00:24:48.189[Battery Energy]81.72
2019-09-05_00:24:48.574[Status]Routing 98: Walk: 10
2019-09-05_00:24:48.684[Battery Energy]81.46
2019-09-05_00:24:49.024[Status]Routing 99: Walk: 10
2019-09-05_00:24:49.125[Battery Energy]81.27
2019-09-05_00:24:49.503[Status]Routing 100: Walk: 10
2019-09-05_00:24:49.604[Battery Energy]81.04
2019-09-05_00:24:49.850[Status]Routing 101: Walk: 10
2019-09-05_00:24:49.952[Battery Energy]80.90
2019-09-05_00:24:50.171[Status]Routing 102: Walk: 10
2019-09-05_00:24:50.272[Battery Energy]80.74
2019-09-05_00:24:50.473[Status]Routing 103: Walk: 10
2019-09-05_00:24:50.573[Battery Energy]80.62
2019-09-05_00:24:50.769[Status]Routing 104: Walk: 10
2019-09-05_00:24:50.888[Battery Energy]80.51
2019-09-05_00:24:51.158[Status]Routing 105: Walk: 10
2019-09-05_00:24:51.258[Battery Energy]80.37
2019-09-05_00:24:51.564[Status]Routing 106: Walk: 10
2019-09-05_00:24:51.672[Battery Energy]80.16
2019-09-05_00:24:52.011[Status]Routing 107: Walk: 10
2019-09-05_00:24:52.112[Battery Energy]79.96
2019-09-05_00:24:52.459[Status]Routing 108: Walk: 10
2019-09-05_00:24:52.559[Battery Energy]79.71
2019-09-05_00:24:52.704[Status]Routing 109: Walk: 10
2019-09-05_00:24:52.808[Battery Energy]79.59
2019-09-05_00:24:53.180[Status]Routing 110: Walk: 10
2019-09-05_00:24:53.280[Battery Energy]79.37
2019-09-05_00:24:53.713[Status]Routing 111: Walk: 10
2019-09-05_00:24:53.814[Battery Energy]79.19
2019-09-05_00:24:54.166[Status]Routing 112: Walk: 10
2019-09-05_00:24:54.266[Battery Energy]78.99
2019-09-05_00:24:54.494[Status]Routing 113: Walk: 10
2019-09-05_00:24:54.608[Battery Energy]78.84
2019-09-05_00:24:54.850[Status]Routing 114: Walk: 10
2019-09-05_00:24:54.950[Battery Energy]78.72
2019-09-05_00:24:55.151[Status]Routing 115: Walk: 10
2019-09-05_00:24:55.251[Battery Energy]78.60
2019-09-05_00:24:55.613[Status]Routing 116: Walk: 10
2019-09-05_00:24:55.722[Battery Energy]78.35
2019-09-05_00:24:55.925[Status]Routing 117: Walk: 10
2019-09-05_00:24:56.036[Battery Energy]78.21
2019-09-05_00:24:56.216[Status]Routing 118: Walk: 10
2019-09-05_00:24:56.356[Battery Energy]78.10
2019-09-05_00:24:56.579[Status]Routing 119: Walk: 10
2019-09-05_00:24:56.688[Battery Energy]77.95
2019-09-05_00:24:56.878[Status]Routing 120: Walk: 10
2019-09-05_00:24:56.978[Battery Energy]77.79
2019-09-05_00:24:57.266[Status]Routing 121: Walk: 10
2019-09-05_00:24:57.367[Battery Energy]77.68
2019-09-05_00:24:57.642[Status]Routing 122: Walk: 10
2019-09-05_00:24:57.742[Battery Energy]77.53
2019-09-05_00:24:57.914[Status]Routing 123: Walk: 10
2019-09-05_00:24:58.016[Battery Energy]77.41
2019-09-05_00:24:58.407[Status]Routing 124: Walk: 10
2019-09-05_00:24:58.566[Battery Energy]77.22
2019-09-05_00:24:58.748[Status]Routing 125: Walk: 10
2019-09-05_00:24:58.848[Battery Energy]77.15
2019-09-05_00:24:59.142[Status]Routing 126: Walk: 10
2019-09-05_00:24:59.243[Battery Energy]76.98
2019-09-05_00:24:59.613[Status]Routing 127: Walk: 10
2019-09-05_00:24:59.713[Battery Energy]76.81
2019-09-05_00:25:00.013[Status]Routing 128: Walk: 10
2019-09-05_00:25:00.115[Battery Energy]76.61
2019-09-05_00:25:00.414[Status]Routing 129: Walk: 10
2019-09-05_00:25:00.515[Battery Energy]76.47
2019-09-05_00:25:00.802[Status]Routing 130: Walk: 10
2019-09-05_00:25:00.912[Battery Energy]76.35
2019-09-05_00:25:01.150[Status]Routing 131: Walk: 10
2019-09-05_00:25:01.328[Battery Energy]76.19
2019-09-05_00:25:01.483[Status]Routing 132: Walk: 10
2019-09-05_00:25:01.583[Battery Energy]76.07
2019-09-05_00:25:01.768[Status]Routing 133: Walk: 10
2019-09-05_00:25:01.888[Battery Energy]75.90
2019-09-05_00:25:02.112[Status]Routing 134: Walk: 10
2019-09-05_00:25:02.213[Battery Energy]75.77
2019-09-05_00:25:02.407[Status]Routing 135: Walk: 10
2019-09-05_00:25:02.508[Battery Energy]75.61
2019-09-05_00:25:02.755[Status]Routing 136: Walk: 10
2019-09-05_00:25:02.864[Battery Energy]75.48
2019-09-05_00:25:03.038[Status]Routing 137: Walk: 10
2019-09-05_00:25:03.140[Battery Energy]75.36
2019-09-05_00:25:03.347[Status]Routing 138: Walk: 10
2019-09-05_00:25:03.460[Battery Energy]75.21
2019-09-05_00:25:03.631[Status]Routing 139: Walk: 10
2019-09-05_00:25:03.732[Battery Energy]75.08
2019-09-05_00:25:03.945[Status]Routing 140: Walk: 10
2019-09-05_00:25:04.068[Battery Energy]74.93
2019-09-05_00:25:04.302[Status]Routing 141: Walk: 10
2019-09-05_00:25:04.403[Battery Energy]74.77
2019-09-05_00:25:04.722[Status]Routing 142: Walk: 10
2019-09-05_00:25:04.822[Battery Energy]74.58
2019-09-05_00:25:04.998[Status]Routing 143: Walk: 10
2019-09-05_00:25:05.139[Battery Energy]74.48
2019-09-05_00:25:05.431[Status]Routing 144: Walk: 10
2019-09-05_00:25:05.531[Battery Energy]74.32
2019-09-05_00:25:05.735[Status]Routing 145: Walk: 10
2019-09-05_00:25:05.840[Battery Energy]74.18
2019-09-05_00:25:06.037[Status]Routing 146: Walk: 10
2019-09-05_00:25:06.137[Battery Energy]74.04
2019-09-05_00:25:06.294[Status]Routing 147: Walk: 10
2019-09-05_00:25:06.395[Battery Energy]73.97
2019-09-05_00:25:06.645[Status]Routing 148: Walk: 10
2019-09-05_00:25:06.764[Battery Energy]73.81
2019-09-05_00:25:07.073[Status]Routing 149: Walk: 10
2019-09-05_00:25:07.173[Battery Energy]73.68
2019-09-05_00:25:07.406[Status]Routing 150: Walk: 10
2019-09-05_00:25:07.508[Battery Energy]73.54
2019-09-05_00:25:07.646[Status]Routing 151: Walk: 10
2019-09-05_00:25:07.752[Battery Energy]73.44
2019-09-05_00:25:07.920[Status]Routing 152: Walk: 10
2019-09-05_00:25:08.025[Battery Energy]73.32
2019-09-05_00:25:08.166[Status]Routing 153: Walk: 10
2019-09-05_00:25:08.284[Battery Energy]73.20
2019-09-05_00:25:08.529[Status]Routing 154: Walk: 10
2019-09-05_00:25:08.665[Battery Energy]73.05
2019-09-05_00:25:08.853[Status]Routing 155: Walk: 10
