2019-09-05_00:46:29.527[Status]Start.
2019-09-05_00:46:29.528[Battery Energy]75.00
2019-09-05_00:46:30.628[Battery Energy]74.96
2019-09-05_00:46:31.730[Battery Energy]74.92
2019-09-05_00:46:32.831[Battery Energy]74.88
2019-09-05_00:46:33.931[Battery Energy]74.84
2019-09-05_00:46:35.032[Task]A New Task Released.
2019-09-05_00:46:35.033[Battery Energy]74.80
2019-09-05_00:46:35.033[Status]Selection Start.
2019-09-05_00:46:36.236[Status]Selection End: Do Task 2.
2019-09-05_00:46:36.340[Battery Energy]74.04
2019-09-05_00:46:36.340[Status]Formation Start.
2019-09-05_00:46:36.495[Status]Formation End: To Position 4.
2019-09-05_00:46:36.596[Battery Energy]73.93
2019-09-05_00:46:36.596[Status]Routing Start.
2019-09-05_00:46:36.782[Status]{'coordinate': [128.99686286718295, 166.74953480333826], 'id': 15}
2019-09-05_00:46:36.782[Status]Routing 1: Walk: 1
2019-09-05_00:46:36.892[Battery Energy]73.69
2019-09-05_00:46:36.892[Status]Routing Start.
2019-09-05_00:46:37.054[Status]{'coordinate': [138.9937257343659, 166.49906960667653], 'id': 15}
2019-09-05_00:46:37.054[Status]Routing 2: Walk: 2
2019-09-05_00:46:37.159[Battery Energy]73.48
2019-09-05_00:46:37.159[Status]Routing Start.
2019-09-05_00:46:37.334[Status]{'coordinate': [148.99058860154886, 166.2486044100148], 'id': 15}
2019-09-05_00:46:37.334[Status]Routing 3: Walk: 3
2019-09-05_00:46:37.435[Battery Energy]73.26
2019-09-05_00:46:37.435[Status]Routing Start.
2019-09-05_00:46:37.637[Status]{'coordinate': [158.98745146873182, 165.99813921335306], 'id': 15}
2019-09-05_00:46:37.637[Status]Routing 4: Walk: 4
2019-09-05_00:46:37.737[Battery Energy]73.04
2019-09-05_00:46:37.737[Status]Routing Start.
2019-09-05_00:46:38.002[Status]Routing 5: Walk: 4
2019-09-05_00:46:38.118[Battery Energy]72.74
2019-09-05_00:46:38.118[Status]Routing Start.
2019-09-05_00:46:38.419[Status]Routing 6: Walk: 4
2019-09-05_00:46:38.521[Battery Energy]72.39
2019-09-05_00:46:38.521[Status]Routing Start.
2019-09-05_00:46:38.884[Status]Routing 7: Walk: 4
2019-09-05_00:46:38.984[Battery Energy]72.03
2019-09-05_00:46:38.984[Status]Routing Start.
2019-09-05_00:46:39.137[Status]{'coordinate': [168.98431433591477, 165.74767401669132], 'id': 15}
2019-09-05_00:46:39.137[Status]Routing 8: Walk: 5
2019-09-05_00:46:39.238[Battery Energy]71.79
2019-09-05_00:46:39.238[Status]Routing Start.
2019-09-05_00:46:39.631[Status]{'coordinate': [178.98117720309773, 165.49720882002958], 'id': 15}
2019-09-05_00:46:39.631[Status]Routing 9: Walk: 6
2019-09-05_00:46:39.735[Battery Energy]71.47
2019-09-05_00:46:39.735[Status]Routing Start.
2019-09-05_00:46:40.095[Status]{'coordinate': [188.97804007028068, 165.24674362336785], 'id': 15}
2019-09-05_00:46:40.095[Status]Routing 10: Walk: 7
2019-09-05_00:46:40.208[Battery Energy]71.15
2019-09-05_00:46:40.208[Status]Routing Start.
2019-09-05_00:46:40.596[Status]{'coordinate': [198.97490293746364, 164.9962784267061], 'id': 15}
2019-09-05_00:46:40.596[Status]Routing 11: Walk: 8
2019-09-05_00:46:40.698[Battery Energy]70.81
2019-09-05_00:46:40.698[Status]Routing Start.
2019-09-05_00:46:41.086[Status]{'coordinate': [208.9717658046466, 164.74581323004438], 'id': 15}
2019-09-05_00:46:41.086[Status]Routing 12: Walk: 9
2019-09-05_00:46:41.188[Battery Energy]70.53
2019-09-05_00:46:41.188[Status]Routing Start.
2019-09-05_00:46:41.535[Status]{'coordinate': [218.96862867182955, 164.49534803338264], 'id': 15}
2019-09-05_00:46:41.535[Status]Routing 13: Walk: 10
2019-09-05_00:46:41.636[Battery Energy]70.20
2019-09-05_00:46:41.636[Status]Routing Start.
2019-09-05_00:46:41.967[Status]{'coordinate': [228.9654915390125, 164.2448828367209], 'id': 15}
2019-09-05_00:46:41.967[Status]Routing 14: Walk: 11
2019-09-05_00:46:42.070[Battery Energy]69.87
2019-09-05_00:46:42.070[Status]Routing Start.
2019-09-05_00:46:42.418[Status]{'coordinate': [238.96235440619546, 163.99441764005917], 'id': 15}
2019-09-05_00:46:42.419[Status]Routing 15: Walk: 12
2019-09-05_00:46:42.536[Battery Energy]69.58
2019-09-05_00:46:42.536[Status]Routing Start.
2019-09-05_00:46:42.893[Status]{'coordinate': [248.9592172733784, 163.74395244339743], 'id': 15}
2019-09-05_00:46:42.893[Status]Routing 16: Walk: 13
2019-09-05_00:46:42.996[Battery Energy]69.26
2019-09-05_00:46:42.996[Status]Routing Start.
2019-09-05_00:46:43.394[Status]{'coordinate': [258.95608014056137, 163.4934872467357], 'id': 15}
2019-09-05_00:46:43.394[Status]Routing 17: Walk: 14
2019-09-05_00:46:43.495[Battery Energy]68.91
2019-09-05_00:46:43.495[Status]Routing Start.
2019-09-05_00:46:43.870[Status]{'coordinate': [268.9529430077443, 163.24302205007396], 'id': 15}
2019-09-05_00:46:43.870[Status]Routing 18: Walk: 15
2019-09-05_00:46:43.970[Battery Energy]68.58
2019-09-05_00:46:43.970[Status]Routing Start.
2019-09-05_00:46:44.290[Status]{'coordinate': [278.9498058749272, 162.99255685341222], 'id': 15}
2019-09-05_00:46:44.290[Status]Routing 19: Walk: 16
2019-09-05_00:46:44.399[Battery Energy]68.27
2019-09-05_00:46:44.399[Status]Routing Start.
2019-09-05_00:46:44.716[Status]{'coordinate': [288.94666874211015, 162.7420916567505], 'id': 15}
2019-09-05_00:46:44.716[Status]Routing 20: Walk: 17
2019-09-05_00:46:44.828[Battery Energy]67.96
2019-09-05_00:46:44.828[Status]Routing Start.
2019-09-05_00:46:45.207[Status]{'coordinate': [298.9435316092931, 162.49162646008875], 'id': 15}
2019-09-05_00:46:45.207[Status]Routing 21: Walk: 18
2019-09-05_00:46:45.308[Battery Energy]67.62
2019-09-05_00:46:45.308[Status]Routing Start.
2019-09-05_00:46:45.664[Status]{'coordinate': [308.940394476476, 162.24116126342702], 'id': 15}
2019-09-05_00:46:45.664[Status]Routing 22: Walk: 19
2019-09-05_00:46:45.768[Battery Energy]67.28
2019-09-05_00:46:45.768[Status]Routing Start.
2019-09-05_00:46:46.150[Status]{'coordinate': [318.9372573436589, 161.99069606676528], 'id': 15}
2019-09-05_00:46:46.150[Status]Routing 23: Walk: 20
2019-09-05_00:46:46.264[Battery Energy]66.93
2019-09-05_00:46:46.264[Status]Routing Start.
2019-09-05_00:46:46.592[Status]{'coordinate': [328.93412021084185, 161.74023087010355], 'id': 15}
2019-09-05_00:46:46.592[Status]Routing 24: Walk: 21
2019-09-05_00:46:46.692[Battery Energy]66.62
2019-09-05_00:46:46.693[Status]Routing Start.
2019-09-05_00:46:47.112[Status]{'coordinate': [338.9309830780248, 161.4897656734418], 'id': 15}
2019-09-05_00:46:47.113[Status]Routing 25: Walk: 22
2019-09-05_00:46:47.220[Battery Energy]66.20
2019-09-05_00:46:47.220[Status]Routing Start.
2019-09-05_00:46:47.531[Status]{'coordinate': [348.9278459452077, 161.23930047678007], 'id': 15}
2019-09-05_00:46:47.532[Status]Routing 26: Walk: 23
2019-09-05_00:46:47.632[Battery Energy]65.88
2019-09-05_00:46:47.632[Status]Routing Start.
2019-09-05_00:46:48.009[Status]{'coordinate': [358.92470881239063, 160.98883528011834], 'id': 15}
2019-09-05_00:46:48.009[Status]Routing 27: Walk: 24
2019-09-05_00:46:48.126[Battery Energy]65.56
2019-09-05_00:46:48.126[Status]Routing Start.
2019-09-05_00:46:48.476[Status]{'coordinate': [368.92157167957356, 160.7383700834566], 'id': 15}
2019-09-05_00:46:48.478[Status]Routing 28: Walk: 25
2019-09-05_00:46:48.579[Battery Energy]65.22
2019-09-05_00:46:48.579[Status]Routing Start.
2019-09-05_00:46:48.933[Status]{'coordinate': [378.9184345467565, 160.48790488679487], 'id': 15}
2019-09-05_00:46:48.933[Status]Routing 29: Walk: 26
2019-09-05_00:46:49.056[Battery Energy]64.92
2019-09-05_00:46:49.056[Status]Routing Start.
2019-09-05_00:46:49.430[Status]{'coordinate': [388.9152974139394, 160.23743969013313], 'id': 15}
2019-09-05_00:46:49.430[Status]Routing 30: Walk: 27
2019-09-05_00:46:49.530[Battery Energy]64.57
2019-09-05_00:46:49.530[Status]Routing Start.
2019-09-05_00:46:49.890[Status]{'coordinate': [398.91216028112234, 159.9869744934714], 'id': 15}
2019-09-05_00:46:49.895[Status]Routing 31: Walk: 28
2019-09-05_00:46:49.996[Battery Energy]64.25
2019-09-05_00:46:49.996[Status]Routing Start.
2019-09-05_00:46:50.368[Status]{'coordinate': [408.90902314830527, 159.73650929680966], 'id': 15}
2019-09-05_00:46:50.368[Status]Routing 32: Walk: 29
2019-09-05_00:46:50.480[Battery Energy]63.93
2019-09-05_00:46:50.480[Status]Routing Start.
2019-09-05_00:46:50.835[Status]{'coordinate': [418.9058860154882, 159.48604410014792], 'id': 15}
2019-09-05_00:46:50.835[Status]Routing 33: Walk: 30
2019-09-05_00:46:50.940[Battery Energy]63.64
2019-09-05_00:46:50.940[Status]Routing Start.
2019-09-05_00:46:51.323[Status]{'coordinate': [428.9027488826711, 159.23557890348619], 'id': 15}
2019-09-05_00:46:51.323[Status]Routing 34: Walk: 31
2019-09-05_00:46:51.435[Battery Energy]63.33
2019-09-05_00:46:51.436[Status]Routing Start.
2019-09-05_00:46:51.773[Status]{'coordinate': [438.89961174985405, 158.98511370682445], 'id': 15}
2019-09-05_00:46:51.773[Status]Routing 35: Walk: 32
2019-09-05_00:46:51.884[Battery Energy]63.01
2019-09-05_00:46:51.884[Status]Routing Start.
2019-09-05_00:46:52.208[Status]{'coordinate': [448.896474617037, 158.7346485101627], 'id': 15}
2019-09-05_00:46:52.209[Status]Routing 36: Walk: 33
2019-09-05_00:46:52.314[Battery Energy]62.65
2019-09-05_00:46:52.314[Status]Routing Start.
2019-09-05_00:46:52.664[Status]{'coordinate': [458.8933374842199, 158.48418331350098], 'id': 15}
2019-09-05_00:46:52.664[Status]Routing 37: Walk: 34
2019-09-05_00:46:52.772[Battery Energy]62.34
2019-09-05_00:46:52.772[Status]Routing Start.
2019-09-05_00:46:52.940[Status]{'coordinate': [468.8902003514028, 158.23371811683924], 'id': 15}
2019-09-05_00:46:52.940[Status]Routing 38: Walk: 35
2019-09-05_00:46:53.041[Battery Energy]62.14
2019-09-05_00:46:53.041[Status]Routing Start.
2019-09-05_00:46:53.209[Status]{'coordinate': [478.88706321858575, 157.9832529201775], 'id': 15}
2019-09-05_00:46:53.210[Status]Routing 39: Walk: 36
2019-09-05_00:46:53.324[Battery Energy]61.95
2019-09-05_00:46:53.324[Status]Routing Start.
2019-09-05_00:46:53.648[Status]{'coordinate': [488.8839260857687, 157.73278772351577], 'id': 15}
2019-09-05_00:46:53.648[Status]Routing 40: Walk: 37
2019-09-05_00:46:53.748[Battery Energy]61.56
2019-09-05_00:46:53.748[Status]Routing Start.
2019-09-05_00:46:54.075[Status]{'coordinate': [498.8807889529516, 157.48232252685403], 'id': 15}
2019-09-05_00:46:54.082[Status]Routing 41: Walk: 38
2019-09-05_00:46:54.182[Battery Energy]61.26
2019-09-05_00:46:54.182[Status]Routing Start.
2019-09-05_00:46:54.516[Status]{'coordinate': [508.87765182013453, 157.2318573301923], 'id': 15}
2019-09-05_00:46:54.516[Status]Routing 42: Walk: 39
2019-09-05_00:46:54.624[Battery Energy]60.94
2019-09-05_00:46:54.624[Status]Routing Start.
2019-09-05_00:46:55.052[Status]{'coordinate': [518.8745146873175, 156.98139213353056], 'id': 15}
2019-09-05_00:46:55.052[Status]Routing 43: Walk: 40
2019-09-05_00:46:55.166[Battery Energy]60.59
2019-09-05_00:46:55.166[Status]Routing Start.
2019-09-05_00:46:55.566[Status]{'coordinate': [528.8713775545004, 156.73092693686883], 'id': 15}
2019-09-05_00:46:55.567[Status]Routing 44: Walk: 41
2019-09-05_00:46:55.680[Battery Energy]60.20
2019-09-05_00:46:55.680[Status]Routing Start.
2019-09-05_00:46:55.983[Status]{'coordinate': [538.8682404216834, 156.4804617402071], 'id': 15}
2019-09-05_00:46:55.985[Status]Routing 45: Walk: 42
2019-09-05_00:46:56.100[Battery Energy]59.95
2019-09-05_00:46:56.100[Status]Routing Start.
2019-09-05_00:46:56.471[Status]{'coordinate': [548.8651032888663, 156.22999654354535], 'id': 15}
2019-09-05_00:46:56.471[Status]Routing 46: Walk: 43
2019-09-05_00:46:56.571[Battery Energy]59.62
2019-09-05_00:46:56.571[Status]Routing Start.
2019-09-05_00:46:56.970[Status]{'coordinate': [558.8619661560492, 155.97953134688362], 'id': 15}
2019-09-05_00:46:56.971[Status]Routing 47: Walk: 44
2019-09-05_00:46:57.071[Battery Energy]59.33
2019-09-05_00:46:57.071[Status]Routing Start.
2019-09-05_00:46:57.263[Status]{'coordinate': [568.8588290232321, 155.72906615022188], 'id': 15}
2019-09-05_00:46:57.264[Status]Routing 48: Walk: 45
2019-09-05_00:46:57.364[Battery Energy]59.09
2019-09-05_00:46:57.364[Status]Routing Start.
2019-09-05_00:46:57.511[Status]{'coordinate': [578.8556918904151, 155.47860095356015], 'id': 15}
2019-09-05_00:46:57.511[Status]Routing 49: Walk: 46
2019-09-05_00:46:57.616[Battery Energy]58.90
2019-09-05_00:46:57.616[Status]Routing Start.
2019-09-05_00:46:57.835[Status]{'coordinate': [588.852554757598, 155.2281357568984], 'id': 15}
2019-09-05_00:46:57.835[Status]Routing 50: Walk: 47
2019-09-05_00:46:57.940[Battery Energy]58.69
2019-09-05_00:46:57.940[Status]Routing Start.
2019-09-05_00:46:58.127[Status]{'coordinate': [598.8494176247809, 154.97767056023667], 'id': 15}
2019-09-05_00:46:58.130[Status]Routing 51: Walk: 48
2019-09-05_00:46:58.231[Battery Energy]58.45
2019-09-05_00:46:58.231[Status]Routing Start.
2019-09-05_00:46:58.601[Status]{'coordinate': [608.8462804919639, 154.72720536357494], 'id': 15}
2019-09-05_00:46:58.601[Status]Routing 52: Walk: 49
2019-09-05_00:46:58.716[Battery Energy]58.13
2019-09-05_00:46:58.716[Status]Routing Start.
2019-09-05_00:46:58.907[Status]{'coordinate': [618.8431433591468, 154.4767401669132], 'id': 15}
2019-09-05_00:46:58.907[Status]Routing 53: Walk: 50
2019-09-05_00:46:59.015[Battery Energy]57.88
2019-09-05_00:46:59.015[Status]Routing Start.
2019-09-05_00:46:59.185[Status]{'coordinate': [628.8400062263297, 154.22627497025147], 'id': 15}
2019-09-05_00:46:59.185[Status]Routing 54: Walk: 51
2019-09-05_00:46:59.285[Battery Energy]57.67
2019-09-05_00:46:59.285[Status]Routing Start.
2019-09-05_00:46:59.493[Status]{'coordinate': [638.8368690935126, 153.97580977358973], 'id': 15}
2019-09-05_00:46:59.493[Status]Routing 55: Walk: 52
2019-09-05_00:46:59.671[Battery Energy]57.43
2019-09-05_00:46:59.671[Status]Routing Start.
2019-09-05_00:46:59.840[Status]{'coordinate': [648.8337319606956, 153.725344576928], 'id': 15}
2019-09-05_00:46:59.840[Status]Routing 56: Walk: 53
2019-09-05_00:46:59.981[Battery Energy]57.18
2019-09-05_00:46:59.982[Status]Routing Start.
2019-09-05_00:47:00.179[Status]{'coordinate': [658.8305948278785, 153.47487938026626], 'id': 15}
2019-09-05_00:47:00.179[Status]Routing 57: Walk: 54
2019-09-05_00:47:00.284[Battery Energy]56.98
2019-09-05_00:47:00.284[Status]Routing Start.
2019-09-05_00:47:00.511[Status]{'coordinate': [668.8274576950614, 153.22441418360452], 'id': 15}
2019-09-05_00:47:00.511[Status]Routing 58: Walk: 55
2019-09-05_00:47:00.611[Battery Energy]56.76
2019-09-05_00:47:00.611[Status]Routing Start.
2019-09-05_00:47:00.773[Status]{'coordinate': [678.8243205622443, 152.9739489869428], 'id': 15}
2019-09-05_00:47:00.773[Status]Routing 59: Walk: 56
2019-09-05_00:47:00.873[Battery Energy]56.54
2019-09-05_00:47:00.873[Status]Routing Start.
2019-09-05_00:47:01.042[Status]{'coordinate': [688.8211834294273, 152.72348379028105], 'id': 15}
2019-09-05_00:47:01.042[Status]Routing 60: Walk: 57
2019-09-05_00:47:01.144[Battery Energy]56.33
2019-09-05_00:47:01.144[Status]Routing Start.
2019-09-05_00:47:01.366[Status]{'coordinate': [698.8180462966102, 152.47301859361932], 'id': 15}
2019-09-05_00:47:01.366[Status]Routing 61: Walk: 58
2019-09-05_00:47:01.468[Battery Energy]56.10
2019-09-05_00:47:01.468[Status]Routing Start.
2019-09-05_00:47:01.688[Status]{'coordinate': [708.8149091637931, 152.22255339695758], 'id': 15}
2019-09-05_00:47:01.695[Status]Routing 62: Walk: 59
2019-09-05_00:47:01.808[Battery Energy]55.92
2019-09-05_00:47:01.808[Status]Routing Start.
2019-09-05_00:47:01.997[Status]{'coordinate': [718.811772030976, 151.97208820029584], 'id': 15}
2019-09-05_00:47:01.997[Status]Routing 63: Walk: 60
2019-09-05_00:47:02.108[Battery Energy]55.71
2019-09-05_00:47:02.108[Status]Routing Start.
2019-09-05_00:47:02.376[Status]{'coordinate': [728.808634898159, 151.7216230036341], 'id': 15}
2019-09-05_00:47:02.376[Status]Routing 64: Walk: 61
2019-09-05_00:47:02.480[Battery Energy]55.45
2019-09-05_00:47:02.480[Status]Routing Start.
2019-09-05_00:47:02.700[Status]{'coordinate': [738.8054977653419, 151.47115780697237], 'id': 15}
2019-09-05_00:47:02.700[Status]Routing 65: Walk: 62
2019-09-05_00:47:02.800[Battery Energy]55.23
2019-09-05_00:47:02.800[Status]Routing Start.
2019-09-05_00:47:02.960[Status]{'coordinate': [748.8023606325248, 151.22069261031064], 'id': 15}
2019-09-05_00:47:02.960[Status]Routing 66: Walk: 63
2019-09-05_00:47:03.069[Battery Energy]55.03
2019-09-05_00:47:03.069[Status]Routing Start.
2019-09-05_00:47:03.334[Status]{'coordinate': [758.7992234997078, 150.9702274136489], 'id': 15}
2019-09-05_00:47:03.334[Status]Routing 67: Walk: 64
2019-09-05_00:47:03.440[Battery Energy]54.74
2019-09-05_00:47:03.440[Status]Routing Start.
2019-09-05_00:47:03.631[Status]{'coordinate': [768.7960863668907, 150.71976221698716], 'id': 15}
2019-09-05_00:47:03.631[Status]Routing 68: Walk: 65
2019-09-05_00:47:03.740[Battery Energy]54.53
2019-09-05_00:47:03.740[Status]Routing Start.
2019-09-05_00:47:04.046[Status]{'coordinate': [778.7929492340736, 150.46929702032543], 'id': 15}
2019-09-05_00:47:04.046[Status]Routing 69: Walk: 66
2019-09-05_00:47:04.146[Battery Energy]54.23
2019-09-05_00:47:04.146[Status]Routing Start.
2019-09-05_00:47:04.564[Status]{'coordinate': [788.7898121012565, 150.2188318236637], 'id': 15}
2019-09-05_00:47:04.564[Status]Routing 70: Walk: 67
2019-09-05_00:47:04.672[Battery Energy]53.86
2019-09-05_00:47:04.672[Status]Routing Start.
2019-09-05_00:47:05.060[Status]{'coordinate': [798.7866749684395, 149.96836662700196], 'id': 15}
2019-09-05_00:47:05.060[Status]Routing 71: Walk: 68
2019-09-05_00:47:05.176[Battery Energy]53.48
2019-09-05_00:47:05.176[Status]Routing Start.
2019-09-05_00:47:05.350[Status]{'coordinate': [808.7835378356224, 149.71790143034022], 'id': 15}
2019-09-05_00:47:05.350[Status]Routing 72: Walk: 69
2019-09-05_00:47:05.464[Battery Energy]53.26
2019-09-05_00:47:05.464[Status]Routing Start.
2019-09-05_00:47:05.627[Status]{'coordinate': [818.7804007028053, 149.46743623367848], 'id': 15}
2019-09-05_00:47:05.628[Status]Routing 73: Walk: 70
2019-09-05_00:47:05.728[Battery Energy]53.05
2019-09-05_00:47:05.728[Status]Routing Start.
2019-09-05_00:47:05.913[Status]{'coordinate': [828.7772635699882, 149.21697103701672], 'id': 15}
2019-09-05_00:47:05.914[Status]Routing 74: Walk: 71
2019-09-05_00:47:06.028[Battery Energy]52.82
2019-09-05_00:47:06.028[Status]Routing Start.
2019-09-05_00:47:06.167[Status]{'coordinate': [838.7741264371712, 148.96650584035498], 'id': 15}
2019-09-05_00:47:06.167[Status]Routing 75: Walk: 72
2019-09-05_00:47:06.280[Battery Energy]52.63
2019-09-05_00:47:06.280[Status]Routing Start.
2019-09-05_00:47:06.415[Status]{'coordinate': [848.7709893043541, 148.71604064369322], 'id': 15}
2019-09-05_00:47:06.415[Status]Routing 76: Walk: 73
2019-09-05_00:47:06.533[Battery Energy]52.45
2019-09-05_00:47:06.533[Status]Routing Start.
2019-09-05_00:47:06.700[Status]{'coordinate': [858.767852171537, 148.46557544703148], 'id': 15}
2019-09-05_00:47:06.700[Status]Routing 77: Walk: 74
2019-09-05_00:47:06.800[Battery Energy]52.22
2019-09-05_00:47:06.800[Status]Routing Start.
2019-09-05_00:47:06.967[Status]{'coordinate': [868.7647150387199, 148.21511025036972], 'id': 15}
2019-09-05_00:47:06.967[Status]Routing 78: Walk: 75
2019-09-05_00:47:07.067[Battery Energy]51.98
2019-09-05_00:47:07.067[Status]Routing Start.
2019-09-05_00:47:07.253[Status]{'coordinate': [878.7615779059029, 147.96464505370798], 'id': 15}
2019-09-05_00:47:07.253[Status]Routing 79: Walk: 76
2019-09-05_00:47:07.364[Battery Energy]51.77
2019-09-05_00:47:07.364[Status]Routing Start.
2019-09-05_00:47:07.550[Status]{'coordinate': [888.7584407730858, 147.71417985704622], 'id': 15}
2019-09-05_00:47:07.550[Status]Routing 80: Walk: 77
2019-09-05_00:47:07.658[Battery Energy]51.52
2019-09-05_00:47:07.658[Status]Routing Start.
2019-09-05_00:47:07.885[Status]{'coordinate': [898.7553036402687, 147.46371466038448], 'id': 15}
2019-09-05_00:47:07.891[Status]Routing 81: Walk: 78
2019-09-05_00:47:08.004[Battery Energy]51.29
2019-09-05_00:47:08.004[Status]Routing Start.
2019-09-05_00:47:08.176[Status]{'coordinate': [908.7521665074516, 147.21324946372272], 'id': 15}
2019-09-05_00:47:08.176[Status]Routing 82: Walk: 79
2019-09-05_00:47:08.284[Battery Energy]51.08
2019-09-05_00:47:08.284[Status]Routing Start.
2019-09-05_00:47:08.440[Status]{'coordinate': [918.7490293746346, 146.96278426706098], 'id': 15}
2019-09-05_00:47:08.440[Status]Routing 83: Walk: 80
2019-09-05_00:47:08.560[Battery Energy]50.87
2019-09-05_00:47:08.560[Status]Routing Start.
2019-09-05_00:47:08.829[Status]{'coordinate': [928.7458922418175, 146.71231907039922], 'id': 15}
2019-09-05_00:47:08.829[Status]Routing 84: Walk: 81
2019-09-05_00:47:08.929[Battery Energy]50.59
2019-09-05_00:47:08.929[Status]Routing Start.
2019-09-05_00:47:09.159[Status]{'coordinate': [938.7427551090004, 146.46185387373748], 'id': 15}
2019-09-05_00:47:09.159[Status]Routing 85: Walk: 82
2019-09-05_00:47:09.280[Battery Energy]50.34
2019-09-05_00:47:09.280[Status]Routing Start.
2019-09-05_00:47:09.516[Status]{'coordinate': [948.7396179761834, 146.21138867707572], 'id': 15}
2019-09-05_00:47:09.516[Status]Routing 86: Walk: 83
2019-09-05_00:47:09.632[Battery Energy]50.11
2019-09-05_00:47:09.632[Status]Routing Start.
2019-09-05_00:47:09.810[Status]{'coordinate': [958.7364808433663, 145.96092348041398], 'id': 15}
2019-09-05_00:47:09.810[Status]Routing 87: Walk: 84
2019-09-05_00:47:09.920[Battery Energy]49.90
2019-09-05_00:47:09.920[Status]Routing Start.
2019-09-05_00:47:10.156[Status]{'coordinate': [968.7333437105492, 145.71045828375222], 'id': 15}
2019-09-05_00:47:10.156[Status]Routing 88: Walk: 85
2019-09-05_00:47:10.268[Battery Energy]49.69
2019-09-05_00:47:10.268[Status]Routing Start.
2019-09-05_00:47:10.450[Status]{'coordinate': [978.7302065777321, 145.45999308709048], 'id': 15}
2019-09-05_00:47:10.451[Status]Routing 89: Walk: 86
2019-09-05_00:47:10.551[Battery Energy]49.48
2019-09-05_00:47:10.551[Status]Routing Start.
2019-09-05_00:47:10.724[Status]{'coordinate': [988.7270694449151, 145.20952789042872], 'id': 15}
2019-09-05_00:47:10.725[Status]Routing 90: Walk: 87
2019-09-05_00:47:10.825[Battery Energy]49.26
2019-09-05_00:47:10.825[Status]Routing Start.
2019-09-05_00:47:10.989[Status]{'coordinate': [998.723932312098, 144.95906269376698], 'id': 15}
2019-09-05_00:47:10.989[Status]Routing 91: Walk: 88
2019-09-05_00:47:11.100[Battery Energy]49.06
2019-09-05_00:47:11.100[Status]Routing Start.
2019-09-05_00:47:11.465[Status]{'coordinate': [1008.7207951792809, 144.70859749710522], 'id': 15}
2019-09-05_00:47:11.465[Status]Routing 92: Walk: 89
2019-09-05_00:47:11.568[Battery Energy]48.73
2019-09-05_00:47:11.568[Status]Routing Start.
2019-09-05_00:47:11.568[Status]Task Finished.
2019-09-05_00:47:11.669[Battery Energy]48.73
2019-09-05_00:47:11.858[Status]Routing 94: Walk: 89
2019-09-05_00:47:11.964[Battery Energy]48.58
2019-09-05_00:47:12.125[Status]Routing 95: Walk: 89
2019-09-05_00:47:12.236[Battery Energy]48.46
2019-09-05_00:47:12.541[Status]Routing 96: Walk: 89
2019-09-05_00:47:12.652[Battery Energy]48.31
2019-09-05_00:47:12.911[Status]Routing 97: Walk: 89
2019-09-05_00:47:13.011[Battery Energy]48.16
2019-09-05_00:47:13.284[Status]Routing 98: Walk: 89
2019-09-05_00:47:13.385[Battery Energy]48.03
2019-09-05_00:47:13.724[Status]Routing 99: Walk: 89
2019-09-05_00:47:13.824[Battery Energy]47.84
2019-09-05_00:47:14.283[Status]Routing 100: Walk: 89
2019-09-05_00:47:14.383[Battery Energy]47.50
2019-09-05_00:47:14.692[Status]Routing 101: Walk: 89
2019-09-05_00:47:14.793[Battery Energy]47.18
2019-09-05_00:47:15.219[Status]Routing 102: Walk: 89
2019-09-05_00:47:15.319[Battery Energy]46.83
2019-09-05_00:47:15.858[Status]Routing 103: Walk: 89
2019-09-05_00:47:15.959[Battery Energy]46.45
2019-09-05_00:47:16.124[Status]Routing 104: Walk: 89
2019-09-05_00:47:16.240[Battery Energy]46.34
2019-09-05_00:47:16.599[Status]Routing 105: Walk: 89
2019-09-05_00:47:16.700[Battery Energy]46.02
2019-09-05_00:47:17.076[Status]Routing 106: Walk: 89
2019-09-05_00:47:17.177[Battery Energy]45.72
2019-09-05_00:47:17.327[Status]Routing 107: Walk: 89
2019-09-05_00:47:17.433[Battery Energy]45.64
2019-09-05_00:47:17.582[Status]Routing 108: Walk: 89
2019-09-05_00:47:17.692[Battery Energy]45.51
2019-09-05_00:47:18.204[Status]Routing 109: Walk: 89
2019-09-05_00:47:18.305[Battery Energy]45.17
2019-09-05_00:47:18.667[Status]Routing 110: Walk: 89
2019-09-05_00:47:18.767[Battery Energy]44.78
2019-09-05_00:47:19.126[Status]Routing 111: Walk: 89
2019-09-05_00:47:19.226[Battery Energy]44.47
2019-09-05_00:47:19.632[Status]Routing 112: Walk: 89
2019-09-05_00:47:19.737[Battery Energy]44.18
2019-09-05_00:47:19.945[Status]Routing 113: Walk: 89
2019-09-05_00:47:20.045[Battery Energy]44.04
2019-09-05_00:47:20.405[Status]Routing 114: Walk: 89
2019-09-05_00:47:20.528[Battery Energy]43.84
2019-09-05_00:47:20.846[Status]Routing 115: Walk: 89
2019-09-05_00:47:20.946[Battery Energy]43.63
2019-09-05_00:47:21.296[Status]Routing 116: Walk: 89
2019-09-05_00:47:21.404[Battery Energy]43.40
2019-09-05_00:47:21.782[Status]Routing 117: Walk: 89
2019-09-05_00:47:21.892[Battery Energy]43.15
2019-09-05_00:47:22.049[Status]Routing 118: Walk: 89
2019-09-05_00:47:22.150[Battery Energy]43.06
2019-09-05_00:47:22.484[Status]Routing 119: Walk: 89
2019-09-05_00:47:22.585[Battery Energy]42.84
2019-09-05_00:47:22.853[Status]Routing 120: Walk: 89
2019-09-05_00:47:22.960[Battery Energy]42.67
2019-09-05_00:47:23.347[Status]Routing 121: Walk: 89
2019-09-05_00:47:23.448[Battery Energy]42.45
2019-09-05_00:47:23.691[Status]Routing 122: Walk: 89
2019-09-05_00:47:23.808[Battery Energy]42.32
2019-09-05_00:47:24.048[Status]Routing 123: Walk: 89
2019-09-05_00:47:24.152[Battery Energy]42.19
2019-09-05_00:47:24.529[Status]Routing 124: Walk: 89
2019-09-05_00:47:24.629[Battery Energy]41.90
2019-09-05_00:47:24.919[Status]Routing 125: Walk: 89
2019-09-05_00:47:25.028[Battery Energy]41.71
2019-09-05_00:47:25.209[Status]Routing 126: Walk: 89
2019-09-05_00:47:25.317[Battery Energy]41.60
2019-09-05_00:47:25.718[Status]Routing 127: Walk: 89
2019-09-05_00:47:25.824[Battery Energy]41.35
2019-09-05_00:47:26.138[Status]Routing 128: Walk: 89
2019-09-05_00:47:26.242[Battery Energy]41.12
2019-09-05_00:47:26.418[Status]Routing 129: Walk: 89
2019-09-05_00:47:26.518[Battery Energy]40.99
2019-09-05_00:47:26.878[Status]Routing 130: Walk: 89
2019-09-05_00:47:26.978[Battery Energy]40.79
2019-09-05_00:47:27.223[Status]Routing 131: Walk: 89
2019-09-05_00:47:27.339[Battery Energy]40.67
2019-09-05_00:47:27.660[Status]Routing 132: Walk: 89
2019-09-05_00:47:27.764[Battery Energy]40.47
2019-09-05_00:47:28.069[Status]Routing 133: Walk: 89
2019-09-05_00:47:28.169[Battery Energy]40.28
2019-09-05_00:47:28.472[Status]Routing 134: Walk: 89
2019-09-05_00:47:28.582[Battery Energy]40.09
2019-09-05_00:47:28.920[Status]Routing 135: Walk: 89
2019-09-05_00:47:29.024[Battery Energy]39.86
2019-09-05_00:47:29.192[Status]Routing 136: Walk: 89
2019-09-05_00:47:29.304[Battery Energy]39.78
2019-09-05_00:47:29.484[Status]Routing 137: Walk: 89
2019-09-05_00:47:29.596[Battery Energy]39.68
2019-09-05_00:47:29.851[Status]Routing 138: Walk: 89
2019-09-05_00:47:29.953[Battery Energy]39.54
2019-09-05_00:47:30.285[Status]Routing 139: Walk: 89
2019-09-05_00:47:30.385[Battery Energy]39.35
2019-09-05_00:47:30.549[Status]Routing 140: Walk: 89
2019-09-05_00:47:30.653[Battery Energy]39.22
2019-09-05_00:47:31.021[Status]Routing 141: Walk: 89
2019-09-05_00:47:31.131[Battery Energy]39.02
2019-09-05_00:47:31.436[Status]Routing 142: Walk: 89
2019-09-05_00:47:31.536[Battery Energy]38.87
2019-09-05_00:47:31.866[Status]Routing 143: Walk: 89
2019-09-05_00:47:31.971[Battery Energy]38.69
2019-09-05_00:47:32.169[Status]Routing 144: Walk: 89
2019-09-05_00:47:32.270[Battery Energy]38.54
2019-09-05_00:47:32.431[Status]Routing 145: Walk: 89
2019-09-05_00:47:32.540[Battery Energy]38.40
2019-09-05_00:47:32.739[Status]Routing 146: Walk: 89
2019-09-05_00:47:32.840[Battery Energy]38.27
2019-09-05_00:47:33.050[Status]Routing 147: Walk: 89
2019-09-05_00:47:33.151[Battery Energy]38.11
2019-09-05_00:47:33.350[Status]Routing 148: Walk: 89
2019-09-05_00:47:33.450[Battery Energy]37.95
2019-09-05_00:47:33.677[Status]Routing 149: Walk: 89
2019-09-05_00:47:33.796[Battery Energy]37.77
2019-09-05_00:47:33.969[Status]Routing 150: Walk: 89
2019-09-05_00:47:34.076[Battery Energy]37.63
2019-09-05_00:47:34.232[Status]Routing 151: Walk: 89
2019-09-05_00:47:34.332[Battery Energy]37.53
2019-09-05_00:47:34.486[Status]Routing 152: Walk: 89
2019-09-05_00:47:34.600[Battery Energy]37.43
2019-09-05_00:47:34.874[Status]Routing 153: Walk: 89
2019-09-05_00:47:34.976[Battery Energy]37.27
2019-09-05_00:47:35.234[Status]Routing 154: Walk: 89
2019-09-05_00:47:35.334[Battery Energy]37.11
2019-09-05_00:47:35.478[Status]Routing 155: Walk: 89
2019-09-05_00:47:35.588[Battery Energy]37.03
2019-09-05_00:47:35.810[Status]Routing 156: Walk: 89
2019-09-05_00:47:35.910[Battery Energy]36.90
2019-09-05_00:47:36.094[Status]Routing 157: Walk: 89
2019-09-05_00:47:36.208[Battery Energy]36.81
2019-09-05_00:47:36.374[Status]Routing 158: Walk: 89
2019-09-05_00:47:36.474[Battery Energy]36.70
2019-09-05_00:47:36.843[Status]Routing 159: Walk: 89
2019-09-05_00:47:36.952[Battery Energy]36.47
2019-09-05_00:47:37.090[Status]Routing 160: Walk: 89
2019-09-05_00:47:37.196[Battery Energy]36.37
2019-09-05_00:47:37.438[Status]Routing 161: Walk: 89
2019-09-05_00:47:37.552[Battery Energy]36.24
2019-09-05_00:47:37.690[Status]Routing 162: Walk: 89
2019-09-05_00:47:37.791[Battery Energy]36.14
2019-09-05_00:47:38.003[Status]Routing 163: Walk: 89
2019-09-05_00:47:38.104[Battery Energy]36.01
2019-09-05_00:47:38.265[Status]Routing 164: Walk: 89
2019-09-05_00:47:38.370[Battery Energy]35.89
2019-09-05_00:47:38.592[Status]Routing 165: Walk: 89
2019-09-05_00:47:38.699[Battery Energy]35.74
2019-09-05_00:47:38.854[Status]Routing 166: Walk: 89
2019-09-05_00:47:38.964[Battery Energy]35.65
2019-09-05_00:47:39.110[Status]Routing 167: Walk: 89
2019-09-05_00:47:39.210[Battery Energy]35.55
2019-09-05_00:47:39.400[Status]Routing 168: Walk: 89
2019-09-05_00:47:39.512[Battery Energy]35.41
2019-09-05_00:47:39.727[Status]Routing 169: Walk: 89
2019-09-05_00:47:39.828[Battery Energy]35.28
2019-09-05_00:47:40.049[Status]Routing 170: Walk: 89
2019-09-05_00:47:40.149[Battery Energy]35.14
2019-09-05_00:47:40.352[Status]Routing 171: Walk: 89
2019-09-05_00:47:40.468[Battery Energy]35.03
2019-09-05_00:47:40.606[Status]Routing 172: Walk: 89
2019-09-05_00:47:40.712[Battery Energy]34.91
2019-09-05_00:47:40.902[Status]Routing 173: Walk: 89
2019-09-05_00:47:41.008[Battery Energy]34.80
2019-09-05_00:47:41.218[Status]Routing 174: Walk: 89
2019-09-05_00:47:41.328[Battery Energy]34.64
2019-09-05_00:47:41.470[Status]Routing 175: Walk: 89
2019-09-05_00:47:41.572[Battery Energy]34.54
2019-09-05_00:47:41.759[Status]Routing 176: Walk: 89
2019-09-05_00:47:41.872[Battery Energy]34.45
2019-09-05_00:47:42.009[Status]Routing 177: Walk: 89
2019-09-05_00:47:42.112[Battery Energy]34.34
