2019-09-05_00:46:29.953[Status]Start.
2019-09-05_00:46:29.955[Battery Energy]75.00
2019-09-05_00:46:31.056[Battery Energy]74.96
2019-09-05_00:46:32.156[Battery Energy]74.92
2019-09-05_00:46:33.258[Battery Energy]74.88
2019-09-05_00:46:34.358[Battery Energy]74.84
2019-09-05_00:46:35.459[Task]A New Task Released.
2019-09-05_00:46:35.459[Battery Energy]74.80
2019-09-05_00:46:35.459[Status]Selection Start.
2019-09-05_00:46:36.232[Status]Selection End: Do Task 2.
2019-09-05_00:46:36.336[Battery Energy]74.30
2019-09-05_00:46:36.336[Status]Formation Start.
2019-09-05_00:46:36.505[Status]Formation End: To Position 1.
2019-09-05_00:46:36.605[Battery Energy]74.16
2019-09-05_00:46:36.605[Status]Routing Start.
2019-09-05_00:46:36.777[Status]{'coordinate': [63.42010183530854, 605.6441571234016], 'id': 18}
2019-09-05_00:46:36.777[Status]Routing 1: Walk: 1
2019-09-05_00:46:36.877[Battery Energy]73.94
2019-09-05_00:46:36.877[Status]Routing Start.
2019-09-05_00:46:37.054[Status]{'coordinate': [72.84020367061709, 602.2883142468031], 'id': 18}
2019-09-05_00:46:37.054[Status]Routing 2: Walk: 2
2019-09-05_00:46:37.159[Battery Energy]73.72
2019-09-05_00:46:37.159[Status]Routing Start.
2019-09-05_00:46:37.336[Status]{'coordinate': [82.26030550592563, 598.9324713702047], 'id': 18}
2019-09-05_00:46:37.336[Status]Routing 3: Walk: 3
2019-09-05_00:46:37.448[Battery Energy]73.48
2019-09-05_00:46:37.448[Status]Routing Start.
2019-09-05_00:46:37.632[Status]{'coordinate': [91.68040734123417, 595.5766284936062], 'id': 18}
2019-09-05_00:46:37.632[Status]Routing 4: Walk: 4
2019-09-05_00:46:37.732[Battery Energy]73.24
2019-09-05_00:46:37.732[Status]Routing Start.
2019-09-05_00:46:37.878[Status]{'coordinate': [101.10050917654272, 592.2207856170078], 'id': 18}
2019-09-05_00:46:37.878[Status]Routing 5: Walk: 5
2019-09-05_00:46:37.978[Battery Energy]73.03
2019-09-05_00:46:37.979[Status]Routing Start.
2019-09-05_00:46:38.274[Status]{'coordinate': [110.52061101185126, 588.8649427404093], 'id': 18}
2019-09-05_00:46:38.276[Status]Routing 6: Walk: 6
2019-09-05_00:46:38.380[Battery Energy]72.75
2019-09-05_00:46:38.380[Status]Routing Start.
2019-09-05_00:46:38.707[Status]{'coordinate': [119.9407128471598, 585.5090998638109], 'id': 18}
2019-09-05_00:46:38.707[Status]Routing 7: Walk: 7
2019-09-05_00:46:38.809[Battery Energy]72.50
2019-09-05_00:46:38.809[Status]Routing Start.
2019-09-05_00:46:39.132[Status]{'coordinate': [129.36081468246834, 582.1532569872124], 'id': 18}
2019-09-05_00:46:39.135[Status]Routing 8: Walk: 8
2019-09-05_00:46:39.252[Battery Energy]72.16
2019-09-05_00:46:39.252[Status]Routing Start.
2019-09-05_00:46:39.643[Status]{'coordinate': [138.7809165177769, 578.797414110614], 'id': 18}
2019-09-05_00:46:39.643[Status]Routing 9: Walk: 9
2019-09-05_00:46:39.751[Battery Energy]71.80
2019-09-05_00:46:39.751[Status]Routing Start.
2019-09-05_00:46:40.094[Status]{'coordinate': [148.20101835308543, 575.4415712340156], 'id': 18}
2019-09-05_00:46:40.094[Status]Routing 10: Walk: 10
2019-09-05_00:46:40.204[Battery Energy]71.49
2019-09-05_00:46:40.204[Status]Routing Start.
2019-09-05_00:46:40.590[Status]{'coordinate': [157.62112018839397, 572.0857283574171], 'id': 18}
2019-09-05_00:46:40.590[Status]Routing 11: Walk: 11
2019-09-05_00:46:40.690[Battery Energy]71.20
2019-09-05_00:46:40.690[Status]Routing Start.
2019-09-05_00:46:41.091[Status]{'coordinate': [167.04122202370252, 568.7298854808187], 'id': 18}
2019-09-05_00:46:41.091[Status]Routing 12: Walk: 12
2019-09-05_00:46:41.196[Battery Energy]70.84
2019-09-05_00:46:41.196[Status]Routing Start.
2019-09-05_00:46:41.529[Status]{'coordinate': [176.46132385901106, 565.3740426042202], 'id': 18}
2019-09-05_00:46:41.529[Status]Routing 13: Walk: 13
2019-09-05_00:46:41.632[Battery Energy]70.52
2019-09-05_00:46:41.632[Status]Routing Start.
2019-09-05_00:46:41.975[Status]{'coordinate': [185.8814256943196, 562.0181997276218], 'id': 18}
2019-09-05_00:46:41.975[Status]Routing 14: Walk: 14
2019-09-05_00:46:42.076[Battery Energy]70.20
2019-09-05_00:46:42.076[Status]Routing Start.
2019-09-05_00:46:42.611[Status]Routing 15: Walk: 14
2019-09-05_00:46:42.711[Battery Energy]69.76
2019-09-05_00:46:42.711[Status]Routing Start.
2019-09-05_00:46:43.050[Status]Routing 16: Walk: 14
2019-09-05_00:46:43.151[Battery Energy]69.43
2019-09-05_00:46:43.151[Status]Routing Start.
2019-09-05_00:46:43.398[Status]{'coordinate': [195.30152752962815, 558.6623568510233], 'id': 18}
2019-09-05_00:46:43.398[Status]Routing 17: Walk: 15
2019-09-05_00:46:43.504[Battery Energy]69.16
2019-09-05_00:46:43.504[Status]Routing Start.
2019-09-05_00:46:43.869[Status]{'coordinate': [204.7216293649367, 555.3065139744249], 'id': 18}
2019-09-05_00:46:43.869[Status]Routing 18: Walk: 16
2019-09-05_00:46:43.976[Battery Energy]68.88
2019-09-05_00:46:43.976[Status]Routing Start.
2019-09-05_00:46:44.291[Status]{'coordinate': [214.14173120024523, 551.9506710978264], 'id': 18}
2019-09-05_00:46:44.291[Status]Routing 19: Walk: 17
2019-09-05_00:46:44.392[Battery Energy]68.57
2019-09-05_00:46:44.392[Status]Routing Start.
2019-09-05_00:46:44.714[Status]{'coordinate': [223.56183303555378, 548.594828221228], 'id': 18}
2019-09-05_00:46:44.714[Status]Routing 20: Walk: 18
2019-09-05_00:46:44.824[Battery Energy]68.25
2019-09-05_00:46:44.824[Status]Routing Start.
2019-09-05_00:46:45.196[Status]{'coordinate': [232.98193487086232, 545.2389853446296], 'id': 18}
2019-09-05_00:46:45.196[Status]Routing 21: Walk: 19
2019-09-05_00:46:45.300[Battery Energy]67.87
2019-09-05_00:46:45.300[Status]Routing Start.
2019-09-05_00:46:45.664[Status]{'coordinate': [242.40203670617086, 541.8831424680311], 'id': 18}
2019-09-05_00:46:45.664[Status]Routing 22: Walk: 20
2019-09-05_00:46:45.776[Battery Energy]67.56
2019-09-05_00:46:45.776[Status]Routing Start.
2019-09-05_00:46:46.155[Status]{'coordinate': [251.8221385414794, 538.5272995914327], 'id': 18}
2019-09-05_00:46:46.155[Status]Routing 23: Walk: 21
2019-09-05_00:46:46.268[Battery Energy]67.24
2019-09-05_00:46:46.268[Status]Routing Start.
2019-09-05_00:46:46.597[Status]{'coordinate': [261.24224037678795, 535.1714567148342], 'id': 18}
2019-09-05_00:46:46.597[Status]Routing 24: Walk: 22
2019-09-05_00:46:46.698[Battery Energy]66.94
2019-09-05_00:46:46.698[Status]Routing Start.
2019-09-05_00:46:47.101[Status]{'coordinate': [270.6623422120965, 531.8156138382358], 'id': 18}
2019-09-05_00:46:47.101[Status]Routing 25: Walk: 23
2019-09-05_00:46:47.204[Battery Energy]66.59
2019-09-05_00:46:47.204[Status]Routing Start.
2019-09-05_00:46:47.530[Status]{'coordinate': [280.0824440474051, 528.4597709616373], 'id': 18}
2019-09-05_00:46:47.530[Status]Routing 26: Walk: 24
2019-09-05_00:46:47.632[Battery Energy]66.28
2019-09-05_00:46:47.632[Status]Routing Start.
2019-09-05_00:46:48.007[Status]{'coordinate': [289.50254588271366, 525.1039280850389], 'id': 18}
2019-09-05_00:46:48.007[Status]Routing 27: Walk: 25
2019-09-05_00:46:48.108[Battery Energy]65.89
2019-09-05_00:46:48.108[Status]Routing Start.
2019-09-05_00:46:48.486[Status]{'coordinate': [298.92264771802223, 521.7480852084404], 'id': 18}
2019-09-05_00:46:48.487[Status]Routing 28: Walk: 26
2019-09-05_00:46:48.588[Battery Energy]65.56
2019-09-05_00:46:48.588[Status]Routing Start.
2019-09-05_00:46:48.919[Status]{'coordinate': [308.3427495533308, 518.392242331842], 'id': 18}
2019-09-05_00:46:48.919[Status]Routing 29: Walk: 27
2019-09-05_00:46:49.019[Battery Energy]65.30
2019-09-05_00:46:49.019[Status]Routing Start.
2019-09-05_00:46:49.435[Status]{'coordinate': [317.7628513886394, 515.0363994552436], 'id': 18}
2019-09-05_00:46:49.438[Status]Routing 30: Walk: 28
2019-09-05_00:46:49.544[Battery Energy]64.96
2019-09-05_00:46:49.544[Status]Routing Start.
2019-09-05_00:46:49.895[Status]{'coordinate': [327.18295322394795, 511.6805565786451], 'id': 18}
2019-09-05_00:46:49.895[Status]Routing 31: Walk: 29
2019-09-05_00:46:50.000[Battery Energy]64.67
2019-09-05_00:46:50.000[Status]Routing Start.
2019-09-05_00:46:50.368[Status]{'coordinate': [336.6030550592565, 508.32471370204667], 'id': 18}
2019-09-05_00:46:50.368[Status]Routing 32: Walk: 30
2019-09-05_00:46:50.468[Battery Energy]64.37
2019-09-05_00:46:50.468[Status]Routing Start.
2019-09-05_00:46:50.830[Status]{'coordinate': [346.0231568945651, 504.9688708254482], 'id': 18}
2019-09-05_00:46:50.836[Status]Routing 33: Walk: 31
2019-09-05_00:46:50.940[Battery Energy]64.08
2019-09-05_00:46:50.940[Status]Routing Start.
2019-09-05_00:46:51.314[Status]{'coordinate': [355.44325872987366, 501.6130279488498], 'id': 18}
2019-09-05_00:46:51.314[Status]Routing 34: Walk: 32
2019-09-05_00:46:51.416[Battery Energy]63.70
2019-09-05_00:46:51.416[Status]Routing Start.
2019-09-05_00:46:51.774[Status]{'coordinate': [364.86336056518223, 498.25718507225133], 'id': 18}
2019-09-05_00:46:51.774[Status]Routing 35: Walk: 33
2019-09-05_00:46:51.880[Battery Energy]63.36
2019-09-05_00:46:51.880[Status]Routing Start.
2019-09-05_00:46:52.210[Status]{'coordinate': [374.2834624004908, 494.9013421956529], 'id': 18}
2019-09-05_00:46:52.211[Status]Routing 36: Walk: 34
2019-09-05_00:46:52.320[Battery Energy]63.03
2019-09-05_00:46:52.320[Status]Routing Start.
2019-09-05_00:46:52.654[Status]{'coordinate': [383.7035642357994, 491.54549931905444], 'id': 18}
2019-09-05_00:46:52.660[Status]Routing 37: Walk: 35
2019-09-05_00:46:52.761[Battery Energy]62.73
2019-09-05_00:46:52.761[Status]Routing Start.
2019-09-05_00:46:52.938[Status]{'coordinate': [393.12366607110795, 488.189656442456], 'id': 18}
2019-09-05_00:46:52.939[Status]Routing 38: Walk: 36
2019-09-05_00:46:53.048[Battery Energy]62.50
2019-09-05_00:46:53.048[Status]Routing Start.
2019-09-05_00:46:53.209[Status]{'coordinate': [402.5437679064165, 484.83381356585755], 'id': 18}
2019-09-05_00:46:53.209[Status]Routing 39: Walk: 37
2019-09-05_00:46:53.309[Battery Energy]62.28
2019-09-05_00:46:53.309[Status]Routing Start.
2019-09-05_00:46:53.647[Status]{'coordinate': [411.9638697417251, 481.4779706892591], 'id': 18}
2019-09-05_00:46:53.647[Status]Routing 40: Walk: 38
2019-09-05_00:46:53.747[Battery Energy]61.96
2019-09-05_00:46:53.747[Status]Routing Start.
2019-09-05_00:46:54.090[Status]{'coordinate': [421.38397157703366, 478.12212781266066], 'id': 18}
2019-09-05_00:46:54.090[Status]Routing 41: Walk: 39
2019-09-05_00:46:54.200[Battery Energy]61.66
2019-09-05_00:46:54.200[Status]Routing Start.
2019-09-05_00:46:54.508[Status]{'coordinate': [430.80407341234223, 474.7662849360622], 'id': 18}
2019-09-05_00:46:54.508[Status]Routing 42: Walk: 40
2019-09-05_00:46:54.608[Battery Energy]61.39
2019-09-05_00:46:54.609[Status]Routing Start.
2019-09-05_00:46:55.050[Status]{'coordinate': [440.2241752476508, 471.4104420594638], 'id': 18}
2019-09-05_00:46:55.050[Status]Routing 43: Walk: 41
2019-09-05_00:46:55.150[Battery Energy]61.06
2019-09-05_00:46:55.150[Status]Routing Start.
2019-09-05_00:46:55.564[Status]{'coordinate': [449.6442770829594, 468.05459918286533], 'id': 18}
2019-09-05_00:46:55.564[Status]Routing 44: Walk: 42
2019-09-05_00:46:55.664[Battery Energy]60.75
2019-09-05_00:46:55.664[Status]Routing Start.
2019-09-05_00:46:55.977[Status]{'coordinate': [459.06437891826795, 464.6987563062669], 'id': 18}
2019-09-05_00:46:55.984[Status]Routing 45: Walk: 43
2019-09-05_00:46:56.087[Battery Energy]60.45
2019-09-05_00:46:56.087[Status]Routing Start.
2019-09-05_00:46:56.472[Status]{'coordinate': [468.4844807535765, 461.34291342966844], 'id': 18}
2019-09-05_00:46:56.472[Status]Routing 46: Walk: 44
2019-09-05_00:46:56.576[Battery Energy]60.12
2019-09-05_00:46:56.576[Status]Routing Start.
2019-09-05_00:46:56.975[Status]{'coordinate': [477.9045825888851, 457.98707055307], 'id': 18}
2019-09-05_00:46:56.975[Status]Routing 47: Walk: 45
2019-09-05_00:46:57.075[Battery Energy]59.79
2019-09-05_00:46:57.076[Status]Routing Start.
2019-09-05_00:46:57.263[Status]{'coordinate': [487.32468442419366, 454.63122767647155], 'id': 18}
2019-09-05_00:46:57.263[Status]Routing 48: Walk: 46
2019-09-05_00:46:57.363[Battery Energy]59.49
2019-09-05_00:46:57.363[Status]Routing Start.
2019-09-05_00:46:57.508[Status]{'coordinate': [496.74478625950223, 451.2753847998731], 'id': 18}
2019-09-05_00:46:57.508[Status]Routing 49: Walk: 47
2019-09-05_00:46:57.608[Battery Energy]59.29
2019-09-05_00:46:57.608[Status]Routing Start.
2019-09-05_00:46:57.834[Status]{'coordinate': [506.1648880948108, 447.91954192327466], 'id': 18}
2019-09-05_00:46:57.834[Status]Routing 50: Walk: 48
2019-09-05_00:46:57.947[Battery Energy]59.03
2019-09-05_00:46:57.947[Status]Routing Start.
2019-09-05_00:46:58.131[Status]{'coordinate': [515.5849899301194, 444.5636990466762], 'id': 18}
2019-09-05_00:46:58.132[Status]Routing 51: Walk: 49
2019-09-05_00:46:58.238[Battery Energy]58.84
2019-09-05_00:46:58.238[Status]Routing Start.
2019-09-05_00:46:58.604[Status]{'coordinate': [525.0050917654279, 441.2078561700778], 'id': 18}
2019-09-05_00:46:58.604[Status]Routing 52: Walk: 50
2019-09-05_00:46:58.714[Battery Energy]58.52
2019-09-05_00:46:58.714[Status]Routing Start.
2019-09-05_00:46:58.909[Status]{'coordinate': [534.4251936007364, 437.85201329347933], 'id': 18}
2019-09-05_00:46:58.909[Status]Routing 53: Walk: 51
2019-09-05_00:46:59.024[Battery Energy]58.30
2019-09-05_00:46:59.024[Status]Routing Start.
2019-09-05_00:46:59.190[Status]{'coordinate': [543.8452954360449, 434.4961704168809], 'id': 18}
2019-09-05_00:46:59.190[Status]Routing 54: Walk: 52
2019-09-05_00:46:59.290[Battery Energy]58.05
2019-09-05_00:46:59.290[Status]Routing Start.
2019-09-05_00:46:59.491[Status]{'coordinate': [553.2653972713534, 431.14032754028244], 'id': 18}
2019-09-05_00:46:59.491[Status]Routing 55: Walk: 53
2019-09-05_00:46:59.591[Battery Energy]57.81
2019-09-05_00:46:59.591[Status]Routing Start.
2019-09-05_00:46:59.846[Status]{'coordinate': [562.685499106662, 427.784484663684], 'id': 18}
2019-09-05_00:46:59.846[Status]Routing 56: Walk: 54
2019-09-05_00:46:59.960[Battery Energy]57.55
2019-09-05_00:46:59.960[Status]Routing Start.
2019-09-05_00:47:00.181[Status]{'coordinate': [572.1056009419705, 424.42864178708555], 'id': 18}
2019-09-05_00:47:00.181[Status]Routing 57: Walk: 55
2019-09-05_00:47:00.288[Battery Energy]57.31
2019-09-05_00:47:00.288[Status]Routing Start.
2019-09-05_00:47:00.512[Status]{'coordinate': [581.525702777279, 421.0727989104871], 'id': 18}
2019-09-05_00:47:00.512[Status]Routing 58: Walk: 56
2019-09-05_00:47:00.616[Battery Energy]57.09
2019-09-05_00:47:00.616[Status]Routing Start.
2019-09-05_00:47:00.770[Status]{'coordinate': [590.9458046125875, 417.71695603388866], 'id': 18}
2019-09-05_00:47:00.770[Status]Routing 59: Walk: 57
2019-09-05_00:47:00.871[Battery Energy]56.87
2019-09-05_00:47:00.871[Status]Routing Start.
2019-09-05_00:47:01.043[Status]{'coordinate': [600.365906447896, 414.3611131572902], 'id': 18}
2019-09-05_00:47:01.043[Status]Routing 60: Walk: 58
2019-09-05_00:47:01.164[Battery Energy]56.63
2019-09-05_00:47:01.164[Status]Routing Start.
2019-09-05_00:47:01.366[Status]{'coordinate': [609.7860082832045, 411.0052702806918], 'id': 18}
2019-09-05_00:47:01.366[Status]Routing 61: Walk: 59
2019-09-05_00:47:01.472[Battery Energy]56.43
2019-09-05_00:47:01.472[Status]Routing Start.
2019-09-05_00:47:01.694[Status]{'coordinate': [619.206110118513, 407.64942740409333], 'id': 18}
2019-09-05_00:47:01.695[Status]Routing 62: Walk: 60
2019-09-05_00:47:01.804[Battery Energy]56.24
2019-09-05_00:47:01.804[Status]Routing Start.
2019-09-05_00:47:01.999[Status]{'coordinate': [628.6262119538216, 404.2935845274949], 'id': 18}
2019-09-05_00:47:01.999[Status]Routing 63: Walk: 61
2019-09-05_00:47:02.099[Battery Energy]56.04
2019-09-05_00:47:02.099[Status]Routing Start.
2019-09-05_00:47:02.376[Status]{'coordinate': [638.0463137891301, 400.93774165089644], 'id': 18}
2019-09-05_00:47:02.376[Status]Routing 64: Walk: 62
2019-09-05_00:47:02.479[Battery Energy]55.82
2019-09-05_00:47:02.480[Status]Routing Start.
2019-09-05_00:47:02.703[Status]{'coordinate': [647.4664156244386, 397.581898774298], 'id': 18}
2019-09-05_00:47:02.703[Status]Routing 65: Walk: 63
2019-09-05_00:47:02.813[Battery Energy]55.55
2019-09-05_00:47:02.813[Status]Routing Start.
2019-09-05_00:47:02.961[Status]{'coordinate': [656.8865174597471, 394.22605589769955], 'id': 18}
2019-09-05_00:47:02.961[Status]Routing 66: Walk: 64
2019-09-05_00:47:03.064[Battery Energy]55.33
2019-09-05_00:47:03.064[Status]Routing Start.
2019-09-05_00:47:03.334[Status]{'coordinate': [666.3066192950556, 390.8702130211011], 'id': 18}
2019-09-05_00:47:03.334[Status]Routing 67: Walk: 65
2019-09-05_00:47:03.434[Battery Energy]55.08
2019-09-05_00:47:03.434[Status]Routing Start.
2019-09-05_00:47:03.631[Status]{'coordinate': [675.7267211303641, 387.51437014450266], 'id': 18}
2019-09-05_00:47:03.632[Status]Routing 68: Walk: 66
2019-09-05_00:47:03.737[Battery Energy]54.83
2019-09-05_00:47:03.737[Status]Routing Start.
2019-09-05_00:47:04.045[Status]{'coordinate': [685.1468229656726, 384.1585272679042], 'id': 18}
2019-09-05_00:47:04.045[Status]Routing 69: Walk: 67
2019-09-05_00:47:04.160[Battery Energy]54.52
2019-09-05_00:47:04.160[Status]Routing Start.
2019-09-05_00:47:04.563[Status]{'coordinate': [694.5669248009812, 380.8026843913058], 'id': 18}
2019-09-05_00:47:04.563[Status]Routing 70: Walk: 68
2019-09-05_00:47:04.672[Battery Energy]54.22
2019-09-05_00:47:04.672[Status]Routing Start.
2019-09-05_00:47:05.059[Status]{'coordinate': [703.9870266362897, 377.44684151470733], 'id': 18}
2019-09-05_00:47:05.059[Status]Routing 71: Walk: 69
2019-09-05_00:47:05.170[Battery Energy]53.88
2019-09-05_00:47:05.170[Status]Routing Start.
2019-09-05_00:47:05.348[Status]{'coordinate': [713.4071284715982, 374.0909986381089], 'id': 18}
2019-09-05_00:47:05.348[Status]Routing 72: Walk: 70
2019-09-05_00:47:05.448[Battery Energy]53.65
2019-09-05_00:47:05.448[Status]Routing Start.
2019-09-05_00:47:05.631[Status]{'coordinate': [722.8272303069067, 370.73515576151044], 'id': 18}
2019-09-05_00:47:05.631[Status]Routing 73: Walk: 71
2019-09-05_00:47:05.736[Battery Energy]53.43
2019-09-05_00:47:05.736[Status]Routing Start.
2019-09-05_00:47:05.912[Status]{'coordinate': [732.2473321422152, 367.379312884912], 'id': 18}
2019-09-05_00:47:05.913[Status]Routing 74: Walk: 72
2019-09-05_00:47:06.013[Battery Energy]53.21
2019-09-05_00:47:06.013[Status]Routing Start.
2019-09-05_00:47:06.167[Status]{'coordinate': [741.6674339775237, 364.02347000831355], 'id': 18}
2019-09-05_00:47:06.167[Status]Routing 75: Walk: 73
2019-09-05_00:47:06.276[Battery Energy]53.01
2019-09-05_00:47:06.276[Status]Routing Start.
2019-09-05_00:47:06.417[Status]{'coordinate': [751.0875358128322, 360.6676271317151], 'id': 18}
2019-09-05_00:47:06.417[Status]Routing 76: Walk: 74
2019-09-05_00:47:06.536[Battery Energy]52.82
2019-09-05_00:47:06.536[Status]Routing Start.
2019-09-05_00:47:06.697[Status]{'coordinate': [760.5076376481408, 357.31178425511666], 'id': 18}
2019-09-05_00:47:06.697[Status]Routing 77: Walk: 75
2019-09-05_00:47:06.816[Battery Energy]52.61
2019-09-05_00:47:06.816[Status]Routing Start.
2019-09-05_00:47:06.968[Status]{'coordinate': [769.9277394834493, 353.9559413785182], 'id': 18}
2019-09-05_00:47:06.968[Status]Routing 78: Walk: 76
2019-09-05_00:47:07.068[Battery Energy]52.38
2019-09-05_00:47:07.068[Status]Routing Start.
2019-09-05_00:47:07.252[Status]{'coordinate': [779.3478413187578, 350.6000985019198], 'id': 18}
2019-09-05_00:47:07.252[Status]Routing 79: Walk: 77
2019-09-05_00:47:07.356[Battery Energy]52.15
2019-09-05_00:47:07.356[Status]Routing Start.
2019-09-05_00:47:07.547[Status]{'coordinate': [788.7679431540663, 347.24425562532133], 'id': 18}
2019-09-05_00:47:07.547[Status]Routing 80: Walk: 78
2019-09-05_00:47:07.647[Battery Energy]51.93
2019-09-05_00:47:07.647[Status]Routing Start.
2019-09-05_00:47:07.895[Status]{'coordinate': [798.1880449893748, 343.8884127487229], 'id': 18}
2019-09-05_00:47:07.895[Status]Routing 81: Walk: 79
2019-09-05_00:47:07.995[Battery Energy]51.64
2019-09-05_00:47:07.995[Status]Routing Start.
2019-09-05_00:47:08.173[Status]{'coordinate': [807.6081468246833, 340.53256987212444], 'id': 18}
2019-09-05_00:47:08.173[Status]Routing 82: Walk: 80
2019-09-05_00:47:08.284[Battery Energy]51.43
2019-09-05_00:47:08.284[Status]Routing Start.
2019-09-05_00:47:08.439[Status]{'coordinate': [817.0282486599918, 337.176726995526], 'id': 18}
2019-09-05_00:47:08.440[Status]Routing 83: Walk: 81
2019-09-05_00:47:08.540[Battery Energy]51.24
2019-09-05_00:47:08.540[Status]Routing Start.
2019-09-05_00:47:08.831[Status]{'coordinate': [826.4483504953004, 333.82088411892755], 'id': 18}
2019-09-05_00:47:08.831[Status]Routing 84: Walk: 82
2019-09-05_00:47:08.935[Battery Energy]50.93
2019-09-05_00:47:08.935[Status]Routing Start.
2019-09-05_00:47:09.158[Status]{'coordinate': [835.8684523306089, 330.4650412423291], 'id': 18}
2019-09-05_00:47:09.158[Status]Routing 85: Walk: 83
2019-09-05_00:47:09.258[Battery Energy]50.69
2019-09-05_00:47:09.258[Status]Routing Start.
2019-09-05_00:47:09.492[Status]{'coordinate': [845.2885541659174, 327.10919836573066], 'id': 18}
2019-09-05_00:47:09.513[Status]Routing 86: Walk: 84
2019-09-05_00:47:09.614[Battery Energy]50.47
2019-09-05_00:47:09.614[Status]Routing Start.
2019-09-05_00:47:09.808[Status]{'coordinate': [854.7086560012259, 323.7533554891322], 'id': 18}
2019-09-05_00:47:09.810[Status]Routing 87: Walk: 85
2019-09-05_00:47:09.920[Battery Energy]50.24
2019-09-05_00:47:09.920[Status]Routing Start.
2019-09-05_00:47:10.156[Status]{'coordinate': [864.1287578365344, 320.3975126125338], 'id': 18}
2019-09-05_00:47:10.156[Status]Routing 88: Walk: 86
2019-09-05_00:47:10.257[Battery Energy]50.01
2019-09-05_00:47:10.257[Status]Routing Start.
2019-09-05_00:47:10.451[Status]{'coordinate': [873.5488596718429, 317.04166973593533], 'id': 18}
2019-09-05_00:47:10.453[Status]Routing 89: Walk: 87
2019-09-05_00:47:10.564[Battery Energy]49.78
2019-09-05_00:47:10.564[Status]Routing Start.
2019-09-05_00:47:10.726[Status]{'coordinate': [882.9689615071514, 313.6858268593369], 'id': 18}
2019-09-05_00:47:10.726[Status]Routing 90: Walk: 88
2019-09-05_00:47:10.848[Battery Energy]49.52
2019-09-05_00:47:10.848[Status]Routing Start.
2019-09-05_00:47:10.987[Status]{'coordinate': [892.38906334246, 310.32998398273844], 'id': 18}
2019-09-05_00:47:10.987[Status]Routing 91: Walk: 89
2019-09-05_00:47:11.092[Battery Energy]49.31
2019-09-05_00:47:11.092[Status]Routing Start.
2019-09-05_00:47:11.464[Status]{'coordinate': [901.8091651777685, 306.97414110614], 'id': 18}
2019-09-05_00:47:11.464[Status]Routing 92: Walk: 90
2019-09-05_00:47:11.572[Battery Energy]49.02
2019-09-05_00:47:11.572[Status]Routing Start.
2019-09-05_00:47:11.851[Status]{'coordinate': [911.229267013077, 303.61829822954155], 'id': 18}
2019-09-05_00:47:11.851[Status]Routing 93: Walk: 91
2019-09-05_00:47:11.952[Battery Energy]48.77
2019-09-05_00:47:11.952[Status]Routing Start.
2019-09-05_00:47:12.131[Status]{'coordinate': [920.6493688483855, 300.2624553529431], 'id': 18}
2019-09-05_00:47:12.131[Status]Routing 94: Walk: 92
2019-09-05_00:47:12.232[Battery Energy]48.53
2019-09-05_00:47:12.232[Status]Routing Start.
2019-09-05_00:47:12.533[Status]{'coordinate': [930.069470683694, 296.90661247634466], 'id': 18}
2019-09-05_00:47:12.533[Status]Routing 95: Walk: 93
2019-09-05_00:47:12.633[Battery Energy]48.29
2019-09-05_00:47:12.633[Status]Routing Start.
2019-09-05_00:47:12.907[Status]{'coordinate': [939.4895725190025, 293.5507695997462], 'id': 18}
2019-09-05_00:47:12.907[Status]Routing 96: Walk: 94
2019-09-05_00:47:13.007[Battery Energy]48.03
2019-09-05_00:47:13.007[Status]Routing Start.
2019-09-05_00:47:13.282[Status]{'coordinate': [948.909674354311, 290.1949267231478], 'id': 18}
2019-09-05_00:47:13.282[Status]Routing 97: Walk: 95
2019-09-05_00:47:13.384[Battery Energy]47.81
2019-09-05_00:47:13.384[Status]Routing Start.
2019-09-05_00:47:13.724[Status]{'coordinate': [958.3297761896196, 286.83908384654933], 'id': 18}
2019-09-05_00:47:13.724[Status]Routing 98: Walk: 96
2019-09-05_00:47:13.828[Battery Energy]47.54
2019-09-05_00:47:13.828[Status]Routing Start.
2019-09-05_00:47:14.127[Status]{'coordinate': [967.7498780249281, 283.4832409699509], 'id': 18}
2019-09-05_00:47:14.127[Status]Routing 99: Walk: 97
2019-09-05_00:47:14.245[Battery Energy]47.29
2019-09-05_00:47:14.245[Status]Routing Start.
2019-09-05_00:47:14.562[Status]{'coordinate': [977.1699798602366, 280.12739809335244], 'id': 18}
2019-09-05_00:47:14.562[Status]Routing 100: Walk: 98
2019-09-05_00:47:14.668[Battery Energy]46.96
2019-09-05_00:47:14.668[Status]Routing Start.
2019-09-05_00:47:15.045[Status]{'coordinate': [986.5900816955451, 276.771555216754], 'id': 18}
2019-09-05_00:47:15.045[Status]Routing 101: Walk: 99
2019-09-05_00:47:15.145[Battery Energy]46.66
2019-09-05_00:47:15.145[Status]Routing Start.
2019-09-05_00:47:15.698[Status]{'coordinate': [996.0101835308536, 273.41571234015555], 'id': 18}
2019-09-05_00:47:15.698[Status]Routing 102: Walk: 100
2019-09-05_00:47:15.798[Battery Energy]46.25
2019-09-05_00:47:15.798[Status]Routing Start.
2019-09-05_00:47:16.126[Status]{'coordinate': [1005.4302853661621, 270.0598694635571], 'id': 18}
2019-09-05_00:47:16.126[Status]Routing 103: Walk: 101
2019-09-05_00:47:16.252[Battery Energy]45.94
2019-09-05_00:47:16.254[Status]Routing Start.
2019-09-05_00:47:16.413[Status]{'coordinate': [1014.8503872014707, 266.70402658695866], 'id': 18}
2019-09-05_00:47:16.413[Status]Routing 104: Walk: 102
2019-09-05_00:47:16.516[Battery Energy]45.71
2019-09-05_00:47:16.516[Status]Routing Start.
2019-09-05_00:47:16.901[Status]{'coordinate': [1024.2704890367793, 263.3481837103602], 'id': 18}
2019-09-05_00:47:16.901[Status]Routing 105: Walk: 103
2019-09-05_00:47:17.003[Battery Energy]45.38
2019-09-05_00:47:17.003[Status]Routing Start.
2019-09-05_00:47:17.326[Status]{'coordinate': [1033.6905908720878, 259.9923408337618], 'id': 18}
2019-09-05_00:47:17.326[Status]Routing 106: Walk: 104
2019-09-05_00:47:17.426[Battery Energy]45.07
2019-09-05_00:47:17.426[Status]Routing Start.
2019-09-05_00:47:17.781[Status]{'coordinate': [1035.076739295786, 269.8958044979289], 'id': 18}
2019-09-05_00:47:17.781[Status]Routing 107: Walk: 105
2019-09-05_00:47:17.881[Battery Energy]44.70
2019-09-05_00:47:17.881[Status]Routing Start.
2019-09-05_00:47:18.041[Status]{'coordinate': [1044.089646958751, 265.5636577484677], 'id': 18}
2019-09-05_00:47:18.041[Status]Routing 108: Walk: 106
2019-09-05_00:47:18.142[Battery Energy]44.48
2019-09-05_00:47:18.142[Status]Routing Start.
2019-09-05_00:47:18.571[Status]{'coordinate': [1048.0033068086173, 274.76600889258], 'id': 18}
2019-09-05_00:47:18.571[Status]Routing 109: Walk: 107
2019-09-05_00:47:18.671[Battery Energy]44.05
2019-09-05_00:47:18.671[Status]Routing Start.
2019-09-05_00:47:18.936[Status]{'coordinate': [1056.435352575119, 269.39008067583256], 'id': 18}
2019-09-05_00:47:18.936[Status]Routing 110: Walk: 108
2019-09-05_00:47:19.036[Battery Energy]43.76
2019-09-05_00:47:19.036[Status]Routing Start.
2019-09-05_00:47:19.628[Status]{'coordinate': [1064.2263208110742, 275.6591168016128], 'id': 18}
2019-09-05_00:47:19.633[Status]Routing 111: Walk: 109
2019-09-05_00:47:19.734[Battery Energy]43.24
2019-09-05_00:47:19.734[Status]Routing Start.
2019-09-05_00:47:19.934[Status]{'coordinate': [1071.8681451033044, 269.20911513597906], 'id': 18}
2019-09-05_00:47:19.934[Status]Routing 112: Walk: 110
2019-09-05_00:47:20.034[Battery Energy]43.00
2019-09-05_00:47:20.034[Status]Routing Start.
2019-09-05_00:47:20.406[Status]{'coordinate': [1079.5099693955347, 262.7591134703453], 'id': 18}
2019-09-05_00:47:20.406[Status]Routing 113: Walk: 111
2019-09-05_00:47:20.508[Battery Energy]42.63
2019-09-05_00:47:20.508[Status]Routing Start.
2019-09-05_00:47:20.847[Status]{'coordinate': [1087.151793687765, 256.30911180471156], 'id': 18}
2019-09-05_00:47:20.850[Status]Routing 114: Walk: 112
2019-09-05_00:47:20.950[Battery Energy]42.33
2019-09-05_00:47:20.950[Status]Routing Start.
2019-09-05_00:47:21.290[Status]{'coordinate': [1094.7936179799954, 249.8591101390778], 'id': 18}
2019-09-05_00:47:21.295[Status]Routing 115: Walk: 113
2019-09-05_00:47:21.412[Battery Energy]42.05
2019-09-05_00:47:21.412[Status]Routing Start.
2019-09-05_00:47:21.787[Status]{'coordinate': [1102.4354422722256, 243.40910847344406], 'id': 18}
2019-09-05_00:47:21.787[Status]Routing 116: Walk: 114
2019-09-05_00:47:21.904[Battery Energy]41.68
2019-09-05_00:47:21.904[Status]Routing Start.
2019-09-05_00:47:22.039[Status]{'coordinate': [1110.077266564456, 236.95910680781034], 'id': 18}
2019-09-05_00:47:22.039[Status]Routing 117: Walk: 115
2019-09-05_00:47:22.139[Battery Energy]41.49
2019-09-05_00:47:22.139[Status]Routing Start.
2019-09-05_00:47:22.139[Status]Task Finished.
2019-09-05_00:47:22.239[Battery Energy]41.49
2019-09-05_00:47:22.480[Status]Routing 119: Walk: 115
2019-09-05_00:47:22.580[Battery Energy]41.32
2019-09-05_00:47:22.853[Status]Routing 120: Walk: 115
2019-09-05_00:47:22.960[Battery Energy]41.16
2019-09-05_00:47:23.353[Status]Routing 121: Walk: 115
2019-09-05_00:47:23.476[Battery Energy]40.97
2019-09-05_00:47:23.684[Status]Routing 122: Walk: 115
2019-09-05_00:47:23.785[Battery Energy]40.80
2019-09-05_00:47:24.207[Status]Routing 123: Walk: 115
2019-09-05_00:47:24.320[Battery Energy]40.44
2019-09-05_00:47:24.676[Status]Routing 124: Walk: 115
2019-09-05_00:47:24.778[Battery Energy]40.15
2019-09-05_00:47:24.923[Status]Routing 125: Walk: 115
2019-09-05_00:47:25.028[Battery Energy]40.04
2019-09-05_00:47:25.415[Status]Routing 126: Walk: 115
2019-09-05_00:47:25.515[Battery Energy]39.72
2019-09-05_00:47:25.894[Status]Routing 127: Walk: 115
2019-09-05_00:47:25.994[Battery Energy]39.38
2019-09-05_00:47:26.139[Status]Routing 128: Walk: 115
2019-09-05_00:47:26.247[Battery Energy]39.26
2019-09-05_00:47:26.598[Status]Routing 129: Walk: 115
2019-09-05_00:47:26.698[Battery Energy]38.92
2019-09-05_00:47:26.877[Status]Routing 130: Walk: 115
2019-09-05_00:47:26.979[Battery Energy]38.81
2019-09-05_00:47:27.387[Status]Routing 131: Walk: 115
2019-09-05_00:47:27.489[Battery Energy]38.44
2019-09-05_00:47:27.836[Status]Routing 132: Walk: 115
2019-09-05_00:47:27.936[Battery Energy]38.11
2019-09-05_00:47:28.223[Status]Routing 133: Walk: 115
2019-09-05_00:47:28.323[Battery Energy]37.81
2019-09-05_00:47:28.636[Status]Routing 134: Walk: 115
2019-09-05_00:47:28.737[Battery Energy]37.48
2019-09-05_00:47:28.923[Status]Routing 135: Walk: 115
2019-09-05_00:47:29.036[Battery Energy]37.36
2019-09-05_00:47:29.187[Status]Routing 136: Walk: 115
2019-09-05_00:47:29.287[Battery Energy]37.26
2019-09-05_00:47:29.484[Status]Routing 137: Walk: 115
2019-09-05_00:47:29.591[Battery Energy]37.15
2019-09-05_00:47:29.850[Status]Routing 138: Walk: 115
2019-09-05_00:47:29.950[Battery Energy]36.96
2019-09-05_00:47:30.286[Status]Routing 139: Walk: 115
2019-09-05_00:47:30.386[Battery Energy]36.74
2019-09-05_00:47:30.551[Status]Routing 140: Walk: 115
2019-09-05_00:47:30.652[Battery Energy]36.66
2019-09-05_00:47:31.019[Status]Routing 141: Walk: 115
2019-09-05_00:47:31.119[Battery Energy]36.42
2019-09-05_00:47:31.438[Status]Routing 142: Walk: 115
2019-09-05_00:47:31.553[Battery Energy]36.23
2019-09-05_00:47:31.861[Status]Routing 143: Walk: 115
2019-09-05_00:47:31.961[Battery Energy]36.05
2019-09-05_00:47:32.175[Status]Routing 144: Walk: 115
2019-09-05_00:47:32.279[Battery Energy]35.94
2019-09-05_00:47:32.436[Status]Routing 145: Walk: 115
2019-09-05_00:47:32.540[Battery Energy]35.82
2019-09-05_00:47:32.737[Status]Routing 146: Walk: 115
2019-09-05_00:47:32.837[Battery Energy]35.68
2019-09-05_00:47:33.053[Status]Routing 147: Walk: 115
2019-09-05_00:47:33.192[Battery Energy]35.54
2019-09-05_00:47:33.353[Status]Routing 148: Walk: 115
2019-09-05_00:47:33.456[Battery Energy]35.43
2019-09-05_00:47:33.676[Status]Routing 149: Walk: 115
2019-09-05_00:47:33.777[Battery Energy]35.27
2019-09-05_00:47:33.966[Status]Routing 150: Walk: 115
2019-09-05_00:47:34.084[Battery Energy]35.13
2019-09-05_00:47:34.230[Status]Routing 151: Walk: 115
2019-09-05_00:47:34.330[Battery Energy]35.01
2019-09-05_00:47:34.483[Status]Routing 152: Walk: 115
2019-09-05_00:47:34.592[Battery Energy]34.91
2019-09-05_00:47:34.873[Status]Routing 153: Walk: 115
2019-09-05_00:47:34.973[Battery Energy]34.70
2019-09-05_00:47:35.233[Status]Routing 154: Walk: 115
2019-09-05_00:47:35.344[Battery Energy]34.53
2019-09-05_00:47:35.481[Status]Routing 155: Walk: 115
2019-09-05_00:47:35.588[Battery Energy]34.43
2019-09-05_00:47:35.810[Status]Routing 156: Walk: 115
2019-09-05_00:47:35.910[Battery Energy]34.26
2019-09-05_00:47:36.096[Status]Routing 157: Walk: 115
2019-09-05_00:47:36.196[Battery Energy]34.13
2019-09-05_00:47:36.374[Status]Routing 158: Walk: 115
2019-09-05_00:47:36.476[Battery Energy]34.02
2019-09-05_00:47:36.841[Status]Routing 159: Walk: 115
2019-09-05_00:47:36.941[Battery Energy]33.79
2019-09-05_00:47:37.091[Status]Routing 160: Walk: 115
2019-09-05_00:47:37.204[Battery Energy]33.67
2019-09-05_00:47:37.444[Status]Routing 161: Walk: 115
2019-09-05_00:47:37.548[Battery Energy]33.53
2019-09-05_00:47:37.692[Status]Routing 162: Walk: 115
2019-09-05_00:47:37.812[Battery Energy]33.44
2019-09-05_00:47:38.004[Status]Routing 163: Walk: 115
2019-09-05_00:47:38.112[Battery Energy]33.33
2019-09-05_00:47:38.262[Status]Routing 164: Walk: 115
2019-09-05_00:47:38.362[Battery Energy]33.22
2019-09-05_00:47:38.594[Status]Routing 165: Walk: 115
2019-09-05_00:47:38.700[Battery Energy]33.11
2019-09-05_00:47:38.844[Status]Routing 166: Walk: 115
2019-09-05_00:47:38.948[Battery Energy]32.98
2019-09-05_00:47:39.113[Status]Routing 167: Walk: 115
2019-09-05_00:47:39.213[Battery Energy]32.86
2019-09-05_00:47:39.401[Status]Routing 168: Walk: 115
2019-09-05_00:47:39.508[Battery Energy]32.72
2019-09-05_00:47:39.725[Status]Routing 169: Walk: 115
2019-09-05_00:47:39.825[Battery Energy]32.54
2019-09-05_00:47:40.053[Status]Routing 170: Walk: 115
2019-09-05_00:47:40.164[Battery Energy]32.42
2019-09-05_00:47:40.349[Status]Routing 171: Walk: 115
2019-09-05_00:47:40.449[Battery Energy]32.32
2019-09-05_00:47:40.602[Status]Routing 172: Walk: 115
2019-09-05_00:47:40.712[Battery Energy]32.23
2019-09-05_00:47:40.898[Status]Routing 173: Walk: 115
2019-09-05_00:47:40.999[Battery Energy]32.11
2019-09-05_00:47:41.220[Status]Routing 174: Walk: 115
2019-09-05_00:47:41.320[Battery Energy]31.96
2019-09-05_00:47:41.476[Status]Routing 175: Walk: 115
2019-09-05_00:47:41.587[Battery Energy]31.86
2019-09-05_00:47:41.761[Status]Routing 176: Walk: 115
2019-09-05_00:47:41.876[Battery Energy]31.75
2019-09-05_00:47:42.007[Status]Routing 177: Walk: 115
2019-09-05_00:47:42.109[Battery Energy]31.64
