2019-09-05_00:57:18.286[Status]Start.
2019-09-05_00:57:18.286[Battery Energy]74.00
2019-09-05_00:57:19.387[Battery Energy]73.96
2019-09-05_00:57:20.488[Battery Energy]73.92
2019-09-05_00:57:21.590[Battery Energy]73.88
2019-09-05_00:57:22.691[Battery Energy]73.84
2019-09-05_00:57:23.794[Task]A New Task Released.
2019-09-05_00:57:23.794[Battery Energy]73.80
2019-09-05_00:57:23.794[Status]Selection Start.
2019-09-05_00:57:24.328[Status]Selection End: Do Task 2.
2019-09-05_00:57:24.432[Battery Energy]73.47
2019-09-05_00:57:24.433[Status]Formation Start.
2019-09-05_00:57:24.650[Status]Formation End: To Position 6.
2019-09-05_00:57:24.751[Battery Energy]73.31
2019-09-05_00:57:24.751[Status]Routing Start.
2019-09-05_00:57:25.089[Status]{'id': 18, 'coordinate': [63.088169157378665, 604.8280482544891]}
2019-09-05_00:57:25.089[Status]Routing 1: Walk: 1
2019-09-05_00:57:25.189[Battery Energy]73.01
2019-09-05_00:57:25.189[Status]Routing Start.
2019-09-05_00:57:25.456[Status]{'id': 18, 'coordinate': [72.17633831475733, 600.6560965089782]}
2019-09-05_00:57:25.456[Status]Routing 2: Walk: 2
2019-09-05_00:57:25.556[Battery Energy]72.72
2019-09-05_00:57:25.556[Status]Routing Start.
2019-09-05_00:57:25.734[Status]{'id': 18, 'coordinate': [81.26450747213599, 596.4841447634673]}
2019-09-05_00:57:25.734[Status]Routing 3: Walk: 3
2019-09-05_00:57:25.844[Battery Energy]72.51
2019-09-05_00:57:25.844[Status]Routing Start.
2019-09-05_00:57:25.998[Status]{'id': 18, 'coordinate': [90.35267662951465, 592.3121930179564]}
2019-09-05_00:57:25.998[Status]Routing 4: Walk: 4
2019-09-05_00:57:26.108[Battery Energy]72.32
2019-09-05_00:57:26.108[Status]Routing Start.
2019-09-05_00:57:26.313[Status]{'id': 18, 'coordinate': [99.4408457868933, 588.1402412724455]}
2019-09-05_00:57:26.314[Status]Routing 5: Walk: 5
2019-09-05_00:57:26.428[Battery Energy]72.12
2019-09-05_00:57:26.428[Status]Routing Start.
2019-09-05_00:57:26.905[Status]{'id': 18, 'coordinate': [108.52901494427196, 583.9682895269345]}
2019-09-05_00:57:26.906[Status]Routing 6: Walk: 6
2019-09-05_00:57:27.007[Battery Energy]71.72
2019-09-05_00:57:27.007[Status]Routing Start.
2019-09-05_00:57:27.356[Status]{'id': 18, 'coordinate': [117.61718410165062, 579.7963377814236]}
2019-09-05_00:57:27.356[Status]Routing 7: Walk: 7
2019-09-05_00:57:27.456[Battery Energy]71.42
2019-09-05_00:57:27.456[Status]Routing Start.
2019-09-05_00:57:27.840[Status]{'id': 18, 'coordinate': [126.70535325902928, 575.6243860359127]}
2019-09-05_00:57:27.840[Status]Routing 8: Walk: 8
2019-09-05_00:57:27.940[Battery Energy]71.07
2019-09-05_00:57:27.940[Status]Routing Start.
2019-09-05_00:57:28.287[Status]{'id': 18, 'coordinate': [135.79352241640794, 571.4524342904018]}
2019-09-05_00:57:28.289[Status]Routing 9: Walk: 9
2019-09-05_00:57:28.396[Battery Energy]70.77
2019-09-05_00:57:28.396[Status]Routing Start.
2019-09-05_00:57:28.733[Status]{'id': 18, 'coordinate': [144.8816915737866, 567.2804825448909]}
2019-09-05_00:57:28.734[Status]Routing 10: Walk: 10
2019-09-05_00:57:28.834[Battery Energy]70.50
2019-09-05_00:57:28.834[Status]Routing Start.
2019-09-05_00:57:29.182[Status]{'id': 18, 'coordinate': [153.96986073116528, 563.10853079938]}
2019-09-05_00:57:29.182[Status]Routing 11: Walk: 11
2019-09-05_00:57:29.282[Battery Energy]70.16
2019-09-05_00:57:29.282[Status]Routing Start.
2019-09-05_00:57:29.776[Status]Routing 12: Walk: 11
2019-09-05_00:57:29.879[Battery Energy]69.71
2019-09-05_00:57:29.879[Status]Routing Start.
2019-09-05_00:57:30.255[Status]Routing 13: Walk: 11
2019-09-05_00:57:30.356[Battery Energy]69.38
2019-09-05_00:57:30.356[Status]Routing Start.
2019-09-05_00:57:30.584[Status]{'id': 18, 'coordinate': [163.05802988854396, 558.9365790538691]}
2019-09-05_00:57:30.584[Status]Routing 14: Walk: 12
2019-09-05_00:57:30.692[Battery Energy]69.13
2019-09-05_00:57:30.692[Status]Routing Start.
2019-09-05_00:57:31.084[Status]{'id': 18, 'coordinate': [172.14619904592263, 554.7646273083582]}
2019-09-05_00:57:31.094[Status]Routing 15: Walk: 13
2019-09-05_00:57:31.200[Battery Energy]68.79
2019-09-05_00:57:31.200[Status]Routing Start.
2019-09-05_00:57:31.544[Status]{'id': 18, 'coordinate': [181.2343682033013, 550.5926755628473]}
2019-09-05_00:57:31.545[Status]Routing 16: Walk: 14
2019-09-05_00:57:31.645[Battery Energy]68.49
2019-09-05_00:57:31.645[Status]Routing Start.
2019-09-05_00:57:31.951[Status]{'id': 18, 'coordinate': [190.32253736067997, 546.4207238173364]}
2019-09-05_00:57:31.951[Status]Routing 17: Walk: 15
2019-09-05_00:57:32.051[Battery Energy]68.16
2019-09-05_00:57:32.052[Status]Routing Start.
2019-09-05_00:57:32.459[Status]{'id': 18, 'coordinate': [199.41070651805865, 542.2487720718254]}
2019-09-05_00:57:32.459[Status]Routing 18: Walk: 16
2019-09-05_00:57:32.568[Battery Energy]67.80
2019-09-05_00:57:32.568[Status]Routing Start.
2019-09-05_00:57:32.913[Status]{'id': 18, 'coordinate': [208.49887567543732, 538.0768203263145]}
2019-09-05_00:57:32.914[Status]Routing 19: Walk: 17
2019-09-05_00:57:33.020[Battery Energy]67.56
2019-09-05_00:57:33.020[Status]Routing Start.
2019-09-05_00:57:33.348[Status]{'id': 18, 'coordinate': [217.587044832816, 533.9048685808036]}
2019-09-05_00:57:33.348[Status]Routing 20: Walk: 18
2019-09-05_00:57:33.464[Battery Energy]67.26
2019-09-05_00:57:33.464[Status]Routing Start.
2019-09-05_00:57:33.790[Status]{'id': 18, 'coordinate': [226.67521399019466, 529.7329168352927]}
2019-09-05_00:57:33.790[Status]Routing 21: Walk: 19
2019-09-05_00:57:33.896[Battery Energy]66.93
2019-09-05_00:57:33.896[Status]Routing Start.
2019-09-05_00:57:34.259[Status]{'id': 18, 'coordinate': [235.76338314757334, 525.5609650897818]}
2019-09-05_00:57:34.259[Status]Routing 22: Walk: 20
2019-09-05_00:57:34.359[Battery Energy]66.58
2019-09-05_00:57:34.359[Status]Routing Start.
2019-09-05_00:57:34.730[Status]{'id': 18, 'coordinate': [244.851552304952, 521.3890133442709]}
2019-09-05_00:57:34.730[Status]Routing 23: Walk: 21
2019-09-05_00:57:34.836[Battery Energy]66.30
2019-09-05_00:57:34.836[Status]Routing Start.
2019-09-05_00:57:35.219[Status]{'id': 18, 'coordinate': [253.93972146233068, 517.21706159876]}
2019-09-05_00:57:35.219[Status]Routing 24: Walk: 22
2019-09-05_00:57:35.332[Battery Energy]65.99
2019-09-05_00:57:35.332[Status]Routing Start.
2019-09-05_00:57:35.760[Status]{'id': 18, 'coordinate': [263.02789061970935, 513.0451098532491]}
2019-09-05_00:57:35.760[Status]Routing 25: Walk: 23
2019-09-05_00:57:35.868[Battery Energy]65.69
2019-09-05_00:57:35.868[Status]Routing Start.
2019-09-05_00:57:36.167[Status]{'id': 18, 'coordinate': [272.116059777088, 508.8731581077382]}
2019-09-05_00:57:36.167[Status]Routing 26: Walk: 24
2019-09-05_00:57:36.267[Battery Energy]65.41
2019-09-05_00:57:36.267[Status]Routing Start.
2019-09-05_00:57:36.672[Status]{'id': 18, 'coordinate': [281.2042289344667, 504.70120636222737]}
2019-09-05_00:57:36.673[Status]Routing 27: Walk: 25
2019-09-05_00:57:36.780[Battery Energy]65.09
2019-09-05_00:57:36.780[Status]Routing Start.
2019-09-05_00:57:37.150[Status]{'id': 18, 'coordinate': [290.29239809184537, 500.5292546167165]}
2019-09-05_00:57:37.150[Status]Routing 28: Walk: 26
2019-09-05_00:57:37.252[Battery Energy]64.78
2019-09-05_00:57:37.252[Status]Routing Start.
2019-09-05_00:57:37.639[Status]{'id': 18, 'coordinate': [299.38056724922404, 496.35730287120566]}
2019-09-05_00:57:37.639[Status]Routing 29: Walk: 27
2019-09-05_00:57:37.742[Battery Energy]64.46
2019-09-05_00:57:37.742[Status]Routing Start.
2019-09-05_00:57:38.115[Status]{'id': 18, 'coordinate': [308.4687364066027, 492.1853511256948]}
2019-09-05_00:57:38.117[Status]Routing 30: Walk: 28
2019-09-05_00:57:38.217[Battery Energy]64.11
2019-09-05_00:57:38.217[Status]Routing Start.
2019-09-05_00:57:38.575[Status]{'id': 18, 'coordinate': [317.5569055639814, 488.01339938018396]}
2019-09-05_00:57:38.575[Status]Routing 31: Walk: 29
2019-09-05_00:57:38.691[Battery Energy]63.76
2019-09-05_00:57:38.691[Status]Routing Start.
2019-09-05_00:57:39.009[Status]{'id': 18, 'coordinate': [326.64507472136006, 483.8414476346731]}
2019-09-05_00:57:39.009[Status]Routing 32: Walk: 30
2019-09-05_00:57:39.120[Battery Energy]63.46
2019-09-05_00:57:39.120[Status]Routing Start.
2019-09-05_00:57:39.286[Status]{'id': 18, 'coordinate': [335.73324387873873, 479.66949588916225]}
2019-09-05_00:57:39.286[Status]Routing 33: Walk: 31
2019-09-05_00:57:39.400[Battery Energy]63.21
2019-09-05_00:57:39.400[Status]Routing Start.
2019-09-05_00:57:39.643[Status]{'id': 18, 'coordinate': [344.8214130361174, 475.4975441436514]}
2019-09-05_00:57:39.643[Status]Routing 34: Walk: 32
2019-09-05_00:57:39.760[Battery Energy]62.97
2019-09-05_00:57:39.760[Status]Routing Start.
2019-09-05_00:57:39.911[Status]{'id': 18, 'coordinate': [353.9095821934961, 471.32559239814054]}
2019-09-05_00:57:39.911[Status]Routing 35: Walk: 33
2019-09-05_00:57:40.028[Battery Energy]62.76
2019-09-05_00:57:40.028[Status]Routing Start.
2019-09-05_00:57:40.190[Status]{'id': 18, 'coordinate': [362.99775135087475, 467.1536406526297]}
2019-09-05_00:57:40.190[Status]Routing 36: Walk: 34
2019-09-05_00:57:40.305[Battery Energy]62.55
2019-09-05_00:57:40.305[Status]Routing Start.
2019-09-05_00:57:40.502[Status]{'id': 18, 'coordinate': [372.0859205082534, 462.98168890711884]}
2019-09-05_00:57:40.502[Status]Routing 37: Walk: 35
2019-09-05_00:57:40.602[Battery Energy]62.30
2019-09-05_00:57:40.602[Status]Routing Start.
2019-09-05_00:57:40.757[Status]{'id': 18, 'coordinate': [381.1740896656321, 458.809737161608]}
2019-09-05_00:57:40.758[Status]Routing 38: Walk: 36
2019-09-05_00:57:40.868[Battery Energy]62.08
2019-09-05_00:57:40.868[Status]Routing Start.
2019-09-05_00:57:41.023[Status]{'id': 18, 'coordinate': [390.26225882301077, 454.63778541609713]}
2019-09-05_00:57:41.023[Status]Routing 39: Walk: 37
2019-09-05_00:57:41.123[Battery Energy]61.88
2019-09-05_00:57:41.123[Status]Routing Start.
2019-09-05_00:57:41.545[Status]{'id': 18, 'coordinate': [399.35042798038944, 450.4658336705863]}
2019-09-05_00:57:41.545[Status]Routing 40: Walk: 38
2019-09-05_00:57:41.652[Battery Energy]61.59
2019-09-05_00:57:41.652[Status]Routing Start.
2019-09-05_00:57:41.989[Status]{'id': 18, 'coordinate': [408.4385971377681, 446.2938819250754]}
2019-09-05_00:57:41.989[Status]Routing 41: Walk: 39
2019-09-05_00:57:42.092[Battery Energy]61.27
2019-09-05_00:57:42.092[Status]Routing Start.
2019-09-05_00:57:42.508[Status]{'id': 18, 'coordinate': [417.5267662951468, 442.1219301795646]}
2019-09-05_00:57:42.508[Status]Routing 42: Walk: 40
2019-09-05_00:57:42.612[Battery Energy]60.95
2019-09-05_00:57:42.612[Status]Routing Start.
2019-09-05_00:57:43.035[Status]{'id': 18, 'coordinate': [426.61493545252546, 437.9499784340537]}
2019-09-05_00:57:43.035[Status]Routing 43: Walk: 41
2019-09-05_00:57:43.136[Battery Energy]60.61
2019-09-05_00:57:43.136[Status]Routing Start.
2019-09-05_00:57:43.434[Status]{'id': 18, 'coordinate': [435.70310460990413, 433.77802668854287]}
2019-09-05_00:57:43.434[Status]Routing 44: Walk: 42
2019-09-05_00:57:43.534[Battery Energy]60.30
2019-09-05_00:57:43.535[Status]Routing Start.
2019-09-05_00:57:43.890[Status]{'id': 18, 'coordinate': [444.7912737672828, 429.606074943032]}
2019-09-05_00:57:43.890[Status]Routing 45: Walk: 43
2019-09-05_00:57:43.991[Battery Energy]59.98
2019-09-05_00:57:43.991[Status]Routing Start.
2019-09-05_00:57:44.348[Status]{'id': 18, 'coordinate': [453.8794429246615, 425.43412319752116]}
2019-09-05_00:57:44.348[Status]Routing 46: Walk: 44
2019-09-05_00:57:44.452[Battery Energy]59.66
2019-09-05_00:57:44.452[Status]Routing Start.
2019-09-05_00:57:44.779[Status]{'id': 18, 'coordinate': [462.96761208204015, 421.2621714520103]}
2019-09-05_00:57:44.779[Status]Routing 47: Walk: 45
2019-09-05_00:57:44.888[Battery Energy]59.39
2019-09-05_00:57:44.888[Status]Routing Start.
2019-09-05_00:57:45.321[Status]{'id': 18, 'coordinate': [472.0557812394188, 417.09021970649945]}
2019-09-05_00:57:45.323[Status]Routing 48: Walk: 46
2019-09-05_00:57:45.432[Battery Energy]58.98
2019-09-05_00:57:45.432[Status]Routing Start.
2019-09-05_00:57:45.736[Status]{'id': 18, 'coordinate': [481.1439503967975, 412.9182679609886]}
2019-09-05_00:57:45.736[Status]Routing 49: Walk: 47
2019-09-05_00:57:45.836[Battery Energy]58.71
2019-09-05_00:57:45.836[Status]Routing Start.
2019-09-05_00:57:46.162[Status]{'id': 18, 'coordinate': [490.23211955417617, 408.74631621547775]}
2019-09-05_00:57:46.162[Status]Routing 50: Walk: 48
2019-09-05_00:57:46.262[Battery Energy]58.45
2019-09-05_00:57:46.262[Status]Routing Start.
2019-09-05_00:57:46.487[Status]{'id': 18, 'coordinate': [499.32028871155484, 404.5743644699669]}
2019-09-05_00:57:46.487[Status]Routing 51: Walk: 49
2019-09-05_00:57:46.594[Battery Energy]58.20
2019-09-05_00:57:46.595[Status]Routing Start.
2019-09-05_00:57:46.749[Status]{'id': 18, 'coordinate': [508.4084578689335, 400.40241272445604]}
2019-09-05_00:57:46.749[Status]Routing 52: Walk: 50
2019-09-05_00:57:46.849[Battery Energy]58.00
2019-09-05_00:57:46.849[Status]Routing Start.
2019-09-05_00:57:47.018[Status]{'id': 18, 'coordinate': [517.4966270263121, 396.2304609789452]}
2019-09-05_00:57:47.018[Status]Routing 53: Walk: 51
2019-09-05_00:57:47.118[Battery Energy]57.77
2019-09-05_00:57:47.118[Status]Routing Start.
2019-09-05_00:57:47.392[Status]{'id': 18, 'coordinate': [526.5847961836907, 392.05850923343434]}
2019-09-05_00:57:47.392[Status]Routing 54: Walk: 52
2019-09-05_00:57:47.492[Battery Energy]57.48
2019-09-05_00:57:47.492[Status]Routing Start.
2019-09-05_00:57:47.699[Status]{'id': 18, 'coordinate': [535.6729653410694, 387.8865574879235]}
2019-09-05_00:57:47.699[Status]Routing 55: Walk: 53
2019-09-05_00:57:47.803[Battery Energy]57.22
2019-09-05_00:57:47.804[Status]Routing Start.
2019-09-05_00:57:47.996[Status]{'id': 18, 'coordinate': [544.761134498448, 383.71460574241263]}
2019-09-05_00:57:47.996[Status]Routing 56: Walk: 54
2019-09-05_00:57:48.103[Battery Energy]56.98
2019-09-05_00:57:48.103[Status]Routing Start.
2019-09-05_00:57:48.275[Status]{'id': 18, 'coordinate': [553.8493036558266, 379.5426539969018]}
2019-09-05_00:57:48.275[Status]Routing 57: Walk: 55
2019-09-05_00:57:48.375[Battery Energy]56.79
2019-09-05_00:57:48.375[Status]Routing Start.
2019-09-05_00:57:48.611[Status]{'id': 18, 'coordinate': [562.9374728132052, 375.3707022513909]}
2019-09-05_00:57:48.611[Status]Routing 58: Walk: 56
2019-09-05_00:57:48.720[Battery Energy]56.57
2019-09-05_00:57:48.720[Status]Routing Start.
2019-09-05_00:57:48.937[Status]{'id': 18, 'coordinate': [572.0256419705838, 371.19875050588007]}
2019-09-05_00:57:48.937[Status]Routing 59: Walk: 57
2019-09-05_00:57:49.059[Battery Energy]56.34
2019-09-05_00:57:49.059[Status]Routing Start.
2019-09-05_00:57:49.306[Status]{'id': 18, 'coordinate': [581.1138111279624, 367.0267987603692]}
2019-09-05_00:57:49.314[Status]Routing 60: Walk: 58
2019-09-05_00:57:49.416[Battery Energy]56.13
2019-09-05_00:57:49.416[Status]Routing Start.
2019-09-05_00:57:49.625[Status]{'id': 18, 'coordinate': [590.201980285341, 362.85484701485836]}
2019-09-05_00:57:49.626[Status]Routing 61: Walk: 59
2019-09-05_00:57:49.728[Battery Energy]55.91
2019-09-05_00:57:49.728[Status]Routing Start.
2019-09-05_00:57:49.945[Status]{'id': 18, 'coordinate': [599.2901494427197, 358.6828952693475]}
2019-09-05_00:57:49.945[Status]Routing 62: Walk: 60
2019-09-05_00:57:50.056[Battery Energy]55.65
2019-09-05_00:57:50.056[Status]Routing Start.
2019-09-05_00:57:50.209[Status]{'id': 18, 'coordinate': [608.3783186000983, 354.51094352383666]}
2019-09-05_00:57:50.209[Status]Routing 63: Walk: 61
2019-09-05_00:57:50.324[Battery Energy]55.44
2019-09-05_00:57:50.324[Status]Routing Start.
2019-09-05_00:57:50.506[Status]{'id': 18, 'coordinate': [617.4664877574769, 350.3389917783258]}
2019-09-05_00:57:50.506[Status]Routing 64: Walk: 62
2019-09-05_00:57:50.616[Battery Energy]55.25
2019-09-05_00:57:50.616[Status]Routing Start.
2019-09-05_00:57:50.787[Status]{'id': 18, 'coordinate': [626.5546569148555, 346.16704003281495]}
2019-09-05_00:57:50.787[Status]Routing 65: Walk: 63
2019-09-05_00:57:50.892[Battery Energy]55.05
2019-09-05_00:57:50.892[Status]Routing Start.
2019-09-05_00:57:51.092[Status]{'id': 18, 'coordinate': [635.6428260722341, 341.9950882873041]}
2019-09-05_00:57:51.092[Status]Routing 66: Walk: 64
2019-09-05_00:57:51.200[Battery Energy]54.82
2019-09-05_00:57:51.200[Status]Routing Start.
2019-09-05_00:57:51.405[Status]{'id': 18, 'coordinate': [644.7309952296127, 337.82313654179325]}
2019-09-05_00:57:51.405[Status]Routing 67: Walk: 65
2019-09-05_00:57:51.505[Battery Energy]54.54
2019-09-05_00:57:51.505[Status]Routing Start.
2019-09-05_00:57:51.801[Status]{'id': 18, 'coordinate': [653.8191643869914, 333.6511847962824]}
2019-09-05_00:57:51.801[Status]Routing 68: Walk: 66
2019-09-05_00:57:51.901[Battery Energy]54.29
2019-09-05_00:57:51.901[Status]Routing Start.
2019-09-05_00:57:52.088[Status]{'id': 18, 'coordinate': [662.90733354437, 329.47923305077154]}
2019-09-05_00:57:52.089[Status]Routing 69: Walk: 67
2019-09-05_00:57:52.192[Battery Energy]54.06
2019-09-05_00:57:52.192[Status]Routing Start.
2019-09-05_00:57:52.565[Status]{'id': 18, 'coordinate': [671.9955027017486, 325.3072813052607]}
2019-09-05_00:57:52.565[Status]Routing 70: Walk: 68
2019-09-05_00:57:52.666[Battery Energy]53.76
2019-09-05_00:57:52.666[Status]Routing Start.
2019-09-05_00:57:52.827[Status]{'id': 18, 'coordinate': [681.0836718591272, 321.13532955974983]}
2019-09-05_00:57:52.827[Status]Routing 71: Walk: 69
2019-09-05_00:57:52.927[Battery Energy]53.59
2019-09-05_00:57:52.927[Status]Routing Start.
2019-09-05_00:57:53.414[Status]{'id': 18, 'coordinate': [690.1718410165058, 316.963377814239]}
2019-09-05_00:57:53.414[Status]Routing 72: Walk: 70
2019-09-05_00:57:53.514[Battery Energy]53.26
2019-09-05_00:57:53.514[Status]Routing Start.
2019-09-05_00:57:53.703[Status]{'id': 18, 'coordinate': [699.2600101738844, 312.79142606872813]}
2019-09-05_00:57:53.703[Status]Routing 73: Walk: 71
2019-09-05_00:57:53.803[Battery Energy]53.03
2019-09-05_00:57:53.804[Status]Routing Start.
2019-09-05_00:57:54.213[Status]{'id': 18, 'coordinate': [708.348179331263, 308.6194743232173]}
2019-09-05_00:57:54.213[Status]Routing 74: Walk: 72
2019-09-05_00:57:54.313[Battery Energy]52.73
2019-09-05_00:57:54.313[Status]Routing Start.
2019-09-05_00:57:54.490[Status]{'id': 18, 'coordinate': [717.4363484886417, 304.4475225777064]}
2019-09-05_00:57:54.490[Status]Routing 75: Walk: 73
2019-09-05_00:57:54.620[Battery Energy]52.52
2019-09-05_00:57:54.620[Status]Routing Start.
2019-09-05_00:57:54.812[Status]{'id': 18, 'coordinate': [726.5245176460203, 300.27557083219557]}
2019-09-05_00:57:54.812[Status]Routing 76: Walk: 74
2019-09-05_00:57:54.928[Battery Energy]52.30
2019-09-05_00:57:54.928[Status]Routing Start.
2019-09-05_00:57:55.196[Status]{'id': 18, 'coordinate': [735.6126868033989, 296.1036190866847]}
2019-09-05_00:57:55.196[Status]Routing 77: Walk: 75
2019-09-05_00:57:55.296[Battery Energy]52.03
2019-09-05_00:57:55.296[Status]Routing Start.
2019-09-05_00:57:55.444[Status]{'id': 18, 'coordinate': [744.7008559607775, 291.93166734117386]}
2019-09-05_00:57:55.446[Status]Routing 78: Walk: 76
2019-09-05_00:57:55.546[Battery Energy]51.83
2019-09-05_00:57:55.546[Status]Routing Start.
2019-09-05_00:57:55.765[Status]{'id': 18, 'coordinate': [753.7890251181561, 287.759715595663]}
2019-09-05_00:57:55.765[Status]Routing 79: Walk: 77
2019-09-05_00:57:55.876[Battery Energy]51.58
2019-09-05_00:57:55.876[Status]Routing Start.
2019-09-05_00:57:56.050[Status]{'id': 18, 'coordinate': [762.8771942755347, 283.58776385015216]}
2019-09-05_00:57:56.053[Status]Routing 80: Walk: 78
2019-09-05_00:57:56.160[Battery Energy]51.37
2019-09-05_00:57:56.160[Status]Routing Start.
2019-09-05_00:57:56.381[Status]{'id': 18, 'coordinate': [771.9653634329134, 279.4158121046413]}
2019-09-05_00:57:56.381[Status]Routing 81: Walk: 79
2019-09-05_00:57:56.496[Battery Energy]51.12
2019-09-05_00:57:56.496[Status]Routing Start.
2019-09-05_00:57:56.797[Status]{'id': 18, 'coordinate': [781.053532590292, 275.24386035913045]}
2019-09-05_00:57:56.797[Status]Routing 82: Walk: 80
2019-09-05_00:57:56.900[Battery Energy]50.83
2019-09-05_00:57:56.900[Status]Routing Start.
2019-09-05_00:57:57.158[Status]{'id': 18, 'coordinate': [790.1417017476706, 271.0719086136196]}
2019-09-05_00:57:57.158[Status]Routing 83: Walk: 81
2019-09-05_00:57:57.284[Battery Energy]50.59
2019-09-05_00:57:57.285[Status]Routing Start.
2019-09-05_00:57:57.424[Status]{'id': 18, 'coordinate': [799.2298709050492, 266.89995686810875]}
2019-09-05_00:57:57.424[Status]Routing 84: Walk: 82
2019-09-05_00:57:57.532[Battery Energy]50.40
2019-09-05_00:57:57.532[Status]Routing Start.
2019-09-05_00:57:57.739[Status]{'id': 18, 'coordinate': [808.3180400624278, 262.7280051225979]}
2019-09-05_00:57:57.739[Status]Routing 85: Walk: 83
2019-09-05_00:57:57.848[Battery Energy]50.17
2019-09-05_00:57:57.848[Status]Routing Start.
2019-09-05_00:57:57.992[Status]{'id': 18, 'coordinate': [817.4062092198064, 258.55605337708704]}
2019-09-05_00:57:57.992[Status]Routing 86: Walk: 84
2019-09-05_00:57:58.092[Battery Energy]49.96
2019-09-05_00:57:58.092[Status]Routing Start.
2019-09-05_00:57:58.255[Status]{'id': 18, 'coordinate': [826.4943783771851, 254.3841016315762]}
2019-09-05_00:57:58.255[Status]Routing 87: Walk: 85
2019-09-05_00:57:58.364[Battery Energy]49.74
2019-09-05_00:57:58.364[Status]Routing Start.
2019-09-05_00:57:58.535[Status]{'id': 18, 'coordinate': [835.5825475345637, 250.21214988606533]}
2019-09-05_00:57:58.535[Status]Routing 88: Walk: 86
2019-09-05_00:57:58.639[Battery Energy]49.54
2019-09-05_00:57:58.639[Status]Routing Start.
2019-09-05_00:57:58.823[Status]{'id': 18, 'coordinate': [844.6707166919423, 246.04019814055448]}
2019-09-05_00:57:58.823[Status]Routing 89: Walk: 87
2019-09-05_00:57:58.932[Battery Energy]49.33
2019-09-05_00:57:58.932[Status]Routing Start.
2019-09-05_00:57:59.078[Status]{'id': 18, 'coordinate': [853.7588858493209, 241.86824639504363]}
2019-09-05_00:57:59.078[Status]Routing 90: Walk: 88
2019-09-05_00:57:59.178[Battery Energy]49.14
2019-09-05_00:57:59.178[Status]Routing Start.
2019-09-05_00:57:59.350[Status]{'id': 18, 'coordinate': [862.8470550066995, 237.69629464953277]}
2019-09-05_00:57:59.350[Status]Routing 91: Walk: 89
2019-09-05_00:57:59.460[Battery Energy]48.90
2019-09-05_00:57:59.460[Status]Routing Start.
2019-09-05_00:57:59.611[Status]{'id': 18, 'coordinate': [871.9352241640781, 233.52434290402192]}
2019-09-05_00:57:59.611[Status]Routing 92: Walk: 90
2019-09-05_00:57:59.711[Battery Energy]48.68
2019-09-05_00:57:59.711[Status]Routing Start.
2019-09-05_00:58:00.081[Status]{'id': 18, 'coordinate': [881.0233933214568, 229.35239115851107]}
2019-09-05_00:58:00.083[Status]Routing 93: Walk: 91
2019-09-05_00:58:00.192[Battery Energy]48.37
2019-09-05_00:58:00.192[Status]Routing Start.
2019-09-05_00:58:00.395[Status]{'id': 18, 'coordinate': [890.1115624788354, 225.18043941300022]}
2019-09-05_00:58:00.395[Status]Routing 94: Walk: 92
2019-09-05_00:58:00.495[Battery Energy]48.13
2019-09-05_00:58:00.495[Status]Routing Start.
2019-09-05_00:58:00.693[Status]{'id': 18, 'coordinate': [899.199731636214, 221.00848766748936]}
2019-09-05_00:58:00.693[Status]Routing 95: Walk: 93
2019-09-05_00:58:00.793[Battery Energy]47.88
2019-09-05_00:58:00.793[Status]Routing Start.
2019-09-05_00:58:01.051[Status]{'id': 18, 'coordinate': [908.2879007935927, 216.8365359219785]}
2019-09-05_00:58:01.051[Status]Routing 96: Walk: 94
2019-09-05_00:58:01.151[Battery Energy]47.61
2019-09-05_00:58:01.152[Status]Routing Start.
2019-09-05_00:58:01.409[Status]{'id': 18, 'coordinate': [917.3760699509714, 212.66458417646766]}
2019-09-05_00:58:01.409[Status]Routing 97: Walk: 95
2019-09-05_00:58:01.520[Battery Energy]47.37
2019-09-05_00:58:01.520[Status]Routing Start.
2019-09-05_00:58:01.717[Status]{'id': 18, 'coordinate': [926.4642391083501, 208.4926324309568]}
2019-09-05_00:58:01.717[Status]Routing 98: Walk: 96
2019-09-05_00:58:01.817[Battery Energy]47.13
2019-09-05_00:58:01.817[Status]Routing Start.
2019-09-05_00:58:02.122[Status]{'id': 18, 'coordinate': [935.5524082657288, 204.32068068544595]}
2019-09-05_00:58:02.122[Status]Routing 99: Walk: 97
2019-09-05_00:58:02.223[Battery Energy]46.82
2019-09-05_00:58:02.223[Status]Routing Start.
2019-09-05_00:58:02.484[Status]{'id': 18, 'coordinate': [944.6405774231075, 200.1487289399351]}
2019-09-05_00:58:02.484[Status]Routing 100: Walk: 98
2019-09-05_00:58:02.584[Battery Energy]46.59
2019-09-05_00:58:02.584[Status]Routing Start.
2019-09-05_00:58:02.781[Status]{'id': 18, 'coordinate': [953.7287465804861, 195.97677719442424]}
2019-09-05_00:58:02.781[Status]Routing 101: Walk: 99
2019-09-05_00:58:02.884[Battery Energy]46.33
2019-09-05_00:58:02.884[Status]Routing Start.
2019-09-05_00:58:03.155[Status]{'id': 18, 'coordinate': [962.8169157378647, 191.8048254489134]}
2019-09-05_00:58:03.158[Status]Routing 102: Walk: 100
2019-09-05_00:58:03.258[Battery Energy]46.04
2019-09-05_00:58:03.258[Status]Routing Start.
2019-09-05_00:58:03.451[Status]{'id': 18, 'coordinate': [971.9050848952435, 187.63287370340254]}
2019-09-05_00:58:03.451[Status]Routing 103: Walk: 101
2019-09-05_00:58:03.580[Battery Energy]45.82
2019-09-05_00:58:03.580[Status]Routing Start.
2019-09-05_00:58:03.782[Status]{'id': 18, 'coordinate': [980.9932540526222, 183.46092195789168]}
2019-09-05_00:58:03.782[Status]Routing 104: Walk: 102
2019-09-05_00:58:03.884[Battery Energy]45.56
2019-09-05_00:58:03.884[Status]Routing Start.
2019-09-05_00:58:04.131[Status]{'id': 18, 'coordinate': [990.0814232100008, 179.28897021238083]}
2019-09-05_00:58:04.132[Status]Routing 105: Walk: 103
2019-09-05_00:58:04.248[Battery Energy]45.24
2019-09-05_00:58:04.248[Status]Routing Start.
2019-09-05_00:58:04.485[Status]{'id': 18, 'coordinate': [999.1695923673796, 175.11701846686998]}
2019-09-05_00:58:04.485[Status]Routing 106: Walk: 104
2019-09-05_00:58:04.591[Battery Energy]44.95
2019-09-05_00:58:04.591[Status]Routing Start.
2019-09-05_00:58:04.799[Status]{'id': 18, 'coordinate': [1008.2577615247583, 170.94506672135913]}
2019-09-05_00:58:04.799[Status]Routing 107: Walk: 105
2019-09-05_00:58:04.904[Battery Energy]44.75
2019-09-05_00:58:04.904[Status]Routing Start.
2019-09-05_00:58:05.316[Status]{'id': 18, 'coordinate': [1016.4740155669576, 176.64534474212644]}
2019-09-05_00:58:05.316[Status]Routing 108: Walk: 106
2019-09-05_00:58:05.416[Battery Energy]44.36
2019-09-05_00:58:05.417[Status]Routing Start.
2019-09-05_00:58:05.622[Status]{'id': 18, 'coordinate': [1025.2296566917591, 171.81432533689886]}
2019-09-05_00:58:05.622[Status]Routing 109: Walk: 107
2019-09-05_00:58:05.732[Battery Energy]44.09
2019-09-05_00:58:05.732[Status]Routing Start.
2019-09-05_00:58:05.875[Status]{'id': 18, 'coordinate': [1033.9852978165607, 166.98330593167128]}
2019-09-05_00:58:05.875[Status]Routing 110: Walk: 108
2019-09-05_00:58:05.988[Battery Energy]43.91
2019-09-05_00:58:05.988[Status]Routing Start.
2019-09-05_00:58:06.188[Status]{'id': 18, 'coordinate': [1042.7409389413622, 162.1522865264437]}
2019-09-05_00:58:06.188[Status]Routing 111: Walk: 109
2019-09-05_00:58:06.299[Battery Energy]43.69
2019-09-05_00:58:06.299[Status]Routing Start.
2019-09-05_00:58:06.668[Status]{'id': 18, 'coordinate': [1051.4965800661637, 157.32126712121612]}
2019-09-05_00:58:06.669[Status]Routing 112: Walk: 110
2019-09-05_00:58:06.780[Battery Energy]43.36
2019-09-05_00:58:06.780[Status]Routing Start.
2019-09-05_00:58:07.111[Status]{'id': 18, 'coordinate': [1060.2522211909652, 152.49024771598852]}
2019-09-05_00:58:07.111[Status]Routing 113: Walk: 111
2019-09-05_00:58:07.216[Battery Energy]43.05
2019-09-05_00:58:07.216[Status]Routing Start.
2019-09-05_00:58:07.374[Status]{'id': 18, 'coordinate': [1069.0078623157667, 147.6592283107609]}
2019-09-05_00:58:07.374[Status]Routing 114: Walk: 112
2019-09-05_00:58:07.474[Battery Energy]42.85
2019-09-05_00:58:07.474[Status]Routing Start.
2019-09-05_00:58:07.720[Status]{'id': 18, 'coordinate': [1077.7635034405682, 142.8282089055333]}
2019-09-05_00:58:07.720[Status]Routing 115: Walk: 113
2019-09-05_00:58:07.820[Battery Energy]42.62
2019-09-05_00:58:07.820[Status]Routing Start.
2019-09-05_00:58:08.131[Status]{'id': 18, 'coordinate': [1086.5191445653697, 137.9971895003057]}
2019-09-05_00:58:08.131[Status]Routing 116: Walk: 114
2019-09-05_00:58:08.248[Battery Energy]42.30
2019-09-05_00:58:08.248[Status]Routing Start.
2019-09-05_00:58:08.613[Status]{'id': 18, 'coordinate': [1095.2747856901713, 133.1661700950781]}
2019-09-05_00:58:08.614[Status]Routing 117: Walk: 115
2019-09-05_00:58:08.720[Battery Energy]42.02
2019-09-05_00:58:08.720[Status]Routing Start.
2019-09-05_00:58:09.018[Status]{'id': 18, 'coordinate': [1104.0304268149728, 128.33515068985045]}
2019-09-05_00:58:09.018[Status]Routing 118: Walk: 116
2019-09-05_00:58:09.118[Battery Energy]41.75
2019-09-05_00:58:09.118[Status]Routing Start.
2019-09-05_00:58:09.331[Status]{'id': 18, 'coordinate': [1112.7860679397743, 123.5041312846228]}
2019-09-05_00:58:09.331[Status]Routing 119: Walk: 117
2019-09-05_00:58:09.431[Battery Energy]41.52
2019-09-05_00:58:09.431[Status]Routing Start.
2019-09-05_00:58:09.431[Status]Task Finished.
2019-09-05_00:58:09.531[Battery Energy]41.52
2019-09-05_00:58:09.691[Status]Routing 121: Walk: 117
2019-09-05_00:58:09.791[Battery Energy]41.44
2019-09-05_00:58:10.058[Status]Routing 122: Walk: 117
2019-09-05_00:58:10.184[Battery Energy]41.28
2019-09-05_00:58:10.397[Status]Routing 123: Walk: 117
2019-09-05_00:58:10.512[Battery Energy]41.16
2019-09-05_00:58:10.673[Status]Routing 124: Walk: 117
2019-09-05_00:58:10.774[Battery Energy]41.08
2019-09-05_00:58:10.978[Status]Routing 125: Walk: 117
2019-09-05_00:58:11.092[Battery Energy]40.98
2019-09-05_00:58:11.311[Status]Routing 126: Walk: 117
2019-09-05_00:58:11.428[Battery Energy]40.84
2019-09-05_00:58:11.627[Status]Routing 127: Walk: 117
2019-09-05_00:58:11.740[Battery Energy]40.74
2019-09-05_00:58:11.949[Status]Routing 128: Walk: 117
2019-09-05_00:58:12.060[Battery Energy]40.60
2019-09-05_00:58:12.233[Status]Routing 129: Walk: 117
2019-09-05_00:58:12.340[Battery Energy]40.46
2019-09-05_00:58:12.515[Status]Routing 130: Walk: 117
2019-09-05_00:58:12.615[Battery Energy]40.37
2019-09-05_00:58:12.784[Status]Routing 131: Walk: 117
2019-09-05_00:58:12.892[Battery Energy]40.24
2019-09-05_00:58:13.140[Status]Routing 132: Walk: 117
2019-09-05_00:58:13.248[Battery Energy]40.05
2019-09-05_00:58:13.414[Status]Routing 133: Walk: 117
2019-09-05_00:58:13.532[Battery Energy]39.95
2019-09-05_00:58:13.701[Status]Routing 134: Walk: 117
2019-09-05_00:58:13.808[Battery Energy]39.81
2019-09-05_00:58:14.032[Status]Routing 135: Walk: 117
2019-09-05_00:58:14.144[Battery Energy]39.71
2019-09-05_00:58:14.361[Status]Routing 136: Walk: 117
2019-09-05_00:58:14.461[Battery Energy]39.61
2019-09-05_00:58:14.713[Status]Routing 137: Walk: 117
2019-09-05_00:58:14.813[Battery Energy]39.43
2019-09-05_00:58:15.218[Status]Routing 138: Walk: 117
2019-09-05_00:58:15.318[Battery Energy]39.15
2019-09-05_00:58:15.591[Status]Routing 139: Walk: 117
2019-09-05_00:58:15.691[Battery Energy]38.91
2019-09-05_00:58:15.910[Status]Routing 140: Walk: 117
2019-09-05_00:58:16.012[Battery Energy]38.77
2019-09-05_00:58:16.291[Status]Routing 141: Walk: 117
2019-09-05_00:58:16.404[Battery Energy]38.62
2019-09-05_00:58:16.644[Status]Routing 142: Walk: 117
2019-09-05_00:58:16.746[Battery Energy]38.47
2019-09-05_00:58:17.157[Status]Routing 143: Walk: 117
2019-09-05_00:58:17.272[Battery Energy]38.19
2019-09-05_00:58:17.608[Status]Routing 144: Walk: 117
2019-09-05_00:58:17.709[Battery Energy]38.02
2019-09-05_00:58:17.948[Status]Routing 145: Walk: 117
2019-09-05_00:58:18.049[Battery Energy]37.89
2019-09-05_00:58:18.304[Status]Routing 146: Walk: 117
2019-09-05_00:58:18.416[Battery Energy]37.71
2019-09-05_00:58:18.601[Status]Routing 147: Walk: 117
2019-09-05_00:58:18.716[Battery Energy]37.57
2019-09-05_00:58:18.882[Status]Routing 148: Walk: 117
2019-09-05_00:58:18.992[Battery Energy]37.48
2019-09-05_00:58:19.120[Status]Routing 149: Walk: 117
2019-09-05_00:58:19.232[Battery Energy]37.37
2019-09-05_00:58:19.422[Status]Routing 150: Walk: 117
2019-09-05_00:58:19.524[Battery Energy]37.25
2019-09-05_00:58:19.688[Status]Routing 151: Walk: 117
2019-09-05_00:58:19.796[Battery Energy]37.13
2019-09-05_00:58:19.977[Status]Routing 152: Walk: 117
2019-09-05_00:58:20.077[Battery Energy]37.00
2019-09-05_00:58:20.235[Status]Routing 153: Walk: 117
2019-09-05_00:58:20.396[Battery Energy]36.91
2019-09-05_00:58:20.552[Status]Routing 154: Walk: 117
2019-09-05_00:58:20.652[Battery Energy]36.85
2019-09-05_00:58:20.959[Status]Routing 155: Walk: 117
2019-09-05_00:58:21.064[Battery Energy]36.70
2019-09-05_00:58:21.263[Status]Routing 156: Walk: 117
2019-09-05_00:58:21.372[Battery Energy]36.58
2019-09-05_00:58:21.537[Status]Routing 157: Walk: 117
2019-09-05_00:58:21.644[Battery Energy]36.45
2019-09-05_00:58:21.885[Status]Routing 158: Walk: 117
2019-09-05_00:58:21.991[Battery Energy]36.27
2019-09-05_00:58:22.175[Status]Routing 159: Walk: 117
2019-09-05_00:58:22.276[Battery Energy]36.15
2019-09-05_00:58:22.447[Status]Routing 160: Walk: 117
2019-09-05_00:58:22.552[Battery Energy]36.02
2019-09-05_00:58:22.855[Status]Routing 161: Walk: 117
2019-09-05_00:58:22.955[Battery Energy]35.83
2019-09-05_00:58:23.137[Status]Routing 162: Walk: 117
2019-09-05_00:58:23.240[Battery Energy]35.71
2019-09-05_00:58:23.412[Status]Routing 163: Walk: 117
2019-09-05_00:58:23.516[Battery Energy]35.58
2019-09-05_00:58:23.685[Status]Routing 164: Walk: 117
2019-09-05_00:58:23.788[Battery Energy]35.45
2019-09-05_00:58:24.004[Status]Routing 165: Walk: 117
2019-09-05_00:58:24.108[Battery Energy]35.36
2019-09-05_00:58:24.299[Status]Routing 166: Walk: 117
2019-09-05_00:58:24.408[Battery Energy]35.23
2019-09-05_00:58:24.534[Status]Routing 167: Walk: 117
2019-09-05_00:58:24.656[Battery Energy]35.12
2019-09-05_00:58:24.852[Status]Routing 168: Walk: 117
2019-09-05_00:58:24.953[Battery Energy]35.00
2019-09-05_00:58:25.128[Status]Routing 169: Walk: 117
2019-09-05_00:58:25.228[Battery Energy]34.87
2019-09-05_00:58:25.455[Status]Routing 170: Walk: 117
2019-09-05_00:58:25.572[Battery Energy]34.74
2019-09-05_00:58:25.716[Status]Routing 171: Walk: 117
2019-09-05_00:58:25.819[Battery Energy]34.64
2019-09-05_00:58:26.003[Status]Routing 172: Walk: 117
2019-09-05_00:58:26.103[Battery Energy]34.51
2019-09-05_00:58:26.299[Status]Routing 173: Walk: 117
2019-09-05_00:58:26.412[Battery Energy]34.40
2019-09-05_00:58:26.604[Status]Routing 174: Walk: 117
2019-09-05_00:58:26.708[Battery Energy]34.26
2019-09-05_00:58:26.867[Status]Routing 175: Walk: 117
2019-09-05_00:58:26.976[Battery Energy]34.14
2019-09-05_00:58:27.197[Status]Routing 176: Walk: 117
2019-09-05_00:58:27.304[Battery Energy]33.96
2019-09-05_00:58:27.623[Status]Routing 177: Walk: 117
2019-09-05_00:58:27.731[Battery Energy]33.71
2019-09-05_00:58:27.912[Status]Routing 178: Walk: 117
2019-09-05_00:58:28.020[Battery Energy]33.62
2019-09-05_00:58:28.285[Status]Routing 179: Walk: 117
2019-09-05_00:58:28.385[Battery Energy]33.44
2019-09-05_00:58:28.558[Status]Routing 180: Walk: 117
2019-09-05_00:58:28.664[Battery Energy]33.32
2019-09-05_00:58:28.825[Status]Routing 181: Walk: 117
2019-09-05_00:58:28.940[Battery Energy]33.22
2019-09-05_00:58:29.107[Status]Routing 182: Walk: 117
2019-09-05_00:58:29.216[Battery Energy]33.09
2019-09-05_00:58:29.371[Status]Routing 183: Walk: 117
2019-09-05_00:58:29.480[Battery Energy]32.99
2019-09-05_00:58:29.612[Status]Routing 184: Walk: 117
2019-09-05_00:58:29.714[Battery Energy]32.88
2019-09-05_00:58:29.914[Status]Routing 185: Walk: 117
2019-09-05_00:58:30.024[Battery Energy]32.75
2019-09-05_00:58:30.177[Status]Routing 186: Walk: 117
2019-09-05_00:58:30.278[Battery Energy]32.65
2019-09-05_00:58:30.494[Status]Routing 187: Walk: 117
2019-09-05_00:58:30.595[Battery Energy]32.52
2019-09-05_00:58:30.864[Status]Routing 188: Walk: 117
2019-09-05_00:58:30.976[Battery Energy]32.37
2019-09-05_00:58:31.203[Status]Routing 189: Walk: 117
2019-09-05_00:58:31.316[Battery Energy]32.25
2019-09-05_00:58:31.495[Status]Routing 190: Walk: 117
2019-09-05_00:58:31.597[Battery Energy]32.14
2019-09-05_00:58:31.786[Status]Routing 191: Walk: 117
2019-09-05_00:58:31.886[Battery Energy]32.00
2019-09-05_00:58:32.025[Status]Routing 192: Walk: 117
2019-09-05_00:58:32.125[Battery Energy]31.90
2019-09-05_00:58:32.402[Status]Routing 193: Walk: 117
2019-09-05_00:58:32.520[Battery Energy]31.73
2019-09-05_00:58:32.661[Status]Routing 194: Walk: 117
2019-09-05_00:58:32.776[Battery Energy]31.62
2019-09-05_00:58:33.013[Status]Routing 195: Walk: 117
2019-09-05_00:58:33.113[Battery Energy]31.48
2019-09-05_00:58:33.383[Status]Routing 196: Walk: 117
2019-09-05_00:58:33.492[Battery Energy]31.31
2019-09-05_00:58:33.667[Status]Routing 197: Walk: 117
2019-09-05_00:58:33.780[Battery Energy]31.19
2019-09-05_00:58:33.964[Status]Routing 198: Walk: 117
2019-09-05_00:58:34.064[Battery Energy]31.08
2019-09-05_00:58:34.344[Status]Routing 199: Walk: 117
2019-09-05_00:58:34.444[Battery Energy]30.87
2019-09-05_00:58:34.610[Status]Routing 200: Walk: 117
2019-09-05_00:58:34.720[Battery Energy]30.75
2019-09-05_00:58:34.979[Status]Routing 201: Walk: 117
2019-09-05_00:58:35.088[Battery Energy]30.64
2019-09-05_00:58:35.306[Status]Routing 202: Walk: 117
2019-09-05_00:58:35.412[Battery Energy]30.54
2019-09-05_00:58:35.611[Status]Routing 203: Walk: 117
2019-09-05_00:58:35.711[Battery Energy]30.42
2019-09-05_00:58:35.944[Status]Routing 204: Walk: 117
2019-09-05_00:58:36.044[Battery Energy]30.28
2019-09-05_00:58:36.226[Status]Routing 205: Walk: 117
2019-09-05_00:58:36.344[Battery Energy]30.20
2019-09-05_00:58:36.511[Status]Routing 206: Walk: 117
2019-09-05_00:58:36.611[Battery Energy]30.11
2019-09-05_00:58:36.815[Status]Routing 207: Walk: 117
2019-09-05_00:58:36.932[Battery Energy]29.95
2019-09-05_00:58:37.169[Status]Routing 208: Walk: 117
2019-09-05_00:58:37.280[Battery Energy]29.81
2019-09-05_00:58:37.433[Status]Routing 209: Walk: 117
2019-09-05_00:58:37.536[Battery Energy]29.69
2019-09-05_00:58:37.698[Status]Routing 210: Walk: 117
2019-09-05_00:58:37.810[Battery Energy]29.56
2019-09-05_00:58:38.043[Status]Routing 211: Walk: 117
2019-09-05_00:58:38.144[Battery Energy]29.43
2019-09-05_00:58:38.307[Status]Routing 212: Walk: 117
2019-09-05_00:58:38.408[Battery Energy]29.30
2019-09-05_00:58:38.588[Status]Routing 213: Walk: 117
2019-09-05_00:58:38.698[Battery Energy]29.21
2019-09-05_00:58:38.887[Status]Routing 214: Walk: 117
2019-09-05_00:58:39.004[Battery Energy]29.13
2019-09-05_00:58:39.248[Status]Routing 215: Walk: 117
2019-09-05_00:58:39.368[Battery Energy]29.02
2019-09-05_00:58:39.560[Status]Routing 216: Walk: 117
2019-09-05_00:58:39.680[Battery Energy]28.91
2019-09-05_00:58:39.869[Status]Routing 217: Walk: 117
2019-09-05_00:58:39.969[Battery Energy]28.80
2019-09-05_00:58:40.146[Status]Routing 218: Walk: 117
2019-09-05_00:58:40.246[Battery Energy]28.66
2019-09-05_00:58:40.456[Status]Routing 219: Walk: 117
2019-09-05_00:58:40.580[Battery Energy]28.51
2019-09-05_00:58:40.727[Status]Routing 220: Walk: 117
2019-09-05_00:58:40.828[Battery Energy]28.39
2019-09-05_00:58:41.107[Status]Routing 221: Walk: 117
2019-09-05_00:58:41.207[Battery Energy]28.23
2019-09-05_00:58:41.372[Status]Routing 222: Walk: 117
2019-09-05_00:58:41.475[Battery Energy]28.10
2019-09-05_00:58:41.656[Status]Routing 223: Walk: 117
2019-09-05_00:58:41.772[Battery Energy]27.98
2019-09-05_00:58:41.964[Status]Routing 224: Walk: 117
2019-09-05_00:58:42.088[Battery Energy]27.88
2019-09-05_00:58:42.256[Status]Routing 225: Walk: 117
2019-09-05_00:58:42.376[Battery Energy]27.79
2019-09-05_00:58:42.566[Status]Routing 226: Walk: 117
2019-09-05_00:58:42.684[Battery Energy]27.69
