2019-09-05_00:57:17.987[Status]Start.
2019-09-05_00:57:17.987[Battery Energy]74.00
2019-09-05_00:57:19.088[Battery Energy]73.96
2019-09-05_00:57:20.189[Battery Energy]73.92
2019-09-05_00:57:21.291[Battery Energy]73.88
2019-09-05_00:57:22.392[Battery Energy]73.84
2019-09-05_00:57:23.493[Task]A New Task Released.
2019-09-05_00:57:23.493[Battery Energy]73.80
2019-09-05_00:57:23.493[Status]Selection Start.
2019-09-05_00:57:24.346[Status]Selection End: Do Task 2.
2019-09-05_00:57:24.456[Battery Energy]73.22
2019-09-05_00:57:24.456[Status]Formation Start.
2019-09-05_00:57:24.648[Status]Formation End: To Position 5.
2019-09-05_00:57:24.749[Battery Energy]73.08
2019-09-05_00:57:24.749[Status]Routing Start.
2019-09-05_00:57:25.093[Status]{'id': 16, 'coordinate': [72.99983321046173, 101.05775606415499]}
2019-09-05_00:57:25.093[Status]Routing 1: Walk: 1
2019-09-05_00:57:25.204[Battery Energy]72.75
2019-09-05_00:57:25.204[Status]Routing Start.
2019-09-05_00:57:25.454[Status]{'id': 16, 'coordinate': [82.99966642092346, 101.11551212830997]}
2019-09-05_00:57:25.463[Status]Routing 2: Walk: 2
2019-09-05_00:57:25.576[Battery Energy]72.50
2019-09-05_00:57:25.576[Status]Routing Start.
2019-09-05_00:57:25.735[Status]{'id': 16, 'coordinate': [92.99949963138519, 101.17326819246496]}
2019-09-05_00:57:25.735[Status]Routing 3: Walk: 3
2019-09-05_00:57:25.862[Battery Energy]72.28
2019-09-05_00:57:25.862[Status]Routing Start.
2019-09-05_00:57:25.997[Status]{'id': 16, 'coordinate': [102.99933284184692, 101.23102425661995]}
2019-09-05_00:57:25.997[Status]Routing 4: Walk: 4
2019-09-05_00:57:26.108[Battery Energy]72.09
2019-09-05_00:57:26.108[Status]Routing Start.
2019-09-05_00:57:26.313[Status]{'id': 16, 'coordinate': [112.99916605230865, 101.28878032077493]}
2019-09-05_00:57:26.314[Status]Routing 5: Walk: 5
2019-09-05_00:57:26.424[Battery Energy]71.88
2019-09-05_00:57:26.424[Status]Routing Start.
2019-09-05_00:57:26.912[Status]{'id': 16, 'coordinate': [122.99899926277038, 101.34653638492992]}
2019-09-05_00:57:26.912[Status]Routing 6: Walk: 6
2019-09-05_00:57:27.024[Battery Energy]71.50
2019-09-05_00:57:27.024[Status]Routing Start.
2019-09-05_00:57:27.362[Status]{'id': 16, 'coordinate': [132.9988324732321, 101.4042924490849]}
2019-09-05_00:57:27.362[Status]Routing 7: Walk: 7
2019-09-05_00:57:27.462[Battery Energy]71.23
2019-09-05_00:57:27.462[Status]Routing Start.
2019-09-05_00:57:27.837[Status]{'id': 16, 'coordinate': [142.99866568369384, 101.46204851323989]}
2019-09-05_00:57:27.837[Status]Routing 8: Walk: 8
2019-09-05_00:57:27.945[Battery Energy]70.93
2019-09-05_00:57:27.945[Status]Routing Start.
2019-09-05_00:57:28.282[Status]{'id': 16, 'coordinate': [152.99849889415557, 101.51980457739488]}
2019-09-05_00:57:28.287[Status]Routing 9: Walk: 9
2019-09-05_00:57:28.391[Battery Energy]70.61
2019-09-05_00:57:28.391[Status]Routing Start.
2019-09-05_00:57:28.714[Status]{'id': 16, 'coordinate': [162.9983321046173, 101.57756064154987]}
2019-09-05_00:57:28.714[Status]Routing 10: Walk: 10
2019-09-05_00:57:28.814[Battery Energy]70.28
2019-09-05_00:57:28.814[Status]Routing Start.
2019-09-05_00:57:29.180[Status]{'id': 16, 'coordinate': [172.99816531507904, 101.63531670570485]}
2019-09-05_00:57:29.180[Status]Routing 11: Walk: 11
2019-09-05_00:57:29.296[Battery Energy]69.98
2019-09-05_00:57:29.296[Status]Routing Start.
2019-09-05_00:57:29.626[Status]{'id': 16, 'coordinate': [182.99799852554077, 101.69307276985984]}
2019-09-05_00:57:29.626[Status]Routing 12: Walk: 12
2019-09-05_00:57:29.728[Battery Energy]69.64
2019-09-05_00:57:29.728[Status]Routing Start.
2019-09-05_00:57:30.103[Status]{'id': 16, 'coordinate': [192.9978317360025, 101.75082883401483]}
2019-09-05_00:57:30.103[Status]Routing 13: Walk: 13
2019-09-05_00:57:30.208[Battery Energy]69.32
2019-09-05_00:57:30.208[Status]Routing Start.
2019-09-05_00:57:30.583[Status]{'id': 16, 'coordinate': [202.99766494646423, 101.80858489816981]}
2019-09-05_00:57:30.583[Status]Routing 14: Walk: 14
2019-09-05_00:57:30.684[Battery Energy]69.04
2019-09-05_00:57:30.684[Status]Routing Start.
2019-09-05_00:57:31.102[Status]{'id': 16, 'coordinate': [212.99749815692596, 101.8663409623248]}
2019-09-05_00:57:31.103[Status]Routing 15: Walk: 15
2019-09-05_00:57:31.208[Battery Energy]68.65
2019-09-05_00:57:31.208[Status]Routing Start.
2019-09-05_00:57:31.540[Status]{'id': 16, 'coordinate': [222.9973313673877, 101.9240970264798]}
2019-09-05_00:57:31.541[Status]Routing 16: Walk: 16
2019-09-05_00:57:31.644[Battery Energy]68.34
2019-09-05_00:57:31.644[Status]Routing Start.
2019-09-05_00:57:31.950[Status]{'id': 16, 'coordinate': [232.99716457784942, 101.98185309063479]}
2019-09-05_00:57:31.950[Status]Routing 17: Walk: 17
2019-09-05_00:57:32.050[Battery Energy]68.08
2019-09-05_00:57:32.050[Status]Routing Start.
2019-09-05_00:57:32.461[Status]{'id': 16, 'coordinate': [242.99699778831115, 102.03960915478979]}
2019-09-05_00:57:32.461[Status]Routing 18: Walk: 18
2019-09-05_00:57:32.562[Battery Energy]67.69
2019-09-05_00:57:32.562[Status]Routing Start.
2019-09-05_00:57:32.912[Status]{'id': 16, 'coordinate': [252.99683099877288, 102.09736521894477]}
2019-09-05_00:57:32.915[Status]Routing 19: Walk: 19
2019-09-05_00:57:33.024[Battery Energy]67.40
2019-09-05_00:57:33.024[Status]Routing Start.
2019-09-05_00:57:33.347[Status]{'id': 16, 'coordinate': [262.9966642092346, 102.15512128309977]}
2019-09-05_00:57:33.347[Status]Routing 20: Walk: 20
2019-09-05_00:57:33.447[Battery Energy]67.08
2019-09-05_00:57:33.447[Status]Routing Start.
2019-09-05_00:57:33.791[Status]{'id': 16, 'coordinate': [272.9964974196963, 102.21287734725476]}
2019-09-05_00:57:33.791[Status]Routing 21: Walk: 21
2019-09-05_00:57:33.892[Battery Energy]66.74
2019-09-05_00:57:33.892[Status]Routing Start.
2019-09-05_00:57:34.253[Status]{'id': 16, 'coordinate': [282.996330630158, 102.27063341140976]}
2019-09-05_00:57:34.253[Status]Routing 22: Walk: 22
2019-09-05_00:57:34.353[Battery Energy]66.42
2019-09-05_00:57:34.353[Status]Routing Start.
2019-09-05_00:57:34.721[Status]{'id': 16, 'coordinate': [292.9961638406197, 102.32838947556475]}
2019-09-05_00:57:34.721[Status]Routing 23: Walk: 23
2019-09-05_00:57:34.821[Battery Energy]66.11
2019-09-05_00:57:34.822[Status]Routing Start.
2019-09-05_00:57:35.222[Status]{'id': 16, 'coordinate': [302.9959970510814, 102.38614553971975]}
2019-09-05_00:57:35.225[Status]Routing 24: Walk: 24
2019-09-05_00:57:35.325[Battery Energy]65.76
2019-09-05_00:57:35.325[Status]Routing Start.
2019-09-05_00:57:35.759[Status]{'id': 16, 'coordinate': [312.9958302615431, 102.44390160387474]}
2019-09-05_00:57:35.760[Status]Routing 25: Walk: 25
2019-09-05_00:57:35.864[Battery Energy]65.33
2019-09-05_00:57:35.864[Status]Routing Start.
2019-09-05_00:57:36.168[Status]{'id': 16, 'coordinate': [322.9956634720048, 102.50165766802974]}
2019-09-05_00:57:36.169[Status]Routing 26: Walk: 26
2019-09-05_00:57:36.272[Battery Energy]65.06
2019-09-05_00:57:36.272[Status]Routing Start.
2019-09-05_00:57:36.673[Status]{'id': 16, 'coordinate': [332.9954966824665, 102.55941373218472]}
2019-09-05_00:57:36.674[Status]Routing 27: Walk: 27
2019-09-05_00:57:36.775[Battery Energy]64.75
2019-09-05_00:57:36.776[Status]Routing Start.
2019-09-05_00:57:37.146[Status]{'id': 16, 'coordinate': [342.9953298929282, 102.61716979633972]}
2019-09-05_00:57:37.146[Status]Routing 28: Walk: 28
2019-09-05_00:57:37.248[Battery Energy]64.39
2019-09-05_00:57:37.248[Status]Routing Start.
2019-09-05_00:57:37.644[Status]{'id': 16, 'coordinate': [352.9951631033899, 102.67492586049471]}
2019-09-05_00:57:37.645[Status]Routing 29: Walk: 29
2019-09-05_00:57:37.752[Battery Energy]64.06
2019-09-05_00:57:37.753[Status]Routing Start.
2019-09-05_00:57:38.118[Status]{'id': 16, 'coordinate': [362.99499631385163, 102.73268192464971]}
2019-09-05_00:57:38.118[Status]Routing 30: Walk: 30
2019-09-05_00:57:38.224[Battery Energy]63.76
2019-09-05_00:57:38.224[Status]Routing Start.
2019-09-05_00:57:38.579[Status]{'id': 16, 'coordinate': [372.99482952431333, 102.7904379888047]}
2019-09-05_00:57:38.579[Status]Routing 31: Walk: 31
2019-09-05_00:57:38.680[Battery Energy]63.44
2019-09-05_00:57:38.680[Status]Routing Start.
2019-09-05_00:57:39.012[Status]{'id': 16, 'coordinate': [382.99466273477503, 102.8481940529597]}
2019-09-05_00:57:39.012[Status]Routing 32: Walk: 32
2019-09-05_00:57:39.120[Battery Energy]63.12
2019-09-05_00:57:39.120[Status]Routing Start.
2019-09-05_00:57:39.285[Status]{'id': 16, 'coordinate': [392.99449594523674, 102.90595011711468]}
2019-09-05_00:57:39.285[Status]Routing 33: Walk: 33
2019-09-05_00:57:39.396[Battery Energy]62.91
2019-09-05_00:57:39.396[Status]Routing Start.
2019-09-05_00:57:39.639[Status]{'id': 16, 'coordinate': [402.99432915569844, 102.96370618126969]}
2019-09-05_00:57:39.640[Status]Routing 34: Walk: 34
2019-09-05_00:57:39.740[Battery Energy]62.66
2019-09-05_00:57:39.740[Status]Routing Start.
2019-09-05_00:57:39.904[Status]{'id': 16, 'coordinate': [412.99416236616014, 103.02146224542467]}
2019-09-05_00:57:39.905[Status]Routing 35: Walk: 35
2019-09-05_00:57:40.005[Battery Energy]62.43
2019-09-05_00:57:40.005[Status]Routing Start.
2019-09-05_00:57:40.192[Status]{'id': 16, 'coordinate': [422.99399557662184, 103.07921830957967]}
2019-09-05_00:57:40.192[Status]Routing 36: Walk: 36
2019-09-05_00:57:40.308[Battery Energy]62.22
2019-09-05_00:57:40.308[Status]Routing Start.
2019-09-05_00:57:40.503[Status]{'id': 16, 'coordinate': [432.99382878708354, 103.13697437373466]}
2019-09-05_00:57:40.503[Status]Routing 37: Walk: 37
2019-09-05_00:57:40.612[Battery Energy]61.99
2019-09-05_00:57:40.612[Status]Routing Start.
2019-09-05_00:57:40.755[Status]{'id': 16, 'coordinate': [442.99366199754525, 103.19473043788966]}
2019-09-05_00:57:40.755[Status]Routing 38: Walk: 38
2019-09-05_00:57:40.855[Battery Energy]61.77
2019-09-05_00:57:40.855[Status]Routing Start.
2019-09-05_00:57:41.013[Status]{'id': 16, 'coordinate': [452.99349520800695, 103.25248650204465]}
2019-09-05_00:57:41.013[Status]Routing 39: Walk: 39
2019-09-05_00:57:41.113[Battery Energy]61.58
2019-09-05_00:57:41.113[Status]Routing Start.
2019-09-05_00:57:41.543[Status]{'id': 16, 'coordinate': [462.99332841846865, 103.31024256619965]}
2019-09-05_00:57:41.543[Status]Routing 40: Walk: 40
2019-09-05_00:57:41.648[Battery Energy]61.21
2019-09-05_00:57:41.648[Status]Routing Start.
2019-09-05_00:57:41.989[Status]{'id': 16, 'coordinate': [472.99316162893035, 103.36799863035463]}
2019-09-05_00:57:41.989[Status]Routing 41: Walk: 41
2019-09-05_00:57:42.089[Battery Energy]60.91
2019-09-05_00:57:42.089[Status]Routing Start.
2019-09-05_00:57:42.508[Status]{'id': 16, 'coordinate': [482.99299483939205, 103.42575469450964]}
2019-09-05_00:57:42.508[Status]Routing 42: Walk: 42
2019-09-05_00:57:42.608[Battery Energy]60.58
2019-09-05_00:57:42.608[Status]Routing Start.
2019-09-05_00:57:43.003[Status]{'id': 16, 'coordinate': [492.99282804985376, 103.48351075866462]}
2019-09-05_00:57:43.003[Status]Routing 43: Walk: 43
2019-09-05_00:57:43.105[Battery Energy]60.28
2019-09-05_00:57:43.105[Status]Routing Start.
2019-09-05_00:57:43.435[Status]{'id': 16, 'coordinate': [502.99266126031546, 103.54126682281962]}
2019-09-05_00:57:43.435[Status]Routing 44: Walk: 44
2019-09-05_00:57:43.536[Battery Energy]59.95
2019-09-05_00:57:43.536[Status]Routing Start.
2019-09-05_00:57:43.891[Status]{'id': 16, 'coordinate': [512.9924944707772, 103.59902288697461]}
2019-09-05_00:57:43.891[Status]Routing 45: Walk: 45
2019-09-05_00:57:43.996[Battery Energy]59.59
2019-09-05_00:57:43.996[Status]Routing Start.
2019-09-05_00:57:44.348[Status]{'id': 16, 'coordinate': [522.9923276812389, 103.65677895112961]}
2019-09-05_00:57:44.349[Status]Routing 46: Walk: 46
2019-09-05_00:57:44.460[Battery Energy]59.27
2019-09-05_00:57:44.460[Status]Routing Start.
2019-09-05_00:57:44.788[Status]{'id': 16, 'coordinate': [532.9921608917006, 103.7145350152846]}
2019-09-05_00:57:44.788[Status]Routing 47: Walk: 47
2019-09-05_00:57:44.896[Battery Energy]58.99
2019-09-05_00:57:44.896[Status]Routing Start.
2019-09-05_00:57:45.313[Status]{'id': 16, 'coordinate': [542.9919941021623, 103.7722910794396]}
2019-09-05_00:57:45.317[Status]Routing 48: Walk: 48
2019-09-05_00:57:45.418[Battery Energy]58.69
2019-09-05_00:57:45.418[Status]Routing Start.
2019-09-05_00:57:45.738[Status]{'id': 16, 'coordinate': [552.991827312624, 103.83004714359458]}
2019-09-05_00:57:45.739[Status]Routing 49: Walk: 49
2019-09-05_00:57:45.839[Battery Energy]58.45
2019-09-05_00:57:45.839[Status]Routing Start.
2019-09-05_00:57:46.164[Status]{'id': 16, 'coordinate': [562.9916605230857, 103.88780320774958]}
2019-09-05_00:57:46.164[Status]Routing 50: Walk: 50
2019-09-05_00:57:46.272[Battery Energy]58.16
2019-09-05_00:57:46.272[Status]Routing Start.
2019-09-05_00:57:46.489[Status]{'id': 16, 'coordinate': [572.9914937335474, 103.94555927190457]}
2019-09-05_00:57:46.489[Status]Routing 51: Walk: 51
2019-09-05_00:57:46.596[Battery Energy]57.92
2019-09-05_00:57:46.596[Status]Routing Start.
2019-09-05_00:57:46.751[Status]{'id': 16, 'coordinate': [582.9913269440091, 104.00331533605957]}
2019-09-05_00:57:46.751[Status]Routing 52: Walk: 52
2019-09-05_00:57:46.860[Battery Energy]57.69
2019-09-05_00:57:46.860[Status]Routing Start.
2019-09-05_00:57:47.024[Status]{'id': 16, 'coordinate': [592.9911601544708, 104.06107140021456]}
2019-09-05_00:57:47.024[Status]Routing 53: Walk: 53
2019-09-05_00:57:47.124[Battery Energy]57.48
2019-09-05_00:57:47.124[Status]Routing Start.
2019-09-05_00:57:47.385[Status]{'id': 16, 'coordinate': [602.9909933649325, 104.11882746436956]}
2019-09-05_00:57:47.385[Status]Routing 54: Walk: 54
2019-09-05_00:57:47.485[Battery Energy]57.23
2019-09-05_00:57:47.485[Status]Routing Start.
2019-09-05_00:57:47.699[Status]{'id': 16, 'coordinate': [612.9908265753942, 104.17658352852455]}
2019-09-05_00:57:47.699[Status]Routing 55: Walk: 55
2019-09-05_00:57:47.808[Battery Energy]57.01
2019-09-05_00:57:47.808[Status]Routing Start.
2019-09-05_00:57:47.993[Status]{'id': 16, 'coordinate': [622.9906597858559, 104.23433959267953]}
2019-09-05_00:57:47.993[Status]Routing 56: Walk: 56
2019-09-05_00:57:48.093[Battery Energy]56.78
2019-09-05_00:57:48.093[Status]Routing Start.
2019-09-05_00:57:48.273[Status]{'id': 16, 'coordinate': [632.9904929963176, 104.29209565683453]}
2019-09-05_00:57:48.273[Status]Routing 57: Walk: 57
2019-09-05_00:57:48.374[Battery Energy]56.58
2019-09-05_00:57:48.374[Status]Routing Start.
2019-09-05_00:57:48.609[Status]{'id': 16, 'coordinate': [642.9903262067793, 104.34985172098952]}
2019-09-05_00:57:48.609[Status]Routing 58: Walk: 58
2019-09-05_00:57:48.713[Battery Energy]56.27
2019-09-05_00:57:48.713[Status]Routing Start.
2019-09-05_00:57:48.936[Status]{'id': 16, 'coordinate': [652.990159417241, 104.40760778514452]}
2019-09-05_00:57:48.936[Status]Routing 59: Walk: 59
2019-09-05_00:57:49.044[Battery Energy]56.01
2019-09-05_00:57:49.044[Status]Routing Start.
2019-09-05_00:57:49.314[Status]{'id': 16, 'coordinate': [662.9899926277027, 104.46536384929951]}
2019-09-05_00:57:49.314[Status]Routing 60: Walk: 60
2019-09-05_00:57:49.432[Battery Energy]55.70
2019-09-05_00:57:49.432[Status]Routing Start.
2019-09-05_00:57:49.628[Status]{'id': 16, 'coordinate': [672.9898258381644, 104.52311991345451]}
2019-09-05_00:57:49.628[Status]Routing 61: Walk: 61
2019-09-05_00:57:49.740[Battery Energy]55.47
2019-09-05_00:57:49.740[Status]Routing Start.
2019-09-05_00:57:49.949[Status]{'id': 16, 'coordinate': [682.9896590486261, 104.5808759776095]}
2019-09-05_00:57:49.949[Status]Routing 62: Walk: 62
2019-09-05_00:57:50.049[Battery Energy]55.24
2019-09-05_00:57:50.049[Status]Routing Start.
2019-09-05_00:57:50.207[Status]{'id': 16, 'coordinate': [692.9894922590878, 104.6386320417645]}
2019-09-05_00:57:50.207[Status]Routing 63: Walk: 63
2019-09-05_00:57:50.312[Battery Energy]55.01
2019-09-05_00:57:50.312[Status]Routing Start.
2019-09-05_00:57:50.506[Status]{'id': 16, 'coordinate': [702.9893254695495, 104.69638810591948]}
2019-09-05_00:57:50.506[Status]Routing 64: Walk: 64
2019-09-05_00:57:50.619[Battery Energy]54.77
2019-09-05_00:57:50.619[Status]Routing Start.
2019-09-05_00:57:50.787[Status]{'id': 16, 'coordinate': [712.9891586800112, 104.75414417007448]}
2019-09-05_00:57:50.787[Status]Routing 65: Walk: 65
2019-09-05_00:57:50.887[Battery Energy]54.58
2019-09-05_00:57:50.887[Status]Routing Start.
2019-09-05_00:57:51.089[Status]{'id': 16, 'coordinate': [722.9889918904729, 104.81190023422947]}
2019-09-05_00:57:51.089[Status]Routing 66: Walk: 66
2019-09-05_00:57:51.196[Battery Energy]54.40
2019-09-05_00:57:51.196[Status]Routing Start.
2019-09-05_00:57:51.414[Status]{'id': 16, 'coordinate': [732.9888251009346, 104.86965629838447]}
2019-09-05_00:57:51.414[Status]Routing 67: Walk: 67
2019-09-05_00:57:51.528[Battery Energy]54.20
2019-09-05_00:57:51.528[Status]Routing Start.
2019-09-05_00:57:51.800[Status]{'id': 16, 'coordinate': [742.9886583113963, 104.92741236253946]}
2019-09-05_00:57:51.800[Status]Routing 68: Walk: 68
2019-09-05_00:57:51.920[Battery Energy]53.96
2019-09-05_00:57:51.920[Status]Routing Start.
2019-09-05_00:57:52.089[Status]{'id': 16, 'coordinate': [752.988491521858, 104.98516842669446]}
2019-09-05_00:57:52.089[Status]Routing 69: Walk: 69
2019-09-05_00:57:52.189[Battery Energy]53.75
2019-09-05_00:57:52.189[Status]Routing Start.
2019-09-05_00:57:52.566[Status]{'id': 16, 'coordinate': [762.9883247323197, 105.04292449084944]}
2019-09-05_00:57:52.566[Status]Routing 70: Walk: 70
2019-09-05_00:57:52.666[Battery Energy]53.42
2019-09-05_00:57:52.666[Status]Routing Start.
2019-09-05_00:57:52.834[Status]{'id': 16, 'coordinate': [772.9881579427814, 105.10068055500444]}
2019-09-05_00:57:52.834[Status]Routing 71: Walk: 71
2019-09-05_00:57:52.947[Battery Energy]53.22
2019-09-05_00:57:52.947[Status]Routing Start.
2019-09-05_00:57:53.412[Status]{'id': 16, 'coordinate': [782.9879911532431, 105.15843661915943]}
2019-09-05_00:57:53.412[Status]Routing 72: Walk: 72
2019-09-05_00:57:53.520[Battery Energy]52.88
2019-09-05_00:57:53.520[Status]Routing Start.
2019-09-05_00:57:53.709[Status]{'id': 16, 'coordinate': [792.9878243637048, 105.21619268331443]}
2019-09-05_00:57:53.709[Status]Routing 73: Walk: 73
2019-09-05_00:57:53.824[Battery Energy]52.64
2019-09-05_00:57:53.824[Status]Routing Start.
2019-09-05_00:57:54.210[Status]{'id': 16, 'coordinate': [802.9876575741665, 105.27394874746942]}
2019-09-05_00:57:54.210[Status]Routing 74: Walk: 74
2019-09-05_00:57:54.310[Battery Energy]52.31
2019-09-05_00:57:54.310[Status]Routing Start.
2019-09-05_00:57:54.488[Status]{'id': 16, 'coordinate': [812.9874907846282, 105.33170481162442]}
2019-09-05_00:57:54.488[Status]Routing 75: Walk: 75
2019-09-05_00:57:54.600[Battery Energy]52.09
2019-09-05_00:57:54.600[Status]Routing Start.
2019-09-05_00:57:54.813[Status]{'id': 16, 'coordinate': [822.9873239950899, 105.3894608757794]}
2019-09-05_00:57:54.813[Status]Routing 76: Walk: 76
2019-09-05_00:57:54.916[Battery Energy]51.82
2019-09-05_00:57:54.916[Status]Routing Start.
2019-09-05_00:57:55.187[Status]{'id': 16, 'coordinate': [832.9871572055516, 105.4472169399344]}
2019-09-05_00:57:55.187[Status]Routing 77: Walk: 77
2019-09-05_00:57:55.287[Battery Energy]51.59
2019-09-05_00:57:55.287[Status]Routing Start.
2019-09-05_00:57:55.447[Status]{'id': 16, 'coordinate': [842.9869904160133, 105.5049730040894]}
2019-09-05_00:57:55.448[Status]Routing 78: Walk: 78
2019-09-05_00:57:55.548[Battery Energy]51.39
2019-09-05_00:57:55.548[Status]Routing Start.
2019-09-05_00:57:55.763[Status]{'id': 16, 'coordinate': [852.986823626475, 105.5627290682444]}
2019-09-05_00:57:55.763[Status]Routing 79: Walk: 79
2019-09-05_00:57:55.876[Battery Energy]51.18
2019-09-05_00:57:55.876[Status]Routing Start.
2019-09-05_00:57:56.049[Status]{'id': 16, 'coordinate': [862.9866568369367, 105.62048513239938]}
2019-09-05_00:57:56.051[Status]Routing 80: Walk: 80
2019-09-05_00:57:56.151[Battery Energy]50.95
2019-09-05_00:57:56.151[Status]Routing Start.
2019-09-05_00:57:56.382[Status]{'id': 16, 'coordinate': [872.9864900473984, 105.67824119655438]}
2019-09-05_00:57:56.382[Status]Routing 81: Walk: 81
2019-09-05_00:57:56.492[Battery Energy]50.71
2019-09-05_00:57:56.492[Status]Routing Start.
2019-09-05_00:57:56.797[Status]{'id': 16, 'coordinate': [882.9863232578601, 105.73599726070937]}
2019-09-05_00:57:56.797[Status]Routing 82: Walk: 82
2019-09-05_00:57:56.904[Battery Energy]50.44
2019-09-05_00:57:56.904[Status]Routing Start.
2019-09-05_00:57:57.153[Status]{'id': 16, 'coordinate': [892.9861564683218, 105.79375332486437]}
2019-09-05_00:57:57.153[Status]Routing 83: Walk: 83
2019-09-05_00:57:57.253[Battery Energy]50.23
2019-09-05_00:57:57.253[Status]Routing Start.
2019-09-05_00:57:57.421[Status]{'id': 16, 'coordinate': [902.9859896787835, 105.85150938901936]}
2019-09-05_00:57:57.421[Status]Routing 84: Walk: 84
2019-09-05_00:57:57.522[Battery Energy]50.03
2019-09-05_00:57:57.522[Status]Routing Start.
2019-09-05_00:57:57.734[Status]{'id': 16, 'coordinate': [912.9858228892452, 105.90926545317436]}
2019-09-05_00:57:57.738[Status]Routing 85: Walk: 85
2019-09-05_00:57:57.844[Battery Energy]49.79
2019-09-05_00:57:57.844[Status]Routing Start.
2019-09-05_00:57:57.986[Status]{'id': 16, 'coordinate': [922.985656099707, 105.96702151732934]}
2019-09-05_00:57:57.988[Status]Routing 86: Walk: 86
2019-09-05_00:57:58.088[Battery Energy]49.58
2019-09-05_00:57:58.088[Status]Routing Start.
2019-09-05_00:57:58.258[Status]{'id': 16, 'coordinate': [932.9854893101686, 106.02477758148434]}
2019-09-05_00:57:58.258[Status]Routing 87: Walk: 87
2019-09-05_00:57:58.364[Battery Energy]49.36
2019-09-05_00:57:58.364[Status]Routing Start.
2019-09-05_00:57:58.536[Status]{'id': 16, 'coordinate': [942.9853225206303, 106.08253364563933]}
2019-09-05_00:57:58.536[Status]Routing 88: Walk: 88
2019-09-05_00:57:58.665[Battery Energy]49.12
2019-09-05_00:57:58.665[Status]Routing Start.
2019-09-05_00:57:58.826[Status]{'id': 16, 'coordinate': [952.985155731092, 106.14028970979433]}
2019-09-05_00:57:58.826[Status]Routing 89: Walk: 89
2019-09-05_00:57:58.928[Battery Energy]48.93
2019-09-05_00:57:58.928[Status]Routing Start.
2019-09-05_00:57:59.080[Status]{'id': 16, 'coordinate': [962.9849889415538, 106.19804577394932]}
2019-09-05_00:57:59.080[Status]Routing 90: Walk: 90
2019-09-05_00:57:59.194[Battery Energy]48.71
2019-09-05_00:57:59.194[Status]Routing Start.
2019-09-05_00:57:59.352[Status]{'id': 16, 'coordinate': [972.9848221520155, 106.25580183810432]}
2019-09-05_00:57:59.352[Status]Routing 91: Walk: 91
2019-09-05_00:57:59.453[Battery Energy]48.51
2019-09-05_00:57:59.453[Status]Routing Start.
2019-09-05_00:57:59.612[Status]{'id': 16, 'coordinate': [982.9846553624772, 106.3135579022593]}
2019-09-05_00:57:59.613[Status]Routing 92: Walk: 92
2019-09-05_00:57:59.720[Battery Energy]48.31
2019-09-05_00:57:59.720[Status]Routing Start.
2019-09-05_00:58:00.082[Status]{'id': 16, 'coordinate': [992.9844885729389, 106.3713139664143]}
2019-09-05_00:58:00.082[Status]Routing 93: Walk: 93
2019-09-05_00:58:00.183[Battery Energy]47.99
2019-09-05_00:58:00.183[Status]Routing Start.
2019-09-05_00:58:00.396[Status]{'id': 16, 'coordinate': [1002.9843217834006, 106.42907003056929]}
2019-09-05_00:58:00.396[Status]Routing 94: Walk: 94
2019-09-05_00:58:00.508[Battery Energy]47.75
2019-09-05_00:58:00.508[Status]Routing Start.
2019-09-05_00:58:00.697[Status]{'id': 16, 'coordinate': [1012.9841549938623, 106.4868260947243]}
2019-09-05_00:58:00.697[Status]Routing 95: Walk: 95
2019-09-05_00:58:00.802[Battery Energy]47.52
2019-09-05_00:58:00.802[Status]Routing Start.
2019-09-05_00:58:01.056[Status]{'id': 16, 'coordinate': [1022.983988204324, 106.54458215887928]}
2019-09-05_00:58:01.056[Status]Routing 96: Walk: 96
2019-09-05_00:58:01.197[Battery Energy]47.24
2019-09-05_00:58:01.200[Status]Routing Start.
2019-09-05_00:58:01.410[Status]{'id': 16, 'coordinate': [1032.9838214147858, 106.60233822303428]}
2019-09-05_00:58:01.410[Status]Routing 97: Walk: 97
2019-09-05_00:58:01.511[Battery Energy]47.01
2019-09-05_00:58:01.511[Status]Routing Start.
2019-09-05_00:58:01.717[Status]{'id': 16, 'coordinate': [1042.9836546252475, 106.66009428718927]}
2019-09-05_00:58:01.717[Status]Routing 98: Walk: 98
2019-09-05_00:58:01.826[Battery Energy]46.76
2019-09-05_00:58:01.826[Status]Routing Start.
2019-09-05_00:58:02.123[Status]{'id': 16, 'coordinate': [1052.9834878357092, 106.71785035134427]}
2019-09-05_00:58:02.123[Status]Routing 99: Walk: 99
2019-09-05_00:58:02.224[Battery Energy]46.52
2019-09-05_00:58:02.224[Status]Routing Start.
2019-09-05_00:58:02.224[Status]Task Finished.
2019-09-05_00:58:02.324[Battery Energy]46.52
2019-09-05_00:58:02.490[Status]Routing 101: Walk: 99
2019-09-05_00:58:02.604[Battery Energy]46.41
2019-09-05_00:58:02.783[Status]Routing 102: Walk: 99
2019-09-05_00:58:02.892[Battery Energy]46.31
2019-09-05_00:58:03.151[Status]Routing 103: Walk: 99
2019-09-05_00:58:03.251[Battery Energy]46.15
2019-09-05_00:58:03.450[Status]Routing 104: Walk: 99
2019-09-05_00:58:03.575[Battery Energy]46.03
2019-09-05_00:58:03.784[Status]Routing 105: Walk: 99
2019-09-05_00:58:03.884[Battery Energy]45.91
2019-09-05_00:58:04.130[Status]Routing 106: Walk: 99
2019-09-05_00:58:04.231[Battery Energy]45.81
2019-09-05_00:58:04.484[Status]Routing 107: Walk: 99
2019-09-05_00:58:04.585[Battery Energy]45.67
2019-09-05_00:58:04.798[Status]Routing 108: Walk: 99
2019-09-05_00:58:04.898[Battery Energy]45.53
2019-09-05_00:58:05.093[Status]Routing 109: Walk: 99
2019-09-05_00:58:05.193[Battery Energy]45.39
2019-09-05_00:58:05.625[Status]Routing 110: Walk: 99
2019-09-05_00:58:05.725[Battery Energy]45.18
2019-09-05_00:58:05.878[Status]Routing 111: Walk: 99
2019-09-05_00:58:05.984[Battery Energy]45.07
2019-09-05_00:58:06.189[Status]Routing 112: Walk: 99
2019-09-05_00:58:06.289[Battery Energy]44.93
2019-09-05_00:58:06.666[Status]Routing 113: Walk: 99
2019-09-05_00:58:06.784[Battery Energy]44.70
2019-09-05_00:58:07.114[Status]Routing 114: Walk: 99
2019-09-05_00:58:07.228[Battery Energy]44.49
2019-09-05_00:58:07.379[Status]Routing 115: Walk: 99
2019-09-05_00:58:07.494[Battery Energy]44.38
2019-09-05_00:58:07.720[Status]Routing 116: Walk: 99
2019-09-05_00:58:07.838[Battery Energy]44.24
2019-09-05_00:58:08.135[Status]Routing 117: Walk: 99
2019-09-05_00:58:08.236[Battery Energy]44.06
2019-09-05_00:58:08.613[Status]Routing 118: Walk: 99
2019-09-05_00:58:08.716[Battery Energy]43.87
2019-09-05_00:58:09.020[Status]Routing 119: Walk: 99
2019-09-05_00:58:09.122[Battery Energy]43.67
2019-09-05_00:58:09.332[Status]Routing 120: Walk: 99
2019-09-05_00:58:09.444[Battery Energy]43.54
2019-09-05_00:58:09.690[Status]Routing 121: Walk: 99
2019-09-05_00:58:09.790[Battery Energy]43.40
2019-09-05_00:58:10.051[Status]Routing 122: Walk: 99
2019-09-05_00:58:10.168[Battery Energy]43.25
2019-09-05_00:58:10.394[Status]Routing 123: Walk: 99
2019-09-05_00:58:10.504[Battery Energy]43.16
2019-09-05_00:58:10.681[Status]Routing 124: Walk: 99
2019-09-05_00:58:10.781[Battery Energy]43.04
2019-09-05_00:58:10.978[Status]Routing 125: Walk: 99
2019-09-05_00:58:11.078[Battery Energy]42.90
2019-09-05_00:58:11.307[Status]Routing 126: Walk: 99
2019-09-05_00:58:11.412[Battery Energy]42.76
2019-09-05_00:58:11.625[Status]Routing 127: Walk: 99
2019-09-05_00:58:11.725[Battery Energy]42.63
2019-09-05_00:58:11.950[Status]Routing 128: Walk: 99
2019-09-05_00:58:12.054[Battery Energy]42.50
2019-09-05_00:58:12.223[Status]Routing 129: Walk: 99
2019-09-05_00:58:12.336[Battery Energy]42.40
2019-09-05_00:58:12.514[Status]Routing 130: Walk: 99
2019-09-05_00:58:12.620[Battery Energy]42.28
2019-09-05_00:58:12.783[Status]Routing 131: Walk: 99
2019-09-05_00:58:12.888[Battery Energy]42.16
2019-09-05_00:58:13.139[Status]Routing 132: Walk: 99
2019-09-05_00:58:13.260[Battery Energy]41.99
2019-09-05_00:58:13.415[Status]Routing 133: Walk: 99
2019-09-05_00:58:13.524[Battery Energy]41.90
2019-09-05_00:58:13.701[Status]Routing 134: Walk: 99
2019-09-05_00:58:13.820[Battery Energy]41.78
2019-09-05_00:58:14.031[Status]Routing 135: Walk: 99
2019-09-05_00:58:14.136[Battery Energy]41.67
2019-09-05_00:58:14.361[Status]Routing 136: Walk: 99
2019-09-05_00:58:14.472[Battery Energy]41.53
2019-09-05_00:58:14.714[Status]Routing 137: Walk: 99
2019-09-05_00:58:14.814[Battery Energy]41.41
2019-09-05_00:58:15.229[Status]Routing 138: Walk: 99
2019-09-05_00:58:15.329[Battery Energy]41.23
2019-09-05_00:58:15.583[Status]Routing 139: Walk: 99
2019-09-05_00:58:15.683[Battery Energy]41.09
2019-09-05_00:58:15.909[Status]Routing 140: Walk: 99
2019-09-05_00:58:16.009[Battery Energy]40.93
2019-09-05_00:58:16.295[Status]Routing 141: Walk: 99
2019-09-05_00:58:16.395[Battery Energy]40.76
2019-09-05_00:58:16.652[Status]Routing 142: Walk: 99
2019-09-05_00:58:16.753[Battery Energy]40.64
2019-09-05_00:58:17.156[Status]Routing 143: Walk: 99
2019-09-05_00:58:17.256[Battery Energy]40.38
2019-09-05_00:58:17.612[Status]Routing 144: Walk: 99
2019-09-05_00:58:17.712[Battery Energy]40.16
2019-09-05_00:58:17.951[Status]Routing 145: Walk: 99
2019-09-05_00:58:18.064[Battery Energy]40.00
2019-09-05_00:58:18.307[Status]Routing 146: Walk: 99
2019-09-05_00:58:18.420[Battery Energy]39.87
2019-09-05_00:58:18.601[Status]Routing 147: Walk: 99
2019-09-05_00:58:18.701[Battery Energy]39.78
2019-09-05_00:58:18.883[Status]Routing 148: Walk: 99
2019-09-05_00:58:18.996[Battery Energy]39.66
2019-09-05_00:58:19.118[Status]Routing 149: Walk: 99
2019-09-05_00:58:19.218[Battery Energy]39.56
2019-09-05_00:58:19.413[Status]Routing 150: Walk: 99
2019-09-05_00:58:19.513[Battery Energy]39.45
2019-09-05_00:58:19.682[Status]Routing 151: Walk: 99
2019-09-05_00:58:19.796[Battery Energy]39.33
2019-09-05_00:58:19.983[Status]Routing 152: Walk: 99
2019-09-05_00:58:20.092[Battery Energy]39.18
2019-09-05_00:58:20.236[Status]Routing 153: Walk: 99
2019-09-05_00:58:20.348[Battery Energy]39.10
2019-09-05_00:58:20.550[Status]Routing 154: Walk: 99
2019-09-05_00:58:20.651[Battery Energy]38.94
2019-09-05_00:58:20.957[Status]Routing 155: Walk: 99
2019-09-05_00:58:21.057[Battery Energy]38.75
2019-09-05_00:58:21.262[Status]Routing 156: Walk: 99
2019-09-05_00:58:21.370[Battery Energy]38.60
2019-09-05_00:58:21.534[Status]Routing 157: Walk: 99
2019-09-05_00:58:21.636[Battery Energy]38.50
2019-09-05_00:58:21.894[Status]Routing 158: Walk: 99
2019-09-05_00:58:21.994[Battery Energy]38.31
2019-09-05_00:58:22.175[Status]Routing 159: Walk: 99
2019-09-05_00:58:22.288[Battery Energy]38.20
2019-09-05_00:58:22.453[Status]Routing 160: Walk: 99
2019-09-05_00:58:22.556[Battery Energy]38.13
2019-09-05_00:58:22.855[Status]Routing 161: Walk: 99
2019-09-05_00:58:22.957[Battery Energy]37.97
2019-09-05_00:58:23.135[Status]Routing 162: Walk: 99
2019-09-05_00:58:23.235[Battery Energy]37.85
2019-09-05_00:58:23.406[Status]Routing 163: Walk: 99
2019-09-05_00:58:23.515[Battery Energy]37.72
2019-09-05_00:58:23.690[Status]Routing 164: Walk: 99
2019-09-05_00:58:23.800[Battery Energy]37.62
2019-09-05_00:58:24.007[Status]Routing 165: Walk: 99
2019-09-05_00:58:24.107[Battery Energy]37.50
2019-09-05_00:58:24.299[Status]Routing 166: Walk: 99
2019-09-05_00:58:24.412[Battery Energy]37.39
2019-09-05_00:58:24.532[Status]Routing 167: Walk: 99
2019-09-05_00:58:24.634[Battery Energy]37.31
2019-09-05_00:58:24.853[Status]Routing 168: Walk: 99
2019-09-05_00:58:24.960[Battery Energy]37.16
2019-09-05_00:58:25.125[Status]Routing 169: Walk: 99
2019-09-05_00:58:25.236[Battery Energy]37.08
2019-09-05_00:58:25.454[Status]Routing 170: Walk: 99
2019-09-05_00:58:25.554[Battery Energy]36.96
2019-09-05_00:58:25.719[Status]Routing 171: Walk: 99
2019-09-05_00:58:25.830[Battery Energy]36.86
2019-09-05_00:58:25.997[Status]Routing 172: Walk: 99
2019-09-05_00:58:26.097[Battery Energy]36.74
2019-09-05_00:58:26.300[Status]Routing 173: Walk: 99
2019-09-05_00:58:26.404[Battery Energy]36.58
2019-09-05_00:58:26.600[Status]Routing 174: Walk: 99
2019-09-05_00:58:26.700[Battery Energy]36.44
2019-09-05_00:58:26.867[Status]Routing 175: Walk: 99
2019-09-05_00:58:26.976[Battery Energy]36.33
2019-09-05_00:58:27.197[Status]Routing 176: Walk: 99
2019-09-05_00:58:27.312[Battery Energy]36.21
2019-09-05_00:58:27.642[Status]Routing 177: Walk: 99
2019-09-05_00:58:27.742[Battery Energy]36.01
2019-09-05_00:58:27.913[Status]Routing 178: Walk: 99
2019-09-05_00:58:28.024[Battery Energy]35.88
2019-09-05_00:58:28.285[Status]Routing 179: Walk: 99
2019-09-05_00:58:28.396[Battery Energy]35.74
2019-09-05_00:58:28.561[Status]Routing 180: Walk: 99
2019-09-05_00:58:28.662[Battery Energy]35.65
2019-09-05_00:58:28.823[Status]Routing 181: Walk: 99
2019-09-05_00:58:28.932[Battery Energy]35.53
2019-09-05_00:58:29.103[Status]Routing 182: Walk: 99
2019-09-05_00:58:29.208[Battery Energy]35.43
2019-09-05_00:58:29.372[Status]Routing 183: Walk: 99
2019-09-05_00:58:29.484[Battery Energy]35.32
2019-09-05_00:58:29.609[Status]Routing 184: Walk: 99
2019-09-05_00:58:29.716[Battery Energy]35.23
2019-09-05_00:58:29.912[Status]Routing 185: Walk: 99
2019-09-05_00:58:30.016[Battery Energy]35.07
2019-09-05_00:58:30.176[Status]Routing 186: Walk: 99
2019-09-05_00:58:30.284[Battery Energy]34.95
2019-09-05_00:58:30.498[Status]Routing 187: Walk: 99
2019-09-05_00:58:30.604[Battery Energy]34.85
2019-09-05_00:58:30.868[Status]Routing 188: Walk: 99
2019-09-05_00:58:30.988[Battery Energy]34.73
2019-09-05_00:58:31.202[Status]Routing 189: Walk: 99
2019-09-05_00:58:31.312[Battery Energy]34.62
2019-09-05_00:58:31.494[Status]Routing 190: Walk: 99
2019-09-05_00:58:31.594[Battery Energy]34.46
2019-09-05_00:58:31.776[Status]Routing 191: Walk: 99
2019-09-05_00:58:31.891[Battery Energy]34.34
2019-09-05_00:58:32.027[Status]Routing 192: Walk: 99
2019-09-05_00:58:32.127[Battery Energy]34.23
2019-09-05_00:58:32.398[Status]Routing 193: Walk: 99
2019-09-05_00:58:32.500[Battery Energy]34.03
2019-09-05_00:58:32.663[Status]Routing 194: Walk: 99
2019-09-05_00:58:32.792[Battery Energy]33.90
2019-09-05_00:58:33.014[Status]Routing 195: Walk: 99
2019-09-05_00:58:33.120[Battery Energy]33.79
2019-09-05_00:58:33.384[Status]Routing 196: Walk: 99
2019-09-05_00:58:33.496[Battery Energy]33.60
2019-09-05_00:58:33.669[Status]Routing 197: Walk: 99
2019-09-05_00:58:33.772[Battery Energy]33.50
2019-09-05_00:58:33.967[Status]Routing 198: Walk: 99
2019-09-05_00:58:34.076[Battery Energy]33.36
2019-09-05_00:58:34.342[Status]Routing 199: Walk: 99
2019-09-05_00:58:34.452[Battery Energy]33.23
2019-09-05_00:58:34.610[Status]Routing 200: Walk: 99
2019-09-05_00:58:34.716[Battery Energy]33.13
2019-09-05_00:58:34.985[Status]Routing 201: Walk: 99
2019-09-05_00:58:35.085[Battery Energy]32.93
2019-09-05_00:58:35.310[Status]Routing 202: Walk: 99
2019-09-05_00:58:35.416[Battery Energy]32.74
2019-09-05_00:58:35.606[Status]Routing 203: Walk: 99
2019-09-05_00:58:35.720[Battery Energy]32.59
2019-09-05_00:58:35.940[Status]Routing 204: Walk: 99
2019-09-05_00:58:36.040[Battery Energy]32.48
2019-09-05_00:58:36.232[Status]Routing 205: Walk: 99
2019-09-05_00:58:36.356[Battery Energy]32.33
2019-09-05_00:58:36.511[Status]Routing 206: Walk: 99
2019-09-05_00:58:36.611[Battery Energy]32.23
2019-09-05_00:58:36.816[Status]Routing 207: Walk: 99
2019-09-05_00:58:36.936[Battery Energy]32.12
2019-09-05_00:58:37.165[Status]Routing 208: Walk: 99
2019-09-05_00:58:37.272[Battery Energy]32.03
2019-09-05_00:58:37.435[Status]Routing 209: Walk: 99
2019-09-05_00:58:37.544[Battery Energy]31.93
2019-09-05_00:58:37.697[Status]Routing 210: Walk: 99
2019-09-05_00:58:37.798[Battery Energy]31.81
2019-09-05_00:58:38.038[Status]Routing 211: Walk: 99
2019-09-05_00:58:38.138[Battery Energy]31.64
2019-09-05_00:58:38.318[Status]Routing 212: Walk: 99
2019-09-05_00:58:38.432[Battery Energy]31.52
2019-09-05_00:58:38.586[Status]Routing 213: Walk: 99
2019-09-05_00:58:38.692[Battery Energy]31.44
2019-09-05_00:58:38.884[Status]Routing 214: Walk: 99
2019-09-05_00:58:38.984[Battery Energy]31.34
2019-09-05_00:58:39.243[Status]Routing 215: Walk: 99
2019-09-05_00:58:39.364[Battery Energy]31.16
2019-09-05_00:58:39.556[Status]Routing 216: Walk: 99
2019-09-05_00:58:39.656[Battery Energy]31.03
2019-09-05_00:58:39.867[Status]Routing 217: Walk: 99
2019-09-05_00:58:39.972[Battery Energy]30.87
2019-09-05_00:58:40.145[Status]Routing 218: Walk: 99
2019-09-05_00:58:40.256[Battery Energy]30.75
2019-09-05_00:58:40.450[Status]Routing 219: Walk: 99
2019-09-05_00:58:40.551[Battery Energy]30.64
2019-09-05_00:58:40.731[Status]Routing 220: Walk: 99
2019-09-05_00:58:40.840[Battery Energy]30.53
2019-09-05_00:58:41.113[Status]Routing 221: Walk: 99
2019-09-05_00:58:41.228[Battery Energy]30.39
2019-09-05_00:58:41.370[Status]Routing 222: Walk: 99
2019-09-05_00:58:41.472[Battery Energy]30.30
2019-09-05_00:58:41.658[Status]Routing 223: Walk: 99
2019-09-05_00:58:41.758[Battery Energy]30.16
2019-09-05_00:58:41.958[Status]Routing 224: Walk: 99
2019-09-05_00:58:42.063[Battery Energy]30.06
2019-09-05_00:58:42.260[Status]Routing 225: Walk: 99
2019-09-05_00:58:42.372[Battery Energy]29.95
2019-09-05_00:58:42.563[Status]Routing 226: Walk: 99
2019-09-05_00:58:42.663[Battery Energy]29.79
