2019-09-05_00:38:49.788[Status]Start.
2019-09-05_00:38:49.789[Battery Energy]105.00
2019-09-05_00:38:50.890[Battery Energy]104.96
2019-09-05_00:38:51.992[Battery Energy]104.92
2019-09-05_00:38:53.092[Battery Energy]104.88
2019-09-05_00:38:54.193[Battery Energy]104.84
2019-09-05_00:38:55.294[Task]A New Task Released.
2019-09-05_00:38:55.294[Battery Energy]104.80
2019-09-05_00:38:55.294[Status]Selection Start.
2019-09-05_00:38:56.225[Status]Selection End: Do Task 2.
2019-09-05_00:38:56.330[Battery Energy]104.20
2019-09-05_00:38:56.330[Status]Formation Start.
2019-09-05_00:38:56.602[Status]Formation End: To Position 1.
2019-09-05_00:38:56.704[Battery Energy]104.02
2019-09-05_00:38:56.704[Status]Routing Start.
2019-09-05_00:38:56.889[Status]{'coordinate': [63.42801790778256, 605.6664615900621], 'id': 18}
2019-09-05_00:38:56.889[Status]Routing 1: Walk: 1
2019-09-05_00:38:56.996[Battery Energy]103.80
2019-09-05_00:38:56.996[Status]Routing Start.
2019-09-05_00:38:57.319[Status]{'coordinate': [72.85603581556512, 602.3329231801242], 'id': 18}
2019-09-05_00:38:57.319[Status]Routing 2: Walk: 2
2019-09-05_00:38:57.432[Battery Energy]103.55
2019-09-05_00:38:57.432[Status]Routing Start.
2019-09-05_00:38:57.622[Status]{'coordinate': [82.28405372334768, 598.9993847701863], 'id': 18}
2019-09-05_00:38:57.622[Status]Routing 3: Walk: 3
2019-09-05_00:38:57.727[Battery Energy]103.32
2019-09-05_00:38:57.727[Status]Routing Start.
2019-09-05_00:38:57.990[Status]{'coordinate': [91.71207163113024, 595.6658463602485], 'id': 18}
2019-09-05_00:38:57.991[Status]Routing 4: Walk: 4
2019-09-05_00:38:58.108[Battery Energy]103.07
2019-09-05_00:38:58.108[Status]Routing Start.
2019-09-05_00:38:58.285[Status]{'coordinate': [101.1400895389128, 592.3323079503106], 'id': 18}
2019-09-05_00:38:58.285[Status]Routing 5: Walk: 5
2019-09-05_00:38:58.400[Battery Energy]102.85
2019-09-05_00:38:58.400[Status]Routing Start.
2019-09-05_00:38:58.683[Status]{'coordinate': [110.56810744669536, 588.9987695403727], 'id': 18}
2019-09-05_00:38:58.684[Status]Routing 6: Walk: 6
2019-09-05_00:38:58.789[Battery Energy]102.58
2019-09-05_00:38:58.789[Status]Routing Start.
2019-09-05_00:38:59.176[Status]{'coordinate': [119.99612535447793, 585.6652311304348], 'id': 18}
2019-09-05_00:38:59.176[Status]Routing 7: Walk: 7
2019-09-05_00:38:59.280[Battery Energy]102.28
2019-09-05_00:38:59.281[Status]Routing Start.
2019-09-05_00:38:59.597[Status]{'coordinate': [129.4241432622605, 582.3316927204969], 'id': 18}
2019-09-05_00:38:59.597[Status]Routing 8: Walk: 8
2019-09-05_00:38:59.697[Battery Energy]101.95
2019-09-05_00:38:59.697[Status]Routing Start.
2019-09-05_00:39:00.058[Status]{'coordinate': [138.85216117004305, 578.998154310559], 'id': 18}
2019-09-05_00:39:00.058[Status]Routing 9: Walk: 9
2019-09-05_00:39:00.168[Battery Energy]101.63
2019-09-05_00:39:00.168[Status]Routing Start.
2019-09-05_00:39:00.698[Status]Routing 10: Walk: 9
2019-09-05_00:39:00.799[Battery Energy]101.18
2019-09-05_00:39:00.799[Status]Routing Start.
2019-09-05_00:39:01.216[Status]Routing 11: Walk: 9
2019-09-05_00:39:01.320[Battery Energy]100.84
2019-09-05_00:39:01.320[Status]Routing Start.
2019-09-05_00:39:01.794[Status]Routing 12: Walk: 9
2019-09-05_00:39:01.897[Battery Energy]100.42
2019-09-05_00:39:01.897[Status]Routing Start.
2019-09-05_00:39:02.401[Status]Routing 13: Walk: 9
2019-09-05_00:39:02.501[Battery Energy]100.10
2019-09-05_00:39:02.501[Status]Routing Start.
2019-09-05_00:39:02.894[Status]Routing 14: Walk: 9
2019-09-05_00:39:02.994[Battery Energy]99.75
2019-09-05_00:39:02.994[Status]Routing Start.
2019-09-05_00:39:03.383[Status]{'coordinate': [148.2801790778256, 575.6646159006211], 'id': 18}
2019-09-05_00:39:03.383[Status]Routing 15: Walk: 10
2019-09-05_00:39:03.483[Battery Energy]99.33
2019-09-05_00:39:03.483[Status]Routing Start.
2019-09-05_00:39:03.833[Status]{'coordinate': [157.70819698560817, 572.3310774906832], 'id': 18}
2019-09-05_00:39:03.833[Status]Routing 16: Walk: 11
2019-09-05_00:39:03.933[Battery Energy]98.96
2019-09-05_00:39:03.933[Status]Routing Start.
2019-09-05_00:39:04.408[Status]Routing 17: Walk: 11
2019-09-05_00:39:04.509[Battery Energy]98.56
2019-09-05_00:39:04.509[Status]Routing Start.
2019-09-05_00:39:04.889[Status]Routing 18: Walk: 11
2019-09-05_00:39:04.992[Battery Energy]98.21
2019-09-05_00:39:04.992[Status]Routing Start.
2019-09-05_00:39:05.344[Status]{'coordinate': [167.13621489339073, 568.9975390807454], 'id': 18}
2019-09-05_00:39:05.344[Status]Routing 19: Walk: 12
2019-09-05_00:39:05.444[Battery Energy]97.79
2019-09-05_00:39:05.444[Status]Routing Start.
2019-09-05_00:39:05.811[Status]{'coordinate': [176.5642328011733, 565.6640006708075], 'id': 18}
2019-09-05_00:39:05.811[Status]Routing 20: Walk: 13
2019-09-05_00:39:05.914[Battery Energy]97.36
2019-09-05_00:39:05.914[Status]Routing Start.
2019-09-05_00:39:06.070[Status]{'coordinate': [185.99225070895585, 562.3304622608696], 'id': 18}
2019-09-05_00:39:06.070[Status]Routing 21: Walk: 14
2019-09-05_00:39:06.171[Battery Energy]97.15
2019-09-05_00:39:06.171[Status]Routing Start.
2019-09-05_00:39:06.597[Status]{'coordinate': [195.4202686167384, 558.9969238509317], 'id': 18}
2019-09-05_00:39:06.598[Status]Routing 22: Walk: 15
2019-09-05_00:39:06.701[Battery Energy]96.83
2019-09-05_00:39:06.701[Status]Routing Start.
2019-09-05_00:39:07.023[Status]{'coordinate': [204.84828652452097, 555.6633854409938], 'id': 18}
2019-09-05_00:39:07.023[Status]Routing 23: Walk: 16
2019-09-05_00:39:07.123[Battery Energy]96.52
2019-09-05_00:39:07.123[Status]Routing Start.
2019-09-05_00:39:07.464[Status]{'coordinate': [214.27630443230353, 552.3298470310559], 'id': 18}
2019-09-05_00:39:07.464[Status]Routing 24: Walk: 17
2019-09-05_00:39:07.565[Battery Energy]96.24
2019-09-05_00:39:07.565[Status]Routing Start.
2019-09-05_00:39:07.891[Status]{'coordinate': [223.7043223400861, 548.996308621118], 'id': 18}
2019-09-05_00:39:07.891[Status]Routing 25: Walk: 18
2019-09-05_00:39:07.996[Battery Energy]95.85
2019-09-05_00:39:07.996[Status]Routing Start.
2019-09-05_00:39:08.323[Status]{'coordinate': [233.13234024786865, 545.6627702111801], 'id': 18}
2019-09-05_00:39:08.324[Status]Routing 26: Walk: 19
2019-09-05_00:39:08.424[Battery Energy]95.53
2019-09-05_00:39:08.424[Status]Routing Start.
2019-09-05_00:39:08.616[Status]{'coordinate': [242.56035815565122, 542.3292318012423], 'id': 18}
2019-09-05_00:39:08.616[Status]Routing 27: Walk: 20
2019-09-05_00:39:08.740[Battery Energy]95.31
2019-09-05_00:39:08.740[Status]Routing Start.
2019-09-05_00:39:09.075[Status]{'coordinate': [251.98837606343378, 538.9956933913044], 'id': 18}
2019-09-05_00:39:09.075[Status]Routing 28: Walk: 21
2019-09-05_00:39:09.180[Battery Energy]95.00
2019-09-05_00:39:09.180[Status]Routing Start.
2019-09-05_00:39:09.571[Status]{'coordinate': [261.41639397121634, 535.6621549813665], 'id': 18}
2019-09-05_00:39:09.571[Status]Routing 29: Walk: 22
2019-09-05_00:39:09.676[Battery Energy]94.69
2019-09-05_00:39:09.676[Status]Routing Start.
2019-09-05_00:39:10.030[Status]{'coordinate': [270.84441187899887, 532.3286165714286], 'id': 18}
2019-09-05_00:39:10.030[Status]Routing 30: Walk: 23
2019-09-05_00:39:10.136[Battery Energy]94.38
2019-09-05_00:39:10.136[Status]Routing Start.
2019-09-05_00:39:10.506[Status]{'coordinate': [280.2724297867814, 528.9950781614907], 'id': 18}
2019-09-05_00:39:10.506[Status]Routing 31: Walk: 24
2019-09-05_00:39:10.608[Battery Energy]94.06
2019-09-05_00:39:10.608[Status]Routing Start.
2019-09-05_00:39:10.996[Status]{'coordinate': [289.70044769456393, 525.6615397515528], 'id': 18}
2019-09-05_00:39:10.996[Status]Routing 32: Walk: 25
2019-09-05_00:39:11.108[Battery Energy]93.70
2019-09-05_00:39:11.108[Status]Routing Start.
2019-09-05_00:39:11.424[Status]Routing 33: Walk: 25
2019-09-05_00:39:11.524[Battery Energy]93.36
2019-09-05_00:39:11.524[Status]Routing Start.
2019-09-05_00:39:11.984[Status]Routing 34: Walk: 25
2019-09-05_00:39:12.084[Battery Energy]92.96
2019-09-05_00:39:12.084[Status]Routing Start.
2019-09-05_00:39:12.381[Status]Routing 35: Walk: 25
2019-09-05_00:39:12.483[Battery Energy]92.67
2019-09-05_00:39:12.484[Status]Routing Start.
2019-09-05_00:39:12.964[Status]Routing 36: Walk: 25
2019-09-05_00:39:13.064[Battery Energy]92.33
2019-09-05_00:39:13.064[Status]Routing Start.
2019-09-05_00:39:13.502[Status]Routing 37: Walk: 25
2019-09-05_00:39:13.602[Battery Energy]91.97
2019-09-05_00:39:13.602[Status]Routing Start.
2019-09-05_00:39:13.752[Status]{'coordinate': [299.12846560234647, 522.3280013416149], 'id': 18}
2019-09-05_00:39:13.752[Status]Routing 38: Walk: 26
2019-09-05_00:39:13.855[Battery Energy]91.74
2019-09-05_00:39:13.855[Status]Routing Start.
2019-09-05_00:39:14.186[Status]{'coordinate': [308.556483510129, 518.994462931677], 'id': 18}
2019-09-05_00:39:14.186[Status]Routing 39: Walk: 27
2019-09-05_00:39:14.286[Battery Energy]91.43
2019-09-05_00:39:14.286[Status]Routing Start.
2019-09-05_00:39:14.637[Status]{'coordinate': [317.98450141791153, 515.6609245217392], 'id': 18}
2019-09-05_00:39:14.637[Status]Routing 40: Walk: 28
2019-09-05_00:39:14.740[Battery Energy]91.12
2019-09-05_00:39:14.740[Status]Routing Start.
2019-09-05_00:39:15.113[Status]{'coordinate': [327.41251932569406, 512.3273861118013], 'id': 18}
2019-09-05_00:39:15.113[Status]Routing 41: Walk: 29
2019-09-05_00:39:15.213[Battery Energy]90.78
2019-09-05_00:39:15.213[Status]Routing Start.
2019-09-05_00:39:15.587[Status]{'coordinate': [336.8405372334766, 508.9938477018634], 'id': 18}
2019-09-05_00:39:15.587[Status]Routing 42: Walk: 30
2019-09-05_00:39:15.687[Battery Energy]90.50
2019-09-05_00:39:15.687[Status]Routing Start.
2019-09-05_00:39:15.984[Status]{'coordinate': [346.2685551412591, 505.6603092919255], 'id': 18}
2019-09-05_00:39:15.984[Status]Routing 43: Walk: 31
2019-09-05_00:39:16.091[Battery Energy]90.19
2019-09-05_00:39:16.091[Status]Routing Start.
2019-09-05_00:39:16.521[Status]{'coordinate': [355.69657304904166, 502.3267708819876], 'id': 18}
2019-09-05_00:39:16.521[Status]Routing 44: Walk: 32
2019-09-05_00:39:16.636[Battery Energy]89.82
2019-09-05_00:39:16.636[Status]Routing Start.
2019-09-05_00:39:16.994[Status]{'coordinate': [365.1245909568242, 498.9932324720497], 'id': 18}
2019-09-05_00:39:16.994[Status]Routing 45: Walk: 33
2019-09-05_00:39:17.095[Battery Energy]89.51
2019-09-05_00:39:17.095[Status]Routing Start.
2019-09-05_00:39:17.438[Status]{'coordinate': [374.5526088646067, 495.65969406211184], 'id': 18}
2019-09-05_00:39:17.438[Status]Routing 46: Walk: 34
2019-09-05_00:39:17.544[Battery Energy]89.19
2019-09-05_00:39:17.544[Status]Routing Start.
2019-09-05_00:39:17.895[Status]{'coordinate': [383.98062677238926, 492.32615565217395], 'id': 18}
2019-09-05_00:39:17.895[Status]Routing 47: Walk: 35
2019-09-05_00:39:18.008[Battery Energy]88.87
2019-09-05_00:39:18.008[Status]Routing Start.
2019-09-05_00:39:18.365[Status]{'coordinate': [393.4086446801718, 488.99261724223607], 'id': 18}
2019-09-05_00:39:18.365[Status]Routing 48: Walk: 36
2019-09-05_00:39:18.465[Battery Energy]88.53
2019-09-05_00:39:18.465[Status]Routing Start.
2019-09-05_00:39:18.630[Status]{'coordinate': [402.8366625879543, 485.6590788322982], 'id': 18}
2019-09-05_00:39:18.630[Status]Routing 49: Walk: 37
2019-09-05_00:39:18.744[Battery Energy]88.34
2019-09-05_00:39:18.744[Status]Routing Start.
2019-09-05_00:39:19.186[Status]Routing 50: Walk: 37
2019-09-05_00:39:19.286[Battery Energy]87.99
2019-09-05_00:39:19.286[Status]Routing Start.
2019-09-05_00:39:19.464[Status]{'coordinate': [412.26468049573685, 482.3255404223603], 'id': 18}
2019-09-05_00:39:19.464[Status]Routing 51: Walk: 38
2019-09-05_00:39:19.572[Battery Energy]87.77
2019-09-05_00:39:19.573[Status]Routing Start.
2019-09-05_00:39:19.886[Status]{'coordinate': [421.6926984035194, 478.9920020124224], 'id': 18}
2019-09-05_00:39:19.886[Status]Routing 52: Walk: 39
2019-09-05_00:39:19.996[Battery Energy]87.48
2019-09-05_00:39:19.996[Status]Routing Start.
2019-09-05_00:39:20.167[Status]{'coordinate': [431.1207163113019, 475.6584636024845], 'id': 18}
2019-09-05_00:39:20.167[Status]Routing 53: Walk: 40
2019-09-05_00:39:20.287[Battery Energy]87.28
2019-09-05_00:39:20.287[Status]Routing Start.
2019-09-05_00:39:20.606[Status]{'coordinate': [440.54873421908445, 472.32492519254663], 'id': 18}
2019-09-05_00:39:20.606[Status]Routing 54: Walk: 41
2019-09-05_00:39:20.712[Battery Energy]87.04
2019-09-05_00:39:20.712[Status]Routing Start.
2019-09-05_00:39:20.850[Status]{'coordinate': [449.976752126867, 468.99138678260874], 'id': 18}
2019-09-05_00:39:20.850[Status]Routing 55: Walk: 42
2019-09-05_00:39:20.968[Battery Energy]86.83
2019-09-05_00:39:20.968[Status]Routing Start.
2019-09-05_00:39:21.312[Status]{'coordinate': [459.4047700346495, 465.65784837267086], 'id': 18}
2019-09-05_00:39:21.312[Status]Routing 56: Walk: 43
2019-09-05_00:39:21.420[Battery Energy]86.51
2019-09-05_00:39:21.420[Status]Routing Start.
2019-09-05_00:39:21.788[Status]{'coordinate': [468.83278794243205, 462.32430996273297], 'id': 18}
2019-09-05_00:39:21.788[Status]Routing 57: Walk: 44
2019-09-05_00:39:21.892[Battery Energy]86.19
2019-09-05_00:39:21.892[Status]Routing Start.
2019-09-05_00:39:22.239[Status]{'coordinate': [478.2608058502146, 458.9907715527951], 'id': 18}
2019-09-05_00:39:22.241[Status]Routing 58: Walk: 45
2019-09-05_00:39:22.356[Battery Energy]85.85
2019-09-05_00:39:22.356[Status]Routing Start.
2019-09-05_00:39:22.743[Status]{'coordinate': [487.6888237579971, 455.65723314285714], 'id': 18}
2019-09-05_00:39:22.743[Status]Routing 59: Walk: 46
2019-09-05_00:39:22.860[Battery Energy]85.53
2019-09-05_00:39:22.860[Status]Routing Start.
2019-09-05_00:39:23.199[Status]{'coordinate': [497.11684166577965, 452.32369473291925], 'id': 18}
2019-09-05_00:39:23.200[Status]Routing 60: Walk: 47
2019-09-05_00:39:23.320[Battery Energy]85.22
2019-09-05_00:39:23.320[Status]Routing Start.
2019-09-05_00:39:23.611[Status]{'coordinate': [506.5448595735622, 448.9901563229813], 'id': 18}
2019-09-05_00:39:23.611[Status]Routing 61: Walk: 48
2019-09-05_00:39:23.720[Battery Energy]84.91
2019-09-05_00:39:23.720[Status]Routing Start.
2019-09-05_00:39:24.065[Status]{'coordinate': [515.9728774813448, 445.6566179130434], 'id': 18}
2019-09-05_00:39:24.065[Status]Routing 62: Walk: 49
2019-09-05_00:39:24.165[Battery Energy]84.62
2019-09-05_00:39:24.165[Status]Routing Start.
2019-09-05_00:39:24.382[Status]{'coordinate': [525.4008953891273, 442.32307950310553], 'id': 18}
2019-09-05_00:39:24.382[Status]Routing 63: Walk: 50
2019-09-05_00:39:24.488[Battery Energy]84.38
2019-09-05_00:39:24.488[Status]Routing Start.
2019-09-05_00:39:24.631[Status]{'coordinate': [534.8289132969098, 438.9895410931676], 'id': 18}
2019-09-05_00:39:24.631[Status]Routing 64: Walk: 51
2019-09-05_00:39:24.736[Battery Energy]84.18
2019-09-05_00:39:24.736[Status]Routing Start.
2019-09-05_00:39:24.978[Status]{'coordinate': [544.2569312046924, 435.65600268322964], 'id': 18}
2019-09-05_00:39:24.978[Status]Routing 65: Walk: 52
2019-09-05_00:39:25.078[Battery Energy]83.93
2019-09-05_00:39:25.078[Status]Routing Start.
2019-09-05_00:39:25.287[Status]{'coordinate': [553.6849491124749, 432.32246427329176], 'id': 18}
2019-09-05_00:39:25.287[Status]Routing 66: Walk: 53
2019-09-05_00:39:25.396[Battery Energy]83.70
2019-09-05_00:39:25.396[Status]Routing Start.
2019-09-05_00:39:25.622[Status]{'coordinate': [563.1129670202574, 428.98892586335387], 'id': 18}
2019-09-05_00:39:25.622[Status]Routing 67: Walk: 54
2019-09-05_00:39:25.728[Battery Energy]83.47
2019-09-05_00:39:25.728[Status]Routing Start.
2019-09-05_00:39:25.987[Status]{'coordinate': [572.54098492804, 425.655387453416], 'id': 18}
2019-09-05_00:39:25.987[Status]Routing 68: Walk: 55
2019-09-05_00:39:26.087[Battery Energy]83.16
2019-09-05_00:39:26.087[Status]Routing Start.
2019-09-05_00:39:26.297[Status]{'coordinate': [581.9690028358225, 422.32184904347804], 'id': 18}
2019-09-05_00:39:26.297[Status]Routing 69: Walk: 56
2019-09-05_00:39:26.398[Battery Energy]82.92
2019-09-05_00:39:26.398[Status]Routing Start.
2019-09-05_00:39:26.559[Status]{'coordinate': [591.397020743605, 418.9883106335401], 'id': 18}
2019-09-05_00:39:26.559[Status]Routing 70: Walk: 57
2019-09-05_00:39:26.659[Battery Energy]82.72
2019-09-05_00:39:26.659[Status]Routing Start.
2019-09-05_00:39:26.803[Status]{'coordinate': [600.8250386513876, 415.6547722236022], 'id': 18}
2019-09-05_00:39:26.803[Status]Routing 71: Walk: 58
2019-09-05_00:39:26.916[Battery Energy]82.50
2019-09-05_00:39:26.916[Status]Routing Start.
2019-09-05_00:39:27.129[Status]{'coordinate': [610.2530565591701, 412.3212338136643], 'id': 18}
2019-09-05_00:39:27.129[Status]Routing 72: Walk: 59
2019-09-05_00:39:27.240[Battery Energy]82.29
2019-09-05_00:39:27.240[Status]Routing Start.
2019-09-05_00:39:27.418[Status]{'coordinate': [619.6810744669526, 408.98769540372643], 'id': 18}
2019-09-05_00:39:27.418[Status]Routing 73: Walk: 60
2019-09-05_00:39:27.524[Battery Energy]82.03
2019-09-05_00:39:27.524[Status]Routing Start.
2019-09-05_00:39:27.685[Status]{'coordinate': [629.1090923747352, 405.65415699378855], 'id': 18}
2019-09-05_00:39:27.685[Status]Routing 74: Walk: 61
2019-09-05_00:39:27.796[Battery Energy]81.80
2019-09-05_00:39:27.796[Status]Routing Start.
2019-09-05_00:39:28.008[Status]{'coordinate': [638.5371102825177, 402.32061858385066], 'id': 18}
2019-09-05_00:39:28.008[Status]Routing 75: Walk: 62
2019-09-05_00:39:28.116[Battery Energy]81.57
2019-09-05_00:39:28.116[Status]Routing Start.
2019-09-05_00:39:28.354[Status]{'coordinate': [647.9651281903002, 398.9870801739127], 'id': 18}
2019-09-05_00:39:28.354[Status]Routing 76: Walk: 63
2019-09-05_00:39:28.454[Battery Energy]81.31
2019-09-05_00:39:28.454[Status]Routing Start.
2019-09-05_00:39:28.650[Status]{'coordinate': [657.3931460980828, 395.6535417639748], 'id': 18}
2019-09-05_00:39:28.651[Status]Routing 77: Walk: 64
2019-09-05_00:39:28.751[Battery Energy]81.06
2019-09-05_00:39:28.751[Status]Routing Start.
2019-09-05_00:39:28.958[Status]{'coordinate': [666.8211640058653, 392.3200033540369], 'id': 18}
2019-09-05_00:39:28.958[Status]Routing 78: Walk: 65
2019-09-05_00:39:29.058[Battery Energy]80.84
2019-09-05_00:39:29.058[Status]Routing Start.
2019-09-05_00:39:29.268[Status]{'coordinate': [676.2491819136478, 388.986464944099], 'id': 18}
2019-09-05_00:39:29.268[Status]Routing 79: Walk: 66
2019-09-05_00:39:29.368[Battery Energy]80.63
2019-09-05_00:39:29.368[Status]Routing Start.
2019-09-05_00:39:29.519[Status]{'coordinate': [685.6771998214303, 385.6529265341611], 'id': 18}
2019-09-05_00:39:29.519[Status]Routing 80: Walk: 67
2019-09-05_00:39:29.628[Battery Energy]80.42
2019-09-05_00:39:29.628[Status]Routing Start.
2019-09-05_00:39:29.778[Status]{'coordinate': [695.1052177292129, 382.31938812422317], 'id': 18}
2019-09-05_00:39:29.778[Status]Routing 81: Walk: 68
2019-09-05_00:39:29.888[Battery Energy]80.23
2019-09-05_00:39:29.888[Status]Routing Start.
2019-09-05_00:39:30.054[Status]{'coordinate': [704.5332356369954, 378.9858497142853], 'id': 18}
2019-09-05_00:39:30.054[Status]Routing 82: Walk: 69
2019-09-05_00:39:30.160[Battery Energy]80.02
2019-09-05_00:39:30.160[Status]Routing Start.
2019-09-05_00:39:30.394[Status]{'coordinate': [713.961253544778, 375.65231130434734], 'id': 18}
2019-09-05_00:39:30.394[Status]Routing 83: Walk: 70
2019-09-05_00:39:30.495[Battery Energy]79.80
2019-09-05_00:39:30.495[Status]Routing Start.
2019-09-05_00:39:30.732[Status]{'coordinate': [723.3892714525605, 372.31877289440945], 'id': 18}
2019-09-05_00:39:30.732[Status]Routing 84: Walk: 71
2019-09-05_00:39:30.872[Battery Energy]79.56
2019-09-05_00:39:30.872[Status]Routing Start.
2019-09-05_00:39:31.049[Status]{'coordinate': [732.817289360343, 368.98523448447156], 'id': 18}
2019-09-05_00:39:31.049[Status]Routing 85: Walk: 72
2019-09-05_00:39:31.172[Battery Energy]79.37
2019-09-05_00:39:31.175[Status]Routing Start.
2019-09-05_00:39:31.353[Status]{'coordinate': [742.2453072681255, 365.6516960745337], 'id': 18}
2019-09-05_00:39:31.353[Status]Routing 86: Walk: 73
2019-09-05_00:39:31.453[Battery Energy]79.16
2019-09-05_00:39:31.453[Status]Routing Start.
2019-09-05_00:39:31.660[Status]{'coordinate': [751.6733251759081, 362.3181576645958], 'id': 18}
2019-09-05_00:39:31.660[Status]Routing 87: Walk: 74
2019-09-05_00:39:31.776[Battery Energy]78.91
2019-09-05_00:39:31.776[Status]Routing Start.
2019-09-05_00:39:32.099[Status]{'coordinate': [761.1013430836906, 358.98461925465784], 'id': 18}
2019-09-05_00:39:32.099[Status]Routing 88: Walk: 75
2019-09-05_00:39:32.216[Battery Energy]78.62
2019-09-05_00:39:32.216[Status]Routing Start.
2019-09-05_00:39:32.618[Status]{'coordinate': [770.5293609914731, 355.6510808447199], 'id': 18}
2019-09-05_00:39:32.618[Status]Routing 89: Walk: 76
2019-09-05_00:39:32.720[Battery Energy]78.29
2019-09-05_00:39:32.720[Status]Routing Start.
2019-09-05_00:39:33.058[Status]{'coordinate': [779.9573788992557, 352.317542434782], 'id': 18}
2019-09-05_00:39:33.058[Status]Routing 90: Walk: 77
2019-09-05_00:39:33.158[Battery Energy]77.95
2019-09-05_00:39:33.158[Status]Routing Start.
2019-09-05_00:39:33.570[Status]{'coordinate': [789.3853968070382, 348.9840040248441], 'id': 18}
2019-09-05_00:39:33.570[Status]Routing 91: Walk: 78
2019-09-05_00:39:33.683[Battery Energy]77.59
2019-09-05_00:39:33.683[Status]Routing Start.
2019-09-05_00:39:33.910[Status]{'coordinate': [798.8134147148207, 345.65046561490624], 'id': 18}
2019-09-05_00:39:33.912[Status]Routing 92: Walk: 79
2019-09-05_00:39:34.016[Battery Energy]77.34
2019-09-05_00:39:34.016[Status]Routing Start.
2019-09-05_00:39:34.305[Status]{'coordinate': [808.2414326226033, 342.3169272049683], 'id': 18}
2019-09-05_00:39:34.305[Status]Routing 93: Walk: 80
2019-09-05_00:39:34.405[Battery Energy]77.08
2019-09-05_00:39:34.405[Status]Routing Start.
2019-09-05_00:39:34.613[Status]{'coordinate': [817.6694505303858, 338.9833887950304], 'id': 18}
2019-09-05_00:39:34.613[Status]Routing 94: Walk: 81
2019-09-05_00:39:34.727[Battery Energy]76.87
2019-09-05_00:39:34.727[Status]Routing Start.
2019-09-05_00:39:35.027[Status]{'coordinate': [827.0974684381683, 335.64985038509246], 'id': 18}
2019-09-05_00:39:35.028[Status]Routing 95: Walk: 82
2019-09-05_00:39:35.136[Battery Energy]76.58
2019-09-05_00:39:35.136[Status]Routing Start.
2019-09-05_00:39:35.289[Status]{'coordinate': [836.5254863459509, 332.3163119751546], 'id': 18}
2019-09-05_00:39:35.289[Status]Routing 96: Walk: 83
2019-09-05_00:39:35.396[Battery Energy]76.37
2019-09-05_00:39:35.396[Status]Routing Start.
2019-09-05_00:39:35.608[Status]{'coordinate': [845.9535042537334, 328.9827735652167], 'id': 18}
2019-09-05_00:39:35.608[Status]Routing 97: Walk: 84
2019-09-05_00:39:35.709[Battery Energy]76.14
2019-09-05_00:39:35.709[Status]Routing Start.
2019-09-05_00:39:35.998[Status]{'coordinate': [855.3815221615159, 325.64923515527875], 'id': 18}
2019-09-05_00:39:35.998[Status]Routing 98: Walk: 85
2019-09-05_00:39:36.108[Battery Energy]75.86
2019-09-05_00:39:36.108[Status]Routing Start.
2019-09-05_00:39:36.376[Status]{'coordinate': [864.8095400692985, 322.31569674534086], 'id': 18}
2019-09-05_00:39:36.376[Status]Routing 99: Walk: 86
2019-09-05_00:39:36.484[Battery Energy]75.60
2019-09-05_00:39:36.484[Status]Routing Start.
2019-09-05_00:39:36.822[Status]{'coordinate': [874.237557977081, 318.98215833540297], 'id': 18}
2019-09-05_00:39:36.822[Status]Routing 100: Walk: 87
2019-09-05_00:39:36.924[Battery Energy]75.34
2019-09-05_00:39:36.924[Status]Routing Start.
2019-09-05_00:39:37.259[Status]{'coordinate': [883.6655758848635, 315.648619925465], 'id': 18}
2019-09-05_00:39:37.259[Status]Routing 101: Walk: 88
2019-09-05_00:39:37.376[Battery Energy]75.03
2019-09-05_00:39:37.376[Status]Routing Start.
2019-09-05_00:39:37.711[Status]{'coordinate': [893.0935937926461, 312.31508151552714], 'id': 18}
2019-09-05_00:39:37.711[Status]Routing 102: Walk: 89
2019-09-05_00:39:37.816[Battery Energy]74.72
2019-09-05_00:39:37.817[Status]Routing Start.
2019-09-05_00:39:38.139[Status]{'coordinate': [902.5216117004286, 308.98154310558925], 'id': 18}
2019-09-05_00:39:38.141[Status]Routing 103: Walk: 90
2019-09-05_00:39:38.244[Battery Energy]74.41
2019-09-05_00:39:38.244[Status]Routing Start.
2019-09-05_00:39:38.542[Status]{'coordinate': [911.9496296082111, 305.64800469565137], 'id': 18}
2019-09-05_00:39:38.542[Status]Routing 104: Walk: 91
2019-09-05_00:39:38.678[Battery Energy]74.14
2019-09-05_00:39:38.678[Status]Routing Start.
2019-09-05_00:39:38.964[Status]{'coordinate': [921.3776475159937, 302.3144662857134], 'id': 18}
2019-09-05_00:39:38.965[Status]Routing 105: Walk: 92
2019-09-05_00:39:39.066[Battery Energy]73.87
2019-09-05_00:39:39.066[Status]Routing Start.
2019-09-05_00:39:39.392[Status]{'coordinate': [930.8056654237762, 298.98092787577554], 'id': 18}
2019-09-05_00:39:39.392[Status]Routing 106: Walk: 93
2019-09-05_00:39:39.500[Battery Energy]73.57
2019-09-05_00:39:39.500[Status]Routing Start.
2019-09-05_00:39:39.815[Status]{'coordinate': [940.2336833315587, 295.6473894658376], 'id': 18}
2019-09-05_00:39:39.815[Status]Routing 107: Walk: 94
2019-09-05_00:39:39.920[Battery Energy]73.29
2019-09-05_00:39:39.920[Status]Routing Start.
2019-09-05_00:39:40.253[Status]{'coordinate': [949.6617012393413, 292.3138510558997], 'id': 18}
2019-09-05_00:39:40.253[Status]Routing 108: Walk: 95
2019-09-05_00:39:40.353[Battery Energy]73.00
2019-09-05_00:39:40.353[Status]Routing Start.
2019-09-05_00:39:40.674[Status]{'coordinate': [959.0897191471238, 288.9803126459618], 'id': 18}
2019-09-05_00:39:40.674[Status]Routing 109: Walk: 96
2019-09-05_00:39:40.784[Battery Energy]72.73
2019-09-05_00:39:40.784[Status]Routing Start.
2019-09-05_00:39:41.135[Status]{'coordinate': [968.5177370549063, 285.6467742360239], 'id': 18}
2019-09-05_00:39:41.135[Status]Routing 110: Walk: 97
2019-09-05_00:39:41.236[Battery Energy]72.39
2019-09-05_00:39:41.236[Status]Routing Start.
2019-09-05_00:39:41.609[Status]{'coordinate': [977.9457549626889, 282.313235826086], 'id': 18}
2019-09-05_00:39:41.609[Status]Routing 111: Walk: 98
2019-09-05_00:39:41.709[Battery Energy]72.05
2019-09-05_00:39:41.710[Status]Routing Start.
2019-09-05_00:39:42.079[Status]{'coordinate': [987.3737728704714, 278.9796974161481], 'id': 18}
2019-09-05_00:39:42.079[Status]Routing 112: Walk: 99
2019-09-05_00:39:42.179[Battery Energy]71.70
2019-09-05_00:39:42.179[Status]Routing Start.
2019-09-05_00:39:42.435[Status]{'coordinate': [996.8017907782539, 275.64615900621015], 'id': 18}
2019-09-05_00:39:42.435[Status]Routing 113: Walk: 100
2019-09-05_00:39:42.544[Battery Energy]71.41
2019-09-05_00:39:42.544[Status]Routing Start.
2019-09-05_00:39:42.855[Status]{'coordinate': [1006.2298086860364, 272.31262059627227], 'id': 18}
2019-09-05_00:39:42.855[Status]Routing 114: Walk: 101
2019-09-05_00:39:42.960[Battery Energy]71.13
2019-09-05_00:39:42.960[Status]Routing Start.
2019-09-05_00:39:43.280[Status]{'coordinate': [1015.657826593819, 268.9790821863344], 'id': 18}
2019-09-05_00:39:43.280[Status]Routing 115: Walk: 102
2019-09-05_00:39:43.388[Battery Energy]70.85
2019-09-05_00:39:43.388[Status]Routing Start.
2019-09-05_00:39:43.649[Status]{'coordinate': [1025.0858445016015, 265.64554377639644], 'id': 18}
2019-09-05_00:39:43.649[Status]Routing 116: Walk: 103
2019-09-05_00:39:43.749[Battery Energy]70.56
2019-09-05_00:39:43.750[Status]Routing Start.
2019-09-05_00:39:44.100[Status]{'coordinate': [1034.513862409384, 262.31200536645855], 'id': 18}
2019-09-05_00:39:44.102[Status]Routing 117: Walk: 104
2019-09-05_00:39:44.202[Battery Energy]70.27
2019-09-05_00:39:44.202[Status]Routing Start.
2019-09-05_00:39:44.610[Status]{'coordinate': [1043.9418803171666, 258.97846695652066], 'id': 18}
2019-09-05_00:39:44.610[Status]Routing 118: Walk: 105
2019-09-05_00:39:44.712[Battery Energy]69.84
2019-09-05_00:39:44.712[Status]Routing Start.
2019-09-05_00:39:44.888[Status]{'coordinate': [1053.369898224949, 255.64492854658275], 'id': 18}
2019-09-05_00:39:44.888[Status]Routing 119: Walk: 106
2019-09-05_00:39:44.988[Battery Energy]69.62
2019-09-05_00:39:44.988[Status]Routing Start.
2019-09-05_00:39:45.222[Status]{'coordinate': [1062.7979161327316, 252.31139013664483], 'id': 18}
2019-09-05_00:39:45.223[Status]Routing 120: Walk: 107
2019-09-05_00:39:45.323[Battery Energy]69.39
2019-09-05_00:39:45.323[Status]Routing Start.
2019-09-05_00:39:45.821[Status]{'coordinate': [1072.2259340405142, 248.97785172670692], 'id': 18}
2019-09-05_00:39:45.821[Status]Routing 121: Walk: 108
2019-09-05_00:39:45.922[Battery Energy]68.93
2019-09-05_00:39:45.922[Status]Routing Start.
2019-09-05_00:39:46.093[Status]{'coordinate': [1081.6539519482967, 245.644313316769], 'id': 18}
2019-09-05_00:39:46.093[Status]Routing 122: Walk: 109
2019-09-05_00:39:46.200[Battery Energy]68.71
2019-09-05_00:39:46.200[Status]Routing Start.
2019-09-05_00:39:46.379[Status]{'coordinate': [1091.0819698560792, 242.31077490683109], 'id': 18}
2019-09-05_00:39:46.379[Status]Routing 123: Walk: 110
2019-09-05_00:39:46.479[Battery Energy]68.46
2019-09-05_00:39:46.479[Status]Routing Start.
2019-09-05_00:39:46.767[Status]{'coordinate': [1100.5099877638618, 238.97723649689317], 'id': 18}
2019-09-05_00:39:46.767[Status]Routing 124: Walk: 111
2019-09-05_00:39:46.867[Battery Energy]68.17
2019-09-05_00:39:46.867[Status]Routing Start.
2019-09-05_00:39:46.868[Status]Task Finished.
2019-09-05_00:39:46.968[Battery Energy]68.17
2019-09-05_00:39:47.252[Status]Routing 126: Walk: 111
2019-09-05_00:39:47.355[Battery Energy]67.96
2019-09-05_00:39:47.669[Status]Routing 127: Walk: 111
2019-09-05_00:39:47.771[Battery Energy]67.78
2019-09-05_00:39:48.106[Status]Routing 128: Walk: 111
2019-09-05_00:39:48.212[Battery Energy]67.59
2019-09-05_00:39:48.517[Status]Routing 129: Walk: 111
2019-09-05_00:39:48.632[Battery Energy]67.39
2019-09-05_00:39:48.800[Status]Routing 130: Walk: 111
2019-09-05_00:39:48.917[Battery Energy]67.29
2019-09-05_00:39:49.142[Status]Routing 131: Walk: 111
2019-09-05_00:39:49.248[Battery Energy]67.19
2019-09-05_00:39:49.660[Status]Routing 132: Walk: 111
2019-09-05_00:39:49.772[Battery Energy]66.93
2019-09-05_00:39:50.151[Status]Routing 133: Walk: 111
2019-09-05_00:39:50.256[Battery Energy]66.64
2019-09-05_00:39:50.440[Status]Routing 134: Walk: 111
2019-09-05_00:39:50.541[Battery Energy]66.48
2019-09-05_00:39:50.910[Status]Routing 135: Walk: 111
2019-09-05_00:39:51.020[Battery Energy]66.24
2019-09-05_00:39:51.151[Status]Routing 136: Walk: 111
2019-09-05_00:39:51.255[Battery Energy]66.14
2019-09-05_00:39:51.520[Status]Routing 137: Walk: 111
2019-09-05_00:39:51.620[Battery Energy]65.94
2019-09-05_00:39:51.894[Status]Routing 138: Walk: 111
2019-09-05_00:39:51.994[Battery Energy]65.80
2019-09-05_00:39:52.150[Status]Routing 139: Walk: 111
2019-09-05_00:39:52.268[Battery Energy]65.70
2019-09-05_00:39:52.423[Status]Routing 140: Walk: 111
2019-09-05_00:39:52.523[Battery Energy]65.60
2019-09-05_00:39:52.682[Status]Routing 141: Walk: 111
2019-09-05_00:39:52.784[Battery Energy]65.50
2019-09-05_00:39:52.991[Status]Routing 142: Walk: 111
2019-09-05_00:39:53.094[Battery Energy]65.38
2019-09-05_00:39:53.261[Status]Routing 143: Walk: 111
2019-09-05_00:39:53.376[Battery Energy]65.27
2019-09-05_00:39:53.563[Status]Routing 144: Walk: 111
2019-09-05_00:39:53.676[Battery Energy]65.17
2019-09-05_00:39:53.818[Status]Routing 145: Walk: 111
2019-09-05_00:39:53.924[Battery Energy]65.09
2019-09-05_00:39:54.227[Status]Routing 146: Walk: 111
2019-09-05_00:39:54.332[Battery Energy]64.92
2019-09-05_00:39:54.661[Status]Routing 147: Walk: 111
2019-09-05_00:39:54.761[Battery Energy]64.69
2019-09-05_00:39:55.065[Status]Routing 148: Walk: 111
2019-09-05_00:39:55.165[Battery Energy]64.54
2019-09-05_00:39:55.321[Status]Routing 149: Walk: 111
2019-09-05_00:39:55.432[Battery Energy]64.43
2019-09-05_00:39:55.694[Status]Routing 150: Walk: 111
2019-09-05_00:39:55.794[Battery Energy]64.27
2019-09-05_00:39:56.008[Status]Routing 151: Walk: 111
2019-09-05_00:39:56.108[Battery Energy]64.17
2019-09-05_00:39:56.260[Status]Routing 152: Walk: 111
2019-09-05_00:39:56.372[Battery Energy]64.06
2019-09-05_00:39:56.607[Status]Routing 153: Walk: 111
2019-09-05_00:39:56.707[Battery Energy]63.92
2019-09-05_00:39:56.880[Status]Routing 154: Walk: 111
2019-09-05_00:39:56.980[Battery Energy]63.78
2019-09-05_00:39:57.262[Status]Routing 155: Walk: 111
2019-09-05_00:39:57.375[Battery Energy]63.62
2019-09-05_00:39:57.594[Status]Routing 156: Walk: 111
2019-09-05_00:39:57.694[Battery Energy]63.51
2019-09-05_00:39:57.866[Status]Routing 157: Walk: 111
2019-09-05_00:39:57.966[Battery Energy]63.39
2019-09-05_00:39:58.147[Status]Routing 158: Walk: 111
2019-09-05_00:39:58.256[Battery Energy]63.29
2019-09-05_00:39:58.421[Status]Routing 159: Walk: 111
2019-09-05_00:39:58.521[Battery Energy]63.20
2019-09-05_00:39:58.680[Status]Routing 160: Walk: 111
2019-09-05_00:39:58.833[Battery Energy]63.07
2019-09-05_00:39:59.071[Status]Routing 161: Walk: 111
2019-09-05_00:39:59.171[Battery Energy]62.88
2019-09-05_00:39:59.347[Status]Routing 162: Walk: 111
2019-09-05_00:39:59.447[Battery Energy]62.73
2019-09-05_00:39:59.620[Status]Routing 163: Walk: 111
2019-09-05_00:39:59.732[Battery Energy]62.60
2019-09-05_00:39:59.897[Status]Routing 164: Walk: 111
2019-09-05_00:40:00.004[Battery Energy]62.50
2019-09-05_00:40:00.204[Status]Routing 165: Walk: 111
2019-09-05_00:40:00.309[Battery Energy]62.40
2019-09-05_00:40:00.496[Status]Routing 166: Walk: 111
2019-09-05_00:40:00.612[Battery Energy]62.29
2019-09-05_00:40:00.848[Status]Routing 167: Walk: 111
2019-09-05_00:40:00.948[Battery Energy]62.09
2019-09-05_00:40:01.131[Status]Routing 168: Walk: 111
2019-09-05_00:40:01.252[Battery Energy]61.99
2019-09-05_00:40:01.480[Status]Routing 169: Walk: 111
2019-09-05_00:40:01.593[Battery Energy]61.87
2019-09-05_00:40:01.779[Status]Routing 170: Walk: 111
2019-09-05_00:40:01.896[Battery Energy]61.73
2019-09-05_00:40:02.078[Status]Routing 171: Walk: 111
2019-09-05_00:40:02.182[Battery Energy]61.62
2019-09-05_00:40:02.363[Status]Routing 172: Walk: 111
2019-09-05_00:40:02.476[Battery Energy]61.51
