2019-09-05_00:38:47.193[Status]Start.
2019-09-05_00:38:47.193[Battery Energy]105.00
2019-09-05_00:38:48.295[Battery Energy]104.96
2019-09-05_00:38:49.395[Battery Energy]104.92
2019-09-05_00:38:50.496[Battery Energy]104.88
2019-09-05_00:38:51.597[Battery Energy]104.84
2019-09-05_00:38:52.699[Task]A New Task Released.
2019-09-05_00:38:52.699[Battery Energy]104.80
2019-09-05_00:38:52.699[Status]Selection Start.
2019-09-05_00:38:56.231[Status]Selection End: Do Task 0.
2019-09-05_00:38:56.335[Battery Energy]102.15
2019-09-05_00:38:56.335[Status]Formation Start.
2019-09-05_00:38:56.551[Status]Formation End: To Position 3.
2019-09-05_00:38:56.651[Battery Energy]101.97
2019-09-05_00:38:56.651[Status]Routing Start.
2019-09-05_00:38:57.044[Status]{'id': 2, 'coordinate': [128.86545822679886, 477.82446261146475]}
2019-09-05_00:38:57.044[Status]Routing 1: Walk: 1
2019-09-05_00:38:57.144[Battery Energy]101.63
2019-09-05_00:38:57.144[Status]Routing Start.
2019-09-05_00:38:57.321[Status]{'id': 2, 'coordinate': [130.73091645359773, 487.6489252229295]}
2019-09-05_00:38:57.321[Status]Routing 2: Walk: 2
2019-09-05_00:38:57.421[Battery Energy]101.41
2019-09-05_00:38:57.421[Status]Routing Start.
2019-09-05_00:38:57.617[Status]{'id': 2, 'coordinate': [132.5963746803966, 497.47338783439426]}
2019-09-05_00:38:57.620[Status]Routing 3: Walk: 3
2019-09-05_00:38:57.724[Battery Energy]101.17
2019-09-05_00:38:57.724[Status]Routing Start.
2019-09-05_00:38:57.994[Status]{'id': 2, 'coordinate': [134.46183290719546, 507.297850445859]}
2019-09-05_00:38:57.994[Status]Routing 4: Walk: 4
2019-09-05_00:38:58.103[Battery Energy]100.89
2019-09-05_00:38:58.103[Status]Routing Start.
2019-09-05_00:38:58.289[Status]{'id': 2, 'coordinate': [136.32729113399432, 517.1223130573237]}
2019-09-05_00:38:58.289[Status]Routing 5: Walk: 5
2019-09-05_00:38:58.412[Battery Energy]100.67
2019-09-05_00:38:58.412[Status]Routing Start.
2019-09-05_00:38:58.678[Status]{'id': 2, 'coordinate': [138.1927493607932, 526.9467756687884]}
2019-09-05_00:38:58.678[Status]Routing 6: Walk: 6
2019-09-05_00:38:58.781[Battery Energy]100.41
2019-09-05_00:38:58.781[Status]Routing Start.
2019-09-05_00:38:59.329[Status]{'id': 2, 'coordinate': [130.81131501636207, 533.6932137674337]}
2019-09-05_00:38:59.332[Status]Routing 7: Walk: 7
2019-09-05_00:38:59.432[Battery Energy]99.93
2019-09-05_00:38:59.432[Status]Routing Start.
2019-09-05_00:38:59.756[Status]{'id': 2, 'coordinate': [135.27150065249407, 542.6434508643625]}
2019-09-05_00:38:59.756[Status]Routing 8: Walk: 8
2019-09-05_00:38:59.856[Battery Energy]99.58
2019-09-05_00:38:59.856[Status]Routing Start.
2019-09-05_00:39:00.246[Status]{'id': 2, 'coordinate': [139.73168628862607, 551.5936879612914]}
2019-09-05_00:39:00.246[Status]Routing 9: Walk: 9
2019-09-05_00:39:00.346[Battery Energy]99.25
2019-09-05_00:39:00.346[Status]Routing Start.
2019-09-05_00:39:00.697[Status]{'id': 2, 'coordinate': [144.19187192475806, 560.5439250582202]}
2019-09-05_00:39:00.698[Status]Routing 10: Walk: 10
2019-09-05_00:39:00.803[Battery Energy]98.82
2019-09-05_00:39:00.803[Status]Routing Start.
2019-09-05_00:39:00.803[Status]Task Finished.
2019-09-05_00:39:00.903[Battery Energy]98.82
2019-09-05_00:39:01.241[Status]Routing 12: Walk: 10
2019-09-05_00:39:01.341[Battery Energy]98.48
2019-09-05_00:39:01.822[Status]Routing 13: Walk: 10
2019-09-05_00:39:01.928[Battery Energy]98.07
2019-09-05_00:39:02.366[Status]Routing 14: Walk: 10
2019-09-05_00:39:02.473[Battery Energy]97.71
2019-09-05_00:39:02.901[Status]Routing 15: Walk: 10
2019-09-05_00:39:03.004[Battery Energy]97.29
2019-09-05_00:39:03.363[Status]Routing 16: Walk: 10
2019-09-05_00:39:03.463[Battery Energy]96.97
2019-09-05_00:39:03.820[Status]Routing 17: Walk: 10
2019-09-05_00:39:03.920[Battery Energy]96.65
2019-09-05_00:39:04.397[Status]Routing 18: Walk: 10
2019-09-05_00:39:04.497[Battery Energy]96.26
2019-09-05_00:39:04.871[Status]Routing 19: Walk: 10
2019-09-05_00:39:04.972[Battery Energy]95.96
2019-09-05_00:39:05.365[Status]Routing 20: Walk: 10
2019-09-05_00:39:05.465[Battery Energy]95.63
2019-09-05_00:39:05.819[Status]Routing 21: Walk: 10
2019-09-05_00:39:05.919[Battery Energy]95.30
2019-09-05_00:39:06.067[Status]Routing 22: Walk: 10
2019-09-05_00:39:06.168[Battery Energy]95.20
2019-09-05_00:39:06.591[Status]Routing 23: Walk: 10
2019-09-05_00:39:06.691[Battery Energy]94.97
2019-09-05_00:39:07.037[Status]Routing 24: Walk: 10
2019-09-05_00:39:07.138[Battery Energy]94.77
2019-09-05_00:39:07.462[Status]Routing 25: Walk: 10
2019-09-05_00:39:07.562[Battery Energy]94.60
2019-09-05_00:39:07.890[Status]Routing 26: Walk: 10
2019-09-05_00:39:07.990[Battery Energy]94.40
2019-09-05_00:39:08.320[Status]Routing 27: Walk: 10
2019-09-05_00:39:08.420[Battery Energy]94.21
2019-09-05_00:39:08.610[Status]Routing 28: Walk: 10
2019-09-05_00:39:08.716[Battery Energy]94.11
2019-09-05_00:39:09.076[Status]Routing 29: Walk: 10
2019-09-05_00:39:09.177[Battery Energy]93.93
2019-09-05_00:39:09.566[Status]Routing 30: Walk: 10
2019-09-05_00:39:09.672[Battery Energy]93.66
2019-09-05_00:39:10.033[Status]Routing 31: Walk: 10
2019-09-05_00:39:10.148[Battery Energy]93.47
2019-09-05_00:39:10.501[Status]Routing 32: Walk: 10
2019-09-05_00:39:10.601[Battery Energy]93.27
2019-09-05_00:39:10.994[Status]Routing 33: Walk: 10
2019-09-05_00:39:11.126[Battery Energy]92.99
2019-09-05_00:39:11.268[Status]Routing 34: Walk: 10
2019-09-05_00:39:11.368[Battery Energy]92.88
2019-09-05_00:39:11.761[Status]Routing 35: Walk: 10
2019-09-05_00:39:11.872[Battery Energy]92.67
2019-09-05_00:39:12.256[Status]Routing 36: Walk: 10
2019-09-05_00:39:12.360[Battery Energy]92.44
2019-09-05_00:39:12.849[Status]Routing 37: Walk: 10
2019-09-05_00:39:12.949[Battery Energy]92.10
2019-09-05_00:39:13.287[Status]Routing 38: Walk: 10
2019-09-05_00:39:13.389[Battery Energy]91.85
2019-09-05_00:39:13.749[Status]Routing 39: Walk: 10
2019-09-05_00:39:13.850[Battery Energy]91.64
2019-09-05_00:39:14.191[Status]Routing 40: Walk: 10
2019-09-05_00:39:14.294[Battery Energy]91.40
2019-09-05_00:39:14.641[Status]Routing 41: Walk: 10
2019-09-05_00:39:14.744[Battery Energy]91.20
2019-09-05_00:39:15.122[Status]Routing 42: Walk: 10
2019-09-05_00:39:15.222[Battery Energy]90.98
2019-09-05_00:39:15.588[Status]Routing 43: Walk: 10
2019-09-05_00:39:15.688[Battery Energy]90.78
2019-09-05_00:39:15.982[Status]Routing 44: Walk: 10
2019-09-05_00:39:16.082[Battery Energy]90.56
2019-09-05_00:39:16.518[Status]Routing 45: Walk: 10
2019-09-05_00:39:16.618[Battery Energy]90.30
2019-09-05_00:39:16.996[Status]Routing 46: Walk: 10
2019-09-05_00:39:17.108[Battery Energy]90.07
2019-09-05_00:39:17.436[Status]Routing 47: Walk: 10
2019-09-05_00:39:17.538[Battery Energy]89.86
2019-09-05_00:39:17.892[Status]Routing 48: Walk: 10
2019-09-05_00:39:17.992[Battery Energy]89.65
2019-09-05_00:39:18.366[Status]Routing 49: Walk: 10
2019-09-05_00:39:18.466[Battery Energy]89.45
2019-09-05_00:39:18.629[Status]Routing 50: Walk: 10
2019-09-05_00:39:18.730[Battery Energy]89.37
2019-09-05_00:39:19.028[Status]Routing 51: Walk: 10
2019-09-05_00:39:19.132[Battery Energy]89.20
2019-09-05_00:39:19.502[Status]Routing 52: Walk: 10
2019-09-05_00:39:19.603[Battery Energy]88.90
2019-09-05_00:39:19.883[Status]Routing 53: Walk: 10
2019-09-05_00:39:20.000[Battery Energy]88.71
2019-09-05_00:39:20.167[Status]Routing 54: Walk: 10
2019-09-05_00:39:20.267[Battery Energy]88.61
2019-09-05_00:39:20.599[Status]Routing 55: Walk: 10
2019-09-05_00:39:20.706[Battery Energy]88.49
2019-09-05_00:39:20.850[Status]Routing 56: Walk: 10
2019-09-05_00:39:20.956[Battery Energy]88.38
2019-09-05_00:39:21.304[Status]Routing 57: Walk: 10
2019-09-05_00:39:21.412[Battery Energy]88.22
2019-09-05_00:39:21.787[Status]Routing 58: Walk: 10
2019-09-05_00:39:21.894[Battery Energy]87.99
2019-09-05_00:39:22.248[Status]Routing 59: Walk: 10
2019-09-05_00:39:22.348[Battery Energy]87.78
2019-09-05_00:39:22.753[Status]Routing 60: Walk: 10
2019-09-05_00:39:22.856[Battery Energy]87.59
2019-09-05_00:39:23.202[Status]Routing 61: Walk: 10
2019-09-05_00:39:23.312[Battery Energy]87.39
2019-09-05_00:39:23.609[Status]Routing 62: Walk: 10
2019-09-05_00:39:23.712[Battery Energy]87.16
2019-09-05_00:39:24.065[Status]Routing 63: Walk: 10
2019-09-05_00:39:24.165[Battery Energy]86.90
2019-09-05_00:39:24.378[Status]Routing 64: Walk: 10
2019-09-05_00:39:24.478[Battery Energy]86.76
2019-09-05_00:39:24.633[Status]Routing 65: Walk: 10
2019-09-05_00:39:24.733[Battery Energy]86.65
2019-09-05_00:39:24.983[Status]Routing 66: Walk: 10
2019-09-05_00:39:25.084[Battery Energy]86.47
2019-09-05_00:39:25.293[Status]Routing 67: Walk: 10
2019-09-05_00:39:25.420[Battery Energy]86.35
2019-09-05_00:39:25.622[Status]Routing 68: Walk: 10
2019-09-05_00:39:25.725[Battery Energy]86.21
2019-09-05_00:39:25.990[Status]Routing 69: Walk: 10
2019-09-05_00:39:26.092[Battery Energy]86.05
2019-09-05_00:39:26.294[Status]Routing 70: Walk: 10
2019-09-05_00:39:26.400[Battery Energy]85.92
2019-09-05_00:39:26.560[Status]Routing 71: Walk: 10
2019-09-05_00:39:26.665[Battery Energy]85.80
2019-09-05_00:39:26.799[Status]Routing 72: Walk: 10
2019-09-05_00:39:26.899[Battery Energy]85.68
2019-09-05_00:39:27.131[Status]Routing 73: Walk: 10
2019-09-05_00:39:27.231[Battery Energy]85.53
2019-09-05_00:39:27.417[Status]Routing 74: Walk: 10
2019-09-05_00:39:27.520[Battery Energy]85.41
2019-09-05_00:39:27.688[Status]Routing 75: Walk: 10
2019-09-05_00:39:27.812[Battery Energy]85.27
2019-09-05_00:39:28.007[Status]Routing 76: Walk: 10
2019-09-05_00:39:28.116[Battery Energy]85.11
2019-09-05_00:39:28.360[Status]Routing 77: Walk: 10
2019-09-05_00:39:28.480[Battery Energy]84.96
2019-09-05_00:39:28.652[Status]Routing 78: Walk: 10
2019-09-05_00:39:28.752[Battery Energy]84.86
2019-09-05_00:39:28.954[Status]Routing 79: Walk: 10
2019-09-05_00:39:29.054[Battery Energy]84.76
2019-09-05_00:39:29.263[Status]Routing 80: Walk: 10
2019-09-05_00:39:29.363[Battery Energy]84.63
2019-09-05_00:39:29.519[Status]Routing 81: Walk: 10
2019-09-05_00:39:29.624[Battery Energy]84.51
2019-09-05_00:39:29.777[Status]Routing 82: Walk: 10
2019-09-05_00:39:29.877[Battery Energy]84.40
2019-09-05_00:39:30.054[Status]Routing 83: Walk: 10
2019-09-05_00:39:30.158[Battery Energy]84.26
2019-09-05_00:39:30.393[Status]Routing 84: Walk: 10
2019-09-05_00:39:30.494[Battery Energy]84.07
2019-09-05_00:39:30.730[Status]Routing 85: Walk: 10
2019-09-05_00:39:30.840[Battery Energy]83.93
2019-09-05_00:39:31.047[Status]Routing 86: Walk: 10
2019-09-05_00:39:31.168[Battery Energy]83.81
2019-09-05_00:39:31.353[Status]Routing 87: Walk: 10
2019-09-05_00:39:31.456[Battery Energy]83.73
2019-09-05_00:39:31.661[Status]Routing 88: Walk: 10
2019-09-05_00:39:31.768[Battery Energy]83.59
2019-09-05_00:39:32.104[Status]Routing 89: Walk: 10
2019-09-05_00:39:32.204[Battery Energy]83.40
2019-09-05_00:39:32.619[Status]Routing 90: Walk: 10
2019-09-05_00:39:32.732[Battery Energy]83.20
2019-09-05_00:39:33.059[Status]Routing 91: Walk: 10
2019-09-05_00:39:33.168[Battery Energy]83.00
2019-09-05_00:39:33.565[Status]Routing 92: Walk: 10
2019-09-05_00:39:33.680[Battery Energy]82.76
2019-09-05_00:39:33.912[Status]Routing 93: Walk: 10
2019-09-05_00:39:34.012[Battery Energy]82.60
2019-09-05_00:39:34.329[Status]Routing 94: Walk: 10
2019-09-05_00:39:34.431[Battery Energy]82.40
2019-09-05_00:39:34.674[Status]Routing 95: Walk: 10
2019-09-05_00:39:34.792[Battery Energy]82.22
2019-09-05_00:39:35.027[Status]Routing 96: Walk: 10
2019-09-05_00:39:35.128[Battery Energy]82.08
2019-09-05_00:39:35.288[Status]Routing 97: Walk: 10
2019-09-05_00:39:35.394[Battery Energy]81.96
2019-09-05_00:39:35.612[Status]Routing 98: Walk: 10
2019-09-05_00:39:35.712[Battery Energy]81.83
2019-09-05_00:39:35.994[Status]Routing 99: Walk: 10
2019-09-05_00:39:36.096[Battery Energy]81.64
2019-09-05_00:39:36.373[Status]Routing 100: Walk: 10
2019-09-05_00:39:36.488[Battery Energy]81.47
2019-09-05_00:39:36.819[Status]Routing 101: Walk: 10
2019-09-05_00:39:36.922[Battery Energy]81.30
2019-09-05_00:39:37.274[Status]Routing 102: Walk: 10
2019-09-05_00:39:37.376[Battery Energy]81.06
2019-09-05_00:39:37.706[Status]Routing 103: Walk: 10
2019-09-05_00:39:37.806[Battery Energy]80.83
2019-09-05_00:39:38.141[Status]Routing 104: Walk: 10
2019-09-05_00:39:38.248[Battery Energy]80.58
2019-09-05_00:39:38.546[Status]Routing 105: Walk: 10
2019-09-05_00:39:38.647[Battery Energy]80.37
2019-09-05_00:39:38.959[Status]Routing 106: Walk: 10
2019-09-05_00:39:39.059[Battery Energy]80.13
2019-09-05_00:39:39.391[Status]Routing 107: Walk: 10
2019-09-05_00:39:39.508[Battery Energy]79.89
2019-09-05_00:39:39.815[Status]Routing 108: Walk: 10
2019-09-05_00:39:39.928[Battery Energy]79.70
2019-09-05_00:39:40.257[Status]Routing 109: Walk: 10
2019-09-05_00:39:40.357[Battery Energy]79.49
2019-09-05_00:39:40.669[Status]Routing 110: Walk: 10
2019-09-05_00:39:40.769[Battery Energy]79.27
2019-09-05_00:39:41.152[Status]Routing 111: Walk: 10
2019-09-05_00:39:41.252[Battery Energy]79.06
2019-09-05_00:39:41.605[Status]Routing 112: Walk: 10
2019-09-05_00:39:41.706[Battery Energy]78.83
2019-09-05_00:39:42.081[Status]Routing 113: Walk: 10
2019-09-05_00:39:42.188[Battery Energy]78.65
2019-09-05_00:39:42.439[Status]Routing 114: Walk: 10
2019-09-05_00:39:42.540[Battery Energy]78.46
2019-09-05_00:39:42.861[Status]Routing 115: Walk: 10
2019-09-05_00:39:42.964[Battery Energy]78.27
2019-09-05_00:39:43.275[Status]Routing 116: Walk: 10
2019-09-05_00:39:43.383[Battery Energy]78.05
2019-09-05_00:39:43.655[Status]Routing 117: Walk: 10
2019-09-05_00:39:43.768[Battery Energy]77.85
2019-09-05_00:39:44.107[Status]Routing 118: Walk: 10
2019-09-05_00:39:44.216[Battery Energy]77.65
2019-09-05_00:39:44.612[Status]Routing 119: Walk: 10
2019-09-05_00:39:44.716[Battery Energy]77.41
2019-09-05_00:39:44.889[Status]Routing 120: Walk: 10
2019-09-05_00:39:44.990[Battery Energy]77.28
2019-09-05_00:39:45.225[Status]Routing 121: Walk: 10
2019-09-05_00:39:45.344[Battery Energy]77.09
2019-09-05_00:39:45.683[Status]Routing 122: Walk: 10
2019-09-05_00:39:45.800[Battery Energy]76.89
2019-09-05_00:39:46.093[Status]Routing 123: Walk: 10
2019-09-05_00:39:46.216[Battery Energy]76.70
2019-09-05_00:39:46.390[Status]Routing 124: Walk: 10
2019-09-05_00:39:46.493[Battery Energy]76.58
2019-09-05_00:39:46.768[Status]Routing 125: Walk: 10
2019-09-05_00:39:46.876[Battery Energy]76.43
2019-09-05_00:39:47.241[Status]Routing 126: Walk: 10
2019-09-05_00:39:47.341[Battery Energy]76.24
2019-09-05_00:39:47.674[Status]Routing 127: Walk: 10
2019-09-05_00:39:47.780[Battery Energy]76.08
2019-09-05_00:39:48.105[Status]Routing 128: Walk: 10
2019-09-05_00:39:48.205[Battery Energy]75.89
2019-09-05_00:39:48.511[Status]Routing 129: Walk: 10
2019-09-05_00:39:48.616[Battery Energy]75.72
2019-09-05_00:39:48.807[Status]Routing 130: Walk: 10
2019-09-05_00:39:48.920[Battery Energy]75.61
2019-09-05_00:39:49.138[Status]Routing 131: Walk: 10
2019-09-05_00:39:49.244[Battery Energy]75.47
2019-09-05_00:39:49.664[Status]Routing 132: Walk: 10
2019-09-05_00:39:49.776[Battery Energy]75.19
2019-09-05_00:39:50.150[Status]Routing 133: Walk: 10
2019-09-05_00:39:50.251[Battery Energy]74.91
2019-09-05_00:39:50.431[Status]Routing 134: Walk: 10
2019-09-05_00:39:50.544[Battery Energy]74.81
2019-09-05_00:39:50.909[Status]Routing 135: Walk: 10
2019-09-05_00:39:51.014[Battery Energy]74.62
2019-09-05_00:39:51.152[Status]Routing 136: Walk: 10
2019-09-05_00:39:51.268[Battery Energy]74.52
2019-09-05_00:39:51.512[Status]Routing 137: Walk: 10
2019-09-05_00:39:51.613[Battery Energy]74.37
2019-09-05_00:39:51.897[Status]Routing 138: Walk: 10
2019-09-05_00:39:52.004[Battery Energy]74.20
2019-09-05_00:39:52.143[Status]Routing 139: Walk: 10
2019-09-05_00:39:52.243[Battery Energy]74.09
2019-09-05_00:39:52.426[Status]Routing 140: Walk: 10
2019-09-05_00:39:52.536[Battery Energy]73.98
2019-09-05_00:39:52.682[Status]Routing 141: Walk: 10
2019-09-05_00:39:52.800[Battery Energy]73.87
2019-09-05_00:39:52.994[Status]Routing 142: Walk: 10
2019-09-05_00:39:53.100[Battery Energy]73.76
2019-09-05_00:39:53.265[Status]Routing 143: Walk: 10
2019-09-05_00:39:53.388[Battery Energy]73.63
2019-09-05_00:39:53.563[Status]Routing 144: Walk: 10
2019-09-05_00:39:53.668[Battery Energy]73.52
2019-09-05_00:39:53.818[Status]Routing 145: Walk: 10
2019-09-05_00:39:53.918[Battery Energy]73.42
2019-09-05_00:39:54.225[Status]Routing 146: Walk: 10
2019-09-05_00:39:54.325[Battery Energy]73.23
2019-09-05_00:39:54.662[Status]Routing 147: Walk: 10
2019-09-05_00:39:54.762[Battery Energy]73.00
2019-09-05_00:39:55.067[Status]Routing 148: Walk: 10
2019-09-05_00:39:55.193[Battery Energy]72.85
2019-09-05_00:39:55.320[Status]Routing 149: Walk: 10
2019-09-05_00:39:55.421[Battery Energy]72.75
2019-09-05_00:39:55.694[Status]Routing 150: Walk: 10
2019-09-05_00:39:55.794[Battery Energy]72.60
2019-09-05_00:39:56.007[Status]Routing 151: Walk: 10
2019-09-05_00:39:56.112[Battery Energy]72.49
2019-09-05_00:39:56.259[Status]Routing 152: Walk: 10
2019-09-05_00:39:56.401[Battery Energy]72.36
2019-09-05_00:39:56.599[Status]Routing 153: Walk: 10
2019-09-05_00:39:56.716[Battery Energy]72.22
2019-09-05_00:39:56.879[Status]Routing 154: Walk: 10
2019-09-05_00:39:56.988[Battery Energy]72.09
2019-09-05_00:39:57.283[Status]Routing 155: Walk: 10
2019-09-05_00:39:57.383[Battery Energy]71.91
2019-09-05_00:39:57.570[Status]Routing 156: Walk: 10
2019-09-05_00:39:57.674[Battery Energy]71.75
2019-09-05_00:39:57.865[Status]Routing 157: Walk: 10
2019-09-05_00:39:57.972[Battery Energy]71.62
2019-09-05_00:39:58.149[Status]Routing 158: Walk: 10
2019-09-05_00:39:58.250[Battery Energy]71.50
2019-09-05_00:39:58.429[Status]Routing 159: Walk: 10
2019-09-05_00:39:58.536[Battery Energy]71.41
2019-09-05_00:39:58.689[Status]Routing 160: Walk: 10
2019-09-05_00:39:58.789[Battery Energy]71.28
2019-09-05_00:39:59.076[Status]Routing 161: Walk: 10
2019-09-05_00:39:59.177[Battery Energy]71.13
2019-09-05_00:39:59.351[Status]Routing 162: Walk: 10
2019-09-05_00:39:59.451[Battery Energy]71.02
2019-09-05_00:39:59.615[Status]Routing 163: Walk: 10
2019-09-05_00:39:59.715[Battery Energy]70.87
2019-09-05_00:39:59.895[Status]Routing 164: Walk: 10
2019-09-05_00:39:59.997[Battery Energy]70.77
2019-09-05_00:40:00.204[Status]Routing 165: Walk: 10
2019-09-05_00:40:00.316[Battery Energy]70.67
2019-09-05_00:40:00.488[Status]Routing 166: Walk: 10
2019-09-05_00:40:00.604[Battery Energy]70.54
2019-09-05_00:40:00.834[Status]Routing 167: Walk: 10
2019-09-05_00:40:00.934[Battery Energy]70.44
2019-09-05_00:40:01.127[Status]Routing 168: Walk: 10
2019-09-05_00:40:01.245[Battery Energy]70.31
2019-09-05_00:40:01.473[Status]Routing 169: Walk: 10
2019-09-05_00:40:01.573[Battery Energy]70.14
2019-09-05_00:40:01.773[Status]Routing 170: Walk: 10
2019-09-05_00:40:01.873[Battery Energy]70.03
2019-09-05_00:40:02.078[Status]Routing 171: Walk: 10
2019-09-05_00:40:02.178[Battery Energy]69.88
2019-09-05_00:40:02.375[Status]Routing 172: Walk: 10
2019-09-05_00:40:02.500[Battery Energy]69.76
