2019-09-05_00:38:48.359[Status]Start.
2019-09-05_00:38:48.360[Battery Energy]105.00
2019-09-05_00:38:49.460[Battery Energy]104.96
2019-09-05_00:38:50.562[Battery Energy]104.92
2019-09-05_00:38:51.663[Battery Energy]104.88
2019-09-05_00:38:52.764[Battery Energy]104.84
2019-09-05_00:38:53.865[Task]A New Task Released.
2019-09-05_00:38:53.865[Battery Energy]104.80
2019-09-05_00:38:53.865[Status]Selection Start.
2019-09-05_00:38:56.228[Status]Selection End: Do Task 1.
2019-09-05_00:38:56.328[Battery Energy]103.12
2019-09-05_00:38:56.329[Status]Formation Start.
2019-09-05_00:38:56.582[Status]Formation End: To Position 3.
2019-09-05_00:38:56.683[Battery Energy]102.90
2019-09-05_00:38:56.683[Status]Routing Start.
2019-09-05_00:38:56.888[Status]{'id': 9, 'coordinate': [67.80038076645775, 531.9880987984617]}
2019-09-05_00:38:56.888[Status]Routing 1: Walk: 1
2019-09-05_00:38:56.989[Battery Energy]102.66
2019-09-05_00:38:56.989[Status]Routing Start.
2019-09-05_00:38:57.322[Status]{'id': 9, 'coordinate': [77.6007615329155, 533.9761975969234]}
2019-09-05_00:38:57.322[Status]Routing 2: Walk: 2
2019-09-05_00:38:57.436[Battery Energy]102.35
2019-09-05_00:38:57.436[Status]Routing Start.
2019-09-05_00:38:57.619[Status]{'id': 9, 'coordinate': [87.40114229937325, 535.9642963953851]}
2019-09-05_00:38:57.619[Status]Routing 3: Walk: 3
2019-09-05_00:38:57.725[Battery Energy]102.14
2019-09-05_00:38:57.726[Status]Routing Start.
2019-09-05_00:38:57.989[Status]{'id': 9, 'coordinate': [97.201523065831, 537.9523951938468]}
2019-09-05_00:38:57.990[Status]Routing 4: Walk: 4
2019-09-05_00:38:58.090[Battery Energy]101.84
2019-09-05_00:38:58.090[Status]Routing Start.
2019-09-05_00:38:58.289[Status]{'id': 9, 'coordinate': [107.00190383228875, 539.9404939923085]}
2019-09-05_00:38:58.289[Status]Routing 5: Walk: 5
2019-09-05_00:38:58.400[Battery Energy]101.64
2019-09-05_00:38:58.400[Status]Routing Start.
2019-09-05_00:38:58.680[Status]{'id': 9, 'coordinate': [116.8022845987465, 541.9285927907702]}
2019-09-05_00:38:58.681[Status]Routing 6: Walk: 6
2019-09-05_00:38:58.783[Battery Energy]101.37
2019-09-05_00:38:58.783[Status]Routing Start.
2019-09-05_00:38:59.350[Status]Routing 7: Walk: 6
2019-09-05_00:38:59.450[Battery Energy]100.92
2019-09-05_00:38:59.450[Status]Routing Start.
2019-09-05_00:38:59.767[Status]Routing 8: Walk: 6
2019-09-05_00:38:59.868[Battery Energy]100.58
2019-09-05_00:38:59.868[Status]Routing Start.
2019-09-05_00:39:00.260[Status]Routing 9: Walk: 6
2019-09-05_00:39:00.363[Battery Energy]100.28
2019-09-05_00:39:00.363[Status]Routing Start.
2019-09-05_00:39:00.702[Status]Routing 10: Walk: 6
2019-09-05_00:39:00.802[Battery Energy]99.95
2019-09-05_00:39:00.802[Status]Routing Start.
2019-09-05_00:39:01.249[Status]{'id': 9, 'coordinate': [115.66248018423553, 551.863422728754]}
2019-09-05_00:39:01.249[Status]Routing 11: Walk: 7
2019-09-05_00:39:01.349[Battery Energy]99.50
2019-09-05_00:39:01.349[Status]Routing Start.
2019-09-05_00:39:01.821[Status]{'id': 9, 'coordinate': [110.69249028113562, 560.5409339135975]}
2019-09-05_00:39:01.821[Status]Routing 12: Walk: 8
2019-09-05_00:39:01.921[Battery Energy]98.99
2019-09-05_00:39:01.921[Status]Routing Start.
2019-09-05_00:39:02.390[Status]{'id': 9, 'coordinate': [107.75918771155143, 570.1010456302706]}
2019-09-05_00:39:02.390[Status]Routing 13: Walk: 9
2019-09-05_00:39:02.490[Battery Energy]98.57
2019-09-05_00:39:02.490[Status]Routing Start.
2019-09-05_00:39:02.912[Status]{'id': 9, 'coordinate': [103.84438862582952, 579.3029121864879]}
2019-09-05_00:39:02.912[Status]Routing 14: Walk: 10
2019-09-05_00:39:03.012[Battery Energy]98.14
2019-09-05_00:39:03.013[Status]Routing Start.
2019-09-05_00:39:03.146[Status]{'id': 9, 'coordinate': [113.71398099115271, 580.9126160543948]}
2019-09-05_00:39:03.146[Status]Routing 15: Walk: 11
2019-09-05_00:39:03.260[Battery Energy]97.93
2019-09-05_00:39:03.260[Status]Routing Start.
2019-09-05_00:39:03.634[Status]{'id': 9, 'coordinate': [123.58357335647588, 582.5223199223017]}
2019-09-05_00:39:03.634[Status]Routing 16: Walk: 12
2019-09-05_00:39:03.739[Battery Energy]97.66
2019-09-05_00:39:03.739[Status]Routing Start.
2019-09-05_00:39:04.413[Status]Routing 17: Walk: 12
2019-09-05_00:39:04.514[Battery Energy]97.17
2019-09-05_00:39:04.515[Status]Routing Start.
2019-09-05_00:39:04.887[Status]{'id': 9, 'coordinate': [127.43167815208487, 591.7522760154807]}
2019-09-05_00:39:04.887[Status]Routing 18: Walk: 13
2019-09-05_00:39:04.987[Battery Energy]96.77
2019-09-05_00:39:04.988[Status]Routing Start.
2019-09-05_00:39:05.177[Status]{'id': 9, 'coordinate': [137.31465825823372, 593.2776298175431]}
2019-09-05_00:39:05.177[Status]Routing 19: Walk: 14
2019-09-05_00:39:05.277[Battery Energy]96.55
2019-09-05_00:39:05.277[Status]Routing Start.
2019-09-05_00:39:05.619[Status]{'id': 9, 'coordinate': [147.19763836438256, 594.8029836196056]}
2019-09-05_00:39:05.619[Status]Routing 20: Walk: 15
2019-09-05_00:39:05.719[Battery Energy]96.21
2019-09-05_00:39:05.719[Status]Routing Start.
2019-09-05_00:39:06.066[Status]{'id': 9, 'coordinate': [157.0806184705314, 596.328337421668]}
2019-09-05_00:39:06.066[Status]Routing 21: Walk: 16
2019-09-05_00:39:06.174[Battery Energy]95.89
2019-09-05_00:39:06.174[Status]Routing Start.
2019-09-05_00:39:06.598[Status]{'id': 9, 'coordinate': [166.96359857668023, 597.8536912237305]}
2019-09-05_00:39:06.598[Status]Routing 22: Walk: 17
2019-09-05_00:39:06.703[Battery Energy]95.48
2019-09-05_00:39:06.703[Status]Routing Start.
2019-09-05_00:39:07.023[Status]{'id': 9, 'coordinate': [176.84657868282906, 599.379045025793]}
2019-09-05_00:39:07.023[Status]Routing 23: Walk: 18
2019-09-05_00:39:07.128[Battery Energy]95.20
2019-09-05_00:39:07.128[Status]Routing Start.
2019-09-05_00:39:07.463[Status]{'id': 9, 'coordinate': [186.7295587889779, 600.9043988278554]}
2019-09-05_00:39:07.464[Status]Routing 24: Walk: 19
2019-09-05_00:39:07.564[Battery Energy]94.89
2019-09-05_00:39:07.564[Status]Routing Start.
2019-09-05_00:39:07.896[Status]{'id': 9, 'coordinate': [196.61253889512673, 602.4297526299179]}
2019-09-05_00:39:07.896[Status]Routing 25: Walk: 20
2019-09-05_00:39:07.997[Battery Energy]94.59
2019-09-05_00:39:07.997[Status]Routing Start.
2019-09-05_00:39:08.315[Status]{'id': 9, 'coordinate': [206.49551900127557, 603.9551064319802]}
2019-09-05_00:39:08.315[Status]Routing 26: Walk: 21
2019-09-05_00:39:08.416[Battery Energy]94.30
2019-09-05_00:39:08.416[Status]Routing Start.
2019-09-05_00:39:08.615[Status]{'id': 9, 'coordinate': [216.3784991074244, 605.4804602340427]}
2019-09-05_00:39:08.615[Status]Routing 27: Walk: 22
2019-09-05_00:39:08.720[Battery Energy]94.08
2019-09-05_00:39:08.720[Status]Routing Start.
2019-09-05_00:39:09.083[Status]{'id': 9, 'coordinate': [226.26147921357324, 607.005814036105]}
2019-09-05_00:39:09.083[Status]Routing 28: Walk: 23
2019-09-05_00:39:09.185[Battery Energy]93.78
2019-09-05_00:39:09.185[Status]Routing Start.
2019-09-05_00:39:09.566[Status]{'id': 9, 'coordinate': [236.14445931972207, 608.5311678381674]}
2019-09-05_00:39:09.566[Status]Routing 29: Walk: 24
2019-09-05_00:39:09.669[Battery Energy]93.49
2019-09-05_00:39:09.669[Status]Routing Start.
2019-09-05_00:39:10.033[Status]{'id': 9, 'coordinate': [246.0274394258709, 610.0565216402298]}
2019-09-05_00:39:10.033[Status]Routing 30: Walk: 25
2019-09-05_00:39:10.133[Battery Energy]93.19
2019-09-05_00:39:10.133[Status]Routing Start.
2019-09-05_00:39:10.502[Status]{'id': 9, 'coordinate': [255.91041953201974, 611.5818754422922]}
2019-09-05_00:39:10.502[Status]Routing 31: Walk: 26
2019-09-05_00:39:10.602[Battery Energy]92.89
2019-09-05_00:39:10.602[Status]Routing Start.
2019-09-05_00:39:10.993[Status]{'id': 9, 'coordinate': [265.7933996381686, 613.1072292443546]}
2019-09-05_00:39:10.995[Status]Routing 32: Walk: 27
2019-09-05_00:39:11.100[Battery Energy]92.55
2019-09-05_00:39:11.100[Status]Routing Start.
2019-09-05_00:39:11.267[Status]{'id': 9, 'coordinate': [275.67637974431744, 614.632583046417]}
2019-09-05_00:39:11.267[Status]Routing 33: Walk: 28
2019-09-05_00:39:11.367[Battery Energy]92.33
2019-09-05_00:39:11.367[Status]Routing Start.
2019-09-05_00:39:11.753[Status]{'id': 9, 'coordinate': [285.5593598504663, 616.1579368484794]}
2019-09-05_00:39:11.753[Status]Routing 34: Walk: 29
2019-09-05_00:39:11.860[Battery Energy]91.96
2019-09-05_00:39:11.860[Status]Routing Start.
2019-09-05_00:39:12.268[Status]{'id': 9, 'coordinate': [295.44233995661517, 617.6832906505418]}
2019-09-05_00:39:12.269[Status]Routing 35: Walk: 30
2019-09-05_00:39:12.372[Battery Energy]91.59
2019-09-05_00:39:12.372[Status]Routing Start.
2019-09-05_00:39:12.851[Status]{'id': 9, 'coordinate': [305.32532006276404, 619.2086444526042]}
2019-09-05_00:39:12.852[Status]Routing 36: Walk: 31
2019-09-05_00:39:12.952[Battery Energy]91.15
2019-09-05_00:39:12.952[Status]Routing Start.
2019-09-05_00:39:13.299[Status]{'id': 9, 'coordinate': [315.2083001689129, 620.7339982546666]}
2019-09-05_00:39:13.299[Status]Routing 37: Walk: 32
2019-09-05_00:39:13.399[Battery Energy]90.81
2019-09-05_00:39:13.399[Status]Routing Start.
2019-09-05_00:39:13.751[Status]{'id': 9, 'coordinate': [325.09128027506176, 622.2593520567291]}
2019-09-05_00:39:13.751[Status]Routing 38: Walk: 33
2019-09-05_00:39:13.860[Battery Energy]90.52
2019-09-05_00:39:13.860[Status]Routing Start.
2019-09-05_00:39:14.183[Status]{'id': 9, 'coordinate': [334.9742603812106, 623.7847058587914]}
2019-09-05_00:39:14.183[Status]Routing 39: Walk: 34
2019-09-05_00:39:14.283[Battery Energy]90.17
2019-09-05_00:39:14.283[Status]Routing Start.
2019-09-05_00:39:14.638[Status]{'id': 9, 'coordinate': [344.8572404873595, 625.3100596608538]}
2019-09-05_00:39:14.638[Status]Routing 40: Walk: 35
2019-09-05_00:39:14.744[Battery Energy]89.85
2019-09-05_00:39:14.744[Status]Routing Start.
2019-09-05_00:39:15.118[Status]{'id': 9, 'coordinate': [354.74022059350835, 626.8354134629162]}
2019-09-05_00:39:15.118[Status]Routing 41: Walk: 36
2019-09-05_00:39:15.218[Battery Energy]89.48
2019-09-05_00:39:15.219[Status]Routing Start.
2019-09-05_00:39:15.613[Status]{'id': 9, 'coordinate': [364.6232006996572, 628.3607672649787]}
2019-09-05_00:39:15.613[Status]Routing 42: Walk: 37
2019-09-05_00:39:15.719[Battery Energy]89.19
2019-09-05_00:39:15.719[Status]Routing Start.
2019-09-05_00:39:15.993[Status]{'id': 9, 'coordinate': [374.5061808058061, 629.886121067041]}
2019-09-05_00:39:15.993[Status]Routing 43: Walk: 38
2019-09-05_00:39:16.093[Battery Energy]88.90
2019-09-05_00:39:16.093[Status]Routing Start.
2019-09-05_00:39:16.521[Status]{'id': 9, 'coordinate': [384.38916091195495, 631.4114748691034]}
2019-09-05_00:39:16.521[Status]Routing 44: Walk: 39
2019-09-05_00:39:16.638[Battery Energy]88.52
2019-09-05_00:39:16.638[Status]Routing Start.
2019-09-05_00:39:16.993[Status]{'id': 9, 'coordinate': [394.2721410181038, 632.9368286711658]}
2019-09-05_00:39:16.993[Status]Routing 45: Walk: 40
2019-09-05_00:39:17.104[Battery Energy]88.20
2019-09-05_00:39:17.104[Status]Routing Start.
2019-09-05_00:39:17.438[Status]{'id': 9, 'coordinate': [404.1551211242527, 634.4621824732283]}
2019-09-05_00:39:17.438[Status]Routing 46: Walk: 41
2019-09-05_00:39:17.546[Battery Energy]87.91
2019-09-05_00:39:17.546[Status]Routing Start.
2019-09-05_00:39:17.899[Status]{'id': 9, 'coordinate': [414.03810123040154, 635.9875362752906]}
2019-09-05_00:39:17.900[Status]Routing 47: Walk: 42
2019-09-05_00:39:18.000[Battery Energy]87.59
2019-09-05_00:39:18.000[Status]Routing Start.
2019-09-05_00:39:18.368[Status]{'id': 9, 'coordinate': [423.9210813365504, 637.512890077353]}
2019-09-05_00:39:18.368[Status]Routing 48: Walk: 43
2019-09-05_00:39:18.484[Battery Energy]87.24
2019-09-05_00:39:18.484[Status]Routing Start.
2019-09-05_00:39:18.626[Status]{'id': 9, 'coordinate': [433.80406144269926, 639.0382438794154]}
2019-09-05_00:39:18.626[Status]Routing 49: Walk: 44
2019-09-05_00:39:18.726[Battery Energy]87.06
2019-09-05_00:39:18.726[Status]Routing Start.
2019-09-05_00:39:19.030[Status]{'id': 9, 'coordinate': [443.68704154884813, 640.5635976814779]}
2019-09-05_00:39:19.030[Status]Routing 50: Walk: 45
2019-09-05_00:39:19.148[Battery Energy]86.80
2019-09-05_00:39:19.148[Status]Routing Start.
2019-09-05_00:39:19.458[Status]{'id': 9, 'coordinate': [453.570021654997, 642.0889514835402]}
2019-09-05_00:39:19.458[Status]Routing 51: Walk: 46
2019-09-05_00:39:19.558[Battery Energy]86.55
2019-09-05_00:39:19.558[Status]Routing Start.
2019-09-05_00:39:19.884[Status]{'id': 9, 'coordinate': [463.45300176114586, 643.6143052856027]}
2019-09-05_00:39:19.884[Status]Routing 52: Walk: 47
2019-09-05_00:39:19.984[Battery Energy]86.23
2019-09-05_00:39:19.985[Status]Routing Start.
2019-09-05_00:39:20.166[Status]{'id': 9, 'coordinate': [473.3359818672947, 645.139659087665]}
2019-09-05_00:39:20.166[Status]Routing 53: Walk: 48
2019-09-05_00:39:20.279[Battery Energy]86.04
2019-09-05_00:39:20.279[Status]Routing Start.
2019-09-05_00:39:20.607[Status]{'id': 9, 'coordinate': [483.2189619734436, 646.6650128897274]}
2019-09-05_00:39:20.607[Status]Routing 54: Walk: 49
2019-09-05_00:39:20.712[Battery Energy]85.77
2019-09-05_00:39:20.712[Status]Routing Start.
2019-09-05_00:39:20.846[Status]{'id': 9, 'coordinate': [493.10194207959245, 648.1903666917899]}
2019-09-05_00:39:20.846[Status]Routing 55: Walk: 50
2019-09-05_00:39:20.958[Battery Energy]85.56
2019-09-05_00:39:20.958[Status]Routing Start.
2019-09-05_00:39:21.305[Status]{'id': 9, 'coordinate': [502.9849221857413, 649.7157204938522]}
2019-09-05_00:39:21.307[Status]Routing 56: Walk: 51
2019-09-05_00:39:21.407[Battery Energy]85.26
2019-09-05_00:39:21.407[Status]Routing Start.
2019-09-05_00:39:21.796[Status]{'id': 9, 'coordinate': [512.8679022918901, 651.2410742959146]}
2019-09-05_00:39:21.797[Status]Routing 57: Walk: 52
2019-09-05_00:39:21.899[Battery Energy]84.91
2019-09-05_00:39:21.899[Status]Routing Start.
2019-09-05_00:39:22.243[Status]{'id': 9, 'coordinate': [522.7508823980389, 652.766428097977]}
2019-09-05_00:39:22.243[Status]Routing 58: Walk: 53
2019-09-05_00:39:22.344[Battery Energy]84.58
2019-09-05_00:39:22.344[Status]Routing Start.
2019-09-05_00:39:22.748[Status]{'id': 9, 'coordinate': [532.6338625041877, 654.2917819000394]}
2019-09-05_00:39:22.748[Status]Routing 59: Walk: 54
2019-09-05_00:39:22.864[Battery Energy]84.23
2019-09-05_00:39:22.864[Status]Routing Start.
2019-09-05_00:39:23.200[Status]{'id': 9, 'coordinate': [542.5168426103365, 655.8171357021018]}
2019-09-05_00:39:23.200[Status]Routing 60: Walk: 55
2019-09-05_00:39:23.308[Battery Energy]83.93
2019-09-05_00:39:23.308[Status]Routing Start.
2019-09-05_00:39:23.611[Status]{'id': 9, 'coordinate': [552.3998227164853, 657.3424895041642]}
2019-09-05_00:39:23.612[Status]Routing 61: Walk: 56
2019-09-05_00:39:23.728[Battery Energy]83.61
2019-09-05_00:39:23.728[Status]Routing Start.
2019-09-05_00:39:24.061[Status]{'id': 9, 'coordinate': [562.2828028226342, 658.8678433062266]}
2019-09-05_00:39:24.061[Status]Routing 62: Walk: 57
2019-09-05_00:39:24.161[Battery Energy]83.28
2019-09-05_00:39:24.161[Status]Routing Start.
2019-09-05_00:39:24.383[Status]{'id': 9, 'coordinate': [572.165782928783, 660.393197108289]}
2019-09-05_00:39:24.383[Status]Routing 63: Walk: 58
2019-09-05_00:39:24.492[Battery Energy]83.02
2019-09-05_00:39:24.492[Status]Routing Start.
2019-09-05_00:39:24.632[Status]{'id': 9, 'coordinate': [582.0487630349318, 661.9185509103514]}
2019-09-05_00:39:24.632[Status]Routing 64: Walk: 59
2019-09-05_00:39:24.732[Battery Energy]82.82
2019-09-05_00:39:24.732[Status]Routing Start.
2019-09-05_00:39:24.979[Status]{'id': 9, 'coordinate': [591.9317431410806, 663.4439047124138]}
2019-09-05_00:39:24.979[Status]Routing 65: Walk: 60
2019-09-05_00:39:25.084[Battery Energy]82.59
2019-09-05_00:39:25.084[Status]Routing Start.
2019-09-05_00:39:25.286[Status]{'id': 9, 'coordinate': [601.8147232472294, 664.9692585144762]}
2019-09-05_00:39:25.288[Status]Routing 66: Walk: 61
2019-09-05_00:39:25.388[Battery Energy]82.35
2019-09-05_00:39:25.388[Status]Routing Start.
2019-09-05_00:39:25.619[Status]{'id': 9, 'coordinate': [611.6977033533782, 666.4946123165386]}
2019-09-05_00:39:25.619[Status]Routing 67: Walk: 62
2019-09-05_00:39:25.719[Battery Energy]82.11
2019-09-05_00:39:25.720[Status]Routing Start.
2019-09-05_00:39:25.995[Status]{'id': 9, 'coordinate': [621.580683459527, 668.0199661186009]}
2019-09-05_00:39:25.995[Status]Routing 68: Walk: 63
2019-09-05_00:39:26.112[Battery Energy]81.79
2019-09-05_00:39:26.112[Status]Routing Start.
2019-09-05_00:39:26.297[Status]{'id': 9, 'coordinate': [631.4636635656758, 669.5453199206634]}
2019-09-05_00:39:26.297[Status]Routing 69: Walk: 64
2019-09-05_00:39:26.398[Battery Energy]81.57
2019-09-05_00:39:26.398[Status]Routing Start.
2019-09-05_00:39:26.559[Status]{'id': 9, 'coordinate': [641.3466436718246, 671.0706737227257]}
2019-09-05_00:39:26.560[Status]Routing 70: Walk: 65
2019-09-05_00:39:26.660[Battery Energy]81.37
2019-09-05_00:39:26.660[Status]Routing Start.
2019-09-05_00:39:26.798[Status]{'id': 9, 'coordinate': [651.2296237779734, 672.5960275247882]}
2019-09-05_00:39:26.798[Status]Routing 71: Walk: 66
2019-09-05_00:39:26.898[Battery Energy]81.19
2019-09-05_00:39:26.898[Status]Routing Start.
2019-09-05_00:39:27.128[Status]{'id': 9, 'coordinate': [661.1126038841222, 674.1213813268505]}
2019-09-05_00:39:27.128[Status]Routing 72: Walk: 67
2019-09-05_00:39:27.228[Battery Energy]80.96
2019-09-05_00:39:27.228[Status]Routing Start.
2019-09-05_00:39:27.420[Status]{'id': 9, 'coordinate': [670.995583990271, 675.646735128913]}
2019-09-05_00:39:27.420[Status]Routing 73: Walk: 68
2019-09-05_00:39:27.528[Battery Energy]80.77
2019-09-05_00:39:27.528[Status]Routing Start.
2019-09-05_00:39:27.685[Status]{'id': 9, 'coordinate': [680.8785640964198, 677.1720889309753]}
2019-09-05_00:39:27.685[Status]Routing 74: Walk: 69
2019-09-05_00:39:27.796[Battery Energy]80.55
2019-09-05_00:39:27.796[Status]Routing Start.
2019-09-05_00:39:28.008[Status]{'id': 9, 'coordinate': [690.7615442025686, 678.6974427330377]}
2019-09-05_00:39:28.008[Status]Routing 75: Walk: 70
2019-09-05_00:39:28.108[Battery Energy]80.32
2019-09-05_00:39:28.108[Status]Routing Start.
2019-09-05_00:39:28.360[Status]{'id': 9, 'coordinate': [700.6445243087175, 680.2227965351001]}
2019-09-05_00:39:28.360[Status]Routing 76: Walk: 71
2019-09-05_00:39:28.460[Battery Energy]80.08
2019-09-05_00:39:28.460[Status]Routing Start.
2019-09-05_00:39:28.647[Status]{'id': 9, 'coordinate': [710.5275044148663, 681.7481503371625]}
2019-09-05_00:39:28.647[Status]Routing 77: Walk: 72
2019-09-05_00:39:28.748[Battery Energy]79.89
2019-09-05_00:39:28.748[Status]Routing Start.
2019-09-05_00:39:28.954[Status]{'id': 9, 'coordinate': [720.4104845210151, 683.2735041392249]}
2019-09-05_00:39:28.954[Status]Routing 78: Walk: 73
2019-09-05_00:39:29.054[Battery Energy]79.70
2019-09-05_00:39:29.054[Status]Routing Start.
2019-09-05_00:39:29.272[Status]{'id': 9, 'coordinate': [730.2934646271639, 684.7988579412872]}
2019-09-05_00:39:29.272[Status]Routing 79: Walk: 74
2019-09-05_00:39:29.380[Battery Energy]79.47
2019-09-05_00:39:29.380[Status]Routing Start.
2019-09-05_00:39:29.518[Status]{'id': 9, 'coordinate': [740.1764447333127, 686.3242117433497]}
2019-09-05_00:39:29.518[Status]Routing 80: Walk: 75
2019-09-05_00:39:29.618[Battery Energy]79.25
2019-09-05_00:39:29.618[Status]Routing Start.
2019-09-05_00:39:29.780[Status]{'id': 9, 'coordinate': [750.0594248394615, 687.849565545412]}
2019-09-05_00:39:29.780[Status]Routing 81: Walk: 76
2019-09-05_00:39:29.892[Battery Energy]79.02
2019-09-05_00:39:29.892[Status]Routing Start.
2019-09-05_00:39:30.057[Status]{'id': 9, 'coordinate': [759.9424049456103, 689.3749193474745]}
2019-09-05_00:39:30.057[Status]Routing 82: Walk: 77
2019-09-05_00:39:30.157[Battery Energy]78.81
2019-09-05_00:39:30.157[Status]Routing Start.
2019-09-05_00:39:30.399[Status]{'id': 9, 'coordinate': [769.8253850517591, 690.9002731495368]}
2019-09-05_00:39:30.399[Status]Routing 83: Walk: 78
2019-09-05_00:39:30.512[Battery Energy]78.58
2019-09-05_00:39:30.512[Status]Routing Start.
2019-09-05_00:39:30.733[Status]{'id': 9, 'coordinate': [779.7083651579079, 692.4256269515993]}
2019-09-05_00:39:30.734[Status]Routing 84: Walk: 79
2019-09-05_00:39:30.834[Battery Energy]78.34
2019-09-05_00:39:30.834[Status]Routing Start.
2019-09-05_00:39:31.046[Status]{'id': 9, 'coordinate': [789.5913452640567, 693.9509807536616]}
2019-09-05_00:39:31.046[Status]Routing 85: Walk: 80
2019-09-05_00:39:31.160[Battery Energy]78.15
2019-09-05_00:39:31.162[Status]Routing Start.
2019-09-05_00:39:31.358[Status]{'id': 9, 'coordinate': [799.4743253702055, 695.4763345557241]}
2019-09-05_00:39:31.358[Status]Routing 86: Walk: 81
2019-09-05_00:39:31.467[Battery Energy]77.94
2019-09-05_00:39:31.467[Status]Routing Start.
2019-09-05_00:39:31.812[Status]Routing 87: Walk: 81
2019-09-05_00:39:31.927[Battery Energy]77.63
2019-09-05_00:39:31.927[Status]Routing Start.
2019-09-05_00:39:32.331[Status]Routing 88: Walk: 81
2019-09-05_00:39:32.431[Battery Energy]77.31
2019-09-05_00:39:32.431[Status]Routing Start.
2019-09-05_00:39:32.783[Status]Routing 89: Walk: 81
2019-09-05_00:39:32.883[Battery Energy]76.97
2019-09-05_00:39:32.883[Status]Routing Start.
2019-09-05_00:39:33.310[Status]Routing 90: Walk: 81
2019-09-05_00:39:33.410[Battery Energy]76.57
2019-09-05_00:39:33.410[Status]Routing Start.
2019-09-05_00:39:33.684[Status]Routing 91: Walk: 81
2019-09-05_00:39:33.784[Battery Energy]76.27
2019-09-05_00:39:33.784[Status]Routing Start.
2019-09-05_00:39:34.046[Status]Routing 92: Walk: 81
2019-09-05_00:39:34.146[Battery Energy]75.96
2019-09-05_00:39:34.146[Status]Routing Start.
2019-09-05_00:39:34.328[Status]{'id': 9, 'coordinate': [809.3573054763543, 697.0016883577864]}
2019-09-05_00:39:34.329[Status]Routing 93: Walk: 82
2019-09-05_00:39:34.440[Battery Energy]75.75
2019-09-05_00:39:34.440[Status]Routing Start.
2019-09-05_00:39:34.610[Status]{'id': 9, 'coordinate': [819.2402855825031, 698.5270421598489]}
2019-09-05_00:39:34.613[Status]Routing 94: Walk: 83
2019-09-05_00:39:34.724[Battery Energy]75.57
2019-09-05_00:39:34.724[Status]Routing Start.
2019-09-05_00:39:35.031[Status]{'id': 9, 'coordinate': [829.1232656886519, 700.0523959619112]}
2019-09-05_00:39:35.031[Status]Routing 95: Walk: 84
2019-09-05_00:39:35.131[Battery Energy]75.30
2019-09-05_00:39:35.131[Status]Routing Start.
2019-09-05_00:39:35.287[Status]{'id': 9, 'coordinate': [839.0062457948007, 701.5777497639735]}
2019-09-05_00:39:35.287[Status]Routing 96: Walk: 85
2019-09-05_00:39:35.396[Battery Energy]75.09
2019-09-05_00:39:35.396[Status]Routing Start.
2019-09-05_00:39:35.612[Status]{'id': 9, 'coordinate': [848.8892259009496, 703.103103566036]}
2019-09-05_00:39:35.612[Status]Routing 97: Walk: 86
2019-09-05_00:39:35.713[Battery Energy]74.86
2019-09-05_00:39:35.713[Status]Routing Start.
2019-09-05_00:39:35.993[Status]{'id': 9, 'coordinate': [858.7722060070984, 704.6284573680983]}
2019-09-05_00:39:35.996[Status]Routing 98: Walk: 87
2019-09-05_00:39:36.096[Battery Energy]74.55
2019-09-05_00:39:36.096[Status]Routing Start.
2019-09-05_00:39:36.376[Status]{'id': 9, 'coordinate': [868.6551861132472, 706.1538111701608]}
2019-09-05_00:39:36.376[Status]Routing 99: Walk: 88
2019-09-05_00:39:36.484[Battery Energy]74.33
2019-09-05_00:39:36.484[Status]Routing Start.
2019-09-05_00:39:36.826[Status]{'id': 9, 'coordinate': [878.538166219396, 707.6791649722231]}
2019-09-05_00:39:36.826[Status]Routing 100: Walk: 89
2019-09-05_00:39:36.928[Battery Energy]74.07
2019-09-05_00:39:36.928[Status]Routing Start.
2019-09-05_00:39:37.257[Status]{'id': 9, 'coordinate': [888.4211463255448, 709.2045187742856]}
2019-09-05_00:39:37.257[Status]Routing 101: Walk: 90
2019-09-05_00:39:37.357[Battery Energy]73.77
2019-09-05_00:39:37.357[Status]Routing Start.
2019-09-05_00:39:37.717[Status]{'id': 9, 'coordinate': [898.3041264316936, 710.7298725763479]}
2019-09-05_00:39:37.717[Status]Routing 102: Walk: 91
2019-09-05_00:39:37.829[Battery Energy]73.44
2019-09-05_00:39:37.829[Status]Routing Start.
2019-09-05_00:39:38.143[Status]{'id': 9, 'coordinate': [908.1871065378424, 712.2552263784104]}
2019-09-05_00:39:38.143[Status]Routing 103: Walk: 92
2019-09-05_00:39:38.256[Battery Energy]73.17
2019-09-05_00:39:38.256[Status]Routing Start.
2019-09-05_00:39:38.540[Status]{'id': 9, 'coordinate': [918.0700866439912, 713.7805801804727]}
2019-09-05_00:39:38.540[Status]Routing 104: Walk: 93
2019-09-05_00:39:38.644[Battery Energy]72.90
2019-09-05_00:39:38.644[Status]Routing Start.
2019-09-05_00:39:38.967[Status]{'id': 9, 'coordinate': [927.95306675014, 715.3059339825351]}
2019-09-05_00:39:38.967[Status]Routing 105: Walk: 94
2019-09-05_00:39:39.092[Battery Energy]72.59
2019-09-05_00:39:39.092[Status]Routing Start.
2019-09-05_00:39:39.394[Status]{'id': 9, 'coordinate': [937.8360468562888, 716.8312877845975]}
2019-09-05_00:39:39.394[Status]Routing 106: Walk: 95
2019-09-05_00:39:39.512[Battery Energy]72.31
2019-09-05_00:39:39.512[Status]Routing Start.
2019-09-05_00:39:39.815[Status]{'id': 9, 'coordinate': [947.7190269624376, 718.3566415866599]}
2019-09-05_00:39:39.815[Status]Routing 107: Walk: 96
2019-09-05_00:39:39.928[Battery Energy]72.05
2019-09-05_00:39:39.928[Status]Routing Start.
2019-09-05_00:39:40.258[Status]{'id': 9, 'coordinate': [957.6020070685864, 719.8819953887223]}
2019-09-05_00:39:40.258[Status]Routing 108: Walk: 97
2019-09-05_00:39:40.376[Battery Energy]71.73
2019-09-05_00:39:40.376[Status]Routing Start.
2019-09-05_00:39:40.668[Status]{'id': 9, 'coordinate': [967.4849871747352, 721.4073491907847]}
2019-09-05_00:39:40.668[Status]Routing 109: Walk: 98
2019-09-05_00:39:40.768[Battery Energy]71.42
2019-09-05_00:39:40.768[Status]Routing Start.
2019-09-05_00:39:41.139[Status]{'id': 9, 'coordinate': [977.367967280884, 722.9327029928471]}
2019-09-05_00:39:41.139[Status]Routing 110: Walk: 99
2019-09-05_00:39:41.239[Battery Energy]71.12
2019-09-05_00:39:41.239[Status]Routing Start.
2019-09-05_00:39:41.609[Status]{'id': 9, 'coordinate': [987.2509473870329, 724.4580567949095]}
2019-09-05_00:39:41.609[Status]Routing 111: Walk: 100
2019-09-05_00:39:41.712[Battery Energy]70.85
2019-09-05_00:39:41.712[Status]Routing Start.
2019-09-05_00:39:42.079[Status]{'id': 9, 'coordinate': [997.1339274931817, 725.9834105969719]}
2019-09-05_00:39:42.080[Status]Routing 112: Walk: 101
2019-09-05_00:39:42.196[Battery Energy]70.52
2019-09-05_00:39:42.196[Status]Routing Start.
2019-09-05_00:39:42.437[Status]{'id': 9, 'coordinate': [1007.0169075993305, 727.5087643990342]}
2019-09-05_00:39:42.437[Status]Routing 113: Walk: 102
2019-09-05_00:39:42.538[Battery Energy]70.29
2019-09-05_00:39:42.538[Status]Routing Start.
2019-09-05_00:39:42.856[Status]{'id': 9, 'coordinate': [1016.8998877054793, 729.0341182010966]}
2019-09-05_00:39:42.856[Status]Routing 114: Walk: 103
2019-09-05_00:39:42.964[Battery Energy]70.00
2019-09-05_00:39:42.964[Status]Routing Start.
2019-09-05_00:39:43.277[Status]{'id': 9, 'coordinate': [1026.7828678116282, 730.559472003159]}
2019-09-05_00:39:43.277[Status]Routing 115: Walk: 104
2019-09-05_00:39:43.377[Battery Energy]69.72
2019-09-05_00:39:43.377[Status]Routing Start.
2019-09-05_00:39:43.660[Status]{'id': 9, 'coordinate': [1036.665847917777, 732.0848258052215]}
2019-09-05_00:39:43.660[Status]Routing 116: Walk: 105
2019-09-05_00:39:43.760[Battery Energy]69.46
2019-09-05_00:39:43.760[Status]Routing Start.
2019-09-05_00:39:44.103[Status]{'id': 9, 'coordinate': [1046.5488280239258, 733.6101796072838]}
2019-09-05_00:39:44.103[Status]Routing 117: Walk: 106
2019-09-05_00:39:44.203[Battery Energy]69.11
2019-09-05_00:39:44.203[Status]Routing Start.
2019-09-05_00:39:44.611[Status]{'id': 9, 'coordinate': [1056.4318081300746, 735.1355334093462]}
2019-09-05_00:39:44.611[Status]Routing 118: Walk: 107
2019-09-05_00:39:44.712[Battery Energy]68.76
2019-09-05_00:39:44.712[Status]Routing Start.
2019-09-05_00:39:44.888[Status]{'id': 9, 'coordinate': [1066.3147882362234, 736.6608872114086]}
2019-09-05_00:39:44.888[Status]Routing 119: Walk: 108
2019-09-05_00:39:44.988[Battery Energy]68.54
2019-09-05_00:39:44.988[Status]Routing Start.
2019-09-05_00:39:45.219[Status]{'id': 9, 'coordinate': [1076.1977683423722, 738.186241013471]}
2019-09-05_00:39:45.219[Status]Routing 120: Walk: 109
2019-09-05_00:39:45.319[Battery Energy]68.29
2019-09-05_00:39:45.319[Status]Routing Start.
2019-09-05_00:39:45.684[Status]{'id': 9, 'coordinate': [1086.080748448521, 739.7115948155334]}
2019-09-05_00:39:45.684[Status]Routing 121: Walk: 110
2019-09-05_00:39:45.792[Battery Energy]68.01
2019-09-05_00:39:45.792[Status]Routing Start.
2019-09-05_00:39:46.097[Status]{'id': 9, 'coordinate': [1095.9637285546698, 741.2369486175958]}
2019-09-05_00:39:46.097[Status]Routing 122: Walk: 111
2019-09-05_00:39:46.216[Battery Energy]67.74
2019-09-05_00:39:46.216[Status]Routing Start.
2019-09-05_00:39:46.379[Status]{'id': 9, 'coordinate': [1105.8467086608186, 742.7623024196582]}
2019-09-05_00:39:46.379[Status]Routing 123: Walk: 112
2019-09-05_00:39:46.488[Battery Energy]67.52
2019-09-05_00:39:46.488[Status]Routing Start.
2019-09-05_00:39:46.488[Status]Task Finished.
2019-09-05_00:39:46.589[Battery Energy]67.52
2019-09-05_00:39:46.773[Status]Routing 125: Walk: 112
2019-09-05_00:39:46.876[Battery Energy]67.39
2019-09-05_00:39:47.243[Status]Routing 126: Walk: 112
2019-09-05_00:39:47.344[Battery Energy]67.12
2019-09-05_00:39:47.669[Status]Routing 127: Walk: 112
2019-09-05_00:39:47.780[Battery Energy]66.95
2019-09-05_00:39:48.104[Status]Routing 128: Walk: 112
2019-09-05_00:39:48.212[Battery Energy]66.72
2019-09-05_00:39:48.505[Status]Routing 129: Walk: 112
2019-09-05_00:39:48.605[Battery Energy]66.55
2019-09-05_00:39:48.804[Status]Routing 130: Walk: 112
2019-09-05_00:39:48.908[Battery Energy]66.41
2019-09-05_00:39:49.145[Status]Routing 131: Walk: 112
2019-09-05_00:39:49.260[Battery Energy]66.26
2019-09-05_00:39:49.661[Status]Routing 132: Walk: 112
2019-09-05_00:39:49.762[Battery Energy]66.08
2019-09-05_00:39:50.157[Status]Routing 133: Walk: 112
2019-09-05_00:39:50.260[Battery Energy]65.84
2019-09-05_00:39:50.435[Status]Routing 134: Walk: 112
2019-09-05_00:39:50.536[Battery Energy]65.72
2019-09-05_00:39:50.904[Status]Routing 135: Walk: 112
2019-09-05_00:39:51.008[Battery Energy]65.51
2019-09-05_00:39:51.152[Status]Routing 136: Walk: 112
2019-09-05_00:39:51.260[Battery Energy]65.41
2019-09-05_00:39:51.518[Status]Routing 137: Walk: 112
2019-09-05_00:39:51.628[Battery Energy]65.21
2019-09-05_00:39:51.898[Status]Routing 138: Walk: 112
2019-09-05_00:39:52.008[Battery Energy]65.02
2019-09-05_00:39:52.144[Status]Routing 139: Walk: 112
2019-09-05_00:39:52.256[Battery Energy]64.93
2019-09-05_00:39:52.422[Status]Routing 140: Walk: 112
2019-09-05_00:39:52.522[Battery Energy]64.85
2019-09-05_00:39:52.681[Status]Routing 141: Walk: 112
2019-09-05_00:39:52.781[Battery Energy]64.76
2019-09-05_00:39:53.000[Status]Routing 142: Walk: 112
2019-09-05_00:39:53.112[Battery Energy]64.64
2019-09-05_00:39:53.263[Status]Routing 143: Walk: 112
2019-09-05_00:39:53.363[Battery Energy]64.53
2019-09-05_00:39:53.561[Status]Routing 144: Walk: 112
2019-09-05_00:39:53.668[Battery Energy]64.39
2019-09-05_00:39:53.814[Status]Routing 145: Walk: 112
2019-09-05_00:39:53.924[Battery Energy]64.28
2019-09-05_00:39:54.227[Status]Routing 146: Walk: 112
2019-09-05_00:39:54.327[Battery Energy]64.11
2019-09-05_00:39:54.670[Status]Routing 147: Walk: 112
2019-09-05_00:39:54.772[Battery Energy]63.98
2019-09-05_00:39:55.066[Status]Routing 148: Walk: 112
2019-09-05_00:39:55.171[Battery Energy]63.83
2019-09-05_00:39:55.320[Status]Routing 149: Walk: 112
2019-09-05_00:39:55.421[Battery Energy]63.71
2019-09-05_00:39:55.692[Status]Routing 150: Walk: 112
2019-09-05_00:39:55.804[Battery Energy]63.58
2019-09-05_00:39:56.000[Status]Routing 151: Walk: 112
2019-09-05_00:39:56.101[Battery Energy]63.48
2019-09-05_00:39:56.260[Status]Routing 152: Walk: 112
2019-09-05_00:39:56.372[Battery Energy]63.34
2019-09-05_00:39:56.597[Status]Routing 153: Walk: 112
2019-09-05_00:39:56.704[Battery Energy]63.22
2019-09-05_00:39:56.874[Status]Routing 154: Walk: 112
2019-09-05_00:39:56.976[Battery Energy]63.11
2019-09-05_00:39:57.260[Status]Routing 155: Walk: 112
2019-09-05_00:39:57.380[Battery Energy]62.97
2019-09-05_00:39:57.577[Status]Routing 156: Walk: 112
2019-09-05_00:39:57.688[Battery Energy]62.83
2019-09-05_00:39:57.861[Status]Routing 157: Walk: 112
2019-09-05_00:39:57.968[Battery Energy]62.71
2019-09-05_00:39:58.148[Status]Routing 158: Walk: 112
2019-09-05_00:39:58.256[Battery Energy]62.60
2019-09-05_00:39:58.423[Status]Routing 159: Walk: 112
2019-09-05_00:39:58.524[Battery Energy]62.47
2019-09-05_00:39:58.677[Status]Routing 160: Walk: 112
2019-09-05_00:39:58.780[Battery Energy]62.34
2019-09-05_00:39:59.078[Status]Routing 161: Walk: 112
2019-09-05_00:39:59.191[Battery Energy]62.18
2019-09-05_00:39:59.348[Status]Routing 162: Walk: 112
2019-09-05_00:39:59.451[Battery Energy]62.09
2019-09-05_00:39:59.616[Status]Routing 163: Walk: 112
2019-09-05_00:39:59.728[Battery Energy]61.99
2019-09-05_00:39:59.895[Status]Routing 164: Walk: 112
2019-09-05_00:40:00.003[Battery Energy]61.87
2019-09-05_00:40:00.199[Status]Routing 165: Walk: 112
2019-09-05_00:40:00.299[Battery Energy]61.74
2019-09-05_00:40:00.485[Status]Routing 166: Walk: 112
2019-09-05_00:40:00.596[Battery Energy]61.63
2019-09-05_00:40:00.834[Status]Routing 167: Walk: 112
2019-09-05_00:40:00.934[Battery Energy]61.47
2019-09-05_00:40:01.128[Status]Routing 168: Walk: 112
2019-09-05_00:40:01.228[Battery Energy]61.36
2019-09-05_00:40:01.476[Status]Routing 169: Walk: 112
2019-09-05_00:40:01.606[Battery Energy]61.15
2019-09-05_00:40:01.777[Status]Routing 170: Walk: 112
2019-09-05_00:40:01.877[Battery Energy]61.07
2019-09-05_00:40:02.082[Status]Routing 171: Walk: 112
2019-09-05_00:40:02.183[Battery Energy]60.91
2019-09-05_00:40:02.360[Status]Routing 172: Walk: 112
2019-09-05_00:40:02.472[Battery Energy]60.79
