2019-09-05_10:59:32.005[Status]Start.
2019-09-05_10:59:32.005[Battery Energy]123.00
2019-09-05_10:59:33.109[Battery Energy]122.96
2019-09-05_10:59:34.211[Battery Energy]122.92
2019-09-05_10:59:35.312[Battery Energy]122.88
2019-09-05_10:59:36.413[Battery Energy]122.84
2019-09-05_10:59:37.514[Task]A New Task Released.
2019-09-05_10:59:37.514[Battery Energy]122.80
2019-09-05_10:59:37.515[Status]Selection Start.
2019-09-05_10:59:39.911[Status]Selection End: Do Task 1.
2019-09-05_10:59:40.025[Battery Energy]121.19
2019-09-05_10:59:40.025[Status]Formation Start.
2019-09-05_10:59:40.227[Status]Formation End: To Position 4.
2019-09-05_10:59:40.332[Battery Energy]121.02
2019-09-05_10:59:40.332[Status]Routing Start.
2019-09-05_10:59:40.491[Status]{'id': 8, 'coordinate': [65.99753845200726, 679.7781331466034]}
2019-09-05_10:59:40.491[Status]Routing 1: Walk: 1
2019-09-05_10:59:40.591[Battery Energy]120.81
2019-09-05_10:59:40.591[Status]Routing Start.
2019-09-05_10:59:40.760[Status]{'id': 8, 'coordinate': [75.99507690401452, 679.5562662932068]}
2019-09-05_10:59:40.761[Status]Routing 2: Walk: 2
2019-09-05_10:59:40.861[Battery Energy]120.59
2019-09-05_10:59:40.862[Status]Routing Start.
2019-09-05_10:59:41.239[Status]{'id': 8, 'coordinate': [85.99261535602179, 679.3343994398102]}
2019-09-05_10:59:41.239[Status]Routing 3: Walk: 3
2019-09-05_10:59:41.339[Battery Energy]120.25
2019-09-05_10:59:41.339[Status]Routing Start.
2019-09-05_10:59:41.609[Status]{'id': 8, 'coordinate': [95.99015380802905, 679.1125325864136]}
2019-09-05_10:59:41.610[Status]Routing 4: Walk: 4
2019-09-05_10:59:41.711[Battery Energy]119.97
2019-09-05_10:59:41.712[Status]Routing Start.
2019-09-05_10:59:41.947[Status]{'id': 8, 'coordinate': [105.98769226003631, 678.890665733017]}
2019-09-05_10:59:41.948[Status]Routing 5: Walk: 5
2019-09-05_10:59:42.049[Battery Energy]119.72
2019-09-05_10:59:42.049[Status]Routing Start.
2019-09-05_10:59:42.380[Status]{'id': 8, 'coordinate': [115.98523071204357, 678.6687988796205]}
2019-09-05_10:59:42.380[Status]Routing 6: Walk: 6
2019-09-05_10:59:42.481[Battery Energy]119.37
2019-09-05_10:59:42.481[Status]Routing Start.
2019-09-05_10:59:42.810[Status]{'id': 8, 'coordinate': [125.98276916405084, 678.4469320262239]}
2019-09-05_10:59:42.812[Status]Routing 7: Walk: 7
2019-09-05_10:59:42.921[Battery Energy]119.07
2019-09-05_10:59:42.921[Status]Routing Start.
2019-09-05_10:59:43.263[Status]{'id': 8, 'coordinate': [135.9803076160581, 678.2250651728273]}
2019-09-05_10:59:43.263[Status]Routing 8: Walk: 8
2019-09-05_10:59:43.373[Battery Energy]118.74
2019-09-05_10:59:43.373[Status]Routing Start.
2019-09-05_10:59:43.753[Status]{'id': 8, 'coordinate': [145.97784606806536, 678.0031983194307]}
2019-09-05_10:59:43.753[Status]Routing 9: Walk: 9
2019-09-05_10:59:43.857[Battery Energy]118.38
2019-09-05_10:59:43.857[Status]Routing Start.
2019-09-05_10:59:44.306[Status]{'id': 8, 'coordinate': [155.97538452007262, 677.7813314660341]}
2019-09-05_10:59:44.309[Status]Routing 10: Walk: 10
2019-09-05_10:59:44.409[Battery Energy]117.98
2019-09-05_10:59:44.409[Status]Routing Start.
2019-09-05_10:59:44.930[Status]{'id': 8, 'coordinate': [165.97292297207989, 677.5594646126375]}
2019-09-05_10:59:44.930[Status]Routing 11: Walk: 11
2019-09-05_10:59:45.030[Battery Energy]117.51
2019-09-05_10:59:45.031[Status]Routing Start.
2019-09-05_10:59:45.458[Status]{'id': 8, 'coordinate': [175.97046142408715, 677.3375977592409]}
2019-09-05_10:59:45.458[Status]Routing 12: Walk: 12
2019-09-05_10:59:45.559[Battery Energy]117.20
2019-09-05_10:59:45.559[Status]Routing Start.
2019-09-05_10:59:45.962[Status]{'id': 8, 'coordinate': [185.9679998760944, 677.1157309058443]}
2019-09-05_10:59:45.962[Status]Routing 13: Walk: 13
2019-09-05_10:59:46.063[Battery Energy]116.81
2019-09-05_10:59:46.063[Status]Routing Start.
2019-09-05_10:59:46.584[Status]{'id': 8, 'coordinate': [195.96553832810167, 676.8938640524477]}
2019-09-05_10:59:46.584[Status]Routing 14: Walk: 14
2019-09-05_10:59:46.684[Battery Energy]116.39
2019-09-05_10:59:46.684[Status]Routing Start.
2019-09-05_10:59:47.078[Status]{'id': 8, 'coordinate': [205.96307678010893, 676.6719971990511]}
2019-09-05_10:59:47.079[Status]Routing 15: Walk: 15
2019-09-05_10:59:47.197[Battery Energy]116.06
2019-09-05_10:59:47.197[Status]Routing Start.
2019-09-05_10:59:47.585[Status]{'id': 8, 'coordinate': [215.9606152321162, 676.4501303456545]}
2019-09-05_10:59:47.590[Status]Routing 16: Walk: 16
2019-09-05_10:59:47.691[Battery Energy]115.74
2019-09-05_10:59:47.691[Status]Routing Start.
2019-09-05_10:59:48.031[Status]{'id': 8, 'coordinate': [225.95815368412346, 676.228263492258]}
2019-09-05_10:59:48.033[Status]Routing 17: Walk: 17
2019-09-05_10:59:48.145[Battery Energy]115.43
2019-09-05_10:59:48.145[Status]Routing Start.
2019-09-05_10:59:48.543[Status]{'id': 8, 'coordinate': [235.95569213613072, 676.0063966388614]}
2019-09-05_10:59:48.543[Status]Routing 18: Walk: 18
2019-09-05_10:59:48.645[Battery Energy]115.09
2019-09-05_10:59:48.645[Status]Routing Start.
2019-09-05_10:59:48.983[Status]{'id': 8, 'coordinate': [245.95323058813798, 675.7845297854648]}
2019-09-05_10:59:48.983[Status]Routing 19: Walk: 19
2019-09-05_10:59:49.093[Battery Energy]114.77
2019-09-05_10:59:49.093[Status]Routing Start.
2019-09-05_10:59:49.456[Status]{'id': 8, 'coordinate': [255.95076904014525, 675.5626629320682]}
2019-09-05_10:59:49.456[Status]Routing 20: Walk: 20
2019-09-05_10:59:49.556[Battery Energy]114.48
2019-09-05_10:59:49.556[Status]Routing Start.
2019-09-05_10:59:49.924[Status]{'id': 8, 'coordinate': [265.94830749215254, 675.3407960786716]}
2019-09-05_10:59:49.924[Status]Routing 21: Walk: 21
2019-09-05_10:59:50.041[Battery Energy]114.15
2019-09-05_10:59:50.041[Status]Routing Start.
2019-09-05_10:59:50.277[Status]{'id': 8, 'coordinate': [275.9458459441598, 675.118929225275]}
2019-09-05_10:59:50.277[Status]Routing 22: Walk: 22
2019-09-05_10:59:50.377[Battery Energy]113.83
2019-09-05_10:59:50.377[Status]Routing Start.
2019-09-05_10:59:50.562[Status]{'id': 8, 'coordinate': [285.9433843961671, 674.8970623718784]}
2019-09-05_10:59:50.562[Status]Routing 23: Walk: 23
2019-09-05_10:59:50.677[Battery Energy]113.57
2019-09-05_10:59:50.677[Status]Routing Start.
2019-09-05_10:59:50.956[Status]{'id': 8, 'coordinate': [295.9409228481744, 674.6751955184818]}
2019-09-05_10:59:50.956[Status]Routing 24: Walk: 24
2019-09-05_10:59:51.056[Battery Energy]113.31
2019-09-05_10:59:51.056[Status]Routing Start.
2019-09-05_10:59:51.476[Status]{'id': 8, 'coordinate': [305.9384613001817, 674.4533286650852]}
2019-09-05_10:59:51.476[Status]Routing 25: Walk: 25
2019-09-05_10:59:51.580[Battery Energy]112.94
2019-09-05_10:59:51.580[Status]Routing Start.
2019-09-05_10:59:51.914[Status]{'id': 8, 'coordinate': [315.935999752189, 674.2314618116886]}
2019-09-05_10:59:51.918[Status]Routing 26: Walk: 26
2019-09-05_10:59:52.028[Battery Energy]112.64
2019-09-05_10:59:52.028[Status]Routing Start.
2019-09-05_10:59:52.383[Status]{'id': 8, 'coordinate': [325.9335382041963, 674.009594958292]}
2019-09-05_10:59:52.383[Status]Routing 27: Walk: 27
2019-09-05_10:59:52.483[Battery Energy]112.32
2019-09-05_10:59:52.483[Status]Routing Start.
2019-09-05_10:59:52.931[Status]{'id': 8, 'coordinate': [335.9310766562036, 673.7877281048955]}
2019-09-05_10:59:52.931[Status]Routing 28: Walk: 28
2019-09-05_10:59:53.037[Battery Energy]111.99
2019-09-05_10:59:53.037[Status]Routing Start.
2019-09-05_10:59:53.409[Status]{'id': 8, 'coordinate': [345.92861510821086, 673.5658612514989]}
2019-09-05_10:59:53.409[Status]Routing 29: Walk: 29
2019-09-05_10:59:53.529[Battery Energy]111.63
2019-09-05_10:59:53.529[Status]Routing Start.
2019-09-05_10:59:53.895[Status]{'id': 8, 'coordinate': [355.92615356021815, 673.3439943981023]}
2019-09-05_10:59:53.895[Status]Routing 30: Walk: 30
2019-09-05_10:59:53.996[Battery Energy]111.30
2019-09-05_10:59:53.996[Status]Routing Start.
2019-09-05_10:59:54.486[Status]{'id': 8, 'coordinate': [365.92369201222544, 673.1221275447057]}
2019-09-05_10:59:54.487[Status]Routing 31: Walk: 31
2019-09-05_10:59:54.587[Battery Energy]110.95
2019-09-05_10:59:54.587[Status]Routing Start.
2019-09-05_10:59:54.958[Status]{'id': 8, 'coordinate': [375.92123046423274, 672.9002606913091]}
2019-09-05_10:59:54.958[Status]Routing 32: Walk: 32
2019-09-05_10:59:55.073[Battery Energy]110.65
2019-09-05_10:59:55.073[Status]Routing Start.
2019-09-05_10:59:55.420[Status]{'id': 8, 'coordinate': [385.91876891624, 672.6783938379125]}
2019-09-05_10:59:55.420[Status]Routing 33: Walk: 33
2019-09-05_10:59:55.521[Battery Energy]110.36
2019-09-05_10:59:55.521[Status]Routing Start.
2019-09-05_10:59:55.901[Status]{'id': 8, 'coordinate': [395.9163073682473, 672.4565269845159]}
2019-09-05_10:59:55.901[Status]Routing 34: Walk: 34
2019-09-05_10:59:56.001[Battery Energy]110.05
2019-09-05_10:59:56.001[Status]Routing Start.
2019-09-05_10:59:56.413[Status]{'id': 8, 'coordinate': [405.9138458202546, 672.2346601311193]}
2019-09-05_10:59:56.413[Status]Routing 35: Walk: 35
2019-09-05_10:59:56.513[Battery Energy]109.72
2019-09-05_10:59:56.513[Status]Routing Start.
2019-09-05_10:59:56.860[Status]{'id': 8, 'coordinate': [415.9113842722619, 672.0127932777227]}
2019-09-05_10:59:56.860[Status]Routing 36: Walk: 36
2019-09-05_10:59:57.001[Battery Energy]109.41
2019-09-05_10:59:57.001[Status]Routing Start.
2019-09-05_10:59:57.235[Status]{'id': 8, 'coordinate': [425.9089227242692, 671.7909264243261]}
2019-09-05_10:59:57.235[Status]Routing 37: Walk: 37
2019-09-05_10:59:57.345[Battery Energy]109.13
2019-09-05_10:59:57.345[Status]Routing Start.
2019-09-05_10:59:57.681[Status]{'id': 8, 'coordinate': [435.9064611762765, 671.5690595709295]}
2019-09-05_10:59:57.681[Status]Routing 38: Walk: 38
2019-09-05_10:59:57.797[Battery Energy]108.83
2019-09-05_10:59:57.797[Status]Routing Start.
2019-09-05_10:59:57.921[Status]{'id': 8, 'coordinate': [445.90399962828377, 671.347192717533]}
2019-09-05_10:59:57.921[Status]Routing 39: Walk: 39
2019-09-05_10:59:58.037[Battery Energy]108.61
2019-09-05_10:59:58.037[Status]Routing Start.
2019-09-05_10:59:58.418[Status]{'id': 8, 'coordinate': [455.90153808029106, 671.1253258641364]}
2019-09-05_10:59:58.418[Status]Routing 40: Walk: 40
2019-09-05_10:59:58.529[Battery Energy]108.32
2019-09-05_10:59:58.529[Status]Routing Start.
2019-09-05_10:59:58.878[Status]{'id': 8, 'coordinate': [465.89907653229835, 670.9034590107398]}
2019-09-05_10:59:58.885[Status]Routing 41: Walk: 41
2019-09-05_10:59:58.985[Battery Energy]108.02
2019-09-05_10:59:58.985[Status]Routing Start.
2019-09-05_10:59:59.307[Status]{'id': 8, 'coordinate': [475.89661498430564, 670.6815921573432]}
2019-09-05_10:59:59.307[Status]Routing 42: Walk: 42
2019-09-05_10:59:59.407[Battery Energy]107.74
2019-09-05_10:59:59.407[Status]Routing Start.
2019-09-05_10:59:59.785[Status]{'id': 8, 'coordinate': [485.89415343631293, 670.4597253039466]}
2019-09-05_10:59:59.785[Status]Routing 43: Walk: 43
2019-09-05_10:59:59.885[Battery Energy]107.40
2019-09-05_10:59:59.885[Status]Routing Start.
2019-09-05_11:00:00.278[Status]{'id': 8, 'coordinate': [495.8916918883202, 670.23785845055]}
2019-09-05_11:00:00.279[Status]Routing 44: Walk: 44
2019-09-05_11:00:00.389[Battery Energy]107.03
2019-09-05_11:00:00.389[Status]Routing Start.
2019-09-05_11:00:00.686[Status]{'id': 8, 'coordinate': [505.8892303403275, 670.0159915971534]}
2019-09-05_11:00:00.686[Status]Routing 45: Walk: 45
2019-09-05_11:00:00.806[Battery Energy]106.73
2019-09-05_11:00:00.806[Status]Routing Start.
2019-09-05_11:00:01.193[Status]{'id': 8, 'coordinate': [515.8867687923348, 669.7941247437568]}
2019-09-05_11:00:01.193[Status]Routing 46: Walk: 46
2019-09-05_11:00:01.313[Battery Energy]106.40
2019-09-05_11:00:01.313[Status]Routing Start.
2019-09-05_11:00:01.714[Status]{'id': 8, 'coordinate': [525.884307244342, 669.5722578903602]}
2019-09-05_11:00:01.715[Status]Routing 47: Walk: 47
2019-09-05_11:00:01.821[Battery Energy]106.13
2019-09-05_11:00:01.821[Status]Routing Start.
2019-09-05_11:00:02.194[Status]{'id': 8, 'coordinate': [535.8818456963493, 669.3503910369636]}
2019-09-05_11:00:02.195[Status]Routing 48: Walk: 48
2019-09-05_11:00:02.295[Battery Energy]105.83
2019-09-05_11:00:02.295[Status]Routing Start.
2019-09-05_11:00:02.674[Status]{'id': 8, 'coordinate': [545.8793841483565, 669.128524183567]}
2019-09-05_11:00:02.674[Status]Routing 49: Walk: 49
2019-09-05_11:00:02.774[Battery Energy]105.50
2019-09-05_11:00:02.774[Status]Routing Start.
2019-09-05_11:00:03.131[Status]{'id': 8, 'coordinate': [555.8769226003637, 668.9066573301704]}
2019-09-05_11:00:03.131[Status]Routing 50: Walk: 50
2019-09-05_11:00:03.240[Battery Energy]105.17
2019-09-05_11:00:03.241[Status]Routing Start.
2019-09-05_11:00:03.596[Status]{'id': 8, 'coordinate': [565.874461052371, 668.6847904767739]}
2019-09-05_11:00:03.596[Status]Routing 51: Walk: 51
2019-09-05_11:00:03.717[Battery Energy]104.90
2019-09-05_11:00:03.717[Status]Routing Start.
2019-09-05_11:00:04.144[Status]{'id': 8, 'coordinate': [575.8719995043782, 668.4629236233773]}
2019-09-05_11:00:04.153[Status]Routing 52: Walk: 52
2019-09-05_11:00:04.253[Battery Energy]104.46
2019-09-05_11:00:04.253[Status]Routing Start.
2019-09-05_11:00:04.587[Status]{'id': 8, 'coordinate': [585.8695379563854, 668.2410567699807]}
2019-09-05_11:00:04.587[Status]Routing 53: Walk: 53
2019-09-05_11:00:04.689[Battery Energy]104.16
2019-09-05_11:00:04.689[Status]Routing Start.
2019-09-05_11:00:04.869[Status]{'id': 8, 'coordinate': [595.8670764083927, 668.0191899165841]}
2019-09-05_11:00:04.869[Status]Routing 54: Walk: 54
2019-09-05_11:00:04.977[Battery Energy]103.92
2019-09-05_11:00:04.977[Status]Routing Start.
2019-09-05_11:00:05.277[Status]{'id': 8, 'coordinate': [605.8646148603999, 667.7973230631875]}
2019-09-05_11:00:05.277[Status]Routing 55: Walk: 55
2019-09-05_11:00:05.381[Battery Energy]103.62
2019-09-05_11:00:05.381[Status]Routing Start.
2019-09-05_11:00:05.757[Status]{'id': 8, 'coordinate': [615.8621533124071, 667.5754562097909]}
2019-09-05_11:00:05.757[Status]Routing 56: Walk: 56
2019-09-05_11:00:05.869[Battery Energy]103.29
2019-09-05_11:00:05.869[Status]Routing Start.
2019-09-05_11:00:06.213[Status]{'id': 8, 'coordinate': [625.8596917644144, 667.3535893563943]}
2019-09-05_11:00:06.213[Status]Routing 57: Walk: 57
2019-09-05_11:00:06.317[Battery Energy]102.96
2019-09-05_11:00:06.317[Status]Routing Start.
2019-09-05_11:00:06.492[Status]{'id': 8, 'coordinate': [635.8572302164216, 667.1317225029977]}
2019-09-05_11:00:06.492[Status]Routing 58: Walk: 58
2019-09-05_11:00:06.605[Battery Energy]102.75
2019-09-05_11:00:06.605[Status]Routing Start.
2019-09-05_11:00:06.904[Status]{'id': 8, 'coordinate': [645.8547686684288, 666.9098556496011]}
2019-09-05_11:00:06.904[Status]Routing 59: Walk: 59
2019-09-05_11:00:07.017[Battery Energy]102.47
2019-09-05_11:00:07.017[Status]Routing Start.
2019-09-05_11:00:07.296[Status]{'id': 8, 'coordinate': [655.8523071204361, 666.6879887962045]}
2019-09-05_11:00:07.296[Status]Routing 60: Walk: 60
2019-09-05_11:00:07.445[Battery Energy]102.20
2019-09-05_11:00:07.445[Status]Routing Start.
2019-09-05_11:00:07.848[Status]{'id': 8, 'coordinate': [665.8498455724433, 666.466121942808]}
2019-09-05_11:00:07.848[Status]Routing 61: Walk: 61
2019-09-05_11:00:07.951[Battery Energy]101.84
2019-09-05_11:00:07.951[Status]Routing Start.
2019-09-05_11:00:08.292[Status]{'id': 8, 'coordinate': [675.8473840244505, 666.2442550894114]}
2019-09-05_11:00:08.292[Status]Routing 62: Walk: 62
2019-09-05_11:00:08.397[Battery Energy]101.52
2019-09-05_11:00:08.397[Status]Routing Start.
2019-09-05_11:00:08.801[Status]{'id': 8, 'coordinate': [685.8449224764578, 666.0223882360148]}
2019-09-05_11:00:08.802[Status]Routing 63: Walk: 63
2019-09-05_11:00:08.902[Battery Energy]101.17
2019-09-05_11:00:08.902[Status]Routing Start.
2019-09-05_11:00:09.273[Status]{'id': 8, 'coordinate': [695.842460928465, 665.8005213826182]}
2019-09-05_11:00:09.273[Status]Routing 64: Walk: 64
2019-09-05_11:00:09.373[Battery Energy]100.88
2019-09-05_11:00:09.373[Status]Routing Start.
2019-09-05_11:00:09.709[Status]Routing 65: Walk: 64
2019-09-05_11:00:09.813[Battery Energy]100.58
2019-09-05_11:00:09.813[Status]Routing Start.
2019-09-05_11:00:10.013[Status]{'id': 8, 'coordinate': [705.8399993804722, 665.5786545292216]}
2019-09-05_11:00:10.013[Status]Routing 66: Walk: 65
2019-09-05_11:00:10.121[Battery Energy]100.37
2019-09-05_11:00:10.121[Status]Routing Start.
2019-09-05_11:00:10.299[Status]{'id': 8, 'coordinate': [715.8375378324795, 665.356787675825]}
2019-09-05_11:00:10.299[Status]Routing 67: Walk: 66
2019-09-05_11:00:10.399[Battery Energy]100.16
2019-09-05_11:00:10.400[Status]Routing Start.
2019-09-05_11:00:10.633[Status]{'id': 8, 'coordinate': [725.8350762844867, 665.1349208224284]}
2019-09-05_11:00:10.633[Status]Routing 68: Walk: 67
2019-09-05_11:00:10.733[Battery Energy]99.92
2019-09-05_11:00:10.733[Status]Routing Start.
2019-09-05_11:00:10.950[Status]{'id': 8, 'coordinate': [735.832614736494, 664.9130539690318]}
2019-09-05_11:00:10.950[Status]Routing 69: Walk: 68
2019-09-05_11:00:11.050[Battery Energy]99.65
2019-09-05_11:00:11.050[Status]Routing Start.
2019-09-05_11:00:11.292[Status]{'id': 8, 'coordinate': [745.8301531885012, 664.6911871156352]}
2019-09-05_11:00:11.292[Status]Routing 70: Walk: 69
2019-09-05_11:00:11.392[Battery Energy]99.39
2019-09-05_11:00:11.392[Status]Routing Start.
2019-09-05_11:00:11.611[Status]{'id': 8, 'coordinate': [755.8276916405084, 664.4693202622386]}
2019-09-05_11:00:11.611[Status]Routing 71: Walk: 70
2019-09-05_11:00:11.711[Battery Energy]99.17
2019-09-05_11:00:11.711[Status]Routing Start.
2019-09-05_11:00:11.984[Status]{'id': 8, 'coordinate': [765.8252300925157, 664.247453408842]}
2019-09-05_11:00:11.984[Status]Routing 72: Walk: 71
2019-09-05_11:00:12.084[Battery Energy]98.95
2019-09-05_11:00:12.084[Status]Routing Start.
2019-09-05_11:00:12.263[Status]{'id': 8, 'coordinate': [775.8227685445229, 664.0255865554454]}
2019-09-05_11:00:12.263[Status]Routing 73: Walk: 72
2019-09-05_11:00:12.363[Battery Energy]98.76
2019-09-05_11:00:12.363[Status]Routing Start.
2019-09-05_11:00:12.900[Status]Routing 74: Walk: 72
2019-09-05_11:00:13.001[Battery Energy]98.38
2019-09-05_11:00:13.001[Status]Routing Start.
2019-09-05_11:00:13.412[Status]{'id': 8, 'coordinate': [779.1577368549308, 673.4530987600822]}
2019-09-05_11:00:13.433[Status]Routing 75: Walk: 73
2019-09-05_11:00:13.533[Battery Energy]97.92
2019-09-05_11:00:13.533[Status]Routing Start.
2019-09-05_11:00:13.904[Status]Routing 76: Walk: 73
2019-09-05_11:00:14.005[Battery Energy]97.60
2019-09-05_11:00:14.005[Status]Routing Start.
2019-09-05_11:00:14.319[Status]{'id': 8, 'coordinate': [776.2880726048664, 683.032505166113]}
2019-09-05_11:00:14.325[Status]Routing 77: Walk: 74
2019-09-05_11:00:14.431[Battery Energy]97.25
2019-09-05_11:00:14.431[Status]Routing Start.
2019-09-05_11:00:14.816[Status]Routing 78: Walk: 74
2019-09-05_11:00:14.916[Battery Energy]96.94
2019-09-05_11:00:14.916[Status]Routing Start.
2019-09-05_11:00:15.148[Status]{'id': 8, 'coordinate': [786.2568595534191, 682.2430200336586]}
2019-09-05_11:00:15.148[Status]Routing 79: Walk: 75
2019-09-05_11:00:15.248[Battery Energy]96.69
2019-09-05_11:00:15.248[Status]Routing Start.
2019-09-05_11:00:15.543[Status]{'id': 8, 'coordinate': [796.2256465019717, 681.4535349012042]}
2019-09-05_11:00:15.543[Status]Routing 80: Walk: 76
2019-09-05_11:00:15.657[Battery Energy]96.38
2019-09-05_11:00:15.657[Status]Routing Start.
2019-09-05_11:00:15.813[Status]{'id': 8, 'coordinate': [806.1944334505243, 680.6640497687498]}
2019-09-05_11:00:15.813[Status]Routing 81: Walk: 77
2019-09-05_11:00:15.931[Battery Energy]96.15
2019-09-05_11:00:15.934[Status]Routing Start.
2019-09-05_11:00:16.108[Status]{'id': 8, 'coordinate': [816.163220399077, 679.8745646362954]}
2019-09-05_11:00:16.109[Status]Routing 82: Walk: 78
2019-09-05_11:00:16.217[Battery Energy]95.90
2019-09-05_11:00:16.217[Status]Routing Start.
2019-09-05_11:00:16.380[Status]{'id': 8, 'coordinate': [826.1320073476296, 679.0850795038409]}
2019-09-05_11:00:16.380[Status]Routing 83: Walk: 79
2019-09-05_11:00:16.480[Battery Energy]95.69
2019-09-05_11:00:16.480[Status]Routing Start.
2019-09-05_11:00:16.674[Status]{'id': 8, 'coordinate': [836.1007942961822, 678.2955943713865]}
2019-09-05_11:00:16.678[Status]Routing 84: Walk: 80
2019-09-05_11:00:16.781[Battery Energy]95.47
2019-09-05_11:00:16.781[Status]Routing Start.
2019-09-05_11:00:16.967[Status]{'id': 8, 'coordinate': [846.0695812447349, 677.506109238932]}
2019-09-05_11:00:16.969[Status]Routing 85: Walk: 81
2019-09-05_11:00:17.069[Battery Energy]95.27
2019-09-05_11:00:17.069[Status]Routing Start.
2019-09-05_11:00:17.457[Status]{'id': 8, 'coordinate': [856.0383681932875, 676.7166241064776]}
2019-09-05_11:00:17.457[Status]Routing 86: Walk: 82
2019-09-05_11:00:17.557[Battery Energy]94.95
2019-09-05_11:00:17.557[Status]Routing Start.
2019-09-05_11:00:17.827[Status]{'id': 8, 'coordinate': [866.0071551418401, 675.9271389740231]}
2019-09-05_11:00:17.827[Status]Routing 87: Walk: 83
2019-09-05_11:00:17.941[Battery Energy]94.71
2019-09-05_11:00:17.941[Status]Routing Start.
2019-09-05_11:00:18.114[Status]{'id': 8, 'coordinate': [875.9759420903928, 675.1376538415687]}
2019-09-05_11:00:18.114[Status]Routing 88: Walk: 84
2019-09-05_11:00:18.225[Battery Energy]94.50
2019-09-05_11:00:18.225[Status]Routing Start.
2019-09-05_11:00:18.525[Status]{'id': 8, 'coordinate': [885.9447290389454, 674.3481687091142]}
2019-09-05_11:00:18.525[Status]Routing 89: Walk: 85
2019-09-05_11:00:18.625[Battery Energy]94.24
2019-09-05_11:00:18.625[Status]Routing Start.
2019-09-05_11:00:18.884[Status]{'id': 8, 'coordinate': [895.913515987498, 673.5586835766599]}
2019-09-05_11:00:18.885[Status]Routing 90: Walk: 86
2019-09-05_11:00:18.997[Battery Energy]93.98
2019-09-05_11:00:18.997[Status]Routing Start.
2019-09-05_11:00:19.171[Status]{'id': 8, 'coordinate': [905.8823029360507, 672.7691984442054]}
2019-09-05_11:00:19.171[Status]Routing 91: Walk: 87
2019-09-05_11:00:19.281[Battery Energy]93.78
2019-09-05_11:00:19.281[Status]Routing Start.
2019-09-05_11:00:19.610[Status]{'id': 8, 'coordinate': [915.8510898846033, 671.979713311751]}
2019-09-05_11:00:19.610[Status]Routing 92: Walk: 88
2019-09-05_11:00:19.710[Battery Energy]93.49
2019-09-05_11:00:19.710[Status]Routing Start.
2019-09-05_11:00:19.913[Status]{'id': 8, 'coordinate': [925.819876833156, 671.1902281792965]}
2019-09-05_11:00:19.913[Status]Routing 93: Walk: 89
2019-09-05_11:00:20.013[Battery Energy]93.24
2019-09-05_11:00:20.013[Status]Routing Start.
2019-09-05_11:00:20.238[Status]{'id': 8, 'coordinate': [935.7886637817086, 670.4007430468421]}
2019-09-05_11:00:20.238[Status]Routing 94: Walk: 90
2019-09-05_11:00:20.338[Battery Energy]92.97
2019-09-05_11:00:20.338[Status]Routing Start.
2019-09-05_11:00:20.861[Status]{'id': 8, 'coordinate': [930.7383715281413, 679.0317654748953]}
2019-09-05_11:00:20.863[Status]Routing 95: Walk: 91
2019-09-05_11:00:20.963[Battery Energy]92.53
2019-09-05_11:00:20.963[Status]Routing Start.
2019-09-05_11:00:21.230[Status]Routing 96: Walk: 91
2019-09-05_11:00:21.330[Battery Energy]92.23
2019-09-05_11:00:21.330[Status]Routing Start.
2019-09-05_11:00:21.516[Status]{'id': 8, 'coordinate': [940.6609828869582, 677.7900795959874]}
2019-09-05_11:00:21.516[Status]Routing 97: Walk: 92
2019-09-05_11:00:21.616[Battery Energy]92.02
2019-09-05_11:00:21.616[Status]Routing Start.
2019-09-05_11:00:22.158[Status]{'id': 8, 'coordinate': [938.7489403138072, 687.605582293173]}
2019-09-05_11:00:22.158[Status]Routing 98: Walk: 93
2019-09-05_11:00:22.258[Battery Energy]91.51
2019-09-05_11:00:22.258[Status]Routing Start.
2019-09-05_11:00:22.430[Status]{'id': 8, 'coordinate': [948.5889016170388, 685.8236839933521]}
2019-09-05_11:00:22.430[Status]Routing 99: Walk: 94
2019-09-05_11:00:22.531[Battery Energy]91.28
2019-09-05_11:00:22.531[Status]Routing Start.
2019-09-05_11:00:23.017[Status]{'id': 8, 'coordinate': [943.8866713782235, 694.6491602287272]}
2019-09-05_11:00:23.018[Status]Routing 100: Walk: 95
2019-09-05_11:00:23.118[Battery Energy]90.82
2019-09-05_11:00:23.118[Status]Routing Start.
2019-09-05_11:00:23.516[Status]Routing 101: Walk: 95
2019-09-05_11:00:23.616[Battery Energy]90.43
2019-09-05_11:00:23.617[Status]Routing Start.
2019-09-05_11:00:23.925[Status]{'id': 8, 'coordinate': [953.6340955514902, 692.4158393860323]}
2019-09-05_11:00:23.925[Status]Routing 102: Walk: 96
2019-09-05_11:00:24.025[Battery Energy]90.07
2019-09-05_11:00:24.025[Status]Routing Start.
2019-09-05_11:00:24.263[Status]{'id': 8, 'coordinate': [963.3815197247569, 690.1825185433374]}
2019-09-05_11:00:24.263[Status]Routing 103: Walk: 97
2019-09-05_11:00:24.369[Battery Energy]89.83
2019-09-05_11:00:24.369[Status]Routing Start.
2019-09-05_11:00:24.612[Status]{'id': 8, 'coordinate': [973.1289438980236, 687.9491977006426]}
2019-09-05_11:00:24.612[Status]Routing 104: Walk: 98
2019-09-05_11:00:24.712[Battery Energy]89.60
2019-09-05_11:00:24.712[Status]Routing Start.
2019-09-05_11:00:24.934[Status]{'id': 8, 'coordinate': [982.8763680712904, 685.7158768579477]}
2019-09-05_11:00:24.934[Status]Routing 105: Walk: 99
2019-09-05_11:00:25.041[Battery Energy]89.40
2019-09-05_11:00:25.041[Status]Routing Start.
2019-09-05_11:00:25.194[Status]{'id': 8, 'coordinate': [992.6237922445571, 683.4825560152528]}
2019-09-05_11:00:25.196[Status]Routing 106: Walk: 100
2019-09-05_11:00:25.297[Battery Energy]89.18
2019-09-05_11:00:25.297[Status]Routing Start.
2019-09-05_11:00:25.496[Status]{'id': 8, 'coordinate': [1002.3712164178238, 681.249235172558]}
2019-09-05_11:00:25.497[Status]Routing 107: Walk: 101
2019-09-05_11:00:25.597[Battery Energy]88.92
2019-09-05_11:00:25.597[Status]Routing Start.
2019-09-05_11:00:25.843[Status]{'id': 8, 'coordinate': [1012.1186405910905, 679.0159143298631]}
2019-09-05_11:00:25.843[Status]Routing 108: Walk: 102
2019-09-05_11:00:25.943[Battery Energy]88.63
2019-09-05_11:00:25.943[Status]Routing Start.
2019-09-05_11:00:26.160[Status]{'id': 8, 'coordinate': [1021.8660647643572, 676.7825934871682]}
2019-09-05_11:00:26.160[Status]Routing 109: Walk: 103
2019-09-05_11:00:26.260[Battery Energy]88.42
2019-09-05_11:00:26.260[Status]Routing Start.
2019-09-05_11:00:26.730[Status]{'id': 8, 'coordinate': [1031.613488937624, 674.5492726444734]}
2019-09-05_11:00:26.730[Status]Routing 110: Walk: 104
2019-09-05_11:00:26.833[Battery Energy]88.09
2019-09-05_11:00:26.833[Status]Routing Start.
2019-09-05_11:00:27.232[Status]{'id': 8, 'coordinate': [1041.3609131108908, 672.3159518017785]}
2019-09-05_11:00:27.233[Status]Routing 111: Walk: 105
2019-09-05_11:00:27.349[Battery Energy]87.78
2019-09-05_11:00:27.349[Status]Routing Start.
2019-09-05_11:00:27.622[Status]{'id': 8, 'coordinate': [1051.1083372841576, 670.0826309590836]}
2019-09-05_11:00:27.622[Status]Routing 112: Walk: 106
2019-09-05_11:00:27.722[Battery Energy]87.51
2019-09-05_11:00:27.723[Status]Routing Start.
2019-09-05_11:00:28.158[Status]{'id': 8, 'coordinate': [1060.8557614574245, 667.8493101163888]}
2019-09-05_11:00:28.158[Status]Routing 113: Walk: 107
2019-09-05_11:00:28.258[Battery Energy]87.07
2019-09-05_11:00:28.258[Status]Routing Start.
2019-09-05_11:00:28.428[Status]{'id': 8, 'coordinate': [1070.6031856306913, 665.6159892736939]}
2019-09-05_11:00:28.428[Status]Routing 114: Walk: 108
2019-09-05_11:00:28.528[Battery Energy]86.82
2019-09-05_11:00:28.528[Status]Routing Start.
2019-09-05_11:00:29.085[Status]Routing 115: Walk: 108
2019-09-05_11:00:29.185[Battery Energy]86.38
2019-09-05_11:00:29.185[Status]Routing Start.
2019-09-05_11:00:29.544[Status]Routing 116: Walk: 108
2019-09-05_11:00:29.653[Battery Energy]86.02
2019-09-05_11:00:29.653[Status]Routing Start.
2019-09-05_11:00:29.961[Status]{'id': 8, 'coordinate': [1070.0106146989299, 675.5984168186767]}
2019-09-05_11:00:29.966[Status]Routing 117: Walk: 109
2019-09-05_11:00:30.066[Battery Energy]85.69
2019-09-05_11:00:30.066[Status]Routing Start.
2019-09-05_11:00:30.314[Status]{'id': 8, 'coordinate': [1079.0400664323813, 671.3008592107708]}
2019-09-05_11:00:30.314[Status]Routing 118: Walk: 110
2019-09-05_11:00:30.414[Battery Energy]85.44
2019-09-05_11:00:30.414[Status]Routing Start.
2019-09-05_11:00:30.819[Status]{'id': 8, 'coordinate': [1088.0695181658327, 667.0033016028649]}
2019-09-05_11:00:30.819[Status]Routing 119: Walk: 111
2019-09-05_11:00:30.919[Battery Energy]85.13
2019-09-05_11:00:30.919[Status]Routing Start.
2019-09-05_11:00:31.259[Status]{'id': 8, 'coordinate': [1097.0989698992842, 662.705743994959]}
2019-09-05_11:00:31.259[Status]Routing 120: Walk: 112
2019-09-05_11:00:31.359[Battery Energy]84.84
2019-09-05_11:00:31.359[Status]Routing Start.
2019-09-05_11:00:31.613[Status]{'id': 8, 'coordinate': [1106.1284216327356, 658.4081863870531]}
2019-09-05_11:00:31.616[Status]Routing 121: Walk: 113
2019-09-05_11:00:31.725[Battery Energy]84.58
2019-09-05_11:00:31.725[Status]Routing Start.
2019-09-05_11:00:31.725[Status]Task Finished.
2019-09-05_11:00:31.825[Battery Energy]84.58
2019-09-05_11:00:32.015[Status]Routing 123: Walk: 113
2019-09-05_11:00:32.117[Battery Energy]84.46
2019-09-05_11:00:32.400[Status]Routing 124: Walk: 113
2019-09-05_11:00:32.601[Battery Energy]84.28
2019-09-05_11:00:32.807[Status]Routing 125: Walk: 113
2019-09-05_11:00:32.921[Battery Energy]84.16
2019-09-05_11:00:33.182[Status]Routing 126: Walk: 113
2019-09-05_11:00:33.283[Battery Energy]84.04
2019-09-05_11:00:33.540[Status]Routing 127: Walk: 113
2019-09-05_11:00:33.653[Battery Energy]83.85
2019-09-05_11:00:34.004[Status]Routing 128: Walk: 113
2019-09-05_11:00:34.117[Battery Energy]83.60
2019-09-05_11:00:34.437[Status]Routing 129: Walk: 113
2019-09-05_11:00:34.538[Battery Energy]83.45
2019-09-05_11:00:34.775[Status]Routing 130: Walk: 113
2019-09-05_11:00:34.881[Battery Energy]83.30
2019-09-05_11:00:35.051[Status]Routing 131: Walk: 113
2019-09-05_11:00:35.151[Battery Energy]83.18
2019-09-05_11:00:35.343[Status]Routing 132: Walk: 113
2019-09-05_11:00:35.457[Battery Energy]83.07
2019-09-05_11:00:35.682[Status]Routing 133: Walk: 113
2019-09-05_11:00:35.786[Battery Energy]82.93
2019-09-05_11:00:36.001[Status]Routing 134: Walk: 113
2019-09-05_11:00:36.157[Battery Energy]82.81
2019-09-05_11:00:36.371[Status]Routing 135: Walk: 113
2019-09-05_11:00:36.471[Battery Energy]82.68
2019-09-05_11:00:36.676[Status]Routing 136: Walk: 113
2019-09-05_11:00:36.785[Battery Energy]82.58
2019-09-05_11:00:36.986[Status]Routing 137: Walk: 113
2019-09-05_11:00:37.093[Battery Energy]82.42
2019-09-05_11:00:37.367[Status]Routing 138: Walk: 113
2019-09-05_11:00:37.469[Battery Energy]82.30
2019-09-05_11:00:37.669[Status]Routing 139: Walk: 113
2019-09-05_11:00:37.777[Battery Energy]82.16
2019-09-05_11:00:37.987[Status]Routing 140: Walk: 113
2019-09-05_11:00:38.097[Battery Energy]82.00
2019-09-05_11:00:38.283[Status]Routing 141: Walk: 113
2019-09-05_11:00:38.414[Battery Energy]81.87
2019-09-05_11:00:38.591[Status]Routing 142: Walk: 113
2019-09-05_11:00:38.760[Battery Energy]81.80
2019-09-05_11:00:38.995[Status]Routing 143: Walk: 113
2019-09-05_11:00:39.096[Battery Energy]81.65
2019-09-05_11:00:39.307[Status]Routing 144: Walk: 113
2019-09-05_11:00:39.471[Battery Energy]81.53
2019-09-05_11:00:39.653[Status]Routing 145: Walk: 113
2019-09-05_11:00:39.753[Battery Energy]81.42
2019-09-05_11:00:40.101[Status]Routing 146: Walk: 113
2019-09-05_11:00:40.209[Battery Energy]81.22
2019-09-05_11:00:40.466[Status]Routing 147: Walk: 113
2019-09-05_11:00:40.569[Battery Energy]81.11
2019-09-05_11:00:40.771[Status]Routing 148: Walk: 113
2019-09-05_11:00:40.881[Battery Energy]80.97
2019-09-05_11:00:41.144[Status]Routing 149: Walk: 113
2019-09-05_11:00:41.248[Battery Energy]80.86
2019-09-05_11:00:41.602[Status]Routing 150: Walk: 113
2019-09-05_11:00:41.713[Battery Energy]80.60
2019-09-05_11:00:41.927[Status]Routing 151: Walk: 113
2019-09-05_11:00:42.032[Battery Energy]80.47
2019-09-05_11:00:42.246[Status]Routing 152: Walk: 113
2019-09-05_11:00:42.359[Battery Energy]80.31
2019-09-05_11:00:42.548[Status]Routing 153: Walk: 113
2019-09-05_11:00:42.649[Battery Energy]80.19
2019-09-05_11:00:42.836[Status]Routing 154: Walk: 113
2019-09-05_11:00:42.936[Battery Energy]80.02
2019-09-05_11:00:43.170[Status]Routing 155: Walk: 113
2019-09-05_11:00:43.270[Battery Energy]79.91
2019-09-05_11:00:43.518[Status]Routing 156: Walk: 113
2019-09-05_11:00:43.618[Battery Energy]79.77
2019-09-05_11:00:43.831[Status]Routing 157: Walk: 113
2019-09-05_11:00:43.949[Battery Energy]79.66
2019-09-05_11:00:44.102[Status]Routing 158: Walk: 113
2019-09-05_11:00:44.213[Battery Energy]79.53
2019-09-05_11:00:44.440[Status]Routing 159: Walk: 113
2019-09-05_11:00:44.540[Battery Energy]79.41
2019-09-05_11:00:44.879[Status]Routing 160: Walk: 113
2019-09-05_11:00:44.985[Battery Energy]79.24
2019-09-05_11:00:45.138[Status]Routing 161: Walk: 113
2019-09-05_11:00:45.238[Battery Energy]79.15
