2019-09-05_00:49:31.157[Status]Start.
2019-09-05_00:49:31.157[Battery Energy]52.00
2019-09-05_00:49:32.258[Battery Energy]51.96
2019-09-05_00:49:33.360[Battery Energy]51.92
2019-09-05_00:49:34.460[Battery Energy]51.88
2019-09-05_00:49:35.561[Battery Energy]51.84
2019-09-05_00:49:36.662[Task]A New Task Released.
2019-09-05_00:49:36.662[Battery Energy]51.80
2019-09-05_00:49:36.662[Status]Selection Start.
2019-09-05_00:49:39.230[Status]Selection End: Do Task 1.
2019-09-05_00:49:39.340[Battery Energy]50.02
2019-09-05_00:49:39.340[Status]Formation Start.
2019-09-05_00:49:39.502[Status]Formation End: To Position 5.
2019-09-05_00:49:39.607[Battery Energy]49.89
2019-09-05_00:49:39.607[Status]Routing Start.
2019-09-05_00:49:39.807[Status]{'id': 9, 'coordinate': [67.97910084440012, 530.6461782550449]}
2019-09-05_00:49:39.807[Status]Routing 1: Walk: 1
2019-09-05_00:49:39.943[Battery Energy]49.69
2019-09-05_00:49:39.943[Status]Routing Start.
2019-09-05_00:49:40.118[Status]{'id': 9, 'coordinate': [77.95820168880024, 531.2923565100898]}
2019-09-05_00:49:40.118[Status]Routing 2: Walk: 2
2019-09-05_00:49:40.230[Battery Energy]49.46
2019-09-05_00:49:40.230[Status]Routing Start.
2019-09-05_00:49:40.549[Status]{'id': 9, 'coordinate': [87.93730253320037, 531.9385347651347]}
2019-09-05_00:49:40.549[Status]Routing 3: Walk: 3
2019-09-05_00:49:40.649[Battery Energy]49.12
2019-09-05_00:49:40.649[Status]Routing Start.
2019-09-05_00:49:40.829[Status]{'id': 9, 'coordinate': [97.91640337760049, 532.5847130201796]}
2019-09-05_00:49:40.829[Status]Routing 4: Walk: 4
2019-09-05_00:49:40.940[Battery Energy]48.90
2019-09-05_00:49:40.940[Status]Routing Start.
2019-09-05_00:49:41.155[Status]{'id': 9, 'coordinate': [107.89550422200061, 533.2308912752245]}
2019-09-05_00:49:41.155[Status]Routing 5: Walk: 5
2019-09-05_00:49:41.255[Battery Energy]48.67
2019-09-05_00:49:41.255[Status]Routing Start.
2019-09-05_00:49:41.488[Status]{'id': 9, 'coordinate': [117.87460506640073, 533.8770695302694]}
2019-09-05_00:49:41.491[Status]Routing 6: Walk: 6
2019-09-05_00:49:41.592[Battery Energy]48.45
2019-09-05_00:49:41.592[Status]Routing Start.
2019-09-05_00:49:41.980[Status]{'id': 9, 'coordinate': [127.85370591080085, 534.5232477853143]}
2019-09-05_00:49:41.980[Status]Routing 7: Walk: 7
2019-09-05_00:49:42.096[Battery Energy]48.14
2019-09-05_00:49:42.096[Status]Routing Start.
2019-09-05_00:49:42.373[Status]{'id': 9, 'coordinate': [137.83280675520098, 535.1694260403592]}
2019-09-05_00:49:42.376[Status]Routing 8: Walk: 8
2019-09-05_00:49:42.476[Battery Energy]47.84
2019-09-05_00:49:42.476[Status]Routing Start.
2019-09-05_00:49:42.874[Status]{'id': 9, 'coordinate': [147.81190759960108, 535.815604295404]}
2019-09-05_00:49:42.874[Status]Routing 9: Walk: 9
2019-09-05_00:49:42.974[Battery Energy]47.52
2019-09-05_00:49:42.974[Status]Routing Start.
2019-09-05_00:49:43.321[Status]{'id': 9, 'coordinate': [157.7910084440012, 536.4617825504488]}
2019-09-05_00:49:43.328[Status]Routing 10: Walk: 10
2019-09-05_00:49:43.432[Battery Energy]47.19
2019-09-05_00:49:43.432[Status]Routing Start.
2019-09-05_00:49:43.786[Status]{'id': 9, 'coordinate': [167.77010928840133, 537.1079608054937]}
2019-09-05_00:49:43.786[Status]Routing 11: Walk: 11
2019-09-05_00:49:43.892[Battery Energy]46.88
2019-09-05_00:49:43.892[Status]Routing Start.
2019-09-05_00:49:44.199[Status]{'id': 9, 'coordinate': [177.74921013280144, 537.7541390605385]}
2019-09-05_00:49:44.199[Status]Routing 12: Walk: 12
2019-09-05_00:49:44.299[Battery Energy]46.56
2019-09-05_00:49:44.299[Status]Routing Start.
2019-09-05_00:49:44.690[Status]{'id': 9, 'coordinate': [187.72831097720155, 538.4003173155834]}
2019-09-05_00:49:44.696[Status]Routing 13: Walk: 13
2019-09-05_00:49:44.800[Battery Energy]46.20
2019-09-05_00:49:44.801[Status]Routing Start.
2019-09-05_00:49:45.119[Status]{'id': 9, 'coordinate': [197.70741182160165, 539.0464955706282]}
2019-09-05_00:49:45.119[Status]Routing 14: Walk: 14
2019-09-05_00:49:45.220[Battery Energy]45.89
2019-09-05_00:49:45.220[Status]Routing Start.
2019-09-05_00:49:45.723[Status]{'id': 9, 'coordinate': [207.68651266600176, 539.6926738256731]}
2019-09-05_00:49:45.724[Status]Routing 15: Walk: 15
2019-09-05_00:49:45.829[Battery Energy]45.42
2019-09-05_00:49:45.829[Status]Routing Start.
2019-09-05_00:49:46.187[Status]{'id': 9, 'coordinate': [217.66561351040187, 540.3388520807179]}
2019-09-05_00:49:46.187[Status]Routing 16: Walk: 16
2019-09-05_00:49:46.291[Battery Energy]45.05
2019-09-05_00:49:46.291[Status]Routing Start.
2019-09-05_00:49:46.481[Status]{'id': 9, 'coordinate': [227.64471435480198, 540.9850303357628]}
2019-09-05_00:49:46.481[Status]Routing 17: Walk: 17
2019-09-05_00:49:46.584[Battery Energy]44.81
2019-09-05_00:49:46.584[Status]Routing Start.
2019-09-05_00:49:46.895[Status]{'id': 9, 'coordinate': [237.62381519920208, 541.6312085908075]}
2019-09-05_00:49:46.895[Status]Routing 18: Walk: 18
2019-09-05_00:49:46.995[Battery Energy]44.49
2019-09-05_00:49:46.995[Status]Routing Start.
2019-09-05_00:49:47.393[Status]{'id': 9, 'coordinate': [247.6029160436022, 542.2773868458524]}
2019-09-05_00:49:47.393[Status]Routing 19: Walk: 19
2019-09-05_00:49:47.504[Battery Energy]44.13
2019-09-05_00:49:47.504[Status]Routing Start.
2019-09-05_00:49:47.847[Status]{'id': 9, 'coordinate': [257.58201688800233, 542.9235651008972]}
2019-09-05_00:49:47.847[Status]Routing 20: Walk: 20
2019-09-05_00:49:47.952[Battery Energy]43.78
2019-09-05_00:49:47.952[Status]Routing Start.
2019-09-05_00:49:48.318[Status]{'id': 9, 'coordinate': [267.56111773240247, 543.5697433559421]}
2019-09-05_00:49:48.318[Status]Routing 21: Walk: 21
2019-09-05_00:49:48.419[Battery Energy]43.43
2019-09-05_00:49:48.419[Status]Routing Start.
2019-09-05_00:49:48.772[Status]{'id': 9, 'coordinate': [277.5402185768026, 544.2159216109869]}
2019-09-05_00:49:48.772[Status]Routing 22: Walk: 22
2019-09-05_00:49:48.872[Battery Energy]43.08
2019-09-05_00:49:48.872[Status]Routing Start.
2019-09-05_00:49:49.233[Status]{'id': 9, 'coordinate': [287.51931942120274, 544.8620998660318]}
2019-09-05_00:49:49.233[Status]Routing 23: Walk: 23
2019-09-05_00:49:49.344[Battery Energy]42.72
2019-09-05_00:49:49.344[Status]Routing Start.
2019-09-05_00:49:49.732[Status]{'id': 9, 'coordinate': [297.4984202656029, 545.5082781210766]}
2019-09-05_00:49:49.732[Status]Routing 24: Walk: 24
2019-09-05_00:49:49.832[Battery Energy]42.39
2019-09-05_00:49:49.832[Status]Routing Start.
2019-09-05_00:49:50.053[Status]{'id': 9, 'coordinate': [307.477521110003, 546.1544563761215]}
2019-09-05_00:49:50.053[Status]Routing 25: Walk: 25
2019-09-05_00:49:50.156[Battery Energy]42.18
2019-09-05_00:49:50.156[Status]Routing Start.
2019-09-05_00:49:50.479[Status]{'id': 9, 'coordinate': [317.45662195440315, 546.8006346311663]}
2019-09-05_00:49:50.479[Status]Routing 26: Walk: 26
2019-09-05_00:49:50.579[Battery Energy]41.90
2019-09-05_00:49:50.580[Status]Routing Start.
2019-09-05_00:49:50.910[Status]{'id': 9, 'coordinate': [327.4357227988033, 547.4468128862112]}
2019-09-05_00:49:50.910[Status]Routing 27: Walk: 27
2019-09-05_00:49:51.014[Battery Energy]41.61
2019-09-05_00:49:51.014[Status]Routing Start.
2019-09-05_00:49:51.218[Status]{'id': 9, 'coordinate': [337.4148236432034, 548.092991141256]}
2019-09-05_00:49:51.218[Status]Routing 28: Walk: 28
2019-09-05_00:49:51.322[Battery Energy]41.37
2019-09-05_00:49:51.322[Status]Routing Start.
2019-09-05_00:49:51.563[Status]{'id': 9, 'coordinate': [347.39392448760356, 548.7391693963009]}
2019-09-05_00:49:51.563[Status]Routing 29: Walk: 29
2019-09-05_00:49:51.663[Battery Energy]41.13
2019-09-05_00:49:51.663[Status]Routing Start.
2019-09-05_00:49:51.942[Status]{'id': 9, 'coordinate': [357.3730253320037, 549.3853476513457]}
2019-09-05_00:49:51.942[Status]Routing 30: Walk: 30
2019-09-05_00:49:52.048[Battery Energy]40.89
2019-09-05_00:49:52.048[Status]Routing Start.
2019-09-05_00:49:52.294[Status]{'id': 9, 'coordinate': [367.35212617640383, 550.0315259063906]}
2019-09-05_00:49:52.295[Status]Routing 31: Walk: 31
2019-09-05_00:49:52.404[Battery Energy]40.64
2019-09-05_00:49:52.404[Status]Routing Start.
2019-09-05_00:49:52.593[Status]{'id': 9, 'coordinate': [377.33122702080396, 550.6777041614354]}
2019-09-05_00:49:52.593[Status]Routing 32: Walk: 32
2019-09-05_00:49:52.712[Battery Energy]40.42
2019-09-05_00:49:52.712[Status]Routing Start.
2019-09-05_00:49:52.919[Status]{'id': 9, 'coordinate': [387.3103278652041, 551.3238824164803]}
2019-09-05_00:49:52.919[Status]Routing 33: Walk: 33
2019-09-05_00:49:53.028[Battery Energy]40.21
2019-09-05_00:49:53.028[Status]Routing Start.
2019-09-05_00:49:53.187[Status]{'id': 9, 'coordinate': [397.28942870960424, 551.9700606715251]}
2019-09-05_00:49:53.187[Status]Routing 34: Walk: 34
2019-09-05_00:49:53.308[Battery Energy]40.03
2019-09-05_00:49:53.308[Status]Routing Start.
2019-09-05_00:49:53.487[Status]{'id': 9, 'coordinate': [407.2685295540044, 552.61623892657]}
2019-09-05_00:49:53.487[Status]Routing 35: Walk: 35
2019-09-05_00:49:53.587[Battery Energy]39.80
2019-09-05_00:49:53.587[Status]Routing Start.
2019-09-05_00:49:53.859[Status]{'id': 9, 'coordinate': [417.2476303984045, 553.2624171816148]}
2019-09-05_00:49:53.859[Status]Routing 36: Walk: 36
2019-09-05_00:49:53.959[Battery Energy]39.48
2019-09-05_00:49:53.959[Status]Routing Start.
2019-09-05_00:49:54.250[Status]{'id': 9, 'coordinate': [427.22673124280465, 553.9085954366597]}
2019-09-05_00:49:54.253[Status]Routing 37: Walk: 37
2019-09-05_00:49:54.472[Battery Energy]39.20
2019-09-05_00:49:54.472[Status]Routing Start.
2019-09-05_00:49:54.628[Status]{'id': 9, 'coordinate': [437.2058320872048, 554.5547736917044]}
2019-09-05_00:49:54.628[Status]Routing 38: Walk: 38
2019-09-05_00:49:54.732[Battery Energy]39.00
2019-09-05_00:49:54.732[Status]Routing Start.
2019-09-05_00:49:54.897[Status]{'id': 9, 'coordinate': [447.1849329316049, 555.2009519467493]}
2019-09-05_00:49:54.897[Status]Routing 39: Walk: 39
2019-09-05_00:49:55.000[Battery Energy]38.80
2019-09-05_00:49:55.000[Status]Routing Start.
2019-09-05_00:49:55.300[Status]{'id': 9, 'coordinate': [457.16403377600506, 555.8471302017941]}
2019-09-05_00:49:55.300[Status]Routing 40: Walk: 40
2019-09-05_00:49:55.408[Battery Energy]38.54
2019-09-05_00:49:55.408[Status]Routing Start.
2019-09-05_00:49:55.722[Status]{'id': 9, 'coordinate': [462.25908472710023, 564.4518065934863]}
2019-09-05_00:49:55.722[Status]Routing 41: Walk: 41
2019-09-05_00:49:55.822[Battery Energy]38.16
2019-09-05_00:49:55.822[Status]Routing Start.
2019-09-05_00:49:56.110[Status]{'id': 9, 'coordinate': [472.24496986396366, 564.9829356111175]}
2019-09-05_00:49:56.110[Status]Routing 42: Walk: 42
2019-09-05_00:49:56.210[Battery Energy]37.82
2019-09-05_00:49:56.210[Status]Routing Start.
2019-09-05_00:49:56.569[Status]{'id': 9, 'coordinate': [482.2308550008271, 565.5140646287487]}
2019-09-05_00:49:56.578[Status]Routing 43: Walk: 43
2019-09-05_00:49:56.678[Battery Energy]37.46
2019-09-05_00:49:56.678[Status]Routing Start.
2019-09-05_00:49:57.010[Status]{'id': 9, 'coordinate': [492.2167401376905, 566.04519364638]}
2019-09-05_00:49:57.010[Status]Routing 44: Walk: 44
2019-09-05_00:49:57.111[Battery Energy]37.13
2019-09-05_00:49:57.111[Status]Routing Start.
2019-09-05_00:49:57.417[Status]{'id': 9, 'coordinate': [502.20262527455395, 566.5763226640112]}
2019-09-05_00:49:57.417[Status]Routing 45: Walk: 45
2019-09-05_00:49:57.517[Battery Energy]36.79
2019-09-05_00:49:57.517[Status]Routing Start.
2019-09-05_00:49:57.696[Status]{'id': 9, 'coordinate': [512.1885104114174, 567.1074516816425]}
2019-09-05_00:49:57.697[Status]Routing 46: Walk: 46
2019-09-05_00:49:57.800[Battery Energy]36.56
2019-09-05_00:49:57.800[Status]Routing Start.
2019-09-05_00:49:58.191[Status]{'id': 9, 'coordinate': [522.1743955482808, 567.6385806992737]}
2019-09-05_00:49:58.191[Status]Routing 47: Walk: 47
2019-09-05_00:49:58.296[Battery Energy]36.27
2019-09-05_00:49:58.296[Status]Routing Start.
2019-09-05_00:49:58.519[Status]{'id': 9, 'coordinate': [532.1602806851442, 568.169709716905]}
2019-09-05_00:49:58.520[Status]Routing 48: Walk: 48
2019-09-05_00:49:58.632[Battery Energy]36.03
2019-09-05_00:49:58.632[Status]Routing Start.
2019-09-05_00:49:58.814[Status]{'id': 9, 'coordinate': [542.1461658220077, 568.7008387345362]}
2019-09-05_00:49:58.815[Status]Routing 49: Walk: 49
2019-09-05_00:49:58.924[Battery Energy]35.83
2019-09-05_00:49:58.924[Status]Routing Start.
2019-09-05_00:49:59.118[Status]{'id': 9, 'coordinate': [552.1320509588711, 569.2319677521675]}
2019-09-05_00:49:59.118[Status]Routing 50: Walk: 50
2019-09-05_00:49:59.219[Battery Energy]35.58
2019-09-05_00:49:59.219[Status]Routing Start.
2019-09-05_00:49:59.551[Status]{'id': 9, 'coordinate': [562.1179360957345, 569.7630967697987]}
2019-09-05_00:49:59.551[Status]Routing 51: Walk: 51
2019-09-05_00:49:59.668[Battery Energy]35.29
2019-09-05_00:49:59.668[Status]Routing Start.
2019-09-05_00:49:59.980[Status]{'id': 9, 'coordinate': [572.103821232598, 570.29422578743]}
2019-09-05_00:49:59.981[Status]Routing 52: Walk: 52
2019-09-05_00:50:00.092[Battery Energy]35.01
2019-09-05_00:50:00.092[Status]Routing Start.
2019-09-05_00:50:00.284[Status]{'id': 9, 'coordinate': [582.0897063694614, 570.8253548050612]}
2019-09-05_00:50:00.284[Status]Routing 53: Walk: 53
2019-09-05_00:50:00.392[Battery Energy]34.77
2019-09-05_00:50:00.392[Status]Routing Start.
2019-09-05_00:50:00.609[Status]{'id': 9, 'coordinate': [592.0755915063248, 571.3564838226926]}
2019-09-05_00:50:00.609[Status]Routing 54: Walk: 54
2019-09-05_00:50:00.720[Battery Energy]34.51
2019-09-05_00:50:00.720[Status]Routing Start.
2019-09-05_00:50:00.930[Status]{'id': 9, 'coordinate': [602.0614766431883, 571.8876128403238]}
2019-09-05_00:50:00.930[Status]Routing 55: Walk: 55
2019-09-05_00:50:01.032[Battery Energy]34.28
2019-09-05_00:50:01.032[Status]Routing Start.
2019-09-05_00:50:01.369[Status]{'id': 9, 'coordinate': [612.0473617800517, 572.4187418579551]}
2019-09-05_00:50:01.369[Status]Routing 56: Walk: 56
2019-09-05_00:50:01.476[Battery Energy]33.98
2019-09-05_00:50:01.476[Status]Routing Start.
2019-09-05_00:50:01.813[Status]{'id': 9, 'coordinate': [622.0332469169151, 572.9498708755863]}
2019-09-05_00:50:01.813[Status]Routing 57: Walk: 57
2019-09-05_00:50:01.920[Battery Energy]33.69
2019-09-05_00:50:01.920[Status]Routing Start.
2019-09-05_00:50:02.284[Status]{'id': 9, 'coordinate': [632.0191320537785, 573.4809998932176]}
2019-09-05_00:50:02.284[Status]Routing 58: Walk: 58
2019-09-05_00:50:02.396[Battery Energy]33.38
2019-09-05_00:50:02.396[Status]Routing Start.
2019-09-05_00:50:02.670[Status]{'id': 9, 'coordinate': [642.005017190642, 574.0121289108488]}
2019-09-05_00:50:02.670[Status]Routing 59: Walk: 59
2019-09-05_00:50:02.770[Battery Energy]33.09
2019-09-05_00:50:02.770[Status]Routing Start.
2019-09-05_00:50:03.010[Status]{'id': 9, 'coordinate': [651.9909023275054, 574.5432579284801]}
2019-09-05_00:50:03.010[Status]Routing 60: Walk: 60
2019-09-05_00:50:03.124[Battery Energy]32.81
2019-09-05_00:50:03.124[Status]Routing Start.
2019-09-05_00:50:03.465[Status]{'id': 9, 'coordinate': [661.9767874643688, 575.0743869461113]}
2019-09-05_00:50:03.466[Status]Routing 61: Walk: 61
2019-09-05_00:50:03.566[Battery Energy]32.52
2019-09-05_00:50:03.566[Status]Routing Start.
2019-09-05_00:50:03.928[Status]{'id': 9, 'coordinate': [671.9626726012323, 575.6055159637426]}
2019-09-05_00:50:03.928[Status]Routing 62: Walk: 62
2019-09-05_00:50:04.044[Battery Energy]32.21
2019-09-05_00:50:04.046[Status]Routing Start.
2019-09-05_00:50:04.344[Status]{'id': 9, 'coordinate': [681.9485577380957, 576.1366449813738]}
2019-09-05_00:50:04.344[Status]Routing 63: Walk: 63
2019-09-05_00:50:04.472[Battery Energy]31.92
2019-09-05_00:50:04.472[Status]Routing Start.
2019-09-05_00:50:04.678[Status]{'id': 9, 'coordinate': [691.9344428749591, 576.6677739990051]}
2019-09-05_00:50:04.678[Status]Routing 64: Walk: 64
2019-09-05_00:50:04.784[Battery Energy]31.66
2019-09-05_00:50:04.792[Status]Routing Start.
2019-09-05_00:50:05.081[Status]{'id': 9, 'coordinate': [701.9203280118226, 577.1989030166363]}
2019-09-05_00:50:05.081[Status]Routing 65: Walk: 65
2019-09-05_00:50:05.181[Battery Energy]31.35
2019-09-05_00:50:05.181[Status]Routing Start.
2019-09-05_00:50:05.441[Status]{'id': 9, 'coordinate': [711.906213148686, 577.7300320342677]}
2019-09-05_00:50:05.442[Status]Routing 66: Walk: 66
2019-09-05_00:50:05.544[Battery Energy]31.14
2019-09-05_00:50:05.544[Status]Routing Start.
2019-09-05_00:50:05.692[Status]{'id': 9, 'coordinate': [721.8920982855494, 578.2611610518989]}
2019-09-05_00:50:05.692[Status]Routing 67: Walk: 67
2019-09-05_00:50:05.796[Battery Energy]30.93
2019-09-05_00:50:05.796[Status]Routing Start.
2019-09-05_00:50:06.115[Status]{'id': 9, 'coordinate': [731.8779834224129, 578.7922900695302]}
2019-09-05_00:50:06.115[Status]Routing 68: Walk: 68
2019-09-05_00:50:06.256[Battery Energy]30.60
2019-09-05_00:50:06.256[Status]Routing Start.
2019-09-05_00:50:06.402[Status]{'id': 9, 'coordinate': [741.8638685592763, 579.3234190871614]}
2019-09-05_00:50:06.402[Status]Routing 69: Walk: 69
2019-09-05_00:50:06.508[Battery Energy]30.41
2019-09-05_00:50:06.508[Status]Routing Start.
2019-09-05_00:50:06.775[Status]{'id': 9, 'coordinate': [751.8497536961397, 579.8545481047927]}
2019-09-05_00:50:06.775[Status]Routing 70: Walk: 70
2019-09-05_00:50:06.880[Battery Energy]30.17
2019-09-05_00:50:06.880[Status]Routing Start.
2019-09-05_00:50:07.131[Status]{'id': 9, 'coordinate': [761.8356388330031, 580.3856771224239]}
2019-09-05_00:50:07.131[Status]Routing 71: Walk: 71
2019-09-05_00:50:07.231[Battery Energy]29.91
2019-09-05_00:50:07.231[Status]Routing Start.
2019-09-05_00:50:07.454[Status]{'id': 9, 'coordinate': [771.8215239698666, 580.9168061400552]}
2019-09-05_00:50:07.454[Status]Routing 72: Walk: 72
2019-09-05_00:50:07.564[Battery Energy]29.68
2019-09-05_00:50:07.564[Status]Routing Start.
2019-09-05_00:50:07.765[Status]{'id': 9, 'coordinate': [781.80740910673, 581.4479351576864]}
2019-09-05_00:50:07.765[Status]Routing 73: Walk: 73
2019-09-05_00:50:07.866[Battery Energy]29.47
2019-09-05_00:50:07.866[Status]Routing Start.
2019-09-05_00:50:08.090[Status]{'id': 9, 'coordinate': [791.7932942435934, 581.9790641753177]}
2019-09-05_00:50:08.090[Status]Routing 74: Walk: 74
2019-09-05_00:50:08.216[Battery Energy]29.25
2019-09-05_00:50:08.216[Status]Routing Start.
2019-09-05_00:50:08.484[Status]{'id': 9, 'coordinate': [801.7791793804569, 582.5101931929489]}
2019-09-05_00:50:08.484[Status]Routing 75: Walk: 75
2019-09-05_00:50:08.592[Battery Energy]29.00
2019-09-05_00:50:08.592[Status]Routing Start.
2019-09-05_00:50:08.777[Status]{'id': 9, 'coordinate': [811.7650645173203, 583.0413222105802]}
2019-09-05_00:50:08.785[Status]Routing 76: Walk: 76
2019-09-05_00:50:08.889[Battery Energy]28.81
2019-09-05_00:50:08.889[Status]Routing Start.
2019-09-05_00:50:09.124[Status]{'id': 9, 'coordinate': [821.7509496541837, 583.5724512282114]}
2019-09-05_00:50:09.124[Status]Routing 77: Walk: 77
2019-09-05_00:50:09.289[Battery Energy]28.57
2019-09-05_00:50:09.290[Status]Routing Start.
2019-09-05_00:50:09.444[Status]{'id': 9, 'coordinate': [831.7368347910472, 584.1035802458427]}
2019-09-05_00:50:09.444[Status]Routing 78: Walk: 78
2019-09-05_00:50:09.544[Battery Energy]28.40
2019-09-05_00:50:09.544[Status]Routing Start.
2019-09-05_00:50:09.765[Status]{'id': 9, 'coordinate': [841.7227199279106, 584.634709263474]}
2019-09-05_00:50:09.765[Status]Routing 79: Walk: 79
2019-09-05_00:50:09.865[Battery Energy]28.16
2019-09-05_00:50:09.865[Status]Routing Start.
2019-09-05_00:50:10.164[Status]{'id': 9, 'coordinate': [851.708605064774, 585.1658382811053]}
2019-09-05_00:50:10.164[Status]Routing 80: Walk: 80
2019-09-05_00:50:10.272[Battery Energy]27.92
2019-09-05_00:50:10.272[Status]Routing Start.
2019-09-05_00:50:10.516[Status]{'id': 9, 'coordinate': [861.6944902016374, 585.6969672987365]}
2019-09-05_00:50:10.518[Status]Routing 81: Walk: 81
2019-09-05_00:50:10.618[Battery Energy]27.66
2019-09-05_00:50:10.618[Status]Routing Start.
2019-09-05_00:50:10.854[Status]{'id': 9, 'coordinate': [871.6803753385009, 586.2280963163678]}
2019-09-05_00:50:10.854[Status]Routing 82: Walk: 82
2019-09-05_00:50:10.954[Battery Energy]27.37
2019-09-05_00:50:10.955[Status]Routing Start.
2019-09-05_00:50:11.255[Status]{'id': 9, 'coordinate': [881.6662604753643, 586.759225333999]}
2019-09-05_00:50:11.255[Status]Routing 83: Walk: 83
2019-09-05_00:50:11.364[Battery Energy]27.10
2019-09-05_00:50:11.364[Status]Routing Start.
2019-09-05_00:50:11.556[Status]{'id': 9, 'coordinate': [891.6521456122277, 587.2903543516303]}
2019-09-05_00:50:11.556[Status]Routing 84: Walk: 84
2019-09-05_00:50:11.656[Battery Energy]26.87
2019-09-05_00:50:11.656[Status]Routing Start.
2019-09-05_00:50:11.843[Status]{'id': 9, 'coordinate': [901.6380307490912, 587.8214833692615]}
2019-09-05_00:50:11.843[Status]Routing 85: Walk: 85
2019-09-05_00:50:11.944[Battery Energy]26.67
2019-09-05_00:50:11.944[Status]Routing Start.
2019-09-05_00:50:12.262[Status]{'id': 9, 'coordinate': [911.6239158859546, 588.3526123868928]}
2019-09-05_00:50:12.262[Status]Routing 86: Walk: 86
2019-09-05_00:50:12.376[Battery Energy]26.41
2019-09-05_00:50:12.376[Status]Routing Start.
2019-09-05_00:50:12.581[Status]{'id': 9, 'coordinate': [921.609801022818, 588.883741404524]}
2019-09-05_00:50:12.581[Status]Routing 87: Walk: 87
2019-09-05_00:50:12.681[Battery Energy]26.18
2019-09-05_00:50:12.681[Status]Routing Start.
2019-09-05_00:50:12.918[Status]{'id': 9, 'coordinate': [931.5956861596815, 589.4148704221553]}
2019-09-05_00:50:12.919[Status]Routing 88: Walk: 88
2019-09-05_00:50:13.019[Battery Energy]25.98
2019-09-05_00:50:13.019[Status]Routing Start.
2019-09-05_00:50:13.231[Status]{'id': 9, 'coordinate': [941.5815712965449, 589.9459994397865]}
2019-09-05_00:50:13.232[Status]Routing 89: Walk: 89
2019-09-05_00:50:13.340[Battery Energy]25.71
2019-09-05_00:50:13.340[Status]Routing Start.
2019-09-05_00:50:13.769[Status]{'id': 9, 'coordinate': [944.0671996731635, 599.6321571699367]}
2019-09-05_00:50:13.769[Status]Routing 90: Walk: 90
2019-09-05_00:50:13.869[Battery Energy]25.31
2019-09-05_00:50:13.869[Status]Routing Start.
2019-09-05_00:50:14.001[Status]{'id': 9, 'coordinate': [954.0664428990327, 599.75518119161]}
2019-09-05_00:50:14.001[Status]Routing 91: Walk: 91
2019-09-05_00:50:14.108[Battery Energy]25.10
2019-09-05_00:50:14.108[Status]Routing Start.
2019-09-05_00:50:14.332[Status]{'id': 9, 'coordinate': [964.065686124902, 599.8782052132832]}
2019-09-05_00:50:14.332[Status]Routing 92: Walk: 92
2019-09-05_00:50:14.432[Battery Energy]24.85
2019-09-05_00:50:14.432[Status]Routing Start.
2019-09-05_00:50:14.965[Status]{'id': 9, 'coordinate': [968.7670690787828, 608.7041328314409]}
2019-09-05_00:50:14.968[Status]Routing 93: Walk: 93
2019-09-05_00:50:15.068[Battery Energy]24.36
2019-09-05_00:50:15.069[Status]Routing Start.
2019-09-05_00:50:15.235[Status]{'id': 9, 'coordinate': [978.7626754523545, 608.4077323850632]}
2019-09-05_00:50:15.235[Status]Routing 94: Walk: 94
2019-09-05_00:50:15.335[Battery Energy]24.12
2019-09-05_00:50:15.335[Status]Routing Start.
2019-09-05_00:50:15.625[Status]{'id': 9, 'coordinate': [988.7582818259262, 608.1113319386856]}
2019-09-05_00:50:15.625[Status]Routing 95: Walk: 95
2019-09-05_00:50:15.725[Battery Energy]23.81
2019-09-05_00:50:15.725[Status]Routing Start.
2019-09-05_00:50:16.049[Status]{'id': 9, 'coordinate': [998.753888199498, 607.8149314923079]}
2019-09-05_00:50:16.050[Status]Routing 96: Walk: 96
2019-09-05_00:50:16.150[Battery Energy]23.44
2019-09-05_00:50:16.150[Status]Routing Start.
2019-09-05_00:50:16.484[Status]{'id': 9, 'coordinate': [1008.7494945730697, 607.5185310459302]}
2019-09-05_00:50:16.484[Status]Routing 97: Walk: 97
2019-09-05_00:50:16.584[Battery Energy]23.07
2019-09-05_00:50:16.584[Status]Routing Start.
2019-09-05_00:50:16.985[Status]{'id': 9, 'coordinate': [1018.7451009466414, 607.2221305995527]}
2019-09-05_00:50:16.985[Status]Routing 98: Walk: 98
2019-09-05_00:50:17.085[Battery Energy]22.64
2019-09-05_00:50:17.085[Status]Routing Start.
2019-09-05_00:50:17.385[Status]{'id': 9, 'coordinate': [1028.740707320213, 606.925730153175]}
2019-09-05_00:50:17.385[Status]Routing 99: Walk: 99
2019-09-05_00:50:17.487[Battery Energy]22.30
2019-09-05_00:50:17.487[Status]Routing Start.
2019-09-05_00:50:17.684[Status]{'id': 9, 'coordinate': [1038.7363136937847, 606.6293297067974]}
2019-09-05_00:50:17.684[Status]Routing 100: Walk: 100
2019-09-05_00:50:17.784[Battery Energy]22.08
2019-09-05_00:50:17.784[Status]Routing Start.
2019-09-05_00:50:18.163[Status]{'id': 9, 'coordinate': [1048.7319200673564, 606.3329292604197]}
2019-09-05_00:50:18.163[Status]Routing 101: Walk: 101
2019-09-05_00:50:18.266[Battery Energy]21.78
2019-09-05_00:50:18.266[Status]Routing Start.
2019-09-05_00:50:18.686[Status]{'id': 9, 'coordinate': [1058.7275264409282, 606.0365288140422]}
2019-09-05_00:50:18.688[Status]Routing 102: Walk: 102
2019-09-05_00:50:18.788[Battery Energy]21.44
2019-09-05_00:50:18.788[Status]Routing Start.
2019-09-05_00:50:19.153[Status]{'id': 9, 'coordinate': [1068.7231328144999, 605.7401283676645]}
2019-09-05_00:50:19.153[Status]Routing 103: Walk: 103
2019-09-05_00:50:19.264[Battery Energy]21.08
2019-09-05_00:50:19.264[Status]Routing Start.
2019-09-05_00:50:19.536[Status]{'id': 9, 'coordinate': [1078.7187391880716, 605.443727921287]}
2019-09-05_00:50:19.536[Status]Routing 104: Walk: 104
2019-09-05_00:50:19.637[Battery Energy]20.82
2019-09-05_00:50:19.637[Status]Routing Start.
2019-09-05_00:50:20.034[Status]{'id': 9, 'coordinate': [1088.7143455616433, 605.1473274749093]}
2019-09-05_00:50:20.034[Status]Routing 105: Walk: 105
2019-09-05_00:50:20.152[Battery Energy]20.46
2019-09-05_00:50:20.152[Status]Routing Start.
2019-09-05_00:50:20.470[Status]{'id': 9, 'coordinate': [1098.709951935215, 604.8509270285317]}
2019-09-05_00:50:20.470[Status]Routing 106: Walk: 106
2019-09-05_00:50:20.571[Battery Energy]20.19
2019-09-05_00:50:20.571[Status]Routing Start.
2019-09-05_00:50:20.765[Status]{'id': 9, 'coordinate': [1108.7055583087867, 604.554526582154]}
2019-09-05_00:50:20.765[Status]Routing 107: Walk: 107
2019-09-05_00:50:20.880[Battery Energy]20.01
2019-09-05_00:50:20.880[Status]Routing Start.
2019-09-05_00:50:21.206[Status]{'id': 9, 'coordinate': [1118.7011646823585, 604.2581261357765]}
2019-09-05_00:50:21.206[Status]Routing 108: Walk: 108
2019-09-05_00:50:21.309[Battery Energy]19.73
2019-09-05_00:50:21.309[Status]Routing Start.
2019-09-05_00:50:21.660[Status]{'id': 9, 'coordinate': [1128.6967710559302, 603.9617256893988]}
2019-09-05_00:50:21.660[Status]Routing 109: Walk: 109
2019-09-05_00:50:21.764[Battery Energy]19.46
2019-09-05_00:50:21.764[Status]Routing Start.
2019-09-05_00:50:22.124[Status]{'id': 9, 'coordinate': [1138.692377429502, 603.6653252430212]}
2019-09-05_00:50:22.124[Status]Routing 110: Walk: 110
2019-09-05_00:50:22.238[Battery Energy]19.15
2019-09-05_00:50:22.239[Status]Routing Start.
2019-09-05_00:50:22.617[Status]{'id': 9, 'coordinate': [1148.6879838030736, 603.3689247966436]}
2019-09-05_00:50:22.620[Status]Routing 111: Walk: 111
2019-09-05_00:50:22.720[Battery Energy]18.84
2019-09-05_00:50:22.720[Status]Routing Start.
2019-09-05_00:50:23.069[Status]{'id': 9, 'coordinate': [1158.6835901766453, 603.072524350266]}
2019-09-05_00:50:23.069[Status]Routing 112: Walk: 112
2019-09-05_00:50:23.186[Battery Energy]18.50
2019-09-05_00:50:23.186[Status]Routing Start.
2019-09-05_00:50:23.521[Status]{'id': 9, 'coordinate': [1168.679196550217, 602.7761239038883]}
2019-09-05_00:50:23.521[Status]Routing 113: Walk: 113
2019-09-05_00:50:23.621[Battery Energy]18.18
2019-09-05_00:50:23.621[Status]Routing Start.
2019-09-05_00:50:23.621[Status]Task Finished.
2019-09-05_00:50:23.721[Battery Energy]18.18
2019-09-05_00:50:23.957[Status]Routing 115: Walk: 113
2019-09-05_00:50:24.068[Battery Energy]18.04
2019-09-05_00:50:24.446[Status]Routing 116: Walk: 113
2019-09-05_00:50:24.554[Battery Energy]17.82
2019-09-05_00:50:24.973[Status]Routing 117: Walk: 113
2019-09-05_00:50:25.080[Battery Energy]17.56
2019-09-05_00:50:25.249[Status]Routing 118: Walk: 113
2019-09-05_00:50:25.352[Battery Energy]17.45
2019-09-05_00:50:25.661[Status]Routing 119: Walk: 113
2019-09-05_00:50:25.761[Battery Energy]17.26
2019-09-05_00:50:26.025[Status]Routing 120: Walk: 113
2019-09-05_00:50:26.132[Battery Energy]17.10
2019-09-05_00:50:26.495[Status]Routing 121: Walk: 113
2019-09-05_00:50:26.604[Battery Energy]16.90
2019-09-05_00:50:26.855[Status]Routing 122: Walk: 113
2019-09-05_00:50:26.955[Battery Energy]16.73
2019-09-05_00:50:27.107[Status]Routing 123: Walk: 113
2019-09-05_00:50:27.217[Battery Energy]16.64
2019-09-05_00:50:27.598[Status]Routing 124: Walk: 113
2019-09-05_00:50:27.699[Battery Energy]16.42
2019-09-05_00:50:28.043[Status]Routing 125: Walk: 113
2019-09-05_00:50:28.148[Battery Energy]16.22
2019-09-05_00:50:28.317[Status]Routing 126: Walk: 113
2019-09-05_00:50:28.424[Battery Energy]16.12
2019-09-05_00:50:28.796[Status]Routing 127: Walk: 113
2019-09-05_00:50:28.896[Battery Energy]15.85
2019-09-05_00:50:29.373[Status]Routing 128: Walk: 113
2019-09-05_00:50:29.488[Battery Energy]15.58
2019-09-05_00:50:29.768[Status]Routing 129: Walk: 113
2019-09-05_00:50:29.870[Battery Energy]15.41
2019-09-05_00:50:30.342[Status]Routing 130: Walk: 113
2019-09-05_00:50:30.443[Battery Energy]15.01
2019-09-05_00:50:30.614[Status]Routing 131: Walk: 113
2019-09-05_00:50:30.715[Battery Energy]14.90
2019-09-05_00:50:31.190[Status]Routing 132: Walk: 113
2019-09-05_00:50:31.290[Battery Energy]14.54
2019-09-05_00:50:31.660[Status]Routing 133: Walk: 113
2019-09-05_00:50:31.776[Battery Energy]14.18
2019-09-05_00:50:31.926[Status]Routing 134: Walk: 113
2019-09-05_00:50:32.026[Battery Energy]14.06
2019-09-05_00:50:32.373[Status]Routing 135: Walk: 113
2019-09-05_00:50:32.473[Battery Energy]13.89
2019-09-05_00:50:32.638[Status]Routing 136: Walk: 113
2019-09-05_00:50:32.748[Battery Energy]13.79
2019-09-05_00:50:32.983[Status]Routing 137: Walk: 113
2019-09-05_00:50:33.083[Battery Energy]13.64
2019-09-05_00:50:33.337[Status]Routing 138: Walk: 113
2019-09-05_00:50:33.444[Battery Energy]13.48
2019-09-05_00:50:33.570[Status]Routing 139: Walk: 113
2019-09-05_00:50:33.680[Battery Energy]13.38
2019-09-05_00:50:33.853[Status]Routing 140: Walk: 113
2019-09-05_00:50:33.964[Battery Energy]13.30
2019-09-05_00:50:34.134[Status]Routing 141: Walk: 113
2019-09-05_00:50:34.234[Battery Energy]13.19
2019-09-05_00:50:34.407[Status]Routing 142: Walk: 113
2019-09-05_00:50:34.507[Battery Energy]13.07
2019-09-05_00:50:34.693[Status]Routing 143: Walk: 113
2019-09-05_00:50:34.808[Battery Energy]12.94
2019-09-05_00:50:35.101[Status]Routing 144: Walk: 113
2019-09-05_00:50:35.208[Battery Energy]12.79
2019-09-05_00:50:35.488[Status]Routing 145: Walk: 113
2019-09-05_00:50:35.600[Battery Energy]12.66
2019-09-05_00:50:35.806[Status]Routing 146: Walk: 113
2019-09-05_00:50:35.906[Battery Energy]12.51
2019-09-05_00:50:36.226[Status]Routing 147: Walk: 113
2019-09-05_00:50:36.326[Battery Energy]12.35
2019-09-05_00:50:36.492[Status]Routing 148: Walk: 113
2019-09-05_00:50:36.595[Battery Energy]12.23
2019-09-05_00:50:36.791[Status]Routing 149: Walk: 113
2019-09-05_00:50:36.896[Battery Energy]12.14
2019-09-05_00:50:37.188[Status]Routing 150: Walk: 113
2019-09-05_00:50:37.292[Battery Energy]12.00
2019-09-05_00:50:37.550[Status]Routing 151: Walk: 113
2019-09-05_00:50:37.652[Battery Energy]11.80
2019-09-05_00:50:37.789[Status]Routing 152: Walk: 113
2019-09-05_00:50:37.896[Battery Energy]11.70
2019-09-05_00:50:38.098[Status]Routing 153: Walk: 113
2019-09-05_00:50:38.208[Battery Energy]11.59
2019-09-05_00:50:38.377[Status]Routing 154: Walk: 113
2019-09-05_00:50:38.477[Battery Energy]11.48
2019-09-05_00:50:38.816[Status]Routing 155: Walk: 113
2019-09-05_00:50:38.924[Battery Energy]11.27
2019-09-05_00:50:39.102[Status]Routing 156: Walk: 113
2019-09-05_00:50:39.202[Battery Energy]11.15
2019-09-05_00:50:39.396[Status]Routing 157: Walk: 113
2019-09-05_00:50:39.497[Battery Energy]11.01
2019-09-05_00:50:39.668[Status]Routing 158: Walk: 113
2019-09-05_00:50:39.776[Battery Energy]10.90
2019-09-05_00:50:39.945[Status]Routing 159: Walk: 113
2019-09-05_00:50:40.046[Battery Energy]10.78
2019-09-05_00:50:40.205[Status]Routing 160: Walk: 113
2019-09-05_00:50:40.312[Battery Energy]10.68
2019-09-05_00:50:40.444[Status]Routing 161: Walk: 113
2019-09-05_00:50:40.544[Battery Energy]10.58
2019-09-05_00:50:40.754[Status]Routing 162: Walk: 113
2019-09-05_00:50:40.854[Battery Energy]10.45
2019-09-05_00:50:41.076[Status]Routing 163: Walk: 113
2019-09-05_00:50:41.184[Battery Energy]10.30
2019-09-05_00:50:41.491[Status]Routing 164: Walk: 113
2019-09-05_00:50:41.608[Battery Energy]10.14
2019-09-05_00:50:41.758[Status]Routing 165: Walk: 113
2019-09-05_00:50:41.859[Battery Energy]10.01
2019-09-05_00:50:42.061[Status]Routing 166: Walk: 113
2019-09-05_00:50:42.162[Battery Energy]9.91
2019-09-05_00:50:42.377[Status]Routing 167: Walk: 113
2019-09-05_00:50:42.477[Battery Energy]9.84
2019-09-05_00:50:42.663[Status]Routing 168: Walk: 113
2019-09-05_00:50:42.768[Battery Energy]9.71
2019-09-05_00:50:42.962[Status]Routing 169: Walk: 113
2019-09-05_00:50:43.072[Battery Energy]9.59
2019-09-05_00:50:43.215[Status]Routing 170: Walk: 113
2019-09-05_00:50:43.319[Battery Energy]9.48
2019-09-05_00:50:43.483[Status]Routing 171: Walk: 113
2019-09-05_00:50:43.588[Battery Energy]9.38
2019-09-05_00:50:43.818[Status]Routing 172: Walk: 113
2019-09-05_00:50:43.918[Battery Energy]9.29
