2019-09-05_11:05:26.272[Status]Start.
2019-09-05_11:05:26.273[Battery Energy]100.00
2019-09-05_11:05:27.374[Battery Energy]99.96
2019-09-05_11:05:28.475[Battery Energy]99.92
2019-09-05_11:05:29.576[Battery Energy]99.88
2019-09-05_11:05:30.677[Battery Energy]99.84
2019-09-05_11:05:31.778[Task]A New Task Released.
2019-09-05_11:05:31.778[Battery Energy]99.80
2019-09-05_11:05:31.778[Status]Selection Start.
2019-09-05_11:05:32.406[Status]Selection End: Do Task 2.
2019-09-05_11:05:32.509[Battery Energy]99.41
2019-09-05_11:05:32.509[Status]Formation Start.
2019-09-05_11:05:32.758[Status]Formation End: To Position 0.
2019-09-05_11:05:32.865[Battery Energy]99.20
2019-09-05_11:05:32.865[Status]Routing Start.
2019-09-05_11:05:33.099[Status]{'coordinate': [139.58387957125947, 775.8699891319692], 'id': 19}
2019-09-05_11:05:33.099[Status]Routing 1: Walk: 1
2019-09-05_11:05:33.213[Battery Energy]98.95
2019-09-05_11:05:33.213[Status]Routing Start.
2019-09-05_11:05:33.430[Status]{'coordinate': [148.16775914251895, 770.7399782639384], 'id': 19}
2019-09-05_11:05:33.431[Status]Routing 2: Walk: 2
2019-09-05_11:05:33.531[Battery Energy]98.69
2019-09-05_11:05:33.531[Status]Routing Start.
2019-09-05_11:05:33.688[Status]{'coordinate': [156.75163871377842, 765.6099673959076], 'id': 19}
2019-09-05_11:05:33.688[Status]Routing 3: Walk: 3
2019-09-05_11:05:33.797[Battery Energy]98.47
2019-09-05_11:05:33.797[Status]Routing Start.
2019-09-05_11:05:33.983[Status]{'coordinate': [165.3355182850379, 760.4799565278768], 'id': 19}
2019-09-05_11:05:33.983[Status]Routing 4: Walk: 4
2019-09-05_11:05:34.083[Battery Energy]98.25
2019-09-05_11:05:34.083[Status]Routing Start.
2019-09-05_11:05:34.329[Status]{'coordinate': [173.91939785629737, 755.349945659846], 'id': 19}
2019-09-05_11:05:34.329[Status]Routing 5: Walk: 5
2019-09-05_11:05:34.429[Battery Energy]97.98
2019-09-05_11:05:34.429[Status]Routing Start.
2019-09-05_11:05:34.787[Status]{'coordinate': [182.50327742755684, 750.2199347918151], 'id': 19}
2019-09-05_11:05:34.787[Status]Routing 6: Walk: 6
2019-09-05_11:05:34.887[Battery Energy]97.66
2019-09-05_11:05:34.887[Status]Routing Start.
2019-09-05_11:05:35.233[Status]{'coordinate': [191.0871569988163, 745.0899239237843], 'id': 19}
2019-09-05_11:05:35.234[Status]Routing 7: Walk: 7
2019-09-05_11:05:35.342[Battery Energy]97.29
2019-09-05_11:05:35.342[Status]Routing Start.
2019-09-05_11:05:35.724[Status]{'coordinate': [199.67103657007578, 739.9599130557535], 'id': 19}
2019-09-05_11:05:35.724[Status]Routing 8: Walk: 8
2019-09-05_11:05:35.829[Battery Energy]96.97
2019-09-05_11:05:35.829[Status]Routing Start.
2019-09-05_11:05:36.209[Status]{'coordinate': [208.25491614133526, 734.8299021877227], 'id': 19}
2019-09-05_11:05:36.209[Status]Routing 9: Walk: 9
2019-09-05_11:05:36.313[Battery Energy]96.64
2019-09-05_11:05:36.313[Status]Routing Start.
2019-09-05_11:05:36.667[Status]{'coordinate': [216.83879571259473, 729.6998913196919], 'id': 19}
2019-09-05_11:05:36.668[Status]Routing 10: Walk: 10
2019-09-05_11:05:36.768[Battery Energy]96.28
2019-09-05_11:05:36.768[Status]Routing Start.
2019-09-05_11:05:37.144[Status]{'coordinate': [225.4226752838542, 724.5698804516611], 'id': 19}
2019-09-05_11:05:37.151[Status]Routing 11: Walk: 11
2019-09-05_11:05:37.251[Battery Energy]95.96
2019-09-05_11:05:37.251[Status]Routing Start.
2019-09-05_11:05:37.542[Status]{'coordinate': [234.00655485511368, 719.4398695836303], 'id': 19}
2019-09-05_11:05:37.542[Status]Routing 12: Walk: 12
2019-09-05_11:05:37.642[Battery Energy]95.65
2019-09-05_11:05:37.642[Status]Routing Start.
2019-09-05_11:05:38.033[Status]{'coordinate': [242.59043442637315, 714.3098587155995], 'id': 19}
2019-09-05_11:05:38.033[Status]Routing 13: Walk: 13
2019-09-05_11:05:38.137[Battery Energy]95.31
2019-09-05_11:05:38.137[Status]Routing Start.
2019-09-05_11:05:38.495[Status]{'coordinate': [251.17431399763262, 709.1798478475687], 'id': 19}
2019-09-05_11:05:38.495[Status]Routing 14: Walk: 14
2019-09-05_11:05:38.605[Battery Energy]94.99
2019-09-05_11:05:38.605[Status]Routing Start.
2019-09-05_11:05:39.072[Status]{'coordinate': [259.7581935688921, 704.0498369795379], 'id': 19}
2019-09-05_11:05:39.072[Status]Routing 15: Walk: 15
2019-09-05_11:05:39.193[Battery Energy]94.64
2019-09-05_11:05:39.193[Status]Routing Start.
2019-09-05_11:05:39.590[Status]{'coordinate': [268.3420731401516, 698.9198261115071], 'id': 19}
2019-09-05_11:05:39.590[Status]Routing 16: Walk: 16
2019-09-05_11:05:39.690[Battery Energy]94.25
2019-09-05_11:05:39.690[Status]Routing Start.
2019-09-05_11:05:40.021[Status]{'coordinate': [276.9259527114111, 693.7898152434763], 'id': 19}
2019-09-05_11:05:40.025[Status]Routing 17: Walk: 17
2019-09-05_11:05:40.126[Battery Energy]93.95
2019-09-05_11:05:40.126[Status]Routing Start.
2019-09-05_11:05:40.467[Status]{'coordinate': [285.50983228267063, 688.6598043754454], 'id': 19}
2019-09-05_11:05:40.467[Status]Routing 18: Walk: 18
2019-09-05_11:05:40.567[Battery Energy]93.63
2019-09-05_11:05:40.567[Status]Routing Start.
2019-09-05_11:05:40.937[Status]{'coordinate': [294.09371185393013, 683.5297935074146], 'id': 19}
2019-09-05_11:05:40.937[Status]Routing 19: Walk: 19
2019-09-05_11:05:41.041[Battery Energy]93.29
2019-09-05_11:05:41.041[Status]Routing Start.
2019-09-05_11:05:41.455[Status]{'coordinate': [302.67759142518963, 678.3997826393838], 'id': 19}
2019-09-05_11:05:41.456[Status]Routing 20: Walk: 20
2019-09-05_11:05:41.561[Battery Energy]92.97
2019-09-05_11:05:41.561[Status]Routing Start.
2019-09-05_11:05:41.902[Status]{'coordinate': [311.26147099644913, 673.269771771353], 'id': 19}
2019-09-05_11:05:41.902[Status]Routing 21: Walk: 21
2019-09-05_11:05:42.009[Battery Energy]92.67
2019-09-05_11:05:42.009[Status]Routing Start.
2019-09-05_11:05:42.320[Status]{'coordinate': [319.84535056770864, 668.1397609033222], 'id': 19}
2019-09-05_11:05:42.323[Status]Routing 22: Walk: 22
2019-09-05_11:05:42.425[Battery Energy]92.37
2019-09-05_11:05:42.425[Status]Routing Start.
2019-09-05_11:05:42.803[Status]{'coordinate': [328.42923013896814, 663.0097500352914], 'id': 19}
2019-09-05_11:05:42.803[Status]Routing 23: Walk: 23
2019-09-05_11:05:42.913[Battery Energy]92.01
2019-09-05_11:05:42.913[Status]Routing Start.
2019-09-05_11:05:43.262[Status]{'coordinate': [337.01310971022764, 657.8797391672606], 'id': 19}
2019-09-05_11:05:43.262[Status]Routing 24: Walk: 24
2019-09-05_11:05:43.365[Battery Energy]91.68
2019-09-05_11:05:43.365[Status]Routing Start.
2019-09-05_11:05:43.965[Status]Routing 25: Walk: 24
2019-09-05_11:05:44.065[Battery Energy]91.22
2019-09-05_11:05:44.065[Status]Routing Start.
2019-09-05_11:05:44.212[Status]{'coordinate': [345.59698928148714, 652.7497282992298], 'id': 19}
2019-09-05_11:05:44.212[Status]Routing 26: Walk: 25
2019-09-05_11:05:44.325[Battery Energy]91.02
2019-09-05_11:05:44.325[Status]Routing Start.
2019-09-05_11:05:44.630[Status]{'coordinate': [354.18086885274664, 647.619717431199], 'id': 19}
2019-09-05_11:05:44.630[Status]Routing 27: Walk: 26
2019-09-05_11:05:44.733[Battery Energy]90.72
2019-09-05_11:05:44.733[Status]Routing Start.
2019-09-05_11:05:45.071[Status]{'coordinate': [362.76474842400614, 642.4897065631682], 'id': 19}
2019-09-05_11:05:45.072[Status]Routing 28: Walk: 27
2019-09-05_11:05:45.173[Battery Energy]90.37
2019-09-05_11:05:45.173[Status]Routing Start.
2019-09-05_11:05:45.548[Status]{'coordinate': [371.34862799526564, 637.3596956951374], 'id': 19}
2019-09-05_11:05:45.548[Status]Routing 29: Walk: 28
2019-09-05_11:05:45.648[Battery Energy]90.06
2019-09-05_11:05:45.648[Status]Routing Start.
2019-09-05_11:05:46.076[Status]{'coordinate': [379.93250756652515, 632.2296848271066], 'id': 19}
2019-09-05_11:05:46.076[Status]Routing 30: Walk: 29
2019-09-05_11:05:46.176[Battery Energy]89.74
2019-09-05_11:05:46.176[Status]Routing Start.
2019-09-05_11:05:46.515[Status]{'coordinate': [388.51638713778465, 627.0996739590757], 'id': 19}
2019-09-05_11:05:46.515[Status]Routing 31: Walk: 30
2019-09-05_11:05:46.621[Battery Energy]89.42
2019-09-05_11:05:46.621[Status]Routing Start.
2019-09-05_11:05:46.955[Status]{'coordinate': [397.10026670904415, 621.9696630910449], 'id': 19}
2019-09-05_11:05:46.955[Status]Routing 32: Walk: 31
2019-09-05_11:05:47.061[Battery Energy]89.12
2019-09-05_11:05:47.061[Status]Routing Start.
2019-09-05_11:05:47.341[Status]{'coordinate': [405.6841462803036, 616.8396522230141], 'id': 19}
2019-09-05_11:05:47.342[Status]Routing 33: Walk: 32
2019-09-05_11:05:47.449[Battery Energy]88.83
2019-09-05_11:05:47.449[Status]Routing Start.
2019-09-05_11:05:47.989[Status]Routing 34: Walk: 32
2019-09-05_11:05:48.090[Battery Energy]88.44
2019-09-05_11:05:48.090[Status]Routing Start.
2019-09-05_11:05:48.485[Status]Routing 35: Walk: 32
2019-09-05_11:05:48.585[Battery Energy]88.08
2019-09-05_11:05:48.585[Status]Routing Start.
2019-09-05_11:05:48.969[Status]Routing 36: Walk: 32
2019-09-05_11:05:49.070[Battery Energy]87.73
2019-09-05_11:05:49.070[Status]Routing Start.
2019-09-05_11:05:49.242[Status]{'coordinate': [414.2680258515631, 611.7096413549833], 'id': 19}
2019-09-05_11:05:49.242[Status]Routing 37: Walk: 33
2019-09-05_11:05:49.342[Battery Energy]87.50
2019-09-05_11:05:49.342[Status]Routing Start.
2019-09-05_11:05:49.566[Status]{'coordinate': [422.8519054228226, 606.5796304869525], 'id': 19}
2019-09-05_11:05:49.566[Status]Routing 38: Walk: 34
2019-09-05_11:05:49.673[Battery Energy]87.25
2019-09-05_11:05:49.673[Status]Routing Start.
2019-09-05_11:05:49.919[Status]{'coordinate': [431.4357849940821, 601.4496196189217], 'id': 19}
2019-09-05_11:05:49.919[Status]Routing 39: Walk: 35
2019-09-05_11:05:50.025[Battery Energy]87.01
2019-09-05_11:05:50.025[Status]Routing Start.
2019-09-05_11:05:50.333[Status]{'coordinate': [440.0196645653416, 596.3196087508909], 'id': 19}
2019-09-05_11:05:50.335[Status]Routing 40: Walk: 36
2019-09-05_11:05:50.435[Battery Energy]86.71
2019-09-05_11:05:50.435[Status]Routing Start.
2019-09-05_11:05:50.783[Status]{'coordinate': [448.6035441366011, 591.1895978828601], 'id': 19}
2019-09-05_11:05:50.783[Status]Routing 41: Walk: 37
2019-09-05_11:05:50.883[Battery Energy]86.38
2019-09-05_11:05:50.883[Status]Routing Start.
2019-09-05_11:05:51.194[Status]{'coordinate': [457.1874237078606, 586.0595870148293], 'id': 19}
2019-09-05_11:05:51.194[Status]Routing 42: Walk: 38
2019-09-05_11:05:51.294[Battery Energy]86.07
2019-09-05_11:05:51.294[Status]Routing Start.
2019-09-05_11:05:51.695[Status]{'coordinate': [465.77130327912005, 580.9295761467985], 'id': 19}
2019-09-05_11:05:51.695[Status]Routing 43: Walk: 39
2019-09-05_11:05:51.795[Battery Energy]85.71
2019-09-05_11:05:51.795[Status]Routing Start.
2019-09-05_11:05:52.140[Status]{'coordinate': [474.35518285037955, 575.7995652787677], 'id': 19}
2019-09-05_11:05:52.140[Status]Routing 44: Walk: 40
2019-09-05_11:05:52.240[Battery Energy]85.33
2019-09-05_11:05:52.240[Status]Routing Start.
2019-09-05_11:05:52.650[Status]{'coordinate': [482.93906242163905, 570.6695544107369], 'id': 19}
2019-09-05_11:05:52.650[Status]Routing 45: Walk: 41
2019-09-05_11:05:52.765[Battery Energy]84.96
2019-09-05_11:05:52.765[Status]Routing Start.
2019-09-05_11:05:53.128[Status]{'coordinate': [491.52294199289855, 565.539543542706], 'id': 19}
2019-09-05_11:05:53.128[Status]Routing 46: Walk: 42
2019-09-05_11:05:53.239[Battery Energy]84.65
2019-09-05_11:05:53.239[Status]Routing Start.
2019-09-05_11:05:53.580[Status]{'coordinate': [500.10682156415805, 560.4095326746752], 'id': 19}
2019-09-05_11:05:53.581[Status]Routing 47: Walk: 43
2019-09-05_11:05:53.689[Battery Energy]84.34
2019-09-05_11:05:53.689[Status]Routing Start.
2019-09-05_11:05:53.898[Status]{'coordinate': [508.6907011354175, 555.2795218066444], 'id': 19}
2019-09-05_11:05:53.898[Status]Routing 48: Walk: 44
2019-09-05_11:05:54.017[Battery Energy]84.14
2019-09-05_11:05:54.017[Status]Routing Start.
2019-09-05_11:05:54.388[Status]{'coordinate': [517.2745807066769, 550.1495109386136], 'id': 19}
2019-09-05_11:05:54.388[Status]Routing 49: Walk: 45
2019-09-05_11:05:54.488[Battery Energy]83.73
2019-09-05_11:05:54.488[Status]Routing Start.
2019-09-05_11:05:54.840[Status]{'coordinate': [525.8584602779364, 545.0195000705828], 'id': 19}
2019-09-05_11:05:54.840[Status]Routing 50: Walk: 46
2019-09-05_11:05:54.940[Battery Energy]83.38
2019-09-05_11:05:54.940[Status]Routing Start.
2019-09-05_11:05:55.285[Status]{'coordinate': [534.4423398491958, 539.889489202552], 'id': 19}
2019-09-05_11:05:55.285[Status]Routing 51: Walk: 47
2019-09-05_11:05:55.404[Battery Energy]83.06
2019-09-05_11:05:55.404[Status]Routing Start.
2019-09-05_11:05:55.667[Status]{'coordinate': [543.0262194204553, 534.7594783345212], 'id': 19}
2019-09-05_11:05:55.667[Status]Routing 52: Walk: 48
2019-09-05_11:05:55.780[Battery Energy]82.76
2019-09-05_11:05:55.780[Status]Routing Start.
2019-09-05_11:05:56.019[Status]{'coordinate': [551.6100989917147, 529.6294674664904], 'id': 19}
2019-09-05_11:05:56.019[Status]Routing 53: Walk: 49
2019-09-05_11:05:56.119[Battery Energy]82.51
2019-09-05_11:05:56.119[Status]Routing Start.
2019-09-05_11:05:56.351[Status]{'coordinate': [560.1939785629742, 524.4994565984596], 'id': 19}
2019-09-05_11:05:56.361[Status]Routing 54: Walk: 50
2019-09-05_11:05:56.461[Battery Energy]82.23
2019-09-05_11:05:56.461[Status]Routing Start.
2019-09-05_11:05:56.677[Status]{'coordinate': [568.7778581342336, 519.3694457304288], 'id': 19}
2019-09-05_11:05:56.677[Status]Routing 55: Walk: 51
2019-09-05_11:05:56.783[Battery Energy]81.99
2019-09-05_11:05:56.783[Status]Routing Start.
2019-09-05_11:05:56.971[Status]{'coordinate': [577.361737705493, 514.239434862398], 'id': 19}
2019-09-05_11:05:56.971[Status]Routing 56: Walk: 52
2019-09-05_11:05:57.072[Battery Energy]81.77
2019-09-05_11:05:57.072[Status]Routing Start.
2019-09-05_11:05:57.300[Status]{'coordinate': [585.9456172767525, 509.10942399436715], 'id': 19}
2019-09-05_11:05:57.300[Status]Routing 57: Walk: 53
2019-09-05_11:05:57.409[Battery Energy]81.57
2019-09-05_11:05:57.409[Status]Routing Start.
2019-09-05_11:05:57.616[Status]{'coordinate': [594.529496848012, 503.97941312633634], 'id': 19}
2019-09-05_11:05:57.616[Status]Routing 58: Walk: 54
2019-09-05_11:05:57.716[Battery Energy]81.34
2019-09-05_11:05:57.716[Status]Routing Start.
2019-09-05_11:05:58.009[Status]{'coordinate': [603.1133764192714, 498.84940225830553], 'id': 19}
2019-09-05_11:05:58.009[Status]Routing 59: Walk: 55
2019-09-05_11:05:58.113[Battery Energy]81.02
2019-09-05_11:05:58.113[Status]Routing Start.
2019-09-05_11:05:58.291[Status]{'coordinate': [611.6972559905308, 493.7193913902747], 'id': 19}
2019-09-05_11:05:58.291[Status]Routing 60: Walk: 56
2019-09-05_11:05:58.401[Battery Energy]80.82
2019-09-05_11:05:58.401[Status]Routing Start.
2019-09-05_11:05:58.683[Status]{'coordinate': [620.2811355617903, 488.5893805222439], 'id': 19}
2019-09-05_11:05:58.683[Status]Routing 61: Walk: 57
2019-09-05_11:05:58.801[Battery Energy]80.59
2019-09-05_11:05:58.801[Status]Routing Start.
2019-09-05_11:05:59.035[Status]{'coordinate': [628.8650151330497, 483.4593696542131], 'id': 19}
2019-09-05_11:05:59.035[Status]Routing 62: Walk: 58
2019-09-05_11:05:59.135[Battery Energy]80.34
2019-09-05_11:05:59.135[Status]Routing Start.
2019-09-05_11:05:59.341[Status]{'coordinate': [637.4488947043092, 478.3293587861823], 'id': 19}
2019-09-05_11:05:59.341[Status]Routing 63: Walk: 59
2019-09-05_11:05:59.441[Battery Energy]80.11
2019-09-05_11:05:59.441[Status]Routing Start.
2019-09-05_11:05:59.652[Status]{'coordinate': [646.0327742755686, 473.1993479181515], 'id': 19}
2019-09-05_11:05:59.652[Status]Routing 64: Walk: 60
2019-09-05_11:05:59.769[Battery Energy]79.88
2019-09-05_11:05:59.769[Status]Routing Start.
2019-09-05_11:05:59.977[Status]{'coordinate': [654.6166538468281, 468.0693370501207], 'id': 19}
2019-09-05_11:05:59.977[Status]Routing 65: Walk: 61
2019-09-05_11:06:00.093[Battery Energy]79.63
2019-09-05_11:06:00.093[Status]Routing Start.
2019-09-05_11:06:00.344[Status]{'coordinate': [663.2005334180875, 462.93932618208987], 'id': 19}
2019-09-05_11:06:00.347[Status]Routing 66: Walk: 62
2019-09-05_11:06:00.447[Battery Energy]79.36
2019-09-05_11:06:00.447[Status]Routing Start.
2019-09-05_11:06:00.755[Status]{'coordinate': [671.784412989347, 457.80931531405906], 'id': 19}
2019-09-05_11:06:00.756[Status]Routing 67: Walk: 63
2019-09-05_11:06:00.865[Battery Energy]79.11
2019-09-05_11:06:00.865[Status]Routing Start.
2019-09-05_11:06:01.122[Status]{'coordinate': [680.3682925606064, 452.67930444602825], 'id': 19}
2019-09-05_11:06:01.122[Status]Routing 68: Walk: 64
2019-09-05_11:06:01.225[Battery Energy]78.84
2019-09-05_11:06:01.225[Status]Routing Start.
2019-09-05_11:06:01.592[Status]{'coordinate': [688.9521721318658, 447.54929357799745], 'id': 19}
2019-09-05_11:06:01.594[Status]Routing 69: Walk: 65
2019-09-05_11:06:01.694[Battery Energy]78.53
2019-09-05_11:06:01.694[Status]Routing Start.
2019-09-05_11:06:02.013[Status]{'coordinate': [697.5360517031253, 442.41928270996664], 'id': 19}
2019-09-05_11:06:02.013[Status]Routing 70: Walk: 66
2019-09-05_11:06:02.125[Battery Energy]78.20
2019-09-05_11:06:02.125[Status]Routing Start.
2019-09-05_11:06:02.540[Status]{'coordinate': [706.1199312743847, 437.28927184193583], 'id': 19}
2019-09-05_11:06:02.543[Status]Routing 71: Walk: 67
2019-09-05_11:06:02.653[Battery Energy]77.87
2019-09-05_11:06:02.653[Status]Routing Start.
2019-09-05_11:06:02.828[Status]{'coordinate': [714.7038108456442, 432.159260973905], 'id': 19}
2019-09-05_11:06:02.828[Status]Routing 72: Walk: 68
2019-09-05_11:06:02.933[Battery Energy]77.65
2019-09-05_11:06:02.933[Status]Routing Start.
2019-09-05_11:06:03.156[Status]{'coordinate': [723.2876904169036, 427.0292501058742], 'id': 19}
2019-09-05_11:06:03.156[Status]Routing 73: Walk: 69
2019-09-05_11:06:03.256[Battery Energy]77.41
2019-09-05_11:06:03.256[Status]Routing Start.
2019-09-05_11:06:03.497[Status]{'coordinate': [731.8715699881631, 421.8992392378434], 'id': 19}
2019-09-05_11:06:03.497[Status]Routing 74: Walk: 70
2019-09-05_11:06:03.597[Battery Energy]77.17
2019-09-05_11:06:03.597[Status]Routing Start.
2019-09-05_11:06:03.824[Status]{'coordinate': [740.4554495594225, 416.7692283698126], 'id': 19}
2019-09-05_11:06:03.824[Status]Routing 75: Walk: 71
2019-09-05_11:06:03.937[Battery Energy]76.94
2019-09-05_11:06:03.937[Status]Routing Start.
2019-09-05_11:06:04.187[Status]{'coordinate': [749.039329130682, 411.6392175017818], 'id': 19}
2019-09-05_11:06:04.187[Status]Routing 76: Walk: 72
2019-09-05_11:06:04.301[Battery Energy]76.71
2019-09-05_11:06:04.301[Status]Routing Start.
2019-09-05_11:06:04.650[Status]{'coordinate': [757.6232087019414, 406.509206633751], 'id': 19}
2019-09-05_11:06:04.650[Status]Routing 77: Walk: 73
2019-09-05_11:06:04.750[Battery Energy]76.44
2019-09-05_11:06:04.750[Status]Routing Start.
2019-09-05_11:06:05.036[Status]{'coordinate': [766.2070882732008, 401.37919576572017], 'id': 19}
2019-09-05_11:06:05.036[Status]Routing 78: Walk: 74
2019-09-05_11:06:05.149[Battery Energy]76.16
2019-09-05_11:06:05.149[Status]Routing Start.
2019-09-05_11:06:05.296[Status]{'coordinate': [774.7909678444603, 396.24918489768936], 'id': 19}
2019-09-05_11:06:05.296[Status]Routing 79: Walk: 75
2019-09-05_11:06:05.405[Battery Energy]75.94
2019-09-05_11:06:05.405[Status]Routing Start.
2019-09-05_11:06:05.554[Status]{'coordinate': [783.3748474157197, 391.11917402965855], 'id': 19}
2019-09-05_11:06:05.554[Status]Routing 80: Walk: 76
2019-09-05_11:06:05.654[Battery Energy]75.72
2019-09-05_11:06:05.654[Status]Routing Start.
2019-09-05_11:06:05.850[Status]{'coordinate': [791.9587269869792, 385.98916316162774], 'id': 19}
2019-09-05_11:06:05.850[Status]Routing 81: Walk: 77
2019-09-05_11:06:05.953[Battery Energy]75.50
2019-09-05_11:06:05.953[Status]Routing Start.
2019-09-05_11:06:06.131[Status]{'coordinate': [800.5426065582386, 380.85915229359694], 'id': 19}
2019-09-05_11:06:06.131[Status]Routing 82: Walk: 78
2019-09-05_11:06:06.231[Battery Energy]75.28
2019-09-05_11:06:06.231[Status]Routing Start.
2019-09-05_11:06:06.394[Status]{'coordinate': [809.1264861294981, 375.7291414255661], 'id': 19}
2019-09-05_11:06:06.394[Status]Routing 83: Walk: 79
2019-09-05_11:06:06.494[Battery Energy]75.06
2019-09-05_11:06:06.494[Status]Routing Start.
2019-09-05_11:06:06.702[Status]{'coordinate': [817.7103657007575, 370.5991305575353], 'id': 19}
2019-09-05_11:06:06.702[Status]Routing 84: Walk: 80
2019-09-05_11:06:06.803[Battery Energy]74.80
2019-09-05_11:06:06.803[Status]Routing Start.
2019-09-05_11:06:07.014[Status]{'coordinate': [826.294245272017, 365.4691196895045], 'id': 19}
2019-09-05_11:06:07.014[Status]Routing 85: Walk: 81
2019-09-05_11:06:07.121[Battery Energy]74.57
2019-09-05_11:06:07.121[Status]Routing Start.
2019-09-05_11:06:07.341[Status]{'coordinate': [834.8781248432764, 360.3391088214737], 'id': 19}
2019-09-05_11:06:07.341[Status]Routing 86: Walk: 82
2019-09-05_11:06:07.441[Battery Energy]74.38
2019-09-05_11:06:07.441[Status]Routing Start.
2019-09-05_11:06:07.650[Status]{'coordinate': [843.4620044145358, 355.2090979534429], 'id': 19}
2019-09-05_11:06:07.652[Status]Routing 87: Walk: 83
2019-09-05_11:06:07.765[Battery Energy]74.13
2019-09-05_11:06:07.765[Status]Routing Start.
2019-09-05_11:06:08.038[Status]{'coordinate': [852.0458839857953, 350.0790870854121], 'id': 19}
2019-09-05_11:06:08.038[Status]Routing 88: Walk: 84
2019-09-05_11:06:08.138[Battery Energy]73.89
2019-09-05_11:06:08.138[Status]Routing Start.
2019-09-05_11:06:08.360[Status]{'coordinate': [860.6297635570547, 344.9490762173813], 'id': 19}
2019-09-05_11:06:08.362[Status]Routing 89: Walk: 85
2019-09-05_11:06:08.469[Battery Energy]73.67
2019-09-05_11:06:08.469[Status]Routing Start.
2019-09-05_11:06:08.886[Status]{'coordinate': [867.6155840369818, 352.10437580735174], 'id': 19}
2019-09-05_11:06:08.886[Status]Routing 90: Walk: 86
2019-09-05_11:06:08.986[Battery Energy]73.30
2019-09-05_11:06:08.986[Status]Routing Start.
2019-09-05_11:06:09.175[Status]{'coordinate': [876.0441102348476, 346.722931193506], 'id': 19}
2019-09-05_11:06:09.181[Status]Routing 91: Walk: 87
2019-09-05_11:06:09.305[Battery Energy]73.05
2019-09-05_11:06:09.305[Status]Routing Start.
2019-09-05_11:06:09.476[Status]{'coordinate': [884.4726364327134, 341.3414865796602], 'id': 19}
2019-09-05_11:06:09.476[Status]Routing 92: Walk: 88
2019-09-05_11:06:09.589[Battery Energy]72.86
2019-09-05_11:06:09.589[Status]Routing Start.
2019-09-05_11:06:09.829[Status]{'coordinate': [892.9011626305793, 335.96004196581447], 'id': 19}
2019-09-05_11:06:09.829[Status]Routing 93: Walk: 89
2019-09-05_11:06:09.929[Battery Energy]72.55
2019-09-05_11:06:09.929[Status]Routing Start.
2019-09-05_11:06:10.169[Status]{'coordinate': [901.3296888284451, 330.5785973519687], 'id': 19}
2019-09-05_11:06:10.169[Status]Routing 94: Walk: 90
2019-09-05_11:06:10.277[Battery Energy]72.29
2019-09-05_11:06:10.277[Status]Routing Start.
2019-09-05_11:06:10.659[Status]{'coordinate': [908.7606355292647, 337.27046040567643], 'id': 19}
2019-09-05_11:06:10.660[Status]Routing 95: Walk: 91
2019-09-05_11:06:10.760[Battery Energy]71.88
2019-09-05_11:06:10.760[Status]Routing Start.
2019-09-05_11:06:10.918[Status]{'coordinate': [917.00340133929, 331.6085868817377], 'id': 19}
2019-09-05_11:06:10.918[Status]Routing 96: Walk: 92
2019-09-05_11:06:11.018[Battery Energy]71.67
2019-09-05_11:06:11.018[Status]Routing Start.
2019-09-05_11:06:11.198[Status]{'coordinate': [925.2461671493153, 325.946713357799], 'id': 19}
2019-09-05_11:06:11.198[Status]Routing 97: Walk: 93
2019-09-05_11:06:11.300[Battery Energy]71.44
2019-09-05_11:06:11.300[Status]Routing Start.
2019-09-05_11:06:11.519[Status]{'coordinate': [933.4889329593406, 320.2848398338603], 'id': 19}
2019-09-05_11:06:11.519[Status]Routing 98: Walk: 94
2019-09-05_11:06:11.625[Battery Energy]71.18
2019-09-05_11:06:11.625[Status]Routing Start.
2019-09-05_11:06:12.243[Status]{'coordinate': [941.9256445674471, 325.6534427472486], 'id': 19}
2019-09-05_11:06:12.244[Status]Routing 99: Walk: 95
2019-09-05_11:06:12.344[Battery Energy]70.59
2019-09-05_11:06:12.344[Status]Routing Start.
2019-09-05_11:06:12.638[Status]{'coordinate': [949.9569016622322, 319.69534661866334], 'id': 19}
2019-09-05_11:06:12.638[Status]Routing 100: Walk: 96
2019-09-05_11:06:12.738[Battery Energy]70.23
2019-09-05_11:06:12.738[Status]Routing Start.
2019-09-05_11:06:13.071[Status]{'coordinate': [957.9881587570173, 313.73725049007805], 'id': 19}
2019-09-05_11:06:13.071[Status]Routing 101: Walk: 97
2019-09-05_11:06:13.201[Battery Energy]69.89
2019-09-05_11:06:13.201[Status]Routing Start.
2019-09-05_11:06:13.668[Status]{'coordinate': [967.6327075803895, 316.3797262219611], 'id': 19}
2019-09-05_11:06:13.668[Status]Routing 102: Walk: 98
2019-09-05_11:06:13.769[Battery Energy]69.49
2019-09-05_11:06:13.769[Status]Routing Start.
2019-09-05_11:06:13.964[Status]{'coordinate': [975.4524399681776, 310.14660618594564], 'id': 19}
2019-09-05_11:06:13.964[Status]Routing 103: Walk: 99
2019-09-05_11:06:14.077[Battery Energy]69.26
2019-09-05_11:06:14.077[Status]Routing Start.
2019-09-05_11:06:14.354[Status]{'coordinate': [983.2721723559657, 303.9134861499302], 'id': 19}
2019-09-05_11:06:14.355[Status]Routing 104: Walk: 100
2019-09-05_11:06:14.455[Battery Energy]68.97
2019-09-05_11:06:14.455[Status]Routing Start.
2019-09-05_11:06:14.922[Status]{'coordinate': [991.0919047437538, 297.6803661139147], 'id': 19}
2019-09-05_11:06:14.922[Status]Routing 105: Walk: 101
2019-09-05_11:06:15.022[Battery Energy]68.53
2019-09-05_11:06:15.022[Status]Routing Start.
2019-09-05_11:06:15.346[Status]{'coordinate': [998.911637131542, 291.44724607789925], 'id': 19}
2019-09-05_11:06:15.352[Status]Routing 106: Walk: 102
2019-09-05_11:06:15.453[Battery Energy]68.16
2019-09-05_11:06:15.453[Status]Routing Start.
2019-09-05_11:06:15.865[Status]{'coordinate': [1006.7313695193301, 285.2141260418838], 'id': 19}
2019-09-05_11:06:15.865[Status]Routing 107: Walk: 103
2019-09-05_11:06:15.969[Battery Energy]67.80
2019-09-05_11:06:15.969[Status]Routing Start.
2019-09-05_11:06:16.124[Status]{'coordinate': [1014.5511019071182, 278.9810060058683], 'id': 19}
2019-09-05_11:06:16.124[Status]Routing 108: Walk: 104
2019-09-05_11:06:16.227[Battery Energy]67.58
2019-09-05_11:06:16.228[Status]Routing Start.
2019-09-05_11:06:16.670[Status]{'coordinate': [1022.3708342949063, 272.74788596985286], 'id': 19}
2019-09-05_11:06:16.676[Status]Routing 109: Walk: 105
2019-09-05_11:06:16.781[Battery Energy]67.17
2019-09-05_11:06:16.781[Status]Routing Start.
2019-09-05_11:06:17.132[Status]{'coordinate': [1030.1905666826945, 266.5147659338374], 'id': 19}
2019-09-05_11:06:17.134[Status]Routing 110: Walk: 106
2019-09-05_11:06:17.240[Battery Energy]66.83
2019-09-05_11:06:17.240[Status]Routing Start.
2019-09-05_11:06:17.560[Status]{'coordinate': [1038.0102990704827, 260.28164589782193], 'id': 19}
2019-09-05_11:06:17.560[Status]Routing 111: Walk: 107
2019-09-05_11:06:17.661[Battery Energy]66.55
2019-09-05_11:06:17.661[Status]Routing Start.
2019-09-05_11:06:17.969[Status]{'coordinate': [1038.9787956393177, 270.234636121677], 'id': 19}
2019-09-05_11:06:17.969[Status]Routing 112: Walk: 108
2019-09-05_11:06:18.069[Battery Energy]66.17
2019-09-05_11:06:18.069[Status]Routing Start.
2019-09-05_11:06:18.529[Status]{'coordinate': [1046.4181691439358, 263.5521424360244], 'id': 19}
2019-09-05_11:06:18.529[Status]Routing 113: Walk: 109
2019-09-05_11:06:18.629[Battery Energy]65.72
2019-09-05_11:06:18.629[Status]Routing Start.
2019-09-05_11:06:19.003[Status]{'coordinate': [1049.3775715619224, 273.1042069944544], 'id': 19}
2019-09-05_11:06:19.004[Status]Routing 114: Walk: 110
2019-09-05_11:06:19.104[Battery Energy]65.31
2019-09-05_11:06:19.104[Status]Routing Start.
2019-09-05_11:06:19.449[Status]{'coordinate': [1057.0953092811785, 279.46317896300184], 'id': 19}
2019-09-05_11:06:19.449[Status]Routing 115: Walk: 111
2019-09-05_11:06:19.549[Battery Energy]64.92
2019-09-05_11:06:19.549[Status]Routing Start.
2019-09-05_11:06:19.744[Status]{'coordinate': [1063.5339106546805, 271.81174691709447], 'id': 19}
2019-09-05_11:06:19.744[Status]Routing 116: Walk: 112
2019-09-05_11:06:19.869[Battery Energy]64.70
2019-09-05_11:06:19.869[Status]Routing Start.
2019-09-05_11:06:20.232[Status]{'coordinate': [1073.0999532031135, 274.7256497915174], 'id': 19}
2019-09-05_11:06:20.232[Status]Routing 117: Walk: 113
2019-09-05_11:06:20.333[Battery Energy]64.31
2019-09-05_11:06:20.333[Status]Routing Start.
2019-09-05_11:06:20.558[Status]{'coordinate': [1078.9482264410206, 266.61407163836003], 'id': 19}
2019-09-05_11:06:20.559[Status]Routing 118: Walk: 114
2019-09-05_11:06:20.665[Battery Energy]64.06
2019-09-05_11:06:20.665[Status]Routing Start.
2019-09-05_11:06:21.033[Status]{'coordinate': [1084.7964996789276, 258.50249348520265], 'id': 19}
2019-09-05_11:06:21.033[Status]Routing 119: Walk: 115
2019-09-05_11:06:21.141[Battery Energy]63.73
2019-09-05_11:06:21.145[Status]Routing Start.
2019-09-05_11:06:21.373[Status]{'coordinate': [1090.6447729168347, 250.39091533204524], 'id': 19}
2019-09-05_11:06:21.373[Status]Routing 120: Walk: 116
2019-09-05_11:06:21.480[Battery Energy]63.49
2019-09-05_11:06:21.480[Status]Routing Start.
2019-09-05_11:06:21.870[Status]{'coordinate': [1096.4930461547417, 242.27933717888783], 'id': 19}
2019-09-05_11:06:21.870[Status]Routing 121: Walk: 117
2019-09-05_11:06:21.970[Battery Energy]63.16
2019-09-05_11:06:21.970[Status]Routing Start.
2019-09-05_11:06:22.172[Status]{'coordinate': [1102.3413193926488, 234.16775902573042], 'id': 19}
2019-09-05_11:06:22.172[Status]Routing 122: Walk: 118
2019-09-05_11:06:22.277[Battery Energy]62.90
2019-09-05_11:06:22.277[Status]Routing Start.
2019-09-05_11:06:22.593[Status]{'coordinate': [1108.1895926305558, 226.056180872573], 'id': 19}
2019-09-05_11:06:22.593[Status]Routing 123: Walk: 119
2019-09-05_11:06:22.725[Battery Energy]62.65
2019-09-05_11:06:22.725[Status]Routing Start.
2019-09-05_11:06:22.926[Status]{'coordinate': [1114.0378658684629, 217.9446027194156], 'id': 19}
2019-09-05_11:06:22.926[Status]Routing 124: Walk: 120
2019-09-05_11:06:23.026[Battery Energy]62.43
2019-09-05_11:06:23.026[Status]Routing Start.
2019-09-05_11:06:23.286[Status]{'coordinate': [1119.88613910637, 209.8330245662582], 'id': 19}
2019-09-05_11:06:23.286[Status]Routing 125: Walk: 121
2019-09-05_11:06:23.386[Battery Energy]62.14
2019-09-05_11:06:23.386[Status]Routing Start.
2019-09-05_11:06:23.672[Status]{'coordinate': [1125.734412344277, 201.72144641310075], 'id': 19}
2019-09-05_11:06:23.672[Status]Routing 126: Walk: 122
2019-09-05_11:06:23.785[Battery Energy]61.86
2019-09-05_11:06:23.785[Status]Routing Start.
2019-09-05_11:06:24.094[Status]{'coordinate': [1131.582685582184, 193.6098682599433], 'id': 19}
2019-09-05_11:06:24.094[Status]Routing 127: Walk: 123
2019-09-05_11:06:24.194[Battery Energy]61.57
2019-09-05_11:06:24.194[Status]Routing Start.
2019-09-05_11:06:24.497[Status]{'coordinate': [1137.430958820091, 185.49829010678587], 'id': 19}
2019-09-05_11:06:24.498[Status]Routing 128: Walk: 124
2019-09-05_11:06:24.599[Battery Energy]61.32
2019-09-05_11:06:24.599[Status]Routing Start.
2019-09-05_11:06:24.873[Status]{'coordinate': [1143.279232057998, 177.38671195362838], 'id': 19}
2019-09-05_11:06:24.873[Status]Routing 129: Walk: 125
2019-09-05_11:06:24.991[Battery Energy]61.02
2019-09-05_11:06:24.991[Status]Routing Start.
2019-09-05_11:06:24.991[Status]Task Finished.
2019-09-05_11:06:25.092[Battery Energy]61.02
2019-09-05_11:06:25.277[Status]Routing 131: Walk: 125
2019-09-05_11:06:25.377[Battery Energy]60.90
2019-09-05_11:06:25.648[Status]Routing 132: Walk: 125
2019-09-05_11:06:25.757[Battery Energy]60.78
2019-09-05_11:06:25.952[Status]Routing 133: Walk: 125
2019-09-05_11:06:26.057[Battery Energy]60.64
2019-09-05_11:06:26.245[Status]Routing 134: Walk: 125
2019-09-05_11:06:26.369[Battery Energy]60.52
2019-09-05_11:06:26.518[Status]Routing 135: Walk: 125
2019-09-05_11:06:26.625[Battery Energy]60.41
2019-09-05_11:06:26.833[Status]Routing 136: Walk: 125
2019-09-05_11:06:26.933[Battery Energy]60.28
2019-09-05_11:06:27.197[Status]Routing 137: Walk: 125
2019-09-05_11:06:27.313[Battery Energy]60.14
2019-09-05_11:06:27.542[Status]Routing 138: Walk: 125
2019-09-05_11:06:27.649[Battery Energy]60.03
2019-09-05_11:06:27.899[Status]Routing 139: Walk: 125
2019-09-05_11:06:28.009[Battery Energy]59.87
2019-09-05_11:06:28.343[Status]Routing 140: Walk: 125
2019-09-05_11:06:28.443[Battery Energy]59.67
2019-09-05_11:06:28.639[Status]Routing 141: Walk: 125
2019-09-05_11:06:28.741[Battery Energy]59.56
2019-09-05_11:06:29.064[Status]Routing 142: Walk: 125
2019-09-05_11:06:29.165[Battery Energy]59.35
2019-09-05_11:06:29.521[Status]Routing 143: Walk: 125
2019-09-05_11:06:29.621[Battery Energy]59.11
2019-09-05_11:06:29.828[Status]Routing 144: Walk: 125
2019-09-05_11:06:29.945[Battery Energy]59.02
2019-09-05_11:06:30.178[Status]Routing 145: Walk: 125
2019-09-05_11:06:30.295[Battery Energy]58.88
2019-09-05_11:06:30.504[Status]Routing 146: Walk: 125
2019-09-05_11:06:30.613[Battery Energy]58.72
2019-09-05_11:06:30.790[Status]Routing 147: Walk: 125
2019-09-05_11:06:30.912[Battery Energy]58.61
2019-09-05_11:06:31.113[Status]Routing 148: Walk: 125
2019-09-05_11:06:31.226[Battery Energy]58.48
2019-09-05_11:06:31.388[Status]Routing 149: Walk: 125
2019-09-05_11:06:31.501[Battery Energy]58.36
2019-09-05_11:06:31.735[Status]Routing 150: Walk: 125
2019-09-05_11:06:31.871[Battery Energy]58.15
2019-09-05_11:06:32.104[Status]Routing 151: Walk: 125
2019-09-05_11:06:32.204[Battery Energy]58.00
2019-09-05_11:06:32.398[Status]Routing 152: Walk: 125
2019-09-05_11:06:32.499[Battery Energy]57.86
2019-09-05_11:06:32.755[Status]Routing 153: Walk: 125
2019-09-05_11:06:32.873[Battery Energy]57.74
2019-09-05_11:06:33.058[Status]Routing 154: Walk: 125
2019-09-05_11:06:33.158[Battery Energy]57.63
2019-09-05_11:06:33.379[Status]Routing 155: Walk: 125
2019-09-05_11:06:33.501[Battery Energy]57.45
2019-09-05_11:06:33.716[Status]Routing 156: Walk: 125
2019-09-05_11:06:33.821[Battery Energy]57.31
2019-09-05_11:06:34.022[Status]Routing 157: Walk: 125
2019-09-05_11:06:34.122[Battery Energy]57.15
2019-09-05_11:06:34.335[Status]Routing 158: Walk: 125
2019-09-05_11:06:34.458[Battery Energy]57.00
2019-09-05_11:06:34.643[Status]Routing 159: Walk: 125
2019-09-05_11:06:34.745[Battery Energy]56.90
2019-09-05_11:06:34.944[Status]Routing 160: Walk: 125
2019-09-05_11:06:35.053[Battery Energy]56.78
2019-09-05_11:06:35.397[Status]Routing 161: Walk: 125
2019-09-05_11:06:35.498[Battery Energy]56.63
2019-09-05_11:06:35.701[Status]Routing 162: Walk: 125
2019-09-05_11:06:35.801[Battery Energy]56.51
2019-09-05_11:06:36.045[Status]Routing 163: Walk: 125
2019-09-05_11:06:36.151[Battery Energy]56.40
2019-09-05_11:06:36.384[Status]Routing 164: Walk: 125
2019-09-05_11:06:36.486[Battery Energy]56.26
2019-09-05_11:06:36.676[Status]Routing 165: Walk: 125
2019-09-05_11:06:36.792[Battery Energy]56.14
2019-09-05_11:06:36.951[Status]Routing 166: Walk: 125
2019-09-05_11:06:37.057[Battery Energy]56.04
2019-09-05_11:06:37.412[Status]Routing 167: Walk: 125
2019-09-05_11:06:37.521[Battery Energy]55.87
2019-09-05_11:06:37.706[Status]Routing 168: Walk: 125
2019-09-05_11:06:37.807[Battery Energy]55.74
