2019-09-05_00:28:47.326[Status]Start.
2019-09-05_00:28:47.327[Battery Energy]118.00
2019-09-05_00:28:48.428[Battery Energy]117.96
2019-09-05_00:28:49.529[Battery Energy]117.92
2019-09-05_00:28:50.630[Battery Energy]117.88
2019-09-05_00:28:51.731[Battery Energy]117.84
2019-09-05_00:28:52.832[Task]A New Task Released.
2019-09-05_00:28:52.832[Battery Energy]117.80
2019-09-05_00:28:52.832[Status]Selection Start.
2019-09-05_00:28:53.992[Status]Selection End: Do Task 2.
2019-09-05_00:28:54.100[Battery Energy]117.10
2019-09-05_00:28:54.100[Status]Formation Start.
2019-09-05_00:28:54.286[Status]Formation End: To Position 2.
2019-09-05_00:28:54.388[Battery Energy]116.95
2019-09-05_00:28:54.388[Status]Routing Start.
2019-09-05_00:28:54.603[Status]{'id': 15, 'coordinate': [128.97235789901987, 167.74301947071103]}
2019-09-05_00:28:54.603[Status]Routing 1: Walk: 1
2019-09-05_00:28:54.703[Battery Energy]116.67
2019-09-05_00:28:54.703[Status]Routing Start.
2019-09-05_00:28:54.836[Status]{'id': 15, 'coordinate': [138.94471579803977, 168.48603894142207]}
2019-09-05_00:28:54.836[Status]Routing 2: Walk: 2
2019-09-05_00:28:54.936[Battery Energy]116.47
2019-09-05_00:28:54.936[Status]Routing Start.
2019-09-05_00:28:55.098[Status]{'id': 15, 'coordinate': [148.91707369705966, 169.2290584121331]}
2019-09-05_00:28:55.098[Status]Routing 3: Walk: 3
2019-09-05_00:28:55.208[Battery Energy]116.25
2019-09-05_00:28:55.208[Status]Routing Start.
2019-09-05_00:28:55.450[Status]{'id': 15, 'coordinate': [158.88943159607956, 169.97207788284413]}
2019-09-05_00:28:55.450[Status]Routing 4: Walk: 4
2019-09-05_00:28:55.564[Battery Energy]115.97
2019-09-05_00:28:55.564[Status]Routing Start.
2019-09-05_00:28:55.962[Status]{'id': 15, 'coordinate': [168.86178949509946, 170.71509735355517]}
2019-09-05_00:28:55.962[Status]Routing 5: Walk: 5
2019-09-05_00:28:56.062[Battery Energy]115.63
2019-09-05_00:28:56.062[Status]Routing Start.
2019-09-05_00:28:56.231[Status]{'id': 15, 'coordinate': [178.83414739411936, 171.4581168242662]}
2019-09-05_00:28:56.231[Status]Routing 6: Walk: 6
2019-09-05_00:28:56.331[Battery Energy]115.40
2019-09-05_00:28:56.331[Status]Routing Start.
2019-09-05_00:28:56.669[Status]{'id': 15, 'coordinate': [188.80650529313925, 172.20113629497723]}
2019-09-05_00:28:56.671[Status]Routing 7: Walk: 7
2019-09-05_00:28:56.771[Battery Energy]115.07
2019-09-05_00:28:56.771[Status]Routing Start.
2019-09-05_00:28:57.229[Status]{'id': 15, 'coordinate': [198.77886319215912, 172.94415576568827]}
2019-09-05_00:28:57.229[Status]Routing 8: Walk: 8
2019-09-05_00:28:57.329[Battery Energy]114.66
2019-09-05_00:28:57.329[Status]Routing Start.
2019-09-05_00:28:57.809[Status]{'id': 15, 'coordinate': [208.751221091179, 173.6871752363993]}
2019-09-05_00:28:57.809[Status]Routing 9: Walk: 9
2019-09-05_00:28:57.912[Battery Energy]114.35
2019-09-05_00:28:57.912[Status]Routing Start.
2019-09-05_00:28:58.215[Status]{'id': 15, 'coordinate': [218.7235789901989, 174.43019470711036]}
2019-09-05_00:28:58.215[Status]Routing 10: Walk: 10
2019-09-05_00:28:58.318[Battery Energy]114.04
2019-09-05_00:28:58.319[Status]Routing Start.
2019-09-05_00:28:58.660[Status]{'id': 15, 'coordinate': [228.69593688921879, 175.1732141778214]}
2019-09-05_00:28:58.660[Status]Routing 11: Walk: 11
2019-09-05_00:28:58.760[Battery Energy]113.75
2019-09-05_00:28:58.760[Status]Routing Start.
2019-09-05_00:28:59.185[Status]{'id': 15, 'coordinate': [238.66829478823865, 175.91623364853245]}
2019-09-05_00:28:59.185[Status]Routing 12: Walk: 12
2019-09-05_00:28:59.286[Battery Energy]113.37
2019-09-05_00:28:59.286[Status]Routing Start.
2019-09-05_00:28:59.665[Status]{'id': 15, 'coordinate': [248.64065268725855, 176.6592531192435]}
2019-09-05_00:28:59.665[Status]Routing 13: Walk: 13
2019-09-05_00:28:59.768[Battery Energy]113.01
2019-09-05_00:28:59.768[Status]Routing Start.
2019-09-05_00:29:00.070[Status]{'id': 15, 'coordinate': [258.61301058627845, 177.40227258995452]}
2019-09-05_00:29:00.070[Status]Routing 14: Walk: 14
2019-09-05_00:29:00.171[Battery Energy]112.70
2019-09-05_00:29:00.171[Status]Routing Start.
2019-09-05_00:29:00.529[Status]{'id': 15, 'coordinate': [268.5853684852983, 178.14529206066558]}
2019-09-05_00:29:00.529[Status]Routing 15: Walk: 15
2019-09-05_00:29:00.630[Battery Energy]112.43
2019-09-05_00:29:00.630[Status]Routing Start.
2019-09-05_00:29:01.014[Status]{'id': 15, 'coordinate': [278.5577263843182, 178.88831153137664]}
2019-09-05_00:29:01.017[Status]Routing 16: Walk: 16
2019-09-05_00:29:01.120[Battery Energy]112.10
2019-09-05_00:29:01.121[Status]Routing Start.
2019-09-05_00:29:01.425[Status]{'id': 15, 'coordinate': [288.53008428333806, 179.63133100208768]}
2019-09-05_00:29:01.425[Status]Routing 17: Walk: 17
2019-09-05_00:29:01.525[Battery Energy]111.77
2019-09-05_00:29:01.525[Status]Routing Start.
2019-09-05_00:29:01.847[Status]{'id': 15, 'coordinate': [298.5024421823579, 180.37435047279874]}
2019-09-05_00:29:01.847[Status]Routing 18: Walk: 18
2019-09-05_00:29:01.947[Battery Energy]111.45
2019-09-05_00:29:01.947[Status]Routing Start.
2019-09-05_00:29:02.232[Status]{'id': 15, 'coordinate': [308.4748000813778, 181.11736994350977]}
2019-09-05_00:29:02.232[Status]Routing 19: Walk: 19
2019-09-05_00:29:02.341[Battery Energy]111.18
2019-09-05_00:29:02.341[Status]Routing Start.
2019-09-05_00:29:02.653[Status]{'id': 15, 'coordinate': [318.44715798039766, 181.86038941422083]}
2019-09-05_00:29:02.653[Status]Routing 20: Walk: 20
2019-09-05_00:29:02.760[Battery Energy]110.87
2019-09-05_00:29:02.760[Status]Routing Start.
2019-09-05_00:29:03.062[Status]{'id': 15, 'coordinate': [328.41951587941753, 182.60340888493187]}
2019-09-05_00:29:03.062[Status]Routing 21: Walk: 21
2019-09-05_00:29:03.162[Battery Energy]110.57
2019-09-05_00:29:03.162[Status]Routing Start.
2019-09-05_00:29:03.521[Status]{'id': 15, 'coordinate': [338.3918737784374, 183.3464283556429]}
2019-09-05_00:29:03.521[Status]Routing 22: Walk: 22
2019-09-05_00:29:03.627[Battery Energy]110.25
2019-09-05_00:29:03.627[Status]Routing Start.
2019-09-05_00:29:03.988[Status]{'id': 15, 'coordinate': [348.36423167745727, 184.08944782635396]}
2019-09-05_00:29:03.988[Status]Routing 23: Walk: 23
2019-09-05_00:29:04.089[Battery Energy]109.90
2019-09-05_00:29:04.089[Status]Routing Start.
2019-09-05_00:29:04.442[Status]{'id': 15, 'coordinate': [358.33658957647714, 184.83246729706502]}
2019-09-05_00:29:04.442[Status]Routing 24: Walk: 24
2019-09-05_00:29:04.548[Battery Energy]109.61
2019-09-05_00:29:04.548[Status]Routing Start.
2019-09-05_00:29:04.949[Status]{'id': 15, 'coordinate': [368.308947475497, 185.57548676777606]}
2019-09-05_00:29:04.949[Status]Routing 25: Walk: 25
2019-09-05_00:29:05.049[Battery Energy]109.31
2019-09-05_00:29:05.049[Status]Routing Start.
2019-09-05_00:29:05.442[Status]{'id': 15, 'coordinate': [378.2813053745169, 186.3185062384871]}
2019-09-05_00:29:05.442[Status]Routing 26: Walk: 26
2019-09-05_00:29:05.548[Battery Energy]108.89
2019-09-05_00:29:05.548[Status]Routing Start.
2019-09-05_00:29:05.846[Status]{'id': 15, 'coordinate': [388.25366327353674, 187.06152570919815]}
2019-09-05_00:29:05.846[Status]Routing 27: Walk: 27
2019-09-05_00:29:05.946[Battery Energy]108.61
2019-09-05_00:29:05.946[Status]Routing Start.
2019-09-05_00:29:06.315[Status]{'id': 15, 'coordinate': [398.2260211725566, 187.80454517990918]}
2019-09-05_00:29:06.318[Status]Routing 28: Walk: 28
2019-09-05_00:29:06.420[Battery Energy]108.26
2019-09-05_00:29:06.420[Status]Routing Start.
2019-09-05_00:29:06.754[Status]{'id': 15, 'coordinate': [408.1983790715765, 188.54756465062025]}
2019-09-05_00:29:06.754[Status]Routing 29: Walk: 29
2019-09-05_00:29:06.856[Battery Energy]107.98
2019-09-05_00:29:06.856[Status]Routing Start.
2019-09-05_00:29:07.234[Status]{'id': 15, 'coordinate': [418.17073697059635, 189.29058412133128]}
2019-09-05_00:29:07.234[Status]Routing 30: Walk: 30
2019-09-05_00:29:07.340[Battery Energy]107.66
2019-09-05_00:29:07.340[Status]Routing Start.
2019-09-05_00:29:07.731[Status]{'id': 15, 'coordinate': [428.1430948696162, 190.03360359204234]}
2019-09-05_00:29:07.731[Status]Routing 31: Walk: 31
2019-09-05_00:29:07.844[Battery Energy]107.37
2019-09-05_00:29:07.844[Status]Routing Start.
2019-09-05_00:29:08.118[Status]{'id': 15, 'coordinate': [438.1154527686361, 190.77662306275337]}
2019-09-05_00:29:08.118[Status]Routing 32: Walk: 32
2019-09-05_00:29:08.220[Battery Energy]107.04
2019-09-05_00:29:08.220[Status]Routing Start.
2019-09-05_00:29:08.558[Status]{'id': 15, 'coordinate': [448.08781066765596, 191.51964253346443]}
2019-09-05_00:29:08.558[Status]Routing 33: Walk: 33
2019-09-05_00:29:08.658[Battery Energy]106.70
2019-09-05_00:29:08.658[Status]Routing Start.
2019-09-05_00:29:09.014[Status]{'id': 15, 'coordinate': [458.0601685666758, 192.26266200417547]}
2019-09-05_00:29:09.014[Status]Routing 34: Walk: 34
2019-09-05_00:29:09.120[Battery Energy]106.35
2019-09-05_00:29:09.120[Status]Routing Start.
2019-09-05_00:29:09.464[Status]{'id': 15, 'coordinate': [468.0325264656957, 193.00568147488653]}
2019-09-05_00:29:09.464[Status]Routing 35: Walk: 35
2019-09-05_00:29:09.572[Battery Energy]105.99
2019-09-05_00:29:09.572[Status]Routing Start.
2019-09-05_00:29:09.864[Status]{'id': 15, 'coordinate': [478.00488436471556, 193.74870094559756]}
2019-09-05_00:29:09.864[Status]Routing 36: Walk: 36
2019-09-05_00:29:09.968[Battery Energy]105.67
2019-09-05_00:29:09.968[Status]Routing Start.
2019-09-05_00:29:10.306[Status]{'id': 15, 'coordinate': [487.97724226373543, 194.49172041630862]}
2019-09-05_00:29:10.306[Status]Routing 37: Walk: 37
2019-09-05_00:29:10.407[Battery Energy]105.37
2019-09-05_00:29:10.407[Status]Routing Start.
2019-09-05_00:29:10.726[Status]{'id': 15, 'coordinate': [497.9496001627553, 195.23473988701966]}
2019-09-05_00:29:10.726[Status]Routing 38: Walk: 38
2019-09-05_00:29:10.827[Battery Energy]105.10
2019-09-05_00:29:10.827[Status]Routing Start.
2019-09-05_00:29:11.155[Status]{'id': 15, 'coordinate': [507.9219580617752, 195.9777593577307]}
2019-09-05_00:29:11.155[Status]Routing 39: Walk: 39
2019-09-05_00:29:11.258[Battery Energy]104.78
2019-09-05_00:29:11.258[Status]Routing Start.
2019-09-05_00:29:11.599[Status]{'id': 15, 'coordinate': [517.8943159607951, 196.72077882844175]}
2019-09-05_00:29:11.599[Status]Routing 40: Walk: 40
2019-09-05_00:29:11.714[Battery Energy]104.47
2019-09-05_00:29:11.714[Status]Routing Start.
2019-09-05_00:29:11.916[Status]{'id': 15, 'coordinate': [527.866673859815, 197.4637982991528]}
2019-09-05_00:29:11.916[Status]Routing 41: Walk: 41
2019-09-05_00:29:12.039[Battery Energy]104.25
2019-09-05_00:29:12.039[Status]Routing Start.
2019-09-05_00:29:12.333[Status]{'id': 15, 'coordinate': [537.839031758835, 198.20681776986385]}
2019-09-05_00:29:12.333[Status]Routing 42: Walk: 42
2019-09-05_00:29:12.435[Battery Energy]103.98
2019-09-05_00:29:12.435[Status]Routing Start.
2019-09-05_00:29:12.722[Status]{'id': 15, 'coordinate': [547.8113896578549, 198.94983724057488]}
2019-09-05_00:29:12.722[Status]Routing 43: Walk: 43
2019-09-05_00:29:12.822[Battery Energy]103.70
2019-09-05_00:29:12.822[Status]Routing Start.
2019-09-05_00:29:13.155[Status]{'id': 15, 'coordinate': [557.7837475568748, 199.69285671128594]}
2019-09-05_00:29:13.155[Status]Routing 44: Walk: 44
2019-09-05_00:29:13.255[Battery Energy]103.40
2019-09-05_00:29:13.255[Status]Routing Start.
2019-09-05_00:29:13.639[Status]{'id': 15, 'coordinate': [567.7561054558947, 200.435876181997]}
2019-09-05_00:29:13.639[Status]Routing 45: Walk: 45
2019-09-05_00:29:13.752[Battery Energy]103.07
2019-09-05_00:29:13.752[Status]Routing Start.
2019-09-05_00:29:14.078[Status]{'id': 15, 'coordinate': [577.7284633549147, 201.17889565270804]}
2019-09-05_00:29:14.078[Status]Routing 46: Walk: 46
2019-09-05_00:29:14.178[Battery Energy]102.75
2019-09-05_00:29:14.178[Status]Routing Start.
2019-09-05_00:29:14.428[Status]{'id': 15, 'coordinate': [587.7008212539346, 201.9219151234191]}
2019-09-05_00:29:14.428[Status]Routing 47: Walk: 47
2019-09-05_00:29:14.529[Battery Energy]102.42
2019-09-05_00:29:14.529[Status]Routing Start.
2019-09-05_00:29:14.712[Status]{'id': 15, 'coordinate': [597.6731791529545, 202.66493459413016]}
2019-09-05_00:29:14.712[Status]Routing 48: Walk: 48
2019-09-05_00:29:14.816[Battery Energy]102.17
2019-09-05_00:29:14.816[Status]Routing Start.
2019-09-05_00:29:15.130[Status]{'id': 15, 'coordinate': [607.6455370519744, 203.4079540648412]}
2019-09-05_00:29:15.130[Status]Routing 49: Walk: 49
2019-09-05_00:29:15.231[Battery Energy]101.88
2019-09-05_00:29:15.231[Status]Routing Start.
2019-09-05_00:29:15.638[Status]{'id': 15, 'coordinate': [617.6178949509944, 204.15097353555225]}
2019-09-05_00:29:15.638[Status]Routing 50: Walk: 50
2019-09-05_00:29:15.738[Battery Energy]101.56
2019-09-05_00:29:15.738[Status]Routing Start.
2019-09-05_00:29:16.215[Status]{'id': 15, 'coordinate': [627.5902528500143, 204.89399300626332]}
2019-09-05_00:29:16.216[Status]Routing 51: Walk: 51
2019-09-05_00:29:16.329[Battery Energy]101.19
2019-09-05_00:29:16.329[Status]Routing Start.
2019-09-05_00:29:16.642[Status]{'id': 15, 'coordinate': [637.5626107490342, 205.63701247697435]}
2019-09-05_00:29:16.642[Status]Routing 52: Walk: 52
2019-09-05_00:29:16.742[Battery Energy]100.86
2019-09-05_00:29:16.742[Status]Routing Start.
2019-09-05_00:29:17.044[Status]{'id': 15, 'coordinate': [647.5349686480541, 206.3800319476854]}
2019-09-05_00:29:17.045[Status]Routing 53: Walk: 53
2019-09-05_00:29:17.152[Battery Energy]100.57
2019-09-05_00:29:17.152[Status]Routing Start.
2019-09-05_00:29:17.447[Status]{'id': 15, 'coordinate': [657.5073265470741, 207.12305141839644]}
2019-09-05_00:29:17.447[Status]Routing 54: Walk: 54
2019-09-05_00:29:17.547[Battery Energy]100.26
2019-09-05_00:29:17.547[Status]Routing Start.
2019-09-05_00:29:17.847[Status]{'id': 15, 'coordinate': [667.479684446094, 207.8660708891075]}
2019-09-05_00:29:17.847[Status]Routing 55: Walk: 55
2019-09-05_00:29:17.956[Battery Energy]99.95
2019-09-05_00:29:17.956[Status]Routing Start.
2019-09-05_00:29:18.114[Status]{'id': 15, 'coordinate': [677.4520423451139, 208.60909035981854]}
2019-09-05_00:29:18.114[Status]Routing 56: Walk: 56
2019-09-05_00:29:18.224[Battery Energy]99.75
2019-09-05_00:29:18.224[Status]Routing Start.
2019-09-05_00:29:18.548[Status]{'id': 15, 'coordinate': [687.4244002441338, 209.3521098305296]}
2019-09-05_00:29:18.548[Status]Routing 57: Walk: 57
2019-09-05_00:29:18.660[Battery Energy]99.45
2019-09-05_00:29:18.660[Status]Routing Start.
2019-09-05_00:29:18.821[Status]{'id': 15, 'coordinate': [697.3967581431538, 210.09512930124066]}
2019-09-05_00:29:18.821[Status]Routing 58: Walk: 58
2019-09-05_00:29:18.932[Battery Energy]99.22
2019-09-05_00:29:18.932[Status]Routing Start.
2019-09-05_00:29:19.160[Status]{'id': 15, 'coordinate': [707.3691160421737, 210.8381487719517]}
2019-09-05_00:29:19.160[Status]Routing 59: Walk: 59
2019-09-05_00:29:19.276[Battery Energy]98.98
2019-09-05_00:29:19.276[Status]Routing Start.
2019-09-05_00:29:19.512[Status]{'id': 15, 'coordinate': [717.3414739411936, 211.58116824266276]}
2019-09-05_00:29:19.512[Status]Routing 60: Walk: 60
2019-09-05_00:29:19.612[Battery Energy]98.66
2019-09-05_00:29:19.612[Status]Routing Start.
2019-09-05_00:29:19.802[Status]{'id': 15, 'coordinate': [727.3138318402135, 212.32418771337382]}
2019-09-05_00:29:19.802[Status]Routing 61: Walk: 61
2019-09-05_00:29:19.903[Battery Energy]98.42
2019-09-05_00:29:19.903[Status]Routing Start.
2019-09-05_00:29:20.127[Status]{'id': 15, 'coordinate': [737.2861897392335, 213.06720718408485]}
2019-09-05_00:29:20.127[Status]Routing 62: Walk: 62
2019-09-05_00:29:20.244[Battery Energy]98.17
2019-09-05_00:29:20.244[Status]Routing Start.
2019-09-05_00:29:20.418[Status]{'id': 15, 'coordinate': [747.2585476382534, 213.8102266547959]}
2019-09-05_00:29:20.418[Status]Routing 63: Walk: 63
2019-09-05_00:29:20.518[Battery Energy]97.93
2019-09-05_00:29:20.518[Status]Routing Start.
2019-09-05_00:29:20.815[Status]{'id': 15, 'coordinate': [757.2309055372733, 214.55324612550697]}
2019-09-05_00:29:20.815[Status]Routing 64: Walk: 64
2019-09-05_00:29:20.915[Battery Energy]97.65
2019-09-05_00:29:20.915[Status]Routing Start.
2019-09-05_00:29:21.146[Status]{'id': 15, 'coordinate': [767.2032634362932, 215.296265596218]}
2019-09-05_00:29:21.146[Status]Routing 65: Walk: 65
2019-09-05_00:29:21.248[Battery Energy]97.44
2019-09-05_00:29:21.248[Status]Routing Start.
2019-09-05_00:29:21.758[Status]{'id': 15, 'coordinate': [777.1756213353132, 216.03928506692907]}
2019-09-05_00:29:21.758[Status]Routing 66: Walk: 66
2019-09-05_00:29:21.868[Battery Energy]97.10
2019-09-05_00:29:21.868[Status]Routing Start.
2019-09-05_00:29:22.084[Status]{'id': 15, 'coordinate': [787.1479792343331, 216.7823045376401]}
2019-09-05_00:29:22.084[Status]Routing 67: Walk: 67
2019-09-05_00:29:22.184[Battery Energy]96.88
2019-09-05_00:29:22.184[Status]Routing Start.
2019-09-05_00:29:22.431[Status]{'id': 15, 'coordinate': [797.120337133353, 217.52532400835116]}
2019-09-05_00:29:22.432[Status]Routing 68: Walk: 68
2019-09-05_00:29:22.544[Battery Energy]96.67
2019-09-05_00:29:22.544[Status]Routing Start.
2019-09-05_00:29:22.865[Status]{'id': 15, 'coordinate': [807.092695032373, 218.2683434790622]}
2019-09-05_00:29:22.865[Status]Routing 69: Walk: 69
2019-09-05_00:29:22.966[Battery Energy]96.40
2019-09-05_00:29:22.966[Status]Routing Start.
2019-09-05_00:29:23.359[Status]{'id': 15, 'coordinate': [817.0650529313929, 219.01136294977326]}
2019-09-05_00:29:23.359[Status]Routing 70: Walk: 70
2019-09-05_00:29:23.464[Battery Energy]96.00
2019-09-05_00:29:23.466[Status]Routing Start.
2019-09-05_00:29:23.633[Status]{'id': 15, 'coordinate': [827.0374108304128, 219.75438242048432]}
2019-09-05_00:29:23.633[Status]Routing 71: Walk: 71
2019-09-05_00:29:23.737[Battery Energy]95.77
2019-09-05_00:29:23.737[Status]Routing Start.
2019-09-05_00:29:24.188[Status]{'id': 15, 'coordinate': [837.0097687294327, 220.49740189119535]}
2019-09-05_00:29:24.188[Status]Routing 72: Walk: 72
2019-09-05_00:29:24.300[Battery Energy]95.31
2019-09-05_00:29:24.300[Status]Routing Start.
2019-09-05_00:29:24.513[Status]{'id': 15, 'coordinate': [846.9821266284526, 221.2404213619064]}
2019-09-05_00:29:24.513[Status]Routing 73: Walk: 73
2019-09-05_00:29:24.636[Battery Energy]95.07
2019-09-05_00:29:24.636[Status]Routing Start.
2019-09-05_00:29:24.933[Status]{'id': 15, 'coordinate': [856.9544845274726, 221.98344083261748]}
2019-09-05_00:29:24.933[Status]Routing 74: Walk: 74
2019-09-05_00:29:25.038[Battery Energy]94.82
2019-09-05_00:29:25.038[Status]Routing Start.
2019-09-05_00:29:25.418[Status]{'id': 15, 'coordinate': [866.9268424264925, 222.7264603033285]}
2019-09-05_00:29:25.418[Status]Routing 75: Walk: 75
2019-09-05_00:29:25.519[Battery Energy]94.47
2019-09-05_00:29:25.519[Status]Routing Start.
2019-09-05_00:29:25.885[Status]{'id': 15, 'coordinate': [876.8992003255124, 223.46947977403957]}
2019-09-05_00:29:25.885[Status]Routing 76: Walk: 76
2019-09-05_00:29:25.988[Battery Energy]94.12
2019-09-05_00:29:25.988[Status]Routing Start.
2019-09-05_00:29:26.286[Status]{'id': 15, 'coordinate': [886.8715582245324, 224.2124992447506]}
2019-09-05_00:29:26.286[Status]Routing 77: Walk: 77
2019-09-05_00:29:26.392[Battery Energy]93.84
2019-09-05_00:29:26.392[Status]Routing Start.
2019-09-05_00:29:26.606[Status]{'id': 15, 'coordinate': [896.8439161235523, 224.95551871546166]}
2019-09-05_00:29:26.606[Status]Routing 78: Walk: 78
2019-09-05_00:29:26.709[Battery Energy]93.60
2019-09-05_00:29:26.709[Status]Routing Start.
2019-09-05_00:29:26.864[Status]{'id': 15, 'coordinate': [906.8162740225722, 225.69853818617273]}
2019-09-05_00:29:26.864[Status]Routing 79: Walk: 79
2019-09-05_00:29:26.964[Battery Energy]93.39
2019-09-05_00:29:26.964[Status]Routing Start.
2019-09-05_00:29:27.174[Status]{'id': 15, 'coordinate': [916.7886319215921, 226.44155765688376]}
2019-09-05_00:29:27.174[Status]Routing 80: Walk: 80
2019-09-05_00:29:27.274[Battery Energy]93.21
2019-09-05_00:29:27.274[Status]Routing Start.
2019-09-05_00:29:27.479[Status]{'id': 15, 'coordinate': [926.760989820612, 227.18457712759482]}
2019-09-05_00:29:27.479[Status]Routing 81: Walk: 81
2019-09-05_00:29:27.579[Battery Energy]92.98
2019-09-05_00:29:27.579[Status]Routing Start.
2019-09-05_00:29:27.997[Status]{'id': 15, 'coordinate': [936.733347719632, 227.92759659830585]}
2019-09-05_00:29:27.997[Status]Routing 82: Walk: 82
2019-09-05_00:29:28.097[Battery Energy]92.61
2019-09-05_00:29:28.097[Status]Routing Start.
2019-09-05_00:29:28.278[Status]{'id': 15, 'coordinate': [946.7057056186519, 228.67061606901692]}
2019-09-05_00:29:28.278[Status]Routing 83: Walk: 83
2019-09-05_00:29:28.384[Battery Energy]92.38
2019-09-05_00:29:28.384[Status]Routing Start.
2019-09-05_00:29:28.766[Status]{'id': 15, 'coordinate': [956.6780635176718, 229.41363553972798]}
2019-09-05_00:29:28.766[Status]Routing 84: Walk: 84
2019-09-05_00:29:28.875[Battery Energy]92.05
2019-09-05_00:29:28.875[Status]Routing Start.
2019-09-05_00:29:29.152[Status]{'id': 15, 'coordinate': [966.6504214166918, 230.156655010439]}
2019-09-05_00:29:29.152[Status]Routing 85: Walk: 85
2019-09-05_00:29:29.252[Battery Energy]91.72
2019-09-05_00:29:29.252[Status]Routing Start.
2019-09-05_00:29:29.444[Status]{'id': 15, 'coordinate': [976.6227793157117, 230.89967448115007]}
2019-09-05_00:29:29.445[Status]Routing 86: Walk: 86
2019-09-05_00:29:29.556[Battery Energy]91.50
2019-09-05_00:29:29.556[Status]Routing Start.
2019-09-05_00:29:29.735[Status]{'id': 15, 'coordinate': [986.5951372147316, 231.64269395186113]}
2019-09-05_00:29:29.735[Status]Routing 87: Walk: 87
2019-09-05_00:29:29.836[Battery Energy]91.33
2019-09-05_00:29:29.836[Status]Routing Start.
2019-09-05_00:29:30.200[Status]{'id': 15, 'coordinate': [996.5674951137515, 232.38571342257217]}
2019-09-05_00:29:30.200[Status]Routing 88: Walk: 88
2019-09-05_00:29:30.301[Battery Energy]91.01
2019-09-05_00:29:30.301[Status]Routing Start.
2019-09-05_00:29:30.471[Status]{'id': 15, 'coordinate': [1006.5398530127715, 233.12873289328323]}
2019-09-05_00:29:30.471[Status]Routing 89: Walk: 89
2019-09-05_00:29:30.571[Battery Energy]90.79
2019-09-05_00:29:30.571[Status]Routing Start.
2019-09-05_00:29:31.006[Status]{'id': 15, 'coordinate': [1016.5122109117914, 233.87175236399426]}
2019-09-05_00:29:31.006[Status]Routing 90: Walk: 90
2019-09-05_00:29:31.108[Battery Energy]90.46
2019-09-05_00:29:31.108[Status]Routing Start.
2019-09-05_00:29:31.425[Status]{'id': 15, 'coordinate': [1026.4845688108112, 234.61477183470532]}
2019-09-05_00:29:31.427[Status]Routing 91: Walk: 91
2019-09-05_00:29:31.527[Battery Energy]90.14
2019-09-05_00:29:31.528[Status]Routing Start.
2019-09-05_00:29:31.870[Status]{'id': 15, 'coordinate': [1036.4569267098311, 235.35779130541636]}
2019-09-05_00:29:31.870[Status]Routing 92: Walk: 92
2019-09-05_00:29:31.976[Battery Energy]89.83
2019-09-05_00:29:31.976[Status]Routing Start.
2019-09-05_00:29:31.976[Status]Task Finished.
2019-09-05_00:29:32.077[Battery Energy]89.83
2019-09-05_00:29:32.333[Status]Routing 94: Walk: 92
2019-09-05_00:29:32.440[Battery Energy]89.66
2019-09-05_00:29:32.795[Status]Routing 95: Walk: 92
2019-09-05_00:29:32.899[Battery Energy]89.42
2019-09-05_00:29:33.249[Status]Routing 96: Walk: 92
2019-09-05_00:29:33.352[Battery Energy]89.18
2019-09-05_00:29:33.690[Status]Routing 97: Walk: 92
2019-09-05_00:29:33.796[Battery Energy]89.03
2019-09-05_00:29:34.150[Status]Routing 98: Walk: 92
2019-09-05_00:29:34.255[Battery Energy]88.81
2019-09-05_00:29:34.650[Status]Routing 99: Walk: 92
2019-09-05_00:29:34.751[Battery Energy]88.59
2019-09-05_00:29:35.086[Status]Routing 100: Walk: 92
2019-09-05_00:29:35.192[Battery Energy]88.36
2019-09-05_00:29:35.466[Status]Routing 101: Walk: 92
2019-09-05_00:29:35.570[Battery Energy]88.22
2019-09-05_00:29:35.788[Status]Routing 102: Walk: 92
2019-09-05_00:29:35.893[Battery Energy]88.06
2019-09-05_00:29:36.224[Status]Routing 103: Walk: 92
2019-09-05_00:29:36.340[Battery Energy]87.79
2019-09-05_00:29:36.576[Status]Routing 104: Walk: 92
2019-09-05_00:29:36.680[Battery Energy]87.64
2019-09-05_00:29:36.929[Status]Routing 105: Walk: 92
2019-09-05_00:29:37.029[Battery Energy]87.47
2019-09-05_00:29:37.199[Status]Routing 106: Walk: 92
2019-09-05_00:29:37.316[Battery Energy]87.37
2019-09-05_00:29:37.511[Status]Routing 107: Walk: 92
2019-09-05_00:29:37.612[Battery Energy]87.28
2019-09-05_00:29:37.904[Status]Routing 108: Walk: 92
2019-09-05_00:29:38.020[Battery Energy]87.06
2019-09-05_00:29:38.194[Status]Routing 109: Walk: 92
2019-09-05_00:29:38.294[Battery Energy]86.94
2019-09-05_00:29:38.648[Status]Routing 110: Walk: 92
2019-09-05_00:29:38.753[Battery Energy]86.70
2019-09-05_00:29:38.918[Status]Routing 111: Walk: 92
2019-09-05_00:29:39.019[Battery Energy]86.60
2019-09-05_00:29:39.434[Status]Routing 112: Walk: 92
2019-09-05_00:29:39.558[Battery Energy]86.23
2019-09-05_00:29:39.692[Status]Routing 113: Walk: 92
2019-09-05_00:29:39.808[Battery Energy]86.14
2019-09-05_00:29:39.993[Status]Routing 114: Walk: 92
2019-09-05_00:29:40.098[Battery Energy]85.99
2019-09-05_00:29:40.246[Status]Routing 115: Walk: 92
2019-09-05_00:29:40.346[Battery Energy]85.88
2019-09-05_00:29:40.501[Status]Routing 116: Walk: 92
2019-09-05_00:29:40.601[Battery Energy]85.76
2019-09-05_00:29:40.880[Status]Routing 117: Walk: 92
2019-09-05_00:29:40.981[Battery Energy]85.61
2019-09-05_00:29:41.309[Status]Routing 118: Walk: 92
2019-09-05_00:29:41.412[Battery Energy]85.44
2019-09-05_00:29:41.877[Status]Routing 119: Walk: 92
2019-09-05_00:29:41.979[Battery Energy]85.21
2019-09-05_00:29:42.287[Status]Routing 120: Walk: 92
2019-09-05_00:29:42.390[Battery Energy]85.00
2019-09-05_00:29:42.700[Status]Routing 121: Walk: 92
2019-09-05_00:29:42.802[Battery Energy]84.81
2019-09-05_00:29:43.144[Status]Routing 122: Walk: 92
2019-09-05_00:29:43.252[Battery Energy]84.61
2019-09-05_00:29:43.411[Status]Routing 123: Walk: 92
2019-09-05_00:29:43.511[Battery Energy]84.50
2019-09-05_00:29:43.859[Status]Routing 124: Walk: 92
2019-09-05_00:29:43.978[Battery Energy]84.33
2019-09-05_00:29:44.219[Status]Routing 125: Walk: 92
2019-09-05_00:29:44.324[Battery Energy]84.16
2019-09-05_00:29:44.492[Status]Routing 126: Walk: 92
2019-09-05_00:29:44.596[Battery Energy]84.04
2019-09-05_00:29:44.905[Status]Routing 127: Walk: 92
2019-09-05_00:29:45.005[Battery Energy]83.85
2019-09-05_00:29:45.304[Status]Routing 128: Walk: 92
2019-09-05_00:29:45.476[Battery Energy]83.68
2019-09-05_00:29:45.699[Status]Routing 129: Walk: 92
2019-09-05_00:29:45.808[Battery Energy]83.54
2019-09-05_00:29:45.981[Status]Routing 130: Walk: 92
2019-09-05_00:29:46.096[Battery Energy]83.43
2019-09-05_00:29:46.319[Status]Routing 131: Walk: 92
2019-09-05_00:29:46.419[Battery Energy]83.28
2019-09-05_00:29:46.584[Status]Routing 132: Walk: 92
2019-09-05_00:29:46.684[Battery Energy]83.16
2019-09-05_00:29:46.858[Status]Routing 133: Walk: 92
2019-09-05_00:29:46.959[Battery Energy]83.05
2019-09-05_00:29:47.247[Status]Routing 134: Walk: 92
2019-09-05_00:29:47.371[Battery Energy]82.84
2019-09-05_00:29:47.728[Status]Routing 135: Walk: 92
2019-09-05_00:29:47.828[Battery Energy]82.65
2019-09-05_00:29:48.010[Status]Routing 136: Walk: 92
2019-09-05_00:29:48.128[Battery Energy]82.54
2019-09-05_00:29:48.409[Status]Routing 137: Walk: 92
2019-09-05_00:29:48.509[Battery Energy]82.42
2019-09-05_00:29:48.792[Status]Routing 138: Walk: 92
2019-09-05_00:29:48.900[Battery Energy]82.22
2019-09-05_00:29:49.227[Status]Routing 139: Walk: 92
2019-09-05_00:29:49.328[Battery Energy]82.05
2019-09-05_00:29:49.548[Status]Routing 140: Walk: 92
2019-09-05_00:29:49.651[Battery Energy]81.88
2019-09-05_00:29:49.902[Status]Routing 141: Walk: 92
2019-09-05_00:29:50.016[Battery Energy]81.78
2019-09-05_00:29:50.195[Status]Routing 142: Walk: 92
2019-09-05_00:29:50.300[Battery Energy]81.69
2019-09-05_00:29:50.503[Status]Routing 143: Walk: 92
2019-09-05_00:29:50.611[Battery Energy]81.56
2019-09-05_00:29:50.777[Status]Routing 144: Walk: 92
2019-09-05_00:29:50.880[Battery Energy]81.44
2019-09-05_00:29:51.055[Status]Routing 145: Walk: 92
2019-09-05_00:29:51.168[Battery Energy]81.35
2019-09-05_00:29:51.383[Status]Routing 146: Walk: 92
2019-09-05_00:29:51.483[Battery Energy]81.21
2019-09-05_00:29:51.688[Status]Routing 147: Walk: 92
2019-09-05_00:29:51.804[Battery Energy]81.11
2019-09-05_00:29:52.069[Status]Routing 148: Walk: 92
2019-09-05_00:29:52.169[Battery Energy]80.98
2019-09-05_00:29:52.526[Status]Routing 149: Walk: 92
2019-09-05_00:29:52.627[Battery Energy]80.78
2019-09-05_00:29:52.892[Status]Routing 150: Walk: 92
2019-09-05_00:29:52.992[Battery Energy]80.54
2019-09-05_00:29:53.293[Status]Routing 151: Walk: 92
2019-09-05_00:29:53.408[Battery Energy]80.37
2019-09-05_00:29:53.536[Status]Routing 152: Walk: 92
2019-09-05_00:29:53.652[Battery Energy]80.28
2019-09-05_00:29:53.852[Status]Routing 153: Walk: 92
2019-09-05_00:29:53.955[Battery Energy]80.15
2019-09-05_00:29:54.208[Status]Routing 154: Walk: 92
2019-09-05_00:29:54.308[Battery Energy]79.96
2019-09-05_00:29:54.567[Status]Routing 155: Walk: 92
2019-09-05_00:29:54.674[Battery Energy]79.79
2019-09-05_00:29:54.854[Status]Routing 156: Walk: 92
2019-09-05_00:29:54.955[Battery Energy]79.68
2019-09-05_00:29:55.162[Status]Routing 157: Walk: 92
2019-09-05_00:29:55.265[Battery Energy]79.54
