2019-09-05_00:28:46.846[Status]Start.
2019-09-05_00:28:46.851[Battery Energy]118.00
2019-09-05_00:28:47.952[Battery Energy]117.96
2019-09-05_00:28:49.054[Battery Energy]117.92
2019-09-05_00:28:50.155[Battery Energy]117.88
2019-09-05_00:28:51.256[Battery Energy]117.84
2019-09-05_00:28:52.357[Task]A New Task Released.
2019-09-05_00:28:52.357[Battery Energy]117.80
2019-09-05_00:28:52.357[Status]Selection Start.
2019-09-05_00:28:53.989[Status]Selection End: Do Task 1.
2019-09-05_00:28:54.089[Battery Energy]116.67
2019-09-05_00:28:54.089[Status]Formation Start.
2019-09-05_00:28:54.309[Status]Formation End: To Position 6.
2019-09-05_00:28:54.409[Battery Energy]116.48
2019-09-05_00:28:54.409[Status]Routing Start.
2019-09-05_00:28:54.601[Status]{'id': 12, 'coordinate': [66.9339913288091, 759.852909646477]}
2019-09-05_00:28:54.601[Status]Routing 1: Walk: 1
2019-09-05_00:28:54.701[Battery Energy]116.26
2019-09-05_00:28:54.701[Status]Routing Start.
2019-09-05_00:28:54.835[Status]{'id': 12, 'coordinate': [76.8679826576182, 758.705819292954]}
2019-09-05_00:28:54.835[Status]Routing 2: Walk: 2
2019-09-05_00:28:54.935[Battery Energy]116.05
2019-09-05_00:28:54.935[Status]Routing Start.
2019-09-05_00:28:55.096[Status]{'id': 12, 'coordinate': [86.8019739864273, 757.5587289394309]}
2019-09-05_00:28:55.097[Status]Routing 3: Walk: 3
2019-09-05_00:28:55.197[Battery Energy]115.87
2019-09-05_00:28:55.197[Status]Routing Start.
2019-09-05_00:28:55.447[Status]{'id': 12, 'coordinate': [96.7359653152364, 756.4116385859079]}
2019-09-05_00:28:55.447[Status]Routing 4: Walk: 4
2019-09-05_00:28:55.547[Battery Energy]115.57
2019-09-05_00:28:55.547[Status]Routing Start.
2019-09-05_00:28:55.805[Status]{'id': 12, 'coordinate': [106.6699566440455, 755.2645482323849]}
2019-09-05_00:28:55.806[Status]Routing 5: Walk: 5
2019-09-05_00:28:55.906[Battery Energy]115.32
2019-09-05_00:28:55.906[Status]Routing Start.
2019-09-05_00:28:56.230[Status]{'id': 12, 'coordinate': [116.6039479728546, 754.1174578788618]}
2019-09-05_00:28:56.230[Status]Routing 6: Walk: 6
2019-09-05_00:28:56.330[Battery Energy]115.01
2019-09-05_00:28:56.330[Status]Routing Start.
2019-09-05_00:28:56.672[Status]{'id': 12, 'coordinate': [126.5379393016637, 752.9703675253388]}
2019-09-05_00:28:56.672[Status]Routing 7: Walk: 7
2019-09-05_00:28:56.772[Battery Energy]114.68
2019-09-05_00:28:56.772[Status]Routing Start.
2019-09-05_00:28:57.239[Status]{'id': 12, 'coordinate': [136.4719306304728, 751.8232771718158]}
2019-09-05_00:28:57.239[Status]Routing 8: Walk: 8
2019-09-05_00:28:57.340[Battery Energy]114.30
2019-09-05_00:28:57.340[Status]Routing Start.
2019-09-05_00:28:57.792[Status]{'id': 12, 'coordinate': [146.4059219592819, 750.6761868182928]}
2019-09-05_00:28:57.792[Status]Routing 9: Walk: 9
2019-09-05_00:28:57.892[Battery Energy]113.94
2019-09-05_00:28:57.892[Status]Routing Start.
2019-09-05_00:28:58.219[Status]{'id': 12, 'coordinate': [156.339913288091, 749.5290964647697]}
2019-09-05_00:28:58.219[Status]Routing 10: Walk: 10
2019-09-05_00:28:58.323[Battery Energy]113.64
2019-09-05_00:28:58.324[Status]Routing Start.
2019-09-05_00:28:58.686[Status]{'id': 12, 'coordinate': [166.2739046169001, 748.3820061112467]}
2019-09-05_00:28:58.686[Status]Routing 11: Walk: 11
2019-09-05_00:28:58.786[Battery Energy]113.34
2019-09-05_00:28:58.786[Status]Routing Start.
2019-09-05_00:28:59.188[Status]{'id': 12, 'coordinate': [176.2078959457092, 747.2349157577237]}
2019-09-05_00:28:59.189[Status]Routing 12: Walk: 12
2019-09-05_00:28:59.289[Battery Energy]112.93
2019-09-05_00:28:59.289[Status]Routing Start.
2019-09-05_00:28:59.656[Status]{'id': 12, 'coordinate': [186.1418872745183, 746.0878254042007]}
2019-09-05_00:28:59.656[Status]Routing 13: Walk: 13
2019-09-05_00:28:59.756[Battery Energy]112.58
2019-09-05_00:28:59.756[Status]Routing Start.
2019-09-05_00:29:00.075[Status]{'id': 12, 'coordinate': [196.0758786033274, 744.9407350506776]}
2019-09-05_00:29:00.075[Status]Routing 14: Walk: 14
2019-09-05_00:29:00.180[Battery Energy]112.31
2019-09-05_00:29:00.180[Status]Routing Start.
2019-09-05_00:29:00.526[Status]{'id': 12, 'coordinate': [206.0098699321365, 743.7936446971546]}
2019-09-05_00:29:00.529[Status]Routing 15: Walk: 15
2019-09-05_00:29:00.633[Battery Energy]111.99
2019-09-05_00:29:00.633[Status]Routing Start.
2019-09-05_00:29:01.000[Status]{'id': 12, 'coordinate': [215.9438612609456, 742.6465543436316]}
2019-09-05_00:29:01.003[Status]Routing 16: Walk: 16
2019-09-05_00:29:01.113[Battery Energy]111.63
2019-09-05_00:29:01.113[Status]Routing Start.
2019-09-05_00:29:01.423[Status]{'id': 12, 'coordinate': [225.8778525897547, 741.4994639901086]}
2019-09-05_00:29:01.424[Status]Routing 17: Walk: 17
2019-09-05_00:29:01.526[Battery Energy]111.32
2019-09-05_00:29:01.526[Status]Routing Start.
2019-09-05_00:29:01.823[Status]{'id': 12, 'coordinate': [235.8118439185638, 740.3523736365855]}
2019-09-05_00:29:01.824[Status]Routing 18: Walk: 18
2019-09-05_00:29:01.932[Battery Energy]111.03
2019-09-05_00:29:01.932[Status]Routing Start.
2019-09-05_00:29:02.222[Status]{'id': 12, 'coordinate': [245.7458352473729, 739.2052832830624]}
2019-09-05_00:29:02.227[Status]Routing 19: Walk: 19
2019-09-05_00:29:02.328[Battery Energy]110.74
2019-09-05_00:29:02.328[Status]Routing Start.
2019-09-05_00:29:02.652[Status]{'id': 12, 'coordinate': [255.679826576182, 738.0581929295394]}
2019-09-05_00:29:02.652[Status]Routing 20: Walk: 20
2019-09-05_00:29:02.752[Battery Energy]110.41
2019-09-05_00:29:02.752[Status]Routing Start.
2019-09-05_00:29:03.052[Status]{'id': 12, 'coordinate': [265.6138179049911, 736.9111025760162]}
2019-09-05_00:29:03.052[Status]Routing 21: Walk: 21
2019-09-05_00:29:03.152[Battery Energy]110.13
2019-09-05_00:29:03.152[Status]Routing Start.
2019-09-05_00:29:03.520[Status]{'id': 12, 'coordinate': [275.5478092338002, 735.7640122224932]}
2019-09-05_00:29:03.520[Status]Routing 22: Walk: 22
2019-09-05_00:29:03.639[Battery Energy]109.79
2019-09-05_00:29:03.639[Status]Routing Start.
2019-09-05_00:29:03.989[Status]{'id': 12, 'coordinate': [285.4818005626093, 734.61692186897]}
2019-09-05_00:29:03.989[Status]Routing 23: Walk: 23
2019-09-05_00:29:04.092[Battery Energy]109.49
2019-09-05_00:29:04.092[Status]Routing Start.
2019-09-05_00:29:04.440[Status]{'id': 12, 'coordinate': [295.4157918914184, 733.469831515447]}
2019-09-05_00:29:04.440[Status]Routing 24: Walk: 24
2019-09-05_00:29:04.560[Battery Energy]109.17
2019-09-05_00:29:04.561[Status]Routing Start.
2019-09-05_00:29:04.937[Status]{'id': 12, 'coordinate': [305.3497832202275, 732.3227411619239]}
2019-09-05_00:29:04.937[Status]Routing 25: Walk: 25
2019-09-05_00:29:05.037[Battery Energy]108.89
2019-09-05_00:29:05.037[Status]Routing Start.
2019-09-05_00:29:05.440[Status]{'id': 12, 'coordinate': [315.2837745490366, 731.1756508084009]}
2019-09-05_00:29:05.440[Status]Routing 26: Walk: 26
2019-09-05_00:29:05.541[Battery Energy]108.54
2019-09-05_00:29:05.541[Status]Routing Start.
2019-09-05_00:29:05.835[Status]{'id': 12, 'coordinate': [325.2177658778457, 730.0285604548777]}
2019-09-05_00:29:05.835[Status]Routing 27: Walk: 27
2019-09-05_00:29:05.944[Battery Energy]108.24
2019-09-05_00:29:05.944[Status]Routing Start.
2019-09-05_00:29:06.315[Status]{'id': 12, 'coordinate': [335.1517572066548, 728.8814701013547]}
2019-09-05_00:29:06.315[Status]Routing 28: Walk: 28
2019-09-05_00:29:06.416[Battery Energy]107.92
2019-09-05_00:29:06.416[Status]Routing Start.
2019-09-05_00:29:06.758[Status]{'id': 12, 'coordinate': [345.0857485354639, 727.7343797478316]}
2019-09-05_00:29:06.758[Status]Routing 29: Walk: 29
2019-09-05_00:29:06.875[Battery Energy]107.58
2019-09-05_00:29:06.875[Status]Routing Start.
2019-09-05_00:29:07.236[Status]{'id': 12, 'coordinate': [355.019739864273, 726.5872893943085]}
2019-09-05_00:29:07.236[Status]Routing 30: Walk: 30
2019-09-05_00:29:07.352[Battery Energy]107.28
2019-09-05_00:29:07.352[Status]Routing Start.
2019-09-05_00:29:07.731[Status]{'id': 12, 'coordinate': [364.9537311930821, 725.4401990407854]}
2019-09-05_00:29:07.731[Status]Routing 31: Walk: 31
2019-09-05_00:29:07.831[Battery Energy]106.98
2019-09-05_00:29:07.831[Status]Routing Start.
2019-09-05_00:29:08.121[Status]{'id': 12, 'coordinate': [374.8877225218912, 724.2931086872624]}
2019-09-05_00:29:08.121[Status]Routing 32: Walk: 32
2019-09-05_00:29:08.232[Battery Energy]106.69
2019-09-05_00:29:08.232[Status]Routing Start.
2019-09-05_00:29:08.567[Status]{'id': 12, 'coordinate': [384.8217138507003, 723.1460183337392]}
2019-09-05_00:29:08.567[Status]Routing 33: Walk: 33
2019-09-05_00:29:08.667[Battery Energy]106.35
2019-09-05_00:29:08.667[Status]Routing Start.
2019-09-05_00:29:09.019[Status]{'id': 12, 'coordinate': [394.7557051795094, 721.9989279802162]}
2019-09-05_00:29:09.021[Status]Routing 34: Walk: 34
2019-09-05_00:29:09.121[Battery Energy]106.04
2019-09-05_00:29:09.121[Status]Routing Start.
2019-09-05_00:29:09.461[Status]{'id': 12, 'coordinate': [404.6896965083185, 720.851837626693]}
2019-09-05_00:29:09.462[Status]Routing 35: Walk: 35
2019-09-05_00:29:09.563[Battery Energy]105.74
2019-09-05_00:29:09.563[Status]Routing Start.
2019-09-05_00:29:09.865[Status]{'id': 12, 'coordinate': [414.6236878371276, 719.70474727317]}
2019-09-05_00:29:09.865[Status]Routing 36: Walk: 36
2019-09-05_00:29:09.972[Battery Energy]105.44
2019-09-05_00:29:09.972[Status]Routing Start.
2019-09-05_00:29:10.307[Status]{'id': 12, 'coordinate': [424.5576791659367, 718.5576569196469]}
2019-09-05_00:29:10.307[Status]Routing 37: Walk: 37
2019-09-05_00:29:10.407[Battery Energy]105.12
2019-09-05_00:29:10.407[Status]Routing Start.
2019-09-05_00:29:10.730[Status]{'id': 12, 'coordinate': [434.4916704947458, 717.4105665661239]}
2019-09-05_00:29:10.730[Status]Routing 38: Walk: 38
2019-09-05_00:29:10.831[Battery Energy]104.79
2019-09-05_00:29:10.831[Status]Routing Start.
2019-09-05_00:29:11.154[Status]{'id': 12, 'coordinate': [444.4256618235549, 716.2634762126007]}
2019-09-05_00:29:11.154[Status]Routing 39: Walk: 39
2019-09-05_00:29:11.264[Battery Energy]104.47
2019-09-05_00:29:11.264[Status]Routing Start.
2019-09-05_00:29:11.597[Status]{'id': 12, 'coordinate': [454.359653152364, 715.1163858590777]}
2019-09-05_00:29:11.597[Status]Routing 40: Walk: 40
2019-09-05_00:29:11.712[Battery Energy]104.13
2019-09-05_00:29:11.712[Status]Routing Start.
2019-09-05_00:29:11.911[Status]{'id': 12, 'coordinate': [464.2936444811731, 713.9692955055546]}
2019-09-05_00:29:11.911[Status]Routing 41: Walk: 41
2019-09-05_00:29:12.011[Battery Energy]103.88
2019-09-05_00:29:12.011[Status]Routing Start.
2019-09-05_00:29:12.331[Status]{'id': 12, 'coordinate': [474.2276358099822, 712.8222051520315]}
2019-09-05_00:29:12.331[Status]Routing 42: Walk: 42
2019-09-05_00:29:12.436[Battery Energy]103.59
2019-09-05_00:29:12.436[Status]Routing Start.
2019-09-05_00:29:12.728[Status]{'id': 12, 'coordinate': [484.1616271387913, 711.6751147985084]}
2019-09-05_00:29:12.728[Status]Routing 43: Walk: 43
2019-09-05_00:29:12.832[Battery Energy]103.34
2019-09-05_00:29:12.833[Status]Routing Start.
2019-09-05_00:29:13.157[Status]{'id': 12, 'coordinate': [494.0956184676004, 710.5280244449854]}
2019-09-05_00:29:13.157[Status]Routing 44: Walk: 44
2019-09-05_00:29:13.260[Battery Energy]103.03
2019-09-05_00:29:13.260[Status]Routing Start.
2019-09-05_00:29:13.634[Status]{'id': 12, 'coordinate': [504.0296097964095, 709.3809340914622]}
2019-09-05_00:29:13.634[Status]Routing 45: Walk: 45
2019-09-05_00:29:13.734[Battery Energy]102.70
2019-09-05_00:29:13.734[Status]Routing Start.
2019-09-05_00:29:14.073[Status]{'id': 12, 'coordinate': [513.9636011252186, 708.2338437379392]}
2019-09-05_00:29:14.073[Status]Routing 46: Walk: 46
2019-09-05_00:29:14.174[Battery Energy]102.37
2019-09-05_00:29:14.174[Status]Routing Start.
2019-09-05_00:29:14.433[Status]{'id': 12, 'coordinate': [523.8975924540276, 707.086753384416]}
2019-09-05_00:29:14.433[Status]Routing 47: Walk: 47
2019-09-05_00:29:14.544[Battery Energy]102.14
2019-09-05_00:29:14.544[Status]Routing Start.
2019-09-05_00:29:14.711[Status]{'id': 12, 'coordinate': [533.8315837828367, 705.939663030893]}
2019-09-05_00:29:14.711[Status]Routing 48: Walk: 48
2019-09-05_00:29:14.816[Battery Energy]101.91
2019-09-05_00:29:14.816[Status]Routing Start.
2019-09-05_00:29:15.105[Status]{'id': 12, 'coordinate': [543.7655751116457, 704.7925726773699]}
2019-09-05_00:29:15.105[Status]Routing 49: Walk: 49
2019-09-05_00:29:15.212[Battery Energy]101.64
2019-09-05_00:29:15.212[Status]Routing Start.
2019-09-05_00:29:15.644[Status]{'id': 12, 'coordinate': [553.6995664404548, 703.6454823238469]}
2019-09-05_00:29:15.644[Status]Routing 50: Walk: 50
2019-09-05_00:29:15.745[Battery Energy]101.26
2019-09-05_00:29:15.745[Status]Routing Start.
2019-09-05_00:29:16.219[Status]{'id': 12, 'coordinate': [563.6335577692638, 702.4983919703238]}
2019-09-05_00:29:16.219[Status]Routing 51: Walk: 51
2019-09-05_00:29:16.319[Battery Energy]100.90
2019-09-05_00:29:16.319[Status]Routing Start.
2019-09-05_00:29:16.639[Status]{'id': 12, 'coordinate': [573.5675490980728, 701.3513016168007]}
2019-09-05_00:29:16.639[Status]Routing 52: Walk: 52
2019-09-05_00:29:16.751[Battery Energy]100.59
2019-09-05_00:29:16.751[Status]Routing Start.
2019-09-05_00:29:17.047[Status]{'id': 12, 'coordinate': [583.5015404268819, 700.2042112632777]}
2019-09-05_00:29:17.047[Status]Routing 53: Walk: 53
2019-09-05_00:29:17.148[Battery Energy]100.31
2019-09-05_00:29:17.148[Status]Routing Start.
2019-09-05_00:29:17.450[Status]{'id': 12, 'coordinate': [593.4355317556909, 699.0571209097545]}
2019-09-05_00:29:17.450[Status]Routing 54: Walk: 54
2019-09-05_00:29:17.556[Battery Energy]100.03
2019-09-05_00:29:17.556[Status]Routing Start.
2019-09-05_00:29:17.849[Status]{'id': 12, 'coordinate': [603.3695230845, 697.9100305562315]}
2019-09-05_00:29:17.849[Status]Routing 55: Walk: 55
2019-09-05_00:29:17.956[Battery Energy]99.71
2019-09-05_00:29:17.956[Status]Routing Start.
2019-09-05_00:29:18.111[Status]{'id': 12, 'coordinate': [613.303514413309, 696.7629402027084]}
2019-09-05_00:29:18.111[Status]Routing 56: Walk: 56
2019-09-05_00:29:18.220[Battery Energy]99.49
2019-09-05_00:29:18.220[Status]Routing Start.
2019-09-05_00:29:18.548[Status]{'id': 12, 'coordinate': [623.2375057421181, 695.6158498491853]}
2019-09-05_00:29:18.548[Status]Routing 57: Walk: 57
2019-09-05_00:29:18.663[Battery Energy]99.18
2019-09-05_00:29:18.663[Status]Routing Start.
2019-09-05_00:29:18.820[Status]{'id': 12, 'coordinate': [633.1714970709271, 694.4687594956622]}
2019-09-05_00:29:18.820[Status]Routing 58: Walk: 58
2019-09-05_00:29:18.920[Battery Energy]98.95
2019-09-05_00:29:18.920[Status]Routing Start.
2019-09-05_00:29:19.157[Status]{'id': 12, 'coordinate': [643.1054883997361, 693.3216691421392]}
2019-09-05_00:29:19.160[Status]Routing 59: Walk: 59
2019-09-05_00:29:19.264[Battery Energy]98.72
2019-09-05_00:29:19.264[Status]Routing Start.
2019-09-05_00:29:19.508[Status]{'id': 12, 'coordinate': [653.0394797285452, 692.174578788616]}
2019-09-05_00:29:19.508[Status]Routing 60: Walk: 60
2019-09-05_00:29:19.611[Battery Energy]98.46
2019-09-05_00:29:19.612[Status]Routing Start.
2019-09-05_00:29:19.805[Status]{'id': 12, 'coordinate': [662.9734710573542, 691.027488435093]}
2019-09-05_00:29:19.805[Status]Routing 61: Walk: 61
2019-09-05_00:29:19.920[Battery Energy]98.23
2019-09-05_00:29:19.920[Status]Routing Start.
2019-09-05_00:29:20.126[Status]{'id': 12, 'coordinate': [672.9074623861633, 689.8803980815699]}
2019-09-05_00:29:20.126[Status]Routing 62: Walk: 62
2019-09-05_00:29:20.226[Battery Energy]97.96
2019-09-05_00:29:20.226[Status]Routing Start.
2019-09-05_00:29:20.421[Status]{'id': 12, 'coordinate': [682.8414537149723, 688.7333077280468]}
2019-09-05_00:29:20.421[Status]Routing 63: Walk: 63
2019-09-05_00:29:20.521[Battery Energy]97.72
2019-09-05_00:29:20.521[Status]Routing Start.
2019-09-05_00:29:20.852[Status]{'id': 12, 'coordinate': [692.7754450437814, 687.5862173745238]}
2019-09-05_00:29:20.852[Status]Routing 64: Walk: 64
2019-09-05_00:29:20.953[Battery Energy]97.36
2019-09-05_00:29:20.953[Status]Routing Start.
2019-09-05_00:29:21.336[Status]{'id': 12, 'coordinate': [698.7416338483579, 695.6114644827533]}
2019-09-05_00:29:21.336[Status]Routing 65: Walk: 65
2019-09-05_00:29:21.436[Battery Energy]97.01
2019-09-05_00:29:21.436[Status]Routing Start.
2019-09-05_00:29:21.764[Status]{'id': 12, 'coordinate': [708.6570036261745, 694.3132186781535]}
2019-09-05_00:29:21.764[Status]Routing 66: Walk: 66
2019-09-05_00:29:21.865[Battery Energy]96.73
2019-09-05_00:29:21.865[Status]Routing Start.
2019-09-05_00:29:22.086[Status]{'id': 12, 'coordinate': [718.5723734039912, 693.0149728735537]}
2019-09-05_00:29:22.086[Status]Routing 67: Walk: 67
2019-09-05_00:29:22.192[Battery Energy]96.51
2019-09-05_00:29:22.192[Status]Routing Start.
2019-09-05_00:29:22.424[Status]{'id': 12, 'coordinate': [728.4877431818078, 691.7167270689539]}
2019-09-05_00:29:22.424[Status]Routing 68: Walk: 68
2019-09-05_00:29:22.524[Battery Energy]96.28
2019-09-05_00:29:22.524[Status]Routing Start.
2019-09-05_00:29:22.858[Status]{'id': 12, 'coordinate': [738.4031129596244, 690.4184812643541]}
2019-09-05_00:29:22.858[Status]Routing 69: Walk: 69
2019-09-05_00:29:22.960[Battery Energy]95.95
2019-09-05_00:29:22.960[Status]Routing Start.
2019-09-05_00:29:23.358[Status]{'id': 12, 'coordinate': [748.3184827374411, 689.1202354597543]}
2019-09-05_00:29:23.358[Status]Routing 70: Walk: 70
2019-09-05_00:29:23.459[Battery Energy]95.65
2019-09-05_00:29:23.459[Status]Routing Start.
2019-09-05_00:29:23.632[Status]{'id': 12, 'coordinate': [758.2338525152577, 687.8219896551545]}
2019-09-05_00:29:23.633[Status]Routing 71: Walk: 71
2019-09-05_00:29:23.733[Battery Energy]95.43
2019-09-05_00:29:23.733[Status]Routing Start.
2019-09-05_00:29:24.187[Status]{'id': 12, 'coordinate': [768.1492222930743, 686.5237438505548]}
2019-09-05_00:29:24.187[Status]Routing 72: Walk: 72
2019-09-05_00:29:24.288[Battery Energy]95.10
2019-09-05_00:29:24.288[Status]Routing Start.
2019-09-05_00:29:24.507[Status]{'id': 12, 'coordinate': [778.064592070891, 685.225498045955]}
2019-09-05_00:29:24.507[Status]Routing 73: Walk: 73
2019-09-05_00:29:24.616[Battery Energy]94.85
2019-09-05_00:29:24.616[Status]Routing Start.
2019-09-05_00:29:25.073[Status]{'id': 12, 'coordinate': [787.9799618487076, 683.9272522413552]}
2019-09-05_00:29:25.073[Status]Routing 74: Walk: 74
2019-09-05_00:29:25.173[Battery Energy]94.47
2019-09-05_00:29:25.173[Status]Routing Start.
2019-09-05_00:29:25.561[Status]{'id': 12, 'coordinate': [797.8953316265242, 682.6290064367554]}
2019-09-05_00:29:25.561[Status]Routing 75: Walk: 75
2019-09-05_00:29:25.661[Battery Energy]94.07
2019-09-05_00:29:25.661[Status]Routing Start.
2019-09-05_00:29:26.024[Status]{'id': 12, 'coordinate': [807.8107014043409, 681.3307606321556]}
2019-09-05_00:29:26.024[Status]Routing 76: Walk: 76
2019-09-05_00:29:26.141[Battery Energy]93.67
2019-09-05_00:29:26.141[Status]Routing Start.
2019-09-05_00:29:26.287[Status]{'id': 12, 'coordinate': [817.7260711821575, 680.0325148275558]}
2019-09-05_00:29:26.287[Status]Routing 77: Walk: 77
2019-09-05_00:29:26.396[Battery Energy]93.46
2019-09-05_00:29:26.396[Status]Routing Start.
2019-09-05_00:29:26.605[Status]{'id': 12, 'coordinate': [827.6414409599741, 678.734269022956]}
2019-09-05_00:29:26.605[Status]Routing 78: Walk: 78
2019-09-05_00:29:26.708[Battery Energy]93.23
2019-09-05_00:29:26.708[Status]Routing Start.
2019-09-05_00:29:26.869[Status]{'id': 12, 'coordinate': [837.5568107377908, 677.4360232183562]}
2019-09-05_00:29:26.869[Status]Routing 79: Walk: 79
2019-09-05_00:29:26.969[Battery Energy]92.99
2019-09-05_00:29:26.969[Status]Routing Start.
2019-09-05_00:29:27.180[Status]{'id': 12, 'coordinate': [847.4721805156074, 676.1377774137565]}
2019-09-05_00:29:27.180[Status]Routing 80: Walk: 80
2019-09-05_00:29:27.305[Battery Energy]92.77
2019-09-05_00:29:27.305[Status]Routing Start.
2019-09-05_00:29:27.474[Status]{'id': 12, 'coordinate': [857.387550293424, 674.8395316091566]}
2019-09-05_00:29:27.474[Status]Routing 81: Walk: 81
2019-09-05_00:29:27.574[Battery Energy]92.57
2019-09-05_00:29:27.574[Status]Routing Start.
2019-09-05_00:29:27.998[Status]{'id': 12, 'coordinate': [867.3029200712407, 673.5412858045568]}
2019-09-05_00:29:27.998[Status]Routing 82: Walk: 82
2019-09-05_00:29:28.098[Battery Energy]92.16
2019-09-05_00:29:28.098[Status]Routing Start.
2019-09-05_00:29:28.276[Status]{'id': 12, 'coordinate': [877.2182898490573, 672.2430399999569]}
2019-09-05_00:29:28.276[Status]Routing 83: Walk: 83
2019-09-05_00:29:28.388[Battery Energy]91.95
2019-09-05_00:29:28.388[Status]Routing Start.
2019-09-05_00:29:28.765[Status]{'id': 12, 'coordinate': [887.133659626874, 670.9447941953571]}
2019-09-05_00:29:28.766[Status]Routing 84: Walk: 84
2019-09-05_00:29:28.884[Battery Energy]91.61
2019-09-05_00:29:28.884[Status]Routing Start.
2019-09-05_00:29:29.156[Status]{'id': 12, 'coordinate': [897.0490294046906, 669.6465483907572]}
2019-09-05_00:29:29.156[Status]Routing 85: Walk: 85
2019-09-05_00:29:29.272[Battery Energy]91.31
2019-09-05_00:29:29.272[Status]Routing Start.
2019-09-05_00:29:29.446[Status]{'id': 12, 'coordinate': [906.9643991825072, 668.3483025861574]}
2019-09-05_00:29:29.446[Status]Routing 86: Walk: 86
2019-09-05_00:29:29.552[Battery Energy]91.12
2019-09-05_00:29:29.552[Status]Routing Start.
2019-09-05_00:29:29.928[Status]{'id': 12, 'coordinate': [916.8797689603239, 667.0500567815575]}
2019-09-05_00:29:29.928[Status]Routing 87: Walk: 87
2019-09-05_00:29:30.029[Battery Energy]90.76
2019-09-05_00:29:30.029[Status]Routing Start.
2019-09-05_00:29:30.201[Status]{'id': 12, 'coordinate': [926.7951387381405, 665.7518109769576]}
2019-09-05_00:29:30.201[Status]Routing 88: Walk: 88
2019-09-05_00:29:30.316[Battery Energy]90.55
2019-09-05_00:29:30.316[Status]Routing Start.
2019-09-05_00:29:30.476[Status]{'id': 12, 'coordinate': [936.7105085159571, 664.4535651723578]}
2019-09-05_00:29:30.476[Status]Routing 89: Walk: 89
2019-09-05_00:29:30.592[Battery Energy]90.33
2019-09-05_00:29:30.592[Status]Routing Start.
2019-09-05_00:29:31.006[Status]{'id': 12, 'coordinate': [946.6258782937738, 663.1553193677579]}
2019-09-05_00:29:31.006[Status]Routing 90: Walk: 90
2019-09-05_00:29:31.106[Battery Energy]90.06
2019-09-05_00:29:31.106[Status]Routing Start.
2019-09-05_00:29:31.429[Status]{'id': 12, 'coordinate': [956.5412480715904, 661.8570735631581]}
2019-09-05_00:29:31.429[Status]Routing 91: Walk: 91
2019-09-05_00:29:31.536[Battery Energy]89.76
2019-09-05_00:29:31.536[Status]Routing Start.
2019-09-05_00:29:31.980[Status]Routing 92: Walk: 91
2019-09-05_00:29:32.088[Battery Energy]89.39
2019-09-05_00:29:32.088[Status]Routing Start.
2019-09-05_00:29:32.532[Status]Routing 93: Walk: 91
2019-09-05_00:29:32.632[Battery Energy]88.97
2019-09-05_00:29:32.632[Status]Routing Start.
2019-09-05_00:29:33.007[Status]Routing 94: Walk: 91
2019-09-05_00:29:33.116[Battery Energy]88.62
2019-09-05_00:29:33.116[Status]Routing Start.
2019-09-05_00:29:33.445[Status]Routing 95: Walk: 91
2019-09-05_00:29:33.545[Battery Energy]88.35
2019-09-05_00:29:33.545[Status]Routing Start.
2019-09-05_00:29:33.865[Status]Routing 96: Walk: 91
2019-09-05_00:29:33.965[Battery Energy]88.06
2019-09-05_00:29:33.965[Status]Routing Start.
2019-09-05_00:29:34.338[Status]{'id': 12, 'coordinate': [966.456617849407, 660.5588277585582]}
2019-09-05_00:29:34.338[Status]Routing 97: Walk: 92
2019-09-05_00:29:34.438[Battery Energy]87.64
2019-09-05_00:29:34.438[Status]Routing Start.
2019-09-05_00:29:34.653[Status]{'id': 12, 'coordinate': [976.3719876272237, 659.2605819539584]}
2019-09-05_00:29:34.653[Status]Routing 98: Walk: 93
2019-09-05_00:29:34.756[Battery Energy]87.41
2019-09-05_00:29:34.756[Status]Routing Start.
2019-09-05_00:29:35.089[Status]{'id': 12, 'coordinate': [986.2873574050403, 657.9623361493585]}
2019-09-05_00:29:35.089[Status]Routing 99: Walk: 94
2019-09-05_00:29:35.195[Battery Energy]87.13
2019-09-05_00:29:35.195[Status]Routing Start.
2019-09-05_00:29:35.466[Status]{'id': 12, 'coordinate': [996.202727182857, 656.6640903447587]}
2019-09-05_00:29:35.466[Status]Routing 100: Walk: 95
2019-09-05_00:29:35.566[Battery Energy]86.86
2019-09-05_00:29:35.566[Status]Routing Start.
2019-09-05_00:29:35.787[Status]{'id': 12, 'coordinate': [1006.1180969606736, 655.3658445401588]}
2019-09-05_00:29:35.787[Status]Routing 101: Walk: 96
2019-09-05_00:29:35.892[Battery Energy]86.58
2019-09-05_00:29:35.892[Status]Routing Start.
2019-09-05_00:29:36.223[Status]{'id': 12, 'coordinate': [1016.0334667384902, 654.067598735559]}
2019-09-05_00:29:36.223[Status]Routing 102: Walk: 97
2019-09-05_00:29:36.328[Battery Energy]86.23
2019-09-05_00:29:36.328[Status]Routing Start.
2019-09-05_00:29:36.573[Status]{'id': 12, 'coordinate': [1025.9488365163068, 652.7693529309591]}
2019-09-05_00:29:36.573[Status]Routing 103: Walk: 98
2019-09-05_00:29:36.673[Battery Energy]85.96
2019-09-05_00:29:36.673[Status]Routing Start.
2019-09-05_00:29:36.938[Status]{'id': 12, 'coordinate': [1035.8642062941233, 651.4711071263594]}
2019-09-05_00:29:36.938[Status]Routing 104: Walk: 99
2019-09-05_00:29:37.052[Battery Energy]85.73
2019-09-05_00:29:37.052[Status]Routing Start.
2019-09-05_00:29:37.197[Status]{'id': 12, 'coordinate': [1045.7795760719398, 650.1728613217595]}
2019-09-05_00:29:37.197[Status]Routing 105: Walk: 100
2019-09-05_00:29:37.297[Battery Energy]85.55
2019-09-05_00:29:37.297[Status]Routing Start.
2019-09-05_00:29:37.507[Status]{'id': 12, 'coordinate': [1055.6949458497563, 648.8746155171597]}
2019-09-05_00:29:37.507[Status]Routing 106: Walk: 101
2019-09-05_00:29:37.616[Battery Energy]85.30
2019-09-05_00:29:37.616[Status]Routing Start.
2019-09-05_00:29:37.903[Status]{'id': 12, 'coordinate': [1065.6103156275728, 647.5763697125599]}
2019-09-05_00:29:37.905[Status]Routing 107: Walk: 102
2019-09-05_00:29:38.011[Battery Energy]85.03
2019-09-05_00:29:38.011[Status]Routing Start.
2019-09-05_00:29:38.200[Status]{'id': 12, 'coordinate': [1075.5256854053894, 646.27812390796]}
2019-09-05_00:29:38.200[Status]Routing 108: Walk: 103
2019-09-05_00:29:38.300[Battery Energy]84.77
2019-09-05_00:29:38.300[Status]Routing Start.
2019-09-05_00:29:38.650[Status]{'id': 12, 'coordinate': [1085.441055183206, 644.9798781033602]}
2019-09-05_00:29:38.650[Status]Routing 109: Walk: 104
2019-09-05_00:29:38.750[Battery Energy]84.47
2019-09-05_00:29:38.750[Status]Routing Start.
2019-09-05_00:29:38.910[Status]{'id': 12, 'coordinate': [1095.3564249610224, 643.6816322987603]}
2019-09-05_00:29:38.914[Status]Routing 110: Walk: 105
2019-09-05_00:29:39.014[Battery Energy]84.29
2019-09-05_00:29:39.014[Status]Routing Start.
2019-09-05_00:29:39.277[Status]{'id': 12, 'coordinate': [1105.271794738839, 642.3833864941605]}
2019-09-05_00:29:39.277[Status]Routing 111: Walk: 106
2019-09-05_00:29:39.377[Battery Energy]84.06
2019-09-05_00:29:39.377[Status]Routing Start.
2019-09-05_00:29:39.692[Status]{'id': 12, 'coordinate': [1115.1871645166555, 641.0851406895606]}
2019-09-05_00:29:39.693[Status]Routing 112: Walk: 107
2019-09-05_00:29:39.800[Battery Energy]83.79
2019-09-05_00:29:39.800[Status]Routing Start.
2019-09-05_00:29:39.992[Status]{'id': 12, 'coordinate': [1125.102534294472, 639.7868948849608]}
2019-09-05_00:29:39.992[Status]Routing 113: Walk: 108
2019-09-05_00:29:40.092[Battery Energy]83.57
2019-09-05_00:29:40.092[Status]Routing Start.
2019-09-05_00:29:40.246[Status]{'id': 12, 'coordinate': [1135.0179040722885, 638.488649080361]}
2019-09-05_00:29:40.246[Status]Routing 114: Walk: 109
2019-09-05_00:29:40.356[Battery Energy]83.36
2019-09-05_00:29:40.356[Status]Routing Start.
2019-09-05_00:29:40.503[Status]{'id': 12, 'coordinate': [1144.933273850105, 637.1904032757611]}
2019-09-05_00:29:40.503[Status]Routing 115: Walk: 110
2019-09-05_00:29:40.605[Battery Energy]83.14
2019-09-05_00:29:40.605[Status]Routing Start.
2019-09-05_00:29:40.905[Status]{'id': 12, 'coordinate': [1154.8486436279215, 635.8921574711613]}
2019-09-05_00:29:40.906[Status]Routing 116: Walk: 111
2019-09-05_00:29:41.011[Battery Energy]82.83
2019-09-05_00:29:41.011[Status]Routing Start.
2019-09-05_00:29:41.327[Status]{'id': 12, 'coordinate': [1164.764013405738, 634.5939116665614]}
2019-09-05_00:29:41.327[Status]Routing 117: Walk: 112
2019-09-05_00:29:41.428[Battery Energy]82.54
2019-09-05_00:29:41.428[Status]Routing Start.
2019-09-05_00:29:41.880[Status]{'id': 12, 'coordinate': [1174.6793831835546, 633.2956658619617]}
2019-09-05_00:29:41.881[Status]Routing 118: Walk: 113
2019-09-05_00:29:41.985[Battery Energy]82.09
2019-09-05_00:29:41.985[Status]Routing Start.
2019-09-05_00:29:42.286[Status]{'id': 12, 'coordinate': [1184.5947529613711, 631.9974200573619]}
2019-09-05_00:29:42.286[Status]Routing 119: Walk: 114
2019-09-05_00:29:42.386[Battery Energy]81.80
2019-09-05_00:29:42.386[Status]Routing Start.
2019-09-05_00:29:42.699[Status]{'id': 12, 'coordinate': [1194.5101227391876, 630.699174252762]}
2019-09-05_00:29:42.703[Status]Routing 120: Walk: 115
2019-09-05_00:29:42.816[Battery Energy]81.48
2019-09-05_00:29:42.816[Status]Routing Start.
2019-09-05_00:29:43.146[Status]{'id': 12, 'coordinate': [1204.4254925170042, 629.4009284481622]}
2019-09-05_00:29:43.150[Status]Routing 121: Walk: 116
2019-09-05_00:29:43.257[Battery Energy]81.14
2019-09-05_00:29:43.257[Status]Routing Start.
2019-09-05_00:29:43.411[Status]{'id': 12, 'coordinate': [1214.3408622948207, 628.1026826435623]}
2019-09-05_00:29:43.411[Status]Routing 122: Walk: 117
2019-09-05_00:29:43.516[Battery Energy]80.92
2019-09-05_00:29:43.516[Status]Routing Start.
2019-09-05_00:29:43.845[Status]{'id': 12, 'coordinate': [1224.2562320726372, 626.8044368389625]}
2019-09-05_00:29:43.845[Status]Routing 123: Walk: 118
2019-09-05_00:29:43.960[Battery Energy]80.56
2019-09-05_00:29:43.960[Status]Routing Start.
2019-09-05_00:29:44.219[Status]{'id': 12, 'coordinate': [1234.1716018504537, 625.5061910343627]}
2019-09-05_00:29:44.219[Status]Routing 124: Walk: 119
2019-09-05_00:29:44.336[Battery Energy]80.29
2019-09-05_00:29:44.336[Status]Routing Start.
2019-09-05_00:29:44.493[Status]{'id': 12, 'coordinate': [1244.0869716282702, 624.2079452297628]}
2019-09-05_00:29:44.493[Status]Routing 125: Walk: 120
2019-09-05_00:29:44.600[Battery Energy]80.08
2019-09-05_00:29:44.600[Status]Routing Start.
2019-09-05_00:29:44.921[Status]{'id': 12, 'coordinate': [1254.0023414060868, 622.909699425163]}
2019-09-05_00:29:44.921[Status]Routing 126: Walk: 121
2019-09-05_00:29:45.021[Battery Energy]79.80
2019-09-05_00:29:45.021[Status]Routing Start.
2019-09-05_00:29:45.022[Status]Task Finished.
2019-09-05_00:29:45.122[Battery Energy]79.80
2019-09-05_00:29:45.302[Status]Routing 128: Walk: 121
2019-09-05_00:29:45.424[Battery Energy]79.68
2019-09-05_00:29:45.699[Status]Routing 129: Walk: 121
2019-09-05_00:29:45.799[Battery Energy]79.51
2019-09-05_00:29:45.999[Status]Routing 130: Walk: 121
2019-09-05_00:29:46.099[Battery Energy]79.37
2019-09-05_00:29:46.316[Status]Routing 131: Walk: 121
2019-09-05_00:29:46.417[Battery Energy]79.24
2019-09-05_00:29:46.589[Status]Routing 132: Walk: 121
2019-09-05_00:29:46.725[Battery Energy]79.15
2019-09-05_00:29:46.849[Status]Routing 133: Walk: 121
2019-09-05_00:29:46.950[Battery Energy]79.06
2019-09-05_00:29:47.243[Status]Routing 134: Walk: 121
2019-09-05_00:29:47.343[Battery Energy]78.84
2019-09-05_00:29:47.723[Status]Routing 135: Walk: 121
2019-09-05_00:29:47.823[Battery Energy]78.60
2019-09-05_00:29:48.008[Status]Routing 136: Walk: 121
2019-09-05_00:29:48.120[Battery Energy]78.49
2019-09-05_00:29:48.406[Status]Routing 137: Walk: 121
2019-09-05_00:29:48.512[Battery Energy]78.36
2019-09-05_00:29:48.817[Status]Routing 138: Walk: 121
2019-09-05_00:29:48.917[Battery Energy]78.14
2019-09-05_00:29:49.230[Status]Routing 139: Walk: 121
2019-09-05_00:29:49.336[Battery Energy]77.95
2019-09-05_00:29:49.562[Status]Routing 140: Walk: 121
2019-09-05_00:29:49.688[Battery Energy]77.82
2019-09-05_00:29:49.900[Status]Routing 141: Walk: 121
2019-09-05_00:29:50.009[Battery Energy]77.65
2019-09-05_00:29:50.193[Status]Routing 142: Walk: 121
2019-09-05_00:29:50.294[Battery Energy]77.52
2019-09-05_00:29:50.493[Status]Routing 143: Walk: 121
2019-09-05_00:29:50.593[Battery Energy]77.42
2019-09-05_00:29:50.781[Status]Routing 144: Walk: 121
2019-09-05_00:29:50.884[Battery Energy]77.33
2019-09-05_00:29:51.051[Status]Routing 145: Walk: 121
2019-09-05_00:29:51.155[Battery Energy]77.23
2019-09-05_00:29:51.385[Status]Routing 146: Walk: 121
2019-09-05_00:29:51.492[Battery Energy]77.11
2019-09-05_00:29:51.690[Status]Routing 147: Walk: 121
2019-09-05_00:29:51.816[Battery Energy]77.04
2019-09-05_00:29:52.071[Status]Routing 148: Walk: 121
2019-09-05_00:29:52.177[Battery Energy]76.86
2019-09-05_00:29:52.538[Status]Routing 149: Walk: 121
2019-09-05_00:29:52.641[Battery Energy]76.67
2019-09-05_00:29:52.900[Status]Routing 150: Walk: 121
2019-09-05_00:29:53.000[Battery Energy]76.48
2019-09-05_00:29:53.295[Status]Routing 151: Walk: 121
2019-09-05_00:29:53.408[Battery Energy]76.23
2019-09-05_00:29:53.535[Status]Routing 152: Walk: 121
2019-09-05_00:29:53.635[Battery Energy]76.12
2019-09-05_00:29:53.858[Status]Routing 153: Walk: 121
2019-09-05_00:29:53.984[Battery Energy]76.00
2019-09-05_00:29:54.206[Status]Routing 154: Walk: 121
2019-09-05_00:29:54.320[Battery Energy]75.89
2019-09-05_00:29:54.566[Status]Routing 155: Walk: 121
2019-09-05_00:29:54.672[Battery Energy]75.72
2019-09-05_00:29:54.844[Status]Routing 156: Walk: 121
2019-09-05_00:29:54.950[Battery Energy]75.60
2019-09-05_00:29:55.161[Status]Routing 157: Walk: 121
2019-09-05_00:29:55.261[Battery Energy]75.46
