2019-09-05_00:28:47.490[Status]Start.
2019-09-05_00:28:47.491[Battery Energy]118.00
2019-09-05_00:28:48.592[Battery Energy]117.96
2019-09-05_00:28:49.693[Battery Energy]117.92
2019-09-05_00:28:50.794[Battery Energy]117.88
2019-09-05_00:28:51.894[Battery Energy]117.84
2019-09-05_00:28:52.995[Task]A New Task Released.
2019-09-05_00:28:52.996[Battery Energy]117.80
2019-09-05_00:28:52.996[Status]Selection Start.
2019-09-05_00:28:53.996[Status]Selection End: Do Task 2.
2019-09-05_00:28:54.124[Battery Energy]117.16
2019-09-05_00:28:54.124[Status]Formation Start.
2019-09-05_00:28:54.277[Status]Formation End: To Position 4.
2019-09-05_00:28:54.382[Battery Energy]117.05
2019-09-05_00:28:54.382[Status]Routing Start.
2019-09-05_00:28:54.606[Status]{'id': 17, 'coordinate': [136.02914303801538, 544.701793862661]}
2019-09-05_00:28:54.606[Status]Routing 1: Walk: 1
2019-09-05_00:28:54.716[Battery Energy]116.81
2019-09-05_00:28:54.716[Status]Routing Start.
2019-09-05_00:28:54.841[Status]{'id': 17, 'coordinate': [145.05828607603075, 540.403587725322]}
2019-09-05_00:28:54.841[Status]Routing 2: Walk: 2
2019-09-05_00:28:54.952[Battery Energy]116.58
2019-09-05_00:28:54.952[Status]Routing Start.
2019-09-05_00:28:55.096[Status]{'id': 17, 'coordinate': [154.08742911404613, 536.1053815879831]}
2019-09-05_00:28:55.096[Status]Routing 3: Walk: 3
2019-09-05_00:28:55.197[Battery Energy]116.37
2019-09-05_00:28:55.197[Status]Routing Start.
2019-09-05_00:28:55.447[Status]{'id': 17, 'coordinate': [163.1165721520615, 531.8071754506441]}
2019-09-05_00:28:55.447[Status]Routing 4: Walk: 4
2019-09-05_00:28:55.548[Battery Energy]116.09
2019-09-05_00:28:55.548[Status]Routing Start.
2019-09-05_00:28:55.801[Status]{'id': 17, 'coordinate': [172.14571519007688, 527.5089693133051]}
2019-09-05_00:28:55.801[Status]Routing 5: Walk: 5
2019-09-05_00:28:55.908[Battery Energy]115.82
2019-09-05_00:28:55.908[Status]Routing Start.
2019-09-05_00:28:56.237[Status]{'id': 17, 'coordinate': [181.17485822809226, 523.2107631759661]}
2019-09-05_00:28:56.237[Status]Routing 6: Walk: 6
2019-09-05_00:28:56.337[Battery Energy]115.50
2019-09-05_00:28:56.337[Status]Routing Start.
2019-09-05_00:28:56.669[Status]{'id': 17, 'coordinate': [190.20400126610764, 518.9125570386271]}
2019-09-05_00:28:56.669[Status]Routing 7: Walk: 7
2019-09-05_00:28:56.769[Battery Energy]115.19
2019-09-05_00:28:56.769[Status]Routing Start.
2019-09-05_00:28:57.234[Status]{'id': 17, 'coordinate': [199.23314430412302, 514.6143509012882]}
2019-09-05_00:28:57.234[Status]Routing 8: Walk: 8
2019-09-05_00:28:57.344[Battery Energy]114.78
2019-09-05_00:28:57.344[Status]Routing Start.
2019-09-05_00:28:57.801[Status]{'id': 17, 'coordinate': [208.2622873421384, 510.3161447639492]}
2019-09-05_00:28:57.807[Status]Routing 9: Walk: 9
2019-09-05_00:28:57.907[Battery Energy]114.48
2019-09-05_00:28:57.907[Status]Routing Start.
2019-09-05_00:28:58.221[Status]{'id': 17, 'coordinate': [217.29143038015377, 506.0179386266102]}
2019-09-05_00:28:58.221[Status]Routing 10: Walk: 10
2019-09-05_00:28:58.322[Battery Energy]114.17
2019-09-05_00:28:58.322[Status]Routing Start.
2019-09-05_00:28:58.687[Status]{'id': 17, 'coordinate': [226.32057341816915, 501.7197324892712]}
2019-09-05_00:28:58.687[Status]Routing 11: Walk: 11
2019-09-05_00:28:58.787[Battery Energy]113.80
2019-09-05_00:28:58.788[Status]Routing Start.
2019-09-05_00:28:59.183[Status]{'id': 17, 'coordinate': [235.34971645618452, 497.42152635193224]}
2019-09-05_00:28:59.183[Status]Routing 12: Walk: 12
2019-09-05_00:28:59.288[Battery Energy]113.37
2019-09-05_00:28:59.288[Status]Routing Start.
2019-09-05_00:28:59.679[Status]{'id': 17, 'coordinate': [244.3788594941999, 493.12332021459326]}
2019-09-05_00:28:59.679[Status]Routing 13: Walk: 13
2019-09-05_00:28:59.779[Battery Energy]113.03
2019-09-05_00:28:59.779[Status]Routing Start.
2019-09-05_00:29:00.074[Status]{'id': 17, 'coordinate': [253.40800253221528, 488.8251140772543]}
2019-09-05_00:29:00.074[Status]Routing 14: Walk: 14
2019-09-05_00:29:00.174[Battery Energy]112.77
2019-09-05_00:29:00.174[Status]Routing Start.
2019-09-05_00:29:00.523[Status]{'id': 17, 'coordinate': [262.43714557023065, 484.5269079399153]}
2019-09-05_00:29:00.523[Status]Routing 15: Walk: 15
2019-09-05_00:29:00.624[Battery Energy]112.43
2019-09-05_00:29:00.624[Status]Routing Start.
2019-09-05_00:29:01.001[Status]{'id': 17, 'coordinate': [271.46628860824603, 480.2287018025763]}
2019-09-05_00:29:01.004[Status]Routing 16: Walk: 16
2019-09-05_00:29:01.105[Battery Energy]112.12
2019-09-05_00:29:01.105[Status]Routing Start.
2019-09-05_00:29:01.422[Status]{'id': 17, 'coordinate': [280.4954316462614, 475.93049566523734]}
2019-09-05_00:29:01.423[Status]Routing 17: Walk: 17
2019-09-05_00:29:01.532[Battery Energy]111.83
2019-09-05_00:29:01.532[Status]Routing Start.
2019-09-05_00:29:01.987[Status]{'id': 17, 'coordinate': [289.5245746842768, 471.63228952789837]}
2019-09-05_00:29:01.990[Status]Routing 18: Walk: 18
2019-09-05_00:29:02.091[Battery Energy]111.39
2019-09-05_00:29:02.091[Status]Routing Start.
2019-09-05_00:29:02.362[Status]{'id': 17, 'coordinate': [298.55371772229216, 467.3340833905594]}
2019-09-05_00:29:02.362[Status]Routing 19: Walk: 19
2019-09-05_00:29:02.462[Battery Energy]111.05
2019-09-05_00:29:02.462[Status]Routing Start.
2019-09-05_00:29:02.819[Status]{'id': 17, 'coordinate': [307.58286076030754, 463.0358772532204]}
2019-09-05_00:29:02.819[Status]Routing 20: Walk: 20
2019-09-05_00:29:02.920[Battery Energy]110.67
2019-09-05_00:29:02.920[Status]Routing Start.
2019-09-05_00:29:03.058[Status]{'id': 17, 'coordinate': [316.6120037983229, 458.7376711158814]}
2019-09-05_00:29:03.058[Status]Routing 21: Walk: 21
2019-09-05_00:29:03.158[Battery Energy]110.47
2019-09-05_00:29:03.158[Status]Routing Start.
2019-09-05_00:29:03.509[Status]{'id': 17, 'coordinate': [325.6411468363383, 454.43946497854245]}
2019-09-05_00:29:03.509[Status]Routing 22: Walk: 22
2019-09-05_00:29:03.609[Battery Energy]110.13
2019-09-05_00:29:03.609[Status]Routing Start.
2019-09-05_00:29:03.990[Status]{'id': 17, 'coordinate': [334.67028987435367, 450.14125884120347]}
2019-09-05_00:29:03.990[Status]Routing 23: Walk: 23
2019-09-05_00:29:04.096[Battery Energy]109.82
2019-09-05_00:29:04.096[Status]Routing Start.
2019-09-05_00:29:04.449[Status]{'id': 17, 'coordinate': [343.69943291236905, 445.8430527038645]}
2019-09-05_00:29:04.449[Status]Routing 24: Walk: 24
2019-09-05_00:29:04.564[Battery Energy]109.51
2019-09-05_00:29:04.564[Status]Routing Start.
2019-09-05_00:29:04.939[Status]{'id': 17, 'coordinate': [352.7285759503844, 441.5448465665255]}
2019-09-05_00:29:04.945[Status]Routing 25: Walk: 25
2019-09-05_00:29:05.048[Battery Energy]109.20
2019-09-05_00:29:05.048[Status]Routing Start.
2019-09-05_00:29:05.573[Status]{'id': 17, 'coordinate': [360.0331941699644, 448.3743818849919]}
2019-09-05_00:29:05.573[Status]Routing 26: Walk: 26
2019-09-05_00:29:05.673[Battery Energy]108.73
2019-09-05_00:29:05.673[Status]Routing Start.
2019-09-05_00:29:05.839[Status]{'id': 17, 'coordinate': [369.0088556012988, 443.96558365077254]}
2019-09-05_00:29:05.839[Status]Routing 27: Walk: 27
2019-09-05_00:29:05.940[Battery Energy]108.51
2019-09-05_00:29:05.940[Status]Routing Start.
2019-09-05_00:29:06.473[Status]{'id': 17, 'coordinate': [377.3274158701592, 449.5154985197897]}
2019-09-05_00:29:06.477[Status]Routing 28: Walk: 28
2019-09-05_00:29:06.577[Battery Energy]107.99
2019-09-05_00:29:06.577[Status]Routing Start.
2019-09-05_00:29:06.756[Status]{'id': 17, 'coordinate': [386.25112006717836, 445.0024614709607]}
2019-09-05_00:29:06.756[Status]Routing 29: Walk: 29
2019-09-05_00:29:06.860[Battery Energy]107.73
2019-09-05_00:29:06.860[Status]Routing Start.
2019-09-05_00:29:07.424[Status]{'id': 17, 'coordinate': [395.1748242641975, 440.4894244221318]}
2019-09-05_00:29:07.424[Status]Routing 30: Walk: 30
2019-09-05_00:29:07.525[Battery Energy]107.22
2019-09-05_00:29:07.525[Status]Routing Start.
2019-09-05_00:29:07.854[Status]{'id': 17, 'coordinate': [404.0985284612167, 435.9763873733028]}
2019-09-05_00:29:07.854[Status]Routing 31: Walk: 31
2019-09-05_00:29:07.954[Battery Energy]106.87
2019-09-05_00:29:07.954[Status]Routing Start.
2019-09-05_00:29:08.267[Status]{'id': 17, 'coordinate': [413.02223265823585, 431.4633503244739]}
2019-09-05_00:29:08.267[Status]Routing 32: Walk: 32
2019-09-05_00:29:08.367[Battery Energy]106.51
2019-09-05_00:29:08.367[Status]Routing Start.
2019-09-05_00:29:08.564[Status]{'id': 17, 'coordinate': [421.945936855255, 426.95031327564493]}
2019-09-05_00:29:08.564[Status]Routing 33: Walk: 33
2019-09-05_00:29:08.664[Battery Energy]106.24
2019-09-05_00:29:08.664[Status]Routing Start.
2019-09-05_00:29:09.150[Status]{'id': 17, 'coordinate': [430.8696410522742, 422.437276226816]}
2019-09-05_00:29:09.150[Status]Routing 34: Walk: 34
2019-09-05_00:29:09.250[Battery Energy]105.73
2019-09-05_00:29:09.250[Status]Routing Start.
2019-09-05_00:29:09.604[Status]Routing 35: Walk: 34
2019-09-05_00:29:09.704[Battery Energy]105.40
2019-09-05_00:29:09.704[Status]Routing Start.
2019-09-05_00:29:10.010[Status]Routing 36: Walk: 34
2019-09-05_00:29:10.110[Battery Energy]105.10
2019-09-05_00:29:10.110[Status]Routing Start.
2019-09-05_00:29:10.500[Status]Routing 37: Walk: 34
2019-09-05_00:29:10.603[Battery Energy]104.76
2019-09-05_00:29:10.603[Status]Routing Start.
2019-09-05_00:29:10.875[Status]{'id': 17, 'coordinate': [439.79334524929334, 417.92423917798703]}
2019-09-05_00:29:10.876[Status]Routing 38: Walk: 35
2019-09-05_00:29:10.976[Battery Energy]104.42
2019-09-05_00:29:10.976[Status]Routing Start.
2019-09-05_00:29:11.155[Status]{'id': 17, 'coordinate': [448.7170494463125, 413.4112021291581]}
2019-09-05_00:29:11.155[Status]Routing 39: Walk: 36
2019-09-05_00:29:11.264[Battery Energy]104.19
2019-09-05_00:29:11.264[Status]Routing Start.
2019-09-05_00:29:11.598[Status]{'id': 17, 'coordinate': [457.64075364333166, 408.89816508032914]}
2019-09-05_00:29:11.598[Status]Routing 40: Walk: 37
2019-09-05_00:29:11.710[Battery Energy]103.87
2019-09-05_00:29:11.710[Status]Routing Start.
2019-09-05_00:29:11.903[Status]{'id': 17, 'coordinate': [466.5644578403508, 404.3851280315002]}
2019-09-05_00:29:11.903[Status]Routing 41: Walk: 38
2019-09-05_00:29:12.003[Battery Energy]103.61
2019-09-05_00:29:12.003[Status]Routing Start.
2019-09-05_00:29:12.334[Status]{'id': 17, 'coordinate': [475.48816203737, 399.87209098267124]}
2019-09-05_00:29:12.334[Status]Routing 42: Walk: 39
2019-09-05_00:29:12.434[Battery Energy]103.24
2019-09-05_00:29:12.434[Status]Routing Start.
2019-09-05_00:29:12.870[Status]Routing 43: Walk: 39
2019-09-05_00:29:12.970[Battery Energy]102.89
2019-09-05_00:29:12.970[Status]Routing Start.
2019-09-05_00:29:13.313[Status]Routing 44: Walk: 39
2019-09-05_00:29:13.413[Battery Energy]102.56
2019-09-05_00:29:13.413[Status]Routing Start.
2019-09-05_00:29:13.636[Status]{'id': 17, 'coordinate': [484.41186623438915, 395.3590539338423]}
2019-09-05_00:29:13.636[Status]Routing 45: Walk: 40
2019-09-05_00:29:13.737[Battery Energy]102.29
2019-09-05_00:29:13.737[Status]Routing Start.
2019-09-05_00:29:14.078[Status]{'id': 17, 'coordinate': [493.3355704314083, 390.84601688501334]}
2019-09-05_00:29:14.078[Status]Routing 46: Walk: 41
2019-09-05_00:29:14.180[Battery Energy]101.97
2019-09-05_00:29:14.180[Status]Routing Start.
2019-09-05_00:29:14.432[Status]{'id': 17, 'coordinate': [502.2592746284275, 386.3329798361844]}
2019-09-05_00:29:14.432[Status]Routing 47: Walk: 42
2019-09-05_00:29:14.544[Battery Energy]101.69
2019-09-05_00:29:14.544[Status]Routing Start.
2019-09-05_00:29:14.713[Status]{'id': 17, 'coordinate': [511.18297882544664, 381.81994278735544]}
2019-09-05_00:29:14.713[Status]Routing 48: Walk: 43
2019-09-05_00:29:14.824[Battery Energy]101.47
2019-09-05_00:29:14.824[Status]Routing Start.
2019-09-05_00:29:15.097[Status]{'id': 17, 'coordinate': [520.1066830224657, 377.3069057385265]}
2019-09-05_00:29:15.098[Status]Routing 49: Walk: 44
2019-09-05_00:29:15.201[Battery Energy]101.20
2019-09-05_00:29:15.201[Status]Routing Start.
2019-09-05_00:29:15.647[Status]{'id': 17, 'coordinate': [529.0303872194849, 372.79386868969755]}
2019-09-05_00:29:15.647[Status]Routing 50: Walk: 45
2019-09-05_00:29:15.760[Battery Energy]100.88
2019-09-05_00:29:15.760[Status]Routing Start.
2019-09-05_00:29:16.214[Status]{'id': 17, 'coordinate': [537.954091416504, 368.2808316408686]}
2019-09-05_00:29:16.214[Status]Routing 51: Walk: 46
2019-09-05_00:29:16.314[Battery Energy]100.51
2019-09-05_00:29:16.314[Status]Routing Start.
2019-09-05_00:29:16.637[Status]{'id': 17, 'coordinate': [546.8777956135231, 363.76779459203965]}
2019-09-05_00:29:16.637[Status]Routing 52: Walk: 47
2019-09-05_00:29:16.737[Battery Energy]100.22
2019-09-05_00:29:16.737[Status]Routing Start.
2019-09-05_00:29:17.046[Status]{'id': 17, 'coordinate': [555.8014998105422, 359.2547575432107]}
2019-09-05_00:29:17.046[Status]Routing 53: Walk: 48
2019-09-05_00:29:17.156[Battery Energy]99.91
2019-09-05_00:29:17.156[Status]Routing Start.
2019-09-05_00:29:17.449[Status]{'id': 17, 'coordinate': [564.7252040075613, 354.74172049438175]}
2019-09-05_00:29:17.449[Status]Routing 54: Walk: 49
2019-09-05_00:29:17.551[Battery Energy]99.64
2019-09-05_00:29:17.551[Status]Routing Start.
2019-09-05_00:29:17.847[Status]{'id': 17, 'coordinate': [573.6489082045804, 350.2286834455528]}
2019-09-05_00:29:17.847[Status]Routing 55: Walk: 50
2019-09-05_00:29:17.960[Battery Energy]99.32
2019-09-05_00:29:17.960[Status]Routing Start.
2019-09-05_00:29:18.114[Status]{'id': 17, 'coordinate': [582.5726124015995, 345.71564639672386]}
2019-09-05_00:29:18.114[Status]Routing 56: Walk: 51
2019-09-05_00:29:18.232[Battery Energy]99.11
2019-09-05_00:29:18.232[Status]Routing Start.
2019-09-05_00:29:18.548[Status]{'id': 17, 'coordinate': [591.4963165986186, 341.2026093478949]}
2019-09-05_00:29:18.548[Status]Routing 57: Walk: 52
2019-09-05_00:29:18.668[Battery Energy]98.76
2019-09-05_00:29:18.668[Status]Routing Start.
2019-09-05_00:29:18.821[Status]{'id': 17, 'coordinate': [600.4200207956377, 336.68957229906596]}
2019-09-05_00:29:18.821[Status]Routing 58: Walk: 53
2019-09-05_00:29:18.921[Battery Energy]98.52
2019-09-05_00:29:18.921[Status]Routing Start.
2019-09-05_00:29:19.157[Status]{'id': 17, 'coordinate': [609.3437249926568, 332.176535250237]}
2019-09-05_00:29:19.157[Status]Routing 59: Walk: 54
2019-09-05_00:29:19.257[Battery Energy]98.27
2019-09-05_00:29:19.257[Status]Routing Start.
2019-09-05_00:29:19.514[Status]{'id': 17, 'coordinate': [618.2674291896759, 327.66349820140806]}
2019-09-05_00:29:19.514[Status]Routing 60: Walk: 55
2019-09-05_00:29:19.632[Battery Energy]98.00
2019-09-05_00:29:19.632[Status]Routing Start.
2019-09-05_00:29:19.801[Status]{'id': 17, 'coordinate': [627.191133386695, 323.1504611525791]}
2019-09-05_00:29:19.802[Status]Routing 61: Walk: 56
2019-09-05_00:29:19.905[Battery Energy]97.78
2019-09-05_00:29:19.905[Status]Routing Start.
2019-09-05_00:29:20.126[Status]{'id': 17, 'coordinate': [636.1148375837141, 318.63742410375016]}
2019-09-05_00:29:20.126[Status]Routing 62: Walk: 57
2019-09-05_00:29:20.228[Battery Energy]97.53
2019-09-05_00:29:20.228[Status]Routing Start.
2019-09-05_00:29:20.419[Status]{'id': 17, 'coordinate': [645.0385417807332, 314.1243870549212]}
2019-09-05_00:29:20.419[Status]Routing 63: Walk: 58
2019-09-05_00:29:20.524[Battery Energy]97.31
2019-09-05_00:29:20.524[Status]Routing Start.
2019-09-05_00:29:20.821[Status]{'id': 17, 'coordinate': [653.9622459777523, 309.61135000609227]}
2019-09-05_00:29:20.821[Status]Routing 64: Walk: 59
2019-09-05_00:29:20.928[Battery Energy]97.03
2019-09-05_00:29:20.928[Status]Routing Start.
2019-09-05_00:29:21.147[Status]{'id': 17, 'coordinate': [662.8859501747714, 305.0983129572633]}
2019-09-05_00:29:21.147[Status]Routing 65: Walk: 60
2019-09-05_00:29:21.247[Battery Energy]96.81
2019-09-05_00:29:21.247[Status]Routing Start.
2019-09-05_00:29:21.753[Status]{'id': 17, 'coordinate': [671.8096543717905, 300.58527590843437]}
2019-09-05_00:29:21.753[Status]Routing 66: Walk: 61
2019-09-05_00:29:21.853[Battery Energy]96.42
2019-09-05_00:29:21.853[Status]Routing Start.
2019-09-05_00:29:22.087[Status]{'id': 17, 'coordinate': [680.7333585688096, 296.0722388596054]}
2019-09-05_00:29:22.087[Status]Routing 67: Walk: 62
2019-09-05_00:29:22.196[Battery Energy]96.13
2019-09-05_00:29:22.196[Status]Routing Start.
2019-09-05_00:29:22.426[Status]{'id': 17, 'coordinate': [689.6570627658288, 291.55920181077647]}
2019-09-05_00:29:22.426[Status]Routing 68: Walk: 63
2019-09-05_00:29:22.526[Battery Energy]95.85
2019-09-05_00:29:22.526[Status]Routing Start.
2019-09-05_00:29:22.865[Status]{'id': 17, 'coordinate': [698.5807669628479, 287.0461647619475]}
2019-09-05_00:29:22.865[Status]Routing 69: Walk: 64
2019-09-05_00:29:22.976[Battery Energy]95.55
2019-09-05_00:29:22.976[Status]Routing Start.
2019-09-05_00:29:23.362[Status]{'id': 17, 'coordinate': [707.504471159867, 282.5331277131186]}
2019-09-05_00:29:23.362[Status]Routing 70: Walk: 65
2019-09-05_00:29:23.486[Battery Energy]95.22
2019-09-05_00:29:23.486[Status]Routing Start.
2019-09-05_00:29:23.633[Status]{'id': 17, 'coordinate': [716.4281753568861, 278.0200906642896]}
2019-09-05_00:29:23.633[Status]Routing 71: Walk: 66
2019-09-05_00:29:23.740[Battery Energy]95.01
2019-09-05_00:29:23.740[Status]Routing Start.
2019-09-05_00:29:24.190[Status]{'id': 17, 'coordinate': [725.3518795539052, 273.5070536154607]}
2019-09-05_00:29:24.190[Status]Routing 72: Walk: 67
2019-09-05_00:29:24.304[Battery Energy]94.67
2019-09-05_00:29:24.304[Status]Routing Start.
2019-09-05_00:29:24.505[Status]{'id': 17, 'coordinate': [734.2755837509243, 268.99401656663173]}
2019-09-05_00:29:24.505[Status]Routing 73: Walk: 68
2019-09-05_00:29:24.605[Battery Energy]94.43
2019-09-05_00:29:24.605[Status]Routing Start.
2019-09-05_00:29:24.926[Status]{'id': 17, 'coordinate': [743.1992879479434, 264.4809795178028]}
2019-09-05_00:29:24.926[Status]Routing 74: Walk: 69
2019-09-05_00:29:25.026[Battery Energy]94.16
2019-09-05_00:29:25.026[Status]Routing Start.
2019-09-05_00:29:25.425[Status]{'id': 17, 'coordinate': [752.1229921449625, 259.96794246897383]}
2019-09-05_00:29:25.425[Status]Routing 75: Walk: 70
2019-09-05_00:29:25.527[Battery Energy]93.80
2019-09-05_00:29:25.527[Status]Routing Start.
2019-09-05_00:29:25.885[Status]{'id': 17, 'coordinate': [761.0466963419816, 255.45490542014485]}
2019-09-05_00:29:25.885[Status]Routing 76: Walk: 71
2019-09-05_00:29:25.986[Battery Energy]93.49
2019-09-05_00:29:25.986[Status]Routing Start.
2019-09-05_00:29:26.284[Status]{'id': 17, 'coordinate': [769.9704005390007, 250.94186837131588]}
2019-09-05_00:29:26.284[Status]Routing 77: Walk: 72
2019-09-05_00:29:26.385[Battery Energy]93.21
2019-09-05_00:29:26.385[Status]Routing Start.
2019-09-05_00:29:26.603[Status]{'id': 17, 'coordinate': [778.8941047360198, 246.42883132248693]}
2019-09-05_00:29:26.603[Status]Routing 78: Walk: 73
2019-09-05_00:29:26.704[Battery Energy]92.98
2019-09-05_00:29:26.704[Status]Routing Start.
2019-09-05_00:29:26.867[Status]{'id': 17, 'coordinate': [787.8178089330389, 241.91579427365798]}
2019-09-05_00:29:26.870[Status]Routing 79: Walk: 74
2019-09-05_00:29:26.984[Battery Energy]92.77
2019-09-05_00:29:26.984[Status]Routing Start.
2019-09-05_00:29:27.177[Status]{'id': 17, 'coordinate': [796.741513130058, 237.40275722482903]}
2019-09-05_00:29:27.178[Status]Routing 80: Walk: 75
2019-09-05_00:29:27.280[Battery Energy]92.54
2019-09-05_00:29:27.280[Status]Routing Start.
2019-09-05_00:29:27.474[Status]{'id': 17, 'coordinate': [805.6652173270771, 232.88972017600008]}
2019-09-05_00:29:27.474[Status]Routing 81: Walk: 76
2019-09-05_00:29:27.574[Battery Energy]92.31
2019-09-05_00:29:27.574[Status]Routing Start.
2019-09-05_00:29:27.999[Status]{'id': 17, 'coordinate': [814.5889215240962, 228.37668312717113]}
2019-09-05_00:29:27.999[Status]Routing 82: Walk: 77
2019-09-05_00:29:28.102[Battery Energy]92.01
2019-09-05_00:29:28.102[Status]Routing Start.
2019-09-05_00:29:28.274[Status]{'id': 17, 'coordinate': [823.5126257211153, 223.86364607834219]}
2019-09-05_00:29:28.274[Status]Routing 83: Walk: 78
2019-09-05_00:29:28.403[Battery Energy]91.82
2019-09-05_00:29:28.403[Status]Routing Start.
2019-09-05_00:29:28.768[Status]{'id': 17, 'coordinate': [832.4363299181344, 219.35060902951324]}
2019-09-05_00:29:28.768[Status]Routing 84: Walk: 79
2019-09-05_00:29:28.872[Battery Energy]91.50
2019-09-05_00:29:28.872[Status]Routing Start.
2019-09-05_00:29:29.156[Status]{'id': 17, 'coordinate': [841.3600341151536, 214.8375719806843]}
2019-09-05_00:29:29.156[Status]Routing 85: Walk: 80
2019-09-05_00:29:29.264[Battery Energy]91.21
2019-09-05_00:29:29.264[Status]Routing Start.
2019-09-05_00:29:29.446[Status]{'id': 17, 'coordinate': [850.2837383121727, 210.32453493185534]}
2019-09-05_00:29:29.446[Status]Routing 86: Walk: 81
2019-09-05_00:29:29.556[Battery Energy]90.99
2019-09-05_00:29:29.556[Status]Routing Start.
2019-09-05_00:29:29.741[Status]{'id': 17, 'coordinate': [859.2074425091918, 205.8114978830264]}
2019-09-05_00:29:29.741[Status]Routing 87: Walk: 82
2019-09-05_00:29:29.841[Battery Energy]90.80
2019-09-05_00:29:29.841[Status]Routing Start.
2019-09-05_00:29:30.207[Status]{'id': 17, 'coordinate': [868.1311467062109, 201.29846083419744]}
2019-09-05_00:29:30.207[Status]Routing 88: Walk: 83
2019-09-05_00:29:30.312[Battery Energy]90.50
2019-09-05_00:29:30.312[Status]Routing Start.
2019-09-05_00:29:30.473[Status]{'id': 17, 'coordinate': [877.05485090323, 196.7854237853685]}
2019-09-05_00:29:30.473[Status]Routing 89: Walk: 84
2019-09-05_00:29:30.576[Battery Energy]90.28
2019-09-05_00:29:30.576[Status]Routing Start.
2019-09-05_00:29:31.004[Status]{'id': 17, 'coordinate': [885.9785551002491, 192.27238673653954]}
2019-09-05_00:29:31.004[Status]Routing 90: Walk: 85
2019-09-05_00:29:31.104[Battery Energy]89.96
2019-09-05_00:29:31.104[Status]Routing Start.
2019-09-05_00:29:31.428[Status]{'id': 17, 'coordinate': [894.9022592972682, 187.7593496877106]}
2019-09-05_00:29:31.428[Status]Routing 91: Walk: 86
2019-09-05_00:29:31.540[Battery Energy]89.64
2019-09-05_00:29:31.540[Status]Routing Start.
2019-09-05_00:29:31.980[Status]Routing 92: Walk: 86
2019-09-05_00:29:32.080[Battery Energy]89.29
2019-09-05_00:29:32.080[Status]Routing Start.
2019-09-05_00:29:32.332[Status]{'id': 17, 'coordinate': [903.8259634942873, 183.24631263888165]}
2019-09-05_00:29:32.333[Status]Routing 93: Walk: 87
2019-09-05_00:29:32.433[Battery Energy]89.01
2019-09-05_00:29:32.433[Status]Routing Start.
2019-09-05_00:29:32.797[Status]{'id': 17, 'coordinate': [912.7496676913064, 178.7332755900527]}
2019-09-05_00:29:32.797[Status]Routing 94: Walk: 88
2019-09-05_00:29:32.907[Battery Energy]88.71
2019-09-05_00:29:32.907[Status]Routing Start.
2019-09-05_00:29:33.248[Status]{'id': 17, 'coordinate': [921.6733718883255, 174.22023854122375]}
2019-09-05_00:29:33.249[Status]Routing 95: Walk: 89
2019-09-05_00:29:33.349[Battery Energy]88.42
2019-09-05_00:29:33.349[Status]Routing Start.
2019-09-05_00:29:33.685[Status]{'id': 17, 'coordinate': [930.5970760853446, 169.7072014923948]}
2019-09-05_00:29:33.685[Status]Routing 96: Walk: 90
2019-09-05_00:29:33.785[Battery Energy]88.09
2019-09-05_00:29:33.785[Status]Routing Start.
2019-09-05_00:29:34.165[Status]{'id': 17, 'coordinate': [939.5207802823637, 165.19416444356585]}
2019-09-05_00:29:34.165[Status]Routing 97: Walk: 91
2019-09-05_00:29:34.280[Battery Energy]87.77
2019-09-05_00:29:34.280[Status]Routing Start.
2019-09-05_00:29:34.656[Status]{'id': 17, 'coordinate': [948.4444844793828, 160.6811273947369]}
2019-09-05_00:29:34.656[Status]Routing 98: Walk: 92
2019-09-05_00:29:34.756[Battery Energy]87.47
2019-09-05_00:29:34.756[Status]Routing Start.
2019-09-05_00:29:35.086[Status]{'id': 17, 'coordinate': [957.3681886764019, 156.16809034590796]}
2019-09-05_00:29:35.086[Status]Routing 99: Walk: 93
2019-09-05_00:29:35.196[Battery Energy]87.10
2019-09-05_00:29:35.196[Status]Routing Start.
2019-09-05_00:29:35.466[Status]{'id': 17, 'coordinate': [966.291892873421, 151.655053297079]}
2019-09-05_00:29:35.466[Status]Routing 100: Walk: 94
2019-09-05_00:29:35.566[Battery Energy]86.81
2019-09-05_00:29:35.566[Status]Routing Start.
2019-09-05_00:29:35.789[Status]{'id': 17, 'coordinate': [975.2155970704401, 147.14201624825006]}
2019-09-05_00:29:35.789[Status]Routing 101: Walk: 95
2019-09-05_00:29:35.896[Battery Energy]86.58
2019-09-05_00:29:35.896[Status]Routing Start.
2019-09-05_00:29:36.226[Status]{'id': 17, 'coordinate': [984.1393012674592, 142.6289791994211]}
2019-09-05_00:29:36.226[Status]Routing 102: Walk: 96
2019-09-05_00:29:36.340[Battery Energy]86.26
2019-09-05_00:29:36.340[Status]Routing Start.
2019-09-05_00:29:36.577[Status]{'id': 17, 'coordinate': [993.0630054644784, 138.11594215059216]}
2019-09-05_00:29:36.577[Status]Routing 103: Walk: 97
2019-09-05_00:29:36.684[Battery Energy]85.98
2019-09-05_00:29:36.684[Status]Routing Start.
2019-09-05_00:29:36.925[Status]{'id': 17, 'coordinate': [1001.9867096614976, 133.60290510176324]}
2019-09-05_00:29:36.925[Status]Routing 104: Walk: 98
2019-09-05_00:29:37.025[Battery Energy]85.73
2019-09-05_00:29:37.026[Status]Routing Start.
2019-09-05_00:29:37.199[Status]{'id': 17, 'coordinate': [1010.9104138585167, 129.0898680529343]}
2019-09-05_00:29:37.200[Status]Routing 105: Walk: 99
2019-09-05_00:29:37.304[Battery Energy]85.52
2019-09-05_00:29:37.304[Status]Routing Start.
2019-09-05_00:29:37.504[Status]{'id': 17, 'coordinate': [1019.8341180555359, 124.57683100410536]}
2019-09-05_00:29:37.504[Status]Routing 106: Walk: 100
2019-09-05_00:29:37.612[Battery Energy]85.32
2019-09-05_00:29:37.612[Status]Routing Start.
2019-09-05_00:29:37.907[Status]{'id': 17, 'coordinate': [1028.7578222525551, 120.06379395527642]}
2019-09-05_00:29:37.907[Status]Routing 107: Walk: 101
2019-09-05_00:29:38.019[Battery Energy]85.06
2019-09-05_00:29:38.019[Status]Routing Start.
2019-09-05_00:29:38.201[Status]{'id': 17, 'coordinate': [1037.6815264495742, 115.55075690644746]}
2019-09-05_00:29:38.201[Status]Routing 108: Walk: 102
2019-09-05_00:29:38.304[Battery Energy]84.85
2019-09-05_00:29:38.304[Status]Routing Start.
2019-09-05_00:29:38.304[Status]Task Finished.
2019-09-05_00:29:38.405[Battery Energy]84.85
2019-09-05_00:29:38.644[Status]Routing 110: Walk: 102
2019-09-05_00:29:38.744[Battery Energy]84.72
2019-09-05_00:29:38.911[Status]Routing 111: Walk: 102
2019-09-05_00:29:39.011[Battery Energy]84.58
2019-09-05_00:29:39.277[Status]Routing 112: Walk: 102
2019-09-05_00:29:39.404[Battery Energy]84.38
2019-09-05_00:29:39.697[Status]Routing 113: Walk: 102
2019-09-05_00:29:39.808[Battery Energy]84.23
2019-09-05_00:29:39.993[Status]Routing 114: Walk: 102
2019-09-05_00:29:40.096[Battery Energy]84.11
2019-09-05_00:29:40.248[Status]Routing 115: Walk: 102
2019-09-05_00:29:40.350[Battery Energy]84.01
2019-09-05_00:29:40.506[Status]Routing 116: Walk: 102
2019-09-05_00:29:40.620[Battery Energy]83.91
2019-09-05_00:29:40.904[Status]Routing 117: Walk: 102
2019-09-05_00:29:41.004[Battery Energy]83.74
2019-09-05_00:29:41.310[Status]Routing 118: Walk: 102
2019-09-05_00:29:41.420[Battery Energy]83.56
2019-09-05_00:29:41.882[Status]Routing 119: Walk: 102
2019-09-05_00:29:41.992[Battery Energy]83.29
2019-09-05_00:29:42.285[Status]Routing 120: Walk: 102
2019-09-05_00:29:42.388[Battery Energy]83.12
2019-09-05_00:29:42.702[Status]Routing 121: Walk: 102
2019-09-05_00:29:42.808[Battery Energy]82.92
2019-09-05_00:29:43.143[Status]Routing 122: Walk: 102
2019-09-05_00:29:43.243[Battery Energy]82.73
2019-09-05_00:29:43.411[Status]Routing 123: Walk: 102
2019-09-05_00:29:43.528[Battery Energy]82.63
2019-09-05_00:29:43.834[Status]Routing 124: Walk: 102
2019-09-05_00:29:43.938[Battery Energy]82.38
2019-09-05_00:29:44.215[Status]Routing 125: Walk: 102
2019-09-05_00:29:44.315[Battery Energy]82.25
2019-09-05_00:29:44.494[Status]Routing 126: Walk: 102
2019-09-05_00:29:44.630[Battery Energy]82.14
2019-09-05_00:29:44.909[Status]Routing 127: Walk: 102
2019-09-05_00:29:45.024[Battery Energy]81.97
2019-09-05_00:29:45.300[Status]Routing 128: Walk: 102
2019-09-05_00:29:45.408[Battery Energy]81.83
2019-09-05_00:29:45.693[Status]Routing 129: Walk: 102
2019-09-05_00:29:45.797[Battery Energy]81.67
2019-09-05_00:29:46.007[Status]Routing 130: Walk: 102
2019-09-05_00:29:46.156[Battery Energy]81.51
2019-09-05_00:29:46.317[Status]Routing 131: Walk: 102
2019-09-05_00:29:46.420[Battery Energy]81.39
2019-09-05_00:29:46.588[Status]Routing 132: Walk: 102
2019-09-05_00:29:46.700[Battery Energy]81.30
2019-09-05_00:29:46.853[Status]Routing 133: Walk: 102
2019-09-05_00:29:46.953[Battery Energy]81.20
2019-09-05_00:29:47.243[Status]Routing 134: Walk: 102
2019-09-05_00:29:47.343[Battery Energy]81.00
2019-09-05_00:29:47.726[Status]Routing 135: Walk: 102
2019-09-05_00:29:47.836[Battery Energy]80.78
2019-09-05_00:29:48.014[Status]Routing 136: Walk: 102
2019-09-05_00:29:48.116[Battery Energy]80.65
2019-09-05_00:29:48.410[Status]Routing 137: Walk: 102
2019-09-05_00:29:48.511[Battery Energy]80.46
2019-09-05_00:29:48.789[Status]Routing 138: Walk: 102
2019-09-05_00:29:48.891[Battery Energy]80.27
2019-09-05_00:29:49.226[Status]Routing 139: Walk: 102
2019-09-05_00:29:49.332[Battery Energy]80.08
2019-09-05_00:29:49.554[Status]Routing 140: Walk: 102
2019-09-05_00:29:49.676[Battery Energy]79.92
2019-09-05_00:29:49.903[Status]Routing 141: Walk: 102
2019-09-05_00:29:50.020[Battery Energy]79.82
2019-09-05_00:29:50.193[Status]Routing 142: Walk: 102
2019-09-05_00:29:50.350[Battery Energy]79.70
2019-09-05_00:29:50.500[Status]Routing 143: Walk: 102
2019-09-05_00:29:50.616[Battery Energy]79.62
2019-09-05_00:29:50.784[Status]Routing 144: Walk: 102
2019-09-05_00:29:50.884[Battery Energy]79.51
2019-09-05_00:29:51.056[Status]Routing 145: Walk: 102
2019-09-05_00:29:51.176[Battery Energy]79.42
2019-09-05_00:29:51.383[Status]Routing 146: Walk: 102
2019-09-05_00:29:51.513[Battery Energy]79.27
2019-09-05_00:29:51.691[Status]Routing 147: Walk: 102
2019-09-05_00:29:51.791[Battery Energy]79.13
2019-09-05_00:29:52.067[Status]Routing 148: Walk: 102
2019-09-05_00:29:52.168[Battery Energy]78.99
2019-09-05_00:29:52.538[Status]Routing 149: Walk: 102
2019-09-05_00:29:52.638[Battery Energy]78.77
2019-09-05_00:29:52.895[Status]Routing 150: Walk: 102
2019-09-05_00:29:52.995[Battery Energy]78.66
2019-09-05_00:29:53.298[Status]Routing 151: Walk: 102
2019-09-05_00:29:53.408[Battery Energy]78.47
2019-09-05_00:29:53.537[Status]Routing 152: Walk: 102
2019-09-05_00:29:53.664[Battery Energy]78.37
2019-09-05_00:29:53.857[Status]Routing 153: Walk: 102
2019-09-05_00:29:53.980[Battery Energy]78.25
2019-09-05_00:29:54.207[Status]Routing 154: Walk: 102
2019-09-05_00:29:54.310[Battery Energy]78.17
2019-09-05_00:29:54.562[Status]Routing 155: Walk: 102
2019-09-05_00:29:54.662[Battery Energy]78.03
2019-09-05_00:29:54.851[Status]Routing 156: Walk: 102
2019-09-05_00:29:54.968[Battery Energy]77.89
2019-09-05_00:29:55.166[Status]Routing 157: Walk: 102
2019-09-05_00:29:55.280[Battery Energy]77.76
