2019-09-05_10:39:36.913[Status]Start.
2019-09-05_10:39:36.918[Battery Energy]123.00
2019-09-05_10:39:38.019[Battery Energy]122.96
2019-09-05_10:39:39.121[Battery Energy]122.92
2019-09-05_10:39:40.222[Battery Energy]122.88
2019-09-05_10:39:41.322[Battery Energy]122.84
2019-09-05_10:39:42.423[Task]A New Task Released.
2019-09-05_10:39:42.423[Battery Energy]122.80
2019-09-05_10:39:42.423[Status]Selection Start.
2019-09-05_10:39:45.470[Status]Selection End: Do Task 0.
2019-09-05_10:39:45.585[Battery Energy]120.49
2019-09-05_10:39:45.585[Status]Formation Start.
2019-09-05_10:39:45.766[Status]Formation End: To Position 6.
2019-09-05_10:39:45.869[Battery Energy]120.35
2019-09-05_10:39:45.869[Status]Routing Start.
2019-09-05_10:39:46.107[Status]{'id': 7, 'coordinate': [139.1531240662865, 622.0119519111333]}
2019-09-05_10:39:46.109[Status]Routing 1: Walk: 1
2019-09-05_10:39:46.213[Battery Energy]120.10
2019-09-05_10:39:46.213[Status]Routing Start.
2019-09-05_10:39:46.447[Status]{'id': 7, 'coordinate': [146.306248132573, 615.0239038222667]}
2019-09-05_10:39:46.451[Status]Routing 2: Walk: 2
2019-09-05_10:39:46.565[Battery Energy]119.87
2019-09-05_10:39:46.565[Status]Routing Start.
2019-09-05_10:39:46.777[Status]{'id': 7, 'coordinate': [153.45937219885948, 608.0358557334]}
2019-09-05_10:39:46.777[Status]Routing 3: Walk: 3
2019-09-05_10:39:46.877[Battery Energy]119.60
2019-09-05_10:39:46.877[Status]Routing Start.
2019-09-05_10:39:47.212[Status]{'id': 7, 'coordinate': [160.61249626514598, 601.0478076445333]}
2019-09-05_10:39:47.212[Status]Routing 4: Walk: 4
2019-09-05_10:39:47.321[Battery Energy]119.31
2019-09-05_10:39:47.321[Status]Routing Start.
2019-09-05_10:39:47.590[Status]{'id': 7, 'coordinate': [167.76562033143247, 594.0597595556667]}
2019-09-05_10:39:47.590[Status]Routing 5: Walk: 5
2019-09-05_10:39:47.717[Battery Energy]119.06
2019-09-05_10:39:47.717[Status]Routing Start.
2019-09-05_10:39:48.020[Status]{'id': 7, 'coordinate': [174.91874439771897, 587.0717114668]}
2019-09-05_10:39:48.020[Status]Routing 6: Walk: 6
2019-09-05_10:39:48.133[Battery Energy]118.79
2019-09-05_10:39:48.133[Status]Routing Start.
2019-09-05_10:39:48.420[Status]{'id': 7, 'coordinate': [182.07186846400546, 580.0836633779334]}
2019-09-05_10:39:48.421[Status]Routing 7: Walk: 7
2019-09-05_10:39:48.522[Battery Energy]118.49
2019-09-05_10:39:48.522[Status]Routing Start.
2019-09-05_10:39:48.877[Status]{'id': 7, 'coordinate': [189.22499253029196, 573.0956152890667]}
2019-09-05_10:39:48.877[Status]Routing 8: Walk: 8
2019-09-05_10:39:48.977[Battery Energy]118.17
2019-09-05_10:39:48.977[Status]Routing Start.
2019-09-05_10:39:49.305[Status]{'id': 7, 'coordinate': [196.37811659657845, 566.1075672002]}
2019-09-05_10:39:49.305[Status]Routing 9: Walk: 9
2019-09-05_10:39:49.413[Battery Energy]117.84
2019-09-05_10:39:49.413[Status]Routing Start.
2019-09-05_10:39:49.793[Status]{'id': 7, 'coordinate': [203.53124066286495, 559.1195191113334]}
2019-09-05_10:39:49.793[Status]Routing 10: Walk: 10
2019-09-05_10:39:49.899[Battery Energy]117.50
2019-09-05_10:39:49.899[Status]Routing Start.
2019-09-05_10:39:50.262[Status]{'id': 7, 'coordinate': [210.68436472915144, 552.1314710224667]}
2019-09-05_10:39:50.262[Status]Routing 11: Walk: 11
2019-09-05_10:39:50.368[Battery Energy]117.22
2019-09-05_10:39:50.368[Status]Routing Start.
2019-09-05_10:39:50.773[Status]{'id': 7, 'coordinate': [217.83748879543793, 545.1434229336]}
2019-09-05_10:39:50.773[Status]Routing 12: Walk: 12
2019-09-05_10:39:50.873[Battery Energy]116.86
2019-09-05_10:39:50.874[Status]Routing Start.
2019-09-05_10:39:51.335[Status]{'id': 7, 'coordinate': [224.99061286172443, 538.1553748447334]}
2019-09-05_10:39:51.335[Status]Routing 13: Walk: 13
2019-09-05_10:39:51.437[Battery Energy]116.53
2019-09-05_10:39:51.437[Status]Routing Start.
2019-09-05_10:39:51.862[Status]{'id': 7, 'coordinate': [232.14373692801092, 531.1673267558667]}
2019-09-05_10:39:51.862[Status]Routing 14: Walk: 14
2019-09-05_10:39:51.962[Battery Energy]116.23
2019-09-05_10:39:51.962[Status]Routing Start.
2019-09-05_10:39:52.297[Status]{'id': 7, 'coordinate': [239.29686099429742, 524.1792786670001]}
2019-09-05_10:39:52.297[Status]Routing 15: Walk: 15
2019-09-05_10:39:52.398[Battery Energy]115.91
2019-09-05_10:39:52.398[Status]Routing Start.
2019-09-05_10:39:52.852[Status]{'id': 7, 'coordinate': [246.4499850605839, 517.1912305781334]}
2019-09-05_10:39:52.853[Status]Routing 16: Walk: 16
2019-09-05_10:39:52.965[Battery Energy]115.52
2019-09-05_10:39:52.965[Status]Routing Start.
2019-09-05_10:39:53.320[Status]{'id': 7, 'coordinate': [253.6031091268704, 510.20318248926674]}
2019-09-05_10:39:53.320[Status]Routing 17: Walk: 17
2019-09-05_10:39:53.420[Battery Energy]115.17
2019-09-05_10:39:53.420[Status]Routing Start.
2019-09-05_10:39:53.818[Status]{'id': 7, 'coordinate': [260.7562331931569, 503.2151344004001]}
2019-09-05_10:39:53.818[Status]Routing 18: Walk: 18
2019-09-05_10:39:53.920[Battery Energy]114.81
2019-09-05_10:39:53.920[Status]Routing Start.
2019-09-05_10:39:54.252[Status]{'id': 7, 'coordinate': [267.90935725944337, 496.2270863115334]}
2019-09-05_10:39:54.252[Status]Routing 19: Walk: 19
2019-09-05_10:39:54.352[Battery Energy]114.48
2019-09-05_10:39:54.352[Status]Routing Start.
2019-09-05_10:39:54.788[Status]{'id': 7, 'coordinate': [275.06248132572983, 489.23903822266675]}
2019-09-05_10:39:54.789[Status]Routing 20: Walk: 20
2019-09-05_10:39:54.889[Battery Energy]114.06
2019-09-05_10:39:54.889[Status]Routing Start.
2019-09-05_10:39:55.212[Status]{'id': 7, 'coordinate': [282.2156053920163, 482.2509901338001]}
2019-09-05_10:39:55.212[Status]Routing 21: Walk: 21
2019-09-05_10:39:55.325[Battery Energy]113.73
2019-09-05_10:39:55.325[Status]Routing Start.
2019-09-05_10:39:55.665[Status]{'id': 7, 'coordinate': [289.36872945830277, 475.2629420449334]}
2019-09-05_10:39:55.665[Status]Routing 22: Walk: 22
2019-09-05_10:39:55.765[Battery Energy]113.41
2019-09-05_10:39:55.765[Status]Routing Start.
2019-09-05_10:39:56.078[Status]{'id': 7, 'coordinate': [296.52185352458923, 468.27489395606676]}
2019-09-05_10:39:56.078[Status]Routing 23: Walk: 23
2019-09-05_10:39:56.178[Battery Energy]113.08
2019-09-05_10:39:56.178[Status]Routing Start.
2019-09-05_10:39:56.689[Status]Routing 24: Walk: 23
2019-09-05_10:39:56.789[Battery Energy]112.68
2019-09-05_10:39:56.789[Status]Routing Start.
2019-09-05_10:39:56.927[Status]{'id': 7, 'coordinate': [303.6749775908757, 461.2868458672001]}
2019-09-05_10:39:56.927[Status]Routing 25: Walk: 24
2019-09-05_10:39:57.032[Battery Energy]112.48
2019-09-05_10:39:57.032[Status]Routing Start.
2019-09-05_10:39:57.438[Status]{'id': 7, 'coordinate': [310.82810165716216, 454.29879777833344]}
2019-09-05_10:39:57.438[Status]Routing 26: Walk: 25
2019-09-05_10:39:57.553[Battery Energy]112.13
2019-09-05_10:39:57.553[Status]Routing Start.
2019-09-05_10:39:57.889[Status]{'id': 7, 'coordinate': [317.98122572344863, 447.3107496894668]}
2019-09-05_10:39:57.890[Status]Routing 27: Walk: 26
2019-09-05_10:39:57.990[Battery Energy]111.82
2019-09-05_10:39:57.990[Status]Routing Start.
2019-09-05_10:39:58.391[Status]{'id': 7, 'coordinate': [325.1343497897351, 440.3227016006001]}
2019-09-05_10:39:58.391[Status]Routing 28: Walk: 27
2019-09-05_10:39:58.497[Battery Energy]111.49
2019-09-05_10:39:58.497[Status]Routing Start.
2019-09-05_10:39:58.949[Status]Routing 29: Walk: 27
2019-09-05_10:39:59.049[Battery Energy]111.14
2019-09-05_10:39:59.049[Status]Routing Start.
2019-09-05_10:39:59.416[Status]Routing 30: Walk: 27
2019-09-05_10:39:59.523[Battery Energy]110.84
2019-09-05_10:39:59.523[Status]Routing Start.
2019-09-05_10:39:59.893[Status]Routing 31: Walk: 27
2019-09-05_10:39:59.993[Battery Energy]110.54
2019-09-05_10:39:59.993[Status]Routing Start.
2019-09-05_10:40:00.324[Status]{'id': 7, 'coordinate': [335.0364006640585, 441.71890662935175]}
2019-09-05_10:40:00.324[Status]Routing 32: Walk: 28
2019-09-05_10:40:00.424[Battery Energy]110.11
2019-09-05_10:40:00.424[Status]Routing Start.
2019-09-05_10:40:00.636[Status]{'id': 7, 'coordinate': [341.8526552374374, 434.4018940155256]}
2019-09-05_10:40:00.636[Status]Routing 33: Walk: 29
2019-09-05_10:40:00.736[Battery Energy]109.87
2019-09-05_10:40:00.736[Status]Routing Start.
2019-09-05_10:40:01.113[Status]{'id': 7, 'coordinate': [351.78378811524277, 435.5734740441078]}
2019-09-05_10:40:01.115[Status]Routing 34: Walk: 30
2019-09-05_10:40:01.216[Battery Energy]109.53
2019-09-05_10:40:01.216[Status]Routing Start.
2019-09-05_10:40:01.390[Status]{'id': 7, 'coordinate': [358.2035828723692, 427.9062558212859]}
2019-09-05_10:40:01.390[Status]Routing 35: Walk: 31
2019-09-05_10:40:01.493[Battery Energy]109.31
2019-09-05_10:40:01.493[Status]Routing Start.
2019-09-05_10:40:01.951[Status]{'id': 7, 'coordinate': [364.6233776294957, 420.23903759846405]}
2019-09-05_10:40:01.951[Status]Routing 36: Walk: 32
2019-09-05_10:40:02.051[Battery Energy]108.94
2019-09-05_10:40:02.051[Status]Routing Start.
2019-09-05_10:40:02.393[Status]{'id': 7, 'coordinate': [371.04317238662213, 412.5718193756422]}
2019-09-05_10:40:02.393[Status]Routing 37: Walk: 33
2019-09-05_10:40:02.493[Battery Energy]108.58
2019-09-05_10:40:02.493[Status]Routing Start.
2019-09-05_10:40:02.812[Status]{'id': 7, 'coordinate': [377.4629671437486, 404.9046011528203]}
2019-09-05_10:40:02.812[Status]Routing 38: Walk: 34
2019-09-05_10:40:02.912[Battery Energy]108.20
2019-09-05_10:40:02.912[Status]Routing Start.
2019-09-05_10:40:03.120[Status]{'id': 7, 'coordinate': [383.88276190087504, 397.23738292999843]}
2019-09-05_10:40:03.120[Status]Routing 39: Walk: 35
2019-09-05_10:40:03.220[Battery Energy]107.99
2019-09-05_10:40:03.220[Status]Routing Start.
2019-09-05_10:40:03.613[Status]{'id': 7, 'coordinate': [390.3025566580015, 389.57016470717656]}
2019-09-05_10:40:03.613[Status]Routing 40: Walk: 36
2019-09-05_10:40:03.721[Battery Energy]107.68
2019-09-05_10:40:03.736[Status]Routing Start.
2019-09-05_10:40:03.934[Status]{'id': 7, 'coordinate': [396.72235141512795, 381.9029464843547]}
2019-09-05_10:40:03.934[Status]Routing 41: Walk: 37
2019-09-05_10:40:04.043[Battery Energy]107.47
2019-09-05_10:40:04.043[Status]Routing Start.
2019-09-05_10:40:04.422[Status]{'id': 7, 'coordinate': [403.1421461722544, 374.2357282615328]}
2019-09-05_10:40:04.422[Status]Routing 42: Walk: 38
2019-09-05_10:40:04.522[Battery Energy]107.14
2019-09-05_10:40:04.522[Status]Routing Start.
2019-09-05_10:40:04.862[Status]{'id': 7, 'coordinate': [409.56194092938085, 366.56851003871094]}
2019-09-05_10:40:04.865[Status]Routing 43: Walk: 39
2019-09-05_10:40:04.965[Battery Energy]106.84
2019-09-05_10:40:04.965[Status]Routing Start.
2019-09-05_10:40:05.298[Status]{'id': 7, 'coordinate': [415.9817356865073, 358.90129181588907]}
2019-09-05_10:40:05.298[Status]Routing 44: Walk: 40
2019-09-05_10:40:05.398[Battery Energy]106.54
2019-09-05_10:40:05.398[Status]Routing Start.
2019-09-05_10:40:05.724[Status]{'id': 7, 'coordinate': [422.40153044363376, 351.2340735930672]}
2019-09-05_10:40:05.725[Status]Routing 45: Walk: 41
2019-09-05_10:40:05.828[Battery Energy]106.23
2019-09-05_10:40:05.828[Status]Routing Start.
2019-09-05_10:40:06.252[Status]{'id': 7, 'coordinate': [428.8213252007602, 343.5668553702453]}
2019-09-05_10:40:06.252[Status]Routing 46: Walk: 42
2019-09-05_10:40:06.361[Battery Energy]105.84
2019-09-05_10:40:06.361[Status]Routing Start.
2019-09-05_10:40:06.772[Status]{'id': 7, 'coordinate': [435.24111995788667, 335.89963714742345]}
2019-09-05_10:40:06.773[Status]Routing 47: Walk: 43
2019-09-05_10:40:06.889[Battery Energy]105.49
2019-09-05_10:40:06.889[Status]Routing Start.
2019-09-05_10:40:07.188[Status]{'id': 7, 'coordinate': [441.6609147150132, 328.23241892460163]}
2019-09-05_10:40:07.188[Status]Routing 48: Walk: 44
2019-09-05_10:40:07.301[Battery Energy]105.23
2019-09-05_10:40:07.301[Status]Routing Start.
2019-09-05_10:40:07.301[Status]Task Finished.
2019-09-05_10:40:07.401[Battery Energy]105.23
2019-09-05_10:40:07.624[Status]Routing 50: Walk: 44
2019-09-05_10:40:07.737[Battery Energy]105.09
2019-09-05_10:40:08.120[Status]Routing 51: Walk: 44
2019-09-05_10:40:08.229[Battery Energy]104.91
2019-09-05_10:40:08.582[Status]Routing 52: Walk: 44
2019-09-05_10:40:08.685[Battery Energy]104.64
2019-09-05_10:40:09.069[Status]Routing 53: Walk: 44
2019-09-05_10:40:09.189[Battery Energy]104.38
2019-09-05_10:40:09.585[Status]Routing 54: Walk: 44
2019-09-05_10:40:09.693[Battery Energy]104.17
2019-09-05_10:40:10.043[Status]Routing 55: Walk: 44
2019-09-05_10:40:10.145[Battery Energy]103.94
2019-09-05_10:40:10.541[Status]Routing 56: Walk: 44
2019-09-05_10:40:10.669[Battery Energy]103.69
2019-09-05_10:40:11.083[Status]Routing 57: Walk: 44
2019-09-05_10:40:11.187[Battery Energy]103.39
2019-09-05_10:40:11.534[Status]Routing 58: Walk: 44
2019-09-05_10:40:11.634[Battery Energy]103.18
2019-09-05_10:40:11.964[Status]Routing 59: Walk: 44
2019-09-05_10:40:12.077[Battery Energy]103.02
2019-09-05_10:40:12.248[Status]Routing 60: Walk: 44
2019-09-05_10:40:12.356[Battery Energy]102.88
2019-09-05_10:40:12.674[Status]Routing 61: Walk: 44
2019-09-05_10:40:12.780[Battery Energy]102.65
2019-09-05_10:40:13.153[Status]Routing 62: Walk: 44
2019-09-05_10:40:13.256[Battery Energy]102.41
2019-09-05_10:40:13.599[Status]Routing 63: Walk: 44
2019-09-05_10:40:13.717[Battery Energy]102.19
2019-09-05_10:40:14.120[Status]Routing 64: Walk: 44
2019-09-05_10:40:14.220[Battery Energy]101.98
2019-09-05_10:40:14.446[Status]Routing 65: Walk: 44
2019-09-05_10:40:14.553[Battery Energy]101.87
2019-09-05_10:40:14.878[Status]Routing 66: Walk: 44
2019-09-05_10:40:14.989[Battery Energy]101.67
2019-09-05_10:40:15.359[Status]Routing 67: Walk: 44
2019-09-05_10:40:15.477[Battery Energy]101.41
2019-09-05_10:40:15.773[Status]Routing 68: Walk: 44
2019-09-05_10:40:15.877[Battery Energy]101.20
2019-09-05_10:40:16.358[Status]Routing 69: Walk: 44
2019-09-05_10:40:16.473[Battery Energy]100.91
2019-09-05_10:40:16.784[Status]Routing 70: Walk: 44
2019-09-05_10:40:16.893[Battery Energy]100.67
2019-09-05_10:40:17.238[Status]Routing 71: Walk: 44
2019-09-05_10:40:17.339[Battery Energy]100.51
2019-09-05_10:40:17.673[Status]Routing 72: Walk: 44
2019-09-05_10:40:17.775[Battery Energy]100.26
2019-09-05_10:40:18.119[Status]Routing 73: Walk: 44
2019-09-05_10:40:18.221[Battery Energy]100.03
2019-09-05_10:40:18.554[Status]Routing 74: Walk: 44
2019-09-05_10:40:18.665[Battery Energy]99.84
2019-09-05_10:40:18.986[Status]Routing 75: Walk: 44
2019-09-05_10:40:19.087[Battery Energy]99.63
2019-09-05_10:40:19.426[Status]Routing 76: Walk: 44
2019-09-05_10:40:19.537[Battery Energy]99.41
2019-09-05_10:40:19.889[Status]Routing 77: Walk: 44
2019-09-05_10:40:20.000[Battery Energy]99.15
2019-09-05_10:40:20.392[Status]Routing 78: Walk: 44
2019-09-05_10:40:20.492[Battery Energy]98.88
2019-09-05_10:40:20.933[Status]Routing 79: Walk: 44
2019-09-05_10:40:21.049[Battery Energy]98.59
2019-09-05_10:40:21.365[Status]Routing 80: Walk: 44
2019-09-05_10:40:21.465[Battery Energy]98.40
2019-09-05_10:40:21.811[Status]Routing 81: Walk: 44
2019-09-05_10:40:21.921[Battery Energy]98.17
2019-09-05_10:40:22.258[Status]Routing 82: Walk: 44
2019-09-05_10:40:22.358[Battery Energy]97.98
2019-09-05_10:40:22.685[Status]Routing 83: Walk: 44
2019-09-05_10:40:22.797[Battery Energy]97.80
2019-09-05_10:40:23.078[Status]Routing 84: Walk: 44
2019-09-05_10:40:23.180[Battery Energy]97.65
2019-09-05_10:40:23.552[Status]Routing 85: Walk: 44
2019-09-05_10:40:23.653[Battery Energy]97.40
2019-09-05_10:40:23.887[Status]Routing 86: Walk: 44
2019-09-05_10:40:23.989[Battery Energy]97.25
2019-09-05_10:40:24.360[Status]Routing 87: Walk: 44
2019-09-05_10:40:24.477[Battery Energy]96.98
2019-09-05_10:40:24.819[Status]Routing 88: Walk: 44
2019-09-05_10:40:24.933[Battery Energy]96.82
2019-09-05_10:40:25.284[Status]Routing 89: Walk: 44
2019-09-05_10:40:25.389[Battery Energy]96.56
2019-09-05_10:40:25.697[Status]Routing 90: Walk: 44
2019-09-05_10:40:25.797[Battery Energy]96.35
2019-09-05_10:40:26.147[Status]Routing 91: Walk: 44
2019-09-05_10:40:26.261[Battery Energy]96.08
2019-09-05_10:40:26.552[Status]Routing 92: Walk: 44
2019-09-05_10:40:26.653[Battery Energy]95.88
2019-09-05_10:40:26.930[Status]Routing 93: Walk: 44
2019-09-05_10:40:27.041[Battery Energy]95.67
2019-09-05_10:40:27.335[Status]Routing 94: Walk: 44
2019-09-05_10:40:27.449[Battery Energy]95.53
2019-09-05_10:40:27.610[Status]Routing 95: Walk: 44
2019-09-05_10:40:27.712[Battery Energy]95.41
2019-09-05_10:40:27.940[Status]Routing 96: Walk: 44
2019-09-05_10:40:28.040[Battery Energy]95.25
2019-09-05_10:40:28.267[Status]Routing 97: Walk: 44
2019-09-05_10:40:28.381[Battery Energy]95.13
2019-09-05_10:40:28.704[Status]Routing 98: Walk: 44
2019-09-05_10:40:28.804[Battery Energy]94.90
2019-09-05_10:40:29.161[Status]Routing 99: Walk: 44
2019-09-05_10:40:29.273[Battery Energy]94.71
2019-09-05_10:40:29.606[Status]Routing 100: Walk: 44
2019-09-05_10:40:29.707[Battery Energy]94.55
2019-09-05_10:40:30.098[Status]Routing 101: Walk: 44
2019-09-05_10:40:30.205[Battery Energy]94.27
2019-09-05_10:40:30.505[Status]Routing 102: Walk: 44
2019-09-05_10:40:30.696[Battery Energy]94.08
2019-09-05_10:40:30.947[Status]Routing 103: Walk: 44
2019-09-05_10:40:31.053[Battery Energy]93.96
2019-09-05_10:40:31.276[Status]Routing 104: Walk: 44
2019-09-05_10:40:31.383[Battery Energy]93.82
2019-09-05_10:40:31.738[Status]Routing 105: Walk: 44
2019-09-05_10:40:31.838[Battery Energy]93.60
2019-09-05_10:40:32.077[Status]Routing 106: Walk: 44
2019-09-05_10:40:32.193[Battery Energy]93.42
2019-09-05_10:40:32.498[Status]Routing 107: Walk: 44
2019-09-05_10:40:32.609[Battery Energy]93.24
2019-09-05_10:40:32.775[Status]Routing 108: Walk: 44
2019-09-05_10:40:32.881[Battery Energy]93.11
2019-09-05_10:40:33.265[Status]Routing 109: Walk: 44
2019-09-05_10:40:33.371[Battery Energy]92.82
2019-09-05_10:40:33.757[Status]Routing 110: Walk: 44
2019-09-05_10:40:33.857[Battery Energy]92.54
2019-09-05_10:40:34.180[Status]Routing 111: Walk: 44
2019-09-05_10:40:34.280[Battery Energy]92.33
2019-09-05_10:40:34.596[Status]Routing 112: Walk: 44
2019-09-05_10:40:34.709[Battery Energy]92.08
2019-09-05_10:40:34.943[Status]Routing 113: Walk: 44
2019-09-05_10:40:35.045[Battery Energy]91.91
2019-09-05_10:40:35.377[Status]Routing 114: Walk: 44
2019-09-05_10:40:35.485[Battery Energy]91.66
2019-09-05_10:40:35.800[Status]Routing 115: Walk: 44
2019-09-05_10:40:35.913[Battery Energy]91.46
2019-09-05_10:40:36.239[Status]Routing 116: Walk: 44
2019-09-05_10:40:36.345[Battery Energy]91.25
2019-09-05_10:40:36.610[Status]Routing 117: Walk: 44
2019-09-05_10:40:36.710[Battery Energy]91.11
2019-09-05_10:40:37.108[Status]Routing 118: Walk: 44
2019-09-05_10:40:37.209[Battery Energy]90.90
2019-09-05_10:40:37.604[Status]Routing 119: Walk: 44
2019-09-05_10:40:37.709[Battery Energy]90.64
2019-09-05_10:40:38.080[Status]Routing 120: Walk: 44
2019-09-05_10:40:38.181[Battery Energy]90.47
2019-09-05_10:40:38.574[Status]Routing 121: Walk: 44
2019-09-05_10:40:38.674[Battery Energy]90.27
2019-09-05_10:40:39.121[Status]Routing 122: Walk: 44
2019-09-05_10:40:39.237[Battery Energy]90.06
2019-09-05_10:40:39.620[Status]Routing 123: Walk: 44
2019-09-05_10:40:39.729[Battery Energy]89.84
2019-09-05_10:40:39.944[Status]Routing 124: Walk: 44
2019-09-05_10:40:40.044[Battery Energy]89.68
2019-09-05_10:40:40.358[Status]Routing 125: Walk: 44
2019-09-05_10:40:40.459[Battery Energy]89.45
2019-09-05_10:40:40.813[Status]Routing 126: Walk: 44
2019-09-05_10:40:40.913[Battery Energy]89.18
2019-09-05_10:40:41.286[Status]Routing 127: Walk: 44
2019-09-05_10:40:41.389[Battery Energy]88.92
2019-09-05_10:40:41.847[Status]Routing 128: Walk: 44
2019-09-05_10:40:41.947[Battery Energy]88.66
2019-09-05_10:40:42.150[Status]Routing 129: Walk: 44
2019-09-05_10:40:42.250[Battery Energy]88.51
2019-09-05_10:40:42.667[Status]Routing 130: Walk: 44
2019-09-05_10:40:42.776[Battery Energy]88.29
2019-09-05_10:40:42.983[Status]Routing 131: Walk: 44
2019-09-05_10:40:43.088[Battery Energy]88.13
2019-09-05_10:40:43.371[Status]Routing 132: Walk: 44
2019-09-05_10:40:43.471[Battery Energy]87.96
2019-09-05_10:40:43.691[Status]Routing 133: Walk: 44
2019-09-05_10:40:43.832[Battery Energy]87.83
2019-09-05_10:40:44.064[Status]Routing 134: Walk: 44
2019-09-05_10:40:44.166[Battery Energy]87.68
2019-09-05_10:40:44.448[Status]Routing 135: Walk: 44
2019-09-05_10:40:44.585[Battery Energy]87.52
2019-09-05_10:40:44.749[Status]Routing 136: Walk: 44
2019-09-05_10:40:44.849[Battery Energy]87.41
2019-09-05_10:40:45.155[Status]Routing 137: Walk: 44
2019-09-05_10:40:45.261[Battery Energy]87.23
2019-09-05_10:40:45.463[Status]Routing 138: Walk: 44
2019-09-05_10:40:45.588[Battery Energy]87.08
2019-09-05_10:40:45.806[Status]Routing 139: Walk: 44
2019-09-05_10:40:45.906[Battery Energy]86.92
2019-09-05_10:40:46.063[Status]Routing 140: Walk: 44
2019-09-05_10:40:46.163[Battery Energy]86.80
2019-09-05_10:40:46.510[Status]Routing 141: Walk: 44
2019-09-05_10:40:46.614[Battery Energy]86.56
2019-09-05_10:40:46.891[Status]Routing 142: Walk: 44
2019-09-05_10:40:47.001[Battery Energy]86.39
2019-09-05_10:40:47.190[Status]Routing 143: Walk: 44
2019-09-05_10:40:47.293[Battery Energy]86.25
2019-09-05_10:40:47.503[Status]Routing 144: Walk: 44
2019-09-05_10:40:47.625[Battery Energy]86.14
2019-09-05_10:40:47.927[Status]Routing 145: Walk: 44
2019-09-05_10:40:48.030[Battery Energy]85.96
2019-09-05_10:40:48.216[Status]Routing 146: Walk: 44
2019-09-05_10:40:48.333[Battery Energy]85.85
2019-09-05_10:40:48.491[Status]Routing 147: Walk: 44
2019-09-05_10:40:48.591[Battery Energy]85.77
2019-09-05_10:40:48.787[Status]Routing 148: Walk: 44
2019-09-05_10:40:48.897[Battery Energy]85.65
2019-09-05_10:40:49.143[Status]Routing 149: Walk: 44
2019-09-05_10:40:49.249[Battery Energy]85.49
2019-09-05_10:40:49.462[Status]Routing 150: Walk: 44
2019-09-05_10:40:49.573[Battery Energy]85.34
2019-09-05_10:40:49.746[Status]Routing 151: Walk: 44
2019-09-05_10:40:49.881[Battery Energy]85.23
2019-09-05_10:40:50.136[Status]Routing 152: Walk: 44
2019-09-05_10:40:50.237[Battery Energy]85.05
2019-09-05_10:40:50.441[Status]Routing 153: Walk: 44
2019-09-05_10:40:50.553[Battery Energy]84.91
2019-09-05_10:40:50.777[Status]Routing 154: Walk: 44
2019-09-05_10:40:50.877[Battery Energy]84.77
2019-09-05_10:40:51.111[Status]Routing 155: Walk: 44
2019-09-05_10:40:51.222[Battery Energy]84.61
2019-09-05_10:40:51.381[Status]Routing 156: Walk: 44
2019-09-05_10:40:51.481[Battery Energy]84.52
2019-09-05_10:40:51.778[Status]Routing 157: Walk: 44
2019-09-05_10:40:51.885[Battery Energy]84.35
2019-09-05_10:40:52.083[Status]Routing 158: Walk: 44
2019-09-05_10:40:52.211[Battery Energy]84.22
2019-09-05_10:40:52.497[Status]Routing 159: Walk: 44
2019-09-05_10:40:52.617[Battery Energy]84.03
2019-09-05_10:40:52.909[Status]Routing 160: Walk: 44
2019-09-05_10:40:53.051[Battery Energy]83.84
2019-09-05_10:40:53.280[Status]Routing 161: Walk: 44
2019-09-05_10:40:53.449[Battery Energy]83.71
2019-09-05_10:40:53.592[Status]Routing 162: Walk: 44
2019-09-05_10:40:53.695[Battery Energy]83.61
2019-09-05_10:40:53.990[Status]Routing 163: Walk: 44
2019-09-05_10:40:54.091[Battery Energy]83.42
2019-09-05_10:40:54.409[Status]Routing 164: Walk: 44
2019-09-05_10:40:54.517[Battery Energy]83.26
2019-09-05_10:40:54.737[Status]Routing 165: Walk: 44
2019-09-05_10:40:54.856[Battery Energy]83.13
2019-09-05_10:40:55.069[Status]Routing 166: Walk: 44
2019-09-05_10:40:55.181[Battery Energy]82.99
2019-09-05_10:40:55.394[Status]Routing 167: Walk: 44
2019-09-05_10:40:55.501[Battery Energy]82.85
2019-09-05_10:40:55.679[Status]Routing 168: Walk: 44
2019-09-05_10:40:55.779[Battery Energy]82.74
2019-09-05_10:40:56.081[Status]Routing 169: Walk: 44
2019-09-05_10:40:56.201[Battery Energy]82.58
2019-09-05_10:40:56.419[Status]Routing 170: Walk: 44
2019-09-05_10:40:56.523[Battery Energy]82.45
2019-09-05_10:40:56.735[Status]Routing 171: Walk: 44
2019-09-05_10:40:56.835[Battery Energy]82.34
2019-09-05_10:40:57.086[Status]Routing 172: Walk: 44
2019-09-05_10:40:57.235[Battery Energy]82.15
2019-09-05_10:40:57.426[Status]Routing 173: Walk: 44
2019-09-05_10:40:57.527[Battery Energy]82.04
2019-09-05_10:40:57.774[Status]Routing 174: Walk: 44
2019-09-05_10:40:57.881[Battery Energy]81.89
2019-09-05_10:40:58.025[Status]Routing 175: Walk: 44
2019-09-05_10:40:58.133[Battery Energy]81.77
2019-09-05_10:40:58.307[Status]Routing 176: Walk: 44
2019-09-05_10:40:58.417[Battery Energy]81.64
2019-09-05_10:40:58.664[Status]Routing 177: Walk: 44
2019-09-05_10:40:58.764[Battery Energy]81.46
2019-09-05_10:40:58.941[Status]Routing 178: Walk: 44
2019-09-05_10:40:59.041[Battery Energy]81.32
2019-09-05_10:40:59.333[Status]Routing 179: Walk: 44
2019-09-05_10:40:59.449[Battery Energy]81.09
2019-09-05_10:40:59.708[Status]Routing 180: Walk: 44
2019-09-05_10:40:59.808[Battery Energy]80.91
2019-09-05_10:40:59.998[Status]Routing 181: Walk: 44
2019-09-05_10:41:00.099[Battery Energy]80.80
2019-09-05_10:41:00.331[Status]Routing 182: Walk: 44
2019-09-05_10:41:00.433[Battery Energy]80.70
2019-09-05_10:41:00.658[Status]Routing 183: Walk: 44
2019-09-05_10:41:00.759[Battery Energy]80.56
2019-09-05_10:41:00.964[Status]Routing 184: Walk: 44
2019-09-05_10:41:01.077[Battery Energy]80.45
2019-09-05_10:41:01.271[Status]Routing 185: Walk: 44
2019-09-05_10:41:01.372[Battery Energy]80.30
2019-09-05_10:41:01.783[Status]Routing 186: Walk: 44
2019-09-05_10:41:01.909[Battery Energy]80.11
2019-09-05_10:41:02.140[Status]Routing 187: Walk: 44
2019-09-05_10:41:02.263[Battery Energy]79.94
2019-09-05_10:41:02.453[Status]Routing 188: Walk: 44
2019-09-05_10:41:02.553[Battery Energy]79.82
2019-09-05_10:41:02.804[Status]Routing 189: Walk: 44
2019-09-05_10:41:02.909[Battery Energy]79.66
2019-09-05_10:41:03.115[Status]Routing 190: Walk: 44
2019-09-05_10:41:03.229[Battery Energy]79.53
2019-09-05_10:41:03.487[Status]Routing 191: Walk: 44
2019-09-05_10:41:03.593[Battery Energy]79.39
2019-09-05_10:41:03.797[Status]Routing 192: Walk: 44
2019-09-05_10:41:03.897[Battery Energy]79.26
2019-09-05_10:41:04.066[Status]Routing 193: Walk: 44
2019-09-05_10:41:04.192[Battery Energy]79.13
2019-09-05_10:41:04.389[Status]Routing 194: Walk: 44
2019-09-05_10:41:04.553[Battery Energy]79.02
2019-09-05_10:41:04.699[Status]Routing 195: Walk: 44
2019-09-05_10:41:04.799[Battery Energy]78.95
2019-09-05_10:41:05.003[Status]Routing 196: Walk: 44
2019-09-05_10:41:05.103[Battery Energy]78.84
2019-09-05_10:41:05.436[Status]Routing 197: Walk: 44
2019-09-05_10:41:05.545[Battery Energy]78.66
2019-09-05_10:41:05.838[Status]Routing 198: Walk: 44
2019-09-05_10:41:05.949[Battery Energy]78.48
2019-09-05_10:41:06.235[Status]Routing 199: Walk: 44
2019-09-05_10:41:06.349[Battery Energy]78.37
2019-09-05_10:41:06.591[Status]Routing 200: Walk: 44
2019-09-05_10:41:06.713[Battery Energy]78.20
2019-09-05_10:41:06.944[Status]Routing 201: Walk: 44
2019-09-05_10:41:07.057[Battery Energy]78.03
2019-09-05_10:41:07.275[Status]Routing 202: Walk: 44
2019-09-05_10:41:07.381[Battery Energy]77.87
2019-09-05_10:41:07.742[Status]Routing 203: Walk: 44
2019-09-05_10:41:07.857[Battery Energy]77.69
2019-09-05_10:41:08.046[Status]Routing 204: Walk: 44
2019-09-05_10:41:08.153[Battery Energy]77.54
2019-09-05_10:41:08.366[Status]Routing 205: Walk: 44
2019-09-05_10:41:08.472[Battery Energy]77.39
2019-09-05_10:41:08.684[Status]Routing 206: Walk: 44
2019-09-05_10:41:08.789[Battery Energy]77.27
2019-09-05_10:41:09.032[Status]Routing 207: Walk: 44
2019-09-05_10:41:09.141[Battery Energy]77.17
2019-09-05_10:41:09.337[Status]Routing 208: Walk: 44
2019-09-05_10:41:09.485[Battery Energy]77.02
2019-09-05_10:41:09.692[Status]Routing 209: Walk: 44
2019-09-05_10:41:09.831[Battery Energy]76.90
2019-09-05_10:41:10.088[Status]Routing 210: Walk: 44
2019-09-05_10:41:10.189[Battery Energy]76.75
2019-09-05_10:41:10.398[Status]Routing 211: Walk: 44
2019-09-05_10:41:10.505[Battery Energy]76.62
2019-09-05_10:41:10.709[Status]Routing 212: Walk: 44
2019-09-05_10:41:10.810[Battery Energy]76.50
2019-09-05_10:41:11.006[Status]Routing 213: Walk: 44
2019-09-05_10:41:11.117[Battery Energy]76.39
2019-09-05_10:41:11.293[Status]Routing 214: Walk: 44
2019-09-05_10:41:11.402[Battery Energy]76.27
2019-09-05_10:41:11.667[Status]Routing 215: Walk: 44
2019-09-05_10:41:11.767[Battery Energy]76.14
2019-09-05_10:41:12.062[Status]Routing 216: Walk: 44
2019-09-05_10:41:12.171[Battery Energy]76.03
2019-09-05_10:41:12.445[Status]Routing 217: Walk: 44
2019-09-05_10:41:12.553[Battery Energy]75.88
2019-09-05_10:41:12.789[Status]Routing 218: Walk: 44
2019-09-05_10:41:12.897[Battery Energy]75.75
2019-09-05_10:41:13.106[Status]Routing 219: Walk: 44
2019-09-05_10:41:13.249[Battery Energy]75.63
2019-09-05_10:41:13.467[Status]Routing 220: Walk: 44
2019-09-05_10:41:13.577[Battery Energy]75.48
2019-09-05_10:41:13.803[Status]Routing 221: Walk: 44
2019-09-05_10:41:13.909[Battery Energy]75.31
2019-09-05_10:41:14.103[Status]Routing 222: Walk: 44
2019-09-05_10:41:14.204[Battery Energy]75.18
2019-09-05_10:41:14.388[Status]Routing 223: Walk: 44
2019-09-05_10:41:14.488[Battery Energy]75.06
2019-09-05_10:41:14.723[Status]Routing 224: Walk: 44
2019-09-05_10:41:14.823[Battery Energy]74.95
2019-09-05_10:41:15.132[Status]Routing 225: Walk: 44
2019-09-05_10:41:15.233[Battery Energy]74.79
2019-09-05_10:41:15.526[Status]Routing 226: Walk: 44
2019-09-05_10:41:15.626[Battery Energy]74.58
2019-09-05_10:41:15.818[Status]Routing 227: Walk: 44
2019-09-05_10:41:15.945[Battery Energy]74.44
2019-09-05_10:41:16.093[Status]Routing 228: Walk: 44
2019-09-05_10:41:16.205[Battery Energy]74.32
2019-09-05_10:41:16.429[Status]Routing 229: Walk: 44
2019-09-05_10:41:16.533[Battery Energy]74.20
2019-09-05_10:41:16.881[Status]Routing 230: Walk: 44
2019-09-05_10:41:16.989[Battery Energy]73.95
2019-09-05_10:41:17.225[Status]Routing 231: Walk: 44
2019-09-05_10:41:17.333[Battery Energy]73.83
2019-09-05_10:41:17.463[Status]Routing 232: Walk: 44
2019-09-05_10:41:17.564[Battery Energy]73.73
2019-09-05_10:41:17.761[Status]Routing 233: Walk: 44
2019-09-05_10:41:17.862[Battery Energy]73.60
2019-09-05_10:41:18.086[Status]Routing 234: Walk: 44
2019-09-05_10:41:18.213[Battery Energy]73.49
2019-09-05_10:41:18.375[Status]Routing 235: Walk: 44
2019-09-05_10:41:18.475[Battery Energy]73.37
2019-09-05_10:41:18.717[Status]Routing 236: Walk: 44
2019-09-05_10:41:18.817[Battery Energy]73.22
2019-09-05_10:41:19.141[Status]Routing 237: Walk: 44
2019-09-05_10:41:19.252[Battery Energy]73.02
2019-09-05_10:41:19.477[Status]Routing 238: Walk: 44
2019-09-05_10:41:19.589[Battery Energy]72.86
2019-09-05_10:41:19.841[Status]Routing 239: Walk: 44
2019-09-05_10:41:19.946[Battery Energy]72.69
2019-09-05_10:41:20.101[Status]Routing 240: Walk: 44
2019-09-05_10:41:20.201[Battery Energy]72.58
2019-09-05_10:41:20.388[Status]Routing 241: Walk: 44
2019-09-05_10:41:20.501[Battery Energy]72.47
2019-09-05_10:41:20.712[Status]Routing 242: Walk: 44
2019-09-05_10:41:20.833[Battery Energy]72.32
2019-09-05_10:41:21.151[Status]Routing 243: Walk: 44
2019-09-05_10:41:21.269[Battery Energy]72.13
2019-09-05_10:41:21.424[Status]Routing 244: Walk: 44
2019-09-05_10:41:21.537[Battery Energy]72.03
2019-09-05_10:41:21.767[Status]Routing 245: Walk: 44
2019-09-05_10:41:21.881[Battery Energy]71.85
2019-09-05_10:41:22.073[Status]Routing 246: Walk: 44
2019-09-05_10:41:22.174[Battery Energy]71.70
2019-09-05_10:41:22.435[Status]Routing 247: Walk: 44
2019-09-05_10:41:22.535[Battery Energy]71.57
2019-09-05_10:41:22.817[Status]Routing 248: Walk: 44
2019-09-05_10:41:22.925[Battery Energy]71.41
2019-09-05_10:41:23.130[Status]Routing 249: Walk: 44
2019-09-05_10:41:23.253[Battery Energy]71.30
2019-09-05_10:41:23.434[Status]Routing 250: Walk: 44
2019-09-05_10:41:23.537[Battery Energy]71.18
2019-09-05_10:41:23.826[Status]Routing 251: Walk: 44
2019-09-05_10:41:23.926[Battery Energy]71.03
2019-09-05_10:41:24.132[Status]Routing 252: Walk: 44
2019-09-05_10:41:24.248[Battery Energy]70.90
2019-09-05_10:41:24.473[Status]Routing 253: Walk: 44
2019-09-05_10:41:24.574[Battery Energy]70.72
2019-09-05_10:41:24.879[Status]Routing 254: Walk: 44
2019-09-05_10:41:25.006[Battery Energy]70.58
2019-09-05_10:41:25.182[Status]Routing 255: Walk: 44
2019-09-05_10:41:25.282[Battery Energy]70.45
2019-09-05_10:41:25.522[Status]Routing 256: Walk: 44
2019-09-05_10:41:25.653[Battery Energy]70.29
2019-09-05_10:41:25.907[Status]Routing 257: Walk: 44
2019-09-05_10:41:26.016[Battery Energy]70.17
2019-09-05_10:41:26.196[Status]Routing 258: Walk: 44
2019-09-05_10:41:26.321[Battery Energy]70.03
2019-09-05_10:41:26.486[Status]Routing 259: Walk: 44
2019-09-05_10:41:26.586[Battery Energy]69.92
2019-09-05_10:41:26.837[Status]Routing 260: Walk: 44
2019-09-05_10:41:26.937[Battery Energy]69.80
2019-09-05_10:41:27.224[Status]Routing 261: Walk: 44
2019-09-05_10:41:27.352[Battery Energy]69.66
2019-09-05_10:41:27.582[Status]Routing 262: Walk: 44
2019-09-05_10:41:27.705[Battery Energy]69.52
2019-09-05_10:41:27.942[Status]Routing 263: Walk: 44
2019-09-05_10:41:28.057[Battery Energy]69.38
2019-09-05_10:41:28.222[Status]Routing 264: Walk: 44
2019-09-05_10:41:28.329[Battery Energy]69.24
2019-09-05_10:41:28.543[Status]Routing 265: Walk: 44
2019-09-05_10:41:28.643[Battery Energy]69.11
2019-09-05_10:41:28.994[Status]Routing 266: Walk: 44
2019-09-05_10:41:29.094[Battery Energy]68.89
2019-09-05_10:41:29.305[Status]Routing 267: Walk: 44
2019-09-05_10:41:29.437[Battery Energy]68.77
2019-09-05_10:41:29.677[Status]Routing 268: Walk: 44
2019-09-05_10:41:29.778[Battery Energy]68.65
2019-09-05_10:41:30.154[Status]Routing 269: Walk: 44
2019-09-05_10:41:30.254[Battery Energy]68.45
2019-09-05_10:41:30.434[Status]Routing 270: Walk: 44
2019-09-05_10:41:30.534[Battery Energy]68.32
2019-09-05_10:41:30.769[Status]Routing 271: Walk: 44
2019-09-05_10:41:30.869[Battery Energy]68.17
2019-09-05_10:41:31.072[Status]Routing 272: Walk: 44
2019-09-05_10:41:31.187[Battery Energy]68.01
2019-09-05_10:41:31.332[Status]Routing 273: Walk: 44
2019-09-05_10:41:31.432[Battery Energy]67.91
2019-09-05_10:41:31.620[Status]Routing 274: Walk: 44
2019-09-05_10:41:31.720[Battery Energy]67.79
2019-09-05_10:41:31.923[Status]Routing 275: Walk: 44
2019-09-05_10:41:32.025[Battery Energy]67.70
2019-09-05_10:41:32.253[Status]Routing 276: Walk: 44
2019-09-05_10:41:32.353[Battery Energy]67.55
2019-09-05_10:41:32.573[Status]Routing 277: Walk: 44
2019-09-05_10:41:32.674[Battery Energy]67.41
2019-09-05_10:41:33.033[Status]Routing 278: Walk: 44
2019-09-05_10:41:33.155[Battery Energy]67.17
2019-09-05_10:41:33.336[Status]Routing 279: Walk: 44
2019-09-05_10:41:33.451[Battery Energy]67.02
2019-09-05_10:41:33.619[Status]Routing 280: Walk: 44
2019-09-05_10:41:33.723[Battery Energy]66.91
2019-09-05_10:41:33.962[Status]Routing 281: Walk: 44
2019-09-05_10:41:34.069[Battery Energy]66.71
2019-09-05_10:41:34.409[Status]Routing 282: Walk: 44
2019-09-05_10:41:34.520[Battery Energy]66.48
2019-09-05_10:41:34.762[Status]Routing 283: Walk: 44
2019-09-05_10:41:34.869[Battery Energy]66.33
2019-09-05_10:41:35.213[Status]Routing 284: Walk: 44
2019-09-05_10:41:35.313[Battery Energy]66.12
2019-09-05_10:41:35.596[Status]Routing 285: Walk: 44
2019-09-05_10:41:35.713[Battery Energy]65.91
2019-09-05_10:41:35.911[Status]Routing 286: Walk: 44
2019-09-05_10:41:36.021[Battery Energy]65.80
2019-09-05_10:41:36.274[Status]Routing 287: Walk: 44
2019-09-05_10:41:36.405[Battery Energy]65.65
2019-09-05_10:41:36.571[Status]Routing 288: Walk: 44
2019-09-05_10:41:36.685[Battery Energy]65.57
2019-09-05_10:41:36.831[Status]Routing 289: Walk: 44
2019-09-05_10:41:36.931[Battery Energy]65.46
2019-09-05_10:41:37.129[Status]Routing 290: Walk: 44
2019-09-05_10:41:37.245[Battery Energy]65.32
2019-09-05_10:41:37.466[Status]Routing 291: Walk: 44
2019-09-05_10:41:37.566[Battery Energy]65.20
2019-09-05_10:41:37.808[Status]Routing 292: Walk: 44
2019-09-05_10:41:37.908[Battery Energy]65.07
2019-09-05_10:41:38.164[Status]Routing 293: Walk: 44
2019-09-05_10:41:38.273[Battery Energy]64.89
2019-09-05_10:41:38.515[Status]Routing 294: Walk: 44
2019-09-05_10:41:38.625[Battery Energy]64.75
2019-09-05_10:41:38.829[Status]Routing 295: Walk: 44
2019-09-05_10:41:38.964[Battery Energy]64.61
2019-09-05_10:41:39.162[Status]Routing 296: Walk: 44
2019-09-05_10:41:39.269[Battery Energy]64.51
2019-09-05_10:41:39.506[Status]Routing 297: Walk: 44
2019-09-05_10:41:39.606[Battery Energy]64.35
2019-09-05_10:41:39.829[Status]Routing 298: Walk: 44
2019-09-05_10:41:39.957[Battery Energy]64.24
2019-09-05_10:41:40.346[Status]Routing 299: Walk: 44
2019-09-05_10:41:40.449[Battery Energy]64.00
2019-09-05_10:41:40.674[Status]Routing 300: Walk: 44
2019-09-05_10:41:40.775[Battery Energy]63.82
2019-09-05_10:41:41.033[Status]Routing 301: Walk: 44
2019-09-05_10:41:41.141[Battery Energy]63.68
2019-09-05_10:41:41.419[Status]Routing 302: Walk: 44
2019-09-05_10:41:41.520[Battery Energy]63.53
2019-09-05_10:41:41.702[Status]Routing 303: Walk: 44
2019-09-05_10:41:41.869[Battery Energy]63.40
2019-09-05_10:41:42.025[Status]Routing 304: Walk: 44
2019-09-05_10:41:42.126[Battery Energy]63.31
2019-09-05_10:41:42.328[Status]Routing 305: Walk: 44
2019-09-05_10:41:42.429[Battery Energy]63.19
2019-09-05_10:41:42.668[Status]Routing 306: Walk: 44
2019-09-05_10:41:42.769[Battery Energy]63.05
2019-09-05_10:41:42.936[Status]Routing 307: Walk: 44
2019-09-05_10:41:43.041[Battery Energy]62.93
2019-09-05_10:41:43.279[Status]Routing 308: Walk: 44
2019-09-05_10:41:43.379[Battery Energy]62.79
2019-09-05_10:41:43.638[Status]Routing 309: Walk: 44
2019-09-05_10:41:43.738[Battery Energy]62.63
2019-09-05_10:41:43.947[Status]Routing 310: Walk: 44
2019-09-05_10:41:44.050[Battery Energy]62.47
2019-09-05_10:41:44.212[Status]Routing 311: Walk: 44
2019-09-05_10:41:44.313[Battery Energy]62.37
2019-09-05_10:41:44.527[Status]Routing 312: Walk: 44
2019-09-05_10:41:44.641[Battery Energy]62.21
2019-09-05_10:41:44.903[Status]Routing 313: Walk: 44
2019-09-05_10:41:45.009[Battery Energy]62.02
2019-09-05_10:41:45.309[Status]Routing 314: Walk: 44
2019-09-05_10:41:45.409[Battery Energy]61.83
2019-09-05_10:41:45.634[Status]Routing 315: Walk: 44
2019-09-05_10:41:45.734[Battery Energy]61.72
2019-09-05_10:41:45.931[Status]Routing 316: Walk: 44
2019-09-05_10:41:46.031[Battery Energy]61.55
2019-09-05_10:41:46.441[Status]Routing 317: Walk: 44
2019-09-05_10:41:46.561[Battery Energy]61.33
2019-09-05_10:41:46.766[Status]Routing 318: Walk: 44
2019-09-05_10:41:46.877[Battery Energy]61.19
2019-09-05_10:41:47.101[Status]Routing 319: Walk: 44
2019-09-05_10:41:47.225[Battery Energy]61.09
2019-09-05_10:41:47.514[Status]Routing 320: Walk: 44
2019-09-05_10:41:47.614[Battery Energy]60.96
2019-09-05_10:41:47.848[Status]Routing 321: Walk: 44
2019-09-05_10:41:47.956[Battery Energy]60.84
2019-09-05_10:41:48.277[Status]Routing 322: Walk: 44
2019-09-05_10:41:48.393[Battery Energy]60.63
2019-09-05_10:41:48.613[Status]Routing 323: Walk: 44
2019-09-05_10:41:48.714[Battery Energy]60.49
2019-09-05_10:41:48.951[Status]Routing 324: Walk: 44
2019-09-05_10:41:49.051[Battery Energy]60.32
2019-09-05_10:41:49.256[Status]Routing 325: Walk: 44
2019-09-05_10:41:49.381[Battery Energy]60.19
2019-09-05_10:41:49.567[Status]Routing 326: Walk: 44
2019-09-05_10:41:49.707[Battery Energy]60.10
2019-09-05_10:41:49.961[Status]Routing 327: Walk: 44
2019-09-05_10:41:50.073[Battery Energy]59.92
2019-09-05_10:41:50.347[Status]Routing 328: Walk: 44
2019-09-05_10:41:50.498[Battery Energy]59.72
2019-09-05_10:41:50.666[Status]Routing 329: Walk: 44
2019-09-05_10:41:50.766[Battery Energy]59.61
2019-09-05_10:41:51.080[Status]Routing 330: Walk: 44
2019-09-05_10:41:51.193[Battery Energy]59.42
2019-09-05_10:41:51.358[Status]Routing 331: Walk: 44
2019-09-05_10:41:51.469[Battery Energy]59.31
2019-09-05_10:41:51.691[Status]Routing 332: Walk: 44
2019-09-05_10:41:51.792[Battery Energy]59.15
2019-09-05_10:41:51.954[Status]Routing 333: Walk: 44
2019-09-05_10:41:52.061[Battery Energy]59.06
2019-09-05_10:41:52.264[Status]Routing 334: Walk: 44
2019-09-05_10:41:52.364[Battery Energy]58.93
2019-09-05_10:41:52.569[Status]Routing 335: Walk: 44
2019-09-05_10:41:52.676[Battery Energy]58.80
2019-09-05_10:41:52.867[Status]Routing 336: Walk: 44
2019-09-05_10:41:52.968[Battery Energy]58.64
2019-09-05_10:41:53.172[Status]Routing 337: Walk: 44
2019-09-05_10:41:53.277[Battery Energy]58.54
2019-09-05_10:41:53.563[Status]Routing 338: Walk: 44
2019-09-05_10:41:53.685[Battery Energy]58.35
2019-09-05_10:41:53.846[Status]Routing 339: Walk: 44
2019-09-05_10:41:53.953[Battery Energy]58.23
2019-09-05_10:41:54.166[Status]Routing 340: Walk: 44
2019-09-05_10:41:54.266[Battery Energy]58.06
2019-09-05_10:41:54.537[Status]Routing 341: Walk: 44
2019-09-05_10:41:54.638[Battery Energy]57.89
2019-09-05_10:41:54.907[Status]Routing 342: Walk: 44
2019-09-05_10:41:55.008[Battery Energy]57.71
2019-09-05_10:41:55.282[Status]Routing 343: Walk: 44
2019-09-05_10:41:55.382[Battery Energy]57.56
2019-09-05_10:41:55.557[Status]Routing 344: Walk: 44
2019-09-05_10:41:55.657[Battery Energy]57.47
2019-09-05_10:41:55.914[Status]Routing 345: Walk: 44
2019-09-05_10:41:56.021[Battery Energy]57.29
