2019-09-05_15:00:32.163[Status]Start.
2019-09-05_15:00:32.163[Battery Energy]123.00
2019-09-05_15:00:33.265[Battery Energy]122.96
2019-09-05_15:00:34.366[Battery Energy]122.92
2019-09-05_15:00:35.467[Battery Energy]122.88
2019-09-05_15:00:36.568[Battery Energy]122.84
2019-09-05_15:00:37.669[Task]A New Task Released.
2019-09-05_15:00:37.669[Battery Energy]122.80
2019-09-05_15:00:37.669[Status]Selection Start.
2019-09-05_15:00:38.687[Status]Selection End: Do Task 2.
2019-09-05_15:00:38.789[Battery Energy]122.15
2019-09-05_15:00:38.789[Status]Formation Start.
2019-09-05_15:00:39.058[Status]Formation End: To Position 5.
2019-09-05_15:00:39.158[Battery Energy]122.03
2019-09-05_15:00:39.158[Status]Routing Start.
2019-09-05_15:00:39.281[Status]{'id': 17, 'coordinate': [136.14592699466118, 544.9562369742617]}
2019-09-05_15:00:39.282[Status]Routing 1: Walk: 1
2019-09-05_15:00:39.382[Battery Energy]121.83
2019-09-05_15:00:39.382[Status]Routing Start.
2019-09-05_15:00:39.441[Status]{'id': 17, 'coordinate': [145.29185398932236, 540.9124739485235]}
2019-09-05_15:00:39.441[Status]Routing 2: Walk: 2
2019-09-05_15:00:39.545[Battery Energy]121.67
2019-09-05_15:00:39.545[Status]Routing Start.
2019-09-05_15:00:39.603[Status]{'id': 17, 'coordinate': [154.43778098398354, 536.8687109227852]}
2019-09-05_15:00:39.603[Status]Routing 3: Walk: 3
2019-09-05_15:00:39.703[Battery Energy]121.51
2019-09-05_15:00:39.703[Status]Routing Start.
2019-09-05_15:00:39.763[Status]{'id': 17, 'coordinate': [163.58370797864472, 532.824947897047]}
2019-09-05_15:00:39.763[Status]Routing 4: Walk: 4
2019-09-05_15:00:39.885[Battery Energy]121.35
2019-09-05_15:00:39.885[Status]Routing Start.
2019-09-05_15:00:39.973[Status]{'id': 17, 'coordinate': [172.7296349733059, 528.7811848713087]}
2019-09-05_15:00:39.973[Status]Routing 5: Walk: 5
2019-09-05_15:00:40.073[Battery Energy]121.18
2019-09-05_15:00:40.073[Status]Routing Start.
2019-09-05_15:00:40.120[Status]{'id': 17, 'coordinate': [181.8755619679671, 524.7374218455705]}
2019-09-05_15:00:40.120[Status]Routing 6: Walk: 6
2019-09-05_15:00:40.220[Battery Energy]121.03
2019-09-05_15:00:40.220[Status]Routing Start.
2019-09-05_15:00:40.285[Status]{'id': 17, 'coordinate': [191.02148896262827, 520.6936588198322]}
2019-09-05_15:00:40.285[Status]Routing 7: Walk: 7
2019-09-05_15:00:40.389[Battery Energy]120.87
2019-09-05_15:00:40.389[Status]Routing Start.
2019-09-05_15:00:40.464[Status]{'id': 17, 'coordinate': [200.16741595728945, 516.6498957940939]}
2019-09-05_15:00:40.464[Status]Routing 8: Walk: 8
2019-09-05_15:00:40.564[Battery Energy]120.68
2019-09-05_15:00:40.565[Status]Routing Start.
2019-09-05_15:00:40.617[Status]{'id': 17, 'coordinate': [209.31334295195063, 512.6061327683557]}
2019-09-05_15:00:40.617[Status]Routing 9: Walk: 9
2019-09-05_15:00:40.729[Battery Energy]120.52
2019-09-05_15:00:40.729[Status]Routing Start.
2019-09-05_15:00:40.825[Status]{'id': 17, 'coordinate': [218.4592699466118, 508.5623697426174]}
2019-09-05_15:00:40.825[Status]Routing 10: Walk: 10
2019-09-05_15:00:40.929[Battery Energy]120.35
2019-09-05_15:00:40.930[Status]Routing Start.
2019-09-05_15:00:40.986[Status]{'id': 17, 'coordinate': [227.605196941273, 504.51860671687916]}
2019-09-05_15:00:40.986[Status]Routing 11: Walk: 11
2019-09-05_15:00:41.089[Battery Energy]120.19
2019-09-05_15:00:41.089[Status]Routing Start.
2019-09-05_15:00:41.216[Status]{'id': 17, 'coordinate': [236.75112393593417, 500.4748436911409]}
2019-09-05_15:00:41.216[Status]Routing 12: Walk: 12
2019-09-05_15:00:41.316[Battery Energy]119.97
2019-09-05_15:00:41.316[Status]Routing Start.
2019-09-05_15:00:41.346[Status]{'id': 17, 'coordinate': [245.89705093059536, 496.43108066540265]}
2019-09-05_15:00:41.346[Status]Routing 13: Walk: 13
2019-09-05_15:00:41.446[Battery Energy]119.83
2019-09-05_15:00:41.446[Status]Routing Start.
2019-09-05_15:00:41.469[Status]{'id': 17, 'coordinate': [255.04297792525654, 492.3873176396644]}
2019-09-05_15:00:41.469[Status]Routing 14: Walk: 14
2019-09-05_15:00:41.570[Battery Energy]119.69
2019-09-05_15:00:41.570[Status]Routing Start.
2019-09-05_15:00:41.685[Status]{'id': 17, 'coordinate': [264.1889049199177, 488.34355461392613]}
2019-09-05_15:00:41.685[Status]Routing 15: Walk: 15
2019-09-05_15:00:41.793[Battery Energy]119.50
2019-09-05_15:00:41.793[Status]Routing Start.
2019-09-05_15:00:41.846[Status]{'id': 17, 'coordinate': [273.3348319145789, 484.2997915881879]}
2019-09-05_15:00:41.846[Status]Routing 16: Walk: 16
2019-09-05_15:00:41.947[Battery Energy]119.34
2019-09-05_15:00:41.947[Status]Routing Start.
2019-09-05_15:00:41.999[Status]{'id': 17, 'coordinate': [282.4807589092401, 480.2560285624496]}
2019-09-05_15:00:41.999[Status]Routing 17: Walk: 17
2019-09-05_15:00:42.101[Battery Energy]119.18
2019-09-05_15:00:42.101[Status]Routing Start.
2019-09-05_15:00:42.161[Status]{'id': 17, 'coordinate': [291.62668590390126, 476.21226553671136]}
2019-09-05_15:00:42.161[Status]Routing 18: Walk: 18
2019-09-05_15:00:42.269[Battery Energy]119.02
2019-09-05_15:00:42.269[Status]Routing Start.
2019-09-05_15:00:42.353[Status]{'id': 17, 'coordinate': [300.77261289856244, 472.1685025109731]}
2019-09-05_15:00:42.354[Status]Routing 19: Walk: 19
2019-09-05_15:00:42.454[Battery Energy]118.85
2019-09-05_15:00:42.454[Status]Routing Start.
2019-09-05_15:00:42.520[Status]{'id': 17, 'coordinate': [309.9185398932236, 468.12473948523484]}
2019-09-05_15:00:42.520[Status]Routing 20: Walk: 20
2019-09-05_15:00:42.625[Battery Energy]118.69
2019-09-05_15:00:42.625[Status]Routing Start.
2019-09-05_15:00:42.672[Status]{'id': 17, 'coordinate': [319.0644668878848, 464.0809764594966]}
2019-09-05_15:00:42.672[Status]Routing 21: Walk: 21
2019-09-05_15:00:42.772[Battery Energy]118.54
2019-09-05_15:00:42.772[Status]Routing Start.
2019-09-05_15:00:42.871[Status]{'id': 17, 'coordinate': [328.210393882546, 460.0372134337583]}
2019-09-05_15:00:42.871[Status]Routing 22: Walk: 22
2019-09-05_15:00:42.971[Battery Energy]118.39
2019-09-05_15:00:42.971[Status]Routing Start.
2019-09-05_15:00:43.002[Status]{'id': 17, 'coordinate': [337.35632087720717, 455.99345040802007]}
2019-09-05_15:00:43.006[Status]Routing 23: Walk: 23
2019-09-05_15:00:43.107[Battery Energy]118.25
2019-09-05_15:00:43.107[Status]Routing Start.
2019-09-05_15:00:43.258[Status]{'id': 17, 'coordinate': [346.50224787186835, 451.9496873822818]}
2019-09-05_15:00:43.258[Status]Routing 24: Walk: 24
2019-09-05_15:00:43.358[Battery Energy]118.01
2019-09-05_15:00:43.358[Status]Routing Start.
2019-09-05_15:00:43.395[Status]{'id': 17, 'coordinate': [355.64817486652953, 447.90592435654355]}
2019-09-05_15:00:43.395[Status]Routing 25: Walk: 25
2019-09-05_15:00:43.497[Battery Energy]117.87
2019-09-05_15:00:43.497[Status]Routing Start.
2019-09-05_15:00:43.578[Status]{'id': 17, 'coordinate': [364.7941018611907, 443.8621613308053]}
2019-09-05_15:00:43.578[Status]Routing 26: Walk: 26
2019-09-05_15:00:43.689[Battery Energy]117.71
2019-09-05_15:00:43.689[Status]Routing Start.
2019-09-05_15:00:43.745[Status]{'id': 17, 'coordinate': [373.9400288558519, 439.81839830506703]}
2019-09-05_15:00:43.745[Status]Routing 27: Walk: 27
2019-09-05_15:00:43.857[Battery Energy]117.56
2019-09-05_15:00:43.857[Status]Routing Start.
2019-09-05_15:00:43.900[Status]{'id': 17, 'coordinate': [383.0859558505131, 435.7746352793288]}
2019-09-05_15:00:43.900[Status]Routing 28: Walk: 28
2019-09-05_15:00:44.001[Battery Energy]117.41
2019-09-05_15:00:44.001[Status]Routing Start.
2019-09-05_15:00:44.135[Status]{'id': 17, 'coordinate': [392.23188284517425, 431.7308722535905]}
2019-09-05_15:00:44.135[Status]Routing 29: Walk: 29
2019-09-05_15:00:44.235[Battery Energy]117.19
2019-09-05_15:00:44.235[Status]Routing Start.
2019-09-05_15:00:44.321[Status]{'id': 17, 'coordinate': [401.37780983983544, 427.68710922785226]}
2019-09-05_15:00:44.324[Status]Routing 30: Walk: 30
2019-09-05_15:00:44.425[Battery Energy]117.06
2019-09-05_15:00:44.425[Status]Routing Start.
2019-09-05_15:00:44.426[Status]{'id': 17, 'coordinate': [410.5237368344966, 423.643346202114]}
2019-09-05_15:00:44.426[Status]Routing 31: Walk: 31
2019-09-05_15:00:44.526[Battery Energy]116.94
2019-09-05_15:00:44.526[Status]Routing Start.
2019-09-05_15:00:44.704[Status]{'id': 17, 'coordinate': [419.6696638291578, 419.59958317637575]}
2019-09-05_15:00:44.705[Status]Routing 32: Walk: 32
2019-09-05_15:00:44.805[Battery Energy]116.72
2019-09-05_15:00:44.805[Status]Routing Start.
2019-09-05_15:00:44.911[Status]{'id': 17, 'coordinate': [428.815590823819, 415.5558201506375]}
2019-09-05_15:00:44.911[Status]Routing 33: Walk: 33
2019-09-05_15:00:45.011[Battery Energy]116.53
2019-09-05_15:00:45.011[Status]Routing Start.
2019-09-05_15:00:45.063[Status]{'id': 17, 'coordinate': [437.96151781848016, 411.51205712489923]}
2019-09-05_15:00:45.063[Status]Routing 34: Walk: 34
2019-09-05_15:00:45.163[Battery Energy]116.38
2019-09-05_15:00:45.163[Status]Routing Start.
2019-09-05_15:00:45.194[Status]{'id': 17, 'coordinate': [447.10744481314134, 407.46829409916097]}
2019-09-05_15:00:45.194[Status]Routing 35: Walk: 35
2019-09-05_15:00:45.294[Battery Energy]116.25
2019-09-05_15:00:45.295[Status]Routing Start.
2019-09-05_15:00:45.358[Status]{'id': 17, 'coordinate': [456.2533718078025, 403.4245310734227]}
2019-09-05_15:00:45.362[Status]Routing 36: Walk: 36
2019-09-05_15:00:45.462[Battery Energy]116.10
2019-09-05_15:00:45.462[Status]Routing Start.
2019-09-05_15:00:45.581[Status]{'id': 17, 'coordinate': [465.3992988024637, 399.38076804768446]}
2019-09-05_15:00:45.581[Status]Routing 37: Walk: 37
2019-09-05_15:00:45.682[Battery Energy]115.91
2019-09-05_15:00:45.682[Status]Routing Start.
2019-09-05_15:00:45.826[Status]{'id': 17, 'coordinate': [474.5452257971249, 395.3370050219462]}
2019-09-05_15:00:45.826[Status]Routing 38: Walk: 38
2019-09-05_15:00:45.926[Battery Energy]115.69
2019-09-05_15:00:45.926[Status]Routing Start.
2019-09-05_15:00:46.026[Status]{'id': 17, 'coordinate': [483.69115279178607, 391.29324199620794]}
2019-09-05_15:00:46.026[Status]Routing 39: Walk: 39
2019-09-05_15:00:46.141[Battery Energy]115.52
2019-09-05_15:00:46.141[Status]Routing Start.
2019-09-05_15:00:46.158[Status]{'id': 17, 'coordinate': [492.83707978644725, 387.2494789704697]}
2019-09-05_15:00:46.158[Status]Routing 40: Walk: 40
2019-09-05_15:00:46.258[Battery Energy]115.39
2019-09-05_15:00:46.258[Status]Routing Start.
2019-09-05_15:00:46.295[Status]{'id': 17, 'coordinate': [501.98300678110843, 383.2057159447314]}
2019-09-05_15:00:46.295[Status]Routing 41: Walk: 41
2019-09-05_15:00:46.397[Battery Energy]115.24
2019-09-05_15:00:46.397[Status]Routing Start.
2019-09-05_15:00:46.575[Status]{'id': 17, 'coordinate': [511.1289337757696, 379.16195291899317]}
2019-09-05_15:00:46.575[Status]Routing 42: Walk: 42
2019-09-05_15:00:46.677[Battery Energy]114.99
2019-09-05_15:00:46.677[Status]Routing Start.
2019-09-05_15:00:46.738[Status]{'id': 17, 'coordinate': [520.2748607704308, 375.1181898932549]}
2019-09-05_15:00:46.739[Status]Routing 43: Walk: 43
2019-09-05_15:00:46.839[Battery Energy]114.84
2019-09-05_15:00:46.839[Status]Routing Start.
2019-09-05_15:00:46.945[Status]{'id': 17, 'coordinate': [529.420787765092, 371.07442686751665]}
2019-09-05_15:00:46.945[Status]Routing 44: Walk: 44
2019-09-05_15:00:47.049[Battery Energy]114.67
2019-09-05_15:00:47.049[Status]Routing Start.
2019-09-05_15:00:47.144[Status]{'id': 17, 'coordinate': [538.5667147597532, 367.0306638417784]}
2019-09-05_15:00:47.144[Status]Routing 45: Walk: 45
2019-09-05_15:00:47.253[Battery Energy]114.52
2019-09-05_15:00:47.253[Status]Routing Start.
2019-09-05_15:00:47.346[Status]{'id': 17, 'coordinate': [547.7126417544143, 362.98690081604013]}
2019-09-05_15:00:47.346[Status]Routing 46: Walk: 46
2019-09-05_15:00:47.446[Battery Energy]114.36
2019-09-05_15:00:47.446[Status]Routing Start.
2019-09-05_15:00:47.553[Status]{'id': 17, 'coordinate': [556.8585687490755, 358.9431377903019]}
2019-09-05_15:00:47.553[Status]Routing 47: Walk: 47
2019-09-05_15:00:47.654[Battery Energy]114.16
2019-09-05_15:00:47.654[Status]Routing Start.
2019-09-05_15:00:47.800[Status]{'id': 17, 'coordinate': [566.0044957437367, 354.8993747645636]}
2019-09-05_15:00:47.800[Status]Routing 48: Walk: 48
2019-09-05_15:00:47.913[Battery Energy]114.00
2019-09-05_15:00:47.913[Status]Routing Start.
2019-09-05_15:00:47.999[Status]{'id': 17, 'coordinate': [575.1504227383979, 350.85561173882536]}
2019-09-05_15:00:47.999[Status]Routing 49: Walk: 49
2019-09-05_15:00:48.099[Battery Energy]113.83
2019-09-05_15:00:48.099[Status]Routing Start.
2019-09-05_15:00:48.188[Status]{'id': 17, 'coordinate': [584.2963497330591, 346.8118487130871]}
2019-09-05_15:00:48.188[Status]Routing 50: Walk: 50
2019-09-05_15:00:48.288[Battery Energy]113.65
2019-09-05_15:00:48.288[Status]Routing Start.
2019-09-05_15:00:48.367[Status]{'id': 17, 'coordinate': [593.4422767277202, 342.76808568734884]}
2019-09-05_15:00:48.367[Status]Routing 51: Walk: 51
2019-09-05_15:00:48.467[Battery Energy]113.52
2019-09-05_15:00:48.467[Status]Routing Start.
2019-09-05_15:00:48.612[Status]{'id': 17, 'coordinate': [602.5882037223814, 338.7243226616106]}
2019-09-05_15:00:48.613[Status]Routing 52: Walk: 52
2019-09-05_15:00:48.713[Battery Energy]113.35
2019-09-05_15:00:48.713[Status]Routing Start.
2019-09-05_15:00:48.804[Status]{'id': 17, 'coordinate': [611.7341307170426, 334.6805596358723]}
2019-09-05_15:00:48.805[Status]Routing 53: Walk: 53
2019-09-05_15:00:48.925[Battery Energy]113.20
2019-09-05_15:00:48.925[Status]Routing Start.
2019-09-05_15:00:48.958[Status]{'id': 17, 'coordinate': [620.8800577117038, 330.63679661013407]}
2019-09-05_15:00:48.958[Status]Routing 54: Walk: 54
2019-09-05_15:00:49.059[Battery Energy]113.06
2019-09-05_15:00:49.059[Status]Routing Start.
2019-09-05_15:00:49.174[Status]{'id': 17, 'coordinate': [630.025984706365, 326.5930335843958]}
2019-09-05_15:00:49.174[Status]Routing 55: Walk: 55
2019-09-05_15:00:49.275[Battery Energy]112.87
2019-09-05_15:00:49.275[Status]Routing Start.
2019-09-05_15:00:49.326[Status]{'id': 17, 'coordinate': [639.1719117010261, 322.54927055865755]}
2019-09-05_15:00:49.327[Status]Routing 56: Walk: 56
2019-09-05_15:00:49.427[Battery Energy]112.73
2019-09-05_15:00:49.427[Status]Routing Start.
2019-09-05_15:00:49.464[Status]{'id': 17, 'coordinate': [648.3178386956873, 318.5055075329193]}
2019-09-05_15:00:49.464[Status]Routing 57: Walk: 57
2019-09-05_15:00:49.569[Battery Energy]112.60
2019-09-05_15:00:49.569[Status]Routing Start.
2019-09-05_15:00:49.631[Status]{'id': 17, 'coordinate': [657.4637656903485, 314.46174450718104]}
2019-09-05_15:00:49.631[Status]Routing 58: Walk: 58
2019-09-05_15:00:49.732[Battery Energy]112.46
2019-09-05_15:00:49.732[Status]Routing Start.
2019-09-05_15:00:49.753[Status]{'id': 17, 'coordinate': [666.6096926850097, 310.4179814814428]}
2019-09-05_15:00:49.753[Status]Routing 59: Walk: 59
2019-09-05_15:00:49.853[Battery Energy]112.32
2019-09-05_15:00:49.853[Status]Routing Start.
2019-09-05_15:00:49.909[Status]{'id': 17, 'coordinate': [675.7556196796709, 306.3742184557045]}
2019-09-05_15:00:49.909[Status]Routing 60: Walk: 60
2019-09-05_15:00:50.009[Battery Energy]112.16
2019-09-05_15:00:50.009[Status]Routing Start.
2019-09-05_15:00:50.062[Status]{'id': 17, 'coordinate': [684.901546674332, 302.33045542996626]}
2019-09-05_15:00:50.062[Status]Routing 61: Walk: 61
2019-09-05_15:00:50.173[Battery Energy]112.01
2019-09-05_15:00:50.173[Status]Routing Start.
2019-09-05_15:00:50.222[Status]{'id': 17, 'coordinate': [694.0474736689932, 298.286692404228]}
2019-09-05_15:00:50.222[Status]Routing 62: Walk: 62
2019-09-05_15:00:50.322[Battery Energy]111.86
2019-09-05_15:00:50.322[Status]Routing Start.
2019-09-05_15:00:50.368[Status]{'id': 17, 'coordinate': [703.1934006636544, 294.24292937848975]}
2019-09-05_15:00:50.368[Status]Routing 63: Walk: 63
2019-09-05_15:00:50.468[Battery Energy]111.72
2019-09-05_15:00:50.469[Status]Routing Start.
2019-09-05_15:00:50.556[Status]{'id': 17, 'coordinate': [712.3393276583156, 290.1991663527515]}
2019-09-05_15:00:50.556[Status]Routing 64: Walk: 64
2019-09-05_15:00:50.661[Battery Energy]111.58
2019-09-05_15:00:50.661[Status]Routing Start.
2019-09-05_15:00:50.688[Status]{'id': 17, 'coordinate': [721.4852546529768, 286.15540332701323]}
2019-09-05_15:00:50.688[Status]Routing 65: Walk: 65
2019-09-05_15:00:50.788[Battery Energy]111.45
2019-09-05_15:00:50.788[Status]Routing Start.
2019-09-05_15:00:50.864[Status]{'id': 17, 'coordinate': [730.631181647638, 282.11164030127503]}
2019-09-05_15:00:50.864[Status]Routing 66: Walk: 66
2019-09-05_15:00:50.981[Battery Energy]111.30
2019-09-05_15:00:50.981[Status]Routing Start.
2019-09-05_15:00:51.079[Status]{'id': 17, 'coordinate': [739.7771086422991, 278.06787727553683]}
2019-09-05_15:00:51.079[Status]Routing 67: Walk: 67
2019-09-05_15:00:51.179[Battery Energy]111.13
2019-09-05_15:00:51.179[Status]Routing Start.
2019-09-05_15:00:51.286[Status]{'id': 17, 'coordinate': [748.9230356369603, 274.0241142497986]}
2019-09-05_15:00:51.286[Status]Routing 68: Walk: 68
2019-09-05_15:00:51.401[Battery Energy]110.94
2019-09-05_15:00:51.401[Status]Routing Start.
2019-09-05_15:00:51.490[Status]{'id': 17, 'coordinate': [758.0689626316215, 269.98035122406037]}
2019-09-05_15:00:51.490[Status]Routing 69: Walk: 69
2019-09-05_15:00:51.605[Battery Energy]110.78
2019-09-05_15:00:51.606[Status]Routing Start.
2019-09-05_15:00:51.658[Status]{'id': 17, 'coordinate': [767.2148896262827, 265.93658819832217]}
2019-09-05_15:00:51.660[Status]Routing 70: Walk: 70
2019-09-05_15:00:51.761[Battery Energy]110.64
2019-09-05_15:00:51.761[Status]Routing Start.
2019-09-05_15:00:51.900[Status]{'id': 17, 'coordinate': [776.3608166209439, 261.8928251725839]}
2019-09-05_15:00:51.900[Status]Routing 71: Walk: 71
2019-09-05_15:00:52.001[Battery Energy]110.44
2019-09-05_15:00:52.001[Status]Routing Start.
2019-09-05_15:00:52.032[Status]{'id': 17, 'coordinate': [785.506743615605, 257.8490621468457]}
2019-09-05_15:00:52.032[Status]Routing 72: Walk: 72
2019-09-05_15:00:52.132[Battery Energy]110.30
2019-09-05_15:00:52.132[Status]Routing Start.
2019-09-05_15:00:52.224[Status]{'id': 17, 'coordinate': [794.6526706102662, 253.80529912110748]}
2019-09-05_15:00:52.224[Status]Routing 73: Walk: 73
2019-09-05_15:00:52.324[Battery Energy]110.13
2019-09-05_15:00:52.324[Status]Routing Start.
2019-09-05_15:00:52.396[Status]{'id': 17, 'coordinate': [803.7985976049274, 249.76153609536925]}
2019-09-05_15:00:52.396[Status]Routing 74: Walk: 74
2019-09-05_15:00:52.513[Battery Energy]109.98
2019-09-05_15:00:52.514[Status]Routing Start.
2019-09-05_15:00:52.583[Status]{'id': 17, 'coordinate': [812.9445245995886, 245.71777306963102]}
2019-09-05_15:00:52.587[Status]Routing 75: Walk: 75
2019-09-05_15:00:52.688[Battery Energy]109.82
2019-09-05_15:00:52.688[Status]Routing Start.
2019-09-05_15:00:52.757[Status]{'id': 17, 'coordinate': [822.0904515942498, 241.6740100438928]}
2019-09-05_15:00:52.757[Status]Routing 76: Walk: 76
2019-09-05_15:00:52.861[Battery Energy]109.68
2019-09-05_15:00:52.862[Status]Routing Start.
2019-09-05_15:00:52.931[Status]{'id': 17, 'coordinate': [831.236378588911, 237.63024701815456]}
2019-09-05_15:00:52.931[Status]Routing 77: Walk: 77
2019-09-05_15:00:53.033[Battery Energy]109.51
2019-09-05_15:00:53.033[Status]Routing Start.
2019-09-05_15:00:53.137[Status]{'id': 17, 'coordinate': [840.3823055835721, 233.58648399241633]}
2019-09-05_15:00:53.137[Status]Routing 78: Walk: 78
2019-09-05_15:00:53.238[Battery Energy]109.34
2019-09-05_15:00:53.238[Status]Routing Start.
2019-09-05_15:00:53.334[Status]{'id': 17, 'coordinate': [849.5282325782333, 229.5427209666781]}
2019-09-05_15:00:53.334[Status]Routing 79: Walk: 79
2019-09-05_15:00:53.435[Battery Energy]109.18
2019-09-05_15:00:53.435[Status]Routing Start.
2019-09-05_15:00:53.436[Status]{'id': 17, 'coordinate': [858.6741595728945, 225.49895794093987]}
2019-09-05_15:00:53.436[Status]Routing 80: Walk: 80
2019-09-05_15:00:53.536[Battery Energy]109.06
2019-09-05_15:00:53.536[Status]Routing Start.
2019-09-05_15:00:53.568[Status]{'id': 17, 'coordinate': [867.8200865675557, 221.45519491520164]}
2019-09-05_15:00:53.568[Status]Routing 81: Walk: 81
2019-09-05_15:00:53.676[Battery Energy]108.93
2019-09-05_15:00:53.676[Status]Routing Start.
2019-09-05_15:00:53.774[Status]{'id': 17, 'coordinate': [876.9660135622169, 217.41143188946342]}
2019-09-05_15:00:53.774[Status]Routing 82: Walk: 82
2019-09-05_15:00:53.874[Battery Energy]108.78
2019-09-05_15:00:53.874[Status]Routing Start.
2019-09-05_15:00:53.933[Status]{'id': 17, 'coordinate': [886.111940556878, 213.36766886372519]}
2019-09-05_15:00:53.934[Status]Routing 83: Walk: 83
2019-09-05_15:00:54.034[Battery Energy]108.63
2019-09-05_15:00:54.034[Status]Routing Start.
2019-09-05_15:00:54.064[Status]{'id': 17, 'coordinate': [895.2578675515392, 209.32390583798696]}
2019-09-05_15:00:54.065[Status]Routing 84: Walk: 84
2019-09-05_15:00:54.165[Battery Energy]108.50
2019-09-05_15:00:54.165[Status]Routing Start.
2019-09-05_15:00:54.206[Status]{'id': 17, 'coordinate': [904.4037945462004, 205.28014281224873]}
2019-09-05_15:00:54.206[Status]Routing 85: Walk: 85
2019-09-05_15:00:54.306[Battery Energy]108.35
2019-09-05_15:00:54.306[Status]Routing Start.
2019-09-05_15:00:54.400[Status]{'id': 17, 'coordinate': [913.5497215408616, 201.2363797865105]}
2019-09-05_15:00:54.400[Status]Routing 86: Walk: 86
2019-09-05_15:00:54.505[Battery Energy]108.16
2019-09-05_15:00:54.505[Status]Routing Start.
2019-09-05_15:00:54.614[Status]{'id': 17, 'coordinate': [922.6956485355228, 197.19261676077227]}
2019-09-05_15:00:54.614[Status]Routing 87: Walk: 87
2019-09-05_15:00:54.714[Battery Energy]108.00
2019-09-05_15:00:54.714[Status]Routing Start.
2019-09-05_15:00:54.801[Status]{'id': 17, 'coordinate': [931.841575530184, 193.14885373503404]}
2019-09-05_15:00:54.801[Status]Routing 88: Walk: 88
2019-09-05_15:00:54.902[Battery Energy]107.82
2019-09-05_15:00:54.902[Status]Routing Start.
2019-09-05_15:00:54.935[Status]{'id': 17, 'coordinate': [940.9875025248451, 189.1050907092958]}
2019-09-05_15:00:54.935[Status]Routing 89: Walk: 89
2019-09-05_15:00:55.037[Battery Energy]107.68
2019-09-05_15:00:55.037[Status]Routing Start.
2019-09-05_15:00:55.102[Status]{'id': 17, 'coordinate': [950.1334295195063, 185.06132768355758]}
2019-09-05_15:00:55.107[Status]Routing 90: Walk: 90
2019-09-05_15:00:55.207[Battery Energy]107.52
2019-09-05_15:00:55.207[Status]Routing Start.
2019-09-05_15:00:55.214[Status]{'id': 17, 'coordinate': [959.2793565141675, 181.01756465781935]}
2019-09-05_15:00:55.214[Status]Routing 91: Walk: 91
2019-09-05_15:00:55.314[Battery Energy]107.40
2019-09-05_15:00:55.314[Status]Routing Start.
2019-09-05_15:00:55.400[Status]{'id': 17, 'coordinate': [968.4252835088287, 176.97380163208112]}
2019-09-05_15:00:55.400[Status]Routing 92: Walk: 92
2019-09-05_15:00:55.500[Battery Energy]107.23
2019-09-05_15:00:55.500[Status]Routing Start.
2019-09-05_15:00:55.578[Status]{'id': 17, 'coordinate': [977.5712105034899, 172.9300386063429]}
2019-09-05_15:00:55.578[Status]Routing 93: Walk: 93
2019-09-05_15:00:55.678[Battery Energy]107.05
2019-09-05_15:00:55.678[Status]Routing Start.
2019-09-05_15:00:55.770[Status]{'id': 17, 'coordinate': [986.717137498151, 168.88627558060466]}
2019-09-05_15:00:55.771[Status]Routing 94: Walk: 94
2019-09-05_15:00:55.872[Battery Energy]106.85
2019-09-05_15:00:55.872[Status]Routing Start.
2019-09-05_15:00:55.952[Status]{'id': 17, 'coordinate': [995.8630644928122, 164.84251255486643]}
2019-09-05_15:00:55.952[Status]Routing 95: Walk: 95
2019-09-05_15:00:56.053[Battery Energy]106.69
2019-09-05_15:00:56.053[Status]Routing Start.
2019-09-05_15:00:56.169[Status]{'id': 17, 'coordinate': [1005.0089914874734, 160.7987495291282]}
2019-09-05_15:00:56.169[Status]Routing 96: Walk: 96
2019-09-05_15:00:56.269[Battery Energy]106.48
2019-09-05_15:00:56.269[Status]Routing Start.
2019-09-05_15:00:56.351[Status]{'id': 17, 'coordinate': [1014.1549184821346, 156.75498650338997]}
2019-09-05_15:00:56.351[Status]Routing 97: Walk: 97
2019-09-05_15:00:56.451[Battery Energy]106.32
2019-09-05_15:00:56.451[Status]Routing Start.
2019-09-05_15:00:56.477[Status]{'id': 17, 'coordinate': [1023.3008454767958, 152.71122347765177]}
2019-09-05_15:00:56.477[Status]Routing 98: Walk: 98
2019-09-05_15:00:56.580[Battery Energy]106.18
2019-09-05_15:00:56.580[Status]Routing Start.
2019-09-05_15:00:56.647[Status]{'id': 17, 'coordinate': [1032.446772471457, 148.66746045191357]}
2019-09-05_15:00:56.647[Status]Routing 99: Walk: 99
2019-09-05_15:00:56.753[Battery Energy]106.01
2019-09-05_15:00:56.753[Status]Routing Start.
2019-09-05_15:00:56.807[Status]{'id': 17, 'coordinate': [1041.5926994661183, 144.62369742617534]}
2019-09-05_15:00:56.807[Status]Routing 100: Walk: 100
2019-09-05_15:00:56.907[Battery Energy]105.86
2019-09-05_15:00:56.907[Status]Routing Start.
2019-09-05_15:00:56.964[Status]{'id': 17, 'coordinate': [1050.7386264607796, 140.5799344004371]}
2019-09-05_15:00:56.964[Status]Routing 101: Walk: 101
2019-09-05_15:00:57.064[Battery Energy]105.71
2019-09-05_15:00:57.064[Status]Routing Start.
2019-09-05_15:00:57.178[Status]{'id': 17, 'coordinate': [1059.884553455441, 136.53617137469888]}
2019-09-05_15:00:57.178[Status]Routing 102: Walk: 102
2019-09-05_15:00:57.278[Battery Energy]105.55
2019-09-05_15:00:57.278[Status]Routing Start.
2019-09-05_15:00:57.283[Status]{'id': 17, 'coordinate': [1069.0304804501022, 132.49240834896065]}
2019-09-05_15:00:57.283[Status]Routing 103: Walk: 103
2019-09-05_15:00:57.383[Battery Energy]105.43
2019-09-05_15:00:57.383[Status]Routing Start.
2019-09-05_15:00:57.445[Status]{'id': 17, 'coordinate': [1078.1764074447635, 128.44864532322242]}
2019-09-05_15:00:57.445[Status]Routing 104: Walk: 104
2019-09-05_15:00:57.553[Battery Energy]105.29
2019-09-05_15:00:57.553[Status]Routing Start.
2019-09-05_15:00:57.603[Status]{'id': 17, 'coordinate': [1087.3223344394248, 124.40488229748416]}
2019-09-05_15:00:57.603[Status]Routing 105: Walk: 105
2019-09-05_15:00:57.703[Battery Energy]105.13
2019-09-05_15:00:57.703[Status]Routing Start.
2019-09-05_15:00:57.803[Status]{'id': 17, 'coordinate': [1096.468261434086, 120.36111927174589]}
2019-09-05_15:00:57.803[Status]Routing 106: Walk: 106
2019-09-05_15:00:57.913[Battery Energy]104.96
2019-09-05_15:00:57.913[Status]Routing Start.
2019-09-05_15:00:57.977[Status]{'id': 17, 'coordinate': [1105.6141884287472, 116.31735624600765]}
2019-09-05_15:00:57.985[Status]Routing 107: Walk: 107
2019-09-05_15:00:58.085[Battery Energy]104.79
2019-09-05_15:00:58.085[Status]Routing Start.
2019-09-05_15:00:58.085[Status]Task Finished.
2019-09-05_15:00:58.185[Battery Energy]104.79
2019-09-05_15:00:58.198[Status]Routing 109: Walk: 107
2019-09-05_15:00:58.298[Battery Energy]104.76
2019-09-05_15:00:58.301[Status]Routing 110: Walk: 107
2019-09-05_15:00:58.401[Battery Energy]104.74
2019-09-05_15:00:58.608[Status]Routing 111: Walk: 107
2019-09-05_15:00:58.710[Battery Energy]104.62
2019-09-05_15:00:58.770[Status]Routing 112: Walk: 107
2019-09-05_15:00:58.870[Battery Energy]104.56
2019-09-05_15:00:58.968[Status]Routing 113: Walk: 107
2019-09-05_15:00:59.070[Battery Energy]104.50
2019-09-05_15:00:59.209[Status]Routing 114: Walk: 107
2019-09-05_15:00:59.309[Battery Energy]104.40
2019-09-05_15:00:59.378[Status]Routing 115: Walk: 107
2019-09-05_15:00:59.478[Battery Energy]104.35
2019-09-05_15:00:59.513[Status]Routing 116: Walk: 107
2019-09-05_15:00:59.614[Battery Energy]104.30
2019-09-05_15:00:59.666[Status]Routing 117: Walk: 107
2019-09-05_15:00:59.769[Battery Energy]104.25
2019-09-05_15:00:59.868[Status]Routing 118: Walk: 107
2019-09-05_15:00:59.973[Battery Energy]104.16
2019-09-05_15:01:00.011[Status]Routing 119: Walk: 107
2019-09-05_15:01:00.111[Battery Energy]104.12
2019-09-05_15:01:00.262[Status]Routing 120: Walk: 107
2019-09-05_15:01:00.363[Battery Energy]104.01
2019-09-05_15:01:00.377[Status]Routing 121: Walk: 107
2019-09-05_15:01:00.482[Battery Energy]103.98
2019-09-05_15:01:00.551[Status]Routing 122: Walk: 107
2019-09-05_15:01:00.653[Battery Energy]103.92
2019-09-05_15:01:00.723[Status]Routing 123: Walk: 107
2019-09-05_15:01:00.828[Battery Energy]103.86
2019-09-05_15:01:00.861[Status]Routing 124: Walk: 107
2019-09-05_15:01:00.961[Battery Energy]103.82
2019-09-05_15:01:01.112[Status]Routing 125: Walk: 107
2019-09-05_15:01:01.213[Battery Energy]103.71
2019-09-05_15:01:01.291[Status]Routing 126: Walk: 107
2019-09-05_15:01:01.396[Battery Energy]103.64
2019-09-05_15:01:01.433[Status]Routing 127: Walk: 107
2019-09-05_15:01:01.538[Battery Energy]103.60
2019-09-05_15:01:01.571[Status]Routing 128: Walk: 107
2019-09-05_15:01:01.672[Battery Energy]103.55
2019-09-05_15:01:01.711[Status]Routing 129: Walk: 107
2019-09-05_15:01:01.812[Battery Energy]103.50
2019-09-05_15:01:01.940[Status]Routing 130: Walk: 107
2019-09-05_15:01:02.045[Battery Energy]103.40
2019-09-05_15:01:02.176[Status]Routing 131: Walk: 107
2019-09-05_15:01:02.285[Battery Energy]103.33
2019-09-05_15:01:02.333[Status]Routing 132: Walk: 107
2019-09-05_15:01:02.437[Battery Energy]103.29
2019-09-05_15:01:02.472[Status]Routing 133: Walk: 107
2019-09-05_15:01:02.593[Battery Energy]103.25
2019-09-05_15:01:02.659[Status]Routing 134: Walk: 107
2019-09-05_15:01:02.769[Battery Energy]103.20
2019-09-05_15:01:02.843[Status]Routing 135: Walk: 107
2019-09-05_15:01:02.943[Battery Energy]103.13
2019-09-05_15:01:02.990[Status]Routing 136: Walk: 107
2019-09-05_15:01:03.097[Battery Energy]103.08
2019-09-05_15:01:03.170[Status]Routing 137: Walk: 107
2019-09-05_15:01:03.271[Battery Energy]103.00
2019-09-05_15:01:03.338[Status]Routing 138: Walk: 107
2019-09-05_15:01:03.443[Battery Energy]102.93
2019-09-05_15:01:03.497[Status]Routing 139: Walk: 107
2019-09-05_15:01:03.599[Battery Energy]102.88
2019-09-05_15:01:03.689[Status]Routing 140: Walk: 107
2019-09-05_15:01:03.791[Battery Energy]102.81
2019-09-05_15:01:03.861[Status]Routing 141: Walk: 107
2019-09-05_15:01:03.965[Battery Energy]102.74
2019-09-05_15:01:04.009[Status]Routing 142: Walk: 107
2019-09-05_15:01:04.109[Battery Energy]102.69
2019-09-05_15:01:04.206[Status]Routing 143: Walk: 107
2019-09-05_15:01:04.306[Battery Energy]102.60
2019-09-05_15:01:04.434[Status]Routing 144: Walk: 107
2019-09-05_15:01:04.544[Battery Energy]102.50
2019-09-05_15:01:04.620[Status]Routing 145: Walk: 107
2019-09-05_15:01:04.720[Battery Energy]102.44
2019-09-05_15:01:04.867[Status]Routing 146: Walk: 107
2019-09-05_15:01:04.968[Battery Energy]102.31
2019-09-05_15:01:05.084[Status]Routing 147: Walk: 107
2019-09-05_15:01:05.184[Battery Energy]102.24
2019-09-05_15:01:05.266[Status]Routing 148: Walk: 107
2019-09-05_15:01:05.369[Battery Energy]102.17
2019-09-05_15:01:05.463[Status]Routing 149: Walk: 107
2019-09-05_15:01:05.566[Battery Energy]102.11
2019-09-05_15:01:05.603[Status]Routing 150: Walk: 107
2019-09-05_15:01:05.703[Battery Energy]102.06
2019-09-05_15:01:05.772[Status]Routing 151: Walk: 107
2019-09-05_15:01:05.873[Battery Energy]102.01
2019-09-05_15:01:05.944[Status]Routing 152: Walk: 107
2019-09-05_15:01:06.044[Battery Energy]101.95
2019-09-05_15:01:06.143[Status]Routing 153: Walk: 107
2019-09-05_15:01:06.250[Battery Energy]101.90
2019-09-05_15:01:06.393[Status]Routing 154: Walk: 107
2019-09-05_15:01:06.493[Battery Energy]101.79
2019-09-05_15:01:06.531[Status]Routing 155: Walk: 107
2019-09-05_15:01:06.638[Battery Energy]101.75
