2019-09-05_15:00:31.772[Status]Start.
2019-09-05_15:00:31.772[Battery Energy]123.00
2019-09-05_15:00:32.874[Battery Energy]122.96
2019-09-05_15:00:33.975[Battery Energy]122.92
2019-09-05_15:00:35.076[Battery Energy]122.88
2019-09-05_15:00:36.177[Battery Energy]122.84
2019-09-05_15:00:37.278[Task]A New Task Released.
2019-09-05_15:00:37.278[Battery Energy]122.80
2019-09-05_15:00:37.278[Status]Selection Start.
2019-09-05_15:00:38.689[Status]Selection End: Do Task 2.
2019-09-05_15:00:38.795[Battery Energy]121.86
2019-09-05_15:00:38.795[Status]Formation Start.
2019-09-05_15:00:39.059[Status]Formation End: To Position 0.
2019-09-05_15:00:39.169[Battery Energy]121.69
2019-09-05_15:00:39.169[Status]Routing Start.
2019-09-05_15:00:39.282[Status]{'coordinate': [130.9996137842774, 166.08788723052587], 'id': 15}
2019-09-05_15:00:39.283[Status]Routing 1: Walk: 1
2019-09-05_15:00:39.389[Battery Energy]121.51
2019-09-05_15:00:39.389[Status]Routing Start.
2019-09-05_15:00:39.442[Status]{'coordinate': [140.99922756855477, 166.17577446105173], 'id': 15}
2019-09-05_15:00:39.442[Status]Routing 2: Walk: 2
2019-09-05_15:00:39.553[Battery Energy]121.37
2019-09-05_15:00:39.553[Status]Routing Start.
2019-09-05_15:00:39.611[Status]{'coordinate': [150.99884135283216, 166.2636616915776], 'id': 15}
2019-09-05_15:00:39.611[Status]Routing 3: Walk: 3
2019-09-05_15:00:39.721[Battery Energy]121.23
2019-09-05_15:00:39.721[Status]Routing Start.
2019-09-05_15:00:39.764[Status]{'coordinate': [160.99845513710954, 166.35154892210346], 'id': 15}
2019-09-05_15:00:39.764[Status]Routing 4: Walk: 4
2019-09-05_15:00:39.864[Battery Energy]121.09
2019-09-05_15:00:39.864[Status]Routing Start.
2019-09-05_15:00:39.948[Status]{'coordinate': [170.99806892138693, 166.43943615262933], 'id': 15}
2019-09-05_15:00:39.948[Status]Routing 5: Walk: 5
2019-09-05_15:00:40.053[Battery Energy]120.93
2019-09-05_15:00:40.053[Status]Routing Start.
2019-09-05_15:00:40.109[Status]{'coordinate': [180.99768270566432, 166.5273233831552], 'id': 15}
2019-09-05_15:00:40.109[Status]Routing 6: Walk: 6
2019-09-05_15:00:40.209[Battery Energy]120.77
2019-09-05_15:00:40.209[Status]Routing Start.
2019-09-05_15:00:40.246[Status]{'coordinate': [190.9972964899417, 166.61521061368106], 'id': 15}
2019-09-05_15:00:40.246[Status]Routing 7: Walk: 7
2019-09-05_15:00:40.347[Battery Energy]120.64
2019-09-05_15:00:40.347[Status]Routing Start.
2019-09-05_15:00:40.418[Status]{'coordinate': [200.9969102742191, 166.70309784420692], 'id': 15}
2019-09-05_15:00:40.418[Status]Routing 8: Walk: 8
2019-09-05_15:00:40.518[Battery Energy]120.47
2019-09-05_15:00:40.518[Status]Routing Start.
2019-09-05_15:00:40.557[Status]{'coordinate': [210.99652405849648, 166.7909850747328], 'id': 15}
2019-09-05_15:00:40.557[Status]Routing 9: Walk: 9
2019-09-05_15:00:40.657[Battery Energy]120.32
2019-09-05_15:00:40.657[Status]Routing Start.
2019-09-05_15:00:40.764[Status]{'coordinate': [220.99613784277386, 166.87887230525865], 'id': 15}
2019-09-05_15:00:40.766[Status]Routing 10: Walk: 10
2019-09-05_15:00:40.870[Battery Energy]120.13
2019-09-05_15:00:40.870[Status]Routing Start.
2019-09-05_15:00:40.921[Status]{'coordinate': [230.99575162705125, 166.96675953578452], 'id': 15}
2019-09-05_15:00:40.921[Status]Routing 11: Walk: 11
2019-09-05_15:00:41.021[Battery Energy]119.98
2019-09-05_15:00:41.021[Status]Routing Start.
2019-09-05_15:00:41.050[Status]{'coordinate': [240.99536541132863, 167.05464676631038], 'id': 15}
2019-09-05_15:00:41.050[Status]Routing 12: Walk: 12
2019-09-05_15:00:41.150[Battery Energy]119.84
2019-09-05_15:00:41.150[Status]Routing Start.
2019-09-05_15:00:41.266[Status]{'coordinate': [250.99497919560602, 167.14253399683625], 'id': 15}
2019-09-05_15:00:41.266[Status]Routing 13: Walk: 13
2019-09-05_15:00:41.367[Battery Energy]119.63
2019-09-05_15:00:41.367[Status]Routing Start.
2019-09-05_15:00:41.486[Status]{'coordinate': [260.9945929798834, 167.23042122736211], 'id': 15}
2019-09-05_15:00:41.486[Status]Routing 14: Walk: 14
2019-09-05_15:00:41.589[Battery Energy]119.45
2019-09-05_15:00:41.589[Status]Routing Start.
2019-09-05_15:00:41.646[Status]{'coordinate': [270.9942067641608, 167.31830845788798], 'id': 15}
2019-09-05_15:00:41.646[Status]Routing 15: Walk: 15
2019-09-05_15:00:41.747[Battery Energy]119.30
2019-09-05_15:00:41.747[Status]Routing Start.
2019-09-05_15:00:41.823[Status]{'coordinate': [280.99382054843824, 167.40619568841385], 'id': 15}
2019-09-05_15:00:41.823[Status]Routing 16: Walk: 16
2019-09-05_15:00:41.923[Battery Energy]119.13
2019-09-05_15:00:41.923[Status]Routing Start.
2019-09-05_15:00:41.997[Status]{'coordinate': [290.99343433271565, 167.4940829189397], 'id': 15}
2019-09-05_15:00:41.997[Status]Routing 17: Walk: 17
2019-09-05_15:00:42.105[Battery Energy]118.96
2019-09-05_15:00:42.105[Status]Routing Start.
2019-09-05_15:00:42.160[Status]{'coordinate': [300.99304811699307, 167.58197014946558], 'id': 15}
2019-09-05_15:00:42.161[Status]Routing 18: Walk: 18
2019-09-05_15:00:42.269[Battery Energy]118.81
2019-09-05_15:00:42.269[Status]Routing Start.
2019-09-05_15:00:42.358[Status]{'coordinate': [310.9926619012705, 167.66985737999144], 'id': 15}
2019-09-05_15:00:42.358[Status]Routing 19: Walk: 19
2019-09-05_15:00:42.458[Battery Energy]118.64
2019-09-05_15:00:42.458[Status]Routing Start.
2019-09-05_15:00:42.519[Status]{'coordinate': [320.9922756855479, 167.7577446105173], 'id': 15}
2019-09-05_15:00:42.519[Status]Routing 20: Walk: 20
2019-09-05_15:00:42.619[Battery Energy]118.50
2019-09-05_15:00:42.619[Status]Routing Start.
2019-09-05_15:00:42.670[Status]{'coordinate': [330.9918894698253, 167.84563184104317], 'id': 15}
2019-09-05_15:00:42.671[Status]Routing 21: Walk: 21
2019-09-05_15:00:42.771[Battery Energy]118.35
2019-09-05_15:00:42.771[Status]Routing Start.
2019-09-05_15:00:42.879[Status]{'coordinate': [340.9915032541027, 167.93351907156904], 'id': 15}
2019-09-05_15:00:42.881[Status]Routing 22: Walk: 22
2019-09-05_15:00:43.021[Battery Energy]118.17
2019-09-05_15:00:43.021[Status]Routing Start.
2019-09-05_15:00:43.213[Status]{'coordinate': [350.99111703838014, 168.0214063020949], 'id': 15}
2019-09-05_15:00:43.213[Status]Routing 23: Walk: 23
2019-09-05_15:00:43.313[Battery Energy]117.93
2019-09-05_15:00:43.313[Status]Routing Start.
2019-09-05_15:00:43.409[Status]{'coordinate': [360.99073082265755, 168.10929353262077], 'id': 15}
2019-09-05_15:00:43.409[Status]Routing 24: Walk: 24
2019-09-05_15:00:43.509[Battery Energy]117.76
2019-09-05_15:00:43.509[Status]Routing Start.
2019-09-05_15:00:43.576[Status]{'coordinate': [370.99034460693497, 168.19718076314663], 'id': 15}
2019-09-05_15:00:43.576[Status]Routing 25: Walk: 25
2019-09-05_15:00:43.677[Battery Energy]117.61
2019-09-05_15:00:43.677[Status]Routing Start.
2019-09-05_15:00:43.744[Status]{'coordinate': [380.9899583912124, 168.2850679936725], 'id': 15}
2019-09-05_15:00:43.744[Status]Routing 26: Walk: 26
2019-09-05_15:00:43.876[Battery Energy]117.45
2019-09-05_15:00:43.876[Status]Routing Start.
2019-09-05_15:00:43.903[Status]{'coordinate': [390.9895721754898, 168.37295522419836], 'id': 15}
2019-09-05_15:00:43.903[Status]Routing 27: Walk: 27
2019-09-05_15:00:44.003[Battery Energy]117.31
2019-09-05_15:00:44.003[Status]Routing Start.
2019-09-05_15:00:44.136[Status]{'coordinate': [400.9891859597672, 168.46084245472423], 'id': 15}
2019-09-05_15:00:44.136[Status]Routing 28: Walk: 28
2019-09-05_15:00:44.236[Battery Energy]117.11
2019-09-05_15:00:44.236[Status]Routing Start.
2019-09-05_15:00:44.328[Status]{'coordinate': [410.9887997440446, 168.5487296852501], 'id': 15}
2019-09-05_15:00:44.329[Status]Routing 29: Walk: 29
2019-09-05_15:00:44.433[Battery Energy]116.93
2019-09-05_15:00:44.433[Status]Routing Start.
2019-09-05_15:00:44.506[Status]{'coordinate': [420.98841352832204, 168.636616915776], 'id': 15}
2019-09-05_15:00:44.506[Status]Routing 30: Walk: 30
2019-09-05_15:00:44.609[Battery Energy]116.78
2019-09-05_15:00:44.609[Status]Routing Start.
2019-09-05_15:00:44.688[Status]{'coordinate': [430.98802731259946, 168.72450414630185], 'id': 15}
2019-09-05_15:00:44.689[Status]Routing 31: Walk: 31
2019-09-05_15:00:44.860[Battery Energy]116.63
2019-09-05_15:00:44.861[Status]Routing Start.
2019-09-05_15:00:44.892[Status]{'coordinate': [440.98764109687687, 168.81239137682775], 'id': 15}
2019-09-05_15:00:44.892[Status]Routing 32: Walk: 32
2019-09-05_15:00:44.992[Battery Energy]116.49
2019-09-05_15:00:44.992[Status]Routing Start.
2019-09-05_15:00:45.055[Status]{'coordinate': [450.9872548811543, 168.9002786073536], 'id': 15}
2019-09-05_15:00:45.055[Status]Routing 33: Walk: 33
2019-09-05_15:00:45.155[Battery Energy]116.35
2019-09-05_15:00:45.155[Status]Routing Start.
2019-09-05_15:00:45.236[Status]{'coordinate': [460.9868686654317, 168.9881658378795], 'id': 15}
2019-09-05_15:00:45.236[Status]Routing 34: Walk: 34
2019-09-05_15:00:45.336[Battery Energy]116.18
2019-09-05_15:00:45.336[Status]Routing Start.
2019-09-05_15:00:45.399[Status]{'coordinate': [470.9864824497091, 169.07605306840537], 'id': 15}
2019-09-05_15:00:45.400[Status]Routing 35: Walk: 35
2019-09-05_15:00:45.501[Battery Energy]116.03
2019-09-05_15:00:45.501[Status]Routing Start.
2019-09-05_15:00:45.604[Status]{'coordinate': [480.98609623398653, 169.16394029893127], 'id': 15}
2019-09-05_15:00:45.606[Status]Routing 36: Walk: 36
2019-09-05_15:00:45.706[Battery Energy]115.87
2019-09-05_15:00:45.706[Status]Routing Start.
2019-09-05_15:00:45.867[Status]{'coordinate': [490.98571001826394, 169.25182752945713], 'id': 15}
2019-09-05_15:00:45.868[Status]Routing 37: Walk: 37
2019-09-05_15:00:45.969[Battery Energy]115.67
2019-09-05_15:00:45.969[Status]Routing Start.
2019-09-05_15:00:46.030[Status]{'coordinate': [500.98532380254136, 169.33971475998302], 'id': 15}
2019-09-05_15:00:46.030[Status]Routing 38: Walk: 38
2019-09-05_15:00:46.130[Battery Energy]115.52
2019-09-05_15:00:46.130[Status]Routing Start.
2019-09-05_15:00:46.228[Status]{'coordinate': [510.9849375868188, 169.4276019905089], 'id': 15}
2019-09-05_15:00:46.228[Status]Routing 39: Walk: 39
2019-09-05_15:00:46.337[Battery Energy]115.35
2019-09-05_15:00:46.338[Status]Routing Start.
2019-09-05_15:00:46.424[Status]{'coordinate': [520.9845513710961, 169.51548922103478], 'id': 15}
2019-09-05_15:00:46.424[Status]Routing 40: Walk: 40
2019-09-05_15:00:46.524[Battery Energy]115.17
2019-09-05_15:00:46.524[Status]Routing Start.
2019-09-05_15:00:46.576[Status]{'coordinate': [530.9841651553735, 169.60337645156065], 'id': 15}
2019-09-05_15:00:46.576[Status]Routing 41: Walk: 41
2019-09-05_15:00:46.681[Battery Energy]115.03
2019-09-05_15:00:46.681[Status]Routing Start.
2019-09-05_15:00:46.759[Status]{'coordinate': [540.9837789396508, 169.69126368208654], 'id': 15}
2019-09-05_15:00:46.759[Status]Routing 42: Walk: 42
2019-09-05_15:00:46.865[Battery Energy]114.86
2019-09-05_15:00:46.865[Status]Routing Start.
2019-09-05_15:00:46.946[Status]{'coordinate': [550.9833927239282, 169.7791509126124], 'id': 15}
2019-09-05_15:00:46.946[Status]Routing 43: Walk: 43
2019-09-05_15:00:47.053[Battery Energy]114.71
2019-09-05_15:00:47.053[Status]Routing Start.
2019-09-05_15:00:47.146[Status]{'coordinate': [560.9830065082056, 169.8670381431383], 'id': 15}
2019-09-05_15:00:47.146[Status]Routing 44: Walk: 44
2019-09-05_15:00:47.253[Battery Energy]114.55
2019-09-05_15:00:47.253[Status]Routing Start.
2019-09-05_15:00:47.342[Status]{'coordinate': [570.9826202924829, 169.95492537366417], 'id': 15}
2019-09-05_15:00:47.342[Status]Routing 45: Walk: 45
2019-09-05_15:00:47.445[Battery Energy]114.39
2019-09-05_15:00:47.445[Status]Routing Start.
2019-09-05_15:00:47.550[Status]{'coordinate': [580.9822340767603, 170.04281260419006], 'id': 15}
2019-09-05_15:00:47.551[Status]Routing 46: Walk: 46
2019-09-05_15:00:47.651[Battery Energy]114.21
2019-09-05_15:00:47.651[Status]Routing Start.
2019-09-05_15:00:47.801[Status]{'coordinate': [590.9818478610376, 170.13069983471593], 'id': 15}
2019-09-05_15:00:47.801[Status]Routing 47: Walk: 47
2019-09-05_15:00:47.901[Battery Energy]114.02
2019-09-05_15:00:47.901[Status]Routing Start.
2019-09-05_15:00:47.998[Status]{'coordinate': [600.981461645315, 170.21858706524182], 'id': 15}
2019-09-05_15:00:47.998[Status]Routing 48: Walk: 48
2019-09-05_15:00:48.103[Battery Energy]113.83
2019-09-05_15:00:48.103[Status]Routing Start.
2019-09-05_15:00:48.139[Status]{'coordinate': [610.9810754295924, 170.30647429576769], 'id': 15}
2019-09-05_15:00:48.139[Status]Routing 49: Walk: 49
2019-09-05_15:00:48.239[Battery Energy]113.69
2019-09-05_15:00:48.239[Status]Routing Start.
2019-09-05_15:00:48.369[Status]{'coordinate': [620.9806892138697, 170.39436152629358], 'id': 15}
2019-09-05_15:00:48.369[Status]Routing 50: Walk: 50
2019-09-05_15:00:48.485[Battery Energy]113.49
2019-09-05_15:00:48.485[Status]Routing Start.
2019-09-05_15:00:48.610[Status]{'coordinate': [630.9803029981471, 170.48224875681944], 'id': 15}
2019-09-05_15:00:48.610[Status]Routing 51: Walk: 51
2019-09-05_15:00:48.710[Battery Energy]113.29
2019-09-05_15:00:48.710[Status]Routing Start.
2019-09-05_15:00:48.805[Status]{'coordinate': [640.9799167824244, 170.57013598734534], 'id': 15}
2019-09-05_15:00:48.805[Status]Routing 52: Walk: 52
2019-09-05_15:00:48.909[Battery Energy]113.15
2019-09-05_15:00:48.909[Status]Routing Start.
2019-09-05_15:00:48.958[Status]{'coordinate': [650.9795305667018, 170.6580232178712], 'id': 15}
2019-09-05_15:00:48.959[Status]Routing 53: Walk: 53
2019-09-05_15:00:49.069[Battery Energy]113.00
2019-09-05_15:00:49.069[Status]Routing Start.
2019-09-05_15:00:49.190[Status]{'coordinate': [660.9791443509791, 170.7459104483971], 'id': 15}
2019-09-05_15:00:49.190[Status]Routing 54: Walk: 54
2019-09-05_15:00:49.326[Battery Energy]112.82
2019-09-05_15:00:49.327[Status]Routing Start.
2019-09-05_15:00:49.339[Status]{'coordinate': [670.9787581352565, 170.83379767892296], 'id': 15}
2019-09-05_15:00:49.343[Status]Routing 55: Walk: 55
2019-09-05_15:00:49.445[Battery Energy]112.69
2019-09-05_15:00:49.445[Status]Routing Start.
2019-09-05_15:00:49.510[Status]{'coordinate': [680.9783719195339, 170.92168490944886], 'id': 15}
2019-09-05_15:00:49.510[Status]Routing 56: Walk: 56
2019-09-05_15:00:49.621[Battery Energy]112.54
2019-09-05_15:00:49.621[Status]Routing Start.
2019-09-05_15:00:49.675[Status]{'coordinate': [690.9779857038112, 171.00957213997472], 'id': 15}
2019-09-05_15:00:49.675[Status]Routing 57: Walk: 57
2019-09-05_15:00:49.781[Battery Energy]112.38
2019-09-05_15:00:49.782[Status]Routing Start.
2019-09-05_15:00:49.860[Status]{'coordinate': [700.9775994880886, 171.0974593705006], 'id': 15}
2019-09-05_15:00:49.886[Status]Routing 58: Walk: 58
2019-09-05_15:00:49.986[Battery Energy]112.20
2019-09-05_15:00:49.986[Status]Routing Start.
2019-09-05_15:00:50.028[Status]{'coordinate': [710.9772132723659, 171.18534660102648], 'id': 15}
2019-09-05_15:00:50.028[Status]Routing 59: Walk: 59
2019-09-05_15:00:50.129[Battery Energy]112.07
2019-09-05_15:00:50.129[Status]Routing Start.
2019-09-05_15:00:50.160[Status]{'coordinate': [720.9768270566433, 171.27323383155235], 'id': 15}
2019-09-05_15:00:50.160[Status]Routing 60: Walk: 60
2019-09-05_15:00:50.260[Battery Energy]111.93
2019-09-05_15:00:50.260[Status]Routing Start.
2019-09-05_15:00:50.370[Status]{'coordinate': [730.9764408409206, 171.36112106207824], 'id': 15}
2019-09-05_15:00:50.370[Status]Routing 61: Walk: 61
2019-09-05_15:00:50.474[Battery Energy]111.73
2019-09-05_15:00:50.474[Status]Routing Start.
2019-09-05_15:00:50.554[Status]{'coordinate': [740.976054625198, 171.4490082926041], 'id': 15}
2019-09-05_15:00:50.554[Status]Routing 62: Walk: 62
2019-09-05_15:00:50.654[Battery Energy]111.58
2019-09-05_15:00:50.654[Status]Routing Start.
2019-09-05_15:00:50.688[Status]{'coordinate': [750.9756684094754, 171.53689552313], 'id': 15}
2019-09-05_15:00:50.688[Status]Routing 63: Walk: 63
2019-09-05_15:00:50.788[Battery Energy]111.44
2019-09-05_15:00:50.788[Status]Routing Start.
2019-09-05_15:00:50.863[Status]{'coordinate': [760.9752821937527, 171.62478275365586], 'id': 15}
2019-09-05_15:00:50.863[Status]Routing 64: Walk: 64
2019-09-05_15:00:50.965[Battery Energy]111.26
2019-09-05_15:00:50.966[Status]Routing Start.
2019-09-05_15:00:51.081[Status]{'coordinate': [770.9748959780301, 171.71266998418176], 'id': 15}
2019-09-05_15:00:51.081[Status]Routing 65: Walk: 65
2019-09-05_15:00:51.181[Battery Energy]111.09
2019-09-05_15:00:51.181[Status]Routing Start.
2019-09-05_15:00:51.280[Status]{'coordinate': [780.9745097623074, 171.80055721470762], 'id': 15}
2019-09-05_15:00:51.280[Status]Routing 66: Walk: 66
2019-09-05_15:00:51.380[Battery Energy]110.94
2019-09-05_15:00:51.380[Status]Routing Start.
2019-09-05_15:00:51.476[Status]{'coordinate': [790.9741235465848, 171.88844444523352], 'id': 15}
2019-09-05_15:00:51.476[Status]Routing 67: Walk: 67
2019-09-05_15:00:51.577[Battery Energy]110.77
2019-09-05_15:00:51.577[Status]Routing Start.
2019-09-05_15:00:51.661[Status]{'coordinate': [800.9737373308621, 171.97633167575938], 'id': 15}
2019-09-05_15:00:51.661[Status]Routing 68: Walk: 68
2019-09-05_15:00:51.773[Battery Energy]110.61
2019-09-05_15:00:51.773[Status]Routing Start.
2019-09-05_15:00:51.822[Status]{'coordinate': [810.9733511151395, 172.06421890628528], 'id': 15}
2019-09-05_15:00:51.823[Status]Routing 69: Walk: 69
2019-09-05_15:00:51.924[Battery Energy]110.45
2019-09-05_15:00:51.924[Status]Routing Start.
2019-09-05_15:00:51.956[Status]{'coordinate': [820.9729648994169, 172.15210613681114], 'id': 15}
2019-09-05_15:00:51.956[Status]Routing 70: Walk: 70
2019-09-05_15:00:52.061[Battery Energy]110.30
2019-09-05_15:00:52.061[Status]Routing Start.
2019-09-05_15:00:52.175[Status]{'coordinate': [830.9725786836942, 172.23999336733704], 'id': 15}
2019-09-05_15:00:52.175[Status]Routing 71: Walk: 71
2019-09-05_15:00:52.281[Battery Energy]110.12
2019-09-05_15:00:52.281[Status]Routing Start.
2019-09-05_15:00:52.393[Status]{'coordinate': [840.9721924679716, 172.3278805978629], 'id': 15}
2019-09-05_15:00:52.393[Status]Routing 72: Walk: 72
2019-09-05_15:00:52.500[Battery Energy]109.94
2019-09-05_15:00:52.500[Status]Routing Start.
2019-09-05_15:00:52.600[Status]{'coordinate': [850.9718062522489, 172.4157678283888], 'id': 15}
2019-09-05_15:00:52.600[Status]Routing 73: Walk: 73
2019-09-05_15:00:52.701[Battery Energy]109.78
2019-09-05_15:00:52.701[Status]Routing Start.
2019-09-05_15:00:52.800[Status]{'coordinate': [860.9714200365263, 172.50365505891466], 'id': 15}
2019-09-05_15:00:52.801[Status]Routing 74: Walk: 74
2019-09-05_15:00:52.904[Battery Energy]109.60
2019-09-05_15:00:52.904[Status]Routing Start.
2019-09-05_15:00:53.014[Status]{'coordinate': [870.9710338208037, 172.59154228944055], 'id': 15}
2019-09-05_15:00:53.015[Status]Routing 75: Walk: 75
2019-09-05_15:00:53.117[Battery Energy]109.41
2019-09-05_15:00:53.117[Status]Routing Start.
2019-09-05_15:00:53.160[Status]{'coordinate': [880.970647605081, 172.67942951996642], 'id': 15}
2019-09-05_15:00:53.160[Status]Routing 76: Walk: 76
2019-09-05_15:00:53.265[Battery Energy]109.26
2019-09-05_15:00:53.265[Status]Routing Start.
2019-09-05_15:00:53.382[Status]{'coordinate': [890.9702613893584, 172.7673167504923], 'id': 15}
2019-09-05_15:00:53.382[Status]Routing 77: Walk: 77
2019-09-05_15:00:53.482[Battery Energy]109.09
2019-09-05_15:00:53.482[Status]Routing Start.
2019-09-05_15:00:53.578[Status]{'coordinate': [900.9698751736357, 172.85520398101818], 'id': 15}
2019-09-05_15:00:53.578[Status]Routing 78: Walk: 78
2019-09-05_15:00:53.693[Battery Energy]108.91
2019-09-05_15:00:53.693[Status]Routing Start.
2019-09-05_15:00:53.778[Status]{'coordinate': [910.9694889579131, 172.94309121154407], 'id': 15}
2019-09-05_15:00:53.778[Status]Routing 79: Walk: 79
2019-09-05_15:00:53.878[Battery Energy]108.75
2019-09-05_15:00:53.878[Status]Routing Start.
2019-09-05_15:00:53.946[Status]{'coordinate': [920.9691027421904, 173.03097844206994], 'id': 15}
2019-09-05_15:00:53.947[Status]Routing 80: Walk: 80
2019-09-05_15:00:54.047[Battery Energy]108.58
2019-09-05_15:00:54.047[Status]Routing Start.
2019-09-05_15:00:54.107[Status]{'coordinate': [930.9687165264678, 173.11886567259583], 'id': 15}
2019-09-05_15:00:54.107[Status]Routing 81: Walk: 81
2019-09-05_15:00:54.208[Battery Energy]108.42
2019-09-05_15:00:54.208[Status]Routing Start.
2019-09-05_15:00:54.260[Status]{'coordinate': [940.9683303107452, 173.2067529031217], 'id': 15}
2019-09-05_15:00:54.260[Status]Routing 82: Walk: 82
2019-09-05_15:00:54.360[Battery Energy]108.26
2019-09-05_15:00:54.360[Status]Routing Start.
2019-09-05_15:00:54.429[Status]{'coordinate': [950.9679440950225, 173.2946401336476], 'id': 15}
2019-09-05_15:00:54.429[Status]Routing 83: Walk: 83
2019-09-05_15:00:54.537[Battery Energy]108.10
2019-09-05_15:00:54.538[Status]Routing Start.
2019-09-05_15:00:54.639[Status]{'coordinate': [960.9675578792999, 173.38252736417346], 'id': 15}
2019-09-05_15:00:54.639[Status]Routing 84: Walk: 84
2019-09-05_15:00:54.745[Battery Energy]107.92
2019-09-05_15:00:54.745[Status]Routing Start.
2019-09-05_15:00:54.837[Status]{'coordinate': [970.9671716635772, 173.47041459469935], 'id': 15}
2019-09-05_15:00:54.838[Status]Routing 85: Walk: 85
2019-09-05_15:00:54.938[Battery Energy]107.74
2019-09-05_15:00:54.938[Status]Routing Start.
2019-09-05_15:00:54.978[Status]{'coordinate': [980.9667854478546, 173.55830182522521], 'id': 15}
2019-09-05_15:00:54.978[Status]Routing 86: Walk: 86
2019-09-05_15:00:55.085[Battery Energy]107.60
2019-09-05_15:00:55.085[Status]Routing Start.
2019-09-05_15:00:55.132[Status]{'coordinate': [990.966399232132, 173.6461890557511], 'id': 15}
2019-09-05_15:00:55.132[Status]Routing 87: Walk: 87
2019-09-05_15:00:55.238[Battery Energy]107.45
2019-09-05_15:00:55.238[Status]Routing Start.
2019-09-05_15:00:55.340[Status]{'coordinate': [1000.9660130164093, 173.73407628627697], 'id': 15}
2019-09-05_15:00:55.340[Status]Routing 88: Walk: 88
2019-09-05_15:00:55.445[Battery Energy]107.26
2019-09-05_15:00:55.445[Status]Routing Start.
2019-09-05_15:00:55.533[Status]{'coordinate': [1010.9656268006867, 173.82196351680287], 'id': 15}
2019-09-05_15:00:55.533[Status]Routing 89: Walk: 89
2019-09-05_15:00:55.646[Battery Energy]107.07
2019-09-05_15:00:55.646[Status]Routing Start.
2019-09-05_15:00:55.785[Status]{'coordinate': [1020.965240584964, 173.90985074732873], 'id': 15}
2019-09-05_15:00:55.785[Status]Routing 90: Walk: 90
2019-09-05_15:00:55.885[Battery Energy]106.87
2019-09-05_15:00:55.886[Status]Routing Start.
2019-09-05_15:00:55.955[Status]{'coordinate': [1030.9648543692415, 173.99773797785463], 'id': 15}
2019-09-05_15:00:55.955[Status]Routing 91: Walk: 91
2019-09-05_15:00:56.055[Battery Energy]106.70
2019-09-05_15:00:56.055[Status]Routing Start.
2019-09-05_15:00:56.130[Status]{'coordinate': [1040.964468153519, 174.0856252083805], 'id': 15}
2019-09-05_15:00:56.130[Status]Routing 92: Walk: 92
2019-09-05_15:00:56.237[Battery Energy]106.53
2019-09-05_15:00:56.237[Status]Routing Start.
2019-09-05_15:00:56.338[Status]{'coordinate': [1050.9640819377964, 174.17351243890639], 'id': 15}
2019-09-05_15:00:56.339[Status]Routing 93: Walk: 93
2019-09-05_15:00:56.439[Battery Energy]106.36
2019-09-05_15:00:56.439[Status]Routing Start.
2019-09-05_15:00:56.567[Status]{'coordinate': [1060.963695722074, 174.26139966943225], 'id': 15}
2019-09-05_15:00:56.567[Status]Routing 94: Walk: 94
2019-09-05_15:00:56.667[Battery Energy]106.15
2019-09-05_15:00:56.667[Status]Routing Start.
2019-09-05_15:00:56.718[Status]{'coordinate': [1070.9633095063514, 174.34928689995814], 'id': 15}
2019-09-05_15:00:56.718[Status]Routing 95: Walk: 95
2019-09-05_15:00:56.821[Battery Energy]105.99
2019-09-05_15:00:56.821[Status]Routing Start.
2019-09-05_15:00:56.867[Status]{'coordinate': [1080.9629232906289, 174.437174130484], 'id': 15}
2019-09-05_15:00:56.867[Status]Routing 96: Walk: 96
2019-09-05_15:00:56.967[Battery Energy]105.83
2019-09-05_15:00:56.967[Status]Routing Start.
2019-09-05_15:00:57.003[Status]{'coordinate': [1090.9625370749063, 174.5250613610099], 'id': 15}
2019-09-05_15:00:57.003[Status]Routing 97: Walk: 97
2019-09-05_15:00:57.103[Battery Energy]105.68
2019-09-05_15:00:57.103[Status]Routing Start.
2019-09-05_15:00:57.232[Status]{'coordinate': [1100.9621508591838, 174.61294859153577], 'id': 15}
2019-09-05_15:00:57.232[Status]Routing 98: Walk: 98
2019-09-05_15:00:57.333[Battery Energy]105.48
2019-09-05_15:00:57.333[Status]Routing Start.
2019-09-05_15:00:57.447[Status]{'coordinate': [1110.9617646434613, 174.70083582206166], 'id': 15}
2019-09-05_15:00:57.447[Status]Routing 99: Walk: 99
2019-09-05_15:00:57.557[Battery Energy]105.30
2019-09-05_15:00:57.557[Status]Routing Start.
2019-09-05_15:00:57.604[Status]{'coordinate': [1120.9613784277387, 174.78872305258753], 'id': 15}
2019-09-05_15:00:57.604[Status]Routing 100: Walk: 100
2019-09-05_15:00:57.704[Battery Energy]105.15
2019-09-05_15:00:57.704[Status]Routing Start.
2019-09-05_15:00:57.799[Status]{'coordinate': [1130.9609922120162, 174.87661028311342], 'id': 15}
2019-09-05_15:00:57.799[Status]Routing 101: Walk: 101
2019-09-05_15:00:57.899[Battery Energy]104.98
2019-09-05_15:00:57.899[Status]Routing Start.
2019-09-05_15:00:58.005[Status]{'coordinate': [1140.9606059962937, 174.9644975136393], 'id': 15}
2019-09-05_15:00:58.005[Status]Routing 102: Walk: 102
2019-09-05_15:00:58.105[Battery Energy]104.78
2019-09-05_15:00:58.105[Status]Routing Start.
2019-09-05_15:00:58.106[Status]Task Finished.
2019-09-05_15:00:58.206[Battery Energy]104.78
2019-09-05_15:00:58.258[Status]Routing 104: Walk: 102
2019-09-05_15:00:58.369[Battery Energy]104.73
2019-09-05_15:00:58.453[Status]Routing 105: Walk: 102
2019-09-05_15:00:58.557[Battery Energy]104.66
2019-09-05_15:00:58.683[Status]Routing 106: Walk: 102
2019-09-05_15:00:58.783[Battery Energy]104.58
2019-09-05_15:00:58.819[Status]Routing 107: Walk: 102
2019-09-05_15:00:58.925[Battery Energy]104.54
2019-09-05_15:00:58.969[Status]Routing 108: Walk: 102
2019-09-05_15:00:59.120[Battery Energy]104.50
2019-09-05_15:00:59.209[Status]Routing 109: Walk: 102
2019-09-05_15:00:59.325[Battery Energy]104.44
2019-09-05_15:00:59.359[Status]Routing 110: Walk: 102
2019-09-05_15:00:59.461[Battery Energy]104.40
2019-09-05_15:00:59.519[Status]Routing 111: Walk: 102
2019-09-05_15:00:59.621[Battery Energy]104.33
2019-09-05_15:00:59.661[Status]Routing 112: Walk: 102
2019-09-05_15:00:59.761[Battery Energy]104.29
2019-09-05_15:00:59.822[Status]Routing 113: Walk: 102
2019-09-05_15:00:59.925[Battery Energy]104.23
2019-09-05_15:00:59.950[Status]Routing 114: Walk: 102
2019-09-05_15:01:00.053[Battery Energy]104.19
2019-09-05_15:01:00.107[Status]Routing 115: Walk: 102
2019-09-05_15:01:00.209[Battery Energy]104.13
2019-09-05_15:01:00.280[Status]Routing 116: Walk: 102
2019-09-05_15:01:00.389[Battery Energy]104.08
2019-09-05_15:01:00.518[Status]Routing 117: Walk: 102
2019-09-05_15:01:00.624[Battery Energy]103.98
2019-09-05_15:01:00.721[Status]Routing 118: Walk: 102
2019-09-05_15:01:00.821[Battery Energy]103.91
2019-09-05_15:01:00.861[Status]Routing 119: Walk: 102
2019-09-05_15:01:00.977[Battery Energy]103.87
2019-09-05_15:01:01.105[Status]Routing 120: Walk: 102
2019-09-05_15:01:01.221[Battery Energy]103.78
2019-09-05_15:01:01.287[Status]Routing 121: Walk: 102
2019-09-05_15:01:01.389[Battery Energy]103.74
2019-09-05_15:01:01.426[Status]Routing 122: Walk: 102
2019-09-05_15:01:01.534[Battery Energy]103.69
2019-09-05_15:01:01.564[Status]Routing 123: Walk: 102
2019-09-05_15:01:01.664[Battery Energy]103.66
2019-09-05_15:01:01.710[Status]Routing 124: Walk: 102
2019-09-05_15:01:01.838[Battery Energy]103.60
2019-09-05_15:01:01.942[Status]Routing 125: Walk: 102
2019-09-05_15:01:02.085[Battery Energy]103.49
2019-09-05_15:01:02.177[Status]Routing 126: Walk: 102
2019-09-05_15:01:02.285[Battery Energy]103.40
2019-09-05_15:01:02.328[Status]Routing 127: Walk: 102
2019-09-05_15:01:02.441[Battery Energy]103.36
2019-09-05_15:01:02.470[Status]Routing 128: Walk: 102
2019-09-05_15:01:02.601[Battery Energy]103.33
2019-09-05_15:01:02.650[Status]Routing 129: Walk: 102
2019-09-05_15:01:02.750[Battery Energy]103.29
2019-09-05_15:01:02.843[Status]Routing 130: Walk: 102
2019-09-05_15:01:02.945[Battery Energy]103.23
2019-09-05_15:01:02.989[Status]Routing 131: Walk: 102
2019-09-05_15:01:03.089[Battery Energy]103.17
2019-09-05_15:01:03.165[Status]Routing 132: Walk: 102
2019-09-05_15:01:03.265[Battery Energy]103.11
2019-09-05_15:01:03.339[Status]Routing 133: Walk: 102
2019-09-05_15:01:03.448[Battery Energy]103.04
2019-09-05_15:01:03.502[Status]Routing 134: Walk: 102
2019-09-05_15:01:03.602[Battery Energy]102.98
2019-09-05_15:01:03.691[Status]Routing 135: Walk: 102
2019-09-05_15:01:03.791[Battery Energy]102.89
2019-09-05_15:01:03.906[Status]Routing 136: Walk: 102
2019-09-05_15:01:04.008[Battery Energy]102.81
2019-09-05_15:01:04.065[Status]Routing 137: Walk: 102
2019-09-05_15:01:04.165[Battery Energy]102.74
2019-09-05_15:01:04.209[Status]Routing 138: Walk: 102
2019-09-05_15:01:04.313[Battery Energy]102.69
2019-09-05_15:01:04.427[Status]Routing 139: Walk: 102
2019-09-05_15:01:04.528[Battery Energy]102.60
2019-09-05_15:01:04.628[Status]Routing 140: Walk: 102
2019-09-05_15:01:04.728[Battery Energy]102.52
2019-09-05_15:01:04.850[Status]Routing 141: Walk: 102
2019-09-05_15:01:04.957[Battery Energy]102.47
2019-09-05_15:01:05.056[Status]Routing 142: Walk: 102
2019-09-05_15:01:05.165[Battery Energy]102.41
2019-09-05_15:01:05.230[Status]Routing 143: Walk: 102
2019-09-05_15:01:05.333[Battery Energy]102.36
2019-09-05_15:01:05.449[Status]Routing 144: Walk: 102
2019-09-05_15:01:05.549[Battery Energy]102.30
2019-09-05_15:01:05.583[Status]Routing 145: Walk: 102
2019-09-05_15:01:05.693[Battery Energy]102.26
2019-09-05_15:01:05.722[Status]Routing 146: Walk: 102
2019-09-05_15:01:05.823[Battery Energy]102.22
2019-09-05_15:01:05.905[Status]Routing 147: Walk: 102
2019-09-05_15:01:06.006[Battery Energy]102.16
2019-09-05_15:01:06.096[Status]Routing 148: Walk: 102
2019-09-05_15:01:06.201[Battery Energy]102.10
2019-09-05_15:01:06.360[Status]Routing 149: Walk: 102
2019-09-05_15:01:06.461[Battery Energy]101.99
2019-09-05_15:01:06.526[Status]Routing 150: Walk: 102
2019-09-05_15:01:06.637[Battery Energy]101.95
