2019-09-05_15:00:31.222[Status]Start.
2019-09-05_15:00:31.223[Battery Energy]123.00
2019-09-05_15:00:32.324[Battery Energy]122.96
2019-09-05_15:00:33.425[Battery Energy]122.92
2019-09-05_15:00:34.526[Battery Energy]122.88
2019-09-05_15:00:35.627[Battery Energy]122.84
2019-09-05_15:00:36.728[Task]A New Task Released.
2019-09-05_15:00:36.728[Battery Energy]122.80
2019-09-05_15:00:36.728[Status]Selection Start.
2019-09-05_15:00:38.688[Status]Selection End: Do Task 1.
2019-09-05_15:00:38.797[Battery Energy]121.52
2019-09-05_15:00:38.797[Status]Formation Start.
2019-09-05_15:00:38.987[Status]Formation End: To Position 2.
2019-09-05_15:00:39.088[Battery Energy]121.39
2019-09-05_15:00:39.088[Status]Routing Start.
2019-09-05_15:00:39.275[Status]{'coordinate': [68.37710068314307, 386.47418807467267], 'id': 11}
2019-09-05_15:00:39.275[Status]Routing 1: Walk: 1
2019-09-05_15:00:39.375[Battery Energy]121.18
2019-09-05_15:00:39.376[Status]Routing Start.
2019-09-05_15:00:39.442[Status]{'coordinate': [77.75420136628614, 389.94837614934534], 'id': 11}
2019-09-05_15:00:39.442[Status]Routing 2: Walk: 2
2019-09-05_15:00:39.549[Battery Energy]121.02
2019-09-05_15:00:39.549[Status]Routing Start.
2019-09-05_15:00:39.608[Status]{'coordinate': [87.13130204942921, 393.422564224018], 'id': 11}
2019-09-05_15:00:39.608[Status]Routing 3: Walk: 3
2019-09-05_15:00:39.708[Battery Energy]120.87
2019-09-05_15:00:39.708[Status]Routing Start.
2019-09-05_15:00:39.761[Status]{'coordinate': [96.50840273257228, 396.89675229869067], 'id': 11}
2019-09-05_15:00:39.761[Status]Routing 4: Walk: 4
2019-09-05_15:00:39.862[Battery Energy]120.72
2019-09-05_15:00:39.862[Status]Routing Start.
2019-09-05_15:00:39.956[Status]{'coordinate': [105.88550341571535, 400.37094037336334], 'id': 11}
2019-09-05_15:00:39.956[Status]Routing 5: Walk: 5
2019-09-05_15:00:40.061[Battery Energy]120.56
2019-09-05_15:00:40.062[Status]Routing Start.
2019-09-05_15:00:40.107[Status]{'coordinate': [115.26260409885842, 403.845128448036], 'id': 11}
2019-09-05_15:00:40.109[Status]Routing 6: Walk: 6
2019-09-05_15:00:40.213[Battery Energy]120.41
2019-09-05_15:00:40.213[Status]Routing Start.
2019-09-05_15:00:40.244[Status]{'coordinate': [124.63970478200149, 407.3193165227087], 'id': 11}
2019-09-05_15:00:40.246[Status]Routing 7: Walk: 7
2019-09-05_15:00:40.347[Battery Energy]120.28
2019-09-05_15:00:40.347[Status]Routing Start.
2019-09-05_15:00:40.406[Status]{'coordinate': [134.01680546514456, 410.79350459738134], 'id': 11}
2019-09-05_15:00:40.406[Status]Routing 8: Walk: 8
2019-09-05_15:00:40.506[Battery Energy]120.14
2019-09-05_15:00:40.506[Status]Routing Start.
2019-09-05_15:00:40.562[Status]{'coordinate': [143.39390614828764, 414.267692672054], 'id': 11}
2019-09-05_15:00:40.562[Status]Routing 9: Walk: 9
2019-09-05_15:00:40.663[Battery Energy]119.97
2019-09-05_15:00:40.663[Status]Routing Start.
2019-09-05_15:00:40.762[Status]{'coordinate': [152.77100683143073, 417.7418807467267], 'id': 11}
2019-09-05_15:00:40.762[Status]Routing 10: Walk: 10
2019-09-05_15:00:40.863[Battery Energy]119.80
2019-09-05_15:00:40.863[Status]Routing Start.
2019-09-05_15:00:40.967[Status]{'coordinate': [162.1481075145738, 421.21606882139935], 'id': 11}
2019-09-05_15:00:40.967[Status]Routing 11: Walk: 11
2019-09-05_15:00:41.067[Battery Energy]119.60
2019-09-05_15:00:41.067[Status]Routing Start.
2019-09-05_15:00:41.130[Status]{'coordinate': [171.5252081977169, 424.690256896072], 'id': 11}
2019-09-05_15:00:41.130[Status]Routing 12: Walk: 12
2019-09-05_15:00:41.230[Battery Energy]119.43
2019-09-05_15:00:41.230[Status]Routing Start.
2019-09-05_15:00:41.269[Status]{'coordinate': [180.90230888085998, 428.1644449707447], 'id': 11}
2019-09-05_15:00:41.269[Status]Routing 13: Walk: 13
2019-09-05_15:00:41.377[Battery Energy]119.29
2019-09-05_15:00:41.377[Status]Routing Start.
2019-09-05_15:00:41.480[Status]{'coordinate': [190.27940956400306, 431.63863304541735], 'id': 11}
2019-09-05_15:00:41.480[Status]Routing 14: Walk: 14
2019-09-05_15:00:41.592[Battery Energy]119.11
2019-09-05_15:00:41.592[Status]Routing Start.
2019-09-05_15:00:41.652[Status]{'coordinate': [199.65651024714614, 435.11282112009], 'id': 11}
2019-09-05_15:00:41.652[Status]Routing 15: Walk: 15
2019-09-05_15:00:41.752[Battery Energy]118.96
2019-09-05_15:00:41.752[Status]Routing Start.
2019-09-05_15:00:41.806[Status]{'coordinate': [209.03361093028923, 438.5870091947627], 'id': 11}
2019-09-05_15:00:41.806[Status]Routing 16: Walk: 16
2019-09-05_15:00:41.914[Battery Energy]118.81
2019-09-05_15:00:41.914[Status]Routing Start.
2019-09-05_15:00:41.968[Status]{'coordinate': [218.4107116134323, 442.06119726943535], 'id': 11}
2019-09-05_15:00:41.969[Status]Routing 17: Walk: 17
2019-09-05_15:00:42.069[Battery Energy]118.68
2019-09-05_15:00:42.069[Status]Routing Start.
2019-09-05_15:00:42.122[Status]{'coordinate': [227.7878122965754, 445.535385344108], 'id': 11}
2019-09-05_15:00:42.123[Status]Routing 18: Walk: 18
2019-09-05_15:00:42.223[Battery Energy]118.55
2019-09-05_15:00:42.223[Status]Routing Start.
2019-09-05_15:00:42.290[Status]{'coordinate': [237.16491297971848, 449.0095734187807], 'id': 11}
2019-09-05_15:00:42.290[Status]Routing 19: Walk: 19
2019-09-05_15:00:42.390[Battery Energy]118.39
2019-09-05_15:00:42.390[Status]Routing Start.
2019-09-05_15:00:42.508[Status]{'coordinate': [246.54201366286156, 452.48376149345336], 'id': 11}
2019-09-05_15:00:42.508[Status]Routing 20: Walk: 20
2019-09-05_15:00:42.608[Battery Energy]118.21
2019-09-05_15:00:42.609[Status]Routing Start.
2019-09-05_15:00:42.673[Status]{'coordinate': [255.91911434600465, 455.957949568126], 'id': 11}
2019-09-05_15:00:42.673[Status]Routing 21: Walk: 21
2019-09-05_15:00:42.781[Battery Energy]118.08
2019-09-05_15:00:42.781[Status]Routing Start.
2019-09-05_15:00:42.852[Status]{'coordinate': [265.29621502914773, 459.4321376427987], 'id': 11}
2019-09-05_15:00:42.852[Status]Routing 22: Walk: 22
2019-09-05_15:00:42.957[Battery Energy]117.92
2019-09-05_15:00:42.957[Status]Routing Start.
2019-09-05_15:00:43.022[Status]{'coordinate': [274.6733157122908, 462.90632571747136], 'id': 11}
2019-09-05_15:00:43.022[Status]Routing 23: Walk: 23
2019-09-05_15:00:43.126[Battery Energy]117.78
2019-09-05_15:00:43.126[Status]Routing Start.
2019-09-05_15:00:43.248[Status]{'coordinate': [284.05041639543384, 466.38051379214403], 'id': 11}
2019-09-05_15:00:43.248[Status]Routing 24: Walk: 24
2019-09-05_15:00:43.348[Battery Energy]117.58
2019-09-05_15:00:43.348[Status]Routing Start.
2019-09-05_15:00:43.403[Status]{'coordinate': [293.4275170785769, 469.8547018668167], 'id': 11}
2019-09-05_15:00:43.403[Status]Routing 25: Walk: 25
2019-09-05_15:00:43.504[Battery Energy]117.43
2019-09-05_15:00:43.504[Status]Routing Start.
2019-09-05_15:00:43.580[Status]{'coordinate': [302.80461776171995, 473.32888994148936], 'id': 11}
2019-09-05_15:00:43.580[Status]Routing 26: Walk: 26
2019-09-05_15:00:43.680[Battery Energy]117.29
2019-09-05_15:00:43.680[Status]Routing Start.
2019-09-05_15:00:43.743[Status]{'coordinate': [312.181718444863, 476.80307801616203], 'id': 11}
2019-09-05_15:00:43.743[Status]Routing 27: Walk: 27
2019-09-05_15:00:43.853[Battery Energy]117.15
2019-09-05_15:00:43.853[Status]Routing Start.
2019-09-05_15:00:43.906[Status]{'coordinate': [321.55881912800606, 480.2772660908347], 'id': 11}
2019-09-05_15:00:43.906[Status]Routing 28: Walk: 28
2019-09-05_15:00:44.017[Battery Energy]116.99
2019-09-05_15:00:44.017[Status]Routing Start.
2019-09-05_15:00:44.151[Status]{'coordinate': [330.9359198111491, 483.75145416550737], 'id': 11}
2019-09-05_15:00:44.151[Status]Routing 29: Walk: 29
2019-09-05_15:00:44.253[Battery Energy]116.76
2019-09-05_15:00:44.254[Status]Routing Start.
2019-09-05_15:00:44.327[Status]{'coordinate': [340.3130204942922, 487.22564224018004], 'id': 11}
2019-09-05_15:00:44.327[Status]Routing 30: Walk: 30
2019-09-05_15:00:44.428[Battery Energy]116.61
2019-09-05_15:00:44.428[Status]Routing Start.
2019-09-05_15:00:44.516[Status]{'coordinate': [349.69012117743523, 490.6998303148527], 'id': 11}
2019-09-05_15:00:44.516[Status]Routing 31: Walk: 31
2019-09-05_15:00:44.616[Battery Energy]116.42
2019-09-05_15:00:44.616[Status]Routing Start.
2019-09-05_15:00:44.683[Status]{'coordinate': [359.0672218605783, 494.1740183895254], 'id': 11}
2019-09-05_15:00:44.683[Status]Routing 32: Walk: 32
2019-09-05_15:00:44.801[Battery Energy]116.26
2019-09-05_15:00:44.801[Status]Routing Start.
2019-09-05_15:00:44.906[Status]{'coordinate': [368.44432254372134, 497.64820646419804], 'id': 11}
2019-09-05_15:00:44.906[Status]Routing 33: Walk: 33
2019-09-05_15:00:45.007[Battery Energy]116.08
2019-09-05_15:00:45.007[Status]Routing Start.
2019-09-05_15:00:45.080[Status]{'coordinate': [377.8214232268644, 501.1223945388707], 'id': 11}
2019-09-05_15:00:45.080[Status]Routing 34: Walk: 34
2019-09-05_15:00:45.185[Battery Energy]115.91
2019-09-05_15:00:45.185[Status]Routing Start.
2019-09-05_15:00:45.232[Status]{'coordinate': [387.19852391000745, 504.5965826135434], 'id': 11}
2019-09-05_15:00:45.232[Status]Routing 35: Walk: 35
2019-09-05_15:00:45.332[Battery Energy]115.76
2019-09-05_15:00:45.332[Status]Routing Start.
2019-09-05_15:00:45.407[Status]{'coordinate': [396.5756245931505, 508.07077068821604], 'id': 11}
2019-09-05_15:00:45.407[Status]Routing 36: Walk: 36
2019-09-05_15:00:45.507[Battery Energy]115.59
2019-09-05_15:00:45.507[Status]Routing Start.
2019-09-05_15:00:45.611[Status]{'coordinate': [405.95272527629356, 511.5449587628887], 'id': 11}
2019-09-05_15:00:45.612[Status]Routing 37: Walk: 37
2019-09-05_15:00:45.712[Battery Energy]115.41
2019-09-05_15:00:45.712[Status]Routing Start.
2019-09-05_15:00:45.872[Status]{'coordinate': [415.3298259594366, 515.0191468375614], 'id': 11}
2019-09-05_15:00:45.872[Status]Routing 38: Walk: 38
2019-09-05_15:00:45.972[Battery Energy]115.22
2019-09-05_15:00:45.972[Status]Routing Start.
2019-09-05_15:00:46.033[Status]{'coordinate': [424.7069266425797, 518.493334912234], 'id': 11}
2019-09-05_15:00:46.033[Status]Routing 39: Walk: 39
2019-09-05_15:00:46.145[Battery Energy]115.05
2019-09-05_15:00:46.145[Status]Routing Start.
2019-09-05_15:00:46.226[Status]{'coordinate': [434.08402732572273, 521.9675229869066], 'id': 11}
2019-09-05_15:00:46.227[Status]Routing 40: Walk: 40
2019-09-05_15:00:46.327[Battery Energy]114.89
2019-09-05_15:00:46.327[Status]Routing Start.
2019-09-05_15:00:46.558[Status]{'coordinate': [443.4611280088658, 525.4417110615792], 'id': 11}
2019-09-05_15:00:46.558[Status]Routing 41: Walk: 41
2019-09-05_15:00:46.658[Battery Energy]114.67
2019-09-05_15:00:46.658[Status]Routing Start.
2019-09-05_15:00:46.739[Status]{'coordinate': [452.83822869200884, 528.9158991362518], 'id': 11}
2019-09-05_15:00:46.739[Status]Routing 42: Walk: 42
2019-09-05_15:00:46.843[Battery Energy]114.49
2019-09-05_15:00:46.844[Status]Routing Start.
2019-09-05_15:00:46.949[Status]{'coordinate': [462.2153293751519, 532.3900872109244], 'id': 11}
2019-09-05_15:00:46.949[Status]Routing 43: Walk: 43
2019-09-05_15:00:47.065[Battery Energy]114.33
2019-09-05_15:00:47.065[Status]Routing Start.
2019-09-05_15:00:47.147[Status]{'coordinate': [471.59243005829495, 535.864275285597], 'id': 11}
2019-09-05_15:00:47.147[Status]Routing 44: Walk: 44
2019-09-05_15:00:47.261[Battery Energy]114.16
2019-09-05_15:00:47.261[Status]Routing Start.
2019-09-05_15:00:47.340[Status]{'coordinate': [480.969530741438, 539.3384633602697], 'id': 11}
2019-09-05_15:00:47.340[Status]Routing 45: Walk: 45
2019-09-05_15:00:47.440[Battery Energy]114.00
2019-09-05_15:00:47.440[Status]Routing Start.
2019-09-05_15:00:47.551[Status]{'coordinate': [490.34663142458106, 542.8126514349423], 'id': 11}
2019-09-05_15:00:47.551[Status]Routing 46: Walk: 46
2019-09-05_15:00:47.661[Battery Energy]113.82
2019-09-05_15:00:47.661[Status]Routing Start.
2019-09-05_15:00:47.801[Status]{'coordinate': [499.7237321077241, 546.2868395096149], 'id': 11}
2019-09-05_15:00:47.801[Status]Routing 47: Walk: 47
2019-09-05_15:00:47.910[Battery Energy]113.65
2019-09-05_15:00:47.910[Status]Routing Start.
2019-09-05_15:00:47.999[Status]{'coordinate': [509.1008327908672, 549.7610275842875], 'id': 11}
2019-09-05_15:00:47.999[Status]Routing 48: Walk: 48
2019-09-05_15:00:48.105[Battery Energy]113.47
2019-09-05_15:00:48.105[Status]Routing Start.
2019-09-05_15:00:48.143[Status]{'coordinate': [518.4779334740102, 553.2352156589601], 'id': 11}
2019-09-05_15:00:48.143[Status]Routing 49: Walk: 49
2019-09-05_15:00:48.243[Battery Energy]113.33
2019-09-05_15:00:48.243[Status]Routing Start.
2019-09-05_15:00:48.374[Status]{'coordinate': [527.8550341571533, 556.7094037336327], 'id': 11}
2019-09-05_15:00:48.374[Status]Routing 50: Walk: 50
2019-09-05_15:00:48.474[Battery Energy]113.13
2019-09-05_15:00:48.474[Status]Routing Start.
2019-09-05_15:00:48.612[Status]{'coordinate': [537.2321348402965, 560.1835918083053], 'id': 11}
2019-09-05_15:00:48.612[Status]Routing 51: Walk: 51
2019-09-05_15:00:48.721[Battery Energy]112.93
2019-09-05_15:00:48.721[Status]Routing Start.
2019-09-05_15:00:48.803[Status]{'coordinate': [546.6092355234396, 563.6577798829779], 'id': 11}
2019-09-05_15:00:48.803[Status]Routing 52: Walk: 52
2019-09-05_15:00:48.903[Battery Energy]112.78
2019-09-05_15:00:48.903[Status]Routing Start.
2019-09-05_15:00:48.959[Status]{'coordinate': [555.9863362065827, 567.1319679576505], 'id': 11}
2019-09-05_15:00:48.959[Status]Routing 53: Walk: 53
2019-09-05_15:00:49.134[Battery Energy]112.64
2019-09-05_15:00:49.134[Status]Routing Start.
2019-09-05_15:00:49.189[Status]{'coordinate': [565.3634368897258, 570.6061560323232], 'id': 11}
2019-09-05_15:00:49.189[Status]Routing 54: Walk: 54
2019-09-05_15:00:49.289[Battery Energy]112.49
2019-09-05_15:00:49.289[Status]Routing Start.
2019-09-05_15:00:49.359[Status]{'coordinate': [574.7405375728689, 574.0803441069958], 'id': 11}
2019-09-05_15:00:49.359[Status]Routing 55: Walk: 55
2019-09-05_15:00:49.461[Battery Energy]112.31
2019-09-05_15:00:49.461[Status]Routing Start.
2019-09-05_15:00:49.511[Status]{'coordinate': [584.117638256012, 577.5545321816684], 'id': 11}
2019-09-05_15:00:49.511[Status]Routing 56: Walk: 56
2019-09-05_15:00:49.625[Battery Energy]112.15
2019-09-05_15:00:49.625[Status]Routing Start.
2019-09-05_15:00:49.675[Status]{'coordinate': [593.4947389391551, 581.028720256341], 'id': 11}
2019-09-05_15:00:49.675[Status]Routing 57: Walk: 57
2019-09-05_15:00:49.785[Battery Energy]111.99
2019-09-05_15:00:49.785[Status]Routing Start.
2019-09-05_15:00:49.894[Status]{'coordinate': [602.8718396222982, 584.5029083310136], 'id': 11}
2019-09-05_15:00:49.894[Status]Routing 58: Walk: 58
2019-09-05_15:00:49.995[Battery Energy]111.80
2019-09-05_15:00:49.995[Status]Routing Start.
2019-09-05_15:00:50.062[Status]{'coordinate': [612.2489403054414, 587.9770964056862], 'id': 11}
2019-09-05_15:00:50.062[Status]Routing 59: Walk: 59
2019-09-05_15:00:50.162[Battery Energy]111.64
2019-09-05_15:00:50.162[Status]Routing Start.
2019-09-05_15:00:50.235[Status]{'coordinate': [621.6260409885845, 591.4512844803588], 'id': 11}
2019-09-05_15:00:50.235[Status]Routing 60: Walk: 60
2019-09-05_15:00:50.336[Battery Energy]111.48
2019-09-05_15:00:50.336[Status]Routing Start.
2019-09-05_15:00:50.372[Status]{'coordinate': [631.0031416717276, 594.9254725550314], 'id': 11}
2019-09-05_15:00:50.372[Status]Routing 61: Walk: 61
2019-09-05_15:00:50.477[Battery Energy]111.34
2019-09-05_15:00:50.477[Status]Routing Start.
2019-09-05_15:00:50.574[Status]{'coordinate': [640.3802423548707, 598.399660629704], 'id': 11}
2019-09-05_15:00:50.576[Status]Routing 62: Walk: 62
2019-09-05_15:00:50.677[Battery Energy]111.17
2019-09-05_15:00:50.677[Status]Routing Start.
2019-09-05_15:00:50.724[Status]{'coordinate': [649.7573430380138, 601.8738487043768], 'id': 11}
2019-09-05_15:00:50.732[Status]Routing 63: Walk: 63
2019-09-05_15:00:50.833[Battery Energy]111.02
2019-09-05_15:00:50.833[Status]Routing Start.
2019-09-05_15:00:50.915[Status]{'coordinate': [659.1344437211569, 605.3480367790494], 'id': 11}
2019-09-05_15:00:50.915[Status]Routing 64: Walk: 64
2019-09-05_15:00:51.019[Battery Energy]110.86
2019-09-05_15:00:51.019[Status]Routing Start.
2019-09-05_15:00:51.108[Status]{'coordinate': [668.5115444043, 608.8222248537221], 'id': 11}
2019-09-05_15:00:51.108[Status]Routing 65: Walk: 65
2019-09-05_15:00:51.208[Battery Energy]110.68
2019-09-05_15:00:51.208[Status]Routing Start.
2019-09-05_15:00:51.285[Status]{'coordinate': [677.8886450874431, 612.2964129283948], 'id': 11}
2019-09-05_15:00:51.286[Status]Routing 66: Walk: 66
2019-09-05_15:00:51.386[Battery Energy]110.50
2019-09-05_15:00:51.386[Status]Routing Start.
2019-09-05_15:00:51.436[Status]{'coordinate': [687.2657457705862, 615.7706010030674], 'id': 11}
2019-09-05_15:00:51.436[Status]Routing 67: Walk: 67
2019-09-05_15:00:51.536[Battery Energy]110.35
2019-09-05_15:00:51.536[Status]Routing Start.
2019-09-05_15:00:51.660[Status]{'coordinate': [696.6428464537294, 619.2447890777402], 'id': 11}
2019-09-05_15:00:51.660[Status]Routing 68: Walk: 68
2019-09-05_15:00:51.764[Battery Energy]110.14
2019-09-05_15:00:51.764[Status]Routing Start.
2019-09-05_15:00:51.900[Status]{'coordinate': [706.0199471368725, 622.7189771524129], 'id': 11}
2019-09-05_15:00:51.900[Status]Routing 69: Walk: 69
2019-09-05_15:00:52.010[Battery Energy]109.93
2019-09-05_15:00:52.010[Status]Routing Start.
2019-09-05_15:00:52.033[Status]{'coordinate': [715.3970478200156, 626.1931652270855], 'id': 11}
2019-09-05_15:00:52.033[Status]Routing 70: Walk: 70
2019-09-05_15:00:52.134[Battery Energy]109.80
2019-09-05_15:00:52.134[Status]Routing Start.
2019-09-05_15:00:52.224[Status]{'coordinate': [724.7741485031587, 629.6673533017582], 'id': 11}
2019-09-05_15:00:52.224[Status]Routing 71: Walk: 71
2019-09-05_15:00:52.324[Battery Energy]109.61
2019-09-05_15:00:52.324[Status]Routing Start.
2019-09-05_15:00:52.396[Status]{'coordinate': [734.1512491863018, 633.141541376431], 'id': 11}
2019-09-05_15:00:52.396[Status]Routing 72: Walk: 72
2019-09-05_15:00:52.498[Battery Energy]109.43
2019-09-05_15:00:52.498[Status]Routing Start.
2019-09-05_15:00:52.602[Status]{'coordinate': [743.5283498694449, 636.6157294511036], 'id': 11}
2019-09-05_15:00:52.603[Status]Routing 73: Walk: 73
2019-09-05_15:00:52.705[Battery Energy]109.26
2019-09-05_15:00:52.705[Status]Routing Start.
2019-09-05_15:00:52.796[Status]{'coordinate': [752.905450552588, 640.0899175257763], 'id': 11}
2019-09-05_15:00:52.796[Status]Routing 74: Walk: 74
2019-09-05_15:00:52.896[Battery Energy]109.09
2019-09-05_15:00:52.897[Status]Routing Start.
2019-09-05_15:00:52.988[Status]{'coordinate': [762.2825512357311, 643.564105600449], 'id': 11}
2019-09-05_15:00:52.988[Status]Routing 75: Walk: 75
2019-09-05_15:00:53.089[Battery Energy]108.90
2019-09-05_15:00:53.090[Status]Routing Start.
2019-09-05_15:00:53.196[Status]{'coordinate': [771.6596519188743, 647.0382936751216], 'id': 11}
2019-09-05_15:00:53.196[Status]Routing 76: Walk: 76
2019-09-05_15:00:53.297[Battery Energy]108.71
2019-09-05_15:00:53.298[Status]Routing Start.
2019-09-05_15:00:53.377[Status]{'coordinate': [781.0367526020174, 650.5124817497943], 'id': 11}
2019-09-05_15:00:53.377[Status]Routing 77: Walk: 77
2019-09-05_15:00:53.478[Battery Energy]108.55
2019-09-05_15:00:53.478[Status]Routing Start.
2019-09-05_15:00:53.571[Status]{'coordinate': [790.4138532851605, 653.9866698244671], 'id': 11}
2019-09-05_15:00:53.571[Status]Routing 78: Walk: 78
2019-09-05_15:00:53.677[Battery Energy]108.37
2019-09-05_15:00:53.677[Status]Routing Start.
2019-09-05_15:00:53.776[Status]{'coordinate': [799.7909539683036, 657.4608578991397], 'id': 11}
2019-09-05_15:00:53.776[Status]Routing 79: Walk: 79
2019-09-05_15:00:53.882[Battery Energy]108.20
2019-09-05_15:00:53.882[Status]Routing Start.
2019-09-05_15:00:53.946[Status]{'coordinate': [809.1680546514467, 660.9350459738124], 'id': 11}
2019-09-05_15:00:53.946[Status]Routing 80: Walk: 80
2019-09-05_15:00:54.047[Battery Energy]108.04
2019-09-05_15:00:54.047[Status]Routing Start.
2019-09-05_15:00:54.107[Status]{'coordinate': [818.5451553345898, 664.409234048485], 'id': 11}
2019-09-05_15:00:54.108[Status]Routing 81: Walk: 81
2019-09-05_15:00:54.217[Battery Energy]107.88
2019-09-05_15:00:54.217[Status]Routing Start.
2019-09-05_15:00:54.251[Status]{'coordinate': [827.9222560177329, 667.8834221231577], 'id': 11}
2019-09-05_15:00:54.251[Status]Routing 82: Walk: 82
2019-09-05_15:00:54.354[Battery Energy]107.73
2019-09-05_15:00:54.354[Status]Routing Start.
2019-09-05_15:00:54.430[Status]{'coordinate': [837.299356700876, 671.3576101978304], 'id': 11}
2019-09-05_15:00:54.430[Status]Routing 83: Walk: 83
2019-09-05_15:00:54.541[Battery Energy]107.58
2019-09-05_15:00:54.541[Status]Routing Start.
2019-09-05_15:00:54.634[Status]{'coordinate': [846.6764573840192, 674.8317982725031], 'id': 11}
2019-09-05_15:00:54.634[Status]Routing 84: Walk: 84
2019-09-05_15:00:54.735[Battery Energy]107.42
2019-09-05_15:00:54.735[Status]Routing Start.
2019-09-05_15:00:54.842[Status]{'coordinate': [856.0535580671623, 678.3059863471758], 'id': 11}
2019-09-05_15:00:54.842[Status]Routing 85: Walk: 85
2019-09-05_15:00:54.948[Battery Energy]107.24
2019-09-05_15:00:54.948[Status]Routing Start.
2019-09-05_15:00:54.979[Status]{'coordinate': [865.4306587503054, 681.7801744218484], 'id': 11}
2019-09-05_15:00:54.979[Status]Routing 86: Walk: 86
2019-09-05_15:00:55.089[Battery Energy]107.10
2019-09-05_15:00:55.090[Status]Routing Start.
2019-09-05_15:00:55.219[Status]{'coordinate': [874.8077594334485, 685.2543624965211], 'id': 11}
2019-09-05_15:00:55.222[Status]Routing 87: Walk: 87
2019-09-05_15:00:55.323[Battery Energy]106.89
2019-09-05_15:00:55.323[Status]Routing Start.
2019-09-05_15:00:55.402[Status]{'coordinate': [884.1848601165916, 688.7285505711939], 'id': 11}
2019-09-05_15:00:55.402[Status]Routing 88: Walk: 88
2019-09-05_15:00:55.505[Battery Energy]106.71
2019-09-05_15:00:55.505[Status]Routing Start.
2019-09-05_15:00:55.578[Status]{'coordinate': [893.5619607997347, 692.2027386458665], 'id': 11}
2019-09-05_15:00:55.578[Status]Routing 89: Walk: 89
2019-09-05_15:00:55.678[Battery Energy]106.55
2019-09-05_15:00:55.678[Status]Routing Start.
2019-09-05_15:00:55.777[Status]{'coordinate': [902.9390614828778, 695.6769267205392], 'id': 11}
2019-09-05_15:00:55.777[Status]Routing 90: Walk: 90
2019-09-05_15:00:55.877[Battery Energy]106.36
2019-09-05_15:00:55.877[Status]Routing Start.
2019-09-05_15:00:55.954[Status]{'coordinate': [912.316162166021, 699.1511147952119], 'id': 11}
2019-09-05_15:00:55.954[Status]Routing 91: Walk: 91
2019-09-05_15:00:56.055[Battery Energy]106.19
2019-09-05_15:00:56.055[Status]Routing Start.
2019-09-05_15:00:56.183[Status]{'coordinate': [921.6932628491641, 702.6253028698845], 'id': 11}
2019-09-05_15:00:56.185[Status]Routing 92: Walk: 92
2019-09-05_15:00:56.289[Battery Energy]105.98
2019-09-05_15:00:56.289[Status]Routing Start.
2019-09-05_15:00:56.335[Status]{'coordinate': [931.0703635323072, 706.0994909445573], 'id': 11}
2019-09-05_15:00:56.335[Status]Routing 93: Walk: 93
2019-09-05_15:00:56.435[Battery Energy]105.83
2019-09-05_15:00:56.435[Status]Routing Start.
2019-09-05_15:00:56.475[Status]{'coordinate': [940.4474642154503, 709.57367901923], 'id': 11}
2019-09-05_15:00:56.477[Status]Routing 94: Walk: 94
2019-09-05_15:00:56.578[Battery Energy]105.68
2019-09-05_15:00:56.578[Status]Routing Start.
2019-09-05_15:00:56.648[Status]{'coordinate': [949.8245648985934, 713.0478670939026], 'id': 11}
2019-09-05_15:00:56.648[Status]Routing 95: Walk: 95
2019-09-05_15:00:56.753[Battery Energy]105.52
2019-09-05_15:00:56.753[Status]Routing Start.
2019-09-05_15:00:56.849[Status]{'coordinate': [959.2016655817365, 716.5220551685753], 'id': 11}
2019-09-05_15:00:56.849[Status]Routing 96: Walk: 96
2019-09-05_15:00:56.949[Battery Energy]105.31
2019-09-05_15:00:56.949[Status]Routing Start.
2019-09-05_15:00:57.001[Status]{'coordinate': [968.5787662648796, 719.996243243248], 'id': 11}
2019-09-05_15:00:57.001[Status]Routing 97: Walk: 97
2019-09-05_15:00:57.101[Battery Energy]105.17
2019-09-05_15:00:57.101[Status]Routing Start.
2019-09-05_15:00:57.233[Status]{'coordinate': [977.9558669480227, 723.4704313179207], 'id': 11}
2019-09-05_15:00:57.233[Status]Routing 98: Walk: 98
2019-09-05_15:00:57.373[Battery Energy]104.96
2019-09-05_15:00:57.373[Status]Routing Start.
2019-09-05_15:00:57.428[Status]{'coordinate': [987.3329676311658, 726.9446193925934], 'id': 11}
2019-09-05_15:00:57.428[Status]Routing 99: Walk: 99
2019-09-05_15:00:57.528[Battery Energy]104.82
2019-09-05_15:00:57.528[Status]Routing Start.
2019-09-05_15:00:57.540[Status]{'coordinate': [996.710068314309, 730.418807467266], 'id': 11}
2019-09-05_15:00:57.540[Status]Routing 100: Walk: 100
2019-09-05_15:00:57.640[Battery Energy]104.69
2019-09-05_15:00:57.640[Status]Routing Start.
2019-09-05_15:00:57.703[Status]{'coordinate': [1006.0871689974521, 733.8929955419387], 'id': 11}
2019-09-05_15:00:57.703[Status]Routing 101: Walk: 101
2019-09-05_15:00:57.810[Battery Energy]104.51
2019-09-05_15:00:57.810[Status]Routing Start.
2019-09-05_15:00:57.863[Status]{'coordinate': [1015.4642696805952, 737.3671836166114], 'id': 11}
2019-09-05_15:00:57.863[Status]Routing 102: Walk: 102
2019-09-05_15:00:57.969[Battery Energy]104.36
2019-09-05_15:00:57.969[Status]Routing Start.
2019-09-05_15:00:58.010[Status]{'coordinate': [1024.8413703637382, 740.841371691284], 'id': 11}
2019-09-05_15:00:58.010[Status]Routing 103: Walk: 103
2019-09-05_15:00:58.111[Battery Energy]104.22
2019-09-05_15:00:58.111[Status]Routing Start.
2019-09-05_15:00:58.257[Status]{'coordinate': [1034.2184710468812, 744.3155597659568], 'id': 11}
2019-09-05_15:00:58.257[Status]Routing 104: Walk: 104
2019-09-05_15:00:58.357[Battery Energy]104.00
2019-09-05_15:00:58.357[Status]Routing Start.
2019-09-05_15:00:58.454[Status]{'coordinate': [1043.5955717300242, 747.7897478406294], 'id': 11}
2019-09-05_15:00:58.454[Status]Routing 105: Walk: 105
2019-09-05_15:00:58.561[Battery Energy]103.80
2019-09-05_15:00:58.562[Status]Routing Start.
2019-09-05_15:00:58.686[Status]{'coordinate': [1052.9726724131672, 751.263935915302], 'id': 11}
2019-09-05_15:00:58.686[Status]Routing 106: Walk: 106
2019-09-05_15:00:58.789[Battery Energy]103.59
2019-09-05_15:00:58.790[Status]Routing Start.
2019-09-05_15:00:58.822[Status]{'coordinate': [1062.3497730963102, 754.7381239899746], 'id': 11}
2019-09-05_15:00:58.822[Status]Routing 107: Walk: 107
2019-09-05_15:00:58.922[Battery Energy]103.45
2019-09-05_15:00:58.922[Status]Routing Start.
2019-09-05_15:00:58.974[Status]{'coordinate': [1071.7268737794532, 758.2123120646473], 'id': 11}
2019-09-05_15:00:58.974[Status]Routing 108: Walk: 108
2019-09-05_15:00:59.085[Battery Energy]103.30
2019-09-05_15:00:59.085[Status]Routing Start.
2019-09-05_15:00:59.203[Status]{'coordinate': [1081.1039744625962, 761.68650013932], 'id': 11}
2019-09-05_15:00:59.203[Status]Routing 109: Walk: 109
2019-09-05_15:00:59.303[Battery Energy]103.09
2019-09-05_15:00:59.304[Status]Routing Start.
2019-09-05_15:00:59.369[Status]{'coordinate': [1090.4810751457392, 765.1606882139926], 'id': 11}
2019-09-05_15:00:59.369[Status]Routing 110: Walk: 110
2019-09-05_15:00:59.469[Battery Energy]102.96
2019-09-05_15:00:59.470[Status]Routing Start.
2019-09-05_15:00:59.515[Status]{'coordinate': [1099.8581758288822, 768.6348762886653], 'id': 11}
2019-09-05_15:00:59.515[Status]Routing 111: Walk: 111
2019-09-05_15:00:59.618[Battery Energy]102.83
2019-09-05_15:00:59.618[Status]Routing Start.
2019-09-05_15:00:59.659[Status]{'coordinate': [1109.2352765120252, 772.1090643633379], 'id': 11}
2019-09-05_15:00:59.659[Status]Routing 112: Walk: 112
2019-09-05_15:00:59.774[Battery Energy]102.69
2019-09-05_15:00:59.774[Status]Routing Start.
2019-09-05_15:00:59.807[Status]{'coordinate': [1118.6123771951682, 775.5832524380105], 'id': 11}
2019-09-05_15:00:59.807[Status]Routing 113: Walk: 113
2019-09-05_15:00:59.912[Battery Energy]102.56
2019-09-05_15:00:59.912[Status]Routing Start.
2019-09-05_15:01:00.011[Status]{'coordinate': [1127.9894778783112, 779.0574405126831], 'id': 11}
2019-09-05_15:01:00.011[Status]Routing 114: Walk: 114
2019-09-05_15:01:00.111[Battery Energy]102.36
2019-09-05_15:01:00.111[Status]Routing Start.
2019-09-05_15:01:00.246[Status]{'coordinate': [1137.3665785614542, 782.5316285873558], 'id': 11}
2019-09-05_15:01:00.250[Status]Routing 115: Walk: 115
2019-09-05_15:01:00.353[Battery Energy]102.16
2019-09-05_15:01:00.353[Status]Routing Start.
2019-09-05_15:01:00.398[Status]{'coordinate': [1146.7436792445972, 786.0058166620285], 'id': 11}
2019-09-05_15:01:00.398[Status]Routing 116: Walk: 116
2019-09-05_15:01:00.498[Battery Energy]102.02
2019-09-05_15:01:00.498[Status]Routing Start.
2019-09-05_15:01:00.552[Status]{'coordinate': [1156.1207799277402, 789.4800047367011], 'id': 11}
2019-09-05_15:01:00.552[Status]Routing 117: Walk: 117
2019-09-05_15:01:00.652[Battery Energy]101.86
2019-09-05_15:01:00.653[Status]Routing Start.
2019-09-05_15:01:00.724[Status]{'coordinate': [1165.4978806108832, 792.9541928113737], 'id': 11}
2019-09-05_15:01:00.724[Status]Routing 118: Walk: 118
2019-09-05_15:01:00.841[Battery Energy]101.69
2019-09-05_15:01:00.841[Status]Routing Start.
2019-09-05_15:01:00.856[Status]{'coordinate': [1174.8749812940262, 796.4283808860464], 'id': 11}
2019-09-05_15:01:00.858[Status]Routing 119: Walk: 119
2019-09-05_15:01:00.958[Battery Energy]101.56
2019-09-05_15:01:00.958[Status]Routing Start.
2019-09-05_15:01:00.958[Status]Task Finished.
2019-09-05_15:01:01.058[Battery Energy]101.56
2019-09-05_15:01:01.103[Status]Routing 121: Walk: 119
2019-09-05_15:01:01.212[Battery Energy]101.52
2019-09-05_15:01:01.287[Status]Routing 122: Walk: 119
2019-09-05_15:01:01.387[Battery Energy]101.47
2019-09-05_15:01:01.527[Status]Routing 123: Walk: 119
2019-09-05_15:01:01.633[Battery Energy]101.35
2019-09-05_15:01:01.713[Status]Routing 124: Walk: 119
2019-09-05_15:01:01.821[Battery Energy]101.29
2019-09-05_15:01:01.954[Status]Routing 125: Walk: 119
2019-09-05_15:01:02.073[Battery Energy]101.20
2019-09-05_15:01:02.175[Status]Routing 126: Walk: 119
2019-09-05_15:01:02.275[Battery Energy]101.13
2019-09-05_15:01:02.328[Status]Routing 127: Walk: 119
2019-09-05_15:01:02.428[Battery Energy]101.08
2019-09-05_15:01:02.472[Status]Routing 128: Walk: 119
2019-09-05_15:01:02.597[Battery Energy]101.04
2019-09-05_15:01:02.658[Status]Routing 129: Walk: 119
2019-09-05_15:01:02.765[Battery Energy]100.99
2019-09-05_15:01:02.821[Status]Routing 130: Walk: 119
2019-09-05_15:01:02.921[Battery Energy]100.94
2019-09-05_15:01:02.989[Status]Routing 131: Walk: 119
2019-09-05_15:01:03.092[Battery Energy]100.88
2019-09-05_15:01:03.162[Status]Routing 132: Walk: 119
2019-09-05_15:01:03.263[Battery Energy]100.80
2019-09-05_15:01:03.343[Status]Routing 133: Walk: 119
2019-09-05_15:01:03.445[Battery Energy]100.73
2019-09-05_15:01:03.499[Status]Routing 134: Walk: 119
2019-09-05_15:01:03.605[Battery Energy]100.68
2019-09-05_15:01:03.710[Status]Routing 135: Walk: 119
2019-09-05_15:01:03.812[Battery Energy]100.61
2019-09-05_15:01:03.932[Status]Routing 136: Walk: 119
2019-09-05_15:01:04.032[Battery Energy]100.51
2019-09-05_15:01:04.150[Status]Routing 137: Walk: 119
2019-09-05_15:01:04.253[Battery Energy]100.42
2019-09-05_15:01:04.287[Status]Routing 138: Walk: 119
2019-09-05_15:01:04.389[Battery Energy]100.38
2019-09-05_15:01:04.492[Status]Routing 139: Walk: 119
2019-09-05_15:01:04.592[Battery Energy]100.29
2019-09-05_15:01:04.627[Status]Routing 140: Walk: 119
2019-09-05_15:01:04.728[Battery Energy]100.25
2019-09-05_15:01:04.841[Status]Routing 141: Walk: 119
2019-09-05_15:01:04.943[Battery Energy]100.16
2019-09-05_15:01:05.049[Status]Routing 142: Walk: 119
2019-09-05_15:01:05.153[Battery Energy]100.07
2019-09-05_15:01:05.246[Status]Routing 143: Walk: 119
2019-09-05_15:01:05.346[Battery Energy]99.99
2019-09-05_15:01:05.435[Status]Routing 144: Walk: 119
2019-09-05_15:01:05.541[Battery Energy]99.91
2019-09-05_15:01:05.605[Status]Routing 145: Walk: 119
2019-09-05_15:01:05.706[Battery Energy]99.85
2019-09-05_15:01:05.775[Status]Routing 146: Walk: 119
2019-09-05_15:01:05.875[Battery Energy]99.79
2019-09-05_15:01:05.947[Status]Routing 147: Walk: 119
2019-09-05_15:01:06.057[Battery Energy]99.73
2019-09-05_15:01:06.138[Status]Routing 148: Walk: 119
2019-09-05_15:01:06.244[Battery Energy]99.68
2019-09-05_15:01:06.391[Status]Routing 149: Walk: 119
2019-09-05_15:01:06.491[Battery Energy]99.62
2019-09-05_15:01:06.537[Status]Routing 150: Walk: 119
2019-09-05_15:01:06.653[Battery Energy]99.58
