2019-09-05_00:40:28.264[Status]Start.
2019-09-05_00:40:28.265[Battery Energy]74.00
2019-09-05_00:40:29.366[Battery Energy]73.96
2019-09-05_00:40:30.467[Battery Energy]73.92
2019-09-05_00:40:31.568[Battery Energy]73.88
2019-09-05_00:40:32.669[Battery Energy]73.84
2019-09-05_00:40:33.770[Task]A New Task Released.
2019-09-05_00:40:33.770[Battery Energy]73.80
2019-09-05_00:40:33.770[Status]Selection Start.
2019-09-05_00:40:35.637[Status]Selection End: Do Task 1.
2019-09-05_00:40:35.740[Battery Energy]72.63
2019-09-05_00:40:35.740[Status]Formation Start.
2019-09-05_00:40:35.916[Status]Formation End: To Position 0.
2019-09-05_00:40:36.017[Battery Energy]72.49
2019-09-05_00:40:36.017[Status]Routing Start.
2019-09-05_00:40:36.278[Status]{'id': 12, 'coordinate': [66.98798001748943, 760.5098416886027]}
2019-09-05_00:40:36.278[Status]Routing 1: Walk: 1
2019-09-05_00:40:36.388[Battery Energy]72.22
2019-09-05_00:40:36.388[Status]Routing Start.
2019-09-05_00:40:36.551[Status]{'id': 12, 'coordinate': [76.97596003497887, 760.0196833772054]}
2019-09-05_00:40:36.551[Status]Routing 2: Walk: 2
2019-09-05_00:40:36.664[Battery Energy]72.01
2019-09-05_00:40:36.664[Status]Routing Start.
2019-09-05_00:40:36.857[Status]{'id': 12, 'coordinate': [86.9639400524683, 759.5295250658081]}
2019-09-05_00:40:36.857[Status]Routing 3: Walk: 3
2019-09-05_00:40:36.957[Battery Energy]71.80
2019-09-05_00:40:36.957[Status]Routing Start.
2019-09-05_00:40:37.175[Status]{'id': 12, 'coordinate': [96.95192006995774, 759.0393667544108]}
2019-09-05_00:40:37.175[Status]Routing 4: Walk: 4
2019-09-05_00:40:37.275[Battery Energy]71.58
2019-09-05_00:40:37.275[Status]Routing Start.
2019-09-05_00:40:37.511[Status]{'id': 12, 'coordinate': [106.93990008744717, 758.5492084430135]}
2019-09-05_00:40:37.514[Status]Routing 5: Walk: 5
2019-09-05_00:40:37.617[Battery Energy]71.32
2019-09-05_00:40:37.617[Status]Routing Start.
2019-09-05_00:40:37.979[Status]{'id': 12, 'coordinate': [116.9278801049366, 758.0590501316162]}
2019-09-05_00:40:37.983[Status]Routing 6: Walk: 6
2019-09-05_00:40:38.083[Battery Energy]70.98
2019-09-05_00:40:38.083[Status]Routing Start.
2019-09-05_00:40:38.416[Status]{'id': 12, 'coordinate': [126.91586012242604, 757.5688918202189]}
2019-09-05_00:40:38.417[Status]Routing 7: Walk: 7
2019-09-05_00:40:38.520[Battery Energy]70.67
2019-09-05_00:40:38.520[Status]Routing Start.
2019-09-05_00:40:38.896[Status]{'id': 12, 'coordinate': [136.90384013991547, 757.0787335088216]}
2019-09-05_00:40:38.896[Status]Routing 8: Walk: 8
2019-09-05_00:40:38.997[Battery Energy]70.33
2019-09-05_00:40:38.997[Status]Routing Start.
2019-09-05_00:40:39.405[Status]{'id': 12, 'coordinate': [146.8918201574049, 756.5885751974243]}
2019-09-05_00:40:39.405[Status]Routing 9: Walk: 9
2019-09-05_00:40:39.508[Battery Energy]69.92
2019-09-05_00:40:39.508[Status]Routing Start.
2019-09-05_00:40:39.898[Status]{'id': 12, 'coordinate': [156.87980017489434, 756.098416886027]}
2019-09-05_00:40:39.900[Status]Routing 10: Walk: 10
2019-09-05_00:40:40.009[Battery Energy]69.55
2019-09-05_00:40:40.009[Status]Routing Start.
2019-09-05_00:40:40.436[Status]{'id': 12, 'coordinate': [166.86778019238378, 755.6082585746298]}
2019-09-05_00:40:40.442[Status]Routing 11: Walk: 11
2019-09-05_00:40:40.542[Battery Energy]69.20
2019-09-05_00:40:40.542[Status]Routing Start.
2019-09-05_00:40:40.975[Status]{'id': 12, 'coordinate': [176.8557602098732, 755.1181002632325]}
2019-09-05_00:40:40.980[Status]Routing 12: Walk: 12
2019-09-05_00:40:41.080[Battery Energy]68.84
2019-09-05_00:40:41.080[Status]Routing Start.
2019-09-05_00:40:41.483[Status]{'id': 12, 'coordinate': [186.84374022736264, 754.6279419518352]}
2019-09-05_00:40:41.485[Status]Routing 13: Walk: 13
2019-09-05_00:40:41.587[Battery Energy]68.47
2019-09-05_00:40:41.587[Status]Routing Start.
2019-09-05_00:40:42.108[Status]{'id': 12, 'coordinate': [196.83172024485208, 754.1377836404379]}
2019-09-05_00:40:42.111[Status]Routing 14: Walk: 14
2019-09-05_00:40:42.211[Battery Energy]68.04
2019-09-05_00:40:42.211[Status]Routing Start.
2019-09-05_00:40:42.617[Status]{'id': 12, 'coordinate': [206.8197002623415, 753.6476253290406]}
2019-09-05_00:40:42.617[Status]Routing 15: Walk: 15
2019-09-05_00:40:42.717[Battery Energy]67.72
2019-09-05_00:40:42.717[Status]Routing Start.
2019-09-05_00:40:43.088[Status]{'id': 12, 'coordinate': [216.80768027983095, 753.1574670176433]}
2019-09-05_00:40:43.089[Status]Routing 16: Walk: 16
2019-09-05_00:40:43.189[Battery Energy]67.37
2019-09-05_00:40:43.189[Status]Routing Start.
2019-09-05_00:40:43.607[Status]{'id': 12, 'coordinate': [226.79566029732038, 752.667308706246]}
2019-09-05_00:40:43.607[Status]Routing 17: Walk: 17
2019-09-05_00:40:43.707[Battery Energy]67.04
2019-09-05_00:40:43.707[Status]Routing Start.
2019-09-05_00:40:44.055[Status]{'id': 12, 'coordinate': [236.78364031480982, 752.1771503948487]}
2019-09-05_00:40:44.055[Status]Routing 18: Walk: 18
2019-09-05_00:40:44.155[Battery Energy]66.68
2019-09-05_00:40:44.156[Status]Routing Start.
2019-09-05_00:40:44.536[Status]{'id': 12, 'coordinate': [246.77162033229925, 751.6869920834514]}
2019-09-05_00:40:44.536[Status]Routing 19: Walk: 19
2019-09-05_00:40:44.640[Battery Energy]66.32
2019-09-05_00:40:44.640[Status]Routing Start.
2019-09-05_00:40:45.010[Status]{'id': 12, 'coordinate': [256.7596003497887, 751.1968337720541]}
2019-09-05_00:40:45.010[Status]Routing 20: Walk: 20
2019-09-05_00:40:45.111[Battery Energy]66.05
2019-09-05_00:40:45.111[Status]Routing Start.
2019-09-05_00:40:45.434[Status]{'id': 12, 'coordinate': [266.7475803672781, 750.7066754606568]}
2019-09-05_00:40:45.434[Status]Routing 21: Walk: 21
2019-09-05_00:40:45.538[Battery Energy]65.74
2019-09-05_00:40:45.538[Status]Routing Start.
2019-09-05_00:40:45.897[Status]{'id': 12, 'coordinate': [276.7355603847675, 750.2165171492595]}
2019-09-05_00:40:45.897[Status]Routing 22: Walk: 22
2019-09-05_00:40:46.004[Battery Energy]65.41
2019-09-05_00:40:46.004[Status]Routing Start.
2019-09-05_00:40:46.314[Status]{'id': 12, 'coordinate': [286.7235404022569, 749.7263588378622]}
2019-09-05_00:40:46.314[Status]Routing 23: Walk: 23
2019-09-05_00:40:46.416[Battery Energy]65.14
2019-09-05_00:40:46.416[Status]Routing Start.
2019-09-05_00:40:46.807[Status]{'id': 12, 'coordinate': [296.7115204197463, 749.2362005264649]}
2019-09-05_00:40:46.807[Status]Routing 24: Walk: 24
2019-09-05_00:40:46.908[Battery Energy]64.78
2019-09-05_00:40:46.908[Status]Routing Start.
2019-09-05_00:40:47.270[Status]{'id': 12, 'coordinate': [306.6995004372357, 748.7460422150676]}
2019-09-05_00:40:47.270[Status]Routing 25: Walk: 25
2019-09-05_00:40:47.370[Battery Energy]64.51
2019-09-05_00:40:47.370[Status]Routing Start.
2019-09-05_00:40:47.740[Status]{'id': 12, 'coordinate': [316.6874804547251, 748.2558839036703]}
2019-09-05_00:40:47.740[Status]Routing 26: Walk: 26
2019-09-05_00:40:47.840[Battery Energy]64.17
2019-09-05_00:40:47.840[Status]Routing Start.
2019-09-05_00:40:48.154[Status]{'id': 12, 'coordinate': [326.6754604722145, 747.765725592273]}
2019-09-05_00:40:48.159[Status]Routing 27: Walk: 27
2019-09-05_00:40:48.259[Battery Energy]63.90
2019-09-05_00:40:48.259[Status]Routing Start.
2019-09-05_00:40:48.545[Status]{'id': 12, 'coordinate': [336.66344048970393, 747.2755672808757]}
2019-09-05_00:40:48.545[Status]Routing 28: Walk: 28
2019-09-05_00:40:48.645[Battery Energy]63.62
2019-09-05_00:40:48.645[Status]Routing Start.
2019-09-05_00:40:49.007[Status]{'id': 12, 'coordinate': [346.65142050719334, 746.7854089694785]}
2019-09-05_00:40:49.007[Status]Routing 29: Walk: 29
2019-09-05_00:40:49.120[Battery Energy]63.29
2019-09-05_00:40:49.120[Status]Routing Start.
2019-09-05_00:40:49.578[Status]{'id': 12, 'coordinate': [356.63940052468274, 746.2952506580812]}
2019-09-05_00:40:49.588[Status]Routing 30: Walk: 30
2019-09-05_00:40:49.690[Battery Energy]62.89
2019-09-05_00:40:49.690[Status]Routing Start.
2019-09-05_00:40:49.918[Status]{'id': 12, 'coordinate': [366.62738054217215, 745.8050923466839]}
2019-09-05_00:40:49.918[Status]Routing 31: Walk: 31
2019-09-05_00:40:50.019[Battery Energy]62.62
2019-09-05_00:40:50.019[Status]Routing Start.
2019-09-05_00:40:50.427[Status]{'id': 12, 'coordinate': [376.61536055966155, 745.3149340352866]}
2019-09-05_00:40:50.427[Status]Routing 32: Walk: 32
2019-09-05_00:40:50.548[Battery Energy]62.33
2019-09-05_00:40:50.548[Status]Routing Start.
2019-09-05_00:40:50.865[Status]{'id': 12, 'coordinate': [386.60334057715096, 744.8247757238893]}
2019-09-05_00:40:50.865[Status]Routing 33: Walk: 33
2019-09-05_00:40:50.965[Battery Energy]62.01
2019-09-05_00:40:50.965[Status]Routing Start.
2019-09-05_00:40:51.128[Status]{'id': 12, 'coordinate': [396.59132059464037, 744.334617412492]}
2019-09-05_00:40:51.128[Status]Routing 34: Walk: 34
2019-09-05_00:40:51.236[Battery Energy]61.82
2019-09-05_00:40:51.236[Status]Routing Start.
2019-09-05_00:40:51.438[Status]{'id': 12, 'coordinate': [406.57930061212977, 743.8444591010947]}
2019-09-05_00:40:51.438[Status]Routing 35: Walk: 35
2019-09-05_00:40:51.548[Battery Energy]61.59
2019-09-05_00:40:51.548[Status]Routing Start.
2019-09-05_00:40:51.757[Status]{'id': 12, 'coordinate': [416.5672806296192, 743.3543007896974]}
2019-09-05_00:40:51.757[Status]Routing 36: Walk: 36
2019-09-05_00:40:51.857[Battery Energy]61.41
2019-09-05_00:40:51.857[Status]Routing Start.
2019-09-05_00:40:52.018[Status]{'id': 12, 'coordinate': [426.5552606471086, 742.8641424783001]}
2019-09-05_00:40:52.018[Status]Routing 37: Walk: 37
2019-09-05_00:40:52.136[Battery Energy]61.19
2019-09-05_00:40:52.136[Status]Routing Start.
2019-09-05_00:40:52.432[Status]{'id': 12, 'coordinate': [436.543240664598, 742.3739841669028]}
2019-09-05_00:40:52.432[Status]Routing 38: Walk: 38
2019-09-05_00:40:52.532[Battery Energy]60.93
2019-09-05_00:40:52.532[Status]Routing Start.
2019-09-05_00:40:52.765[Status]{'id': 12, 'coordinate': [446.5312206820874, 741.8838258555055]}
2019-09-05_00:40:52.765[Status]Routing 39: Walk: 39
2019-09-05_00:40:52.870[Battery Energy]60.66
2019-09-05_00:40:52.870[Status]Routing Start.
2019-09-05_00:40:53.010[Status]{'id': 12, 'coordinate': [456.5192006995768, 741.3936675441082]}
2019-09-05_00:40:53.010[Status]Routing 40: Walk: 40
2019-09-05_00:40:53.110[Battery Energy]60.46
2019-09-05_00:40:53.110[Status]Routing Start.
2019-09-05_00:40:53.450[Status]{'id': 12, 'coordinate': [466.5071807170662, 740.9035092327109]}
2019-09-05_00:40:53.450[Status]Routing 41: Walk: 41
2019-09-05_00:40:53.550[Battery Energy]60.16
2019-09-05_00:40:53.551[Status]Routing Start.
2019-09-05_00:40:53.968[Status]{'id': 12, 'coordinate': [476.4951607345556, 740.4133509213136]}
2019-09-05_00:40:53.968[Status]Routing 42: Walk: 42
2019-09-05_00:40:54.080[Battery Energy]59.85
2019-09-05_00:40:54.080[Status]Routing Start.
2019-09-05_00:40:54.394[Status]{'id': 12, 'coordinate': [486.483140752045, 739.9231926099163]}
2019-09-05_00:40:54.394[Status]Routing 43: Walk: 43
2019-09-05_00:40:54.494[Battery Energy]59.49
2019-09-05_00:40:54.494[Status]Routing Start.
2019-09-05_00:40:54.891[Status]{'id': 12, 'coordinate': [496.4711207695344, 739.433034298519]}
2019-09-05_00:40:54.892[Status]Routing 44: Walk: 44
2019-09-05_00:40:55.000[Battery Energy]59.18
2019-09-05_00:40:55.000[Status]Routing Start.
2019-09-05_00:40:55.436[Status]{'id': 12, 'coordinate': [506.45910078702383, 738.9428759871217]}
2019-09-05_00:40:55.440[Status]Routing 45: Walk: 45
2019-09-05_00:40:55.548[Battery Energy]58.82
2019-09-05_00:40:55.548[Status]Routing Start.
2019-09-05_00:40:55.895[Status]{'id': 12, 'coordinate': [516.4470808045132, 738.4527176757244]}
2019-09-05_00:40:55.895[Status]Routing 46: Walk: 46
2019-09-05_00:40:56.012[Battery Energy]58.53
2019-09-05_00:40:56.012[Status]Routing Start.
2019-09-05_00:40:56.213[Status]{'id': 12, 'coordinate': [526.4350608220027, 737.9625593643271]}
2019-09-05_00:40:56.213[Status]Routing 47: Walk: 47
2019-09-05_00:40:56.409[Battery Energy]58.31
2019-09-05_00:40:56.421[Status]Routing Start.
2019-09-05_00:40:56.595[Status]{'id': 12, 'coordinate': [536.4230408394922, 737.4724010529299]}
2019-09-05_00:40:56.595[Status]Routing 48: Walk: 48
2019-09-05_00:40:56.700[Battery Energy]58.12
2019-09-05_00:40:56.700[Status]Routing Start.
2019-09-05_00:40:56.890[Status]{'id': 12, 'coordinate': [546.4110208569816, 736.9822427415326]}
2019-09-05_00:40:56.890[Status]Routing 49: Walk: 49
2019-09-05_00:40:56.998[Battery Energy]57.92
2019-09-05_00:40:56.998[Status]Routing Start.
2019-09-05_00:40:57.146[Status]{'id': 12, 'coordinate': [556.3990008744711, 736.4920844301353]}
2019-09-05_00:40:57.146[Status]Routing 50: Walk: 50
2019-09-05_00:40:57.246[Battery Energy]57.72
2019-09-05_00:40:57.246[Status]Routing Start.
2019-09-05_00:40:57.465[Status]{'id': 12, 'coordinate': [566.3869808919605, 736.001926118738]}
2019-09-05_00:40:57.465[Status]Routing 51: Walk: 51
2019-09-05_00:40:57.568[Battery Energy]57.48
2019-09-05_00:40:57.568[Status]Routing Start.
2019-09-05_00:40:57.999[Status]{'id': 12, 'coordinate': [576.37496090945, 735.5117678073407]}
2019-09-05_00:40:57.999[Status]Routing 52: Walk: 52
2019-09-05_00:40:58.100[Battery Energy]57.16
2019-09-05_00:40:58.100[Status]Routing Start.
2019-09-05_00:40:58.446[Status]{'id': 12, 'coordinate': [586.3629409269395, 735.0216094959434]}
2019-09-05_00:40:58.447[Status]Routing 53: Walk: 53
2019-09-05_00:40:58.548[Battery Energy]56.91
2019-09-05_00:40:58.548[Status]Routing Start.
2019-09-05_00:40:58.874[Status]{'id': 12, 'coordinate': [596.3509209444289, 734.5314511845461]}
2019-09-05_00:40:58.875[Status]Routing 54: Walk: 54
2019-09-05_00:40:58.975[Battery Energy]56.62
2019-09-05_00:40:58.975[Status]Routing Start.
2019-09-05_00:40:59.412[Status]{'id': 12, 'coordinate': [606.3389009619184, 734.0412928731488]}
2019-09-05_00:40:59.417[Status]Routing 55: Walk: 55
2019-09-05_00:40:59.520[Battery Energy]56.30
2019-09-05_00:40:59.520[Status]Routing Start.
2019-09-05_00:41:00.078[Status]{'id': 12, 'coordinate': [616.3268809794079, 733.5511345617515]}
2019-09-05_00:41:00.082[Status]Routing 56: Walk: 56
2019-09-05_00:41:00.184[Battery Energy]55.80
2019-09-05_00:41:00.184[Status]Routing Start.
2019-09-05_00:41:00.579[Status]{'id': 12, 'coordinate': [626.3148609968973, 733.0609762503542]}
2019-09-05_00:41:00.579[Status]Routing 57: Walk: 57
2019-09-05_00:41:00.679[Battery Energy]55.40
2019-09-05_00:41:00.679[Status]Routing Start.
2019-09-05_00:41:00.992[Status]{'id': 12, 'coordinate': [636.3028410143868, 732.5708179389569]}
2019-09-05_00:41:00.992[Status]Routing 58: Walk: 58
2019-09-05_00:41:01.092[Battery Energy]55.07
2019-09-05_00:41:01.092[Status]Routing Start.
2019-09-05_00:41:01.358[Status]{'id': 12, 'coordinate': [646.2908210318762, 732.0806596275596]}
2019-09-05_00:41:01.358[Status]Routing 59: Walk: 59
2019-09-05_00:41:01.460[Battery Energy]54.81
2019-09-05_00:41:01.460[Status]Routing Start.
2019-09-05_00:41:01.830[Status]{'id': 12, 'coordinate': [656.2788010493657, 731.5905013161623]}
2019-09-05_00:41:01.830[Status]Routing 60: Walk: 60
2019-09-05_00:41:01.935[Battery Energy]54.44
2019-09-05_00:41:01.935[Status]Routing Start.
2019-09-05_00:41:02.299[Status]{'id': 12, 'coordinate': [666.2667810668552, 731.100343004765]}
2019-09-05_00:41:02.299[Status]Routing 61: Walk: 61
2019-09-05_00:41:02.404[Battery Energy]54.11
2019-09-05_00:41:02.404[Status]Routing Start.
2019-09-05_00:41:02.685[Status]{'id': 12, 'coordinate': [676.2547610843446, 730.6101846933677]}
2019-09-05_00:41:02.686[Status]Routing 62: Walk: 62
2019-09-05_00:41:02.786[Battery Energy]53.82
2019-09-05_00:41:02.786[Status]Routing Start.
2019-09-05_00:41:02.996[Status]{'id': 12, 'coordinate': [686.2427411018341, 730.1200263819704]}
2019-09-05_00:41:02.997[Status]Routing 63: Walk: 63
2019-09-05_00:41:03.108[Battery Energy]53.62
2019-09-05_00:41:03.108[Status]Routing Start.
2019-09-05_00:41:03.315[Status]{'id': 12, 'coordinate': [696.2307211193236, 729.6298680705731]}
2019-09-05_00:41:03.315[Status]Routing 64: Walk: 64
2019-09-05_00:41:03.423[Battery Energy]53.39
2019-09-05_00:41:03.423[Status]Routing Start.
2019-09-05_00:41:03.579[Status]{'id': 12, 'coordinate': [706.218701136813, 729.1397097591758]}
2019-09-05_00:41:03.579[Status]Routing 65: Walk: 65
2019-09-05_00:41:03.679[Battery Energy]53.19
2019-09-05_00:41:03.679[Status]Routing Start.
2019-09-05_00:41:03.864[Status]{'id': 12, 'coordinate': [716.2066811543025, 728.6495514477785]}
2019-09-05_00:41:03.864[Status]Routing 66: Walk: 66
2019-09-05_00:41:03.964[Battery Energy]52.96
2019-09-05_00:41:03.964[Status]Routing Start.
2019-09-05_00:41:04.207[Status]{'id': 12, 'coordinate': [726.194661171792, 728.1593931363813]}
2019-09-05_00:41:04.207[Status]Routing 67: Walk: 67
2019-09-05_00:41:04.307[Battery Energy]52.72
2019-09-05_00:41:04.308[Status]Routing Start.
2019-09-05_00:41:04.605[Status]{'id': 12, 'coordinate': [736.1826411892814, 727.669234824984]}
2019-09-05_00:41:04.607[Status]Routing 68: Walk: 68
2019-09-05_00:41:04.712[Battery Energy]52.42
2019-09-05_00:41:04.712[Status]Routing Start.
2019-09-05_00:41:05.127[Status]{'id': 12, 'coordinate': [746.1706212067709, 727.1790765135867]}
2019-09-05_00:41:05.127[Status]Routing 69: Walk: 69
2019-09-05_00:41:05.240[Battery Energy]52.08
2019-09-05_00:41:05.240[Status]Routing Start.
2019-09-05_00:41:05.446[Status]{'id': 12, 'coordinate': [756.1586012242603, 726.6889182021894]}
2019-09-05_00:41:05.446[Status]Routing 70: Walk: 70
2019-09-05_00:41:05.556[Battery Energy]51.88
2019-09-05_00:41:05.556[Status]Routing Start.
2019-09-05_00:41:05.709[Status]{'id': 12, 'coordinate': [766.1465812417498, 726.1987598907921]}
2019-09-05_00:41:05.709[Status]Routing 71: Walk: 71
2019-09-05_00:41:05.820[Battery Energy]51.67
2019-09-05_00:41:05.820[Status]Routing Start.
2019-09-05_00:41:06.090[Status]{'id': 12, 'coordinate': [776.1345612592393, 725.7086015793948]}
2019-09-05_00:41:06.090[Status]Routing 72: Walk: 72
2019-09-05_00:41:06.192[Battery Energy]51.41
2019-09-05_00:41:06.192[Status]Routing Start.
2019-09-05_00:41:06.613[Status]{'id': 12, 'coordinate': [786.1225412767287, 725.2184432679975]}
2019-09-05_00:41:06.613[Status]Routing 73: Walk: 73
2019-09-05_00:41:06.728[Battery Energy]51.05
2019-09-05_00:41:06.728[Status]Routing Start.
2019-09-05_00:41:07.120[Status]{'id': 12, 'coordinate': [796.1105212942182, 724.7282849566002]}
2019-09-05_00:41:07.120[Status]Routing 74: Walk: 74
2019-09-05_00:41:07.272[Battery Energy]50.69
2019-09-05_00:41:07.272[Status]Routing Start.
2019-09-05_00:41:07.436[Status]{'id': 12, 'coordinate': [806.0985013117077, 724.2381266452029]}
2019-09-05_00:41:07.437[Status]Routing 75: Walk: 75
2019-09-05_00:41:07.537[Battery Energy]50.48
2019-09-05_00:41:07.537[Status]Routing Start.
2019-09-05_00:41:07.796[Status]{'id': 12, 'coordinate': [816.0864813291971, 723.7479683338056]}
2019-09-05_00:41:07.796[Status]Routing 76: Walk: 76
2019-09-05_00:41:07.896[Battery Energy]50.20
2019-09-05_00:41:07.896[Status]Routing Start.
2019-09-05_00:41:08.162[Status]{'id': 12, 'coordinate': [826.0744613466866, 723.2578100224083]}
2019-09-05_00:41:08.162[Status]Routing 77: Walk: 77
2019-09-05_00:41:08.268[Battery Energy]49.96
2019-09-05_00:41:08.268[Status]Routing Start.
2019-09-05_00:41:08.593[Status]{'id': 12, 'coordinate': [836.062441364176, 722.767651711011]}
2019-09-05_00:41:08.593[Status]Routing 78: Walk: 78
2019-09-05_00:41:08.708[Battery Energy]49.67
2019-09-05_00:41:08.708[Status]Routing Start.
2019-09-05_00:41:08.880[Status]{'id': 12, 'coordinate': [846.0504213816655, 722.2774933996137]}
2019-09-05_00:41:08.880[Status]Routing 79: Walk: 79
2019-09-05_00:41:08.992[Battery Energy]49.47
2019-09-05_00:41:08.992[Status]Routing Start.
2019-09-05_00:41:09.194[Status]{'id': 12, 'coordinate': [856.038401399155, 721.7873350882164]}
2019-09-05_00:41:09.194[Status]Routing 80: Walk: 80
2019-09-05_00:41:09.296[Battery Energy]49.22
2019-09-05_00:41:09.296[Status]Routing Start.
2019-09-05_00:41:09.494[Status]{'id': 12, 'coordinate': [866.0263814166444, 721.2971767768191]}
2019-09-05_00:41:09.494[Status]Routing 81: Walk: 81
2019-09-05_00:41:09.600[Battery Energy]48.98
2019-09-05_00:41:09.600[Status]Routing Start.
2019-09-05_00:41:09.765[Status]{'id': 12, 'coordinate': [876.0143614341339, 720.8070184654218]}
2019-09-05_00:41:09.766[Status]Routing 82: Walk: 82
2019-09-05_00:41:09.866[Battery Energy]48.76
2019-09-05_00:41:09.866[Status]Routing Start.
2019-09-05_00:41:10.082[Status]{'id': 12, 'coordinate': [886.0023414516234, 720.3168601540245]}
2019-09-05_00:41:10.082[Status]Routing 83: Walk: 83
2019-09-05_00:41:10.197[Battery Energy]48.55
2019-09-05_00:41:10.197[Status]Routing Start.
2019-09-05_00:41:10.348[Status]{'id': 12, 'coordinate': [895.9903214691128, 719.8267018426272]}
2019-09-05_00:41:10.348[Status]Routing 84: Walk: 84
2019-09-05_00:41:10.464[Battery Energy]48.33
2019-09-05_00:41:10.464[Status]Routing Start.
2019-09-05_00:41:10.673[Status]{'id': 12, 'coordinate': [905.9783014866023, 719.33654353123]}
2019-09-05_00:41:10.673[Status]Routing 85: Walk: 85
2019-09-05_00:41:10.784[Battery Energy]48.09
2019-09-05_00:41:10.784[Status]Routing Start.
2019-09-05_00:41:10.933[Status]{'id': 12, 'coordinate': [915.9662815040917, 718.8463852198327]}
2019-09-05_00:41:10.933[Status]Routing 86: Walk: 86
2019-09-05_00:41:11.033[Battery Energy]47.88
2019-09-05_00:41:11.033[Status]Routing Start.
2019-09-05_00:41:11.225[Status]{'id': 12, 'coordinate': [925.9542615215812, 718.3562269084354]}
2019-09-05_00:41:11.225[Status]Routing 87: Walk: 87
2019-09-05_00:41:11.325[Battery Energy]47.63
2019-09-05_00:41:11.325[Status]Routing Start.
2019-09-05_00:41:11.598[Status]{'id': 12, 'coordinate': [935.9422415390707, 717.8660685970381]}
2019-09-05_00:41:11.598[Status]Routing 88: Walk: 88
2019-09-05_00:41:11.703[Battery Energy]47.36
2019-09-05_00:41:11.703[Status]Routing Start.
2019-09-05_00:41:12.052[Status]{'id': 12, 'coordinate': [945.9302215565601, 717.3759102856408]}
2019-09-05_00:41:12.052[Status]Routing 89: Walk: 89
2019-09-05_00:41:12.152[Battery Energy]47.06
2019-09-05_00:41:12.152[Status]Routing Start.
2019-09-05_00:41:12.477[Status]{'id': 12, 'coordinate': [955.9182015740496, 716.8857519742435]}
2019-09-05_00:41:12.477[Status]Routing 90: Walk: 90
2019-09-05_00:41:12.583[Battery Energy]46.80
2019-09-05_00:41:12.583[Status]Routing Start.
2019-09-05_00:41:12.903[Status]{'id': 12, 'coordinate': [965.906181591539, 716.3955936628462]}
2019-09-05_00:41:12.903[Status]Routing 91: Walk: 91
2019-09-05_00:41:13.003[Battery Energy]46.49
2019-09-05_00:41:13.003[Status]Routing Start.
2019-09-05_00:41:13.259[Status]{'id': 12, 'coordinate': [975.8941616090285, 715.9054353514489]}
2019-09-05_00:41:13.259[Status]Routing 92: Walk: 92
2019-09-05_00:41:13.368[Battery Energy]46.18
2019-09-05_00:41:13.368[Status]Routing Start.
2019-09-05_00:41:13.754[Status]{'id': 12, 'coordinate': [985.882141626518, 715.4152770400516]}
2019-09-05_00:41:13.754[Status]Routing 93: Walk: 93
2019-09-05_00:41:13.868[Battery Energy]45.80
2019-09-05_00:41:13.868[Status]Routing Start.
2019-09-05_00:41:14.172[Status]{'id': 12, 'coordinate': [995.8701216440074, 714.9251187286542]}
2019-09-05_00:41:14.172[Status]Routing 94: Walk: 94
2019-09-05_00:41:14.279[Battery Energy]45.48
2019-09-05_00:41:14.279[Status]Routing Start.
2019-09-05_00:41:14.650[Status]{'id': 12, 'coordinate': [1005.8581016614969, 714.4349604172569]}
2019-09-05_00:41:14.650[Status]Routing 95: Walk: 95
2019-09-05_00:41:14.768[Battery Energy]45.18
2019-09-05_00:41:14.768[Status]Routing Start.
2019-09-05_00:41:15.141[Status]{'id': 12, 'coordinate': [1015.8460816789864, 713.9448021058595]}
2019-09-05_00:41:15.141[Status]Routing 96: Walk: 96
2019-09-05_00:41:15.241[Battery Energy]44.88
2019-09-05_00:41:15.241[Status]Routing Start.
2019-09-05_00:41:15.619[Status]{'id': 12, 'coordinate': [1025.8340616964758, 713.4546437944622]}
2019-09-05_00:41:15.619[Status]Routing 97: Walk: 97
2019-09-05_00:41:15.724[Battery Energy]44.54
2019-09-05_00:41:15.724[Status]Routing Start.
2019-09-05_00:41:15.964[Status]{'id': 12, 'coordinate': [1035.8220417139653, 712.9644854830648]}
2019-09-05_00:41:15.968[Status]Routing 98: Walk: 98
2019-09-05_00:41:16.080[Battery Energy]44.30
2019-09-05_00:41:16.080[Status]Routing Start.
2019-09-05_00:41:16.467[Status]{'id': 12, 'coordinate': [1045.8100217314548, 712.4743271716675]}
2019-09-05_00:41:16.467[Status]Routing 99: Walk: 99
2019-09-05_00:41:16.567[Battery Energy]44.02
2019-09-05_00:41:16.567[Status]Routing Start.
2019-09-05_00:41:16.777[Status]{'id': 12, 'coordinate': [1055.7980017489442, 711.9841688602701]}
2019-09-05_00:41:16.777[Status]Routing 100: Walk: 100
2019-09-05_00:41:16.888[Battery Energy]43.77
2019-09-05_00:41:16.888[Status]Routing Start.
2019-09-05_00:41:17.228[Status]{'id': 12, 'coordinate': [1065.7859817664337, 711.4940105488727]}
2019-09-05_00:41:17.228[Status]Routing 101: Walk: 101
2019-09-05_00:41:17.348[Battery Energy]43.52
2019-09-05_00:41:17.348[Status]Routing Start.
2019-09-05_00:41:17.531[Status]{'id': 12, 'coordinate': [1075.7739617839231, 711.0038522374754]}
2019-09-05_00:41:17.531[Status]Routing 102: Walk: 102
2019-09-05_00:41:17.631[Battery Energy]43.30
2019-09-05_00:41:17.631[Status]Routing Start.
2019-09-05_00:41:18.026[Status]{'id': 12, 'coordinate': [1085.7619418014126, 710.513693926078]}
2019-09-05_00:41:18.026[Status]Routing 103: Walk: 103
2019-09-05_00:41:18.126[Battery Energy]43.00
2019-09-05_00:41:18.126[Status]Routing Start.
2019-09-05_00:41:18.676[Status]{'id': 12, 'coordinate': [1095.749921818902, 710.0235356146807]}
2019-09-05_00:41:18.676[Status]Routing 104: Walk: 104
2019-09-05_00:41:18.776[Battery Energy]42.47
2019-09-05_00:41:18.776[Status]Routing Start.
2019-09-05_00:41:19.064[Status]{'id': 12, 'coordinate': [1105.7379018363915, 709.5333773032833]}
2019-09-05_00:41:19.064[Status]Routing 105: Walk: 105
2019-09-05_00:41:19.168[Battery Energy]42.20
2019-09-05_00:41:19.168[Status]Routing Start.
2019-09-05_00:41:19.543[Status]{'id': 12, 'coordinate': [1115.725881853881, 709.043218991886]}
2019-09-05_00:41:19.543[Status]Routing 106: Walk: 106
2019-09-05_00:41:19.643[Battery Energy]41.86
2019-09-05_00:41:19.643[Status]Routing Start.
2019-09-05_00:41:20.006[Status]{'id': 12, 'coordinate': [1125.7138618713705, 708.5530606804886]}
2019-09-05_00:41:20.009[Status]Routing 107: Walk: 107
2019-09-05_00:41:20.111[Battery Energy]41.54
2019-09-05_00:41:20.111[Status]Routing Start.
2019-09-05_00:41:20.450[Status]{'id': 12, 'coordinate': [1135.70184188886, 708.0629023690913]}
2019-09-05_00:41:20.451[Status]Routing 108: Walk: 108
2019-09-05_00:41:20.556[Battery Energy]41.24
2019-09-05_00:41:20.556[Status]Routing Start.
2019-09-05_00:41:20.887[Status]{'id': 12, 'coordinate': [1145.6898219063494, 707.5727440576939]}
2019-09-05_00:41:20.887[Status]Routing 109: Walk: 109
2019-09-05_00:41:20.987[Battery Energy]40.98
2019-09-05_00:41:20.987[Status]Routing Start.
2019-09-05_00:41:21.340[Status]{'id': 12, 'coordinate': [1155.6778019238388, 707.0825857462966]}
2019-09-05_00:41:21.340[Status]Routing 110: Walk: 110
2019-09-05_00:41:21.440[Battery Energy]40.66
2019-09-05_00:41:21.440[Status]Routing Start.
2019-09-05_00:41:21.812[Status]{'id': 12, 'coordinate': [1165.6657819413283, 706.5924274348992]}
2019-09-05_00:41:21.812[Status]Routing 111: Walk: 111
2019-09-05_00:41:21.916[Battery Energy]40.37
2019-09-05_00:41:21.916[Status]Routing Start.
2019-09-05_00:41:22.332[Status]{'id': 12, 'coordinate': [1175.6537619588178, 706.1022691235019]}
2019-09-05_00:41:22.332[Status]Routing 112: Walk: 112
2019-09-05_00:41:22.432[Battery Energy]40.12
2019-09-05_00:41:22.432[Status]Routing Start.
2019-09-05_00:41:22.704[Status]{'id': 12, 'coordinate': [1185.6417419763072, 705.6121108121044]}
2019-09-05_00:41:22.704[Status]Routing 113: Walk: 113
2019-09-05_00:41:22.804[Battery Energy]39.80
2019-09-05_00:41:22.805[Status]Routing Start.
2019-09-05_00:41:23.177[Status]{'id': 12, 'coordinate': [1195.6297219937967, 705.1219525007072]}
2019-09-05_00:41:23.177[Status]Routing 114: Walk: 114
2019-09-05_00:41:23.277[Battery Energy]39.46
2019-09-05_00:41:23.277[Status]Routing Start.
2019-09-05_00:41:23.667[Status]{'id': 12, 'coordinate': [1205.6177020112862, 704.6317941893097]}
2019-09-05_00:41:23.667[Status]Routing 115: Walk: 115
2019-09-05_00:41:23.767[Battery Energy]39.06
2019-09-05_00:41:23.767[Status]Routing Start.
2019-09-05_00:41:24.161[Status]{'id': 12, 'coordinate': [1215.6056820287756, 704.1416358779124]}
2019-09-05_00:41:24.161[Status]Routing 116: Walk: 116
2019-09-05_00:41:24.301[Battery Energy]38.75
2019-09-05_00:41:24.301[Status]Routing Start.
2019-09-05_00:41:24.650[Status]{'id': 12, 'coordinate': [1225.593662046265, 703.651477566515]}
2019-09-05_00:41:24.650[Status]Routing 117: Walk: 117
2019-09-05_00:41:24.764[Battery Energy]38.45
2019-09-05_00:41:24.764[Status]Routing Start.
2019-09-05_00:41:25.122[Status]{'id': 12, 'coordinate': [1235.5816420637545, 703.1613192551177]}
2019-09-05_00:41:25.123[Status]Routing 118: Walk: 118
2019-09-05_00:41:25.240[Battery Energy]38.13
2019-09-05_00:41:25.240[Status]Routing Start.
2019-09-05_00:41:25.594[Status]{'id': 12, 'coordinate': [1245.569622081244, 702.6711609437203]}
2019-09-05_00:41:25.594[Status]Routing 119: Walk: 119
2019-09-05_00:41:25.694[Battery Energy]37.80
2019-09-05_00:41:25.694[Status]Routing Start.
2019-09-05_00:41:25.890[Status]{'id': 12, 'coordinate': [1255.5576020987335, 702.181002632323]}
2019-09-05_00:41:25.890[Status]Routing 120: Walk: 120
2019-09-05_00:41:25.990[Battery Energy]37.58
2019-09-05_00:41:25.990[Status]Routing Start.
2019-09-05_00:41:26.372[Status]{'id': 12, 'coordinate': [1265.545582116223, 701.6908443209256]}
2019-09-05_00:41:26.372[Status]Routing 121: Walk: 121
2019-09-05_00:41:26.484[Battery Energy]37.27
2019-09-05_00:41:26.484[Status]Routing Start.
2019-09-05_00:41:26.632[Status]{'id': 12, 'coordinate': [1275.5335621337124, 701.2006860095283]}
2019-09-05_00:41:26.632[Status]Routing 122: Walk: 122
2019-09-05_00:41:26.740[Battery Energy]37.07
2019-09-05_00:41:26.740[Status]Routing Start.
2019-09-05_00:41:26.983[Status]{'id': 12, 'coordinate': [1285.5215421512019, 700.7105276981309]}
2019-09-05_00:41:26.985[Status]Routing 123: Walk: 123
2019-09-05_00:41:27.100[Battery Energy]36.83
2019-09-05_00:41:27.100[Status]Routing Start.
2019-09-05_00:41:27.291[Status]{'id': 12, 'coordinate': [1295.5095221686913, 700.2203693867336]}
2019-09-05_00:41:27.291[Status]Routing 124: Walk: 124
2019-09-05_00:41:27.396[Battery Energy]36.62
2019-09-05_00:41:27.396[Status]Routing Start.
2019-09-05_00:41:27.396[Status]Task Finished.
2019-09-05_00:41:27.497[Battery Energy]36.62
2019-09-05_00:41:27.691[Status]Routing 126: Walk: 124
2019-09-05_00:41:27.796[Battery Energy]36.47
2019-09-05_00:41:28.207[Status]Routing 127: Walk: 124
2019-09-05_00:41:28.307[Battery Energy]36.24
2019-09-05_00:41:28.642[Status]Routing 128: Walk: 124
2019-09-05_00:41:28.752[Battery Energy]36.01
2019-09-05_00:41:28.952[Status]Routing 129: Walk: 124
2019-09-05_00:41:29.052[Battery Energy]35.86
2019-09-05_00:41:29.241[Status]Routing 130: Walk: 124
2019-09-05_00:41:29.347[Battery Energy]35.73
2019-09-05_00:41:29.736[Status]Routing 131: Walk: 124
2019-09-05_00:41:29.837[Battery Energy]35.41
2019-09-05_00:41:30.140[Status]Routing 132: Walk: 124
2019-09-05_00:41:30.260[Battery Energy]35.22
2019-09-05_00:41:30.406[Status]Routing 133: Walk: 124
2019-09-05_00:41:30.506[Battery Energy]35.13
2019-09-05_00:41:30.675[Status]Routing 134: Walk: 124
2019-09-05_00:41:30.792[Battery Energy]35.00
2019-09-05_00:41:30.993[Status]Routing 135: Walk: 124
2019-09-05_00:41:31.104[Battery Energy]34.87
2019-09-05_00:41:31.264[Status]Routing 136: Walk: 124
2019-09-05_00:41:31.365[Battery Energy]34.75
2019-09-05_00:41:31.549[Status]Routing 137: Walk: 124
2019-09-05_00:41:31.654[Battery Energy]34.61
2019-09-05_00:41:31.856[Status]Routing 138: Walk: 124
2019-09-05_00:41:31.960[Battery Energy]34.48
2019-09-05_00:41:32.165[Status]Routing 139: Walk: 124
2019-09-05_00:41:32.266[Battery Energy]34.35
2019-09-05_00:41:32.549[Status]Routing 140: Walk: 124
2019-09-05_00:41:32.649[Battery Energy]34.21
2019-09-05_00:41:32.894[Status]Routing 141: Walk: 124
2019-09-05_00:41:32.995[Battery Energy]34.06
2019-09-05_00:41:33.248[Status]Routing 142: Walk: 124
2019-09-05_00:41:33.360[Battery Energy]33.91
2019-09-05_00:41:33.518[Status]Routing 143: Walk: 124
2019-09-05_00:41:33.619[Battery Energy]33.78
2019-09-05_00:41:33.802[Status]Routing 144: Walk: 124
2019-09-05_00:41:33.912[Battery Energy]33.66
2019-09-05_00:41:34.066[Status]Routing 145: Walk: 124
2019-09-05_00:41:34.172[Battery Energy]33.54
2019-09-05_00:41:34.373[Status]Routing 146: Walk: 124
2019-09-05_00:41:34.488[Battery Energy]33.43
2019-09-05_00:41:34.671[Status]Routing 147: Walk: 124
2019-09-05_00:41:34.776[Battery Energy]33.29
2019-09-05_00:41:34.991[Status]Routing 148: Walk: 124
2019-09-05_00:41:35.098[Battery Energy]33.14
2019-09-05_00:41:35.260[Status]Routing 149: Walk: 124
2019-09-05_00:41:35.384[Battery Energy]33.03
2019-09-05_00:41:35.548[Status]Routing 150: Walk: 124
2019-09-05_00:41:35.648[Battery Energy]32.93
2019-09-05_00:41:35.852[Status]Routing 151: Walk: 124
2019-09-05_00:41:35.958[Battery Energy]32.81
2019-09-05_00:41:36.188[Status]Routing 152: Walk: 124
2019-09-05_00:41:36.289[Battery Energy]32.69
2019-09-05_00:41:36.475[Status]Routing 153: Walk: 124
2019-09-05_00:41:36.575[Battery Energy]32.58
2019-09-05_00:41:36.736[Status]Routing 154: Walk: 124
2019-09-05_00:41:36.836[Battery Energy]32.47
2019-09-05_00:41:37.039[Status]Routing 155: Walk: 124
2019-09-05_00:41:37.152[Battery Energy]32.35
2019-09-05_00:41:37.405[Status]Routing 156: Walk: 124
2019-09-05_00:41:37.515[Battery Energy]32.17
2019-09-05_00:41:37.698[Status]Routing 157: Walk: 124
2019-09-05_00:41:37.806[Battery Energy]32.05
2019-09-05_00:41:37.950[Status]Routing 158: Walk: 124
2019-09-05_00:41:38.052[Battery Energy]31.93
2019-09-05_00:41:38.271[Status]Routing 159: Walk: 124
2019-09-05_00:41:38.376[Battery Energy]31.78
2019-09-05_00:41:38.587[Status]Routing 160: Walk: 124
2019-09-05_00:41:38.692[Battery Energy]31.64
2019-09-05_00:41:38.856[Status]Routing 161: Walk: 124
2019-09-05_00:41:38.956[Battery Energy]31.54
2019-09-05_00:41:39.286[Status]Routing 162: Walk: 124
2019-09-05_00:41:39.386[Battery Energy]31.31
2019-09-05_00:41:39.602[Status]Routing 163: Walk: 124
2019-09-05_00:41:39.705[Battery Energy]31.15
2019-09-05_00:41:39.875[Status]Routing 164: Walk: 124
2019-09-05_00:41:39.984[Battery Energy]31.06
2019-09-05_00:41:40.141[Status]Routing 165: Walk: 124
2019-09-05_00:41:40.256[Battery Energy]30.96
2019-09-05_00:41:40.402[Status]Routing 166: Walk: 124
2019-09-05_00:41:40.502[Battery Energy]30.85
2019-09-05_00:41:40.682[Status]Routing 167: Walk: 124
2019-09-05_00:41:40.788[Battery Energy]30.75
2019-09-05_00:41:40.980[Status]Routing 168: Walk: 124
2019-09-05_00:41:41.088[Battery Energy]30.59
