2019-09-05_00:40:27.750[Status]Start.
2019-09-05_00:40:27.751[Battery Energy]74.00
2019-09-05_00:40:28.853[Battery Energy]73.96
2019-09-05_00:40:29.955[Battery Energy]73.92
2019-09-05_00:40:31.056[Battery Energy]73.88
2019-09-05_00:40:32.157[Battery Energy]73.84
2019-09-05_00:40:33.258[Task]A New Task Released.
2019-09-05_00:40:33.258[Battery Energy]73.80
2019-09-05_00:40:33.258[Status]Selection Start.
2019-09-05_00:40:35.639[Status]Selection End: Do Task 1.
2019-09-05_00:40:35.768[Battery Energy]72.18
2019-09-05_00:40:35.768[Status]Formation Start.
2019-09-05_00:40:35.912[Status]Formation End: To Position 2.
2019-09-05_00:40:36.017[Battery Energy]72.06
2019-09-05_00:40:36.017[Status]Routing Start.
2019-09-05_00:40:36.277[Status]{'coordinate': [67.7263250663497, 532.3234889075908], 'id': 9}
2019-09-05_00:40:36.277[Status]Routing 1: Walk: 1
2019-09-05_00:40:36.384[Battery Energy]71.85
2019-09-05_00:40:36.384[Status]Routing Start.
2019-09-05_00:40:36.548[Status]{'coordinate': [77.4526501326994, 534.6469778151816], 'id': 9}
2019-09-05_00:40:36.548[Status]Routing 2: Walk: 2
2019-09-05_00:40:36.649[Battery Energy]71.65
2019-09-05_00:40:36.649[Status]Routing Start.
2019-09-05_00:40:36.861[Status]{'coordinate': [87.1789751990491, 536.9704667227724], 'id': 9}
2019-09-05_00:40:36.861[Status]Routing 3: Walk: 3
2019-09-05_00:40:36.962[Battery Energy]71.43
2019-09-05_00:40:36.962[Status]Routing Start.
2019-09-05_00:40:37.176[Status]{'coordinate': [96.90530026539881, 539.2939556303631], 'id': 9}
2019-09-05_00:40:37.176[Status]Routing 4: Walk: 4
2019-09-05_00:40:37.279[Battery Energy]71.22
2019-09-05_00:40:37.279[Status]Routing Start.
2019-09-05_00:40:37.506[Status]{'coordinate': [106.63162533174851, 541.6174445379539], 'id': 9}
2019-09-05_00:40:37.513[Status]Routing 5: Walk: 5
2019-09-05_00:40:37.613[Battery Energy]70.97
2019-09-05_00:40:37.613[Status]Routing Start.
2019-09-05_00:40:37.975[Status]{'coordinate': [116.35795039809821, 543.9409334455447], 'id': 9}
2019-09-05_00:40:37.976[Status]Routing 6: Walk: 6
2019-09-05_00:40:38.077[Battery Energy]70.61
2019-09-05_00:40:38.077[Status]Routing Start.
2019-09-05_00:40:38.416[Status]{'coordinate': [126.08427546444791, 546.2644223531355], 'id': 9}
2019-09-05_00:40:38.417[Status]Routing 7: Walk: 7
2019-09-05_00:40:38.529[Battery Energy]70.29
2019-09-05_00:40:38.529[Status]Routing Start.
2019-09-05_00:40:38.904[Status]{'coordinate': [135.81060053079761, 548.5879112607263], 'id': 9}
2019-09-05_00:40:38.904[Status]Routing 8: Walk: 8
2019-09-05_00:40:39.004[Battery Energy]69.94
2019-09-05_00:40:39.004[Status]Routing Start.
2019-09-05_00:40:39.408[Status]{'coordinate': [145.53692559714733, 550.9114001683171], 'id': 9}
2019-09-05_00:40:39.408[Status]Routing 9: Walk: 9
2019-09-05_00:40:39.524[Battery Energy]69.60
2019-09-05_00:40:39.524[Status]Routing Start.
2019-09-05_00:40:40.019[Status]{'coordinate': [155.26325066349705, 553.2348890759079], 'id': 9}
2019-09-05_00:40:40.019[Status]Routing 10: Walk: 10
2019-09-05_00:40:40.119[Battery Energy]69.14
2019-09-05_00:40:40.119[Status]Routing Start.
2019-09-05_00:40:40.600[Status]{'coordinate': [164.98957572984676, 555.5583779834986], 'id': 9}
2019-09-05_00:40:40.603[Status]Routing 11: Walk: 11
2019-09-05_00:40:40.703[Battery Energy]68.70
2019-09-05_00:40:40.703[Status]Routing Start.
2019-09-05_00:40:41.156[Status]{'coordinate': [174.71590079619648, 557.8818668910894], 'id': 9}
2019-09-05_00:40:41.156[Status]Routing 12: Walk: 12
2019-09-05_00:40:41.256[Battery Energy]68.30
2019-09-05_00:40:41.257[Status]Routing Start.
2019-09-05_00:40:41.492[Status]{'coordinate': [184.4422258625462, 560.2053557986802], 'id': 9}
2019-09-05_00:40:41.498[Status]Routing 13: Walk: 13
2019-09-05_00:40:41.598[Battery Energy]68.02
2019-09-05_00:40:41.599[Status]Routing Start.
2019-09-05_00:40:42.108[Status]{'coordinate': [194.1685509288959, 562.528844706271], 'id': 9}
2019-09-05_00:40:42.115[Status]Routing 14: Walk: 14
2019-09-05_00:40:42.220[Battery Energy]67.60
2019-09-05_00:40:42.220[Status]Routing Start.
2019-09-05_00:40:42.612[Status]{'coordinate': [203.89487599524563, 564.8523336138618], 'id': 9}
2019-09-05_00:40:42.612[Status]Routing 15: Walk: 15
2019-09-05_00:40:42.721[Battery Energy]67.27
2019-09-05_00:40:42.721[Status]Routing Start.
2019-09-05_00:40:43.093[Status]{'coordinate': [213.62120106159534, 567.1758225214526], 'id': 9}
2019-09-05_00:40:43.093[Status]Routing 16: Walk: 16
2019-09-05_00:40:43.200[Battery Energy]66.95
2019-09-05_00:40:43.200[Status]Routing Start.
2019-09-05_00:40:43.597[Status]{'coordinate': [223.34752612794506, 569.4993114290434], 'id': 9}
2019-09-05_00:40:43.597[Status]Routing 17: Walk: 17
2019-09-05_00:40:43.698[Battery Energy]66.61
2019-09-05_00:40:43.698[Status]Routing Start.
2019-09-05_00:40:44.063[Status]{'coordinate': [233.07385119429478, 571.8228003366341], 'id': 9}
2019-09-05_00:40:44.063[Status]Routing 18: Walk: 18
2019-09-05_00:40:44.168[Battery Energy]66.26
2019-09-05_00:40:44.168[Status]Routing Start.
2019-09-05_00:40:44.531[Status]{'coordinate': [242.8001762606445, 574.1462892442249], 'id': 9}
2019-09-05_00:40:44.533[Status]Routing 19: Walk: 19
2019-09-05_00:40:44.634[Battery Energy]65.92
2019-09-05_00:40:44.634[Status]Routing Start.
2019-09-05_00:40:44.995[Status]{'coordinate': [252.5265013269942, 576.4697781518157], 'id': 9}
2019-09-05_00:40:44.995[Status]Routing 20: Walk: 20
2019-09-05_00:40:45.095[Battery Energy]65.56
2019-09-05_00:40:45.095[Status]Routing Start.
2019-09-05_00:40:45.432[Status]{'coordinate': [262.2528263933439, 578.7932670594065], 'id': 9}
2019-09-05_00:40:45.434[Status]Routing 21: Walk: 21
2019-09-05_00:40:45.534[Battery Energy]65.25
2019-09-05_00:40:45.535[Status]Routing Start.
2019-09-05_00:40:45.897[Status]{'coordinate': [271.97915145969364, 581.1167559669973], 'id': 9}
2019-09-05_00:40:45.897[Status]Routing 22: Walk: 22
2019-09-05_00:40:45.997[Battery Energy]64.91
2019-09-05_00:40:45.997[Status]Routing Start.
2019-09-05_00:40:46.309[Status]{'coordinate': [281.70547652604336, 583.4402448745881], 'id': 9}
2019-09-05_00:40:46.309[Status]Routing 23: Walk: 23
2019-09-05_00:40:46.409[Battery Energy]64.59
2019-09-05_00:40:46.409[Status]Routing Start.
2019-09-05_00:40:46.805[Status]{'coordinate': [291.4318015923931, 585.7637337821789], 'id': 9}
2019-09-05_00:40:46.805[Status]Routing 24: Walk: 24
2019-09-05_00:40:46.905[Battery Energy]64.23
2019-09-05_00:40:46.905[Status]Routing Start.
2019-09-05_00:40:47.274[Status]{'coordinate': [301.1581266587428, 588.0872226897696], 'id': 9}
2019-09-05_00:40:47.274[Status]Routing 25: Walk: 25
2019-09-05_00:40:47.393[Battery Energy]63.91
2019-09-05_00:40:47.393[Status]Routing Start.
2019-09-05_00:40:47.740[Status]{'coordinate': [310.8844517250925, 590.4107115973604], 'id': 9}
2019-09-05_00:40:47.741[Status]Routing 26: Walk: 26
2019-09-05_00:40:47.844[Battery Energy]63.61
2019-09-05_00:40:47.844[Status]Routing Start.
2019-09-05_00:40:48.150[Status]{'coordinate': [320.6107767914422, 592.7342005049512], 'id': 9}
2019-09-05_00:40:48.150[Status]Routing 27: Walk: 27
2019-09-05_00:40:48.252[Battery Energy]63.28
2019-09-05_00:40:48.253[Status]Routing Start.
2019-09-05_00:40:48.541[Status]{'coordinate': [330.33710185779194, 595.057689412542], 'id': 9}
2019-09-05_00:40:48.541[Status]Routing 28: Walk: 28
2019-09-05_00:40:48.642[Battery Energy]63.01
2019-09-05_00:40:48.642[Status]Routing Start.
2019-09-05_00:40:49.008[Status]{'coordinate': [340.06342692414165, 597.3811783201328], 'id': 9}
2019-09-05_00:40:49.008[Status]Routing 29: Walk: 29
2019-09-05_00:40:49.108[Battery Energy]62.71
2019-09-05_00:40:49.108[Status]Routing Start.
2019-09-05_00:40:49.602[Status]{'coordinate': [349.78975199049137, 599.7046672277236], 'id': 9}
2019-09-05_00:40:49.602[Status]Routing 30: Walk: 30
2019-09-05_00:40:49.702[Battery Energy]62.28
2019-09-05_00:40:49.702[Status]Routing Start.
2019-09-05_00:40:50.120[Status]{'coordinate': [346.7088338709002, 609.2182335169957], 'id': 9}
2019-09-05_00:40:50.120[Status]Routing 31: Walk: 31
2019-09-05_00:40:50.220[Battery Energy]61.85
2019-09-05_00:40:50.220[Status]Routing Start.
2019-09-05_00:40:50.590[Status]{'coordinate': [342.56555717457377, 618.3195113513264], 'id': 9}
2019-09-05_00:40:50.590[Status]Routing 32: Walk: 32
2019-09-05_00:40:50.690[Battery Energy]61.50
2019-09-05_00:40:50.690[Status]Routing Start.
2019-09-05_00:40:50.866[Status]{'coordinate': [352.3430878282826, 620.4171038560288], 'id': 9}
2019-09-05_00:40:50.866[Status]Routing 33: Walk: 33
2019-09-05_00:40:50.976[Battery Energy]61.28
2019-09-05_00:40:50.976[Status]Routing Start.
2019-09-05_00:40:51.128[Status]{'coordinate': [362.1206184819914, 622.5146963607313], 'id': 9}
2019-09-05_00:40:51.128[Status]Routing 34: Walk: 34
2019-09-05_00:40:51.240[Battery Energy]61.07
2019-09-05_00:40:51.240[Status]Routing Start.
2019-09-05_00:40:51.436[Status]{'coordinate': [371.89814913570024, 624.6122888654337], 'id': 9}
2019-09-05_00:40:51.436[Status]Routing 35: Walk: 35
2019-09-05_00:40:51.541[Battery Energy]60.85
2019-09-05_00:40:51.541[Status]Routing Start.
2019-09-05_00:40:51.762[Status]{'coordinate': [381.67567978940906, 626.7098813701361], 'id': 9}
2019-09-05_00:40:51.762[Status]Routing 36: Walk: 36
2019-09-05_00:40:51.876[Battery Energy]60.64
2019-09-05_00:40:51.876[Status]Routing Start.
2019-09-05_00:40:52.018[Status]{'coordinate': [391.4532104431179, 628.8074738748386], 'id': 9}
2019-09-05_00:40:52.018[Status]Routing 37: Walk: 37
2019-09-05_00:40:52.119[Battery Energy]60.44
2019-09-05_00:40:52.119[Status]Routing Start.
2019-09-05_00:40:52.440[Status]{'coordinate': [401.2307410968267, 630.905066379541], 'id': 9}
2019-09-05_00:40:52.440[Status]Routing 38: Walk: 38
2019-09-05_00:40:52.544[Battery Energy]60.16
2019-09-05_00:40:52.544[Status]Routing Start.
2019-09-05_00:40:52.750[Status]{'coordinate': [411.0082717505355, 633.0026588842435], 'id': 9}
2019-09-05_00:40:52.750[Status]Routing 39: Walk: 39
2019-09-05_00:40:52.850[Battery Energy]59.87
2019-09-05_00:40:52.850[Status]Routing Start.
2019-09-05_00:40:53.018[Status]{'coordinate': [420.78580240424435, 635.1002513889459], 'id': 9}
2019-09-05_00:40:53.018[Status]Routing 40: Walk: 40
2019-09-05_00:40:53.136[Battery Energy]59.67
2019-09-05_00:40:53.136[Status]Routing Start.
2019-09-05_00:40:53.451[Status]{'coordinate': [430.5633330579532, 637.1978438936484], 'id': 9}
2019-09-05_00:40:53.451[Status]Routing 41: Walk: 41
2019-09-05_00:40:53.551[Battery Energy]59.37
2019-09-05_00:40:53.551[Status]Routing Start.
2019-09-05_00:40:53.965[Status]{'coordinate': [440.340863711662, 639.2954363983508], 'id': 9}
2019-09-05_00:40:53.965[Status]Routing 42: Walk: 42
2019-09-05_00:40:54.072[Battery Energy]59.07
2019-09-05_00:40:54.072[Status]Routing Start.
2019-09-05_00:40:54.397[Status]{'coordinate': [450.1183943653708, 641.3930289030533], 'id': 9}
2019-09-05_00:40:54.397[Status]Routing 43: Walk: 43
2019-09-05_00:40:54.574[Battery Energy]58.76
2019-09-05_00:40:54.574[Status]Routing Start.
2019-09-05_00:40:54.883[Status]{'coordinate': [459.89592501907964, 643.4906214077557], 'id': 9}
2019-09-05_00:40:54.883[Status]Routing 44: Walk: 44
2019-09-05_00:40:54.983[Battery Energy]58.51
2019-09-05_00:40:54.983[Status]Routing Start.
2019-09-05_00:40:55.440[Status]{'coordinate': [469.67345567278846, 645.5882139124582], 'id': 9}
2019-09-05_00:40:55.440[Status]Routing 45: Walk: 45
2019-09-05_00:40:55.548[Battery Energy]58.12
2019-09-05_00:40:55.548[Status]Routing Start.
2019-09-05_00:40:55.893[Status]{'coordinate': [479.4509863264973, 647.6858064171606], 'id': 9}
2019-09-05_00:40:55.893[Status]Routing 46: Walk: 46
2019-09-05_00:40:56.008[Battery Energy]57.80
2019-09-05_00:40:56.008[Status]Routing Start.
2019-09-05_00:40:56.215[Status]{'coordinate': [489.2285169802061, 649.7833989218631], 'id': 9}
2019-09-05_00:40:56.215[Status]Routing 47: Walk: 47
2019-09-05_00:40:56.328[Battery Energy]57.57
2019-09-05_00:40:56.328[Status]Routing Start.
2019-09-05_00:40:56.592[Status]{'coordinate': [499.00604763391493, 651.8809914265655], 'id': 9}
2019-09-05_00:40:56.592[Status]Routing 48: Walk: 48
2019-09-05_00:40:56.692[Battery Energy]57.29
2019-09-05_00:40:56.692[Status]Routing Start.
2019-09-05_00:40:56.892[Status]{'coordinate': [508.78357828762375, 653.978583931268], 'id': 9}
2019-09-05_00:40:56.893[Status]Routing 49: Walk: 49
2019-09-05_00:40:57.000[Battery Energy]57.06
2019-09-05_00:40:57.004[Status]Routing Start.
2019-09-05_00:40:57.149[Status]{'coordinate': [518.5611089413326, 656.0761764359704], 'id': 9}
2019-09-05_00:40:57.150[Status]Routing 50: Walk: 50
2019-09-05_00:40:57.260[Battery Energy]56.86
2019-09-05_00:40:57.260[Status]Routing Start.
2019-09-05_00:40:57.450[Status]{'coordinate': [528.3386395950414, 658.1737689406729], 'id': 9}
2019-09-05_00:40:57.450[Status]Routing 51: Walk: 51
2019-09-05_00:40:57.550[Battery Energy]56.66
2019-09-05_00:40:57.550[Status]Routing Start.
2019-09-05_00:40:58.005[Status]{'coordinate': [538.1161702487502, 660.2713614453753], 'id': 9}
2019-09-05_00:40:58.005[Status]Routing 52: Walk: 52
2019-09-05_00:40:58.105[Battery Energy]56.36
2019-09-05_00:40:58.105[Status]Routing Start.
2019-09-05_00:40:58.449[Status]{'coordinate': [547.893700902459, 662.3689539500778], 'id': 9}
2019-09-05_00:40:58.450[Status]Routing 53: Walk: 53
2019-09-05_00:40:58.552[Battery Energy]56.03
2019-09-05_00:40:58.552[Status]Routing Start.
2019-09-05_00:40:58.878[Status]{'coordinate': [557.6712315561679, 664.4665464547802], 'id': 9}
2019-09-05_00:40:58.878[Status]Routing 54: Walk: 54
2019-09-05_00:40:58.984[Battery Energy]55.73
2019-09-05_00:40:58.984[Status]Routing Start.
2019-09-05_00:40:59.418[Status]{'coordinate': [567.4487622098767, 666.5641389594826], 'id': 9}
2019-09-05_00:40:59.418[Status]Routing 55: Walk: 55
2019-09-05_00:40:59.532[Battery Energy]55.32
2019-09-05_00:40:59.532[Status]Routing Start.
2019-09-05_00:40:59.945[Status]{'coordinate': [577.2262928635855, 668.6617314641851], 'id': 9}
2019-09-05_00:40:59.945[Status]Routing 56: Walk: 56
2019-09-05_00:41:00.045[Battery Energy]55.00
2019-09-05_00:41:00.045[Status]Routing Start.
2019-09-05_00:41:00.407[Status]{'coordinate': [587.0038235172943, 670.7593239688875], 'id': 9}
2019-09-05_00:41:00.407[Status]Routing 57: Walk: 57
2019-09-05_00:41:00.507[Battery Energy]54.67
2019-09-05_00:41:00.507[Status]Routing Start.
2019-09-05_00:41:00.831[Status]{'coordinate': [596.7813541710032, 672.85691647359], 'id': 9}
2019-09-05_00:41:00.831[Status]Routing 58: Walk: 58
2019-09-05_00:41:00.931[Battery Energy]54.34
2019-09-05_00:41:00.931[Status]Routing Start.
2019-09-05_00:41:01.358[Status]{'coordinate': [606.558884824712, 674.9545089782924], 'id': 9}
2019-09-05_00:41:01.358[Status]Routing 59: Walk: 59
2019-09-05_00:41:01.460[Battery Energy]53.96
2019-09-05_00:41:01.460[Status]Routing Start.
2019-09-05_00:41:01.830[Status]{'coordinate': [616.3364154784208, 677.0521014829949], 'id': 9}
2019-09-05_00:41:01.831[Status]Routing 60: Walk: 60
2019-09-05_00:41:01.939[Battery Energy]53.63
2019-09-05_00:41:01.939[Status]Routing Start.
2019-09-05_00:41:02.296[Status]{'coordinate': [626.1139461321296, 679.1496939876973], 'id': 9}
2019-09-05_00:41:02.297[Status]Routing 61: Walk: 61
2019-09-05_00:41:02.399[Battery Energy]53.32
2019-09-05_00:41:02.399[Status]Routing Start.
2019-09-05_00:41:02.685[Status]{'coordinate': [635.8914767858384, 681.2472864923998], 'id': 9}
2019-09-05_00:41:02.685[Status]Routing 62: Walk: 62
2019-09-05_00:41:02.788[Battery Energy]53.05
2019-09-05_00:41:02.788[Status]Routing Start.
2019-09-05_00:41:02.990[Status]{'coordinate': [645.6690074395473, 683.3448789971022], 'id': 9}
2019-09-05_00:41:02.994[Status]Routing 63: Walk: 63
2019-09-05_00:41:03.096[Battery Energy]52.81
2019-09-05_00:41:03.096[Status]Routing Start.
2019-09-05_00:41:03.318[Status]{'coordinate': [655.4465380932561, 685.4424715018047], 'id': 9}
2019-09-05_00:41:03.318[Status]Routing 64: Walk: 64
2019-09-05_00:41:03.424[Battery Energy]52.58
2019-09-05_00:41:03.424[Status]Routing Start.
2019-09-05_00:41:03.579[Status]{'coordinate': [665.2240687469649, 687.5400640065071], 'id': 9}
2019-09-05_00:41:03.580[Status]Routing 65: Walk: 65
2019-09-05_00:41:03.682[Battery Energy]52.36
2019-09-05_00:41:03.682[Status]Routing Start.
2019-09-05_00:41:03.865[Status]{'coordinate': [675.0015994006737, 689.6376565112096], 'id': 9}
2019-09-05_00:41:03.866[Status]Routing 66: Walk: 66
2019-09-05_00:41:03.966[Battery Energy]52.16
2019-09-05_00:41:03.966[Status]Routing Start.
2019-09-05_00:41:04.201[Status]{'coordinate': [684.7791300543826, 691.735249015912], 'id': 9}
2019-09-05_00:41:04.201[Status]Routing 67: Walk: 67
2019-09-05_00:41:04.301[Battery Energy]51.93
2019-09-05_00:41:04.301[Status]Routing Start.
2019-09-05_00:41:04.607[Status]{'coordinate': [694.5566607080914, 693.8328415206145], 'id': 9}
2019-09-05_00:41:04.607[Status]Routing 68: Walk: 68
2019-09-05_00:41:04.708[Battery Energy]51.65
2019-09-05_00:41:04.708[Status]Routing Start.
2019-09-05_00:41:05.130[Status]{'coordinate': [704.3341913618002, 695.9304340253169], 'id': 9}
2019-09-05_00:41:05.130[Status]Routing 69: Walk: 69
2019-09-05_00:41:05.232[Battery Energy]51.32
2019-09-05_00:41:05.232[Status]Routing Start.
2019-09-05_00:41:05.445[Status]{'coordinate': [714.111722015509, 698.0280265300194], 'id': 9}
2019-09-05_00:41:05.445[Status]Routing 70: Walk: 70
2019-09-05_00:41:05.548[Battery Energy]51.12
2019-09-05_00:41:05.548[Status]Routing Start.
2019-09-05_00:41:05.847[Status]Routing 71: Walk: 70
2019-09-05_00:41:05.947[Battery Energy]50.83
2019-09-05_00:41:05.948[Status]Routing Start.
2019-09-05_00:41:06.318[Status]{'coordinate': [714.2554892644389, 708.0269930255196], 'id': 9}
2019-09-05_00:41:06.325[Status]Routing 72: Walk: 71
2019-09-05_00:41:06.425[Battery Energy]50.46
2019-09-05_00:41:06.425[Status]Routing Start.
2019-09-05_00:41:06.815[Status]Routing 73: Walk: 71
2019-09-05_00:41:06.916[Battery Energy]50.15
2019-09-05_00:41:06.916[Status]Routing Start.
2019-09-05_00:41:07.120[Status]{'coordinate': [724.0742445655634, 709.9222619606946], 'id': 9}
2019-09-05_00:41:07.120[Status]Routing 74: Walk: 72
2019-09-05_00:41:07.236[Battery Energy]49.92
2019-09-05_00:41:07.236[Status]Routing Start.
2019-09-05_00:41:07.434[Status]{'coordinate': [733.8929998666879, 711.8175308958697], 'id': 9}
2019-09-05_00:41:07.434[Status]Routing 75: Walk: 73
2019-09-05_00:41:07.544[Battery Energy]49.67
2019-09-05_00:41:07.544[Status]Routing Start.
2019-09-05_00:41:07.804[Status]{'coordinate': [743.7117551678124, 713.7127998310448], 'id': 9}
2019-09-05_00:41:07.804[Status]Routing 76: Walk: 74
2019-09-05_00:41:07.912[Battery Energy]49.42
2019-09-05_00:41:07.912[Status]Routing Start.
2019-09-05_00:41:08.158[Status]{'coordinate': [753.5305104689369, 715.6080687662198], 'id': 9}
2019-09-05_00:41:08.158[Status]Routing 77: Walk: 75
2019-09-05_00:41:08.258[Battery Energy]49.16
2019-09-05_00:41:08.258[Status]Routing Start.
2019-09-05_00:41:08.594[Status]{'coordinate': [763.3492657700614, 717.5033377013949], 'id': 9}
2019-09-05_00:41:08.594[Status]Routing 78: Walk: 76
2019-09-05_00:41:08.713[Battery Energy]48.86
2019-09-05_00:41:08.713[Status]Routing Start.
2019-09-05_00:41:08.893[Status]{'coordinate': [773.1680210711859, 719.3986066365699], 'id': 9}
2019-09-05_00:41:08.893[Status]Routing 79: Walk: 77
2019-09-05_00:41:08.993[Battery Energy]48.63
2019-09-05_00:41:08.993[Status]Routing Start.
2019-09-05_00:41:09.194[Status]{'coordinate': [782.9867763723104, 721.2938755717448], 'id': 9}
2019-09-05_00:41:09.194[Status]Routing 80: Walk: 78
2019-09-05_00:41:09.294[Battery Energy]48.42
2019-09-05_00:41:09.294[Status]Routing Start.
2019-09-05_00:41:09.492[Status]{'coordinate': [792.8055316734349, 723.1891445069199], 'id': 9}
2019-09-05_00:41:09.493[Status]Routing 81: Walk: 79
2019-09-05_00:41:09.608[Battery Energy]48.20
2019-09-05_00:41:09.608[Status]Routing Start.
2019-09-05_00:41:09.793[Status]{'coordinate': [802.6242869745594, 725.084413442095], 'id': 9}
2019-09-05_00:41:09.793[Status]Routing 82: Walk: 80
2019-09-05_00:41:09.896[Battery Energy]47.96
2019-09-05_00:41:09.896[Status]Routing Start.
2019-09-05_00:41:10.077[Status]{'coordinate': [812.4430422756839, 726.9796823772699], 'id': 9}
2019-09-05_00:41:10.077[Status]Routing 83: Walk: 81
2019-09-05_00:41:10.177[Battery Energy]47.75
2019-09-05_00:41:10.177[Status]Routing Start.
2019-09-05_00:41:10.346[Status]{'coordinate': [822.2617975768084, 728.8749513124449], 'id': 9}
2019-09-05_00:41:10.346[Status]Routing 84: Walk: 82
2019-09-05_00:41:10.456[Battery Energy]47.54
2019-09-05_00:41:10.456[Status]Routing Start.
2019-09-05_00:41:10.667[Status]{'coordinate': [832.0805528779329, 730.7702202476199], 'id': 9}
2019-09-05_00:41:10.667[Status]Routing 85: Walk: 83
2019-09-05_00:41:10.767[Battery Energy]47.29
2019-09-05_00:41:10.767[Status]Routing Start.
2019-09-05_00:41:10.931[Status]{'coordinate': [841.8993081790574, 732.6654891827949], 'id': 9}
2019-09-05_00:41:10.931[Status]Routing 86: Walk: 84
2019-09-05_00:41:11.031[Battery Energy]47.06
2019-09-05_00:41:11.072[Status]Routing Start.
2019-09-05_00:41:11.231[Status]{'coordinate': [851.7180634801819, 734.56075811797], 'id': 9}
2019-09-05_00:41:11.231[Status]Routing 87: Walk: 85
2019-09-05_00:41:11.340[Battery Energy]46.85
2019-09-05_00:41:11.340[Status]Routing Start.
2019-09-05_00:41:11.596[Status]{'coordinate': [861.5368187813064, 736.4560270531449], 'id': 9}
2019-09-05_00:41:11.596[Status]Routing 88: Walk: 86
2019-09-05_00:41:11.708[Battery Energy]46.60
2019-09-05_00:41:11.708[Status]Routing Start.
2019-09-05_00:41:12.056[Status]{'coordinate': [871.3555740824308, 738.35129598832], 'id': 9}
2019-09-05_00:41:12.057[Status]Routing 89: Walk: 87
2019-09-05_00:41:12.165[Battery Energy]46.28
2019-09-05_00:41:12.166[Status]Routing Start.
2019-09-05_00:41:12.474[Status]{'coordinate': [881.1743293835553, 740.2465649234949], 'id': 9}
2019-09-05_00:41:12.474[Status]Routing 90: Walk: 88
2019-09-05_00:41:12.574[Battery Energy]45.98
2019-09-05_00:41:12.574[Status]Routing Start.
2019-09-05_00:41:12.904[Status]{'coordinate': [890.9930846846798, 742.14183385867], 'id': 9}
2019-09-05_00:41:12.904[Status]Routing 91: Walk: 89
2019-09-05_00:41:13.016[Battery Energy]45.66
2019-09-05_00:41:13.016[Status]Routing Start.
2019-09-05_00:41:13.252[Status]{'coordinate': [900.8118399858043, 744.037102793845], 'id': 9}
2019-09-05_00:41:13.253[Status]Routing 92: Walk: 90
2019-09-05_00:41:13.353[Battery Energy]45.41
2019-09-05_00:41:13.354[Status]Routing Start.
2019-09-05_00:41:13.762[Status]{'coordinate': [910.6305952869288, 745.93237172902], 'id': 9}
2019-09-05_00:41:13.762[Status]Routing 93: Walk: 91
2019-09-05_00:41:13.863[Battery Energy]45.08
2019-09-05_00:41:13.863[Status]Routing Start.
2019-09-05_00:41:14.177[Status]{'coordinate': [920.4493505880533, 747.827640664195], 'id': 9}
2019-09-05_00:41:14.179[Status]Routing 94: Walk: 92
2019-09-05_00:41:14.296[Battery Energy]44.77
2019-09-05_00:41:14.296[Status]Routing Start.
2019-09-05_00:41:14.649[Status]{'coordinate': [930.2681058891778, 749.72290959937], 'id': 9}
2019-09-05_00:41:14.650[Status]Routing 95: Walk: 93
2019-09-05_00:41:14.760[Battery Energy]44.42
2019-09-05_00:41:14.760[Status]Routing Start.
2019-09-05_00:41:15.137[Status]{'coordinate': [940.0868611903023, 751.618178534545], 'id': 9}
2019-09-05_00:41:15.145[Status]Routing 96: Walk: 94
2019-09-05_00:41:15.252[Battery Energy]44.09
2019-09-05_00:41:15.252[Status]Routing Start.
2019-09-05_00:41:15.620[Status]{'coordinate': [949.9056164914268, 753.5134474697201], 'id': 9}
2019-09-05_00:41:15.620[Status]Routing 97: Walk: 95
2019-09-05_00:41:15.721[Battery Energy]43.80
2019-09-05_00:41:15.721[Status]Routing Start.
2019-09-05_00:41:15.967[Status]{'coordinate': [959.7243717925513, 755.408716404895], 'id': 9}
2019-09-05_00:41:15.967[Status]Routing 98: Walk: 96
2019-09-05_00:41:16.074[Battery Energy]43.53
2019-09-05_00:41:16.074[Status]Routing Start.
2019-09-05_00:41:16.468[Status]{'coordinate': [969.5431270936758, 757.3039853400701], 'id': 9}
2019-09-05_00:41:16.468[Status]Routing 99: Walk: 97
2019-09-05_00:41:16.584[Battery Energy]43.21
2019-09-05_00:41:16.584[Status]Routing Start.
2019-09-05_00:41:16.776[Status]{'coordinate': [979.3618823948003, 759.199254275245], 'id': 9}
2019-09-05_00:41:16.776[Status]Routing 100: Walk: 98
2019-09-05_00:41:16.876[Battery Energy]43.00
2019-09-05_00:41:16.876[Status]Routing Start.
2019-09-05_00:41:17.224[Status]{'coordinate': [989.1806376959248, 761.0945232104201], 'id': 9}
2019-09-05_00:41:17.224[Status]Routing 101: Walk: 99
2019-09-05_00:41:17.325[Battery Energy]42.72
2019-09-05_00:41:17.325[Status]Routing Start.
2019-09-05_00:41:17.530[Status]{'coordinate': [998.9993929970493, 762.9897921455951], 'id': 9}
2019-09-05_00:41:17.531[Status]Routing 102: Walk: 100
2019-09-05_00:41:17.631[Battery Energy]42.50
2019-09-05_00:41:17.631[Status]Routing Start.
2019-09-05_00:41:18.034[Status]{'coordinate': [1008.8181482981738, 764.8850610807701], 'id': 9}
2019-09-05_00:41:18.036[Status]Routing 103: Walk: 101
2019-09-05_00:41:18.136[Battery Energy]42.14
2019-09-05_00:41:18.136[Status]Routing Start.
2019-09-05_00:41:18.546[Status]{'coordinate': [1018.6369035992983, 766.7803300159451], 'id': 9}
2019-09-05_00:41:18.548[Status]Routing 104: Walk: 102
2019-09-05_00:41:18.649[Battery Energy]41.76
2019-09-05_00:41:18.649[Status]Routing Start.
2019-09-05_00:41:19.065[Status]{'coordinate': [1028.4556589004228, 768.6755989511202], 'id': 9}
2019-09-05_00:41:19.066[Status]Routing 105: Walk: 103
2019-09-05_00:41:19.179[Battery Energy]41.40
2019-09-05_00:41:19.179[Status]Routing Start.
2019-09-05_00:41:19.538[Status]{'coordinate': [1038.2744142015474, 770.5708678862951], 'id': 9}
2019-09-05_00:41:19.538[Status]Routing 106: Walk: 104
2019-09-05_00:41:19.638[Battery Energy]41.10
2019-09-05_00:41:19.638[Status]Routing Start.
2019-09-05_00:41:20.009[Status]{'coordinate': [1048.093169502672, 772.4661368214702], 'id': 9}
2019-09-05_00:41:20.011[Status]Routing 107: Walk: 105
2019-09-05_00:41:20.118[Battery Energy]40.80
2019-09-05_00:41:20.118[Status]Routing Start.
2019-09-05_00:41:20.451[Status]{'coordinate': [1057.9119248037966, 774.3614057566451], 'id': 9}
2019-09-05_00:41:20.451[Status]Routing 108: Walk: 106
2019-09-05_00:41:20.556[Battery Energy]40.48
2019-09-05_00:41:20.556[Status]Routing Start.
2019-09-05_00:41:20.896[Status]{'coordinate': [1067.7306801049212, 776.2566746918202], 'id': 9}
2019-09-05_00:41:20.896[Status]Routing 109: Walk: 107
2019-09-05_00:41:20.996[Battery Energy]40.14
2019-09-05_00:41:20.996[Status]Routing Start.
2019-09-05_00:41:21.346[Status]{'coordinate': [1077.5494354060459, 778.1519436269953], 'id': 9}
2019-09-05_00:41:21.346[Status]Routing 110: Walk: 108
2019-09-05_00:41:21.446[Battery Energy]39.84
2019-09-05_00:41:21.446[Status]Routing Start.
2019-09-05_00:41:21.842[Status]{'coordinate': [1087.3681907071705, 780.0472125621702], 'id': 9}
2019-09-05_00:41:21.842[Status]Routing 111: Walk: 109
2019-09-05_00:41:21.942[Battery Energy]39.54
2019-09-05_00:41:21.942[Status]Routing Start.
2019-09-05_00:41:22.332[Status]{'coordinate': [1097.186946008295, 781.9424814973453], 'id': 9}
2019-09-05_00:41:22.332[Status]Routing 112: Walk: 110
2019-09-05_00:41:22.439[Battery Energy]39.24
2019-09-05_00:41:22.439[Status]Routing Start.
2019-09-05_00:41:22.706[Status]{'coordinate': [1107.0057013094197, 783.8377504325204], 'id': 9}
2019-09-05_00:41:22.706[Status]Routing 113: Walk: 111
2019-09-05_00:41:22.812[Battery Energy]38.95
2019-09-05_00:41:22.812[Status]Routing Start.
2019-09-05_00:41:23.181[Status]{'coordinate': [1116.8244566105443, 785.7330193676954], 'id': 9}
2019-09-05_00:41:23.182[Status]Routing 114: Walk: 112
2019-09-05_00:41:23.282[Battery Energy]38.59
2019-09-05_00:41:23.282[Status]Routing Start.
2019-09-05_00:41:23.664[Status]{'coordinate': [1126.643211911669, 787.6282883028704], 'id': 9}
2019-09-05_00:41:23.664[Status]Routing 115: Walk: 113
2019-09-05_00:41:23.772[Battery Energy]38.23
2019-09-05_00:41:23.772[Status]Routing Start.
2019-09-05_00:41:24.173[Status]{'coordinate': [1136.4619672127935, 789.5235572380454], 'id': 9}
2019-09-05_00:41:24.173[Status]Routing 116: Walk: 114
2019-09-05_00:41:24.276[Battery Energy]37.84
2019-09-05_00:41:24.276[Status]Routing Start.
2019-09-05_00:41:24.654[Status]{'coordinate': [1146.2807225139181, 791.4188261732205], 'id': 9}
2019-09-05_00:41:24.654[Status]Routing 117: Walk: 115
2019-09-05_00:41:24.768[Battery Energy]37.55
2019-09-05_00:41:24.768[Status]Routing Start.
2019-09-05_00:41:25.124[Status]{'coordinate': [1156.0994778150427, 793.3140951083955], 'id': 9}
2019-09-05_00:41:25.124[Status]Routing 118: Walk: 116
2019-09-05_00:41:25.224[Battery Energy]37.26
2019-09-05_00:41:25.224[Status]Routing Start.
2019-09-05_00:41:25.593[Status]{'coordinate': [1165.9182331161674, 795.2093640435705], 'id': 9}
2019-09-05_00:41:25.593[Status]Routing 119: Walk: 117
2019-09-05_00:41:25.702[Battery Energy]36.93
2019-09-05_00:41:25.702[Status]Routing Start.
2019-09-05_00:41:25.886[Status]{'coordinate': [1175.736988417292, 797.1046329787456], 'id': 9}
2019-09-05_00:41:25.886[Status]Routing 120: Walk: 118
2019-09-05_00:41:25.987[Battery Energy]36.69
2019-09-05_00:41:25.987[Status]Routing Start.
2019-09-05_00:41:25.987[Status]Task Finished.
2019-09-05_00:41:26.087[Battery Energy]36.69
2019-09-05_00:41:26.368[Status]Routing 122: Walk: 118
2019-09-05_00:41:26.476[Battery Energy]36.47
2019-09-05_00:41:26.630[Status]Routing 123: Walk: 118
2019-09-05_00:41:26.730[Battery Energy]36.39
2019-09-05_00:41:26.987[Status]Routing 124: Walk: 118
2019-09-05_00:41:27.087[Battery Energy]36.22
2019-09-05_00:41:27.292[Status]Routing 125: Walk: 118
2019-09-05_00:41:27.392[Battery Energy]36.07
2019-09-05_00:41:27.690[Status]Routing 126: Walk: 118
2019-09-05_00:41:27.796[Battery Energy]35.87
2019-09-05_00:41:28.205[Status]Routing 127: Walk: 118
2019-09-05_00:41:28.305[Battery Energy]35.59
2019-09-05_00:41:28.639[Status]Routing 128: Walk: 118
2019-09-05_00:41:28.749[Battery Energy]35.36
2019-09-05_00:41:28.952[Status]Routing 129: Walk: 118
2019-09-05_00:41:29.052[Battery Energy]35.24
2019-09-05_00:41:29.246[Status]Routing 130: Walk: 118
2019-09-05_00:41:29.364[Battery Energy]35.11
2019-09-05_00:41:29.736[Status]Routing 131: Walk: 118
2019-09-05_00:41:29.836[Battery Energy]34.91
2019-09-05_00:41:30.137[Status]Routing 132: Walk: 118
2019-09-05_00:41:30.238[Battery Energy]34.73
2019-09-05_00:41:30.405[Status]Routing 133: Walk: 118
2019-09-05_00:41:30.505[Battery Energy]34.62
2019-09-05_00:41:30.674[Status]Routing 134: Walk: 118
2019-09-05_00:41:30.775[Battery Energy]34.52
2019-09-05_00:41:30.994[Status]Routing 135: Walk: 118
2019-09-05_00:41:31.096[Battery Energy]34.39
2019-09-05_00:41:31.267[Status]Routing 136: Walk: 118
2019-09-05_00:41:31.384[Battery Energy]34.30
2019-09-05_00:41:31.550[Status]Routing 137: Walk: 118
2019-09-05_00:41:31.656[Battery Energy]34.18
2019-09-05_00:41:31.863[Status]Routing 138: Walk: 118
2019-09-05_00:41:31.963[Battery Energy]34.06
2019-09-05_00:41:32.160[Status]Routing 139: Walk: 118
2019-09-05_00:41:32.260[Battery Energy]33.96
2019-09-05_00:41:32.547[Status]Routing 140: Walk: 118
2019-09-05_00:41:32.704[Battery Energy]33.81
2019-09-05_00:41:32.896[Status]Routing 141: Walk: 118
2019-09-05_00:41:33.008[Battery Energy]33.70
2019-09-05_00:41:33.252[Status]Routing 142: Walk: 118
2019-09-05_00:41:33.352[Battery Energy]33.56
2019-09-05_00:41:33.518[Status]Routing 143: Walk: 118
2019-09-05_00:41:33.619[Battery Energy]33.42
2019-09-05_00:41:33.800[Status]Routing 144: Walk: 118
2019-09-05_00:41:33.904[Battery Energy]33.34
2019-09-05_00:41:34.068[Status]Routing 145: Walk: 118
2019-09-05_00:41:34.180[Battery Energy]33.25
2019-09-05_00:41:34.370[Status]Routing 146: Walk: 118
2019-09-05_00:41:34.480[Battery Energy]33.14
2019-09-05_00:41:34.674[Status]Routing 147: Walk: 118
2019-09-05_00:41:34.792[Battery Energy]33.04
2019-09-05_00:41:34.986[Status]Routing 148: Walk: 118
2019-09-05_00:41:35.088[Battery Energy]32.94
2019-09-05_00:41:35.253[Status]Routing 149: Walk: 118
2019-09-05_00:41:35.354[Battery Energy]32.81
2019-09-05_00:41:35.547[Status]Routing 150: Walk: 118
2019-09-05_00:41:35.656[Battery Energy]32.67
2019-09-05_00:41:35.857[Status]Routing 151: Walk: 118
2019-09-05_00:41:35.964[Battery Energy]32.54
2019-09-05_00:41:36.184[Status]Routing 152: Walk: 118
2019-09-05_00:41:36.284[Battery Energy]32.42
2019-09-05_00:41:36.473[Status]Routing 153: Walk: 118
2019-09-05_00:41:36.576[Battery Energy]32.32
2019-09-05_00:41:36.729[Status]Routing 154: Walk: 118
2019-09-05_00:41:36.832[Battery Energy]32.22
2019-09-05_00:41:37.038[Status]Routing 155: Walk: 118
2019-09-05_00:41:37.144[Battery Energy]32.04
2019-09-05_00:41:37.408[Status]Routing 156: Walk: 118
2019-09-05_00:41:37.508[Battery Energy]31.91
2019-09-05_00:41:37.695[Status]Routing 157: Walk: 118
2019-09-05_00:41:37.795[Battery Energy]31.78
2019-09-05_00:41:37.950[Status]Routing 158: Walk: 118
2019-09-05_00:41:38.051[Battery Energy]31.68
2019-09-05_00:41:38.273[Status]Routing 159: Walk: 118
2019-09-05_00:41:38.373[Battery Energy]31.55
2019-09-05_00:41:38.583[Status]Routing 160: Walk: 118
2019-09-05_00:41:38.683[Battery Energy]31.39
2019-09-05_00:41:38.859[Status]Routing 161: Walk: 118
2019-09-05_00:41:38.968[Battery Energy]31.25
2019-09-05_00:41:39.290[Status]Routing 162: Walk: 118
2019-09-05_00:41:39.410[Battery Energy]31.06
2019-09-05_00:41:39.605[Status]Routing 163: Walk: 118
2019-09-05_00:41:39.705[Battery Energy]30.95
2019-09-05_00:41:39.882[Status]Routing 164: Walk: 118
2019-09-05_00:41:39.998[Battery Energy]30.83
2019-09-05_00:41:40.144[Status]Routing 165: Walk: 118
2019-09-05_00:41:40.248[Battery Energy]30.74
2019-09-05_00:41:40.406[Status]Routing 166: Walk: 118
2019-09-05_00:41:40.506[Battery Energy]30.63
2019-09-05_00:41:40.684[Status]Routing 167: Walk: 118
2019-09-05_00:41:40.792[Battery Energy]30.54
2019-09-05_00:41:40.974[Status]Routing 168: Walk: 118
2019-09-05_00:41:41.075[Battery Energy]30.46
