2019-09-05_00:40:26.747[Status]Start.
2019-09-05_00:40:26.748[Battery Energy]74.00
2019-09-05_00:40:27.848[Battery Energy]73.96
2019-09-05_00:40:28.951[Battery Energy]73.92
2019-09-05_00:40:30.052[Battery Energy]73.88
2019-09-05_00:40:31.152[Battery Energy]73.84
2019-09-05_00:40:32.254[Task]A New Task Released.
2019-09-05_00:40:32.254[Battery Energy]73.80
2019-09-05_00:40:32.254[Status]Selection Start.
2019-09-05_00:40:35.641[Status]Selection End: Do Task 0.
2019-09-05_00:40:35.748[Battery Energy]71.22
2019-09-05_00:40:35.748[Status]Formation Start.
2019-09-05_00:40:35.887[Status]Formation End: To Position 2.
2019-09-05_00:40:35.992[Battery Energy]71.11
2019-09-05_00:40:35.992[Status]Routing Start.
2019-09-05_00:40:36.279[Status]{'coordinate': [61.49131983935069, 322.93465422390005], 'id': 4}
2019-09-05_00:40:36.279[Status]Routing 1: Walk: 1
2019-09-05_00:40:36.380[Battery Energy]70.87
2019-09-05_00:40:36.380[Status]Routing Start.
2019-09-05_00:40:36.549[Status]{'coordinate': [65.98263967870137, 331.8693084478001], 'id': 4}
2019-09-05_00:40:36.550[Status]Routing 2: Walk: 2
2019-09-05_00:40:36.656[Battery Energy]70.65
2019-09-05_00:40:36.656[Status]Routing Start.
2019-09-05_00:40:36.872[Status]{'coordinate': [70.47395951805206, 340.80396267170016], 'id': 4}
2019-09-05_00:40:36.872[Status]Routing 3: Walk: 3
2019-09-05_00:40:36.975[Battery Energy]70.40
2019-09-05_00:40:36.975[Status]Routing Start.
2019-09-05_00:40:37.182[Status]{'coordinate': [74.96527935740274, 349.7386168956002], 'id': 4}
2019-09-05_00:40:37.182[Status]Routing 4: Walk: 4
2019-09-05_00:40:37.290[Battery Energy]70.18
2019-09-05_00:40:37.290[Status]Routing Start.
2019-09-05_00:40:37.516[Status]{'coordinate': [79.45659919675342, 358.67327111950027], 'id': 4}
2019-09-05_00:40:37.516[Status]Routing 5: Walk: 5
2019-09-05_00:40:37.629[Battery Energy]69.94
2019-09-05_00:40:37.629[Status]Routing Start.
2019-09-05_00:40:37.976[Status]{'coordinate': [83.9479190361041, 367.6079253434003], 'id': 4}
2019-09-05_00:40:37.976[Status]Routing 6: Walk: 6
2019-09-05_00:40:38.080[Battery Energy]69.57
2019-09-05_00:40:38.080[Status]Routing Start.
2019-09-05_00:40:38.410[Status]{'coordinate': [88.43923887545478, 376.5425795673004], 'id': 4}
2019-09-05_00:40:38.412[Status]Routing 7: Walk: 7
2019-09-05_00:40:38.513[Battery Energy]69.24
2019-09-05_00:40:38.514[Status]Routing Start.
2019-09-05_00:40:38.895[Status]{'coordinate': [92.93055871480546, 385.47723379120043], 'id': 4}
2019-09-05_00:40:38.901[Status]Routing 8: Walk: 8
2019-09-05_00:40:39.024[Battery Energy]68.91
2019-09-05_00:40:39.024[Status]Routing Start.
2019-09-05_00:40:39.408[Status]{'coordinate': [97.42187855415615, 394.4118880151005], 'id': 4}
2019-09-05_00:40:39.408[Status]Routing 9: Walk: 9
2019-09-05_00:40:39.532[Battery Energy]68.62
2019-09-05_00:40:39.532[Status]Routing Start.
2019-09-05_00:40:39.953[Status]{'coordinate': [101.91319839350683, 403.34654223900054], 'id': 4}
2019-09-05_00:40:39.953[Status]Routing 10: Walk: 10
2019-09-05_00:40:40.053[Battery Energy]68.35
2019-09-05_00:40:40.053[Status]Routing Start.
2019-09-05_00:40:40.433[Status]{'coordinate': [106.40451823285753, 412.2811964629006], 'id': 4}
2019-09-05_00:40:40.444[Status]Routing 11: Walk: 11
2019-09-05_00:40:40.544[Battery Energy]68.03
2019-09-05_00:40:40.544[Status]Routing Start.
2019-09-05_00:40:40.986[Status]{'coordinate': [110.8958380722082, 421.21585068680065], 'id': 4}
2019-09-05_00:40:40.986[Status]Routing 12: Walk: 12
2019-09-05_00:40:41.092[Battery Energy]67.69
2019-09-05_00:40:41.092[Status]Routing Start.
2019-09-05_00:40:41.489[Status]{'coordinate': [115.38715791155889, 430.1505049107007], 'id': 4}
2019-09-05_00:40:41.489[Status]Routing 13: Walk: 13
2019-09-05_00:40:41.592[Battery Energy]67.30
2019-09-05_00:40:41.592[Status]Routing Start.
2019-09-05_00:40:42.143[Status]{'coordinate': [119.87847775090958, 439.08515913460076], 'id': 4}
2019-09-05_00:40:42.152[Status]Routing 14: Walk: 14
2019-09-05_00:40:42.252[Battery Energy]66.84
2019-09-05_00:40:42.252[Status]Routing Start.
2019-09-05_00:40:42.612[Status]{'coordinate': [124.36979759026028, 448.0198133585008], 'id': 4}
2019-09-05_00:40:42.612[Status]Routing 15: Walk: 15
2019-09-05_00:40:42.716[Battery Energy]66.48
2019-09-05_00:40:42.716[Status]Routing Start.
2019-09-05_00:40:43.269[Status]{'coordinate': [115.38594785270723, 452.41190214324416], 'id': 4}
2019-09-05_00:40:43.269[Status]Routing 16: Walk: 16
2019-09-05_00:40:43.369[Battery Energy]66.01
2019-09-05_00:40:43.369[Status]Routing Start.
2019-09-05_00:40:43.806[Status]{'coordinate': [105.39201831903785, 452.0635166153434], 'id': 4}
2019-09-05_00:40:43.806[Status]Routing 17: Walk: 17
2019-09-05_00:40:43.906[Battery Energy]65.60
2019-09-05_00:40:43.906[Status]Routing Start.
2019-09-05_00:40:44.261[Status]{'coordinate': [95.40409390885544, 452.5548067297184], 'id': 4}
2019-09-05_00:40:44.261[Status]Routing 18: Walk: 18
2019-09-05_00:40:44.362[Battery Energy]65.23
2019-09-05_00:40:44.362[Status]Routing Start.
2019-09-05_00:40:44.707[Status]{'coordinate': [86.97934096843527, 457.9421565320685], 'id': 4}
2019-09-05_00:40:44.707[Status]Routing 19: Walk: 19
2019-09-05_00:40:44.807[Battery Energy]64.84
2019-09-05_00:40:44.807[Status]Routing Start.
2019-09-05_00:40:45.005[Status]{'coordinate': [92.85124843225115, 466.0366424784633], 'id': 4}
2019-09-05_00:40:45.005[Status]Routing 20: Walk: 20
2019-09-05_00:40:45.106[Battery Energy]64.61
2019-09-05_00:40:45.106[Status]Routing Start.
2019-09-05_00:40:45.641[Status]{'coordinate': [86.20169319450495, 473.50547204809214], 'id': 4}
2019-09-05_00:40:45.641[Status]Routing 21: Walk: 21
2019-09-05_00:40:45.742[Battery Energy]64.08
2019-09-05_00:40:45.742[Status]Routing Start.
2019-09-05_00:40:45.901[Status]{'coordinate': [92.42233575236497, 481.335133992732], 'id': 4}
2019-09-05_00:40:45.901[Status]Routing 22: Walk: 22
2019-09-05_00:40:46.007[Battery Energy]63.85
2019-09-05_00:40:46.007[Status]Routing Start.
2019-09-05_00:40:46.309[Status]{'coordinate': [98.64297831022499, 489.1647959373718], 'id': 4}
2019-09-05_00:40:46.310[Status]Routing 23: Walk: 23
2019-09-05_00:40:46.410[Battery Energy]63.51
2019-09-05_00:40:46.410[Status]Routing Start.
2019-09-05_00:40:46.813[Status]{'coordinate': [104.86362086808501, 496.9944578820116], 'id': 4}
2019-09-05_00:40:46.813[Status]Routing 24: Walk: 24
2019-09-05_00:40:46.917[Battery Energy]63.16
2019-09-05_00:40:46.917[Status]Routing Start.
2019-09-05_00:40:47.274[Status]{'coordinate': [111.08426342594503, 504.82411982665144], 'id': 4}
2019-09-05_00:40:47.274[Status]Routing 25: Walk: 25
2019-09-05_00:40:47.374[Battery Energy]62.88
2019-09-05_00:40:47.374[Status]Routing Start.
2019-09-05_00:40:47.739[Status]{'coordinate': [117.30490598380504, 512.6537817712913], 'id': 4}
2019-09-05_00:40:47.739[Status]Routing 26: Walk: 26
2019-09-05_00:40:47.844[Battery Energy]62.54
2019-09-05_00:40:47.844[Status]Routing Start.
2019-09-05_00:40:48.153[Status]{'coordinate': [123.52554854166506, 520.4834437159311], 'id': 4}
2019-09-05_00:40:48.153[Status]Routing 27: Walk: 27
2019-09-05_00:40:48.255[Battery Energy]62.21
2019-09-05_00:40:48.255[Status]Routing Start.
2019-09-05_00:40:48.546[Status]{'coordinate': [129.74619109952508, 528.313105660571], 'id': 4}
2019-09-05_00:40:48.546[Status]Routing 28: Walk: 28
2019-09-05_00:40:48.655[Battery Energy]61.92
2019-09-05_00:40:48.655[Status]Routing Start.
2019-09-05_00:40:49.004[Status]{'coordinate': [135.96683365738508, 536.1427676052108], 'id': 4}
2019-09-05_00:40:49.004[Status]Routing 29: Walk: 29
2019-09-05_00:40:49.104[Battery Energy]61.57
2019-09-05_00:40:49.105[Status]Routing Start.
2019-09-05_00:40:49.601[Status]{'coordinate': [142.18747621524508, 543.9724295498506], 'id': 4}
2019-09-05_00:40:49.601[Status]Routing 30: Walk: 30
2019-09-05_00:40:49.701[Battery Energy]61.12
2019-09-05_00:40:49.701[Status]Routing Start.
2019-09-05_00:40:49.893[Status]{'coordinate': [148.4081187731051, 551.8020914944905], 'id': 4}
2019-09-05_00:40:49.893[Status]Routing 31: Walk: 31
2019-09-05_00:40:49.993[Battery Energy]60.89
2019-09-05_00:40:49.993[Status]Routing Start.
2019-09-05_00:40:50.421[Status]{'coordinate': [154.62876133096512, 559.6317534391303], 'id': 4}
2019-09-05_00:40:50.421[Status]Routing 32: Walk: 32
2019-09-05_00:40:50.525[Battery Energy]60.53
2019-09-05_00:40:50.525[Status]Routing Start.
2019-09-05_00:40:50.866[Status]{'coordinate': [160.84940388882515, 567.4614153837701], 'id': 4}
2019-09-05_00:40:50.866[Status]Routing 33: Walk: 33
2019-09-05_00:40:50.966[Battery Energy]60.22
2019-09-05_00:40:50.967[Status]Routing Start.
2019-09-05_00:40:51.124[Status]{'coordinate': [167.07004644668518, 575.29107732841], 'id': 4}
2019-09-05_00:40:51.125[Status]Routing 34: Walk: 34
2019-09-05_00:40:51.232[Battery Energy]60.02
2019-09-05_00:40:51.232[Status]Routing Start.
2019-09-05_00:40:51.435[Status]{'coordinate': [173.29068900454521, 583.1207392730498], 'id': 4}
2019-09-05_00:40:51.436[Status]Routing 35: Walk: 35
2019-09-05_00:40:51.548[Battery Energy]59.78
2019-09-05_00:40:51.548[Status]Routing Start.
2019-09-05_00:40:51.764[Status]{'coordinate': [179.51133156240525, 590.9504012176897], 'id': 4}
2019-09-05_00:40:51.764[Status]Routing 36: Walk: 36
2019-09-05_00:40:51.892[Battery Energy]59.54
2019-09-05_00:40:51.892[Status]Routing Start.
2019-09-05_00:40:52.018[Status]{'coordinate': [185.73197412026528, 598.7800631623295], 'id': 4}
2019-09-05_00:40:52.018[Status]Routing 37: Walk: 37
2019-09-05_00:40:52.124[Battery Energy]59.34
2019-09-05_00:40:52.124[Status]Routing Start.
2019-09-05_00:40:52.434[Status]{'coordinate': [191.9526166781253, 606.6097251069693], 'id': 4}
2019-09-05_00:40:52.434[Status]Routing 38: Walk: 38
2019-09-05_00:40:52.534[Battery Energy]59.06
2019-09-05_00:40:52.534[Status]Routing Start.
2019-09-05_00:40:52.756[Status]{'coordinate': [198.17325923598534, 614.4393870516092], 'id': 4}
2019-09-05_00:40:52.756[Status]Routing 39: Walk: 39
2019-09-05_00:40:52.864[Battery Energy]58.82
2019-09-05_00:40:52.864[Status]Routing Start.
2019-09-05_00:40:53.008[Status]{'coordinate': [204.39390179384537, 622.269048996249], 'id': 4}
2019-09-05_00:40:53.008[Status]Routing 40: Walk: 40
2019-09-05_00:40:53.113[Battery Energy]58.62
2019-09-05_00:40:53.114[Status]Routing Start.
2019-09-05_00:40:53.452[Status]{'coordinate': [210.6145443517054, 630.0987109408889], 'id': 4}
2019-09-05_00:40:53.452[Status]Routing 41: Walk: 41
2019-09-05_00:40:53.552[Battery Energy]58.28
2019-09-05_00:40:53.552[Status]Routing Start.
2019-09-05_00:40:53.966[Status]{'coordinate': [216.83518690956546, 637.9283728855286], 'id': 4}
2019-09-05_00:40:53.967[Status]Routing 42: Walk: 42
2019-09-05_00:40:54.067[Battery Energy]57.96
2019-09-05_00:40:54.067[Status]Routing Start.
2019-09-05_00:40:54.397[Status]{'coordinate': [223.0558294674255, 645.7580348301684], 'id': 4}
2019-09-05_00:40:54.397[Status]Routing 43: Walk: 43
2019-09-05_00:40:54.498[Battery Energy]57.68
2019-09-05_00:40:54.498[Status]Routing Start.
2019-09-05_00:40:54.498[Status]Task Finished.
2019-09-05_00:40:54.598[Battery Energy]57.68
2019-09-05_00:40:54.890[Status]Routing 45: Walk: 43
2019-09-05_00:40:54.995[Battery Energy]57.52
2019-09-05_00:40:55.437[Status]Routing 46: Walk: 43
2019-09-05_00:40:55.538[Battery Energy]57.24
2019-09-05_00:40:55.896[Status]Routing 47: Walk: 43
2019-09-05_00:40:56.016[Battery Energy]57.04
2019-09-05_00:40:56.210[Status]Routing 48: Walk: 43
2019-09-05_00:40:56.311[Battery Energy]56.89
2019-09-05_00:40:56.597[Status]Routing 49: Walk: 43
2019-09-05_00:40:56.708[Battery Energy]56.72
2019-09-05_00:40:56.889[Status]Routing 50: Walk: 43
2019-09-05_00:40:56.996[Battery Energy]56.60
2019-09-05_00:40:57.152[Status]Routing 51: Walk: 43
2019-09-05_00:40:57.260[Battery Energy]56.47
2019-09-05_00:40:57.436[Status]Routing 52: Walk: 43
2019-09-05_00:40:57.537[Battery Energy]56.37
2019-09-05_00:40:57.998[Status]Routing 53: Walk: 43
2019-09-05_00:40:58.128[Battery Energy]56.11
2019-09-05_00:40:58.435[Status]Routing 54: Walk: 43
2019-09-05_00:40:58.537[Battery Energy]55.95
2019-09-05_00:40:58.873[Status]Routing 55: Walk: 43
2019-09-05_00:40:58.979[Battery Energy]55.77
2019-09-05_00:40:59.414[Status]Routing 56: Walk: 43
2019-09-05_00:40:59.516[Battery Energy]55.54
2019-09-05_00:40:59.942[Status]Routing 57: Walk: 43
2019-09-05_00:41:00.048[Battery Energy]55.27
2019-09-05_00:41:00.403[Status]Routing 58: Walk: 43
2019-09-05_00:41:00.503[Battery Energy]55.01
2019-09-05_00:41:00.833[Status]Routing 59: Walk: 43
2019-09-05_00:41:00.944[Battery Energy]54.80
2019-09-05_00:41:01.354[Status]Routing 60: Walk: 43
2019-09-05_00:41:01.464[Battery Energy]54.55
2019-09-05_00:41:01.837[Status]Routing 61: Walk: 43
2019-09-05_00:41:01.940[Battery Energy]54.32
2019-09-05_00:41:02.298[Status]Routing 62: Walk: 43
2019-09-05_00:41:02.412[Battery Energy]54.08
2019-09-05_00:41:02.682[Status]Routing 63: Walk: 43
2019-09-05_00:41:02.784[Battery Energy]53.92
2019-09-05_00:41:03.005[Status]Routing 64: Walk: 43
2019-09-05_00:41:03.108[Battery Energy]53.80
2019-09-05_00:41:03.314[Status]Routing 65: Walk: 43
2019-09-05_00:41:03.415[Battery Energy]53.66
2019-09-05_00:41:03.578[Status]Routing 66: Walk: 43
2019-09-05_00:41:03.679[Battery Energy]53.54
2019-09-05_00:41:03.860[Status]Routing 67: Walk: 43
2019-09-05_00:41:03.960[Battery Energy]53.41
2019-09-05_00:41:04.205[Status]Routing 68: Walk: 43
2019-09-05_00:41:04.324[Battery Energy]53.28
2019-09-05_00:41:04.609[Status]Routing 69: Walk: 43
2019-09-05_00:41:04.723[Battery Energy]53.12
2019-09-05_00:41:05.129[Status]Routing 70: Walk: 43
2019-09-05_00:41:05.230[Battery Energy]52.90
2019-09-05_00:41:05.446[Status]Routing 71: Walk: 43
2019-09-05_00:41:05.546[Battery Energy]52.80
2019-09-05_00:41:05.709[Status]Routing 72: Walk: 43
2019-09-05_00:41:05.815[Battery Energy]52.69
2019-09-05_00:41:06.090[Status]Routing 73: Walk: 43
2019-09-05_00:41:06.229[Battery Energy]52.52
2019-09-05_00:41:06.614[Status]Routing 74: Walk: 43
2019-09-05_00:41:06.720[Battery Energy]52.35
2019-09-05_00:41:07.122[Status]Routing 75: Walk: 43
2019-09-05_00:41:07.244[Battery Energy]52.13
2019-09-05_00:41:07.437[Status]Routing 76: Walk: 43
2019-09-05_00:41:07.544[Battery Energy]52.01
2019-09-05_00:41:07.810[Status]Routing 77: Walk: 43
2019-09-05_00:41:07.910[Battery Energy]51.85
2019-09-05_00:41:08.162[Status]Routing 78: Walk: 43
2019-09-05_00:41:08.274[Battery Energy]51.65
2019-09-05_00:41:08.591[Status]Routing 79: Walk: 43
2019-09-05_00:41:08.700[Battery Energy]51.49
2019-09-05_00:41:08.883[Status]Routing 80: Walk: 43
2019-09-05_00:41:09.000[Battery Energy]51.37
2019-09-05_00:41:09.197[Status]Routing 81: Walk: 43
2019-09-05_00:41:09.304[Battery Energy]51.26
2019-09-05_00:41:09.492[Status]Routing 82: Walk: 43
2019-09-05_00:41:09.600[Battery Energy]51.11
2019-09-05_00:41:09.769[Status]Routing 83: Walk: 43
2019-09-05_00:41:09.876[Battery Energy]51.01
2019-09-05_00:41:10.078[Status]Routing 84: Walk: 43
2019-09-05_00:41:10.179[Battery Energy]50.88
2019-09-05_00:41:10.343[Status]Routing 85: Walk: 43
2019-09-05_00:41:10.443[Battery Energy]50.75
2019-09-05_00:41:10.672[Status]Routing 86: Walk: 43
2019-09-05_00:41:10.777[Battery Energy]50.61
2019-09-05_00:41:10.935[Status]Routing 87: Walk: 43
2019-09-05_00:41:11.052[Battery Energy]50.52
2019-09-05_00:41:11.228[Status]Routing 88: Walk: 43
2019-09-05_00:41:11.336[Battery Energy]50.39
2019-09-05_00:41:11.593[Status]Routing 89: Walk: 43
2019-09-05_00:41:11.700[Battery Energy]50.22
2019-09-05_00:41:12.057[Status]Routing 90: Walk: 43
2019-09-05_00:41:12.165[Battery Energy]49.97
2019-09-05_00:41:12.470[Status]Routing 91: Walk: 43
2019-09-05_00:41:12.570[Battery Energy]49.82
2019-09-05_00:41:12.907[Status]Routing 92: Walk: 43
2019-09-05_00:41:13.028[Battery Energy]49.61
2019-09-05_00:41:13.256[Status]Routing 93: Walk: 43
2019-09-05_00:41:13.373[Battery Energy]49.48
2019-09-05_00:41:13.754[Status]Routing 94: Walk: 43
2019-09-05_00:41:13.854[Battery Energy]49.27
2019-09-05_00:41:14.172[Status]Routing 95: Walk: 43
2019-09-05_00:41:14.284[Battery Energy]49.08
2019-09-05_00:41:14.645[Status]Routing 96: Walk: 43
2019-09-05_00:41:14.764[Battery Energy]48.90
2019-09-05_00:41:15.137[Status]Routing 97: Walk: 43
2019-09-05_00:41:15.240[Battery Energy]48.69
2019-09-05_00:41:15.617[Status]Routing 98: Walk: 43
2019-09-05_00:41:15.718[Battery Energy]48.46
2019-09-05_00:41:15.966[Status]Routing 99: Walk: 43
2019-09-05_00:41:16.066[Battery Energy]48.28
2019-09-05_00:41:16.465[Status]Routing 100: Walk: 43
2019-09-05_00:41:16.596[Battery Energy]48.05
2019-09-05_00:41:16.773[Status]Routing 101: Walk: 43
2019-09-05_00:41:16.880[Battery Energy]47.91
2019-09-05_00:41:17.221[Status]Routing 102: Walk: 43
2019-09-05_00:41:17.321[Battery Energy]47.70
2019-09-05_00:41:17.538[Status]Routing 103: Walk: 43
2019-09-05_00:41:17.644[Battery Energy]47.57
2019-09-05_00:41:18.031[Status]Routing 104: Walk: 43
2019-09-05_00:41:18.140[Battery Energy]47.35
2019-09-05_00:41:18.555[Status]Routing 105: Walk: 43
2019-09-05_00:41:18.655[Battery Energy]47.15
2019-09-05_00:41:19.063[Status]Routing 106: Walk: 43
2019-09-05_00:41:19.175[Battery Energy]46.86
2019-09-05_00:41:19.543[Status]Routing 107: Walk: 43
2019-09-05_00:41:19.644[Battery Energy]46.64
2019-09-05_00:41:20.002[Status]Routing 108: Walk: 43
2019-09-05_00:41:20.102[Battery Energy]46.37
2019-09-05_00:41:20.452[Status]Routing 109: Walk: 43
2019-09-05_00:41:20.568[Battery Energy]46.17
2019-09-05_00:41:20.887[Status]Routing 110: Walk: 43
2019-09-05_00:41:20.987[Battery Energy]45.97
2019-09-05_00:41:21.344[Status]Routing 111: Walk: 43
2019-09-05_00:41:21.444[Battery Energy]45.73
2019-09-05_00:41:21.818[Status]Routing 112: Walk: 43
2019-09-05_00:41:21.919[Battery Energy]45.53
2019-09-05_00:41:22.328[Status]Routing 113: Walk: 43
2019-09-05_00:41:22.428[Battery Energy]45.32
2019-09-05_00:41:22.706[Status]Routing 114: Walk: 43
2019-09-05_00:41:22.808[Battery Energy]45.12
2019-09-05_00:41:23.185[Status]Routing 115: Walk: 43
2019-09-05_00:41:23.291[Battery Energy]44.88
2019-09-05_00:41:23.665[Status]Routing 116: Walk: 43
2019-09-05_00:41:23.780[Battery Energy]44.63
2019-09-05_00:41:24.151[Status]Routing 117: Walk: 43
2019-09-05_00:41:24.252[Battery Energy]44.44
2019-09-05_00:41:24.652[Status]Routing 118: Walk: 43
2019-09-05_00:41:24.752[Battery Energy]44.25
2019-09-05_00:41:25.122[Status]Routing 119: Walk: 43
2019-09-05_00:41:25.222[Battery Energy]44.03
2019-09-05_00:41:25.592[Status]Routing 120: Walk: 43
2019-09-05_00:41:25.693[Battery Energy]43.76
2019-09-05_00:41:25.889[Status]Routing 121: Walk: 43
2019-09-05_00:41:25.990[Battery Energy]43.66
2019-09-05_00:41:26.374[Status]Routing 122: Walk: 43
2019-09-05_00:41:26.477[Battery Energy]43.46
2019-09-05_00:41:26.632[Status]Routing 123: Walk: 43
2019-09-05_00:41:26.743[Battery Energy]43.34
2019-09-05_00:41:26.982[Status]Routing 124: Walk: 43
2019-09-05_00:41:27.082[Battery Energy]43.22
2019-09-05_00:41:27.290[Status]Routing 125: Walk: 43
2019-09-05_00:41:27.419[Battery Energy]43.06
2019-09-05_00:41:27.691[Status]Routing 126: Walk: 43
2019-09-05_00:41:27.791[Battery Energy]42.86
2019-09-05_00:41:28.207[Status]Routing 127: Walk: 43
2019-09-05_00:41:28.316[Battery Energy]42.63
2019-09-05_00:41:28.640[Status]Routing 128: Walk: 43
2019-09-05_00:41:28.764[Battery Energy]42.44
2019-09-05_00:41:28.950[Status]Routing 129: Walk: 43
2019-09-05_00:41:29.051[Battery Energy]42.32
2019-09-05_00:41:29.239[Status]Routing 130: Walk: 43
2019-09-05_00:41:29.340[Battery Energy]42.17
2019-09-05_00:41:29.738[Status]Routing 131: Walk: 43
2019-09-05_00:41:29.848[Battery Energy]42.00
2019-09-05_00:41:30.134[Status]Routing 132: Walk: 43
2019-09-05_00:41:30.235[Battery Energy]41.83
2019-09-05_00:41:30.407[Status]Routing 133: Walk: 43
2019-09-05_00:41:30.512[Battery Energy]41.70
2019-09-05_00:41:30.671[Status]Routing 134: Walk: 43
2019-09-05_00:41:30.771[Battery Energy]41.58
2019-09-05_00:41:30.996[Status]Routing 135: Walk: 43
2019-09-05_00:41:31.112[Battery Energy]41.43
2019-09-05_00:41:31.263[Status]Routing 136: Walk: 43
2019-09-05_00:41:31.372[Battery Energy]41.33
2019-09-05_00:41:31.549[Status]Routing 137: Walk: 43
2019-09-05_00:41:31.650[Battery Energy]41.21
2019-09-05_00:41:31.862[Status]Routing 138: Walk: 43
2019-09-05_00:41:31.972[Battery Energy]41.10
2019-09-05_00:41:32.164[Status]Routing 139: Walk: 43
2019-09-05_00:41:32.264[Battery Energy]40.97
2019-09-05_00:41:32.551[Status]Routing 140: Walk: 43
2019-09-05_00:41:32.664[Battery Energy]40.75
2019-09-05_00:41:32.899[Status]Routing 141: Walk: 43
2019-09-05_00:41:33.016[Battery Energy]40.59
2019-09-05_00:41:33.254[Status]Routing 142: Walk: 43
2019-09-05_00:41:33.369[Battery Energy]40.44
2019-09-05_00:41:33.519[Status]Routing 143: Walk: 43
2019-09-05_00:41:33.620[Battery Energy]40.35
2019-09-05_00:41:33.797[Status]Routing 144: Walk: 43
2019-09-05_00:41:33.897[Battery Energy]40.22
2019-09-05_00:41:34.067[Status]Routing 145: Walk: 43
2019-09-05_00:41:34.174[Battery Energy]40.09
2019-09-05_00:41:34.366[Status]Routing 146: Walk: 43
2019-09-05_00:41:34.468[Battery Energy]39.96
2019-09-05_00:41:34.675[Status]Routing 147: Walk: 43
2019-09-05_00:41:34.800[Battery Energy]39.85
2019-09-05_00:41:34.990[Status]Routing 148: Walk: 43
2019-09-05_00:41:35.096[Battery Energy]39.72
2019-09-05_00:41:35.258[Status]Routing 149: Walk: 43
2019-09-05_00:41:35.358[Battery Energy]39.60
2019-09-05_00:41:35.549[Status]Routing 150: Walk: 43
2019-09-05_00:41:35.652[Battery Energy]39.47
2019-09-05_00:41:35.849[Status]Routing 151: Walk: 43
2019-09-05_00:41:35.964[Battery Energy]39.36
2019-09-05_00:41:36.184[Status]Routing 152: Walk: 43
2019-09-05_00:41:36.288[Battery Energy]39.23
2019-09-05_00:41:36.470[Status]Routing 153: Walk: 43
2019-09-05_00:41:36.570[Battery Energy]39.14
2019-09-05_00:41:36.737[Status]Routing 154: Walk: 43
2019-09-05_00:41:36.840[Battery Energy]39.00
2019-09-05_00:41:37.041[Status]Routing 155: Walk: 43
2019-09-05_00:41:37.149[Battery Energy]38.88
2019-09-05_00:41:37.407[Status]Routing 156: Walk: 43
2019-09-05_00:41:37.539[Battery Energy]38.76
2019-09-05_00:41:37.702[Status]Routing 157: Walk: 43
2019-09-05_00:41:37.812[Battery Energy]38.64
2019-09-05_00:41:37.952[Status]Routing 158: Walk: 43
2019-09-05_00:41:38.064[Battery Energy]38.54
2019-09-05_00:41:38.267[Status]Routing 159: Walk: 43
2019-09-05_00:41:38.373[Battery Energy]38.38
2019-09-05_00:41:38.592[Status]Routing 160: Walk: 43
2019-09-05_00:41:38.696[Battery Energy]38.23
2019-09-05_00:41:38.860[Status]Routing 161: Walk: 43
2019-09-05_00:41:38.976[Battery Energy]38.10
2019-09-05_00:41:39.282[Status]Routing 162: Walk: 43
2019-09-05_00:41:39.383[Battery Energy]37.92
2019-09-05_00:41:39.606[Status]Routing 163: Walk: 43
2019-09-05_00:41:39.711[Battery Energy]37.82
2019-09-05_00:41:39.879[Status]Routing 164: Walk: 43
2019-09-05_00:41:39.984[Battery Energy]37.74
2019-09-05_00:41:40.138[Status]Routing 165: Walk: 43
2019-09-05_00:41:40.239[Battery Energy]37.64
2019-09-05_00:41:40.416[Status]Routing 166: Walk: 43
2019-09-05_00:41:40.517[Battery Energy]37.51
2019-09-05_00:41:40.678[Status]Routing 167: Walk: 43
2019-09-05_00:41:40.778[Battery Energy]37.40
2019-09-05_00:41:40.981[Status]Routing 168: Walk: 43
2019-09-05_00:41:41.084[Battery Energy]37.26
