2019-09-05_01:10:56.953[Status]Start.
2019-09-05_01:10:56.956[Battery Energy]109.00
2019-09-05_01:10:58.056[Battery Energy]108.96
2019-09-05_01:10:59.158[Battery Energy]108.92
2019-09-05_01:11:00.259[Battery Energy]108.88
2019-09-05_01:11:01.360[Battery Energy]108.84
2019-09-05_01:11:02.461[Task]A New Task Released.
2019-09-05_01:11:02.461[Battery Energy]108.80
2019-09-05_01:11:02.461[Status]Selection Start.
2019-09-05_01:11:03.233[Status]Selection End: Do Task 2.
2019-09-05_01:11:03.344[Battery Energy]108.29
2019-09-05_01:11:03.344[Status]Formation Start.
2019-09-05_01:11:03.561[Status]Formation End: To Position 0.
2019-09-05_01:11:03.664[Battery Energy]108.13
2019-09-05_01:11:03.664[Status]Routing Start.
2019-09-05_01:11:03.821[Status]{'id': 19, 'coordinate': [139.58387957125947, 775.8699891319692]}
2019-09-05_01:11:03.821[Status]Routing 1: Walk: 1
2019-09-05_01:11:03.921[Battery Energy]107.91
2019-09-05_01:11:03.922[Status]Routing Start.
2019-09-05_01:11:04.188[Status]{'id': 19, 'coordinate': [148.16775914251895, 770.7399782639384]}
2019-09-05_01:11:04.188[Status]Routing 2: Walk: 2
2019-09-05_01:11:04.300[Battery Energy]107.60
2019-09-05_01:11:04.300[Status]Routing Start.
2019-09-05_01:11:04.472[Status]{'id': 19, 'coordinate': [156.75163871377842, 765.6099673959076]}
2019-09-05_01:11:04.472[Status]Routing 3: Walk: 3
2019-09-05_01:11:04.576[Battery Energy]107.36
2019-09-05_01:11:04.576[Status]Routing Start.
2019-09-05_01:11:04.719[Status]{'id': 19, 'coordinate': [165.3355182850379, 760.4799565278768]}
2019-09-05_01:11:04.719[Status]Routing 4: Walk: 4
2019-09-05_01:11:04.819[Battery Energy]107.16
2019-09-05_01:11:04.819[Status]Routing Start.
2019-09-05_01:11:05.089[Status]{'id': 19, 'coordinate': [173.91939785629737, 755.349945659846]}
2019-09-05_01:11:05.089[Status]Routing 5: Walk: 5
2019-09-05_01:11:05.200[Battery Energy]106.90
2019-09-05_01:11:05.200[Status]Routing Start.
2019-09-05_01:11:05.532[Status]{'id': 19, 'coordinate': [182.50327742755684, 750.2199347918151]}
2019-09-05_01:11:05.532[Status]Routing 6: Walk: 6
2019-09-05_01:11:05.640[Battery Energy]106.57
2019-09-05_01:11:05.640[Status]Routing Start.
2019-09-05_01:11:05.980[Status]{'id': 19, 'coordinate': [191.0871569988163, 745.0899239237843]}
2019-09-05_01:11:05.980[Status]Routing 7: Walk: 7
2019-09-05_01:11:06.080[Battery Energy]106.25
2019-09-05_01:11:06.080[Status]Routing Start.
2019-09-05_01:11:06.449[Status]{'id': 19, 'coordinate': [199.67103657007578, 739.9599130557535]}
2019-09-05_01:11:06.449[Status]Routing 8: Walk: 8
2019-09-05_01:11:06.551[Battery Energy]105.92
2019-09-05_01:11:06.552[Status]Routing Start.
2019-09-05_01:11:06.896[Status]{'id': 19, 'coordinate': [208.25491614133526, 734.8299021877227]}
2019-09-05_01:11:06.897[Status]Routing 9: Walk: 9
2019-09-05_01:11:07.016[Battery Energy]105.63
2019-09-05_01:11:07.016[Status]Routing Start.
2019-09-05_01:11:07.388[Status]{'id': 19, 'coordinate': [216.83879571259473, 729.6998913196919]}
2019-09-05_01:11:07.388[Status]Routing 10: Walk: 10
2019-09-05_01:11:07.488[Battery Energy]105.26
2019-09-05_01:11:07.489[Status]Routing Start.
2019-09-05_01:11:07.939[Status]{'id': 19, 'coordinate': [225.4226752838542, 724.5698804516611]}
2019-09-05_01:11:07.939[Status]Routing 11: Walk: 11
2019-09-05_01:11:08.039[Battery Energy]104.88
2019-09-05_01:11:08.039[Status]Routing Start.
2019-09-05_01:11:08.461[Status]{'id': 19, 'coordinate': [234.00655485511368, 719.4398695836303]}
2019-09-05_01:11:08.468[Status]Routing 12: Walk: 12
2019-09-05_01:11:08.569[Battery Energy]104.53
2019-09-05_01:11:08.569[Status]Routing Start.
2019-09-05_01:11:08.901[Status]{'id': 19, 'coordinate': [242.59043442637315, 714.3098587155995]}
2019-09-05_01:11:08.901[Status]Routing 13: Walk: 13
2019-09-05_01:11:09.002[Battery Energy]104.21
2019-09-05_01:11:09.002[Status]Routing Start.
2019-09-05_01:11:09.422[Status]{'id': 19, 'coordinate': [251.17431399763262, 709.1798478475687]}
2019-09-05_01:11:09.422[Status]Routing 14: Walk: 14
2019-09-05_01:11:09.528[Battery Energy]103.86
2019-09-05_01:11:09.528[Status]Routing Start.
2019-09-05_01:11:10.176[Status]{'id': 19, 'coordinate': [259.7581935688921, 704.0498369795379]}
2019-09-05_01:11:10.176[Status]Routing 15: Walk: 15
2019-09-05_01:11:10.276[Battery Energy]103.41
2019-09-05_01:11:10.276[Status]Routing Start.
2019-09-05_01:11:10.638[Status]{'id': 19, 'coordinate': [268.3420731401516, 698.9198261115071]}
2019-09-05_01:11:10.638[Status]Routing 16: Walk: 16
2019-09-05_01:11:10.738[Battery Energy]103.05
2019-09-05_01:11:10.739[Status]Routing Start.
2019-09-05_01:11:11.338[Status]{'id': 19, 'coordinate': [275.8316267783571, 705.5460306284567]}
2019-09-05_01:11:11.338[Status]Routing 17: Walk: 17
2019-09-05_01:11:11.438[Battery Energy]102.61
2019-09-05_01:11:11.438[Status]Routing Start.
2019-09-05_01:11:11.663[Status]{'id': 19, 'coordinate': [284.36711994762055, 700.335910058119]}
2019-09-05_01:11:11.666[Status]Routing 18: Walk: 18
2019-09-05_01:11:11.772[Battery Energy]102.32
2019-09-05_01:11:11.772[Status]Routing Start.
2019-09-05_01:11:12.103[Status]{'id': 19, 'coordinate': [292.902613116884, 695.1257894877813]}
2019-09-05_01:11:12.103[Status]Routing 19: Walk: 19
2019-09-05_01:11:12.203[Battery Energy]102.04
2019-09-05_01:11:12.203[Status]Routing Start.
2019-09-05_01:11:12.563[Status]{'id': 19, 'coordinate': [301.4381062861475, 689.9156689174436]}
2019-09-05_01:11:12.563[Status]Routing 20: Walk: 20
2019-09-05_01:11:12.663[Battery Energy]101.71
2019-09-05_01:11:12.663[Status]Routing Start.
2019-09-05_01:11:13.010[Status]{'id': 19, 'coordinate': [309.973599455411, 684.7055483471058]}
2019-09-05_01:11:13.010[Status]Routing 21: Walk: 21
2019-09-05_01:11:13.110[Battery Energy]101.40
2019-09-05_01:11:13.110[Status]Routing Start.
2019-09-05_01:11:13.278[Status]{'id': 19, 'coordinate': [318.50909262467445, 679.4954277767681]}
2019-09-05_01:11:13.278[Status]Routing 22: Walk: 22
2019-09-05_01:11:13.392[Battery Energy]101.21
2019-09-05_01:11:13.392[Status]Routing Start.
2019-09-05_01:11:13.726[Status]{'id': 19, 'coordinate': [327.0445857939379, 674.2853072064304]}
2019-09-05_01:11:13.727[Status]Routing 23: Walk: 23
2019-09-05_01:11:13.827[Battery Energy]100.90
2019-09-05_01:11:13.827[Status]Routing Start.
2019-09-05_01:11:14.235[Status]{'id': 19, 'coordinate': [335.5800789632014, 669.0751866360927]}
2019-09-05_01:11:14.235[Status]Routing 24: Walk: 24
2019-09-05_01:11:14.335[Battery Energy]100.56
2019-09-05_01:11:14.335[Status]Routing Start.
2019-09-05_01:11:14.645[Status]{'id': 19, 'coordinate': [344.1155721324649, 663.865066065755]}
2019-09-05_01:11:14.647[Status]Routing 25: Walk: 25
2019-09-05_01:11:14.760[Battery Energy]100.27
2019-09-05_01:11:14.760[Status]Routing Start.
2019-09-05_01:11:15.115[Status]{'id': 19, 'coordinate': [352.65106530172835, 658.6549454954172]}
2019-09-05_01:11:15.115[Status]Routing 26: Walk: 26
2019-09-05_01:11:15.220[Battery Energy]99.95
2019-09-05_01:11:15.220[Status]Routing Start.
2019-09-05_01:11:15.575[Status]{'id': 19, 'coordinate': [361.1865584709918, 653.4448249250795]}
2019-09-05_01:11:15.576[Status]Routing 27: Walk: 27
2019-09-05_01:11:15.684[Battery Energy]99.60
2019-09-05_01:11:15.684[Status]Routing Start.
2019-09-05_01:11:16.048[Status]{'id': 19, 'coordinate': [369.7220516402553, 648.2347043547418]}
2019-09-05_01:11:16.048[Status]Routing 28: Walk: 28
2019-09-05_01:11:16.150[Battery Energy]99.27
2019-09-05_01:11:16.150[Status]Routing Start.
2019-09-05_01:11:16.422[Status]{'id': 19, 'coordinate': [378.2575448095188, 643.0245837844041]}
2019-09-05_01:11:16.422[Status]Routing 29: Walk: 29
2019-09-05_01:11:16.522[Battery Energy]98.99
2019-09-05_01:11:16.522[Status]Routing Start.
2019-09-05_01:11:16.849[Status]{'id': 19, 'coordinate': [386.79303797878225, 637.8144632140663]}
2019-09-05_01:11:16.849[Status]Routing 30: Walk: 30
2019-09-05_01:11:16.956[Battery Energy]98.67
2019-09-05_01:11:16.956[Status]Routing Start.
2019-09-05_01:11:17.108[Status]{'id': 19, 'coordinate': [395.3285311480457, 632.6043426437286]}
2019-09-05_01:11:17.108[Status]Routing 31: Walk: 31
2019-09-05_01:11:17.208[Battery Energy]98.46
2019-09-05_01:11:17.208[Status]Routing Start.
2019-09-05_01:11:17.536[Status]{'id': 19, 'coordinate': [403.8640243173092, 627.3942220733909]}
2019-09-05_01:11:17.537[Status]Routing 32: Walk: 32
2019-09-05_01:11:17.644[Battery Energy]98.17
2019-09-05_01:11:17.644[Status]Routing Start.
2019-09-05_01:11:17.886[Status]{'id': 19, 'coordinate': [412.3995174865727, 622.1841015030532]}
2019-09-05_01:11:17.888[Status]Routing 33: Walk: 33
2019-09-05_01:11:17.996[Battery Energy]97.91
2019-09-05_01:11:17.996[Status]Routing Start.
2019-09-05_01:11:18.485[Status]{'id': 19, 'coordinate': [420.8432582268343, 627.5416421992352]}
2019-09-05_01:11:18.485[Status]Routing 34: Walk: 34
2019-09-05_01:11:18.585[Battery Energy]97.46
2019-09-05_01:11:18.585[Status]Routing Start.
2019-09-05_01:11:18.946[Status]{'id': 19, 'coordinate': [425.4250419869144, 636.4302448777144]}
2019-09-05_01:11:18.946[Status]Routing 35: Walk: 35
2019-09-05_01:11:19.046[Battery Energy]97.10
2019-09-05_01:11:19.046[Status]Routing Start.
2019-09-05_01:11:19.441[Status]{'id': 19, 'coordinate': [433.84296029751977, 631.0322219696512]}
2019-09-05_01:11:19.449[Status]Routing 36: Walk: 36
2019-09-05_01:11:19.556[Battery Energy]96.68
2019-09-05_01:11:19.556[Status]Routing Start.
2019-09-05_01:11:19.921[Status]{'id': 19, 'coordinate': [442.26087860812515, 625.6341990615881]}
2019-09-05_01:11:19.921[Status]Routing 37: Walk: 37
2019-09-05_01:11:20.021[Battery Energy]96.29
2019-09-05_01:11:20.022[Status]Routing Start.
2019-09-05_01:11:20.409[Status]{'id': 19, 'coordinate': [450.67879691873054, 620.236176153525]}
2019-09-05_01:11:20.409[Status]Routing 38: Walk: 38
2019-09-05_01:11:20.509[Battery Energy]95.93
2019-09-05_01:11:20.509[Status]Routing Start.
2019-09-05_01:11:20.885[Status]{'id': 19, 'coordinate': [459.0967152293359, 614.8381532454619]}
2019-09-05_01:11:20.886[Status]Routing 39: Walk: 39
2019-09-05_01:11:20.986[Battery Energy]95.51
2019-09-05_01:11:20.986[Status]Routing Start.
2019-09-05_01:11:21.361[Status]{'id': 19, 'coordinate': [467.5146335399413, 609.4401303373987]}
2019-09-05_01:11:21.364[Status]Routing 40: Walk: 40
2019-09-05_01:11:21.465[Battery Energy]95.15
2019-09-05_01:11:21.465[Status]Routing Start.
2019-09-05_01:11:21.624[Status]{'id': 19, 'coordinate': [475.9325518505467, 604.0421074293356]}
2019-09-05_01:11:21.624[Status]Routing 41: Walk: 41
2019-09-05_01:11:21.724[Battery Energy]94.91
2019-09-05_01:11:21.724[Status]Routing Start.
2019-09-05_01:11:22.092[Status]{'id': 19, 'coordinate': [484.3504701611521, 598.6440845212725]}
2019-09-05_01:11:22.092[Status]Routing 42: Walk: 42
2019-09-05_01:11:22.204[Battery Energy]94.59
2019-09-05_01:11:22.204[Status]Routing Start.
2019-09-05_01:11:22.377[Status]{'id': 19, 'coordinate': [492.7683884717575, 593.2460616132093]}
2019-09-05_01:11:22.377[Status]Routing 43: Walk: 43
2019-09-05_01:11:22.500[Battery Energy]94.36
2019-09-05_01:11:22.500[Status]Routing Start.
2019-09-05_01:11:22.756[Status]{'id': 19, 'coordinate': [501.18630678236286, 587.8480387051462]}
2019-09-05_01:11:22.756[Status]Routing 44: Walk: 44
2019-09-05_01:11:22.910[Battery Energy]94.08
2019-09-05_01:11:22.911[Status]Routing Start.
2019-09-05_01:11:23.057[Status]{'id': 19, 'coordinate': [509.60422509296825, 582.4500157970831]}
2019-09-05_01:11:23.058[Status]Routing 45: Walk: 45
2019-09-05_01:11:23.158[Battery Energy]93.89
2019-09-05_01:11:23.158[Status]Routing Start.
2019-09-05_01:11:23.346[Status]{'id': 19, 'coordinate': [518.0221434035736, 577.05199288902]}
2019-09-05_01:11:23.346[Status]Routing 46: Walk: 46
2019-09-05_01:11:23.450[Battery Energy]93.60
2019-09-05_01:11:23.450[Status]Routing Start.
2019-09-05_01:11:23.621[Status]{'id': 19, 'coordinate': [526.440061714179, 571.6539699809568]}
2019-09-05_01:11:23.621[Status]Routing 47: Walk: 47
2019-09-05_01:11:23.732[Battery Energy]93.40
2019-09-05_01:11:23.732[Status]Routing Start.
2019-09-05_01:11:24.042[Status]{'id': 19, 'coordinate': [534.8579800247844, 566.2559470728937]}
2019-09-05_01:11:24.043[Status]Routing 48: Walk: 48
2019-09-05_01:11:24.161[Battery Energy]93.07
2019-09-05_01:11:24.161[Status]Routing Start.
2019-09-05_01:11:24.476[Status]{'id': 19, 'coordinate': [543.2758983353898, 560.8579241648306]}
2019-09-05_01:11:24.476[Status]Routing 49: Walk: 49
2019-09-05_01:11:24.576[Battery Energy]92.77
2019-09-05_01:11:24.576[Status]Routing Start.
2019-09-05_01:11:24.768[Status]{'id': 19, 'coordinate': [551.6938166459952, 555.4599012567675]}
2019-09-05_01:11:24.768[Status]Routing 50: Walk: 50
2019-09-05_01:11:24.879[Battery Energy]92.56
2019-09-05_01:11:24.879[Status]Routing Start.
2019-09-05_01:11:25.176[Status]{'id': 19, 'coordinate': [560.1117349566006, 550.0618783487043]}
2019-09-05_01:11:25.176[Status]Routing 51: Walk: 51
2019-09-05_01:11:25.288[Battery Energy]92.25
2019-09-05_01:11:25.288[Status]Routing Start.
2019-09-05_01:11:25.441[Status]{'id': 19, 'coordinate': [568.529653267206, 544.6638554406411]}
2019-09-05_01:11:25.444[Status]Routing 52: Walk: 52
2019-09-05_01:11:25.544[Battery Energy]92.05
2019-09-05_01:11:25.544[Status]Routing Start.
2019-09-05_01:11:25.860[Status]{'id': 19, 'coordinate': [576.9475715778113, 539.265832532578]}
2019-09-05_01:11:25.860[Status]Routing 53: Walk: 53
2019-09-05_01:11:25.984[Battery Energy]91.75
2019-09-05_01:11:25.984[Status]Routing Start.
2019-09-05_01:11:26.122[Status]{'id': 19, 'coordinate': [585.3654898884167, 533.8678096245148]}
2019-09-05_01:11:26.122[Status]Routing 54: Walk: 54
2019-09-05_01:11:26.223[Battery Energy]91.55
2019-09-05_01:11:26.223[Status]Routing Start.
2019-09-05_01:11:26.566[Status]{'id': 19, 'coordinate': [593.7834081990221, 528.4697867164516]}
2019-09-05_01:11:26.566[Status]Routing 55: Walk: 55
2019-09-05_01:11:26.672[Battery Energy]91.22
2019-09-05_01:11:26.672[Status]Routing Start.
2019-09-05_01:11:27.061[Status]{'id': 19, 'coordinate': [602.2013265096275, 523.0717638083884]}
2019-09-05_01:11:27.061[Status]Routing 56: Walk: 56
2019-09-05_01:11:27.172[Battery Energy]90.90
2019-09-05_01:11:27.172[Status]Routing Start.
2019-09-05_01:11:27.487[Status]{'id': 19, 'coordinate': [610.6192448202329, 517.6737409003251]}
2019-09-05_01:11:27.488[Status]Routing 57: Walk: 57
2019-09-05_01:11:27.592[Battery Energy]90.59
2019-09-05_01:11:27.592[Status]Routing Start.
2019-09-05_01:11:27.942[Status]{'id': 19, 'coordinate': [619.0371631308383, 512.275717992262]}
2019-09-05_01:11:27.942[Status]Routing 58: Walk: 58
2019-09-05_01:11:28.044[Battery Energy]90.29
2019-09-05_01:11:28.044[Status]Routing Start.
2019-09-05_01:11:28.380[Status]{'id': 19, 'coordinate': [627.4550814414437, 506.8776950841988]}
2019-09-05_01:11:28.380[Status]Routing 59: Walk: 59
2019-09-05_01:11:28.496[Battery Energy]89.97
2019-09-05_01:11:28.496[Status]Routing Start.
2019-09-05_01:11:28.639[Status]{'id': 19, 'coordinate': [635.872999752049, 501.47967217613564]}
2019-09-05_01:11:28.640[Status]Routing 60: Walk: 60
2019-09-05_01:11:28.740[Battery Energy]89.74
2019-09-05_01:11:28.740[Status]Routing Start.
2019-09-05_01:11:28.925[Status]{'id': 19, 'coordinate': [644.2909180626544, 496.08164926807245]}
2019-09-05_01:11:28.927[Status]Routing 61: Walk: 61
2019-09-05_01:11:29.028[Battery Energy]89.52
2019-09-05_01:11:29.028[Status]Routing Start.
2019-09-05_01:11:29.247[Status]{'id': 19, 'coordinate': [652.7088363732598, 490.68362636000927]}
2019-09-05_01:11:29.247[Status]Routing 62: Walk: 62
2019-09-05_01:11:29.354[Battery Energy]89.30
2019-09-05_01:11:29.354[Status]Routing Start.
2019-09-05_01:11:29.500[Status]{'id': 19, 'coordinate': [661.1267546838652, 485.2856034519461]}
2019-09-05_01:11:29.500[Status]Routing 63: Walk: 63
2019-09-05_01:11:29.601[Battery Energy]89.08
2019-09-05_01:11:29.601[Status]Routing Start.
2019-09-05_01:11:29.888[Status]{'id': 19, 'coordinate': [669.5446729944706, 479.8875805438829]}
2019-09-05_01:11:29.888[Status]Routing 64: Walk: 64
2019-09-05_01:11:30.000[Battery Energy]88.81
2019-09-05_01:11:30.000[Status]Routing Start.
2019-09-05_01:11:30.150[Status]{'id': 19, 'coordinate': [677.962591305076, 474.4895576358197]}
2019-09-05_01:11:30.150[Status]Routing 65: Walk: 65
2019-09-05_01:11:30.256[Battery Energy]88.62
2019-09-05_01:11:30.256[Status]Routing Start.
2019-09-05_01:11:30.448[Status]{'id': 19, 'coordinate': [686.3805096156814, 469.09153472775654]}
2019-09-05_01:11:30.448[Status]Routing 66: Walk: 66
2019-09-05_01:11:30.548[Battery Energy]88.37
2019-09-05_01:11:30.548[Status]Routing Start.
2019-09-05_01:11:30.835[Status]{'id': 19, 'coordinate': [694.7984279262868, 463.69351181969336]}
2019-09-05_01:11:30.835[Status]Routing 67: Walk: 67
2019-09-05_01:11:30.935[Battery Energy]88.10
2019-09-05_01:11:30.935[Status]Routing Start.
2019-09-05_01:11:31.202[Status]{'id': 19, 'coordinate': [703.2163462368922, 458.2954889116302]}
2019-09-05_01:11:31.202[Status]Routing 68: Walk: 68
2019-09-05_01:11:31.308[Battery Energy]87.89
2019-09-05_01:11:31.308[Status]Routing Start.
2019-09-05_01:11:31.526[Status]{'id': 19, 'coordinate': [711.6342645474975, 452.897466003567]}
2019-09-05_01:11:31.526[Status]Routing 69: Walk: 69
2019-09-05_01:11:31.632[Battery Energy]87.67
2019-09-05_01:11:31.632[Status]Routing Start.
2019-09-05_01:11:32.000[Status]{'id': 19, 'coordinate': [720.0521828581029, 447.4994430955038]}
2019-09-05_01:11:32.001[Status]Routing 70: Walk: 70
2019-09-05_01:11:32.101[Battery Energy]87.24
2019-09-05_01:11:32.101[Status]Routing Start.
2019-09-05_01:11:32.467[Status]{'id': 19, 'coordinate': [728.4701011687083, 442.1014201874406]}
2019-09-05_01:11:32.467[Status]Routing 71: Walk: 71
2019-09-05_01:11:32.567[Battery Energy]86.84
2019-09-05_01:11:32.568[Status]Routing Start.
2019-09-05_01:11:32.769[Status]{'id': 19, 'coordinate': [736.8880194793137, 436.70339727937744]}
2019-09-05_01:11:32.769[Status]Routing 72: Walk: 72
2019-09-05_01:11:32.872[Battery Energy]86.60
2019-09-05_01:11:32.872[Status]Routing Start.
2019-09-05_01:11:33.081[Status]{'id': 19, 'coordinate': [745.3059377899191, 431.30537437131426]}
2019-09-05_01:11:33.081[Status]Routing 73: Walk: 73
2019-09-05_01:11:33.181[Battery Energy]86.32
2019-09-05_01:11:33.181[Status]Routing Start.
2019-09-05_01:11:33.394[Status]{'id': 19, 'coordinate': [753.7238561005245, 425.9073514632511]}
2019-09-05_01:11:33.394[Status]Routing 74: Walk: 74
2019-09-05_01:11:33.494[Battery Energy]86.08
2019-09-05_01:11:33.494[Status]Routing Start.
2019-09-05_01:11:33.673[Status]{'id': 19, 'coordinate': [762.1417744111299, 420.5093285551879]}
2019-09-05_01:11:33.673[Status]Routing 75: Walk: 75
2019-09-05_01:11:33.773[Battery Energy]85.89
2019-09-05_01:11:33.774[Status]Routing Start.
2019-09-05_01:11:33.970[Status]{'id': 19, 'coordinate': [770.5596927217352, 415.1113056471247]}
2019-09-05_01:11:33.973[Status]Routing 76: Walk: 76
2019-09-05_01:11:34.084[Battery Energy]85.67
2019-09-05_01:11:34.084[Status]Routing Start.
2019-09-05_01:11:34.233[Status]{'id': 19, 'coordinate': [778.9776110323406, 409.7132827390615]}
2019-09-05_01:11:34.234[Status]Routing 77: Walk: 77
2019-09-05_01:11:34.343[Battery Energy]85.46
2019-09-05_01:11:34.343[Status]Routing Start.
2019-09-05_01:11:34.521[Status]{'id': 19, 'coordinate': [787.395529342946, 404.31525983099834]}
2019-09-05_01:11:34.521[Status]Routing 78: Walk: 78
2019-09-05_01:11:34.622[Battery Energy]85.24
2019-09-05_01:11:34.622[Status]Routing Start.
2019-09-05_01:11:34.806[Status]{'id': 19, 'coordinate': [795.8134476535514, 398.91723692293516]}
2019-09-05_01:11:34.806[Status]Routing 79: Walk: 79
2019-09-05_01:11:34.912[Battery Energy]85.01
2019-09-05_01:11:34.912[Status]Routing Start.
2019-09-05_01:11:35.097[Status]{'id': 19, 'coordinate': [804.2313659641568, 393.519214014872]}
2019-09-05_01:11:35.097[Status]Routing 80: Walk: 80
2019-09-05_01:11:35.198[Battery Energy]84.74
2019-09-05_01:11:35.198[Status]Routing Start.
2019-09-05_01:11:35.409[Status]{'id': 19, 'coordinate': [812.6492842747622, 388.1211911068088]}
2019-09-05_01:11:35.409[Status]Routing 81: Walk: 81
2019-09-05_01:11:35.509[Battery Energy]84.56
2019-09-05_01:11:35.509[Status]Routing Start.
2019-09-05_01:11:35.747[Status]{'id': 19, 'coordinate': [821.0672025853676, 382.7231681987456]}
2019-09-05_01:11:35.747[Status]Routing 82: Walk: 82
2019-09-05_01:11:35.852[Battery Energy]84.31
2019-09-05_01:11:35.852[Status]Routing Start.
2019-09-05_01:11:36.010[Status]{'id': 19, 'coordinate': [829.485120895973, 377.3251452906824]}
2019-09-05_01:11:36.010[Status]Routing 83: Walk: 83
2019-09-05_01:11:36.112[Battery Energy]84.12
2019-09-05_01:11:36.112[Status]Routing Start.
2019-09-05_01:11:36.381[Status]{'id': 19, 'coordinate': [837.9030392065783, 371.92712238261925]}
2019-09-05_01:11:36.381[Status]Routing 84: Walk: 84
2019-09-05_01:11:36.482[Battery Energy]83.90
2019-09-05_01:11:36.482[Status]Routing Start.
2019-09-05_01:11:36.697[Status]{'id': 19, 'coordinate': [846.3209575171837, 366.52909947455606]}
2019-09-05_01:11:36.697[Status]Routing 85: Walk: 85
2019-09-05_01:11:36.824[Battery Energy]83.68
2019-09-05_01:11:36.824[Status]Routing Start.
2019-09-05_01:11:36.982[Status]{'id': 19, 'coordinate': [854.7388758277891, 361.1310765664929]}
2019-09-05_01:11:36.982[Status]Routing 86: Walk: 86
2019-09-05_01:11:37.092[Battery Energy]83.48
2019-09-05_01:11:37.092[Status]Routing Start.
2019-09-05_01:11:37.353[Status]{'id': 19, 'coordinate': [863.1567941383945, 355.7330536584297]}
2019-09-05_01:11:37.353[Status]Routing 87: Walk: 87
2019-09-05_01:11:37.472[Battery Energy]83.21
2019-09-05_01:11:37.472[Status]Routing Start.
2019-09-05_01:11:37.663[Status]{'id': 19, 'coordinate': [871.5747124489999, 350.3350307503665]}
2019-09-05_01:11:37.663[Status]Routing 88: Walk: 88
2019-09-05_01:11:37.764[Battery Energy]82.98
2019-09-05_01:11:37.764[Status]Routing Start.
2019-09-05_01:11:38.119[Status]{'id': 19, 'coordinate': [879.9926307596053, 344.93700784230333]}
2019-09-05_01:11:38.119[Status]Routing 89: Walk: 89
2019-09-05_01:11:38.228[Battery Energy]82.68
2019-09-05_01:11:38.228[Status]Routing Start.
2019-09-05_01:11:38.449[Status]{'id': 19, 'coordinate': [888.4105490702107, 339.53898493424015]}
2019-09-05_01:11:38.449[Status]Routing 90: Walk: 90
2019-09-05_01:11:38.564[Battery Energy]82.44
2019-09-05_01:11:38.564[Status]Routing Start.
2019-09-05_01:11:38.718[Status]{'id': 19, 'coordinate': [896.828467380816, 334.14096202617696]}
2019-09-05_01:11:38.718[Status]Routing 91: Walk: 91
2019-09-05_01:11:38.818[Battery Energy]82.25
2019-09-05_01:11:38.818[Status]Routing Start.
2019-09-05_01:11:39.005[Status]{'id': 19, 'coordinate': [905.2463856914214, 328.7429391181138]}
2019-09-05_01:11:39.005[Status]Routing 92: Walk: 92
2019-09-05_01:11:39.124[Battery Energy]82.05
2019-09-05_01:11:39.124[Status]Routing Start.
2019-09-05_01:11:39.274[Status]{'id': 19, 'coordinate': [913.6643040020268, 323.3449162100506]}
2019-09-05_01:11:39.274[Status]Routing 93: Walk: 93
2019-09-05_01:11:39.374[Battery Energy]81.86
2019-09-05_01:11:39.374[Status]Routing Start.
2019-09-05_01:11:39.560[Status]{'id': 19, 'coordinate': [922.0822223126322, 317.9468933019874]}
2019-09-05_01:11:39.560[Status]Routing 94: Walk: 94
2019-09-05_01:11:39.668[Battery Energy]81.65
2019-09-05_01:11:39.668[Status]Routing Start.
2019-09-05_01:11:39.860[Status]{'id': 19, 'coordinate': [930.5001406232376, 312.54887039392423]}
2019-09-05_01:11:39.862[Status]Routing 95: Walk: 95
2019-09-05_01:11:39.964[Battery Energy]81.45
2019-09-05_01:11:39.964[Status]Routing Start.
2019-09-05_01:11:40.128[Status]{'id': 19, 'coordinate': [938.918058933843, 307.15084748586105]}
2019-09-05_01:11:40.128[Status]Routing 96: Walk: 96
2019-09-05_01:11:40.228[Battery Energy]81.24
2019-09-05_01:11:40.228[Status]Routing Start.
2019-09-05_01:11:40.499[Status]{'id': 19, 'coordinate': [947.3359772444484, 301.75282457779787]}
2019-09-05_01:11:40.499[Status]Routing 97: Walk: 97
2019-09-05_01:11:40.599[Battery Energy]81.01
2019-09-05_01:11:40.599[Status]Routing Start.
2019-09-05_01:11:40.850[Status]{'id': 19, 'coordinate': [955.7538955550538, 296.3548016697347]}
2019-09-05_01:11:40.851[Status]Routing 98: Walk: 98
2019-09-05_01:11:40.951[Battery Energy]80.75
2019-09-05_01:11:40.951[Status]Routing Start.
2019-09-05_01:11:41.119[Status]{'id': 19, 'coordinate': [964.1718138656591, 290.9567787616715]}
2019-09-05_01:11:41.119[Status]Routing 99: Walk: 99
2019-09-05_01:11:41.228[Battery Energy]80.55
2019-09-05_01:11:41.228[Status]Routing Start.
2019-09-05_01:11:41.394[Status]{'id': 19, 'coordinate': [972.5897321762645, 285.5587558536083]}
2019-09-05_01:11:41.394[Status]Routing 100: Walk: 100
2019-09-05_01:11:41.504[Battery Energy]80.33
2019-09-05_01:11:41.504[Status]Routing Start.
2019-09-05_01:11:41.644[Status]{'id': 19, 'coordinate': [981.0076504868699, 280.16073294554513]}
2019-09-05_01:11:41.644[Status]Routing 101: Walk: 101
2019-09-05_01:11:41.744[Battery Energy]80.14
2019-09-05_01:11:41.744[Status]Routing Start.
2019-09-05_01:11:42.077[Status]{'id': 19, 'coordinate': [989.4255687974753, 274.76271003748195]}
2019-09-05_01:11:42.077[Status]Routing 102: Walk: 102
2019-09-05_01:11:42.177[Battery Energy]79.85
2019-09-05_01:11:42.177[Status]Routing Start.
2019-09-05_01:11:42.499[Status]{'id': 19, 'coordinate': [997.8434871080807, 269.36468712941877]}
2019-09-05_01:11:42.499[Status]Routing 103: Walk: 103
2019-09-05_01:11:42.599[Battery Energy]79.50
2019-09-05_01:11:42.599[Status]Routing Start.
2019-09-05_01:11:42.887[Status]{'id': 19, 'coordinate': [1006.2614054186861, 263.9666642213556]}
2019-09-05_01:11:42.887[Status]Routing 104: Walk: 104
2019-09-05_01:11:42.987[Battery Energy]79.27
2019-09-05_01:11:42.987[Status]Routing Start.
2019-09-05_01:11:43.388[Status]{'id': 19, 'coordinate': [1014.6793237292915, 258.5686413132924]}
2019-09-05_01:11:43.388[Status]Routing 105: Walk: 105
2019-09-05_01:11:43.520[Battery Energy]78.94
2019-09-05_01:11:43.520[Status]Routing Start.
2019-09-05_01:11:43.954[Status]{'id': 19, 'coordinate': [1017.7887134940713, 268.072940092828]}
2019-09-05_01:11:43.954[Status]Routing 106: Walk: 106
2019-09-05_01:11:44.054[Battery Energy]78.58
2019-09-05_01:11:44.054[Status]Routing Start.
2019-09-05_01:11:44.478[Status]{'id': 19, 'coordinate': [1024.9630276789576, 275.03923150049525]}
2019-09-05_01:11:44.478[Status]Routing 107: Walk: 107
2019-09-05_01:11:44.578[Battery Energy]78.21
2019-09-05_01:11:44.578[Status]Routing Start.
2019-09-05_01:11:44.754[Status]{'id': 19, 'coordinate': [1032.6449754210275, 268.6370694525533]}
2019-09-05_01:11:44.754[Status]Routing 108: Walk: 108
2019-09-05_01:11:44.854[Battery Energy]77.99
2019-09-05_01:11:44.854[Status]Routing Start.
2019-09-05_01:11:45.203[Status]{'id': 19, 'coordinate': [1040.3269231630975, 262.23490740461136]}
2019-09-05_01:11:45.203[Status]Routing 109: Walk: 109
2019-09-05_01:11:45.308[Battery Energy]77.65
2019-09-05_01:11:45.308[Status]Routing Start.
2019-09-05_01:11:45.716[Status]{'id': 19, 'coordinate': [1049.553352347804, 266.09146085291144]}
2019-09-05_01:11:45.717[Status]Routing 110: Walk: 110
2019-09-05_01:11:45.817[Battery Energy]77.23
2019-09-05_01:11:45.817[Status]Routing Start.
2019-09-05_01:11:46.055[Status]{'id': 19, 'coordinate': [1056.7875400528367, 259.18736581819786]}
2019-09-05_01:11:46.055[Status]Routing 111: Walk: 111
2019-09-05_01:11:46.168[Battery Energy]77.01
2019-09-05_01:11:46.168[Status]Routing Start.
2019-09-05_01:11:46.330[Status]{'id': 19, 'coordinate': [1064.0217277578693, 252.28327078348428]}
2019-09-05_01:11:46.330[Status]Routing 112: Walk: 112
2019-09-05_01:11:46.436[Battery Energy]76.79
2019-09-05_01:11:46.436[Status]Routing Start.
2019-09-05_01:11:46.619[Status]{'id': 19, 'coordinate': [1071.2559154629018, 245.3791757487707]}
2019-09-05_01:11:46.619[Status]Routing 113: Walk: 113
2019-09-05_01:11:46.723[Battery Energy]76.58
2019-09-05_01:11:46.723[Status]Routing Start.
2019-09-05_01:11:46.968[Status]{'id': 19, 'coordinate': [1078.4901031679344, 238.47508071405713]}
2019-09-05_01:11:46.968[Status]Routing 114: Walk: 114
2019-09-05_01:11:47.076[Battery Energy]76.32
2019-09-05_01:11:47.076[Status]Routing Start.
2019-09-05_01:11:47.275[Status]{'id': 19, 'coordinate': [1085.724290872967, 231.57098567934355]}
2019-09-05_01:11:47.275[Status]Routing 115: Walk: 115
2019-09-05_01:11:47.388[Battery Energy]76.11
2019-09-05_01:11:47.388[Status]Routing Start.
2019-09-05_01:11:47.567[Status]{'id': 19, 'coordinate': [1092.9584785779996, 224.66689064462997]}
2019-09-05_01:11:47.567[Status]Routing 116: Walk: 116
2019-09-05_01:11:47.676[Battery Energy]75.89
2019-09-05_01:11:47.676[Status]Routing Start.
2019-09-05_01:11:47.877[Status]{'id': 19, 'coordinate': [1100.1926662830322, 217.76279560991637]}
2019-09-05_01:11:47.877[Status]Routing 117: Walk: 117
2019-09-05_01:11:47.996[Battery Energy]75.68
2019-09-05_01:11:47.996[Status]Routing Start.
2019-09-05_01:11:48.195[Status]{'id': 19, 'coordinate': [1107.4268539880645, 210.85870057520276]}
2019-09-05_01:11:48.195[Status]Routing 118: Walk: 118
2019-09-05_01:11:48.295[Battery Energy]75.42
2019-09-05_01:11:48.295[Status]Routing Start.
2019-09-05_01:11:48.551[Status]{'id': 19, 'coordinate': [1114.661041693097, 203.95460554048915]}
2019-09-05_01:11:48.551[Status]Routing 119: Walk: 119
2019-09-05_01:11:48.656[Battery Energy]75.16
2019-09-05_01:11:48.656[Status]Routing Start.
2019-09-05_01:11:48.934[Status]{'id': 19, 'coordinate': [1121.8952293981295, 197.05051050577555]}
2019-09-05_01:11:48.934[Status]Routing 120: Walk: 120
2019-09-05_01:11:49.034[Battery Energy]74.95
2019-09-05_01:11:49.034[Status]Routing Start.
2019-09-05_01:11:49.297[Status]{'id': 19, 'coordinate': [1129.129417103162, 190.14641547106194]}
2019-09-05_01:11:49.297[Status]Routing 121: Walk: 121
2019-09-05_01:11:49.404[Battery Energy]74.72
2019-09-05_01:11:49.404[Status]Routing Start.
2019-09-05_01:11:49.780[Status]{'id': 19, 'coordinate': [1136.3636048081944, 183.24232043634834]}
2019-09-05_01:11:49.780[Status]Routing 122: Walk: 122
2019-09-05_01:11:49.880[Battery Energy]74.41
2019-09-05_01:11:49.880[Status]Routing Start.
2019-09-05_01:11:49.880[Status]Task Finished.
2019-09-05_01:11:49.980[Battery Energy]74.41
2019-09-05_01:11:50.292[Status]Routing 124: Walk: 122
2019-09-05_01:11:50.400[Battery Energy]74.22
2019-09-05_01:11:50.572[Status]Routing 125: Walk: 122
2019-09-05_01:11:50.684[Battery Energy]74.10
2019-09-05_01:11:51.015[Status]Routing 126: Walk: 122
2019-09-05_01:11:51.116[Battery Energy]73.90
2019-09-05_01:11:51.537[Status]Routing 127: Walk: 122
2019-09-05_01:11:51.656[Battery Energy]73.62
2019-09-05_01:11:51.896[Status]Routing 128: Walk: 122
2019-09-05_01:11:52.004[Battery Energy]73.50
2019-09-05_01:11:52.324[Status]Routing 129: Walk: 122
2019-09-05_01:11:52.429[Battery Energy]73.29
2019-09-05_01:11:52.583[Status]Routing 130: Walk: 122
2019-09-05_01:11:52.700[Battery Energy]73.16
2019-09-05_01:11:52.852[Status]Routing 131: Walk: 122
2019-09-05_01:11:52.960[Battery Energy]73.08
2019-09-05_01:11:53.114[Status]Routing 132: Walk: 122
2019-09-05_01:11:53.214[Battery Energy]72.97
2019-09-05_01:11:53.413[Status]Routing 133: Walk: 122
2019-09-05_01:11:53.520[Battery Energy]72.86
2019-09-05_01:11:53.762[Status]Routing 134: Walk: 122
2019-09-05_01:11:53.868[Battery Energy]72.74
2019-09-05_01:11:54.050[Status]Routing 135: Walk: 122
2019-09-05_01:11:54.151[Battery Energy]72.61
2019-09-05_01:11:54.356[Status]Routing 136: Walk: 122
2019-09-05_01:11:54.456[Battery Energy]72.44
2019-09-05_01:11:54.789[Status]Routing 137: Walk: 122
2019-09-05_01:11:54.899[Battery Energy]72.22
2019-09-05_01:11:55.055[Status]Routing 138: Walk: 122
2019-09-05_01:11:55.190[Battery Energy]72.12
2019-09-05_01:11:55.424[Status]Routing 139: Walk: 122
2019-09-05_01:11:55.524[Battery Energy]71.98
2019-09-05_01:11:55.716[Status]Routing 140: Walk: 122
2019-09-05_01:11:55.824[Battery Energy]71.84
2019-09-05_01:11:56.013[Status]Routing 141: Walk: 122
2019-09-05_01:11:56.132[Battery Energy]71.75
2019-09-05_01:11:56.377[Status]Routing 142: Walk: 122
2019-09-05_01:11:56.484[Battery Energy]71.61
2019-09-05_01:11:56.648[Status]Routing 143: Walk: 122
2019-09-05_01:11:56.760[Battery Energy]71.50
2019-09-05_01:11:56.968[Status]Routing 144: Walk: 122
2019-09-05_01:11:57.070[Battery Energy]71.41
2019-09-05_01:11:57.247[Status]Routing 145: Walk: 122
2019-09-05_01:11:57.347[Battery Energy]71.30
2019-09-05_01:11:57.541[Status]Routing 146: Walk: 122
2019-09-05_01:11:57.656[Battery Energy]71.16
2019-09-05_01:11:57.847[Status]Routing 147: Walk: 122
2019-09-05_01:11:57.956[Battery Energy]71.05
2019-09-05_01:11:58.099[Status]Routing 148: Walk: 122
2019-09-05_01:11:58.216[Battery Energy]70.95
2019-09-05_01:11:58.425[Status]Routing 149: Walk: 122
2019-09-05_01:11:58.540[Battery Energy]70.83
2019-09-05_01:11:58.714[Status]Routing 150: Walk: 122
2019-09-05_01:11:58.815[Battery Energy]70.75
2019-09-05_01:11:58.999[Status]Routing 151: Walk: 122
2019-09-05_01:11:59.106[Battery Energy]70.63
2019-09-05_01:11:59.402[Status]Routing 152: Walk: 122
2019-09-05_01:11:59.511[Battery Energy]70.52
2019-09-05_01:11:59.728[Status]Routing 153: Walk: 122
2019-09-05_01:11:59.829[Battery Energy]70.36
2019-09-05_01:12:00.071[Status]Routing 154: Walk: 122
2019-09-05_01:12:00.176[Battery Energy]70.23
2019-09-05_01:12:00.357[Status]Routing 155: Walk: 122
2019-09-05_01:12:00.472[Battery Energy]70.10
2019-09-05_01:12:00.630[Status]Routing 156: Walk: 122
2019-09-05_01:12:00.730[Battery Energy]70.02
2019-09-05_01:12:00.948[Status]Routing 157: Walk: 122
2019-09-05_01:12:01.060[Battery Energy]69.87
2019-09-05_01:12:01.227[Status]Routing 158: Walk: 122
2019-09-05_01:12:01.327[Battery Energy]69.77
2019-09-05_01:12:01.538[Status]Routing 159: Walk: 122
2019-09-05_01:12:01.638[Battery Energy]69.64
2019-09-05_01:12:01.828[Status]Routing 160: Walk: 122
2019-09-05_01:12:01.928[Battery Energy]69.53
2019-09-05_01:12:02.097[Status]Routing 161: Walk: 122
2019-09-05_01:12:02.198[Battery Energy]69.43
2019-09-05_01:12:02.396[Status]Routing 162: Walk: 122
2019-09-05_01:12:02.513[Battery Energy]69.32
2019-09-05_01:12:02.670[Status]Routing 163: Walk: 122
2019-09-05_01:12:02.784[Battery Energy]69.23
2019-09-05_01:12:03.024[Status]Routing 164: Walk: 122
2019-09-05_01:12:03.132[Battery Energy]69.07
2019-09-05_01:12:03.356[Status]Routing 165: Walk: 122
2019-09-05_01:12:03.456[Battery Energy]68.91
2019-09-05_01:12:03.722[Status]Routing 166: Walk: 122
2019-09-05_01:12:03.832[Battery Energy]68.75
2019-09-05_01:12:03.995[Status]Routing 167: Walk: 122
2019-09-05_01:12:04.112[Battery Energy]68.65
2019-09-05_01:12:04.257[Status]Routing 168: Walk: 122
2019-09-05_01:12:04.357[Battery Energy]68.54
2019-09-05_01:12:04.595[Status]Routing 169: Walk: 122
2019-09-05_01:12:04.700[Battery Energy]68.37
2019-09-05_01:12:04.930[Status]Routing 170: Walk: 122
2019-09-05_01:12:05.031[Battery Energy]68.19
2019-09-05_01:12:05.238[Status]Routing 171: Walk: 122
2019-09-05_01:12:05.348[Battery Energy]68.07
2019-09-05_01:12:05.476[Status]Routing 172: Walk: 122
2019-09-05_01:12:05.577[Battery Energy]67.97
2019-09-05_01:12:05.731[Status]Routing 173: Walk: 122
2019-09-05_01:12:05.836[Battery Energy]67.85
2019-09-05_01:12:06.044[Status]Routing 174: Walk: 122
2019-09-05_01:12:06.148[Battery Energy]67.72
2019-09-05_01:12:06.291[Status]Routing 175: Walk: 122
2019-09-05_01:12:06.396[Battery Energy]67.61
2019-09-05_01:12:06.583[Status]Routing 176: Walk: 122
2019-09-05_01:12:06.692[Battery Energy]67.49
2019-09-05_01:12:06.905[Status]Routing 177: Walk: 122
2019-09-05_01:12:07.005[Battery Energy]67.38
2019-09-05_01:12:07.280[Status]Routing 178: Walk: 122
2019-09-05_01:12:07.401[Battery Energy]67.18
2019-09-05_01:12:07.643[Status]Routing 179: Walk: 122
2019-09-05_01:12:07.746[Battery Energy]67.01
2019-09-05_01:12:07.948[Status]Routing 180: Walk: 122
2019-09-05_01:12:08.048[Battery Energy]66.89
2019-09-05_01:12:08.276[Status]Routing 181: Walk: 122
2019-09-05_01:12:08.376[Battery Energy]66.74
2019-09-05_01:12:08.543[Status]Routing 182: Walk: 122
2019-09-05_01:12:08.643[Battery Energy]66.60
2019-09-05_01:12:08.865[Status]Routing 183: Walk: 122
2019-09-05_01:12:08.966[Battery Energy]66.42
2019-09-05_01:12:09.190[Status]Routing 184: Walk: 122
2019-09-05_01:12:09.292[Battery Energy]66.33
2019-09-05_01:12:09.458[Status]Routing 185: Walk: 122
2019-09-05_01:12:09.558[Battery Energy]66.21
2019-09-05_01:12:09.719[Status]Routing 186: Walk: 122
2019-09-05_01:12:09.823[Battery Energy]66.11
2019-09-05_01:12:10.057[Status]Routing 187: Walk: 122
2019-09-05_01:12:10.172[Battery Energy]65.98
2019-09-05_01:12:10.333[Status]Routing 188: Walk: 122
2019-09-05_01:12:10.460[Battery Energy]65.84
2019-09-05_01:12:10.646[Status]Routing 189: Walk: 122
2019-09-05_01:12:10.746[Battery Energy]65.72
2019-09-05_01:12:10.910[Status]Routing 190: Walk: 122
2019-09-05_01:12:11.016[Battery Energy]65.63
2019-09-05_01:12:11.249[Status]Routing 191: Walk: 122
2019-09-05_01:12:11.364[Battery Energy]65.51
2019-09-05_01:12:11.518[Status]Routing 192: Walk: 122
2019-09-05_01:12:11.618[Battery Energy]65.39
2019-09-05_01:12:11.758[Status]Routing 193: Walk: 122
2019-09-05_01:12:11.868[Battery Energy]65.28
2019-09-05_01:12:12.090[Status]Routing 194: Walk: 122
2019-09-05_01:12:12.190[Battery Energy]65.16
2019-09-05_01:12:12.396[Status]Routing 195: Walk: 122
2019-09-05_01:12:12.503[Battery Energy]65.06
2019-09-05_01:12:12.691[Status]Routing 196: Walk: 122
2019-09-05_01:12:12.791[Battery Energy]64.94
2019-09-05_01:12:12.934[Status]Routing 197: Walk: 122
2019-09-05_01:12:13.040[Battery Energy]64.86
2019-09-05_01:12:13.187[Status]Routing 198: Walk: 122
2019-09-05_01:12:13.287[Battery Energy]64.75
2019-09-05_01:12:13.439[Status]Routing 199: Walk: 122
2019-09-05_01:12:13.552[Battery Energy]64.66
2019-09-05_01:12:13.850[Status]Routing 200: Walk: 122
2019-09-05_01:12:13.964[Battery Energy]64.50
2019-09-05_01:12:14.146[Status]Routing 201: Walk: 122
2019-09-05_01:12:14.260[Battery Energy]64.42
2019-09-05_01:12:14.423[Status]Routing 202: Walk: 122
2019-09-05_01:12:14.534[Battery Energy]64.31
2019-09-05_01:12:14.705[Status]Routing 203: Walk: 122
2019-09-05_01:12:14.805[Battery Energy]64.20
2019-09-05_01:12:14.969[Status]Routing 204: Walk: 122
2019-09-05_01:12:15.111[Battery Energy]64.10
2019-09-05_01:12:15.260[Status]Routing 205: Walk: 122
2019-09-05_01:12:15.376[Battery Energy]64.01
2019-09-05_01:12:15.519[Status]Routing 206: Walk: 122
2019-09-05_01:12:15.624[Battery Energy]63.92
2019-09-05_01:12:15.768[Status]Routing 207: Walk: 122
2019-09-05_01:12:15.868[Battery Energy]63.83
2019-09-05_01:12:16.066[Status]Routing 208: Walk: 122
2019-09-05_01:12:16.167[Battery Energy]63.66
2019-09-05_01:12:16.336[Status]Routing 209: Walk: 122
2019-09-05_01:12:16.460[Battery Energy]63.56
2019-09-05_01:12:16.628[Status]Routing 210: Walk: 122
2019-09-05_01:12:16.732[Battery Energy]63.45
2019-09-05_01:12:16.959[Status]Routing 211: Walk: 122
2019-09-05_01:12:17.061[Battery Energy]63.34
2019-09-05_01:12:17.259[Status]Routing 212: Walk: 122
2019-09-05_01:12:17.380[Battery Energy]63.25
2019-09-05_01:12:17.548[Status]Routing 213: Walk: 122
2019-09-05_01:12:17.648[Battery Energy]63.15
2019-09-05_01:12:17.812[Status]Routing 214: Walk: 122
2019-09-05_01:12:17.913[Battery Energy]63.05
2019-09-05_01:12:18.132[Status]Routing 215: Walk: 122
2019-09-05_01:12:18.248[Battery Energy]62.91
2019-09-05_01:12:18.477[Status]Routing 216: Walk: 122
2019-09-05_01:12:18.583[Battery Energy]62.79
2019-09-05_01:12:18.794[Status]Routing 217: Walk: 122
2019-09-05_01:12:18.898[Battery Energy]62.66
2019-09-05_01:12:19.056[Status]Routing 218: Walk: 122
2019-09-05_01:12:19.167[Battery Energy]62.56
2019-09-05_01:12:19.389[Status]Routing 219: Walk: 122
2019-09-05_01:12:19.489[Battery Energy]62.45
2019-09-05_01:12:19.703[Status]Routing 220: Walk: 122
2019-09-05_01:12:19.824[Battery Energy]62.33
2019-09-05_01:12:20.048[Status]Routing 221: Walk: 122
2019-09-05_01:12:20.164[Battery Energy]62.20
2019-09-05_01:12:20.332[Status]Routing 222: Walk: 122
2019-09-05_01:12:20.452[Battery Energy]62.09
2019-09-05_01:12:20.670[Status]Routing 223: Walk: 122
2019-09-05_01:12:20.776[Battery Energy]61.96
2019-09-05_01:12:20.939[Status]Routing 224: Walk: 122
2019-09-05_01:12:21.047[Battery Energy]61.85
2019-09-05_01:12:21.181[Status]Routing 225: Walk: 122
2019-09-05_01:12:21.286[Battery Energy]61.75
2019-09-05_01:12:21.437[Status]Routing 226: Walk: 122
2019-09-05_01:12:21.538[Battery Energy]61.65
2019-09-05_01:12:21.713[Status]Routing 227: Walk: 122
2019-09-05_01:12:21.824[Battery Energy]61.52
2019-09-05_01:12:22.091[Status]Routing 228: Walk: 122
2019-09-05_01:12:22.191[Battery Energy]61.37
2019-09-05_01:12:22.349[Status]Routing 229: Walk: 122
2019-09-05_01:12:22.464[Battery Energy]61.26
2019-09-05_01:12:22.689[Status]Routing 230: Walk: 122
2019-09-05_01:12:22.792[Battery Energy]61.10
2019-09-05_01:12:22.945[Status]Routing 231: Walk: 122
2019-09-05_01:12:23.060[Battery Energy]60.97
2019-09-05_01:12:23.210[Status]Routing 232: Walk: 122
2019-09-05_01:12:23.320[Battery Energy]60.88
2019-09-05_01:12:23.459[Status]Routing 233: Walk: 122
2019-09-05_01:12:23.559[Battery Energy]60.77
2019-09-05_01:12:23.752[Status]Routing 234: Walk: 122
2019-09-05_01:12:23.876[Battery Energy]60.67
2019-09-05_01:12:24.044[Status]Routing 235: Walk: 122
2019-09-05_01:12:24.148[Battery Energy]60.57
2019-09-05_01:12:24.399[Status]Routing 236: Walk: 122
2019-09-05_01:12:24.516[Battery Energy]60.37
2019-09-05_01:12:24.675[Status]Routing 237: Walk: 122
2019-09-05_01:12:24.778[Battery Energy]60.27
2019-09-05_01:12:24.980[Status]Routing 238: Walk: 122
2019-09-05_01:12:25.084[Battery Energy]60.17
2019-09-05_01:12:25.253[Status]Routing 239: Walk: 122
2019-09-05_01:12:25.429[Battery Energy]60.03
2019-09-05_01:12:25.583[Status]Routing 240: Walk: 122
2019-09-05_01:12:25.683[Battery Energy]59.93
2019-09-05_01:12:25.858[Status]Routing 241: Walk: 122
2019-09-05_01:12:25.958[Battery Energy]59.79
2019-09-05_01:12:26.119[Status]Routing 242: Walk: 122
2019-09-05_01:12:26.236[Battery Energy]59.67
2019-09-05_01:12:26.401[Status]Routing 243: Walk: 122
2019-09-05_01:12:26.501[Battery Energy]59.59
2019-09-05_01:12:26.670[Status]Routing 244: Walk: 122
2019-09-05_01:12:26.778[Battery Energy]59.49
2019-09-05_01:12:26.979[Status]Routing 245: Walk: 122
2019-09-05_01:12:27.086[Battery Energy]59.38
2019-09-05_01:12:27.280[Status]Routing 246: Walk: 122
2019-09-05_01:12:27.392[Battery Energy]59.26
2019-09-05_01:12:27.651[Status]Routing 247: Walk: 122
2019-09-05_01:12:27.776[Battery Energy]59.12
2019-09-05_01:12:28.042[Status]Routing 248: Walk: 122
2019-09-05_01:12:28.142[Battery Energy]58.99
2019-09-05_01:12:28.386[Status]Routing 249: Walk: 122
2019-09-05_01:12:28.496[Battery Energy]58.87
2019-09-05_01:12:28.662[Status]Routing 250: Walk: 122
2019-09-05_01:12:28.762[Battery Energy]58.77
2019-09-05_01:12:28.924[Status]Routing 251: Walk: 122
2019-09-05_01:12:29.028[Battery Energy]58.63
2019-09-05_01:12:29.198[Status]Routing 252: Walk: 122
2019-09-05_01:12:29.316[Battery Energy]58.54
2019-09-05_01:12:29.465[Status]Routing 253: Walk: 122
2019-09-05_01:12:29.570[Battery Energy]58.47
2019-09-05_01:12:29.727[Status]Routing 254: Walk: 122
2019-09-05_01:12:29.836[Battery Energy]58.36
2019-09-05_01:12:30.042[Status]Routing 255: Walk: 122
2019-09-05_01:12:30.142[Battery Energy]58.18
2019-09-05_01:12:30.327[Status]Routing 256: Walk: 122
2019-09-05_01:12:30.428[Battery Energy]58.03
2019-09-05_01:12:30.602[Status]Routing 257: Walk: 122
2019-09-05_01:12:30.702[Battery Energy]57.91
2019-09-05_01:12:30.895[Status]Routing 258: Walk: 122
2019-09-05_01:12:31.004[Battery Energy]57.78
2019-09-05_01:12:31.266[Status]Routing 259: Walk: 122
2019-09-05_01:12:31.366[Battery Energy]57.60
2019-09-05_01:12:31.582[Status]Routing 260: Walk: 122
2019-09-05_01:12:31.684[Battery Energy]57.45
2019-09-05_01:12:31.822[Status]Routing 261: Walk: 122
2019-09-05_01:12:31.925[Battery Energy]57.34
2019-09-05_01:12:32.130[Status]Routing 262: Walk: 122
2019-09-05_01:12:32.230[Battery Energy]57.21
2019-09-05_01:12:32.449[Status]Routing 263: Walk: 122
2019-09-05_01:12:32.552[Battery Energy]57.09
2019-09-05_01:12:32.733[Status]Routing 264: Walk: 122
2019-09-05_01:12:32.833[Battery Energy]57.00
2019-09-05_01:12:32.981[Status]Routing 265: Walk: 122
2019-09-05_01:12:33.088[Battery Energy]56.91
2019-09-05_01:12:33.255[Status]Routing 266: Walk: 122
2019-09-05_01:12:33.355[Battery Energy]56.78
2019-09-05_01:12:33.564[Status]Routing 267: Walk: 122
2019-09-05_01:12:33.664[Battery Energy]56.68
2019-09-05_01:12:33.824[Status]Routing 268: Walk: 122
2019-09-05_01:12:33.932[Battery Energy]56.60
2019-09-05_01:12:34.121[Status]Routing 269: Walk: 122
2019-09-05_01:12:34.221[Battery Energy]56.48
2019-09-05_01:12:34.391[Status]Routing 270: Walk: 122
2019-09-05_01:12:34.500[Battery Energy]56.39
2019-09-05_01:12:34.690[Status]Routing 271: Walk: 122
2019-09-05_01:12:34.790[Battery Energy]56.27
2019-09-05_01:12:35.021[Status]Routing 272: Walk: 122
2019-09-05_01:12:35.124[Battery Energy]56.12
2019-09-05_01:12:35.332[Status]Routing 273: Walk: 122
2019-09-05_01:12:35.452[Battery Energy]55.99
2019-09-05_01:12:35.649[Status]Routing 274: Walk: 122
2019-09-05_01:12:35.749[Battery Energy]55.83
2019-09-05_01:12:35.951[Status]Routing 275: Walk: 122
2019-09-05_01:12:36.051[Battery Energy]55.68
2019-09-05_01:12:36.223[Status]Routing 276: Walk: 122
2019-09-05_01:12:36.332[Battery Energy]55.58
2019-09-05_01:12:36.567[Status]Routing 277: Walk: 122
2019-09-05_01:12:36.667[Battery Energy]55.45
2019-09-05_01:12:36.842[Status]Routing 278: Walk: 122
2019-09-05_01:12:36.943[Battery Energy]55.33
2019-09-05_01:12:37.141[Status]Routing 279: Walk: 122
2019-09-05_01:12:37.241[Battery Energy]55.18
2019-09-05_01:12:37.486[Status]Routing 280: Walk: 122
2019-09-05_01:12:37.587[Battery Energy]55.05
2019-09-05_01:12:37.751[Status]Routing 281: Walk: 122
2019-09-05_01:12:37.851[Battery Energy]54.96
