2019-09-05_01:10:56.226[Status]Start.
2019-09-05_01:10:56.226[Battery Energy]109.00
2019-09-05_01:10:57.328[Battery Energy]108.96
2019-09-05_01:10:58.428[Battery Energy]108.92
2019-09-05_01:10:59.529[Battery Energy]108.88
2019-09-05_01:11:00.632[Battery Energy]108.84
2019-09-05_01:11:01.733[Task]A New Task Released.
2019-09-05_01:11:01.733[Battery Energy]108.80
2019-09-05_01:11:01.733[Status]Selection Start.
2019-09-05_01:11:03.230[Status]Selection End: Do Task 1.
2019-09-05_01:11:03.348[Battery Energy]107.75
2019-09-05_01:11:03.348[Status]Formation Start.
2019-09-05_01:11:03.550[Status]Formation End: To Position 0.
2019-09-05_01:11:03.656[Battery Energy]107.61
2019-09-05_01:11:03.656[Status]Routing Start.
2019-09-05_01:11:03.826[Status]{'coordinate': [67.3725626213664, 241.4864121828271], 'id': 14}
2019-09-05_01:11:03.826[Status]Routing 1: Walk: 1
2019-09-05_01:11:03.936[Battery Energy]107.41
2019-09-05_01:11:03.936[Status]Routing Start.
2019-09-05_01:11:04.191[Status]{'coordinate': [76.7451252427328, 244.97282436565422], 'id': 14}
2019-09-05_01:11:04.191[Status]Routing 2: Walk: 2
2019-09-05_01:11:04.300[Battery Energy]107.17
2019-09-05_01:11:04.300[Status]Routing Start.
2019-09-05_01:11:04.468[Status]{'coordinate': [86.1176878640992, 248.45923654848133], 'id': 14}
2019-09-05_01:11:04.468[Status]Routing 3: Walk: 3
2019-09-05_01:11:04.572[Battery Energy]106.97
2019-09-05_01:11:04.572[Status]Routing Start.
2019-09-05_01:11:04.718[Status]{'coordinate': [95.4902504854656, 251.94564873130844], 'id': 14}
2019-09-05_01:11:04.718[Status]Routing 4: Walk: 4
2019-09-05_01:11:04.832[Battery Energy]106.73
2019-09-05_01:11:04.832[Status]Routing Start.
2019-09-05_01:11:05.091[Status]{'coordinate': [104.862813106832, 255.43206091413555], 'id': 14}
2019-09-05_01:11:05.091[Status]Routing 5: Walk: 5
2019-09-05_01:11:05.191[Battery Energy]106.44
2019-09-05_01:11:05.191[Status]Routing Start.
2019-09-05_01:11:05.522[Status]{'coordinate': [114.23537572819839, 258.91847309696266], 'id': 14}
2019-09-05_01:11:05.522[Status]Routing 6: Walk: 6
2019-09-05_01:11:05.622[Battery Energy]106.17
2019-09-05_01:11:05.622[Status]Routing Start.
2019-09-05_01:11:05.974[Status]{'coordinate': [123.60793834956479, 262.40488527978977], 'id': 14}
2019-09-05_01:11:05.974[Status]Routing 7: Walk: 7
2019-09-05_01:11:06.076[Battery Energy]105.90
2019-09-05_01:11:06.076[Status]Routing Start.
2019-09-05_01:11:06.435[Status]{'coordinate': [132.9805009709312, 265.8912974626169], 'id': 14}
2019-09-05_01:11:06.435[Status]Routing 8: Walk: 8
2019-09-05_01:11:06.535[Battery Energy]105.62
2019-09-05_01:11:06.535[Status]Routing Start.
2019-09-05_01:11:06.889[Status]{'coordinate': [142.3530635922976, 269.377709645444], 'id': 14}
2019-09-05_01:11:06.890[Status]Routing 9: Walk: 9
2019-09-05_01:11:06.990[Battery Energy]105.29
2019-09-05_01:11:06.990[Status]Routing Start.
2019-09-05_01:11:07.360[Status]{'coordinate': [151.725626213664, 272.8641218282711], 'id': 14}
2019-09-05_01:11:07.364[Status]Routing 10: Walk: 10
2019-09-05_01:11:07.464[Battery Energy]104.93
2019-09-05_01:11:07.464[Status]Routing Start.
2019-09-05_01:11:08.078[Status]Routing 11: Walk: 10
2019-09-05_01:11:08.178[Battery Energy]104.47
2019-09-05_01:11:08.178[Status]Routing Start.
2019-09-05_01:11:08.587[Status]Routing 12: Walk: 10
2019-09-05_01:11:08.687[Battery Energy]104.17
2019-09-05_01:11:08.687[Status]Routing Start.
2019-09-05_01:11:09.145[Status]Routing 13: Walk: 10
2019-09-05_01:11:09.245[Battery Energy]103.83
2019-09-05_01:11:09.245[Status]Routing Start.
2019-09-05_01:11:09.420[Status]{'coordinate': [161.09818883503038, 276.3505340110982], 'id': 14}
2019-09-05_01:11:09.420[Status]Routing 14: Walk: 11
2019-09-05_01:11:09.520[Battery Energy]103.60
2019-09-05_01:11:09.520[Status]Routing Start.
2019-09-05_01:11:10.173[Status]{'coordinate': [170.47075145639678, 279.8369461939253], 'id': 14}
2019-09-05_01:11:10.173[Status]Routing 15: Walk: 12
2019-09-05_01:11:10.273[Battery Energy]103.15
2019-09-05_01:11:10.273[Status]Routing Start.
2019-09-05_01:11:10.650[Status]{'coordinate': [179.84331407776318, 283.3233583767524], 'id': 14}
2019-09-05_01:11:10.650[Status]Routing 16: Walk: 13
2019-09-05_01:11:10.751[Battery Energy]102.82
2019-09-05_01:11:10.751[Status]Routing Start.
2019-09-05_01:11:11.149[Status]{'coordinate': [189.21587669912958, 286.80977055957953], 'id': 14}
2019-09-05_01:11:11.149[Status]Routing 17: Walk: 14
2019-09-05_01:11:11.249[Battery Energy]102.46
2019-09-05_01:11:11.249[Status]Routing Start.
2019-09-05_01:11:11.667[Status]{'coordinate': [198.58843932049598, 290.29618274240664], 'id': 14}
2019-09-05_01:11:11.667[Status]Routing 18: Walk: 15
2019-09-05_01:11:11.768[Battery Energy]102.07
2019-09-05_01:11:11.768[Status]Routing Start.
2019-09-05_01:11:12.108[Status]{'coordinate': [207.96100194186238, 293.78259492523375], 'id': 14}
2019-09-05_01:11:12.108[Status]Routing 19: Walk: 16
2019-09-05_01:11:12.208[Battery Energy]101.79
2019-09-05_01:11:12.208[Status]Routing Start.
2019-09-05_01:11:12.561[Status]{'coordinate': [217.33356456322878, 297.26900710806086], 'id': 14}
2019-09-05_01:11:12.561[Status]Routing 20: Walk: 17
2019-09-05_01:11:12.664[Battery Energy]101.43
2019-09-05_01:11:12.664[Status]Routing Start.
2019-09-05_01:11:13.006[Status]{'coordinate': [226.70612718459518, 300.75541929088797], 'id': 14}
2019-09-05_01:11:13.006[Status]Routing 21: Walk: 18
2019-09-05_01:11:13.120[Battery Energy]101.11
2019-09-05_01:11:13.120[Status]Routing Start.
2019-09-05_01:11:13.273[Status]{'coordinate': [236.07868980596157, 304.2418314737151], 'id': 14}
2019-09-05_01:11:13.273[Status]Routing 22: Walk: 19
2019-09-05_01:11:13.380[Battery Energy]100.89
2019-09-05_01:11:13.380[Status]Routing Start.
2019-09-05_01:11:13.729[Status]{'coordinate': [245.45125242732797, 307.7282436565422], 'id': 14}
2019-09-05_01:11:13.730[Status]Routing 23: Walk: 20
2019-09-05_01:11:13.831[Battery Energy]100.55
2019-09-05_01:11:13.831[Status]Routing Start.
2019-09-05_01:11:14.237[Status]{'coordinate': [254.82381504869437, 311.2146558393693], 'id': 14}
2019-09-05_01:11:14.238[Status]Routing 24: Walk: 21
2019-09-05_01:11:14.344[Battery Energy]100.26
2019-09-05_01:11:14.344[Status]Routing Start.
2019-09-05_01:11:14.648[Status]{'coordinate': [264.19637767006077, 314.7010680221964], 'id': 14}
2019-09-05_01:11:14.648[Status]Routing 25: Walk: 22
2019-09-05_01:11:14.752[Battery Energy]99.96
2019-09-05_01:11:14.752[Status]Routing Start.
2019-09-05_01:11:15.111[Status]{'coordinate': [273.56894029142717, 318.1874802050235], 'id': 14}
2019-09-05_01:11:15.111[Status]Routing 26: Walk: 23
2019-09-05_01:11:15.212[Battery Energy]99.63
2019-09-05_01:11:15.212[Status]Routing Start.
2019-09-05_01:11:15.581[Status]{'coordinate': [282.94150291279357, 321.67389238785063], 'id': 14}
2019-09-05_01:11:15.581[Status]Routing 27: Walk: 24
2019-09-05_01:11:15.681[Battery Energy]99.26
2019-09-05_01:11:15.681[Status]Routing Start.
2019-09-05_01:11:16.050[Status]{'coordinate': [292.31406553415997, 325.16030457067774], 'id': 14}
2019-09-05_01:11:16.050[Status]Routing 28: Walk: 25
2019-09-05_01:11:16.150[Battery Energy]98.96
2019-09-05_01:11:16.150[Status]Routing Start.
2019-09-05_01:11:16.427[Status]{'coordinate': [301.68662815552636, 328.64671675350485], 'id': 14}
2019-09-05_01:11:16.427[Status]Routing 29: Walk: 26
2019-09-05_01:11:16.528[Battery Energy]98.66
2019-09-05_01:11:16.528[Status]Routing Start.
2019-09-05_01:11:16.846[Status]{'coordinate': [311.05919077689276, 332.13312893633196], 'id': 14}
2019-09-05_01:11:16.846[Status]Routing 30: Walk: 27
2019-09-05_01:11:16.947[Battery Energy]98.35
2019-09-05_01:11:16.947[Status]Routing Start.
2019-09-05_01:11:17.108[Status]{'coordinate': [320.43175339825916, 335.61954111915907], 'id': 14}
2019-09-05_01:11:17.108[Status]Routing 31: Walk: 28
2019-09-05_01:11:17.211[Battery Energy]98.10
2019-09-05_01:11:17.211[Status]Routing Start.
2019-09-05_01:11:17.535[Status]{'coordinate': [329.80431601962556, 339.1059533019862], 'id': 14}
2019-09-05_01:11:17.535[Status]Routing 32: Walk: 29
2019-09-05_01:11:17.640[Battery Energy]97.78
2019-09-05_01:11:17.640[Status]Routing Start.
2019-09-05_01:11:17.889[Status]{'coordinate': [339.17687864099196, 342.5923654848133], 'id': 14}
2019-09-05_01:11:17.889[Status]Routing 33: Walk: 30
2019-09-05_01:11:17.989[Battery Energy]97.49
2019-09-05_01:11:17.989[Status]Routing Start.
2019-09-05_01:11:18.253[Status]{'coordinate': [348.54944126235836, 346.0787776676404], 'id': 14}
2019-09-05_01:11:18.253[Status]Routing 34: Walk: 31
2019-09-05_01:11:18.360[Battery Energy]97.23
2019-09-05_01:11:18.360[Status]Routing Start.
2019-09-05_01:11:18.766[Status]{'coordinate': [357.92200388372476, 349.5651898504675], 'id': 14}
2019-09-05_01:11:18.766[Status]Routing 35: Walk: 32
2019-09-05_01:11:18.867[Battery Energy]96.88
2019-09-05_01:11:18.867[Status]Routing Start.
2019-09-05_01:11:19.231[Status]{'coordinate': [367.29456650509115, 353.0516020332946], 'id': 14}
2019-09-05_01:11:19.231[Status]Routing 36: Walk: 33
2019-09-05_01:11:19.331[Battery Energy]96.54
2019-09-05_01:11:19.331[Status]Routing Start.
2019-09-05_01:11:19.726[Status]{'coordinate': [376.66712912645755, 356.5380142161217], 'id': 14}
2019-09-05_01:11:19.726[Status]Routing 37: Walk: 34
2019-09-05_01:11:19.836[Battery Energy]96.19
2019-09-05_01:11:19.836[Status]Routing Start.
2019-09-05_01:11:20.221[Status]{'coordinate': [386.03969174782395, 360.02442639894883], 'id': 14}
2019-09-05_01:11:20.221[Status]Routing 38: Walk: 35
2019-09-05_01:11:20.321[Battery Energy]95.82
2019-09-05_01:11:20.321[Status]Routing Start.
2019-09-05_01:11:20.696[Status]{'coordinate': [395.41225436919035, 363.51083858177594], 'id': 14}
2019-09-05_01:11:20.701[Status]Routing 39: Walk: 36
2019-09-05_01:11:20.804[Battery Energy]95.48
2019-09-05_01:11:20.804[Status]Routing Start.
2019-09-05_01:11:21.135[Status]{'coordinate': [404.78481699055675, 366.99725076460305], 'id': 14}
2019-09-05_01:11:21.135[Status]Routing 40: Walk: 37
2019-09-05_01:11:21.243[Battery Energy]95.18
2019-09-05_01:11:21.243[Status]Routing Start.
2019-09-05_01:11:21.628[Status]{'coordinate': [414.15737961192315, 370.48366294743016], 'id': 14}
2019-09-05_01:11:21.628[Status]Routing 41: Walk: 38
2019-09-05_01:11:21.736[Battery Energy]94.83
2019-09-05_01:11:21.736[Status]Routing Start.
2019-09-05_01:11:22.090[Status]{'coordinate': [423.52994223328955, 373.97007513025727], 'id': 14}
2019-09-05_01:11:22.090[Status]Routing 42: Walk: 39
2019-09-05_01:11:22.200[Battery Energy]94.48
2019-09-05_01:11:22.200[Status]Routing Start.
2019-09-05_01:11:22.382[Status]{'coordinate': [432.90250485465594, 377.4564873130844], 'id': 14}
2019-09-05_01:11:22.382[Status]Routing 43: Walk: 40
2019-09-05_01:11:22.488[Battery Energy]94.27
2019-09-05_01:11:22.488[Status]Routing Start.
2019-09-05_01:11:22.755[Status]{'coordinate': [442.27506747602234, 380.9428994959115], 'id': 14}
2019-09-05_01:11:22.756[Status]Routing 44: Walk: 41
2019-09-05_01:11:22.856[Battery Energy]94.02
2019-09-05_01:11:22.856[Status]Routing Start.
2019-09-05_01:11:23.060[Status]{'coordinate': [451.64763009738874, 384.4293116787386], 'id': 14}
2019-09-05_01:11:23.061[Status]Routing 45: Walk: 42
2019-09-05_01:11:23.164[Battery Energy]93.78
2019-09-05_01:11:23.164[Status]Routing Start.
2019-09-05_01:11:23.337[Status]{'coordinate': [461.02019271875514, 387.9157238615657], 'id': 14}
2019-09-05_01:11:23.340[Status]Routing 46: Walk: 43
2019-09-05_01:11:23.440[Battery Energy]93.57
2019-09-05_01:11:23.441[Status]Routing Start.
2019-09-05_01:11:23.614[Status]{'coordinate': [470.39275534012154, 391.4021360443928], 'id': 14}
2019-09-05_01:11:23.614[Status]Routing 47: Walk: 44
2019-09-05_01:11:23.728[Battery Energy]93.33
2019-09-05_01:11:23.728[Status]Routing Start.
2019-09-05_01:11:24.040[Status]{'coordinate': [479.76531796148794, 394.8885482272199], 'id': 14}
2019-09-05_01:11:24.040[Status]Routing 48: Walk: 45
2019-09-05_01:11:24.148[Battery Energy]93.03
2019-09-05_01:11:24.148[Status]Routing Start.
2019-09-05_01:11:24.474[Status]{'coordinate': [489.13788058285434, 398.37496041004704], 'id': 14}
2019-09-05_01:11:24.474[Status]Routing 49: Walk: 46
2019-09-05_01:11:24.584[Battery Energy]92.75
2019-09-05_01:11:24.584[Status]Routing Start.
2019-09-05_01:11:24.762[Status]{'coordinate': [498.51044320422073, 401.86137259287415], 'id': 14}
2019-09-05_01:11:24.763[Status]Routing 50: Walk: 47
2019-09-05_01:11:24.864[Battery Energy]92.51
2019-09-05_01:11:24.864[Status]Routing Start.
2019-09-05_01:11:25.179[Status]{'coordinate': [507.88300582558713, 405.34778477570126], 'id': 14}
2019-09-05_01:11:25.179[Status]Routing 51: Walk: 48
2019-09-05_01:11:25.300[Battery Energy]92.19
2019-09-05_01:11:25.300[Status]Routing Start.
2019-09-05_01:11:25.452[Status]{'coordinate': [517.2555684469536, 408.83419695852837], 'id': 14}
2019-09-05_01:11:25.452[Status]Routing 52: Walk: 49
2019-09-05_01:11:25.552[Battery Energy]91.97
2019-09-05_01:11:25.552[Status]Routing Start.
2019-09-05_01:11:25.853[Status]{'coordinate': [526.62813106832, 412.3206091413555], 'id': 14}
2019-09-05_01:11:25.853[Status]Routing 53: Walk: 50
2019-09-05_01:11:25.953[Battery Energy]91.70
2019-09-05_01:11:25.953[Status]Routing Start.
2019-09-05_01:11:26.125[Status]{'coordinate': [536.0006936896865, 415.8070213241826], 'id': 14}
2019-09-05_01:11:26.125[Status]Routing 54: Walk: 51
2019-09-05_01:11:26.236[Battery Energy]91.48
2019-09-05_01:11:26.236[Status]Routing Start.
2019-09-05_01:11:26.568[Status]{'coordinate': [545.373256311053, 419.2934335070097], 'id': 14}
2019-09-05_01:11:26.568[Status]Routing 55: Walk: 52
2019-09-05_01:11:26.684[Battery Energy]91.14
2019-09-05_01:11:26.684[Status]Routing Start.
2019-09-05_01:11:27.064[Status]{'coordinate': [554.7458189324194, 422.7798456898368], 'id': 14}
2019-09-05_01:11:27.064[Status]Routing 56: Walk: 53
2019-09-05_01:11:27.184[Battery Energy]90.85
2019-09-05_01:11:27.184[Status]Routing Start.
2019-09-05_01:11:27.489[Status]{'coordinate': [564.1183815537859, 426.2662578726639], 'id': 14}
2019-09-05_01:11:27.489[Status]Routing 57: Walk: 54
2019-09-05_01:11:27.590[Battery Energy]90.54
2019-09-05_01:11:27.590[Status]Routing Start.
2019-09-05_01:11:27.961[Status]{'coordinate': [573.4909441751523, 429.752670055491], 'id': 14}
2019-09-05_01:11:27.961[Status]Routing 58: Walk: 55
2019-09-05_01:11:28.061[Battery Energy]90.21
2019-09-05_01:11:28.061[Status]Routing Start.
2019-09-05_01:11:28.378[Status]{'coordinate': [582.8635067965188, 433.23908223831813], 'id': 14}
2019-09-05_01:11:28.378[Status]Routing 59: Walk: 56
2019-09-05_01:11:28.484[Battery Energy]89.91
2019-09-05_01:11:28.484[Status]Routing Start.
2019-09-05_01:11:28.647[Status]{'coordinate': [592.2360694178852, 436.72549442114524], 'id': 14}
2019-09-05_01:11:28.647[Status]Routing 60: Walk: 57
2019-09-05_01:11:28.748[Battery Energy]89.67
2019-09-05_01:11:28.748[Status]Routing Start.
2019-09-05_01:11:28.929[Status]{'coordinate': [601.6086320392517, 440.21190660397235], 'id': 14}
2019-09-05_01:11:28.929[Status]Routing 61: Walk: 58
2019-09-05_01:11:29.032[Battery Energy]89.44
2019-09-05_01:11:29.032[Status]Routing Start.
2019-09-05_01:11:29.245[Status]{'coordinate': [610.9811946606181, 443.69831878679946], 'id': 14}
2019-09-05_01:11:29.245[Status]Routing 62: Walk: 59
2019-09-05_01:11:29.345[Battery Energy]89.17
2019-09-05_01:11:29.345[Status]Routing Start.
2019-09-05_01:11:29.508[Status]{'coordinate': [620.3537572819846, 447.18473096962657], 'id': 14}
2019-09-05_01:11:29.508[Status]Routing 63: Walk: 60
2019-09-05_01:11:29.621[Battery Energy]88.95
2019-09-05_01:11:29.621[Status]Routing Start.
2019-09-05_01:11:29.888[Status]{'coordinate': [629.726319903351, 450.6711431524537], 'id': 14}
2019-09-05_01:11:29.888[Status]Routing 64: Walk: 61
2019-09-05_01:11:29.992[Battery Energy]88.70
2019-09-05_01:11:29.992[Status]Routing Start.
2019-09-05_01:11:30.146[Status]{'coordinate': [639.0988825247175, 454.1575553352808], 'id': 14}
2019-09-05_01:11:30.146[Status]Routing 65: Walk: 62
2019-09-05_01:11:30.252[Battery Energy]88.49
2019-09-05_01:11:30.252[Status]Routing Start.
2019-09-05_01:11:30.449[Status]{'coordinate': [648.4714451460839, 457.6439675181079], 'id': 14}
2019-09-05_01:11:30.449[Status]Routing 66: Walk: 63
2019-09-05_01:11:30.549[Battery Energy]88.25
2019-09-05_01:11:30.549[Status]Routing Start.
2019-09-05_01:11:30.831[Status]{'coordinate': [657.8440077674503, 461.130379700935], 'id': 14}
2019-09-05_01:11:30.831[Status]Routing 67: Walk: 64
2019-09-05_01:11:30.931[Battery Energy]87.99
2019-09-05_01:11:30.931[Status]Routing Start.
2019-09-05_01:11:31.195[Status]{'coordinate': [667.2165703888168, 464.6167918837621], 'id': 14}
2019-09-05_01:11:31.195[Status]Routing 68: Walk: 65
2019-09-05_01:11:31.295[Battery Energy]87.75
2019-09-05_01:11:31.295[Status]Routing Start.
2019-09-05_01:11:31.520[Status]{'coordinate': [676.5891330101832, 468.1032040665892], 'id': 14}
2019-09-05_01:11:31.520[Status]Routing 69: Walk: 66
2019-09-05_01:11:31.620[Battery Energy]87.53
2019-09-05_01:11:31.620[Status]Routing Start.
2019-09-05_01:11:31.821[Status]{'coordinate': [685.9616956315497, 471.58961624941634], 'id': 14}
2019-09-05_01:11:31.821[Status]Routing 70: Walk: 67
2019-09-05_01:11:31.921[Battery Energy]87.31
2019-09-05_01:11:31.922[Status]Routing Start.
2019-09-05_01:11:32.266[Status]{'coordinate': [695.3342582529161, 475.07602843224345], 'id': 14}
2019-09-05_01:11:32.266[Status]Routing 71: Walk: 68
2019-09-05_01:11:32.376[Battery Energy]86.97
2019-09-05_01:11:32.376[Status]Routing Start.
2019-09-05_01:11:32.766[Status]{'coordinate': [704.7068208742826, 478.56244061507056], 'id': 14}
2019-09-05_01:11:32.766[Status]Routing 72: Walk: 69
2019-09-05_01:11:32.868[Battery Energy]86.65
2019-09-05_01:11:32.868[Status]Routing Start.
2019-09-05_01:11:33.084[Status]{'coordinate': [714.0793834956489, 482.04885279789767], 'id': 14}
2019-09-05_01:11:33.084[Status]Routing 73: Walk: 70
2019-09-05_01:11:33.186[Battery Energy]86.40
2019-09-05_01:11:33.186[Status]Routing Start.
2019-09-05_01:11:33.391[Status]{'coordinate': [723.4519461170154, 485.5352649807248], 'id': 14}
2019-09-05_01:11:33.391[Status]Routing 74: Walk: 71
2019-09-05_01:11:33.495[Battery Energy]86.18
2019-09-05_01:11:33.495[Status]Routing Start.
2019-09-05_01:11:33.668[Status]{'coordinate': [732.8245087383818, 489.0216771635519], 'id': 14}
2019-09-05_01:11:33.668[Status]Routing 75: Walk: 72
2019-09-05_01:11:33.768[Battery Energy]85.95
2019-09-05_01:11:33.768[Status]Routing Start.
2019-09-05_01:11:33.975[Status]{'coordinate': [742.1970713597482, 492.508089346379], 'id': 14}
2019-09-05_01:11:33.976[Status]Routing 76: Walk: 73
2019-09-05_01:11:34.080[Battery Energy]85.72
2019-09-05_01:11:34.080[Status]Routing Start.
2019-09-05_01:11:34.231[Status]{'coordinate': [751.5696339811145, 495.9945015292061], 'id': 14}
2019-09-05_01:11:34.231[Status]Routing 77: Walk: 74
2019-09-05_01:11:34.331[Battery Energy]85.52
2019-09-05_01:11:34.331[Status]Routing Start.
2019-09-05_01:11:34.522[Status]{'coordinate': [760.9421966024809, 499.4809137120332], 'id': 14}
2019-09-05_01:11:34.522[Status]Routing 78: Walk: 75
2019-09-05_01:11:34.622[Battery Energy]85.30
2019-09-05_01:11:34.622[Status]Routing Start.
2019-09-05_01:11:34.818[Status]{'coordinate': [770.3147592238472, 502.9673258948603], 'id': 14}
2019-09-05_01:11:34.818[Status]Routing 79: Walk: 76
2019-09-05_01:11:34.918[Battery Energy]85.08
2019-09-05_01:11:34.918[Status]Routing Start.
2019-09-05_01:11:35.109[Status]{'coordinate': [779.6873218452135, 506.45373807768743], 'id': 14}
2019-09-05_01:11:35.109[Status]Routing 80: Walk: 77
2019-09-05_01:11:35.209[Battery Energy]84.84
2019-09-05_01:11:35.209[Status]Routing Start.
2019-09-05_01:11:35.416[Status]{'coordinate': [789.0598844665799, 509.94015026051454], 'id': 14}
2019-09-05_01:11:35.417[Status]Routing 81: Walk: 78
2019-09-05_01:11:35.518[Battery Energy]84.59
2019-09-05_01:11:35.518[Status]Routing Start.
2019-09-05_01:11:35.747[Status]{'coordinate': [798.4324470879462, 513.4265624433417], 'id': 14}
2019-09-05_01:11:35.748[Status]Routing 82: Walk: 79
2019-09-05_01:11:35.848[Battery Energy]84.33
2019-09-05_01:11:35.848[Status]Routing Start.
2019-09-05_01:11:36.010[Status]{'coordinate': [807.8050097093126, 516.9129746261689], 'id': 14}
2019-09-05_01:11:36.010[Status]Routing 83: Walk: 80
2019-09-05_01:11:36.124[Battery Energy]84.12
2019-09-05_01:11:36.124[Status]Routing Start.
2019-09-05_01:11:36.390[Status]{'coordinate': [817.177572330679, 520.399386808996], 'id': 14}
2019-09-05_01:11:36.390[Status]Routing 84: Walk: 81
2019-09-05_01:11:36.507[Battery Energy]83.91
2019-09-05_01:11:36.507[Status]Routing Start.
2019-09-05_01:11:36.697[Status]{'coordinate': [826.5501349520455, 523.8857989918232], 'id': 14}
2019-09-05_01:11:36.697[Status]Routing 85: Walk: 82
2019-09-05_01:11:36.808[Battery Energy]83.72
2019-09-05_01:11:36.808[Status]Routing Start.
2019-09-05_01:11:36.987[Status]{'coordinate': [835.9226975734119, 527.3722111746504], 'id': 14}
2019-09-05_01:11:36.987[Status]Routing 86: Walk: 83
2019-09-05_01:11:37.108[Battery Energy]83.53
2019-09-05_01:11:37.108[Status]Routing Start.
2019-09-05_01:11:37.348[Status]{'coordinate': [845.2952601947784, 530.8586233574775], 'id': 14}
2019-09-05_01:11:37.348[Status]Routing 87: Walk: 84
2019-09-05_01:11:37.448[Battery Energy]83.30
2019-09-05_01:11:37.448[Status]Routing Start.
2019-09-05_01:11:37.657[Status]{'coordinate': [854.6678228161448, 534.3450355403047], 'id': 14}
2019-09-05_01:11:37.657[Status]Routing 88: Walk: 85
2019-09-05_01:11:37.757[Battery Energy]83.04
2019-09-05_01:11:37.757[Status]Routing Start.
2019-09-05_01:11:38.117[Status]{'coordinate': [864.0403854375113, 537.8314477231319], 'id': 14}
2019-09-05_01:11:38.117[Status]Routing 89: Walk: 86
2019-09-05_01:11:38.236[Battery Energy]82.75
2019-09-05_01:11:38.236[Status]Routing Start.
2019-09-05_01:11:38.449[Status]{'coordinate': [873.4129480588778, 541.317859905959], 'id': 14}
2019-09-05_01:11:38.449[Status]Routing 90: Walk: 87
2019-09-05_01:11:38.549[Battery Energy]82.56
2019-09-05_01:11:38.549[Status]Routing Start.
2019-09-05_01:11:38.718[Status]{'coordinate': [882.7855106802442, 544.8042720887862], 'id': 14}
2019-09-05_01:11:38.718[Status]Routing 91: Walk: 88
2019-09-05_01:11:38.832[Battery Energy]82.35
2019-09-05_01:11:38.832[Status]Routing Start.
2019-09-05_01:11:39.005[Status]{'coordinate': [892.1580733016107, 548.2906842716134], 'id': 14}
2019-09-05_01:11:39.005[Status]Routing 92: Walk: 89
2019-09-05_01:11:39.120[Battery Energy]82.13
2019-09-05_01:11:39.120[Status]Routing Start.
2019-09-05_01:11:39.279[Status]{'coordinate': [901.5306359229771, 551.7770964544405], 'id': 14}
2019-09-05_01:11:39.279[Status]Routing 93: Walk: 90
2019-09-05_01:11:39.384[Battery Energy]81.92
2019-09-05_01:11:39.384[Status]Routing Start.
2019-09-05_01:11:39.559[Status]{'coordinate': [910.9031985443436, 555.2635086372677], 'id': 14}
2019-09-05_01:11:39.560[Status]Routing 94: Walk: 91
2019-09-05_01:11:39.663[Battery Energy]81.71
2019-09-05_01:11:39.664[Status]Routing Start.
2019-09-05_01:11:39.858[Status]{'coordinate': [920.27576116571, 558.7499208200949], 'id': 14}
2019-09-05_01:11:39.859[Status]Routing 95: Walk: 92
2019-09-05_01:11:39.972[Battery Energy]81.50
2019-09-05_01:11:39.972[Status]Routing Start.
2019-09-05_01:11:40.124[Status]{'coordinate': [929.6483237870765, 562.236333002922], 'id': 14}
2019-09-05_01:11:40.125[Status]Routing 96: Walk: 93
2019-09-05_01:11:40.225[Battery Energy]81.28
2019-09-05_01:11:40.225[Status]Routing Start.
2019-09-05_01:11:40.491[Status]{'coordinate': [939.020886408443, 565.7227451857492], 'id': 14}
2019-09-05_01:11:40.496[Status]Routing 97: Walk: 94
2019-09-05_01:11:40.596[Battery Energy]81.02
2019-09-05_01:11:40.596[Status]Routing Start.
2019-09-05_01:11:40.854[Status]{'coordinate': [948.3934490298094, 569.2091573685764], 'id': 14}
2019-09-05_01:11:40.854[Status]Routing 98: Walk: 95
2019-09-05_01:11:40.957[Battery Energy]80.76
2019-09-05_01:11:40.957[Status]Routing Start.
2019-09-05_01:11:41.120[Status]{'coordinate': [957.7660116511759, 572.6955695514035], 'id': 14}
2019-09-05_01:11:41.120[Status]Routing 99: Walk: 96
2019-09-05_01:11:41.232[Battery Energy]80.53
2019-09-05_01:11:41.232[Status]Routing Start.
2019-09-05_01:11:41.393[Status]{'coordinate': [967.1385742725423, 576.1819817342307], 'id': 14}
2019-09-05_01:11:41.393[Status]Routing 100: Walk: 97
2019-09-05_01:11:41.500[Battery Energy]80.34
2019-09-05_01:11:41.500[Status]Routing Start.
2019-09-05_01:11:41.643[Status]{'coordinate': [976.5111368939088, 579.6683939170579], 'id': 14}
2019-09-05_01:11:41.644[Status]Routing 101: Walk: 98
2019-09-05_01:11:41.748[Battery Energy]80.15
2019-09-05_01:11:41.748[Status]Routing Start.
2019-09-05_01:11:42.083[Status]{'coordinate': [985.8836995152752, 583.154806099885], 'id': 14}
2019-09-05_01:11:42.083[Status]Routing 102: Walk: 99
2019-09-05_01:11:42.183[Battery Energy]79.86
2019-09-05_01:11:42.183[Status]Routing Start.
2019-09-05_01:11:42.500[Status]{'coordinate': [995.2562621366417, 586.6412182827122], 'id': 14}
2019-09-05_01:11:42.500[Status]Routing 103: Walk: 100
2019-09-05_01:11:42.600[Battery Energy]79.54
2019-09-05_01:11:42.600[Status]Routing Start.
2019-09-05_01:11:42.891[Status]{'coordinate': [1004.6288247580081, 590.1276304655394], 'id': 14}
2019-09-05_01:11:42.891[Status]Routing 104: Walk: 101
2019-09-05_01:11:42.992[Battery Energy]79.29
2019-09-05_01:11:42.992[Status]Routing Start.
2019-09-05_01:11:43.388[Status]{'coordinate': [1014.0013873793746, 593.6140426483665], 'id': 14}
2019-09-05_01:11:43.388[Status]Routing 105: Walk: 102
2019-09-05_01:11:43.488[Battery Energy]78.93
2019-09-05_01:11:43.488[Status]Routing Start.
2019-09-05_01:11:43.793[Status]{'coordinate': [1023.373950000741, 597.1004548311937], 'id': 14}
2019-09-05_01:11:43.793[Status]Routing 106: Walk: 103
2019-09-05_01:11:43.895[Battery Energy]78.68
2019-09-05_01:11:43.895[Status]Routing Start.
2019-09-05_01:11:44.277[Status]{'coordinate': [1032.7465126221075, 600.5868670140209], 'id': 14}
2019-09-05_01:11:44.284[Status]Routing 107: Walk: 104
2019-09-05_01:11:44.387[Battery Energy]78.34
2019-09-05_01:11:44.387[Status]Routing Start.
2019-09-05_01:11:44.755[Status]{'coordinate': [1042.1190752434738, 604.073279196848], 'id': 14}
2019-09-05_01:11:44.755[Status]Routing 108: Walk: 105
2019-09-05_01:11:44.860[Battery Energy]77.99
2019-09-05_01:11:44.860[Status]Routing Start.
2019-09-05_01:11:45.196[Status]{'coordinate': [1051.4916378648402, 607.5596913796751], 'id': 14}
2019-09-05_01:11:45.197[Status]Routing 109: Walk: 106
2019-09-05_01:11:45.308[Battery Energy]77.71
2019-09-05_01:11:45.308[Status]Routing Start.
2019-09-05_01:11:45.615[Status]{'coordinate': [1060.8642004862065, 611.0461035625021], 'id': 14}
2019-09-05_01:11:45.615[Status]Routing 110: Walk: 107
2019-09-05_01:11:45.715[Battery Energy]77.43
2019-09-05_01:11:45.715[Status]Routing Start.
2019-09-05_01:11:46.053[Status]{'coordinate': [1070.2367631075729, 614.5325157453292], 'id': 14}
2019-09-05_01:11:46.053[Status]Routing 111: Walk: 108
2019-09-05_01:11:46.156[Battery Energy]77.12
2019-09-05_01:11:46.156[Status]Routing Start.
2019-09-05_01:11:46.333[Status]{'coordinate': [1079.6093257289392, 618.0189279281564], 'id': 14}
2019-09-05_01:11:46.333[Status]Routing 112: Walk: 109
2019-09-05_01:11:46.433[Battery Energy]76.91
2019-09-05_01:11:46.433[Status]Routing Start.
2019-09-05_01:11:46.620[Status]{'coordinate': [1088.9818883503056, 621.5053401109834], 'id': 14}
2019-09-05_01:11:46.620[Status]Routing 113: Walk: 110
2019-09-05_01:11:46.731[Battery Energy]76.67
2019-09-05_01:11:46.731[Status]Routing Start.
2019-09-05_01:11:46.961[Status]{'coordinate': [1098.354450971672, 624.9917522938105], 'id': 14}
2019-09-05_01:11:46.961[Status]Routing 114: Walk: 111
2019-09-05_01:11:47.062[Battery Energy]76.41
2019-09-05_01:11:47.062[Status]Routing Start.
2019-09-05_01:11:47.277[Status]{'coordinate': [1107.7270135930382, 628.4781644766376], 'id': 14}
2019-09-05_01:11:47.277[Status]Routing 115: Walk: 112
2019-09-05_01:11:47.377[Battery Energy]76.22
2019-09-05_01:11:47.377[Status]Routing Start.
2019-09-05_01:11:47.566[Status]{'coordinate': [1117.0995762144046, 631.9645766594647], 'id': 14}
2019-09-05_01:11:47.566[Status]Routing 116: Walk: 113
2019-09-05_01:11:47.672[Battery Energy]76.01
2019-09-05_01:11:47.672[Status]Routing Start.
2019-09-05_01:11:47.876[Status]{'coordinate': [1126.472138835771, 635.4509888422917], 'id': 14}
2019-09-05_01:11:47.876[Status]Routing 117: Walk: 114
2019-09-05_01:11:47.983[Battery Energy]75.82
2019-09-05_01:11:47.983[Status]Routing Start.
2019-09-05_01:11:48.173[Status]{'coordinate': [1135.8447014571373, 638.9374010251188], 'id': 14}
2019-09-05_01:11:48.173[Status]Routing 118: Walk: 115
2019-09-05_01:11:48.274[Battery Energy]75.62
2019-09-05_01:11:48.274[Status]Routing Start.
2019-09-05_01:11:48.553[Status]{'coordinate': [1145.2172640785036, 642.423813207946], 'id': 14}
2019-09-05_01:11:48.553[Status]Routing 119: Walk: 116
2019-09-05_01:11:48.653[Battery Energy]75.32
2019-09-05_01:11:48.653[Status]Routing Start.
2019-09-05_01:11:48.937[Status]{'coordinate': [1154.58982669987, 645.910225390773], 'id': 14}
2019-09-05_01:11:48.937[Status]Routing 120: Walk: 117
2019-09-05_01:11:49.037[Battery Energy]74.97
2019-09-05_01:11:49.038[Status]Routing Start.
2019-09-05_01:11:49.297[Status]{'coordinate': [1163.9623893212363, 649.3966375736001], 'id': 14}
2019-09-05_01:11:49.297[Status]Routing 121: Walk: 118
2019-09-05_01:11:49.408[Battery Energy]74.71
2019-09-05_01:11:49.408[Status]Routing Start.
2019-09-05_01:11:49.775[Status]{'coordinate': [1173.3349519426026, 652.8830497564272], 'id': 14}
2019-09-05_01:11:49.775[Status]Routing 122: Walk: 119
2019-09-05_01:11:49.884[Battery Energy]74.41
2019-09-05_01:11:49.884[Status]Routing Start.
2019-09-05_01:11:50.293[Status]{'coordinate': [1182.707514563969, 656.3694619392543], 'id': 14}
2019-09-05_01:11:50.293[Status]Routing 123: Walk: 120
2019-09-05_01:11:50.404[Battery Energy]74.11
2019-09-05_01:11:50.404[Status]Routing Start.
2019-09-05_01:11:50.575[Status]{'coordinate': [1192.0800771853353, 659.8558741220813], 'id': 14}
2019-09-05_01:11:50.575[Status]Routing 124: Walk: 121
2019-09-05_01:11:50.680[Battery Energy]73.88
2019-09-05_01:11:50.680[Status]Routing Start.
2019-09-05_01:11:51.018[Status]{'coordinate': [1201.4526398067017, 663.3422863049085], 'id': 14}
2019-09-05_01:11:51.018[Status]Routing 125: Walk: 122
2019-09-05_01:11:51.118[Battery Energy]73.58
2019-09-05_01:11:51.118[Status]Routing Start.
2019-09-05_01:11:51.537[Status]{'coordinate': [1210.825202428068, 666.8286984877356], 'id': 14}
2019-09-05_01:11:51.537[Status]Routing 126: Walk: 123
2019-09-05_01:11:51.653[Battery Energy]73.23
2019-09-05_01:11:51.657[Status]Routing Start.
2019-09-05_01:11:51.902[Status]{'coordinate': [1220.1977650494343, 670.3151106705626], 'id': 14}
2019-09-05_01:11:51.903[Status]Routing 127: Walk: 124
2019-09-05_01:11:52.004[Battery Energy]72.97
2019-09-05_01:11:52.004[Status]Routing Start.
2019-09-05_01:11:52.325[Status]{'coordinate': [1229.5703276708007, 673.8015228533897], 'id': 14}
2019-09-05_01:11:52.325[Status]Routing 128: Walk: 125
2019-09-05_01:11:52.425[Battery Energy]72.68
2019-09-05_01:11:52.425[Status]Routing Start.
2019-09-05_01:11:52.579[Status]{'coordinate': [1238.942890292167, 677.2879350362168], 'id': 14}
2019-09-05_01:11:52.580[Status]Routing 129: Walk: 126
2019-09-05_01:11:52.683[Battery Energy]72.46
2019-09-05_01:11:52.683[Status]Routing Start.
2019-09-05_01:11:52.855[Status]{'coordinate': [1248.3154529135334, 680.7743472190439], 'id': 14}
2019-09-05_01:11:52.855[Status]Routing 130: Walk: 127
2019-09-05_01:11:52.960[Battery Energy]72.27
2019-09-05_01:11:52.960[Status]Routing Start.
2019-09-05_01:11:53.114[Status]{'coordinate': [1257.6880155348997, 684.2607594018709], 'id': 14}
2019-09-05_01:11:53.114[Status]Routing 131: Walk: 128
2019-09-05_01:11:53.215[Battery Energy]72.06
2019-09-05_01:11:53.215[Status]Routing Start.
2019-09-05_01:11:53.411[Status]{'coordinate': [1267.060578156266, 687.7471715846981], 'id': 14}
2019-09-05_01:11:53.411[Status]Routing 132: Walk: 129
2019-09-05_01:11:53.512[Battery Energy]71.82
2019-09-05_01:11:53.512[Status]Routing Start.
2019-09-05_01:11:53.766[Status]{'coordinate': [1276.4331407776324, 691.2335837675251], 'id': 14}
2019-09-05_01:11:53.766[Status]Routing 133: Walk: 130
2019-09-05_01:11:53.876[Battery Energy]71.54
2019-09-05_01:11:53.876[Status]Routing Start.
2019-09-05_01:11:54.047[Status]{'coordinate': [1285.8057033989987, 694.7199959503522], 'id': 14}
2019-09-05_01:11:54.047[Status]Routing 134: Walk: 131
2019-09-05_01:11:54.156[Battery Energy]71.31
2019-09-05_01:11:54.156[Status]Routing Start.
2019-09-05_01:11:54.358[Status]{'coordinate': [1295.178266020365, 698.2064081331793], 'id': 14}
2019-09-05_01:11:54.358[Status]Routing 135: Walk: 132
2019-09-05_01:11:54.467[Battery Energy]71.07
2019-09-05_01:11:54.467[Status]Routing Start.
2019-09-05_01:11:54.467[Status]Task Finished.
2019-09-05_01:11:54.568[Battery Energy]71.07
2019-09-05_01:11:54.784[Status]Routing 137: Walk: 132
2019-09-05_01:11:54.884[Battery Energy]70.95
2019-09-05_01:11:55.061[Status]Routing 138: Walk: 132
2019-09-05_01:11:55.161[Battery Energy]70.87
2019-09-05_01:11:55.429[Status]Routing 139: Walk: 132
2019-09-05_01:11:55.532[Battery Energy]70.71
2019-09-05_01:11:55.722[Status]Routing 140: Walk: 132
2019-09-05_01:11:55.844[Battery Energy]70.58
2019-09-05_01:11:56.010[Status]Routing 141: Walk: 132
2019-09-05_01:11:56.116[Battery Energy]70.45
2019-09-05_01:11:56.378[Status]Routing 142: Walk: 132
2019-09-05_01:11:56.488[Battery Energy]70.32
2019-09-05_01:11:56.654[Status]Routing 143: Walk: 132
2019-09-05_01:11:56.760[Battery Energy]70.21
2019-09-05_01:11:56.968[Status]Routing 144: Walk: 132
2019-09-05_01:11:57.080[Battery Energy]70.09
2019-09-05_01:11:57.244[Status]Routing 145: Walk: 132
2019-09-05_01:11:57.347[Battery Energy]69.95
2019-09-05_01:11:57.543[Status]Routing 146: Walk: 132
2019-09-05_01:11:57.644[Battery Energy]69.86
2019-09-05_01:11:57.840[Status]Routing 147: Walk: 132
2019-09-05_01:11:57.948[Battery Energy]69.76
2019-09-05_01:11:58.102[Status]Routing 148: Walk: 132
2019-09-05_01:11:58.223[Battery Energy]69.66
2019-09-05_01:11:58.418[Status]Routing 149: Walk: 132
2019-09-05_01:11:58.521[Battery Energy]69.51
2019-09-05_01:11:58.711[Status]Routing 150: Walk: 132
2019-09-05_01:11:58.814[Battery Energy]69.37
2019-09-05_01:11:59.021[Status]Routing 151: Walk: 132
2019-09-05_01:11:59.151[Battery Energy]69.20
2019-09-05_01:11:59.400[Status]Routing 152: Walk: 132
2019-09-05_01:11:59.508[Battery Energy]69.09
2019-09-05_01:11:59.728[Status]Routing 153: Walk: 132
2019-09-05_01:11:59.848[Battery Energy]68.95
2019-09-05_01:12:00.063[Status]Routing 154: Walk: 132
2019-09-05_01:12:00.185[Battery Energy]68.87
2019-09-05_01:12:00.357[Status]Routing 155: Walk: 132
2019-09-05_01:12:00.468[Battery Energy]68.74
2019-09-05_01:12:00.624[Status]Routing 156: Walk: 132
2019-09-05_01:12:00.724[Battery Energy]68.66
2019-09-05_01:12:00.948[Status]Routing 157: Walk: 132
2019-09-05_01:12:01.048[Battery Energy]68.52
2019-09-05_01:12:01.229[Status]Routing 158: Walk: 132
2019-09-05_01:12:01.348[Battery Energy]68.40
2019-09-05_01:12:01.533[Status]Routing 159: Walk: 132
2019-09-05_01:12:01.643[Battery Energy]68.31
2019-09-05_01:12:01.831[Status]Routing 160: Walk: 132
2019-09-05_01:12:01.944[Battery Energy]68.20
2019-09-05_01:12:02.093[Status]Routing 161: Walk: 132
2019-09-05_01:12:02.208[Battery Energy]68.11
2019-09-05_01:12:02.389[Status]Routing 162: Walk: 132
2019-09-05_01:12:02.492[Battery Energy]68.02
2019-09-05_01:12:02.668[Status]Routing 163: Walk: 132
2019-09-05_01:12:02.776[Battery Energy]67.89
2019-09-05_01:12:03.025[Status]Routing 164: Walk: 132
2019-09-05_01:12:03.136[Battery Energy]67.75
2019-09-05_01:12:03.352[Status]Routing 165: Walk: 132
2019-09-05_01:12:03.453[Battery Energy]67.62
2019-09-05_01:12:03.721[Status]Routing 166: Walk: 132
2019-09-05_01:12:03.828[Battery Energy]67.45
2019-09-05_01:12:03.993[Status]Routing 167: Walk: 132
2019-09-05_01:12:04.093[Battery Energy]67.33
2019-09-05_01:12:04.261[Status]Routing 168: Walk: 132
2019-09-05_01:12:04.380[Battery Energy]67.22
2019-09-05_01:12:04.591[Status]Routing 169: Walk: 132
2019-09-05_01:12:04.728[Battery Energy]67.09
2019-09-05_01:12:04.935[Status]Routing 170: Walk: 132
2019-09-05_01:12:05.035[Battery Energy]66.94
2019-09-05_01:12:05.236[Status]Routing 171: Walk: 132
2019-09-05_01:12:05.340[Battery Energy]66.84
2019-09-05_01:12:05.478[Status]Routing 172: Walk: 132
2019-09-05_01:12:05.583[Battery Energy]66.75
2019-09-05_01:12:05.728[Status]Routing 173: Walk: 132
2019-09-05_01:12:05.840[Battery Energy]66.65
2019-09-05_01:12:06.015[Status]Routing 174: Walk: 132
2019-09-05_01:12:06.120[Battery Energy]66.55
2019-09-05_01:12:06.294[Status]Routing 175: Walk: 132
2019-09-05_01:12:06.408[Battery Energy]66.44
2019-09-05_01:12:06.597[Status]Routing 176: Walk: 132
2019-09-05_01:12:06.712[Battery Energy]66.26
2019-09-05_01:12:06.906[Status]Routing 177: Walk: 132
2019-09-05_01:12:07.008[Battery Energy]66.12
2019-09-05_01:12:07.267[Status]Routing 178: Walk: 132
2019-09-05_01:12:07.400[Battery Energy]65.99
2019-09-05_01:12:07.644[Status]Routing 179: Walk: 132
2019-09-05_01:12:07.744[Battery Energy]65.84
2019-09-05_01:12:07.956[Status]Routing 180: Walk: 132
2019-09-05_01:12:08.076[Battery Energy]65.68
2019-09-05_01:12:08.271[Status]Routing 181: Walk: 132
2019-09-05_01:12:08.400[Battery Energy]65.52
2019-09-05_01:12:08.544[Status]Routing 182: Walk: 132
2019-09-05_01:12:08.660[Battery Energy]65.45
2019-09-05_01:12:08.869[Status]Routing 183: Walk: 132
2019-09-05_01:12:08.969[Battery Energy]65.33
2019-09-05_01:12:09.194[Status]Routing 184: Walk: 132
2019-09-05_01:12:09.316[Battery Energy]65.24
2019-09-05_01:12:09.462[Status]Routing 185: Walk: 132
2019-09-05_01:12:09.580[Battery Energy]65.14
2019-09-05_01:12:09.721[Status]Routing 186: Walk: 132
2019-09-05_01:12:09.824[Battery Energy]65.04
2019-09-05_01:12:10.053[Status]Routing 187: Walk: 132
2019-09-05_01:12:10.153[Battery Energy]64.94
2019-09-05_01:12:10.330[Status]Routing 188: Walk: 132
2019-09-05_01:12:10.436[Battery Energy]64.83
2019-09-05_01:12:10.643[Status]Routing 189: Walk: 132
2019-09-05_01:12:10.755[Battery Energy]64.71
2019-09-05_01:12:10.910[Status]Routing 190: Walk: 132
2019-09-05_01:12:11.012[Battery Energy]64.58
2019-09-05_01:12:11.248[Status]Routing 191: Walk: 132
2019-09-05_01:12:11.348[Battery Energy]64.43
2019-09-05_01:12:11.523[Status]Routing 192: Walk: 132
2019-09-05_01:12:11.640[Battery Energy]64.31
2019-09-05_01:12:11.755[Status]Routing 193: Walk: 132
2019-09-05_01:12:11.864[Battery Energy]64.21
2019-09-05_01:12:12.090[Status]Routing 194: Walk: 132
2019-09-05_01:12:12.190[Battery Energy]64.06
2019-09-05_01:12:12.401[Status]Routing 195: Walk: 132
2019-09-05_01:12:12.524[Battery Energy]63.89
2019-09-05_01:12:12.689[Status]Routing 196: Walk: 132
2019-09-05_01:12:12.808[Battery Energy]63.76
2019-09-05_01:12:12.937[Status]Routing 197: Walk: 132
2019-09-05_01:12:13.049[Battery Energy]63.64
2019-09-05_01:12:13.186[Status]Routing 198: Walk: 132
2019-09-05_01:12:13.286[Battery Energy]63.53
2019-09-05_01:12:13.436[Status]Routing 199: Walk: 132
2019-09-05_01:12:13.536[Battery Energy]63.40
2019-09-05_01:12:13.852[Status]Routing 200: Walk: 132
2019-09-05_01:12:13.956[Battery Energy]63.22
2019-09-05_01:12:14.142[Status]Routing 201: Walk: 132
2019-09-05_01:12:14.252[Battery Energy]63.10
2019-09-05_01:12:14.417[Status]Routing 202: Walk: 132
2019-09-05_01:12:14.517[Battery Energy]62.99
2019-09-05_01:12:14.705[Status]Routing 203: Walk: 132
2019-09-05_01:12:14.805[Battery Energy]62.92
2019-09-05_01:12:14.968[Status]Routing 204: Walk: 132
2019-09-05_01:12:15.102[Battery Energy]62.82
2019-09-05_01:12:15.254[Status]Routing 205: Walk: 132
2019-09-05_01:12:15.354[Battery Energy]62.72
2019-09-05_01:12:15.517[Status]Routing 206: Walk: 132
2019-09-05_01:12:15.617[Battery Energy]62.63
2019-09-05_01:12:15.770[Status]Routing 207: Walk: 132
2019-09-05_01:12:15.880[Battery Energy]62.54
2019-09-05_01:12:16.069[Status]Routing 208: Walk: 132
2019-09-05_01:12:16.179[Battery Energy]62.45
2019-09-05_01:12:16.330[Status]Routing 209: Walk: 132
2019-09-05_01:12:16.430[Battery Energy]62.34
2019-09-05_01:12:16.622[Status]Routing 210: Walk: 132
2019-09-05_01:12:16.724[Battery Energy]62.18
2019-09-05_01:12:16.967[Status]Routing 211: Walk: 132
2019-09-05_01:12:17.076[Battery Energy]62.07
2019-09-05_01:12:17.257[Status]Routing 212: Walk: 132
2019-09-05_01:12:17.368[Battery Energy]61.96
2019-09-05_01:12:17.548[Status]Routing 213: Walk: 132
2019-09-05_01:12:17.656[Battery Energy]61.84
2019-09-05_01:12:17.815[Status]Routing 214: Walk: 132
2019-09-05_01:12:17.917[Battery Energy]61.72
2019-09-05_01:12:18.130[Status]Routing 215: Walk: 132
2019-09-05_01:12:18.230[Battery Energy]61.57
2019-09-05_01:12:18.474[Status]Routing 216: Walk: 132
2019-09-05_01:12:18.574[Battery Energy]61.46
2019-09-05_01:12:18.798[Status]Routing 217: Walk: 132
2019-09-05_01:12:18.898[Battery Energy]61.33
2019-09-05_01:12:19.052[Status]Routing 218: Walk: 132
2019-09-05_01:12:19.152[Battery Energy]61.24
2019-09-05_01:12:19.393[Status]Routing 219: Walk: 132
2019-09-05_01:12:19.493[Battery Energy]61.09
2019-09-05_01:12:19.704[Status]Routing 220: Walk: 132
2019-09-05_01:12:19.816[Battery Energy]60.95
2019-09-05_01:12:20.048[Status]Routing 221: Walk: 132
2019-09-05_01:12:20.156[Battery Energy]60.81
2019-09-05_01:12:20.352[Status]Routing 222: Walk: 132
2019-09-05_01:12:20.452[Battery Energy]60.69
2019-09-05_01:12:20.672[Status]Routing 223: Walk: 132
2019-09-05_01:12:20.784[Battery Energy]60.54
2019-09-05_01:12:20.934[Status]Routing 224: Walk: 132
2019-09-05_01:12:21.034[Battery Energy]60.43
2019-09-05_01:12:21.181[Status]Routing 225: Walk: 132
2019-09-05_01:12:21.281[Battery Energy]60.31
2019-09-05_01:12:21.433[Status]Routing 226: Walk: 132
2019-09-05_01:12:21.533[Battery Energy]60.20
2019-09-05_01:12:21.714[Status]Routing 227: Walk: 132
2019-09-05_01:12:21.814[Battery Energy]60.10
2019-09-05_01:12:22.088[Status]Routing 228: Walk: 132
2019-09-05_01:12:22.189[Battery Energy]59.92
2019-09-05_01:12:22.352[Status]Routing 229: Walk: 132
2019-09-05_01:12:22.456[Battery Energy]59.76
2019-09-05_01:12:22.697[Status]Routing 230: Walk: 132
2019-09-05_01:12:22.804[Battery Energy]59.64
2019-09-05_01:12:22.938[Status]Routing 231: Walk: 132
2019-09-05_01:12:23.038[Battery Energy]59.52
2019-09-05_01:12:23.209[Status]Routing 232: Walk: 132
2019-09-05_01:12:23.309[Battery Energy]59.39
2019-09-05_01:12:23.463[Status]Routing 233: Walk: 132
2019-09-05_01:12:23.563[Battery Energy]59.27
2019-09-05_01:12:23.742[Status]Routing 234: Walk: 132
2019-09-05_01:12:23.843[Battery Energy]59.10
2019-09-05_01:12:24.040[Status]Routing 235: Walk: 132
2019-09-05_01:12:24.144[Battery Energy]59.00
2019-09-05_01:12:24.400[Status]Routing 236: Walk: 132
2019-09-05_01:12:24.520[Battery Energy]58.84
2019-09-05_01:12:24.673[Status]Routing 237: Walk: 132
2019-09-05_01:12:24.773[Battery Energy]58.75
2019-09-05_01:12:24.986[Status]Routing 238: Walk: 132
2019-09-05_01:12:25.092[Battery Energy]58.63
2019-09-05_01:12:25.259[Status]Routing 239: Walk: 132
2019-09-05_01:12:25.364[Battery Energy]58.53
2019-09-05_01:12:25.583[Status]Routing 240: Walk: 132
2019-09-05_01:12:25.692[Battery Energy]58.36
2019-09-05_01:12:25.860[Status]Routing 241: Walk: 132
2019-09-05_01:12:25.975[Battery Energy]58.26
2019-09-05_01:12:26.115[Status]Routing 242: Walk: 132
2019-09-05_01:12:26.224[Battery Energy]58.14
2019-09-05_01:12:26.402[Status]Routing 243: Walk: 132
2019-09-05_01:12:26.502[Battery Energy]58.04
2019-09-05_01:12:26.670[Status]Routing 244: Walk: 132
2019-09-05_01:12:26.780[Battery Energy]57.95
2019-09-05_01:12:26.989[Status]Routing 245: Walk: 132
2019-09-05_01:12:27.100[Battery Energy]57.80
2019-09-05_01:12:27.286[Status]Routing 246: Walk: 132
2019-09-05_01:12:27.428[Battery Energy]57.68
2019-09-05_01:12:27.651[Status]Routing 247: Walk: 132
2019-09-05_01:12:27.751[Battery Energy]57.56
2019-09-05_01:12:28.035[Status]Routing 248: Walk: 132
2019-09-05_01:12:28.152[Battery Energy]57.39
2019-09-05_01:12:28.377[Status]Routing 249: Walk: 132
2019-09-05_01:12:28.478[Battery Energy]57.28
2019-09-05_01:12:28.664[Status]Routing 250: Walk: 132
2019-09-05_01:12:28.772[Battery Energy]57.19
2019-09-05_01:12:28.925[Status]Routing 251: Walk: 132
2019-09-05_01:12:29.032[Battery Energy]57.06
2019-09-05_01:12:29.197[Status]Routing 252: Walk: 132
2019-09-05_01:12:29.320[Battery Energy]56.96
2019-09-05_01:12:29.473[Status]Routing 253: Walk: 132
2019-09-05_01:12:29.573[Battery Energy]56.89
2019-09-05_01:12:29.726[Status]Routing 254: Walk: 132
2019-09-05_01:12:29.836[Battery Energy]56.79
2019-09-05_01:12:30.040[Status]Routing 255: Walk: 132
2019-09-05_01:12:30.141[Battery Energy]56.68
2019-09-05_01:12:30.333[Status]Routing 256: Walk: 132
2019-09-05_01:12:30.436[Battery Energy]56.54
2019-09-05_01:12:30.599[Status]Routing 257: Walk: 132
2019-09-05_01:12:30.699[Battery Energy]56.42
2019-09-05_01:12:30.893[Status]Routing 258: Walk: 132
2019-09-05_01:12:30.993[Battery Energy]56.30
2019-09-05_01:12:31.270[Status]Routing 259: Walk: 132
2019-09-05_01:12:31.376[Battery Energy]56.12
2019-09-05_01:12:31.573[Status]Routing 260: Walk: 132
2019-09-05_01:12:31.673[Battery Energy]55.98
2019-09-05_01:12:31.819[Status]Routing 261: Walk: 132
2019-09-05_01:12:31.936[Battery Energy]55.86
2019-09-05_01:12:32.134[Status]Routing 262: Walk: 132
2019-09-05_01:12:32.244[Battery Energy]55.74
2019-09-05_01:12:32.446[Status]Routing 263: Walk: 132
2019-09-05_01:12:32.546[Battery Energy]55.60
2019-09-05_01:12:32.728[Status]Routing 264: Walk: 132
2019-09-05_01:12:32.828[Battery Energy]55.49
2019-09-05_01:12:32.982[Status]Routing 265: Walk: 132
2019-09-05_01:12:33.082[Battery Energy]55.40
2019-09-05_01:12:33.262[Status]Routing 266: Walk: 132
2019-09-05_01:12:33.368[Battery Energy]55.27
2019-09-05_01:12:33.569[Status]Routing 267: Walk: 132
2019-09-05_01:12:33.688[Battery Energy]55.15
2019-09-05_01:12:33.821[Status]Routing 268: Walk: 132
2019-09-05_01:12:33.921[Battery Energy]55.07
2019-09-05_01:12:34.124[Status]Routing 269: Walk: 132
2019-09-05_01:12:34.232[Battery Energy]54.97
2019-09-05_01:12:34.401[Status]Routing 270: Walk: 132
2019-09-05_01:12:34.509[Battery Energy]54.80
2019-09-05_01:12:34.689[Status]Routing 271: Walk: 132
2019-09-05_01:12:34.789[Battery Energy]54.66
2019-09-05_01:12:35.021[Status]Routing 272: Walk: 132
2019-09-05_01:12:35.140[Battery Energy]54.53
2019-09-05_01:12:35.338[Status]Routing 273: Walk: 132
2019-09-05_01:12:35.464[Battery Energy]54.38
2019-09-05_01:12:35.650[Status]Routing 274: Walk: 132
2019-09-05_01:12:35.750[Battery Energy]54.21
2019-09-05_01:12:35.947[Status]Routing 275: Walk: 132
2019-09-05_01:12:36.047[Battery Energy]54.07
2019-09-05_01:12:36.219[Status]Routing 276: Walk: 132
2019-09-05_01:12:36.324[Battery Energy]53.94
2019-09-05_01:12:36.558[Status]Routing 277: Walk: 132
2019-09-05_01:12:36.672[Battery Energy]53.82
2019-09-05_01:12:36.841[Status]Routing 278: Walk: 132
2019-09-05_01:12:36.948[Battery Energy]53.71
2019-09-05_01:12:37.143[Status]Routing 279: Walk: 132
2019-09-05_01:12:37.248[Battery Energy]53.59
2019-09-05_01:12:37.487[Status]Routing 280: Walk: 132
2019-09-05_01:12:37.587[Battery Energy]53.44
2019-09-05_01:12:37.755[Status]Routing 281: Walk: 132
2019-09-05_01:12:37.876[Battery Energy]53.31
