2019-09-05_01:10:55.384[Status]Start.
2019-09-05_01:10:55.384[Battery Energy]109.00
2019-09-05_01:10:56.484[Battery Energy]108.96
2019-09-05_01:10:57.586[Battery Energy]108.92
2019-09-05_01:10:58.686[Battery Energy]108.88
2019-09-05_01:10:59.787[Battery Energy]108.84
2019-09-05_01:11:00.888[Task]A New Task Released.
2019-09-05_01:11:00.888[Battery Energy]108.80
2019-09-05_01:11:00.888[Status]Selection Start.
2019-09-05_01:11:03.229[Status]Selection End: Do Task 1.
2019-09-05_01:11:03.329[Battery Energy]107.17
2019-09-05_01:11:03.329[Status]Formation Start.
2019-09-05_01:11:03.549[Status]Formation End: To Position 3.
2019-09-05_01:11:03.652[Battery Energy]107.06
2019-09-05_01:11:03.652[Status]Routing Start.
2019-09-05_01:11:03.826[Status]{'coordinate': [67.80038076645775, 531.9880987984617], 'id': 9}
2019-09-05_01:11:03.826[Status]Routing 1: Walk: 1
2019-09-05_01:11:03.926[Battery Energy]106.84
2019-09-05_01:11:03.926[Status]Routing Start.
2019-09-05_01:11:04.190[Status]{'coordinate': [77.6007615329155, 533.9761975969234], 'id': 9}
2019-09-05_01:11:04.192[Status]Routing 2: Walk: 2
2019-09-05_01:11:04.316[Battery Energy]106.58
2019-09-05_01:11:04.316[Status]Routing Start.
2019-09-05_01:11:04.470[Status]{'coordinate': [87.40114229937325, 535.9642963953851], 'id': 9}
2019-09-05_01:11:04.471[Status]Routing 3: Walk: 3
2019-09-05_01:11:04.584[Battery Energy]106.40
2019-09-05_01:11:04.585[Status]Routing Start.
2019-09-05_01:11:04.717[Status]{'coordinate': [97.201523065831, 537.9523951938468], 'id': 9}
2019-09-05_01:11:04.718[Status]Routing 4: Walk: 4
2019-09-05_01:11:04.828[Battery Energy]106.19
2019-09-05_01:11:04.828[Status]Routing Start.
2019-09-05_01:11:05.090[Status]{'coordinate': [107.00190383228875, 539.9404939923085], 'id': 9}
2019-09-05_01:11:05.090[Status]Routing 5: Walk: 5
2019-09-05_01:11:05.190[Battery Energy]105.91
2019-09-05_01:11:05.190[Status]Routing Start.
2019-09-05_01:11:05.535[Status]{'coordinate': [116.8022845987465, 541.9285927907702], 'id': 9}
2019-09-05_01:11:05.535[Status]Routing 6: Walk: 6
2019-09-05_01:11:05.644[Battery Energy]105.60
2019-09-05_01:11:05.644[Status]Routing Start.
2019-09-05_01:11:06.179[Status]Routing 7: Walk: 6
2019-09-05_01:11:06.279[Battery Energy]105.24
2019-09-05_01:11:06.279[Status]Routing Start.
2019-09-05_01:11:06.581[Status]Routing 8: Walk: 6
2019-09-05_01:11:06.681[Battery Energy]104.97
2019-09-05_01:11:06.681[Status]Routing Start.
2019-09-05_01:11:07.116[Status]Routing 9: Walk: 6
2019-09-05_01:11:07.225[Battery Energy]104.66
2019-09-05_01:11:07.225[Status]Routing Start.
2019-09-05_01:11:07.527[Status]Routing 10: Walk: 6
2019-09-05_01:11:07.627[Battery Energy]104.40
2019-09-05_01:11:07.627[Status]Routing Start.
2019-09-05_01:11:08.104[Status]{'coordinate': [115.66248018423553, 551.863422728754], 'id': 9}
2019-09-05_01:11:08.104[Status]Routing 11: Walk: 7
2019-09-05_01:11:08.204[Battery Energy]104.02
2019-09-05_01:11:08.204[Status]Routing Start.
2019-09-05_01:11:08.649[Status]{'coordinate': [110.69249028113562, 560.5409339135975], 'id': 9}
2019-09-05_01:11:08.649[Status]Routing 12: Walk: 8
2019-09-05_01:11:08.749[Battery Energy]103.56
2019-09-05_01:11:08.749[Status]Routing Start.
2019-09-05_01:11:09.080[Status]{'coordinate': [107.75918771155143, 570.1010456302706], 'id': 9}
2019-09-05_01:11:09.080[Status]Routing 13: Walk: 9
2019-09-05_01:11:09.180[Battery Energy]103.20
2019-09-05_01:11:09.180[Status]Routing Start.
2019-09-05_01:11:09.635[Status]{'coordinate': [103.84438862582952, 579.3029121864879], 'id': 9}
2019-09-05_01:11:09.635[Status]Routing 14: Walk: 10
2019-09-05_01:11:09.736[Battery Energy]102.75
2019-09-05_01:11:09.736[Status]Routing Start.
2019-09-05_01:11:10.171[Status]{'coordinate': [113.71398099115271, 580.9126160543948], 'id': 9}
2019-09-05_01:11:10.171[Status]Routing 15: Walk: 11
2019-09-05_01:11:10.274[Battery Energy]102.34
2019-09-05_01:11:10.274[Status]Routing Start.
2019-09-05_01:11:10.654[Status]{'coordinate': [123.58357335647588, 582.5223199223017], 'id': 9}
2019-09-05_01:11:10.654[Status]Routing 16: Walk: 12
2019-09-05_01:11:10.756[Battery Energy]102.03
2019-09-05_01:11:10.756[Status]Routing Start.
2019-09-05_01:11:11.377[Status]{'coordinate': [127.43167815208487, 591.7522760154807], 'id': 9}
2019-09-05_01:11:11.377[Status]Routing 17: Walk: 13
2019-09-05_01:11:11.478[Battery Energy]101.57
2019-09-05_01:11:11.478[Status]Routing Start.
2019-09-05_01:11:11.657[Status]{'coordinate': [137.31465825823372, 593.2776298175431], 'id': 9}
2019-09-05_01:11:11.657[Status]Routing 18: Walk: 14
2019-09-05_01:11:11.757[Battery Energy]101.33
2019-09-05_01:11:11.757[Status]Routing Start.
2019-09-05_01:11:12.104[Status]{'coordinate': [147.19763836438256, 594.8029836196056], 'id': 9}
2019-09-05_01:11:12.104[Status]Routing 19: Walk: 15
2019-09-05_01:11:12.206[Battery Energy]101.02
2019-09-05_01:11:12.206[Status]Routing Start.
2019-09-05_01:11:12.559[Status]{'coordinate': [157.0806184705314, 596.328337421668], 'id': 9}
2019-09-05_01:11:12.559[Status]Routing 20: Walk: 16
2019-09-05_01:11:12.659[Battery Energy]100.68
2019-09-05_01:11:12.659[Status]Routing Start.
2019-09-05_01:11:13.007[Status]{'coordinate': [166.96359857668023, 597.8536912237305], 'id': 9}
2019-09-05_01:11:13.007[Status]Routing 21: Walk: 17
2019-09-05_01:11:13.112[Battery Energy]100.37
2019-09-05_01:11:13.112[Status]Routing Start.
2019-09-05_01:11:13.279[Status]{'coordinate': [176.84657868282906, 599.379045025793], 'id': 9}
2019-09-05_01:11:13.279[Status]Routing 22: Walk: 18
2019-09-05_01:11:13.392[Battery Energy]100.16
2019-09-05_01:11:13.392[Status]Routing Start.
2019-09-05_01:11:13.728[Status]{'coordinate': [186.7295587889779, 600.9043988278554], 'id': 9}
2019-09-05_01:11:13.728[Status]Routing 23: Walk: 19
2019-09-05_01:11:13.856[Battery Energy]99.84
2019-09-05_01:11:13.856[Status]Routing Start.
2019-09-05_01:11:14.239[Status]{'coordinate': [196.61253889512673, 602.4297526299179], 'id': 9}
2019-09-05_01:11:14.239[Status]Routing 24: Walk: 20
2019-09-05_01:11:14.340[Battery Energy]99.51
2019-09-05_01:11:14.340[Status]Routing Start.
2019-09-05_01:11:14.644[Status]{'coordinate': [206.49551900127557, 603.9551064319802], 'id': 9}
2019-09-05_01:11:14.644[Status]Routing 25: Walk: 21
2019-09-05_01:11:14.744[Battery Energy]99.25
2019-09-05_01:11:14.744[Status]Routing Start.
2019-09-05_01:11:15.115[Status]{'coordinate': [216.3784991074244, 605.4804602340427], 'id': 9}
2019-09-05_01:11:15.115[Status]Routing 26: Walk: 22
2019-09-05_01:11:15.215[Battery Energy]98.90
2019-09-05_01:11:15.215[Status]Routing Start.
2019-09-05_01:11:15.572[Status]{'coordinate': [226.26147921357324, 607.005814036105], 'id': 9}
2019-09-05_01:11:15.575[Status]Routing 27: Walk: 23
2019-09-05_01:11:15.677[Battery Energy]98.58
2019-09-05_01:11:15.677[Status]Routing Start.
2019-09-05_01:11:16.038[Status]{'coordinate': [236.14445931972207, 608.5311678381674], 'id': 9}
2019-09-05_01:11:16.040[Status]Routing 28: Walk: 24
2019-09-05_01:11:16.140[Battery Energy]98.26
2019-09-05_01:11:16.140[Status]Routing Start.
2019-09-05_01:11:16.433[Status]{'coordinate': [246.0274394258709, 610.0565216402298], 'id': 9}
2019-09-05_01:11:16.433[Status]Routing 29: Walk: 25
2019-09-05_01:11:16.536[Battery Energy]97.99
2019-09-05_01:11:16.536[Status]Routing Start.
2019-09-05_01:11:16.848[Status]{'coordinate': [255.91041953201974, 611.5818754422922], 'id': 9}
2019-09-05_01:11:16.848[Status]Routing 30: Walk: 26
2019-09-05_01:11:16.949[Battery Energy]97.69
2019-09-05_01:11:16.949[Status]Routing Start.
2019-09-05_01:11:17.110[Status]{'coordinate': [265.7933996381686, 613.1072292443546], 'id': 9}
2019-09-05_01:11:17.113[Status]Routing 31: Walk: 27
2019-09-05_01:11:17.224[Battery Energy]97.48
2019-09-05_01:11:17.224[Status]Routing Start.
2019-09-05_01:11:17.534[Status]{'coordinate': [275.67637974431744, 614.632583046417], 'id': 9}
2019-09-05_01:11:17.534[Status]Routing 32: Walk: 28
2019-09-05_01:11:17.640[Battery Energy]97.21
2019-09-05_01:11:17.640[Status]Routing Start.
2019-09-05_01:11:17.890[Status]{'coordinate': [285.5593598504663, 616.1579368484794], 'id': 9}
2019-09-05_01:11:17.890[Status]Routing 33: Walk: 29
2019-09-05_01:11:17.990[Battery Energy]96.97
2019-09-05_01:11:17.990[Status]Routing Start.
2019-09-05_01:11:18.251[Status]{'coordinate': [295.44233995661517, 617.6832906505418], 'id': 9}
2019-09-05_01:11:18.251[Status]Routing 34: Walk: 30
2019-09-05_01:11:18.364[Battery Energy]96.70
2019-09-05_01:11:18.364[Status]Routing Start.
2019-09-05_01:11:18.767[Status]{'coordinate': [305.32532006276404, 619.2086444526042], 'id': 9}
2019-09-05_01:11:18.767[Status]Routing 35: Walk: 31
2019-09-05_01:11:18.871[Battery Energy]96.35
2019-09-05_01:11:18.871[Status]Routing Start.
2019-09-05_01:11:19.234[Status]{'coordinate': [315.2083001689129, 620.7339982546666], 'id': 9}
2019-09-05_01:11:19.234[Status]Routing 36: Walk: 32
2019-09-05_01:11:19.334[Battery Energy]96.05
2019-09-05_01:11:19.334[Status]Routing Start.
2019-09-05_01:11:19.731[Status]{'coordinate': [325.09128027506176, 622.2593520567291], 'id': 9}
2019-09-05_01:11:19.732[Status]Routing 37: Walk: 33
2019-09-05_01:11:19.842[Battery Energy]95.74
2019-09-05_01:11:19.842[Status]Routing Start.
2019-09-05_01:11:20.223[Status]{'coordinate': [334.9742603812106, 623.7847058587914], 'id': 9}
2019-09-05_01:11:20.224[Status]Routing 38: Walk: 34
2019-09-05_01:11:20.336[Battery Energy]95.37
2019-09-05_01:11:20.336[Status]Routing Start.
2019-09-05_01:11:20.697[Status]{'coordinate': [344.8572404873595, 625.3100596608538], 'id': 9}
2019-09-05_01:11:20.698[Status]Routing 39: Walk: 35
2019-09-05_01:11:20.808[Battery Energy]95.07
2019-09-05_01:11:20.808[Status]Routing Start.
2019-09-05_01:11:21.136[Status]{'coordinate': [354.74022059350835, 626.8354134629162], 'id': 9}
2019-09-05_01:11:21.136[Status]Routing 40: Walk: 36
2019-09-05_01:11:21.240[Battery Energy]94.72
2019-09-05_01:11:21.240[Status]Routing Start.
2019-09-05_01:11:21.627[Status]{'coordinate': [364.6232006996572, 628.3607672649787], 'id': 9}
2019-09-05_01:11:21.627[Status]Routing 41: Walk: 37
2019-09-05_01:11:21.727[Battery Energy]94.36
2019-09-05_01:11:21.727[Status]Routing Start.
2019-09-05_01:11:22.094[Status]{'coordinate': [374.5061808058061, 629.886121067041], 'id': 9}
2019-09-05_01:11:22.094[Status]Routing 42: Walk: 38
2019-09-05_01:11:22.216[Battery Energy]94.04
2019-09-05_01:11:22.216[Status]Routing Start.
2019-09-05_01:11:22.380[Status]{'coordinate': [384.38916091195495, 631.4114748691034], 'id': 9}
2019-09-05_01:11:22.380[Status]Routing 43: Walk: 39
2019-09-05_01:11:22.481[Battery Energy]93.83
2019-09-05_01:11:22.482[Status]Routing Start.
2019-09-05_01:11:22.754[Status]{'coordinate': [394.2721410181038, 632.9368286711658], 'id': 9}
2019-09-05_01:11:22.754[Status]Routing 44: Walk: 40
2019-09-05_01:11:22.868[Battery Energy]93.54
2019-09-05_01:11:22.868[Status]Routing Start.
2019-09-05_01:11:23.055[Status]{'coordinate': [404.1551211242527, 634.4621824732283], 'id': 9}
2019-09-05_01:11:23.055[Status]Routing 45: Walk: 41
2019-09-05_01:11:23.155[Battery Energy]93.29
2019-09-05_01:11:23.155[Status]Routing Start.
2019-09-05_01:11:23.350[Status]{'coordinate': [414.03810123040154, 635.9875362752906], 'id': 9}
2019-09-05_01:11:23.350[Status]Routing 46: Walk: 42
2019-09-05_01:11:23.456[Battery Energy]93.08
2019-09-05_01:11:23.456[Status]Routing Start.
2019-09-05_01:11:23.799[Status]{'coordinate': [410.7944048557584, 645.4468403632839], 'id': 9}
2019-09-05_01:11:23.799[Status]Routing 47: Walk: 43
2019-09-05_01:11:23.899[Battery Energy]92.66
2019-09-05_01:11:23.899[Status]Routing Start.
2019-09-05_01:11:24.169[Status]{'coordinate': [412.3209204960024, 655.3296410796846], 'id': 9}
2019-09-05_01:11:24.169[Status]Routing 48: Walk: 44
2019-09-05_01:11:24.270[Battery Energy]92.32
2019-09-05_01:11:24.270[Status]Routing Start.
2019-09-05_01:11:24.472[Status]{'coordinate': [422.2421848784125, 656.5820439918178], 'id': 9}
2019-09-05_01:11:24.472[Status]Routing 49: Walk: 45
2019-09-05_01:11:24.573[Battery Energy]92.09
2019-09-05_01:11:24.573[Status]Routing Start.
2019-09-05_01:11:24.751[Status]{'coordinate': [432.16344926082263, 657.8344469039511], 'id': 9}
2019-09-05_01:11:24.752[Status]Routing 50: Walk: 46
2019-09-05_01:11:24.852[Battery Energy]91.87
2019-09-05_01:11:24.852[Status]Routing Start.
2019-09-05_01:11:25.171[Status]{'coordinate': [442.08471364323276, 659.0868498160843], 'id': 9}
2019-09-05_01:11:25.173[Status]Routing 51: Walk: 47
2019-09-05_01:11:25.274[Battery Energy]91.56
2019-09-05_01:11:25.274[Status]Routing Start.
2019-09-05_01:11:25.444[Status]{'coordinate': [452.0059780256429, 660.3392527282175], 'id': 9}
2019-09-05_01:11:25.444[Status]Routing 52: Walk: 48
2019-09-05_01:11:25.546[Battery Energy]91.33
2019-09-05_01:11:25.546[Status]Routing Start.
2019-09-05_01:11:25.855[Status]{'coordinate': [461.927242408053, 661.5916556403507], 'id': 9}
2019-09-05_01:11:25.855[Status]Routing 53: Walk: 49
2019-09-05_01:11:25.955[Battery Energy]91.04
2019-09-05_01:11:25.955[Status]Routing Start.
2019-09-05_01:11:26.122[Status]{'coordinate': [471.84850679046315, 662.844058552484], 'id': 9}
2019-09-05_01:11:26.122[Status]Routing 54: Walk: 50
2019-09-05_01:11:26.222[Battery Energy]90.83
2019-09-05_01:11:26.222[Status]Routing Start.
2019-09-05_01:11:26.567[Status]{'coordinate': [481.7697711728733, 664.0964614646172], 'id': 9}
2019-09-05_01:11:26.567[Status]Routing 55: Walk: 51
2019-09-05_01:11:26.667[Battery Energy]90.52
2019-09-05_01:11:26.667[Status]Routing Start.
2019-09-05_01:11:27.060[Status]{'coordinate': [491.6910355552834, 665.3488643767504], 'id': 9}
2019-09-05_01:11:27.064[Status]Routing 56: Walk: 52
2019-09-05_01:11:27.180[Battery Energy]90.23
2019-09-05_01:11:27.180[Status]Routing Start.
2019-09-05_01:11:27.490[Status]{'coordinate': [501.61229993769354, 666.6012672888836], 'id': 9}
2019-09-05_01:11:27.490[Status]Routing 57: Walk: 53
2019-09-05_01:11:27.590[Battery Energy]89.94
2019-09-05_01:11:27.590[Status]Routing Start.
2019-09-05_01:11:27.942[Status]{'coordinate': [511.53356432010366, 667.8536702010168], 'id': 9}
2019-09-05_01:11:27.942[Status]Routing 58: Walk: 54
2019-09-05_01:11:28.042[Battery Energy]89.61
2019-09-05_01:11:28.042[Status]Routing Start.
2019-09-05_01:11:28.378[Status]{'coordinate': [521.4548287025139, 669.10607311315], 'id': 9}
2019-09-05_01:11:28.379[Status]Routing 59: Walk: 55
2019-09-05_01:11:28.488[Battery Energy]89.27
2019-09-05_01:11:28.488[Status]Routing Start.
2019-09-05_01:11:28.638[Status]{'coordinate': [531.376093084924, 670.3584760252833], 'id': 9}
2019-09-05_01:11:28.638[Status]Routing 60: Walk: 56
2019-09-05_01:11:28.739[Battery Energy]89.07
2019-09-05_01:11:28.739[Status]Routing Start.
2019-09-05_01:11:28.928[Status]{'coordinate': [541.2973574673342, 671.6108789374165], 'id': 9}
2019-09-05_01:11:28.928[Status]Routing 61: Walk: 57
2019-09-05_01:11:29.028[Battery Energy]88.86
2019-09-05_01:11:29.028[Status]Routing Start.
2019-09-05_01:11:29.245[Status]{'coordinate': [551.2186218497444, 672.8632818495497], 'id': 9}
2019-09-05_01:11:29.245[Status]Routing 62: Walk: 58
2019-09-05_01:11:29.345[Battery Energy]88.61
2019-09-05_01:11:29.345[Status]Routing Start.
2019-09-05_01:11:29.506[Status]{'coordinate': [561.1398862321546, 674.1156847616829], 'id': 9}
2019-09-05_01:11:29.507[Status]Routing 63: Walk: 59
2019-09-05_01:11:29.608[Battery Energy]88.39
2019-09-05_01:11:29.608[Status]Routing Start.
2019-09-05_01:11:29.884[Status]{'coordinate': [571.0611506145648, 675.3680876738161], 'id': 9}
2019-09-05_01:11:29.884[Status]Routing 64: Walk: 60
2019-09-05_01:11:29.992[Battery Energy]88.12
2019-09-05_01:11:29.992[Status]Routing Start.
2019-09-05_01:11:30.145[Status]{'coordinate': [580.982414996975, 676.6204905859494], 'id': 9}
2019-09-05_01:11:30.146[Status]Routing 65: Walk: 61
2019-09-05_01:11:30.246[Battery Energy]87.91
2019-09-05_01:11:30.246[Status]Routing Start.
2019-09-05_01:11:30.443[Status]{'coordinate': [590.9036793793852, 677.8728934980826], 'id': 9}
2019-09-05_01:11:30.443[Status]Routing 66: Walk: 62
2019-09-05_01:11:30.543[Battery Energy]87.69
2019-09-05_01:11:30.543[Status]Routing Start.
2019-09-05_01:11:30.831[Status]{'coordinate': [600.8249437617953, 679.1252964102158], 'id': 9}
2019-09-05_01:11:30.832[Status]Routing 67: Walk: 63
2019-09-05_01:11:30.940[Battery Energy]87.39
2019-09-05_01:11:30.940[Status]Routing Start.
2019-09-05_01:11:31.198[Status]{'coordinate': [610.7462081442055, 680.377699322349], 'id': 9}
2019-09-05_01:11:31.198[Status]Routing 68: Walk: 64
2019-09-05_01:11:31.298[Battery Energy]87.17
2019-09-05_01:11:31.298[Status]Routing Start.
2019-09-05_01:11:31.524[Status]{'coordinate': [620.6674725266157, 681.6301022344823], 'id': 9}
2019-09-05_01:11:31.524[Status]Routing 69: Walk: 65
2019-09-05_01:11:31.625[Battery Energy]86.95
2019-09-05_01:11:31.625[Status]Routing Start.
2019-09-05_01:11:31.811[Status]{'coordinate': [630.5887369090259, 682.8825051466155], 'id': 9}
2019-09-05_01:11:31.811[Status]Routing 70: Walk: 66
2019-09-05_01:11:31.916[Battery Energy]86.74
2019-09-05_01:11:31.916[Status]Routing Start.
2019-09-05_01:11:32.265[Status]{'coordinate': [640.5100012914361, 684.1349080587487], 'id': 9}
2019-09-05_01:11:32.265[Status]Routing 71: Walk: 67
2019-09-05_01:11:32.368[Battery Energy]86.45
2019-09-05_01:11:32.368[Status]Routing Start.
2019-09-05_01:11:32.767[Status]{'coordinate': [650.4312656738463, 685.3873109708819], 'id': 9}
2019-09-05_01:11:32.767[Status]Routing 72: Walk: 68
2019-09-05_01:11:32.867[Battery Energy]86.10
2019-09-05_01:11:32.867[Status]Routing Start.
2019-09-05_01:11:33.085[Status]{'coordinate': [660.3525300562565, 686.6397138830151], 'id': 9}
2019-09-05_01:11:33.085[Status]Routing 73: Walk: 69
2019-09-05_01:11:33.185[Battery Energy]85.87
2019-09-05_01:11:33.185[Status]Routing Start.
2019-09-05_01:11:33.388[Status]{'coordinate': [670.2737944386666, 687.8921167951484], 'id': 9}
2019-09-05_01:11:33.388[Status]Routing 74: Walk: 70
2019-09-05_01:11:33.489[Battery Energy]85.62
2019-09-05_01:11:33.489[Status]Routing Start.
2019-09-05_01:11:33.674[Status]{'coordinate': [680.1950588210768, 689.1445197072816], 'id': 9}
2019-09-05_01:11:33.674[Status]Routing 75: Walk: 71
2019-09-05_01:11:33.780[Battery Energy]85.41
2019-09-05_01:11:33.780[Status]Routing Start.
2019-09-05_01:11:33.975[Status]{'coordinate': [690.116323203487, 690.3969226194148], 'id': 9}
2019-09-05_01:11:33.975[Status]Routing 76: Walk: 72
2019-09-05_01:11:34.092[Battery Energy]85.20
2019-09-05_01:11:34.092[Status]Routing Start.
2019-09-05_01:11:34.231[Status]{'coordinate': [700.0375875858972, 691.649325531548], 'id': 9}
2019-09-05_01:11:34.231[Status]Routing 77: Walk: 73
2019-09-05_01:11:34.335[Battery Energy]84.99
2019-09-05_01:11:34.335[Status]Routing Start.
2019-09-05_01:11:34.522[Status]{'coordinate': [709.9588519683074, 692.9017284436812], 'id': 9}
2019-09-05_01:11:34.522[Status]Routing 78: Walk: 74
2019-09-05_01:11:34.622[Battery Energy]84.77
2019-09-05_01:11:34.622[Status]Routing Start.
2019-09-05_01:11:34.805[Status]{'coordinate': [719.8801163507176, 694.1541313558145], 'id': 9}
2019-09-05_01:11:34.805[Status]Routing 79: Walk: 75
2019-09-05_01:11:34.905[Battery Energy]84.57
2019-09-05_01:11:34.905[Status]Routing Start.
2019-09-05_01:11:35.099[Status]{'coordinate': [729.8013807331278, 695.4065342679477], 'id': 9}
2019-09-05_01:11:35.099[Status]Routing 80: Walk: 76
2019-09-05_01:11:35.204[Battery Energy]84.32
2019-09-05_01:11:35.204[Status]Routing Start.
2019-09-05_01:11:35.414[Status]{'coordinate': [739.722645115538, 696.6589371800809], 'id': 9}
2019-09-05_01:11:35.417[Status]Routing 81: Walk: 77
2019-09-05_01:11:35.517[Battery Energy]84.08
2019-09-05_01:11:35.517[Status]Routing Start.
2019-09-05_01:11:35.746[Status]{'coordinate': [749.6439094979481, 697.9113400922141], 'id': 9}
2019-09-05_01:11:35.746[Status]Routing 82: Walk: 78
2019-09-05_01:11:35.846[Battery Energy]83.86
2019-09-05_01:11:35.846[Status]Routing Start.
2019-09-05_01:11:36.011[Status]{'coordinate': [759.5651738803583, 699.1637430043473], 'id': 9}
2019-09-05_01:11:36.011[Status]Routing 83: Walk: 79
2019-09-05_01:11:36.124[Battery Energy]83.67
2019-09-05_01:11:36.124[Status]Routing Start.
2019-09-05_01:11:36.392[Status]{'coordinate': [769.4864382627685, 700.4161459164806], 'id': 9}
2019-09-05_01:11:36.392[Status]Routing 84: Walk: 80
2019-09-05_01:11:36.496[Battery Energy]83.44
2019-09-05_01:11:36.496[Status]Routing Start.
2019-09-05_01:11:36.693[Status]{'coordinate': [779.4077026451787, 701.6685488286138], 'id': 9}
2019-09-05_01:11:36.693[Status]Routing 85: Walk: 81
2019-09-05_01:11:36.800[Battery Energy]83.20
2019-09-05_01:11:36.800[Status]Routing Start.
2019-09-05_01:11:36.981[Status]{'coordinate': [789.3289670275889, 702.920951740747], 'id': 9}
2019-09-05_01:11:36.981[Status]Routing 86: Walk: 82
2019-09-05_01:11:37.088[Battery Energy]82.99
2019-09-05_01:11:37.088[Status]Routing Start.
2019-09-05_01:11:37.352[Status]{'coordinate': [799.2502314099991, 704.1733546528802], 'id': 9}
2019-09-05_01:11:37.352[Status]Routing 87: Walk: 83
2019-09-05_01:11:37.476[Battery Energy]82.75
2019-09-05_01:11:37.476[Status]Routing Start.
2019-09-05_01:11:37.656[Status]{'coordinate': [809.1714957924092, 705.4257575650134], 'id': 9}
2019-09-05_01:11:37.656[Status]Routing 88: Walk: 84
2019-09-05_01:11:37.756[Battery Energy]82.52
2019-09-05_01:11:37.756[Status]Routing Start.
2019-09-05_01:11:38.112[Status]{'coordinate': [819.0927601748194, 706.6781604771467], 'id': 9}
2019-09-05_01:11:38.112[Status]Routing 89: Walk: 85
2019-09-05_01:11:38.212[Battery Energy]82.24
2019-09-05_01:11:38.212[Status]Routing Start.
2019-09-05_01:11:38.444[Status]{'coordinate': [829.0140245572296, 707.9305633892799], 'id': 9}
2019-09-05_01:11:38.444[Status]Routing 90: Walk: 86
2019-09-05_01:11:38.544[Battery Energy]82.03
2019-09-05_01:11:38.544[Status]Routing Start.
2019-09-05_01:11:38.716[Status]{'coordinate': [838.9352889396398, 709.1829663014131], 'id': 9}
2019-09-05_01:11:38.716[Status]Routing 91: Walk: 87
2019-09-05_01:11:38.824[Battery Energy]81.80
2019-09-05_01:11:38.824[Status]Routing Start.
2019-09-05_01:11:39.004[Status]{'coordinate': [848.85655332205, 710.4353692135463], 'id': 9}
2019-09-05_01:11:39.004[Status]Routing 92: Walk: 88
2019-09-05_01:11:39.116[Battery Energy]81.57
2019-09-05_01:11:39.116[Status]Routing Start.
2019-09-05_01:11:39.278[Status]{'coordinate': [858.7778177044602, 711.6877721256797], 'id': 9}
2019-09-05_01:11:39.278[Status]Routing 93: Walk: 89
2019-09-05_01:11:39.384[Battery Energy]81.37
2019-09-05_01:11:39.384[Status]Routing Start.
2019-09-05_01:11:39.556[Status]{'coordinate': [868.6990820868704, 712.9401750378129], 'id': 9}
2019-09-05_01:11:39.557[Status]Routing 94: Walk: 90
2019-09-05_01:11:39.659[Battery Energy]81.15
2019-09-05_01:11:39.659[Status]Routing Start.
2019-09-05_01:11:39.856[Status]{'coordinate': [878.6203464692805, 714.1925779499462], 'id': 9}
2019-09-05_01:11:39.862[Status]Routing 95: Walk: 91
2019-09-05_01:11:39.980[Battery Energy]80.96
2019-09-05_01:11:39.980[Status]Routing Start.
2019-09-05_01:11:40.125[Status]{'coordinate': [888.5416108516907, 715.4449808620795], 'id': 9}
2019-09-05_01:11:40.126[Status]Routing 96: Walk: 92
2019-09-05_01:11:40.232[Battery Energy]80.75
2019-09-05_01:11:40.232[Status]Routing Start.
2019-09-05_01:11:40.496[Status]{'coordinate': [898.4628752341009, 716.6973837742128], 'id': 9}
2019-09-05_01:11:40.496[Status]Routing 97: Walk: 93
2019-09-05_01:11:40.600[Battery Energy]80.48
2019-09-05_01:11:40.600[Status]Routing Start.
2019-09-05_01:11:40.856[Status]{'coordinate': [908.3841396165111, 717.9497866863461], 'id': 9}
2019-09-05_01:11:40.856[Status]Routing 98: Walk: 94
2019-09-05_01:11:40.956[Battery Energy]80.21
2019-09-05_01:11:40.956[Status]Routing Start.
2019-09-05_01:11:41.113[Status]{'coordinate': [918.3054039989213, 719.2021895984793], 'id': 9}
2019-09-05_01:11:41.113[Status]Routing 99: Walk: 95
2019-09-05_01:11:41.213[Battery Energy]80.01
2019-09-05_01:11:41.213[Status]Routing Start.
2019-09-05_01:11:41.397[Status]{'coordinate': [928.2266683813315, 720.4545925106127], 'id': 9}
2019-09-05_01:11:41.397[Status]Routing 100: Walk: 96
2019-09-05_01:11:41.512[Battery Energy]79.78
2019-09-05_01:11:41.512[Status]Routing Start.
2019-09-05_01:11:41.639[Status]{'coordinate': [938.1479327637417, 721.7069954227459], 'id': 9}
2019-09-05_01:11:41.641[Status]Routing 101: Walk: 97
2019-09-05_01:11:41.748[Battery Energy]79.60
2019-09-05_01:11:41.748[Status]Routing Start.
2019-09-05_01:11:42.083[Status]{'coordinate': [948.0691971461519, 722.9593983348792], 'id': 9}
2019-09-05_01:11:42.083[Status]Routing 102: Walk: 98
2019-09-05_01:11:42.187[Battery Energy]79.28
2019-09-05_01:11:42.187[Status]Routing Start.
2019-09-05_01:11:42.500[Status]{'coordinate': [957.990461528562, 724.2118012470124], 'id': 9}
2019-09-05_01:11:42.500[Status]Routing 103: Walk: 99
2019-09-05_01:11:42.608[Battery Energy]78.97
2019-09-05_01:11:42.608[Status]Routing Start.
2019-09-05_01:11:42.887[Status]{'coordinate': [967.9117259109722, 725.4642041591458], 'id': 9}
2019-09-05_01:11:42.887[Status]Routing 104: Walk: 100
2019-09-05_01:11:42.987[Battery Energy]78.74
2019-09-05_01:11:42.987[Status]Routing Start.
2019-09-05_01:11:43.385[Status]{'coordinate': [977.8329902933824, 726.716607071279], 'id': 9}
2019-09-05_01:11:43.385[Status]Routing 105: Walk: 101
2019-09-05_01:11:43.496[Battery Energy]78.39
2019-09-05_01:11:43.496[Status]Routing Start.
2019-09-05_01:11:43.789[Status]{'coordinate': [987.7542546757926, 727.9690099834123], 'id': 9}
2019-09-05_01:11:43.789[Status]Routing 106: Walk: 102
2019-09-05_01:11:43.890[Battery Energy]78.13
2019-09-05_01:11:43.891[Status]Routing Start.
2019-09-05_01:11:44.278[Status]{'coordinate': [997.6755190582028, 729.2214128955457], 'id': 9}
2019-09-05_01:11:44.278[Status]Routing 107: Walk: 103
2019-09-05_01:11:44.378[Battery Energy]77.82
2019-09-05_01:11:44.378[Status]Routing Start.
2019-09-05_01:11:44.752[Status]{'coordinate': [1007.596783440613, 730.4738158076789], 'id': 9}
2019-09-05_01:11:44.752[Status]Routing 108: Walk: 104
2019-09-05_01:11:44.852[Battery Energy]77.46
2019-09-05_01:11:44.853[Status]Routing Start.
2019-09-05_01:11:45.202[Status]{'coordinate': [1017.5180478230232, 731.7262187198122], 'id': 9}
2019-09-05_01:11:45.202[Status]Routing 109: Walk: 105
2019-09-05_01:11:45.304[Battery Energy]77.11
2019-09-05_01:11:45.304[Status]Routing Start.
2019-09-05_01:11:45.590[Status]{'coordinate': [1027.4393122054332, 732.9786216319454], 'id': 9}
2019-09-05_01:11:45.590[Status]Routing 110: Walk: 106
2019-09-05_01:11:45.692[Battery Energy]76.82
2019-09-05_01:11:45.692[Status]Routing Start.
2019-09-05_01:11:46.051[Status]{'coordinate': [1037.3605765878433, 734.2310245440788], 'id': 9}
2019-09-05_01:11:46.051[Status]Routing 111: Walk: 107
2019-09-05_01:11:46.160[Battery Energy]76.52
2019-09-05_01:11:46.160[Status]Routing Start.
2019-09-05_01:11:46.329[Status]{'coordinate': [1047.2818409702534, 735.483427456212], 'id': 9}
2019-09-05_01:11:46.332[Status]Routing 112: Walk: 108
2019-09-05_01:11:46.436[Battery Energy]76.31
2019-09-05_01:11:46.436[Status]Routing Start.
2019-09-05_01:11:46.622[Status]{'coordinate': [1057.2031053526634, 736.7358303683453], 'id': 9}
2019-09-05_01:11:46.623[Status]Routing 113: Walk: 109
2019-09-05_01:11:46.740[Battery Energy]76.10
2019-09-05_01:11:46.740[Status]Routing Start.
2019-09-05_01:11:46.962[Status]{'coordinate': [1067.1243697350735, 737.9882332804785], 'id': 9}
2019-09-05_01:11:46.962[Status]Routing 114: Walk: 110
2019-09-05_01:11:47.067[Battery Energy]75.83
2019-09-05_01:11:47.067[Status]Routing Start.
2019-09-05_01:11:47.274[Status]{'coordinate': [1077.0456341174836, 739.2406361926118], 'id': 9}
2019-09-05_01:11:47.274[Status]Routing 115: Walk: 111
2019-09-05_01:11:47.376[Battery Energy]75.62
2019-09-05_01:11:47.376[Status]Routing Start.
2019-09-05_01:11:47.562[Status]{'coordinate': [1086.9668984998937, 740.4930391047451], 'id': 9}
2019-09-05_01:11:47.562[Status]Routing 116: Walk: 112
2019-09-05_01:11:47.662[Battery Energy]75.41
2019-09-05_01:11:47.662[Status]Routing Start.
2019-09-05_01:11:47.875[Status]{'coordinate': [1096.8881628823037, 741.7454420168783], 'id': 9}
2019-09-05_01:11:47.875[Status]Routing 117: Walk: 113
2019-09-05_01:11:47.996[Battery Energy]75.17
2019-09-05_01:11:47.996[Status]Routing Start.
2019-09-05_01:11:48.197[Status]{'coordinate': [1106.8094272647138, 742.9978449290116], 'id': 9}
2019-09-05_01:11:48.197[Status]Routing 118: Walk: 114
2019-09-05_01:11:48.300[Battery Energy]74.94
2019-09-05_01:11:48.300[Status]Routing Start.
2019-09-05_01:11:48.300[Status]Task Finished.
2019-09-05_01:11:48.401[Battery Energy]74.94
2019-09-05_01:11:48.556[Status]Routing 120: Walk: 114
2019-09-05_01:11:48.680[Battery Energy]74.83
2019-09-05_01:11:48.940[Status]Routing 121: Walk: 114
2019-09-05_01:11:49.042[Battery Energy]74.71
2019-09-05_01:11:49.300[Status]Routing 122: Walk: 114
2019-09-05_01:11:49.404[Battery Energy]74.57
2019-09-05_01:11:49.779[Status]Routing 123: Walk: 114
2019-09-05_01:11:49.880[Battery Energy]74.33
2019-09-05_01:11:50.294[Status]Routing 124: Walk: 114
2019-09-05_01:11:50.400[Battery Energy]74.10
2019-09-05_01:11:50.568[Status]Routing 125: Walk: 114
2019-09-05_01:11:50.673[Battery Energy]73.99
2019-09-05_01:11:51.015[Status]Routing 126: Walk: 114
2019-09-05_01:11:51.120[Battery Energy]73.75
2019-09-05_01:11:51.539[Status]Routing 127: Walk: 114
2019-09-05_01:11:51.639[Battery Energy]73.52
2019-09-05_01:11:51.896[Status]Routing 128: Walk: 114
2019-09-05_01:11:52.004[Battery Energy]73.40
2019-09-05_01:11:52.324[Status]Routing 129: Walk: 114
2019-09-05_01:11:52.432[Battery Energy]73.16
2019-09-05_01:11:52.580[Status]Routing 130: Walk: 114
2019-09-05_01:11:52.692[Battery Energy]73.03
2019-09-05_01:11:52.857[Status]Routing 131: Walk: 114
2019-09-05_01:11:52.968[Battery Energy]72.93
2019-09-05_01:11:53.115[Status]Routing 132: Walk: 114
2019-09-05_01:11:53.216[Battery Energy]72.81
2019-09-05_01:11:53.414[Status]Routing 133: Walk: 114
2019-09-05_01:11:53.520[Battery Energy]72.70
2019-09-05_01:11:53.761[Status]Routing 134: Walk: 114
2019-09-05_01:11:53.868[Battery Energy]72.55
2019-09-05_01:11:54.048[Status]Routing 135: Walk: 114
2019-09-05_01:11:54.160[Battery Energy]72.43
2019-09-05_01:11:54.360[Status]Routing 136: Walk: 114
2019-09-05_01:11:54.467[Battery Energy]72.28
2019-09-05_01:11:54.790[Status]Routing 137: Walk: 114
2019-09-05_01:11:54.896[Battery Energy]72.06
2019-09-05_01:11:55.057[Status]Routing 138: Walk: 114
2019-09-05_01:11:55.172[Battery Energy]71.94
2019-09-05_01:11:55.432[Status]Routing 139: Walk: 114
2019-09-05_01:11:55.556[Battery Energy]71.75
2019-09-05_01:11:55.718[Status]Routing 140: Walk: 114
2019-09-05_01:11:55.828[Battery Energy]71.63
2019-09-05_01:11:56.008[Status]Routing 141: Walk: 114
2019-09-05_01:11:56.110[Battery Energy]71.51
2019-09-05_01:11:56.377[Status]Routing 142: Walk: 114
2019-09-05_01:11:56.480[Battery Energy]71.33
2019-09-05_01:11:56.653[Status]Routing 143: Walk: 114
2019-09-05_01:11:56.772[Battery Energy]71.22
2019-09-05_01:11:56.966[Status]Routing 144: Walk: 114
2019-09-05_01:11:57.078[Battery Energy]71.11
2019-09-05_01:11:57.243[Status]Routing 145: Walk: 114
2019-09-05_01:11:57.352[Battery Energy]71.00
2019-09-05_01:11:57.540[Status]Routing 146: Walk: 114
2019-09-05_01:11:57.652[Battery Energy]70.89
2019-09-05_01:11:57.840[Status]Routing 147: Walk: 114
2019-09-05_01:11:57.948[Battery Energy]70.74
2019-09-05_01:11:58.102[Status]Routing 148: Walk: 114
2019-09-05_01:11:58.202[Battery Energy]70.63
2019-09-05_01:11:58.425[Status]Routing 149: Walk: 114
2019-09-05_01:11:58.528[Battery Energy]70.49
2019-09-05_01:11:58.717[Status]Routing 150: Walk: 114
2019-09-05_01:11:58.844[Battery Energy]70.38
2019-09-05_01:11:59.025[Status]Routing 151: Walk: 114
2019-09-05_01:11:59.126[Battery Energy]70.25
2019-09-05_01:11:59.403[Status]Routing 152: Walk: 114
2019-09-05_01:11:59.516[Battery Energy]70.12
2019-09-05_01:11:59.738[Status]Routing 153: Walk: 114
2019-09-05_01:11:59.838[Battery Energy]69.98
2019-09-05_01:12:00.068[Status]Routing 154: Walk: 114
2019-09-05_01:12:00.176[Battery Energy]69.83
2019-09-05_01:12:00.357[Status]Routing 155: Walk: 114
2019-09-05_01:12:00.457[Battery Energy]69.69
2019-09-05_01:12:00.625[Status]Routing 156: Walk: 114
2019-09-05_01:12:00.725[Battery Energy]69.56
2019-09-05_01:12:00.950[Status]Routing 157: Walk: 114
2019-09-05_01:12:01.068[Battery Energy]69.44
2019-09-05_01:12:01.223[Status]Routing 158: Walk: 114
2019-09-05_01:12:01.332[Battery Energy]69.32
2019-09-05_01:12:01.537[Status]Routing 159: Walk: 114
2019-09-05_01:12:01.652[Battery Energy]69.19
2019-09-05_01:12:01.833[Status]Routing 160: Walk: 114
2019-09-05_01:12:01.933[Battery Energy]69.07
2019-09-05_01:12:02.094[Status]Routing 161: Walk: 114
2019-09-05_01:12:02.194[Battery Energy]68.97
2019-09-05_01:12:02.381[Status]Routing 162: Walk: 114
2019-09-05_01:12:02.481[Battery Energy]68.86
2019-09-05_01:12:02.669[Status]Routing 163: Walk: 114
2019-09-05_01:12:02.772[Battery Energy]68.74
2019-09-05_01:12:03.022[Status]Routing 164: Walk: 114
2019-09-05_01:12:03.122[Battery Energy]68.60
2019-09-05_01:12:03.356[Status]Routing 165: Walk: 114
2019-09-05_01:12:03.456[Battery Energy]68.43
2019-09-05_01:12:03.721[Status]Routing 166: Walk: 114
2019-09-05_01:12:03.832[Battery Energy]68.30
2019-09-05_01:12:03.994[Status]Routing 167: Walk: 114
2019-09-05_01:12:04.095[Battery Energy]68.17
2019-09-05_01:12:04.262[Status]Routing 168: Walk: 114
2019-09-05_01:12:04.362[Battery Energy]68.05
2019-09-05_01:12:04.593[Status]Routing 169: Walk: 114
2019-09-05_01:12:04.704[Battery Energy]67.92
2019-09-05_01:12:04.933[Status]Routing 170: Walk: 114
2019-09-05_01:12:05.040[Battery Energy]67.80
2019-09-05_01:12:05.236[Status]Routing 171: Walk: 114
2019-09-05_01:12:05.340[Battery Energy]67.66
2019-09-05_01:12:05.479[Status]Routing 172: Walk: 114
2019-09-05_01:12:05.596[Battery Energy]67.58
2019-09-05_01:12:05.734[Status]Routing 173: Walk: 114
2019-09-05_01:12:05.838[Battery Energy]67.47
2019-09-05_01:12:06.015[Status]Routing 174: Walk: 114
2019-09-05_01:12:06.132[Battery Energy]67.34
2019-09-05_01:12:06.294[Status]Routing 175: Walk: 114
2019-09-05_01:12:06.416[Battery Energy]67.23
2019-09-05_01:12:06.587[Status]Routing 176: Walk: 114
2019-09-05_01:12:06.696[Battery Energy]67.11
2019-09-05_01:12:06.898[Status]Routing 177: Walk: 114
2019-09-05_01:12:07.020[Battery Energy]67.02
2019-09-05_01:12:07.267[Status]Routing 178: Walk: 114
2019-09-05_01:12:07.367[Battery Energy]66.87
2019-09-05_01:12:07.642[Status]Routing 179: Walk: 114
2019-09-05_01:12:07.752[Battery Energy]66.72
2019-09-05_01:12:07.953[Status]Routing 180: Walk: 114
2019-09-05_01:12:08.068[Battery Energy]66.61
2019-09-05_01:12:08.278[Status]Routing 181: Walk: 114
2019-09-05_01:12:08.396[Battery Energy]66.51
2019-09-05_01:12:08.547[Status]Routing 182: Walk: 114
2019-09-05_01:12:08.672[Battery Energy]66.38
2019-09-05_01:12:08.869[Status]Routing 183: Walk: 114
2019-09-05_01:12:08.969[Battery Energy]66.29
2019-09-05_01:12:09.190[Status]Routing 184: Walk: 114
2019-09-05_01:12:09.291[Battery Energy]66.12
2019-09-05_01:12:09.462[Status]Routing 185: Walk: 114
2019-09-05_01:12:09.569[Battery Energy]65.98
2019-09-05_01:12:09.716[Status]Routing 186: Walk: 114
2019-09-05_01:12:09.817[Battery Energy]65.87
2019-09-05_01:12:10.058[Status]Routing 187: Walk: 114
2019-09-05_01:12:10.164[Battery Energy]65.73
2019-09-05_01:12:10.334[Status]Routing 188: Walk: 114
2019-09-05_01:12:10.456[Battery Energy]65.61
2019-09-05_01:12:10.642[Status]Routing 189: Walk: 114
2019-09-05_01:12:10.748[Battery Energy]65.50
2019-09-05_01:12:10.911[Status]Routing 190: Walk: 114
2019-09-05_01:12:11.016[Battery Energy]65.38
2019-09-05_01:12:11.247[Status]Routing 191: Walk: 114
2019-09-05_01:12:11.347[Battery Energy]65.23
2019-09-05_01:12:11.522[Status]Routing 192: Walk: 114
2019-09-05_01:12:11.632[Battery Energy]65.11
2019-09-05_01:12:11.754[Status]Routing 193: Walk: 114
2019-09-05_01:12:11.854[Battery Energy]65.03
2019-09-05_01:12:12.100[Status]Routing 194: Walk: 114
2019-09-05_01:12:12.200[Battery Energy]64.86
2019-09-05_01:12:12.401[Status]Routing 195: Walk: 114
2019-09-05_01:12:12.512[Battery Energy]64.71
2019-09-05_01:12:12.692[Status]Routing 196: Walk: 114
2019-09-05_01:12:12.800[Battery Energy]64.60
2019-09-05_01:12:12.938[Status]Routing 197: Walk: 114
2019-09-05_01:12:13.039[Battery Energy]64.51
2019-09-05_01:12:13.188[Status]Routing 198: Walk: 114
2019-09-05_01:12:13.300[Battery Energy]64.42
2019-09-05_01:12:13.442[Status]Routing 199: Walk: 114
2019-09-05_01:12:13.552[Battery Energy]64.31
2019-09-05_01:12:13.851[Status]Routing 200: Walk: 114
2019-09-05_01:12:13.960[Battery Energy]64.13
2019-09-05_01:12:14.139[Status]Routing 201: Walk: 114
2019-09-05_01:12:14.241[Battery Energy]64.02
2019-09-05_01:12:14.418[Status]Routing 202: Walk: 114
2019-09-05_01:12:14.519[Battery Energy]63.89
2019-09-05_01:12:14.708[Status]Routing 203: Walk: 114
2019-09-05_01:12:14.808[Battery Energy]63.79
2019-09-05_01:12:14.965[Status]Routing 204: Walk: 114
2019-09-05_01:12:15.065[Battery Energy]63.68
2019-09-05_01:12:15.257[Status]Routing 205: Walk: 114
2019-09-05_01:12:15.357[Battery Energy]63.57
2019-09-05_01:12:15.520[Status]Routing 206: Walk: 114
2019-09-05_01:12:15.632[Battery Energy]63.48
2019-09-05_01:12:15.769[Status]Routing 207: Walk: 114
2019-09-05_01:12:15.870[Battery Energy]63.36
2019-09-05_01:12:16.066[Status]Routing 208: Walk: 114
2019-09-05_01:12:16.166[Battery Energy]63.22
2019-09-05_01:12:16.345[Status]Routing 209: Walk: 114
2019-09-05_01:12:16.448[Battery Energy]63.13
2019-09-05_01:12:16.633[Status]Routing 210: Walk: 114
2019-09-05_01:12:16.733[Battery Energy]63.04
2019-09-05_01:12:16.963[Status]Routing 211: Walk: 114
2019-09-05_01:12:17.068[Battery Energy]62.86
2019-09-05_01:12:17.258[Status]Routing 212: Walk: 114
2019-09-05_01:12:17.372[Battery Energy]62.72
2019-09-05_01:12:17.543[Status]Routing 213: Walk: 114
2019-09-05_01:12:17.644[Battery Energy]62.62
2019-09-05_01:12:17.811[Status]Routing 214: Walk: 114
2019-09-05_01:12:17.924[Battery Energy]62.52
2019-09-05_01:12:18.132[Status]Routing 215: Walk: 114
2019-09-05_01:12:18.240[Battery Energy]62.42
2019-09-05_01:12:18.477[Status]Routing 216: Walk: 114
2019-09-05_01:12:18.588[Battery Energy]62.25
2019-09-05_01:12:18.794[Status]Routing 217: Walk: 114
2019-09-05_01:12:18.904[Battery Energy]62.13
2019-09-05_01:12:19.053[Status]Routing 218: Walk: 114
2019-09-05_01:12:19.160[Battery Energy]62.04
2019-09-05_01:12:19.391[Status]Routing 219: Walk: 114
2019-09-05_01:12:19.500[Battery Energy]61.87
2019-09-05_01:12:19.705[Status]Routing 220: Walk: 114
2019-09-05_01:12:19.818[Battery Energy]61.75
2019-09-05_01:12:20.042[Status]Routing 221: Walk: 114
2019-09-05_01:12:20.142[Battery Energy]61.61
2019-09-05_01:12:20.330[Status]Routing 222: Walk: 114
2019-09-05_01:12:20.444[Battery Energy]61.51
2019-09-05_01:12:20.676[Status]Routing 223: Walk: 114
2019-09-05_01:12:20.776[Battery Energy]61.38
2019-09-05_01:12:20.936[Status]Routing 224: Walk: 114
2019-09-05_01:12:21.040[Battery Energy]61.28
2019-09-05_01:12:21.180[Status]Routing 225: Walk: 114
2019-09-05_01:12:21.284[Battery Energy]61.18
2019-09-05_01:12:21.468[Status]Routing 226: Walk: 114
2019-09-05_01:12:21.568[Battery Energy]61.03
2019-09-05_01:12:21.863[Status]Routing 227: Walk: 114
2019-09-05_01:12:21.963[Battery Energy]60.80
2019-09-05_01:12:22.088[Status]Routing 228: Walk: 114
2019-09-05_01:12:22.198[Battery Energy]60.69
2019-09-05_01:12:22.348[Status]Routing 229: Walk: 114
2019-09-05_01:12:22.460[Battery Energy]60.60
2019-09-05_01:12:22.694[Status]Routing 230: Walk: 114
2019-09-05_01:12:22.795[Battery Energy]60.44
2019-09-05_01:12:22.942[Status]Routing 231: Walk: 114
2019-09-05_01:12:23.042[Battery Energy]60.36
2019-09-05_01:12:23.212[Status]Routing 232: Walk: 114
2019-09-05_01:12:23.324[Battery Energy]60.24
2019-09-05_01:12:23.466[Status]Routing 233: Walk: 114
2019-09-05_01:12:23.566[Battery Energy]60.14
2019-09-05_01:12:23.753[Status]Routing 234: Walk: 114
2019-09-05_01:12:23.853[Battery Energy]60.03
2019-09-05_01:12:24.042[Status]Routing 235: Walk: 114
2019-09-05_01:12:24.152[Battery Energy]59.90
2019-09-05_01:12:24.407[Status]Routing 236: Walk: 114
2019-09-05_01:12:24.516[Battery Energy]59.75
2019-09-05_01:12:24.679[Status]Routing 237: Walk: 114
2019-09-05_01:12:24.784[Battery Energy]59.64
2019-09-05_01:12:24.986[Status]Routing 238: Walk: 114
2019-09-05_01:12:25.087[Battery Energy]59.49
2019-09-05_01:12:25.258[Status]Routing 239: Walk: 114
2019-09-05_01:12:25.380[Battery Energy]59.34
2019-09-05_01:12:25.585[Status]Routing 240: Walk: 114
2019-09-05_01:12:25.685[Battery Energy]59.20
2019-09-05_01:12:25.860[Status]Routing 241: Walk: 114
2019-09-05_01:12:25.972[Battery Energy]59.08
2019-09-05_01:12:26.119[Status]Routing 242: Walk: 114
2019-09-05_01:12:26.224[Battery Energy]58.98
2019-09-05_01:12:26.406[Status]Routing 243: Walk: 114
2019-09-05_01:12:26.520[Battery Energy]58.84
2019-09-05_01:12:26.669[Status]Routing 244: Walk: 114
2019-09-05_01:12:26.769[Battery Energy]58.74
2019-09-05_01:12:26.987[Status]Routing 245: Walk: 114
2019-09-05_01:12:27.121[Battery Energy]58.57
2019-09-05_01:12:27.278[Status]Routing 246: Walk: 114
2019-09-05_01:12:27.384[Battery Energy]58.47
2019-09-05_01:12:27.648[Status]Routing 247: Walk: 114
2019-09-05_01:12:27.756[Battery Energy]58.29
2019-09-05_01:12:28.034[Status]Routing 248: Walk: 114
2019-09-05_01:12:28.148[Battery Energy]58.12
2019-09-05_01:12:28.383[Status]Routing 249: Walk: 114
2019-09-05_01:12:28.492[Battery Energy]58.01
2019-09-05_01:12:28.666[Status]Routing 250: Walk: 114
2019-09-05_01:12:28.777[Battery Energy]57.92
2019-09-05_01:12:28.925[Status]Routing 251: Walk: 114
2019-09-05_01:12:29.036[Battery Energy]57.81
2019-09-05_01:12:29.193[Status]Routing 252: Walk: 114
2019-09-05_01:12:29.300[Battery Energy]57.70
2019-09-05_01:12:29.470[Status]Routing 253: Walk: 114
2019-09-05_01:12:29.570[Battery Energy]57.62
2019-09-05_01:12:29.725[Status]Routing 254: Walk: 114
2019-09-05_01:12:29.836[Battery Energy]57.53
2019-09-05_01:12:30.032[Status]Routing 255: Walk: 114
2019-09-05_01:12:30.132[Battery Energy]57.41
2019-09-05_01:12:30.341[Status]Routing 256: Walk: 114
2019-09-05_01:12:30.442[Battery Energy]57.30
2019-09-05_01:12:30.603[Status]Routing 257: Walk: 114
2019-09-05_01:12:30.708[Battery Energy]57.17
2019-09-05_01:12:30.893[Status]Routing 258: Walk: 114
2019-09-05_01:12:30.993[Battery Energy]57.05
2019-09-05_01:12:31.271[Status]Routing 259: Walk: 114
2019-09-05_01:12:31.380[Battery Energy]56.92
2019-09-05_01:12:31.565[Status]Routing 260: Walk: 114
2019-09-05_01:12:31.670[Battery Energy]56.80
2019-09-05_01:12:31.821[Status]Routing 261: Walk: 114
2019-09-05_01:12:31.932[Battery Energy]56.69
2019-09-05_01:12:32.133[Status]Routing 262: Walk: 114
2019-09-05_01:12:32.240[Battery Energy]56.59
2019-09-05_01:12:32.451[Status]Routing 263: Walk: 114
2019-09-05_01:12:32.568[Battery Energy]56.45
2019-09-05_01:12:32.731[Status]Routing 264: Walk: 114
2019-09-05_01:12:32.831[Battery Energy]56.34
2019-09-05_01:12:32.985[Status]Routing 265: Walk: 114
2019-09-05_01:12:33.104[Battery Energy]56.25
2019-09-05_01:12:33.263[Status]Routing 266: Walk: 114
2019-09-05_01:12:33.368[Battery Energy]56.11
2019-09-05_01:12:33.565[Status]Routing 267: Walk: 114
2019-09-05_01:12:33.672[Battery Energy]55.97
2019-09-05_01:12:33.829[Status]Routing 268: Walk: 114
2019-09-05_01:12:33.935[Battery Energy]55.84
2019-09-05_01:12:34.123[Status]Routing 269: Walk: 114
2019-09-05_01:12:34.223[Battery Energy]55.69
2019-09-05_01:12:34.391[Status]Routing 270: Walk: 114
2019-09-05_01:12:34.504[Battery Energy]55.59
2019-09-05_01:12:34.697[Status]Routing 271: Walk: 114
2019-09-05_01:12:34.816[Battery Energy]55.49
2019-09-05_01:12:35.015[Status]Routing 272: Walk: 114
2019-09-05_01:12:35.120[Battery Energy]55.36
2019-09-05_01:12:35.323[Status]Routing 273: Walk: 114
2019-09-05_01:12:35.423[Battery Energy]55.25
2019-09-05_01:12:35.651[Status]Routing 274: Walk: 114
2019-09-05_01:12:35.756[Battery Energy]55.12
2019-09-05_01:12:35.950[Status]Routing 275: Walk: 114
2019-09-05_01:12:36.060[Battery Energy]54.98
2019-09-05_01:12:36.216[Status]Routing 276: Walk: 114
2019-09-05_01:12:36.317[Battery Energy]54.83
2019-09-05_01:12:36.563[Status]Routing 277: Walk: 114
2019-09-05_01:12:36.664[Battery Energy]54.67
2019-09-05_01:12:36.847[Status]Routing 278: Walk: 114
2019-09-05_01:12:36.947[Battery Energy]54.54
2019-09-05_01:12:37.148[Status]Routing 279: Walk: 114
2019-09-05_01:12:37.260[Battery Energy]54.41
2019-09-05_01:12:37.488[Status]Routing 280: Walk: 114
2019-09-05_01:12:37.596[Battery Energy]54.26
2019-09-05_01:12:37.754[Status]Routing 281: Walk: 114
2019-09-05_01:12:37.872[Battery Energy]54.13
