2019-09-05_00:33:46.287[Status]Start.
2019-09-05_00:33:46.288[Battery Energy]52.00
2019-09-05_00:33:47.389[Battery Energy]51.96
2019-09-05_00:33:48.490[Battery Energy]51.92
2019-09-05_00:33:49.592[Battery Energy]51.88
2019-09-05_00:33:50.693[Battery Energy]51.84
2019-09-05_00:33:51.794[Task]A New Task Released.
2019-09-05_00:33:51.794[Battery Energy]51.80
2019-09-05_00:33:51.794[Status]Selection Start.
2019-09-05_00:33:52.460[Status]Selection End: Do Task 2.
2019-09-05_00:33:52.560[Battery Energy]51.34
2019-09-05_00:33:52.560[Status]Formation Start.
2019-09-05_00:33:52.780[Status]Formation End: To Position 1.
2019-09-05_00:33:52.884[Battery Energy]51.15
2019-09-05_00:33:52.884[Status]Routing Start.
2019-09-05_00:33:53.060[Status]{'id': 18, 'coordinate': [63.42010183530854, 605.6441571234016]}
2019-09-05_00:33:53.060[Status]Routing 1: Walk: 1
2019-09-05_00:33:53.160[Battery Energy]50.92
2019-09-05_00:33:53.160[Status]Routing Start.
2019-09-05_00:33:53.377[Status]{'id': 18, 'coordinate': [72.84020367061709, 602.2883142468031]}
2019-09-05_00:33:53.377[Status]Routing 2: Walk: 2
2019-09-05_00:33:53.477[Battery Energy]50.67
2019-09-05_00:33:53.477[Status]Routing Start.
2019-09-05_00:33:53.743[Status]{'id': 18, 'coordinate': [82.26030550592563, 598.9324713702047]}
2019-09-05_00:33:53.743[Status]Routing 3: Walk: 3
2019-09-05_00:33:53.860[Battery Energy]50.43
2019-09-05_00:33:53.860[Status]Routing Start.
2019-09-05_00:33:54.006[Status]{'id': 18, 'coordinate': [91.68040734123417, 595.5766284936062]}
2019-09-05_00:33:54.006[Status]Routing 4: Walk: 4
2019-09-05_00:33:54.116[Battery Energy]50.22
2019-09-05_00:33:54.116[Status]Routing Start.
2019-09-05_00:33:54.539[Status]{'id': 18, 'coordinate': [101.10050917654272, 592.2207856170078]}
2019-09-05_00:33:54.539[Status]Routing 5: Walk: 5
2019-09-05_00:33:54.639[Battery Energy]49.88
2019-09-05_00:33:54.639[Status]Routing Start.
2019-09-05_00:33:54.973[Status]{'id': 18, 'coordinate': [110.52061101185126, 588.8649427404093]}
2019-09-05_00:33:54.974[Status]Routing 6: Walk: 6
2019-09-05_00:33:55.074[Battery Energy]49.56
2019-09-05_00:33:55.074[Status]Routing Start.
2019-09-05_00:33:55.406[Status]{'id': 18, 'coordinate': [119.9407128471598, 585.5090998638109]}
2019-09-05_00:33:55.406[Status]Routing 7: Walk: 7
2019-09-05_00:33:55.508[Battery Energy]49.26
2019-09-05_00:33:55.508[Status]Routing Start.
2019-09-05_00:33:55.855[Status]{'id': 18, 'coordinate': [129.36081468246834, 582.1532569872124]}
2019-09-05_00:33:55.855[Status]Routing 8: Walk: 8
2019-09-05_00:33:55.956[Battery Energy]48.95
2019-09-05_00:33:55.956[Status]Routing Start.
2019-09-05_00:33:56.318[Status]{'id': 18, 'coordinate': [138.7809165177769, 578.797414110614]}
2019-09-05_00:33:56.318[Status]Routing 9: Walk: 9
2019-09-05_00:33:56.418[Battery Energy]48.65
2019-09-05_00:33:56.418[Status]Routing Start.
2019-09-05_00:33:56.699[Status]{'id': 18, 'coordinate': [148.20101835308543, 575.4415712340156]}
2019-09-05_00:33:56.699[Status]Routing 10: Walk: 10
2019-09-05_00:33:56.804[Battery Energy]48.37
2019-09-05_00:33:56.804[Status]Routing Start.
2019-09-05_00:33:57.134[Status]{'id': 18, 'coordinate': [157.62112018839397, 572.0857283574171]}
2019-09-05_00:33:57.140[Status]Routing 11: Walk: 11
2019-09-05_00:33:57.252[Battery Energy]48.06
2019-09-05_00:33:57.252[Status]Routing Start.
2019-09-05_00:33:57.635[Status]{'id': 18, 'coordinate': [167.04122202370252, 568.7298854808187]}
2019-09-05_00:33:57.635[Status]Routing 12: Walk: 12
2019-09-05_00:33:57.748[Battery Energy]47.75
2019-09-05_00:33:57.748[Status]Routing Start.
2019-09-05_00:33:58.164[Status]{'id': 18, 'coordinate': [176.46132385901106, 565.3740426042202]}
2019-09-05_00:33:58.164[Status]Routing 13: Walk: 13
2019-09-05_00:33:58.268[Battery Energy]47.37
2019-09-05_00:33:58.268[Status]Routing Start.
2019-09-05_00:33:58.606[Status]{'id': 18, 'coordinate': [185.8814256943196, 562.0181997276218]}
2019-09-05_00:33:58.606[Status]Routing 14: Walk: 14
2019-09-05_00:33:58.706[Battery Energy]47.06
2019-09-05_00:33:58.706[Status]Routing Start.
2019-09-05_00:33:59.159[Status]Routing 15: Walk: 14
2019-09-05_00:33:59.259[Battery Energy]46.65
2019-09-05_00:33:59.259[Status]Routing Start.
2019-09-05_00:33:59.751[Status]Routing 16: Walk: 14
2019-09-05_00:33:59.852[Battery Energy]46.20
2019-09-05_00:33:59.852[Status]Routing Start.
2019-09-05_00:34:00.003[Status]{'id': 18, 'coordinate': [195.30152752962815, 558.6623568510233]}
2019-09-05_00:34:00.003[Status]Routing 17: Walk: 15
2019-09-05_00:34:00.107[Battery Energy]46.00
2019-09-05_00:34:00.107[Status]Routing Start.
2019-09-05_00:34:00.472[Status]{'id': 18, 'coordinate': [204.7216293649367, 555.3065139744249]}
2019-09-05_00:34:00.472[Status]Routing 18: Walk: 16
2019-09-05_00:34:00.580[Battery Energy]45.72
2019-09-05_00:34:00.580[Status]Routing Start.
2019-09-05_00:34:00.916[Status]{'id': 18, 'coordinate': [214.14173120024523, 551.9506710978264]}
2019-09-05_00:34:00.916[Status]Routing 19: Walk: 17
2019-09-05_00:34:01.017[Battery Energy]45.37
2019-09-05_00:34:01.017[Status]Routing Start.
2019-09-05_00:34:01.363[Status]{'id': 18, 'coordinate': [223.56183303555378, 548.594828221228]}
2019-09-05_00:34:01.363[Status]Routing 20: Walk: 18
2019-09-05_00:34:01.468[Battery Energy]45.09
2019-09-05_00:34:01.468[Status]Routing Start.
2019-09-05_00:34:01.886[Status]{'id': 18, 'coordinate': [232.98193487086232, 545.2389853446296]}
2019-09-05_00:34:01.887[Status]Routing 21: Walk: 19
2019-09-05_00:34:01.988[Battery Energy]44.79
2019-09-05_00:34:01.988[Status]Routing Start.
2019-09-05_00:34:02.289[Status]{'id': 18, 'coordinate': [242.40203670617086, 541.8831424680311]}
2019-09-05_00:34:02.289[Status]Routing 22: Walk: 20
2019-09-05_00:34:02.390[Battery Energy]44.50
2019-09-05_00:34:02.390[Status]Routing Start.
2019-09-05_00:34:02.835[Status]{'id': 18, 'coordinate': [251.8221385414794, 538.5272995914327]}
2019-09-05_00:34:02.835[Status]Routing 23: Walk: 21
2019-09-05_00:34:02.952[Battery Energy]44.12
2019-09-05_00:34:02.952[Status]Routing Start.
2019-09-05_00:34:03.248[Status]{'id': 18, 'coordinate': [261.24224037678795, 535.1714567148342]}
2019-09-05_00:34:03.251[Status]Routing 24: Walk: 22
2019-09-05_00:34:03.356[Battery Energy]43.81
2019-09-05_00:34:03.356[Status]Routing Start.
2019-09-05_00:34:03.687[Status]{'id': 18, 'coordinate': [270.6623422120965, 531.8156138382358]}
2019-09-05_00:34:03.687[Status]Routing 25: Walk: 23
2019-09-05_00:34:03.800[Battery Energy]43.51
2019-09-05_00:34:03.800[Status]Routing Start.
2019-09-05_00:34:04.113[Status]{'id': 18, 'coordinate': [280.0824440474051, 528.4597709616373]}
2019-09-05_00:34:04.113[Status]Routing 26: Walk: 24
2019-09-05_00:34:04.213[Battery Energy]43.18
2019-09-05_00:34:04.213[Status]Routing Start.
2019-09-05_00:34:04.538[Status]{'id': 18, 'coordinate': [289.50254588271366, 525.1039280850389]}
2019-09-05_00:34:04.543[Status]Routing 27: Walk: 25
2019-09-05_00:34:04.652[Battery Energy]42.85
2019-09-05_00:34:04.652[Status]Routing Start.
2019-09-05_00:34:04.979[Status]{'id': 18, 'coordinate': [298.92264771802223, 521.7480852084404]}
2019-09-05_00:34:04.979[Status]Routing 28: Walk: 26
2019-09-05_00:34:05.096[Battery Energy]42.56
2019-09-05_00:34:05.096[Status]Routing Start.
2019-09-05_00:34:05.442[Status]{'id': 18, 'coordinate': [308.3427495533308, 518.392242331842]}
2019-09-05_00:34:05.442[Status]Routing 29: Walk: 27
2019-09-05_00:34:05.542[Battery Energy]42.24
2019-09-05_00:34:05.542[Status]Routing Start.
2019-09-05_00:34:05.913[Status]{'id': 18, 'coordinate': [317.7628513886394, 515.0363994552436]}
2019-09-05_00:34:05.913[Status]Routing 30: Walk: 28
2019-09-05_00:34:06.020[Battery Energy]41.93
2019-09-05_00:34:06.024[Status]Routing Start.
2019-09-05_00:34:06.177[Status]{'id': 18, 'coordinate': [327.18295322394795, 511.6805565786451]}
2019-09-05_00:34:06.178[Status]Routing 31: Walk: 29
2019-09-05_00:34:06.278[Battery Energy]41.68
2019-09-05_00:34:06.278[Status]Routing Start.
2019-09-05_00:34:06.498[Status]{'id': 18, 'coordinate': [336.6030550592565, 508.32471370204667]}
2019-09-05_00:34:06.498[Status]Routing 32: Walk: 30
2019-09-05_00:34:06.599[Battery Energy]41.47
2019-09-05_00:34:06.599[Status]Routing Start.
2019-09-05_00:34:06.941[Status]Routing 33: Walk: 30
2019-09-05_00:34:07.042[Battery Energy]41.17
2019-09-05_00:34:07.042[Status]Routing Start.
2019-09-05_00:34:07.387[Status]Routing 34: Walk: 30
2019-09-05_00:34:07.487[Battery Energy]40.87
2019-09-05_00:34:07.487[Status]Routing Start.
2019-09-05_00:34:07.769[Status]Routing 35: Walk: 30
2019-09-05_00:34:07.869[Battery Energy]40.58
2019-09-05_00:34:07.869[Status]Routing Start.
2019-09-05_00:34:08.113[Status]{'id': 18, 'coordinate': [346.0231568945651, 504.9688708254482]}
2019-09-05_00:34:08.113[Status]Routing 36: Walk: 31
2019-09-05_00:34:08.215[Battery Energy]40.33
2019-09-05_00:34:08.216[Status]Routing Start.
2019-09-05_00:34:08.809[Status]Routing 37: Walk: 31
2019-09-05_00:34:08.909[Battery Energy]39.88
2019-09-05_00:34:08.909[Status]Routing Start.
2019-09-05_00:34:09.245[Status]Routing 38: Walk: 31
2019-09-05_00:34:09.349[Battery Energy]39.62
2019-09-05_00:34:09.349[Status]Routing Start.
2019-09-05_00:34:09.663[Status]Routing 39: Walk: 31
2019-09-05_00:34:09.779[Battery Energy]39.33
2019-09-05_00:34:09.779[Status]Routing Start.
2019-09-05_00:34:10.142[Status]Routing 40: Walk: 31
2019-09-05_00:34:10.242[Battery Energy]38.97
2019-09-05_00:34:10.242[Status]Routing Start.
2019-09-05_00:34:10.552[Status]Routing 41: Walk: 31
2019-09-05_00:34:10.654[Battery Energy]38.67
2019-09-05_00:34:10.654[Status]Routing Start.
2019-09-05_00:34:10.949[Status]Routing 42: Walk: 31
2019-09-05_00:34:11.053[Battery Energy]38.37
2019-09-05_00:34:11.053[Status]Routing Start.
2019-09-05_00:34:11.366[Status]Routing 43: Walk: 31
2019-09-05_00:34:11.468[Battery Energy]38.07
2019-09-05_00:34:11.468[Status]Routing Start.
2019-09-05_00:34:11.683[Status]{'id': 18, 'coordinate': [355.44325872987366, 501.6130279488498]}
2019-09-05_00:34:11.683[Status]Routing 44: Walk: 32
2019-09-05_00:34:11.790[Battery Energy]37.81
2019-09-05_00:34:11.790[Status]Routing Start.
2019-09-05_00:34:12.209[Status]Routing 45: Walk: 32
2019-09-05_00:34:12.309[Battery Energy]37.47
2019-09-05_00:34:12.309[Status]Routing Start.
2019-09-05_00:34:12.451[Status]{'id': 18, 'coordinate': [364.86336056518223, 498.25718507225133]}
2019-09-05_00:34:12.451[Status]Routing 46: Walk: 33
2019-09-05_00:34:12.556[Battery Energy]37.24
2019-09-05_00:34:12.556[Status]Routing Start.
2019-09-05_00:34:13.053[Status]Routing 47: Walk: 33
2019-09-05_00:34:13.157[Battery Energy]36.88
2019-09-05_00:34:13.157[Status]Routing Start.
2019-09-05_00:34:13.506[Status]Routing 48: Walk: 33
2019-09-05_00:34:13.606[Battery Energy]36.56
2019-09-05_00:34:13.606[Status]Routing Start.
2019-09-05_00:34:13.890[Status]Routing 49: Walk: 33
2019-09-05_00:34:13.990[Battery Energy]36.28
2019-09-05_00:34:13.991[Status]Routing Start.
2019-09-05_00:34:14.241[Status]{'id': 18, 'coordinate': [374.2834624004908, 494.9013421956529]}
2019-09-05_00:34:14.241[Status]Routing 50: Walk: 34
2019-09-05_00:34:14.352[Battery Energy]36.04
2019-09-05_00:34:14.352[Status]Routing Start.
2019-09-05_00:34:14.592[Status]{'id': 18, 'coordinate': [383.7035642357994, 491.54549931905444]}
2019-09-05_00:34:14.592[Status]Routing 51: Walk: 35
2019-09-05_00:34:14.700[Battery Energy]35.81
2019-09-05_00:34:14.700[Status]Routing Start.
2019-09-05_00:34:15.069[Status]{'id': 18, 'coordinate': [393.12366607110795, 488.189656442456]}
2019-09-05_00:34:15.069[Status]Routing 52: Walk: 36
2019-09-05_00:34:15.169[Battery Energy]35.52
2019-09-05_00:34:15.169[Status]Routing Start.
2019-09-05_00:34:15.534[Status]{'id': 18, 'coordinate': [402.5437679064165, 484.83381356585755]}
2019-09-05_00:34:15.534[Status]Routing 53: Walk: 37
2019-09-05_00:34:15.635[Battery Energy]35.16
2019-09-05_00:34:15.635[Status]Routing Start.
2019-09-05_00:34:16.166[Status]{'id': 18, 'coordinate': [411.9638697417251, 481.4779706892591]}
2019-09-05_00:34:16.175[Status]Routing 54: Walk: 38
2019-09-05_00:34:16.276[Battery Energy]34.81
2019-09-05_00:34:16.276[Status]Routing Start.
2019-09-05_00:34:16.682[Status]{'id': 18, 'coordinate': [421.38397157703366, 478.12212781266066]}
2019-09-05_00:34:16.683[Status]Routing 55: Walk: 39
2019-09-05_00:34:16.788[Battery Energy]34.47
2019-09-05_00:34:16.788[Status]Routing Start.
2019-09-05_00:34:17.126[Status]{'id': 18, 'coordinate': [430.80407341234223, 474.7662849360622]}
2019-09-05_00:34:17.126[Status]Routing 56: Walk: 40
2019-09-05_00:34:17.227[Battery Energy]34.15
2019-09-05_00:34:17.227[Status]Routing Start.
2019-09-05_00:34:17.561[Status]{'id': 18, 'coordinate': [440.2241752476508, 471.4104420594638]}
2019-09-05_00:34:17.561[Status]Routing 57: Walk: 41
2019-09-05_00:34:17.664[Battery Energy]33.86
2019-09-05_00:34:17.664[Status]Routing Start.
2019-09-05_00:34:18.014[Status]{'id': 18, 'coordinate': [449.6442770829594, 468.05459918286533]}
2019-09-05_00:34:18.014[Status]Routing 58: Walk: 42
2019-09-05_00:34:18.114[Battery Energy]33.57
2019-09-05_00:34:18.114[Status]Routing Start.
2019-09-05_00:34:18.336[Status]{'id': 18, 'coordinate': [459.06437891826795, 464.6987563062669]}
2019-09-05_00:34:18.336[Status]Routing 59: Walk: 43
2019-09-05_00:34:18.437[Battery Energy]33.34
2019-09-05_00:34:18.437[Status]Routing Start.
2019-09-05_00:34:18.709[Status]{'id': 18, 'coordinate': [468.4844807535765, 461.34291342966844]}
2019-09-05_00:34:18.709[Status]Routing 60: Walk: 44
2019-09-05_00:34:18.809[Battery Energy]33.08
2019-09-05_00:34:18.809[Status]Routing Start.
2019-09-05_00:34:19.066[Status]{'id': 18, 'coordinate': [477.9045825888851, 457.98707055307]}
2019-09-05_00:34:19.066[Status]Routing 61: Walk: 45
2019-09-05_00:34:19.166[Battery Energy]32.83
2019-09-05_00:34:19.166[Status]Routing Start.
2019-09-05_00:34:19.346[Status]{'id': 18, 'coordinate': [487.32468442419366, 454.63122767647155]}
2019-09-05_00:34:19.346[Status]Routing 62: Walk: 46
2019-09-05_00:34:19.446[Battery Energy]32.61
2019-09-05_00:34:19.446[Status]Routing Start.
2019-09-05_00:34:19.710[Status]{'id': 18, 'coordinate': [496.74478625950223, 451.2753847998731]}
2019-09-05_00:34:19.710[Status]Routing 63: Walk: 47
2019-09-05_00:34:19.863[Battery Energy]32.31
2019-09-05_00:34:19.863[Status]Routing Start.
2019-09-05_00:34:20.007[Status]{'id': 18, 'coordinate': [506.1648880948108, 447.91954192327466]}
2019-09-05_00:34:20.007[Status]Routing 64: Walk: 48
2019-09-05_00:34:20.120[Battery Energy]32.10
2019-09-05_00:34:20.120[Status]Routing Start.
2019-09-05_00:34:20.326[Status]{'id': 18, 'coordinate': [515.5849899301194, 444.5636990466762]}
2019-09-05_00:34:20.326[Status]Routing 65: Walk: 49
2019-09-05_00:34:20.428[Battery Energy]31.86
2019-09-05_00:34:20.428[Status]Routing Start.
2019-09-05_00:34:20.645[Status]{'id': 18, 'coordinate': [525.0050917654279, 441.2078561700778]}
2019-09-05_00:34:20.645[Status]Routing 66: Walk: 50
2019-09-05_00:34:20.745[Battery Energy]31.65
2019-09-05_00:34:20.745[Status]Routing Start.
2019-09-05_00:34:21.034[Status]{'id': 18, 'coordinate': [534.4251936007364, 437.85201329347933]}
2019-09-05_00:34:21.034[Status]Routing 67: Walk: 51
2019-09-05_00:34:21.134[Battery Energy]31.44
2019-09-05_00:34:21.134[Status]Routing Start.
2019-09-05_00:34:21.372[Status]{'id': 18, 'coordinate': [543.8452954360449, 434.4961704168809]}
2019-09-05_00:34:21.372[Status]Routing 68: Walk: 52
2019-09-05_00:34:21.476[Battery Energy]31.21
2019-09-05_00:34:21.476[Status]Routing Start.
2019-09-05_00:34:21.674[Status]{'id': 18, 'coordinate': [553.2653972713534, 431.14032754028244]}
2019-09-05_00:34:21.675[Status]Routing 69: Walk: 53
2019-09-05_00:34:21.775[Battery Energy]30.96
2019-09-05_00:34:21.775[Status]Routing Start.
2019-09-05_00:34:21.989[Status]{'id': 18, 'coordinate': [562.685499106662, 427.784484663684]}
2019-09-05_00:34:21.989[Status]Routing 70: Walk: 54
2019-09-05_00:34:22.090[Battery Energy]30.73
2019-09-05_00:34:22.090[Status]Routing Start.
2019-09-05_00:34:22.280[Status]{'id': 18, 'coordinate': [572.1056009419705, 424.42864178708555]}
2019-09-05_00:34:22.280[Status]Routing 71: Walk: 55
2019-09-05_00:34:22.392[Battery Energy]30.50
2019-09-05_00:34:22.392[Status]Routing Start.
2019-09-05_00:34:22.673[Status]{'id': 18, 'coordinate': [581.525702777279, 421.0727989104871]}
2019-09-05_00:34:22.673[Status]Routing 72: Walk: 56
2019-09-05_00:34:22.784[Battery Energy]30.27
2019-09-05_00:34:22.784[Status]Routing Start.
2019-09-05_00:34:22.955[Status]{'id': 18, 'coordinate': [590.9458046125875, 417.71695603388866]}
2019-09-05_00:34:22.955[Status]Routing 73: Walk: 57
2019-09-05_00:34:23.055[Battery Energy]30.05
2019-09-05_00:34:23.056[Status]Routing Start.
2019-09-05_00:34:23.287[Status]{'id': 18, 'coordinate': [600.365906447896, 414.3611131572902]}
2019-09-05_00:34:23.287[Status]Routing 74: Walk: 58
2019-09-05_00:34:23.396[Battery Energy]29.82
2019-09-05_00:34:23.396[Status]Routing Start.
2019-09-05_00:34:23.686[Status]{'id': 18, 'coordinate': [609.7860082832045, 411.0052702806918]}
2019-09-05_00:34:23.686[Status]Routing 75: Walk: 59
2019-09-05_00:34:23.816[Battery Energy]29.52
2019-09-05_00:34:23.816[Status]Routing Start.
2019-09-05_00:34:24.005[Status]{'id': 18, 'coordinate': [619.206110118513, 407.64942740409333]}
2019-09-05_00:34:24.005[Status]Routing 76: Walk: 60
2019-09-05_00:34:24.105[Battery Energy]29.29
2019-09-05_00:34:24.105[Status]Routing Start.
2019-09-05_00:34:24.301[Status]{'id': 18, 'coordinate': [628.6262119538216, 404.2935845274949]}
2019-09-05_00:34:24.301[Status]Routing 77: Walk: 61
2019-09-05_00:34:24.404[Battery Energy]29.08
2019-09-05_00:34:24.404[Status]Routing Start.
2019-09-05_00:34:24.570[Status]{'id': 18, 'coordinate': [638.0463137891301, 400.93774165089644]}
2019-09-05_00:34:24.570[Status]Routing 78: Walk: 62
2019-09-05_00:34:24.705[Battery Energy]28.89
2019-09-05_00:34:24.705[Status]Routing Start.
2019-09-05_00:34:24.945[Status]{'id': 18, 'coordinate': [647.4664156244386, 397.581898774298]}
2019-09-05_00:34:24.945[Status]Routing 79: Walk: 63
2019-09-05_00:34:25.104[Battery Energy]28.63
2019-09-05_00:34:25.104[Status]Routing Start.
2019-09-05_00:34:25.261[Status]{'id': 18, 'coordinate': [656.8865174597471, 394.22605589769955]}
2019-09-05_00:34:25.261[Status]Routing 80: Walk: 64
2019-09-05_00:34:25.388[Battery Energy]28.42
2019-09-05_00:34:25.389[Status]Routing Start.
2019-09-05_00:34:25.731[Status]{'id': 18, 'coordinate': [666.3066192950556, 390.8702130211011]}
2019-09-05_00:34:25.731[Status]Routing 81: Walk: 65
2019-09-05_00:34:25.840[Battery Energy]28.16
2019-09-05_00:34:25.840[Status]Routing Start.
2019-09-05_00:34:26.202[Status]{'id': 18, 'coordinate': [675.7267211303641, 387.51437014450266]}
2019-09-05_00:34:26.202[Status]Routing 82: Walk: 66
2019-09-05_00:34:26.304[Battery Energy]27.88
2019-09-05_00:34:26.304[Status]Routing Start.
2019-09-05_00:34:26.808[Status]{'id': 18, 'coordinate': [685.1468229656726, 384.1585272679042]}
2019-09-05_00:34:26.809[Status]Routing 83: Walk: 67
2019-09-05_00:34:26.909[Battery Energy]27.45
2019-09-05_00:34:26.909[Status]Routing Start.
2019-09-05_00:34:27.250[Status]{'id': 18, 'coordinate': [694.5669248009812, 380.8026843913058]}
2019-09-05_00:34:27.250[Status]Routing 84: Walk: 68
2019-09-05_00:34:27.351[Battery Energy]27.07
2019-09-05_00:34:27.351[Status]Routing Start.
2019-09-05_00:34:27.704[Status]{'id': 18, 'coordinate': [703.9870266362897, 377.44684151470733]}
2019-09-05_00:34:27.704[Status]Routing 85: Walk: 69
2019-09-05_00:34:27.804[Battery Energy]26.65
2019-09-05_00:34:27.804[Status]Routing Start.
2019-09-05_00:34:28.136[Status]{'id': 18, 'coordinate': [713.4071284715982, 374.0909986381089]}
2019-09-05_00:34:28.136[Status]Routing 86: Walk: 70
2019-09-05_00:34:28.236[Battery Energy]26.32
2019-09-05_00:34:28.236[Status]Routing Start.
2019-09-05_00:34:28.406[Status]{'id': 18, 'coordinate': [722.8272303069067, 370.73515576151044]}
2019-09-05_00:34:28.406[Status]Routing 87: Walk: 71
2019-09-05_00:34:28.508[Battery Energy]26.09
2019-09-05_00:34:28.508[Status]Routing Start.
2019-09-05_00:34:28.750[Status]{'id': 18, 'coordinate': [732.2473321422152, 367.379312884912]}
2019-09-05_00:34:28.750[Status]Routing 88: Walk: 72
2019-09-05_00:34:28.850[Battery Energy]25.87
2019-09-05_00:34:28.850[Status]Routing Start.
2019-09-05_00:34:29.167[Status]{'id': 18, 'coordinate': [741.6674339775237, 364.02347000831355]}
2019-09-05_00:34:29.168[Status]Routing 89: Walk: 73
2019-09-05_00:34:29.278[Battery Energy]25.58
2019-09-05_00:34:29.278[Status]Routing Start.
2019-09-05_00:34:29.514[Status]{'id': 18, 'coordinate': [751.0875358128322, 360.6676271317151]}
2019-09-05_00:34:29.514[Status]Routing 90: Walk: 74
2019-09-05_00:34:29.620[Battery Energy]25.37
2019-09-05_00:34:29.620[Status]Routing Start.
2019-09-05_00:34:29.944[Status]{'id': 18, 'coordinate': [760.5076376481408, 357.31178425511666]}
2019-09-05_00:34:29.944[Status]Routing 91: Walk: 75
2019-09-05_00:34:30.052[Battery Energy]25.04
2019-09-05_00:34:30.052[Status]Routing Start.
2019-09-05_00:34:30.410[Status]{'id': 18, 'coordinate': [769.9277394834493, 353.9559413785182]}
2019-09-05_00:34:30.410[Status]Routing 92: Walk: 76
2019-09-05_00:34:30.510[Battery Energy]24.71
2019-09-05_00:34:30.510[Status]Routing Start.
2019-09-05_00:34:30.822[Status]{'id': 18, 'coordinate': [779.3478413187578, 350.6000985019198]}
2019-09-05_00:34:30.822[Status]Routing 93: Walk: 77
2019-09-05_00:34:30.922[Battery Energy]24.41
2019-09-05_00:34:30.922[Status]Routing Start.
2019-09-05_00:34:31.155[Status]{'id': 18, 'coordinate': [788.7679431540663, 347.24425562532133]}
2019-09-05_00:34:31.155[Status]Routing 94: Walk: 78
2019-09-05_00:34:31.256[Battery Energy]24.15
2019-09-05_00:34:31.256[Status]Routing Start.
2019-09-05_00:34:31.605[Status]{'id': 18, 'coordinate': [798.1880449893748, 343.8884127487229]}
2019-09-05_00:34:31.605[Status]Routing 95: Walk: 79
2019-09-05_00:34:31.705[Battery Energy]23.82
2019-09-05_00:34:31.705[Status]Routing Start.
2019-09-05_00:34:31.844[Status]{'id': 18, 'coordinate': [807.6081468246833, 340.53256987212444]}
2019-09-05_00:34:31.844[Status]Routing 96: Walk: 80
2019-09-05_00:34:31.960[Battery Energy]23.60
2019-09-05_00:34:31.960[Status]Routing Start.
2019-09-05_00:34:32.309[Status]{'id': 18, 'coordinate': [817.0282486599918, 337.176726995526]}
2019-09-05_00:34:32.309[Status]Routing 97: Walk: 81
2019-09-05_00:34:32.410[Battery Energy]23.36
2019-09-05_00:34:32.410[Status]Routing Start.
2019-09-05_00:34:32.667[Status]{'id': 18, 'coordinate': [826.4483504953004, 333.82088411892755]}
2019-09-05_00:34:32.667[Status]Routing 98: Walk: 82
2019-09-05_00:34:32.776[Battery Energy]23.13
2019-09-05_00:34:32.776[Status]Routing Start.
2019-09-05_00:34:32.993[Status]{'id': 18, 'coordinate': [835.8684523306089, 330.4650412423291]}
2019-09-05_00:34:32.993[Status]Routing 99: Walk: 83
2019-09-05_00:34:33.108[Battery Energy]22.91
2019-09-05_00:34:33.108[Status]Routing Start.
2019-09-05_00:34:33.359[Status]{'id': 18, 'coordinate': [845.2885541659174, 327.10919836573066]}
2019-09-05_00:34:33.359[Status]Routing 100: Walk: 84
2019-09-05_00:34:33.459[Battery Energy]22.69
2019-09-05_00:34:33.459[Status]Routing Start.
2019-09-05_00:34:33.662[Status]{'id': 18, 'coordinate': [854.7086560012259, 323.7533554891322]}
2019-09-05_00:34:33.662[Status]Routing 101: Walk: 85
2019-09-05_00:34:33.764[Battery Energy]22.49
2019-09-05_00:34:33.764[Status]Routing Start.
2019-09-05_00:34:34.076[Status]{'id': 18, 'coordinate': [864.1287578365344, 320.3975126125338]}
2019-09-05_00:34:34.076[Status]Routing 102: Walk: 86
2019-09-05_00:34:34.180[Battery Energy]22.17
2019-09-05_00:34:34.180[Status]Routing Start.
2019-09-05_00:34:34.468[Status]{'id': 18, 'coordinate': [873.5488596718429, 317.04166973593533]}
2019-09-05_00:34:34.468[Status]Routing 103: Walk: 87
2019-09-05_00:34:34.574[Battery Energy]21.84
2019-09-05_00:34:34.576[Status]Routing Start.
2019-09-05_00:34:34.770[Status]{'id': 18, 'coordinate': [882.9689615071514, 313.6858268593369]}
2019-09-05_00:34:34.770[Status]Routing 104: Walk: 88
2019-09-05_00:34:34.884[Battery Energy]21.58
2019-09-05_00:34:34.884[Status]Routing Start.
2019-09-05_00:34:35.302[Status]{'id': 18, 'coordinate': [892.38906334246, 310.32998398273844]}
2019-09-05_00:34:35.302[Status]Routing 105: Walk: 89
2019-09-05_00:34:35.445[Battery Energy]21.23
2019-09-05_00:34:35.447[Status]Routing Start.
2019-09-05_00:34:35.752[Status]{'id': 18, 'coordinate': [901.8091651777685, 306.97414110614]}
2019-09-05_00:34:35.753[Status]Routing 106: Walk: 90
2019-09-05_00:34:35.853[Battery Energy]20.87
2019-09-05_00:34:35.853[Status]Routing Start.
2019-09-05_00:34:36.203[Status]{'id': 18, 'coordinate': [911.229267013077, 303.61829822954155]}
2019-09-05_00:34:36.204[Status]Routing 107: Walk: 91
2019-09-05_00:34:36.312[Battery Energy]20.55
2019-09-05_00:34:36.312[Status]Routing Start.
2019-09-05_00:34:36.465[Status]{'id': 18, 'coordinate': [920.6493688483855, 300.2624553529431]}
2019-09-05_00:34:36.466[Status]Routing 108: Walk: 92
2019-09-05_00:34:36.572[Battery Energy]20.36
2019-09-05_00:34:36.572[Status]Routing Start.
2019-09-05_00:34:36.839[Status]{'id': 18, 'coordinate': [930.069470683694, 296.90661247634466]}
2019-09-05_00:34:36.839[Status]Routing 109: Walk: 93
2019-09-05_00:34:36.939[Battery Energy]20.10
2019-09-05_00:34:36.939[Status]Routing Start.
2019-09-05_00:34:37.307[Status]{'id': 18, 'coordinate': [939.4895725190025, 293.5507695997462]}
2019-09-05_00:34:37.307[Status]Routing 110: Walk: 94
2019-09-05_00:34:37.412[Battery Energy]19.79
2019-09-05_00:34:37.412[Status]Routing Start.
2019-09-05_00:34:37.585[Status]{'id': 18, 'coordinate': [948.909674354311, 290.1949267231478]}
2019-09-05_00:34:37.585[Status]Routing 111: Walk: 95
2019-09-05_00:34:37.689[Battery Energy]19.55
2019-09-05_00:34:37.689[Status]Routing Start.
2019-09-05_00:34:38.078[Status]{'id': 18, 'coordinate': [958.3297761896196, 286.83908384654933]}
2019-09-05_00:34:38.079[Status]Routing 112: Walk: 96
2019-09-05_00:34:38.188[Battery Energy]19.23
2019-09-05_00:34:38.188[Status]Routing Start.
2019-09-05_00:34:38.563[Status]{'id': 18, 'coordinate': [967.7498780249281, 283.4832409699509]}
2019-09-05_00:34:38.563[Status]Routing 113: Walk: 97
2019-09-05_00:34:38.670[Battery Energy]18.92
2019-09-05_00:34:38.670[Status]Routing Start.
2019-09-05_00:34:39.041[Status]{'id': 18, 'coordinate': [977.1699798602366, 280.12739809335244]}
2019-09-05_00:34:39.041[Status]Routing 114: Walk: 98
2019-09-05_00:34:39.152[Battery Energy]18.59
2019-09-05_00:34:39.152[Status]Routing Start.
2019-09-05_00:34:39.489[Status]{'id': 18, 'coordinate': [986.5900816955451, 276.771555216754]}
2019-09-05_00:34:39.489[Status]Routing 115: Walk: 99
2019-09-05_00:34:39.589[Battery Energy]18.28
2019-09-05_00:34:39.589[Status]Routing Start.
2019-09-05_00:34:39.899[Status]{'id': 18, 'coordinate': [996.0101835308536, 273.41571234015555]}
2019-09-05_00:34:39.899[Status]Routing 116: Walk: 100
2019-09-05_00:34:40.002[Battery Energy]18.02
2019-09-05_00:34:40.002[Status]Routing Start.
2019-09-05_00:34:40.407[Status]{'id': 18, 'coordinate': [1005.4302853661621, 270.0598694635571]}
2019-09-05_00:34:40.407[Status]Routing 117: Walk: 101
2019-09-05_00:34:40.516[Battery Energy]17.65
2019-09-05_00:34:40.516[Status]Routing Start.
2019-09-05_00:34:40.815[Status]{'id': 18, 'coordinate': [1014.8503872014707, 266.70402658695866]}
2019-09-05_00:34:40.820[Status]Routing 118: Walk: 102
2019-09-05_00:34:40.924[Battery Energy]17.36
2019-09-05_00:34:40.924[Status]Routing Start.
2019-09-05_00:34:41.224[Status]{'id': 18, 'coordinate': [1024.2704890367793, 263.3481837103602]}
2019-09-05_00:34:41.224[Status]Routing 119: Walk: 103
2019-09-05_00:34:41.325[Battery Energy]17.10
2019-09-05_00:34:41.325[Status]Routing Start.
2019-09-05_00:34:41.648[Status]{'id': 18, 'coordinate': [1033.6905908720878, 259.9923408337618]}
2019-09-05_00:34:41.648[Status]Routing 120: Walk: 104
2019-09-05_00:34:41.748[Battery Energy]16.82
2019-09-05_00:34:41.748[Status]Routing Start.
2019-09-05_00:34:42.164[Status]{'id': 18, 'coordinate': [1035.173682225752, 269.8817513337201]}
2019-09-05_00:34:42.164[Status]Routing 121: Walk: 105
2019-09-05_00:34:42.264[Battery Energy]16.42
2019-09-05_00:34:42.264[Status]Routing Start.
2019-09-05_00:34:42.432[Status]{'id': 18, 'coordinate': [1044.1852176174502, 265.54675077037905]}
2019-09-05_00:34:42.432[Status]Routing 122: Walk: 106
2019-09-05_00:34:42.540[Battery Energy]16.21
2019-09-05_00:34:42.540[Status]Routing Start.
2019-09-05_00:34:43.075[Status]{'id': 18, 'coordinate': [1049.4539293075388, 274.0462023483765]}
2019-09-05_00:34:43.083[Status]Routing 123: Walk: 107
2019-09-05_00:34:43.184[Battery Energy]15.74
2019-09-05_00:34:43.184[Status]Routing Start.
2019-09-05_00:34:43.344[Status]{'id': 18, 'coordinate': [1057.8746440771956, 268.65254285151497]}
2019-09-05_00:34:43.345[Status]Routing 124: Walk: 108
2019-09-05_00:34:43.450[Battery Energy]15.51
2019-09-05_00:34:43.450[Status]Routing Start.
2019-09-05_00:34:43.848[Status]{'id': 18, 'coordinate': [1067.1615524304502, 272.36109152158093]}
2019-09-05_00:34:43.848[Status]Routing 125: Walk: 109
2019-09-05_00:34:43.949[Battery Energy]15.13
2019-09-05_00:34:43.949[Status]Routing Start.
2019-09-05_00:34:44.163[Status]{'id': 18, 'coordinate': [1074.8635489316127, 265.9830628374122]}
2019-09-05_00:34:44.163[Status]Routing 126: Walk: 110
2019-09-05_00:34:44.263[Battery Energy]14.85
2019-09-05_00:34:44.263[Status]Routing Start.
2019-09-05_00:34:44.654[Status]{'id': 18, 'coordinate': [1082.5655454327753, 259.6050341532435]}
2019-09-05_00:34:44.654[Status]Routing 127: Walk: 111
2019-09-05_00:34:44.754[Battery Energy]14.55
2019-09-05_00:34:44.754[Status]Routing Start.
2019-09-05_00:34:45.040[Status]{'id': 18, 'coordinate': [1090.2675419339378, 253.22700546907473]}
2019-09-05_00:34:45.040[Status]Routing 128: Walk: 112
2019-09-05_00:34:45.140[Battery Energy]14.26
2019-09-05_00:34:45.140[Status]Routing Start.
2019-09-05_00:34:45.483[Status]{'id': 18, 'coordinate': [1097.9695384351003, 246.848976784906]}
2019-09-05_00:34:45.484[Status]Routing 129: Walk: 113
2019-09-05_00:34:45.585[Battery Energy]14.00
2019-09-05_00:34:45.585[Status]Routing Start.
2019-09-05_00:34:45.761[Status]{'id': 18, 'coordinate': [1105.6715349362628, 240.47094810073727]}
2019-09-05_00:34:45.761[Status]Routing 130: Walk: 114
2019-09-05_00:34:45.868[Battery Energy]13.76
2019-09-05_00:34:45.868[Status]Routing Start.
2019-09-05_00:34:46.229[Status]{'id': 18, 'coordinate': [1113.3735314374255, 234.09291941656858]}
2019-09-05_00:34:46.229[Status]Routing 131: Walk: 115
2019-09-05_00:34:46.336[Battery Energy]13.47
2019-09-05_00:34:46.336[Status]Routing Start.
2019-09-05_00:34:46.336[Status]Task Finished.
2019-09-05_00:34:46.437[Battery Energy]13.47
2019-09-05_00:34:46.676[Status]Routing 133: Walk: 115
2019-09-05_00:34:46.776[Battery Energy]13.32
2019-09-05_00:34:47.173[Status]Routing 134: Walk: 115
2019-09-05_00:34:47.279[Battery Energy]13.10
2019-09-05_00:34:47.439[Status]Routing 135: Walk: 115
2019-09-05_00:34:47.544[Battery Energy]13.01
2019-09-05_00:34:47.762[Status]Routing 136: Walk: 115
2019-09-05_00:34:47.876[Battery Energy]12.89
2019-09-05_00:34:48.062[Status]Routing 137: Walk: 115
2019-09-05_00:34:48.168[Battery Energy]12.80
2019-09-05_00:34:48.470[Status]Routing 138: Walk: 115
2019-09-05_00:34:48.584[Battery Energy]12.61
2019-09-05_00:34:48.883[Status]Routing 139: Walk: 115
2019-09-05_00:34:48.996[Battery Energy]12.44
2019-09-05_00:34:49.168[Status]Routing 140: Walk: 115
2019-09-05_00:34:49.271[Battery Energy]12.32
2019-09-05_00:34:49.540[Status]Routing 141: Walk: 115
2019-09-05_00:34:49.640[Battery Energy]12.14
2019-09-05_00:34:49.830[Status]Routing 142: Walk: 115
2019-09-05_00:34:49.936[Battery Energy]12.00
2019-09-05_00:34:50.099[Status]Routing 143: Walk: 115
2019-09-05_00:34:50.199[Battery Energy]11.87
2019-09-05_00:34:50.538[Status]Routing 144: Walk: 115
2019-09-05_00:34:50.638[Battery Energy]11.61
2019-09-05_00:34:50.882[Status]Routing 145: Walk: 115
2019-09-05_00:34:50.988[Battery Energy]11.45
2019-09-05_00:34:51.205[Status]Routing 146: Walk: 115
2019-09-05_00:34:51.316[Battery Energy]11.32
2019-09-05_00:34:51.466[Status]Routing 147: Walk: 115
2019-09-05_00:34:51.566[Battery Energy]11.22
2019-09-05_00:34:51.819[Status]Routing 148: Walk: 115
2019-09-05_00:34:51.928[Battery Energy]11.10
2019-09-05_00:34:52.115[Status]Routing 149: Walk: 115
2019-09-05_00:34:52.266[Battery Energy]10.95
2019-09-05_00:34:52.502[Status]Routing 150: Walk: 115
2019-09-05_00:34:52.616[Battery Energy]10.83
2019-09-05_00:34:52.821[Status]Routing 151: Walk: 115
2019-09-05_00:34:52.923[Battery Energy]10.69
2019-09-05_00:34:53.119[Status]Routing 152: Walk: 115
2019-09-05_00:34:53.232[Battery Energy]10.57
2019-09-05_00:34:53.423[Status]Routing 153: Walk: 115
2019-09-05_00:34:53.526[Battery Energy]10.47
2019-09-05_00:34:53.849[Status]Routing 154: Walk: 115
2019-09-05_00:34:53.956[Battery Energy]10.27
2019-09-05_00:34:54.133[Status]Routing 155: Walk: 115
2019-09-05_00:34:54.233[Battery Energy]10.16
2019-09-05_00:34:54.431[Status]Routing 156: Walk: 115
2019-09-05_00:34:54.536[Battery Energy]10.06
2019-09-05_00:34:54.779[Status]Routing 157: Walk: 115
2019-09-05_00:34:54.880[Battery Energy]9.96
2019-09-05_00:34:55.128[Status]Routing 158: Walk: 115
2019-09-05_00:34:55.245[Battery Energy]9.78
2019-09-05_00:34:55.375[Status]Routing 159: Walk: 115
2019-09-05_00:34:55.488[Battery Energy]9.69
2019-09-05_00:34:55.724[Status]Routing 160: Walk: 115
2019-09-05_00:34:55.832[Battery Energy]9.58
2019-09-05_00:34:56.017[Status]Routing 161: Walk: 115
2019-09-05_00:34:56.117[Battery Energy]9.48
2019-09-05_00:34:56.421[Status]Routing 162: Walk: 115
2019-09-05_00:34:56.522[Battery Energy]9.29
2019-09-05_00:34:56.756[Status]Routing 163: Walk: 115
2019-09-05_00:34:56.857[Battery Energy]9.10
2019-09-05_00:34:57.283[Status]Routing 164: Walk: 115
2019-09-05_00:34:57.383[Battery Energy]8.89
2019-09-05_00:34:57.570[Status]Routing 165: Walk: 115
2019-09-05_00:34:57.678[Battery Energy]8.76
2019-09-05_00:34:57.881[Status]Routing 166: Walk: 115
2019-09-05_00:34:57.981[Battery Energy]8.66
2019-09-05_00:34:58.182[Status]Routing 167: Walk: 115
2019-09-05_00:34:58.292[Battery Energy]8.54
2019-09-05_00:34:58.451[Status]Routing 168: Walk: 115
2019-09-05_00:34:58.551[Battery Energy]8.43
2019-09-05_00:34:58.894[Status]Routing 169: Walk: 115
2019-09-05_00:34:59.020[Battery Energy]8.26
2019-09-05_00:34:59.222[Status]Routing 170: Walk: 115
2019-09-05_00:34:59.328[Battery Energy]8.13
2019-09-05_00:34:59.543[Status]Routing 171: Walk: 115
2019-09-05_00:34:59.656[Battery Energy]7.99
2019-09-05_00:34:59.891[Status]Routing 172: Walk: 115
2019-09-05_00:34:59.991[Battery Energy]7.83
2019-09-05_00:35:00.198[Status]Routing 173: Walk: 115
2019-09-05_00:35:00.322[Battery Energy]7.70
2019-09-05_00:35:00.523[Status]Routing 174: Walk: 115
2019-09-05_00:35:00.636[Battery Energy]7.57
2019-09-05_00:35:00.947[Status]Routing 175: Walk: 115
2019-09-05_00:35:01.086[Battery Energy]7.36
2019-09-05_00:35:01.318[Status]Routing 176: Walk: 115
2019-09-05_00:35:01.424[Battery Energy]7.28
2019-09-05_00:35:01.717[Status]Routing 177: Walk: 115
2019-09-05_00:35:01.828[Battery Energy]7.11
2019-09-05_00:35:02.027[Status]Routing 178: Walk: 115
2019-09-05_00:35:02.140[Battery Energy]7.01
2019-09-05_00:35:02.262[Status]Routing 179: Walk: 115
2019-09-05_00:35:02.368[Battery Energy]6.93
2019-09-05_00:35:02.626[Status]Routing 180: Walk: 115
2019-09-05_00:35:02.732[Battery Energy]6.76
2019-09-05_00:35:02.968[Status]Routing 181: Walk: 115
2019-09-05_00:35:03.084[Battery Energy]6.63
2019-09-05_00:35:03.397[Status]Routing 182: Walk: 115
2019-09-05_00:35:03.535[Battery Energy]6.46
2019-09-05_00:35:03.694[Status]Routing 183: Walk: 115
2019-09-05_00:35:03.794[Battery Energy]6.33
2019-09-05_00:35:03.984[Status]Routing 184: Walk: 115
2019-09-05_00:35:04.084[Battery Energy]6.21
2019-09-05_00:35:04.277[Status]Routing 185: Walk: 115
2019-09-05_00:35:04.384[Battery Energy]6.09
2019-09-05_00:35:04.594[Status]Routing 186: Walk: 115
2019-09-05_00:35:04.720[Battery Energy]5.99
2019-09-05_00:35:04.999[Status]Routing 187: Walk: 115
2019-09-05_00:35:05.105[Battery Energy]5.81
2019-09-05_00:35:05.299[Status]Routing 188: Walk: 115
2019-09-05_00:35:05.408[Battery Energy]5.71
