2019-09-05_10:39:38.713[Status]Start.
2019-09-05_10:39:38.717[Battery Energy]123.00
2019-09-05_10:39:39.818[Battery Energy]122.96
2019-09-05_10:39:40.919[Battery Energy]122.92
2019-09-05_10:39:42.021[Battery Energy]122.88
2019-09-05_10:39:43.121[Battery Energy]122.84
2019-09-05_10:39:44.222[Task]A New Task Released.
2019-09-05_10:39:44.223[Battery Energy]122.80
2019-09-05_10:39:44.223[Status]Selection Start.
2019-09-05_10:39:45.467[Status]Selection End: Do Task 2.
2019-09-05_10:39:45.577[Battery Energy]122.00
2019-09-05_10:39:45.577[Status]Formation Start.
2019-09-05_10:39:45.723[Status]Formation End: To Position 4.
2019-09-05_10:39:45.823[Battery Energy]121.86
2019-09-05_10:39:45.823[Status]Routing Start.
2019-09-05_10:39:46.109[Status]{'id': 17, 'coordinate': [136.02914303801538, 544.701793862661]}
2019-09-05_10:39:46.109[Status]Routing 1: Walk: 1
2019-09-05_10:39:46.217[Battery Energy]121.59
2019-09-05_10:39:46.217[Status]Routing Start.
2019-09-05_10:39:46.449[Status]{'id': 17, 'coordinate': [145.05828607603075, 540.403587725322]}
2019-09-05_10:39:46.449[Status]Routing 2: Walk: 2
2019-09-05_10:39:46.615[Battery Energy]121.34
2019-09-05_10:39:46.618[Status]Routing Start.
2019-09-05_10:39:46.776[Status]{'id': 17, 'coordinate': [154.08742911404613, 536.1053815879831]}
2019-09-05_10:39:46.776[Status]Routing 3: Walk: 3
2019-09-05_10:39:46.881[Battery Energy]121.14
2019-09-05_10:39:46.881[Status]Routing Start.
2019-09-05_10:39:47.214[Status]{'id': 17, 'coordinate': [163.1165721520615, 531.8071754506441]}
2019-09-05_10:39:47.214[Status]Routing 4: Walk: 4
2019-09-05_10:39:47.321[Battery Energy]120.80
2019-09-05_10:39:47.321[Status]Routing Start.
2019-09-05_10:39:47.586[Status]{'id': 17, 'coordinate': [172.14571519007688, 527.5089693133051]}
2019-09-05_10:39:47.586[Status]Routing 5: Walk: 5
2019-09-05_10:39:47.687[Battery Energy]120.52
2019-09-05_10:39:47.687[Status]Routing Start.
2019-09-05_10:39:48.014[Status]{'id': 17, 'coordinate': [181.17485822809226, 523.2107631759661]}
2019-09-05_10:39:48.015[Status]Routing 6: Walk: 6
2019-09-05_10:39:48.121[Battery Energy]120.21
2019-09-05_10:39:48.121[Status]Routing Start.
2019-09-05_10:39:48.413[Status]{'id': 17, 'coordinate': [190.20400126610764, 518.9125570386271]}
2019-09-05_10:39:48.414[Status]Routing 7: Walk: 7
2019-09-05_10:39:48.515[Battery Energy]119.94
2019-09-05_10:39:48.516[Status]Routing Start.
2019-09-05_10:39:48.879[Status]{'id': 17, 'coordinate': [199.23314430412302, 514.6143509012882]}
2019-09-05_10:39:48.879[Status]Routing 8: Walk: 8
2019-09-05_10:39:48.985[Battery Energy]119.57
2019-09-05_10:39:48.985[Status]Routing Start.
2019-09-05_10:39:49.295[Status]{'id': 17, 'coordinate': [208.2622873421384, 510.3161447639492]}
2019-09-05_10:39:49.295[Status]Routing 9: Walk: 9
2019-09-05_10:39:49.395[Battery Energy]119.25
2019-09-05_10:39:49.395[Status]Routing Start.
2019-09-05_10:39:49.796[Status]{'id': 17, 'coordinate': [217.29143038015377, 506.0179386266102]}
2019-09-05_10:39:49.796[Status]Routing 10: Walk: 10
2019-09-05_10:39:49.902[Battery Energy]118.89
2019-09-05_10:39:49.902[Status]Routing Start.
2019-09-05_10:39:50.261[Status]{'id': 17, 'coordinate': [226.32057341816915, 501.7197324892712]}
2019-09-05_10:39:50.261[Status]Routing 11: Walk: 11
2019-09-05_10:39:50.362[Battery Energy]118.58
2019-09-05_10:39:50.362[Status]Routing Start.
2019-09-05_10:39:50.774[Status]{'id': 17, 'coordinate': [235.34971645618452, 497.42152635193224]}
2019-09-05_10:39:50.774[Status]Routing 12: Walk: 12
2019-09-05_10:39:50.903[Battery Energy]118.17
2019-09-05_10:39:50.903[Status]Routing Start.
2019-09-05_10:39:51.335[Status]{'id': 17, 'coordinate': [244.3788594941999, 493.12332021459326]}
2019-09-05_10:39:51.335[Status]Routing 13: Walk: 13
2019-09-05_10:39:51.435[Battery Energy]117.84
2019-09-05_10:39:51.435[Status]Routing Start.
2019-09-05_10:39:51.871[Status]{'id': 17, 'coordinate': [253.40800253221528, 488.8251140772543]}
2019-09-05_10:39:51.871[Status]Routing 14: Walk: 14
2019-09-05_10:39:51.973[Battery Energy]117.53
2019-09-05_10:39:51.973[Status]Routing Start.
2019-09-05_10:39:52.310[Status]{'id': 17, 'coordinate': [262.43714557023065, 484.5269079399153]}
2019-09-05_10:39:52.310[Status]Routing 15: Walk: 15
2019-09-05_10:39:52.423[Battery Energy]117.20
2019-09-05_10:39:52.423[Status]Routing Start.
2019-09-05_10:39:52.852[Status]{'id': 17, 'coordinate': [271.46628860824603, 480.2287018025763]}
2019-09-05_10:39:52.852[Status]Routing 16: Walk: 16
2019-09-05_10:39:52.952[Battery Energy]116.85
2019-09-05_10:39:52.952[Status]Routing Start.
2019-09-05_10:39:53.329[Status]{'id': 17, 'coordinate': [280.4954316462614, 475.93049566523734]}
2019-09-05_10:39:53.329[Status]Routing 17: Walk: 17
2019-09-05_10:39:53.437[Battery Energy]116.48
2019-09-05_10:39:53.437[Status]Routing Start.
2019-09-05_10:39:53.821[Status]{'id': 17, 'coordinate': [289.5245746842768, 471.63228952789837]}
2019-09-05_10:39:53.822[Status]Routing 18: Walk: 18
2019-09-05_10:39:53.927[Battery Energy]116.19
2019-09-05_10:39:53.927[Status]Routing Start.
2019-09-05_10:39:54.252[Status]{'id': 17, 'coordinate': [298.55371772229216, 467.3340833905594]}
2019-09-05_10:39:54.252[Status]Routing 19: Walk: 19
2019-09-05_10:39:54.357[Battery Energy]115.89
2019-09-05_10:39:54.357[Status]Routing Start.
2019-09-05_10:39:54.796[Status]{'id': 17, 'coordinate': [307.58286076030754, 463.0358772532204]}
2019-09-05_10:39:54.796[Status]Routing 20: Walk: 20
2019-09-05_10:39:54.896[Battery Energy]115.49
2019-09-05_10:39:54.896[Status]Routing Start.
2019-09-05_10:39:55.211[Status]{'id': 17, 'coordinate': [316.6120037983229, 458.7376711158814]}
2019-09-05_10:39:55.211[Status]Routing 21: Walk: 21
2019-09-05_10:39:55.311[Battery Energy]115.12
2019-09-05_10:39:55.311[Status]Routing Start.
2019-09-05_10:39:55.669[Status]{'id': 17, 'coordinate': [325.6411468363383, 454.43946497854245]}
2019-09-05_10:39:55.669[Status]Routing 22: Walk: 22
2019-09-05_10:39:55.776[Battery Energy]114.81
2019-09-05_10:39:55.776[Status]Routing Start.
2019-09-05_10:39:56.246[Status]{'id': 17, 'coordinate': [331.9830711342879, 462.1712174447739]}
2019-09-05_10:39:56.246[Status]Routing 23: Walk: 23
2019-09-05_10:39:56.346[Battery Energy]114.36
2019-09-05_10:39:56.346[Status]Routing Start.
2019-09-05_10:39:56.517[Status]{'id': 17, 'coordinate': [340.95863844839545, 457.7622276069625]}
2019-09-05_10:39:56.517[Status]Routing 24: Walk: 24
2019-09-05_10:39:56.617[Battery Energy]114.15
2019-09-05_10:39:56.617[Status]Routing Start.
2019-09-05_10:39:57.144[Status]{'id': 17, 'coordinate': [348.8602039244275, 463.8912783514072]}
2019-09-05_10:39:57.144[Status]Routing 25: Walk: 25
2019-09-05_10:39:57.244[Battery Energy]113.69
2019-09-05_10:39:57.244[Status]Routing Start.
2019-09-05_10:39:57.439[Status]{'id': 17, 'coordinate': [357.78401788728, 459.3784583509642]}
2019-09-05_10:39:57.439[Status]Routing 26: Walk: 26
2019-09-05_10:39:57.539[Battery Energy]113.44
2019-09-05_10:39:57.539[Status]Routing Start.
2019-09-05_10:39:58.067[Status]{'id': 17, 'coordinate': [366.70783185013255, 454.8656383505212]}
2019-09-05_10:39:58.067[Status]Routing 27: Walk: 27
2019-09-05_10:39:58.167[Battery Energy]112.98
2019-09-05_10:39:58.167[Status]Routing Start.
2019-09-05_10:39:58.521[Status]{'id': 17, 'coordinate': [375.6316458129851, 450.35281835007817]}
2019-09-05_10:39:58.521[Status]Routing 28: Walk: 28
2019-09-05_10:39:58.622[Battery Energy]112.59
2019-09-05_10:39:58.622[Status]Routing Start.
2019-09-05_10:39:58.951[Status]{'id': 17, 'coordinate': [384.5554597758376, 445.83999834963515]}
2019-09-05_10:39:58.952[Status]Routing 29: Walk: 29
2019-09-05_10:39:59.052[Battery Energy]112.21
2019-09-05_10:39:59.052[Status]Routing Start.
2019-09-05_10:39:59.442[Status]{'id': 17, 'coordinate': [393.47927373869015, 441.32717834919214]}
2019-09-05_10:39:59.442[Status]Routing 30: Walk: 30
2019-09-05_10:39:59.542[Battery Energy]111.82
2019-09-05_10:39:59.542[Status]Routing Start.
2019-09-05_10:39:59.691[Status]{'id': 17, 'coordinate': [402.4030877015427, 436.8143583487491]}
2019-09-05_10:39:59.691[Status]Routing 31: Walk: 31
2019-09-05_10:39:59.791[Battery Energy]111.63
2019-09-05_10:39:59.792[Status]Routing Start.
2019-09-05_10:40:00.202[Status]{'id': 17, 'coordinate': [411.3269016643952, 432.3015383483061]}
2019-09-05_10:40:00.202[Status]Routing 32: Walk: 32
2019-09-05_10:40:00.305[Battery Energy]111.26
2019-09-05_10:40:00.305[Status]Routing Start.
2019-09-05_10:40:00.629[Status]{'id': 17, 'coordinate': [420.25071562724776, 427.7887183478631]}
2019-09-05_10:40:00.630[Status]Routing 33: Walk: 33
2019-09-05_10:40:00.733[Battery Energy]111.01
2019-09-05_10:40:00.733[Status]Routing Start.
2019-09-05_10:40:00.906[Status]{'id': 17, 'coordinate': [429.1745295901003, 423.2758983474201]}
2019-09-05_10:40:00.906[Status]Routing 34: Walk: 34
2019-09-05_10:40:01.007[Battery Energy]110.81
2019-09-05_10:40:01.007[Status]Routing Start.
2019-09-05_10:40:01.394[Status]{'id': 17, 'coordinate': [438.0983435529528, 418.76307834697707]}
2019-09-05_10:40:01.395[Status]Routing 35: Walk: 35
2019-09-05_10:40:01.517[Battery Energy]110.49
2019-09-05_10:40:01.517[Status]Routing Start.
2019-09-05_10:40:01.884[Status]{'id': 17, 'coordinate': [442.68064411121827, 427.65141461389004]}
2019-09-05_10:40:01.884[Status]Routing 36: Walk: 36
2019-09-05_10:40:01.984[Battery Energy]110.12
2019-09-05_10:40:01.984[Status]Routing Start.
2019-09-05_10:40:02.405[Status]{'id': 17, 'coordinate': [451.28941784494225, 432.73953949458473]}
2019-09-05_10:40:02.405[Status]Routing 37: Walk: 37
2019-09-05_10:40:02.505[Battery Energy]109.76
2019-09-05_10:40:02.505[Status]Routing Start.
2019-09-05_10:40:02.643[Status]{'id': 17, 'coordinate': [460.08561166521633, 427.982757570198]}
2019-09-05_10:40:02.643[Status]Routing 38: Walk: 38
2019-09-05_10:40:02.753[Battery Energy]109.57
2019-09-05_10:40:02.753[Status]Routing Start.
2019-09-05_10:40:03.287[Status]{'id': 17, 'coordinate': [469.20186233968343, 432.09298550065125]}
2019-09-05_10:40:03.287[Status]Routing 39: Walk: 39
2019-09-05_10:40:03.388[Battery Energy]109.05
2019-09-05_10:40:03.388[Status]Routing Start.
2019-09-05_10:40:03.613[Status]{'id': 17, 'coordinate': [477.9395026323582, 427.2294844863791]}
2019-09-05_10:40:03.613[Status]Routing 40: Walk: 40
2019-09-05_10:40:03.725[Battery Energy]108.79
2019-09-05_10:40:03.725[Status]Routing Start.
2019-09-05_10:40:04.077[Status]{'id': 17, 'coordinate': [486.67714292503297, 422.3659834721069]}
2019-09-05_10:40:04.078[Status]Routing 41: Walk: 41
2019-09-05_10:40:04.217[Battery Energy]108.46
2019-09-05_10:40:04.217[Status]Routing Start.
2019-09-05_10:40:04.598[Status]{'id': 17, 'coordinate': [495.41478321770774, 417.50248245783473]}
2019-09-05_10:40:04.598[Status]Routing 42: Walk: 42
2019-09-05_10:40:04.698[Battery Energy]108.07
2019-09-05_10:40:04.698[Status]Routing Start.
2019-09-05_10:40:05.037[Status]Routing 43: Walk: 42
2019-09-05_10:40:05.140[Battery Energy]107.75
2019-09-05_10:40:05.140[Status]Routing Start.
2019-09-05_10:40:05.491[Status]Routing 44: Walk: 42
2019-09-05_10:40:05.591[Battery Energy]107.39
2019-09-05_10:40:05.591[Status]Routing Start.
2019-09-05_10:40:05.960[Status]Routing 45: Walk: 42
2019-09-05_10:40:06.060[Battery Energy]106.99
2019-09-05_10:40:06.061[Status]Routing Start.
2019-09-05_10:40:06.470[Status]Routing 46: Walk: 42
2019-09-05_10:40:06.571[Battery Energy]106.71
2019-09-05_10:40:06.571[Status]Routing Start.
2019-09-05_10:40:06.921[Status]{'id': 17, 'coordinate': [504.1524235103825, 412.63898144356256]}
2019-09-05_10:40:06.921[Status]Routing 47: Walk: 43
2019-09-05_10:40:07.021[Battery Energy]106.32
2019-09-05_10:40:07.021[Status]Routing Start.
2019-09-05_10:40:07.188[Status]{'id': 17, 'coordinate': [512.8900638030573, 407.7754804292904]}
2019-09-05_10:40:07.188[Status]Routing 48: Walk: 44
2019-09-05_10:40:07.288[Battery Energy]106.09
2019-09-05_10:40:07.288[Status]Routing Start.
2019-09-05_10:40:07.622[Status]{'id': 17, 'coordinate': [521.627704095732, 402.9119794150182]}
2019-09-05_10:40:07.624[Status]Routing 49: Walk: 45
2019-09-05_10:40:07.724[Battery Energy]105.78
2019-09-05_10:40:07.724[Status]Routing Start.
2019-09-05_10:40:08.110[Status]{'id': 17, 'coordinate': [530.3653443884068, 398.04847840074603]}
2019-09-05_10:40:08.118[Status]Routing 50: Walk: 46
2019-09-05_10:40:08.237[Battery Energy]105.47
2019-09-05_10:40:08.237[Status]Routing Start.
2019-09-05_10:40:08.566[Status]{'id': 17, 'coordinate': [539.1029846810816, 393.18497738647386]}
2019-09-05_10:40:08.566[Status]Routing 51: Walk: 47
2019-09-05_10:40:08.670[Battery Energy]105.13
2019-09-05_10:40:08.670[Status]Routing Start.
2019-09-05_10:40:09.071[Status]{'id': 17, 'coordinate': [547.8406249737563, 388.3214763722017]}
2019-09-05_10:40:09.071[Status]Routing 52: Walk: 48
2019-09-05_10:40:09.171[Battery Energy]104.78
2019-09-05_10:40:09.171[Status]Routing Start.
2019-09-05_10:40:09.587[Status]{'id': 17, 'coordinate': [556.5782652664311, 383.4579753579295]}
2019-09-05_10:40:09.587[Status]Routing 53: Walk: 49
2019-09-05_10:40:09.687[Battery Energy]104.49
2019-09-05_10:40:09.687[Status]Routing Start.
2019-09-05_10:40:10.046[Status]{'id': 17, 'coordinate': [565.3159055591059, 378.59447434365734]}
2019-09-05_10:40:10.046[Status]Routing 54: Walk: 50
2019-09-05_10:40:10.153[Battery Energy]104.19
2019-09-05_10:40:10.153[Status]Routing Start.
2019-09-05_10:40:10.539[Status]{'id': 17, 'coordinate': [574.0535458517807, 373.73097332938517]}
2019-09-05_10:40:10.539[Status]Routing 55: Walk: 51
2019-09-05_10:40:10.639[Battery Energy]103.83
2019-09-05_10:40:10.640[Status]Routing Start.
2019-09-05_10:40:11.085[Status]{'id': 17, 'coordinate': [582.7911861444554, 368.867472315113]}
2019-09-05_10:40:11.085[Status]Routing 56: Walk: 52
2019-09-05_10:40:11.201[Battery Energy]103.44
2019-09-05_10:40:11.201[Status]Routing Start.
2019-09-05_10:40:11.523[Status]{'id': 17, 'coordinate': [591.5288264371302, 364.0039713008408]}
2019-09-05_10:40:11.523[Status]Routing 57: Walk: 53
2019-09-05_10:40:11.625[Battery Energy]103.09
2019-09-05_10:40:11.625[Status]Routing Start.
2019-09-05_10:40:11.964[Status]{'id': 17, 'coordinate': [600.266466729805, 359.14047028656864]}
2019-09-05_10:40:11.964[Status]Routing 58: Walk: 54
2019-09-05_10:40:12.064[Battery Energy]102.77
2019-09-05_10:40:12.064[Status]Routing Start.
2019-09-05_10:40:12.248[Status]{'id': 17, 'coordinate': [609.0041070224797, 354.27696927229647]}
2019-09-05_10:40:12.248[Status]Routing 59: Walk: 55
2019-09-05_10:40:12.361[Battery Energy]102.53
2019-09-05_10:40:12.361[Status]Routing Start.
2019-09-05_10:40:12.669[Status]{'id': 17, 'coordinate': [617.7417473151545, 349.4134682580243]}
2019-09-05_10:40:12.673[Status]Routing 60: Walk: 56
2019-09-05_10:40:12.781[Battery Energy]102.20
2019-09-05_10:40:12.781[Status]Routing Start.
2019-09-05_10:40:13.148[Status]{'id': 17, 'coordinate': [626.4793876078293, 344.5499672437521]}
2019-09-05_10:40:13.148[Status]Routing 61: Walk: 57
2019-09-05_10:40:13.269[Battery Energy]101.84
2019-09-05_10:40:13.269[Status]Routing Start.
2019-09-05_10:40:13.599[Status]{'id': 17, 'coordinate': [635.217027900504, 339.68646622947995]}
2019-09-05_10:40:13.601[Status]Routing 62: Walk: 58
2019-09-05_10:40:13.703[Battery Energy]101.54
2019-09-05_10:40:13.703[Status]Routing Start.
2019-09-05_10:40:14.126[Status]{'id': 17, 'coordinate': [643.9546681931788, 334.8229652152078]}
2019-09-05_10:40:14.126[Status]Routing 63: Walk: 59
2019-09-05_10:40:14.227[Battery Energy]101.22
2019-09-05_10:40:14.227[Status]Routing Start.
2019-09-05_10:40:14.453[Status]{'id': 17, 'coordinate': [652.6923084858536, 329.9594642009356]}
2019-09-05_10:40:14.453[Status]Routing 64: Walk: 60
2019-09-05_10:40:14.553[Battery Energy]100.99
2019-09-05_10:40:14.553[Status]Routing Start.
2019-09-05_10:40:14.879[Status]{'id': 17, 'coordinate': [661.4299487785283, 325.0959631866634]}
2019-09-05_10:40:14.879[Status]Routing 65: Walk: 61
2019-09-05_10:40:14.989[Battery Energy]100.66
2019-09-05_10:40:14.989[Status]Routing Start.
2019-09-05_10:40:15.354[Status]{'id': 17, 'coordinate': [670.1675890712031, 320.23246217239125]}
2019-09-05_10:40:15.355[Status]Routing 66: Walk: 62
2019-09-05_10:40:15.461[Battery Energy]100.38
2019-09-05_10:40:15.461[Status]Routing Start.
2019-09-05_10:40:15.781[Status]{'id': 17, 'coordinate': [678.9052293638779, 315.3689611581191]}
2019-09-05_10:40:15.781[Status]Routing 67: Walk: 63
2019-09-05_10:40:15.893[Battery Energy]100.13
2019-09-05_10:40:15.893[Status]Routing Start.
2019-09-05_10:40:16.362[Status]{'id': 17, 'coordinate': [687.6428696565526, 310.5054601438469]}
2019-09-05_10:40:16.362[Status]Routing 68: Walk: 64
2019-09-05_10:40:16.469[Battery Energy]99.83
2019-09-05_10:40:16.469[Status]Routing Start.
2019-09-05_10:40:16.780[Status]{'id': 17, 'coordinate': [696.3805099492274, 305.64195912957473]}
2019-09-05_10:40:16.780[Status]Routing 69: Walk: 65
2019-09-05_10:40:16.883[Battery Energy]99.55
2019-09-05_10:40:16.883[Status]Routing Start.
2019-09-05_10:40:17.226[Status]{'id': 17, 'coordinate': [705.1181502419022, 300.77845811530256]}
2019-09-05_10:40:17.227[Status]Routing 70: Walk: 66
2019-09-05_10:40:17.337[Battery Energy]99.21
2019-09-05_10:40:17.337[Status]Routing Start.
2019-09-05_10:40:17.675[Status]{'id': 17, 'coordinate': [713.855790534577, 295.9149571010304]}
2019-09-05_10:40:17.675[Status]Routing 71: Walk: 67
2019-09-05_10:40:17.785[Battery Energy]98.89
2019-09-05_10:40:17.785[Status]Routing Start.
2019-09-05_10:40:18.114[Status]{'id': 17, 'coordinate': [722.5934308272517, 291.0514560867582]}
2019-09-05_10:40:18.115[Status]Routing 72: Walk: 68
2019-09-05_10:40:18.218[Battery Energy]98.60
2019-09-05_10:40:18.218[Status]Routing Start.
2019-09-05_10:40:18.549[Status]{'id': 17, 'coordinate': [731.3310711199265, 286.18795507248603]}
2019-09-05_10:40:18.550[Status]Routing 73: Walk: 69
2019-09-05_10:40:18.650[Battery Energy]98.28
2019-09-05_10:40:18.650[Status]Routing Start.
2019-09-05_10:40:18.988[Status]{'id': 17, 'coordinate': [740.0687114126013, 281.32445405821386]}
2019-09-05_10:40:18.988[Status]Routing 74: Walk: 70
2019-09-05_10:40:19.097[Battery Energy]97.99
2019-09-05_10:40:19.097[Status]Routing Start.
2019-09-05_10:40:19.429[Status]{'id': 17, 'coordinate': [748.806351705276, 276.4609530439417]}
2019-09-05_10:40:19.430[Status]Routing 75: Walk: 71
2019-09-05_10:40:19.534[Battery Energy]97.60
2019-09-05_10:40:19.534[Status]Routing Start.
2019-09-05_10:40:19.889[Status]{'id': 17, 'coordinate': [757.5439919979508, 271.5974520296695]}
2019-09-05_10:40:19.889[Status]Routing 76: Walk: 72
2019-09-05_10:40:19.993[Battery Energy]97.23
2019-09-05_10:40:19.993[Status]Routing Start.
2019-09-05_10:40:20.402[Status]{'id': 17, 'coordinate': [766.2816322906256, 266.73395101539734]}
2019-09-05_10:40:20.405[Status]Routing 77: Walk: 73
2019-09-05_10:40:20.506[Battery Energy]96.88
2019-09-05_10:40:20.506[Status]Routing Start.
2019-09-05_10:40:20.938[Status]{'id': 17, 'coordinate': [775.0192725833003, 261.87045000112516]}
2019-09-05_10:40:20.938[Status]Routing 78: Walk: 74
2019-09-05_10:40:21.041[Battery Energy]96.58
2019-09-05_10:40:21.041[Status]Routing Start.
2019-09-05_10:40:21.362[Status]{'id': 17, 'coordinate': [783.7569128759751, 257.006948986853]}
2019-09-05_10:40:21.363[Status]Routing 79: Walk: 75
2019-09-05_10:40:21.465[Battery Energy]96.18
2019-09-05_10:40:21.465[Status]Routing Start.
2019-09-05_10:40:21.808[Status]{'id': 17, 'coordinate': [792.4945531686499, 252.14344797258082]}
2019-09-05_10:40:21.808[Status]Routing 80: Walk: 76
2019-09-05_10:40:21.921[Battery Energy]95.89
2019-09-05_10:40:21.921[Status]Routing Start.
2019-09-05_10:40:22.263[Status]{'id': 17, 'coordinate': [801.2321934613246, 247.27994695830864]}
2019-09-05_10:40:22.263[Status]Routing 81: Walk: 77
2019-09-05_10:40:22.377[Battery Energy]95.56
2019-09-05_10:40:22.377[Status]Routing Start.
2019-09-05_10:40:22.685[Status]{'id': 17, 'coordinate': [809.9698337539994, 242.41644594403647]}
2019-09-05_10:40:22.685[Status]Routing 82: Walk: 78
2019-09-05_10:40:22.786[Battery Energy]95.23
2019-09-05_10:40:22.786[Status]Routing Start.
2019-09-05_10:40:23.081[Status]{'id': 17, 'coordinate': [818.7074740466742, 237.5529449297643]}
2019-09-05_10:40:23.081[Status]Routing 83: Walk: 79
2019-09-05_10:40:23.181[Battery Energy]94.97
2019-09-05_10:40:23.181[Status]Routing Start.
2019-09-05_10:40:23.552[Status]{'id': 17, 'coordinate': [827.445114339349, 232.68944391549212]}
2019-09-05_10:40:23.552[Status]Routing 84: Walk: 80
2019-09-05_10:40:23.652[Battery Energy]94.65
2019-09-05_10:40:23.652[Status]Routing Start.
2019-09-05_10:40:24.110[Status]Routing 85: Walk: 80
2019-09-05_10:40:24.211[Battery Energy]94.25
2019-09-05_10:40:24.211[Status]Routing Start.
2019-09-05_10:40:24.500[Status]Routing 86: Walk: 80
2019-09-05_10:40:24.607[Battery Energy]93.95
2019-09-05_10:40:24.607[Status]Routing Start.
2019-09-05_10:40:24.824[Status]{'id': 17, 'coordinate': [836.1827546320237, 227.82594290121995]}
2019-09-05_10:40:24.825[Status]Routing 87: Walk: 81
2019-09-05_10:40:24.925[Battery Energy]93.72
2019-09-05_10:40:24.925[Status]Routing Start.
2019-09-05_10:40:25.445[Status]Routing 88: Walk: 81
2019-09-05_10:40:25.546[Battery Energy]93.27
2019-09-05_10:40:25.546[Status]Routing Start.
2019-09-05_10:40:25.696[Status]{'id': 17, 'coordinate': [844.9203949246985, 222.96244188694777]}
2019-09-05_10:40:25.696[Status]Routing 89: Walk: 82
2019-09-05_10:40:25.797[Battery Energy]93.06
2019-09-05_10:40:25.797[Status]Routing Start.
2019-09-05_10:40:26.153[Status]{'id': 17, 'coordinate': [853.6580352173733, 218.0989408726756]}
2019-09-05_10:40:26.154[Status]Routing 90: Walk: 83
2019-09-05_10:40:26.269[Battery Energy]92.72
2019-09-05_10:40:26.269[Status]Routing Start.
2019-09-05_10:40:26.554[Status]{'id': 17, 'coordinate': [862.395675510048, 213.23543985840342]}
2019-09-05_10:40:26.554[Status]Routing 91: Walk: 84
2019-09-05_10:40:26.655[Battery Energy]92.44
2019-09-05_10:40:26.655[Status]Routing Start.
2019-09-05_10:40:26.934[Status]{'id': 17, 'coordinate': [871.1333158027228, 208.37193884413125]}
2019-09-05_10:40:26.934[Status]Routing 92: Walk: 85
2019-09-05_10:40:27.034[Battery Energy]92.17
2019-09-05_10:40:27.034[Status]Routing Start.
2019-09-05_10:40:27.333[Status]{'id': 17, 'coordinate': [879.8709560953976, 203.50843782985908]}
2019-09-05_10:40:27.333[Status]Routing 93: Walk: 86
2019-09-05_10:40:27.474[Battery Energy]91.93
2019-09-05_10:40:27.474[Status]Routing Start.
2019-09-05_10:40:27.614[Status]{'id': 17, 'coordinate': [888.6085963880723, 198.6449368155869]}
2019-09-05_10:40:27.614[Status]Routing 94: Walk: 87
2019-09-05_10:40:27.717[Battery Energy]91.73
2019-09-05_10:40:27.717[Status]Routing Start.
2019-09-05_10:40:27.945[Status]{'id': 17, 'coordinate': [897.3462366807471, 193.78143580131473]}
2019-09-05_10:40:27.945[Status]Routing 95: Walk: 88
2019-09-05_10:40:28.057[Battery Energy]91.49
2019-09-05_10:40:28.057[Status]Routing Start.
2019-09-05_10:40:28.258[Status]{'id': 17, 'coordinate': [906.0838769734219, 188.91793478704255]}
2019-09-05_10:40:28.258[Status]Routing 96: Walk: 89
2019-09-05_10:40:28.425[Battery Energy]91.27
2019-09-05_10:40:28.425[Status]Routing Start.
2019-09-05_10:40:28.717[Status]{'id': 17, 'coordinate': [914.8215172660966, 184.05443377277038]}
2019-09-05_10:40:28.717[Status]Routing 97: Walk: 90
2019-09-05_10:40:28.821[Battery Energy]90.97
2019-09-05_10:40:28.821[Status]Routing Start.
2019-09-05_10:40:29.169[Status]{'id': 17, 'coordinate': [923.5591575587714, 179.1909327584982]}
2019-09-05_10:40:29.169[Status]Routing 98: Walk: 91
2019-09-05_10:40:29.277[Battery Energy]90.66
2019-09-05_10:40:29.277[Status]Routing Start.
2019-09-05_10:40:29.614[Status]{'id': 17, 'coordinate': [932.2967978514462, 174.32743174422603]}
2019-09-05_10:40:29.614[Status]Routing 99: Walk: 92
2019-09-05_10:40:29.729[Battery Energy]90.30
2019-09-05_10:40:29.729[Status]Routing Start.
2019-09-05_10:40:30.096[Status]{'id': 17, 'coordinate': [941.0344381441209, 169.46393072995386]}
2019-09-05_10:40:30.096[Status]Routing 100: Walk: 93
2019-09-05_10:40:30.197[Battery Energy]89.98
2019-09-05_10:40:30.197[Status]Routing Start.
2019-09-05_10:40:30.504[Status]{'id': 17, 'coordinate': [949.7720784367957, 164.60042971568168]}
2019-09-05_10:40:30.504[Status]Routing 101: Walk: 94
2019-09-05_10:40:30.604[Battery Energy]89.65
2019-09-05_10:40:30.604[Status]Routing Start.
2019-09-05_10:40:30.947[Status]{'id': 17, 'coordinate': [958.5097187294705, 159.7369287014095]}
2019-09-05_10:40:30.947[Status]Routing 102: Walk: 95
2019-09-05_10:40:31.057[Battery Energy]89.33
2019-09-05_10:40:31.057[Status]Routing Start.
2019-09-05_10:40:31.277[Status]{'id': 17, 'coordinate': [967.2473590221452, 154.8734276871373]}
2019-09-05_10:40:31.277[Status]Routing 103: Walk: 96
2019-09-05_10:40:31.377[Battery Energy]89.10
2019-09-05_10:40:31.377[Status]Routing Start.
2019-09-05_10:40:31.741[Status]{'id': 17, 'coordinate': [975.98499931482, 150.0099266728651]}
2019-09-05_10:40:31.741[Status]Routing 104: Walk: 97
2019-09-05_10:40:31.841[Battery Energy]88.78
2019-09-05_10:40:31.842[Status]Routing Start.
2019-09-05_10:40:32.080[Status]{'id': 17, 'coordinate': [984.7226396074948, 145.1464256585929]}
2019-09-05_10:40:32.080[Status]Routing 105: Walk: 98
2019-09-05_10:40:32.185[Battery Energy]88.55
2019-09-05_10:40:32.185[Status]Routing Start.
2019-09-05_10:40:32.504[Status]{'id': 17, 'coordinate': [993.4602799001696, 140.2829246443207]}
2019-09-05_10:40:32.504[Status]Routing 106: Walk: 99
2019-09-05_10:40:32.604[Battery Energy]88.21
2019-09-05_10:40:32.604[Status]Routing Start.
2019-09-05_10:40:32.772[Status]{'id': 17, 'coordinate': [1002.1979201928443, 135.4194236300485]}
2019-09-05_10:40:32.772[Status]Routing 107: Walk: 100
2019-09-05_10:40:32.884[Battery Energy]87.98
2019-09-05_10:40:32.884[Status]Routing Start.
2019-09-05_10:40:33.262[Status]{'id': 17, 'coordinate': [1010.9355604855191, 130.5559226157763]}
2019-09-05_10:40:33.262[Status]Routing 108: Walk: 101
2019-09-05_10:40:33.362[Battery Energy]87.68
2019-09-05_10:40:33.363[Status]Routing Start.
2019-09-05_10:40:33.736[Status]{'id': 17, 'coordinate': [1019.6732007781939, 125.69242160150411]}
2019-09-05_10:40:33.736[Status]Routing 109: Walk: 102
2019-09-05_10:40:33.841[Battery Energy]87.34
2019-09-05_10:40:33.841[Status]Routing Start.
2019-09-05_10:40:34.173[Status]{'id': 17, 'coordinate': [1028.4108410708686, 120.82892058723192]}
2019-09-05_10:40:34.173[Status]Routing 110: Walk: 103
2019-09-05_10:40:34.273[Battery Energy]87.02
2019-09-05_10:40:34.273[Status]Routing Start.
2019-09-05_10:40:34.591[Status]{'id': 17, 'coordinate': [1037.1484813635434, 115.96541957295973]}
2019-09-05_10:40:34.591[Status]Routing 111: Walk: 104
2019-09-05_10:40:34.691[Battery Energy]86.71
2019-09-05_10:40:34.691[Status]Routing Start.
2019-09-05_10:40:34.691[Status]Task Finished.
2019-09-05_10:40:34.792[Battery Energy]86.71
2019-09-05_10:40:34.943[Status]Routing 113: Walk: 104
2019-09-05_10:40:35.044[Battery Energy]86.60
2019-09-05_10:40:35.372[Status]Routing 114: Walk: 104
2019-09-05_10:40:35.481[Battery Energy]86.43
2019-09-05_10:40:35.798[Status]Routing 115: Walk: 104
2019-09-05_10:40:35.899[Battery Energy]86.25
2019-09-05_10:40:36.237[Status]Routing 116: Walk: 104
2019-09-05_10:40:36.337[Battery Energy]86.05
2019-09-05_10:40:36.604[Status]Routing 117: Walk: 104
2019-09-05_10:40:36.704[Battery Energy]85.87
2019-09-05_10:40:37.106[Status]Routing 118: Walk: 104
2019-09-05_10:40:37.213[Battery Energy]85.63
2019-09-05_10:40:37.602[Status]Routing 119: Walk: 104
2019-09-05_10:40:37.707[Battery Energy]85.39
2019-09-05_10:40:38.083[Status]Routing 120: Walk: 104
2019-09-05_10:40:38.197[Battery Energy]85.15
2019-09-05_10:40:38.563[Status]Routing 121: Walk: 104
2019-09-05_10:40:38.665[Battery Energy]84.90
2019-09-05_10:40:39.118[Status]Routing 122: Walk: 104
2019-09-05_10:40:39.218[Battery Energy]84.66
2019-09-05_10:40:39.622[Status]Routing 123: Walk: 104
2019-09-05_10:40:39.733[Battery Energy]84.45
2019-09-05_10:40:39.950[Status]Routing 124: Walk: 104
2019-09-05_10:40:40.069[Battery Energy]84.29
2019-09-05_10:40:40.363[Status]Routing 125: Walk: 104
2019-09-05_10:40:40.481[Battery Energy]84.12
2019-09-05_10:40:40.812[Status]Routing 126: Walk: 104
2019-09-05_10:40:40.912[Battery Energy]83.94
2019-09-05_10:40:41.278[Status]Routing 127: Walk: 104
2019-09-05_10:40:41.378[Battery Energy]83.74
2019-09-05_10:40:41.860[Status]Routing 128: Walk: 104
2019-09-05_10:40:41.966[Battery Energy]83.44
2019-09-05_10:40:42.137[Status]Routing 129: Walk: 104
2019-09-05_10:40:42.241[Battery Energy]83.34
2019-09-05_10:40:42.671[Status]Routing 130: Walk: 104
2019-09-05_10:40:42.782[Battery Energy]83.07
2019-09-05_10:40:42.981[Status]Routing 131: Walk: 104
2019-09-05_10:40:43.081[Battery Energy]82.93
2019-09-05_10:40:43.373[Status]Routing 132: Walk: 104
2019-09-05_10:40:43.485[Battery Energy]82.78
2019-09-05_10:40:43.688[Status]Routing 133: Walk: 104
2019-09-05_10:40:43.788[Battery Energy]82.67
2019-09-05_10:40:44.063[Status]Routing 134: Walk: 104
2019-09-05_10:40:44.163[Battery Energy]82.53
2019-09-05_10:40:44.442[Status]Routing 135: Walk: 104
2019-09-05_10:40:44.542[Battery Energy]82.38
2019-09-05_10:40:44.754[Status]Routing 136: Walk: 104
2019-09-05_10:40:44.869[Battery Energy]82.22
2019-09-05_10:40:45.156[Status]Routing 137: Walk: 104
2019-09-05_10:40:45.257[Battery Energy]82.00
2019-09-05_10:40:45.468[Status]Routing 138: Walk: 104
2019-09-05_10:40:45.581[Battery Energy]81.85
2019-09-05_10:40:45.806[Status]Routing 139: Walk: 104
2019-09-05_10:40:45.906[Battery Energy]81.72
2019-09-05_10:40:46.059[Status]Routing 140: Walk: 104
2019-09-05_10:40:46.159[Battery Energy]81.63
2019-09-05_10:40:46.520[Status]Routing 141: Walk: 104
2019-09-05_10:40:46.625[Battery Energy]81.45
2019-09-05_10:40:46.888[Status]Routing 142: Walk: 104
2019-09-05_10:40:47.013[Battery Energy]81.25
2019-09-05_10:40:47.191[Status]Routing 143: Walk: 104
2019-09-05_10:40:47.291[Battery Energy]81.12
2019-09-05_10:40:47.503[Status]Routing 144: Walk: 104
2019-09-05_10:40:47.613[Battery Energy]80.98
2019-09-05_10:40:47.930[Status]Routing 145: Walk: 104
2019-09-05_10:40:48.037[Battery Energy]80.77
2019-09-05_10:40:48.214[Status]Routing 146: Walk: 104
2019-09-05_10:40:48.341[Battery Energy]80.65
2019-09-05_10:40:48.511[Status]Routing 147: Walk: 104
2019-09-05_10:40:48.611[Battery Energy]80.53
2019-09-05_10:40:48.783[Status]Routing 148: Walk: 104
2019-09-05_10:40:48.893[Battery Energy]80.41
2019-09-05_10:40:49.139[Status]Routing 149: Walk: 104
2019-09-05_10:40:49.249[Battery Energy]80.26
2019-09-05_10:40:49.463[Status]Routing 150: Walk: 104
2019-09-05_10:40:49.577[Battery Energy]80.13
2019-09-05_10:40:49.746[Status]Routing 151: Walk: 104
2019-09-05_10:40:49.869[Battery Energy]80.02
2019-09-05_10:40:50.139[Status]Routing 152: Walk: 104
2019-09-05_10:40:50.286[Battery Energy]79.86
2019-09-05_10:40:50.438[Status]Routing 153: Walk: 104
2019-09-05_10:40:50.549[Battery Energy]79.77
2019-09-05_10:40:50.777[Status]Routing 154: Walk: 104
2019-09-05_10:40:50.901[Battery Energy]79.63
2019-09-05_10:40:51.110[Status]Routing 155: Walk: 104
2019-09-05_10:40:51.214[Battery Energy]79.48
2019-09-05_10:40:51.378[Status]Routing 156: Walk: 104
2019-09-05_10:40:51.489[Battery Energy]79.38
2019-09-05_10:40:51.778[Status]Routing 157: Walk: 104
2019-09-05_10:40:51.885[Battery Energy]79.23
2019-09-05_10:40:52.084[Status]Routing 158: Walk: 104
2019-09-05_10:40:52.309[Battery Energy]79.10
2019-09-05_10:40:52.471[Status]Routing 159: Walk: 104
2019-09-05_10:40:52.571[Battery Energy]79.03
2019-09-05_10:40:52.906[Status]Routing 160: Walk: 104
2019-09-05_10:40:53.013[Battery Energy]78.83
2019-09-05_10:40:53.282[Status]Routing 161: Walk: 104
2019-09-05_10:40:53.393[Battery Energy]78.65
2019-09-05_10:40:53.591[Status]Routing 162: Walk: 104
2019-09-05_10:40:53.692[Battery Energy]78.53
2019-09-05_10:40:53.996[Status]Routing 163: Walk: 104
2019-09-05_10:40:54.157[Battery Energy]78.38
2019-09-05_10:40:54.414[Status]Routing 164: Walk: 104
2019-09-05_10:40:54.525[Battery Energy]78.27
2019-09-05_10:40:54.738[Status]Routing 165: Walk: 104
2019-09-05_10:40:54.881[Battery Energy]78.13
2019-09-05_10:40:55.067[Status]Routing 166: Walk: 104
2019-09-05_10:40:55.169[Battery Energy]77.99
2019-09-05_10:40:55.382[Status]Routing 167: Walk: 104
2019-09-05_10:40:55.482[Battery Energy]77.85
2019-09-05_10:40:55.684[Status]Routing 168: Walk: 104
2019-09-05_10:40:55.790[Battery Energy]77.72
2019-09-05_10:40:56.081[Status]Routing 169: Walk: 104
2019-09-05_10:40:56.229[Battery Energy]77.48
2019-09-05_10:40:56.423[Status]Routing 170: Walk: 104
2019-09-05_10:40:56.529[Battery Energy]77.36
2019-09-05_10:40:56.735[Status]Routing 171: Walk: 104
2019-09-05_10:40:56.835[Battery Energy]77.21
2019-09-05_10:40:57.090[Status]Routing 172: Walk: 104
2019-09-05_10:40:57.201[Battery Energy]77.05
2019-09-05_10:40:57.425[Status]Routing 173: Walk: 104
2019-09-05_10:40:57.529[Battery Energy]76.90
2019-09-05_10:40:57.769[Status]Routing 174: Walk: 104
2019-09-05_10:40:57.873[Battery Energy]76.75
2019-09-05_10:40:58.027[Status]Routing 175: Walk: 104
2019-09-05_10:40:58.141[Battery Energy]76.65
2019-09-05_10:40:58.311[Status]Routing 176: Walk: 104
2019-09-05_10:40:58.433[Battery Energy]76.53
2019-09-05_10:40:58.664[Status]Routing 177: Walk: 104
2019-09-05_10:40:58.773[Battery Energy]76.36
2019-09-05_10:40:58.941[Status]Routing 178: Walk: 104
2019-09-05_10:40:59.042[Battery Energy]76.24
2019-09-05_10:40:59.331[Status]Routing 179: Walk: 104
2019-09-05_10:40:59.453[Battery Energy]76.09
2019-09-05_10:40:59.686[Status]Routing 180: Walk: 104
2019-09-05_10:40:59.797[Battery Energy]75.90
2019-09-05_10:40:59.992[Status]Routing 181: Walk: 104
2019-09-05_10:41:00.092[Battery Energy]75.76
2019-09-05_10:41:00.334[Status]Routing 182: Walk: 104
2019-09-05_10:41:00.441[Battery Energy]75.60
2019-09-05_10:41:00.673[Status]Routing 183: Walk: 104
2019-09-05_10:41:00.775[Battery Energy]75.50
2019-09-05_10:41:00.971[Status]Routing 184: Walk: 104
2019-09-05_10:41:01.071[Battery Energy]75.34
2019-09-05_10:41:01.271[Status]Routing 185: Walk: 104
2019-09-05_10:41:01.381[Battery Energy]75.22
2019-09-05_10:41:01.776[Status]Routing 186: Walk: 104
2019-09-05_10:41:01.877[Battery Energy]75.02
2019-09-05_10:41:02.140[Status]Routing 187: Walk: 104
2019-09-05_10:41:02.249[Battery Energy]74.86
2019-09-05_10:41:02.453[Status]Routing 188: Walk: 104
2019-09-05_10:41:02.554[Battery Energy]74.72
2019-09-05_10:41:02.812[Status]Routing 189: Walk: 104
2019-09-05_10:41:02.943[Battery Energy]74.50
2019-09-05_10:41:03.114[Status]Routing 190: Walk: 104
2019-09-05_10:41:03.217[Battery Energy]74.40
2019-09-05_10:41:03.486[Status]Routing 191: Walk: 104
2019-09-05_10:41:03.586[Battery Energy]74.19
2019-09-05_10:41:03.800[Status]Routing 192: Walk: 104
2019-09-05_10:41:03.902[Battery Energy]74.09
2019-09-05_10:41:04.066[Status]Routing 193: Walk: 104
2019-09-05_10:41:04.173[Battery Energy]73.97
2019-09-05_10:41:04.390[Status]Routing 194: Walk: 104
2019-09-05_10:41:04.496[Battery Energy]73.81
2019-09-05_10:41:04.698[Status]Routing 195: Walk: 104
2019-09-05_10:41:04.798[Battery Energy]73.69
2019-09-05_10:41:05.009[Status]Routing 196: Walk: 104
2019-09-05_10:41:05.146[Battery Energy]73.58
2019-09-05_10:41:05.441[Status]Routing 197: Walk: 104
2019-09-05_10:41:05.553[Battery Energy]73.44
2019-09-05_10:41:05.812[Status]Routing 198: Walk: 104
2019-09-05_10:41:05.953[Battery Energy]73.27
2019-09-05_10:41:06.234[Status]Routing 199: Walk: 104
2019-09-05_10:41:06.334[Battery Energy]73.11
2019-09-05_10:41:06.588[Status]Routing 200: Walk: 104
2019-09-05_10:41:06.697[Battery Energy]72.94
2019-09-05_10:41:06.942[Status]Routing 201: Walk: 104
2019-09-05_10:41:07.042[Battery Energy]72.84
2019-09-05_10:41:07.273[Status]Routing 202: Walk: 104
2019-09-05_10:41:07.400[Battery Energy]72.67
2019-09-05_10:41:07.742[Status]Routing 203: Walk: 104
2019-09-05_10:41:07.873[Battery Energy]72.44
2019-09-05_10:41:08.047[Status]Routing 204: Walk: 104
2019-09-05_10:41:08.169[Battery Energy]72.31
2019-09-05_10:41:08.363[Status]Routing 205: Walk: 104
2019-09-05_10:41:08.530[Battery Energy]72.21
2019-09-05_10:41:08.678[Status]Routing 206: Walk: 104
2019-09-05_10:41:08.778[Battery Energy]72.14
2019-09-05_10:41:09.033[Status]Routing 207: Walk: 104
2019-09-05_10:41:09.167[Battery Energy]72.02
2019-09-05_10:41:09.337[Status]Routing 208: Walk: 104
2019-09-05_10:41:09.441[Battery Energy]71.92
2019-09-05_10:41:09.690[Status]Routing 209: Walk: 104
2019-09-05_10:41:09.790[Battery Energy]71.76
2019-09-05_10:41:10.089[Status]Routing 210: Walk: 104
2019-09-05_10:41:10.189[Battery Energy]71.59
2019-09-05_10:41:10.388[Status]Routing 211: Walk: 104
2019-09-05_10:41:10.489[Battery Energy]71.44
2019-09-05_10:41:10.713[Status]Routing 212: Walk: 104
2019-09-05_10:41:10.854[Battery Energy]71.29
2019-09-05_10:41:11.005[Status]Routing 213: Walk: 104
2019-09-05_10:41:11.112[Battery Energy]71.17
2019-09-05_10:41:11.296[Status]Routing 214: Walk: 104
2019-09-05_10:41:11.396[Battery Energy]71.06
2019-09-05_10:41:11.666[Status]Routing 215: Walk: 104
2019-09-05_10:41:11.773[Battery Energy]70.93
2019-09-05_10:41:12.062[Status]Routing 216: Walk: 104
2019-09-05_10:41:12.169[Battery Energy]70.68
2019-09-05_10:41:12.444[Status]Routing 217: Walk: 104
2019-09-05_10:41:12.561[Battery Energy]70.50
2019-09-05_10:41:12.791[Status]Routing 218: Walk: 104
2019-09-05_10:41:12.892[Battery Energy]70.35
2019-09-05_10:41:13.102[Status]Routing 219: Walk: 104
2019-09-05_10:41:13.203[Battery Energy]70.21
2019-09-05_10:41:13.462[Status]Routing 220: Walk: 104
2019-09-05_10:41:13.564[Battery Energy]70.04
2019-09-05_10:41:13.802[Status]Routing 221: Walk: 104
2019-09-05_10:41:13.902[Battery Energy]69.87
2019-09-05_10:41:14.099[Status]Routing 222: Walk: 104
2019-09-05_10:41:14.199[Battery Energy]69.71
2019-09-05_10:41:14.389[Status]Routing 223: Walk: 104
2019-09-05_10:41:14.517[Battery Energy]69.59
2019-09-05_10:41:14.719[Status]Routing 224: Walk: 104
2019-09-05_10:41:14.819[Battery Energy]69.45
2019-09-05_10:41:15.125[Status]Routing 225: Walk: 104
2019-09-05_10:41:15.225[Battery Energy]69.29
2019-09-05_10:41:15.531[Status]Routing 226: Walk: 104
2019-09-05_10:41:15.689[Battery Energy]69.12
2019-09-05_10:41:15.816[Status]Routing 227: Walk: 104
2019-09-05_10:41:15.933[Battery Energy]69.05
2019-09-05_10:41:16.093[Status]Routing 228: Walk: 104
2019-09-05_10:41:16.194[Battery Energy]68.94
2019-09-05_10:41:16.428[Status]Routing 229: Walk: 104
2019-09-05_10:41:16.528[Battery Energy]68.80
2019-09-05_10:41:16.879[Status]Routing 230: Walk: 104
2019-09-05_10:41:17.045[Battery Energy]68.64
2019-09-05_10:41:17.226[Status]Routing 231: Walk: 104
2019-09-05_10:41:17.326[Battery Energy]68.52
2019-09-05_10:41:17.461[Status]Routing 232: Walk: 104
2019-09-05_10:41:17.565[Battery Energy]68.42
2019-09-05_10:41:17.759[Status]Routing 233: Walk: 104
2019-09-05_10:41:17.865[Battery Energy]68.29
2019-09-05_10:41:18.087[Status]Routing 234: Walk: 104
2019-09-05_10:41:18.221[Battery Energy]68.17
2019-09-05_10:41:18.374[Status]Routing 235: Walk: 104
2019-09-05_10:41:18.474[Battery Energy]68.04
2019-09-05_10:41:18.715[Status]Routing 236: Walk: 104
2019-09-05_10:41:18.833[Battery Energy]67.88
2019-09-05_10:41:19.138[Status]Routing 237: Walk: 104
2019-09-05_10:41:19.245[Battery Energy]67.71
2019-09-05_10:41:19.476[Status]Routing 238: Walk: 104
2019-09-05_10:41:19.585[Battery Energy]67.52
2019-09-05_10:41:19.843[Status]Routing 239: Walk: 104
2019-09-05_10:41:19.943[Battery Energy]67.40
2019-09-05_10:41:20.108[Status]Routing 240: Walk: 104
2019-09-05_10:41:20.233[Battery Energy]67.31
2019-09-05_10:41:20.386[Status]Routing 241: Walk: 104
2019-09-05_10:41:20.497[Battery Energy]67.19
2019-09-05_10:41:20.709[Status]Routing 242: Walk: 104
2019-09-05_10:41:20.817[Battery Energy]67.02
2019-09-05_10:41:21.140[Status]Routing 243: Walk: 104
2019-09-05_10:41:21.265[Battery Energy]66.78
2019-09-05_10:41:21.420[Status]Routing 244: Walk: 104
2019-09-05_10:41:21.540[Battery Energy]66.66
2019-09-05_10:41:21.754[Status]Routing 245: Walk: 104
2019-09-05_10:41:21.858[Battery Energy]66.53
2019-09-05_10:41:22.065[Status]Routing 246: Walk: 104
2019-09-05_10:41:22.173[Battery Energy]66.38
2019-09-05_10:41:22.447[Status]Routing 247: Walk: 104
2019-09-05_10:41:22.565[Battery Energy]66.21
2019-09-05_10:41:22.816[Status]Routing 248: Walk: 104
2019-09-05_10:41:22.925[Battery Energy]66.09
2019-09-05_10:41:23.126[Status]Routing 249: Walk: 104
2019-09-05_10:41:23.228[Battery Energy]65.98
2019-09-05_10:41:23.434[Status]Routing 250: Walk: 104
2019-09-05_10:41:23.541[Battery Energy]65.85
2019-09-05_10:41:23.830[Status]Routing 251: Walk: 104
2019-09-05_10:41:23.945[Battery Energy]65.65
2019-09-05_10:41:24.135[Status]Routing 252: Walk: 104
2019-09-05_10:41:24.249[Battery Energy]65.51
2019-09-05_10:41:24.477[Status]Routing 253: Walk: 104
2019-09-05_10:41:24.581[Battery Energy]65.38
2019-09-05_10:41:24.875[Status]Routing 254: Walk: 104
2019-09-05_10:41:24.978[Battery Energy]65.19
2019-09-05_10:41:25.189[Status]Routing 255: Walk: 104
2019-09-05_10:41:25.297[Battery Energy]65.04
2019-09-05_10:41:25.521[Status]Routing 256: Walk: 104
2019-09-05_10:41:25.625[Battery Energy]64.91
2019-09-05_10:41:25.901[Status]Routing 257: Walk: 104
2019-09-05_10:41:26.001[Battery Energy]64.71
2019-09-05_10:41:26.191[Status]Routing 258: Walk: 104
2019-09-05_10:41:26.305[Battery Energy]64.61
2019-09-05_10:41:26.485[Status]Routing 259: Walk: 104
2019-09-05_10:41:26.597[Battery Energy]64.50
2019-09-05_10:41:26.835[Status]Routing 260: Walk: 104
2019-09-05_10:41:26.936[Battery Energy]64.38
2019-09-05_10:41:27.227[Status]Routing 261: Walk: 104
2019-09-05_10:41:27.329[Battery Energy]64.22
2019-09-05_10:41:27.580[Status]Routing 262: Walk: 104
2019-09-05_10:41:27.701[Battery Energy]64.06
2019-09-05_10:41:27.945[Status]Routing 263: Walk: 104
2019-09-05_10:41:28.049[Battery Energy]63.91
2019-09-05_10:41:28.226[Status]Routing 264: Walk: 104
2019-09-05_10:41:28.326[Battery Energy]63.79
2019-09-05_10:41:28.544[Status]Routing 265: Walk: 104
2019-09-05_10:41:28.653[Battery Energy]63.65
2019-09-05_10:41:28.991[Status]Routing 266: Walk: 104
2019-09-05_10:41:29.093[Battery Energy]63.49
2019-09-05_10:41:29.308[Status]Routing 267: Walk: 104
2019-09-05_10:41:29.417[Battery Energy]63.38
2019-09-05_10:41:29.700[Status]Routing 268: Walk: 104
2019-09-05_10:41:29.809[Battery Energy]63.23
2019-09-05_10:41:30.158[Status]Routing 269: Walk: 104
2019-09-05_10:41:30.258[Battery Energy]62.98
2019-09-05_10:41:30.435[Status]Routing 270: Walk: 104
2019-09-05_10:41:30.537[Battery Energy]62.85
2019-09-05_10:41:30.768[Status]Routing 271: Walk: 104
2019-09-05_10:41:30.869[Battery Energy]62.67
2019-09-05_10:41:31.074[Status]Routing 272: Walk: 104
2019-09-05_10:41:31.174[Battery Energy]62.53
2019-09-05_10:41:31.336[Status]Routing 273: Walk: 104
2019-09-05_10:41:31.436[Battery Energy]62.42
2019-09-05_10:41:31.642[Status]Routing 274: Walk: 104
2019-09-05_10:41:31.750[Battery Energy]62.30
2019-09-05_10:41:31.924[Status]Routing 275: Walk: 104
2019-09-05_10:41:32.053[Battery Energy]62.20
2019-09-05_10:41:32.258[Status]Routing 276: Walk: 104
2019-09-05_10:41:32.359[Battery Energy]62.12
2019-09-05_10:41:32.580[Status]Routing 277: Walk: 104
2019-09-05_10:41:32.753[Battery Energy]62.00
2019-09-05_10:41:33.034[Status]Routing 278: Walk: 104
2019-09-05_10:41:33.186[Battery Energy]61.83
2019-09-05_10:41:33.334[Status]Routing 279: Walk: 104
2019-09-05_10:41:33.449[Battery Energy]61.72
2019-09-05_10:41:33.618[Status]Routing 280: Walk: 104
2019-09-05_10:41:33.741[Battery Energy]61.62
2019-09-05_10:41:33.960[Status]Routing 281: Walk: 104
2019-09-05_10:41:34.061[Battery Energy]61.45
2019-09-05_10:41:34.410[Status]Routing 282: Walk: 104
2019-09-05_10:41:34.510[Battery Energy]61.25
2019-09-05_10:41:34.759[Status]Routing 283: Walk: 104
2019-09-05_10:41:34.860[Battery Energy]61.08
2019-09-05_10:41:35.214[Status]Routing 284: Walk: 104
2019-09-05_10:41:35.337[Battery Energy]60.80
2019-09-05_10:41:35.595[Status]Routing 285: Walk: 104
2019-09-05_10:41:35.714[Battery Energy]60.65
2019-09-05_10:41:35.898[Status]Routing 286: Walk: 104
2019-09-05_10:41:35.998[Battery Energy]60.54
2019-09-05_10:41:36.272[Status]Routing 287: Walk: 104
2019-09-05_10:41:36.381[Battery Energy]60.42
2019-09-05_10:41:36.573[Status]Routing 288: Walk: 104
2019-09-05_10:41:36.681[Battery Energy]60.32
2019-09-05_10:41:36.831[Status]Routing 289: Walk: 104
2019-09-05_10:41:36.946[Battery Energy]60.20
2019-09-05_10:41:37.126[Status]Routing 290: Walk: 104
2019-09-05_10:41:37.245[Battery Energy]60.07
2019-09-05_10:41:37.467[Status]Routing 291: Walk: 104
2019-09-05_10:41:37.593[Battery Energy]59.95
2019-09-05_10:41:37.810[Status]Routing 292: Walk: 104
2019-09-05_10:41:37.910[Battery Energy]59.82
2019-09-05_10:41:38.158[Status]Routing 293: Walk: 104
2019-09-05_10:41:38.273[Battery Energy]59.66
2019-09-05_10:41:38.516[Status]Routing 294: Walk: 104
2019-09-05_10:41:38.629[Battery Energy]59.53
2019-09-05_10:41:38.832[Status]Routing 295: Walk: 104
2019-09-05_10:41:38.957[Battery Energy]59.41
2019-09-05_10:41:39.160[Status]Routing 296: Walk: 104
2019-09-05_10:41:39.289[Battery Energy]59.31
2019-09-05_10:41:39.500[Status]Routing 297: Walk: 104
2019-09-05_10:41:39.600[Battery Energy]59.15
2019-09-05_10:41:39.826[Status]Routing 298: Walk: 104
2019-09-05_10:41:39.927[Battery Energy]59.05
2019-09-05_10:41:40.347[Status]Routing 299: Walk: 104
2019-09-05_10:41:40.457[Battery Energy]58.82
2019-09-05_10:41:40.674[Status]Routing 300: Walk: 104
2019-09-05_10:41:40.774[Battery Energy]58.69
2019-09-05_10:41:41.031[Status]Routing 301: Walk: 104
2019-09-05_10:41:41.133[Battery Energy]58.54
2019-09-05_10:41:41.425[Status]Routing 302: Walk: 104
2019-09-05_10:41:41.533[Battery Energy]58.37
2019-09-05_10:41:41.704[Status]Routing 303: Walk: 104
2019-09-05_10:41:41.845[Battery Energy]58.24
2019-09-05_10:41:42.028[Status]Routing 304: Walk: 104
2019-09-05_10:41:42.140[Battery Energy]58.10
2019-09-05_10:41:42.328[Status]Routing 305: Walk: 104
2019-09-05_10:41:42.428[Battery Energy]57.98
2019-09-05_10:41:42.660[Status]Routing 306: Walk: 104
2019-09-05_10:41:42.765[Battery Energy]57.84
2019-09-05_10:41:42.930[Status]Routing 307: Walk: 104
2019-09-05_10:41:43.032[Battery Energy]57.73
2019-09-05_10:41:43.286[Status]Routing 308: Walk: 104
2019-09-05_10:41:43.389[Battery Energy]57.55
2019-09-05_10:41:43.634[Status]Routing 309: Walk: 104
2019-09-05_10:41:43.757[Battery Energy]57.39
2019-09-05_10:41:43.946[Status]Routing 310: Walk: 104
2019-09-05_10:41:44.047[Battery Energy]57.23
2019-09-05_10:41:44.210[Status]Routing 311: Walk: 104
2019-09-05_10:41:44.340[Battery Energy]57.09
2019-09-05_10:41:44.528[Status]Routing 312: Walk: 104
2019-09-05_10:41:44.649[Battery Energy]57.00
2019-09-05_10:41:44.903[Status]Routing 313: Walk: 104
2019-09-05_10:41:45.021[Battery Energy]56.86
2019-09-05_10:41:45.310[Status]Routing 314: Walk: 104
2019-09-05_10:41:45.410[Battery Energy]56.70
2019-09-05_10:41:45.640[Status]Routing 315: Walk: 104
2019-09-05_10:41:45.785[Battery Energy]56.55
2019-09-05_10:41:45.931[Status]Routing 316: Walk: 104
2019-09-05_10:41:46.031[Battery Energy]56.46
2019-09-05_10:41:46.439[Status]Routing 317: Walk: 104
2019-09-05_10:41:46.540[Battery Energy]56.24
2019-09-05_10:41:46.765[Status]Routing 318: Walk: 104
2019-09-05_10:41:46.873[Battery Energy]56.05
2019-09-05_10:41:47.101[Status]Routing 319: Walk: 104
2019-09-05_10:41:47.201[Battery Energy]55.91
2019-09-05_10:41:47.515[Status]Routing 320: Walk: 104
2019-09-05_10:41:47.621[Battery Energy]55.78
2019-09-05_10:41:47.848[Status]Routing 321: Walk: 104
2019-09-05_10:41:47.948[Battery Energy]55.66
2019-09-05_10:41:48.273[Status]Routing 322: Walk: 104
2019-09-05_10:41:48.380[Battery Energy]55.46
2019-09-05_10:41:48.607[Status]Routing 323: Walk: 104
2019-09-05_10:41:48.707[Battery Energy]55.33
2019-09-05_10:41:48.952[Status]Routing 324: Walk: 104
2019-09-05_10:41:49.065[Battery Energy]55.20
2019-09-05_10:41:49.253[Status]Routing 325: Walk: 104
2019-09-05_10:41:49.365[Battery Energy]55.08
2019-09-05_10:41:49.566[Status]Routing 326: Walk: 104
2019-09-05_10:41:49.673[Battery Energy]54.92
2019-09-05_10:41:49.963[Status]Routing 327: Walk: 104
2019-09-05_10:41:50.068[Battery Energy]54.73
2019-09-05_10:41:50.346[Status]Routing 328: Walk: 104
2019-09-05_10:41:50.457[Battery Energy]54.58
2019-09-05_10:41:50.671[Status]Routing 329: Walk: 104
2019-09-05_10:41:50.771[Battery Energy]54.44
2019-09-05_10:41:51.057[Status]Routing 330: Walk: 104
2019-09-05_10:41:51.157[Battery Energy]54.28
2019-09-05_10:41:51.358[Status]Routing 331: Walk: 104
2019-09-05_10:41:51.473[Battery Energy]54.18
2019-09-05_10:41:51.690[Status]Routing 332: Walk: 104
2019-09-05_10:41:51.797[Battery Energy]54.04
2019-09-05_10:41:51.952[Status]Routing 333: Walk: 104
2019-09-05_10:41:52.053[Battery Energy]53.92
2019-09-05_10:41:52.266[Status]Routing 334: Walk: 104
2019-09-05_10:41:52.369[Battery Energy]53.77
2019-09-05_10:41:52.553[Status]Routing 335: Walk: 104
2019-09-05_10:41:52.654[Battery Energy]53.66
2019-09-05_10:41:52.869[Status]Routing 336: Walk: 104
2019-09-05_10:41:52.973[Battery Energy]53.50
2019-09-05_10:41:53.171[Status]Routing 337: Walk: 104
2019-09-05_10:41:53.271[Battery Energy]53.38
2019-09-05_10:41:53.564[Status]Routing 338: Walk: 104
2019-09-05_10:41:53.677[Battery Energy]53.21
2019-09-05_10:41:53.850[Status]Routing 339: Walk: 104
2019-09-05_10:41:53.961[Battery Energy]53.12
2019-09-05_10:41:54.166[Status]Routing 340: Walk: 104
2019-09-05_10:41:54.285[Battery Energy]52.99
2019-09-05_10:41:54.536[Status]Routing 341: Walk: 104
2019-09-05_10:41:54.641[Battery Energy]52.84
2019-09-05_10:41:54.912[Status]Routing 342: Walk: 104
2019-09-05_10:41:55.021[Battery Energy]52.70
2019-09-05_10:41:55.314[Status]Routing 343: Walk: 104
2019-09-05_10:41:55.414[Battery Energy]52.54
2019-09-05_10:41:55.583[Status]Routing 344: Walk: 104
2019-09-05_10:41:55.689[Battery Energy]52.41
2019-09-05_10:41:55.917[Status]Routing 345: Walk: 104
2019-09-05_10:41:56.017[Battery Energy]52.27
