2019-09-05_11:01:21.115[Status]Start.
2019-09-05_11:01:21.115[Battery Energy]100.00
2019-09-05_11:01:22.217[Battery Energy]99.96
2019-09-05_11:01:23.317[Battery Energy]99.92
2019-09-05_11:01:24.418[Battery Energy]99.88
2019-09-05_11:01:25.519[Battery Energy]99.84
2019-09-05_11:01:26.621[Task]A New Task Released.
2019-09-05_11:01:26.621[Battery Energy]99.80
2019-09-05_11:01:26.621[Status]Selection Start.
2019-09-05_11:01:26.998[Status]Selection End: Do Task 2.
2019-09-05_11:01:27.137[Battery Energy]99.53
2019-09-05_11:01:27.137[Status]Formation Start.
2019-09-05_11:01:27.345[Status]Formation End: To Position 0.
2019-09-05_11:01:27.445[Battery Energy]99.36
2019-09-05_11:01:27.445[Status]Routing Start.
2019-09-05_11:01:27.642[Status]{'coordinate': [75.99978956911268, 168.06487351898406], 'id': 20}
2019-09-05_11:01:27.643[Status]Routing 1: Walk: 1
2019-09-05_11:01:27.765[Battery Energy]99.10
2019-09-05_11:01:27.765[Status]Routing Start.
2019-09-05_11:01:27.931[Status]{'coordinate': [85.99957913822536, 168.12974703796812], 'id': 20}
2019-09-05_11:01:27.931[Status]Routing 2: Walk: 2
2019-09-05_11:01:28.057[Battery Energy]98.84
2019-09-05_11:01:28.057[Status]Routing Start.
2019-09-05_11:01:28.248[Status]{'coordinate': [95.99936870733804, 168.19462055695217], 'id': 20}
2019-09-05_11:01:28.248[Status]Routing 3: Walk: 3
2019-09-05_11:01:28.361[Battery Energy]98.61
2019-09-05_11:01:28.361[Status]Routing Start.
2019-09-05_11:01:28.551[Status]{'coordinate': [105.99915827645071, 168.25949407593623], 'id': 20}
2019-09-05_11:01:28.551[Status]Routing 4: Walk: 4
2019-09-05_11:01:28.657[Battery Energy]98.39
2019-09-05_11:01:28.657[Status]Routing Start.
2019-09-05_11:01:28.834[Status]{'coordinate': [115.99894784556339, 168.3243675949203], 'id': 20}
2019-09-05_11:01:28.834[Status]Routing 5: Walk: 5
2019-09-05_11:01:28.934[Battery Energy]98.18
2019-09-05_11:01:28.934[Status]Routing Start.
2019-09-05_11:01:29.451[Status]Routing 6: Walk: 5
2019-09-05_11:01:29.553[Battery Energy]97.84
2019-09-05_11:01:29.553[Status]Routing Start.
2019-09-05_11:01:29.890[Status]Routing 7: Walk: 5
2019-09-05_11:01:29.990[Battery Energy]97.50
2019-09-05_11:01:29.990[Status]Routing Start.
2019-09-05_11:01:30.526[Status]Routing 8: Walk: 5
2019-09-05_11:01:30.626[Battery Energy]97.10
2019-09-05_11:01:30.626[Status]Routing Start.
2019-09-05_11:01:30.987[Status]Routing 9: Walk: 5
2019-09-05_11:01:31.090[Battery Energy]96.80
2019-09-05_11:01:31.090[Status]Routing Start.
2019-09-05_11:01:31.274[Status]{'coordinate': [125.99873741467607, 168.38924111390435], 'id': 20}
2019-09-05_11:01:31.274[Status]Routing 10: Walk: 6
2019-09-05_11:01:31.374[Battery Energy]96.58
2019-09-05_11:01:31.374[Status]Routing Start.
2019-09-05_11:01:31.688[Status]{'coordinate': [135.99852698378874, 168.4541146328884], 'id': 20}
2019-09-05_11:01:31.688[Status]Routing 11: Walk: 7
2019-09-05_11:01:31.806[Battery Energy]96.24
2019-09-05_11:01:31.806[Status]Routing Start.
2019-09-05_11:01:32.218[Status]{'coordinate': [145.9983165529014, 168.51898815187246], 'id': 20}
2019-09-05_11:01:32.218[Status]Routing 12: Walk: 8
2019-09-05_11:01:32.320[Battery Energy]95.91
2019-09-05_11:01:32.320[Status]Routing Start.
2019-09-05_11:01:32.671[Status]{'coordinate': [155.99810612201406, 168.58386167085652], 'id': 20}
2019-09-05_11:01:32.671[Status]Routing 13: Walk: 9
2019-09-05_11:01:32.772[Battery Energy]95.59
2019-09-05_11:01:32.772[Status]Routing Start.
2019-09-05_11:01:33.164[Status]{'coordinate': [165.99789569112673, 168.64873518984058], 'id': 20}
2019-09-05_11:01:33.164[Status]Routing 14: Walk: 10
2019-09-05_11:01:33.289[Battery Energy]95.20
2019-09-05_11:01:33.289[Status]Routing Start.
2019-09-05_11:01:33.628[Status]{'coordinate': [175.9976852602394, 168.71360870882464], 'id': 20}
2019-09-05_11:01:33.628[Status]Routing 15: Walk: 11
2019-09-05_11:01:33.733[Battery Energy]94.91
2019-09-05_11:01:33.733[Status]Routing Start.
2019-09-05_11:01:34.123[Status]{'coordinate': [185.99747482935206, 168.7784822278087], 'id': 20}
2019-09-05_11:01:34.123[Status]Routing 16: Walk: 12
2019-09-05_11:01:34.224[Battery Energy]94.55
2019-09-05_11:01:34.225[Status]Routing Start.
2019-09-05_11:01:34.542[Status]{'coordinate': [195.99726439846472, 168.84335574679275], 'id': 20}
2019-09-05_11:01:34.542[Status]Routing 17: Walk: 13
2019-09-05_11:01:34.642[Battery Energy]94.21
2019-09-05_11:01:34.642[Status]Routing Start.
2019-09-05_11:01:35.067[Status]{'coordinate': [205.9970539675774, 168.9082292657768], 'id': 20}
2019-09-05_11:01:35.067[Status]Routing 18: Walk: 14
2019-09-05_11:01:35.177[Battery Energy]93.83
2019-09-05_11:01:35.177[Status]Routing Start.
2019-09-05_11:01:35.528[Status]{'coordinate': [215.99684353669005, 168.97310278476087], 'id': 20}
2019-09-05_11:01:35.528[Status]Routing 19: Walk: 15
2019-09-05_11:01:35.629[Battery Energy]93.50
2019-09-05_11:01:35.629[Status]Routing Start.
2019-09-05_11:01:36.056[Status]{'coordinate': [225.99663310580272, 169.03797630374493], 'id': 20}
2019-09-05_11:01:36.056[Status]Routing 20: Walk: 16
2019-09-05_11:01:36.156[Battery Energy]93.13
2019-09-05_11:01:36.156[Status]Routing Start.
2019-09-05_11:01:36.485[Status]{'coordinate': [235.99642267491538, 169.10284982272898], 'id': 20}
2019-09-05_11:01:36.485[Status]Routing 21: Walk: 17
2019-09-05_11:01:36.589[Battery Energy]92.81
2019-09-05_11:01:36.589[Status]Routing Start.
2019-09-05_11:01:36.906[Status]{'coordinate': [245.99621224402804, 169.16772334171304], 'id': 20}
2019-09-05_11:01:36.909[Status]Routing 22: Walk: 18
2019-09-05_11:01:37.021[Battery Energy]92.55
2019-09-05_11:01:37.021[Status]Routing Start.
2019-09-05_11:01:37.407[Status]{'coordinate': [255.9960018131407, 169.2325968606971], 'id': 20}
2019-09-05_11:01:37.407[Status]Routing 23: Walk: 19
2019-09-05_11:01:37.517[Battery Energy]92.22
2019-09-05_11:01:37.517[Status]Routing Start.
2019-09-05_11:01:37.923[Status]{'coordinate': [265.9957913822534, 169.29747037968116], 'id': 20}
2019-09-05_11:01:37.923[Status]Routing 24: Walk: 20
2019-09-05_11:01:38.066[Battery Energy]91.91
2019-09-05_11:01:38.067[Status]Routing Start.
2019-09-05_11:01:38.414[Status]{'coordinate': [275.9955809513661, 169.36234389866522], 'id': 20}
2019-09-05_11:01:38.414[Status]Routing 25: Walk: 21
2019-09-05_11:01:38.529[Battery Energy]91.55
2019-09-05_11:01:38.529[Status]Routing Start.
2019-09-05_11:01:38.876[Status]{'coordinate': [285.9953705204788, 169.42721741764927], 'id': 20}
2019-09-05_11:01:38.881[Status]Routing 26: Walk: 22
2019-09-05_11:01:38.985[Battery Energy]91.27
2019-09-05_11:01:38.985[Status]Routing Start.
2019-09-05_11:01:39.351[Status]{'coordinate': [295.9951600895915, 169.49209093663333], 'id': 20}
2019-09-05_11:01:39.351[Status]Routing 27: Walk: 23
2019-09-05_11:01:39.451[Battery Energy]90.91
2019-09-05_11:01:39.451[Status]Routing Start.
2019-09-05_11:01:39.718[Status]{'coordinate': [305.9949496587042, 169.5569644556174], 'id': 20}
2019-09-05_11:01:39.718[Status]Routing 28: Walk: 24
2019-09-05_11:01:39.818[Battery Energy]90.62
2019-09-05_11:01:39.818[Status]Routing Start.
2019-09-05_11:01:40.103[Status]{'coordinate': [315.99473922781686, 169.62183797460145], 'id': 20}
2019-09-05_11:01:40.103[Status]Routing 29: Walk: 25
2019-09-05_11:01:40.209[Battery Energy]90.31
2019-09-05_11:01:40.209[Status]Routing Start.
2019-09-05_11:01:40.556[Status]{'coordinate': [325.99452879692956, 169.6867114935855], 'id': 20}
2019-09-05_11:01:40.556[Status]Routing 30: Walk: 26
2019-09-05_11:01:40.673[Battery Energy]90.02
2019-09-05_11:01:40.673[Status]Routing Start.
2019-09-05_11:01:40.813[Status]{'coordinate': [335.99431836604225, 169.75158501256956], 'id': 20}
2019-09-05_11:01:40.814[Status]Routing 31: Walk: 27
2019-09-05_11:01:40.914[Battery Energy]89.78
2019-09-05_11:01:40.914[Status]Routing Start.
2019-09-05_11:01:41.148[Status]{'coordinate': [345.99410793515494, 169.81645853155362], 'id': 20}
2019-09-05_11:01:41.148[Status]Routing 32: Walk: 28
2019-09-05_11:01:41.257[Battery Energy]89.54
2019-09-05_11:01:41.257[Status]Routing Start.
2019-09-05_11:01:41.498[Status]{'coordinate': [355.99389750426764, 169.88133205053768], 'id': 20}
2019-09-05_11:01:41.498[Status]Routing 33: Walk: 29
2019-09-05_11:01:41.605[Battery Energy]89.30
2019-09-05_11:01:41.605[Status]Routing Start.
2019-09-05_11:01:41.936[Status]{'coordinate': [365.99368707338033, 169.94620556952174], 'id': 20}
2019-09-05_11:01:41.936[Status]Routing 34: Walk: 30
2019-09-05_11:01:42.038[Battery Energy]88.96
2019-09-05_11:01:42.038[Status]Routing Start.
2019-09-05_11:01:42.393[Status]{'coordinate': [375.993476642493, 170.0110790885058], 'id': 20}
2019-09-05_11:01:42.396[Status]Routing 35: Walk: 31
2019-09-05_11:01:42.496[Battery Energy]88.63
2019-09-05_11:01:42.496[Status]Routing Start.
2019-09-05_11:01:42.822[Status]{'coordinate': [385.9932662116057, 170.07595260748985], 'id': 20}
2019-09-05_11:01:42.822[Status]Routing 36: Walk: 32
2019-09-05_11:01:42.923[Battery Energy]88.27
2019-09-05_11:01:42.923[Status]Routing Start.
2019-09-05_11:01:43.330[Status]{'coordinate': [395.9930557807184, 170.1408261264739], 'id': 20}
2019-09-05_11:01:43.333[Status]Routing 37: Walk: 33
2019-09-05_11:01:43.433[Battery Energy]87.94
2019-09-05_11:01:43.433[Status]Routing Start.
2019-09-05_11:01:43.777[Status]{'coordinate': [405.9928453498311, 170.20569964545797], 'id': 20}
2019-09-05_11:01:43.777[Status]Routing 38: Walk: 34
2019-09-05_11:01:43.881[Battery Energy]87.57
2019-09-05_11:01:43.881[Status]Routing Start.
2019-09-05_11:01:44.257[Status]{'coordinate': [415.9926349189438, 170.27057316444203], 'id': 20}
2019-09-05_11:01:44.257[Status]Routing 39: Walk: 35
2019-09-05_11:01:44.357[Battery Energy]87.24
2019-09-05_11:01:44.357[Status]Routing Start.
2019-09-05_11:01:44.711[Status]{'coordinate': [425.9924244880565, 170.33544668342608], 'id': 20}
2019-09-05_11:01:44.711[Status]Routing 40: Walk: 36
2019-09-05_11:01:44.817[Battery Energy]86.92
2019-09-05_11:01:44.817[Status]Routing Start.
2019-09-05_11:01:45.201[Status]{'coordinate': [435.9922140571692, 170.40032020241014], 'id': 20}
2019-09-05_11:01:45.201[Status]Routing 41: Walk: 37
2019-09-05_11:01:45.302[Battery Energy]86.60
2019-09-05_11:01:45.302[Status]Routing Start.
2019-09-05_11:01:45.655[Status]{'coordinate': [445.99200362628187, 170.4651937213942], 'id': 20}
2019-09-05_11:01:45.655[Status]Routing 42: Walk: 38
2019-09-05_11:01:45.757[Battery Energy]86.26
2019-09-05_11:01:45.757[Status]Routing Start.
2019-09-05_11:01:46.114[Status]{'coordinate': [455.99179319539456, 170.53006724037826], 'id': 20}
2019-09-05_11:01:46.114[Status]Routing 43: Walk: 39
2019-09-05_11:01:46.214[Battery Energy]85.93
2019-09-05_11:01:46.214[Status]Routing Start.
2019-09-05_11:01:46.526[Status]{'coordinate': [465.99158276450726, 170.59494075936232], 'id': 20}
2019-09-05_11:01:46.526[Status]Routing 44: Walk: 40
2019-09-05_11:01:46.637[Battery Energy]85.62
2019-09-05_11:01:46.637[Status]Routing Start.
2019-09-05_11:01:46.838[Status]{'coordinate': [475.99137233361995, 170.65981427834635], 'id': 20}
2019-09-05_11:01:46.839[Status]Routing 45: Walk: 41
2019-09-05_11:01:46.939[Battery Energy]85.34
2019-09-05_11:01:46.939[Status]Routing Start.
2019-09-05_11:01:47.255[Status]{'coordinate': [485.99116190273264, 170.7246877973304], 'id': 20}
2019-09-05_11:01:47.256[Status]Routing 46: Walk: 42
2019-09-05_11:01:47.361[Battery Energy]85.02
2019-09-05_11:01:47.361[Status]Routing Start.
2019-09-05_11:01:47.539[Status]{'coordinate': [495.99095147184534, 170.78956131631443], 'id': 20}
2019-09-05_11:01:47.539[Status]Routing 47: Walk: 43
2019-09-05_11:01:47.645[Battery Energy]84.81
2019-09-05_11:01:47.645[Status]Routing Start.
2019-09-05_11:01:48.013[Status]{'coordinate': [505.990741040958, 170.8544348352985], 'id': 20}
2019-09-05_11:01:48.014[Status]Routing 48: Walk: 44
2019-09-05_11:01:48.125[Battery Energy]84.51
2019-09-05_11:01:48.125[Status]Routing Start.
2019-09-05_11:01:48.430[Status]{'coordinate': [515.9905306100707, 170.91930835428252], 'id': 20}
2019-09-05_11:01:48.430[Status]Routing 49: Walk: 45
2019-09-05_11:01:48.541[Battery Energy]84.17
2019-09-05_11:01:48.541[Status]Routing Start.
2019-09-05_11:01:48.843[Status]{'coordinate': [525.9903201791833, 170.98418187326658], 'id': 20}
2019-09-05_11:01:48.845[Status]Routing 50: Walk: 46
2019-09-05_11:01:48.945[Battery Energy]83.85
2019-09-05_11:01:48.945[Status]Routing Start.
2019-09-05_11:01:49.310[Status]Routing 51: Walk: 46
2019-09-05_11:01:49.410[Battery Energy]83.50
2019-09-05_11:01:49.410[Status]Routing Start.
2019-09-05_11:01:49.560[Status]{'coordinate': [535.9901097482959, 171.0490553922506], 'id': 20}
2019-09-05_11:01:49.560[Status]Routing 52: Walk: 47
2019-09-05_11:01:49.669[Battery Energy]83.28
2019-09-05_11:01:49.669[Status]Routing Start.
2019-09-05_11:01:50.002[Status]{'coordinate': [545.9898993174086, 171.11392891123467], 'id': 20}
2019-09-05_11:01:50.002[Status]Routing 53: Walk: 48
2019-09-05_11:01:50.105[Battery Energy]83.02
2019-09-05_11:01:50.105[Status]Routing Start.
2019-09-05_11:01:50.550[Status]{'coordinate': [555.9896888865212, 171.1788024302187], 'id': 20}
2019-09-05_11:01:50.550[Status]Routing 54: Walk: 49
2019-09-05_11:01:50.650[Battery Energy]82.65
2019-09-05_11:01:50.650[Status]Routing Start.
2019-09-05_11:01:51.044[Status]{'coordinate': [565.9894784556338, 171.24367594920275], 'id': 20}
2019-09-05_11:01:51.044[Status]Routing 55: Walk: 50
2019-09-05_11:01:51.144[Battery Energy]82.32
2019-09-05_11:01:51.144[Status]Routing Start.
2019-09-05_11:01:51.454[Status]{'coordinate': [575.9892680247465, 171.30854946818678], 'id': 20}
2019-09-05_11:01:51.454[Status]Routing 56: Walk: 51
2019-09-05_11:01:51.556[Battery Energy]82.06
2019-09-05_11:01:51.556[Status]Routing Start.
2019-09-05_11:01:51.859[Status]{'coordinate': [585.9890575938591, 171.37342298717084], 'id': 20}
2019-09-05_11:01:51.859[Status]Routing 57: Walk: 52
2019-09-05_11:01:51.965[Battery Energy]81.73
2019-09-05_11:01:51.965[Status]Routing Start.
2019-09-05_11:01:52.452[Status]Routing 58: Walk: 52
2019-09-05_11:01:52.553[Battery Energy]81.35
2019-09-05_11:01:52.553[Status]Routing Start.
2019-09-05_11:01:52.882[Status]{'coordinate': [588.7907637450912, 180.97292519520997], 'id': 20}
2019-09-05_11:01:52.882[Status]Routing 59: Walk: 53
2019-09-05_11:01:52.983[Battery Energy]80.96
2019-09-05_11:01:52.983[Status]Routing Start.
2019-09-05_11:01:53.302[Status]Routing 60: Walk: 53
2019-09-05_11:01:53.402[Battery Energy]80.66
2019-09-05_11:01:53.402[Status]Routing Start.
2019-09-05_11:01:53.734[Status]{'coordinate': [586.4977939728147, 190.70649029867675], 'id': 20}
2019-09-05_11:01:53.735[Status]Routing 61: Walk: 54
2019-09-05_11:01:53.835[Battery Energy]80.29
2019-09-05_11:01:53.835[Status]Routing Start.
2019-09-05_11:01:54.294[Status]Routing 62: Walk: 54
2019-09-05_11:01:54.394[Battery Energy]79.93
2019-09-05_11:01:54.394[Status]Routing Start.
2019-09-05_11:01:54.595[Status]{'coordinate': [596.4938419357609, 190.42537622489013], 'id': 20}
2019-09-05_11:01:54.595[Status]Routing 63: Walk: 55
2019-09-05_11:01:54.696[Battery Energy]79.72
2019-09-05_11:01:54.696[Status]Routing Start.
2019-09-05_11:01:54.884[Status]{'coordinate': [606.489889898707, 190.1442621511035], 'id': 20}
2019-09-05_11:01:54.885[Status]Routing 64: Walk: 56
2019-09-05_11:01:55.001[Battery Energy]79.50
2019-09-05_11:01:55.001[Status]Routing Start.
2019-09-05_11:01:55.186[Status]{'coordinate': [616.4859378616532, 189.86314807731688], 'id': 20}
2019-09-05_11:01:55.186[Status]Routing 65: Walk: 57
2019-09-05_11:01:55.305[Battery Energy]79.27
2019-09-05_11:01:55.305[Status]Routing Start.
2019-09-05_11:01:55.533[Status]{'coordinate': [626.4819858245993, 189.58203400353025], 'id': 20}
2019-09-05_11:01:55.533[Status]Routing 66: Walk: 58
2019-09-05_11:01:55.633[Battery Energy]79.05
2019-09-05_11:01:55.633[Status]Routing Start.
2019-09-05_11:01:55.905[Status]{'coordinate': [636.4780337875454, 189.30091992974363], 'id': 20}
2019-09-05_11:01:55.905[Status]Routing 67: Walk: 59
2019-09-05_11:01:56.017[Battery Energy]78.76
2019-09-05_11:01:56.017[Status]Routing Start.
2019-09-05_11:01:56.324[Status]{'coordinate': [646.4740817504916, 189.019805855957], 'id': 20}
2019-09-05_11:01:56.324[Status]Routing 68: Walk: 60
2019-09-05_11:01:56.437[Battery Energy]78.51
2019-09-05_11:01:56.437[Status]Routing Start.
2019-09-05_11:01:56.679[Status]{'coordinate': [656.4701297134377, 188.73869178217038], 'id': 20}
2019-09-05_11:01:56.679[Status]Routing 69: Walk: 61
2019-09-05_11:01:56.793[Battery Energy]78.28
2019-09-05_11:01:56.793[Status]Routing Start.
2019-09-05_11:01:56.946[Status]{'coordinate': [666.4661776763838, 188.45757770838375], 'id': 20}
2019-09-05_11:01:56.946[Status]Routing 70: Walk: 62
2019-09-05_11:01:57.049[Battery Energy]78.06
2019-09-05_11:01:57.049[Status]Routing Start.
2019-09-05_11:01:57.296[Status]{'coordinate': [676.46222563933, 188.17646363459713], 'id': 20}
2019-09-05_11:01:57.296[Status]Routing 71: Walk: 63
2019-09-05_11:01:57.396[Battery Energy]77.77
2019-09-05_11:01:57.396[Status]Routing Start.
2019-09-05_11:01:57.619[Status]{'coordinate': [686.4582736022761, 187.8953495608105], 'id': 20}
2019-09-05_11:01:57.620[Status]Routing 72: Walk: 64
2019-09-05_11:01:57.721[Battery Energy]77.52
2019-09-05_11:01:57.721[Status]Routing Start.
2019-09-05_11:01:57.925[Status]{'coordinate': [696.4543215652222, 187.61423548702388], 'id': 20}
2019-09-05_11:01:57.925[Status]Routing 73: Walk: 65
2019-09-05_11:01:58.049[Battery Energy]77.29
2019-09-05_11:01:58.049[Status]Routing Start.
2019-09-05_11:01:58.226[Status]{'coordinate': [706.4503695281684, 187.33312141323725], 'id': 20}
2019-09-05_11:01:58.226[Status]Routing 74: Walk: 66
2019-09-05_11:01:58.397[Battery Energy]77.07
2019-09-05_11:01:58.397[Status]Routing Start.
2019-09-05_11:01:58.625[Status]{'coordinate': [716.4464174911145, 187.05200733945063], 'id': 20}
2019-09-05_11:01:58.625[Status]Routing 75: Walk: 67
2019-09-05_11:01:58.737[Battery Energy]76.86
2019-09-05_11:01:58.737[Status]Routing Start.
2019-09-05_11:01:58.861[Status]{'coordinate': [726.4424654540607, 186.770893265664], 'id': 20}
2019-09-05_11:01:58.861[Status]Routing 76: Walk: 68
2019-09-05_11:01:58.981[Battery Energy]76.67
2019-09-05_11:01:58.981[Status]Routing Start.
2019-09-05_11:01:59.209[Status]{'coordinate': [736.4385134170068, 186.48977919187737], 'id': 20}
2019-09-05_11:01:59.209[Status]Routing 77: Walk: 69
2019-09-05_11:01:59.329[Battery Energy]76.42
2019-09-05_11:01:59.329[Status]Routing Start.
2019-09-05_11:01:59.556[Status]{'coordinate': [746.4345613799529, 186.20866511809075], 'id': 20}
2019-09-05_11:01:59.556[Status]Routing 78: Walk: 70
2019-09-05_11:01:59.657[Battery Energy]76.17
2019-09-05_11:01:59.657[Status]Routing Start.
2019-09-05_11:01:59.861[Status]{'coordinate': [756.4306093428991, 185.92755104430412], 'id': 20}
2019-09-05_11:01:59.863[Status]Routing 79: Walk: 71
2019-09-05_11:01:59.963[Battery Energy]75.91
2019-09-05_11:01:59.963[Status]Routing Start.
2019-09-05_11:02:00.189[Status]{'coordinate': [766.4266573058452, 185.6464369705175], 'id': 20}
2019-09-05_11:02:00.189[Status]Routing 80: Walk: 72
2019-09-05_11:02:00.290[Battery Energy]75.63
2019-09-05_11:02:00.290[Status]Routing Start.
2019-09-05_11:02:00.624[Status]{'coordinate': [776.4227052687913, 185.36532289673087], 'id': 20}
2019-09-05_11:02:00.626[Status]Routing 81: Walk: 73
2019-09-05_11:02:00.729[Battery Energy]75.32
2019-09-05_11:02:00.729[Status]Routing Start.
2019-09-05_11:02:01.089[Status]{'coordinate': [786.4187532317375, 185.08420882294425], 'id': 20}
2019-09-05_11:02:01.092[Status]Routing 82: Walk: 74
2019-09-05_11:02:01.194[Battery Energy]75.00
2019-09-05_11:02:01.194[Status]Routing Start.
2019-09-05_11:02:01.558[Status]{'coordinate': [796.4148011946836, 184.80309474915762], 'id': 20}
2019-09-05_11:02:01.558[Status]Routing 83: Walk: 75
2019-09-05_11:02:01.669[Battery Energy]74.64
2019-09-05_11:02:01.669[Status]Routing Start.
2019-09-05_11:02:02.159[Status]{'coordinate': [806.4108491576297, 184.521980675371], 'id': 20}
2019-09-05_11:02:02.159[Status]Routing 84: Walk: 76
2019-09-05_11:02:02.277[Battery Energy]74.28
2019-09-05_11:02:02.277[Status]Routing Start.
2019-09-05_11:02:02.617[Status]{'coordinate': [816.4068971205759, 184.24086660158437], 'id': 20}
2019-09-05_11:02:02.618[Status]Routing 85: Walk: 77
2019-09-05_11:02:02.718[Battery Energy]74.02
2019-09-05_11:02:02.718[Status]Routing Start.
2019-09-05_11:02:03.082[Status]{'coordinate': [826.402945083522, 183.95975252779775], 'id': 20}
2019-09-05_11:02:03.083[Status]Routing 86: Walk: 78
2019-09-05_11:02:03.193[Battery Energy]73.70
2019-09-05_11:02:03.193[Status]Routing Start.
2019-09-05_11:02:03.502[Status]{'coordinate': [836.3989930464681, 183.67863845401112], 'id': 20}
2019-09-05_11:02:03.502[Status]Routing 87: Walk: 79
2019-09-05_11:02:03.602[Battery Energy]73.39
2019-09-05_11:02:03.603[Status]Routing Start.
2019-09-05_11:02:03.756[Status]{'coordinate': [846.3950410094143, 183.3975243802245], 'id': 20}
2019-09-05_11:02:03.756[Status]Routing 88: Walk: 80
2019-09-05_11:02:03.869[Battery Energy]73.18
2019-09-05_11:02:03.869[Status]Routing Start.
2019-09-05_11:02:04.100[Status]{'coordinate': [856.3910889723604, 183.11641030643787], 'id': 20}
2019-09-05_11:02:04.100[Status]Routing 89: Walk: 81
2019-09-05_11:02:04.209[Battery Energy]72.96
2019-09-05_11:02:04.209[Status]Routing Start.
2019-09-05_11:02:04.407[Status]{'coordinate': [866.3871369353066, 182.83529623265125], 'id': 20}
2019-09-05_11:02:04.407[Status]Routing 90: Walk: 82
2019-09-05_11:02:04.513[Battery Energy]72.73
2019-09-05_11:02:04.513[Status]Routing Start.
2019-09-05_11:02:04.828[Status]{'coordinate': [876.3831848982527, 182.55418215886462], 'id': 20}
2019-09-05_11:02:04.829[Status]Routing 91: Walk: 83
2019-09-05_11:02:04.929[Battery Energy]72.44
2019-09-05_11:02:04.929[Status]Routing Start.
2019-09-05_11:02:05.476[Status]Routing 92: Walk: 83
2019-09-05_11:02:05.580[Battery Energy]71.99
2019-09-05_11:02:05.580[Status]Routing Start.
2019-09-05_11:02:05.884[Status]Routing 93: Walk: 83
2019-09-05_11:02:05.985[Battery Energy]71.71
2019-09-05_11:02:05.985[Status]Routing Start.
2019-09-05_11:02:06.118[Status]{'coordinate': [886.3792328611988, 182.273068085078], 'id': 20}
2019-09-05_11:02:06.118[Status]Routing 94: Walk: 84
2019-09-05_11:02:06.237[Battery Energy]71.49
2019-09-05_11:02:06.237[Status]Routing Start.
2019-09-05_11:02:06.469[Status]{'coordinate': [896.375280824145, 181.99195401129137], 'id': 20}
2019-09-05_11:02:06.469[Status]Routing 95: Walk: 85
2019-09-05_11:02:06.580[Battery Energy]71.26
2019-09-05_11:02:06.580[Status]Routing Start.
2019-09-05_11:02:06.739[Status]{'coordinate': [906.3713287870911, 181.71083993750474], 'id': 20}
2019-09-05_11:02:06.744[Status]Routing 96: Walk: 86
2019-09-05_11:02:06.873[Battery Energy]71.05
2019-09-05_11:02:06.873[Status]Routing Start.
2019-09-05_11:02:07.399[Status]{'coordinate': [904.9970580175553, 191.61595880867432], 'id': 20}
2019-09-05_11:02:07.399[Status]Routing 97: Walk: 87
2019-09-05_11:02:07.499[Battery Energy]70.59
2019-09-05_11:02:07.499[Status]Routing Start.
2019-09-05_11:02:07.845[Status]{'coordinate': [903.2514138777118, 201.46241637152553], 'id': 20}
2019-09-05_11:02:07.847[Status]Routing 98: Walk: 88
2019-09-05_11:02:07.947[Battery Energy]70.25
2019-09-05_11:02:07.947[Status]Routing Start.
2019-09-05_11:02:08.089[Status]{'coordinate': [913.1920366955435, 200.3742904626332], 'id': 20}
2019-09-05_11:02:08.089[Status]Routing 99: Walk: 89
2019-09-05_11:02:08.197[Battery Energy]70.04
2019-09-05_11:02:08.197[Status]Routing Start.
2019-09-05_11:02:08.374[Status]{'coordinate': [923.1326595133752, 199.2861645537409], 'id': 20}
2019-09-05_11:02:08.374[Status]Routing 100: Walk: 90
2019-09-05_11:02:08.474[Battery Energy]69.83
2019-09-05_11:02:08.474[Status]Routing Start.
2019-09-05_11:02:08.748[Status]{'coordinate': [933.0732823312069, 198.19803864484857], 'id': 20}
2019-09-05_11:02:08.748[Status]Routing 101: Walk: 91
2019-09-05_11:02:08.848[Battery Energy]69.62
2019-09-05_11:02:08.848[Status]Routing Start.
2019-09-05_11:02:09.016[Status]{'coordinate': [943.0139051490386, 197.10991273595624], 'id': 20}
2019-09-05_11:02:09.016[Status]Routing 102: Walk: 92
2019-09-05_11:02:09.117[Battery Energy]69.41
2019-09-05_11:02:09.117[Status]Routing Start.
2019-09-05_11:02:09.449[Status]{'coordinate': [952.9545279668703, 196.02178682706392], 'id': 20}
2019-09-05_11:02:09.449[Status]Routing 103: Walk: 93
2019-09-05_11:02:09.573[Battery Energy]69.12
2019-09-05_11:02:09.573[Status]Routing Start.
2019-09-05_11:02:09.866[Status]{'coordinate': [962.895150784702, 194.9336609181716], 'id': 20}
2019-09-05_11:02:09.866[Status]Routing 104: Walk: 94
2019-09-05_11:02:09.974[Battery Energy]68.81
2019-09-05_11:02:09.974[Status]Routing Start.
2019-09-05_11:02:10.316[Status]{'coordinate': [972.8357736025337, 193.84553500927927], 'id': 20}
2019-09-05_11:02:10.316[Status]Routing 105: Walk: 95
2019-09-05_11:02:10.417[Battery Energy]68.49
2019-09-05_11:02:10.417[Status]Routing Start.
2019-09-05_11:02:10.624[Status]{'coordinate': [982.7763964203654, 192.75740910038695], 'id': 20}
2019-09-05_11:02:10.627[Status]Routing 106: Walk: 96
2019-09-05_11:02:10.729[Battery Energy]68.22
2019-09-05_11:02:10.730[Status]Routing Start.
2019-09-05_11:02:11.338[Status]Routing 107: Walk: 96
2019-09-05_11:02:11.439[Battery Energy]67.75
2019-09-05_11:02:11.440[Status]Routing Start.
2019-09-05_11:02:11.789[Status]Routing 108: Walk: 96
2019-09-05_11:02:11.889[Battery Energy]67.41
2019-09-05_11:02:11.889[Status]Routing Start.
2019-09-05_11:02:12.455[Status]{'coordinate': [986.4054475841501, 202.07567007819995], 'id': 20}
2019-09-05_11:02:12.470[Status]Routing 109: Walk: 97
2019-09-05_11:02:12.573[Battery Energy]66.96
2019-09-05_11:02:12.573[Status]Routing Start.
2019-09-05_11:02:12.989[Status]{'coordinate': [984.1868571038522, 211.82645754797548], 'id': 20}
2019-09-05_11:02:12.994[Status]Routing 110: Walk: 98
2019-09-05_11:02:13.095[Battery Energy]66.56
2019-09-05_11:02:13.095[Status]Routing Start.
2019-09-05_11:02:13.480[Status]{'coordinate': [981.0517025695539, 221.3222885303629], 'id': 20}
2019-09-05_11:02:13.482[Status]Routing 111: Walk: 99
2019-09-05_11:02:13.583[Battery Energy]66.19
2019-09-05_11:02:13.583[Status]Routing Start.
2019-09-05_11:02:13.880[Status]{'coordinate': [982.9993560652629, 231.1307871851343], 'id': 20}
2019-09-05_11:02:13.880[Status]Routing 112: Walk: 100
2019-09-05_11:02:13.980[Battery Energy]65.88
2019-09-05_11:02:13.980[Status]Routing Start.
2019-09-05_11:02:14.220[Status]{'coordinate': [992.4482492613895, 227.85688777186706], 'id': 20}
2019-09-05_11:02:14.220[Status]Routing 113: Walk: 101
2019-09-05_11:02:14.325[Battery Energy]65.64
2019-09-05_11:02:14.325[Status]Routing Start.
2019-09-05_11:02:14.803[Status]{'coordinate': [996.5596799376372, 236.97259607097416], 'id': 20}
2019-09-05_11:02:14.803[Status]Routing 114: Walk: 102
2019-09-05_11:02:14.903[Battery Energy]65.19
2019-09-05_11:02:14.903[Status]Routing Start.
2019-09-05_11:02:15.108[Status]{'coordinate': [1005.7877440067539, 233.11995625699248], 'id': 20}
2019-09-05_11:02:15.108[Status]Routing 115: Walk: 103
2019-09-05_11:02:15.209[Battery Energy]64.99
2019-09-05_11:02:15.209[Status]Routing Start.
2019-09-05_11:02:15.558[Status]{'coordinate': [1015.0158080758706, 229.2673164430108], 'id': 20}
2019-09-05_11:02:15.558[Status]Routing 116: Walk: 104
2019-09-05_11:02:15.658[Battery Energy]64.67
2019-09-05_11:02:15.658[Status]Routing Start.
2019-09-05_11:02:16.177[Status]{'coordinate': [1024.2438721449873, 225.41467662902912], 'id': 20}
2019-09-05_11:02:16.177[Status]Routing 117: Walk: 105
2019-09-05_11:02:16.277[Battery Energy]64.20
2019-09-05_11:02:16.278[Status]Routing Start.
2019-09-05_11:02:16.698[Status]{'coordinate': [1033.471936214104, 221.56203681504743], 'id': 20}
2019-09-05_11:02:16.698[Status]Routing 118: Walk: 106
2019-09-05_11:02:16.800[Battery Energy]63.80
2019-09-05_11:02:16.800[Status]Routing Start.
2019-09-05_11:02:17.186[Status]{'coordinate': [1042.7000002832208, 217.70939700106575], 'id': 20}
2019-09-05_11:02:17.186[Status]Routing 119: Walk: 107
2019-09-05_11:02:17.286[Battery Energy]63.44
2019-09-05_11:02:17.286[Status]Routing Start.
2019-09-05_11:02:17.720[Status]{'coordinate': [1051.9280643523375, 213.8567571870841], 'id': 20}
2019-09-05_11:02:17.720[Status]Routing 120: Walk: 108
2019-09-05_11:02:17.820[Battery Energy]62.96
2019-09-05_11:02:17.820[Status]Routing Start.
2019-09-05_11:02:17.953[Status]{'coordinate': [1061.1561284214542, 210.00411737310242], 'id': 20}
2019-09-05_11:02:17.953[Status]Routing 121: Walk: 109
2019-09-05_11:02:18.054[Battery Energy]62.75
2019-09-05_11:02:18.054[Status]Routing Start.
2019-09-05_11:02:18.302[Status]{'coordinate': [1070.384192490571, 206.15147755912076], 'id': 20}
2019-09-05_11:02:18.302[Status]Routing 122: Walk: 110
2019-09-05_11:02:18.449[Battery Energy]62.45
2019-09-05_11:02:18.449[Status]Routing Start.
2019-09-05_11:02:18.700[Status]{'coordinate': [1079.6122565596877, 202.29883774513908], 'id': 20}
2019-09-05_11:02:18.706[Status]Routing 123: Walk: 111
2019-09-05_11:02:18.833[Battery Energy]62.21
2019-09-05_11:02:18.833[Status]Routing Start.
2019-09-05_11:02:19.142[Status]{'coordinate': [1088.8403206288044, 198.44619793115743], 'id': 20}
2019-09-05_11:02:19.142[Status]Routing 124: Walk: 112
2019-09-05_11:02:19.242[Battery Energy]61.92
2019-09-05_11:02:19.242[Status]Routing Start.
2019-09-05_11:02:19.538[Status]{'coordinate': [1098.0683846979211, 194.59355811717577], 'id': 20}
2019-09-05_11:02:19.538[Status]Routing 125: Walk: 113
2019-09-05_11:02:19.638[Battery Energy]61.61
2019-09-05_11:02:19.638[Status]Routing Start.
2019-09-05_11:02:19.926[Status]{'coordinate': [1107.2964487670379, 190.7409183031941], 'id': 20}
2019-09-05_11:02:19.926[Status]Routing 126: Walk: 114
2019-09-05_11:02:20.026[Battery Energy]61.32
2019-09-05_11:02:20.026[Status]Routing Start.
2019-09-05_11:02:20.591[Status]{'coordinate': [1116.5245128361546, 186.88827848921244], 'id': 20}
2019-09-05_11:02:20.591[Status]Routing 127: Walk: 115
2019-09-05_11:02:20.701[Battery Energy]60.90
2019-09-05_11:02:20.701[Status]Routing Start.
2019-09-05_11:02:20.859[Status]{'coordinate': [1125.7525769052713, 183.03563867523079], 'id': 20}
2019-09-05_11:02:20.859[Status]Routing 128: Walk: 116
2019-09-05_11:02:20.986[Battery Energy]60.69
2019-09-05_11:02:20.988[Status]Routing Start.
2019-09-05_11:02:21.352[Status]{'coordinate': [1134.980640974388, 179.1829988612491], 'id': 20}
2019-09-05_11:02:21.353[Status]Routing 129: Walk: 117
2019-09-05_11:02:21.457[Battery Energy]60.31
2019-09-05_11:02:21.457[Status]Routing Start.
2019-09-05_11:02:21.796[Status]{'coordinate': [1144.2087050435048, 175.33035904726745], 'id': 20}
2019-09-05_11:02:21.796[Status]Routing 130: Walk: 118
2019-09-05_11:02:21.905[Battery Energy]60.06
2019-09-05_11:02:21.905[Status]Routing Start.
2019-09-05_11:02:21.905[Status]Task Finished.
2019-09-05_11:02:22.005[Battery Energy]60.06
2019-09-05_11:02:22.144[Status]Routing 132: Walk: 118
2019-09-05_11:02:22.244[Battery Energy]59.94
2019-09-05_11:02:22.603[Status]Routing 133: Walk: 118
2019-09-05_11:02:22.728[Battery Energy]59.73
2019-09-05_11:02:22.939[Status]Routing 134: Walk: 118
2019-09-05_11:02:23.041[Battery Energy]59.59
2019-09-05_11:02:23.250[Status]Routing 135: Walk: 118
2019-09-05_11:02:23.353[Battery Energy]59.47
2019-09-05_11:02:23.598[Status]Routing 136: Walk: 118
2019-09-05_11:02:23.698[Battery Energy]59.29
2019-09-05_11:02:23.862[Status]Routing 137: Walk: 118
2019-09-05_11:02:23.973[Battery Energy]59.18
2019-09-05_11:02:24.185[Status]Routing 138: Walk: 118
2019-09-05_11:02:24.289[Battery Energy]59.05
2019-09-05_11:02:24.551[Status]Routing 139: Walk: 118
2019-09-05_11:02:24.661[Battery Energy]58.93
2019-09-05_11:02:24.902[Status]Routing 140: Walk: 118
2019-09-05_11:02:25.009[Battery Energy]58.72
2019-09-05_11:02:25.237[Status]Routing 141: Walk: 118
2019-09-05_11:02:25.345[Battery Energy]58.58
2019-09-05_11:02:25.668[Status]Routing 142: Walk: 118
2019-09-05_11:02:25.773[Battery Energy]58.35
2019-09-05_11:02:26.039[Status]Routing 143: Walk: 118
2019-09-05_11:02:26.145[Battery Energy]58.22
2019-09-05_11:02:26.326[Status]Routing 144: Walk: 118
2019-09-05_11:02:26.433[Battery Energy]58.10
2019-09-05_11:02:26.671[Status]Routing 145: Walk: 118
2019-09-05_11:02:26.777[Battery Energy]57.93
2019-09-05_11:02:26.965[Status]Routing 146: Walk: 118
2019-09-05_11:02:27.066[Battery Energy]57.78
2019-09-05_11:02:27.343[Status]Routing 147: Walk: 118
2019-09-05_11:02:27.443[Battery Energy]57.62
2019-09-05_11:02:27.664[Status]Routing 148: Walk: 118
2019-09-05_11:02:27.764[Battery Energy]57.51
2019-09-05_11:02:27.984[Status]Routing 149: Walk: 118
2019-09-05_11:02:28.089[Battery Energy]57.37
2019-09-05_11:02:28.432[Status]Routing 150: Walk: 118
2019-09-05_11:02:28.553[Battery Energy]57.21
2019-09-05_11:02:28.731[Status]Routing 151: Walk: 118
2019-09-05_11:02:28.833[Battery Energy]57.13
2019-09-05_11:02:29.059[Status]Routing 152: Walk: 118
2019-09-05_11:02:29.165[Battery Energy]56.95
2019-09-05_11:02:29.377[Status]Routing 153: Walk: 118
2019-09-05_11:02:29.485[Battery Energy]56.84
2019-09-05_11:02:29.681[Status]Routing 154: Walk: 118
2019-09-05_11:02:29.793[Battery Energy]56.72
2019-09-05_11:02:29.975[Status]Routing 155: Walk: 118
2019-09-05_11:02:30.077[Battery Energy]56.59
2019-09-05_11:02:30.292[Status]Routing 156: Walk: 118
2019-09-05_11:02:30.397[Battery Energy]56.48
2019-09-05_11:02:30.614[Status]Routing 157: Walk: 118
2019-09-05_11:02:30.714[Battery Energy]56.33
2019-09-05_11:02:30.906[Status]Routing 158: Walk: 118
2019-09-05_11:02:31.013[Battery Energy]56.20
2019-09-05_11:02:31.254[Status]Routing 159: Walk: 118
2019-09-05_11:02:31.355[Battery Energy]56.05
2019-09-05_11:02:31.601[Status]Routing 160: Walk: 118
2019-09-05_11:02:31.701[Battery Energy]55.92
