2019-09-05_11:01:20.127[Status]Start.
2019-09-05_11:01:20.128[Battery Energy]100.00
2019-09-05_11:01:21.229[Battery Energy]99.96
2019-09-05_11:01:22.330[Battery Energy]99.92
2019-09-05_11:01:23.431[Battery Energy]99.88
2019-09-05_11:01:24.533[Battery Energy]99.84
2019-09-05_11:01:25.634[Task]A New Task Released.
2019-09-05_11:01:25.634[Battery Energy]99.80
2019-09-05_11:01:25.634[Status]Selection Start.
2019-09-05_11:01:26.992[Status]Selection End: Do Task 2.
2019-09-05_11:01:27.101[Battery Energy]98.98
2019-09-05_11:01:27.101[Status]Formation Start.
2019-09-05_11:01:27.344[Status]Formation End: To Position 4.
2019-09-05_11:01:27.453[Battery Energy]98.79
2019-09-05_11:01:27.453[Status]Routing Start.
2019-09-05_11:01:27.642[Status]{'coordinate': [67.95243800857438, 237.0258451429654], 'id': 14}
2019-09-05_11:01:27.643[Status]Routing 1: Walk: 1
2019-09-05_11:01:27.744[Battery Energy]98.55
2019-09-05_11:01:27.744[Status]Routing Start.
2019-09-05_11:01:27.943[Status]{'coordinate': [77.90487601714875, 236.05169028593082], 'id': 14}
2019-09-05_11:01:27.943[Status]Routing 2: Walk: 2
2019-09-05_11:01:28.045[Battery Energy]98.33
2019-09-05_11:01:28.045[Status]Routing Start.
2019-09-05_11:01:28.246[Status]{'coordinate': [87.85731402572313, 235.07753542889623], 'id': 14}
2019-09-05_11:01:28.246[Status]Routing 3: Walk: 3
2019-09-05_11:01:28.349[Battery Energy]98.13
2019-09-05_11:01:28.349[Status]Routing Start.
2019-09-05_11:01:28.552[Status]{'coordinate': [97.8097520342975, 234.10338057186163], 'id': 14}
2019-09-05_11:01:28.552[Status]Routing 4: Walk: 4
2019-09-05_11:01:28.652[Battery Energy]97.90
2019-09-05_11:01:28.652[Status]Routing Start.
2019-09-05_11:01:28.836[Status]{'coordinate': [107.76219004287188, 233.12922571482704], 'id': 14}
2019-09-05_11:01:28.837[Status]Routing 5: Walk: 5
2019-09-05_11:01:28.937[Battery Energy]97.68
2019-09-05_11:01:28.937[Status]Routing Start.
2019-09-05_11:01:29.288[Status]{'coordinate': [117.71462805144625, 232.15507085779245], 'id': 14}
2019-09-05_11:01:29.288[Status]Routing 6: Walk: 6
2019-09-05_11:01:29.388[Battery Energy]97.35
2019-09-05_11:01:29.388[Status]Routing Start.
2019-09-05_11:01:29.751[Status]{'coordinate': [127.66706606002063, 231.18091600075786], 'id': 14}
2019-09-05_11:01:29.753[Status]Routing 7: Walk: 7
2019-09-05_11:01:29.856[Battery Energy]97.05
2019-09-05_11:01:29.856[Status]Routing Start.
2019-09-05_11:01:30.214[Status]{'coordinate': [137.619504068595, 230.20676114372327], 'id': 14}
2019-09-05_11:01:30.214[Status]Routing 8: Walk: 8
2019-09-05_11:01:30.314[Battery Energy]96.69
2019-09-05_11:01:30.314[Status]Routing Start.
2019-09-05_11:01:30.804[Status]{'coordinate': [147.57194207716938, 229.23260628668868], 'id': 14}
2019-09-05_11:01:30.804[Status]Routing 9: Walk: 9
2019-09-05_11:01:30.907[Battery Energy]96.33
2019-09-05_11:01:30.907[Status]Routing Start.
2019-09-05_11:01:31.268[Status]{'coordinate': [157.52438008574376, 228.2584514296541], 'id': 14}
2019-09-05_11:01:31.268[Status]Routing 10: Walk: 10
2019-09-05_11:01:31.377[Battery Energy]95.99
2019-09-05_11:01:31.377[Status]Routing Start.
2019-09-05_11:01:31.688[Status]{'coordinate': [167.47681809431813, 227.2842965726195], 'id': 14}
2019-09-05_11:01:31.688[Status]Routing 11: Walk: 11
2019-09-05_11:01:31.788[Battery Energy]95.67
2019-09-05_11:01:31.788[Status]Routing Start.
2019-09-05_11:01:32.367[Status]Routing 12: Walk: 11
2019-09-05_11:01:32.467[Battery Energy]95.29
2019-09-05_11:01:32.467[Status]Routing Start.
2019-09-05_11:01:32.856[Status]Routing 13: Walk: 11
2019-09-05_11:01:32.958[Battery Energy]95.01
2019-09-05_11:01:32.958[Status]Routing Start.
2019-09-05_11:01:33.315[Status]Routing 14: Walk: 11
2019-09-05_11:01:33.417[Battery Energy]94.62
2019-09-05_11:01:33.417[Status]Routing Start.
2019-09-05_11:01:33.629[Status]{'coordinate': [177.4292561028925, 226.3101417155849], 'id': 14}
2019-09-05_11:01:33.629[Status]Routing 15: Walk: 12
2019-09-05_11:01:33.729[Battery Energy]94.39
2019-09-05_11:01:33.729[Status]Routing Start.
2019-09-05_11:01:34.120[Status]{'coordinate': [187.38169411146689, 225.3359868585503], 'id': 14}
2019-09-05_11:01:34.120[Status]Routing 16: Walk: 13
2019-09-05_11:01:34.225[Battery Energy]94.08
2019-09-05_11:01:34.225[Status]Routing Start.
2019-09-05_11:01:34.538[Status]{'coordinate': [197.33413212004126, 224.36183200151572], 'id': 14}
2019-09-05_11:01:34.539[Status]Routing 17: Walk: 14
2019-09-05_11:01:34.641[Battery Energy]93.79
2019-09-05_11:01:34.641[Status]Routing Start.
2019-09-05_11:01:35.067[Status]{'coordinate': [207.28657012861564, 223.38767714448113], 'id': 14}
2019-09-05_11:01:35.067[Status]Routing 18: Walk: 15
2019-09-05_11:01:35.185[Battery Energy]93.40
2019-09-05_11:01:35.185[Status]Routing Start.
2019-09-05_11:01:35.515[Status]{'coordinate': [217.23900813719, 222.41352228744654], 'id': 14}
2019-09-05_11:01:35.519[Status]Routing 19: Walk: 16
2019-09-05_11:01:35.620[Battery Energy]93.04
2019-09-05_11:01:35.620[Status]Routing Start.
2019-09-05_11:01:36.056[Status]{'coordinate': [227.1914461457644, 221.43936743041195], 'id': 14}
2019-09-05_11:01:36.056[Status]Routing 20: Walk: 17
2019-09-05_11:01:36.156[Battery Energy]92.66
2019-09-05_11:01:36.156[Status]Routing Start.
2019-09-05_11:01:36.479[Status]{'coordinate': [237.14388415433876, 220.46521257337736], 'id': 14}
2019-09-05_11:01:36.481[Status]Routing 21: Walk: 18
2019-09-05_11:01:36.581[Battery Energy]92.36
2019-09-05_11:01:36.581[Status]Routing Start.
2019-09-05_11:01:36.914[Status]{'coordinate': [247.09632216291314, 219.49105771634277], 'id': 14}
2019-09-05_11:01:36.914[Status]Routing 22: Walk: 19
2019-09-05_11:01:37.029[Battery Energy]92.08
2019-09-05_11:01:37.029[Status]Routing Start.
2019-09-05_11:01:37.408[Status]{'coordinate': [257.0487601714875, 218.51690285930817], 'id': 14}
2019-09-05_11:01:37.408[Status]Routing 23: Walk: 20
2019-09-05_11:01:37.508[Battery Energy]91.78
2019-09-05_11:01:37.508[Status]Routing Start.
2019-09-05_11:01:37.923[Status]{'coordinate': [267.0011981800619, 217.54274800227358], 'id': 14}
2019-09-05_11:01:37.923[Status]Routing 24: Walk: 21
2019-09-05_11:01:38.024[Battery Energy]91.41
2019-09-05_11:01:38.024[Status]Routing Start.
2019-09-05_11:01:38.411[Status]{'coordinate': [276.9536361886363, 216.568593145239], 'id': 14}
2019-09-05_11:01:38.412[Status]Routing 25: Walk: 22
2019-09-05_11:01:38.512[Battery Energy]91.09
2019-09-05_11:01:38.512[Status]Routing Start.
2019-09-05_11:01:38.882[Status]{'coordinate': [286.90607419721067, 215.5944382882044], 'id': 14}
2019-09-05_11:01:38.882[Status]Routing 26: Walk: 23
2019-09-05_11:01:38.982[Battery Energy]90.75
2019-09-05_11:01:38.982[Status]Routing Start.
2019-09-05_11:01:39.347[Status]{'coordinate': [296.858512205785, 214.6202834311698], 'id': 14}
2019-09-05_11:01:39.347[Status]Routing 27: Walk: 24
2019-09-05_11:01:39.457[Battery Energy]90.43
2019-09-05_11:01:39.457[Status]Routing Start.
2019-09-05_11:01:39.720[Status]{'coordinate': [306.8109502143594, 213.64612857413522], 'id': 14}
2019-09-05_11:01:39.720[Status]Routing 28: Walk: 25
2019-09-05_11:01:39.820[Battery Energy]90.16
2019-09-05_11:01:39.820[Status]Routing Start.
2019-09-05_11:01:40.098[Status]{'coordinate': [316.7633882229338, 212.6719737171006], 'id': 14}
2019-09-05_11:01:40.098[Status]Routing 29: Walk: 26
2019-09-05_11:01:40.198[Battery Energy]89.87
2019-09-05_11:01:40.198[Status]Routing Start.
2019-09-05_11:01:40.555[Status]{'coordinate': [326.71582623150823, 211.697818860066], 'id': 14}
2019-09-05_11:01:40.555[Status]Routing 30: Walk: 27
2019-09-05_11:01:40.660[Battery Energy]89.56
2019-09-05_11:01:40.660[Status]Routing Start.
2019-09-05_11:01:40.812[Status]{'coordinate': [336.66826424008264, 210.7236640030314], 'id': 14}
2019-09-05_11:01:40.812[Status]Routing 31: Walk: 28
2019-09-05_11:01:40.913[Battery Energy]89.35
2019-09-05_11:01:40.913[Status]Routing Start.
2019-09-05_11:01:41.150[Status]{'coordinate': [346.62070224865704, 209.7495091459968], 'id': 14}
2019-09-05_11:01:41.151[Status]Routing 32: Walk: 29
2019-09-05_11:01:41.257[Battery Energy]89.10
2019-09-05_11:01:41.257[Status]Routing Start.
2019-09-05_11:01:41.497[Status]{'coordinate': [356.5731402572314, 208.7753542889622], 'id': 14}
2019-09-05_11:01:41.497[Status]Routing 33: Walk: 30
2019-09-05_11:01:41.605[Battery Energy]88.85
2019-09-05_11:01:41.605[Status]Routing Start.
2019-09-05_11:01:41.937[Status]{'coordinate': [366.52557826580573, 207.80119943192759], 'id': 14}
2019-09-05_11:01:41.937[Status]Routing 34: Walk: 31
2019-09-05_11:01:42.045[Battery Energy]88.61
2019-09-05_11:01:42.045[Status]Routing Start.
2019-09-05_11:01:42.391[Status]{'coordinate': [376.47801627438014, 206.82704457489297], 'id': 14}
2019-09-05_11:01:42.391[Status]Routing 35: Walk: 32
2019-09-05_11:01:42.505[Battery Energy]88.28
2019-09-05_11:01:42.505[Status]Routing Start.
2019-09-05_11:01:42.832[Status]{'coordinate': [386.43045428295454, 205.85288971785837], 'id': 14}
2019-09-05_11:01:42.832[Status]Routing 36: Walk: 33
2019-09-05_11:01:42.941[Battery Energy]87.96
2019-09-05_11:01:42.941[Status]Routing Start.
2019-09-05_11:01:43.346[Status]{'coordinate': [396.3828922915289, 204.87873486082376], 'id': 14}
2019-09-05_11:01:43.346[Status]Routing 37: Walk: 34
2019-09-05_11:01:43.449[Battery Energy]87.62
2019-09-05_11:01:43.449[Status]Routing Start.
2019-09-05_11:01:43.788[Status]{'coordinate': [406.33533030010324, 203.90458000378916], 'id': 14}
2019-09-05_11:01:43.788[Status]Routing 38: Walk: 35
2019-09-05_11:01:43.893[Battery Energy]87.33
2019-09-05_11:01:43.893[Status]Routing Start.
2019-09-05_11:01:44.247[Status]{'coordinate': [416.28776830867764, 202.93042514675454], 'id': 14}
2019-09-05_11:01:44.257[Status]Routing 39: Walk: 36
2019-09-05_11:01:44.361[Battery Energy]87.05
2019-09-05_11:01:44.361[Status]Routing Start.
2019-09-05_11:01:44.712[Status]{'coordinate': [426.240206317252, 201.95627028971995], 'id': 14}
2019-09-05_11:01:44.712[Status]Routing 40: Walk: 37
2019-09-05_11:01:44.825[Battery Energy]86.79
2019-09-05_11:01:44.825[Status]Routing Start.
2019-09-05_11:01:45.203[Status]{'coordinate': [436.1926443258264, 200.98211543268536], 'id': 14}
2019-09-05_11:01:45.207[Status]Routing 41: Walk: 38
2019-09-05_11:01:45.317[Battery Energy]86.54
2019-09-05_11:01:45.317[Status]Routing Start.
2019-09-05_11:01:45.654[Status]{'coordinate': [446.14508233440074, 200.00796057565074], 'id': 14}
2019-09-05_11:01:45.654[Status]Routing 42: Walk: 39
2019-09-05_11:01:45.757[Battery Energy]86.24
2019-09-05_11:01:45.757[Status]Routing Start.
2019-09-05_11:01:46.114[Status]{'coordinate': [456.09752034297514, 199.03380571861612], 'id': 14}
2019-09-05_11:01:46.115[Status]Routing 43: Walk: 40
2019-09-05_11:01:46.217[Battery Energy]85.91
2019-09-05_11:01:46.217[Status]Routing Start.
2019-09-05_11:01:46.530[Status]{'coordinate': [466.04995835154955, 198.05965086158153], 'id': 14}
2019-09-05_11:01:46.530[Status]Routing 44: Walk: 41
2019-09-05_11:01:46.641[Battery Energy]85.58
2019-09-05_11:01:46.641[Status]Routing Start.
2019-09-05_11:01:46.833[Status]{'coordinate': [476.00239636012395, 197.0854960045469], 'id': 14}
2019-09-05_11:01:46.833[Status]Routing 45: Walk: 42
2019-09-05_11:01:46.954[Battery Energy]85.37
2019-09-05_11:01:46.954[Status]Routing Start.
2019-09-05_11:01:47.254[Status]{'coordinate': [485.9548343686983, 196.11134114751232], 'id': 14}
2019-09-05_11:01:47.255[Status]Routing 46: Walk: 43
2019-09-05_11:01:47.355[Battery Energy]85.07
2019-09-05_11:01:47.355[Status]Routing Start.
2019-09-05_11:01:47.538[Status]{'coordinate': [495.9072723772727, 195.1371862904777], 'id': 14}
2019-09-05_11:01:47.538[Status]Routing 47: Walk: 44
2019-09-05_11:01:47.638[Battery Energy]84.83
2019-09-05_11:01:47.638[Status]Routing Start.
2019-09-05_11:01:48.009[Status]{'coordinate': [505.85971038584705, 194.1630314334431], 'id': 14}
2019-09-05_11:01:48.009[Status]Routing 48: Walk: 45
2019-09-05_11:01:48.110[Battery Energy]84.52
2019-09-05_11:01:48.110[Status]Routing Start.
2019-09-05_11:01:48.431[Status]{'coordinate': [515.8121483944215, 193.1888765764085], 'id': 14}
2019-09-05_11:01:48.431[Status]Routing 49: Walk: 46
2019-09-05_11:01:48.553[Battery Energy]84.27
2019-09-05_11:01:48.553[Status]Routing Start.
2019-09-05_11:01:48.849[Status]{'coordinate': [525.7645864029959, 192.2147217193739], 'id': 14}
2019-09-05_11:01:48.849[Status]Routing 50: Walk: 47
2019-09-05_11:01:48.961[Battery Energy]83.96
2019-09-05_11:01:48.961[Status]Routing Start.
2019-09-05_11:01:49.286[Status]{'coordinate': [532.4357110050611, 199.6642919448111], 'id': 14}
2019-09-05_11:01:49.286[Status]Routing 51: Walk: 48
2019-09-05_11:01:49.386[Battery Energy]83.63
2019-09-05_11:01:49.387[Status]Routing Start.
2019-09-05_11:01:49.560[Status]{'coordinate': [542.3704836300243, 198.52398808606017], 'id': 14}
2019-09-05_11:01:49.560[Status]Routing 52: Walk: 49
2019-09-05_11:01:49.660[Battery Energy]83.39
2019-09-05_11:01:49.661[Status]Routing Start.
2019-09-05_11:01:49.993[Status]{'coordinate': [552.3052562549875, 197.38368422730923], 'id': 14}
2019-09-05_11:01:49.993[Status]Routing 53: Walk: 50
2019-09-05_11:01:50.103[Battery Energy]83.04
2019-09-05_11:01:50.103[Status]Routing Start.
2019-09-05_11:01:50.546[Status]{'coordinate': [562.2400288799507, 196.2433803685583], 'id': 14}
2019-09-05_11:01:50.546[Status]Routing 54: Walk: 51
2019-09-05_11:01:50.646[Battery Energy]82.61
2019-09-05_11:01:50.646[Status]Routing Start.
2019-09-05_11:01:51.044[Status]{'coordinate': [572.174801504914, 195.10307650980735], 'id': 14}
2019-09-05_11:01:51.044[Status]Routing 55: Walk: 52
2019-09-05_11:01:51.145[Battery Energy]82.31
2019-09-05_11:01:51.145[Status]Routing Start.
2019-09-05_11:01:51.455[Status]{'coordinate': [582.1095741298772, 193.9627726510564], 'id': 14}
2019-09-05_11:01:51.457[Status]Routing 56: Walk: 53
2019-09-05_11:01:51.565[Battery Energy]82.06
2019-09-05_11:01:51.565[Status]Routing Start.
2019-09-05_11:01:51.860[Status]{'coordinate': [592.0443467548404, 192.82246879230547], 'id': 14}
2019-09-05_11:01:51.860[Status]Routing 57: Walk: 54
2019-09-05_11:01:51.969[Battery Energy]81.78
2019-09-05_11:01:51.969[Status]Routing Start.
2019-09-05_11:01:52.489[Status]{'coordinate': [601.9791193798036, 191.68216493355453], 'id': 14}
2019-09-05_11:01:52.489[Status]Routing 58: Walk: 55
2019-09-05_11:01:52.589[Battery Energy]81.29
2019-09-05_11:01:52.589[Status]Routing Start.
2019-09-05_11:01:52.849[Status]Routing 59: Walk: 55
2019-09-05_11:01:52.950[Battery Energy]80.99
2019-09-05_11:01:52.950[Status]Routing Start.
2019-09-05_11:01:53.256[Status]{'coordinate': [611.9138920047668, 190.5418610748036], 'id': 14}
2019-09-05_11:01:53.256[Status]Routing 60: Walk: 56
2019-09-05_11:01:53.356[Battery Energy]80.63
2019-09-05_11:01:53.356[Status]Routing Start.
2019-09-05_11:01:53.773[Status]Routing 61: Walk: 56
2019-09-05_11:01:53.873[Battery Energy]80.32
2019-09-05_11:01:53.874[Status]Routing Start.
2019-09-05_11:01:54.349[Status]{'coordinate': [621.84866462973, 189.40155721605265], 'id': 14}
2019-09-05_11:01:54.349[Status]Routing 62: Walk: 57
2019-09-05_11:01:54.449[Battery Energy]79.88
2019-09-05_11:01:54.449[Status]Routing Start.
2019-09-05_11:01:54.596[Status]{'coordinate': [631.7834372546932, 188.2612533573017], 'id': 14}
2019-09-05_11:01:54.596[Status]Routing 63: Walk: 58
2019-09-05_11:01:54.709[Battery Energy]79.71
2019-09-05_11:01:54.709[Status]Routing Start.
2019-09-05_11:01:54.887[Status]{'coordinate': [641.7182098796565, 187.12094949855077], 'id': 14}
2019-09-05_11:01:54.887[Status]Routing 64: Walk: 59
2019-09-05_11:01:54.989[Battery Energy]79.49
2019-09-05_11:01:54.989[Status]Routing Start.
2019-09-05_11:01:55.184[Status]{'coordinate': [651.6529825046197, 185.98064563979983], 'id': 14}
2019-09-05_11:01:55.186[Status]Routing 65: Walk: 60
2019-09-05_11:01:55.301[Battery Energy]79.24
2019-09-05_11:01:55.301[Status]Routing Start.
2019-09-05_11:01:55.531[Status]{'coordinate': [661.5877551295829, 184.8403417810489], 'id': 14}
2019-09-05_11:01:55.531[Status]Routing 66: Walk: 61
2019-09-05_11:01:55.633[Battery Energy]78.99
2019-09-05_11:01:55.633[Status]Routing Start.
2019-09-05_11:01:55.909[Status]{'coordinate': [671.5225277545461, 183.70003792229795], 'id': 14}
2019-09-05_11:01:55.910[Status]Routing 67: Walk: 62
2019-09-05_11:01:56.017[Battery Energy]78.73
2019-09-05_11:01:56.017[Status]Routing Start.
2019-09-05_11:01:56.325[Status]{'coordinate': [681.4573003795093, 182.559734063547], 'id': 14}
2019-09-05_11:01:56.325[Status]Routing 68: Walk: 63
2019-09-05_11:01:56.425[Battery Energy]78.44
2019-09-05_11:01:56.425[Status]Routing Start.
2019-09-05_11:01:56.674[Status]{'coordinate': [691.3920730044725, 181.41943020479607], 'id': 14}
2019-09-05_11:01:56.674[Status]Routing 69: Walk: 64
2019-09-05_11:01:56.789[Battery Energy]78.20
2019-09-05_11:01:56.789[Status]Routing Start.
2019-09-05_11:01:56.947[Status]{'coordinate': [701.3268456294358, 180.27912634604513], 'id': 14}
2019-09-05_11:01:56.947[Status]Routing 70: Walk: 65
2019-09-05_11:01:57.057[Battery Energy]77.98
2019-09-05_11:01:57.057[Status]Routing Start.
2019-09-05_11:01:57.297[Status]{'coordinate': [711.261618254399, 179.1388224872942], 'id': 14}
2019-09-05_11:01:57.297[Status]Routing 71: Walk: 66
2019-09-05_11:01:57.398[Battery Energy]77.71
2019-09-05_11:01:57.399[Status]Routing Start.
2019-09-05_11:01:57.622[Status]{'coordinate': [721.1963908793622, 177.99851862854325], 'id': 14}
2019-09-05_11:01:57.622[Status]Routing 72: Walk: 67
2019-09-05_11:01:57.733[Battery Energy]77.46
2019-09-05_11:01:57.733[Status]Routing Start.
2019-09-05_11:01:57.926[Status]{'coordinate': [731.1311635043254, 176.8582147697923], 'id': 14}
2019-09-05_11:01:57.926[Status]Routing 73: Walk: 68
2019-09-05_11:01:58.029[Battery Energy]77.24
2019-09-05_11:01:58.029[Status]Routing Start.
2019-09-05_11:01:58.222[Status]{'coordinate': [741.0659361292886, 175.71791091104137], 'id': 14}
2019-09-05_11:01:58.222[Status]Routing 74: Walk: 69
2019-09-05_11:01:58.322[Battery Energy]77.00
2019-09-05_11:01:58.322[Status]Routing Start.
2019-09-05_11:01:58.625[Status]{'coordinate': [751.0007087542518, 174.57760705229043], 'id': 14}
2019-09-05_11:01:58.625[Status]Routing 75: Walk: 70
2019-09-05_11:01:58.733[Battery Energy]76.69
2019-09-05_11:01:58.733[Status]Routing Start.
2019-09-05_11:01:58.859[Status]{'coordinate': [760.935481379215, 173.4373031935395], 'id': 14}
2019-09-05_11:01:58.859[Status]Routing 76: Walk: 71
2019-09-05_11:01:58.960[Battery Energy]76.48
2019-09-05_11:01:58.960[Status]Routing Start.
2019-09-05_11:01:59.204[Status]{'coordinate': [770.8702540041783, 172.29699933478855], 'id': 14}
2019-09-05_11:01:59.204[Status]Routing 77: Walk: 72
2019-09-05_11:01:59.304[Battery Energy]76.18
2019-09-05_11:01:59.304[Status]Routing Start.
2019-09-05_11:01:59.552[Status]{'coordinate': [780.8050266291415, 171.1566954760376], 'id': 14}
2019-09-05_11:01:59.555[Status]Routing 78: Walk: 73
2019-09-05_11:01:59.656[Battery Energy]75.93
2019-09-05_11:01:59.656[Status]Routing Start.
2019-09-05_11:01:59.863[Status]{'coordinate': [790.7397992541047, 170.01639161728667], 'id': 14}
2019-09-05_11:01:59.863[Status]Routing 79: Walk: 74
2019-09-05_11:01:59.963[Battery Energy]75.65
2019-09-05_11:01:59.963[Status]Routing Start.
2019-09-05_11:02:00.196[Status]{'coordinate': [800.6745718790679, 168.87608775853573], 'id': 14}
2019-09-05_11:02:00.199[Status]Routing 80: Walk: 75
2019-09-05_11:02:00.299[Battery Energy]75.40
2019-09-05_11:02:00.299[Status]Routing Start.
2019-09-05_11:02:00.634[Status]{'coordinate': [810.6093445040311, 167.7357838997848], 'id': 14}
2019-09-05_11:02:00.634[Status]Routing 81: Walk: 76
2019-09-05_11:02:00.749[Battery Energy]75.09
2019-09-05_11:02:00.749[Status]Routing Start.
2019-09-05_11:02:01.097[Status]{'coordinate': [820.5441171289943, 166.59548004103385], 'id': 14}
2019-09-05_11:02:01.097[Status]Routing 82: Walk: 77
2019-09-05_11:02:01.197[Battery Energy]74.82
2019-09-05_11:02:01.197[Status]Routing Start.
2019-09-05_11:02:01.569[Status]{'coordinate': [830.4788897539576, 165.4551761822829], 'id': 14}
2019-09-05_11:02:01.569[Status]Routing 83: Walk: 78
2019-09-05_11:02:01.701[Battery Energy]74.49
2019-09-05_11:02:01.701[Status]Routing Start.
2019-09-05_11:02:02.158[Status]{'coordinate': [840.4136623789208, 164.31487232353197], 'id': 14}
2019-09-05_11:02:02.158[Status]Routing 84: Walk: 79
2019-09-05_11:02:02.262[Battery Energy]74.19
2019-09-05_11:02:02.262[Status]Routing Start.
2019-09-05_11:02:02.614[Status]{'coordinate': [850.348435003884, 163.17456846478103], 'id': 14}
2019-09-05_11:02:02.614[Status]Routing 85: Walk: 80
2019-09-05_11:02:02.714[Battery Energy]73.92
2019-09-05_11:02:02.714[Status]Routing Start.
2019-09-05_11:02:03.085[Status]{'coordinate': [860.2832076288472, 162.0342646060301], 'id': 14}
2019-09-05_11:02:03.085[Status]Routing 86: Walk: 81
2019-09-05_11:02:03.197[Battery Energy]73.57
2019-09-05_11:02:03.197[Status]Routing Start.
2019-09-05_11:02:03.494[Status]{'coordinate': [870.2179802538104, 160.89396074727915], 'id': 14}
2019-09-05_11:02:03.494[Status]Routing 87: Walk: 82
2019-09-05_11:02:03.594[Battery Energy]73.25
2019-09-05_11:02:03.594[Status]Routing Start.
2019-09-05_11:02:03.759[Status]{'coordinate': [880.1527528787736, 159.75365688852824], 'id': 14}
2019-09-05_11:02:03.759[Status]Routing 88: Walk: 83
2019-09-05_11:02:03.859[Battery Energy]73.08
2019-09-05_11:02:03.859[Status]Routing Start.
2019-09-05_11:02:04.098[Status]{'coordinate': [890.0875255037369, 158.6133530297773], 'id': 14}
2019-09-05_11:02:04.098[Status]Routing 89: Walk: 84
2019-09-05_11:02:04.201[Battery Energy]72.85
2019-09-05_11:02:04.201[Status]Routing Start.
2019-09-05_11:02:04.391[Status]{'coordinate': [900.0222981287001, 157.47304917102636], 'id': 14}
2019-09-05_11:02:04.392[Status]Routing 90: Walk: 85
2019-09-05_11:02:04.493[Battery Energy]72.60
2019-09-05_11:02:04.493[Status]Routing Start.
2019-09-05_11:02:04.832[Status]{'coordinate': [909.9570707536633, 156.33274531227545], 'id': 14}
2019-09-05_11:02:04.832[Status]Routing 91: Walk: 86
2019-09-05_11:02:04.941[Battery Energy]72.33
2019-09-05_11:02:04.941[Status]Routing Start.
2019-09-05_11:02:05.292[Status]{'coordinate': [919.8918433786265, 155.1924414535245], 'id': 14}
2019-09-05_11:02:05.292[Status]Routing 92: Walk: 87
2019-09-05_11:02:05.392[Battery Energy]72.02
2019-09-05_11:02:05.392[Status]Routing Start.
2019-09-05_11:02:05.734[Status]{'coordinate': [929.8266160035897, 154.05213759477357], 'id': 14}
2019-09-05_11:02:05.734[Status]Routing 93: Walk: 88
2019-09-05_11:02:05.849[Battery Energy]71.68
2019-09-05_11:02:05.849[Status]Routing Start.
2019-09-05_11:02:06.119[Status]{'coordinate': [939.7613886285529, 152.91183373602266], 'id': 14}
2019-09-05_11:02:06.119[Status]Routing 94: Walk: 89
2019-09-05_11:02:06.253[Battery Energy]71.39
2019-09-05_11:02:06.253[Status]Routing Start.
2019-09-05_11:02:06.472[Status]{'coordinate': [949.6961612535162, 151.77152987727172], 'id': 14}
2019-09-05_11:02:06.472[Status]Routing 95: Walk: 90
2019-09-05_11:02:06.573[Battery Energy]71.17
2019-09-05_11:02:06.573[Status]Routing Start.
2019-09-05_11:02:06.940[Status]Routing 96: Walk: 90
2019-09-05_11:02:07.055[Battery Energy]70.89
2019-09-05_11:02:07.055[Status]Routing Start.
2019-09-05_11:02:07.209[Status]{'coordinate': [959.6309338784794, 150.63122601852078], 'id': 14}
2019-09-05_11:02:07.211[Status]Routing 97: Walk: 91
2019-09-05_11:02:07.313[Battery Energy]70.64
2019-09-05_11:02:07.313[Status]Routing Start.
2019-09-05_11:02:07.666[Status]{'coordinate': [969.5657065034426, 149.49092215976987], 'id': 14}
2019-09-05_11:02:07.666[Status]Routing 98: Walk: 92
2019-09-05_11:02:07.767[Battery Energy]70.31
2019-09-05_11:02:07.767[Status]Routing Start.
2019-09-05_11:02:08.089[Status]{'coordinate': [979.5004791284058, 148.35061830101893], 'id': 14}
2019-09-05_11:02:08.090[Status]Routing 99: Walk: 93
2019-09-05_11:02:08.190[Battery Energy]70.03
2019-09-05_11:02:08.190[Status]Routing Start.
2019-09-05_11:02:08.373[Status]{'coordinate': [989.435251753369, 147.210314442268], 'id': 14}
2019-09-05_11:02:08.373[Status]Routing 100: Walk: 94
2019-09-05_11:02:08.481[Battery Energy]69.81
2019-09-05_11:02:08.481[Status]Routing Start.
2019-09-05_11:02:08.747[Status]{'coordinate': [999.3700243783322, 146.07001058351707], 'id': 14}
2019-09-05_11:02:08.747[Status]Routing 101: Walk: 95
2019-09-05_11:02:08.847[Battery Energy]69.55
2019-09-05_11:02:08.847[Status]Routing Start.
2019-09-05_11:02:09.019[Status]{'coordinate': [1009.3047970032954, 144.92970672476613], 'id': 14}
2019-09-05_11:02:09.019[Status]Routing 102: Walk: 96
2019-09-05_11:02:09.141[Battery Energy]69.35
2019-09-05_11:02:09.141[Status]Routing Start.
2019-09-05_11:02:09.141[Status]Task Finished.
2019-09-05_11:02:09.241[Battery Energy]69.35
2019-09-05_11:02:09.448[Status]Routing 104: Walk: 96
2019-09-05_11:02:09.561[Battery Energy]69.17
2019-09-05_11:02:10.031[Status]Routing 105: Walk: 96
2019-09-05_11:02:10.137[Battery Energy]68.82
2019-09-05_11:02:10.315[Status]Routing 106: Walk: 96
2019-09-05_11:02:10.421[Battery Energy]68.70
2019-09-05_11:02:10.809[Status]Routing 107: Walk: 96
2019-09-05_11:02:10.911[Battery Energy]68.36
2019-09-05_11:02:11.330[Status]Routing 108: Walk: 96
2019-09-05_11:02:11.432[Battery Energy]67.99
2019-09-05_11:02:11.797[Status]Routing 109: Walk: 96
2019-09-05_11:02:11.921[Battery Energy]67.65
2019-09-05_11:02:12.494[Status]Routing 110: Walk: 96
2019-09-05_11:02:12.597[Battery Energy]67.25
2019-09-05_11:02:12.945[Status]Routing 111: Walk: 96
2019-09-05_11:02:13.046[Battery Energy]66.96
2019-09-05_11:02:13.251[Status]Routing 112: Walk: 96
2019-09-05_11:02:13.351[Battery Energy]66.81
2019-09-05_11:02:13.944[Status]Routing 113: Walk: 96
2019-09-05_11:02:14.082[Battery Energy]66.35
2019-09-05_11:02:14.225[Status]Routing 114: Walk: 96
2019-09-05_11:02:14.329[Battery Energy]66.25
2019-09-05_11:02:14.837[Status]Routing 115: Walk: 96
2019-09-05_11:02:14.953[Battery Energy]65.87
2019-09-05_11:02:15.291[Status]Routing 116: Walk: 96
2019-09-05_11:02:15.391[Battery Energy]65.55
2019-09-05_11:02:15.756[Status]Routing 117: Walk: 96
2019-09-05_11:02:15.856[Battery Energy]65.24
2019-09-05_11:02:16.205[Status]Routing 118: Walk: 96
2019-09-05_11:02:16.310[Battery Energy]64.88
2019-09-05_11:02:16.702[Status]Routing 119: Walk: 96
2019-09-05_11:02:16.802[Battery Energy]64.54
2019-09-05_11:02:16.973[Status]Routing 120: Walk: 96
2019-09-05_11:02:17.093[Battery Energy]64.42
2019-09-05_11:02:17.532[Status]Routing 121: Walk: 96
2019-09-05_11:02:17.645[Battery Energy]64.25
2019-09-05_11:02:17.953[Status]Routing 122: Walk: 96
2019-09-05_11:02:18.064[Battery Energy]64.07
2019-09-05_11:02:18.310[Status]Routing 123: Walk: 96
2019-09-05_11:02:18.417[Battery Energy]63.96
2019-09-05_11:02:18.698[Status]Routing 124: Walk: 96
2019-09-05_11:02:18.803[Battery Energy]63.78
2019-09-05_11:02:19.144[Status]Routing 125: Walk: 96
2019-09-05_11:02:19.245[Battery Energy]63.56
2019-09-05_11:02:19.539[Status]Routing 126: Walk: 96
2019-09-05_11:02:19.639[Battery Energy]63.36
2019-09-05_11:02:19.933[Status]Routing 127: Walk: 96
2019-09-05_11:02:20.034[Battery Energy]63.13
2019-09-05_11:02:20.594[Status]Routing 128: Walk: 96
2019-09-05_11:02:20.717[Battery Energy]62.73
2019-09-05_11:02:20.851[Status]Routing 129: Walk: 96
2019-09-05_11:02:20.952[Battery Energy]62.63
2019-09-05_11:02:21.351[Status]Routing 130: Walk: 96
2019-09-05_11:02:21.452[Battery Energy]62.34
2019-09-05_11:02:21.797[Status]Routing 131: Walk: 96
2019-09-05_11:02:21.905[Battery Energy]62.10
2019-09-05_11:02:22.141[Status]Routing 132: Walk: 96
2019-09-05_11:02:22.253[Battery Energy]61.93
2019-09-05_11:02:22.591[Status]Routing 133: Walk: 96
2019-09-05_11:02:22.705[Battery Energy]61.71
2019-09-05_11:02:22.941[Status]Routing 134: Walk: 96
2019-09-05_11:02:23.061[Battery Energy]61.56
2019-09-05_11:02:23.251[Status]Routing 135: Walk: 96
2019-09-05_11:02:23.361[Battery Energy]61.40
2019-09-05_11:02:23.592[Status]Routing 136: Walk: 96
2019-09-05_11:02:23.693[Battery Energy]61.23
2019-09-05_11:02:23.857[Status]Routing 137: Walk: 96
2019-09-05_11:02:23.958[Battery Energy]61.13
2019-09-05_11:02:24.184[Status]Routing 138: Walk: 96
2019-09-05_11:02:24.289[Battery Energy]60.97
2019-09-05_11:02:24.548[Status]Routing 139: Walk: 96
2019-09-05_11:02:24.653[Battery Energy]60.83
2019-09-05_11:02:24.899[Status]Routing 140: Walk: 96
2019-09-05_11:02:24.999[Battery Energy]60.68
2019-09-05_11:02:25.237[Status]Routing 141: Walk: 96
2019-09-05_11:02:25.341[Battery Energy]60.56
2019-09-05_11:02:25.672[Status]Routing 142: Walk: 96
2019-09-05_11:02:25.772[Battery Energy]60.37
2019-09-05_11:02:26.040[Status]Routing 143: Walk: 96
2019-09-05_11:02:26.157[Battery Energy]60.22
2019-09-05_11:02:26.322[Status]Routing 144: Walk: 96
2019-09-05_11:02:26.437[Battery Energy]60.11
2019-09-05_11:02:26.669[Status]Routing 145: Walk: 96
2019-09-05_11:02:26.769[Battery Energy]59.98
2019-09-05_11:02:26.968[Status]Routing 146: Walk: 96
2019-09-05_11:02:27.069[Battery Energy]59.84
2019-09-05_11:02:27.355[Status]Routing 147: Walk: 96
2019-09-05_11:02:27.465[Battery Energy]59.64
2019-09-05_11:02:27.664[Status]Routing 148: Walk: 96
2019-09-05_11:02:27.781[Battery Energy]59.54
2019-09-05_11:02:27.984[Status]Routing 149: Walk: 96
2019-09-05_11:02:28.093[Battery Energy]59.40
2019-09-05_11:02:28.432[Status]Routing 150: Walk: 96
2019-09-05_11:02:28.549[Battery Energy]59.19
2019-09-05_11:02:28.732[Status]Routing 151: Walk: 96
2019-09-05_11:02:28.832[Battery Energy]59.04
2019-09-05_11:02:29.059[Status]Routing 152: Walk: 96
2019-09-05_11:02:29.159[Battery Energy]58.91
2019-09-05_11:02:29.393[Status]Routing 153: Walk: 96
2019-09-05_11:02:29.505[Battery Energy]58.76
2019-09-05_11:02:29.679[Status]Routing 154: Walk: 96
2019-09-05_11:02:29.779[Battery Energy]58.64
2019-09-05_11:02:29.978[Status]Routing 155: Walk: 96
2019-09-05_11:02:30.093[Battery Energy]58.50
2019-09-05_11:02:30.296[Status]Routing 156: Walk: 96
2019-09-05_11:02:30.409[Battery Energy]58.34
2019-09-05_11:02:30.614[Status]Routing 157: Walk: 96
2019-09-05_11:02:30.724[Battery Energy]58.20
2019-09-05_11:02:30.908[Status]Routing 158: Walk: 96
2019-09-05_11:02:31.046[Battery Energy]58.09
2019-09-05_11:02:31.245[Status]Routing 159: Walk: 96
2019-09-05_11:02:31.346[Battery Energy]57.98
2019-09-05_11:02:31.599[Status]Routing 160: Walk: 96
2019-09-05_11:02:31.725[Battery Energy]57.85
