2019-09-05_00:19:47.950[Status]Start.
2019-09-05_00:19:47.951[Battery Energy]109.00
2019-09-05_00:19:49.052[Battery Energy]108.96
2019-09-05_00:19:50.153[Battery Energy]108.92
2019-09-05_00:19:51.255[Battery Energy]108.88
2019-09-05_00:19:52.356[Battery Energy]108.84
2019-09-05_00:19:53.457[Task]A New Task Released.
2019-09-05_00:19:53.457[Battery Energy]108.80
2019-09-05_00:19:53.457[Status]Selection Start.
2019-09-05_00:19:55.624[Status]Selection End: Do Task 1.
2019-09-05_00:19:55.735[Battery Energy]107.37
2019-09-05_00:19:55.735[Status]Formation Start.
2019-09-05_00:19:55.877[Status]Formation End: To Position 3.
2019-09-05_00:19:55.979[Battery Energy]107.25
2019-09-05_00:19:55.979[Status]Routing Start.
2019-09-05_00:19:56.215[Status]{'coordinate': [67.80038076645775, 531.9880987984617], 'id': 9}
2019-09-05_00:19:56.215[Status]Routing 1: Walk: 1
2019-09-05_00:19:56.315[Battery Energy]106.99
2019-09-05_00:19:56.315[Status]Routing Start.
2019-09-05_00:19:56.537[Status]{'coordinate': [77.6007615329155, 533.9761975969234], 'id': 9}
2019-09-05_00:19:56.537[Status]Routing 2: Walk: 2
2019-09-05_00:19:56.648[Battery Energy]106.72
2019-09-05_00:19:56.648[Status]Routing Start.
2019-09-05_00:19:57.004[Status]{'coordinate': [87.40114229937325, 535.9642963953851], 'id': 9}
2019-09-05_00:19:57.004[Status]Routing 3: Walk: 3
2019-09-05_00:19:57.104[Battery Energy]106.42
2019-09-05_00:19:57.104[Status]Routing Start.
2019-09-05_00:19:57.348[Status]{'coordinate': [97.201523065831, 537.9523951938468], 'id': 9}
2019-09-05_00:19:57.348[Status]Routing 4: Walk: 4
2019-09-05_00:19:57.448[Battery Energy]106.17
2019-09-05_00:19:57.448[Status]Routing Start.
2019-09-05_00:19:57.641[Status]{'coordinate': [107.00190383228875, 539.9404939923085], 'id': 9}
2019-09-05_00:19:57.641[Status]Routing 5: Walk: 5
2019-09-05_00:19:57.756[Battery Energy]105.92
2019-09-05_00:19:57.756[Status]Routing Start.
2019-09-05_00:19:58.129[Status]{'coordinate': [116.8022845987465, 541.9285927907702], 'id': 9}
2019-09-05_00:19:58.129[Status]Routing 6: Walk: 6
2019-09-05_00:19:58.236[Battery Energy]105.63
2019-09-05_00:19:58.236[Status]Routing Start.
2019-09-05_00:19:58.444[Status]{'coordinate': [126.60266536520425, 543.9166915892318], 'id': 9}
2019-09-05_00:19:58.444[Status]Routing 7: Walk: 7
2019-09-05_00:19:58.560[Battery Energy]105.40
2019-09-05_00:19:58.560[Status]Routing Start.
2019-09-05_00:19:58.914[Status]{'coordinate': [136.403046131662, 545.9047903876935], 'id': 9}
2019-09-05_00:19:58.915[Status]Routing 8: Walk: 8
2019-09-05_00:19:59.020[Battery Energy]105.06
2019-09-05_00:19:59.020[Status]Routing Start.
2019-09-05_00:19:59.340[Status]{'coordinate': [146.20342689811974, 547.8928891861552], 'id': 9}
2019-09-05_00:19:59.341[Status]Routing 9: Walk: 9
2019-09-05_00:19:59.444[Battery Energy]104.77
2019-09-05_00:19:59.444[Status]Routing Start.
2019-09-05_00:19:59.790[Status]{'coordinate': [156.0038076645775, 549.8809879846169], 'id': 9}
2019-09-05_00:19:59.790[Status]Routing 10: Walk: 10
2019-09-05_00:19:59.896[Battery Energy]104.43
2019-09-05_00:19:59.896[Status]Routing Start.
2019-09-05_00:20:00.337[Status]Routing 11: Walk: 10
2019-09-05_00:20:00.437[Battery Energy]104.08
2019-09-05_00:20:00.437[Status]Routing Start.
2019-09-05_00:20:00.717[Status]{'coordinate': [165.80418843103524, 551.8690867830786], 'id': 9}
2019-09-05_00:20:00.717[Status]Routing 12: Walk: 11
2019-09-05_00:20:00.820[Battery Energy]103.84
2019-09-05_00:20:00.820[Status]Routing Start.
2019-09-05_00:20:01.356[Status]Routing 13: Walk: 11
2019-09-05_00:20:01.458[Battery Energy]103.43
2019-09-05_00:20:01.458[Status]Routing Start.
2019-09-05_00:20:01.777[Status]{'coordinate': [175.604569197493, 553.8571855815403], 'id': 9}
2019-09-05_00:20:01.777[Status]Routing 14: Walk: 12
2019-09-05_00:20:01.888[Battery Energy]103.09
2019-09-05_00:20:01.888[Status]Routing Start.
2019-09-05_00:20:02.208[Status]Routing 15: Walk: 12
2019-09-05_00:20:02.309[Battery Energy]102.78
2019-09-05_00:20:02.309[Status]Routing Start.
2019-09-05_00:20:02.656[Status]Routing 16: Walk: 12
2019-09-05_00:20:02.756[Battery Energy]102.48
2019-09-05_00:20:02.756[Status]Routing Start.
2019-09-05_00:20:03.216[Status]Routing 17: Walk: 12
2019-09-05_00:20:03.316[Battery Energy]102.15
2019-09-05_00:20:03.316[Status]Routing Start.
2019-09-05_00:20:03.467[Status]{'coordinate': [185.40494996395074, 555.845284380002], 'id': 9}
2019-09-05_00:20:03.468[Status]Routing 18: Walk: 13
2019-09-05_00:20:03.568[Battery Energy]101.93
2019-09-05_00:20:03.568[Status]Routing Start.
2019-09-05_00:20:03.910[Status]{'coordinate': [195.2053307304085, 557.8333831784637], 'id': 9}
2019-09-05_00:20:03.910[Status]Routing 19: Walk: 14
2019-09-05_00:20:04.012[Battery Energy]101.60
2019-09-05_00:20:04.012[Status]Routing Start.
2019-09-05_00:20:04.409[Status]{'coordinate': [205.00571149686624, 559.8214819769254], 'id': 9}
2019-09-05_00:20:04.409[Status]Routing 20: Walk: 15
2019-09-05_00:20:04.512[Battery Energy]101.29
2019-09-05_00:20:04.512[Status]Routing Start.
2019-09-05_00:20:04.981[Status]Routing 21: Walk: 15
2019-09-05_00:20:05.081[Battery Energy]100.91
2019-09-05_00:20:05.081[Status]Routing Start.
2019-09-05_00:20:05.325[Status]{'coordinate': [214.806092263324, 561.8095807753871], 'id': 9}
2019-09-05_00:20:05.325[Status]Routing 22: Walk: 16
2019-09-05_00:20:05.425[Battery Energy]100.65
2019-09-05_00:20:05.425[Status]Routing Start.
2019-09-05_00:20:05.776[Status]{'coordinate': [224.60647302978174, 563.7976795738488], 'id': 9}
2019-09-05_00:20:05.776[Status]Routing 23: Walk: 17
2019-09-05_00:20:05.884[Battery Energy]100.35
2019-09-05_00:20:05.884[Status]Routing Start.
2019-09-05_00:20:06.182[Status]{'coordinate': [234.4068537962395, 565.7857783723105], 'id': 9}
2019-09-05_00:20:06.182[Status]Routing 24: Walk: 18
2019-09-05_00:20:06.288[Battery Energy]100.04
2019-09-05_00:20:06.288[Status]Routing Start.
2019-09-05_00:20:06.645[Status]{'coordinate': [244.20723456269724, 567.7738771707722], 'id': 9}
2019-09-05_00:20:06.645[Status]Routing 25: Walk: 19
2019-09-05_00:20:06.745[Battery Energy]99.72
2019-09-05_00:20:06.745[Status]Routing Start.
2019-09-05_00:20:07.162[Status]{'coordinate': [254.007615329155, 569.7619759692338], 'id': 9}
2019-09-05_00:20:07.162[Status]Routing 26: Walk: 20
2019-09-05_00:20:07.262[Battery Energy]99.33
2019-09-05_00:20:07.262[Status]Routing Start.
2019-09-05_00:20:07.629[Status]{'coordinate': [263.80799609561274, 571.7500747676955], 'id': 9}
2019-09-05_00:20:07.630[Status]Routing 27: Walk: 21
2019-09-05_00:20:07.736[Battery Energy]99.00
2019-09-05_00:20:07.736[Status]Routing Start.
2019-09-05_00:20:08.075[Status]{'coordinate': [273.6083768620705, 573.7381735661572], 'id': 9}
2019-09-05_00:20:08.075[Status]Routing 28: Walk: 22
2019-09-05_00:20:08.175[Battery Energy]98.68
2019-09-05_00:20:08.175[Status]Routing Start.
2019-09-05_00:20:08.574[Status]{'coordinate': [283.40875762852824, 575.7262723646189], 'id': 9}
2019-09-05_00:20:08.576[Status]Routing 29: Walk: 23
2019-09-05_00:20:08.681[Battery Energy]98.32
2019-09-05_00:20:08.681[Status]Routing Start.
2019-09-05_00:20:09.057[Status]{'coordinate': [293.209138394986, 577.7143711630806], 'id': 9}
2019-09-05_00:20:09.057[Status]Routing 30: Walk: 24
2019-09-05_00:20:09.157[Battery Energy]97.97
2019-09-05_00:20:09.157[Status]Routing Start.
2019-09-05_00:20:09.470[Status]{'coordinate': [303.00951916144373, 579.7024699615423], 'id': 9}
2019-09-05_00:20:09.470[Status]Routing 31: Walk: 25
2019-09-05_00:20:09.580[Battery Energy]97.68
2019-09-05_00:20:09.580[Status]Routing Start.
2019-09-05_00:20:10.002[Status]{'coordinate': [312.8098999279015, 581.690568760004], 'id': 9}
2019-09-05_00:20:10.002[Status]Routing 32: Walk: 26
2019-09-05_00:20:10.102[Battery Energy]97.32
2019-09-05_00:20:10.102[Status]Routing Start.
2019-09-05_00:20:10.514[Status]{'coordinate': [322.61028069435923, 583.6786675584657], 'id': 9}
2019-09-05_00:20:10.514[Status]Routing 33: Walk: 27
2019-09-05_00:20:10.616[Battery Energy]97.00
2019-09-05_00:20:10.616[Status]Routing Start.
2019-09-05_00:20:11.021[Status]{'coordinate': [332.410661460817, 585.6667663569274], 'id': 9}
2019-09-05_00:20:11.021[Status]Routing 34: Walk: 28
2019-09-05_00:20:11.128[Battery Energy]96.63
2019-09-05_00:20:11.129[Status]Routing Start.
2019-09-05_00:20:11.477[Status]{'coordinate': [342.21104222727473, 587.6548651553891], 'id': 9}
2019-09-05_00:20:11.477[Status]Routing 35: Walk: 29
2019-09-05_00:20:11.594[Battery Energy]96.31
2019-09-05_00:20:11.594[Status]Routing Start.
2019-09-05_00:20:11.733[Status]{'coordinate': [352.0114229937325, 589.6429639538508], 'id': 9}
2019-09-05_00:20:11.733[Status]Routing 36: Walk: 30
2019-09-05_00:20:11.833[Battery Energy]96.10
2019-09-05_00:20:11.833[Status]Routing Start.
2019-09-05_00:20:12.185[Status]{'coordinate': [361.81180376019023, 591.6310627523125], 'id': 9}
2019-09-05_00:20:12.185[Status]Routing 37: Walk: 31
2019-09-05_00:20:12.292[Battery Energy]95.78
2019-09-05_00:20:12.292[Status]Routing Start.
2019-09-05_00:20:12.693[Status]{'coordinate': [371.612184526648, 593.6191615507742], 'id': 9}
2019-09-05_00:20:12.693[Status]Routing 38: Walk: 32
2019-09-05_00:20:12.808[Battery Energy]95.40
2019-09-05_00:20:12.808[Status]Routing Start.
2019-09-05_00:20:13.037[Status]{'coordinate': [381.41256529310573, 595.6072603492358], 'id': 9}
2019-09-05_00:20:13.037[Status]Routing 39: Walk: 33
2019-09-05_00:20:13.156[Battery Energy]95.13
2019-09-05_00:20:13.156[Status]Routing Start.
2019-09-05_00:20:13.453[Status]{'coordinate': [391.2129460595635, 597.5953591476975], 'id': 9}
2019-09-05_00:20:13.453[Status]Routing 40: Walk: 34
2019-09-05_00:20:13.553[Battery Energy]94.84
2019-09-05_00:20:13.553[Status]Routing Start.
2019-09-05_00:20:13.980[Status]{'coordinate': [401.0133268260212, 599.5834579461592], 'id': 9}
2019-09-05_00:20:13.985[Status]Routing 41: Walk: 35
2019-09-05_00:20:14.085[Battery Energy]94.39
2019-09-05_00:20:14.085[Status]Routing Start.
2019-09-05_00:20:14.455[Status]{'coordinate': [410.813707592479, 601.5715567446209], 'id': 9}
2019-09-05_00:20:14.455[Status]Routing 42: Walk: 36
2019-09-05_00:20:14.565[Battery Energy]93.99
2019-09-05_00:20:14.565[Status]Routing Start.
2019-09-05_00:20:14.892[Status]{'coordinate': [420.6140883589367, 603.5596555430826], 'id': 9}
2019-09-05_00:20:14.893[Status]Routing 43: Walk: 37
2019-09-05_00:20:14.993[Battery Energy]93.71
2019-09-05_00:20:14.993[Status]Routing Start.
2019-09-05_00:20:15.316[Status]{'coordinate': [430.4144691253945, 605.5477543415443], 'id': 9}
2019-09-05_00:20:15.316[Status]Routing 44: Walk: 38
2019-09-05_00:20:15.417[Battery Energy]93.39
2019-09-05_00:20:15.418[Status]Routing Start.
2019-09-05_00:20:15.825[Status]{'coordinate': [440.2148498918522, 607.535853140006], 'id': 9}
2019-09-05_00:20:15.828[Status]Routing 45: Walk: 39
2019-09-05_00:20:15.928[Battery Energy]93.04
2019-09-05_00:20:15.928[Status]Routing Start.
2019-09-05_00:20:16.269[Status]{'coordinate': [450.01523065831, 609.5239519384677], 'id': 9}
2019-09-05_00:20:16.269[Status]Routing 46: Walk: 40
2019-09-05_00:20:16.372[Battery Energy]92.71
2019-09-05_00:20:16.372[Status]Routing Start.
2019-09-05_00:20:16.696[Status]{'coordinate': [459.8156114247677, 611.5120507369294], 'id': 9}
2019-09-05_00:20:16.696[Status]Routing 47: Walk: 41
2019-09-05_00:20:16.803[Battery Energy]92.37
2019-09-05_00:20:16.803[Status]Routing Start.
2019-09-05_00:20:17.156[Status]{'coordinate': [469.6159921912255, 613.5001495353911], 'id': 9}
2019-09-05_00:20:17.156[Status]Routing 48: Walk: 42
2019-09-05_00:20:17.256[Battery Energy]92.08
2019-09-05_00:20:17.256[Status]Routing Start.
2019-09-05_00:20:17.616[Status]{'coordinate': [479.4163729576832, 615.4882483338528], 'id': 9}
2019-09-05_00:20:17.616[Status]Routing 49: Walk: 43
2019-09-05_00:20:17.716[Battery Energy]91.75
2019-09-05_00:20:17.716[Status]Routing Start.
2019-09-05_00:20:18.257[Status]{'coordinate': [489.216753724141, 617.4763471323145], 'id': 9}
2019-09-05_00:20:18.257[Status]Routing 50: Walk: 44
2019-09-05_00:20:18.368[Battery Energy]91.42
2019-09-05_00:20:18.368[Status]Routing Start.
2019-09-05_00:20:18.788[Status]{'coordinate': [499.0171344905987, 619.4644459307762], 'id': 9}
2019-09-05_00:20:18.789[Status]Routing 51: Walk: 45
2019-09-05_00:20:18.889[Battery Energy]91.06
2019-09-05_00:20:18.889[Status]Routing Start.
2019-09-05_00:20:19.264[Status]{'coordinate': [508.81751525705647, 621.4525447292378], 'id': 9}
2019-09-05_00:20:19.266[Status]Routing 52: Walk: 46
2019-09-05_00:20:19.366[Battery Energy]90.74
2019-09-05_00:20:19.366[Status]Routing Start.
2019-09-05_00:20:19.551[Status]{'coordinate': [518.6178960235142, 623.4406435276995], 'id': 9}
2019-09-05_00:20:19.551[Status]Routing 53: Walk: 47
2019-09-05_00:20:19.656[Battery Energy]90.52
2019-09-05_00:20:19.656[Status]Routing Start.
2019-09-05_00:20:19.968[Status]{'coordinate': [528.4182767899719, 625.4287423261612], 'id': 9}
2019-09-05_00:20:19.968[Status]Routing 54: Walk: 48
2019-09-05_00:20:20.088[Battery Energy]90.19
2019-09-05_00:20:20.088[Status]Routing Start.
2019-09-05_00:20:20.393[Status]{'coordinate': [538.2186575564295, 627.4168411246229], 'id': 9}
2019-09-05_00:20:20.393[Status]Routing 55: Walk: 49
2019-09-05_00:20:20.494[Battery Energy]89.88
2019-09-05_00:20:20.494[Status]Routing Start.
2019-09-05_00:20:20.786[Status]{'coordinate': [548.0190383228874, 629.4049399230847], 'id': 9}
2019-09-05_00:20:20.786[Status]Routing 56: Walk: 50
2019-09-05_00:20:20.887[Battery Energy]89.57
2019-09-05_00:20:20.887[Status]Routing Start.
2019-09-05_00:20:21.227[Status]{'coordinate': [557.819419089345, 631.3930387215464], 'id': 9}
2019-09-05_00:20:21.228[Status]Routing 57: Walk: 51
2019-09-05_00:20:21.328[Battery Energy]89.23
2019-09-05_00:20:21.328[Status]Routing Start.
2019-09-05_00:20:21.647[Status]{'coordinate': [567.6197998558027, 633.3811375200082], 'id': 9}
2019-09-05_00:20:21.649[Status]Routing 58: Walk: 52
2019-09-05_00:20:21.749[Battery Energy]88.92
2019-09-05_00:20:21.749[Status]Routing Start.
2019-09-05_00:20:22.126[Status]{'coordinate': [577.4201806222604, 635.3692363184699], 'id': 9}
2019-09-05_00:20:22.126[Status]Routing 59: Walk: 53
2019-09-05_00:20:22.226[Battery Energy]88.62
2019-09-05_00:20:22.226[Status]Routing Start.
2019-09-05_00:20:22.618[Status]{'coordinate': [587.2205613887181, 637.3573351169316], 'id': 9}
2019-09-05_00:20:22.619[Status]Routing 60: Walk: 54
2019-09-05_00:20:22.728[Battery Energy]88.32
2019-09-05_00:20:22.728[Status]Routing Start.
2019-09-05_00:20:23.137[Status]{'coordinate': [597.0209421551758, 639.3454339153934], 'id': 9}
2019-09-05_00:20:23.137[Status]Routing 61: Walk: 55
2019-09-05_00:20:23.258[Battery Energy]87.97
2019-09-05_00:20:23.258[Status]Routing Start.
2019-09-05_00:20:23.607[Status]{'coordinate': [606.8213229216335, 641.3335327138551], 'id': 9}
2019-09-05_00:20:23.608[Status]Routing 62: Walk: 56
2019-09-05_00:20:23.712[Battery Energy]87.66
2019-09-05_00:20:23.712[Status]Routing Start.
2019-09-05_00:20:24.121[Status]{'coordinate': [616.6217036880912, 643.3216315123169], 'id': 9}
2019-09-05_00:20:24.121[Status]Routing 63: Walk: 57
2019-09-05_00:20:24.221[Battery Energy]87.31
2019-09-05_00:20:24.221[Status]Routing Start.
2019-09-05_00:20:24.657[Status]{'coordinate': [626.4220844545489, 645.3097303107786], 'id': 9}
2019-09-05_00:20:24.657[Status]Routing 64: Walk: 58
2019-09-05_00:20:24.764[Battery Energy]86.96
2019-09-05_00:20:24.764[Status]Routing Start.
2019-09-05_00:20:25.113[Status]{'coordinate': [636.2224652210066, 647.2978291092403], 'id': 9}
2019-09-05_00:20:25.113[Status]Routing 65: Walk: 59
2019-09-05_00:20:25.220[Battery Energy]86.63
2019-09-05_00:20:25.220[Status]Routing Start.
2019-09-05_00:20:25.568[Status]{'coordinate': [646.0228459874643, 649.2859279077021], 'id': 9}
2019-09-05_00:20:25.568[Status]Routing 66: Walk: 60
2019-09-05_00:20:25.668[Battery Energy]86.33
2019-09-05_00:20:25.668[Status]Routing Start.
2019-09-05_00:20:25.992[Status]{'coordinate': [655.823226753922, 651.2740267061638], 'id': 9}
2019-09-05_00:20:25.992[Status]Routing 67: Walk: 61
2019-09-05_00:20:26.100[Battery Energy]86.01
2019-09-05_00:20:26.100[Status]Routing Start.
2019-09-05_00:20:26.522[Status]{'coordinate': [665.6236075203797, 653.2621255046256], 'id': 9}
2019-09-05_00:20:26.522[Status]Routing 68: Walk: 62
2019-09-05_00:20:26.628[Battery Energy]85.64
2019-09-05_00:20:26.628[Status]Routing Start.
2019-09-05_00:20:26.990[Status]{'coordinate': [675.4239882868374, 655.2502243030873], 'id': 9}
2019-09-05_00:20:26.990[Status]Routing 69: Walk: 63
2019-09-05_00:20:27.100[Battery Energy]85.32
2019-09-05_00:20:27.100[Status]Routing Start.
2019-09-05_00:20:27.420[Status]{'coordinate': [685.224369053295, 657.238323101549], 'id': 9}
2019-09-05_00:20:27.420[Status]Routing 70: Walk: 64
2019-09-05_00:20:27.532[Battery Energy]85.03
2019-09-05_00:20:27.532[Status]Routing Start.
2019-09-05_00:20:27.855[Status]{'coordinate': [695.0247498197527, 659.2264219000108], 'id': 9}
2019-09-05_00:20:27.855[Status]Routing 71: Walk: 65
2019-09-05_00:20:27.960[Battery Energy]84.77
2019-09-05_00:20:27.960[Status]Routing Start.
2019-09-05_00:20:28.110[Status]{'coordinate': [704.8251305862104, 661.2145206984725], 'id': 9}
2019-09-05_00:20:28.110[Status]Routing 72: Walk: 66
2019-09-05_00:20:28.216[Battery Energy]84.59
2019-09-05_00:20:28.216[Status]Routing Start.
2019-09-05_00:20:28.412[Status]{'coordinate': [714.6255113526681, 663.2026194969343], 'id': 9}
2019-09-05_00:20:28.412[Status]Routing 73: Walk: 67
2019-09-05_00:20:28.512[Battery Energy]84.35
2019-09-05_00:20:28.512[Status]Routing Start.
2019-09-05_00:20:28.710[Status]{'coordinate': [724.4258921191258, 665.190718295396], 'id': 9}
2019-09-05_00:20:28.716[Status]Routing 74: Walk: 68
2019-09-05_00:20:28.828[Battery Energy]84.12
2019-09-05_00:20:28.828[Status]Routing Start.
2019-09-05_00:20:29.218[Status]{'coordinate': [734.2262728855835, 667.1788170938577], 'id': 9}
2019-09-05_00:20:29.218[Status]Routing 75: Walk: 69
2019-09-05_00:20:29.324[Battery Energy]83.84
2019-09-05_00:20:29.325[Status]Routing Start.
2019-09-05_00:20:29.629[Status]{'coordinate': [744.0266536520412, 669.1669158923195], 'id': 9}
2019-09-05_00:20:29.629[Status]Routing 76: Walk: 70
2019-09-05_00:20:29.736[Battery Energy]83.55
2019-09-05_00:20:29.736[Status]Routing Start.
2019-09-05_00:20:30.085[Status]{'coordinate': [753.8270344184989, 671.1550146907812], 'id': 9}
2019-09-05_00:20:30.085[Status]Routing 77: Walk: 71
2019-09-05_00:20:30.187[Battery Energy]83.21
2019-09-05_00:20:30.188[Status]Routing Start.
2019-09-05_00:20:30.366[Status]{'coordinate': [763.6274151849566, 673.143113489243], 'id': 9}
2019-09-05_00:20:30.366[Status]Routing 78: Walk: 72
2019-09-05_00:20:30.469[Battery Energy]82.98
2019-09-05_00:20:30.469[Status]Routing Start.
2019-09-05_00:20:30.728[Status]{'coordinate': [773.4277959514143, 675.1312122877047], 'id': 9}
2019-09-05_00:20:30.728[Status]Routing 79: Walk: 73
2019-09-05_00:20:30.840[Battery Energy]82.73
2019-09-05_00:20:30.840[Status]Routing Start.
2019-09-05_00:20:31.136[Status]{'coordinate': [783.228176717872, 677.1193110861664], 'id': 9}
2019-09-05_00:20:31.136[Status]Routing 80: Walk: 74
2019-09-05_00:20:31.244[Battery Energy]82.43
2019-09-05_00:20:31.244[Status]Routing Start.
2019-09-05_00:20:31.420[Status]{'coordinate': [793.0285574843297, 679.1074098846282], 'id': 9}
2019-09-05_00:20:31.420[Status]Routing 81: Walk: 75
2019-09-05_00:20:31.520[Battery Energy]82.23
2019-09-05_00:20:31.520[Status]Routing Start.
2019-09-05_00:20:31.794[Status]{'coordinate': [802.8289382507874, 681.0955086830899], 'id': 9}
2019-09-05_00:20:31.794[Status]Routing 82: Walk: 76
2019-09-05_00:20:31.905[Battery Energy]81.94
2019-09-05_00:20:31.905[Status]Routing Start.
2019-09-05_00:20:32.037[Status]{'coordinate': [812.629319017245, 683.0836074815517], 'id': 9}
2019-09-05_00:20:32.037[Status]Routing 83: Walk: 77
2019-09-05_00:20:32.140[Battery Energy]81.72
2019-09-05_00:20:32.140[Status]Routing Start.
2019-09-05_00:20:32.306[Status]{'coordinate': [822.4296997837027, 685.0717062800134], 'id': 9}
2019-09-05_00:20:32.306[Status]Routing 84: Walk: 78
2019-09-05_00:20:32.407[Battery Energy]81.52
2019-09-05_00:20:32.407[Status]Routing Start.
2019-09-05_00:20:32.696[Status]{'coordinate': [832.2300805501604, 687.059805078475], 'id': 9}
2019-09-05_00:20:32.696[Status]Routing 85: Walk: 79
2019-09-05_00:20:32.800[Battery Energy]81.23
2019-09-05_00:20:32.800[Status]Routing Start.
2019-09-05_00:20:33.096[Status]{'coordinate': [842.0304613166181, 689.0479038769369], 'id': 9}
2019-09-05_00:20:33.096[Status]Routing 86: Walk: 80
2019-09-05_00:20:33.204[Battery Energy]80.97
2019-09-05_00:20:33.204[Status]Routing Start.
2019-09-05_00:20:33.394[Status]{'coordinate': [851.8308420830758, 691.0360026753985], 'id': 9}
2019-09-05_00:20:33.394[Status]Routing 87: Walk: 81
2019-09-05_00:20:33.520[Battery Energy]80.75
2019-09-05_00:20:33.520[Status]Routing Start.
2019-09-05_00:20:33.858[Status]{'coordinate': [861.6312228495335, 693.0241014738604], 'id': 9}
2019-09-05_00:20:33.858[Status]Routing 88: Walk: 82
2019-09-05_00:20:33.964[Battery Energy]80.47
2019-09-05_00:20:33.964[Status]Routing Start.
2019-09-05_00:20:34.280[Status]{'coordinate': [871.4316036159912, 695.012200272322], 'id': 9}
2019-09-05_00:20:34.280[Status]Routing 89: Walk: 83
2019-09-05_00:20:34.380[Battery Energy]80.17
2019-09-05_00:20:34.380[Status]Routing Start.
2019-09-05_00:20:34.655[Status]{'coordinate': [881.2319843824489, 697.0002990707837], 'id': 9}
2019-09-05_00:20:34.655[Status]Routing 90: Walk: 84
2019-09-05_00:20:34.755[Battery Energy]79.91
2019-09-05_00:20:34.755[Status]Routing Start.
2019-09-05_00:20:35.095[Status]{'coordinate': [891.0323651489066, 698.9883978692455], 'id': 9}
2019-09-05_00:20:35.095[Status]Routing 91: Walk: 85
2019-09-05_00:20:35.200[Battery Energy]79.68
2019-09-05_00:20:35.200[Status]Routing Start.
2019-09-05_00:20:35.444[Status]{'coordinate': [900.8327459153643, 700.9764966677072], 'id': 9}
2019-09-05_00:20:35.444[Status]Routing 92: Walk: 86
2019-09-05_00:20:35.544[Battery Energy]79.41
2019-09-05_00:20:35.544[Status]Routing Start.
2019-09-05_00:20:36.052[Status]Routing 93: Walk: 86
2019-09-05_00:20:36.153[Battery Energy]79.01
2019-09-05_00:20:36.153[Status]Routing Start.
2019-09-05_00:20:36.383[Status]{'coordinate': [910.633126681822, 702.964595466169], 'id': 9}
2019-09-05_00:20:36.383[Status]Routing 94: Walk: 87
2019-09-05_00:20:36.483[Battery Energy]78.77
2019-09-05_00:20:36.483[Status]Routing Start.
2019-09-05_00:20:36.719[Status]{'coordinate': [920.4335074482797, 704.9526942646307], 'id': 9}
2019-09-05_00:20:36.719[Status]Routing 95: Walk: 88
2019-09-05_00:20:36.819[Battery Energy]78.49
2019-09-05_00:20:36.819[Status]Routing Start.
2019-09-05_00:20:37.160[Status]{'coordinate': [930.2338882147374, 706.9407930630924], 'id': 9}
2019-09-05_00:20:37.160[Status]Routing 96: Walk: 89
2019-09-05_00:20:37.268[Battery Energy]78.17
2019-09-05_00:20:37.268[Status]Routing Start.
2019-09-05_00:20:37.592[Status]{'coordinate': [940.034268981195, 708.9288918615542], 'id': 9}
2019-09-05_00:20:37.593[Status]Routing 97: Walk: 90
2019-09-05_00:20:37.710[Battery Energy]77.88
2019-09-05_00:20:37.710[Status]Routing Start.
2019-09-05_00:20:37.954[Status]{'coordinate': [949.8346497476527, 710.9169906600159], 'id': 9}
2019-09-05_00:20:37.954[Status]Routing 98: Walk: 91
2019-09-05_00:20:38.068[Battery Energy]77.63
2019-09-05_00:20:38.068[Status]Routing Start.
2019-09-05_00:20:38.342[Status]{'coordinate': [959.6350305141104, 712.9050894584777], 'id': 9}
2019-09-05_00:20:38.342[Status]Routing 99: Walk: 92
2019-09-05_00:20:38.443[Battery Energy]77.33
2019-09-05_00:20:38.443[Status]Routing Start.
2019-09-05_00:20:38.596[Status]{'coordinate': [969.4354112805681, 714.8931882569394], 'id': 9}
2019-09-05_00:20:38.596[Status]Routing 100: Walk: 93
2019-09-05_00:20:38.704[Battery Energy]77.15
2019-09-05_00:20:38.704[Status]Routing Start.
2019-09-05_00:20:38.866[Status]{'coordinate': [979.2357920470258, 716.8812870554011], 'id': 9}
2019-09-05_00:20:38.870[Status]Routing 101: Walk: 94
2019-09-05_00:20:38.992[Battery Energy]76.97
2019-09-05_00:20:38.992[Status]Routing Start.
2019-09-05_00:20:39.187[Status]{'coordinate': [989.0361728134835, 718.8693858538629], 'id': 9}
2019-09-05_00:20:39.187[Status]Routing 102: Walk: 95
2019-09-05_00:20:39.299[Battery Energy]76.78
2019-09-05_00:20:39.299[Status]Routing Start.
2019-09-05_00:20:39.617[Status]{'coordinate': [998.8365535799412, 720.8574846523246], 'id': 9}
2019-09-05_00:20:39.617[Status]Routing 103: Walk: 96
2019-09-05_00:20:39.719[Battery Energy]76.53
2019-09-05_00:20:39.719[Status]Routing Start.
2019-09-05_00:20:39.942[Status]{'coordinate': [1008.6369343463989, 722.8455834507864], 'id': 9}
2019-09-05_00:20:39.942[Status]Routing 104: Walk: 97
2019-09-05_00:20:40.047[Battery Energy]76.26
2019-09-05_00:20:40.047[Status]Routing Start.
2019-09-05_00:20:40.444[Status]{'coordinate': [1018.4373151128566, 724.8336822492481], 'id': 9}
2019-09-05_00:20:40.446[Status]Routing 105: Walk: 98
2019-09-05_00:20:40.552[Battery Energy]75.89
2019-09-05_00:20:40.552[Status]Routing Start.
2019-09-05_00:20:40.822[Status]{'coordinate': [1028.2376958793143, 726.8217810477098], 'id': 9}
2019-09-05_00:20:40.822[Status]Routing 106: Walk: 99
2019-09-05_00:20:40.932[Battery Energy]75.62
2019-09-05_00:20:40.932[Status]Routing Start.
2019-09-05_00:20:41.298[Status]{'coordinate': [1038.038076645772, 728.8098798461716], 'id': 9}
2019-09-05_00:20:41.298[Status]Routing 107: Walk: 100
2019-09-05_00:20:41.404[Battery Energy]75.30
2019-09-05_00:20:41.404[Status]Routing Start.
2019-09-05_00:20:41.603[Status]{'coordinate': [1047.8384574122297, 730.7979786446333], 'id': 9}
2019-09-05_00:20:41.603[Status]Routing 108: Walk: 101
2019-09-05_00:20:41.703[Battery Energy]75.06
2019-09-05_00:20:41.703[Status]Routing Start.
2019-09-05_00:20:42.099[Status]{'coordinate': [1057.6388381786874, 732.7860774430951], 'id': 9}
2019-09-05_00:20:42.099[Status]Routing 109: Walk: 102
2019-09-05_00:20:42.204[Battery Energy]74.76
2019-09-05_00:20:42.204[Status]Routing Start.
2019-09-05_00:20:42.509[Status]{'coordinate': [1067.439218945145, 734.7741762415568], 'id': 9}
2019-09-05_00:20:42.509[Status]Routing 110: Walk: 103
2019-09-05_00:20:42.609[Battery Energy]74.46
2019-09-05_00:20:42.609[Status]Routing Start.
2019-09-05_00:20:42.951[Status]{'coordinate': [1077.2395997116028, 736.7622750400185], 'id': 9}
2019-09-05_00:20:42.952[Status]Routing 111: Walk: 104
2019-09-05_00:20:43.060[Battery Energy]74.12
2019-09-05_00:20:43.060[Status]Routing Start.
2019-09-05_00:20:43.339[Status]{'coordinate': [1087.0399804780604, 738.7503738384803], 'id': 9}
2019-09-05_00:20:43.339[Status]Routing 112: Walk: 105
2019-09-05_00:20:43.484[Battery Energy]73.87
2019-09-05_00:20:43.484[Status]Routing Start.
2019-09-05_00:20:43.654[Status]{'coordinate': [1096.8403612445181, 740.738472636942], 'id': 9}
2019-09-05_00:20:43.656[Status]Routing 113: Walk: 106
2019-09-05_00:20:43.760[Battery Energy]73.67
2019-09-05_00:20:43.760[Status]Routing Start.
2019-09-05_00:20:44.111[Status]{'coordinate': [1106.6407420109758, 742.7265714354038], 'id': 9}
2019-09-05_00:20:44.111[Status]Routing 114: Walk: 107
2019-09-05_00:20:44.211[Battery Energy]73.35
2019-09-05_00:20:44.211[Status]Routing Start.
2019-09-05_00:20:44.211[Status]Task Finished.
2019-09-05_00:20:44.312[Battery Energy]73.35
2019-09-05_00:20:44.486[Status]Routing 116: Walk: 107
2019-09-05_00:20:44.586[Battery Energy]73.24
2019-09-05_00:20:44.778[Status]Routing 117: Walk: 107
2019-09-05_00:20:44.904[Battery Energy]73.09
2019-09-05_00:20:45.216[Status]Routing 118: Walk: 107
2019-09-05_00:20:45.316[Battery Energy]72.93
2019-09-05_00:20:45.577[Status]Routing 119: Walk: 107
2019-09-05_00:20:45.692[Battery Energy]72.75
2019-09-05_00:20:45.987[Status]Routing 120: Walk: 107
2019-09-05_00:20:46.088[Battery Energy]72.54
2019-09-05_00:20:46.437[Status]Routing 121: Walk: 107
2019-09-05_00:20:46.544[Battery Energy]72.35
2019-09-05_00:20:46.862[Status]Routing 122: Walk: 107
2019-09-05_00:20:46.963[Battery Energy]72.11
2019-09-05_00:20:47.320[Status]Routing 123: Walk: 107
2019-09-05_00:20:47.423[Battery Energy]71.90
2019-09-05_00:20:47.782[Status]Routing 124: Walk: 107
2019-09-05_00:20:47.892[Battery Energy]71.68
2019-09-05_00:20:48.197[Status]Routing 125: Walk: 107
2019-09-05_00:20:48.303[Battery Energy]71.49
2019-09-05_00:20:48.654[Status]Routing 126: Walk: 107
2019-09-05_00:20:48.759[Battery Energy]71.31
2019-09-05_00:20:48.985[Status]Routing 127: Walk: 107
2019-09-05_00:20:49.086[Battery Energy]71.13
2019-09-05_00:20:49.325[Status]Routing 128: Walk: 107
2019-09-05_00:20:49.426[Battery Energy]70.99
2019-09-05_00:20:49.616[Status]Routing 129: Walk: 107
2019-09-05_00:20:49.732[Battery Energy]70.87
2019-09-05_00:20:49.898[Status]Routing 130: Walk: 107
2019-09-05_00:20:49.998[Battery Energy]70.74
2019-09-05_00:20:50.189[Status]Routing 131: Walk: 107
2019-09-05_00:20:50.304[Battery Energy]70.61
2019-09-05_00:20:50.532[Status]Routing 132: Walk: 107
2019-09-05_00:20:50.632[Battery Energy]70.46
2019-09-05_00:20:50.942[Status]Routing 133: Walk: 107
2019-09-05_00:20:51.052[Battery Energy]70.25
2019-09-05_00:20:51.258[Status]Routing 134: Walk: 107
2019-09-05_00:20:51.364[Battery Energy]70.12
2019-09-05_00:20:51.619[Status]Routing 135: Walk: 107
2019-09-05_00:20:51.719[Battery Energy]69.95
2019-09-05_00:20:51.970[Status]Routing 136: Walk: 107
2019-09-05_00:20:52.071[Battery Energy]69.78
2019-09-05_00:20:52.329[Status]Routing 137: Walk: 107
2019-09-05_00:20:52.429[Battery Energy]69.60
2019-09-05_00:20:52.625[Status]Routing 138: Walk: 107
2019-09-05_00:20:52.728[Battery Energy]69.45
2019-09-05_00:20:53.051[Status]Routing 139: Walk: 107
2019-09-05_00:20:53.164[Battery Energy]69.23
2019-09-05_00:20:53.426[Status]Routing 140: Walk: 107
2019-09-05_00:20:53.532[Battery Energy]69.09
2019-09-05_00:20:53.710[Status]Routing 141: Walk: 107
2019-09-05_00:20:53.810[Battery Energy]68.96
2019-09-05_00:20:54.167[Status]Routing 142: Walk: 107
2019-09-05_00:20:54.267[Battery Energy]68.77
2019-09-05_00:20:54.472[Status]Routing 143: Walk: 107
2019-09-05_00:20:54.582[Battery Energy]68.68
2019-09-05_00:20:54.793[Status]Routing 144: Walk: 107
2019-09-05_00:20:54.894[Battery Energy]68.54
2019-09-05_00:20:55.121[Status]Routing 145: Walk: 107
2019-09-05_00:20:55.233[Battery Energy]68.37
2019-09-05_00:20:55.464[Status]Routing 146: Walk: 107
2019-09-05_00:20:55.580[Battery Energy]68.25
2019-09-05_00:20:55.814[Status]Routing 147: Walk: 107
2019-09-05_00:20:55.914[Battery Energy]68.07
2019-09-05_00:20:56.088[Status]Routing 148: Walk: 107
2019-09-05_00:20:56.200[Battery Energy]67.95
2019-09-05_00:20:56.390[Status]Routing 149: Walk: 107
2019-09-05_00:20:56.500[Battery Energy]67.80
2019-09-05_00:20:56.800[Status]Routing 150: Walk: 107
2019-09-05_00:20:56.908[Battery Energy]67.67
2019-09-05_00:20:57.130[Status]Routing 151: Walk: 107
2019-09-05_00:20:57.232[Battery Energy]67.51
2019-09-05_00:20:57.443[Status]Routing 152: Walk: 107
2019-09-05_00:20:57.548[Battery Energy]67.37
2019-09-05_00:20:57.720[Status]Routing 153: Walk: 107
2019-09-05_00:20:57.824[Battery Energy]67.26
2019-09-05_00:20:58.093[Status]Routing 154: Walk: 107
2019-09-05_00:20:58.200[Battery Energy]67.12
2019-09-05_00:20:58.348[Status]Routing 155: Walk: 107
2019-09-05_00:20:58.456[Battery Energy]67.01
2019-09-05_00:20:58.625[Status]Routing 156: Walk: 107
2019-09-05_00:20:58.725[Battery Energy]66.91
2019-09-05_00:20:58.978[Status]Routing 157: Walk: 107
2019-09-05_00:20:59.098[Battery Energy]66.76
2019-09-05_00:20:59.425[Status]Routing 158: Walk: 107
2019-09-05_00:20:59.536[Battery Energy]66.54
2019-09-05_00:20:59.749[Status]Routing 159: Walk: 107
2019-09-05_00:20:59.849[Battery Energy]66.41
2019-09-05_00:21:00.045[Status]Routing 160: Walk: 107
2019-09-05_00:21:00.145[Battery Energy]66.30
2019-09-05_00:21:00.406[Status]Routing 161: Walk: 107
2019-09-05_00:21:00.506[Battery Energy]66.11
2019-09-05_00:21:00.717[Status]Routing 162: Walk: 107
2019-09-05_00:21:00.822[Battery Energy]65.94
2019-09-05_00:21:00.977[Status]Routing 163: Walk: 107
2019-09-05_00:21:01.114[Battery Energy]65.82
2019-09-05_00:21:01.309[Status]Routing 164: Walk: 107
2019-09-05_00:21:01.424[Battery Energy]65.68
2019-09-05_00:21:01.597[Status]Routing 165: Walk: 107
2019-09-05_00:21:01.709[Battery Energy]65.57
2019-09-05_00:21:01.885[Status]Routing 166: Walk: 107
2019-09-05_00:21:01.994[Battery Energy]65.49
