2019-09-05_00:31:38.062[Status]Start.
2019-09-05_00:31:38.063[Battery Energy]75.00
2019-09-05_00:31:39.164[Battery Energy]74.96
2019-09-05_00:31:40.266[Battery Energy]74.92
2019-09-05_00:31:41.367[Battery Energy]74.88
2019-09-05_00:31:42.468[Battery Energy]74.84
2019-09-05_00:31:43.568[Task]A New Task Released.
2019-09-05_00:31:43.568[Battery Energy]74.80
2019-09-05_00:31:43.568[Status]Selection Start.
2019-09-05_00:31:45.580[Status]Selection End: Do Task 1.
2019-09-05_00:31:45.692[Battery Energy]73.37
2019-09-05_00:31:45.692[Status]Formation Start.
2019-09-05_00:31:45.889[Status]Formation End: To Position 1.
2019-09-05_00:31:45.989[Battery Energy]73.23
2019-09-05_00:31:45.989[Status]Routing Start.
2019-09-05_00:31:46.211[Status]{'coordinate': [68.50079255485977, 386.1200866701938], 'id': 11}
2019-09-05_00:31:46.211[Status]Routing 1: Walk: 1
2019-09-05_00:31:46.316[Battery Energy]73.00
2019-09-05_00:31:46.316[Status]Routing Start.
2019-09-05_00:31:46.505[Status]{'coordinate': [78.00158510971954, 389.2401733403876], 'id': 11}
2019-09-05_00:31:46.505[Status]Routing 2: Walk: 2
2019-09-05_00:31:46.605[Battery Energy]72.75
2019-09-05_00:31:46.605[Status]Routing Start.
2019-09-05_00:31:46.786[Status]{'coordinate': [87.50237766457931, 392.36026001058144], 'id': 11}
2019-09-05_00:31:46.786[Status]Routing 3: Walk: 3
2019-09-05_00:31:46.892[Battery Energy]72.53
2019-09-05_00:31:46.892[Status]Routing Start.
2019-09-05_00:31:47.084[Status]{'coordinate': [97.00317021943908, 395.48034668077526], 'id': 11}
2019-09-05_00:31:47.085[Status]Routing 4: Walk: 4
2019-09-05_00:31:47.185[Battery Energy]72.28
2019-09-05_00:31:47.185[Status]Routing Start.
2019-09-05_00:31:47.412[Status]{'coordinate': [106.50396277429886, 398.60043335096907], 'id': 11}
2019-09-05_00:31:47.412[Status]Routing 5: Walk: 5
2019-09-05_00:31:47.512[Battery Energy]72.00
2019-09-05_00:31:47.512[Status]Routing Start.
2019-09-05_00:31:47.846[Status]{'coordinate': [116.00475532915863, 401.7205200211629], 'id': 11}
2019-09-05_00:31:47.846[Status]Routing 6: Walk: 6
2019-09-05_00:31:47.952[Battery Energy]71.61
2019-09-05_00:31:47.952[Status]Routing Start.
2019-09-05_00:31:48.304[Status]{'coordinate': [125.5055478840184, 404.8406066913567], 'id': 11}
2019-09-05_00:31:48.304[Status]Routing 7: Walk: 7
2019-09-05_00:31:48.412[Battery Energy]71.26
2019-09-05_00:31:48.412[Status]Routing Start.
2019-09-05_00:31:48.741[Status]{'coordinate': [135.00634043887817, 407.9606933615505], 'id': 11}
2019-09-05_00:31:48.741[Status]Routing 8: Walk: 8
2019-09-05_00:31:48.845[Battery Energy]70.98
2019-09-05_00:31:48.845[Status]Routing Start.
2019-09-05_00:31:49.397[Status]Routing 9: Walk: 8
2019-09-05_00:31:49.497[Battery Energy]70.52
2019-09-05_00:31:49.497[Status]Routing Start.
2019-09-05_00:31:49.845[Status]Routing 10: Walk: 8
2019-09-05_00:31:49.945[Battery Energy]70.23
2019-09-05_00:31:49.945[Status]Routing Start.
2019-09-05_00:31:50.377[Status]Routing 11: Walk: 8
2019-09-05_00:31:50.479[Battery Energy]69.88
2019-09-05_00:31:50.479[Status]Routing Start.
2019-09-05_00:31:50.840[Status]Routing 12: Walk: 8
2019-09-05_00:31:50.941[Battery Energy]69.53
2019-09-05_00:31:50.941[Status]Routing Start.
2019-09-05_00:31:51.301[Status]Routing 13: Walk: 8
2019-09-05_00:31:51.402[Battery Energy]69.17
2019-09-05_00:31:51.402[Status]Routing Start.
2019-09-05_00:31:51.802[Status]Routing 14: Walk: 8
2019-09-05_00:31:51.908[Battery Energy]68.81
2019-09-05_00:31:51.908[Status]Routing Start.
2019-09-05_00:31:52.256[Status]Routing 15: Walk: 8
2019-09-05_00:31:52.364[Battery Energy]68.49
2019-09-05_00:31:52.364[Status]Routing Start.
2019-09-05_00:31:52.793[Status]Routing 16: Walk: 8
2019-09-05_00:31:52.893[Battery Energy]68.12
2019-09-05_00:31:52.893[Status]Routing Start.
2019-09-05_00:31:53.268[Status]Routing 17: Walk: 8
2019-09-05_00:31:53.368[Battery Energy]67.78
2019-09-05_00:31:53.368[Status]Routing Start.
2019-09-05_00:31:53.696[Status]Routing 18: Walk: 8
2019-09-05_00:31:53.799[Battery Energy]67.47
2019-09-05_00:31:53.799[Status]Routing Start.
2019-09-05_00:31:53.942[Status]{'coordinate': [144.50713299373794, 411.0807800317443], 'id': 11}
2019-09-05_00:31:53.942[Status]Routing 19: Walk: 9
2019-09-05_00:31:54.042[Battery Energy]67.24
2019-09-05_00:31:54.042[Status]Routing Start.
2019-09-05_00:31:54.477[Status]Routing 20: Walk: 9
2019-09-05_00:31:54.607[Battery Energy]66.91
2019-09-05_00:31:54.607[Status]Routing Start.
2019-09-05_00:31:54.783[Status]{'coordinate': [154.0079255485977, 414.20086670193814], 'id': 11}
2019-09-05_00:31:54.783[Status]Routing 21: Walk: 10
2019-09-05_00:31:54.886[Battery Energy]66.69
2019-09-05_00:31:54.886[Status]Routing Start.
2019-09-05_00:31:55.368[Status]Routing 22: Walk: 10
2019-09-05_00:31:55.468[Battery Energy]66.28
2019-09-05_00:31:55.468[Status]Routing Start.
2019-09-05_00:31:55.758[Status]Routing 23: Walk: 10
2019-09-05_00:31:55.858[Battery Energy]65.96
2019-09-05_00:31:55.858[Status]Routing Start.
2019-09-05_00:31:56.040[Status]{'coordinate': [163.50871810345748, 417.32095337213195], 'id': 11}
2019-09-05_00:31:56.040[Status]Routing 24: Walk: 11
2019-09-05_00:31:56.141[Battery Energy]65.72
2019-09-05_00:31:56.142[Status]Routing Start.
2019-09-05_00:31:56.666[Status]Routing 25: Walk: 11
2019-09-05_00:31:56.766[Battery Energy]65.32
2019-09-05_00:31:56.766[Status]Routing Start.
2019-09-05_00:31:57.105[Status]Routing 26: Walk: 11
2019-09-05_00:31:57.205[Battery Energy]65.03
2019-09-05_00:31:57.205[Status]Routing Start.
2019-09-05_00:31:57.578[Status]Routing 27: Walk: 11
2019-09-05_00:31:57.688[Battery Energy]64.72
2019-09-05_00:31:57.688[Status]Routing Start.
2019-09-05_00:31:58.121[Status]{'coordinate': [160.1198295203572, 426.7292175144343], 'id': 11}
2019-09-05_00:31:58.121[Status]Routing 28: Walk: 12
2019-09-05_00:31:58.221[Battery Energy]64.34
2019-09-05_00:31:58.221[Status]Routing Start.
2019-09-05_00:31:58.399[Status]{'coordinate': [169.64722579212977, 429.7670984009429], 'id': 11}
2019-09-05_00:31:58.399[Status]Routing 29: Walk: 13
2019-09-05_00:31:58.508[Battery Energy]64.16
2019-09-05_00:31:58.508[Status]Routing Start.
2019-09-05_00:31:58.813[Status]{'coordinate': [179.17462206390235, 432.80497928745154], 'id': 11}
2019-09-05_00:31:58.813[Status]Routing 30: Walk: 14
2019-09-05_00:31:58.920[Battery Energy]63.85
2019-09-05_00:31:58.920[Status]Routing Start.
2019-09-05_00:31:59.259[Status]{'coordinate': [188.70201833567492, 435.84286017396016], 'id': 11}
2019-09-05_00:31:59.259[Status]Routing 31: Walk: 15
2019-09-05_00:31:59.359[Battery Energy]63.49
2019-09-05_00:31:59.359[Status]Routing Start.
2019-09-05_00:31:59.963[Status]Routing 32: Walk: 15
2019-09-05_00:32:00.063[Battery Energy]63.01
2019-09-05_00:32:00.063[Status]Routing Start.
2019-09-05_00:32:00.243[Status]{'coordinate': [198.2294146074475, 438.8807410604688], 'id': 11}
2019-09-05_00:32:00.243[Status]Routing 33: Walk: 16
2019-09-05_00:32:00.343[Battery Energy]62.79
2019-09-05_00:32:00.343[Status]Routing Start.
2019-09-05_00:32:00.806[Status]Routing 34: Walk: 16
2019-09-05_00:32:00.907[Battery Energy]62.38
2019-09-05_00:32:00.907[Status]Routing Start.
2019-09-05_00:32:01.296[Status]Routing 35: Walk: 16
2019-09-05_00:32:01.400[Battery Energy]62.04
2019-09-05_00:32:01.400[Status]Routing Start.
2019-09-05_00:32:01.720[Status]Routing 36: Walk: 16
2019-09-05_00:32:01.828[Battery Energy]61.76
2019-09-05_00:32:01.828[Status]Routing Start.
2019-09-05_00:32:01.962[Status]{'coordinate': [207.75681087922007, 441.9186219469774], 'id': 11}
2019-09-05_00:32:01.963[Status]Routing 37: Walk: 17
2019-09-05_00:32:02.064[Battery Energy]61.56
2019-09-05_00:32:02.064[Status]Routing Start.
2019-09-05_00:32:02.654[Status]Routing 38: Walk: 17
2019-09-05_00:32:02.755[Battery Energy]61.10
2019-09-05_00:32:02.755[Status]Routing Start.
2019-09-05_00:32:03.257[Status]Routing 39: Walk: 17
2019-09-05_00:32:03.357[Battery Energy]60.74
2019-09-05_00:32:03.357[Status]Routing Start.
2019-09-05_00:32:03.722[Status]Routing 40: Walk: 17
2019-09-05_00:32:03.826[Battery Energy]60.41
2019-09-05_00:32:03.826[Status]Routing Start.
2019-09-05_00:32:04.247[Status]Routing 41: Walk: 17
2019-09-05_00:32:04.347[Battery Energy]60.12
2019-09-05_00:32:04.347[Status]Routing Start.
2019-09-05_00:32:04.740[Status]Routing 42: Walk: 17
2019-09-05_00:32:04.841[Battery Energy]59.76
2019-09-05_00:32:04.841[Status]Routing Start.
2019-09-05_00:32:05.226[Status]Routing 43: Walk: 17
2019-09-05_00:32:05.329[Battery Energy]59.44
2019-09-05_00:32:05.329[Status]Routing Start.
2019-09-05_00:32:05.679[Status]Routing 44: Walk: 17
2019-09-05_00:32:05.779[Battery Energy]59.10
2019-09-05_00:32:05.779[Status]Routing Start.
2019-09-05_00:32:06.189[Status]Routing 45: Walk: 17
2019-09-05_00:32:06.289[Battery Energy]58.78
2019-09-05_00:32:06.289[Status]Routing Start.
2019-09-05_00:32:06.630[Status]{'coordinate': [217.28420715099264, 444.956502833486], 'id': 11}
2019-09-05_00:32:06.630[Status]Routing 46: Walk: 18
2019-09-05_00:32:06.737[Battery Energy]58.42
2019-09-05_00:32:06.737[Status]Routing Start.
2019-09-05_00:32:07.084[Status]{'coordinate': [226.81160342276522, 447.99438371999463], 'id': 11}
2019-09-05_00:32:07.084[Status]Routing 47: Walk: 19
2019-09-05_00:32:07.185[Battery Energy]58.07
2019-09-05_00:32:07.185[Status]Routing Start.
2019-09-05_00:32:07.499[Status]{'coordinate': [236.3389996945378, 451.03226460650325], 'id': 11}
2019-09-05_00:32:07.499[Status]Routing 48: Walk: 20
2019-09-05_00:32:07.599[Battery Energy]57.72
2019-09-05_00:32:07.599[Status]Routing Start.
2019-09-05_00:32:07.782[Status]{'coordinate': [245.86639596631036, 454.07014549301186], 'id': 11}
2019-09-05_00:32:07.782[Status]Routing 49: Walk: 21
2019-09-05_00:32:07.896[Battery Energy]57.48
2019-09-05_00:32:07.896[Status]Routing Start.
2019-09-05_00:32:08.123[Status]{'coordinate': [255.39379223808294, 457.1080263795205], 'id': 11}
2019-09-05_00:32:08.123[Status]Routing 50: Walk: 22
2019-09-05_00:32:08.223[Battery Energy]57.22
2019-09-05_00:32:08.223[Status]Routing Start.
2019-09-05_00:32:08.449[Status]{'coordinate': [264.9211885098555, 460.1459072660291], 'id': 11}
2019-09-05_00:32:08.449[Status]Routing 51: Walk: 23
2019-09-05_00:32:08.549[Battery Energy]56.98
2019-09-05_00:32:08.549[Status]Routing Start.
2019-09-05_00:32:08.879[Status]{'coordinate': [274.448584781628, 463.1837881525377], 'id': 11}
2019-09-05_00:32:08.879[Status]Routing 52: Walk: 24
2019-09-05_00:32:08.979[Battery Energy]56.70
2019-09-05_00:32:08.980[Status]Routing Start.
2019-09-05_00:32:09.381[Status]{'coordinate': [283.9759810534006, 466.22166903904633], 'id': 11}
2019-09-05_00:32:09.381[Status]Routing 53: Walk: 25
2019-09-05_00:32:09.492[Battery Energy]56.31
2019-09-05_00:32:09.492[Status]Routing Start.
2019-09-05_00:32:09.865[Status]{'coordinate': [293.5033773251731, 469.25954992555495], 'id': 11}
2019-09-05_00:32:09.865[Status]Routing 54: Walk: 26
2019-09-05_00:32:09.972[Battery Energy]55.99
2019-09-05_00:32:09.972[Status]Routing Start.
2019-09-05_00:32:10.343[Status]{'coordinate': [303.03077359694566, 472.29743081206357], 'id': 11}
2019-09-05_00:32:10.343[Status]Routing 55: Walk: 27
2019-09-05_00:32:10.452[Battery Energy]55.67
2019-09-05_00:32:10.452[Status]Routing Start.
2019-09-05_00:32:10.780[Status]{'coordinate': [312.5581698687182, 475.3353116985722], 'id': 11}
2019-09-05_00:32:10.780[Status]Routing 56: Walk: 28
2019-09-05_00:32:10.880[Battery Energy]55.37
2019-09-05_00:32:10.880[Status]Routing Start.
2019-09-05_00:32:11.294[Status]{'coordinate': [322.08556614049076, 478.3731925850808], 'id': 11}
2019-09-05_00:32:11.294[Status]Routing 57: Walk: 29
2019-09-05_00:32:11.394[Battery Energy]55.05
2019-09-05_00:32:11.394[Status]Routing Start.
2019-09-05_00:32:11.759[Status]{'coordinate': [331.6129624122633, 481.4110734715894], 'id': 11}
2019-09-05_00:32:11.759[Status]Routing 58: Walk: 30
2019-09-05_00:32:11.872[Battery Energy]54.73
2019-09-05_00:32:11.872[Status]Routing Start.
2019-09-05_00:32:12.145[Status]{'coordinate': [341.14035868403585, 484.44895435809804], 'id': 11}
2019-09-05_00:32:12.145[Status]Routing 59: Walk: 31
2019-09-05_00:32:12.248[Battery Energy]54.42
2019-09-05_00:32:12.248[Status]Routing Start.
2019-09-05_00:32:12.392[Status]{'coordinate': [350.6677549558084, 487.48683524460665], 'id': 11}
2019-09-05_00:32:12.392[Status]Routing 60: Walk: 32
2019-09-05_00:32:12.508[Battery Energy]54.21
2019-09-05_00:32:12.508[Status]Routing Start.
2019-09-05_00:32:12.780[Status]{'coordinate': [360.19515122758094, 490.52471613111527], 'id': 11}
2019-09-05_00:32:12.782[Status]Routing 61: Walk: 33
2019-09-05_00:32:12.900[Battery Energy]53.96
2019-09-05_00:32:12.900[Status]Routing Start.
2019-09-05_00:32:13.197[Status]{'coordinate': [369.7225474993535, 493.5625970176239], 'id': 11}
2019-09-05_00:32:13.197[Status]Routing 62: Walk: 34
2019-09-05_00:32:13.303[Battery Energy]53.71
2019-09-05_00:32:13.303[Status]Routing Start.
2019-09-05_00:32:13.618[Status]{'coordinate': [379.249943771126, 496.6004779041325], 'id': 11}
2019-09-05_00:32:13.618[Status]Routing 63: Walk: 35
2019-09-05_00:32:13.718[Battery Energy]53.43
2019-09-05_00:32:13.718[Status]Routing Start.
2019-09-05_00:32:13.938[Status]{'coordinate': [388.7773400428986, 499.6383587906411], 'id': 11}
2019-09-05_00:32:13.938[Status]Routing 64: Walk: 36
2019-09-05_00:32:14.039[Battery Energy]53.22
2019-09-05_00:32:14.039[Status]Routing Start.
2019-09-05_00:32:14.279[Status]{'coordinate': [398.3047363146711, 502.67623967714974], 'id': 11}
2019-09-05_00:32:14.279[Status]Routing 65: Walk: 37
2019-09-05_00:32:14.404[Battery Energy]52.97
2019-09-05_00:32:14.404[Status]Routing Start.
2019-09-05_00:32:14.738[Status]{'coordinate': [407.83213258644366, 505.71412056365835], 'id': 11}
2019-09-05_00:32:14.738[Status]Routing 66: Walk: 38
2019-09-05_00:32:14.849[Battery Energy]52.68
2019-09-05_00:32:14.849[Status]Routing Start.
2019-09-05_00:32:15.088[Status]{'coordinate': [417.3595288582162, 508.752001450167], 'id': 11}
2019-09-05_00:32:15.088[Status]Routing 67: Walk: 39
2019-09-05_00:32:15.188[Battery Energy]52.45
2019-09-05_00:32:15.188[Status]Routing Start.
2019-09-05_00:32:15.448[Status]{'coordinate': [426.88692512998875, 511.7898823366756], 'id': 11}
2019-09-05_00:32:15.449[Status]Routing 68: Walk: 40
2019-09-05_00:32:15.560[Battery Energy]52.18
2019-09-05_00:32:15.560[Status]Routing Start.
2019-09-05_00:32:15.717[Status]{'coordinate': [436.4143214017613, 514.8277632231842], 'id': 11}
2019-09-05_00:32:15.718[Status]Routing 69: Walk: 41
2019-09-05_00:32:15.820[Battery Energy]51.96
2019-09-05_00:32:15.820[Status]Routing Start.
2019-09-05_00:32:15.997[Status]{'coordinate': [445.94171767353384, 517.8656441096928], 'id': 11}
2019-09-05_00:32:15.997[Status]Routing 70: Walk: 42
2019-09-05_00:32:16.100[Battery Energy]51.73
2019-09-05_00:32:16.100[Status]Routing Start.
2019-09-05_00:32:16.276[Status]{'coordinate': [455.4691139453064, 520.9035249962013], 'id': 11}
2019-09-05_00:32:16.276[Status]Routing 71: Walk: 43
2019-09-05_00:32:16.384[Battery Energy]51.50
2019-09-05_00:32:16.384[Status]Routing Start.
2019-09-05_00:32:16.699[Status]{'coordinate': [464.99651021707894, 523.9414058827099], 'id': 11}
2019-09-05_00:32:16.699[Status]Routing 72: Walk: 44
2019-09-05_00:32:16.804[Battery Energy]51.17
2019-09-05_00:32:16.805[Status]Routing Start.
2019-09-05_00:32:17.004[Status]{'coordinate': [474.5239064888515, 526.9792867692184], 'id': 11}
2019-09-05_00:32:17.004[Status]Routing 73: Walk: 45
2019-09-05_00:32:17.108[Battery Energy]50.94
2019-09-05_00:32:17.108[Status]Routing Start.
2019-09-05_00:32:17.282[Status]{'coordinate': [484.051302760624, 530.017167655727], 'id': 11}
2019-09-05_00:32:17.282[Status]Routing 74: Walk: 46
2019-09-05_00:32:17.382[Battery Energy]50.71
2019-09-05_00:32:17.383[Status]Routing Start.
2019-09-05_00:32:17.745[Status]{'coordinate': [493.57869903239657, 533.0550485422356], 'id': 11}
2019-09-05_00:32:17.745[Status]Routing 75: Walk: 47
2019-09-05_00:32:17.846[Battery Energy]50.36
2019-09-05_00:32:17.846[Status]Routing Start.
2019-09-05_00:32:18.013[Status]{'coordinate': [503.1060953041691, 536.0929294287441], 'id': 11}
2019-09-05_00:32:18.014[Status]Routing 76: Walk: 48
2019-09-05_00:32:18.114[Battery Energy]50.14
2019-09-05_00:32:18.114[Status]Routing Start.
2019-09-05_00:32:18.337[Status]{'coordinate': [512.6334915759417, 539.1308103152527], 'id': 11}
2019-09-05_00:32:18.346[Status]Routing 77: Walk: 49
2019-09-05_00:32:18.454[Battery Energy]49.91
2019-09-05_00:32:18.454[Status]Routing Start.
2019-09-05_00:32:18.700[Status]{'coordinate': [522.1608878477142, 542.1686912017612], 'id': 11}
2019-09-05_00:32:18.702[Status]Routing 78: Walk: 50
2019-09-05_00:32:18.817[Battery Energy]49.68
2019-09-05_00:32:18.817[Status]Routing Start.
2019-09-05_00:32:19.141[Status]{'coordinate': [531.6882841194868, 545.2065720882698], 'id': 11}
2019-09-05_00:32:19.141[Status]Routing 79: Walk: 51
2019-09-05_00:32:19.252[Battery Energy]49.38
2019-09-05_00:32:19.252[Status]Routing Start.
2019-09-05_00:32:19.426[Status]{'coordinate': [541.2156803912593, 548.2444529747784], 'id': 11}
2019-09-05_00:32:19.426[Status]Routing 80: Walk: 52
2019-09-05_00:32:19.536[Battery Energy]49.16
2019-09-05_00:32:19.536[Status]Routing Start.
2019-09-05_00:32:19.745[Status]{'coordinate': [550.7430766630318, 551.2823338612869], 'id': 11}
2019-09-05_00:32:19.745[Status]Routing 81: Walk: 53
2019-09-05_00:32:19.864[Battery Energy]48.92
2019-09-05_00:32:19.864[Status]Routing Start.
2019-09-05_00:32:20.030[Status]{'coordinate': [560.2704729348044, 554.3202147477955], 'id': 11}
2019-09-05_00:32:20.030[Status]Routing 82: Walk: 54
2019-09-05_00:32:20.140[Battery Energy]48.72
2019-09-05_00:32:20.140[Status]Routing Start.
2019-09-05_00:32:20.318[Status]{'coordinate': [569.7978692065769, 557.358095634304], 'id': 11}
2019-09-05_00:32:20.318[Status]Routing 83: Walk: 55
2019-09-05_00:32:20.418[Battery Energy]48.49
2019-09-05_00:32:20.418[Status]Routing Start.
2019-09-05_00:32:20.581[Status]{'coordinate': [579.3252654783495, 560.3959765208126], 'id': 11}
2019-09-05_00:32:20.582[Status]Routing 84: Walk: 56
2019-09-05_00:32:20.688[Battery Energy]48.27
2019-09-05_00:32:20.688[Status]Routing Start.
2019-09-05_00:32:21.124[Status]{'coordinate': [588.852661750122, 563.4338574073212], 'id': 11}
2019-09-05_00:32:21.124[Status]Routing 85: Walk: 57
2019-09-05_00:32:21.224[Battery Energy]47.92
2019-09-05_00:32:21.225[Status]Routing Start.
2019-09-05_00:32:21.546[Status]{'coordinate': [598.3800580218946, 566.4717382938297], 'id': 11}
2019-09-05_00:32:21.547[Status]Routing 86: Walk: 58
2019-09-05_00:32:21.648[Battery Energy]47.61
2019-09-05_00:32:21.648[Status]Routing Start.
2019-09-05_00:32:22.004[Status]{'coordinate': [607.9074542936671, 569.5096191803383], 'id': 11}
2019-09-05_00:32:22.005[Status]Routing 87: Walk: 59
2019-09-05_00:32:22.106[Battery Energy]47.30
2019-09-05_00:32:22.106[Status]Routing Start.
2019-09-05_00:32:22.484[Status]{'coordinate': [617.4348505654397, 572.5475000668469], 'id': 11}
2019-09-05_00:32:22.485[Status]Routing 88: Walk: 60
2019-09-05_00:32:22.585[Battery Energy]46.96
2019-09-05_00:32:22.585[Status]Routing Start.
2019-09-05_00:32:22.920[Status]{'coordinate': [626.9622468372122, 575.5853809533554], 'id': 11}
2019-09-05_00:32:22.920[Status]Routing 89: Walk: 61
2019-09-05_00:32:23.021[Battery Energy]46.65
2019-09-05_00:32:23.021[Status]Routing Start.
2019-09-05_00:32:23.305[Status]{'coordinate': [636.4896431089848, 578.623261839864], 'id': 11}
2019-09-05_00:32:23.305[Status]Routing 90: Walk: 62
2019-09-05_00:32:23.412[Battery Energy]46.32
2019-09-05_00:32:23.412[Status]Routing Start.
2019-09-05_00:32:23.565[Status]{'coordinate': [646.0170393807573, 581.6611427263725], 'id': 11}
2019-09-05_00:32:23.565[Status]Routing 91: Walk: 63
2019-09-05_00:32:23.700[Battery Energy]46.09
2019-09-05_00:32:23.704[Status]Routing Start.
2019-09-05_00:32:23.988[Status]{'coordinate': [655.5444356525298, 584.6990236128811], 'id': 11}
2019-09-05_00:32:23.988[Status]Routing 92: Walk: 64
2019-09-05_00:32:24.088[Battery Energy]45.84
2019-09-05_00:32:24.088[Status]Routing Start.
2019-09-05_00:32:24.449[Status]{'coordinate': [665.0718319243024, 587.7369044993897], 'id': 11}
2019-09-05_00:32:24.449[Status]Routing 93: Walk: 65
2019-09-05_00:32:24.560[Battery Energy]45.55
2019-09-05_00:32:24.560[Status]Routing Start.
2019-09-05_00:32:24.714[Status]{'coordinate': [674.5992281960749, 590.7747853858982], 'id': 11}
2019-09-05_00:32:24.714[Status]Routing 94: Walk: 66
2019-09-05_00:32:24.820[Battery Energy]45.36
2019-09-05_00:32:24.820[Status]Routing Start.
2019-09-05_00:32:25.023[Status]{'coordinate': [684.1266244678475, 593.8126662724068], 'id': 11}
2019-09-05_00:32:25.023[Status]Routing 95: Walk: 67
2019-09-05_00:32:25.144[Battery Energy]45.16
2019-09-05_00:32:25.144[Status]Routing Start.
2019-09-05_00:32:25.330[Status]{'coordinate': [693.65402073962, 596.8505471589153], 'id': 11}
2019-09-05_00:32:25.330[Status]Routing 96: Walk: 68
2019-09-05_00:32:25.436[Battery Energy]44.97
2019-09-05_00:32:25.436[Status]Routing Start.
2019-09-05_00:32:25.603[Status]{'coordinate': [703.1814170113926, 599.8884280454239], 'id': 11}
2019-09-05_00:32:25.603[Status]Routing 97: Walk: 69
2019-09-05_00:32:25.712[Battery Energy]44.75
2019-09-05_00:32:25.712[Status]Routing Start.
2019-09-05_00:32:25.895[Status]{'coordinate': [712.7088132831651, 602.9263089319325], 'id': 11}
2019-09-05_00:32:25.895[Status]Routing 98: Walk: 70
2019-09-05_00:32:25.995[Battery Energy]44.53
2019-09-05_00:32:25.995[Status]Routing Start.
2019-09-05_00:32:26.283[Status]{'coordinate': [722.2362095549377, 605.964189818441], 'id': 11}
2019-09-05_00:32:26.283[Status]Routing 99: Walk: 71
2019-09-05_00:32:26.428[Battery Energy]44.24
2019-09-05_00:32:26.428[Status]Routing Start.
2019-09-05_00:32:26.638[Status]{'coordinate': [731.7636058267102, 609.0020707049496], 'id': 11}
2019-09-05_00:32:26.638[Status]Routing 100: Walk: 72
2019-09-05_00:32:26.738[Battery Energy]44.04
2019-09-05_00:32:26.738[Status]Routing Start.
2019-09-05_00:32:26.906[Status]{'coordinate': [741.2910020984827, 612.0399515914581], 'id': 11}
2019-09-05_00:32:26.906[Status]Routing 101: Walk: 73
2019-09-05_00:32:27.020[Battery Energy]43.84
2019-09-05_00:32:27.020[Status]Routing Start.
2019-09-05_00:32:27.170[Status]{'coordinate': [750.8183983702553, 615.0778324779667], 'id': 11}
2019-09-05_00:32:27.170[Status]Routing 102: Walk: 74
2019-09-05_00:32:27.284[Battery Energy]43.63
2019-09-05_00:32:27.284[Status]Routing Start.
2019-09-05_00:32:27.642[Status]{'coordinate': [760.3457946420278, 618.1157133644753], 'id': 11}
2019-09-05_00:32:27.643[Status]Routing 103: Walk: 75
2019-09-05_00:32:27.752[Battery Energy]43.32
2019-09-05_00:32:27.752[Status]Routing Start.
2019-09-05_00:32:28.025[Status]{'coordinate': [769.8731909138004, 621.1535942509838], 'id': 11}
2019-09-05_00:32:28.025[Status]Routing 104: Walk: 76
2019-09-05_00:32:28.128[Battery Energy]43.10
2019-09-05_00:32:28.128[Status]Routing Start.
2019-09-05_00:32:28.448[Status]{'coordinate': [779.4005871855729, 624.1914751374924], 'id': 11}
2019-09-05_00:32:28.448[Status]Routing 105: Walk: 77
2019-09-05_00:32:28.560[Battery Energy]42.78
2019-09-05_00:32:28.560[Status]Routing Start.
2019-09-05_00:32:28.940[Status]{'coordinate': [788.9279834573455, 627.2293560240009], 'id': 11}
2019-09-05_00:32:28.940[Status]Routing 106: Walk: 78
2019-09-05_00:32:29.060[Battery Energy]42.43
2019-09-05_00:32:29.060[Status]Routing Start.
2019-09-05_00:32:29.306[Status]{'coordinate': [798.455379729118, 630.2672369105095], 'id': 11}
2019-09-05_00:32:29.306[Status]Routing 107: Walk: 79
2019-09-05_00:32:29.406[Battery Energy]42.16
2019-09-05_00:32:29.406[Status]Routing Start.
2019-09-05_00:32:29.778[Status]{'coordinate': [807.9827760008906, 633.305117797018], 'id': 11}
2019-09-05_00:32:29.778[Status]Routing 108: Walk: 80
2019-09-05_00:32:29.880[Battery Energy]41.80
2019-09-05_00:32:29.880[Status]Routing Start.
2019-09-05_00:32:30.040[Status]{'coordinate': [817.5101722726631, 636.3429986835267], 'id': 11}
2019-09-05_00:32:30.040[Status]Routing 109: Walk: 81
2019-09-05_00:32:30.160[Battery Energy]41.61
2019-09-05_00:32:30.160[Status]Routing Start.
2019-09-05_00:32:30.458[Status]{'coordinate': [827.0375685444357, 639.3808795700353], 'id': 11}
2019-09-05_00:32:30.458[Status]Routing 110: Walk: 82
2019-09-05_00:32:30.559[Battery Energy]41.31
2019-09-05_00:32:30.559[Status]Routing Start.
2019-09-05_00:32:30.920[Status]{'coordinate': [836.5649648162082, 642.418760456544], 'id': 11}
2019-09-05_00:32:30.920[Status]Routing 111: Walk: 83
2019-09-05_00:32:31.024[Battery Energy]41.00
2019-09-05_00:32:31.024[Status]Routing Start.
2019-09-05_00:32:31.429[Status]{'coordinate': [846.0923610879807, 645.4566413430525], 'id': 11}
2019-09-05_00:32:31.429[Status]Routing 112: Walk: 84
2019-09-05_00:32:31.529[Battery Energy]40.64
2019-09-05_00:32:31.529[Status]Routing Start.
2019-09-05_00:32:31.841[Status]{'coordinate': [855.6197573597533, 648.4945222295612], 'id': 11}
2019-09-05_00:32:31.841[Status]Routing 113: Walk: 85
2019-09-05_00:32:31.944[Battery Energy]40.31
2019-09-05_00:32:31.944[Status]Routing Start.
2019-09-05_00:32:32.346[Status]{'coordinate': [865.1471536315258, 651.5324031160698], 'id': 11}
2019-09-05_00:32:32.346[Status]Routing 114: Walk: 86
2019-09-05_00:32:32.452[Battery Energy]39.98
2019-09-05_00:32:32.452[Status]Routing Start.
2019-09-05_00:32:32.828[Status]{'coordinate': [874.6745499032984, 654.5702840025784], 'id': 11}
2019-09-05_00:32:32.828[Status]Routing 115: Walk: 87
2019-09-05_00:32:32.932[Battery Energy]39.64
2019-09-05_00:32:32.933[Status]Routing Start.
2019-09-05_00:32:33.343[Status]{'coordinate': [884.2019461750709, 657.608164889087], 'id': 11}
2019-09-05_00:32:33.343[Status]Routing 116: Walk: 88
2019-09-05_00:32:33.452[Battery Energy]39.30
2019-09-05_00:32:33.452[Status]Routing Start.
2019-09-05_00:32:33.790[Status]{'coordinate': [893.7293424468435, 660.6460457755957], 'id': 11}
2019-09-05_00:32:33.790[Status]Routing 117: Walk: 89
2019-09-05_00:32:33.890[Battery Energy]38.97
2019-09-05_00:32:33.890[Status]Routing Start.
2019-09-05_00:32:34.273[Status]{'coordinate': [903.256738718616, 663.6839266621042], 'id': 11}
2019-09-05_00:32:34.273[Status]Routing 118: Walk: 90
2019-09-05_00:32:34.396[Battery Energy]38.67
2019-09-05_00:32:34.396[Status]Routing Start.
2019-09-05_00:32:34.665[Status]{'coordinate': [912.7841349903886, 666.7218075486128], 'id': 11}
2019-09-05_00:32:34.665[Status]Routing 119: Walk: 91
2019-09-05_00:32:34.768[Battery Energy]38.42
2019-09-05_00:32:34.768[Status]Routing Start.
2019-09-05_00:32:35.016[Status]{'coordinate': [922.3115312621611, 669.7596884351215], 'id': 11}
2019-09-05_00:32:35.016[Status]Routing 120: Walk: 92
2019-09-05_00:32:35.116[Battery Energy]38.18
2019-09-05_00:32:35.116[Status]Routing Start.
2019-09-05_00:32:35.463[Status]{'coordinate': [931.8389275339337, 672.7975693216301], 'id': 11}
2019-09-05_00:32:35.463[Status]Routing 121: Walk: 93
2019-09-05_00:32:35.572[Battery Energy]37.89
2019-09-05_00:32:35.572[Status]Routing Start.
2019-09-05_00:32:35.727[Status]{'coordinate': [941.3663238057062, 675.8354502081387], 'id': 11}
2019-09-05_00:32:35.728[Status]Routing 122: Walk: 94
2019-09-05_00:32:35.834[Battery Energy]37.67
2019-09-05_00:32:35.834[Status]Routing Start.
2019-09-05_00:32:36.251[Status]{'coordinate': [950.8937200774787, 678.8733310946474], 'id': 11}
2019-09-05_00:32:36.251[Status]Routing 123: Walk: 95
2019-09-05_00:32:36.351[Battery Energy]37.31
2019-09-05_00:32:36.351[Status]Routing Start.
2019-09-05_00:32:36.537[Status]{'coordinate': [960.4211163492513, 681.9112119811559], 'id': 11}
2019-09-05_00:32:36.537[Status]Routing 124: Walk: 96
2019-09-05_00:32:36.652[Battery Energy]37.10
2019-09-05_00:32:36.652[Status]Routing Start.
2019-09-05_00:32:36.947[Status]{'coordinate': [969.9485126210238, 684.9490928676645], 'id': 11}
2019-09-05_00:32:36.947[Status]Routing 125: Walk: 97
2019-09-05_00:32:37.048[Battery Energy]36.78
2019-09-05_00:32:37.048[Status]Routing Start.
2019-09-05_00:32:37.340[Status]{'coordinate': [979.4759088927964, 687.9869737541732], 'id': 11}
2019-09-05_00:32:37.340[Status]Routing 126: Walk: 98
2019-09-05_00:32:37.452[Battery Energy]36.51
2019-09-05_00:32:37.452[Status]Routing Start.
2019-09-05_00:32:37.755[Status]{'coordinate': [989.0033051645689, 691.0248546406817], 'id': 11}
2019-09-05_00:32:37.755[Status]Routing 127: Walk: 99
2019-09-05_00:32:37.866[Battery Energy]36.17
2019-09-05_00:32:37.866[Status]Routing Start.
2019-09-05_00:32:38.103[Status]{'coordinate': [998.5307014363415, 694.0627355271904], 'id': 11}
2019-09-05_00:32:38.103[Status]Routing 128: Walk: 100
2019-09-05_00:32:38.212[Battery Energy]35.95
2019-09-05_00:32:38.212[Status]Routing Start.
2019-09-05_00:32:38.469[Status]{'coordinate': [1008.058097708114, 697.100616413699], 'id': 11}
2019-09-05_00:32:38.470[Status]Routing 129: Walk: 101
2019-09-05_00:32:38.570[Battery Energy]35.68
2019-09-05_00:32:38.570[Status]Routing Start.
2019-09-05_00:32:38.773[Status]{'coordinate': [1017.5854939798866, 700.1384973002076], 'id': 11}
2019-09-05_00:32:38.773[Status]Routing 130: Walk: 102
2019-09-05_00:32:38.873[Battery Energy]35.47
2019-09-05_00:32:38.873[Status]Routing Start.
2019-09-05_00:32:39.072[Status]{'coordinate': [1027.112890251659, 703.1763781867162], 'id': 11}
2019-09-05_00:32:39.072[Status]Routing 131: Walk: 103
2019-09-05_00:32:39.173[Battery Energy]35.25
2019-09-05_00:32:39.173[Status]Routing Start.
2019-09-05_00:32:39.432[Status]{'coordinate': [1036.6402865234318, 706.2142590732249], 'id': 11}
2019-09-05_00:32:39.432[Status]Routing 132: Walk: 104
2019-09-05_00:32:39.536[Battery Energy]34.99
2019-09-05_00:32:39.536[Status]Routing Start.
2019-09-05_00:32:39.776[Status]{'coordinate': [1046.1676827952044, 709.2521399597335], 'id': 11}
2019-09-05_00:32:39.776[Status]Routing 133: Walk: 105
2019-09-05_00:32:39.876[Battery Energy]34.68
2019-09-05_00:32:39.876[Status]Routing Start.
2019-09-05_00:32:40.078[Status]{'coordinate': [1055.695079066977, 712.2900208462421], 'id': 11}
2019-09-05_00:32:40.078[Status]Routing 134: Walk: 106
2019-09-05_00:32:40.180[Battery Energy]34.47
2019-09-05_00:32:40.180[Status]Routing Start.
2019-09-05_00:32:40.524[Status]{'coordinate': [1065.2224753387497, 715.3279017327508], 'id': 11}
2019-09-05_00:32:40.524[Status]Routing 135: Walk: 107
2019-09-05_00:32:40.628[Battery Energy]34.19
2019-09-05_00:32:40.628[Status]Routing Start.
2019-09-05_00:32:40.864[Status]{'coordinate': [1074.7498716105224, 718.3657826192594], 'id': 11}
2019-09-05_00:32:40.864[Status]Routing 136: Walk: 108
2019-09-05_00:32:40.980[Battery Energy]33.93
2019-09-05_00:32:40.980[Status]Routing Start.
2019-09-05_00:32:41.343[Status]{'coordinate': [1084.277267882295, 721.4036635057681], 'id': 11}
2019-09-05_00:32:41.344[Status]Routing 137: Walk: 109
2019-09-05_00:32:41.444[Battery Energy]33.67
2019-09-05_00:32:41.444[Status]Routing Start.
2019-09-05_00:32:41.878[Status]{'coordinate': [1081.8759647877662, 731.1110701341219], 'id': 11}
2019-09-05_00:32:41.878[Status]Routing 138: Walk: 110
2019-09-05_00:32:41.978[Battery Energy]33.25
2019-09-05_00:32:41.978[Status]Routing Start.
2019-09-05_00:32:42.353[Status]{'coordinate': [1075.7967195638903, 739.0510183397454], 'id': 11}
2019-09-05_00:32:42.353[Status]Routing 139: Walk: 111
2019-09-05_00:32:42.453[Battery Energy]32.84
2019-09-05_00:32:42.454[Status]Routing Start.
2019-09-05_00:32:42.866[Status]Routing 140: Walk: 111
2019-09-05_00:32:42.966[Battery Energy]32.46
2019-09-05_00:32:42.966[Status]Routing Start.
2019-09-05_00:32:43.299[Status]{'coordinate': [1069.940091791669, 747.1565665098351], 'id': 11}
2019-09-05_00:32:43.305[Status]Routing 141: Walk: 112
2019-09-05_00:32:43.405[Battery Energy]32.05
2019-09-05_00:32:43.405[Status]Routing Start.
2019-09-05_00:32:43.727[Status]Routing 142: Walk: 112
2019-09-05_00:32:43.830[Battery Energy]31.76
2019-09-05_00:32:43.830[Status]Routing Start.
2019-09-05_00:32:44.200[Status]Routing 143: Walk: 112
2019-09-05_00:32:44.333[Battery Energy]31.43
2019-09-05_00:32:44.333[Status]Routing Start.
2019-09-05_00:32:44.707[Status]Routing 144: Walk: 112
2019-09-05_00:32:44.811[Battery Energy]31.11
2019-09-05_00:32:44.811[Status]Routing Start.
2019-09-05_00:32:44.942[Status]{'coordinate': [1079.812560340794, 748.7485353369588], 'id': 11}
2019-09-05_00:32:44.942[Status]Routing 145: Walk: 113
2019-09-05_00:32:45.069[Battery Energy]30.90
2019-09-05_00:32:45.069[Status]Routing Start.
2019-09-05_00:32:45.445[Status]{'coordinate': [1075.7562039972418, 757.8888839744081], 'id': 11}
2019-09-05_00:32:45.445[Status]Routing 146: Walk: 114
2019-09-05_00:32:45.548[Battery Energy]30.49
2019-09-05_00:32:45.548[Status]Routing Start.
2019-09-05_00:32:45.911[Status]{'coordinate': [1077.0692450148313, 767.8023053457676], 'id': 11}
2019-09-05_00:32:45.912[Status]Routing 147: Walk: 115
2019-09-05_00:32:46.012[Battery Energy]30.11
2019-09-05_00:32:46.012[Status]Routing Start.
2019-09-05_00:32:46.188[Status]{'coordinate': [1087.0535862180848, 768.3617074703747], 'id': 11}
2019-09-05_00:32:46.188[Status]Routing 148: Walk: 116
2019-09-05_00:32:46.292[Battery Energy]29.88
2019-09-05_00:32:46.292[Status]Routing Start.
2019-09-05_00:32:46.505[Status]{'coordinate': [1097.0379274213383, 768.9211095949817], 'id': 11}
2019-09-05_00:32:46.505[Status]Routing 149: Walk: 117
2019-09-05_00:32:46.624[Battery Energy]29.62
2019-09-05_00:32:46.624[Status]Routing Start.
2019-09-05_00:32:46.841[Status]{'coordinate': [1107.0222686245918, 769.4805117195887], 'id': 11}
2019-09-05_00:32:46.841[Status]Routing 150: Walk: 118
2019-09-05_00:32:46.942[Battery Energy]29.37
2019-09-05_00:32:46.942[Status]Routing Start.
2019-09-05_00:32:47.109[Status]{'coordinate': [1117.0066098278453, 770.0399138441957], 'id': 11}
2019-09-05_00:32:47.109[Status]Routing 151: Walk: 119
2019-09-05_00:32:47.215[Battery Energy]29.15
2019-09-05_00:32:47.215[Status]Routing Start.
2019-09-05_00:32:47.387[Status]{'coordinate': [1126.9909510310988, 770.5993159688027], 'id': 11}
2019-09-05_00:32:47.388[Status]Routing 152: Walk: 120
2019-09-05_00:32:47.488[Battery Energy]28.93
2019-09-05_00:32:47.488[Status]Routing Start.
2019-09-05_00:32:47.731[Status]{'coordinate': [1136.9752922343523, 771.1587180934097], 'id': 11}
2019-09-05_00:32:47.731[Status]Routing 153: Walk: 121
2019-09-05_00:32:47.844[Battery Energy]28.64
2019-09-05_00:32:47.844[Status]Routing Start.
2019-09-05_00:32:48.102[Status]{'coordinate': [1146.9596334376058, 771.7181202180167], 'id': 11}
2019-09-05_00:32:48.102[Status]Routing 154: Walk: 122
2019-09-05_00:32:48.203[Battery Energy]28.40
2019-09-05_00:32:48.203[Status]Routing Start.
2019-09-05_00:32:48.447[Status]{'coordinate': [1156.9439746408593, 772.2775223426237], 'id': 11}
2019-09-05_00:32:48.447[Status]Routing 155: Walk: 123
2019-09-05_00:32:48.547[Battery Energy]28.17
2019-09-05_00:32:48.547[Status]Routing Start.
2019-09-05_00:32:48.722[Status]{'coordinate': [1166.9283158441128, 772.8369244672307], 'id': 11}
2019-09-05_00:32:48.722[Status]Routing 156: Walk: 124
2019-09-05_00:32:48.823[Battery Energy]27.97
2019-09-05_00:32:48.823[Status]Routing Start.
2019-09-05_00:32:49.099[Status]{'coordinate': [1176.9126570473663, 773.3963265918377], 'id': 11}
2019-09-05_00:32:49.099[Status]Routing 157: Walk: 125
2019-09-05_00:32:49.208[Battery Energy]27.71
2019-09-05_00:32:49.208[Status]Routing Start.
2019-09-05_00:32:49.395[Status]{'coordinate': [1186.8969982506198, 773.9557287164447], 'id': 11}
2019-09-05_00:32:49.395[Status]Routing 158: Walk: 126
2019-09-05_00:32:49.508[Battery Energy]27.49
2019-09-05_00:32:49.508[Status]Routing Start.
2019-09-05_00:32:49.690[Status]{'coordinate': [1196.8813394538734, 774.5151308410517], 'id': 11}
2019-09-05_00:32:49.690[Status]Routing 159: Walk: 127
2019-09-05_00:32:49.800[Battery Energy]27.25
2019-09-05_00:32:49.800[Status]Routing Start.
2019-09-05_00:32:49.990[Status]{'coordinate': [1206.8656806571269, 775.0745329656588], 'id': 11}
2019-09-05_00:32:49.990[Status]Routing 160: Walk: 128
2019-09-05_00:32:50.156[Battery Energy]27.04
2019-09-05_00:32:50.156[Status]Routing Start.
2019-09-05_00:32:50.318[Status]{'coordinate': [1216.8500218603804, 775.6339350902658], 'id': 11}
2019-09-05_00:32:50.318[Status]Routing 161: Walk: 129
2019-09-05_00:32:50.418[Battery Energy]26.84
2019-09-05_00:32:50.418[Status]Routing Start.
2019-09-05_00:32:50.654[Status]{'coordinate': [1226.8343630636339, 776.1933372148729], 'id': 11}
2019-09-05_00:32:50.654[Status]Routing 162: Walk: 130
2019-09-05_00:32:50.764[Battery Energy]26.58
2019-09-05_00:32:50.764[Status]Routing Start.
2019-09-05_00:32:51.010[Status]{'coordinate': [1236.8187042668874, 776.75273933948], 'id': 11}
2019-09-05_00:32:51.010[Status]Routing 163: Walk: 131
2019-09-05_00:32:51.110[Battery Energy]26.31
2019-09-05_00:32:51.110[Status]Routing Start.
2019-09-05_00:32:51.458[Status]{'coordinate': [1246.803045470141, 777.3121414640871], 'id': 11}
2019-09-05_00:32:51.458[Status]Routing 164: Walk: 132
2019-09-05_00:32:51.576[Battery Energy]25.98
2019-09-05_00:32:51.576[Status]Routing Start.
2019-09-05_00:32:51.890[Status]{'coordinate': [1256.7873866733944, 777.8715435886941], 'id': 11}
2019-09-05_00:32:51.890[Status]Routing 165: Walk: 133
2019-09-05_00:32:51.990[Battery Energy]25.68
2019-09-05_00:32:51.990[Status]Routing Start.
2019-09-05_00:32:51.990[Status]Task Finished.
2019-09-05_00:32:52.090[Battery Energy]25.68
2019-09-05_00:32:52.302[Status]Routing 167: Walk: 133
2019-09-05_00:32:52.416[Battery Energy]25.53
2019-09-05_00:32:52.614[Status]Routing 168: Walk: 133
2019-09-05_00:32:52.724[Battery Energy]25.40
2019-09-05_00:32:52.956[Status]Routing 169: Walk: 133
2019-09-05_00:32:53.068[Battery Energy]25.24
2019-09-05_00:32:53.309[Status]Routing 170: Walk: 133
2019-09-05_00:32:53.420[Battery Energy]25.12
2019-09-05_00:32:53.748[Status]Routing 171: Walk: 133
2019-09-05_00:32:53.848[Battery Energy]24.92
2019-09-05_00:32:54.110[Status]Routing 172: Walk: 133
2019-09-05_00:32:54.212[Battery Energy]24.77
2019-09-05_00:32:54.628[Status]Routing 173: Walk: 133
2019-09-05_00:32:54.736[Battery Energy]24.46
2019-09-05_00:32:54.949[Status]Routing 174: Walk: 133
2019-09-05_00:32:55.049[Battery Energy]24.34
2019-09-05_00:32:55.294[Status]Routing 175: Walk: 133
2019-09-05_00:32:55.399[Battery Energy]24.21
2019-09-05_00:32:55.596[Status]Routing 176: Walk: 133
2019-09-05_00:32:55.696[Battery Energy]24.10
2019-09-05_00:32:56.043[Status]Routing 177: Walk: 133
2019-09-05_00:32:56.143[Battery Energy]23.94
2019-09-05_00:32:56.317[Status]Routing 178: Walk: 133
2019-09-05_00:32:56.421[Battery Energy]23.83
2019-09-05_00:32:56.560[Status]Routing 179: Walk: 133
2019-09-05_00:32:56.660[Battery Energy]23.74
2019-09-05_00:32:57.049[Status]Routing 180: Walk: 133
2019-09-05_00:32:57.149[Battery Energy]23.49
2019-09-05_00:32:57.386[Status]Routing 181: Walk: 133
2019-09-05_00:32:57.486[Battery Energy]23.41
2019-09-05_00:32:57.700[Status]Routing 182: Walk: 133
2019-09-05_00:32:57.808[Battery Energy]23.27
2019-09-05_00:32:58.010[Status]Routing 183: Walk: 133
2019-09-05_00:32:58.112[Battery Energy]23.16
2019-09-05_00:32:58.285[Status]Routing 184: Walk: 133
2019-09-05_00:32:58.391[Battery Energy]23.05
