2019-09-05_00:31:38.396[Status]Start.
2019-09-05_00:31:38.396[Battery Energy]75.00
2019-09-05_00:31:39.497[Battery Energy]74.96
2019-09-05_00:31:40.598[Battery Energy]74.92
2019-09-05_00:31:41.699[Battery Energy]74.88
2019-09-05_00:31:42.800[Battery Energy]74.84
2019-09-05_00:31:43.901[Task]A New Task Released.
2019-09-05_00:31:43.901[Battery Energy]74.80
2019-09-05_00:31:43.901[Status]Selection Start.
2019-09-05_00:31:45.581[Status]Selection End: Do Task 1.
2019-09-05_00:31:45.700[Battery Energy]73.58
2019-09-05_00:31:45.700[Status]Formation Start.
2019-09-05_00:31:45.880[Status]Formation End: To Position 0.
2019-09-05_00:31:45.980[Battery Energy]73.45
2019-09-05_00:31:45.980[Status]Routing Start.
2019-09-05_00:31:46.211[Status]{'coordinate': [140.3270666343056, 251.60635938298213], 'id': 13}
2019-09-05_00:31:46.211[Status]Routing 1: Walk: 1
2019-09-05_00:31:46.320[Battery Energy]73.25
2019-09-05_00:31:46.320[Status]Routing Start.
2019-09-05_00:31:46.505[Status]{'coordinate': [149.6541332686112, 255.21271876596427], 'id': 13}
2019-09-05_00:31:46.505[Status]Routing 2: Walk: 2
2019-09-05_00:31:46.620[Battery Energy]73.04
2019-09-05_00:31:46.620[Status]Routing Start.
2019-09-05_00:31:46.785[Status]{'coordinate': [158.98119990291679, 258.8190781489464], 'id': 13}
2019-09-05_00:31:46.785[Status]Routing 3: Walk: 3
2019-09-05_00:31:46.888[Battery Energy]72.81
2019-09-05_00:31:46.888[Status]Routing Start.
2019-09-05_00:31:47.087[Status]{'coordinate': [168.30826653722238, 262.42543753192854], 'id': 13}
2019-09-05_00:31:47.087[Status]Routing 4: Walk: 4
2019-09-05_00:31:47.187[Battery Energy]72.59
2019-09-05_00:31:47.187[Status]Routing Start.
2019-09-05_00:31:47.401[Status]{'coordinate': [177.63533317152798, 266.0317969149107], 'id': 13}
2019-09-05_00:31:47.401[Status]Routing 5: Walk: 5
2019-09-05_00:31:47.504[Battery Energy]72.36
2019-09-05_00:31:47.504[Status]Routing Start.
2019-09-05_00:31:47.846[Status]{'coordinate': [186.96239980583357, 269.6381562978928], 'id': 13}
2019-09-05_00:31:47.846[Status]Routing 6: Walk: 6
2019-09-05_00:31:47.956[Battery Energy]72.01
2019-09-05_00:31:47.956[Status]Routing Start.
2019-09-05_00:31:48.305[Status]{'coordinate': [196.28946644013917, 273.24451568087494], 'id': 13}
2019-09-05_00:31:48.305[Status]Routing 7: Walk: 7
2019-09-05_00:31:48.406[Battery Energy]71.69
2019-09-05_00:31:48.406[Status]Routing Start.
2019-09-05_00:31:48.741[Status]{'coordinate': [205.61653307444476, 276.8508750638571], 'id': 13}
2019-09-05_00:31:48.741[Status]Routing 8: Walk: 8
2019-09-05_00:31:48.848[Battery Energy]71.40
2019-09-05_00:31:48.848[Status]Routing Start.
2019-09-05_00:31:49.197[Status]{'coordinate': [214.94359970875036, 280.4572344468392], 'id': 13}
2019-09-05_00:31:49.197[Status]Routing 9: Walk: 9
2019-09-05_00:31:49.302[Battery Energy]71.07
2019-09-05_00:31:49.302[Status]Routing Start.
2019-09-05_00:31:49.662[Status]{'coordinate': [224.27066634305595, 284.06359382982134], 'id': 13}
2019-09-05_00:31:49.662[Status]Routing 10: Walk: 10
2019-09-05_00:31:49.762[Battery Energy]70.77
2019-09-05_00:31:49.762[Status]Routing Start.
2019-09-05_00:31:50.127[Status]{'coordinate': [233.59773297736155, 287.6699532128035], 'id': 13}
2019-09-05_00:31:50.129[Status]Routing 11: Walk: 11
2019-09-05_00:31:50.240[Battery Energy]70.42
2019-09-05_00:31:50.240[Status]Routing Start.
2019-09-05_00:31:50.638[Status]{'coordinate': [242.92479961166714, 291.2763125957856], 'id': 13}
2019-09-05_00:31:50.638[Status]Routing 12: Walk: 12
2019-09-05_00:31:50.738[Battery Energy]70.07
2019-09-05_00:31:50.738[Status]Routing Start.
2019-09-05_00:31:51.077[Status]{'coordinate': [252.25186624597274, 294.88267197876775], 'id': 13}
2019-09-05_00:31:51.077[Status]Routing 13: Walk: 13
2019-09-05_00:31:51.177[Battery Energy]69.79
2019-09-05_00:31:51.177[Status]Routing Start.
2019-09-05_00:31:51.600[Status]{'coordinate': [261.57893288027833, 298.4890313617499], 'id': 13}
2019-09-05_00:31:51.600[Status]Routing 14: Walk: 14
2019-09-05_00:31:51.700[Battery Energy]69.38
2019-09-05_00:31:51.700[Status]Routing Start.
2019-09-05_00:31:52.053[Status]{'coordinate': [270.9059995145839, 302.095390744732], 'id': 13}
2019-09-05_00:31:52.055[Status]Routing 15: Walk: 15
2019-09-05_00:31:52.155[Battery Energy]69.07
2019-09-05_00:31:52.155[Status]Routing Start.
2019-09-05_00:31:52.538[Status]{'coordinate': [280.2330661488895, 305.70175012771415], 'id': 13}
2019-09-05_00:31:52.538[Status]Routing 16: Walk: 16
2019-09-05_00:31:52.638[Battery Energy]68.78
2019-09-05_00:31:52.638[Status]Routing Start.
2019-09-05_00:31:53.073[Status]{'coordinate': [289.5601327831951, 309.3081095106963], 'id': 13}
2019-09-05_00:31:53.073[Status]Routing 17: Walk: 17
2019-09-05_00:31:53.173[Battery Energy]68.34
2019-09-05_00:31:53.173[Status]Routing Start.
2019-09-05_00:31:53.522[Status]{'coordinate': [298.8871994175007, 312.9144688936784], 'id': 13}
2019-09-05_00:31:53.522[Status]Routing 18: Walk: 18
2019-09-05_00:31:53.624[Battery Energy]68.02
2019-09-05_00:31:53.624[Status]Routing Start.
2019-09-05_00:31:53.945[Status]{'coordinate': [308.2142660518063, 316.52082827666055], 'id': 13}
2019-09-05_00:31:53.945[Status]Routing 19: Walk: 19
2019-09-05_00:31:54.046[Battery Energy]67.72
2019-09-05_00:31:54.046[Status]Routing Start.
2019-09-05_00:31:54.349[Status]{'coordinate': [317.5413326861119, 320.1271876596427], 'id': 13}
2019-09-05_00:31:54.349[Status]Routing 20: Walk: 20
2019-09-05_00:31:54.452[Battery Energy]67.45
2019-09-05_00:31:54.452[Status]Routing Start.
2019-09-05_00:31:54.784[Status]{'coordinate': [326.8683993204175, 323.7335470426248], 'id': 13}
2019-09-05_00:31:54.784[Status]Routing 21: Walk: 21
2019-09-05_00:31:54.891[Battery Energy]67.14
2019-09-05_00:31:54.891[Status]Routing Start.
2019-09-05_00:31:55.167[Status]{'coordinate': [336.1954659547231, 327.33990642560696], 'id': 13}
2019-09-05_00:31:55.174[Status]Routing 22: Walk: 22
2019-09-05_00:31:55.275[Battery Energy]66.86
2019-09-05_00:31:55.275[Status]Routing Start.
2019-09-05_00:31:55.631[Status]{'coordinate': [345.5225325890287, 330.9462658085891], 'id': 13}
2019-09-05_00:31:55.631[Status]Routing 23: Walk: 23
2019-09-05_00:31:55.731[Battery Energy]66.53
2019-09-05_00:31:55.731[Status]Routing Start.
2019-09-05_00:31:56.040[Status]{'coordinate': [354.8495992233343, 334.5526251915712], 'id': 13}
2019-09-05_00:31:56.040[Status]Routing 24: Walk: 24
2019-09-05_00:31:56.141[Battery Energy]66.22
2019-09-05_00:31:56.141[Status]Routing Start.
2019-09-05_00:31:56.525[Status]{'coordinate': [364.1766658576399, 338.15898457455336], 'id': 13}
2019-09-05_00:31:56.525[Status]Routing 25: Walk: 25
2019-09-05_00:31:56.625[Battery Energy]65.88
2019-09-05_00:31:56.625[Status]Routing Start.
2019-09-05_00:31:56.889[Status]{'coordinate': [373.50373249194547, 341.7653439575355], 'id': 13}
2019-09-05_00:31:56.889[Status]Routing 26: Walk: 26
2019-09-05_00:31:56.989[Battery Energy]65.61
2019-09-05_00:31:56.989[Status]Routing Start.
2019-09-05_00:31:57.422[Status]{'coordinate': [382.83079912625107, 345.3717033405176], 'id': 13}
2019-09-05_00:31:57.423[Status]Routing 27: Walk: 27
2019-09-05_00:31:57.523[Battery Energy]65.27
2019-09-05_00:31:57.523[Status]Routing Start.
2019-09-05_00:31:57.916[Status]{'coordinate': [392.15786576055666, 348.97806272349976], 'id': 13}
2019-09-05_00:31:57.916[Status]Routing 28: Walk: 28
2019-09-05_00:31:58.016[Battery Energy]64.95
2019-09-05_00:31:58.016[Status]Routing Start.
2019-09-05_00:31:58.398[Status]{'coordinate': [401.48493239486226, 352.5844221064819], 'id': 13}
2019-09-05_00:31:58.398[Status]Routing 29: Walk: 29
2019-09-05_00:31:58.499[Battery Energy]64.62
2019-09-05_00:31:58.499[Status]Routing Start.
2019-09-05_00:31:58.814[Status]{'coordinate': [410.81199902916785, 356.19078148946403], 'id': 13}
2019-09-05_00:31:58.814[Status]Routing 30: Walk: 30
2019-09-05_00:31:58.919[Battery Energy]64.34
2019-09-05_00:31:58.919[Status]Routing Start.
2019-09-05_00:31:59.269[Status]{'coordinate': [420.13906566347345, 359.79714087244616], 'id': 13}
2019-09-05_00:31:59.271[Status]Routing 31: Walk: 31
2019-09-05_00:31:59.371[Battery Energy]63.97
2019-09-05_00:31:59.371[Status]Routing Start.
2019-09-05_00:31:59.745[Status]{'coordinate': [429.46613229777904, 363.4035002554283], 'id': 13}
2019-09-05_00:31:59.745[Status]Routing 32: Walk: 32
2019-09-05_00:31:59.851[Battery Energy]63.63
2019-09-05_00:31:59.851[Status]Routing Start.
2019-09-05_00:32:00.256[Status]{'coordinate': [438.79319893208464, 367.00985963841043], 'id': 13}
2019-09-05_00:32:00.256[Status]Routing 33: Walk: 33
2019-09-05_00:32:00.364[Battery Energy]63.30
2019-09-05_00:32:00.364[Status]Routing Start.
2019-09-05_00:32:00.661[Status]{'coordinate': [448.12026556639023, 370.61621902139257], 'id': 13}
2019-09-05_00:32:00.662[Status]Routing 34: Walk: 34
2019-09-05_00:32:00.762[Battery Energy]62.98
2019-09-05_00:32:00.762[Status]Routing Start.
2019-09-05_00:32:01.091[Status]{'coordinate': [457.4473322006958, 374.2225784043747], 'id': 13}
2019-09-05_00:32:01.092[Status]Routing 35: Walk: 35
2019-09-05_00:32:01.192[Battery Energy]62.66
2019-09-05_00:32:01.192[Status]Routing Start.
2019-09-05_00:32:01.721[Status]{'coordinate': [466.7743988350014, 377.82893778735684], 'id': 13}
2019-09-05_00:32:01.723[Status]Routing 36: Walk: 36
2019-09-05_00:32:01.823[Battery Energy]62.20
2019-09-05_00:32:01.823[Status]Routing Start.
2019-09-05_00:32:02.130[Status]{'coordinate': [476.101465469307, 381.43529717033897], 'id': 13}
2019-09-05_00:32:02.132[Status]Routing 37: Walk: 37
2019-09-05_00:32:02.234[Battery Energy]61.89
2019-09-05_00:32:02.235[Status]Routing Start.
2019-09-05_00:32:02.535[Status]{'coordinate': [485.4285321036126, 385.0416565533211], 'id': 13}
2019-09-05_00:32:02.536[Status]Routing 38: Walk: 38
2019-09-05_00:32:02.636[Battery Energy]61.58
2019-09-05_00:32:02.636[Status]Routing Start.
2019-09-05_00:32:03.086[Status]{'coordinate': [494.7555987379182, 388.64801593630324], 'id': 13}
2019-09-05_00:32:03.089[Status]Routing 39: Walk: 39
2019-09-05_00:32:03.190[Battery Energy]61.14
2019-09-05_00:32:03.190[Status]Routing Start.
2019-09-05_00:32:03.552[Status]{'coordinate': [504.0826653722238, 392.2543753192854], 'id': 13}
2019-09-05_00:32:03.555[Status]Routing 40: Walk: 40
2019-09-05_00:32:03.660[Battery Energy]60.81
2019-09-05_00:32:03.660[Status]Routing Start.
2019-09-05_00:32:04.010[Status]{'coordinate': [513.4097320065293, 395.8607347022675], 'id': 13}
2019-09-05_00:32:04.011[Status]Routing 41: Walk: 41
2019-09-05_00:32:04.111[Battery Energy]60.48
2019-09-05_00:32:04.111[Status]Routing Start.
2019-09-05_00:32:04.526[Status]{'coordinate': [522.7367986408349, 399.46709408524964], 'id': 13}
2019-09-05_00:32:04.529[Status]Routing 42: Walk: 42
2019-09-05_00:32:04.630[Battery Energy]60.16
2019-09-05_00:32:04.630[Status]Routing Start.
2019-09-05_00:32:05.041[Status]{'coordinate': [532.0638652751404, 403.0734534682318], 'id': 13}
2019-09-05_00:32:05.041[Status]Routing 43: Walk: 43
2019-09-05_00:32:05.142[Battery Energy]59.83
2019-09-05_00:32:05.142[Status]Routing Start.
2019-09-05_00:32:05.483[Status]{'coordinate': [541.390931909446, 406.6798128512139], 'id': 13}
2019-09-05_00:32:05.488[Status]Routing 44: Walk: 44
2019-09-05_00:32:05.596[Battery Energy]59.51
2019-09-05_00:32:05.596[Status]Routing Start.
2019-09-05_00:32:05.955[Status]{'coordinate': [550.7179985437515, 410.28617223419604], 'id': 13}
2019-09-05_00:32:05.955[Status]Routing 45: Walk: 45
2019-09-05_00:32:06.060[Battery Energy]59.17
2019-09-05_00:32:06.060[Status]Routing Start.
2019-09-05_00:32:06.448[Status]{'coordinate': [560.045065178057, 413.8925316171782], 'id': 13}
2019-09-05_00:32:06.448[Status]Routing 46: Walk: 46
2019-09-05_00:32:06.548[Battery Energy]58.83
2019-09-05_00:32:06.549[Status]Routing Start.
2019-09-05_00:32:06.914[Status]{'coordinate': [569.3721318123626, 417.4988910001603], 'id': 13}
2019-09-05_00:32:06.914[Status]Routing 47: Walk: 47
2019-09-05_00:32:07.024[Battery Energy]58.53
2019-09-05_00:32:07.024[Status]Routing Start.
2019-09-05_00:32:07.341[Status]{'coordinate': [578.6991984466681, 421.10525038314245], 'id': 13}
2019-09-05_00:32:07.341[Status]Routing 48: Walk: 48
2019-09-05_00:32:07.441[Battery Energy]58.26
2019-09-05_00:32:07.442[Status]Routing Start.
2019-09-05_00:32:07.779[Status]{'coordinate': [588.0262650809736, 424.7116097661246], 'id': 13}
2019-09-05_00:32:07.779[Status]Routing 49: Walk: 49
2019-09-05_00:32:07.892[Battery Energy]57.97
2019-09-05_00:32:07.892[Status]Routing Start.
2019-09-05_00:32:08.124[Status]{'coordinate': [597.3533317152792, 428.3179691491067], 'id': 13}
2019-09-05_00:32:08.124[Status]Routing 50: Walk: 50
2019-09-05_00:32:08.232[Battery Energy]57.72
2019-09-05_00:32:08.232[Status]Routing Start.
2019-09-05_00:32:08.439[Status]{'coordinate': [606.6803983495847, 431.92432853208885], 'id': 13}
2019-09-05_00:32:08.440[Status]Routing 51: Walk: 51
2019-09-05_00:32:08.556[Battery Energy]57.47
2019-09-05_00:32:08.556[Status]Routing Start.
2019-09-05_00:32:08.873[Status]{'coordinate': [616.0074649838903, 435.530687915071], 'id': 13}
2019-09-05_00:32:08.873[Status]Routing 52: Walk: 52
2019-09-05_00:32:08.976[Battery Energy]57.12
2019-09-05_00:32:08.976[Status]Routing Start.
2019-09-05_00:32:09.375[Status]{'coordinate': [625.3345316181958, 439.1370472980531], 'id': 13}
2019-09-05_00:32:09.375[Status]Routing 53: Walk: 53
2019-09-05_00:32:09.475[Battery Energy]56.77
2019-09-05_00:32:09.475[Status]Routing Start.
2019-09-05_00:32:09.872[Status]{'coordinate': [634.6615982525013, 442.74340668103525], 'id': 13}
2019-09-05_00:32:09.872[Status]Routing 54: Walk: 54
2019-09-05_00:32:09.984[Battery Energy]56.48
2019-09-05_00:32:09.984[Status]Routing Start.
2019-09-05_00:32:10.343[Status]{'coordinate': [643.9886648868069, 446.3497660640174], 'id': 13}
2019-09-05_00:32:10.343[Status]Routing 55: Walk: 55
2019-09-05_00:32:10.447[Battery Energy]56.15
2019-09-05_00:32:10.447[Status]Routing Start.
2019-09-05_00:32:10.784[Status]{'coordinate': [653.3157315211124, 449.9561254469995], 'id': 13}
2019-09-05_00:32:10.784[Status]Routing 56: Walk: 56
2019-09-05_00:32:10.884[Battery Energy]55.82
2019-09-05_00:32:10.884[Status]Routing Start.
2019-09-05_00:32:11.295[Status]{'coordinate': [662.642798155418, 453.56248482998166], 'id': 13}
2019-09-05_00:32:11.295[Status]Routing 57: Walk: 57
2019-09-05_00:32:11.395[Battery Energy]55.46
2019-09-05_00:32:11.396[Status]Routing Start.
2019-09-05_00:32:11.759[Status]{'coordinate': [671.9698647897235, 457.1688442129638], 'id': 13}
2019-09-05_00:32:11.759[Status]Routing 58: Walk: 58
2019-09-05_00:32:11.859[Battery Energy]55.11
2019-09-05_00:32:11.859[Status]Routing Start.
2019-09-05_00:32:12.144[Status]{'coordinate': [681.296931424029, 460.7752035959459], 'id': 13}
2019-09-05_00:32:12.144[Status]Routing 59: Walk: 59
2019-09-05_00:32:12.256[Battery Energy]54.83
2019-09-05_00:32:12.256[Status]Routing Start.
2019-09-05_00:32:12.388[Status]{'coordinate': [690.6239980583346, 464.38156297892806], 'id': 13}
2019-09-05_00:32:12.388[Status]Routing 60: Walk: 60
2019-09-05_00:32:12.492[Battery Energy]54.63
2019-09-05_00:32:12.492[Status]Routing Start.
2019-09-05_00:32:12.781[Status]{'coordinate': [699.9510646926401, 467.9879223619102], 'id': 13}
2019-09-05_00:32:12.782[Status]Routing 61: Walk: 61
2019-09-05_00:32:12.885[Battery Energy]54.33
2019-09-05_00:32:12.885[Status]Routing Start.
2019-09-05_00:32:13.203[Status]{'coordinate': [709.2781313269456, 471.5942817448923], 'id': 13}
2019-09-05_00:32:13.203[Status]Routing 62: Walk: 62
2019-09-05_00:32:13.324[Battery Energy]54.05
2019-09-05_00:32:13.324[Status]Routing Start.
2019-09-05_00:32:13.617[Status]{'coordinate': [718.6051979612512, 475.20064112787446], 'id': 13}
2019-09-05_00:32:13.617[Status]Routing 63: Walk: 63
2019-09-05_00:32:13.717[Battery Energy]53.79
2019-09-05_00:32:13.717[Status]Routing Start.
2019-09-05_00:32:13.941[Status]{'coordinate': [727.9322645955567, 478.8070005108566], 'id': 13}
2019-09-05_00:32:13.941[Status]Routing 64: Walk: 64
2019-09-05_00:32:14.044[Battery Energy]53.56
2019-09-05_00:32:14.044[Status]Routing Start.
2019-09-05_00:32:14.270[Status]{'coordinate': [737.2593312298623, 482.41335989383873], 'id': 13}
2019-09-05_00:32:14.273[Status]Routing 65: Walk: 65
2019-09-05_00:32:14.380[Battery Energy]53.33
2019-09-05_00:32:14.380[Status]Routing Start.
2019-09-05_00:32:14.732[Status]{'coordinate': [746.5863978641678, 486.01971927682087], 'id': 13}
2019-09-05_00:32:14.732[Status]Routing 66: Walk: 66
2019-09-05_00:32:14.833[Battery Energy]53.03
2019-09-05_00:32:14.833[Status]Routing Start.
2019-09-05_00:32:15.094[Status]{'coordinate': [755.9134644984733, 489.626078659803], 'id': 13}
2019-09-05_00:32:15.094[Status]Routing 67: Walk: 67
2019-09-05_00:32:15.196[Battery Energy]52.73
2019-09-05_00:32:15.196[Status]Routing Start.
2019-09-05_00:32:15.450[Status]{'coordinate': [765.2405311327789, 493.23243804278513], 'id': 13}
2019-09-05_00:32:15.450[Status]Routing 68: Walk: 68
2019-09-05_00:32:15.564[Battery Energy]52.48
2019-09-05_00:32:15.564[Status]Routing Start.
2019-09-05_00:32:15.720[Status]{'coordinate': [774.5675977670844, 496.83879742576727], 'id': 13}
2019-09-05_00:32:15.720[Status]Routing 69: Walk: 69
2019-09-05_00:32:15.828[Battery Energy]52.27
2019-09-05_00:32:15.828[Status]Routing Start.
2019-09-05_00:32:15.998[Status]{'coordinate': [783.89466440139, 500.4451568087494], 'id': 13}
2019-09-05_00:32:15.998[Status]Routing 70: Walk: 70
2019-09-05_00:32:16.116[Battery Energy]52.05
2019-09-05_00:32:16.116[Status]Routing Start.
2019-09-05_00:32:16.298[Status]{'coordinate': [793.2217310356955, 504.05151619173154], 'id': 13}
2019-09-05_00:32:16.298[Status]Routing 71: Walk: 71
2019-09-05_00:32:16.410[Battery Energy]51.80
2019-09-05_00:32:16.410[Status]Routing Start.
2019-09-05_00:32:16.702[Status]{'coordinate': [802.548797670001, 507.65787557471367], 'id': 13}
2019-09-05_00:32:16.702[Status]Routing 72: Walk: 72
2019-09-05_00:32:16.815[Battery Energy]51.51
2019-09-05_00:32:16.820[Status]Routing Start.
2019-09-05_00:32:17.009[Status]{'coordinate': [811.8758643043066, 511.2642349576958], 'id': 13}
2019-09-05_00:32:17.009[Status]Routing 73: Walk: 73
2019-09-05_00:32:17.144[Battery Energy]51.31
2019-09-05_00:32:17.145[Status]Routing Start.
2019-09-05_00:32:17.289[Status]{'coordinate': [821.2029309386121, 514.8705943406779], 'id': 13}
2019-09-05_00:32:17.289[Status]Routing 74: Walk: 74
2019-09-05_00:32:17.396[Battery Energy]51.08
2019-09-05_00:32:17.396[Status]Routing Start.
2019-09-05_00:32:17.742[Status]{'coordinate': [830.5299975729176, 518.4769537236601], 'id': 13}
2019-09-05_00:32:17.742[Status]Routing 75: Walk: 75
2019-09-05_00:32:17.844[Battery Energy]50.75
2019-09-05_00:32:17.844[Status]Routing Start.
2019-09-05_00:32:18.018[Status]{'coordinate': [839.8570642072232, 522.0833131066423], 'id': 13}
2019-09-05_00:32:18.018[Status]Routing 76: Walk: 76
2019-09-05_00:32:18.122[Battery Energy]50.54
2019-09-05_00:32:18.122[Status]Routing Start.
2019-09-05_00:32:18.338[Status]{'coordinate': [849.1841308415287, 525.6896724896245], 'id': 13}
2019-09-05_00:32:18.340[Status]Routing 77: Walk: 77
2019-09-05_00:32:18.440[Battery Energy]50.27
2019-09-05_00:32:18.440[Status]Routing Start.
2019-09-05_00:32:18.702[Status]{'coordinate': [858.5111974758343, 529.2960318726067], 'id': 13}
2019-09-05_00:32:18.702[Status]Routing 78: Walk: 78
2019-09-05_00:32:18.802[Battery Energy]50.04
2019-09-05_00:32:18.802[Status]Routing Start.
2019-09-05_00:32:19.140[Status]{'coordinate': [867.8382641101398, 532.9023912555889], 'id': 13}
2019-09-05_00:32:19.140[Status]Routing 79: Walk: 79
2019-09-05_00:32:19.268[Battery Energy]49.69
2019-09-05_00:32:19.268[Status]Routing Start.
2019-09-05_00:32:19.423[Status]{'coordinate': [877.1653307444453, 536.5087506385711], 'id': 13}
2019-09-05_00:32:19.425[Status]Routing 80: Walk: 80
2019-09-05_00:32:19.535[Battery Energy]49.47
2019-09-05_00:32:19.535[Status]Routing Start.
2019-09-05_00:32:19.741[Status]{'coordinate': [886.4923973787509, 540.1151100215533], 'id': 13}
2019-09-05_00:32:19.741[Status]Routing 81: Walk: 81
2019-09-05_00:32:19.841[Battery Energy]49.28
2019-09-05_00:32:19.841[Status]Routing Start.
2019-09-05_00:32:20.027[Status]{'coordinate': [895.8194640130564, 543.7214694045355], 'id': 13}
2019-09-05_00:32:20.027[Status]Routing 82: Walk: 82
2019-09-05_00:32:20.128[Battery Energy]49.01
2019-09-05_00:32:20.128[Status]Routing Start.
2019-09-05_00:32:20.318[Status]{'coordinate': [905.1465306473619, 547.3278287875177], 'id': 13}
2019-09-05_00:32:20.318[Status]Routing 83: Walk: 83
2019-09-05_00:32:20.432[Battery Energy]48.80
2019-09-05_00:32:20.432[Status]Routing Start.
2019-09-05_00:32:20.583[Status]{'coordinate': [914.4735972816675, 550.9341881704999], 'id': 13}
2019-09-05_00:32:20.583[Status]Routing 84: Walk: 84
2019-09-05_00:32:20.692[Battery Energy]48.59
2019-09-05_00:32:20.692[Status]Routing Start.
2019-09-05_00:32:21.116[Status]{'coordinate': [923.8006639159731, 554.5405475534819], 'id': 13}
2019-09-05_00:32:21.116[Status]Routing 85: Walk: 85
2019-09-05_00:32:21.236[Battery Energy]48.27
2019-09-05_00:32:21.236[Status]Routing Start.
2019-09-05_00:32:21.545[Status]{'coordinate': [933.1277305502788, 558.1469069364641], 'id': 13}
2019-09-05_00:32:21.545[Status]Routing 86: Walk: 86
2019-09-05_00:32:21.646[Battery Energy]48.02
2019-09-05_00:32:21.646[Status]Routing Start.
2019-09-05_00:32:21.998[Status]{'coordinate': [942.4547971845844, 561.7532663194463], 'id': 13}
2019-09-05_00:32:22.005[Status]Routing 87: Walk: 87
2019-09-05_00:32:22.113[Battery Energy]47.66
2019-09-05_00:32:22.113[Status]Routing Start.
2019-09-05_00:32:22.474[Status]{'coordinate': [951.7818638188901, 565.3596257024284], 'id': 13}
2019-09-05_00:32:22.475[Status]Routing 88: Walk: 88
2019-09-05_00:32:22.575[Battery Energy]47.33
2019-09-05_00:32:22.575[Status]Routing Start.
2019-09-05_00:32:22.925[Status]{'coordinate': [961.1089304531956, 568.9659850854106], 'id': 13}
2019-09-05_00:32:22.926[Status]Routing 89: Walk: 89
2019-09-05_00:32:23.044[Battery Energy]46.99
2019-09-05_00:32:23.044[Status]Routing Start.
2019-09-05_00:32:23.306[Status]{'coordinate': [970.4359970875012, 572.5723444683927], 'id': 13}
2019-09-05_00:32:23.306[Status]Routing 90: Walk: 90
2019-09-05_00:32:23.413[Battery Energy]46.73
2019-09-05_00:32:23.413[Status]Routing Start.
2019-09-05_00:32:23.697[Status]{'coordinate': [979.7630637218068, 576.1787038513748], 'id': 13}
2019-09-05_00:32:23.697[Status]Routing 91: Walk: 91
2019-09-05_00:32:23.797[Battery Energy]46.38
2019-09-05_00:32:23.797[Status]Routing Start.
2019-09-05_00:32:24.137[Status]{'coordinate': [989.0901303561125, 579.7850632343569], 'id': 13}
2019-09-05_00:32:24.137[Status]Routing 92: Walk: 92
2019-09-05_00:32:24.237[Battery Energy]46.04
2019-09-05_00:32:24.237[Status]Routing Start.
2019-09-05_00:32:24.449[Status]{'coordinate': [998.417196990418, 583.3914226173391], 'id': 13}
2019-09-05_00:32:24.449[Status]Routing 93: Walk: 93
2019-09-05_00:32:24.553[Battery Energy]45.80
2019-09-05_00:32:24.553[Status]Routing Start.
2019-09-05_00:32:24.719[Status]{'coordinate': [1007.7442636247235, 586.9977820003212], 'id': 13}
2019-09-05_00:32:24.719[Status]Routing 94: Walk: 94
2019-09-05_00:32:24.819[Battery Energy]45.59
2019-09-05_00:32:24.819[Status]Routing Start.
2019-09-05_00:32:25.024[Status]{'coordinate': [1017.0713302590291, 590.6041413833034], 'id': 13}
2019-09-05_00:32:25.024[Status]Routing 95: Walk: 95
2019-09-05_00:32:25.125[Battery Energy]45.39
2019-09-05_00:32:25.125[Status]Routing Start.
2019-09-05_00:32:25.329[Status]{'coordinate': [1026.3983968933346, 594.2105007662855], 'id': 13}
2019-09-05_00:32:25.329[Status]Routing 96: Walk: 96
2019-09-05_00:32:25.429[Battery Energy]45.17
2019-09-05_00:32:25.429[Status]Routing Start.
2019-09-05_00:32:25.603[Status]{'coordinate': [1035.7254635276402, 597.8168601492675], 'id': 13}
2019-09-05_00:32:25.603[Status]Routing 97: Walk: 97
2019-09-05_00:32:25.708[Battery Energy]44.96
2019-09-05_00:32:25.708[Status]Routing Start.
2019-09-05_00:32:25.901[Status]{'coordinate': [1045.0525301619457, 601.4232195322497], 'id': 13}
2019-09-05_00:32:25.901[Status]Routing 98: Walk: 98
2019-09-05_00:32:26.012[Battery Energy]44.75
2019-09-05_00:32:26.012[Status]Routing Start.
2019-09-05_00:32:26.268[Status]{'coordinate': [1054.3795967962512, 605.0295789152318], 'id': 13}
2019-09-05_00:32:26.268[Status]Routing 99: Walk: 99
2019-09-05_00:32:26.368[Battery Energy]44.50
2019-09-05_00:32:26.368[Status]Routing Start.
2019-09-05_00:32:26.641[Status]{'coordinate': [1063.7066634305568, 608.6359382982139], 'id': 13}
2019-09-05_00:32:26.641[Status]Routing 100: Walk: 100
2019-09-05_00:32:26.748[Battery Energy]44.25
2019-09-05_00:32:26.748[Status]Routing Start.
2019-09-05_00:32:26.904[Status]{'coordinate': [1073.0337300648623, 612.242297681196], 'id': 13}
2019-09-05_00:32:26.905[Status]Routing 101: Walk: 101
2019-09-05_00:32:27.016[Battery Energy]44.05
2019-09-05_00:32:27.016[Status]Routing Start.
2019-09-05_00:32:27.173[Status]{'coordinate': [1082.3607966991678, 615.8486570641782], 'id': 13}
2019-09-05_00:32:27.173[Status]Routing 102: Walk: 102
2019-09-05_00:32:27.273[Battery Energy]43.81
2019-09-05_00:32:27.273[Status]Routing Start.
2019-09-05_00:32:27.636[Status]{'coordinate': [1091.6878633334734, 619.4550164471602], 'id': 13}
2019-09-05_00:32:27.636[Status]Routing 103: Walk: 103
2019-09-05_00:32:27.736[Battery Energy]43.44
2019-09-05_00:32:27.737[Status]Routing Start.
2019-09-05_00:32:28.145[Status]{'coordinate': [1101.014929967779, 623.0613758301423], 'id': 13}
2019-09-05_00:32:28.145[Status]Routing 104: Walk: 104
2019-09-05_00:32:28.245[Battery Energy]42.98
2019-09-05_00:32:28.245[Status]Routing Start.
2019-09-05_00:32:28.629[Status]Routing 105: Walk: 104
2019-09-05_00:32:28.732[Battery Energy]42.62
2019-09-05_00:32:28.732[Status]Routing Start.
2019-09-05_00:32:28.932[Status]{'coordinate': [1110.3419966020845, 626.6677352131245], 'id': 13}
2019-09-05_00:32:28.932[Status]Routing 106: Walk: 105
2019-09-05_00:32:29.032[Battery Energy]42.37
2019-09-05_00:32:29.032[Status]Routing Start.
2019-09-05_00:32:29.485[Status]Routing 107: Walk: 105
2019-09-05_00:32:29.585[Battery Energy]42.02
2019-09-05_00:32:29.585[Status]Routing Start.
2019-09-05_00:32:29.781[Status]{'coordinate': [1119.66906323639, 630.2740945961066], 'id': 13}
2019-09-05_00:32:29.781[Status]Routing 108: Walk: 106
2019-09-05_00:32:29.893[Battery Energy]41.81
2019-09-05_00:32:29.893[Status]Routing Start.
2019-09-05_00:32:30.035[Status]{'coordinate': [1128.9961298706955, 633.8804539790887], 'id': 13}
2019-09-05_00:32:30.035[Status]Routing 109: Walk: 107
2019-09-05_00:32:30.135[Battery Energy]41.62
2019-09-05_00:32:30.135[Status]Routing Start.
2019-09-05_00:32:30.653[Status]{'coordinate': [1138.323196505001, 637.4868133620707], 'id': 13}
2019-09-05_00:32:30.653[Status]Routing 110: Walk: 108
2019-09-05_00:32:30.755[Battery Energy]41.17
2019-09-05_00:32:30.755[Status]Routing Start.
2019-09-05_00:32:31.084[Status]Routing 111: Walk: 108
2019-09-05_00:32:31.184[Battery Energy]40.88
2019-09-05_00:32:31.184[Status]Routing Start.
2019-09-05_00:32:31.433[Status]{'coordinate': [1147.6502631393066, 641.0931727450529], 'id': 13}
2019-09-05_00:32:31.433[Status]Routing 112: Walk: 109
2019-09-05_00:32:31.536[Battery Energy]40.64
2019-09-05_00:32:31.536[Status]Routing Start.
2019-09-05_00:32:31.990[Status]{'coordinate': [1156.9773297736122, 644.699532128035], 'id': 13}
2019-09-05_00:32:31.993[Status]Routing 113: Walk: 110
2019-09-05_00:32:32.093[Battery Energy]40.17
2019-09-05_00:32:32.094[Status]Routing Start.
2019-09-05_00:32:32.517[Status]Routing 114: Walk: 110
2019-09-05_00:32:32.620[Battery Energy]39.84
2019-09-05_00:32:32.620[Status]Routing Start.
2019-09-05_00:32:33.014[Status]Routing 115: Walk: 110
2019-09-05_00:32:33.125[Battery Energy]39.53
2019-09-05_00:32:33.125[Status]Routing Start.
2019-09-05_00:32:33.497[Status]{'coordinate': [1166.3043964079177, 648.3058915110171], 'id': 13}
2019-09-05_00:32:33.497[Status]Routing 116: Walk: 111
2019-09-05_00:32:33.597[Battery Energy]39.17
2019-09-05_00:32:33.597[Status]Routing Start.
2019-09-05_00:32:33.798[Status]{'coordinate': [1175.6314630422232, 651.9122508939993], 'id': 13}
2019-09-05_00:32:33.798[Status]Routing 117: Walk: 112
2019-09-05_00:32:33.900[Battery Energy]38.92
2019-09-05_00:32:33.900[Status]Routing Start.
2019-09-05_00:32:34.401[Status]Routing 118: Walk: 112
2019-09-05_00:32:34.505[Battery Energy]38.50
2019-09-05_00:32:34.505[Status]Routing Start.
2019-09-05_00:32:34.667[Status]{'coordinate': [1184.9585296765288, 655.5186102769813], 'id': 13}
2019-09-05_00:32:34.667[Status]Routing 119: Walk: 113
2019-09-05_00:32:34.767[Battery Energy]38.29
2019-09-05_00:32:34.767[Status]Routing Start.
2019-09-05_00:32:35.152[Status]Routing 120: Walk: 113
2019-09-05_00:32:35.252[Battery Energy]37.94
2019-09-05_00:32:35.252[Status]Routing Start.
2019-09-05_00:32:35.457[Status]{'coordinate': [1194.2855963108343, 659.1249696599634], 'id': 13}
2019-09-05_00:32:35.457[Status]Routing 121: Walk: 114
2019-09-05_00:32:35.557[Battery Energy]37.68
2019-09-05_00:32:35.557[Status]Routing Start.
2019-09-05_00:32:35.970[Status]Routing 122: Walk: 114
2019-09-05_00:32:36.071[Battery Energy]37.32
2019-09-05_00:32:36.071[Status]Routing Start.
2019-09-05_00:32:36.246[Status]{'coordinate': [1203.6126629451398, 662.7313290429456], 'id': 13}
2019-09-05_00:32:36.246[Status]Routing 123: Walk: 115
2019-09-05_00:32:36.346[Battery Energy]37.08
2019-09-05_00:32:36.346[Status]Routing Start.
2019-09-05_00:32:36.701[Status]Routing 124: Walk: 115
2019-09-05_00:32:36.816[Battery Energy]36.75
2019-09-05_00:32:36.816[Status]Routing Start.
2019-09-05_00:32:36.944[Status]{'coordinate': [1212.9397295794454, 666.3376884259277], 'id': 13}
2019-09-05_00:32:36.944[Status]Routing 125: Walk: 116
2019-09-05_00:32:37.044[Battery Energy]36.56
2019-09-05_00:32:37.045[Status]Routing Start.
2019-09-05_00:32:37.465[Status]{'coordinate': [1222.266796213751, 669.9440478089098], 'id': 13}
2019-09-05_00:32:37.465[Status]Routing 126: Walk: 117
2019-09-05_00:32:37.566[Battery Energy]36.24
2019-09-05_00:32:37.566[Status]Routing Start.
2019-09-05_00:32:37.752[Status]{'coordinate': [1231.5938628480565, 673.550407191892], 'id': 13}
2019-09-05_00:32:37.752[Status]Routing 127: Walk: 118
2019-09-05_00:32:37.852[Battery Energy]36.00
2019-09-05_00:32:37.852[Status]Routing Start.
2019-09-05_00:32:38.096[Status]{'coordinate': [1240.920929482362, 677.156766574874], 'id': 13}
2019-09-05_00:32:38.096[Status]Routing 128: Walk: 119
2019-09-05_00:32:38.204[Battery Energy]35.77
2019-09-05_00:32:38.204[Status]Routing Start.
2019-09-05_00:32:38.475[Status]{'coordinate': [1250.2479961166675, 680.7631259578561], 'id': 13}
2019-09-05_00:32:38.475[Status]Routing 129: Walk: 120
2019-09-05_00:32:38.580[Battery Energy]35.51
2019-09-05_00:32:38.580[Status]Routing Start.
2019-09-05_00:32:38.775[Status]{'coordinate': [1259.575062750973, 684.3694853408383], 'id': 13}
2019-09-05_00:32:38.775[Status]Routing 130: Walk: 121
2019-09-05_00:32:38.884[Battery Energy]35.28
2019-09-05_00:32:38.884[Status]Routing Start.
2019-09-05_00:32:39.084[Status]{'coordinate': [1268.9021293852786, 687.9758447238204], 'id': 13}
2019-09-05_00:32:39.085[Status]Routing 131: Walk: 122
2019-09-05_00:32:39.188[Battery Energy]35.05
2019-09-05_00:32:39.188[Status]Routing Start.
2019-09-05_00:32:39.431[Status]{'coordinate': [1278.2291960195842, 691.5822041068025], 'id': 13}
2019-09-05_00:32:39.431[Status]Routing 132: Walk: 123
2019-09-05_00:32:39.552[Battery Energy]34.79
2019-09-05_00:32:39.552[Status]Routing Start.
2019-09-05_00:32:39.781[Status]{'coordinate': [1287.5562626538897, 695.1885634897845], 'id': 13}
2019-09-05_00:32:39.781[Status]Routing 133: Walk: 124
2019-09-05_00:32:39.881[Battery Energy]34.55
2019-09-05_00:32:39.881[Status]Routing Start.
2019-09-05_00:32:40.080[Status]{'coordinate': [1296.8833292881952, 698.7949228727667], 'id': 13}
2019-09-05_00:32:40.080[Status]Routing 134: Walk: 125
2019-09-05_00:32:40.200[Battery Energy]34.33
2019-09-05_00:32:40.200[Status]Routing Start.
2019-09-05_00:32:40.200[Status]Task Finished.
2019-09-05_00:32:40.301[Battery Energy]34.33
2019-09-05_00:32:40.523[Status]Routing 136: Walk: 125
2019-09-05_00:32:40.636[Battery Energy]34.22
2019-09-05_00:32:40.864[Status]Routing 137: Walk: 125
2019-09-05_00:32:40.972[Battery Energy]34.06
2019-09-05_00:32:41.349[Status]Routing 138: Walk: 125
2019-09-05_00:32:41.458[Battery Energy]33.86
2019-09-05_00:32:41.725[Status]Routing 139: Walk: 125
2019-09-05_00:32:41.848[Battery Energy]33.70
2019-09-05_00:32:42.177[Status]Routing 140: Walk: 125
2019-09-05_00:32:42.284[Battery Energy]33.50
2019-09-05_00:32:42.656[Status]Routing 141: Walk: 125
2019-09-05_00:32:42.772[Battery Energy]33.29
2019-09-05_00:32:43.094[Status]Routing 142: Walk: 125
2019-09-05_00:32:43.194[Battery Energy]33.10
2019-09-05_00:32:43.571[Status]Routing 143: Walk: 125
2019-09-05_00:32:43.672[Battery Energy]32.80
2019-09-05_00:32:44.037[Status]Routing 144: Walk: 125
2019-09-05_00:32:44.138[Battery Energy]32.56
2019-09-05_00:32:44.486[Status]Routing 145: Walk: 125
2019-09-05_00:32:44.608[Battery Energy]32.35
2019-09-05_00:32:44.936[Status]Routing 146: Walk: 125
2019-09-05_00:32:45.060[Battery Energy]32.16
2019-09-05_00:32:45.233[Status]Routing 147: Walk: 125
2019-09-05_00:32:45.333[Battery Energy]32.02
2019-09-05_00:32:45.727[Status]Routing 148: Walk: 125
2019-09-05_00:32:45.832[Battery Energy]31.78
2019-09-05_00:32:46.189[Status]Routing 149: Walk: 125
2019-09-05_00:32:46.303[Battery Energy]31.58
2019-09-05_00:32:46.502[Status]Routing 150: Walk: 125
2019-09-05_00:32:46.608[Battery Energy]31.45
2019-09-05_00:32:46.845[Status]Routing 151: Walk: 125
2019-09-05_00:32:46.956[Battery Energy]31.31
2019-09-05_00:32:47.104[Status]Routing 152: Walk: 125
2019-09-05_00:32:47.204[Battery Energy]31.21
2019-09-05_00:32:47.393[Status]Routing 153: Walk: 125
2019-09-05_00:32:47.493[Battery Energy]31.09
2019-09-05_00:32:47.729[Status]Routing 154: Walk: 125
2019-09-05_00:32:47.829[Battery Energy]30.92
2019-09-05_00:32:48.099[Status]Routing 155: Walk: 125
2019-09-05_00:32:48.199[Battery Energy]30.76
2019-09-05_00:32:48.443[Status]Routing 156: Walk: 125
2019-09-05_00:32:48.556[Battery Energy]30.64
2019-09-05_00:32:48.732[Status]Routing 157: Walk: 125
2019-09-05_00:32:48.844[Battery Energy]30.50
2019-09-05_00:32:49.099[Status]Routing 158: Walk: 125
2019-09-05_00:32:49.212[Battery Energy]30.35
2019-09-05_00:32:49.397[Status]Routing 159: Walk: 125
2019-09-05_00:32:49.508[Battery Energy]30.24
2019-09-05_00:32:49.689[Status]Routing 160: Walk: 125
2019-09-05_00:32:49.804[Battery Energy]30.13
2019-09-05_00:32:49.985[Status]Routing 161: Walk: 125
2019-09-05_00:32:50.086[Battery Energy]30.01
2019-09-05_00:32:50.326[Status]Routing 162: Walk: 125
2019-09-05_00:32:50.426[Battery Energy]29.87
2019-09-05_00:32:50.650[Status]Routing 163: Walk: 125
2019-09-05_00:32:50.760[Battery Energy]29.70
2019-09-05_00:32:51.011[Status]Routing 164: Walk: 125
2019-09-05_00:32:51.116[Battery Energy]29.57
2019-09-05_00:32:51.459[Status]Routing 165: Walk: 125
2019-09-05_00:32:51.559[Battery Energy]29.38
2019-09-05_00:32:51.893[Status]Routing 166: Walk: 125
2019-09-05_00:32:52.008[Battery Energy]29.20
2019-09-05_00:32:52.299[Status]Routing 167: Walk: 125
2019-09-05_00:32:52.399[Battery Energy]29.04
2019-09-05_00:32:52.608[Status]Routing 168: Walk: 125
2019-09-05_00:32:52.712[Battery Energy]28.93
2019-09-05_00:32:52.955[Status]Routing 169: Walk: 125
2019-09-05_00:32:53.055[Battery Energy]28.76
2019-09-05_00:32:53.285[Status]Routing 170: Walk: 125
2019-09-05_00:32:53.385[Battery Energy]28.68
2019-09-05_00:32:53.750[Status]Routing 171: Walk: 125
2019-09-05_00:32:53.860[Battery Energy]28.48
2019-09-05_00:32:54.108[Status]Routing 172: Walk: 125
2019-09-05_00:32:54.211[Battery Energy]28.34
2019-09-05_00:32:54.634[Status]Routing 173: Walk: 125
2019-09-05_00:32:54.750[Battery Energy]28.08
2019-09-05_00:32:54.952[Status]Routing 174: Walk: 125
2019-09-05_00:32:55.067[Battery Energy]27.94
2019-09-05_00:32:55.285[Status]Routing 175: Walk: 125
2019-09-05_00:32:55.385[Battery Energy]27.81
2019-09-05_00:32:55.603[Status]Routing 176: Walk: 125
2019-09-05_00:32:55.703[Battery Energy]27.70
2019-09-05_00:32:56.046[Status]Routing 177: Walk: 125
2019-09-05_00:32:56.146[Battery Energy]27.48
2019-09-05_00:32:56.312[Status]Routing 178: Walk: 125
2019-09-05_00:32:56.413[Battery Energy]27.37
2019-09-05_00:32:56.557[Status]Routing 179: Walk: 125
2019-09-05_00:32:56.657[Battery Energy]27.28
2019-09-05_00:32:57.050[Status]Routing 180: Walk: 125
2019-09-05_00:32:57.156[Battery Energy]27.08
2019-09-05_00:32:57.380[Status]Routing 181: Walk: 125
2019-09-05_00:32:57.481[Battery Energy]26.95
2019-09-05_00:32:57.701[Status]Routing 182: Walk: 125
2019-09-05_00:32:57.808[Battery Energy]26.82
2019-09-05_00:32:58.006[Status]Routing 183: Walk: 125
2019-09-05_00:32:58.106[Battery Energy]26.72
2019-09-05_00:32:58.278[Status]Routing 184: Walk: 125
2019-09-05_00:32:58.389[Battery Energy]26.62
