2019-09-05_00:31:37.589[Status]Start.
2019-09-05_00:31:37.590[Battery Energy]75.00
2019-09-05_00:31:38.691[Battery Energy]74.96
2019-09-05_00:31:39.792[Battery Energy]74.92
2019-09-05_00:31:40.893[Battery Energy]74.88
2019-09-05_00:31:41.994[Battery Energy]74.84
2019-09-05_00:31:43.095[Task]A New Task Released.
2019-09-05_00:31:43.096[Battery Energy]74.80
2019-09-05_00:31:43.096[Status]Selection Start.
2019-09-05_00:31:45.582[Status]Selection End: Do Task 1.
2019-09-05_00:31:45.704[Battery Energy]73.10
2019-09-05_00:31:45.704[Status]Formation Start.
2019-09-05_00:31:45.873[Status]Formation End: To Position 3.
2019-09-05_00:31:45.973[Battery Energy]72.98
2019-09-05_00:31:45.973[Status]Routing Start.
2019-09-05_00:31:46.210[Status]{'coordinate': [65.98196104062995, 680.600378033697], 'id': 8}
2019-09-05_00:31:46.211[Status]Routing 1: Walk: 1
2019-09-05_00:31:46.328[Battery Energy]72.78
2019-09-05_00:31:46.328[Status]Routing Start.
2019-09-05_00:31:46.505[Status]{'coordinate': [75.96392208125991, 681.200756067394], 'id': 8}
2019-09-05_00:31:46.505[Status]Routing 2: Walk: 2
2019-09-05_00:31:46.606[Battery Energy]72.56
2019-09-05_00:31:46.606[Status]Routing Start.
2019-09-05_00:31:46.783[Status]{'coordinate': [85.94588312188986, 681.801134101091], 'id': 8}
2019-09-05_00:31:46.783[Status]Routing 3: Walk: 3
2019-09-05_00:31:46.883[Battery Energy]72.33
2019-09-05_00:31:46.883[Status]Routing Start.
2019-09-05_00:31:47.086[Status]{'coordinate': [95.92784416251982, 682.4015121347879], 'id': 8}
2019-09-05_00:31:47.086[Status]Routing 4: Walk: 4
2019-09-05_00:31:47.186[Battery Energy]72.12
2019-09-05_00:31:47.186[Status]Routing Start.
2019-09-05_00:31:47.401[Status]{'coordinate': [105.90980520314977, 683.0018901684849], 'id': 8}
2019-09-05_00:31:47.401[Status]Routing 5: Walk: 5
2019-09-05_00:31:47.501[Battery Energy]71.88
2019-09-05_00:31:47.501[Status]Routing Start.
2019-09-05_00:31:47.846[Status]{'coordinate': [115.89176624377973, 683.6022682021819], 'id': 8}
2019-09-05_00:31:47.846[Status]Routing 6: Walk: 6
2019-09-05_00:31:47.946[Battery Energy]71.52
2019-09-05_00:31:47.946[Status]Routing Start.
2019-09-05_00:31:48.304[Status]{'coordinate': [125.87372728440968, 684.2026462358789], 'id': 8}
2019-09-05_00:31:48.305[Status]Routing 7: Walk: 7
2019-09-05_00:31:48.405[Battery Energy]71.17
2019-09-05_00:31:48.405[Status]Routing Start.
2019-09-05_00:31:48.737[Status]{'coordinate': [135.85568832503964, 684.8030242695759], 'id': 8}
2019-09-05_00:31:48.737[Status]Routing 8: Walk: 8
2019-09-05_00:31:48.837[Battery Energy]70.91
2019-09-05_00:31:48.837[Status]Routing Start.
2019-09-05_00:31:49.195[Status]{'coordinate': [145.8376493656696, 685.4034023032729], 'id': 8}
2019-09-05_00:31:49.195[Status]Routing 9: Walk: 9
2019-09-05_00:31:49.300[Battery Energy]70.59
2019-09-05_00:31:49.300[Status]Routing Start.
2019-09-05_00:31:49.655[Status]{'coordinate': [155.81961040629955, 686.0037803369698], 'id': 8}
2019-09-05_00:31:49.655[Status]Routing 10: Walk: 10
2019-09-05_00:31:49.756[Battery Energy]70.26
2019-09-05_00:31:49.756[Status]Routing Start.
2019-09-05_00:31:50.141[Status]{'coordinate': [165.8015714469295, 686.6041583706668], 'id': 8}
2019-09-05_00:31:50.141[Status]Routing 11: Walk: 11
2019-09-05_00:31:50.252[Battery Energy]69.90
2019-09-05_00:31:50.252[Status]Routing Start.
2019-09-05_00:31:50.646[Status]{'coordinate': [175.78353248755946, 687.2045364043638], 'id': 8}
2019-09-05_00:31:50.646[Status]Routing 12: Walk: 12
2019-09-05_00:31:50.748[Battery Energy]69.55
2019-09-05_00:31:50.748[Status]Routing Start.
2019-09-05_00:31:51.078[Status]{'coordinate': [185.7654935281894, 687.8049144380608], 'id': 8}
2019-09-05_00:31:51.078[Status]Routing 13: Walk: 13
2019-09-05_00:31:51.184[Battery Energy]69.21
2019-09-05_00:31:51.184[Status]Routing Start.
2019-09-05_00:31:51.603[Status]{'coordinate': [195.74745456881936, 688.4052924717578], 'id': 8}
2019-09-05_00:31:51.603[Status]Routing 14: Walk: 14
2019-09-05_00:31:51.712[Battery Energy]68.88
2019-09-05_00:31:51.712[Status]Routing Start.
2019-09-05_00:31:52.071[Status]{'coordinate': [205.72941560944932, 689.0056705054548], 'id': 8}
2019-09-05_00:31:52.071[Status]Routing 15: Walk: 15
2019-09-05_00:31:52.172[Battery Energy]68.59
2019-09-05_00:31:52.172[Status]Routing Start.
2019-09-05_00:31:52.539[Status]{'coordinate': [215.71137665007927, 689.6060485391517], 'id': 8}
2019-09-05_00:31:52.539[Status]Routing 16: Walk: 16
2019-09-05_00:31:52.644[Battery Energy]68.22
2019-09-05_00:31:52.644[Status]Routing Start.
2019-09-05_00:31:53.070[Status]{'coordinate': [225.69333769070923, 690.2064265728487], 'id': 8}
2019-09-05_00:31:53.071[Status]Routing 17: Walk: 17
2019-09-05_00:31:53.176[Battery Energy]67.85
2019-09-05_00:31:53.176[Status]Routing Start.
2019-09-05_00:31:53.522[Status]{'coordinate': [235.67529873133918, 690.8068046065457], 'id': 8}
2019-09-05_00:31:53.522[Status]Routing 18: Walk: 18
2019-09-05_00:31:53.622[Battery Energy]67.54
2019-09-05_00:31:53.622[Status]Routing Start.
2019-09-05_00:31:53.943[Status]{'coordinate': [245.65725977196914, 691.4071826402427], 'id': 8}
2019-09-05_00:31:53.944[Status]Routing 19: Walk: 19
2019-09-05_00:31:54.053[Battery Energy]67.23
2019-09-05_00:31:54.053[Status]Routing Start.
2019-09-05_00:31:54.350[Status]{'coordinate': [255.6392208125991, 692.0075606739397], 'id': 8}
2019-09-05_00:31:54.350[Status]Routing 20: Walk: 20
2019-09-05_00:31:54.456[Battery Energy]66.93
2019-09-05_00:31:54.456[Status]Routing Start.
2019-09-05_00:31:54.780[Status]{'coordinate': [265.621181853229, 692.6079387076367], 'id': 8}
2019-09-05_00:31:54.782[Status]Routing 21: Walk: 21
2019-09-05_00:31:54.882[Battery Energy]66.62
2019-09-05_00:31:54.882[Status]Routing Start.
2019-09-05_00:31:55.190[Status]{'coordinate': [275.60314289385894, 693.2083167413336], 'id': 8}
2019-09-05_00:31:55.190[Status]Routing 22: Walk: 22
2019-09-05_00:31:55.293[Battery Energy]66.28
2019-09-05_00:31:55.293[Status]Routing Start.
2019-09-05_00:31:55.634[Status]{'coordinate': [285.58510393448887, 693.8086947750306], 'id': 8}
2019-09-05_00:31:55.634[Status]Routing 23: Walk: 23
2019-09-05_00:31:55.734[Battery Energy]65.94
2019-09-05_00:31:55.734[Status]Routing Start.
2019-09-05_00:31:56.046[Status]{'coordinate': [295.5670649751188, 694.4090728087276], 'id': 8}
2019-09-05_00:31:56.046[Status]Routing 24: Walk: 24
2019-09-05_00:31:56.156[Battery Energy]65.65
2019-09-05_00:31:56.156[Status]Routing Start.
2019-09-05_00:31:56.512[Status]{'coordinate': [305.5490260157487, 695.0094508424246], 'id': 8}
2019-09-05_00:31:56.512[Status]Routing 25: Walk: 25
2019-09-05_00:31:56.612[Battery Energy]65.35
2019-09-05_00:31:56.612[Status]Routing Start.
2019-09-05_00:31:56.889[Status]{'coordinate': [315.53098705637865, 695.6098288761216], 'id': 8}
2019-09-05_00:31:56.889[Status]Routing 26: Walk: 26
2019-09-05_00:31:56.996[Battery Energy]65.05
2019-09-05_00:31:56.996[Status]Routing Start.
2019-09-05_00:31:57.423[Status]{'coordinate': [325.5129480970086, 696.2102069098186], 'id': 8}
2019-09-05_00:31:57.423[Status]Routing 27: Walk: 27
2019-09-05_00:31:57.528[Battery Energy]64.68
2019-09-05_00:31:57.528[Status]Routing Start.
2019-09-05_00:31:57.919[Status]{'coordinate': [335.4949091376385, 696.8105849435156], 'id': 8}
2019-09-05_00:31:57.919[Status]Routing 28: Walk: 28
2019-09-05_00:31:58.032[Battery Energy]64.37
2019-09-05_00:31:58.032[Status]Routing Start.
2019-09-05_00:31:58.397[Status]{'coordinate': [345.4768701782684, 697.4109629772125], 'id': 8}
2019-09-05_00:31:58.398[Status]Routing 29: Walk: 29
2019-09-05_00:31:58.498[Battery Energy]63.98
2019-09-05_00:31:58.498[Status]Routing Start.
2019-09-05_00:31:58.811[Status]{'coordinate': [355.45883121889835, 698.0113410109095], 'id': 8}
2019-09-05_00:31:58.811[Status]Routing 30: Walk: 30
2019-09-05_00:31:58.912[Battery Energy]63.64
2019-09-05_00:31:58.912[Status]Routing Start.
2019-09-05_00:31:59.257[Status]{'coordinate': [365.4407922595283, 698.6117190446065], 'id': 8}
2019-09-05_00:31:59.259[Status]Routing 31: Walk: 31
2019-09-05_00:31:59.360[Battery Energy]63.33
2019-09-05_00:31:59.360[Status]Routing Start.
2019-09-05_00:31:59.743[Status]{'coordinate': [375.4227533001582, 699.2120970783035], 'id': 8}
2019-09-05_00:31:59.743[Status]Routing 32: Walk: 32
2019-09-05_00:31:59.848[Battery Energy]62.93
2019-09-05_00:31:59.848[Status]Routing Start.
2019-09-05_00:32:00.245[Status]{'coordinate': [385.40471434078813, 699.8124751120005], 'id': 8}
2019-09-05_00:32:00.245[Status]Routing 33: Walk: 33
2019-09-05_00:32:00.351[Battery Energy]62.55
2019-09-05_00:32:00.351[Status]Routing Start.
2019-09-05_00:32:00.821[Status]Routing 34: Walk: 33
2019-09-05_00:32:00.921[Battery Energy]62.17
2019-09-05_00:32:00.921[Status]Routing Start.
2019-09-05_00:32:01.240[Status]Routing 35: Walk: 33
2019-09-05_00:32:01.340[Battery Energy]61.85
2019-09-05_00:32:01.340[Status]Routing Start.
2019-09-05_00:32:01.679[Status]Routing 36: Walk: 33
2019-09-05_00:32:01.784[Battery Energy]61.51
2019-09-05_00:32:01.784[Status]Routing Start.
2019-09-05_00:32:02.114[Status]Routing 37: Walk: 33
2019-09-05_00:32:02.214[Battery Energy]61.19
2019-09-05_00:32:02.214[Status]Routing Start.
2019-09-05_00:32:02.528[Status]{'coordinate': [395.38667538141806, 700.4128531456975], 'id': 8}
2019-09-05_00:32:02.529[Status]Routing 38: Walk: 34
2019-09-05_00:32:02.629[Battery Energy]60.87
2019-09-05_00:32:02.629[Status]Routing Start.
2019-09-05_00:32:02.946[Status]{'coordinate': [405.368636422048, 701.0132311793944], 'id': 8}
2019-09-05_00:32:02.948[Status]Routing 39: Walk: 35
2019-09-05_00:32:03.060[Battery Energy]60.59
2019-09-05_00:32:03.060[Status]Routing Start.
2019-09-05_00:32:03.547[Status]{'coordinate': [415.3505974626779, 701.6136092130914], 'id': 8}
2019-09-05_00:32:03.550[Status]Routing 40: Walk: 36
2019-09-05_00:32:03.660[Battery Energy]60.17
2019-09-05_00:32:03.660[Status]Routing Start.
2019-09-05_00:32:04.016[Status]{'coordinate': [425.33255850330784, 702.2139872467884], 'id': 8}
2019-09-05_00:32:04.016[Status]Routing 41: Walk: 37
2019-09-05_00:32:04.128[Battery Energy]59.84
2019-09-05_00:32:04.128[Status]Routing Start.
2019-09-05_00:32:04.536[Status]{'coordinate': [435.31451954393776, 702.8143652804854], 'id': 8}
2019-09-05_00:32:04.536[Status]Routing 42: Walk: 38
2019-09-05_00:32:04.640[Battery Energy]59.46
2019-09-05_00:32:04.640[Status]Routing Start.
2019-09-05_00:32:05.033[Status]{'coordinate': [445.2964805845677, 703.4147433141824], 'id': 8}
2019-09-05_00:32:05.033[Status]Routing 43: Walk: 39
2019-09-05_00:32:05.144[Battery Energy]59.13
2019-09-05_00:32:05.144[Status]Routing Start.
2019-09-05_00:32:05.485[Status]{'coordinate': [455.2784416251976, 704.0151213478794], 'id': 8}
2019-09-05_00:32:05.485[Status]Routing 44: Walk: 40
2019-09-05_00:32:05.585[Battery Energy]58.85
2019-09-05_00:32:05.585[Status]Routing Start.
2019-09-05_00:32:05.953[Status]{'coordinate': [465.26040266582754, 704.6154993815763], 'id': 8}
2019-09-05_00:32:05.953[Status]Routing 45: Walk: 41
2019-09-05_00:32:06.054[Battery Energy]58.55
2019-09-05_00:32:06.054[Status]Routing Start.
2019-09-05_00:32:06.457[Status]{'coordinate': [475.24236370645747, 705.2158774152733], 'id': 8}
2019-09-05_00:32:06.458[Status]Routing 46: Walk: 42
2019-09-05_00:32:06.558[Battery Energy]58.22
2019-09-05_00:32:06.558[Status]Routing Start.
2019-09-05_00:32:06.907[Status]{'coordinate': [485.2243247470874, 705.8162554489703], 'id': 8}
2019-09-05_00:32:06.907[Status]Routing 47: Walk: 43
2019-09-05_00:32:07.007[Battery Energy]57.93
2019-09-05_00:32:07.007[Status]Routing Start.
2019-09-05_00:32:07.345[Status]{'coordinate': [495.2062857877173, 706.4166334826673], 'id': 8}
2019-09-05_00:32:07.345[Status]Routing 48: Walk: 44
2019-09-05_00:32:07.445[Battery Energy]57.62
2019-09-05_00:32:07.445[Status]Routing Start.
2019-09-05_00:32:07.775[Status]{'coordinate': [505.18824682834725, 707.0170115163643], 'id': 8}
2019-09-05_00:32:07.775[Status]Routing 49: Walk: 45
2019-09-05_00:32:07.875[Battery Energy]57.33
2019-09-05_00:32:07.875[Status]Routing Start.
2019-09-05_00:32:08.124[Status]{'coordinate': [515.1702078689772, 707.6173895500613], 'id': 8}
2019-09-05_00:32:08.124[Status]Routing 50: Walk: 46
2019-09-05_00:32:08.240[Battery Energy]57.04
2019-09-05_00:32:08.240[Status]Routing Start.
2019-09-05_00:32:08.450[Status]{'coordinate': [525.1521689096071, 708.2177675837582], 'id': 8}
2019-09-05_00:32:08.450[Status]Routing 51: Walk: 47
2019-09-05_00:32:08.560[Battery Energy]56.81
2019-09-05_00:32:08.560[Status]Routing Start.
2019-09-05_00:32:08.877[Status]{'coordinate': [535.134129950237, 708.8181456174552], 'id': 8}
2019-09-05_00:32:08.877[Status]Routing 52: Walk: 48
2019-09-05_00:32:08.980[Battery Energy]56.51
2019-09-05_00:32:08.980[Status]Routing Start.
2019-09-05_00:32:09.380[Status]{'coordinate': [545.116090990867, 709.4185236511522], 'id': 8}
2019-09-05_00:32:09.380[Status]Routing 53: Walk: 49
2019-09-05_00:32:09.494[Battery Energy]56.16
2019-09-05_00:32:09.494[Status]Routing Start.
2019-09-05_00:32:09.871[Status]{'coordinate': [555.0980520314969, 710.0189016848492], 'id': 8}
2019-09-05_00:32:09.871[Status]Routing 54: Walk: 50
2019-09-05_00:32:09.972[Battery Energy]55.84
2019-09-05_00:32:09.976[Status]Routing Start.
2019-09-05_00:32:10.344[Status]{'coordinate': [565.0800130721268, 710.6192797185462], 'id': 8}
2019-09-05_00:32:10.344[Status]Routing 55: Walk: 51
2019-09-05_00:32:10.449[Battery Energy]55.52
2019-09-05_00:32:10.449[Status]Routing Start.
2019-09-05_00:32:10.786[Status]{'coordinate': [575.0619741127567, 711.2196577522432], 'id': 8}
2019-09-05_00:32:10.787[Status]Routing 56: Walk: 52
2019-09-05_00:32:10.888[Battery Energy]55.20
2019-09-05_00:32:10.888[Status]Routing Start.
2019-09-05_00:32:11.293[Status]{'coordinate': [585.0439351533867, 711.8200357859401], 'id': 8}
2019-09-05_00:32:11.294[Status]Routing 57: Walk: 53
2019-09-05_00:32:11.394[Battery Energy]54.88
2019-09-05_00:32:11.394[Status]Routing Start.
2019-09-05_00:32:11.754[Status]{'coordinate': [595.0258961940166, 712.4204138196371], 'id': 8}
2019-09-05_00:32:11.755[Status]Routing 58: Walk: 54
2019-09-05_00:32:11.855[Battery Energy]54.57
2019-09-05_00:32:11.855[Status]Routing Start.
2019-09-05_00:32:12.142[Status]{'coordinate': [605.0078572346465, 713.0207918533341], 'id': 8}
2019-09-05_00:32:12.142[Status]Routing 59: Walk: 55
2019-09-05_00:32:12.242[Battery Energy]54.33
2019-09-05_00:32:12.242[Status]Routing Start.
2019-09-05_00:32:12.391[Status]{'coordinate': [614.9898182752764, 713.6211698870311], 'id': 8}
2019-09-05_00:32:12.391[Status]Routing 60: Walk: 56
2019-09-05_00:32:12.504[Battery Energy]54.13
2019-09-05_00:32:12.504[Status]Routing Start.
2019-09-05_00:32:12.778[Status]{'coordinate': [624.9717793159064, 714.2215479207281], 'id': 8}
2019-09-05_00:32:12.778[Status]Routing 61: Walk: 57
2019-09-05_00:32:12.892[Battery Energy]53.87
2019-09-05_00:32:12.892[Status]Routing Start.
2019-09-05_00:32:13.198[Status]{'coordinate': [634.9537403565363, 714.8219259544251], 'id': 8}
2019-09-05_00:32:13.198[Status]Routing 62: Walk: 58
2019-09-05_00:32:13.332[Battery Energy]53.56
2019-09-05_00:32:13.332[Status]Routing Start.
2019-09-05_00:32:13.621[Status]{'coordinate': [644.9357013971662, 715.422303988122], 'id': 8}
2019-09-05_00:32:13.621[Status]Routing 63: Walk: 59
2019-09-05_00:32:13.736[Battery Energy]53.31
2019-09-05_00:32:13.736[Status]Routing Start.
2019-09-05_00:32:13.942[Status]{'coordinate': [654.9176624377961, 716.022682021819], 'id': 8}
2019-09-05_00:32:13.942[Status]Routing 64: Walk: 60
2019-09-05_00:32:14.048[Battery Energy]53.09
2019-09-05_00:32:14.048[Status]Routing Start.
2019-09-05_00:32:14.277[Status]{'coordinate': [664.8996234784261, 716.623060055516], 'id': 8}
2019-09-05_00:32:14.277[Status]Routing 65: Walk: 61
2019-09-05_00:32:14.384[Battery Energy]52.85
2019-09-05_00:32:14.384[Status]Routing Start.
2019-09-05_00:32:14.734[Status]{'coordinate': [674.881584519056, 717.2234380892131], 'id': 8}
2019-09-05_00:32:14.734[Status]Routing 66: Walk: 62
2019-09-05_00:32:14.836[Battery Energy]52.52
2019-09-05_00:32:14.836[Status]Routing Start.
2019-09-05_00:32:15.085[Status]{'coordinate': [684.8635455596859, 717.8238161229101], 'id': 8}
2019-09-05_00:32:15.085[Status]Routing 67: Walk: 63
2019-09-05_00:32:15.192[Battery Energy]52.23
2019-09-05_00:32:15.192[Status]Routing Start.
2019-09-05_00:32:15.448[Status]{'coordinate': [694.8455066003158, 718.4241941566072], 'id': 8}
2019-09-05_00:32:15.448[Status]Routing 68: Walk: 64
2019-09-05_00:32:15.549[Battery Energy]51.93
2019-09-05_00:32:15.549[Status]Routing Start.
2019-09-05_00:32:15.722[Status]{'coordinate': [704.8274676409458, 719.0245721903042], 'id': 8}
2019-09-05_00:32:15.722[Status]Routing 69: Walk: 65
2019-09-05_00:32:15.836[Battery Energy]51.71
2019-09-05_00:32:15.836[Status]Routing Start.
2019-09-05_00:32:15.994[Status]{'coordinate': [714.8094286815757, 719.6249502240013], 'id': 8}
2019-09-05_00:32:15.994[Status]Routing 70: Walk: 66
2019-09-05_00:32:16.094[Battery Energy]51.51
2019-09-05_00:32:16.094[Status]Routing Start.
2019-09-05_00:32:16.277[Status]{'coordinate': [724.7913897222056, 720.2253282576983], 'id': 8}
2019-09-05_00:32:16.277[Status]Routing 71: Walk: 67
2019-09-05_00:32:16.384[Battery Energy]51.30
2019-09-05_00:32:16.384[Status]Routing Start.
2019-09-05_00:32:16.696[Status]{'coordinate': [734.7733507628355, 720.8257062913954], 'id': 8}
2019-09-05_00:32:16.696[Status]Routing 72: Walk: 68
2019-09-05_00:32:16.796[Battery Energy]50.98
2019-09-05_00:32:16.796[Status]Routing Start.
2019-09-05_00:32:17.007[Status]{'coordinate': [744.7553118034655, 721.4260843250923], 'id': 8}
2019-09-05_00:32:17.007[Status]Routing 73: Walk: 69
2019-09-05_00:32:17.116[Battery Energy]50.78
2019-09-05_00:32:17.116[Status]Routing Start.
2019-09-05_00:32:17.283[Status]{'coordinate': [754.7372728440954, 722.0264623587894], 'id': 8}
2019-09-05_00:32:17.283[Status]Routing 74: Walk: 70
2019-09-05_00:32:17.383[Battery Energy]50.55
2019-09-05_00:32:17.383[Status]Routing Start.
2019-09-05_00:32:17.750[Status]{'coordinate': [764.7192338847253, 722.6268403924864], 'id': 8}
2019-09-05_00:32:17.750[Status]Routing 75: Walk: 71
2019-09-05_00:32:17.853[Battery Energy]50.23
2019-09-05_00:32:17.853[Status]Routing Start.
2019-09-05_00:32:18.017[Status]{'coordinate': [774.7011949253553, 723.2272184261835], 'id': 8}
2019-09-05_00:32:18.017[Status]Routing 76: Walk: 72
2019-09-05_00:32:18.128[Battery Energy]50.02
2019-09-05_00:32:18.128[Status]Routing Start.
2019-09-05_00:32:18.347[Status]{'coordinate': [784.6831559659852, 723.8275964598805], 'id': 8}
2019-09-05_00:32:18.347[Status]Routing 77: Walk: 73
2019-09-05_00:32:18.447[Battery Energy]49.78
2019-09-05_00:32:18.447[Status]Routing Start.
2019-09-05_00:32:18.705[Status]{'coordinate': [794.6651170066151, 724.4279744935776], 'id': 8}
2019-09-05_00:32:18.705[Status]Routing 78: Walk: 74
2019-09-05_00:32:18.805[Battery Energy]49.55
2019-09-05_00:32:18.805[Status]Routing Start.
2019-09-05_00:32:19.138[Status]{'coordinate': [804.647078047245, 725.0283525272746], 'id': 8}
2019-09-05_00:32:19.138[Status]Routing 79: Walk: 75
2019-09-05_00:32:19.240[Battery Energy]49.25
2019-09-05_00:32:19.240[Status]Routing Start.
2019-09-05_00:32:19.431[Status]{'coordinate': [814.629039087875, 725.6287305609717], 'id': 8}
2019-09-05_00:32:19.431[Status]Routing 80: Walk: 76
2019-09-05_00:32:19.548[Battery Energy]49.01
2019-09-05_00:32:19.548[Status]Routing Start.
2019-09-05_00:32:19.739[Status]{'coordinate': [824.6110001285049, 726.2291085946687], 'id': 8}
2019-09-05_00:32:19.739[Status]Routing 81: Walk: 77
2019-09-05_00:32:19.842[Battery Energy]48.75
2019-09-05_00:32:19.843[Status]Routing Start.
2019-09-05_00:32:20.029[Status]{'coordinate': [834.5929611691348, 726.8294866283658], 'id': 8}
2019-09-05_00:32:20.029[Status]Routing 82: Walk: 78
2019-09-05_00:32:20.129[Battery Energy]48.52
2019-09-05_00:32:20.129[Status]Routing Start.
2019-09-05_00:32:20.316[Status]{'coordinate': [844.5749222097647, 727.4298646620628], 'id': 8}
2019-09-05_00:32:20.317[Status]Routing 83: Walk: 79
2019-09-05_00:32:20.428[Battery Energy]48.28
2019-09-05_00:32:20.428[Status]Routing Start.
2019-09-05_00:32:20.571[Status]{'coordinate': [854.5568832503947, 728.0302426957599], 'id': 8}
2019-09-05_00:32:20.571[Status]Routing 84: Walk: 80
2019-09-05_00:32:20.671[Battery Energy]48.07
2019-09-05_00:32:20.672[Status]Routing Start.
2019-09-05_00:32:21.113[Status]{'coordinate': [864.5388442910246, 728.6306207294568], 'id': 8}
2019-09-05_00:32:21.114[Status]Routing 85: Walk: 81
2019-09-05_00:32:21.220[Battery Energy]47.68
2019-09-05_00:32:21.220[Status]Routing Start.
2019-09-05_00:32:21.545[Status]{'coordinate': [874.5208053316545, 729.2309987631538], 'id': 8}
2019-09-05_00:32:21.545[Status]Routing 86: Walk: 82
2019-09-05_00:32:21.645[Battery Energy]47.39
2019-09-05_00:32:21.645[Status]Routing Start.
2019-09-05_00:32:22.003[Status]{'coordinate': [884.5027663722844, 729.8313767968509], 'id': 8}
2019-09-05_00:32:22.004[Status]Routing 87: Walk: 83
2019-09-05_00:32:22.113[Battery Energy]47.07
2019-09-05_00:32:22.113[Status]Routing Start.
2019-09-05_00:32:22.478[Status]{'coordinate': [894.4847274129144, 730.4317548305479], 'id': 8}
2019-09-05_00:32:22.478[Status]Routing 88: Walk: 84
2019-09-05_00:32:22.584[Battery Energy]46.76
2019-09-05_00:32:22.584[Status]Routing Start.
2019-09-05_00:32:22.923[Status]{'coordinate': [904.4666884535443, 731.032132864245], 'id': 8}
2019-09-05_00:32:22.925[Status]Routing 89: Walk: 85
2019-09-05_00:32:23.032[Battery Energy]46.43
2019-09-05_00:32:23.032[Status]Routing Start.
2019-09-05_00:32:23.309[Status]{'coordinate': [914.4486494941742, 731.632510897942], 'id': 8}
2019-09-05_00:32:23.309[Status]Routing 90: Walk: 86
2019-09-05_00:32:23.410[Battery Energy]46.19
2019-09-05_00:32:23.410[Status]Routing Start.
2019-09-05_00:32:23.561[Status]{'coordinate': [924.4306105348041, 732.2328889316391], 'id': 8}
2019-09-05_00:32:23.561[Status]Routing 91: Walk: 87
2019-09-05_00:32:23.661[Battery Energy]45.98
2019-09-05_00:32:23.661[Status]Routing Start.
2019-09-05_00:32:23.981[Status]{'coordinate': [934.4125715754341, 732.8332669653361], 'id': 8}
2019-09-05_00:32:23.981[Status]Routing 92: Walk: 88
2019-09-05_00:32:24.081[Battery Energy]45.69
2019-09-05_00:32:24.081[Status]Routing Start.
2019-09-05_00:32:24.451[Status]{'coordinate': [944.394532616064, 733.4336449990332], 'id': 8}
2019-09-05_00:32:24.451[Status]Routing 93: Walk: 89
2019-09-05_00:32:24.564[Battery Energy]45.38
2019-09-05_00:32:24.564[Status]Routing Start.
2019-09-05_00:32:24.721[Status]{'coordinate': [954.3764936566939, 734.0340230327301], 'id': 8}
2019-09-05_00:32:24.721[Status]Routing 94: Walk: 90
2019-09-05_00:32:24.832[Battery Energy]45.16
2019-09-05_00:32:24.832[Status]Routing Start.
2019-09-05_00:32:25.027[Status]{'coordinate': [964.3584546973239, 734.6344010664272], 'id': 8}
2019-09-05_00:32:25.027[Status]Routing 95: Walk: 91
2019-09-05_00:32:25.128[Battery Energy]44.97
2019-09-05_00:32:25.128[Status]Routing Start.
2019-09-05_00:32:25.338[Status]{'coordinate': [974.3404157379538, 735.2347791001242], 'id': 8}
2019-09-05_00:32:25.338[Status]Routing 96: Walk: 92
2019-09-05_00:32:25.440[Battery Energy]44.74
2019-09-05_00:32:25.440[Status]Routing Start.
2019-09-05_00:32:25.603[Status]{'coordinate': [984.3223767785837, 735.8351571338213], 'id': 8}
2019-09-05_00:32:25.603[Status]Routing 97: Walk: 93
2019-09-05_00:32:25.708[Battery Energy]44.53
2019-09-05_00:32:25.708[Status]Routing Start.
2019-09-05_00:32:25.902[Status]{'coordinate': [994.3043378192136, 736.4355351675183], 'id': 8}
2019-09-05_00:32:25.902[Status]Routing 98: Walk: 94
2019-09-05_00:32:26.105[Battery Energy]44.34
2019-09-05_00:32:26.105[Status]Routing Start.
2019-09-05_00:32:26.271[Status]{'coordinate': [1004.2862988598436, 737.0359132012154], 'id': 8}
2019-09-05_00:32:26.271[Status]Routing 99: Walk: 95
2019-09-05_00:32:26.371[Battery Energy]44.15
2019-09-05_00:32:26.371[Status]Routing Start.
2019-09-05_00:32:26.640[Status]{'coordinate': [1014.2682599004735, 737.6362912349124], 'id': 8}
2019-09-05_00:32:26.640[Status]Routing 100: Walk: 96
2019-09-05_00:32:26.744[Battery Energy]43.89
2019-09-05_00:32:26.744[Status]Routing Start.
2019-09-05_00:32:26.906[Status]{'coordinate': [1024.2502209411034, 738.2366692686095], 'id': 8}
2019-09-05_00:32:26.906[Status]Routing 101: Walk: 97
2019-09-05_00:32:27.020[Battery Energy]43.68
2019-09-05_00:32:27.020[Status]Routing Start.
2019-09-05_00:32:27.172[Status]{'coordinate': [1034.2321819817334, 738.8370473023065], 'id': 8}
2019-09-05_00:32:27.172[Status]Routing 102: Walk: 98
2019-09-05_00:32:27.278[Battery Energy]43.48
2019-09-05_00:32:27.278[Status]Routing Start.
2019-09-05_00:32:27.643[Status]{'coordinate': [1044.2141430223635, 739.4374253360036], 'id': 8}
2019-09-05_00:32:27.643[Status]Routing 103: Walk: 99
2019-09-05_00:32:27.755[Battery Energy]43.14
2019-09-05_00:32:27.755[Status]Routing Start.
2019-09-05_00:32:28.026[Status]{'coordinate': [1054.1961040629935, 740.0378033697006], 'id': 8}
2019-09-05_00:32:28.026[Status]Routing 104: Walk: 100
2019-09-05_00:32:28.132[Battery Energy]42.95
2019-09-05_00:32:28.132[Status]Routing Start.
2019-09-05_00:32:28.445[Status]{'coordinate': [1064.1780651036236, 740.6381814033977], 'id': 8}
2019-09-05_00:32:28.445[Status]Routing 105: Walk: 101
2019-09-05_00:32:28.548[Battery Energy]42.65
2019-09-05_00:32:28.548[Status]Routing Start.
2019-09-05_00:32:28.935[Status]{'coordinate': [1074.1600261442536, 741.2385594370948], 'id': 8}
2019-09-05_00:32:28.935[Status]Routing 106: Walk: 102
2019-09-05_00:32:29.036[Battery Energy]42.29
2019-09-05_00:32:29.036[Status]Routing Start.
2019-09-05_00:32:29.298[Status]{'coordinate': [1084.1419871848836, 741.8389374707917], 'id': 8}
2019-09-05_00:32:29.298[Status]Routing 107: Walk: 103
2019-09-05_00:32:29.398[Battery Energy]42.09
2019-09-05_00:32:29.398[Status]Routing Start.
2019-09-05_00:32:29.780[Status]{'coordinate': [1094.1239482255137, 742.4393155044888], 'id': 8}
2019-09-05_00:32:29.780[Status]Routing 108: Walk: 104
2019-09-05_00:32:29.885[Battery Energy]41.74
2019-09-05_00:32:29.886[Status]Routing Start.
2019-09-05_00:32:30.039[Status]{'coordinate': [1104.1059092661437, 743.0396935381858], 'id': 8}
2019-09-05_00:32:30.039[Status]Routing 109: Walk: 105
2019-09-05_00:32:30.156[Battery Energy]41.55
2019-09-05_00:32:30.156[Status]Routing Start.
2019-09-05_00:32:30.156[Status]Task Finished.
2019-09-05_00:32:30.276[Battery Energy]41.55
2019-09-05_00:32:30.456[Status]Routing 111: Walk: 105
2019-09-05_00:32:30.560[Battery Energy]41.44
2019-09-05_00:32:30.920[Status]Routing 112: Walk: 105
2019-09-05_00:32:31.024[Battery Energy]41.22
2019-09-05_00:32:31.434[Status]Routing 113: Walk: 105
2019-09-05_00:32:31.534[Battery Energy]41.01
2019-09-05_00:32:31.840[Status]Routing 114: Walk: 105
2019-09-05_00:32:31.940[Battery Energy]40.80
2019-09-05_00:32:32.358[Status]Routing 115: Walk: 105
2019-09-05_00:32:32.460[Battery Energy]40.55
2019-09-05_00:32:32.825[Status]Routing 116: Walk: 105
2019-09-05_00:32:32.927[Battery Energy]40.36
2019-09-05_00:32:33.342[Status]Routing 117: Walk: 105
2019-09-05_00:32:33.444[Battery Energy]40.13
2019-09-05_00:32:33.784[Status]Routing 118: Walk: 105
2019-09-05_00:32:33.884[Battery Energy]39.93
2019-09-05_00:32:34.282[Status]Routing 119: Walk: 105
2019-09-05_00:32:34.392[Battery Energy]39.74
2019-09-05_00:32:34.661[Status]Routing 120: Walk: 105
2019-09-05_00:32:34.776[Battery Energy]39.58
2019-09-05_00:32:35.010[Status]Routing 121: Walk: 105
2019-09-05_00:32:35.144[Battery Energy]39.44
2019-09-05_00:32:35.456[Status]Routing 122: Walk: 105
2019-09-05_00:32:35.556[Battery Energy]39.24
2019-09-05_00:32:35.730[Status]Routing 123: Walk: 105
2019-09-05_00:32:35.843[Battery Energy]39.14
2019-09-05_00:32:36.253[Status]Routing 124: Walk: 105
2019-09-05_00:32:36.354[Battery Energy]38.93
2019-09-05_00:32:36.536[Status]Routing 125: Walk: 105
2019-09-05_00:32:36.644[Battery Energy]38.82
2019-09-05_00:32:36.942[Status]Routing 126: Walk: 105
2019-09-05_00:32:37.043[Battery Energy]38.62
2019-09-05_00:32:37.334[Status]Routing 127: Walk: 105
2019-09-05_00:32:37.435[Battery Energy]38.43
2019-09-05_00:32:37.755[Status]Routing 128: Walk: 105
2019-09-05_00:32:37.856[Battery Energy]38.23
2019-09-05_00:32:38.097[Status]Routing 129: Walk: 105
2019-09-05_00:32:38.255[Battery Energy]38.07
2019-09-05_00:32:38.470[Status]Routing 130: Walk: 105
2019-09-05_00:32:38.570[Battery Energy]37.94
2019-09-05_00:32:38.779[Status]Routing 131: Walk: 105
2019-09-05_00:32:38.888[Battery Energy]37.81
2019-09-05_00:32:39.079[Status]Routing 132: Walk: 105
2019-09-05_00:32:39.180[Battery Energy]37.67
2019-09-05_00:32:39.434[Status]Routing 133: Walk: 105
2019-09-05_00:32:39.540[Battery Energy]37.46
2019-09-05_00:32:39.775[Status]Routing 134: Walk: 105
2019-09-05_00:32:39.877[Battery Energy]37.37
2019-09-05_00:32:40.073[Status]Routing 135: Walk: 105
2019-09-05_00:32:40.175[Battery Energy]37.24
2019-09-05_00:32:40.519[Status]Routing 136: Walk: 105
2019-09-05_00:32:40.621[Battery Energy]37.04
2019-09-05_00:32:40.859[Status]Routing 137: Walk: 105
2019-09-05_00:32:40.962[Battery Energy]36.86
2019-09-05_00:32:41.344[Status]Routing 138: Walk: 105
2019-09-05_00:32:41.445[Battery Energy]36.66
2019-09-05_00:32:41.917[Status]Routing 139: Walk: 105
2019-09-05_00:32:42.019[Battery Energy]36.30
2019-09-05_00:32:42.351[Status]Routing 140: Walk: 105
2019-09-05_00:32:42.451[Battery Energy]35.93
2019-09-05_00:32:42.843[Status]Routing 141: Walk: 105
2019-09-05_00:32:42.945[Battery Energy]35.59
2019-09-05_00:32:43.267[Status]Routing 142: Walk: 105
2019-09-05_00:32:43.372[Battery Energy]35.27
2019-09-05_00:32:43.565[Status]Routing 143: Walk: 105
2019-09-05_00:32:43.666[Battery Energy]35.15
2019-09-05_00:32:44.040[Status]Routing 144: Walk: 105
2019-09-05_00:32:44.144[Battery Energy]34.87
2019-09-05_00:32:44.478[Status]Routing 145: Walk: 105
2019-09-05_00:32:44.580[Battery Energy]34.66
2019-09-05_00:32:44.939[Status]Routing 146: Walk: 105
2019-09-05_00:32:45.039[Battery Energy]34.48
2019-09-05_00:32:45.421[Status]Routing 147: Walk: 105
2019-09-05_00:32:45.522[Battery Energy]34.14
2019-09-05_00:32:45.941[Status]Routing 148: Walk: 105
2019-09-05_00:32:46.048[Battery Energy]33.82
2019-09-05_00:32:46.190[Status]Routing 149: Walk: 105
2019-09-05_00:32:46.360[Battery Energy]33.72
2019-09-05_00:32:46.501[Status]Routing 150: Walk: 105
2019-09-05_00:32:46.601[Battery Energy]33.61
2019-09-05_00:32:46.842[Status]Routing 151: Walk: 105
2019-09-05_00:32:46.942[Battery Energy]33.48
2019-09-05_00:32:47.109[Status]Routing 152: Walk: 105
2019-09-05_00:32:47.224[Battery Energy]33.39
2019-09-05_00:32:47.387[Status]Routing 153: Walk: 105
2019-09-05_00:32:47.496[Battery Energy]33.26
2019-09-05_00:32:47.730[Status]Routing 154: Walk: 105
2019-09-05_00:32:47.836[Battery Energy]33.09
2019-09-05_00:32:48.104[Status]Routing 155: Walk: 105
2019-09-05_00:32:48.204[Battery Energy]32.94
2019-09-05_00:32:48.446[Status]Routing 156: Walk: 105
2019-09-05_00:32:48.546[Battery Energy]32.81
2019-09-05_00:32:48.725[Status]Routing 157: Walk: 105
2019-09-05_00:32:48.825[Battery Energy]32.69
2019-09-05_00:32:49.093[Status]Routing 158: Walk: 105
2019-09-05_00:32:49.197[Battery Energy]32.48
2019-09-05_00:32:49.393[Status]Routing 159: Walk: 105
2019-09-05_00:32:49.493[Battery Energy]32.35
2019-09-05_00:32:49.686[Status]Routing 160: Walk: 105
2019-09-05_00:32:49.788[Battery Energy]32.22
2019-09-05_00:32:49.987[Status]Routing 161: Walk: 105
2019-09-05_00:32:50.088[Battery Energy]32.11
2019-09-05_00:32:50.318[Status]Routing 162: Walk: 105
2019-09-05_00:32:50.427[Battery Energy]31.97
2019-09-05_00:32:50.648[Status]Routing 163: Walk: 105
2019-09-05_00:32:50.749[Battery Energy]31.83
2019-09-05_00:32:51.010[Status]Routing 164: Walk: 105
2019-09-05_00:32:51.154[Battery Energy]31.63
2019-09-05_00:32:51.459[Status]Routing 165: Walk: 105
2019-09-05_00:32:51.656[Battery Energy]31.42
2019-09-05_00:32:51.891[Status]Routing 166: Walk: 105
2019-09-05_00:32:52.091[Battery Energy]31.32
2019-09-05_00:32:52.301[Status]Routing 167: Walk: 105
2019-09-05_00:32:52.412[Battery Energy]31.25
2019-09-05_00:32:52.610[Status]Routing 168: Walk: 105
2019-09-05_00:32:52.716[Battery Energy]31.12
2019-09-05_00:32:52.954[Status]Routing 169: Walk: 105
2019-09-05_00:32:53.060[Battery Energy]30.96
2019-09-05_00:32:53.310[Status]Routing 170: Walk: 105
2019-09-05_00:32:53.416[Battery Energy]30.87
2019-09-05_00:32:53.750[Status]Routing 171: Walk: 105
2019-09-05_00:32:53.860[Battery Energy]30.68
2019-09-05_00:32:54.109[Status]Routing 172: Walk: 105
2019-09-05_00:32:54.210[Battery Energy]30.51
2019-09-05_00:32:54.629[Status]Routing 173: Walk: 105
2019-09-05_00:32:54.736[Battery Energy]30.30
2019-09-05_00:32:54.949[Status]Routing 174: Walk: 105
2019-09-05_00:32:55.060[Battery Energy]30.15
2019-09-05_00:32:55.287[Status]Routing 175: Walk: 105
2019-09-05_00:32:55.396[Battery Energy]30.02
2019-09-05_00:32:55.599[Status]Routing 176: Walk: 105
2019-09-05_00:32:55.716[Battery Energy]29.89
2019-09-05_00:32:56.044[Status]Routing 177: Walk: 105
2019-09-05_00:32:56.152[Battery Energy]29.70
2019-09-05_00:32:56.316[Status]Routing 178: Walk: 105
2019-09-05_00:32:56.428[Battery Energy]29.59
2019-09-05_00:32:56.561[Status]Routing 179: Walk: 105
2019-09-05_00:32:56.668[Battery Energy]29.48
2019-09-05_00:32:57.048[Status]Routing 180: Walk: 105
2019-09-05_00:32:57.148[Battery Energy]29.23
2019-09-05_00:32:57.380[Status]Routing 181: Walk: 105
2019-09-05_00:32:57.492[Battery Energy]29.08
2019-09-05_00:32:57.702[Status]Routing 182: Walk: 105
2019-09-05_00:32:57.802[Battery Energy]28.95
2019-09-05_00:32:58.009[Status]Routing 183: Walk: 105
2019-09-05_00:32:58.120[Battery Energy]28.86
2019-09-05_00:32:58.278[Status]Routing 184: Walk: 105
2019-09-05_00:32:58.388[Battery Energy]28.76
