2019-09-05_00:31:38.817[Status]Start.
2019-09-05_00:31:38.818[Battery Energy]75.00
2019-09-05_00:31:39.919[Battery Energy]74.96
2019-09-05_00:31:41.020[Battery Energy]74.92
2019-09-05_00:31:42.121[Battery Energy]74.88
2019-09-05_00:31:43.222[Battery Energy]74.84
2019-09-05_00:31:44.323[Task]A New Task Released.
2019-09-05_00:31:44.323[Battery Energy]74.80
2019-09-05_00:31:44.323[Status]Selection Start.
2019-09-05_00:31:45.579[Status]Selection End: Do Task 2.
2019-09-05_00:31:45.684[Battery Energy]74.00
2019-09-05_00:31:45.684[Status]Formation Start.
2019-09-05_00:31:45.885[Status]Formation End: To Position 2.
2019-09-05_00:31:45.992[Battery Energy]73.86
2019-09-05_00:31:45.992[Status]Routing Start.
2019-09-05_00:31:46.206[Status]{'id': 16, 'coordinate': [72.89963573991672, 102.41322758852336]}
2019-09-05_00:31:46.206[Status]Routing 1: Walk: 1
2019-09-05_00:31:46.307[Battery Energy]73.56
2019-09-05_00:31:46.307[Status]Routing Start.
2019-09-05_00:31:46.516[Status]{'id': 16, 'coordinate': [82.79927147983344, 103.82645517704671]}
2019-09-05_00:31:46.516[Status]Routing 2: Walk: 2
2019-09-05_00:31:46.616[Battery Energy]73.32
2019-09-05_00:31:46.616[Status]Routing Start.
2019-09-05_00:31:46.781[Status]{'id': 16, 'coordinate': [92.69890721975015, 105.23968276557007]}
2019-09-05_00:31:46.781[Status]Routing 3: Walk: 3
2019-09-05_00:31:46.881[Battery Energy]73.09
2019-09-05_00:31:46.881[Status]Routing Start.
2019-09-05_00:31:47.088[Status]{'id': 16, 'coordinate': [102.59854295966687, 106.65291035409342]}
2019-09-05_00:31:47.088[Status]Routing 4: Walk: 4
2019-09-05_00:31:47.190[Battery Energy]72.80
2019-09-05_00:31:47.190[Status]Routing Start.
2019-09-05_00:31:47.403[Status]{'id': 16, 'coordinate': [112.49817869958359, 108.06613794261678]}
2019-09-05_00:31:47.403[Status]Routing 5: Walk: 5
2019-09-05_00:31:47.509[Battery Energy]72.57
2019-09-05_00:31:47.510[Status]Routing Start.
2019-09-05_00:31:47.849[Status]{'id': 16, 'coordinate': [122.39781443950031, 109.47936553114013]}
2019-09-05_00:31:47.849[Status]Routing 6: Walk: 6
2019-09-05_00:31:47.963[Battery Energy]72.26
2019-09-05_00:31:47.963[Status]Routing Start.
2019-09-05_00:31:48.300[Status]{'id': 16, 'coordinate': [132.297450179417, 110.89259311966349]}
2019-09-05_00:31:48.300[Status]Routing 7: Walk: 7
2019-09-05_00:31:48.400[Battery Energy]71.89
2019-09-05_00:31:48.400[Status]Routing Start.
2019-09-05_00:31:48.736[Status]{'id': 16, 'coordinate': [142.19708591933374, 112.30582070818684]}
2019-09-05_00:31:48.736[Status]Routing 8: Walk: 8
2019-09-05_00:31:48.836[Battery Energy]71.55
2019-09-05_00:31:48.836[Status]Routing Start.
2019-09-05_00:31:49.194[Status]{'id': 16, 'coordinate': [152.09672165925048, 113.7190482967102]}
2019-09-05_00:31:49.194[Status]Routing 9: Walk: 9
2019-09-05_00:31:49.296[Battery Energy]71.19
2019-09-05_00:31:49.296[Status]Routing Start.
2019-09-05_00:31:49.660[Status]{'id': 16, 'coordinate': [161.9963573991672, 115.13227588523355]}
2019-09-05_00:31:49.662[Status]Routing 10: Walk: 10
2019-09-05_00:31:49.763[Battery Energy]70.83
2019-09-05_00:31:49.763[Status]Routing Start.
2019-09-05_00:31:50.130[Status]{'id': 16, 'coordinate': [171.89599313908394, 116.54550347375691]}
2019-09-05_00:31:50.130[Status]Routing 11: Walk: 11
2019-09-05_00:31:50.236[Battery Energy]70.47
2019-09-05_00:31:50.236[Status]Routing Start.
2019-09-05_00:31:50.649[Status]{'id': 16, 'coordinate': [181.79562887900067, 117.95873106228026]}
2019-09-05_00:31:50.649[Status]Routing 12: Walk: 12
2019-09-05_00:31:50.756[Battery Energy]70.10
2019-09-05_00:31:50.756[Status]Routing Start.
2019-09-05_00:31:51.070[Status]{'id': 16, 'coordinate': [191.6952646189174, 119.37195865080362]}
2019-09-05_00:31:51.070[Status]Routing 13: Walk: 13
2019-09-05_00:31:51.171[Battery Energy]69.77
2019-09-05_00:31:51.171[Status]Routing Start.
2019-09-05_00:31:51.606[Status]{'id': 16, 'coordinate': [201.59490035883414, 120.78518623932698]}
2019-09-05_00:31:51.606[Status]Routing 14: Walk: 14
2019-09-05_00:31:51.708[Battery Energy]69.37
2019-09-05_00:31:51.708[Status]Routing Start.
2019-09-05_00:31:52.048[Status]{'id': 16, 'coordinate': [211.49453609875087, 122.19841382785033]}
2019-09-05_00:31:52.048[Status]Routing 15: Walk: 15
2019-09-05_00:31:52.148[Battery Energy]69.04
2019-09-05_00:31:52.148[Status]Routing Start.
2019-09-05_00:31:52.537[Status]{'id': 16, 'coordinate': [221.3941718386676, 123.61164141637369]}
2019-09-05_00:31:52.537[Status]Routing 16: Walk: 16
2019-09-05_00:31:52.640[Battery Energy]68.67
2019-09-05_00:31:52.640[Status]Routing Start.
2019-09-05_00:31:53.069[Status]{'id': 16, 'coordinate': [231.29380757858434, 125.02486900489704]}
2019-09-05_00:31:53.069[Status]Routing 17: Walk: 17
2019-09-05_00:31:53.169[Battery Energy]68.32
2019-09-05_00:31:53.169[Status]Routing Start.
2019-09-05_00:31:53.521[Status]{'id': 16, 'coordinate': [241.19344331850107, 126.4380965934204]}
2019-09-05_00:31:53.521[Status]Routing 18: Walk: 18
2019-09-05_00:31:53.621[Battery Energy]67.99
2019-09-05_00:31:53.621[Status]Routing Start.
2019-09-05_00:31:53.947[Status]{'id': 16, 'coordinate': [251.0930790584178, 127.85132418194375]}
2019-09-05_00:31:53.948[Status]Routing 19: Walk: 19
2019-09-05_00:31:54.048[Battery Energy]67.69
2019-09-05_00:31:54.048[Status]Routing Start.
2019-09-05_00:31:54.345[Status]{'id': 16, 'coordinate': [260.99271479833453, 129.2645517704671]}
2019-09-05_00:31:54.345[Status]Routing 20: Walk: 20
2019-09-05_00:31:54.445[Battery Energy]67.38
2019-09-05_00:31:54.445[Status]Routing Start.
2019-09-05_00:31:54.782[Status]{'id': 16, 'coordinate': [270.89235053825126, 130.67777935899048]}
2019-09-05_00:31:54.782[Status]Routing 21: Walk: 21
2019-09-05_00:31:54.882[Battery Energy]67.06
2019-09-05_00:31:54.882[Status]Routing Start.
2019-09-05_00:31:55.191[Status]{'id': 16, 'coordinate': [280.791986278168, 132.09100694751385]}
2019-09-05_00:31:55.191[Status]Routing 22: Walk: 22
2019-09-05_00:31:55.296[Battery Energy]66.75
2019-09-05_00:31:55.296[Status]Routing Start.
2019-09-05_00:31:55.635[Status]{'id': 16, 'coordinate': [290.69162201808473, 133.50423453603722]}
2019-09-05_00:31:55.635[Status]Routing 23: Walk: 23
2019-09-05_00:31:55.740[Battery Energy]66.45
2019-09-05_00:31:55.740[Status]Routing Start.
2019-09-05_00:31:56.039[Status]{'id': 16, 'coordinate': [300.59125775800146, 134.9174621245606]}
2019-09-05_00:31:56.039[Status]Routing 24: Walk: 24
2019-09-05_00:31:56.147[Battery Energy]66.11
2019-09-05_00:31:56.147[Status]Routing Start.
2019-09-05_00:31:56.523[Status]{'id': 16, 'coordinate': [310.4908934979182, 136.33068971308396]}
2019-09-05_00:31:56.523[Status]Routing 25: Walk: 25
2019-09-05_00:31:56.644[Battery Energy]65.80
2019-09-05_00:31:56.644[Status]Routing Start.
2019-09-05_00:31:56.883[Status]{'id': 16, 'coordinate': [320.3905292378349, 137.74391730160733]}
2019-09-05_00:31:56.883[Status]Routing 26: Walk: 26
2019-09-05_00:31:56.984[Battery Energy]65.53
2019-09-05_00:31:56.984[Status]Routing Start.
2019-09-05_00:31:57.411[Status]{'id': 16, 'coordinate': [330.29016497775166, 139.1571448901307]}
2019-09-05_00:31:57.411[Status]Routing 27: Walk: 27
2019-09-05_00:31:57.524[Battery Energy]65.17
2019-09-05_00:31:57.524[Status]Routing Start.
2019-09-05_00:31:57.911[Status]{'id': 16, 'coordinate': [340.1898007176684, 140.57037247865406]}
2019-09-05_00:31:57.912[Status]Routing 28: Walk: 28
2019-09-05_00:31:58.012[Battery Energy]64.85
2019-09-05_00:31:58.012[Status]Routing Start.
2019-09-05_00:31:58.402[Status]{'id': 16, 'coordinate': [350.0894364575851, 141.98360006717743]}
2019-09-05_00:31:58.402[Status]Routing 29: Walk: 29
2019-09-05_00:31:58.502[Battery Energy]64.51
2019-09-05_00:31:58.502[Status]Routing Start.
2019-09-05_00:31:58.813[Status]{'id': 16, 'coordinate': [359.98907219750186, 143.3968276557008]}
2019-09-05_00:31:58.813[Status]Routing 30: Walk: 30
2019-09-05_00:31:58.914[Battery Energy]64.23
2019-09-05_00:31:58.914[Status]Routing Start.
2019-09-05_00:31:59.266[Status]{'id': 16, 'coordinate': [369.8887079374186, 144.81005524422417]}
2019-09-05_00:31:59.266[Status]Routing 31: Walk: 31
2019-09-05_00:31:59.368[Battery Energy]63.90
2019-09-05_00:31:59.368[Status]Routing Start.
2019-09-05_00:31:59.743[Status]{'id': 16, 'coordinate': [379.7883436773353, 146.22328283274754]}
2019-09-05_00:31:59.745[Status]Routing 32: Walk: 32
2019-09-05_00:31:59.856[Battery Energy]63.57
2019-09-05_00:31:59.856[Status]Routing Start.
2019-09-05_00:32:00.244[Status]{'id': 16, 'coordinate': [389.68797941725205, 147.6365104212709]}
2019-09-05_00:32:00.244[Status]Routing 33: Walk: 33
2019-09-05_00:32:00.348[Battery Energy]63.25
2019-09-05_00:32:00.348[Status]Routing Start.
2019-09-05_00:32:00.658[Status]{'id': 16, 'coordinate': [399.5876151571688, 149.04973800979428]}
2019-09-05_00:32:00.658[Status]Routing 34: Walk: 34
2019-09-05_00:32:00.758[Battery Energy]62.90
2019-09-05_00:32:00.758[Status]Routing Start.
2019-09-05_00:32:01.107[Status]{'id': 16, 'coordinate': [409.4872508970855, 150.46296559831765]}
2019-09-05_00:32:01.116[Status]Routing 35: Walk: 35
2019-09-05_00:32:01.216[Battery Energy]62.60
2019-09-05_00:32:01.216[Status]Routing Start.
2019-09-05_00:32:01.546[Status]{'id': 16, 'coordinate': [419.38688663700225, 151.87619318684102]}
2019-09-05_00:32:01.550[Status]Routing 36: Walk: 36
2019-09-05_00:32:01.651[Battery Energy]62.30
2019-09-05_00:32:01.651[Status]Routing Start.
2019-09-05_00:32:01.960[Status]{'id': 16, 'coordinate': [429.286522376919, 153.2894207753644]}
2019-09-05_00:32:01.962[Status]Routing 37: Walk: 37
2019-09-05_00:32:02.062[Battery Energy]62.01
2019-09-05_00:32:02.062[Status]Routing Start.
2019-09-05_00:32:02.529[Status]{'id': 16, 'coordinate': [439.1861581168357, 154.70264836388776]}
2019-09-05_00:32:02.530[Status]Routing 38: Walk: 38
2019-09-05_00:32:02.632[Battery Energy]61.68
2019-09-05_00:32:02.632[Status]Routing Start.
2019-09-05_00:32:02.957[Status]{'id': 16, 'coordinate': [449.08579385675245, 156.11587595241113]}
2019-09-05_00:32:02.957[Status]Routing 39: Walk: 39
2019-09-05_00:32:03.057[Battery Energy]61.38
2019-09-05_00:32:03.057[Status]Routing Start.
2019-09-05_00:32:03.553[Status]{'id': 16, 'coordinate': [458.9854295966692, 157.5291035409345]}
2019-09-05_00:32:03.553[Status]Routing 40: Walk: 40
2019-09-05_00:32:03.653[Battery Energy]60.96
2019-09-05_00:32:03.653[Status]Routing Start.
2019-09-05_00:32:04.014[Status]{'id': 16, 'coordinate': [468.8850653365859, 158.94233112945787]}
2019-09-05_00:32:04.019[Status]Routing 41: Walk: 41
2019-09-05_00:32:04.119[Battery Energy]60.61
2019-09-05_00:32:04.119[Status]Routing Start.
2019-09-05_00:32:04.532[Status]{'id': 16, 'coordinate': [478.78470107650264, 160.35555871798124]}
2019-09-05_00:32:04.532[Status]Routing 42: Walk: 42
2019-09-05_00:32:04.634[Battery Energy]60.24
2019-09-05_00:32:04.634[Status]Routing Start.
2019-09-05_00:32:05.035[Status]{'id': 16, 'coordinate': [488.6843368164194, 161.7687863065046]}
2019-09-05_00:32:05.035[Status]Routing 43: Walk: 43
2019-09-05_00:32:05.135[Battery Energy]59.89
2019-09-05_00:32:05.135[Status]Routing Start.
2019-09-05_00:32:05.486[Status]{'id': 16, 'coordinate': [498.5839725563361, 163.18201389502798]}
2019-09-05_00:32:05.486[Status]Routing 44: Walk: 44
2019-09-05_00:32:05.588[Battery Energy]59.57
2019-09-05_00:32:05.588[Status]Routing Start.
2019-09-05_00:32:05.951[Status]{'id': 16, 'coordinate': [508.48360829625284, 164.59524148355135]}
2019-09-05_00:32:05.951[Status]Routing 45: Walk: 45
2019-09-05_00:32:06.068[Battery Energy]59.21
2019-09-05_00:32:06.068[Status]Routing Start.
2019-09-05_00:32:06.453[Status]{'id': 16, 'coordinate': [518.3832440361696, 166.00846907207472]}
2019-09-05_00:32:06.453[Status]Routing 46: Walk: 46
2019-09-05_00:32:06.557[Battery Energy]58.88
2019-09-05_00:32:06.557[Status]Routing Start.
2019-09-05_00:32:06.912[Status]{'id': 16, 'coordinate': [528.2828797760862, 167.4216966605981]}
2019-09-05_00:32:06.912[Status]Routing 47: Walk: 47
2019-09-05_00:32:07.012[Battery Energy]58.58
2019-09-05_00:32:07.012[Status]Routing Start.
2019-09-05_00:32:07.344[Status]{'id': 16, 'coordinate': [538.1825155160029, 168.83492424912146]}
2019-09-05_00:32:07.344[Status]Routing 48: Walk: 48
2019-09-05_00:32:07.456[Battery Energy]58.25
2019-09-05_00:32:07.456[Status]Routing Start.
2019-09-05_00:32:07.773[Status]{'id': 16, 'coordinate': [548.0821512559196, 170.24815183764483]}
2019-09-05_00:32:07.776[Status]Routing 49: Walk: 49
2019-09-05_00:32:07.884[Battery Energy]57.94
2019-09-05_00:32:07.884[Status]Routing Start.
2019-09-05_00:32:08.127[Status]{'id': 16, 'coordinate': [557.9817869958363, 171.6613794261682]}
2019-09-05_00:32:08.127[Status]Routing 50: Walk: 50
2019-09-05_00:32:08.228[Battery Energy]57.66
2019-09-05_00:32:08.228[Status]Routing Start.
2019-09-05_00:32:08.603[Status]Routing 51: Walk: 50
2019-09-05_00:32:08.703[Battery Energy]57.35
2019-09-05_00:32:08.703[Status]Routing Start.
2019-09-05_00:32:09.094[Status]Routing 52: Walk: 50
2019-09-05_00:32:09.196[Battery Energy]57.00
2019-09-05_00:32:09.196[Status]Routing Start.
2019-09-05_00:32:09.551[Status]Routing 53: Walk: 50
2019-09-05_00:32:09.651[Battery Energy]56.68
2019-09-05_00:32:09.651[Status]Routing Start.
2019-09-05_00:32:10.041[Status]Routing 54: Walk: 50
2019-09-05_00:32:10.147[Battery Energy]56.34
2019-09-05_00:32:10.147[Status]Routing Start.
2019-09-05_00:32:10.549[Status]Routing 55: Walk: 50
2019-09-05_00:32:10.649[Battery Energy]56.01
2019-09-05_00:32:10.649[Status]Routing Start.
2019-09-05_00:32:11.009[Status]Routing 56: Walk: 50
2019-09-05_00:32:11.109[Battery Energy]55.68
2019-09-05_00:32:11.109[Status]Routing Start.
2019-09-05_00:32:11.509[Status]Routing 57: Walk: 50
2019-09-05_00:32:11.610[Battery Energy]55.35
2019-09-05_00:32:11.610[Status]Routing Start.
2019-09-05_00:32:11.926[Status]{'id': 16, 'coordinate': [567.881422735753, 173.07460701469157]}
2019-09-05_00:32:11.927[Status]Routing 58: Walk: 51
2019-09-05_00:32:12.027[Battery Energy]55.00
2019-09-05_00:32:12.028[Status]Routing Start.
2019-09-05_00:32:12.146[Status]{'id': 16, 'coordinate': [577.7810584756696, 174.48783460321494]}
2019-09-05_00:32:12.146[Status]Routing 59: Walk: 52
2019-09-05_00:32:12.252[Battery Energy]54.79
2019-09-05_00:32:12.252[Status]Routing Start.
2019-09-05_00:32:12.387[Status]{'id': 16, 'coordinate': [587.6806942155863, 175.9010621917383]}
2019-09-05_00:32:12.387[Status]Routing 60: Walk: 53
2019-09-05_00:32:12.496[Battery Energy]54.57
2019-09-05_00:32:12.496[Status]Routing Start.
2019-09-05_00:32:12.779[Status]{'id': 16, 'coordinate': [597.580329955503, 177.31428978026167]}
2019-09-05_00:32:12.779[Status]Routing 61: Walk: 54
2019-09-05_00:32:12.888[Battery Energy]54.33
2019-09-05_00:32:12.888[Status]Routing Start.
2019-09-05_00:32:13.200[Status]{'id': 16, 'coordinate': [607.4799656954197, 178.72751736878502]}
2019-09-05_00:32:13.203[Status]Routing 62: Walk: 55
2019-09-05_00:32:13.312[Battery Energy]54.02
2019-09-05_00:32:13.312[Status]Routing Start.
2019-09-05_00:32:13.615[Status]{'id': 16, 'coordinate': [617.3796014353363, 180.14074495730836]}
2019-09-05_00:32:13.615[Status]Routing 63: Walk: 56
2019-09-05_00:32:13.715[Battery Energy]53.75
2019-09-05_00:32:13.715[Status]Routing Start.
2019-09-05_00:32:13.941[Status]{'id': 16, 'coordinate': [627.279237175253, 181.55397254583173]}
2019-09-05_00:32:13.941[Status]Routing 64: Walk: 57
2019-09-05_00:32:14.056[Battery Energy]53.51
2019-09-05_00:32:14.056[Status]Routing Start.
2019-09-05_00:32:14.461[Status]{'id': 16, 'coordinate': [637.1788729151697, 182.96720013435507]}
2019-09-05_00:32:14.461[Status]Routing 65: Walk: 58
2019-09-05_00:32:14.564[Battery Energy]53.08
2019-09-05_00:32:14.564[Status]Routing Start.
2019-09-05_00:32:14.733[Status]{'id': 16, 'coordinate': [647.0785086550864, 184.38042772287844]}
2019-09-05_00:32:14.733[Status]Routing 66: Walk: 59
2019-09-05_00:32:14.836[Battery Energy]52.83
2019-09-05_00:32:14.836[Status]Routing Start.
2019-09-05_00:32:15.085[Status]{'id': 16, 'coordinate': [656.978144395003, 185.79365531140178]}
2019-09-05_00:32:15.085[Status]Routing 67: Walk: 60
2019-09-05_00:32:15.188[Battery Energy]52.61
2019-09-05_00:32:15.188[Status]Routing Start.
2019-09-05_00:32:15.449[Status]{'id': 16, 'coordinate': [666.8777801349197, 187.20688289992512]}
2019-09-05_00:32:15.449[Status]Routing 68: Walk: 61
2019-09-05_00:32:15.549[Battery Energy]52.38
2019-09-05_00:32:15.549[Status]Routing Start.
2019-09-05_00:32:15.720[Status]{'id': 16, 'coordinate': [676.7774158748364, 188.62011048844846]}
2019-09-05_00:32:15.720[Status]Routing 69: Walk: 62
2019-09-05_00:32:15.824[Battery Energy]52.17
2019-09-05_00:32:15.824[Status]Routing Start.
2019-09-05_00:32:15.999[Status]{'id': 16, 'coordinate': [686.677051614753, 190.03333807697183]}
2019-09-05_00:32:15.999[Status]Routing 70: Walk: 63
2019-09-05_00:32:16.099[Battery Energy]51.94
2019-09-05_00:32:16.099[Status]Routing Start.
2019-09-05_00:32:16.277[Status]{'id': 16, 'coordinate': [696.5766873546697, 191.44656566549517]}
2019-09-05_00:32:16.277[Status]Routing 71: Walk: 64
2019-09-05_00:32:16.381[Battery Energy]51.74
2019-09-05_00:32:16.381[Status]Routing Start.
2019-09-05_00:32:16.702[Status]{'id': 16, 'coordinate': [706.4763230945864, 192.85979325401854]}
2019-09-05_00:32:16.702[Status]Routing 72: Walk: 65
2019-09-05_00:32:16.802[Battery Energy]51.48
2019-09-05_00:32:16.802[Status]Routing Start.
2019-09-05_00:32:17.005[Status]{'id': 16, 'coordinate': [716.3759588345031, 194.27302084254188]}
2019-09-05_00:32:17.005[Status]Routing 73: Walk: 66
2019-09-05_00:32:17.120[Battery Energy]51.28
2019-09-05_00:32:17.120[Status]Routing Start.
2019-09-05_00:32:17.288[Status]{'id': 16, 'coordinate': [726.2755945744198, 195.68624843106522]}
2019-09-05_00:32:17.288[Status]Routing 74: Walk: 67
2019-09-05_00:32:17.396[Battery Energy]51.07
2019-09-05_00:32:17.396[Status]Routing Start.
2019-09-05_00:32:17.743[Status]{'id': 16, 'coordinate': [736.1752303143364, 197.09947601958856]}
2019-09-05_00:32:17.743[Status]Routing 75: Walk: 68
2019-09-05_00:32:17.852[Battery Energy]50.75
2019-09-05_00:32:17.852[Status]Routing Start.
2019-09-05_00:32:18.014[Status]{'id': 16, 'coordinate': [746.0748660542531, 198.5127036081119]}
2019-09-05_00:32:18.014[Status]Routing 76: Walk: 69
2019-09-05_00:32:18.120[Battery Energy]50.53
2019-09-05_00:32:18.120[Status]Routing Start.
2019-09-05_00:32:18.344[Status]{'id': 16, 'coordinate': [755.9745017941698, 199.92593119663525]}
2019-09-05_00:32:18.344[Status]Routing 77: Walk: 70
2019-09-05_00:32:18.464[Battery Energy]50.28
2019-09-05_00:32:18.464[Status]Routing Start.
2019-09-05_00:32:18.700[Status]{'id': 16, 'coordinate': [765.8741375340865, 201.33915878515862]}
2019-09-05_00:32:18.704[Status]Routing 78: Walk: 71
2019-09-05_00:32:18.809[Battery Energy]50.00
2019-09-05_00:32:18.809[Status]Routing Start.
2019-09-05_00:32:19.139[Status]{'id': 16, 'coordinate': [775.7737732740031, 202.75238637368196]}
2019-09-05_00:32:19.140[Status]Routing 79: Walk: 72
2019-09-05_00:32:19.243[Battery Energy]49.67
2019-09-05_00:32:19.244[Status]Routing Start.
2019-09-05_00:32:19.426[Status]{'id': 16, 'coordinate': [785.6734090139198, 204.16561396220533]}
2019-09-05_00:32:19.426[Status]Routing 80: Walk: 73
2019-09-05_00:32:19.540[Battery Energy]49.42
2019-09-05_00:32:19.540[Status]Routing Start.
2019-09-05_00:32:19.745[Status]{'id': 16, 'coordinate': [795.5730447538365, 205.57884155072867]}
2019-09-05_00:32:19.745[Status]Routing 81: Walk: 74
2019-09-05_00:32:19.860[Battery Energy]49.21
2019-09-05_00:32:19.860[Status]Routing Start.
2019-09-05_00:32:20.030[Status]{'id': 16, 'coordinate': [805.4726804937532, 206.992069139252]}
2019-09-05_00:32:20.030[Status]Routing 82: Walk: 75
2019-09-05_00:32:20.135[Battery Energy]49.01
2019-09-05_00:32:20.135[Status]Routing Start.
2019-09-05_00:32:20.315[Status]{'id': 16, 'coordinate': [815.3723162336698, 208.40529672777535]}
2019-09-05_00:32:20.316[Status]Routing 83: Walk: 76
2019-09-05_00:32:20.427[Battery Energy]48.80
2019-09-05_00:32:20.427[Status]Routing Start.
2019-09-05_00:32:20.697[Status]Routing 84: Walk: 76
2019-09-05_00:32:20.797[Battery Energy]48.49
2019-09-05_00:32:20.797[Status]Routing Start.
2019-09-05_00:32:21.115[Status]{'id': 16, 'coordinate': [825.2719519735865, 209.8185243162987]}
2019-09-05_00:32:21.116[Status]Routing 85: Walk: 77
2019-09-05_00:32:21.228[Battery Energy]48.21
2019-09-05_00:32:21.228[Status]Routing Start.
2019-09-05_00:32:21.547[Status]{'id': 16, 'coordinate': [835.1715877135032, 211.23175190482206]}
2019-09-05_00:32:21.547[Status]Routing 86: Walk: 78
2019-09-05_00:32:21.650[Battery Energy]47.90
2019-09-05_00:32:21.650[Status]Routing Start.
2019-09-05_00:32:22.204[Status]Routing 87: Walk: 78
2019-09-05_00:32:22.312[Battery Energy]47.55
2019-09-05_00:32:22.312[Status]Routing Start.
2019-09-05_00:32:22.665[Status]Routing 88: Walk: 78
2019-09-05_00:32:22.765[Battery Energy]47.23
2019-09-05_00:32:22.766[Status]Routing Start.
2019-09-05_00:32:22.931[Status]{'id': 16, 'coordinate': [845.0712234534199, 212.6449794933454]}
2019-09-05_00:32:22.931[Status]Routing 89: Walk: 79
2019-09-05_00:32:23.031[Battery Energy]47.00
2019-09-05_00:32:23.031[Status]Routing Start.
2019-09-05_00:32:23.304[Status]{'id': 16, 'coordinate': [854.9708591933365, 214.05820708186874]}
2019-09-05_00:32:23.304[Status]Routing 90: Walk: 80
2019-09-05_00:32:23.405[Battery Energy]46.76
2019-09-05_00:32:23.405[Status]Routing Start.
2019-09-05_00:32:23.558[Status]{'id': 16, 'coordinate': [864.8704949332532, 215.4714346703921]}
2019-09-05_00:32:23.558[Status]Routing 91: Walk: 81
2019-09-05_00:32:23.658[Battery Energy]46.55
2019-09-05_00:32:23.658[Status]Routing Start.
2019-09-05_00:32:23.973[Status]{'id': 16, 'coordinate': [874.7701306731699, 216.88466225891545]}
2019-09-05_00:32:23.973[Status]Routing 92: Walk: 82
2019-09-05_00:32:24.080[Battery Energy]46.24
2019-09-05_00:32:24.080[Status]Routing Start.
2019-09-05_00:32:24.450[Status]{'id': 16, 'coordinate': [884.6697664130866, 218.2978898474388]}
2019-09-05_00:32:24.451[Status]Routing 93: Walk: 83
2019-09-05_00:32:24.561[Battery Energy]45.93
2019-09-05_00:32:24.561[Status]Routing Start.
2019-09-05_00:32:24.715[Status]{'id': 16, 'coordinate': [894.5694021530032, 219.71111743596214]}
2019-09-05_00:32:24.715[Status]Routing 94: Walk: 84
2019-09-05_00:32:24.824[Battery Energy]45.72
2019-09-05_00:32:24.824[Status]Routing Start.
2019-09-05_00:32:25.020[Status]{'id': 16, 'coordinate': [904.4690378929199, 221.1243450244855]}
2019-09-05_00:32:25.020[Status]Routing 95: Walk: 85
2019-09-05_00:32:25.120[Battery Energy]45.48
2019-09-05_00:32:25.120[Status]Routing Start.
2019-09-05_00:32:25.331[Status]{'id': 16, 'coordinate': [914.3686736328366, 222.53757261300885]}
2019-09-05_00:32:25.331[Status]Routing 96: Walk: 86
2019-09-05_00:32:25.432[Battery Energy]45.28
2019-09-05_00:32:25.432[Status]Routing Start.
2019-09-05_00:32:25.601[Status]{'id': 16, 'coordinate': [924.2683093727533, 223.9508002015322]}
2019-09-05_00:32:25.601[Status]Routing 97: Walk: 87
2019-09-05_00:32:25.701[Battery Energy]45.05
2019-09-05_00:32:25.702[Status]Routing Start.
2019-09-05_00:32:25.901[Status]{'id': 16, 'coordinate': [934.1679451126699, 225.36402779005556]}
2019-09-05_00:32:25.901[Status]Routing 98: Walk: 88
2019-09-05_00:32:26.016[Battery Energy]44.84
2019-09-05_00:32:26.016[Status]Routing Start.
2019-09-05_00:32:26.271[Status]{'id': 16, 'coordinate': [944.0675808525866, 226.7772553785789]}
2019-09-05_00:32:26.271[Status]Routing 99: Walk: 89
2019-09-05_00:32:26.376[Battery Energy]44.58
2019-09-05_00:32:26.376[Status]Routing Start.
2019-09-05_00:32:26.639[Status]{'id': 16, 'coordinate': [953.9672165925033, 228.19048296710224]}
2019-09-05_00:32:26.639[Status]Routing 100: Walk: 90
2019-09-05_00:32:26.756[Battery Energy]44.36
2019-09-05_00:32:26.756[Status]Routing Start.
2019-09-05_00:32:26.908[Status]{'id': 16, 'coordinate': [963.86685233242, 229.60371055562558]}
2019-09-05_00:32:26.908[Status]Routing 101: Walk: 91
2019-09-05_00:32:27.021[Battery Energy]44.15
2019-09-05_00:32:27.021[Status]Routing Start.
2019-09-05_00:32:27.172[Status]{'id': 16, 'coordinate': [973.7664880723366, 231.01693814414895]}
2019-09-05_00:32:27.172[Status]Routing 102: Walk: 92
2019-09-05_00:32:27.282[Battery Energy]43.96
2019-09-05_00:32:27.283[Status]Routing Start.
2019-09-05_00:32:27.643[Status]{'id': 16, 'coordinate': [983.6661238122533, 232.4301657326723]}
2019-09-05_00:32:27.643[Status]Routing 103: Walk: 93
2019-09-05_00:32:27.757[Battery Energy]43.62
2019-09-05_00:32:27.757[Status]Routing Start.
2019-09-05_00:32:28.032[Status]{'id': 16, 'coordinate': [993.56575955217, 233.84339332119563]}
2019-09-05_00:32:28.032[Status]Routing 104: Walk: 94
2019-09-05_00:32:28.140[Battery Energy]43.39
2019-09-05_00:32:28.140[Status]Routing Start.
2019-09-05_00:32:28.445[Status]{'id': 16, 'coordinate': [1003.4653952920867, 235.25662090971898]}
2019-09-05_00:32:28.445[Status]Routing 105: Walk: 95
2019-09-05_00:32:28.551[Battery Energy]43.12
2019-09-05_00:32:28.552[Status]Routing Start.
2019-09-05_00:32:28.937[Status]{'id': 16, 'coordinate': [1013.3650310320033, 236.66984849824235]}
2019-09-05_00:32:28.937[Status]Routing 106: Walk: 96
2019-09-05_00:32:29.044[Battery Energy]42.79
2019-09-05_00:32:29.044[Status]Routing Start.
2019-09-05_00:32:29.308[Status]{'id': 16, 'coordinate': [1023.26466677192, 238.0830760867657]}
2019-09-05_00:32:29.308[Status]Routing 107: Walk: 97
2019-09-05_00:32:29.416[Battery Energy]42.51
2019-09-05_00:32:29.416[Status]Routing Start.
2019-09-05_00:32:29.780[Status]{'id': 16, 'coordinate': [1033.1643025118367, 239.49630367528903]}
2019-09-05_00:32:29.780[Status]Routing 108: Walk: 98
2019-09-05_00:32:29.880[Battery Energy]42.13
2019-09-05_00:32:29.880[Status]Routing Start.
2019-09-05_00:32:30.192[Status]Routing 109: Walk: 98
2019-09-05_00:32:30.292[Battery Energy]41.79
2019-09-05_00:32:30.292[Status]Routing Start.
2019-09-05_00:32:30.455[Status]{'id': 16, 'coordinate': [1043.0639382517534, 240.9095312638124]}
2019-09-05_00:32:30.455[Status]Routing 110: Walk: 99
2019-09-05_00:32:30.559[Battery Energy]41.57
2019-09-05_00:32:30.559[Status]Routing Start.
2019-09-05_00:32:31.099[Status]Routing 111: Walk: 99
2019-09-05_00:32:31.200[Battery Energy]41.19
2019-09-05_00:32:31.200[Status]Routing Start.
2019-09-05_00:32:31.434[Status]{'id': 16, 'coordinate': [1052.96357399167, 242.32275885233574]}
2019-09-05_00:32:31.435[Status]Routing 112: Walk: 100
2019-09-05_00:32:31.535[Battery Energy]41.00
2019-09-05_00:32:31.535[Status]Routing Start.
2019-09-05_00:32:31.535[Status]Task Finished.
2019-09-05_00:32:31.636[Battery Energy]41.00
2019-09-05_00:32:31.960[Status]Routing 114: Walk: 100
2019-09-05_00:32:32.060[Battery Energy]40.66
2019-09-05_00:32:32.529[Status]Routing 115: Walk: 100
2019-09-05_00:32:32.629[Battery Energy]40.23
2019-09-05_00:32:32.981[Status]Routing 116: Walk: 100
2019-09-05_00:32:33.082[Battery Energy]39.92
2019-09-05_00:32:33.495[Status]Routing 117: Walk: 100
2019-09-05_00:32:33.595[Battery Energy]39.61
2019-09-05_00:32:33.786[Status]Routing 118: Walk: 100
2019-09-05_00:32:33.887[Battery Energy]39.46
2019-09-05_00:32:34.284[Status]Routing 119: Walk: 100
2019-09-05_00:32:34.389[Battery Energy]39.26
2019-09-05_00:32:34.659[Status]Routing 120: Walk: 100
2019-09-05_00:32:34.772[Battery Energy]39.08
2019-09-05_00:32:35.015[Status]Routing 121: Walk: 100
2019-09-05_00:32:35.115[Battery Energy]38.95
2019-09-05_00:32:35.460[Status]Routing 122: Walk: 100
2019-09-05_00:32:35.560[Battery Energy]38.77
2019-09-05_00:32:35.726[Status]Routing 123: Walk: 100
2019-09-05_00:32:35.827[Battery Energy]38.68
2019-09-05_00:32:36.254[Status]Routing 124: Walk: 100
2019-09-05_00:32:36.365[Battery Energy]38.45
2019-09-05_00:32:36.535[Status]Routing 125: Walk: 100
2019-09-05_00:32:36.635[Battery Energy]38.34
2019-09-05_00:32:36.969[Status]Routing 126: Walk: 100
2019-09-05_00:32:37.076[Battery Energy]38.13
2019-09-05_00:32:37.337[Status]Routing 127: Walk: 100
2019-09-05_00:32:37.444[Battery Energy]37.97
2019-09-05_00:32:37.757[Status]Routing 128: Walk: 100
2019-09-05_00:32:37.868[Battery Energy]37.75
2019-09-05_00:32:38.100[Status]Routing 129: Walk: 100
2019-09-05_00:32:38.216[Battery Energy]37.64
2019-09-05_00:32:38.473[Status]Routing 130: Walk: 100
2019-09-05_00:32:38.580[Battery Energy]37.49
2019-09-05_00:32:38.775[Status]Routing 131: Walk: 100
2019-09-05_00:32:38.880[Battery Energy]37.38
2019-09-05_00:32:39.081[Status]Routing 132: Walk: 100
2019-09-05_00:32:39.192[Battery Energy]37.22
2019-09-05_00:32:39.430[Status]Routing 133: Walk: 100
2019-09-05_00:32:39.531[Battery Energy]37.05
2019-09-05_00:32:39.777[Status]Routing 134: Walk: 100
2019-09-05_00:32:39.888[Battery Energy]36.94
2019-09-05_00:32:40.082[Status]Routing 135: Walk: 100
2019-09-05_00:32:40.188[Battery Energy]36.84
2019-09-05_00:32:40.522[Status]Routing 136: Walk: 100
2019-09-05_00:32:40.632[Battery Energy]36.61
2019-09-05_00:32:40.862[Status]Routing 137: Walk: 100
2019-09-05_00:32:40.968[Battery Energy]36.45
2019-09-05_00:32:41.350[Status]Routing 138: Walk: 100
2019-09-05_00:32:41.476[Battery Energy]36.22
2019-09-05_00:32:41.715[Status]Routing 139: Walk: 100
2019-09-05_00:32:41.820[Battery Energy]36.09
2019-09-05_00:32:42.180[Status]Routing 140: Walk: 100
2019-09-05_00:32:42.292[Battery Energy]35.84
2019-09-05_00:32:42.653[Status]Routing 141: Walk: 100
2019-09-05_00:32:42.780[Battery Energy]35.66
2019-09-05_00:32:43.089[Status]Routing 142: Walk: 100
2019-09-05_00:32:43.204[Battery Energy]35.45
2019-09-05_00:32:43.569[Status]Routing 143: Walk: 100
2019-09-05_00:32:43.676[Battery Energy]35.17
2019-09-05_00:32:44.038[Status]Routing 144: Walk: 100
2019-09-05_00:32:44.148[Battery Energy]34.95
2019-09-05_00:32:44.481[Status]Routing 145: Walk: 100
2019-09-05_00:32:44.582[Battery Energy]34.75
2019-09-05_00:32:44.937[Status]Routing 146: Walk: 100
2019-09-05_00:32:45.052[Battery Energy]34.56
2019-09-05_00:32:45.239[Status]Routing 147: Walk: 100
2019-09-05_00:32:45.340[Battery Energy]34.45
2019-09-05_00:32:45.723[Status]Routing 148: Walk: 100
2019-09-05_00:32:45.832[Battery Energy]34.22
2019-09-05_00:32:46.192[Status]Routing 149: Walk: 100
2019-09-05_00:32:46.308[Battery Energy]34.01
2019-09-05_00:32:46.499[Status]Routing 150: Walk: 100
2019-09-05_00:32:46.604[Battery Energy]33.88
2019-09-05_00:32:46.844[Status]Routing 151: Walk: 100
2019-09-05_00:32:46.961[Battery Energy]33.74
2019-09-05_00:32:47.106[Status]Routing 152: Walk: 100
2019-09-05_00:32:47.220[Battery Energy]33.65
2019-09-05_00:32:47.391[Status]Routing 153: Walk: 100
2019-09-05_00:32:47.491[Battery Energy]33.50
2019-09-05_00:32:47.728[Status]Routing 154: Walk: 100
2019-09-05_00:32:47.832[Battery Energy]33.35
2019-09-05_00:32:48.103[Status]Routing 155: Walk: 100
2019-09-05_00:32:48.204[Battery Energy]33.19
2019-09-05_00:32:48.444[Status]Routing 156: Walk: 100
2019-09-05_00:32:48.552[Battery Energy]33.06
2019-09-05_00:32:48.721[Status]Routing 157: Walk: 100
2019-09-05_00:32:48.821[Battery Energy]32.92
2019-09-05_00:32:49.099[Status]Routing 158: Walk: 100
2019-09-05_00:32:49.216[Battery Energy]32.76
2019-09-05_00:32:49.395[Status]Routing 159: Walk: 100
2019-09-05_00:32:49.504[Battery Energy]32.67
2019-09-05_00:32:49.689[Status]Routing 160: Walk: 100
2019-09-05_00:32:49.796[Battery Energy]32.51
2019-09-05_00:32:49.987[Status]Routing 161: Walk: 100
2019-09-05_00:32:50.104[Battery Energy]32.38
2019-09-05_00:32:50.319[Status]Routing 162: Walk: 100
2019-09-05_00:32:50.448[Battery Energy]32.25
2019-09-05_00:32:50.652[Status]Routing 163: Walk: 100
2019-09-05_00:32:50.800[Battery Energy]32.12
2019-09-05_00:32:51.011[Status]Routing 164: Walk: 100
2019-09-05_00:32:51.128[Battery Energy]31.95
2019-09-05_00:32:51.458[Status]Routing 165: Walk: 100
2019-09-05_00:32:51.580[Battery Energy]31.77
2019-09-05_00:32:51.889[Status]Routing 166: Walk: 100
2019-09-05_00:32:51.989[Battery Energy]31.63
2019-09-05_00:32:52.302[Status]Routing 167: Walk: 100
2019-09-05_00:32:52.412[Battery Energy]31.44
2019-09-05_00:32:52.611[Status]Routing 168: Walk: 100
2019-09-05_00:32:52.728[Battery Energy]31.29
2019-09-05_00:32:52.985[Status]Routing 169: Walk: 100
2019-09-05_00:32:53.085[Battery Energy]31.12
2019-09-05_00:32:53.309[Status]Routing 170: Walk: 100
2019-09-05_00:32:53.418[Battery Energy]31.03
2019-09-05_00:32:53.750[Status]Routing 171: Walk: 100
2019-09-05_00:32:53.885[Battery Energy]30.82
2019-09-05_00:32:54.106[Status]Routing 172: Walk: 100
2019-09-05_00:32:54.206[Battery Energy]30.68
2019-09-05_00:32:54.629[Status]Routing 173: Walk: 100
2019-09-05_00:32:54.732[Battery Energy]30.45
2019-09-05_00:32:54.949[Status]Routing 174: Walk: 100
2019-09-05_00:32:55.056[Battery Energy]30.31
2019-09-05_00:32:55.289[Status]Routing 175: Walk: 100
2019-09-05_00:32:55.390[Battery Energy]30.17
2019-09-05_00:32:55.596[Status]Routing 176: Walk: 100
2019-09-05_00:32:55.696[Battery Energy]30.08
2019-09-05_00:32:56.045[Status]Routing 177: Walk: 100
2019-09-05_00:32:56.180[Battery Energy]29.91
2019-09-05_00:32:56.315[Status]Routing 178: Walk: 100
2019-09-05_00:32:56.424[Battery Energy]29.81
2019-09-05_00:32:56.562[Status]Routing 179: Walk: 100
2019-09-05_00:32:56.663[Battery Energy]29.72
2019-09-05_00:32:57.047[Status]Routing 180: Walk: 100
2019-09-05_00:32:57.147[Battery Energy]29.52
2019-09-05_00:32:57.383[Status]Routing 181: Walk: 100
2019-09-05_00:32:57.500[Battery Energy]29.36
2019-09-05_00:32:57.697[Status]Routing 182: Walk: 100
2019-09-05_00:32:57.799[Battery Energy]29.20
2019-09-05_00:32:58.009[Status]Routing 183: Walk: 100
2019-09-05_00:32:58.112[Battery Energy]29.09
2019-09-05_00:32:58.271[Status]Routing 184: Walk: 100
2019-09-05_00:32:58.373[Battery Energy]28.99
