2019-09-05_01:06:50.733[Status]Start.
2019-09-05_01:06:50.733[Battery Energy]52.00
2019-09-05_01:06:51.834[Battery Energy]51.96
2019-09-05_01:06:52.935[Battery Energy]51.92
2019-09-05_01:06:54.036[Battery Energy]51.88
2019-09-05_01:06:55.137[Battery Energy]51.84
2019-09-05_01:06:56.238[Task]A New Task Released.
2019-09-05_01:06:56.238[Battery Energy]51.80
2019-09-05_01:06:56.238[Status]Selection Start.
2019-09-05_01:06:57.835[Status]Selection End: Do Task 1.
2019-09-05_01:06:57.948[Battery Energy]50.73
2019-09-05_01:06:57.948[Status]Formation Start.
2019-09-05_01:06:58.156[Status]Formation End: To Position 0.
2019-09-05_01:06:58.260[Battery Energy]50.58
2019-09-05_01:06:58.260[Status]Routing Start.
2019-09-05_01:06:58.474[Status]{'id': 13, 'coordinate': [140.3270666343056, 251.60635938298213]}
2019-09-05_01:06:58.474[Status]Routing 1: Walk: 1
2019-09-05_01:06:58.588[Battery Energy]50.31
2019-09-05_01:06:58.588[Status]Routing Start.
2019-09-05_01:06:58.717[Status]{'id': 13, 'coordinate': [149.6541332686112, 255.21271876596427]}
2019-09-05_01:06:58.718[Status]Routing 2: Walk: 2
2019-09-05_01:06:58.819[Battery Energy]50.11
2019-09-05_01:06:58.819[Status]Routing Start.
2019-09-05_01:06:59.074[Status]{'id': 13, 'coordinate': [158.98119990291679, 258.8190781489464]}
2019-09-05_01:06:59.074[Status]Routing 3: Walk: 3
2019-09-05_01:06:59.174[Battery Energy]49.87
2019-09-05_01:06:59.174[Status]Routing Start.
2019-09-05_01:06:59.371[Status]{'id': 13, 'coordinate': [168.30826653722238, 262.42543753192854]}
2019-09-05_01:06:59.371[Status]Routing 4: Walk: 4
2019-09-05_01:06:59.472[Battery Energy]49.63
2019-09-05_01:06:59.472[Status]Routing Start.
2019-09-05_01:06:59.653[Status]{'id': 13, 'coordinate': [177.63533317152798, 266.0317969149107]}
2019-09-05_01:06:59.653[Status]Routing 5: Walk: 5
2019-09-05_01:06:59.772[Battery Energy]49.39
2019-09-05_01:06:59.772[Status]Routing Start.
2019-09-05_01:07:00.169[Status]{'id': 13, 'coordinate': [186.96239980583357, 269.6381562978928]}
2019-09-05_01:07:00.169[Status]Routing 6: Walk: 6
2019-09-05_01:07:00.271[Battery Energy]49.06
2019-09-05_01:07:00.271[Status]Routing Start.
2019-09-05_01:07:00.611[Status]{'id': 13, 'coordinate': [196.28946644013917, 273.24451568087494]}
2019-09-05_01:07:00.613[Status]Routing 7: Walk: 7
2019-09-05_01:07:00.720[Battery Energy]48.75
2019-09-05_01:07:00.720[Status]Routing Start.
2019-09-05_01:07:01.060[Status]{'id': 13, 'coordinate': [205.61653307444476, 276.8508750638571]}
2019-09-05_01:07:01.060[Status]Routing 8: Walk: 8
2019-09-05_01:07:01.172[Battery Energy]48.45
2019-09-05_01:07:01.172[Status]Routing Start.
2019-09-05_01:07:01.529[Status]{'id': 13, 'coordinate': [214.94359970875036, 280.4572344468392]}
2019-09-05_01:07:01.529[Status]Routing 9: Walk: 9
2019-09-05_01:07:01.640[Battery Energy]48.13
2019-09-05_01:07:01.640[Status]Routing Start.
2019-09-05_01:07:01.986[Status]{'id': 13, 'coordinate': [224.27066634305595, 284.06359382982134]}
2019-09-05_01:07:01.986[Status]Routing 10: Walk: 10
2019-09-05_01:07:02.088[Battery Energy]47.83
2019-09-05_01:07:02.088[Status]Routing Start.
2019-09-05_01:07:02.416[Status]{'id': 13, 'coordinate': [233.59773297736155, 287.6699532128035]}
2019-09-05_01:07:02.420[Status]Routing 11: Walk: 11
2019-09-05_01:07:02.524[Battery Energy]47.52
2019-09-05_01:07:02.524[Status]Routing Start.
2019-09-05_01:07:02.906[Status]{'id': 13, 'coordinate': [242.92479961166714, 291.2763125957856]}
2019-09-05_01:07:02.906[Status]Routing 12: Walk: 12
2019-09-05_01:07:03.008[Battery Energy]47.15
2019-09-05_01:07:03.008[Status]Routing Start.
2019-09-05_01:07:03.328[Status]{'id': 13, 'coordinate': [252.25186624597274, 294.88267197876775]}
2019-09-05_01:07:03.328[Status]Routing 13: Walk: 13
2019-09-05_01:07:03.432[Battery Energy]46.86
2019-09-05_01:07:03.432[Status]Routing Start.
2019-09-05_01:07:03.792[Status]{'id': 13, 'coordinate': [261.57893288027833, 298.4890313617499]}
2019-09-05_01:07:03.792[Status]Routing 14: Walk: 14
2019-09-05_01:07:03.900[Battery Energy]46.50
2019-09-05_01:07:03.900[Status]Routing Start.
2019-09-05_01:07:04.259[Status]{'id': 13, 'coordinate': [270.9059995145839, 302.095390744732]}
2019-09-05_01:07:04.259[Status]Routing 15: Walk: 15
2019-09-05_01:07:04.359[Battery Energy]46.18
2019-09-05_01:07:04.359[Status]Routing Start.
2019-09-05_01:07:04.670[Status]{'id': 13, 'coordinate': [280.2330661488895, 305.70175012771415]}
2019-09-05_01:07:04.670[Status]Routing 16: Walk: 16
2019-09-05_01:07:04.770[Battery Energy]45.89
2019-09-05_01:07:04.770[Status]Routing Start.
2019-09-05_01:07:05.157[Status]{'id': 13, 'coordinate': [289.5601327831951, 309.3081095106963]}
2019-09-05_01:07:05.157[Status]Routing 17: Walk: 17
2019-09-05_01:07:05.257[Battery Energy]45.55
2019-09-05_01:07:05.257[Status]Routing Start.
2019-09-05_01:07:05.582[Status]{'id': 13, 'coordinate': [298.8871994175007, 312.9144688936784]}
2019-09-05_01:07:05.583[Status]Routing 18: Walk: 18
2019-09-05_01:07:05.683[Battery Energy]45.24
2019-09-05_01:07:05.683[Status]Routing Start.
2019-09-05_01:07:06.138[Status]{'id': 13, 'coordinate': [308.2142660518063, 316.52082827666055]}
2019-09-05_01:07:06.138[Status]Routing 19: Walk: 19
2019-09-05_01:07:06.238[Battery Energy]44.87
2019-09-05_01:07:06.238[Status]Routing Start.
2019-09-05_01:07:06.680[Status]{'id': 13, 'coordinate': [317.5413326861119, 320.1271876596427]}
2019-09-05_01:07:06.680[Status]Routing 20: Walk: 20
2019-09-05_01:07:06.786[Battery Energy]44.57
2019-09-05_01:07:06.786[Status]Routing Start.
2019-09-05_01:07:07.174[Status]{'id': 13, 'coordinate': [326.8683993204175, 323.7335470426248]}
2019-09-05_01:07:07.174[Status]Routing 21: Walk: 21
2019-09-05_01:07:07.274[Battery Energy]44.20
2019-09-05_01:07:07.275[Status]Routing Start.
2019-09-05_01:07:07.642[Status]{'id': 13, 'coordinate': [336.1954659547231, 327.33990642560696]}
2019-09-05_01:07:07.642[Status]Routing 22: Walk: 22
2019-09-05_01:07:07.744[Battery Energy]43.87
2019-09-05_01:07:07.744[Status]Routing Start.
2019-09-05_01:07:08.055[Status]{'id': 13, 'coordinate': [345.5225325890287, 330.9462658085891]}
2019-09-05_01:07:08.056[Status]Routing 23: Walk: 23
2019-09-05_01:07:08.157[Battery Energy]43.53
2019-09-05_01:07:08.157[Status]Routing Start.
2019-09-05_01:07:08.581[Status]{'id': 13, 'coordinate': [354.8495992233343, 334.5526251915712]}
2019-09-05_01:07:08.581[Status]Routing 24: Walk: 24
2019-09-05_01:07:08.684[Battery Energy]43.22
2019-09-05_01:07:08.684[Status]Routing Start.
2019-09-05_01:07:09.089[Status]{'id': 13, 'coordinate': [364.1766658576399, 338.15898457455336]}
2019-09-05_01:07:09.090[Status]Routing 25: Walk: 25
2019-09-05_01:07:09.212[Battery Energy]42.89
2019-09-05_01:07:09.212[Status]Routing Start.
2019-09-05_01:07:09.530[Status]{'id': 13, 'coordinate': [373.50373249194547, 341.7653439575355]}
2019-09-05_01:07:09.530[Status]Routing 26: Walk: 26
2019-09-05_01:07:09.635[Battery Energy]42.54
2019-09-05_01:07:09.635[Status]Routing Start.
2019-09-05_01:07:09.979[Status]{'id': 13, 'coordinate': [382.83079912625107, 345.3717033405176]}
2019-09-05_01:07:09.980[Status]Routing 27: Walk: 27
2019-09-05_01:07:10.084[Battery Energy]42.23
2019-09-05_01:07:10.084[Status]Routing Start.
2019-09-05_01:07:10.493[Status]{'id': 13, 'coordinate': [392.15786576055666, 348.97806272349976]}
2019-09-05_01:07:10.494[Status]Routing 28: Walk: 28
2019-09-05_01:07:10.608[Battery Energy]41.86
2019-09-05_01:07:10.608[Status]Routing Start.
2019-09-05_01:07:10.945[Status]{'id': 13, 'coordinate': [401.48493239486226, 352.5844221064819]}
2019-09-05_01:07:10.945[Status]Routing 29: Walk: 29
2019-09-05_01:07:11.060[Battery Energy]41.59
2019-09-05_01:07:11.060[Status]Routing Start.
2019-09-05_01:07:11.371[Status]{'id': 13, 'coordinate': [410.81199902916785, 356.19078148946403]}
2019-09-05_01:07:11.372[Status]Routing 30: Walk: 30
2019-09-05_01:07:11.475[Battery Energy]41.27
2019-09-05_01:07:11.475[Status]Routing Start.
2019-09-05_01:07:11.810[Status]{'id': 13, 'coordinate': [420.13906566347345, 359.79714087244616]}
2019-09-05_01:07:11.810[Status]Routing 31: Walk: 31
2019-09-05_01:07:11.912[Battery Energy]40.98
2019-09-05_01:07:11.912[Status]Routing Start.
2019-09-05_01:07:12.318[Status]{'id': 13, 'coordinate': [429.46613229777904, 363.4035002554283]}
2019-09-05_01:07:12.318[Status]Routing 32: Walk: 32
2019-09-05_01:07:12.428[Battery Energy]40.62
2019-09-05_01:07:12.428[Status]Routing Start.
2019-09-05_01:07:12.840[Status]{'id': 13, 'coordinate': [438.79319893208464, 367.00985963841043]}
2019-09-05_01:07:12.840[Status]Routing 33: Walk: 33
2019-09-05_01:07:12.952[Battery Energy]40.26
2019-09-05_01:07:12.952[Status]Routing Start.
2019-09-05_01:07:13.259[Status]{'id': 13, 'coordinate': [448.12026556639023, 370.61621902139257]}
2019-09-05_01:07:13.264[Status]Routing 34: Walk: 34
2019-09-05_01:07:13.372[Battery Energy]39.96
2019-09-05_01:07:13.372[Status]Routing Start.
2019-09-05_01:07:13.712[Status]{'id': 13, 'coordinate': [457.4473322006958, 374.2225784043747]}
2019-09-05_01:07:13.712[Status]Routing 35: Walk: 35
2019-09-05_01:07:13.812[Battery Energy]39.63
2019-09-05_01:07:13.813[Status]Routing Start.
2019-09-05_01:07:14.141[Status]{'id': 13, 'coordinate': [466.7743988350014, 377.82893778735684]}
2019-09-05_01:07:14.141[Status]Routing 36: Walk: 36
2019-09-05_01:07:14.256[Battery Energy]39.33
2019-09-05_01:07:14.256[Status]Routing Start.
2019-09-05_01:07:14.596[Status]{'id': 13, 'coordinate': [476.101465469307, 381.43529717033897]}
2019-09-05_01:07:14.596[Status]Routing 37: Walk: 37
2019-09-05_01:07:14.697[Battery Energy]39.01
2019-09-05_01:07:14.697[Status]Routing Start.
2019-09-05_01:07:14.941[Status]{'id': 13, 'coordinate': [485.4285321036126, 385.0416565533211]}
2019-09-05_01:07:14.941[Status]Routing 38: Walk: 38
2019-09-05_01:07:15.044[Battery Energy]38.77
2019-09-05_01:07:15.044[Status]Routing Start.
2019-09-05_01:07:15.362[Status]{'id': 13, 'coordinate': [494.7555987379182, 388.64801593630324]}
2019-09-05_01:07:15.362[Status]Routing 39: Walk: 39
2019-09-05_01:07:15.468[Battery Energy]38.45
2019-09-05_01:07:15.468[Status]Routing Start.
2019-09-05_01:07:15.777[Status]{'id': 13, 'coordinate': [504.0826653722238, 392.2543753192854]}
2019-09-05_01:07:15.777[Status]Routing 40: Walk: 40
2019-09-05_01:07:15.888[Battery Energy]38.15
2019-09-05_01:07:15.888[Status]Routing Start.
2019-09-05_01:07:16.284[Status]{'id': 13, 'coordinate': [513.4097320065293, 395.8607347022675]}
2019-09-05_01:07:16.289[Status]Routing 41: Walk: 41
2019-09-05_01:07:16.392[Battery Energy]37.87
2019-09-05_01:07:16.393[Status]Routing Start.
2019-09-05_01:07:16.802[Status]{'id': 13, 'coordinate': [522.7367986408349, 399.46709408524964]}
2019-09-05_01:07:16.802[Status]Routing 42: Walk: 42
2019-09-05_01:07:16.902[Battery Energy]37.56
2019-09-05_01:07:16.902[Status]Routing Start.
2019-09-05_01:07:17.253[Status]{'id': 13, 'coordinate': [532.0638652751404, 403.0734534682318]}
2019-09-05_01:07:17.253[Status]Routing 43: Walk: 43
2019-09-05_01:07:17.354[Battery Energy]37.24
2019-09-05_01:07:17.354[Status]Routing Start.
2019-09-05_01:07:17.710[Status]{'id': 13, 'coordinate': [541.390931909446, 406.6798128512139]}
2019-09-05_01:07:17.710[Status]Routing 44: Walk: 44
2019-09-05_01:07:17.824[Battery Energy]36.91
2019-09-05_01:07:17.824[Status]Routing Start.
2019-09-05_01:07:18.144[Status]{'id': 13, 'coordinate': [550.7179985437515, 410.28617223419604]}
2019-09-05_01:07:18.144[Status]Routing 45: Walk: 45
2019-09-05_01:07:18.248[Battery Energy]36.64
2019-09-05_01:07:18.248[Status]Routing Start.
2019-09-05_01:07:18.552[Status]{'id': 13, 'coordinate': [560.045065178057, 413.8925316171782]}
2019-09-05_01:07:18.552[Status]Routing 46: Walk: 46
2019-09-05_01:07:18.668[Battery Energy]36.33
2019-09-05_01:07:18.668[Status]Routing Start.
2019-09-05_01:07:19.029[Status]{'id': 13, 'coordinate': [569.3721318123626, 417.4988910001603]}
2019-09-05_01:07:19.030[Status]Routing 47: Walk: 47
2019-09-05_01:07:19.140[Battery Energy]35.98
2019-09-05_01:07:19.141[Status]Routing Start.
2019-09-05_01:07:19.308[Status]{'id': 13, 'coordinate': [578.6991984466681, 421.10525038314245]}
2019-09-05_01:07:19.308[Status]Routing 48: Walk: 48
2019-09-05_01:07:19.408[Battery Energy]35.76
2019-09-05_01:07:19.408[Status]Routing Start.
2019-09-05_01:07:19.586[Status]{'id': 13, 'coordinate': [588.0262650809736, 424.7116097661246]}
2019-09-05_01:07:19.586[Status]Routing 49: Walk: 49
2019-09-05_01:07:19.687[Battery Energy]35.56
2019-09-05_01:07:19.687[Status]Routing Start.
2019-09-05_01:07:19.894[Status]{'id': 13, 'coordinate': [597.3533317152792, 428.3179691491067]}
2019-09-05_01:07:19.894[Status]Routing 50: Walk: 50
2019-09-05_01:07:19.994[Battery Energy]35.34
2019-09-05_01:07:19.994[Status]Routing Start.
2019-09-05_01:07:20.186[Status]{'id': 13, 'coordinate': [606.6803983495847, 431.92432853208885]}
2019-09-05_01:07:20.186[Status]Routing 51: Walk: 51
2019-09-05_01:07:20.288[Battery Energy]35.16
2019-09-05_01:07:20.288[Status]Routing Start.
2019-09-05_01:07:20.442[Status]{'id': 13, 'coordinate': [616.0074649838903, 435.530687915071]}
2019-09-05_01:07:20.442[Status]Routing 52: Walk: 52
2019-09-05_01:07:20.552[Battery Energy]34.95
2019-09-05_01:07:20.552[Status]Routing Start.
2019-09-05_01:07:20.747[Status]{'id': 13, 'coordinate': [625.3345316181958, 439.1370472980531]}
2019-09-05_01:07:20.747[Status]Routing 53: Walk: 53
2019-09-05_01:07:20.852[Battery Energy]34.73
2019-09-05_01:07:20.852[Status]Routing Start.
2019-09-05_01:07:21.032[Status]{'id': 13, 'coordinate': [634.6615982525013, 442.74340668103525]}
2019-09-05_01:07:21.032[Status]Routing 54: Walk: 54
2019-09-05_01:07:21.140[Battery Energy]34.53
2019-09-05_01:07:21.140[Status]Routing Start.
2019-09-05_01:07:21.361[Status]{'id': 13, 'coordinate': [643.9886648868069, 446.3497660640174]}
2019-09-05_01:07:21.361[Status]Routing 55: Walk: 55
2019-09-05_01:07:21.464[Battery Energy]34.28
2019-09-05_01:07:21.464[Status]Routing Start.
2019-09-05_01:07:21.753[Status]{'id': 13, 'coordinate': [653.3157315211124, 449.9561254469995]}
2019-09-05_01:07:21.753[Status]Routing 56: Walk: 56
2019-09-05_01:07:21.853[Battery Energy]34.02
2019-09-05_01:07:21.853[Status]Routing Start.
2019-09-05_01:07:22.102[Status]{'id': 13, 'coordinate': [662.642798155418, 453.56248482998166]}
2019-09-05_01:07:22.102[Status]Routing 57: Walk: 57
2019-09-05_01:07:22.212[Battery Energy]33.79
2019-09-05_01:07:22.212[Status]Routing Start.
2019-09-05_01:07:22.377[Status]{'id': 13, 'coordinate': [671.9698647897235, 457.1688442129638]}
2019-09-05_01:07:22.377[Status]Routing 58: Walk: 58
2019-09-05_01:07:22.477[Battery Energy]33.56
2019-09-05_01:07:22.477[Status]Routing Start.
2019-09-05_01:07:22.723[Status]{'id': 13, 'coordinate': [681.296931424029, 460.7752035959459]}
2019-09-05_01:07:22.723[Status]Routing 59: Walk: 59
2019-09-05_01:07:22.823[Battery Energy]33.33
2019-09-05_01:07:22.823[Status]Routing Start.
2019-09-05_01:07:23.027[Status]{'id': 13, 'coordinate': [690.6239980583346, 464.38156297892806]}
2019-09-05_01:07:23.028[Status]Routing 60: Walk: 60
2019-09-05_01:07:23.143[Battery Energy]33.06
2019-09-05_01:07:23.143[Status]Routing Start.
2019-09-05_01:07:23.297[Status]{'id': 13, 'coordinate': [699.9510646926401, 467.9879223619102]}
2019-09-05_01:07:23.298[Status]Routing 61: Walk: 61
2019-09-05_01:07:23.412[Battery Energy]32.87
2019-09-05_01:07:23.412[Status]Routing Start.
2019-09-05_01:07:23.577[Status]{'id': 13, 'coordinate': [709.2781313269456, 471.5942817448923]}
2019-09-05_01:07:23.577[Status]Routing 62: Walk: 62
2019-09-05_01:07:23.680[Battery Energy]32.68
2019-09-05_01:07:23.680[Status]Routing Start.
2019-09-05_01:07:23.915[Status]{'id': 13, 'coordinate': [718.6051979612512, 475.20064112787446]}
2019-09-05_01:07:23.915[Status]Routing 63: Walk: 63
2019-09-05_01:07:24.029[Battery Energy]32.47
2019-09-05_01:07:24.032[Status]Routing Start.
2019-09-05_01:07:24.182[Status]{'id': 13, 'coordinate': [727.9322645955567, 478.8070005108566]}
2019-09-05_01:07:24.182[Status]Routing 64: Walk: 64
2019-09-05_01:07:24.288[Battery Energy]32.26
2019-09-05_01:07:24.288[Status]Routing Start.
2019-09-05_01:07:24.474[Status]{'id': 13, 'coordinate': [737.2593312298623, 482.41335989383873]}
2019-09-05_01:07:24.475[Status]Routing 65: Walk: 65
2019-09-05_01:07:24.584[Battery Energy]32.04
2019-09-05_01:07:24.584[Status]Routing Start.
2019-09-05_01:07:24.739[Status]{'id': 13, 'coordinate': [746.5863978641678, 486.01971927682087]}
2019-09-05_01:07:24.741[Status]Routing 66: Walk: 66
2019-09-05_01:07:24.844[Battery Energy]31.81
2019-09-05_01:07:24.844[Status]Routing Start.
2019-09-05_01:07:25.121[Status]{'id': 13, 'coordinate': [755.9134644984733, 489.626078659803]}
2019-09-05_01:07:25.121[Status]Routing 67: Walk: 67
2019-09-05_01:07:25.224[Battery Energy]31.57
2019-09-05_01:07:25.224[Status]Routing Start.
2019-09-05_01:07:25.526[Status]{'id': 13, 'coordinate': [765.2405311327789, 493.23243804278513]}
2019-09-05_01:07:25.526[Status]Routing 68: Walk: 68
2019-09-05_01:07:25.640[Battery Energy]31.32
2019-09-05_01:07:25.640[Status]Routing Start.
2019-09-05_01:07:25.983[Status]{'id': 13, 'coordinate': [774.5675977670844, 496.83879742576727]}
2019-09-05_01:07:25.983[Status]Routing 69: Walk: 69
2019-09-05_01:07:26.091[Battery Energy]30.96
2019-09-05_01:07:26.091[Status]Routing Start.
2019-09-05_01:07:26.374[Status]{'id': 13, 'coordinate': [783.89466440139, 500.4451568087494]}
2019-09-05_01:07:26.374[Status]Routing 70: Walk: 70
2019-09-05_01:07:26.480[Battery Energy]30.69
2019-09-05_01:07:26.480[Status]Routing Start.
2019-09-05_01:07:26.800[Status]{'id': 13, 'coordinate': [793.2217310356955, 504.05151619173154]}
2019-09-05_01:07:26.800[Status]Routing 71: Walk: 71
2019-09-05_01:07:26.908[Battery Energy]30.37
2019-09-05_01:07:26.908[Status]Routing Start.
2019-09-05_01:07:27.063[Status]{'id': 13, 'coordinate': [802.548797670001, 507.65787557471367]}
2019-09-05_01:07:27.066[Status]Routing 72: Walk: 72
2019-09-05_01:07:27.172[Battery Energy]30.16
2019-09-05_01:07:27.172[Status]Routing Start.
2019-09-05_01:07:27.344[Status]{'id': 13, 'coordinate': [811.8758643043066, 511.2642349576958]}
2019-09-05_01:07:27.346[Status]Routing 73: Walk: 73
2019-09-05_01:07:27.446[Battery Energy]29.93
2019-09-05_01:07:27.446[Status]Routing Start.
2019-09-05_01:07:27.703[Status]{'id': 13, 'coordinate': [821.2029309386121, 514.8705943406779]}
2019-09-05_01:07:27.704[Status]Routing 74: Walk: 74
2019-09-05_01:07:27.808[Battery Energy]29.68
2019-09-05_01:07:27.808[Status]Routing Start.
2019-09-05_01:07:27.979[Status]{'id': 13, 'coordinate': [830.5299975729176, 518.4769537236601]}
2019-09-05_01:07:27.979[Status]Routing 75: Walk: 75
2019-09-05_01:07:28.084[Battery Energy]29.47
2019-09-05_01:07:28.084[Status]Routing Start.
2019-09-05_01:07:28.262[Status]{'id': 13, 'coordinate': [839.8570642072232, 522.0833131066423]}
2019-09-05_01:07:28.263[Status]Routing 76: Walk: 76
2019-09-05_01:07:28.376[Battery Energy]29.26
2019-09-05_01:07:28.376[Status]Routing Start.
2019-09-05_01:07:28.544[Status]{'id': 13, 'coordinate': [849.1841308415287, 525.6896724896245]}
2019-09-05_01:07:28.544[Status]Routing 77: Walk: 77
2019-09-05_01:07:28.680[Battery Energy]29.04
2019-09-05_01:07:28.680[Status]Routing Start.
2019-09-05_01:07:28.863[Status]{'id': 13, 'coordinate': [858.5111974758343, 529.2960318726067]}
2019-09-05_01:07:28.867[Status]Routing 78: Walk: 78
2019-09-05_01:07:28.967[Battery Energy]28.85
2019-09-05_01:07:28.967[Status]Routing Start.
2019-09-05_01:07:29.150[Status]{'id': 13, 'coordinate': [867.8382641101398, 532.9023912555889]}
2019-09-05_01:07:29.151[Status]Routing 79: Walk: 79
2019-09-05_01:07:29.251[Battery Energy]28.61
2019-09-05_01:07:29.251[Status]Routing Start.
2019-09-05_01:07:29.493[Status]{'id': 13, 'coordinate': [877.1653307444453, 536.5087506385711]}
2019-09-05_01:07:29.493[Status]Routing 80: Walk: 80
2019-09-05_01:07:29.594[Battery Energy]28.40
2019-09-05_01:07:29.594[Status]Routing Start.
2019-09-05_01:07:29.823[Status]{'id': 13, 'coordinate': [886.4923973787509, 540.1151100215533]}
2019-09-05_01:07:29.823[Status]Routing 81: Walk: 81
2019-09-05_01:07:29.923[Battery Energy]28.15
2019-09-05_01:07:29.923[Status]Routing Start.
2019-09-05_01:07:30.117[Status]{'id': 13, 'coordinate': [895.8194640130564, 543.7214694045355]}
2019-09-05_01:07:30.118[Status]Routing 82: Walk: 82
2019-09-05_01:07:30.244[Battery Energy]27.88
2019-09-05_01:07:30.244[Status]Routing Start.
2019-09-05_01:07:30.406[Status]{'id': 13, 'coordinate': [905.1465306473619, 547.3278287875177]}
2019-09-05_01:07:30.406[Status]Routing 83: Walk: 83
2019-09-05_01:07:30.506[Battery Energy]27.69
2019-09-05_01:07:30.506[Status]Routing Start.
2019-09-05_01:07:30.759[Status]{'id': 13, 'coordinate': [914.4735972816675, 550.9341881704999]}
2019-09-05_01:07:30.759[Status]Routing 84: Walk: 84
2019-09-05_01:07:30.872[Battery Energy]27.44
2019-09-05_01:07:30.872[Status]Routing Start.
2019-09-05_01:07:31.057[Status]{'id': 13, 'coordinate': [923.8006639159731, 554.5405475534819]}
2019-09-05_01:07:31.057[Status]Routing 85: Walk: 85
2019-09-05_01:07:31.168[Battery Energy]27.22
2019-09-05_01:07:31.168[Status]Routing Start.
2019-09-05_01:07:31.347[Status]{'id': 13, 'coordinate': [933.1277305502788, 558.1469069364641]}
2019-09-05_01:07:31.348[Status]Routing 86: Walk: 86
2019-09-05_01:07:31.452[Battery Energy]27.02
2019-09-05_01:07:31.452[Status]Routing Start.
2019-09-05_01:07:31.659[Status]{'id': 13, 'coordinate': [942.4547971845844, 561.7532663194463]}
2019-09-05_01:07:31.659[Status]Routing 87: Walk: 87
2019-09-05_01:07:31.773[Battery Energy]26.77
2019-09-05_01:07:31.773[Status]Routing Start.
2019-09-05_01:07:31.934[Status]{'id': 13, 'coordinate': [951.7818638188901, 565.3596257024284]}
2019-09-05_01:07:31.934[Status]Routing 88: Walk: 88
2019-09-05_01:07:32.052[Battery Energy]26.55
2019-09-05_01:07:32.052[Status]Routing Start.
2019-09-05_01:07:32.333[Status]{'id': 13, 'coordinate': [961.1089304531956, 568.9659850854106]}
2019-09-05_01:07:32.334[Status]Routing 89: Walk: 89
2019-09-05_01:07:32.448[Battery Energy]26.33
2019-09-05_01:07:32.448[Status]Routing Start.
2019-09-05_01:07:32.587[Status]{'id': 13, 'coordinate': [970.4359970875012, 572.5723444683927]}
2019-09-05_01:07:32.587[Status]Routing 90: Walk: 90
2019-09-05_01:07:32.692[Battery Energy]26.13
2019-09-05_01:07:32.692[Status]Routing Start.
2019-09-05_01:07:33.048[Status]Routing 91: Walk: 90
2019-09-05_01:07:33.151[Battery Energy]25.81
2019-09-05_01:07:33.151[Status]Routing Start.
2019-09-05_01:07:33.364[Status]{'id': 13, 'coordinate': [979.7630637218068, 576.1787038513748]}
2019-09-05_01:07:33.364[Status]Routing 92: Walk: 91
2019-09-05_01:07:33.472[Battery Energy]25.56
2019-09-05_01:07:33.472[Status]Routing Start.
2019-09-05_01:07:33.730[Status]{'id': 13, 'coordinate': [989.0901303561125, 579.7850632343569]}
2019-09-05_01:07:33.731[Status]Routing 93: Walk: 92
2019-09-05_01:07:33.831[Battery Energy]25.30
2019-09-05_01:07:33.831[Status]Routing Start.
2019-09-05_01:07:34.179[Status]Routing 94: Walk: 92
2019-09-05_01:07:34.280[Battery Energy]24.98
2019-09-05_01:07:34.280[Status]Routing Start.
2019-09-05_01:07:34.445[Status]{'id': 13, 'coordinate': [998.417196990418, 583.3914226173391]}
2019-09-05_01:07:34.446[Status]Routing 95: Walk: 93
2019-09-05_01:07:34.548[Battery Energy]24.78
2019-09-05_01:07:34.548[Status]Routing Start.
2019-09-05_01:07:34.817[Status]{'id': 13, 'coordinate': [1007.7442636247235, 586.9977820003212]}
2019-09-05_01:07:34.817[Status]Routing 96: Walk: 94
2019-09-05_01:07:34.917[Battery Energy]24.54
2019-09-05_01:07:34.917[Status]Routing Start.
2019-09-05_01:07:35.278[Status]Routing 97: Walk: 94
2019-09-05_01:07:35.379[Battery Energy]24.21
2019-09-05_01:07:35.379[Status]Routing Start.
2019-09-05_01:07:35.506[Status]{'id': 13, 'coordinate': [1017.0713302590291, 590.6041413833034]}
2019-09-05_01:07:35.506[Status]Routing 98: Walk: 95
2019-09-05_01:07:35.609[Battery Energy]24.02
2019-09-05_01:07:35.609[Status]Routing Start.
2019-09-05_01:07:36.033[Status]Routing 99: Walk: 95
2019-09-05_01:07:36.137[Battery Energy]23.68
2019-09-05_01:07:36.137[Status]Routing Start.
2019-09-05_01:07:36.534[Status]Routing 100: Walk: 95
2019-09-05_01:07:36.637[Battery Energy]23.32
2019-09-05_01:07:36.637[Status]Routing Start.
2019-09-05_01:07:37.004[Status]Routing 101: Walk: 95
2019-09-05_01:07:37.106[Battery Energy]23.01
2019-09-05_01:07:37.106[Status]Routing Start.
2019-09-05_01:07:37.464[Status]Routing 102: Walk: 95
2019-09-05_01:07:37.565[Battery Energy]22.66
2019-09-05_01:07:37.565[Status]Routing Start.
2019-09-05_01:07:37.732[Status]{'id': 13, 'coordinate': [1026.3983968933346, 594.2105007662855]}
2019-09-05_01:07:37.733[Status]Routing 103: Walk: 96
2019-09-05_01:07:37.833[Battery Energy]22.44
2019-09-05_01:07:37.833[Status]Routing Start.
2019-09-05_01:07:38.027[Status]{'id': 13, 'coordinate': [1035.7254635276402, 597.8168601492675]}
2019-09-05_01:07:38.027[Status]Routing 104: Walk: 97
2019-09-05_01:07:38.127[Battery Energy]22.23
2019-09-05_01:07:38.127[Status]Routing Start.
2019-09-05_01:07:38.555[Status]{'id': 13, 'coordinate': [1045.0525301619457, 601.4232195322497]}
2019-09-05_01:07:38.555[Status]Routing 105: Walk: 98
2019-09-05_01:07:38.660[Battery Energy]21.88
2019-09-05_01:07:38.660[Status]Routing Start.
2019-09-05_01:07:39.008[Status]{'id': 13, 'coordinate': [1054.3795967962512, 605.0295789152318]}
2019-09-05_01:07:39.008[Status]Routing 106: Walk: 99
2019-09-05_01:07:39.120[Battery Energy]21.54
2019-09-05_01:07:39.120[Status]Routing Start.
2019-09-05_01:07:39.251[Status]{'id': 13, 'coordinate': [1063.7066634305568, 608.6359382982139]}
2019-09-05_01:07:39.251[Status]Routing 107: Walk: 100
2019-09-05_01:07:39.364[Battery Energy]21.34
2019-09-05_01:07:39.364[Status]Routing Start.
2019-09-05_01:07:39.701[Status]{'id': 13, 'coordinate': [1073.0337300648623, 612.242297681196]}
2019-09-05_01:07:39.701[Status]Routing 108: Walk: 101
2019-09-05_01:07:39.809[Battery Energy]21.03
2019-09-05_01:07:39.809[Status]Routing Start.
2019-09-05_01:07:40.146[Status]{'id': 13, 'coordinate': [1082.3607966991678, 615.8486570641782]}
2019-09-05_01:07:40.146[Status]Routing 109: Walk: 102
2019-09-05_01:07:40.272[Battery Energy]20.70
2019-09-05_01:07:40.272[Status]Routing Start.
2019-09-05_01:07:40.543[Status]{'id': 13, 'coordinate': [1091.6878633334734, 619.4550164471602]}
2019-09-05_01:07:40.543[Status]Routing 110: Walk: 103
2019-09-05_01:07:40.643[Battery Energy]20.45
2019-09-05_01:07:40.643[Status]Routing Start.
2019-09-05_01:07:41.023[Status]{'id': 13, 'coordinate': [1101.014929967779, 623.0613758301423]}
2019-09-05_01:07:41.023[Status]Routing 111: Walk: 104
2019-09-05_01:07:41.123[Battery Energy]20.12
2019-09-05_01:07:41.123[Status]Routing Start.
2019-09-05_01:07:41.476[Status]{'id': 13, 'coordinate': [1110.3419966020845, 626.6677352131245]}
2019-09-05_01:07:41.476[Status]Routing 112: Walk: 105
2019-09-05_01:07:41.588[Battery Energy]19.80
2019-09-05_01:07:41.588[Status]Routing Start.
2019-09-05_01:07:41.937[Status]{'id': 13, 'coordinate': [1119.66906323639, 630.2740945961066]}
2019-09-05_01:07:41.937[Status]Routing 113: Walk: 106
2019-09-05_01:07:42.037[Battery Energy]19.46
2019-09-05_01:07:42.037[Status]Routing Start.
2019-09-05_01:07:42.373[Status]{'id': 13, 'coordinate': [1128.9961298706955, 633.8804539790887]}
2019-09-05_01:07:42.373[Status]Routing 114: Walk: 107
2019-09-05_01:07:42.476[Battery Energy]19.17
2019-09-05_01:07:42.476[Status]Routing Start.
2019-09-05_01:07:42.788[Status]{'id': 13, 'coordinate': [1138.323196505001, 637.4868133620708]}
2019-09-05_01:07:42.788[Status]Routing 115: Walk: 108
2019-09-05_01:07:42.900[Battery Energy]18.84
2019-09-05_01:07:42.900[Status]Routing Start.
2019-09-05_01:07:43.281[Status]{'id': 13, 'coordinate': [1147.6502631393066, 641.0931727450529]}
2019-09-05_01:07:43.281[Status]Routing 116: Walk: 109
2019-09-05_01:07:43.392[Battery Energy]18.54
2019-09-05_01:07:43.392[Status]Routing Start.
2019-09-05_01:07:43.542[Status]{'id': 13, 'coordinate': [1156.9773297736122, 644.699532128035]}
2019-09-05_01:07:43.542[Status]Routing 117: Walk: 110
2019-09-05_01:07:43.652[Battery Energy]18.35
2019-09-05_01:07:43.652[Status]Routing Start.
2019-09-05_01:07:44.026[Status]{'id': 13, 'coordinate': [1166.3043964079177, 648.3058915110171]}
2019-09-05_01:07:44.026[Status]Routing 118: Walk: 111
2019-09-05_01:07:44.132[Battery Energy]18.04
2019-09-05_01:07:44.132[Status]Routing Start.
2019-09-05_01:07:44.419[Status]{'id': 13, 'coordinate': [1175.6314630422232, 651.9122508939993]}
2019-09-05_01:07:44.419[Status]Routing 119: Walk: 112
2019-09-05_01:07:44.519[Battery Energy]17.78
2019-09-05_01:07:44.519[Status]Routing Start.
2019-09-05_01:07:44.868[Status]{'id': 13, 'coordinate': [1184.9585296765288, 655.5186102769813]}
2019-09-05_01:07:44.868[Status]Routing 120: Walk: 113
2019-09-05_01:07:44.972[Battery Energy]17.44
2019-09-05_01:07:44.972[Status]Routing Start.
2019-09-05_01:07:45.239[Status]{'id': 13, 'coordinate': [1194.2855963108343, 659.1249696599634]}
2019-09-05_01:07:45.239[Status]Routing 121: Walk: 114
2019-09-05_01:07:45.340[Battery Energy]17.20
2019-09-05_01:07:45.340[Status]Routing Start.
2019-09-05_01:07:45.516[Status]{'id': 13, 'coordinate': [1203.6126629451398, 662.7313290429456]}
2019-09-05_01:07:45.516[Status]Routing 122: Walk: 115
2019-09-05_01:07:45.618[Battery Energy]17.00
2019-09-05_01:07:45.618[Status]Routing Start.
2019-09-05_01:07:45.949[Status]{'id': 13, 'coordinate': [1212.9397295794454, 666.3376884259277]}
2019-09-05_01:07:45.949[Status]Routing 123: Walk: 116
2019-09-05_01:07:46.056[Battery Energy]16.72
2019-09-05_01:07:46.056[Status]Routing Start.
2019-09-05_01:07:46.404[Status]{'id': 13, 'coordinate': [1222.266796213751, 669.9440478089098]}
2019-09-05_01:07:46.404[Status]Routing 124: Walk: 117
2019-09-05_01:07:46.504[Battery Energy]16.43
2019-09-05_01:07:46.504[Status]Routing Start.
2019-09-05_01:07:46.680[Status]{'id': 13, 'coordinate': [1231.5938628480565, 673.550407191892]}
2019-09-05_01:07:46.680[Status]Routing 125: Walk: 118
2019-09-05_01:07:46.780[Battery Energy]16.22
2019-09-05_01:07:46.780[Status]Routing Start.
2019-09-05_01:07:47.150[Status]{'id': 13, 'coordinate': [1240.920929482362, 677.156766574874]}
2019-09-05_01:07:47.150[Status]Routing 126: Walk: 119
2019-09-05_01:07:47.250[Battery Energy]15.89
2019-09-05_01:07:47.250[Status]Routing Start.
2019-09-05_01:07:47.680[Status]{'id': 13, 'coordinate': [1250.2479961166675, 680.7631259578561]}
2019-09-05_01:07:47.680[Status]Routing 127: Walk: 120
2019-09-05_01:07:47.784[Battery Energy]15.51
2019-09-05_01:07:47.784[Status]Routing Start.
2019-09-05_01:07:48.047[Status]{'id': 13, 'coordinate': [1259.575062750973, 684.3694853408383]}
2019-09-05_01:07:48.047[Status]Routing 128: Walk: 121
2019-09-05_01:07:48.147[Battery Energy]15.29
2019-09-05_01:07:48.147[Status]Routing Start.
2019-09-05_01:07:48.509[Status]{'id': 13, 'coordinate': [1268.9021293852786, 687.9758447238204]}
2019-09-05_01:07:48.510[Status]Routing 129: Walk: 122
2019-09-05_01:07:48.611[Battery Energy]15.00
2019-09-05_01:07:48.611[Status]Routing Start.
2019-09-05_01:07:48.800[Status]{'id': 13, 'coordinate': [1278.2291960195842, 691.5822041068025]}
2019-09-05_01:07:48.800[Status]Routing 130: Walk: 123
2019-09-05_01:07:48.900[Battery Energy]14.78
2019-09-05_01:07:48.900[Status]Routing Start.
2019-09-05_01:07:49.229[Status]{'id': 13, 'coordinate': [1287.5562626538897, 695.1885634897845]}
2019-09-05_01:07:49.229[Status]Routing 131: Walk: 124
2019-09-05_01:07:49.352[Battery Energy]14.42
2019-09-05_01:07:49.352[Status]Routing Start.
2019-09-05_01:07:49.649[Status]{'id': 13, 'coordinate': [1296.8833292881952, 698.7949228727667]}
2019-09-05_01:07:49.649[Status]Routing 132: Walk: 125
2019-09-05_01:07:49.758[Battery Energy]14.15
2019-09-05_01:07:49.758[Status]Routing Start.
2019-09-05_01:07:49.758[Status]Task Finished.
2019-09-05_01:07:49.860[Battery Energy]14.15
2019-09-05_01:07:50.086[Status]Routing 134: Walk: 125
2019-09-05_01:07:50.187[Battery Energy]14.00
2019-09-05_01:07:50.530[Status]Routing 135: Walk: 125
2019-09-05_01:07:50.640[Battery Energy]13.84
2019-09-05_01:07:50.797[Status]Routing 136: Walk: 125
2019-09-05_01:07:50.908[Battery Energy]13.73
2019-09-05_01:07:51.070[Status]Routing 137: Walk: 125
2019-09-05_01:07:51.184[Battery Energy]13.62
2019-09-05_01:07:51.514[Status]Routing 138: Walk: 125
2019-09-05_01:07:51.616[Battery Energy]13.44
2019-09-05_01:07:52.034[Status]Routing 139: Walk: 125
2019-09-05_01:07:52.148[Battery Energy]13.23
2019-09-05_01:07:52.308[Status]Routing 140: Walk: 125
2019-09-05_01:07:52.409[Battery Energy]13.10
2019-09-05_01:07:52.791[Status]Routing 141: Walk: 125
2019-09-05_01:07:52.900[Battery Energy]12.85
2019-09-05_01:07:53.255[Status]Routing 142: Walk: 125
2019-09-05_01:07:53.364[Battery Energy]12.67
2019-09-05_01:07:53.652[Status]Routing 143: Walk: 125
2019-09-05_01:07:53.803[Battery Energy]12.52
2019-09-05_01:07:53.958[Status]Routing 144: Walk: 125
2019-09-05_01:07:54.059[Battery Energy]12.45
2019-09-05_01:07:54.258[Status]Routing 145: Walk: 125
2019-09-05_01:07:54.361[Battery Energy]12.30
2019-09-05_01:07:54.511[Status]Routing 146: Walk: 125
2019-09-05_01:07:54.611[Battery Energy]12.20
2019-09-05_01:07:54.863[Status]Routing 147: Walk: 125
2019-09-05_01:07:54.968[Battery Energy]12.04
2019-09-05_01:07:55.118[Status]Routing 148: Walk: 125
2019-09-05_01:07:55.218[Battery Energy]11.92
2019-09-05_01:07:55.386[Status]Routing 149: Walk: 125
2019-09-05_01:07:55.492[Battery Energy]11.83
2019-09-05_01:07:55.707[Status]Routing 150: Walk: 125
2019-09-05_01:07:55.807[Battery Energy]11.71
2019-09-05_01:07:55.981[Status]Routing 151: Walk: 125
2019-09-05_01:07:56.081[Battery Energy]11.63
2019-09-05_01:07:56.384[Status]Routing 152: Walk: 125
2019-09-05_01:07:56.500[Battery Energy]11.44
2019-09-05_01:07:56.823[Status]Routing 153: Walk: 125
2019-09-05_01:07:56.935[Battery Energy]11.26
2019-09-05_01:07:57.182[Status]Routing 154: Walk: 125
2019-09-05_01:07:57.282[Battery Energy]11.13
2019-09-05_01:07:57.458[Status]Routing 155: Walk: 125
2019-09-05_01:07:57.572[Battery Energy]11.05
2019-09-05_01:07:57.878[Status]Routing 156: Walk: 125
2019-09-05_01:07:57.996[Battery Energy]10.85
2019-09-05_01:07:58.148[Status]Routing 157: Walk: 125
2019-09-05_01:07:58.250[Battery Energy]10.75
2019-09-05_01:07:58.490[Status]Routing 158: Walk: 125
2019-09-05_01:07:58.628[Battery Energy]10.56
2019-09-05_01:07:58.779[Status]Routing 159: Walk: 125
2019-09-05_01:07:58.879[Battery Energy]10.44
2019-09-05_01:07:59.129[Status]Routing 160: Walk: 125
2019-09-05_01:07:59.230[Battery Energy]10.31
2019-09-05_01:07:59.407[Status]Routing 161: Walk: 125
2019-09-05_01:07:59.516[Battery Energy]10.19
2019-09-05_01:07:59.741[Status]Routing 162: Walk: 125
2019-09-05_01:07:59.860[Battery Energy]10.07
2019-09-05_01:08:00.053[Status]Routing 163: Walk: 125
2019-09-05_01:08:00.172[Battery Energy]9.98
2019-09-05_01:08:00.329[Status]Routing 164: Walk: 125
2019-09-05_01:08:00.432[Battery Energy]9.86
2019-09-05_01:08:00.660[Status]Routing 165: Walk: 125
2019-09-05_01:08:00.760[Battery Energy]9.75
2019-09-05_01:08:00.950[Status]Routing 166: Walk: 125
2019-09-05_01:08:01.064[Battery Energy]9.65
2019-09-05_01:08:01.262[Status]Routing 167: Walk: 125
2019-09-05_01:08:01.380[Battery Energy]9.50
2019-09-05_01:08:01.608[Status]Routing 168: Walk: 125
2019-09-05_01:08:01.724[Battery Energy]9.34
2019-09-05_01:08:01.982[Status]Routing 169: Walk: 125
2019-09-05_01:08:02.120[Battery Energy]9.16
2019-09-05_01:08:02.289[Status]Routing 170: Walk: 125
2019-09-05_01:08:02.392[Battery Energy]9.05
2019-09-05_01:08:02.587[Status]Routing 171: Walk: 125
2019-09-05_01:08:02.689[Battery Energy]8.95
2019-09-05_01:08:02.893[Status]Routing 172: Walk: 125
2019-09-05_01:08:02.995[Battery Energy]8.81
2019-09-05_01:08:03.200[Status]Routing 173: Walk: 125
2019-09-05_01:08:03.312[Battery Energy]8.67
2019-09-05_01:08:03.492[Status]Routing 174: Walk: 125
2019-09-05_01:08:03.612[Battery Energy]8.57
2019-09-05_01:08:03.815[Status]Routing 175: Walk: 125
2019-09-05_01:08:03.915[Battery Energy]8.38
2019-09-05_01:08:04.087[Status]Routing 176: Walk: 125
2019-09-05_01:08:04.204[Battery Energy]8.28
2019-09-05_01:08:04.361[Status]Routing 177: Walk: 125
2019-09-05_01:08:04.476[Battery Energy]8.17
2019-09-05_01:08:04.715[Status]Routing 178: Walk: 125
2019-09-05_01:08:04.828[Battery Energy]7.98
2019-09-05_01:08:05.022[Status]Routing 179: Walk: 125
2019-09-05_01:08:05.128[Battery Energy]7.88
2019-09-05_01:08:05.322[Status]Routing 180: Walk: 125
2019-09-05_01:08:05.422[Battery Energy]7.75
2019-09-05_01:08:05.557[Status]Routing 181: Walk: 125
2019-09-05_01:08:05.658[Battery Energy]7.66
2019-09-05_01:08:05.856[Status]Routing 182: Walk: 125
2019-09-05_01:08:05.956[Battery Energy]7.53
2019-09-05_01:08:06.134[Status]Routing 183: Walk: 125
2019-09-05_01:08:06.260[Battery Energy]7.43
2019-09-05_01:08:06.439[Status]Routing 184: Walk: 125
2019-09-05_01:08:06.539[Battery Energy]7.31
2019-09-05_01:08:06.734[Status]Routing 185: Walk: 125
2019-09-05_01:08:06.841[Battery Energy]7.18
2019-09-05_01:08:06.971[Status]Routing 186: Walk: 125
2019-09-05_01:08:07.071[Battery Energy]7.07
2019-09-05_01:08:07.272[Status]Routing 187: Walk: 125
2019-09-05_01:08:07.384[Battery Energy]6.97
2019-09-05_01:08:07.553[Status]Routing 188: Walk: 125
2019-09-05_01:08:07.654[Battery Energy]6.84
2019-09-05_01:08:07.858[Status]Routing 189: Walk: 125
2019-09-05_01:08:07.968[Battery Energy]6.65
2019-09-05_01:08:08.125[Status]Routing 190: Walk: 125
2019-09-05_01:08:08.225[Battery Energy]6.52
2019-09-05_01:08:08.465[Status]Routing 191: Walk: 125
2019-09-05_01:08:08.580[Battery Energy]6.36
2019-09-05_01:08:08.780[Status]Routing 192: Walk: 125
2019-09-05_01:08:08.892[Battery Energy]6.23
2019-09-05_01:08:09.071[Status]Routing 193: Walk: 125
2019-09-05_01:08:09.174[Battery Energy]6.09
2019-09-05_01:08:09.396[Status]Routing 194: Walk: 125
2019-09-05_01:08:09.516[Battery Energy]5.95
2019-09-05_01:08:09.737[Status]Routing 195: Walk: 125
2019-09-05_01:08:09.837[Battery Energy]5.81
2019-09-05_01:08:10.019[Status]Routing 196: Walk: 125
2019-09-05_01:08:10.121[Battery Energy]5.68
2019-09-05_01:08:10.287[Status]Routing 197: Walk: 125
2019-09-05_01:08:10.388[Battery Energy]5.54
2019-09-05_01:08:10.565[Status]Routing 198: Walk: 125
2019-09-05_01:08:10.665[Battery Energy]5.44
2019-09-05_01:08:10.892[Status]Routing 199: Walk: 125
2019-09-05_01:08:10.992[Battery Energy]5.30
2019-09-05_01:08:11.197[Status]Routing 200: Walk: 125
2019-09-05_01:08:11.298[Battery Energy]5.19
2019-09-05_01:08:11.461[Status]Routing 201: Walk: 125
2019-09-05_01:08:11.567[Battery Energy]5.09
2019-09-05_01:08:11.798[Status]Routing 202: Walk: 125
2019-09-05_01:08:11.898[Battery Energy]4.98
2019-09-05_01:08:12.087[Status]Routing 203: Walk: 125
2019-09-05_01:08:12.187[Battery Energy]4.86
2019-09-05_01:08:12.397[Status]Routing 204: Walk: 125
2019-09-05_01:08:12.497[Battery Energy]4.73
2019-09-05_01:08:12.642[Status]Routing 205: Walk: 125
2019-09-05_01:08:12.752[Battery Energy]4.65
2019-09-05_01:08:12.978[Status]Routing 206: Walk: 125
2019-09-05_01:08:13.078[Battery Energy]4.52
2019-09-05_01:08:13.318[Status]Routing 207: Walk: 125
2019-09-05_01:08:13.418[Battery Energy]4.33
2019-09-05_01:08:13.686[Status]Routing 208: Walk: 125
2019-09-05_01:08:13.786[Battery Energy]4.20
2019-09-05_01:08:13.998[Status]Routing 209: Walk: 125
2019-09-05_01:08:14.099[Battery Energy]4.03
2019-09-05_01:08:14.284[Status]Routing 210: Walk: 125
2019-09-05_01:08:14.385[Battery Energy]3.91
2019-09-05_01:08:14.638[Status]Routing 211: Walk: 125
2019-09-05_01:08:14.748[Battery Energy]3.76
2019-09-05_01:08:14.903[Status]Routing 212: Walk: 125
2019-09-05_01:08:15.003[Battery Energy]3.67
2019-09-05_01:08:15.187[Status]Routing 213: Walk: 125
2019-09-05_01:08:15.288[Battery Energy]3.54
2019-09-05_01:08:15.476[Status]Routing 214: Walk: 125
2019-09-05_01:08:15.592[Battery Energy]3.42
2019-09-05_01:08:15.793[Status]Routing 215: Walk: 125
2019-09-05_01:08:15.900[Battery Energy]3.31
2019-09-05_01:08:16.056[Status]Routing 216: Walk: 125
2019-09-05_01:08:16.157[Battery Energy]3.20
2019-09-05_01:08:16.384[Status]Routing 217: Walk: 125
2019-09-05_01:08:16.485[Battery Energy]3.03
2019-09-05_01:08:16.685[Status]Routing 218: Walk: 125
2019-09-05_01:08:16.799[Battery Energy]2.91
2019-09-05_01:08:16.986[Status]Routing 219: Walk: 125
2019-09-05_01:08:17.087[Battery Energy]2.81
2019-09-05_01:08:17.253[Status]Routing 220: Walk: 125
2019-09-05_01:08:17.354[Battery Energy]2.71
2019-09-05_01:08:17.550[Status]Routing 221: Walk: 125
2019-09-05_01:08:17.655[Battery Energy]2.59
2019-09-05_01:08:17.840[Status]Routing 222: Walk: 125
2019-09-05_01:08:17.976[Battery Energy]2.52
2019-09-05_01:08:18.160[Status]Routing 223: Walk: 125
2019-09-05_01:08:18.276[Battery Energy]2.42
2019-09-05_01:08:18.417[Status]Routing 224: Walk: 125
2019-09-05_01:08:18.518[Battery Energy]2.31
2019-09-05_01:08:18.800[Status]Routing 225: Walk: 125
2019-09-05_01:08:18.908[Battery Energy]2.17
2019-09-05_01:08:19.144[Status]Routing 226: Walk: 125
2019-09-05_01:08:19.245[Battery Energy]1.97
2019-09-05_01:08:19.461[Status]Routing 227: Walk: 125
2019-09-05_01:08:19.572[Battery Energy]1.79
2019-09-05_01:08:19.861[Status]Routing 228: Walk: 125
2019-09-05_01:08:19.961[Battery Energy]1.69
2019-09-05_01:08:20.251[Status]Routing 229: Walk: 125
2019-09-05_01:08:20.364[Battery Energy]1.50
2019-09-05_01:08:20.522[Status]Routing 230: Walk: 125
2019-09-05_01:08:20.628[Battery Energy]1.42
2019-09-05_01:08:20.857[Status]Routing 231: Walk: 125
2019-09-05_01:08:20.968[Battery Energy]1.32
2019-09-05_01:08:21.204[Status]Routing 232: Walk: 125
2019-09-05_01:08:21.312[Battery Energy]1.20
2019-09-05_01:08:21.480[Status]Routing 233: Walk: 125
2019-09-05_01:08:21.596[Battery Energy]1.08
2019-09-05_01:08:21.788[Status]Routing 234: Walk: 125
2019-09-05_01:08:21.890[Battery Energy]0.95
2019-09-05_01:08:22.075[Status]Routing 235: Walk: 125
2019-09-05_01:08:22.175[Battery Energy]0.84
2019-09-05_01:08:22.348[Status]Routing 236: Walk: 125
2019-09-05_01:08:22.449[Battery Energy]0.73
2019-09-05_01:08:22.637[Status]Routing 237: Walk: 125
2019-09-05_01:08:22.752[Battery Energy]0.57
2019-09-05_01:08:22.894[Status]Routing 238: Walk: 125
2019-09-05_01:08:23.004[Battery Energy]0.49
2019-09-05_01:08:23.153[Status]Routing 239: Walk: 125
2019-09-05_01:08:23.268[Battery Energy]0.41
2019-09-05_01:08:23.488[Status]Routing 240: Walk: 125
2019-09-05_01:08:23.604[Battery Energy]0.28
2019-09-05_01:08:23.791[Status]Routing 241: Walk: 125
2019-09-05_01:08:23.900[Battery Energy]0.12
2019-09-05_01:08:24.176[Status]Routing 242: Walk: 125
2019-09-05_01:08:24.292[Battery Energy]-0.03
2019-09-05_01:08:24.531[Status]Routing 243: Walk: 125
2019-09-05_01:08:24.648[Battery Energy]-0.24
2019-09-05_01:08:24.852[Status]Routing 244: Walk: 125
2019-09-05_01:08:24.952[Battery Energy]-0.33
2019-09-05_01:08:25.133[Status]Routing 245: Walk: 125
2019-09-05_01:08:25.234[Battery Energy]-0.46
2019-09-05_01:08:25.411[Status]Routing 246: Walk: 125
2019-09-05_01:08:25.511[Battery Energy]-0.58
2019-09-05_01:08:25.721[Status]Routing 247: Walk: 125
2019-09-05_01:08:25.822[Battery Energy]-0.72
2019-09-05_01:08:26.055[Status]Routing 248: Walk: 125
2019-09-05_01:08:26.156[Battery Energy]-0.81
2019-09-05_01:08:26.349[Status]Routing 249: Walk: 125
2019-09-05_01:08:26.449[Battery Energy]-0.92
2019-09-05_01:08:26.663[Status]Routing 250: Walk: 125
2019-09-05_01:08:26.772[Battery Energy]-1.04
2019-09-05_01:08:27.006[Status]Routing 251: Walk: 125
2019-09-05_01:08:27.107[Battery Energy]-1.15
2019-09-05_01:08:27.267[Status]Routing 252: Walk: 125
2019-09-05_01:08:27.376[Battery Energy]-1.25
2019-09-05_01:08:27.581[Status]Routing 253: Walk: 125
2019-09-05_01:08:27.688[Battery Energy]-1.37
2019-09-05_01:08:27.916[Status]Routing 254: Walk: 125
2019-09-05_01:08:28.016[Battery Energy]-1.49
2019-09-05_01:08:28.216[Status]Routing 255: Walk: 125
2019-09-05_01:08:28.328[Battery Energy]-1.64
2019-09-05_01:08:28.562[Status]Routing 256: Walk: 125
2019-09-05_01:08:28.676[Battery Energy]-1.77
2019-09-05_01:08:28.850[Status]Routing 257: Walk: 125
2019-09-05_01:08:28.956[Battery Energy]-1.89
2019-09-05_01:08:29.142[Status]Routing 258: Walk: 125
2019-09-05_01:08:29.252[Battery Energy]-2.01
2019-09-05_01:08:29.489[Status]Routing 259: Walk: 125
2019-09-05_01:08:29.605[Battery Energy]-2.20
2019-09-05_01:08:29.807[Status]Routing 260: Walk: 125
2019-09-05_01:08:29.907[Battery Energy]-2.33
