2019-09-05_01:06:51.801[Status]Start.
2019-09-05_01:06:51.802[Battery Energy]52.00
2019-09-05_01:06:52.903[Battery Energy]51.96
2019-09-05_01:06:54.004[Battery Energy]51.92
2019-09-05_01:06:55.106[Battery Energy]51.88
2019-09-05_01:06:56.207[Battery Energy]51.84
2019-09-05_01:06:57.308[Task]A New Task Released.
2019-09-05_01:06:57.308[Battery Energy]51.80
2019-09-05_01:06:57.308[Status]Selection Start.
2019-09-05_01:06:57.831[Status]Selection End: Do Task 2.
2019-09-05_01:06:57.940[Battery Energy]51.44
2019-09-05_01:06:57.940[Status]Formation Start.
2019-09-05_01:06:58.147[Status]Formation End: To Position 0.
2019-09-05_01:06:58.247[Battery Energy]51.32
2019-09-05_01:06:58.247[Status]Routing Start.
2019-09-05_01:06:58.475[Status]{'id': 19, 'coordinate': [139.58387957125947, 775.8699891319692]}
2019-09-05_01:06:58.475[Status]Routing 1: Walk: 1
2019-09-05_01:06:58.584[Battery Energy]51.09
2019-09-05_01:06:58.584[Status]Routing Start.
2019-09-05_01:06:58.718[Status]{'id': 19, 'coordinate': [148.16775914251895, 770.7399782639384]}
2019-09-05_01:06:58.718[Status]Routing 2: Walk: 2
2019-09-05_01:06:58.839[Battery Energy]50.89
2019-09-05_01:06:58.839[Status]Routing Start.
2019-09-05_01:06:59.079[Status]{'id': 19, 'coordinate': [156.75163871377842, 765.6099673959076]}
2019-09-05_01:06:59.079[Status]Routing 3: Walk: 3
2019-09-05_01:06:59.179[Battery Energy]50.64
2019-09-05_01:06:59.179[Status]Routing Start.
2019-09-05_01:06:59.372[Status]{'id': 19, 'coordinate': [165.3355182850379, 760.4799565278768]}
2019-09-05_01:06:59.372[Status]Routing 4: Walk: 4
2019-09-05_01:06:59.484[Battery Energy]50.39
2019-09-05_01:06:59.484[Status]Routing Start.
2019-09-05_01:06:59.646[Status]{'id': 19, 'coordinate': [173.91939785629737, 755.349945659846]}
2019-09-05_01:06:59.646[Status]Routing 5: Walk: 5
2019-09-05_01:06:59.746[Battery Energy]50.17
2019-09-05_01:06:59.746[Status]Routing Start.
2019-09-05_01:07:00.191[Status]{'id': 19, 'coordinate': [182.50327742755684, 750.2199347918151]}
2019-09-05_01:07:00.193[Status]Routing 6: Walk: 6
2019-09-05_01:07:00.296[Battery Energy]49.81
2019-09-05_01:07:00.296[Status]Routing Start.
2019-09-05_01:07:00.611[Status]{'id': 19, 'coordinate': [191.0871569988163, 745.0899239237843]}
2019-09-05_01:07:00.612[Status]Routing 7: Walk: 7
2019-09-05_01:07:00.712[Battery Energy]49.47
2019-09-05_01:07:00.712[Status]Routing Start.
2019-09-05_01:07:01.051[Status]{'id': 19, 'coordinate': [199.67103657007578, 739.9599130557535]}
2019-09-05_01:07:01.051[Status]Routing 8: Walk: 8
2019-09-05_01:07:01.151[Battery Energy]49.16
2019-09-05_01:07:01.151[Status]Routing Start.
2019-09-05_01:07:01.524[Status]{'id': 19, 'coordinate': [208.25491614133526, 734.8299021877227]}
2019-09-05_01:07:01.525[Status]Routing 9: Walk: 9
2019-09-05_01:07:01.632[Battery Energy]48.84
2019-09-05_01:07:01.632[Status]Routing Start.
2019-09-05_01:07:01.985[Status]{'id': 19, 'coordinate': [216.83879571259473, 729.6998913196919]}
2019-09-05_01:07:01.985[Status]Routing 10: Walk: 10
2019-09-05_01:07:02.086[Battery Energy]48.57
2019-09-05_01:07:02.086[Status]Routing Start.
2019-09-05_01:07:02.413[Status]{'id': 19, 'coordinate': [225.4226752838542, 724.5698804516611]}
2019-09-05_01:07:02.413[Status]Routing 11: Walk: 11
2019-09-05_01:07:02.513[Battery Energy]48.25
2019-09-05_01:07:02.513[Status]Routing Start.
2019-09-05_01:07:02.906[Status]{'id': 19, 'coordinate': [234.00655485511368, 719.4398695836303]}
2019-09-05_01:07:02.906[Status]Routing 12: Walk: 12
2019-09-05_01:07:03.006[Battery Energy]47.91
2019-09-05_01:07:03.006[Status]Routing Start.
2019-09-05_01:07:03.330[Status]{'id': 19, 'coordinate': [242.59043442637315, 714.3098587155995]}
2019-09-05_01:07:03.330[Status]Routing 13: Walk: 13
2019-09-05_01:07:03.430[Battery Energy]47.56
2019-09-05_01:07:03.430[Status]Routing Start.
2019-09-05_01:07:03.791[Status]{'id': 19, 'coordinate': [251.17431399763262, 709.1798478475687]}
2019-09-05_01:07:03.791[Status]Routing 14: Walk: 14
2019-09-05_01:07:03.891[Battery Energy]47.26
2019-09-05_01:07:03.891[Status]Routing Start.
2019-09-05_01:07:04.263[Status]{'id': 19, 'coordinate': [259.7581935688921, 704.0498369795379]}
2019-09-05_01:07:04.263[Status]Routing 15: Walk: 15
2019-09-05_01:07:04.368[Battery Energy]46.89
2019-09-05_01:07:04.368[Status]Routing Start.
2019-09-05_01:07:04.682[Status]{'id': 19, 'coordinate': [268.3420731401516, 698.9198261115071]}
2019-09-05_01:07:04.683[Status]Routing 16: Walk: 16
2019-09-05_01:07:04.792[Battery Energy]46.59
2019-09-05_01:07:04.792[Status]Routing Start.
2019-09-05_01:07:05.153[Status]{'id': 19, 'coordinate': [276.9259527114111, 693.7898152434763]}
2019-09-05_01:07:05.153[Status]Routing 17: Walk: 17
2019-09-05_01:07:05.264[Battery Energy]46.30
2019-09-05_01:07:05.264[Status]Routing Start.
2019-09-05_01:07:05.585[Status]{'id': 19, 'coordinate': [285.50983228267063, 688.6598043754454]}
2019-09-05_01:07:05.585[Status]Routing 18: Walk: 18
2019-09-05_01:07:05.693[Battery Energy]46.02
2019-09-05_01:07:05.693[Status]Routing Start.
2019-09-05_01:07:06.139[Status]{'id': 19, 'coordinate': [294.09371185393013, 683.5297935074146]}
2019-09-05_01:07:06.139[Status]Routing 19: Walk: 19
2019-09-05_01:07:06.252[Battery Energy]45.66
2019-09-05_01:07:06.252[Status]Routing Start.
2019-09-05_01:07:06.668[Status]{'id': 19, 'coordinate': [302.67759142518963, 678.3997826393838]}
2019-09-05_01:07:06.668[Status]Routing 20: Walk: 20
2019-09-05_01:07:06.768[Battery Energy]45.23
2019-09-05_01:07:06.768[Status]Routing Start.
2019-09-05_01:07:07.177[Status]{'id': 19, 'coordinate': [311.26147099644913, 673.269771771353]}
2019-09-05_01:07:07.177[Status]Routing 21: Walk: 21
2019-09-05_01:07:07.280[Battery Energy]44.88
2019-09-05_01:07:07.280[Status]Routing Start.
2019-09-05_01:07:07.634[Status]{'id': 19, 'coordinate': [319.84535056770864, 668.1397609033222]}
2019-09-05_01:07:07.634[Status]Routing 22: Walk: 22
2019-09-05_01:07:07.736[Battery Energy]44.54
2019-09-05_01:07:07.736[Status]Routing Start.
2019-09-05_01:07:08.061[Status]{'id': 19, 'coordinate': [328.42923013896814, 663.0097500352914]}
2019-09-05_01:07:08.061[Status]Routing 23: Walk: 23
2019-09-05_01:07:08.176[Battery Energy]44.23
2019-09-05_01:07:08.176[Status]Routing Start.
2019-09-05_01:07:08.574[Status]{'id': 19, 'coordinate': [337.01310971022764, 657.8797391672606]}
2019-09-05_01:07:08.574[Status]Routing 24: Walk: 24
2019-09-05_01:07:08.674[Battery Energy]43.83
2019-09-05_01:07:08.674[Status]Routing Start.
2019-09-05_01:07:09.234[Status]Routing 25: Walk: 24
2019-09-05_01:07:09.334[Battery Energy]43.41
2019-09-05_01:07:09.334[Status]Routing Start.
2019-09-05_01:07:09.529[Status]{'id': 19, 'coordinate': [345.59698928148714, 652.7497282992298]}
2019-09-05_01:07:09.529[Status]Routing 26: Walk: 25
2019-09-05_01:07:09.639[Battery Energy]43.19
2019-09-05_01:07:09.639[Status]Routing Start.
2019-09-05_01:07:09.984[Status]{'id': 19, 'coordinate': [354.18086885274664, 647.619717431199]}
2019-09-05_01:07:09.988[Status]Routing 27: Walk: 26
2019-09-05_01:07:10.088[Battery Energy]42.84
2019-09-05_01:07:10.088[Status]Routing Start.
2019-09-05_01:07:10.495[Status]{'id': 19, 'coordinate': [362.76474842400614, 642.4897065631682]}
2019-09-05_01:07:10.495[Status]Routing 28: Walk: 27
2019-09-05_01:07:10.599[Battery Energy]42.55
2019-09-05_01:07:10.599[Status]Routing Start.
2019-09-05_01:07:10.947[Status]{'id': 19, 'coordinate': [371.34862799526564, 637.3596956951374]}
2019-09-05_01:07:10.948[Status]Routing 29: Walk: 28
2019-09-05_01:07:11.052[Battery Energy]42.21
2019-09-05_01:07:11.052[Status]Routing Start.
2019-09-05_01:07:11.367[Status]{'id': 19, 'coordinate': [379.93250756652515, 632.2296848271066]}
2019-09-05_01:07:11.369[Status]Routing 30: Walk: 29
2019-09-05_01:07:11.469[Battery Energy]41.88
2019-09-05_01:07:11.469[Status]Routing Start.
2019-09-05_01:07:11.808[Status]{'id': 19, 'coordinate': [388.51638713778465, 627.0996739590757]}
2019-09-05_01:07:11.808[Status]Routing 31: Walk: 30
2019-09-05_01:07:11.908[Battery Energy]41.54
2019-09-05_01:07:11.908[Status]Routing Start.
2019-09-05_01:07:12.320[Status]{'id': 19, 'coordinate': [397.10026670904415, 621.9696630910449]}
2019-09-05_01:07:12.321[Status]Routing 32: Walk: 31
2019-09-05_01:07:12.422[Battery Energy]41.18
2019-09-05_01:07:12.422[Status]Routing Start.
2019-09-05_01:07:12.826[Status]{'id': 19, 'coordinate': [405.6841462803036, 616.8396522230141]}
2019-09-05_01:07:12.826[Status]Routing 33: Walk: 32
2019-09-05_01:07:12.926[Battery Energy]40.86
2019-09-05_01:07:12.926[Status]Routing Start.
2019-09-05_01:07:13.262[Status]{'id': 19, 'coordinate': [414.2680258515631, 611.7096413549833]}
2019-09-05_01:07:13.262[Status]Routing 34: Walk: 33
2019-09-05_01:07:13.366[Battery Energy]40.52
2019-09-05_01:07:13.367[Status]Routing Start.
2019-09-05_01:07:13.712[Status]{'id': 19, 'coordinate': [422.8519054228226, 606.5796304869525]}
2019-09-05_01:07:13.712[Status]Routing 35: Walk: 34
2019-09-05_01:07:13.828[Battery Energy]40.22
2019-09-05_01:07:13.828[Status]Routing Start.
2019-09-05_01:07:14.143[Status]{'id': 19, 'coordinate': [431.4357849940821, 601.4496196189217]}
2019-09-05_01:07:14.143[Status]Routing 36: Walk: 35
2019-09-05_01:07:14.244[Battery Energy]39.93
2019-09-05_01:07:14.244[Status]Routing Start.
2019-09-05_01:07:14.594[Status]{'id': 19, 'coordinate': [440.0196645653416, 596.3196087508909]}
2019-09-05_01:07:14.594[Status]Routing 37: Walk: 36
2019-09-05_01:07:14.700[Battery Energy]39.60
2019-09-05_01:07:14.700[Status]Routing Start.
2019-09-05_01:07:14.939[Status]{'id': 19, 'coordinate': [448.6035441366011, 591.1895978828601]}
2019-09-05_01:07:14.939[Status]Routing 38: Walk: 37
2019-09-05_01:07:15.039[Battery Energy]39.34
2019-09-05_01:07:15.039[Status]Routing Start.
2019-09-05_01:07:15.366[Status]{'id': 19, 'coordinate': [457.1874237078606, 586.0595870148293]}
2019-09-05_01:07:15.366[Status]Routing 39: Walk: 38
2019-09-05_01:07:15.472[Battery Energy]39.01
2019-09-05_01:07:15.472[Status]Routing Start.
2019-09-05_01:07:15.769[Status]{'id': 19, 'coordinate': [465.77130327912005, 580.9295761467985]}
2019-09-05_01:07:15.770[Status]Routing 40: Walk: 39
2019-09-05_01:07:15.870[Battery Energy]38.70
2019-09-05_01:07:15.870[Status]Routing Start.
2019-09-05_01:07:16.425[Status]Routing 41: Walk: 39
2019-09-05_01:07:16.528[Battery Energy]38.34
2019-09-05_01:07:16.528[Status]Routing Start.
2019-09-05_01:07:16.953[Status]Routing 42: Walk: 39
2019-09-05_01:07:17.054[Battery Energy]38.02
2019-09-05_01:07:17.054[Status]Routing Start.
2019-09-05_01:07:17.369[Status]Routing 43: Walk: 39
2019-09-05_01:07:17.469[Battery Energy]37.70
2019-09-05_01:07:17.469[Status]Routing Start.
2019-09-05_01:07:17.864[Status]Routing 44: Walk: 39
2019-09-05_01:07:17.965[Battery Energy]37.35
2019-09-05_01:07:17.965[Status]Routing Start.
2019-09-05_01:07:18.256[Status]Routing 45: Walk: 39
2019-09-05_01:07:18.356[Battery Energy]37.06
2019-09-05_01:07:18.356[Status]Routing Start.
2019-09-05_01:07:18.550[Status]{'id': 19, 'coordinate': [474.35518285037955, 575.7995652787677]}
2019-09-05_01:07:18.550[Status]Routing 46: Walk: 40
2019-09-05_01:07:18.672[Battery Energy]36.86
2019-09-05_01:07:18.672[Status]Routing Start.
2019-09-05_01:07:19.028[Status]{'id': 19, 'coordinate': [482.93906242163905, 570.6695544107369]}
2019-09-05_01:07:19.028[Status]Routing 47: Walk: 41
2019-09-05_01:07:19.136[Battery Energy]36.52
2019-09-05_01:07:19.136[Status]Routing Start.
2019-09-05_01:07:19.303[Status]{'id': 19, 'coordinate': [491.52294199289855, 565.539543542706]}
2019-09-05_01:07:19.304[Status]Routing 48: Walk: 42
2019-09-05_01:07:19.438[Battery Energy]36.27
2019-09-05_01:07:19.438[Status]Routing Start.
2019-09-05_01:07:19.588[Status]{'id': 19, 'coordinate': [500.10682156415805, 560.4095326746752]}
2019-09-05_01:07:19.588[Status]Routing 49: Walk: 43
2019-09-05_01:07:19.733[Battery Energy]36.07
2019-09-05_01:07:19.735[Status]Routing Start.
2019-09-05_01:07:19.907[Status]{'id': 19, 'coordinate': [508.6907011354175, 555.2795218066444]}
2019-09-05_01:07:19.907[Status]Routing 50: Walk: 44
2019-09-05_01:07:20.012[Battery Energy]35.83
2019-09-05_01:07:20.012[Status]Routing Start.
2019-09-05_01:07:20.185[Status]{'id': 19, 'coordinate': [517.2745807066769, 550.1495109386136]}
2019-09-05_01:07:20.185[Status]Routing 51: Walk: 45
2019-09-05_01:07:20.300[Battery Energy]35.61
2019-09-05_01:07:20.300[Status]Routing Start.
2019-09-05_01:07:20.439[Status]{'id': 19, 'coordinate': [525.8584602779364, 545.0195000705828]}
2019-09-05_01:07:20.439[Status]Routing 52: Walk: 46
2019-09-05_01:07:20.539[Battery Energy]35.42
2019-09-05_01:07:20.539[Status]Routing Start.
2019-09-05_01:07:20.749[Status]{'id': 19, 'coordinate': [534.4423398491958, 539.889489202552]}
2019-09-05_01:07:20.749[Status]Routing 53: Walk: 47
2019-09-05_01:07:20.849[Battery Energy]35.18
2019-09-05_01:07:20.849[Status]Routing Start.
2019-09-05_01:07:21.032[Status]{'id': 19, 'coordinate': [543.0262194204553, 534.7594783345212]}
2019-09-05_01:07:21.035[Status]Routing 54: Walk: 48
2019-09-05_01:07:21.148[Battery Energy]34.94
2019-09-05_01:07:21.148[Status]Routing Start.
2019-09-05_01:07:21.365[Status]{'id': 19, 'coordinate': [551.6100989917147, 529.6294674664904]}
2019-09-05_01:07:21.365[Status]Routing 55: Walk: 49
2019-09-05_01:07:21.472[Battery Energy]34.70
2019-09-05_01:07:21.472[Status]Routing Start.
2019-09-05_01:07:21.754[Status]{'id': 19, 'coordinate': [560.1939785629742, 524.4994565984596]}
2019-09-05_01:07:21.754[Status]Routing 56: Walk: 50
2019-09-05_01:07:21.854[Battery Energy]34.45
2019-09-05_01:07:21.854[Status]Routing Start.
2019-09-05_01:07:22.105[Status]{'id': 19, 'coordinate': [568.7778581342336, 519.3694457304288]}
2019-09-05_01:07:22.105[Status]Routing 57: Walk: 51
2019-09-05_01:07:22.205[Battery Energy]34.22
2019-09-05_01:07:22.206[Status]Routing Start.
2019-09-05_01:07:22.389[Status]{'id': 19, 'coordinate': [577.361737705493, 514.239434862398]}
2019-09-05_01:07:22.389[Status]Routing 58: Walk: 52
2019-09-05_01:07:22.490[Battery Energy]33.98
2019-09-05_01:07:22.490[Status]Routing Start.
2019-09-05_01:07:22.718[Status]{'id': 19, 'coordinate': [585.9456172767525, 509.10942399436715]}
2019-09-05_01:07:22.718[Status]Routing 59: Walk: 53
2019-09-05_01:07:22.840[Battery Energy]33.69
2019-09-05_01:07:22.840[Status]Routing Start.
2019-09-05_01:07:23.016[Status]{'id': 19, 'coordinate': [594.529496848012, 503.97941312633634]}
2019-09-05_01:07:23.016[Status]Routing 60: Walk: 54
2019-09-05_01:07:23.116[Battery Energy]33.50
2019-09-05_01:07:23.116[Status]Routing Start.
2019-09-05_01:07:23.298[Status]{'id': 19, 'coordinate': [603.1133764192714, 498.84940225830553]}
2019-09-05_01:07:23.298[Status]Routing 61: Walk: 55
2019-09-05_01:07:23.398[Battery Energy]33.32
2019-09-05_01:07:23.398[Status]Routing Start.
2019-09-05_01:07:23.581[Status]{'id': 19, 'coordinate': [611.6972559905308, 493.7193913902747]}
2019-09-05_01:07:23.581[Status]Routing 62: Walk: 56
2019-09-05_01:07:23.704[Battery Energy]33.10
2019-09-05_01:07:23.704[Status]Routing Start.
2019-09-05_01:07:23.910[Status]{'id': 19, 'coordinate': [620.2811355617903, 488.5893805222439]}
2019-09-05_01:07:23.911[Status]Routing 63: Walk: 57
2019-09-05_01:07:24.016[Battery Energy]32.89
2019-09-05_01:07:24.016[Status]Routing Start.
2019-09-05_01:07:24.179[Status]{'id': 19, 'coordinate': [628.8650151330497, 483.4593696542131]}
2019-09-05_01:07:24.179[Status]Routing 64: Walk: 58
2019-09-05_01:07:24.280[Battery Energy]32.67
2019-09-05_01:07:24.280[Status]Routing Start.
2019-09-05_01:07:24.474[Status]{'id': 19, 'coordinate': [637.4488947043092, 478.3293587861823]}
2019-09-05_01:07:24.475[Status]Routing 65: Walk: 59
2019-09-05_01:07:24.595[Battery Energy]32.46
2019-09-05_01:07:24.595[Status]Routing Start.
2019-09-05_01:07:24.740[Status]{'id': 19, 'coordinate': [646.0327742755686, 473.1993479181515]}
2019-09-05_01:07:24.740[Status]Routing 66: Walk: 60
2019-09-05_01:07:24.848[Battery Energy]32.27
2019-09-05_01:07:24.848[Status]Routing Start.
2019-09-05_01:07:25.122[Status]{'id': 19, 'coordinate': [654.6166538468281, 468.0693370501207]}
2019-09-05_01:07:25.123[Status]Routing 67: Walk: 61
2019-09-05_01:07:25.235[Battery Energy]32.02
2019-09-05_01:07:25.235[Status]Routing Start.
2019-09-05_01:07:25.522[Status]{'id': 19, 'coordinate': [663.2005334180875, 462.93932618208987]}
2019-09-05_01:07:25.522[Status]Routing 68: Walk: 62
2019-09-05_01:07:25.632[Battery Energy]31.78
2019-09-05_01:07:25.632[Status]Routing Start.
2019-09-05_01:07:25.982[Status]{'id': 19, 'coordinate': [671.784412989347, 457.80931531405906]}
2019-09-05_01:07:25.982[Status]Routing 69: Walk: 63
2019-09-05_01:07:26.088[Battery Energy]31.45
2019-09-05_01:07:26.088[Status]Routing Start.
2019-09-05_01:07:26.375[Status]{'id': 19, 'coordinate': [680.3682925606064, 452.67930444602825]}
2019-09-05_01:07:26.375[Status]Routing 70: Walk: 64
2019-09-05_01:07:26.481[Battery Energy]31.17
2019-09-05_01:07:26.481[Status]Routing Start.
2019-09-05_01:07:26.796[Status]{'id': 19, 'coordinate': [688.9521721318658, 447.54929357799745]}
2019-09-05_01:07:26.796[Status]Routing 71: Walk: 65
2019-09-05_01:07:26.897[Battery Energy]30.93
2019-09-05_01:07:26.897[Status]Routing Start.
2019-09-05_01:07:27.064[Status]{'id': 19, 'coordinate': [697.5360517031253, 442.41928270996664]}
2019-09-05_01:07:27.064[Status]Routing 72: Walk: 66
2019-09-05_01:07:27.164[Battery Energy]30.72
2019-09-05_01:07:27.192[Status]Routing Start.
2019-09-05_01:07:27.346[Status]{'id': 19, 'coordinate': [706.1199312743847, 437.28927184193583]}
2019-09-05_01:07:27.346[Status]Routing 73: Walk: 67
2019-09-05_01:07:27.449[Battery Energy]30.50
2019-09-05_01:07:27.449[Status]Routing Start.
2019-09-05_01:07:27.706[Status]{'id': 19, 'coordinate': [714.7038108456442, 432.159260973905]}
2019-09-05_01:07:27.706[Status]Routing 74: Walk: 68
2019-09-05_01:07:27.806[Battery Energy]30.23
2019-09-05_01:07:27.806[Status]Routing Start.
2019-09-05_01:07:27.977[Status]{'id': 19, 'coordinate': [723.2876904169036, 427.0292501058742]}
2019-09-05_01:07:27.977[Status]Routing 75: Walk: 69
2019-09-05_01:07:28.084[Battery Energy]30.04
2019-09-05_01:07:28.084[Status]Routing Start.
2019-09-05_01:07:28.263[Status]{'id': 19, 'coordinate': [731.8715699881631, 421.8992392378434]}
2019-09-05_01:07:28.263[Status]Routing 76: Walk: 70
2019-09-05_01:07:28.380[Battery Energy]29.82
2019-09-05_01:07:28.380[Status]Routing Start.
2019-09-05_01:07:28.539[Status]{'id': 19, 'coordinate': [740.4554495594225, 416.7692283698126]}
2019-09-05_01:07:28.541[Status]Routing 77: Walk: 71
2019-09-05_01:07:28.641[Battery Energy]29.59
2019-09-05_01:07:28.641[Status]Routing Start.
2019-09-05_01:07:28.870[Status]{'id': 19, 'coordinate': [749.039329130682, 411.6392175017818]}
2019-09-05_01:07:28.870[Status]Routing 78: Walk: 72
2019-09-05_01:07:28.970[Battery Energy]29.35
2019-09-05_01:07:28.970[Status]Routing Start.
2019-09-05_01:07:29.155[Status]{'id': 19, 'coordinate': [757.6232087019414, 406.509206633751]}
2019-09-05_01:07:29.155[Status]Routing 79: Walk: 73
2019-09-05_01:07:29.255[Battery Energy]29.15
2019-09-05_01:07:29.255[Status]Routing Start.
2019-09-05_01:07:29.498[Status]{'id': 19, 'coordinate': [766.2070882732008, 401.37919576572017]}
2019-09-05_01:07:29.499[Status]Routing 80: Walk: 74
2019-09-05_01:07:29.612[Battery Energy]28.90
2019-09-05_01:07:29.612[Status]Routing Start.
2019-09-05_01:07:29.828[Status]{'id': 19, 'coordinate': [774.7909678444603, 396.24918489768936]}
2019-09-05_01:07:29.828[Status]Routing 81: Walk: 75
2019-09-05_01:07:29.940[Battery Energy]28.71
2019-09-05_01:07:29.940[Status]Routing Start.
2019-09-05_01:07:30.109[Status]{'id': 19, 'coordinate': [783.3748474157197, 391.11917402965855]}
2019-09-05_01:07:30.109[Status]Routing 82: Walk: 76
2019-09-05_01:07:30.209[Battery Energy]28.48
2019-09-05_01:07:30.209[Status]Routing Start.
2019-09-05_01:07:30.408[Status]{'id': 19, 'coordinate': [791.9587269869792, 385.98916316162774]}
2019-09-05_01:07:30.408[Status]Routing 83: Walk: 77
2019-09-05_01:07:30.516[Battery Energy]28.24
2019-09-05_01:07:30.516[Status]Routing Start.
2019-09-05_01:07:30.750[Status]{'id': 19, 'coordinate': [800.5426065582386, 380.85915229359694]}
2019-09-05_01:07:30.756[Status]Routing 84: Walk: 78
2019-09-05_01:07:30.860[Battery Energy]28.02
2019-09-05_01:07:30.860[Status]Routing Start.
2019-09-05_01:07:31.051[Status]{'id': 19, 'coordinate': [809.1264861294981, 375.7291414255661]}
2019-09-05_01:07:31.052[Status]Routing 85: Walk: 79
2019-09-05_01:07:31.160[Battery Energy]27.80
2019-09-05_01:07:31.160[Status]Routing Start.
2019-09-05_01:07:31.346[Status]{'id': 19, 'coordinate': [817.7103657007575, 370.5991305575353]}
2019-09-05_01:07:31.350[Status]Routing 86: Walk: 80
2019-09-05_01:07:31.450[Battery Energy]27.60
2019-09-05_01:07:31.450[Status]Routing Start.
2019-09-05_01:07:31.637[Status]{'id': 19, 'coordinate': [826.294245272017, 365.4691196895045]}
2019-09-05_01:07:31.637[Status]Routing 87: Walk: 81
2019-09-05_01:07:31.737[Battery Energy]27.39
2019-09-05_01:07:31.737[Status]Routing Start.
2019-09-05_01:07:31.935[Status]{'id': 19, 'coordinate': [834.8781248432764, 360.3391088214737]}
2019-09-05_01:07:31.935[Status]Routing 88: Walk: 82
2019-09-05_01:07:32.035[Battery Energy]27.14
2019-09-05_01:07:32.035[Status]Routing Start.
2019-09-05_01:07:32.333[Status]{'id': 19, 'coordinate': [843.4620044145358, 355.2090979534429]}
2019-09-05_01:07:32.334[Status]Routing 89: Walk: 83
2019-09-05_01:07:32.434[Battery Energy]26.88
2019-09-05_01:07:32.434[Status]Routing Start.
2019-09-05_01:07:32.585[Status]{'id': 19, 'coordinate': [852.0458839857953, 350.0790870854121]}
2019-09-05_01:07:32.585[Status]Routing 90: Walk: 84
2019-09-05_01:07:32.689[Battery Energy]26.67
2019-09-05_01:07:32.689[Status]Routing Start.
2019-09-05_01:07:32.874[Status]{'id': 19, 'coordinate': [860.6297635570547, 344.9490762173813]}
2019-09-05_01:07:32.874[Status]Routing 91: Walk: 85
2019-09-05_01:07:32.980[Battery Energy]26.41
2019-09-05_01:07:32.980[Status]Routing Start.
2019-09-05_01:07:33.368[Status]{'id': 19, 'coordinate': [869.2136431283142, 339.81906534935047]}
2019-09-05_01:07:33.368[Status]Routing 92: Walk: 86
2019-09-05_01:07:33.484[Battery Energy]26.07
2019-09-05_01:07:33.484[Status]Routing Start.
2019-09-05_01:07:33.729[Status]{'id': 19, 'coordinate': [877.7975226995736, 334.68905448131966]}
2019-09-05_01:07:33.729[Status]Routing 93: Walk: 87
2019-09-05_01:07:33.836[Battery Energy]25.80
2019-09-05_01:07:33.836[Status]Routing Start.
2019-09-05_01:07:34.037[Status]{'id': 19, 'coordinate': [886.3814022708331, 329.55904361328885]}
2019-09-05_01:07:34.038[Status]Routing 94: Walk: 88
2019-09-05_01:07:34.160[Battery Energy]25.57
2019-09-05_01:07:34.160[Status]Routing Start.
2019-09-05_01:07:34.446[Status]{'id': 19, 'coordinate': [894.9652818420925, 324.42903274525804]}
2019-09-05_01:07:34.446[Status]Routing 95: Walk: 89
2019-09-05_01:07:34.546[Battery Energy]25.25
2019-09-05_01:07:34.546[Status]Routing Start.
2019-09-05_01:07:34.817[Status]{'id': 19, 'coordinate': [903.549161413352, 319.29902187722723]}
2019-09-05_01:07:34.817[Status]Routing 96: Walk: 90
2019-09-05_01:07:34.917[Battery Energy]24.93
2019-09-05_01:07:34.917[Status]Routing Start.
2019-09-05_01:07:35.101[Status]{'id': 19, 'coordinate': [912.1330409846114, 314.1690110091964]}
2019-09-05_01:07:35.102[Status]Routing 97: Walk: 91
2019-09-05_01:07:35.212[Battery Energy]24.73
2019-09-05_01:07:35.212[Status]Routing Start.
2019-09-05_01:07:35.507[Status]{'id': 19, 'coordinate': [920.7169205558708, 309.0390001411656]}
2019-09-05_01:07:35.507[Status]Routing 98: Walk: 92
2019-09-05_01:07:35.616[Battery Energy]24.41
2019-09-05_01:07:35.616[Status]Routing Start.
2019-09-05_01:07:35.877[Status]{'id': 19, 'coordinate': [929.3008001271303, 303.9089892731348]}
2019-09-05_01:07:35.877[Status]Routing 99: Walk: 93
2019-09-05_01:07:35.978[Battery Energy]24.14
2019-09-05_01:07:35.978[Status]Routing Start.
2019-09-05_01:07:36.358[Status]{'id': 19, 'coordinate': [937.8846796983897, 298.778978405104]}
2019-09-05_01:07:36.358[Status]Routing 100: Walk: 94
2019-09-05_01:07:36.458[Battery Energy]23.79
2019-09-05_01:07:36.458[Status]Routing Start.
2019-09-05_01:07:36.815[Status]{'id': 19, 'coordinate': [946.4685592696492, 293.6489675370732]}
2019-09-05_01:07:36.815[Status]Routing 101: Walk: 95
2019-09-05_01:07:36.917[Battery Energy]23.49
2019-09-05_01:07:36.917[Status]Routing Start.
2019-09-05_01:07:37.289[Status]{'id': 19, 'coordinate': [955.0524388409086, 288.5189566690424]}
2019-09-05_01:07:37.289[Status]Routing 102: Walk: 96
2019-09-05_01:07:37.390[Battery Energy]23.17
2019-09-05_01:07:37.390[Status]Routing Start.
2019-09-05_01:07:37.726[Status]{'id': 19, 'coordinate': [963.6363184121681, 283.3889458010116]}
2019-09-05_01:07:37.726[Status]Routing 103: Walk: 97
2019-09-05_01:07:37.828[Battery Energy]22.89
2019-09-05_01:07:37.828[Status]Routing Start.
2019-09-05_01:07:38.036[Status]{'id': 19, 'coordinate': [972.2201979834275, 278.25893493298076]}
2019-09-05_01:07:38.036[Status]Routing 104: Walk: 98
2019-09-05_01:07:38.136[Battery Energy]22.66
2019-09-05_01:07:38.136[Status]Routing Start.
2019-09-05_01:07:38.559[Status]{'id': 19, 'coordinate': [980.804077554687, 273.12892406494996]}
2019-09-05_01:07:38.559[Status]Routing 105: Walk: 99
2019-09-05_01:07:38.671[Battery Energy]22.37
2019-09-05_01:07:38.671[Status]Routing Start.
2019-09-05_01:07:39.011[Status]{'id': 19, 'coordinate': [989.3879571259464, 267.99891319691915]}
2019-09-05_01:07:39.011[Status]Routing 106: Walk: 100
2019-09-05_01:07:39.120[Battery Energy]22.07
2019-09-05_01:07:39.120[Status]Routing Start.
2019-09-05_01:07:39.247[Status]{'id': 19, 'coordinate': [997.9718366972058, 262.86890232888834]}
2019-09-05_01:07:39.247[Status]Routing 107: Walk: 101
2019-09-05_01:07:39.354[Battery Energy]21.86
2019-09-05_01:07:39.354[Status]Routing Start.
2019-09-05_01:07:39.697[Status]{'id': 19, 'coordinate': [1006.5557162684653, 257.73889146085753]}
2019-09-05_01:07:39.697[Status]Routing 108: Walk: 102
2019-09-05_01:07:39.797[Battery Energy]21.50
2019-09-05_01:07:39.797[Status]Routing Start.
2019-09-05_01:07:40.140[Status]{'id': 19, 'coordinate': [1015.1395958397247, 252.60888059282675]}
2019-09-05_01:07:40.143[Status]Routing 109: Walk: 103
2019-09-05_01:07:40.243[Battery Energy]21.19
2019-09-05_01:07:40.243[Status]Routing Start.
2019-09-05_01:07:40.565[Status]{'id': 19, 'coordinate': [1023.7234754109842, 247.47886972479597]}
2019-09-05_01:07:40.565[Status]Routing 110: Walk: 104
2019-09-05_01:07:40.666[Battery Energy]20.87
2019-09-05_01:07:40.666[Status]Routing Start.
2019-09-05_01:07:41.026[Status]{'id': 19, 'coordinate': [1032.3073549822436, 242.3488588567652]}
2019-09-05_01:07:41.026[Status]Routing 111: Walk: 105
2019-09-05_01:07:41.132[Battery Energy]20.54
2019-09-05_01:07:41.132[Status]Routing Start.
2019-09-05_01:07:41.593[Status]{'id': 19, 'coordinate': [1037.314870855842, 251.00476925230774]}
2019-09-05_01:07:41.593[Status]Routing 112: Walk: 106
2019-09-05_01:07:41.693[Battery Energy]20.07
2019-09-05_01:07:41.693[Status]Routing Start.
2019-09-05_01:07:42.062[Status]{'id': 19, 'coordinate': [1038.378354329852, 260.9480585923857]}
2019-09-05_01:07:42.062[Status]Routing 113: Walk: 107
2019-09-05_01:07:42.162[Battery Energy]19.68
2019-09-05_01:07:42.162[Status]Routing Start.
2019-09-05_01:07:42.494[Status]{'id': 19, 'coordinate': [1039.6973034509147, 270.86069563890607]}
2019-09-05_01:07:42.494[Status]Routing 114: Walk: 108
2019-09-05_01:07:42.616[Battery Energy]19.27
2019-09-05_01:07:42.616[Status]Routing Start.
2019-09-05_01:07:42.992[Status]{'id': 19, 'coordinate': [1045.7939141151994, 278.7873177699358]}
2019-09-05_01:07:42.992[Status]Routing 115: Walk: 109
2019-09-05_01:07:43.092[Battery Energy]18.84
2019-09-05_01:07:43.092[Status]Routing Start.
2019-09-05_01:07:43.284[Status]{'id': 19, 'coordinate': [1052.7036399479673, 271.55850812269927]}
2019-09-05_01:07:43.284[Status]Routing 116: Walk: 110
2019-09-05_01:07:43.396[Battery Energy]18.64
2019-09-05_01:07:43.396[Status]Routing Start.
2019-09-05_01:07:43.737[Status]{'id': 19, 'coordinate': [1060.440087352231, 277.8947042655801]}
2019-09-05_01:07:43.737[Status]Routing 117: Walk: 111
2019-09-05_01:07:43.837[Battery Energy]18.25
2019-09-05_01:07:43.837[Status]Routing Start.
2019-09-05_01:07:44.024[Status]{'id': 19, 'coordinate': [1066.7892417062953, 270.1688878693495]}
2019-09-05_01:07:44.024[Status]Routing 118: Walk: 112
2019-09-05_01:07:44.134[Battery Energy]18.02
2019-09-05_01:07:44.134[Status]Routing Start.
2019-09-05_01:07:44.606[Status]{'id': 19, 'coordinate': [1076.5831886414624, 272.1884431251251]}
2019-09-05_01:07:44.606[Status]Routing 119: Walk: 113
2019-09-05_01:07:44.708[Battery Energy]17.60
2019-09-05_01:07:44.708[Status]Routing Start.
2019-09-05_01:07:44.863[Status]{'id': 19, 'coordinate': [1082.3395262402487, 264.011366786433]}
2019-09-05_01:07:44.863[Status]Routing 120: Walk: 114
2019-09-05_01:07:44.968[Battery Energy]17.39
2019-09-05_01:07:44.968[Status]Routing Start.
2019-09-05_01:07:45.237[Status]{'id': 19, 'coordinate': [1088.095863839035, 255.8342904477408]}
2019-09-05_01:07:45.237[Status]Routing 121: Walk: 115
2019-09-05_01:07:45.340[Battery Energy]17.10
2019-09-05_01:07:45.340[Status]Routing Start.
2019-09-05_01:07:45.681[Status]{'id': 19, 'coordinate': [1094.807039966894, 263.24779939970506]}
2019-09-05_01:07:45.681[Status]Routing 122: Walk: 116
2019-09-05_01:07:45.788[Battery Energy]16.73
2019-09-05_01:07:45.788[Status]Routing Start.
2019-09-05_01:07:46.159[Status]{'id': 19, 'coordinate': [1100.8667893063148, 271.202636792348]}
2019-09-05_01:07:46.159[Status]Routing 123: Walk: 117
2019-09-05_01:07:46.259[Battery Energy]16.36
2019-09-05_01:07:46.259[Status]Routing Start.
2019-09-05_01:07:46.411[Status]{'id': 19, 'coordinate': [1105.0364854755323, 262.1134325446478]}
2019-09-05_01:07:46.411[Status]Routing 124: Walk: 118
2019-09-05_01:07:46.524[Battery Energy]16.15
2019-09-05_01:07:46.524[Status]Routing Start.
2019-09-05_01:07:46.858[Status]{'id': 19, 'coordinate': [1111.9054103547699, 269.38102299839466]}
2019-09-05_01:07:46.858[Status]Routing 125: Walk: 119
2019-09-05_01:07:46.961[Battery Energy]15.83
2019-09-05_01:07:46.961[Status]Routing Start.
2019-09-05_01:07:47.341[Status]{'id': 19, 'coordinate': [1121.5231769451634, 272.1193739278244]}
2019-09-05_01:07:47.341[Status]Routing 126: Walk: 120
2019-09-05_01:07:47.441[Battery Energy]15.46
2019-09-05_01:07:47.441[Status]Routing Start.
2019-09-05_01:07:47.677[Status]{'id': 19, 'coordinate': [1123.8728180215044, 262.39933345402125]}
2019-09-05_01:07:47.678[Status]Routing 127: Walk: 121
2019-09-05_01:07:47.780[Battery Energy]15.20
2019-09-05_01:07:47.780[Status]Routing Start.
2019-09-05_01:07:48.221[Status]{'id': 19, 'coordinate': [1133.8694643272045, 262.1403689029089]}
2019-09-05_01:07:48.221[Status]Routing 128: Walk: 122
2019-09-05_01:07:48.322[Battery Energy]14.75
2019-09-05_01:07:48.322[Status]Routing Start.
2019-09-05_01:07:48.508[Status]{'id': 19, 'coordinate': [1135.1364813613154, 252.22096025948298]}
2019-09-05_01:07:48.508[Status]Routing 129: Walk: 123
2019-09-05_01:07:48.624[Battery Energy]14.51
2019-09-05_01:07:48.624[Status]Routing Start.
2019-09-05_01:07:48.927[Status]{'id': 19, 'coordinate': [1136.4034983954261, 242.30155161605705]}
2019-09-05_01:07:48.927[Status]Routing 130: Walk: 124
2019-09-05_01:07:49.027[Battery Energy]14.15
2019-09-05_01:07:49.027[Status]Routing Start.
2019-09-05_01:07:49.412[Status]{'id': 19, 'coordinate': [1137.670515429537, 232.38214297263113]}
2019-09-05_01:07:49.412[Status]Routing 131: Walk: 125
2019-09-05_01:07:49.513[Battery Energy]13.74
2019-09-05_01:07:49.513[Status]Routing Start.
2019-09-05_01:07:49.812[Status]{'id': 19, 'coordinate': [1138.9375324636478, 222.4627343292052]}
2019-09-05_01:07:49.812[Status]Routing 132: Walk: 126
2019-09-05_01:07:49.913[Battery Energy]13.42
2019-09-05_01:07:49.913[Status]Routing Start.
2019-09-05_01:07:50.233[Status]{'id': 19, 'coordinate': [1140.2045494977588, 212.54332568577928]}
2019-09-05_01:07:50.235[Status]Routing 133: Walk: 127
2019-09-05_01:07:50.335[Battery Energy]13.10
2019-09-05_01:07:50.335[Status]Routing Start.
2019-09-05_01:07:50.532[Status]{'id': 19, 'coordinate': [1141.4715665318695, 202.62391704235336]}
2019-09-05_01:07:50.532[Status]Routing 134: Walk: 128
2019-09-05_01:07:50.632[Battery Energy]12.89
2019-09-05_01:07:50.632[Status]Routing Start.
2019-09-05_01:07:50.802[Status]{'id': 19, 'coordinate': [1142.7385835659804, 192.70450839892743]}
2019-09-05_01:07:50.802[Status]Routing 135: Walk: 129
2019-09-05_01:07:50.902[Battery Energy]12.66
2019-09-05_01:07:50.902[Status]Routing Start.
2019-09-05_01:07:51.071[Status]{'id': 19, 'coordinate': [1144.0056006000912, 182.7850997555015]}
2019-09-05_01:07:51.072[Status]Routing 136: Walk: 130
2019-09-05_01:07:51.172[Battery Energy]12.47
2019-09-05_01:07:51.172[Status]Routing Start.
2019-09-05_01:07:51.172[Status]Task Finished.
2019-09-05_01:07:51.324[Battery Energy]12.47
2019-09-05_01:07:51.513[Status]Routing 138: Walk: 130
2019-09-05_01:07:51.613[Battery Energy]12.34
2019-09-05_01:07:52.034[Status]Routing 139: Walk: 130
2019-09-05_01:07:52.148[Battery Energy]12.02
2019-09-05_01:07:52.311[Status]Routing 140: Walk: 130
2019-09-05_01:07:52.420[Battery Energy]11.92
2019-09-05_01:07:52.792[Status]Routing 141: Walk: 130
2019-09-05_01:07:52.896[Battery Energy]11.68
2019-09-05_01:07:53.259[Status]Routing 142: Walk: 130
2019-09-05_01:07:53.360[Battery Energy]11.47
2019-09-05_01:07:53.650[Status]Routing 143: Walk: 130
2019-09-05_01:07:53.764[Battery Energy]11.33
2019-09-05_01:07:53.962[Status]Routing 144: Walk: 130
2019-09-05_01:07:54.072[Battery Energy]11.23
2019-09-05_01:07:54.260[Status]Routing 145: Walk: 130
2019-09-05_01:07:54.368[Battery Energy]11.13
2019-09-05_01:07:54.513[Status]Routing 146: Walk: 130
2019-09-05_01:07:54.613[Battery Energy]11.02
2019-09-05_01:07:54.861[Status]Routing 147: Walk: 130
2019-09-05_01:07:54.972[Battery Energy]10.89
2019-09-05_01:07:55.117[Status]Routing 148: Walk: 130
2019-09-05_01:07:55.217[Battery Energy]10.79
2019-09-05_01:07:55.385[Status]Routing 149: Walk: 130
2019-09-05_01:07:55.500[Battery Energy]10.68
2019-09-05_01:07:55.710[Status]Routing 150: Walk: 130
2019-09-05_01:07:55.820[Battery Energy]10.55
2019-09-05_01:07:55.989[Status]Routing 151: Walk: 130
2019-09-05_01:07:56.096[Battery Energy]10.44
2019-09-05_01:07:56.389[Status]Routing 152: Walk: 130
2019-09-05_01:07:56.504[Battery Energy]10.29
2019-09-05_01:07:56.820[Status]Routing 153: Walk: 130
2019-09-05_01:07:56.940[Battery Energy]10.13
2019-09-05_01:07:57.181[Status]Routing 154: Walk: 130
2019-09-05_01:07:57.288[Battery Energy]9.98
2019-09-05_01:07:57.464[Status]Routing 155: Walk: 130
2019-09-05_01:07:57.572[Battery Energy]9.90
2019-09-05_01:07:57.877[Status]Routing 156: Walk: 130
2019-09-05_01:07:57.992[Battery Energy]9.73
2019-09-05_01:07:58.155[Status]Routing 157: Walk: 130
2019-09-05_01:07:58.264[Battery Energy]9.65
2019-09-05_01:07:58.493[Status]Routing 158: Walk: 130
2019-09-05_01:07:58.640[Battery Energy]9.51
2019-09-05_01:07:58.783[Status]Routing 159: Walk: 130
2019-09-05_01:07:58.892[Battery Energy]9.41
2019-09-05_01:07:59.134[Status]Routing 160: Walk: 130
2019-09-05_01:07:59.256[Battery Energy]9.25
2019-09-05_01:07:59.408[Status]Routing 161: Walk: 130
2019-09-05_01:07:59.508[Battery Energy]9.14
2019-09-05_01:07:59.741[Status]Routing 162: Walk: 130
2019-09-05_01:07:59.863[Battery Energy]9.01
2019-09-05_01:08:00.052[Status]Routing 163: Walk: 130
2019-09-05_01:08:00.160[Battery Energy]8.91
2019-09-05_01:08:00.334[Status]Routing 164: Walk: 130
2019-09-05_01:08:00.440[Battery Energy]8.82
2019-09-05_01:08:00.660[Status]Routing 165: Walk: 130
2019-09-05_01:08:00.772[Battery Energy]8.71
2019-09-05_01:08:00.953[Status]Routing 166: Walk: 130
2019-09-05_01:08:01.053[Battery Energy]8.62
2019-09-05_01:08:01.255[Status]Routing 167: Walk: 130
2019-09-05_01:08:01.355[Battery Energy]8.48
2019-09-05_01:08:01.607[Status]Routing 168: Walk: 130
2019-09-05_01:08:01.709[Battery Energy]8.34
2019-09-05_01:08:01.979[Status]Routing 169: Walk: 130
2019-09-05_01:08:02.079[Battery Energy]8.17
2019-09-05_01:08:02.290[Status]Routing 170: Walk: 130
2019-09-05_01:08:02.393[Battery Energy]8.04
2019-09-05_01:08:02.582[Status]Routing 171: Walk: 130
2019-09-05_01:08:02.683[Battery Energy]7.90
2019-09-05_01:08:02.890[Status]Routing 172: Walk: 130
2019-09-05_01:08:02.993[Battery Energy]7.79
2019-09-05_01:08:03.196[Status]Routing 173: Walk: 130
2019-09-05_01:08:03.300[Battery Energy]7.66
2019-09-05_01:08:03.493[Status]Routing 174: Walk: 130
2019-09-05_01:08:03.615[Battery Energy]7.52
2019-09-05_01:08:03.814[Status]Routing 175: Walk: 130
2019-09-05_01:08:03.924[Battery Energy]7.42
2019-09-05_01:08:04.086[Status]Routing 176: Walk: 130
2019-09-05_01:08:04.186[Battery Energy]7.29
2019-09-05_01:08:04.362[Status]Routing 177: Walk: 130
2019-09-05_01:08:04.462[Battery Energy]7.18
2019-09-05_01:08:04.711[Status]Routing 178: Walk: 130
2019-09-05_01:08:04.814[Battery Energy]7.00
2019-09-05_01:08:05.020[Status]Routing 179: Walk: 130
2019-09-05_01:08:05.120[Battery Energy]6.90
2019-09-05_01:08:05.324[Status]Routing 180: Walk: 130
2019-09-05_01:08:05.440[Battery Energy]6.76
2019-09-05_01:08:05.558[Status]Routing 181: Walk: 130
2019-09-05_01:08:05.672[Battery Energy]6.67
2019-09-05_01:08:05.859[Status]Routing 182: Walk: 130
2019-09-05_01:08:05.962[Battery Energy]6.54
2019-09-05_01:08:06.133[Status]Routing 183: Walk: 130
2019-09-05_01:08:06.240[Battery Energy]6.45
2019-09-05_01:08:06.442[Status]Routing 184: Walk: 130
2019-09-05_01:08:06.560[Battery Energy]6.31
2019-09-05_01:08:06.730[Status]Routing 185: Walk: 130
2019-09-05_01:08:06.840[Battery Energy]6.21
2019-09-05_01:08:06.973[Status]Routing 186: Walk: 130
2019-09-05_01:08:07.074[Battery Energy]6.10
2019-09-05_01:08:07.275[Status]Routing 187: Walk: 130
2019-09-05_01:08:07.375[Battery Energy]5.99
2019-09-05_01:08:07.555[Status]Routing 188: Walk: 130
2019-09-05_01:08:07.660[Battery Energy]5.88
2019-09-05_01:08:07.858[Status]Routing 189: Walk: 130
2019-09-05_01:08:07.959[Battery Energy]5.78
2019-09-05_01:08:08.136[Status]Routing 190: Walk: 130
2019-09-05_01:08:08.236[Battery Energy]5.65
2019-09-05_01:08:08.463[Status]Routing 191: Walk: 130
2019-09-05_01:08:08.565[Battery Energy]5.50
2019-09-05_01:08:08.778[Status]Routing 192: Walk: 130
2019-09-05_01:08:08.896[Battery Energy]5.35
2019-09-05_01:08:09.072[Status]Routing 193: Walk: 130
2019-09-05_01:08:09.172[Battery Energy]5.22
2019-09-05_01:08:09.387[Status]Routing 194: Walk: 130
2019-09-05_01:08:09.500[Battery Energy]5.09
2019-09-05_01:08:09.736[Status]Routing 195: Walk: 130
2019-09-05_01:08:09.864[Battery Energy]4.94
2019-09-05_01:08:10.024[Status]Routing 196: Walk: 130
2019-09-05_01:08:10.138[Battery Energy]4.81
2019-09-05_01:08:10.291[Status]Routing 197: Walk: 130
2019-09-05_01:08:10.396[Battery Energy]4.72
2019-09-05_01:08:10.567[Status]Routing 198: Walk: 130
2019-09-05_01:08:10.672[Battery Energy]4.61
2019-09-05_01:08:10.892[Status]Routing 199: Walk: 130
2019-09-05_01:08:10.992[Battery Energy]4.51
2019-09-05_01:08:11.202[Status]Routing 200: Walk: 130
2019-09-05_01:08:11.323[Battery Energy]4.38
2019-09-05_01:08:11.458[Status]Routing 201: Walk: 130
2019-09-05_01:08:11.558[Battery Energy]4.28
2019-09-05_01:08:11.797[Status]Routing 202: Walk: 130
2019-09-05_01:08:11.897[Battery Energy]4.16
2019-09-05_01:08:12.087[Status]Routing 203: Walk: 130
2019-09-05_01:08:12.187[Battery Energy]4.05
2019-09-05_01:08:12.395[Status]Routing 204: Walk: 130
2019-09-05_01:08:12.504[Battery Energy]3.93
2019-09-05_01:08:12.643[Status]Routing 205: Walk: 130
2019-09-05_01:08:12.743[Battery Energy]3.84
2019-09-05_01:08:12.984[Status]Routing 206: Walk: 130
2019-09-05_01:08:13.092[Battery Energy]3.69
2019-09-05_01:08:13.314[Status]Routing 207: Walk: 130
2019-09-05_01:08:13.415[Battery Energy]3.61
2019-09-05_01:08:13.688[Status]Routing 208: Walk: 130
2019-09-05_01:08:13.804[Battery Energy]3.49
2019-09-05_01:08:13.999[Status]Routing 209: Walk: 130
2019-09-05_01:08:14.099[Battery Energy]3.32
2019-09-05_01:08:14.293[Status]Routing 210: Walk: 130
2019-09-05_01:08:14.416[Battery Energy]3.22
2019-09-05_01:08:14.638[Status]Routing 211: Walk: 130
2019-09-05_01:08:14.744[Battery Energy]3.09
2019-09-05_01:08:14.922[Status]Routing 212: Walk: 130
2019-09-05_01:08:15.022[Battery Energy]2.97
2019-09-05_01:08:15.172[Status]Routing 213: Walk: 130
2019-09-05_01:08:15.273[Battery Energy]2.87
2019-09-05_01:08:15.473[Status]Routing 214: Walk: 130
2019-09-05_01:08:15.575[Battery Energy]2.78
2019-09-05_01:08:15.790[Status]Routing 215: Walk: 130
2019-09-05_01:08:15.890[Battery Energy]2.66
2019-09-05_01:08:16.055[Status]Routing 216: Walk: 130
2019-09-05_01:08:16.155[Battery Energy]2.52
2019-09-05_01:08:16.386[Status]Routing 217: Walk: 130
2019-09-05_01:08:16.486[Battery Energy]2.36
2019-09-05_01:08:16.688[Status]Routing 218: Walk: 130
2019-09-05_01:08:16.795[Battery Energy]2.25
2019-09-05_01:08:16.987[Status]Routing 219: Walk: 130
2019-09-05_01:08:17.096[Battery Energy]2.15
2019-09-05_01:08:17.256[Status]Routing 220: Walk: 130
2019-09-05_01:08:17.357[Battery Energy]2.06
2019-09-05_01:08:17.549[Status]Routing 221: Walk: 130
2019-09-05_01:08:17.654[Battery Energy]1.93
2019-09-05_01:08:17.841[Status]Routing 222: Walk: 130
2019-09-05_01:08:17.945[Battery Energy]1.85
2019-09-05_01:08:18.159[Status]Routing 223: Walk: 130
2019-09-05_01:08:18.268[Battery Energy]1.68
2019-09-05_01:08:18.416[Status]Routing 224: Walk: 130
2019-09-05_01:08:18.527[Battery Energy]1.57
2019-09-05_01:08:18.795[Status]Routing 225: Walk: 130
2019-09-05_01:08:18.908[Battery Energy]1.43
2019-09-05_01:08:19.120[Status]Routing 226: Walk: 130
2019-09-05_01:08:19.231[Battery Energy]1.31
2019-09-05_01:08:19.448[Status]Routing 227: Walk: 130
2019-09-05_01:08:19.556[Battery Energy]1.21
2019-09-05_01:08:19.861[Status]Routing 228: Walk: 130
2019-09-05_01:08:19.972[Battery Energy]0.96
2019-09-05_01:08:20.244[Status]Routing 229: Walk: 130
2019-09-05_01:08:20.344[Battery Energy]0.85
2019-09-05_01:08:20.520[Status]Routing 230: Walk: 130
2019-09-05_01:08:20.620[Battery Energy]0.70
2019-09-05_01:08:20.859[Status]Routing 231: Walk: 130
2019-09-05_01:08:20.959[Battery Energy]0.58
2019-09-05_01:08:21.204[Status]Routing 232: Walk: 130
2019-09-05_01:08:21.306[Battery Energy]0.46
2019-09-05_01:08:21.479[Status]Routing 233: Walk: 130
2019-09-05_01:08:21.584[Battery Energy]0.37
2019-09-05_01:08:21.790[Status]Routing 234: Walk: 130
2019-09-05_01:08:21.890[Battery Energy]0.23
2019-09-05_01:08:22.068[Status]Routing 235: Walk: 130
2019-09-05_01:08:22.168[Battery Energy]0.08
2019-09-05_01:08:22.354[Status]Routing 236: Walk: 130
2019-09-05_01:08:22.454[Battery Energy]-0.07
2019-09-05_01:08:22.636[Status]Routing 237: Walk: 130
2019-09-05_01:08:22.737[Battery Energy]-0.17
2019-09-05_01:08:22.899[Status]Routing 238: Walk: 130
2019-09-05_01:08:23.009[Battery Energy]-0.24
2019-09-05_01:08:23.145[Status]Routing 239: Walk: 130
2019-09-05_01:08:23.245[Battery Energy]-0.35
2019-09-05_01:08:23.488[Status]Routing 240: Walk: 130
2019-09-05_01:08:23.596[Battery Energy]-0.51
2019-09-05_01:08:23.787[Status]Routing 241: Walk: 130
2019-09-05_01:08:23.912[Battery Energy]-0.64
2019-09-05_01:08:24.175[Status]Routing 242: Walk: 130
2019-09-05_01:08:24.292[Battery Energy]-0.79
2019-09-05_01:08:24.535[Status]Routing 243: Walk: 130
2019-09-05_01:08:24.668[Battery Energy]-0.95
2019-09-05_01:08:24.857[Status]Routing 244: Walk: 130
2019-09-05_01:08:24.971[Battery Energy]-1.05
2019-09-05_01:08:25.134[Status]Routing 245: Walk: 130
2019-09-05_01:08:25.234[Battery Energy]-1.15
2019-09-05_01:08:25.413[Status]Routing 246: Walk: 130
2019-09-05_01:08:25.524[Battery Energy]-1.30
2019-09-05_01:08:25.722[Status]Routing 247: Walk: 130
2019-09-05_01:08:25.836[Battery Energy]-1.42
2019-09-05_01:08:26.052[Status]Routing 248: Walk: 130
2019-09-05_01:08:26.160[Battery Energy]-1.55
2019-09-05_01:08:26.351[Status]Routing 249: Walk: 130
2019-09-05_01:08:26.456[Battery Energy]-1.68
2019-09-05_01:08:26.662[Status]Routing 250: Walk: 130
2019-09-05_01:08:26.766[Battery Energy]-1.80
2019-09-05_01:08:27.002[Status]Routing 251: Walk: 130
2019-09-05_01:08:27.107[Battery Energy]-1.92
2019-09-05_01:08:27.268[Status]Routing 252: Walk: 130
2019-09-05_01:08:27.376[Battery Energy]-2.01
2019-09-05_01:08:27.585[Status]Routing 253: Walk: 130
2019-09-05_01:08:27.704[Battery Energy]-2.18
2019-09-05_01:08:27.921[Status]Routing 254: Walk: 130
2019-09-05_01:08:28.021[Battery Energy]-2.31
2019-09-05_01:08:28.217[Status]Routing 255: Walk: 130
2019-09-05_01:08:28.317[Battery Energy]-2.41
2019-09-05_01:08:28.563[Status]Routing 256: Walk: 130
2019-09-05_01:08:28.684[Battery Energy]-2.57
2019-09-05_01:08:28.840[Status]Routing 257: Walk: 130
2019-09-05_01:08:28.944[Battery Energy]-2.69
2019-09-05_01:08:29.143[Status]Routing 258: Walk: 130
2019-09-05_01:08:29.244[Battery Energy]-2.81
2019-09-05_01:08:29.484[Status]Routing 259: Walk: 130
2019-09-05_01:08:29.586[Battery Energy]-2.92
2019-09-05_01:08:29.795[Status]Routing 260: Walk: 130
2019-09-05_01:08:29.904[Battery Energy]-3.05
