2019-09-05_00:59:02.851[Status]Start.
2019-09-05_00:59:02.851[Battery Energy]112.00
2019-09-05_00:59:03.952[Battery Energy]111.96
2019-09-05_00:59:05.053[Battery Energy]111.92
2019-09-05_00:59:06.155[Battery Energy]111.88
2019-09-05_00:59:07.256[Battery Energy]111.84
2019-09-05_00:59:08.357[Task]A New Task Released.
2019-09-05_00:59:08.357[Battery Energy]111.80
2019-09-05_00:59:08.357[Status]Selection Start.
2019-09-05_00:59:10.578[Status]Selection End: Do Task 1.
2019-09-05_00:59:10.684[Battery Energy]110.25
2019-09-05_00:59:10.684[Status]Formation Start.
2019-09-05_00:59:10.858[Status]Formation End: To Position 3.
2019-09-05_00:59:10.958[Battery Energy]110.10
2019-09-05_00:59:10.958[Status]Routing Start.
2019-09-05_00:59:11.215[Status]{'id': 9, 'coordinate': [67.80038076645775, 531.9880987984617]}
2019-09-05_00:59:11.216[Status]Routing 1: Walk: 1
2019-09-05_00:59:11.316[Battery Energy]109.86
2019-09-05_00:59:11.316[Status]Routing Start.
2019-09-05_00:59:11.501[Status]{'id': 9, 'coordinate': [77.6007615329155, 533.9761975969234]}
2019-09-05_00:59:11.501[Status]Routing 2: Walk: 2
2019-09-05_00:59:11.619[Battery Energy]109.63
2019-09-05_00:59:11.619[Status]Routing Start.
2019-09-05_00:59:11.773[Status]{'id': 9, 'coordinate': [87.40114229937325, 535.9642963953851]}
2019-09-05_00:59:11.773[Status]Routing 3: Walk: 3
2019-09-05_00:59:11.880[Battery Energy]109.41
2019-09-05_00:59:11.880[Status]Routing Start.
2019-09-05_00:59:12.105[Status]{'id': 9, 'coordinate': [97.201523065831, 537.9523951938468]}
2019-09-05_00:59:12.105[Status]Routing 4: Walk: 4
2019-09-05_00:59:12.205[Battery Energy]109.13
2019-09-05_00:59:12.205[Status]Routing Start.
2019-09-05_00:59:12.413[Status]{'id': 9, 'coordinate': [107.00190383228875, 539.9404939923085]}
2019-09-05_00:59:12.413[Status]Routing 5: Walk: 5
2019-09-05_00:59:12.520[Battery Energy]108.89
2019-09-05_00:59:12.520[Status]Routing Start.
2019-09-05_00:59:12.854[Status]{'id': 9, 'coordinate': [116.8022845987465, 541.9285927907702]}
2019-09-05_00:59:12.854[Status]Routing 6: Walk: 6
2019-09-05_00:59:12.956[Battery Energy]108.59
2019-09-05_00:59:12.956[Status]Routing Start.
2019-09-05_00:59:13.273[Status]Routing 7: Walk: 6
2019-09-05_00:59:13.376[Battery Energy]108.26
2019-09-05_00:59:13.376[Status]Routing Start.
2019-09-05_00:59:13.764[Status]Routing 8: Walk: 6
2019-09-05_00:59:13.865[Battery Energy]107.96
2019-09-05_00:59:13.865[Status]Routing Start.
2019-09-05_00:59:14.229[Status]Routing 9: Walk: 6
2019-09-05_00:59:14.329[Battery Energy]107.66
2019-09-05_00:59:14.329[Status]Routing Start.
2019-09-05_00:59:14.723[Status]Routing 10: Walk: 6
2019-09-05_00:59:14.824[Battery Energy]107.36
2019-09-05_00:59:14.824[Status]Routing Start.
2019-09-05_00:59:15.228[Status]{'id': 9, 'coordinate': [115.66248018423553, 551.863422728754]}
2019-09-05_00:59:15.232[Status]Routing 11: Walk: 7
2019-09-05_00:59:15.333[Battery Energy]106.93
2019-09-05_00:59:15.333[Status]Routing Start.
2019-09-05_00:59:15.744[Status]{'id': 9, 'coordinate': [110.69249028113562, 560.5409339135975]}
2019-09-05_00:59:15.744[Status]Routing 12: Walk: 8
2019-09-05_00:59:15.845[Battery Energy]106.52
2019-09-05_00:59:15.845[Status]Routing Start.
2019-09-05_00:59:16.231[Status]{'id': 9, 'coordinate': [107.75918771155143, 570.1010456302706]}
2019-09-05_00:59:16.231[Status]Routing 13: Walk: 9
2019-09-05_00:59:16.331[Battery Energy]106.10
2019-09-05_00:59:16.332[Status]Routing Start.
2019-09-05_00:59:16.693[Status]{'id': 9, 'coordinate': [103.84438862582952, 579.3029121864879]}
2019-09-05_00:59:16.693[Status]Routing 14: Walk: 10
2019-09-05_00:59:16.797[Battery Energy]105.70
2019-09-05_00:59:16.797[Status]Routing Start.
2019-09-05_00:59:16.941[Status]{'id': 9, 'coordinate': [113.71398099115271, 580.9126160543948]}
2019-09-05_00:59:16.941[Status]Routing 15: Walk: 11
2019-09-05_00:59:17.041[Battery Energy]105.50
2019-09-05_00:59:17.041[Status]Routing Start.
2019-09-05_00:59:17.430[Status]{'id': 9, 'coordinate': [123.58357335647588, 582.5223199223017]}
2019-09-05_00:59:17.431[Status]Routing 16: Walk: 12
2019-09-05_00:59:17.531[Battery Energy]105.20
2019-09-05_00:59:17.531[Status]Routing Start.
2019-09-05_00:59:18.061[Status]{'id': 9, 'coordinate': [127.43167815208487, 591.7522760154807]}
2019-09-05_00:59:18.067[Status]Routing 17: Walk: 13
2019-09-05_00:59:18.168[Battery Energy]104.72
2019-09-05_00:59:18.168[Status]Routing Start.
2019-09-05_00:59:18.339[Status]{'id': 9, 'coordinate': [137.31465825823372, 593.2776298175431]}
2019-09-05_00:59:18.339[Status]Routing 18: Walk: 14
2019-09-05_00:59:18.440[Battery Energy]104.51
2019-09-05_00:59:18.440[Status]Routing Start.
2019-09-05_00:59:18.874[Status]{'id': 9, 'coordinate': [147.19763836438256, 594.8029836196056]}
2019-09-05_00:59:18.874[Status]Routing 19: Walk: 15
2019-09-05_00:59:18.976[Battery Energy]104.18
2019-09-05_00:59:18.976[Status]Routing Start.
2019-09-05_00:59:19.382[Status]{'id': 9, 'coordinate': [157.0806184705314, 596.328337421668]}
2019-09-05_00:59:19.382[Status]Routing 20: Walk: 16
2019-09-05_00:59:19.488[Battery Energy]103.83
2019-09-05_00:59:19.488[Status]Routing Start.
2019-09-05_00:59:19.907[Status]{'id': 9, 'coordinate': [166.96359857668023, 597.8536912237305]}
2019-09-05_00:59:19.907[Status]Routing 21: Walk: 17
2019-09-05_00:59:20.009[Battery Energy]103.51
2019-09-05_00:59:20.009[Status]Routing Start.
2019-09-05_00:59:20.245[Status]{'id': 9, 'coordinate': [176.84657868282906, 599.379045025793]}
2019-09-05_00:59:20.245[Status]Routing 22: Walk: 18
2019-09-05_00:59:20.352[Battery Energy]103.26
2019-09-05_00:59:20.352[Status]Routing Start.
2019-09-05_00:59:20.679[Status]{'id': 9, 'coordinate': [186.7295587889779, 600.9043988278554]}
2019-09-05_00:59:20.679[Status]Routing 23: Walk: 19
2019-09-05_00:59:20.783[Battery Energy]102.97
2019-09-05_00:59:20.783[Status]Routing Start.
2019-09-05_00:59:21.119[Status]{'id': 9, 'coordinate': [196.61253889512673, 602.4297526299179]}
2019-09-05_00:59:21.119[Status]Routing 24: Walk: 20
2019-09-05_00:59:21.236[Battery Energy]102.62
2019-09-05_00:59:21.236[Status]Routing Start.
2019-09-05_00:59:21.433[Status]{'id': 9, 'coordinate': [206.49551900127557, 603.9551064319802]}
2019-09-05_00:59:21.437[Status]Routing 25: Walk: 21
2019-09-05_00:59:21.544[Battery Energy]102.39
2019-09-05_00:59:21.544[Status]Routing Start.
2019-09-05_00:59:21.858[Status]{'id': 9, 'coordinate': [216.3784991074244, 605.4804602340427]}
2019-09-05_00:59:21.858[Status]Routing 26: Walk: 22
2019-09-05_00:59:21.960[Battery Energy]102.10
2019-09-05_00:59:21.960[Status]Routing Start.
2019-09-05_00:59:22.472[Status]{'id': 9, 'coordinate': [226.26147921357324, 607.005814036105]}
2019-09-05_00:59:22.472[Status]Routing 27: Walk: 23
2019-09-05_00:59:22.572[Battery Energy]101.75
2019-09-05_00:59:22.572[Status]Routing Start.
2019-09-05_00:59:22.888[Status]{'id': 9, 'coordinate': [236.14445931972207, 608.5311678381674]}
2019-09-05_00:59:22.888[Status]Routing 28: Walk: 24
2019-09-05_00:59:22.994[Battery Energy]101.47
2019-09-05_00:59:22.994[Status]Routing Start.
2019-09-05_00:59:23.389[Status]{'id': 9, 'coordinate': [246.0274394258709, 610.0565216402298]}
2019-09-05_00:59:23.389[Status]Routing 29: Walk: 25
2019-09-05_00:59:23.501[Battery Energy]101.15
2019-09-05_00:59:23.501[Status]Routing Start.
2019-09-05_00:59:23.876[Status]{'id': 9, 'coordinate': [255.91041953201974, 611.5818754422922]}
2019-09-05_00:59:23.876[Status]Routing 30: Walk: 26
2019-09-05_00:59:23.979[Battery Energy]100.79
2019-09-05_00:59:23.979[Status]Routing Start.
2019-09-05_00:59:24.285[Status]{'id': 9, 'coordinate': [265.7933996381686, 613.1072292443546]}
2019-09-05_00:59:24.285[Status]Routing 31: Walk: 27
2019-09-05_00:59:24.400[Battery Energy]100.50
2019-09-05_00:59:24.400[Status]Routing Start.
2019-09-05_00:59:24.798[Status]{'id': 9, 'coordinate': [275.67637974431744, 614.632583046417]}
2019-09-05_00:59:24.798[Status]Routing 32: Walk: 28
2019-09-05_00:59:24.900[Battery Energy]100.20
2019-09-05_00:59:24.900[Status]Routing Start.
2019-09-05_00:59:25.224[Status]{'id': 9, 'coordinate': [285.5593598504663, 616.1579368484794]}
2019-09-05_00:59:25.224[Status]Routing 33: Walk: 29
2019-09-05_00:59:25.332[Battery Energy]99.91
2019-09-05_00:59:25.332[Status]Routing Start.
2019-09-05_00:59:25.722[Status]{'id': 9, 'coordinate': [295.44233995661517, 617.6832906505418]}
2019-09-05_00:59:25.722[Status]Routing 34: Walk: 30
2019-09-05_00:59:25.828[Battery Energy]99.57
2019-09-05_00:59:25.828[Status]Routing Start.
2019-09-05_00:59:26.204[Status]{'id': 9, 'coordinate': [305.32532006276404, 619.2086444526042]}
2019-09-05_00:59:26.204[Status]Routing 35: Walk: 31
2019-09-05_00:59:26.308[Battery Energy]99.20
2019-09-05_00:59:26.308[Status]Routing Start.
2019-09-05_00:59:26.666[Status]{'id': 9, 'coordinate': [315.2083001689129, 620.7339982546666]}
2019-09-05_00:59:26.666[Status]Routing 36: Walk: 32
2019-09-05_00:59:26.766[Battery Energy]98.89
2019-09-05_00:59:26.766[Status]Routing Start.
2019-09-05_00:59:27.154[Status]{'id': 9, 'coordinate': [325.09128027506176, 622.2593520567291]}
2019-09-05_00:59:27.154[Status]Routing 37: Walk: 33
2019-09-05_00:59:27.268[Battery Energy]98.57
2019-09-05_00:59:27.268[Status]Routing Start.
2019-09-05_00:59:27.594[Status]{'id': 9, 'coordinate': [334.9742603812106, 623.7847058587914]}
2019-09-05_00:59:27.594[Status]Routing 38: Walk: 34
2019-09-05_00:59:27.696[Battery Energy]98.26
2019-09-05_00:59:27.697[Status]Routing Start.
2019-09-05_00:59:28.066[Status]{'id': 9, 'coordinate': [344.8572404873595, 625.3100596608538]}
2019-09-05_00:59:28.066[Status]Routing 39: Walk: 35
2019-09-05_00:59:28.172[Battery Energy]97.93
2019-09-05_00:59:28.172[Status]Routing Start.
2019-09-05_00:59:28.578[Status]{'id': 9, 'coordinate': [354.74022059350835, 626.8354134629162]}
2019-09-05_00:59:28.578[Status]Routing 40: Walk: 36
2019-09-05_00:59:28.684[Battery Energy]97.57
2019-09-05_00:59:28.684[Status]Routing Start.
2019-09-05_00:59:29.082[Status]{'id': 9, 'coordinate': [364.6232006996572, 628.3607672649787]}
2019-09-05_00:59:29.082[Status]Routing 41: Walk: 37
2019-09-05_00:59:29.182[Battery Energy]97.23
2019-09-05_00:59:29.182[Status]Routing Start.
2019-09-05_00:59:29.528[Status]{'id': 9, 'coordinate': [374.5061808058061, 629.886121067041]}
2019-09-05_00:59:29.528[Status]Routing 42: Walk: 38
2019-09-05_00:59:29.640[Battery Energy]96.92
2019-09-05_00:59:29.640[Status]Routing Start.
2019-09-05_00:59:29.807[Status]{'id': 9, 'coordinate': [384.38916091195495, 631.4114748691034]}
2019-09-05_00:59:29.807[Status]Routing 43: Walk: 39
2019-09-05_00:59:29.910[Battery Energy]96.71
2019-09-05_00:59:29.910[Status]Routing Start.
2019-09-05_00:59:30.079[Status]{'id': 9, 'coordinate': [394.2721410181038, 632.9368286711658]}
2019-09-05_00:59:30.079[Status]Routing 44: Walk: 40
2019-09-05_00:59:30.184[Battery Energy]96.50
2019-09-05_00:59:30.184[Status]Routing Start.
2019-09-05_00:59:30.509[Status]{'id': 9, 'coordinate': [404.1551211242527, 634.4621824732283]}
2019-09-05_00:59:30.510[Status]Routing 45: Walk: 41
2019-09-05_00:59:30.628[Battery Energy]96.21
2019-09-05_00:59:30.628[Status]Routing Start.
2019-09-05_00:59:30.800[Status]{'id': 9, 'coordinate': [414.03810123040154, 635.9875362752906]}
2019-09-05_00:59:30.800[Status]Routing 46: Walk: 42
2019-09-05_00:59:30.916[Battery Energy]96.02
2019-09-05_00:59:30.916[Status]Routing Start.
2019-09-05_00:59:31.294[Status]{'id': 9, 'coordinate': [410.7944048557584, 645.4468403632839]}
2019-09-05_00:59:31.294[Status]Routing 47: Walk: 43
2019-09-05_00:59:31.394[Battery Energy]95.63
2019-09-05_00:59:31.394[Status]Routing Start.
2019-09-05_00:59:31.776[Status]{'id': 9, 'coordinate': [412.3209204960024, 655.3296410796846]}
2019-09-05_00:59:31.776[Status]Routing 48: Walk: 44
2019-09-05_00:59:31.876[Battery Energy]95.25
2019-09-05_00:59:31.876[Status]Routing Start.
2019-09-05_00:59:32.104[Status]{'id': 9, 'coordinate': [422.2421848784125, 656.5820439918178]}
2019-09-05_00:59:32.105[Status]Routing 49: Walk: 45
2019-09-05_00:59:32.212[Battery Energy]95.01
2019-09-05_00:59:32.212[Status]Routing Start.
2019-09-05_00:59:32.349[Status]{'id': 9, 'coordinate': [432.16344926082263, 657.8344469039511]}
2019-09-05_00:59:32.349[Status]Routing 50: Walk: 46
2019-09-05_00:59:32.449[Battery Energy]94.80
2019-09-05_00:59:32.450[Status]Routing Start.
2019-09-05_00:59:32.781[Status]{'id': 9, 'coordinate': [442.08471364323276, 659.0868498160843]}
2019-09-05_00:59:32.781[Status]Routing 51: Walk: 47
2019-09-05_00:59:32.881[Battery Energy]94.49
2019-09-05_00:59:32.881[Status]Routing Start.
2019-09-05_00:59:33.226[Status]{'id': 9, 'coordinate': [452.0059780256429, 660.3392527282175]}
2019-09-05_00:59:33.226[Status]Routing 52: Walk: 48
2019-09-05_00:59:33.336[Battery Energy]94.21
2019-09-05_00:59:33.336[Status]Routing Start.
2019-09-05_00:59:33.729[Status]{'id': 9, 'coordinate': [461.927242408053, 661.5916556403507]}
2019-09-05_00:59:33.730[Status]Routing 53: Walk: 49
2019-09-05_00:59:33.836[Battery Energy]93.88
2019-09-05_00:59:33.836[Status]Routing Start.
2019-09-05_00:59:34.005[Status]{'id': 9, 'coordinate': [471.84850679046315, 662.844058552484]}
2019-09-05_00:59:34.005[Status]Routing 54: Walk: 50
2019-09-05_00:59:34.106[Battery Energy]93.66
2019-09-05_00:59:34.106[Status]Routing Start.
2019-09-05_00:59:34.274[Status]{'id': 9, 'coordinate': [481.7697711728733, 664.0964614646172]}
2019-09-05_00:59:34.274[Status]Routing 55: Walk: 51
2019-09-05_00:59:34.384[Battery Energy]93.45
2019-09-05_00:59:34.384[Status]Routing Start.
2019-09-05_00:59:34.534[Status]{'id': 9, 'coordinate': [491.6910355552834, 665.3488643767504]}
2019-09-05_00:59:34.534[Status]Routing 56: Walk: 52
2019-09-05_00:59:34.634[Battery Energy]93.22
2019-09-05_00:59:34.634[Status]Routing Start.
2019-09-05_00:59:34.919[Status]{'id': 9, 'coordinate': [501.61229993769354, 666.6012672888836]}
2019-09-05_00:59:34.919[Status]Routing 57: Walk: 53
2019-09-05_00:59:35.028[Battery Energy]92.92
2019-09-05_00:59:35.028[Status]Routing Start.
2019-09-05_00:59:35.317[Status]{'id': 9, 'coordinate': [511.53356432010366, 667.8536702010168]}
2019-09-05_00:59:35.318[Status]Routing 58: Walk: 54
2019-09-05_00:59:35.428[Battery Energy]92.60
2019-09-05_00:59:35.428[Status]Routing Start.
2019-09-05_00:59:35.667[Status]{'id': 9, 'coordinate': [521.4548287025139, 669.10607311315]}
2019-09-05_00:59:35.667[Status]Routing 59: Walk: 55
2019-09-05_00:59:35.783[Battery Energy]92.37
2019-09-05_00:59:35.783[Status]Routing Start.
2019-09-05_00:59:36.035[Status]{'id': 9, 'coordinate': [531.376093084924, 670.3584760252833]}
2019-09-05_00:59:36.035[Status]Routing 60: Walk: 56
2019-09-05_00:59:36.140[Battery Energy]92.13
2019-09-05_00:59:36.140[Status]Routing Start.
2019-09-05_00:59:36.321[Status]{'id': 9, 'coordinate': [541.2973574673342, 671.6108789374165]}
2019-09-05_00:59:36.321[Status]Routing 61: Walk: 57
2019-09-05_00:59:36.421[Battery Energy]91.94
2019-09-05_00:59:36.421[Status]Routing Start.
2019-09-05_00:59:36.610[Status]{'id': 9, 'coordinate': [551.2186218497444, 672.8632818495497]}
2019-09-05_00:59:36.610[Status]Routing 62: Walk: 58
2019-09-05_00:59:36.710[Battery Energy]91.70
2019-09-05_00:59:36.711[Status]Routing Start.
2019-09-05_00:59:36.892[Status]{'id': 9, 'coordinate': [561.1398862321546, 674.1156847616829]}
2019-09-05_00:59:36.892[Status]Routing 63: Walk: 59
2019-09-05_00:59:36.992[Battery Energy]91.51
2019-09-05_00:59:36.992[Status]Routing Start.
2019-09-05_00:59:37.219[Status]{'id': 9, 'coordinate': [571.0611506145648, 675.3680876738161]}
2019-09-05_00:59:37.219[Status]Routing 64: Walk: 60
2019-09-05_00:59:37.340[Battery Energy]91.30
2019-09-05_00:59:37.340[Status]Routing Start.
2019-09-05_00:59:37.498[Status]{'id': 9, 'coordinate': [580.982414996975, 676.6204905859494]}
2019-09-05_00:59:37.498[Status]Routing 65: Walk: 61
2019-09-05_00:59:37.604[Battery Energy]91.11
2019-09-05_00:59:37.604[Status]Routing Start.
2019-09-05_00:59:37.759[Status]{'id': 9, 'coordinate': [590.9036793793852, 677.8728934980826]}
2019-09-05_00:59:37.759[Status]Routing 66: Walk: 62
2019-09-05_00:59:37.860[Battery Energy]90.90
2019-09-05_00:59:37.860[Status]Routing Start.
2019-09-05_00:59:38.107[Status]{'id': 9, 'coordinate': [600.8249437617953, 679.1252964102158]}
2019-09-05_00:59:38.107[Status]Routing 67: Walk: 63
2019-09-05_00:59:38.216[Battery Energy]90.68
2019-09-05_00:59:38.216[Status]Routing Start.
2019-09-05_00:59:38.432[Status]{'id': 9, 'coordinate': [610.7462081442055, 680.377699322349]}
2019-09-05_00:59:38.432[Status]Routing 68: Walk: 64
2019-09-05_00:59:38.533[Battery Energy]90.47
2019-09-05_00:59:38.533[Status]Routing Start.
2019-09-05_00:59:38.678[Status]{'id': 9, 'coordinate': [620.6674725266157, 681.6301022344823]}
2019-09-05_00:59:38.678[Status]Routing 69: Walk: 65
2019-09-05_00:59:38.778[Battery Energy]90.26
2019-09-05_00:59:38.779[Status]Routing Start.
2019-09-05_00:59:38.976[Status]{'id': 9, 'coordinate': [630.5887369090259, 682.8825051466155]}
2019-09-05_00:59:38.976[Status]Routing 70: Walk: 66
2019-09-05_00:59:39.076[Battery Energy]90.04
2019-09-05_00:59:39.076[Status]Routing Start.
2019-09-05_00:59:39.257[Status]{'id': 9, 'coordinate': [640.5100012914361, 684.1349080587487]}
2019-09-05_00:59:39.257[Status]Routing 71: Walk: 67
2019-09-05_00:59:39.364[Battery Energy]89.80
2019-09-05_00:59:39.364[Status]Routing Start.
2019-09-05_00:59:39.578[Status]{'id': 9, 'coordinate': [650.4312656738463, 685.3873109708819]}
2019-09-05_00:59:39.579[Status]Routing 72: Walk: 68
2019-09-05_00:59:39.679[Battery Energy]89.57
2019-09-05_00:59:39.679[Status]Routing Start.
2019-09-05_00:59:39.888[Status]{'id': 9, 'coordinate': [660.3525300562565, 686.6397138830151]}
2019-09-05_00:59:39.888[Status]Routing 73: Walk: 69
2019-09-05_00:59:39.988[Battery Energy]89.36
2019-09-05_00:59:39.988[Status]Routing Start.
2019-09-05_00:59:40.167[Status]{'id': 9, 'coordinate': [670.2737944386666, 687.8921167951484]}
2019-09-05_00:59:40.167[Status]Routing 74: Walk: 70
2019-09-05_00:59:40.267[Battery Energy]89.14
2019-09-05_00:59:40.267[Status]Routing Start.
2019-09-05_00:59:40.491[Status]{'id': 9, 'coordinate': [680.1950588210768, 689.1445197072816]}
2019-09-05_00:59:40.491[Status]Routing 75: Walk: 71
2019-09-05_00:59:40.596[Battery Energy]88.93
2019-09-05_00:59:40.596[Status]Routing Start.
2019-09-05_00:59:40.764[Status]{'id': 9, 'coordinate': [690.116323203487, 690.3969226194148]}
2019-09-05_00:59:40.764[Status]Routing 76: Walk: 72
2019-09-05_00:59:40.868[Battery Energy]88.72
2019-09-05_00:59:40.868[Status]Routing Start.
2019-09-05_00:59:41.100[Status]{'id': 9, 'coordinate': [700.0375875858972, 691.649325531548]}
2019-09-05_00:59:41.100[Status]Routing 77: Walk: 73
2019-09-05_00:59:41.201[Battery Energy]88.53
2019-09-05_00:59:41.201[Status]Routing Start.
2019-09-05_00:59:41.363[Status]{'id': 9, 'coordinate': [709.9588519683074, 692.9017284436812]}
2019-09-05_00:59:41.363[Status]Routing 78: Walk: 74
2019-09-05_00:59:41.472[Battery Energy]88.31
2019-09-05_00:59:41.472[Status]Routing Start.
2019-09-05_00:59:41.654[Status]{'id': 9, 'coordinate': [719.8801163507176, 694.1541313558145]}
2019-09-05_00:59:41.654[Status]Routing 79: Walk: 75
2019-09-05_00:59:41.754[Battery Energy]88.06
2019-09-05_00:59:41.754[Status]Routing Start.
2019-09-05_00:59:41.960[Status]{'id': 9, 'coordinate': [729.8013807331278, 695.4065342679477]}
2019-09-05_00:59:41.960[Status]Routing 80: Walk: 76
2019-09-05_00:59:42.060[Battery Energy]87.77
2019-09-05_00:59:42.060[Status]Routing Start.
2019-09-05_00:59:42.237[Status]{'id': 9, 'coordinate': [739.722645115538, 696.6589371800809]}
2019-09-05_00:59:42.237[Status]Routing 81: Walk: 77
2019-09-05_00:59:42.344[Battery Energy]87.57
2019-09-05_00:59:42.344[Status]Routing Start.
2019-09-05_00:59:42.572[Status]{'id': 9, 'coordinate': [749.6439094979481, 697.9113400922141]}
2019-09-05_00:59:42.572[Status]Routing 82: Walk: 78
2019-09-05_00:59:42.673[Battery Energy]87.37
2019-09-05_00:59:42.673[Status]Routing Start.
2019-09-05_00:59:42.875[Status]{'id': 9, 'coordinate': [759.5651738803583, 699.1637430043473]}
2019-09-05_00:59:42.875[Status]Routing 83: Walk: 79
2019-09-05_00:59:42.984[Battery Energy]87.15
2019-09-05_00:59:42.984[Status]Routing Start.
2019-09-05_00:59:43.191[Status]{'id': 9, 'coordinate': [769.4864382627685, 700.4161459164806]}
2019-09-05_00:59:43.191[Status]Routing 84: Walk: 80
2019-09-05_00:59:43.297[Battery Energy]86.94
2019-09-05_00:59:43.297[Status]Routing Start.
2019-09-05_00:59:43.641[Status]{'id': 9, 'coordinate': [779.4077026451787, 701.6685488286138]}
2019-09-05_00:59:43.641[Status]Routing 85: Walk: 81
2019-09-05_00:59:43.741[Battery Energy]86.65
2019-09-05_00:59:43.741[Status]Routing Start.
2019-09-05_00:59:43.949[Status]{'id': 9, 'coordinate': [789.3289670275889, 702.920951740747]}
2019-09-05_00:59:43.949[Status]Routing 86: Walk: 82
2019-09-05_00:59:44.081[Battery Energy]86.41
2019-09-05_00:59:44.081[Status]Routing Start.
2019-09-05_00:59:44.356[Status]{'id': 9, 'coordinate': [799.2502314099991, 704.1733546528802]}
2019-09-05_00:59:44.356[Status]Routing 87: Walk: 83
2019-09-05_00:59:44.456[Battery Energy]86.18
2019-09-05_00:59:44.456[Status]Routing Start.
2019-09-05_00:59:44.631[Status]{'id': 9, 'coordinate': [809.1714957924092, 705.4257575650134]}
2019-09-05_00:59:44.631[Status]Routing 88: Walk: 84
2019-09-05_00:59:44.740[Battery Energy]85.91
2019-09-05_00:59:44.740[Status]Routing Start.
2019-09-05_00:59:44.903[Status]{'id': 9, 'coordinate': [819.0927601748194, 706.6781604771467]}
2019-09-05_00:59:44.903[Status]Routing 89: Walk: 85
2019-09-05_00:59:45.008[Battery Energy]85.69
2019-09-05_00:59:45.008[Status]Routing Start.
2019-09-05_00:59:45.214[Status]{'id': 9, 'coordinate': [829.0140245572296, 707.9305633892799]}
2019-09-05_00:59:45.214[Status]Routing 90: Walk: 86
2019-09-05_00:59:45.320[Battery Energy]85.47
2019-09-05_00:59:45.320[Status]Routing Start.
2019-09-05_00:59:45.483[Status]{'id': 9, 'coordinate': [838.9352889396398, 709.1829663014131]}
2019-09-05_00:59:45.486[Status]Routing 91: Walk: 87
2019-09-05_00:59:45.590[Battery Energy]85.28
2019-09-05_00:59:45.590[Status]Routing Start.
2019-09-05_00:59:45.810[Status]{'id': 9, 'coordinate': [848.85655332205, 710.4353692135463]}
2019-09-05_00:59:45.810[Status]Routing 92: Walk: 88
2019-09-05_00:59:45.910[Battery Energy]85.02
2019-09-05_00:59:45.910[Status]Routing Start.
2019-09-05_00:59:46.097[Status]{'id': 9, 'coordinate': [858.7778177044602, 711.6877721256797]}
2019-09-05_00:59:46.098[Status]Routing 93: Walk: 89
2019-09-05_00:59:46.205[Battery Energy]84.79
2019-09-05_00:59:46.205[Status]Routing Start.
2019-09-05_00:59:46.374[Status]{'id': 9, 'coordinate': [868.6990820868704, 712.9401750378129]}
2019-09-05_00:59:46.374[Status]Routing 94: Walk: 90
2019-09-05_00:59:46.488[Battery Energy]84.58
2019-09-05_00:59:46.488[Status]Routing Start.
2019-09-05_00:59:46.774[Status]{'id': 9, 'coordinate': [878.6203464692805, 714.1925779499462]}
2019-09-05_00:59:46.774[Status]Routing 95: Walk: 91
2019-09-05_00:59:46.880[Battery Energy]84.24
2019-09-05_00:59:46.880[Status]Routing Start.
2019-09-05_00:59:47.027[Status]{'id': 9, 'coordinate': [888.5416108516907, 715.4449808620795]}
2019-09-05_00:59:47.027[Status]Routing 96: Walk: 92
2019-09-05_00:59:47.127[Battery Energy]84.05
2019-09-05_00:59:47.128[Status]Routing Start.
2019-09-05_00:59:47.440[Status]{'id': 9, 'coordinate': [898.4628752341009, 716.6973837742128]}
2019-09-05_00:59:47.440[Status]Routing 97: Walk: 93
2019-09-05_00:59:47.540[Battery Energy]83.80
2019-09-05_00:59:47.540[Status]Routing Start.
2019-09-05_00:59:47.816[Status]{'id': 9, 'coordinate': [908.3841396165111, 717.9497866863461]}
2019-09-05_00:59:47.820[Status]Routing 98: Walk: 94
2019-09-05_00:59:47.934[Battery Energy]83.48
2019-09-05_00:59:47.934[Status]Routing Start.
2019-09-05_00:59:48.074[Status]{'id': 9, 'coordinate': [918.3054039989213, 719.2021895984793]}
2019-09-05_00:59:48.074[Status]Routing 99: Walk: 95
2019-09-05_00:59:48.174[Battery Energy]83.27
2019-09-05_00:59:48.175[Status]Routing Start.
2019-09-05_00:59:48.594[Status]{'id': 9, 'coordinate': [928.2266683813315, 720.4545925106127]}
2019-09-05_00:59:48.594[Status]Routing 100: Walk: 96
2019-09-05_00:59:48.708[Battery Energy]82.92
2019-09-05_00:59:48.708[Status]Routing Start.
2019-09-05_00:59:48.891[Status]{'id': 9, 'coordinate': [938.1479327637417, 721.7069954227459]}
2019-09-05_00:59:48.894[Status]Routing 101: Walk: 97
2019-09-05_00:59:48.994[Battery Energy]82.71
2019-09-05_00:59:48.994[Status]Routing Start.
2019-09-05_00:59:49.395[Status]{'id': 9, 'coordinate': [948.0691971461519, 722.9593983348792]}
2019-09-05_00:59:49.398[Status]Routing 102: Walk: 98
2019-09-05_00:59:49.508[Battery Energy]82.37
2019-09-05_00:59:49.508[Status]Routing Start.
2019-09-05_00:59:49.857[Status]{'id': 9, 'coordinate': [957.990461528562, 724.2118012470124]}
2019-09-05_00:59:49.857[Status]Routing 103: Walk: 99
2019-09-05_00:59:49.958[Battery Energy]82.05
2019-09-05_00:59:49.958[Status]Routing Start.
2019-09-05_00:59:50.109[Status]{'id': 9, 'coordinate': [967.9117259109722, 725.4642041591458]}
2019-09-05_00:59:50.109[Status]Routing 104: Walk: 100
2019-09-05_00:59:50.209[Battery Energy]81.84
2019-09-05_00:59:50.209[Status]Routing Start.
2019-09-05_00:59:50.413[Status]{'id': 9, 'coordinate': [977.8329902933824, 726.716607071279]}
2019-09-05_00:59:50.413[Status]Routing 105: Walk: 101
2019-09-05_00:59:50.524[Battery Energy]81.58
2019-09-05_00:59:50.524[Status]Routing Start.
2019-09-05_00:59:50.887[Status]{'id': 9, 'coordinate': [987.7542546757926, 727.9690099834123]}
2019-09-05_00:59:50.888[Status]Routing 106: Walk: 102
2019-09-05_00:59:50.988[Battery Energy]81.28
2019-09-05_00:59:50.988[Status]Routing Start.
2019-09-05_00:59:51.344[Status]{'id': 9, 'coordinate': [997.6755190582028, 729.2214128955457]}
2019-09-05_00:59:51.345[Status]Routing 107: Walk: 103
2019-09-05_00:59:51.459[Battery Energy]80.98
2019-09-05_00:59:51.459[Status]Routing Start.
2019-09-05_00:59:51.777[Status]{'id': 9, 'coordinate': [1007.596783440613, 730.4738158076789]}
2019-09-05_00:59:51.777[Status]Routing 108: Walk: 104
2019-09-05_00:59:51.877[Battery Energy]80.70
2019-09-05_00:59:51.878[Status]Routing Start.
2019-09-05_00:59:52.227[Status]{'id': 9, 'coordinate': [1017.5180478230232, 731.7262187198122]}
2019-09-05_00:59:52.228[Status]Routing 109: Walk: 105
2019-09-05_00:59:52.348[Battery Energy]80.40
2019-09-05_00:59:52.348[Status]Routing Start.
2019-09-05_00:59:52.646[Status]{'id': 9, 'coordinate': [1027.4393122054332, 732.9786216319454]}
2019-09-05_00:59:52.646[Status]Routing 110: Walk: 106
2019-09-05_00:59:52.756[Battery Energy]80.16
2019-09-05_00:59:52.756[Status]Routing Start.
2019-09-05_00:59:52.892[Status]{'id': 9, 'coordinate': [1037.3605765878433, 734.2310245440788]}
2019-09-05_00:59:52.892[Status]Routing 111: Walk: 107
2019-09-05_00:59:52.996[Battery Energy]79.94
2019-09-05_00:59:52.996[Status]Routing Start.
2019-09-05_00:59:53.255[Status]{'id': 9, 'coordinate': [1047.2818409702534, 735.483427456212]}
2019-09-05_00:59:53.255[Status]Routing 112: Walk: 108
2019-09-05_00:59:53.364[Battery Energy]79.70
2019-09-05_00:59:53.364[Status]Routing Start.
2019-09-05_00:59:53.524[Status]{'id': 9, 'coordinate': [1057.2031053526634, 736.7358303683453]}
2019-09-05_00:59:53.524[Status]Routing 113: Walk: 109
2019-09-05_00:59:53.644[Battery Energy]79.51
2019-09-05_00:59:53.644[Status]Routing Start.
2019-09-05_00:59:53.784[Status]{'id': 9, 'coordinate': [1067.1243697350735, 737.9882332804785]}
2019-09-05_00:59:53.784[Status]Routing 114: Walk: 110
2019-09-05_00:59:53.896[Battery Energy]79.31
2019-09-05_00:59:53.896[Status]Routing Start.
2019-09-05_00:59:54.109[Status]{'id': 9, 'coordinate': [1077.0456341174836, 739.2406361926118]}
2019-09-05_00:59:54.109[Status]Routing 115: Walk: 111
2019-09-05_00:59:54.220[Battery Energy]79.09
2019-09-05_00:59:54.220[Status]Routing Start.
2019-09-05_00:59:54.374[Status]{'id': 9, 'coordinate': [1086.9668984998937, 740.4930391047451]}
2019-09-05_00:59:54.374[Status]Routing 116: Walk: 112
2019-09-05_00:59:54.474[Battery Energy]78.85
2019-09-05_00:59:54.474[Status]Routing Start.
2019-09-05_00:59:54.649[Status]{'id': 9, 'coordinate': [1096.8881628823037, 741.7454420168783]}
2019-09-05_00:59:54.649[Status]Routing 117: Walk: 113
2019-09-05_00:59:54.764[Battery Energy]78.63
2019-09-05_00:59:54.764[Status]Routing Start.
2019-09-05_00:59:54.938[Status]{'id': 9, 'coordinate': [1106.8094272647138, 742.9978449290116]}
2019-09-05_00:59:54.938[Status]Routing 118: Walk: 114
2019-09-05_00:59:55.048[Battery Energy]78.43
2019-09-05_00:59:55.048[Status]Routing Start.
2019-09-05_00:59:55.048[Status]Task Finished.
2019-09-05_00:59:55.149[Battery Energy]78.43
2019-09-05_00:59:55.299[Status]Routing 120: Walk: 114
2019-09-05_00:59:55.399[Battery Energy]78.31
2019-09-05_00:59:55.755[Status]Routing 121: Walk: 114
2019-09-05_00:59:55.855[Battery Energy]78.14
2019-09-05_00:59:56.173[Status]Routing 122: Walk: 114
2019-09-05_00:59:56.279[Battery Energy]77.95
2019-09-05_00:59:56.578[Status]Routing 123: Walk: 114
2019-09-05_00:59:56.700[Battery Energy]77.75
2019-09-05_00:59:57.046[Status]Routing 124: Walk: 114
2019-09-05_00:59:57.155[Battery Energy]77.57
2019-09-05_00:59:57.461[Status]Routing 125: Walk: 114
2019-09-05_00:59:57.572[Battery Energy]77.39
2019-09-05_00:59:57.833[Status]Routing 126: Walk: 114
2019-09-05_00:59:57.946[Battery Energy]77.24
2019-09-05_00:59:58.101[Status]Routing 127: Walk: 114
2019-09-05_00:59:58.212[Battery Energy]77.12
2019-09-05_00:59:58.380[Status]Routing 128: Walk: 114
2019-09-05_00:59:58.487[Battery Energy]77.00
2019-09-05_00:59:58.699[Status]Routing 129: Walk: 114
2019-09-05_00:59:58.800[Battery Energy]76.87
2019-09-05_00:59:59.004[Status]Routing 130: Walk: 114
2019-09-05_00:59:59.104[Battery Energy]76.77
2019-09-05_00:59:59.324[Status]Routing 131: Walk: 114
2019-09-05_00:59:59.443[Battery Energy]76.64
2019-09-05_00:59:59.575[Status]Routing 132: Walk: 114
2019-09-05_00:59:59.680[Battery Energy]76.54
2019-09-05_00:59:59.835[Status]Routing 133: Walk: 114
2019-09-05_00:59:59.937[Battery Energy]76.44
2019-09-05_01:00:00.225[Status]Routing 134: Walk: 114
2019-09-05_01:00:00.342[Battery Energy]76.28
2019-09-05_01:00:00.478[Status]Routing 135: Walk: 114
2019-09-05_01:00:00.578[Battery Energy]76.20
2019-09-05_01:00:00.799[Status]Routing 136: Walk: 114
2019-09-05_01:00:00.908[Battery Energy]76.09
2019-09-05_01:00:01.073[Status]Routing 137: Walk: 114
2019-09-05_01:00:01.188[Battery Energy]76.00
2019-09-05_01:00:01.354[Status]Routing 138: Walk: 114
2019-09-05_01:00:01.461[Battery Energy]75.88
2019-09-05_01:00:01.656[Status]Routing 139: Walk: 114
2019-09-05_01:00:01.757[Battery Energy]75.78
2019-09-05_01:00:02.046[Status]Routing 140: Walk: 114
2019-09-05_01:00:02.152[Battery Energy]75.61
2019-09-05_01:00:02.441[Status]Routing 141: Walk: 114
2019-09-05_01:00:02.564[Battery Energy]75.43
2019-09-05_01:00:02.718[Status]Routing 142: Walk: 114
2019-09-05_01:00:02.824[Battery Energy]75.33
2019-09-05_01:00:02.989[Status]Routing 143: Walk: 114
2019-09-05_01:00:03.112[Battery Energy]75.22
2019-09-05_01:00:03.286[Status]Routing 144: Walk: 114
2019-09-05_01:00:03.387[Battery Energy]75.11
2019-09-05_01:00:03.547[Status]Routing 145: Walk: 114
2019-09-05_01:00:03.664[Battery Energy]75.00
2019-09-05_01:00:03.855[Status]Routing 146: Walk: 114
2019-09-05_01:00:03.960[Battery Energy]74.91
2019-09-05_01:00:04.129[Status]Routing 147: Walk: 114
2019-09-05_01:00:04.248[Battery Energy]74.77
2019-09-05_01:00:04.417[Status]Routing 148: Walk: 114
2019-09-05_01:00:04.517[Battery Energy]74.63
2019-09-05_01:00:04.757[Status]Routing 149: Walk: 114
2019-09-05_01:00:04.858[Battery Energy]74.50
2019-09-05_01:00:05.143[Status]Routing 150: Walk: 114
2019-09-05_01:00:05.243[Battery Energy]74.36
2019-09-05_01:00:05.444[Status]Routing 151: Walk: 114
2019-09-05_01:00:05.556[Battery Energy]74.24
2019-09-05_01:00:05.785[Status]Routing 152: Walk: 114
2019-09-05_01:00:05.892[Battery Energy]74.13
2019-09-05_01:00:06.057[Status]Routing 153: Walk: 114
2019-09-05_01:00:06.164[Battery Energy]74.01
2019-09-05_01:00:06.400[Status]Routing 154: Walk: 114
2019-09-05_01:00:06.504[Battery Energy]73.90
2019-09-05_01:00:06.726[Status]Routing 155: Walk: 114
2019-09-05_01:00:06.827[Battery Energy]73.76
2019-09-05_01:00:07.086[Status]Routing 156: Walk: 114
2019-09-05_01:00:07.192[Battery Energy]73.57
2019-09-05_01:00:07.363[Status]Routing 157: Walk: 114
2019-09-05_01:00:07.464[Battery Energy]73.47
2019-09-05_01:00:07.698[Status]Routing 158: Walk: 114
2019-09-05_01:00:07.813[Battery Energy]73.30
2019-09-05_01:00:08.022[Status]Routing 159: Walk: 114
2019-09-05_01:00:08.124[Battery Energy]73.19
2019-09-05_01:00:08.281[Status]Routing 160: Walk: 114
2019-09-05_01:00:08.392[Battery Energy]73.06
2019-09-05_01:00:08.566[Status]Routing 161: Walk: 114
2019-09-05_01:00:08.680[Battery Energy]72.93
2019-09-05_01:00:08.818[Status]Routing 162: Walk: 114
2019-09-05_01:00:08.924[Battery Energy]72.84
2019-09-05_01:00:09.094[Status]Routing 163: Walk: 114
2019-09-05_01:00:09.194[Battery Energy]72.72
2019-09-05_01:00:09.387[Status]Routing 164: Walk: 114
2019-09-05_01:00:09.487[Battery Energy]72.58
2019-09-05_01:00:09.684[Status]Routing 165: Walk: 114
2019-09-05_01:00:09.797[Battery Energy]72.45
2019-09-05_01:00:09.961[Status]Routing 166: Walk: 114
2019-09-05_01:00:10.066[Battery Energy]72.30
2019-09-05_01:00:10.268[Status]Routing 167: Walk: 114
2019-09-05_01:00:10.372[Battery Energy]72.19
2019-09-05_01:00:10.592[Status]Routing 168: Walk: 114
2019-09-05_01:00:10.693[Battery Energy]72.09
2019-09-05_01:00:10.861[Status]Routing 169: Walk: 114
2019-09-05_01:00:10.964[Battery Energy]71.99
2019-09-05_01:00:11.194[Status]Routing 170: Walk: 114
2019-09-05_01:00:11.300[Battery Energy]71.86
2019-09-05_01:00:11.463[Status]Routing 171: Walk: 114
2019-09-05_01:00:11.584[Battery Energy]71.76
2019-09-05_01:00:11.740[Status]Routing 172: Walk: 114
2019-09-05_01:00:11.860[Battery Energy]71.65
2019-09-05_01:00:12.013[Status]Routing 173: Walk: 114
2019-09-05_01:00:12.124[Battery Energy]71.54
2019-09-05_01:00:12.334[Status]Routing 174: Walk: 114
2019-09-05_01:00:12.434[Battery Energy]71.38
2019-09-05_01:00:12.627[Status]Routing 175: Walk: 114
2019-09-05_01:00:12.727[Battery Energy]71.20
2019-09-05_01:00:12.909[Status]Routing 176: Walk: 114
2019-09-05_01:00:13.009[Battery Energy]71.08
2019-09-05_01:00:13.268[Status]Routing 177: Walk: 114
2019-09-05_01:00:13.376[Battery Energy]70.95
2019-09-05_01:00:13.546[Status]Routing 178: Walk: 114
2019-09-05_01:00:13.652[Battery Energy]70.82
2019-09-05_01:00:13.827[Status]Routing 179: Walk: 114
2019-09-05_01:00:13.929[Battery Energy]70.70
2019-09-05_01:00:14.152[Status]Routing 180: Walk: 114
2019-09-05_01:00:14.260[Battery Energy]70.56
2019-09-05_01:00:14.514[Status]Routing 181: Walk: 114
2019-09-05_01:00:14.614[Battery Energy]70.37
2019-09-05_01:00:14.771[Status]Routing 182: Walk: 114
2019-09-05_01:00:14.888[Battery Energy]70.25
2019-09-05_01:00:15.114[Status]Routing 183: Walk: 114
2019-09-05_01:00:15.214[Battery Energy]70.10
2019-09-05_01:00:15.504[Status]Routing 184: Walk: 114
2019-09-05_01:00:15.605[Battery Energy]69.95
2019-09-05_01:00:15.813[Status]Routing 185: Walk: 114
2019-09-05_01:00:15.920[Battery Energy]69.86
2019-09-05_01:00:16.067[Status]Routing 186: Walk: 114
2019-09-05_01:00:16.176[Battery Energy]69.74
2019-09-05_01:00:16.385[Status]Routing 187: Walk: 114
2019-09-05_01:00:16.489[Battery Energy]69.59
2019-09-05_01:00:16.646[Status]Routing 188: Walk: 114
2019-09-05_01:00:16.757[Battery Energy]69.47
2019-09-05_01:00:16.990[Status]Routing 189: Walk: 114
2019-09-05_01:00:17.098[Battery Energy]69.35
2019-09-05_01:00:17.335[Status]Routing 190: Walk: 114
2019-09-05_01:00:17.438[Battery Energy]69.21
2019-09-05_01:00:17.644[Status]Routing 191: Walk: 114
2019-09-05_01:00:17.756[Battery Energy]69.10
2019-09-05_01:00:17.906[Status]Routing 192: Walk: 114
2019-09-05_01:00:18.006[Battery Energy]69.01
2019-09-05_01:00:18.175[Status]Routing 193: Walk: 114
2019-09-05_01:00:18.284[Battery Energy]68.90
2019-09-05_01:00:18.446[Status]Routing 194: Walk: 114
2019-09-05_01:00:18.552[Battery Energy]68.81
2019-09-05_01:00:18.712[Status]Routing 195: Walk: 114
2019-09-05_01:00:18.820[Battery Energy]68.69
2019-09-05_01:00:19.029[Status]Routing 196: Walk: 114
2019-09-05_01:00:19.148[Battery Energy]68.57
2019-09-05_01:00:19.350[Status]Routing 197: Walk: 114
2019-09-05_01:00:19.452[Battery Energy]68.43
2019-09-05_01:00:19.670[Status]Routing 198: Walk: 114
2019-09-05_01:00:19.780[Battery Energy]68.28
2019-09-05_01:00:19.924[Status]Routing 199: Walk: 114
2019-09-05_01:00:20.024[Battery Energy]68.20
2019-09-05_01:00:20.258[Status]Routing 200: Walk: 114
2019-09-05_01:00:20.368[Battery Energy]68.07
2019-09-05_01:00:20.510[Status]Routing 201: Walk: 114
2019-09-05_01:00:20.616[Battery Energy]67.98
2019-09-05_01:00:20.966[Status]Routing 202: Walk: 114
2019-09-05_01:00:21.066[Battery Energy]67.80
2019-09-05_01:00:21.311[Status]Routing 203: Walk: 114
2019-09-05_01:00:21.411[Battery Energy]67.62
2019-09-05_01:00:21.698[Status]Routing 204: Walk: 114
2019-09-05_01:00:21.803[Battery Energy]67.47
2019-09-05_01:00:22.046[Status]Routing 205: Walk: 114
2019-09-05_01:00:22.147[Battery Energy]67.29
2019-09-05_01:00:22.326[Status]Routing 206: Walk: 114
2019-09-05_01:00:22.436[Battery Energy]67.15
2019-09-05_01:00:22.643[Status]Routing 207: Walk: 114
2019-09-05_01:00:22.743[Battery Energy]67.00
2019-09-05_01:00:22.900[Status]Routing 208: Walk: 114
2019-09-05_01:00:23.005[Battery Energy]66.90
2019-09-05_01:00:23.175[Status]Routing 209: Walk: 114
2019-09-05_01:00:23.296[Battery Energy]66.79
2019-09-05_01:00:23.449[Status]Routing 210: Walk: 114
2019-09-05_01:00:23.564[Battery Energy]66.69
2019-09-05_01:00:23.764[Status]Routing 211: Walk: 114
2019-09-05_01:00:23.867[Battery Energy]66.58
2019-09-05_01:00:24.035[Status]Routing 212: Walk: 114
2019-09-05_01:00:24.148[Battery Energy]66.47
2019-09-05_01:00:24.313[Status]Routing 213: Walk: 114
2019-09-05_01:00:24.431[Battery Energy]66.35
2019-09-05_01:00:24.581[Status]Routing 214: Walk: 114
2019-09-05_01:00:24.684[Battery Energy]66.26
2019-09-05_01:00:24.842[Status]Routing 215: Walk: 114
2019-09-05_01:00:24.956[Battery Energy]66.14
2019-09-05_01:00:25.115[Status]Routing 216: Walk: 114
2019-09-05_01:00:25.222[Battery Energy]66.06
2019-09-05_01:00:25.388[Status]Routing 217: Walk: 114
2019-09-05_01:00:25.512[Battery Energy]65.94
2019-09-05_01:00:25.689[Status]Routing 218: Walk: 114
2019-09-05_01:00:25.792[Battery Energy]65.82
