2019-09-05_00:59:03.303[Status]Start.
2019-09-05_00:59:03.303[Battery Energy]112.00
2019-09-05_00:59:04.405[Battery Energy]111.96
2019-09-05_00:59:05.506[Battery Energy]111.92
2019-09-05_00:59:06.607[Battery Energy]111.88
2019-09-05_00:59:07.708[Battery Energy]111.84
2019-09-05_00:59:08.808[Task]A New Task Released.
2019-09-05_00:59:08.809[Battery Energy]111.80
2019-09-05_00:59:08.809[Status]Selection Start.
2019-09-05_00:59:10.576[Status]Selection End: Do Task 1.
2019-09-05_00:59:10.680[Battery Energy]110.59
2019-09-05_00:59:10.680[Status]Formation Start.
2019-09-05_00:59:10.878[Status]Formation End: To Position 1.
2019-09-05_00:59:10.982[Battery Energy]110.44
2019-09-05_00:59:10.982[Status]Routing Start.
2019-09-05_00:59:11.215[Status]{'id': 12, 'coordinate': [66.99898402345974, 761.1425429710539]}
2019-09-05_00:59:11.215[Status]Routing 1: Walk: 1
2019-09-05_00:59:11.318[Battery Energy]110.17
2019-09-05_00:59:11.318[Status]Routing Start.
2019-09-05_00:59:11.500[Status]{'id': 12, 'coordinate': [76.99796804691948, 761.2850859421078]}
2019-09-05_00:59:11.500[Status]Routing 2: Walk: 2
2019-09-05_00:59:11.616[Battery Energy]109.94
2019-09-05_00:59:11.616[Status]Routing Start.
2019-09-05_00:59:11.773[Status]{'id': 12, 'coordinate': [86.99695207037922, 761.4276289131617]}
2019-09-05_00:59:11.773[Status]Routing 3: Walk: 3
2019-09-05_00:59:11.878[Battery Energy]109.72
2019-09-05_00:59:11.878[Status]Routing Start.
2019-09-05_00:59:12.111[Status]{'id': 12, 'coordinate': [96.99593609383896, 761.5701718842156]}
2019-09-05_00:59:12.111[Status]Routing 4: Walk: 4
2019-09-05_00:59:12.216[Battery Energy]109.48
2019-09-05_00:59:12.216[Status]Routing Start.
2019-09-05_00:59:12.405[Status]{'id': 12, 'coordinate': [106.9949201172987, 761.7127148552695]}
2019-09-05_00:59:12.405[Status]Routing 5: Walk: 5
2019-09-05_00:59:12.506[Battery Energy]109.22
2019-09-05_00:59:12.506[Status]Routing Start.
2019-09-05_00:59:12.855[Status]{'id': 12, 'coordinate': [116.99390414075845, 761.8552578263234]}
2019-09-05_00:59:12.855[Status]Routing 6: Walk: 6
2019-09-05_00:59:12.960[Battery Energy]108.91
2019-09-05_00:59:12.960[Status]Routing Start.
2019-09-05_00:59:13.126[Status]{'id': 12, 'coordinate': [126.99288816421819, 761.9978007973773]}
2019-09-05_00:59:13.132[Status]Routing 7: Walk: 7
2019-09-05_00:59:13.236[Battery Energy]108.72
2019-09-05_00:59:13.237[Status]Routing Start.
2019-09-05_00:59:13.574[Status]{'id': 12, 'coordinate': [136.99187218767793, 762.1403437684312]}
2019-09-05_00:59:13.574[Status]Routing 8: Walk: 8
2019-09-05_00:59:13.676[Battery Energy]108.40
2019-09-05_00:59:13.676[Status]Routing Start.
2019-09-05_00:59:14.033[Status]{'id': 12, 'coordinate': [146.99085621113767, 762.2828867394851]}
2019-09-05_00:59:14.033[Status]Routing 9: Walk: 9
2019-09-05_00:59:14.133[Battery Energy]108.09
2019-09-05_00:59:14.133[Status]Routing Start.
2019-09-05_00:59:14.520[Status]{'id': 12, 'coordinate': [156.9898402345974, 762.425429710539]}
2019-09-05_00:59:14.521[Status]Routing 10: Walk: 10
2019-09-05_00:59:14.624[Battery Energy]107.78
2019-09-05_00:59:14.624[Status]Routing Start.
2019-09-05_00:59:15.057[Status]{'id': 12, 'coordinate': [166.98882425805715, 762.5679726815929]}
2019-09-05_00:59:15.057[Status]Routing 11: Walk: 11
2019-09-05_00:59:15.160[Battery Energy]107.40
2019-09-05_00:59:15.160[Status]Routing Start.
2019-09-05_00:59:15.523[Status]{'id': 12, 'coordinate': [176.9878082815169, 762.7105156526468]}
2019-09-05_00:59:15.523[Status]Routing 12: Walk: 12
2019-09-05_00:59:15.623[Battery Energy]107.08
2019-09-05_00:59:15.623[Status]Routing Start.
2019-09-05_00:59:16.009[Status]{'id': 12, 'coordinate': [186.98679230497663, 762.8530586237007]}
2019-09-05_00:59:16.009[Status]Routing 13: Walk: 13
2019-09-05_00:59:16.110[Battery Energy]106.71
2019-09-05_00:59:16.110[Status]Routing Start.
2019-09-05_00:59:16.505[Status]{'id': 12, 'coordinate': [196.98577632843637, 762.9956015947546]}
2019-09-05_00:59:16.506[Status]Routing 14: Walk: 14
2019-09-05_00:59:16.607[Battery Energy]106.35
2019-09-05_00:59:16.607[Status]Routing Start.
2019-09-05_00:59:16.942[Status]{'id': 12, 'coordinate': [206.9847603518961, 763.1381445658085]}
2019-09-05_00:59:16.942[Status]Routing 15: Walk: 15
2019-09-05_00:59:17.044[Battery Energy]106.04
2019-09-05_00:59:17.044[Status]Routing Start.
2019-09-05_00:59:17.424[Status]{'id': 12, 'coordinate': [216.98374437535585, 763.2806875368624]}
2019-09-05_00:59:17.425[Status]Routing 16: Walk: 16
2019-09-05_00:59:17.532[Battery Energy]105.71
2019-09-05_00:59:17.532[Status]Routing Start.
2019-09-05_00:59:17.862[Status]{'id': 12, 'coordinate': [226.9827283988156, 763.4232305079163]}
2019-09-05_00:59:17.862[Status]Routing 17: Walk: 17
2019-09-05_00:59:17.962[Battery Energy]105.40
2019-09-05_00:59:17.962[Status]Routing Start.
2019-09-05_00:59:18.336[Status]{'id': 12, 'coordinate': [236.98171242227534, 763.5657734789702]}
2019-09-05_00:59:18.336[Status]Routing 18: Walk: 18
2019-09-05_00:59:18.444[Battery Energy]105.08
2019-09-05_00:59:18.444[Status]Routing Start.
2019-09-05_00:59:18.882[Status]{'id': 12, 'coordinate': [246.98069644573508, 763.7083164500241]}
2019-09-05_00:59:18.882[Status]Routing 19: Walk: 19
2019-09-05_00:59:18.988[Battery Energy]104.73
2019-09-05_00:59:18.988[Status]Routing Start.
2019-09-05_00:59:19.383[Status]{'id': 12, 'coordinate': [256.9796804691948, 763.850859421078]}
2019-09-05_00:59:19.383[Status]Routing 20: Walk: 20
2019-09-05_00:59:19.492[Battery Energy]104.40
2019-09-05_00:59:19.492[Status]Routing Start.
2019-09-05_00:59:19.905[Status]{'id': 12, 'coordinate': [266.97866449265456, 763.9934023921319]}
2019-09-05_00:59:19.907[Status]Routing 21: Walk: 21
2019-09-05_00:59:20.007[Battery Energy]104.04
2019-09-05_00:59:20.007[Status]Routing Start.
2019-09-05_00:59:20.246[Status]{'id': 12, 'coordinate': [276.9776485161143, 764.1359453631858]}
2019-09-05_00:59:20.246[Status]Routing 22: Walk: 22
2019-09-05_00:59:20.356[Battery Energy]103.79
2019-09-05_00:59:20.356[Status]Routing Start.
2019-09-05_00:59:20.681[Status]{'id': 12, 'coordinate': [286.97663253957404, 764.2784883342397]}
2019-09-05_00:59:20.681[Status]Routing 23: Walk: 23
2019-09-05_00:59:20.781[Battery Energy]103.49
2019-09-05_00:59:20.781[Status]Routing Start.
2019-09-05_00:59:21.115[Status]{'id': 12, 'coordinate': [296.9756165630338, 764.4210313052936]}
2019-09-05_00:59:21.116[Status]Routing 24: Walk: 24
2019-09-05_00:59:21.217[Battery Energy]103.17
2019-09-05_00:59:21.217[Status]Routing Start.
2019-09-05_00:59:21.431[Status]{'id': 12, 'coordinate': [306.9746005864935, 764.5635742763475]}
2019-09-05_00:59:21.431[Status]Routing 25: Walk: 25
2019-09-05_00:59:21.531[Battery Energy]102.91
2019-09-05_00:59:21.531[Status]Routing Start.
2019-09-05_00:59:21.857[Status]{'id': 12, 'coordinate': [316.97358460995326, 764.7061172474014]}
2019-09-05_00:59:21.857[Status]Routing 26: Walk: 26
2019-09-05_00:59:21.957[Battery Energy]102.59
2019-09-05_00:59:21.957[Status]Routing Start.
2019-09-05_00:59:22.465[Status]{'id': 12, 'coordinate': [326.972568633413, 764.8486602184553]}
2019-09-05_00:59:22.465[Status]Routing 27: Walk: 27
2019-09-05_00:59:22.568[Battery Energy]102.21
2019-09-05_00:59:22.568[Status]Routing Start.
2019-09-05_00:59:22.890[Status]{'id': 12, 'coordinate': [336.97155265687275, 764.9912031895092]}
2019-09-05_00:59:22.890[Status]Routing 28: Walk: 28
2019-09-05_00:59:23.004[Battery Energy]101.95
2019-09-05_00:59:23.004[Status]Routing Start.
2019-09-05_00:59:23.380[Status]{'id': 12, 'coordinate': [346.9705366803325, 765.1337461605631]}
2019-09-05_00:59:23.380[Status]Routing 29: Walk: 29
2019-09-05_00:59:23.480[Battery Energy]101.63
2019-09-05_00:59:23.480[Status]Routing Start.
2019-09-05_00:59:23.874[Status]{'id': 12, 'coordinate': [356.9695207037922, 765.276289131617]}
2019-09-05_00:59:23.874[Status]Routing 30: Walk: 30
2019-09-05_00:59:23.975[Battery Energy]101.27
2019-09-05_00:59:23.975[Status]Routing Start.
2019-09-05_00:59:24.285[Status]{'id': 12, 'coordinate': [366.96850472725197, 765.4188321026709]}
2019-09-05_00:59:24.285[Status]Routing 31: Walk: 31
2019-09-05_00:59:24.385[Battery Energy]100.99
2019-09-05_00:59:24.385[Status]Routing Start.
2019-09-05_00:59:24.781[Status]{'id': 12, 'coordinate': [376.9674887507117, 765.5613750737248]}
2019-09-05_00:59:24.785[Status]Routing 32: Walk: 32
2019-09-05_00:59:24.885[Battery Energy]100.66
2019-09-05_00:59:24.885[Status]Routing Start.
2019-09-05_00:59:25.222[Status]{'id': 12, 'coordinate': [386.96647277417145, 765.7039180447787]}
2019-09-05_00:59:25.222[Status]Routing 33: Walk: 33
2019-09-05_00:59:25.324[Battery Energy]100.33
2019-09-05_00:59:25.324[Status]Routing Start.
2019-09-05_00:59:25.713[Status]{'id': 12, 'coordinate': [396.9654567976312, 765.8464610158326]}
2019-09-05_00:59:25.713[Status]Routing 34: Walk: 34
2019-09-05_00:59:25.816[Battery Energy]99.97
2019-09-05_00:59:25.816[Status]Routing Start.
2019-09-05_00:59:26.201[Status]{'id': 12, 'coordinate': [406.96444082109093, 765.9890039868865]}
2019-09-05_00:59:26.201[Status]Routing 35: Walk: 35
2019-09-05_00:59:26.302[Battery Energy]99.67
2019-09-05_00:59:26.302[Status]Routing Start.
2019-09-05_00:59:26.665[Status]{'id': 12, 'coordinate': [416.9634248445507, 766.1315469579404]}
2019-09-05_00:59:26.665[Status]Routing 36: Walk: 36
2019-09-05_00:59:26.765[Battery Energy]99.35
2019-09-05_00:59:26.765[Status]Routing Start.
2019-09-05_00:59:27.154[Status]{'id': 12, 'coordinate': [426.9624088680104, 766.2740899289943]}
2019-09-05_00:59:27.154[Status]Routing 37: Walk: 37
2019-09-05_00:59:27.256[Battery Energy]99.06
2019-09-05_00:59:27.256[Status]Routing Start.
2019-09-05_00:59:27.584[Status]{'id': 12, 'coordinate': [436.96139289147015, 766.4166329000482]}
2019-09-05_00:59:27.584[Status]Routing 38: Walk: 38
2019-09-05_00:59:27.688[Battery Energy]98.72
2019-09-05_00:59:27.688[Status]Routing Start.
2019-09-05_00:59:28.064[Status]{'id': 12, 'coordinate': [446.9603769149299, 766.5591758711021]}
2019-09-05_00:59:28.065[Status]Routing 39: Walk: 39
2019-09-05_00:59:28.169[Battery Energy]98.38
2019-09-05_00:59:28.169[Status]Routing Start.
2019-09-05_00:59:28.575[Status]{'id': 12, 'coordinate': [456.95936093838964, 766.701718842156]}
2019-09-05_00:59:28.575[Status]Routing 40: Walk: 40
2019-09-05_00:59:28.675[Battery Energy]98.04
2019-09-05_00:59:28.676[Status]Routing Start.
2019-09-05_00:59:29.086[Status]{'id': 12, 'coordinate': [466.9583449618494, 766.8442618132099]}
2019-09-05_00:59:29.086[Status]Routing 41: Walk: 41
2019-09-05_00:59:29.200[Battery Energy]97.69
2019-09-05_00:59:29.200[Status]Routing Start.
2019-09-05_00:59:29.521[Status]{'id': 12, 'coordinate': [476.9573289853091, 766.9868047842638]}
2019-09-05_00:59:29.521[Status]Routing 42: Walk: 42
2019-09-05_00:59:29.621[Battery Energy]97.44
2019-09-05_00:59:29.621[Status]Routing Start.
2019-09-05_00:59:29.806[Status]{'id': 12, 'coordinate': [486.95631300876886, 767.1293477553177]}
2019-09-05_00:59:29.806[Status]Routing 43: Walk: 43
2019-09-05_00:59:29.912[Battery Energy]97.19
2019-09-05_00:59:29.912[Status]Routing Start.
2019-09-05_00:59:30.080[Status]{'id': 12, 'coordinate': [496.9552970322286, 767.2718907263716]}
2019-09-05_00:59:30.080[Status]Routing 44: Walk: 44
2019-09-05_00:59:30.192[Battery Energy]96.97
2019-09-05_00:59:30.192[Status]Routing Start.
2019-09-05_00:59:30.509[Status]{'id': 12, 'coordinate': [506.95428105568834, 767.4144336974255]}
2019-09-05_00:59:30.509[Status]Routing 45: Walk: 45
2019-09-05_00:59:30.624[Battery Energy]96.65
2019-09-05_00:59:30.624[Status]Routing Start.
2019-09-05_00:59:30.799[Status]{'id': 12, 'coordinate': [516.9532650791481, 767.5569766684794]}
2019-09-05_00:59:30.799[Status]Routing 46: Walk: 46
2019-09-05_00:59:30.899[Battery Energy]96.44
2019-09-05_00:59:30.899[Status]Routing Start.
2019-09-05_00:59:31.069[Status]{'id': 12, 'coordinate': [526.9522491026078, 767.6995196395333]}
2019-09-05_00:59:31.069[Status]Routing 47: Walk: 47
2019-09-05_00:59:31.176[Battery Energy]96.23
2019-09-05_00:59:31.176[Status]Routing Start.
2019-09-05_00:59:31.585[Status]{'id': 12, 'coordinate': [536.9512331260676, 767.8420626105872]}
2019-09-05_00:59:31.585[Status]Routing 48: Walk: 48
2019-09-05_00:59:31.704[Battery Energy]95.91
2019-09-05_00:59:31.704[Status]Routing Start.
2019-09-05_00:59:32.104[Status]{'id': 12, 'coordinate': [546.9502171495272, 767.9846055816411]}
2019-09-05_00:59:32.105[Status]Routing 49: Walk: 49
2019-09-05_00:59:32.209[Battery Energy]95.60
2019-09-05_00:59:32.209[Status]Routing Start.
2019-09-05_00:59:32.361[Status]{'id': 12, 'coordinate': [556.9492011729869, 768.1271485526951]}
2019-09-05_00:59:32.361[Status]Routing 50: Walk: 50
2019-09-05_00:59:32.468[Battery Energy]95.38
2019-09-05_00:59:32.468[Status]Routing Start.
2019-09-05_00:59:32.778[Status]{'id': 12, 'coordinate': [566.9481851964466, 768.269691523749]}
2019-09-05_00:59:32.779[Status]Routing 51: Walk: 51
2019-09-05_00:59:32.880[Battery Energy]95.04
2019-09-05_00:59:32.880[Status]Routing Start.
2019-09-05_00:59:33.222[Status]{'id': 12, 'coordinate': [576.9471692199063, 768.412234494803]}
2019-09-05_00:59:33.226[Status]Routing 52: Walk: 52
2019-09-05_00:59:33.327[Battery Energy]94.68
2019-09-05_00:59:33.327[Status]Routing Start.
2019-09-05_00:59:33.728[Status]{'id': 12, 'coordinate': [586.9461532433661, 768.5547774658569]}
2019-09-05_00:59:33.728[Status]Routing 53: Walk: 53
2019-09-05_00:59:33.832[Battery Energy]94.34
2019-09-05_00:59:33.832[Status]Routing Start.
2019-09-05_00:59:34.003[Status]{'id': 12, 'coordinate': [596.9451372668258, 768.6973204369109]}
2019-09-05_00:59:34.003[Status]Routing 54: Walk: 54
2019-09-05_00:59:34.103[Battery Energy]94.10
2019-09-05_00:59:34.103[Status]Routing Start.
2019-09-05_00:59:34.272[Status]{'id': 12, 'coordinate': [606.9441212902855, 768.8398634079648]}
2019-09-05_00:59:34.272[Status]Routing 55: Walk: 55
2019-09-05_00:59:34.372[Battery Energy]93.89
2019-09-05_00:59:34.373[Status]Routing Start.
2019-09-05_00:59:34.530[Status]{'id': 12, 'coordinate': [616.9431053137451, 768.9824063790188]}
2019-09-05_00:59:34.530[Status]Routing 56: Walk: 56
2019-09-05_00:59:34.636[Battery Energy]93.68
2019-09-05_00:59:34.636[Status]Routing Start.
2019-09-05_00:59:34.914[Status]{'id': 12, 'coordinate': [626.9420893372048, 769.1249493500727]}
2019-09-05_00:59:34.918[Status]Routing 57: Walk: 57
2019-09-05_00:59:35.018[Battery Energy]93.47
2019-09-05_00:59:35.018[Status]Routing Start.
2019-09-05_00:59:35.320[Status]{'id': 12, 'coordinate': [636.9410733606645, 769.2674923211267]}
2019-09-05_00:59:35.321[Status]Routing 58: Walk: 58
2019-09-05_00:59:35.422[Battery Energy]93.19
2019-09-05_00:59:35.422[Status]Routing Start.
2019-09-05_00:59:35.656[Status]{'id': 12, 'coordinate': [646.9400573841242, 769.4100352921806]}
2019-09-05_00:59:35.656[Status]Routing 59: Walk: 59
2019-09-05_00:59:35.756[Battery Energy]92.96
2019-09-05_00:59:35.756[Status]Routing Start.
2019-09-05_00:59:36.031[Status]{'id': 12, 'coordinate': [656.9390414075839, 769.5525782632346]}
2019-09-05_00:59:36.031[Status]Routing 60: Walk: 60
2019-09-05_00:59:36.131[Battery Energy]92.72
2019-09-05_00:59:36.131[Status]Routing Start.
2019-09-05_00:59:36.323[Status]{'id': 12, 'coordinate': [666.9380254310436, 769.6951212342885]}
2019-09-05_00:59:36.323[Status]Routing 61: Walk: 61
2019-09-05_00:59:36.423[Battery Energy]92.50
2019-09-05_00:59:36.423[Status]Routing Start.
2019-09-05_00:59:36.615[Status]{'id': 12, 'coordinate': [676.9370094545033, 769.8376642053425]}
2019-09-05_00:59:36.615[Status]Routing 62: Walk: 62
2019-09-05_00:59:36.736[Battery Energy]92.26
2019-09-05_00:59:36.736[Status]Routing Start.
2019-09-05_00:59:36.885[Status]{'id': 12, 'coordinate': [686.9359934779629, 769.9802071763964]}
2019-09-05_00:59:36.888[Status]Routing 63: Walk: 63
2019-09-05_00:59:36.989[Battery Energy]92.06
2019-09-05_00:59:36.989[Status]Routing Start.
2019-09-05_00:59:37.218[Status]{'id': 12, 'coordinate': [696.9349775014226, 770.1227501474505]}
2019-09-05_00:59:37.218[Status]Routing 64: Walk: 64
2019-09-05_00:59:37.318[Battery Energy]91.80
2019-09-05_00:59:37.318[Status]Routing Start.
2019-09-05_00:59:37.497[Status]{'id': 12, 'coordinate': [706.9339615248823, 770.2652931185044]}
2019-09-05_00:59:37.497[Status]Routing 65: Walk: 65
2019-09-05_00:59:37.598[Battery Energy]91.60
2019-09-05_00:59:37.598[Status]Routing Start.
2019-09-05_00:59:37.762[Status]{'id': 12, 'coordinate': [716.932945548342, 770.4078360895584]}
2019-09-05_00:59:37.762[Status]Routing 66: Walk: 66
2019-09-05_00:59:37.880[Battery Energy]91.41
2019-09-05_00:59:37.880[Status]Routing Start.
2019-09-05_00:59:38.101[Status]{'id': 12, 'coordinate': [726.9319295718017, 770.5503790606123]}
2019-09-05_00:59:38.101[Status]Routing 67: Walk: 67
2019-09-05_00:59:38.202[Battery Energy]91.21
2019-09-05_00:59:38.202[Status]Routing Start.
2019-09-05_00:59:38.437[Status]{'id': 12, 'coordinate': [736.9309135952615, 770.6929220316663]}
2019-09-05_00:59:38.437[Status]Routing 68: Walk: 68
2019-09-05_00:59:38.537[Battery Energy]90.94
2019-09-05_00:59:38.537[Status]Routing Start.
2019-09-05_00:59:38.678[Status]{'id': 12, 'coordinate': [746.9298976187212, 770.8354650027202]}
2019-09-05_00:59:38.678[Status]Routing 69: Walk: 69
2019-09-05_00:59:38.788[Battery Energy]90.74
2019-09-05_00:59:38.788[Status]Routing Start.
2019-09-05_00:59:38.974[Status]{'id': 12, 'coordinate': [756.9288816421808, 770.9780079737742]}
2019-09-05_00:59:38.974[Status]Routing 70: Walk: 70
2019-09-05_00:59:39.121[Battery Energy]90.50
2019-09-05_00:59:39.123[Status]Routing Start.
2019-09-05_00:59:39.261[Status]{'id': 12, 'coordinate': [766.9278656656406, 771.1205509448281]}
2019-09-05_00:59:39.261[Status]Routing 71: Walk: 71
2019-09-05_00:59:39.368[Battery Energy]90.29
2019-09-05_00:59:39.368[Status]Routing Start.
2019-09-05_00:59:39.581[Status]{'id': 12, 'coordinate': [776.9268496891003, 771.2630939158821]}
2019-09-05_00:59:39.581[Status]Routing 72: Walk: 72
2019-09-05_00:59:39.688[Battery Energy]90.06
2019-09-05_00:59:39.688[Status]Routing Start.
2019-09-05_00:59:39.891[Status]{'id': 12, 'coordinate': [786.92583371256, 771.405636886936]}
2019-09-05_00:59:39.892[Status]Routing 73: Walk: 73
2019-09-05_00:59:40.000[Battery Energy]89.83
2019-09-05_00:59:40.000[Status]Routing Start.
2019-09-05_00:59:40.167[Status]{'id': 12, 'coordinate': [796.9248177360197, 771.54817985799]}
2019-09-05_00:59:40.167[Status]Routing 74: Walk: 74
2019-09-05_00:59:40.280[Battery Energy]89.60
2019-09-05_00:59:40.280[Status]Routing Start.
2019-09-05_00:59:40.491[Status]{'id': 12, 'coordinate': [806.9238017594794, 771.6907228290439]}
2019-09-05_00:59:40.491[Status]Routing 75: Walk: 75
2019-09-05_00:59:40.600[Battery Energy]89.32
2019-09-05_00:59:40.600[Status]Routing Start.
2019-09-05_00:59:40.762[Status]{'id': 12, 'coordinate': [816.9227857829391, 771.8332658000979]}
2019-09-05_00:59:40.762[Status]Routing 76: Walk: 76
2019-09-05_00:59:40.862[Battery Energy]89.12
2019-09-05_00:59:40.862[Status]Routing Start.
2019-09-05_00:59:41.105[Status]{'id': 12, 'coordinate': [826.9217698063987, 771.9758087711518]}
2019-09-05_00:59:41.106[Status]Routing 77: Walk: 77
2019-09-05_00:59:41.216[Battery Energy]88.88
2019-09-05_00:59:41.216[Status]Routing Start.
2019-09-05_00:59:41.364[Status]{'id': 12, 'coordinate': [836.9207538298584, 772.1183517422058]}
2019-09-05_00:59:41.364[Status]Routing 78: Walk: 78
2019-09-05_00:59:41.473[Battery Energy]88.69
2019-09-05_00:59:41.473[Status]Routing Start.
2019-09-05_00:59:41.660[Status]{'id': 12, 'coordinate': [846.9197378533181, 772.2608947132597]}
2019-09-05_00:59:41.660[Status]Routing 79: Walk: 79
2019-09-05_00:59:41.768[Battery Energy]88.45
2019-09-05_00:59:41.768[Status]Routing Start.
2019-09-05_00:59:41.963[Status]{'id': 12, 'coordinate': [856.9187218767778, 772.4034376843138]}
2019-09-05_00:59:41.963[Status]Routing 80: Walk: 80
2019-09-05_00:59:42.080[Battery Energy]88.23
2019-09-05_00:59:42.080[Status]Routing Start.
2019-09-05_00:59:42.238[Status]{'id': 12, 'coordinate': [866.9177059002375, 772.5459806553677]}
2019-09-05_00:59:42.238[Status]Routing 81: Walk: 81
2019-09-05_00:59:42.348[Battery Energy]88.01
2019-09-05_00:59:42.348[Status]Routing Start.
2019-09-05_00:59:42.572[Status]{'id': 12, 'coordinate': [876.9166899236972, 772.6885236264217]}
2019-09-05_00:59:42.576[Status]Routing 82: Walk: 82
2019-09-05_00:59:42.676[Battery Energy]87.78
2019-09-05_00:59:42.676[Status]Routing Start.
2019-09-05_00:59:42.879[Status]{'id': 12, 'coordinate': [886.9156739471568, 772.8310665974756]}
2019-09-05_00:59:42.879[Status]Routing 83: Walk: 83
2019-09-05_00:59:43.004[Battery Energy]87.56
2019-09-05_00:59:43.004[Status]Routing Start.
2019-09-05_00:59:43.193[Status]{'id': 12, 'coordinate': [896.9146579706165, 772.9736095685296]}
2019-09-05_00:59:43.193[Status]Routing 84: Walk: 84
2019-09-05_00:59:43.308[Battery Energy]87.36
2019-09-05_00:59:43.308[Status]Routing Start.
2019-09-05_00:59:43.643[Status]{'id': 12, 'coordinate': [906.9136419940762, 773.1161525395835]}
2019-09-05_00:59:43.644[Status]Routing 85: Walk: 85
2019-09-05_00:59:43.764[Battery Energy]87.06
2019-09-05_00:59:43.764[Status]Routing Start.
2019-09-05_00:59:43.948[Status]{'id': 12, 'coordinate': [916.912626017536, 773.2586955106375]}
2019-09-05_00:59:43.948[Status]Routing 86: Walk: 86
2019-09-05_00:59:44.056[Battery Energy]86.83
2019-09-05_00:59:44.056[Status]Routing Start.
2019-09-05_00:59:44.350[Status]{'id': 12, 'coordinate': [926.9116100409957, 773.4012384816914]}
2019-09-05_00:59:44.350[Status]Routing 87: Walk: 87
2019-09-05_00:59:44.451[Battery Energy]86.61
2019-09-05_00:59:44.451[Status]Routing Start.
2019-09-05_00:59:44.633[Status]{'id': 12, 'coordinate': [936.9105940644554, 773.5437814527454]}
2019-09-05_00:59:44.633[Status]Routing 88: Walk: 88
2019-09-05_00:59:44.746[Battery Energy]86.42
2019-09-05_00:59:44.746[Status]Routing Start.
2019-09-05_00:59:44.902[Status]{'id': 12, 'coordinate': [946.9095780879151, 773.6863244237993]}
2019-09-05_00:59:44.902[Status]Routing 89: Walk: 89
2019-09-05_00:59:45.002[Battery Energy]86.22
2019-09-05_00:59:45.002[Status]Routing Start.
2019-09-05_00:59:45.215[Status]{'id': 12, 'coordinate': [956.9085621113747, 773.8288673948533]}
2019-09-05_00:59:45.215[Status]Routing 90: Walk: 90
2019-09-05_00:59:45.324[Battery Energy]86.00
2019-09-05_00:59:45.324[Status]Routing Start.
2019-09-05_00:59:45.487[Status]{'id': 12, 'coordinate': [966.9075461348344, 773.9714103659072]}
2019-09-05_00:59:45.487[Status]Routing 91: Walk: 91
2019-09-05_00:59:45.592[Battery Energy]85.78
2019-09-05_00:59:45.592[Status]Routing Start.
2019-09-05_00:59:45.807[Status]{'id': 12, 'coordinate': [976.9065301582941, 774.1139533369612]}
2019-09-05_00:59:45.807[Status]Routing 92: Walk: 92
2019-09-05_00:59:45.907[Battery Energy]85.56
2019-09-05_00:59:45.908[Status]Routing Start.
2019-09-05_00:59:46.101[Status]{'id': 12, 'coordinate': [986.9055141817538, 774.2564963080151]}
2019-09-05_00:59:46.101[Status]Routing 93: Walk: 93
2019-09-05_00:59:46.212[Battery Energy]85.35
2019-09-05_00:59:46.212[Status]Routing Start.
2019-09-05_00:59:46.371[Status]{'id': 12, 'coordinate': [996.9044982052135, 774.399039279069]}
2019-09-05_00:59:46.372[Status]Routing 94: Walk: 94
2019-09-05_00:59:46.483[Battery Energy]85.10
2019-09-05_00:59:46.483[Status]Routing Start.
2019-09-05_00:59:46.778[Status]{'id': 12, 'coordinate': [1006.9034822286732, 774.541582250123]}
2019-09-05_00:59:46.778[Status]Routing 95: Walk: 95
2019-09-05_00:59:46.888[Battery Energy]84.84
2019-09-05_00:59:46.888[Status]Routing Start.
2019-09-05_00:59:47.029[Status]{'id': 12, 'coordinate': [1016.9024662521329, 774.6841252211769]}
2019-09-05_00:59:47.032[Status]Routing 96: Walk: 96
2019-09-05_00:59:47.132[Battery Energy]84.64
2019-09-05_00:59:47.132[Status]Routing Start.
2019-09-05_00:59:47.442[Status]{'id': 12, 'coordinate': [1026.9014502755927, 774.826668192231]}
2019-09-05_00:59:47.442[Status]Routing 97: Walk: 97
2019-09-05_00:59:47.542[Battery Energy]84.40
2019-09-05_00:59:47.542[Status]Routing Start.
2019-09-05_00:59:47.818[Status]{'id': 12, 'coordinate': [1036.9004342990524, 774.9692111632849]}
2019-09-05_00:59:47.818[Status]Routing 98: Walk: 98
2019-09-05_00:59:47.926[Battery Energy]84.13
2019-09-05_00:59:47.926[Status]Routing Start.
2019-09-05_00:59:48.075[Status]{'id': 12, 'coordinate': [1046.8994183225122, 775.1117541343389]}
2019-09-05_00:59:48.075[Status]Routing 99: Walk: 99
2019-09-05_00:59:48.188[Battery Energy]83.93
2019-09-05_00:59:48.188[Status]Routing Start.
2019-09-05_00:59:48.595[Status]{'id': 12, 'coordinate': [1056.898402345972, 775.2542971053929]}
2019-09-05_00:59:48.595[Status]Routing 100: Walk: 100
2019-09-05_00:59:48.695[Battery Energy]83.65
2019-09-05_00:59:48.695[Status]Routing Start.
2019-09-05_00:59:48.900[Status]{'id': 12, 'coordinate': [1066.8973863694318, 775.3968400764468]}
2019-09-05_00:59:48.900[Status]Routing 101: Walk: 101
2019-09-05_00:59:49.012[Battery Energy]83.42
2019-09-05_00:59:49.012[Status]Routing Start.
2019-09-05_00:59:49.396[Status]{'id': 12, 'coordinate': [1076.8963703928916, 775.5393830475008]}
2019-09-05_00:59:49.396[Status]Routing 102: Walk: 102
2019-09-05_00:59:49.496[Battery Energy]83.10
2019-09-05_00:59:49.496[Status]Routing Start.
2019-09-05_00:59:49.859[Status]{'id': 12, 'coordinate': [1086.8953544163514, 775.6819260185547]}
2019-09-05_00:59:49.859[Status]Routing 103: Walk: 103
2019-09-05_00:59:49.980[Battery Energy]82.74
2019-09-05_00:59:49.980[Status]Routing Start.
2019-09-05_00:59:50.118[Status]{'id': 12, 'coordinate': [1096.8943384398112, 775.8244689896087]}
2019-09-05_00:59:50.118[Status]Routing 104: Walk: 104
2019-09-05_00:59:50.218[Battery Energy]82.54
2019-09-05_00:59:50.218[Status]Routing Start.
2019-09-05_00:59:50.411[Status]{'id': 12, 'coordinate': [1106.893322463271, 775.9670119606626]}
2019-09-05_00:59:50.412[Status]Routing 105: Walk: 105
2019-09-05_00:59:50.520[Battery Energy]82.28
2019-09-05_00:59:50.520[Status]Routing Start.
2019-09-05_00:59:50.882[Status]{'id': 12, 'coordinate': [1116.8923064867308, 776.1095549317166]}
2019-09-05_00:59:50.883[Status]Routing 106: Walk: 106
2019-09-05_00:59:50.983[Battery Energy]81.98
2019-09-05_00:59:50.983[Status]Routing Start.
2019-09-05_00:59:51.346[Status]{'id': 12, 'coordinate': [1126.8912905101906, 776.2520979027705]}
2019-09-05_00:59:51.346[Status]Routing 107: Walk: 107
2019-09-05_00:59:51.464[Battery Energy]81.67
2019-09-05_00:59:51.464[Status]Routing Start.
2019-09-05_00:59:51.779[Status]{'id': 12, 'coordinate': [1136.8902745336504, 776.3946408738245]}
2019-09-05_00:59:51.782[Status]Routing 108: Walk: 108
2019-09-05_00:59:51.882[Battery Energy]81.38
2019-09-05_00:59:51.882[Status]Routing Start.
2019-09-05_00:59:52.226[Status]{'id': 12, 'coordinate': [1146.8892585571102, 776.5371838448784]}
2019-09-05_00:59:52.226[Status]Routing 109: Walk: 109
2019-09-05_00:59:52.336[Battery Energy]81.06
2019-09-05_00:59:52.336[Status]Routing Start.
2019-09-05_00:59:52.644[Status]{'id': 12, 'coordinate': [1156.88824258057, 776.6797268159324]}
2019-09-05_00:59:52.644[Status]Routing 110: Walk: 110
2019-09-05_00:59:52.752[Battery Energy]80.81
2019-09-05_00:59:52.752[Status]Routing Start.
2019-09-05_00:59:52.893[Status]{'id': 12, 'coordinate': [1166.8872266040298, 776.8222697869863]}
2019-09-05_00:59:52.893[Status]Routing 111: Walk: 111
2019-09-05_00:59:53.000[Battery Energy]80.61
2019-09-05_00:59:53.000[Status]Routing Start.
2019-09-05_00:59:53.249[Status]{'id': 12, 'coordinate': [1176.8862106274896, 776.9648127580404]}
2019-09-05_00:59:53.252[Status]Routing 112: Walk: 112
2019-09-05_00:59:53.352[Battery Energy]80.40
2019-09-05_00:59:53.352[Status]Routing Start.
2019-09-05_00:59:53.520[Status]{'id': 12, 'coordinate': [1186.8851946509494, 777.1073557290943]}
2019-09-05_00:59:53.521[Status]Routing 113: Walk: 113
2019-09-05_00:59:53.632[Battery Energy]80.17
2019-09-05_00:59:53.632[Status]Routing Start.
2019-09-05_00:59:53.784[Status]{'id': 12, 'coordinate': [1196.8841786744092, 777.2498987001483]}
2019-09-05_00:59:53.784[Status]Routing 114: Walk: 114
2019-09-05_00:59:53.899[Battery Energy]79.95
2019-09-05_00:59:53.899[Status]Routing Start.
2019-09-05_00:59:54.097[Status]{'id': 12, 'coordinate': [1206.883162697869, 777.3924416712022]}
2019-09-05_00:59:54.097[Status]Routing 115: Walk: 115
2019-09-05_00:59:54.204[Battery Energy]79.72
2019-09-05_00:59:54.204[Status]Routing Start.
2019-09-05_00:59:54.382[Status]{'id': 12, 'coordinate': [1216.8821467213288, 777.5349846422562]}
2019-09-05_00:59:54.382[Status]Routing 116: Walk: 116
2019-09-05_00:59:54.482[Battery Energy]79.54
2019-09-05_00:59:54.482[Status]Routing Start.
2019-09-05_00:59:54.646[Status]{'id': 12, 'coordinate': [1226.8811307447886, 777.6775276133101]}
2019-09-05_00:59:54.646[Status]Routing 117: Walk: 117
2019-09-05_00:59:54.756[Battery Energy]79.34
2019-09-05_00:59:54.756[Status]Routing Start.
2019-09-05_00:59:54.936[Status]{'id': 12, 'coordinate': [1236.8801147682484, 777.8200705843641]}
2019-09-05_00:59:54.936[Status]Routing 118: Walk: 118
2019-09-05_00:59:55.042[Battery Energy]79.10
2019-09-05_00:59:55.042[Status]Routing Start.
2019-09-05_00:59:55.304[Status]{'id': 12, 'coordinate': [1246.8790987917082, 777.962613555418]}
2019-09-05_00:59:55.304[Status]Routing 119: Walk: 119
2019-09-05_00:59:55.412[Battery Energy]78.85
2019-09-05_00:59:55.412[Status]Routing Start.
2019-09-05_00:59:55.757[Status]{'id': 12, 'coordinate': [1256.878082815168, 778.105156526472]}
2019-09-05_00:59:55.757[Status]Routing 120: Walk: 120
2019-09-05_00:59:55.876[Battery Energy]78.54
2019-09-05_00:59:55.876[Status]Routing Start.
2019-09-05_00:59:55.876[Status]Task Finished.
2019-09-05_00:59:55.976[Battery Energy]78.54
2019-09-05_00:59:56.177[Status]Routing 122: Walk: 120
2019-09-05_00:59:56.279[Battery Energy]78.38
2019-09-05_00:59:56.573[Status]Routing 123: Walk: 120
2019-09-05_00:59:56.674[Battery Energy]78.19
2019-09-05_00:59:57.048[Status]Routing 124: Walk: 120
2019-09-05_00:59:57.168[Battery Energy]77.98
2019-09-05_00:59:57.462[Status]Routing 125: Walk: 120
2019-09-05_00:59:57.568[Battery Energy]77.79
2019-09-05_00:59:57.832[Status]Routing 126: Walk: 120
2019-09-05_00:59:57.943[Battery Energy]77.61
2019-09-05_00:59:58.100[Status]Routing 127: Walk: 120
2019-09-05_00:59:58.208[Battery Energy]77.50
2019-09-05_00:59:58.386[Status]Routing 128: Walk: 120
2019-09-05_00:59:58.496[Battery Energy]77.39
2019-09-05_00:59:58.706[Status]Routing 129: Walk: 120
2019-09-05_00:59:58.820[Battery Energy]77.23
2019-09-05_00:59:59.007[Status]Routing 130: Walk: 120
2019-09-05_00:59:59.112[Battery Energy]77.11
2019-09-05_00:59:59.320[Status]Routing 131: Walk: 120
2019-09-05_00:59:59.424[Battery Energy]76.99
2019-09-05_00:59:59.571[Status]Routing 132: Walk: 120
2019-09-05_00:59:59.671[Battery Energy]76.89
2019-09-05_00:59:59.846[Status]Routing 133: Walk: 120
2019-09-05_00:59:59.960[Battery Energy]76.78
2019-09-05_01:00:00.222[Status]Routing 134: Walk: 120
2019-09-05_01:00:00.340[Battery Energy]76.64
2019-09-05_01:00:00.483[Status]Routing 135: Walk: 120
2019-09-05_01:00:00.592[Battery Energy]76.53
2019-09-05_01:00:00.800[Status]Routing 136: Walk: 120
2019-09-05_01:00:00.905[Battery Energy]76.42
2019-09-05_01:00:01.067[Status]Routing 137: Walk: 120
2019-09-05_01:00:01.168[Battery Energy]76.31
2019-09-05_01:00:01.358[Status]Routing 138: Walk: 120
2019-09-05_01:00:01.468[Battery Energy]76.18
2019-09-05_01:00:01.664[Status]Routing 139: Walk: 120
2019-09-05_01:00:01.764[Battery Energy]76.10
2019-09-05_01:00:02.053[Status]Routing 140: Walk: 120
2019-09-05_01:00:02.153[Battery Energy]75.94
2019-09-05_01:00:02.439[Status]Routing 141: Walk: 120
2019-09-05_01:00:02.556[Battery Energy]75.75
2019-09-05_01:00:02.717[Status]Routing 142: Walk: 120
2019-09-05_01:00:02.817[Battery Energy]75.65
2019-09-05_01:00:02.986[Status]Routing 143: Walk: 120
2019-09-05_01:00:03.089[Battery Energy]75.52
2019-09-05_01:00:03.288[Status]Routing 144: Walk: 120
2019-09-05_01:00:03.396[Battery Energy]75.38
2019-09-05_01:00:03.553[Status]Routing 145: Walk: 120
2019-09-05_01:00:03.660[Battery Energy]75.29
2019-09-05_01:00:03.856[Status]Routing 146: Walk: 120
2019-09-05_01:00:03.964[Battery Energy]75.16
2019-09-05_01:00:04.122[Status]Routing 147: Walk: 120
2019-09-05_01:00:04.222[Battery Energy]75.07
2019-09-05_01:00:04.418[Status]Routing 148: Walk: 120
2019-09-05_01:00:04.524[Battery Energy]74.92
2019-09-05_01:00:04.757[Status]Routing 149: Walk: 120
2019-09-05_01:00:04.857[Battery Energy]74.79
2019-09-05_01:00:05.134[Status]Routing 150: Walk: 120
2019-09-05_01:00:05.235[Battery Energy]74.62
2019-09-05_01:00:05.442[Status]Routing 151: Walk: 120
2019-09-05_01:00:05.548[Battery Energy]74.52
2019-09-05_01:00:05.780[Status]Routing 152: Walk: 120
2019-09-05_01:00:05.888[Battery Energy]74.42
2019-09-05_01:00:06.056[Status]Routing 153: Walk: 120
2019-09-05_01:00:06.179[Battery Energy]74.29
2019-09-05_01:00:06.399[Status]Routing 154: Walk: 120
2019-09-05_01:00:06.499[Battery Energy]74.14
2019-09-05_01:00:06.724[Status]Routing 155: Walk: 120
2019-09-05_01:00:06.852[Battery Energy]73.99
2019-09-05_01:00:07.087[Status]Routing 156: Walk: 120
2019-09-05_01:00:07.187[Battery Energy]73.89
2019-09-05_01:00:07.364[Status]Routing 157: Walk: 120
2019-09-05_01:00:07.476[Battery Energy]73.78
2019-09-05_01:00:07.694[Status]Routing 158: Walk: 120
2019-09-05_01:00:07.794[Battery Energy]73.63
2019-09-05_01:00:08.020[Status]Routing 159: Walk: 120
2019-09-05_01:00:08.120[Battery Energy]73.48
2019-09-05_01:00:08.279[Status]Routing 160: Walk: 120
2019-09-05_01:00:08.381[Battery Energy]73.40
2019-09-05_01:00:08.563[Status]Routing 161: Walk: 120
2019-09-05_01:00:08.667[Battery Energy]73.28
2019-09-05_01:00:08.815[Status]Routing 162: Walk: 120
2019-09-05_01:00:08.920[Battery Energy]73.21
2019-09-05_01:00:09.090[Status]Routing 163: Walk: 120
2019-09-05_01:00:09.190[Battery Energy]73.05
2019-09-05_01:00:09.387[Status]Routing 164: Walk: 120
2019-09-05_01:00:09.496[Battery Energy]72.94
2019-09-05_01:00:09.679[Status]Routing 165: Walk: 120
2019-09-05_01:00:09.779[Battery Energy]72.83
2019-09-05_01:00:09.965[Status]Routing 166: Walk: 120
2019-09-05_01:00:10.065[Battery Energy]72.70
2019-09-05_01:00:10.268[Status]Routing 167: Walk: 120
2019-09-05_01:00:10.376[Battery Energy]72.57
2019-09-05_01:00:10.594[Status]Routing 168: Walk: 120
2019-09-05_01:00:10.700[Battery Energy]72.46
2019-09-05_01:00:10.866[Status]Routing 169: Walk: 120
2019-09-05_01:00:11.016[Battery Energy]72.32
2019-09-05_01:00:11.196[Status]Routing 170: Walk: 120
2019-09-05_01:00:11.307[Battery Energy]72.22
2019-09-05_01:00:11.462[Status]Routing 171: Walk: 120
2019-09-05_01:00:11.576[Battery Energy]72.12
2019-09-05_01:00:11.739[Status]Routing 172: Walk: 120
2019-09-05_01:00:11.852[Battery Energy]72.01
2019-09-05_01:00:12.010[Status]Routing 173: Walk: 120
2019-09-05_01:00:12.117[Battery Energy]71.89
2019-09-05_01:00:12.336[Status]Routing 174: Walk: 120
2019-09-05_01:00:12.448[Battery Energy]71.72
2019-09-05_01:00:12.629[Status]Routing 175: Walk: 120
2019-09-05_01:00:12.730[Battery Energy]71.61
2019-09-05_01:00:12.914[Status]Routing 176: Walk: 120
2019-09-05_01:00:13.032[Battery Energy]71.51
2019-09-05_01:00:13.273[Status]Routing 177: Walk: 120
2019-09-05_01:00:13.374[Battery Energy]71.36
2019-09-05_01:00:13.545[Status]Routing 178: Walk: 120
2019-09-05_01:00:13.651[Battery Energy]71.24
2019-09-05_01:00:13.831[Status]Routing 179: Walk: 120
2019-09-05_01:00:13.931[Battery Energy]71.16
2019-09-05_01:00:14.152[Status]Routing 180: Walk: 120
2019-09-05_01:00:14.254[Battery Energy]71.05
2019-09-05_01:00:14.515[Status]Routing 181: Walk: 120
2019-09-05_01:00:14.618[Battery Energy]70.89
2019-09-05_01:00:14.770[Status]Routing 182: Walk: 120
2019-09-05_01:00:14.880[Battery Energy]70.78
2019-09-05_01:00:15.124[Status]Routing 183: Walk: 120
2019-09-05_01:00:15.232[Battery Energy]70.65
2019-09-05_01:00:15.512[Status]Routing 184: Walk: 120
2019-09-05_01:00:15.612[Battery Energy]70.51
2019-09-05_01:00:15.809[Status]Routing 185: Walk: 120
2019-09-05_01:00:15.909[Battery Energy]70.39
2019-09-05_01:00:16.069[Status]Routing 186: Walk: 120
2019-09-05_01:00:16.169[Battery Energy]70.29
2019-09-05_01:00:16.388[Status]Routing 187: Walk: 120
2019-09-05_01:00:16.496[Battery Energy]70.15
2019-09-05_01:00:16.649[Status]Routing 188: Walk: 120
2019-09-05_01:00:16.756[Battery Energy]70.02
2019-09-05_01:00:17.004[Status]Routing 189: Walk: 120
2019-09-05_01:00:17.104[Battery Energy]69.82
2019-09-05_01:00:17.339[Status]Routing 190: Walk: 120
2019-09-05_01:00:17.444[Battery Energy]69.65
2019-09-05_01:00:17.647[Status]Routing 191: Walk: 120
2019-09-05_01:00:17.747[Battery Energy]69.55
2019-09-05_01:00:17.904[Status]Routing 192: Walk: 120
2019-09-05_01:00:18.008[Battery Energy]69.43
2019-09-05_01:00:18.178[Status]Routing 193: Walk: 120
2019-09-05_01:00:18.279[Battery Energy]69.32
2019-09-05_01:00:18.448[Status]Routing 194: Walk: 120
2019-09-05_01:00:18.556[Battery Energy]69.23
2019-09-05_01:00:18.711[Status]Routing 195: Walk: 120
2019-09-05_01:00:18.811[Battery Energy]69.10
2019-09-05_01:00:19.026[Status]Routing 196: Walk: 120
2019-09-05_01:00:19.136[Battery Energy]68.98
2019-09-05_01:00:19.354[Status]Routing 197: Walk: 120
2019-09-05_01:00:19.454[Battery Energy]68.88
2019-09-05_01:00:19.670[Status]Routing 198: Walk: 120
2019-09-05_01:00:19.770[Battery Energy]68.74
2019-09-05_01:00:19.927[Status]Routing 199: Walk: 120
2019-09-05_01:00:20.032[Battery Energy]68.64
2019-09-05_01:00:20.259[Status]Routing 200: Walk: 120
2019-09-05_01:00:20.372[Battery Energy]68.48
2019-09-05_01:00:20.509[Status]Routing 201: Walk: 120
2019-09-05_01:00:20.612[Battery Energy]68.39
2019-09-05_01:00:20.962[Status]Routing 202: Walk: 120
2019-09-05_01:00:21.068[Battery Energy]68.21
2019-09-05_01:00:21.280[Status]Routing 203: Walk: 120
2019-09-05_01:00:21.403[Battery Energy]68.06
2019-09-05_01:00:21.689[Status]Routing 204: Walk: 120
2019-09-05_01:00:21.791[Battery Energy]67.86
2019-09-05_01:00:22.047[Status]Routing 205: Walk: 120
2019-09-05_01:00:22.176[Battery Energy]67.71
2019-09-05_01:00:22.320[Status]Routing 206: Walk: 120
2019-09-05_01:00:22.420[Battery Energy]67.60
2019-09-05_01:00:22.641[Status]Routing 207: Walk: 120
2019-09-05_01:00:22.752[Battery Energy]67.46
2019-09-05_01:00:22.913[Status]Routing 208: Walk: 120
2019-09-05_01:00:23.015[Battery Energy]67.34
2019-09-05_01:00:23.175[Status]Routing 209: Walk: 120
2019-09-05_01:00:23.280[Battery Energy]67.23
2019-09-05_01:00:23.452[Status]Routing 210: Walk: 120
2019-09-05_01:00:23.560[Battery Energy]67.10
2019-09-05_01:00:23.768[Status]Routing 211: Walk: 120
2019-09-05_01:00:23.868[Battery Energy]66.97
2019-09-05_01:00:24.034[Status]Routing 212: Walk: 120
2019-09-05_01:00:24.148[Battery Energy]66.87
2019-09-05_01:00:24.311[Status]Routing 213: Walk: 120
2019-09-05_01:00:24.419[Battery Energy]66.74
2019-09-05_01:00:24.589[Status]Routing 214: Walk: 120
2019-09-05_01:00:24.696[Battery Energy]66.64
2019-09-05_01:00:24.843[Status]Routing 215: Walk: 120
2019-09-05_01:00:24.943[Battery Energy]66.52
2019-09-05_01:00:25.117[Status]Routing 216: Walk: 120
2019-09-05_01:00:25.220[Battery Energy]66.39
2019-09-05_01:00:25.389[Status]Routing 217: Walk: 120
2019-09-05_01:00:25.504[Battery Energy]66.30
2019-09-05_01:00:25.688[Status]Routing 218: Walk: 120
2019-09-05_01:00:25.788[Battery Energy]66.18
