2019-09-05_00:59:04.223[Status]Start.
2019-09-05_00:59:04.223[Battery Energy]112.00
2019-09-05_00:59:05.324[Battery Energy]111.96
2019-09-05_00:59:06.426[Battery Energy]111.92
2019-09-05_00:59:07.527[Battery Energy]111.88
2019-09-05_00:59:08.628[Battery Energy]111.84
2019-09-05_00:59:09.729[Task]A New Task Released.
2019-09-05_00:59:09.729[Battery Energy]111.80
2019-09-05_00:59:09.729[Status]Selection Start.
2019-09-05_00:59:10.574[Status]Selection End: Do Task 2.
2019-09-05_00:59:10.674[Battery Energy]111.27
2019-09-05_00:59:10.674[Status]Formation Start.
2019-09-05_00:59:10.877[Status]Formation End: To Position 1.
2019-09-05_00:59:10.978[Battery Energy]111.12
2019-09-05_00:59:10.978[Status]Routing Start.
2019-09-05_00:59:11.211[Status]{'coordinate': [63.42801790778256, 605.6664615900621], 'id': 18}
2019-09-05_00:59:11.212[Status]Routing 1: Walk: 1
2019-09-05_00:59:11.312[Battery Energy]110.88
2019-09-05_00:59:11.312[Status]Routing Start.
2019-09-05_00:59:11.500[Status]{'coordinate': [72.85603581556512, 602.3329231801242], 'id': 18}
2019-09-05_00:59:11.500[Status]Routing 2: Walk: 2
2019-09-05_00:59:11.612[Battery Energy]110.64
2019-09-05_00:59:11.612[Status]Routing Start.
2019-09-05_00:59:11.778[Status]{'coordinate': [82.28405372334768, 598.9993847701863], 'id': 18}
2019-09-05_00:59:11.778[Status]Routing 3: Walk: 3
2019-09-05_00:59:11.884[Battery Energy]110.43
2019-09-05_00:59:11.884[Status]Routing Start.
2019-09-05_00:59:12.111[Status]{'coordinate': [91.71207163113024, 595.6658463602485], 'id': 18}
2019-09-05_00:59:12.111[Status]Routing 4: Walk: 4
2019-09-05_00:59:12.228[Battery Energy]110.14
2019-09-05_00:59:12.228[Status]Routing Start.
2019-09-05_00:59:12.411[Status]{'coordinate': [101.1400895389128, 592.3323079503106], 'id': 18}
2019-09-05_00:59:12.411[Status]Routing 5: Walk: 5
2019-09-05_00:59:12.516[Battery Energy]109.93
2019-09-05_00:59:12.516[Status]Routing Start.
2019-09-05_00:59:12.853[Status]{'coordinate': [110.56810744669536, 588.9987695403727], 'id': 18}
2019-09-05_00:59:12.853[Status]Routing 6: Walk: 6
2019-09-05_00:59:12.956[Battery Energy]109.60
2019-09-05_00:59:12.956[Status]Routing Start.
2019-09-05_00:59:13.147[Status]{'coordinate': [119.99612535447793, 585.6652311304348], 'id': 18}
2019-09-05_00:59:13.149[Status]Routing 7: Walk: 7
2019-09-05_00:59:13.249[Battery Energy]109.41
2019-09-05_00:59:13.249[Status]Routing Start.
2019-09-05_00:59:13.567[Status]{'coordinate': [129.4241432622605, 582.3316927204969], 'id': 18}
2019-09-05_00:59:13.567[Status]Routing 8: Walk: 8
2019-09-05_00:59:13.672[Battery Energy]109.07
2019-09-05_00:59:13.672[Status]Routing Start.
2019-09-05_00:59:14.038[Status]{'coordinate': [138.85216117004305, 578.998154310559], 'id': 18}
2019-09-05_00:59:14.038[Status]Routing 9: Walk: 9
2019-09-05_00:59:14.144[Battery Energy]108.73
2019-09-05_00:59:14.144[Status]Routing Start.
2019-09-05_00:59:14.689[Status]Routing 10: Walk: 9
2019-09-05_00:59:14.789[Battery Energy]108.39
2019-09-05_00:59:14.789[Status]Routing Start.
2019-09-05_00:59:15.244[Status]Routing 11: Walk: 9
2019-09-05_00:59:15.345[Battery Energy]108.03
2019-09-05_00:59:15.345[Status]Routing Start.
2019-09-05_00:59:15.736[Status]Routing 12: Walk: 9
2019-09-05_00:59:15.840[Battery Energy]107.75
2019-09-05_00:59:15.840[Status]Routing Start.
2019-09-05_00:59:16.217[Status]Routing 13: Walk: 9
2019-09-05_00:59:16.317[Battery Energy]107.38
2019-09-05_00:59:16.317[Status]Routing Start.
2019-09-05_00:59:16.700[Status]Routing 14: Walk: 9
2019-09-05_00:59:16.801[Battery Energy]107.02
2019-09-05_00:59:16.801[Status]Routing Start.
2019-09-05_00:59:17.144[Status]{'coordinate': [148.2801790778256, 575.6646159006211], 'id': 18}
2019-09-05_00:59:17.144[Status]Routing 15: Walk: 10
2019-09-05_00:59:17.244[Battery Energy]106.64
2019-09-05_00:59:17.245[Status]Routing Start.
2019-09-05_00:59:17.613[Status]{'coordinate': [157.70819698560817, 572.3310774906832], 'id': 18}
2019-09-05_00:59:17.616[Status]Routing 16: Walk: 11
2019-09-05_00:59:17.717[Battery Energy]106.25
2019-09-05_00:59:17.717[Status]Routing Start.
2019-09-05_00:59:18.048[Status]Routing 17: Walk: 11
2019-09-05_00:59:18.148[Battery Energy]105.92
2019-09-05_00:59:18.148[Status]Routing Start.
2019-09-05_00:59:18.538[Status]{'coordinate': [167.13621489339073, 568.9975390807454], 'id': 18}
2019-09-05_00:59:18.571[Status]Routing 18: Walk: 12
2019-09-05_00:59:18.671[Battery Energy]105.52
2019-09-05_00:59:18.671[Status]Routing Start.
2019-09-05_00:59:19.113[Status]{'coordinate': [176.5642328011733, 565.6640006708075], 'id': 18}
2019-09-05_00:59:19.113[Status]Routing 19: Walk: 13
2019-09-05_00:59:19.214[Battery Energy]105.04
2019-09-05_00:59:19.214[Status]Routing Start.
2019-09-05_00:59:19.384[Status]{'coordinate': [185.99225070895585, 562.3304622608696], 'id': 18}
2019-09-05_00:59:19.384[Status]Routing 20: Walk: 14
2019-09-05_00:59:19.492[Battery Energy]104.85
2019-09-05_00:59:19.492[Status]Routing Start.
2019-09-05_00:59:19.902[Status]{'coordinate': [195.4202686167384, 558.9969238509317], 'id': 18}
2019-09-05_00:59:19.902[Status]Routing 21: Walk: 15
2019-09-05_00:59:20.002[Battery Energy]104.53
2019-09-05_00:59:20.002[Status]Routing Start.
2019-09-05_00:59:20.245[Status]{'coordinate': [204.84828652452097, 555.6633854409938], 'id': 18}
2019-09-05_00:59:20.245[Status]Routing 22: Walk: 16
2019-09-05_00:59:20.348[Battery Energy]104.28
2019-09-05_00:59:20.348[Status]Routing Start.
2019-09-05_00:59:20.681[Status]{'coordinate': [214.27630443230353, 552.3298470310559], 'id': 18}
2019-09-05_00:59:20.681[Status]Routing 23: Walk: 17
2019-09-05_00:59:20.792[Battery Energy]103.96
2019-09-05_00:59:20.792[Status]Routing Start.
2019-09-05_00:59:21.119[Status]{'coordinate': [223.7043223400861, 548.996308621118], 'id': 18}
2019-09-05_00:59:21.120[Status]Routing 24: Walk: 18
2019-09-05_00:59:21.232[Battery Energy]103.65
2019-09-05_00:59:21.232[Status]Routing Start.
2019-09-05_00:59:21.441[Status]{'coordinate': [233.13234024786865, 545.6627702111801], 'id': 18}
2019-09-05_00:59:21.441[Status]Routing 25: Walk: 19
2019-09-05_00:59:21.561[Battery Energy]103.40
2019-09-05_00:59:21.561[Status]Routing Start.
2019-09-05_00:59:21.856[Status]{'coordinate': [242.56035815565122, 542.3292318012423], 'id': 18}
2019-09-05_00:59:21.856[Status]Routing 26: Walk: 20
2019-09-05_00:59:21.957[Battery Energy]103.12
2019-09-05_00:59:21.957[Status]Routing Start.
2019-09-05_00:59:22.463[Status]{'coordinate': [251.98837606343378, 538.9956933913044], 'id': 18}
2019-09-05_00:59:22.463[Status]Routing 27: Walk: 21
2019-09-05_00:59:22.563[Battery Energy]102.75
2019-09-05_00:59:22.564[Status]Routing Start.
2019-09-05_00:59:22.887[Status]{'coordinate': [261.41639397121634, 535.6621549813665], 'id': 18}
2019-09-05_00:59:22.887[Status]Routing 28: Walk: 22
2019-09-05_00:59:22.988[Battery Energy]102.43
2019-09-05_00:59:22.988[Status]Routing Start.
2019-09-05_00:59:23.388[Status]{'coordinate': [270.84441187899887, 532.3286165714286], 'id': 18}
2019-09-05_00:59:23.388[Status]Routing 29: Walk: 23
2019-09-05_00:59:23.492[Battery Energy]102.05
2019-09-05_00:59:23.492[Status]Routing Start.
2019-09-05_00:59:23.878[Status]{'coordinate': [280.2724297867814, 528.9950781614907], 'id': 18}
2019-09-05_00:59:23.878[Status]Routing 30: Walk: 24
2019-09-05_00:59:23.994[Battery Energy]101.71
2019-09-05_00:59:23.994[Status]Routing Start.
2019-09-05_00:59:24.284[Status]{'coordinate': [289.70044769456393, 525.6615397515528], 'id': 18}
2019-09-05_00:59:24.284[Status]Routing 31: Walk: 25
2019-09-05_00:59:24.408[Battery Energy]101.45
2019-09-05_00:59:24.408[Status]Routing Start.
2019-09-05_00:59:24.791[Status]{'coordinate': [299.12846560234647, 522.3280013416149], 'id': 18}
2019-09-05_00:59:24.791[Status]Routing 32: Walk: 26
2019-09-05_00:59:24.892[Battery Energy]101.09
2019-09-05_00:59:24.892[Status]Routing Start.
2019-09-05_00:59:25.217[Status]{'coordinate': [308.556483510129, 518.994462931677], 'id': 18}
2019-09-05_00:59:25.217[Status]Routing 33: Walk: 27
2019-09-05_00:59:25.317[Battery Energy]100.79
2019-09-05_00:59:25.317[Status]Routing Start.
2019-09-05_00:59:25.722[Status]{'coordinate': [317.98450141791153, 515.6609245217392], 'id': 18}
2019-09-05_00:59:25.722[Status]Routing 34: Walk: 28
2019-09-05_00:59:25.822[Battery Energy]100.46
2019-09-05_00:59:25.822[Status]Routing Start.
2019-09-05_00:59:26.214[Status]{'coordinate': [327.41251932569406, 512.3273861118013], 'id': 18}
2019-09-05_00:59:26.214[Status]Routing 35: Walk: 29
2019-09-05_00:59:26.316[Battery Energy]100.16
2019-09-05_00:59:26.316[Status]Routing Start.
2019-09-05_00:59:26.665[Status]{'coordinate': [336.8405372334766, 508.9938477018634], 'id': 18}
2019-09-05_00:59:26.665[Status]Routing 36: Walk: 30
2019-09-05_00:59:26.767[Battery Energy]99.84
2019-09-05_00:59:26.767[Status]Routing Start.
2019-09-05_00:59:27.161[Status]{'coordinate': [346.2685551412591, 505.6603092919255], 'id': 18}
2019-09-05_00:59:27.161[Status]Routing 37: Walk: 31
2019-09-05_00:59:27.261[Battery Energy]99.53
2019-09-05_00:59:27.261[Status]Routing Start.
2019-09-05_00:59:27.789[Status]Routing 38: Walk: 31
2019-09-05_00:59:27.889[Battery Energy]99.13
2019-09-05_00:59:27.890[Status]Routing Start.
2019-09-05_00:59:28.220[Status]Routing 39: Walk: 31
2019-09-05_00:59:28.321[Battery Energy]98.83
2019-09-05_00:59:28.321[Status]Routing Start.
2019-09-05_00:59:28.758[Status]Routing 40: Walk: 31
2019-09-05_00:59:28.859[Battery Energy]98.48
2019-09-05_00:59:28.859[Status]Routing Start.
2019-09-05_00:59:29.262[Status]Routing 41: Walk: 31
2019-09-05_00:59:29.362[Battery Energy]98.12
2019-09-05_00:59:29.362[Status]Routing Start.
2019-09-05_00:59:29.522[Status]{'coordinate': [355.69657304904166, 502.3267708819876], 'id': 18}
2019-09-05_00:59:29.522[Status]Routing 42: Walk: 32
2019-09-05_00:59:29.636[Battery Energy]97.90
2019-09-05_00:59:29.636[Status]Routing Start.
2019-09-05_00:59:29.808[Status]{'coordinate': [365.1245909568242, 498.9932324720497], 'id': 18}
2019-09-05_00:59:29.808[Status]Routing 43: Walk: 33
2019-09-05_00:59:29.908[Battery Energy]97.66
2019-09-05_00:59:29.908[Status]Routing Start.
2019-09-05_00:59:30.076[Status]{'coordinate': [374.5526088646067, 495.65969406211184], 'id': 18}
2019-09-05_00:59:30.076[Status]Routing 44: Walk: 34
2019-09-05_00:59:30.184[Battery Energy]97.48
2019-09-05_00:59:30.184[Status]Routing Start.
2019-09-05_00:59:30.503[Status]{'coordinate': [383.98062677238926, 492.32615565217395], 'id': 18}
2019-09-05_00:59:30.503[Status]Routing 45: Walk: 35
2019-09-05_00:59:30.603[Battery Energy]97.15
2019-09-05_00:59:30.603[Status]Routing Start.
2019-09-05_00:59:30.796[Status]{'coordinate': [393.4086446801718, 488.99261724223607], 'id': 18}
2019-09-05_00:59:30.796[Status]Routing 46: Walk: 36
2019-09-05_00:59:30.896[Battery Energy]96.95
2019-09-05_00:59:30.896[Status]Routing Start.
2019-09-05_00:59:31.074[Status]{'coordinate': [402.8366625879543, 485.6590788322982], 'id': 18}
2019-09-05_00:59:31.074[Status]Routing 47: Walk: 37
2019-09-05_00:59:31.175[Battery Energy]96.74
2019-09-05_00:59:31.175[Status]Routing Start.
2019-09-05_00:59:31.590[Status]{'coordinate': [412.26468049573685, 482.3255404223603], 'id': 18}
2019-09-05_00:59:31.590[Status]Routing 48: Walk: 38
2019-09-05_00:59:31.708[Battery Energy]96.40
2019-09-05_00:59:31.708[Status]Routing Start.
2019-09-05_00:59:32.099[Status]{'coordinate': [421.6926984035194, 478.9920020124224], 'id': 18}
2019-09-05_00:59:32.105[Status]Routing 49: Walk: 39
2019-09-05_00:59:32.212[Battery Energy]96.06
2019-09-05_00:59:32.212[Status]Routing Start.
2019-09-05_00:59:32.350[Status]{'coordinate': [431.1207163113019, 475.6584636024845], 'id': 18}
2019-09-05_00:59:32.350[Status]Routing 50: Walk: 40
2019-09-05_00:59:32.450[Battery Energy]95.86
2019-09-05_00:59:32.450[Status]Routing Start.
2019-09-05_00:59:32.790[Status]{'coordinate': [440.54873421908445, 472.32492519254663], 'id': 18}
2019-09-05_00:59:32.790[Status]Routing 51: Walk: 41
2019-09-05_00:59:32.891[Battery Energy]95.52
2019-09-05_00:59:32.891[Status]Routing Start.
2019-09-05_00:59:33.225[Status]{'coordinate': [449.976752126867, 468.99138678260874], 'id': 18}
2019-09-05_00:59:33.225[Status]Routing 52: Walk: 42
2019-09-05_00:59:33.327[Battery Energy]95.24
2019-09-05_00:59:33.327[Status]Routing Start.
2019-09-05_00:59:33.729[Status]{'coordinate': [459.4047700346495, 465.65784837267086], 'id': 18}
2019-09-05_00:59:33.730[Status]Routing 53: Walk: 43
2019-09-05_00:59:33.832[Battery Energy]94.94
2019-09-05_00:59:33.832[Status]Routing Start.
2019-09-05_00:59:34.007[Status]{'coordinate': [468.83278794243205, 462.32430996273297], 'id': 18}
2019-09-05_00:59:34.007[Status]Routing 54: Walk: 44
2019-09-05_00:59:34.107[Battery Energy]94.74
2019-09-05_00:59:34.107[Status]Routing Start.
2019-09-05_00:59:34.281[Status]{'coordinate': [478.2608058502146, 458.9907715527951], 'id': 18}
2019-09-05_00:59:34.281[Status]Routing 55: Walk: 45
2019-09-05_00:59:34.392[Battery Energy]94.54
2019-09-05_00:59:34.392[Status]Routing Start.
2019-09-05_00:59:34.531[Status]{'coordinate': [487.6888237579971, 455.65723314285714], 'id': 18}
2019-09-05_00:59:34.531[Status]Routing 56: Walk: 46
2019-09-05_00:59:34.644[Battery Energy]94.32
2019-09-05_00:59:34.644[Status]Routing Start.
2019-09-05_00:59:34.914[Status]{'coordinate': [497.11684166577965, 452.32369473291925], 'id': 18}
2019-09-05_00:59:34.914[Status]Routing 57: Walk: 47
2019-09-05_00:59:35.024[Battery Energy]94.09
2019-09-05_00:59:35.024[Status]Routing Start.
2019-09-05_00:59:35.318[Status]{'coordinate': [506.5448595735622, 448.9901563229813], 'id': 18}
2019-09-05_00:59:35.318[Status]Routing 58: Walk: 48
2019-09-05_00:59:35.420[Battery Energy]93.82
2019-09-05_00:59:35.420[Status]Routing Start.
2019-09-05_00:59:35.667[Status]{'coordinate': [515.9728774813448, 445.6566179130434], 'id': 18}
2019-09-05_00:59:35.667[Status]Routing 59: Walk: 49
2019-09-05_00:59:35.780[Battery Energy]93.59
2019-09-05_00:59:35.780[Status]Routing Start.
2019-09-05_00:59:36.011[Status]{'coordinate': [525.4008953891273, 442.32307950310553], 'id': 18}
2019-09-05_00:59:36.022[Status]Routing 60: Walk: 50
2019-09-05_00:59:36.122[Battery Energy]93.41
2019-09-05_00:59:36.122[Status]Routing Start.
2019-09-05_00:59:36.324[Status]{'coordinate': [534.8289132969098, 438.9895410931676], 'id': 18}
2019-09-05_00:59:36.324[Status]Routing 61: Walk: 51
2019-09-05_00:59:36.431[Battery Energy]93.20
2019-09-05_00:59:36.431[Status]Routing Start.
2019-09-05_00:59:36.611[Status]{'coordinate': [544.2569312046924, 435.65600268322964], 'id': 18}
2019-09-05_00:59:36.611[Status]Routing 62: Walk: 52
2019-09-05_00:59:36.723[Battery Energy]92.94
2019-09-05_00:59:36.723[Status]Routing Start.
2019-09-05_00:59:36.894[Status]{'coordinate': [553.6849491124749, 432.32246427329176], 'id': 18}
2019-09-05_00:59:36.894[Status]Routing 63: Walk: 53
2019-09-05_00:59:36.994[Battery Energy]92.74
2019-09-05_00:59:36.994[Status]Routing Start.
2019-09-05_00:59:37.216[Status]{'coordinate': [563.1129670202574, 428.98892586335387], 'id': 18}
2019-09-05_00:59:37.216[Status]Routing 64: Walk: 54
2019-09-05_00:59:37.332[Battery Energy]92.51
2019-09-05_00:59:37.332[Status]Routing Start.
2019-09-05_00:59:37.503[Status]{'coordinate': [572.54098492804, 425.655387453416], 'id': 18}
2019-09-05_00:59:37.503[Status]Routing 65: Walk: 55
2019-09-05_00:59:37.603[Battery Energy]92.31
2019-09-05_00:59:37.603[Status]Routing Start.
2019-09-05_00:59:37.762[Status]{'coordinate': [581.9690028358225, 422.32184904347804], 'id': 18}
2019-09-05_00:59:37.762[Status]Routing 66: Walk: 56
2019-09-05_00:59:37.872[Battery Energy]92.12
2019-09-05_00:59:37.872[Status]Routing Start.
2019-09-05_00:59:38.104[Status]{'coordinate': [591.397020743605, 418.9883106335401], 'id': 18}
2019-09-05_00:59:38.104[Status]Routing 67: Walk: 57
2019-09-05_00:59:38.204[Battery Energy]91.87
2019-09-05_00:59:38.205[Status]Routing Start.
2019-09-05_00:59:38.433[Status]{'coordinate': [600.8250386513876, 415.6547722236022], 'id': 18}
2019-09-05_00:59:38.433[Status]Routing 68: Walk: 58
2019-09-05_00:59:38.540[Battery Energy]91.62
2019-09-05_00:59:38.540[Status]Routing Start.
2019-09-05_00:59:38.684[Status]{'coordinate': [610.2530565591701, 412.3212338136643], 'id': 18}
2019-09-05_00:59:38.684[Status]Routing 69: Walk: 59
2019-09-05_00:59:38.800[Battery Energy]91.42
2019-09-05_00:59:38.800[Status]Routing Start.
2019-09-05_00:59:38.969[Status]{'coordinate': [619.6810744669526, 408.98769540372643], 'id': 18}
2019-09-05_00:59:38.969[Status]Routing 70: Walk: 60
2019-09-05_00:59:39.076[Battery Energy]91.21
2019-09-05_00:59:39.076[Status]Routing Start.
2019-09-05_00:59:39.259[Status]{'coordinate': [629.1090923747352, 405.65415699378855], 'id': 18}
2019-09-05_00:59:39.259[Status]Routing 71: Walk: 61
2019-09-05_00:59:39.376[Battery Energy]90.96
2019-09-05_00:59:39.376[Status]Routing Start.
2019-09-05_00:59:39.578[Status]{'coordinate': [638.5371102825177, 402.32061858385066], 'id': 18}
2019-09-05_00:59:39.579[Status]Routing 72: Walk: 62
2019-09-05_00:59:39.684[Battery Energy]90.74
2019-09-05_00:59:39.684[Status]Routing Start.
2019-09-05_00:59:39.877[Status]{'coordinate': [647.9651281903002, 398.9870801739127], 'id': 18}
2019-09-05_00:59:39.877[Status]Routing 73: Walk: 63
2019-09-05_00:59:39.977[Battery Energy]90.51
2019-09-05_00:59:39.977[Status]Routing Start.
2019-09-05_00:59:40.168[Status]{'coordinate': [657.3931460980828, 395.6535417639748], 'id': 18}
2019-09-05_00:59:40.168[Status]Routing 74: Walk: 64
2019-09-05_00:59:40.268[Battery Energy]90.29
2019-09-05_00:59:40.268[Status]Routing Start.
2019-09-05_00:59:40.493[Status]{'coordinate': [666.8211640058653, 392.3200033540369], 'id': 18}
2019-09-05_00:59:40.493[Status]Routing 75: Walk: 65
2019-09-05_00:59:40.600[Battery Energy]90.07
2019-09-05_00:59:40.600[Status]Routing Start.
2019-09-05_00:59:40.766[Status]{'coordinate': [676.2491819136478, 388.986464944099], 'id': 18}
2019-09-05_00:59:40.766[Status]Routing 76: Walk: 66
2019-09-05_00:59:40.876[Battery Energy]89.86
2019-09-05_00:59:40.876[Status]Routing Start.
2019-09-05_00:59:41.105[Status]{'coordinate': [685.6771998214303, 385.6529265341611], 'id': 18}
2019-09-05_00:59:41.105[Status]Routing 77: Walk: 67
2019-09-05_00:59:41.205[Battery Energy]89.65
2019-09-05_00:59:41.206[Status]Routing Start.
2019-09-05_00:59:41.365[Status]{'coordinate': [695.1052177292129, 382.31938812422317], 'id': 18}
2019-09-05_00:59:41.365[Status]Routing 78: Walk: 68
2019-09-05_00:59:41.472[Battery Energy]89.45
2019-09-05_00:59:41.472[Status]Routing Start.
2019-09-05_00:59:41.657[Status]{'coordinate': [704.5332356369954, 378.9858497142853], 'id': 18}
2019-09-05_00:59:41.657[Status]Routing 79: Walk: 69
2019-09-05_00:59:41.760[Battery Energy]89.21
2019-09-05_00:59:41.760[Status]Routing Start.
2019-09-05_00:59:41.967[Status]{'coordinate': [713.961253544778, 375.65231130434734], 'id': 18}
2019-09-05_00:59:41.967[Status]Routing 80: Walk: 70
2019-09-05_00:59:42.067[Battery Energy]89.02
2019-09-05_00:59:42.067[Status]Routing Start.
2019-09-05_00:59:42.238[Status]{'coordinate': [723.3892714525605, 372.31877289440945], 'id': 18}
2019-09-05_00:59:42.238[Status]Routing 81: Walk: 71
2019-09-05_00:59:42.359[Battery Energy]88.81
2019-09-05_00:59:42.359[Status]Routing Start.
2019-09-05_00:59:42.578[Status]{'coordinate': [732.817289360343, 368.98523448447156], 'id': 18}
2019-09-05_00:59:42.578[Status]Routing 82: Walk: 72
2019-09-05_00:59:42.692[Battery Energy]88.57
2019-09-05_00:59:42.692[Status]Routing Start.
2019-09-05_00:59:42.878[Status]{'coordinate': [742.2453072681255, 365.6516960745337], 'id': 18}
2019-09-05_00:59:42.878[Status]Routing 83: Walk: 73
2019-09-05_00:59:42.984[Battery Energy]88.34
2019-09-05_00:59:42.984[Status]Routing Start.
2019-09-05_00:59:43.187[Status]{'coordinate': [751.6733251759081, 362.3181576645958], 'id': 18}
2019-09-05_00:59:43.189[Status]Routing 84: Walk: 74
2019-09-05_00:59:43.292[Battery Energy]88.06
2019-09-05_00:59:43.292[Status]Routing Start.
2019-09-05_00:59:43.639[Status]{'coordinate': [761.1013430836906, 358.98461925465784], 'id': 18}
2019-09-05_00:59:43.643[Status]Routing 85: Walk: 75
2019-09-05_00:59:43.744[Battery Energy]87.71
2019-09-05_00:59:43.744[Status]Routing Start.
2019-09-05_00:59:43.953[Status]{'coordinate': [770.5293609914731, 355.6510808447199], 'id': 18}
2019-09-05_00:59:43.953[Status]Routing 86: Walk: 76
2019-09-05_00:59:44.076[Battery Energy]87.50
2019-09-05_00:59:44.076[Status]Routing Start.
2019-09-05_00:59:44.353[Status]{'coordinate': [779.9573788992557, 352.317542434782], 'id': 18}
2019-09-05_00:59:44.354[Status]Routing 87: Walk: 77
2019-09-05_00:59:44.454[Battery Energy]87.27
2019-09-05_00:59:44.454[Status]Routing Start.
2019-09-05_00:59:44.631[Status]{'coordinate': [789.3853968070382, 348.9840040248441], 'id': 18}
2019-09-05_00:59:44.632[Status]Routing 88: Walk: 78
2019-09-05_00:59:44.744[Battery Energy]87.06
2019-09-05_00:59:44.744[Status]Routing Start.
2019-09-05_00:59:44.905[Status]{'coordinate': [798.8134147148207, 345.65046561490624], 'id': 18}
2019-09-05_00:59:44.905[Status]Routing 89: Walk: 79
2019-09-05_00:59:45.020[Battery Energy]86.85
2019-09-05_00:59:45.020[Status]Routing Start.
2019-09-05_00:59:45.209[Status]{'coordinate': [808.2414326226033, 342.3169272049683], 'id': 18}
2019-09-05_00:59:45.209[Status]Routing 90: Walk: 80
2019-09-05_00:59:45.309[Battery Energy]86.62
2019-09-05_00:59:45.309[Status]Routing Start.
2019-09-05_00:59:45.485[Status]{'coordinate': [817.6694505303858, 338.9833887950304], 'id': 18}
2019-09-05_00:59:45.486[Status]Routing 91: Walk: 81
2019-09-05_00:59:45.588[Battery Energy]86.42
2019-09-05_00:59:45.588[Status]Routing Start.
2019-09-05_00:59:45.810[Status]{'coordinate': [827.0974684381683, 335.64985038509246], 'id': 18}
2019-09-05_00:59:45.810[Status]Routing 92: Walk: 82
2019-09-05_00:59:45.920[Battery Energy]86.19
2019-09-05_00:59:45.920[Status]Routing Start.
2019-09-05_00:59:46.097[Status]{'coordinate': [836.5254863459509, 332.3163119751546], 'id': 18}
2019-09-05_00:59:46.097[Status]Routing 93: Walk: 83
2019-09-05_00:59:46.197[Battery Energy]85.99
2019-09-05_00:59:46.197[Status]Routing Start.
2019-09-05_00:59:46.374[Status]{'coordinate': [845.9535042537334, 328.9827735652167], 'id': 18}
2019-09-05_00:59:46.374[Status]Routing 94: Walk: 84
2019-09-05_00:59:46.474[Battery Energy]85.76
2019-09-05_00:59:46.474[Status]Routing Start.
2019-09-05_00:59:46.776[Status]{'coordinate': [855.3815221615159, 325.64923515527875], 'id': 18}
2019-09-05_00:59:46.776[Status]Routing 95: Walk: 85
2019-09-05_00:59:46.888[Battery Energy]85.52
2019-09-05_00:59:46.888[Status]Routing Start.
2019-09-05_00:59:47.033[Status]{'coordinate': [864.8095400692985, 322.31569674534086], 'id': 18}
2019-09-05_00:59:47.033[Status]Routing 96: Walk: 86
2019-09-05_00:59:47.151[Battery Energy]85.31
2019-09-05_00:59:47.151[Status]Routing Start.
2019-09-05_00:59:47.444[Status]{'coordinate': [874.237557977081, 318.98215833540297], 'id': 18}
2019-09-05_00:59:47.444[Status]Routing 97: Walk: 87
2019-09-05_00:59:47.548[Battery Energy]85.09
2019-09-05_00:59:47.548[Status]Routing Start.
2019-09-05_00:59:47.816[Status]{'coordinate': [883.6655758848635, 315.648619925465], 'id': 18}
2019-09-05_00:59:47.816[Status]Routing 98: Walk: 88
2019-09-05_00:59:47.918[Battery Energy]84.79
2019-09-05_00:59:47.918[Status]Routing Start.
2019-09-05_00:59:48.077[Status]{'coordinate': [893.0935937926461, 312.31508151552714], 'id': 18}
2019-09-05_00:59:48.077[Status]Routing 99: Walk: 89
2019-09-05_00:59:48.192[Battery Energy]84.58
2019-09-05_00:59:48.192[Status]Routing Start.
2019-09-05_00:59:48.600[Status]{'coordinate': [902.5216117004286, 308.98154310558925], 'id': 18}
2019-09-05_00:59:48.600[Status]Routing 100: Walk: 90
2019-09-05_00:59:48.700[Battery Energy]84.22
2019-09-05_00:59:48.700[Status]Routing Start.
2019-09-05_00:59:48.901[Status]{'coordinate': [911.9496296082111, 305.64800469565137], 'id': 18}
2019-09-05_00:59:48.901[Status]Routing 101: Walk: 91
2019-09-05_00:59:49.004[Battery Energy]84.02
2019-09-05_00:59:49.005[Status]Routing Start.
2019-09-05_00:59:49.387[Status]{'coordinate': [921.3776475159937, 302.3144662857134], 'id': 18}
2019-09-05_00:59:49.387[Status]Routing 102: Walk: 92
2019-09-05_00:59:49.496[Battery Energy]83.67
2019-09-05_00:59:49.496[Status]Routing Start.
2019-09-05_00:59:49.857[Status]{'coordinate': [930.8056654237762, 298.98092787577554], 'id': 18}
2019-09-05_00:59:49.857[Status]Routing 103: Walk: 93
2019-09-05_00:59:49.972[Battery Energy]83.35
2019-09-05_00:59:49.972[Status]Routing Start.
2019-09-05_00:59:50.114[Status]{'coordinate': [940.2336833315587, 295.6473894658376], 'id': 18}
2019-09-05_00:59:50.114[Status]Routing 104: Walk: 94
2019-09-05_00:59:50.215[Battery Energy]83.13
2019-09-05_00:59:50.215[Status]Routing Start.
2019-09-05_00:59:50.413[Status]{'coordinate': [949.6617012393413, 292.3138510558997], 'id': 18}
2019-09-05_00:59:50.413[Status]Routing 105: Walk: 95
2019-09-05_00:59:50.528[Battery Energy]82.88
2019-09-05_00:59:50.528[Status]Routing Start.
2019-09-05_00:59:50.891[Status]{'coordinate': [959.0897191471238, 288.9803126459618], 'id': 18}
2019-09-05_00:59:50.891[Status]Routing 106: Walk: 96
2019-09-05_00:59:50.991[Battery Energy]82.55
2019-09-05_00:59:50.991[Status]Routing Start.
2019-09-05_00:59:51.342[Status]{'coordinate': [968.5177370549063, 285.6467742360239], 'id': 18}
2019-09-05_00:59:51.342[Status]Routing 107: Walk: 97
2019-09-05_00:59:51.452[Battery Energy]82.24
2019-09-05_00:59:51.452[Status]Routing Start.
2019-09-05_00:59:51.790[Status]{'coordinate': [977.9457549626889, 282.313235826086], 'id': 18}
2019-09-05_00:59:51.790[Status]Routing 108: Walk: 98
2019-09-05_00:59:51.896[Battery Energy]81.96
2019-09-05_00:59:51.896[Status]Routing Start.
2019-09-05_00:59:52.230[Status]{'coordinate': [987.3737728704714, 278.9796974161481], 'id': 18}
2019-09-05_00:59:52.230[Status]Routing 109: Walk: 99
2019-09-05_00:59:52.340[Battery Energy]81.65
2019-09-05_00:59:52.340[Status]Routing Start.
2019-09-05_00:59:52.647[Status]{'coordinate': [996.8017907782539, 275.64615900621015], 'id': 18}
2019-09-05_00:59:52.647[Status]Routing 110: Walk: 100
2019-09-05_00:59:52.760[Battery Energy]81.35
2019-09-05_00:59:52.760[Status]Routing Start.
2019-09-05_00:59:52.893[Status]{'coordinate': [1006.2298086860364, 272.31262059627227], 'id': 18}
2019-09-05_00:59:52.893[Status]Routing 111: Walk: 101
2019-09-05_00:59:53.000[Battery Energy]81.13
2019-09-05_00:59:53.000[Status]Routing Start.
2019-09-05_00:59:53.253[Status]{'coordinate': [1015.657826593819, 268.9790821863344], 'id': 18}
2019-09-05_00:59:53.253[Status]Routing 112: Walk: 102
2019-09-05_00:59:53.353[Battery Energy]80.91
2019-09-05_00:59:53.353[Status]Routing Start.
2019-09-05_00:59:53.523[Status]{'coordinate': [1025.0858445016015, 265.64554377639644], 'id': 18}
2019-09-05_00:59:53.523[Status]Routing 113: Walk: 103
2019-09-05_00:59:53.623[Battery Energy]80.70
2019-09-05_00:59:53.624[Status]Routing Start.
2019-09-05_00:59:53.784[Status]{'coordinate': [1034.513862409384, 262.31200536645855], 'id': 18}
2019-09-05_00:59:53.784[Status]Routing 114: Walk: 104
2019-09-05_00:59:53.899[Battery Energy]80.50
2019-09-05_00:59:53.899[Status]Routing Start.
2019-09-05_00:59:54.102[Status]{'coordinate': [1043.9418803171666, 258.97846695652066], 'id': 18}
2019-09-05_00:59:54.102[Status]Routing 115: Walk: 105
2019-09-05_00:59:54.202[Battery Energy]80.24
2019-09-05_00:59:54.202[Status]Routing Start.
2019-09-05_00:59:54.379[Status]{'coordinate': [1053.369898224949, 255.64492854658275], 'id': 18}
2019-09-05_00:59:54.379[Status]Routing 116: Walk: 106
2019-09-05_00:59:54.492[Battery Energy]79.99
2019-09-05_00:59:54.492[Status]Routing Start.
2019-09-05_00:59:54.644[Status]{'coordinate': [1062.7979161327316, 252.31139013664483], 'id': 18}
2019-09-05_00:59:54.644[Status]Routing 117: Walk: 107
2019-09-05_00:59:54.756[Battery Energy]79.77
2019-09-05_00:59:54.756[Status]Routing Start.
2019-09-05_00:59:54.937[Status]{'coordinate': [1072.2259340405142, 248.97785172670692], 'id': 18}
2019-09-05_00:59:54.937[Status]Routing 118: Walk: 108
2019-09-05_00:59:55.038[Battery Energy]79.56
2019-09-05_00:59:55.038[Status]Routing Start.
2019-09-05_00:59:55.306[Status]{'coordinate': [1081.6539519482967, 245.644313316769], 'id': 18}
2019-09-05_00:59:55.306[Status]Routing 119: Walk: 109
2019-09-05_00:59:55.424[Battery Energy]79.29
2019-09-05_00:59:55.424[Status]Routing Start.
2019-09-05_00:59:55.756[Status]{'coordinate': [1091.0819698560792, 242.31077490683109], 'id': 18}
2019-09-05_00:59:55.758[Status]Routing 120: Walk: 110
2019-09-05_00:59:55.871[Battery Energy]79.01
2019-09-05_00:59:55.871[Status]Routing Start.
2019-09-05_00:59:56.175[Status]{'coordinate': [1100.5099877638618, 238.97723649689317], 'id': 18}
2019-09-05_00:59:56.175[Status]Routing 121: Walk: 111
2019-09-05_00:59:56.275[Battery Energy]78.71
2019-09-05_00:59:56.275[Status]Routing Start.
2019-09-05_00:59:56.275[Status]Task Finished.
2019-09-05_00:59:56.375[Battery Energy]78.71
2019-09-05_00:59:56.576[Status]Routing 123: Walk: 111
2019-09-05_00:59:56.684[Battery Energy]78.56
2019-09-05_00:59:57.046[Status]Routing 124: Walk: 111
2019-09-05_00:59:57.152[Battery Energy]78.32
2019-09-05_00:59:57.461[Status]Routing 125: Walk: 111
2019-09-05_00:59:57.587[Battery Energy]78.13
2019-09-05_00:59:57.835[Status]Routing 126: Walk: 111
2019-09-05_00:59:57.940[Battery Energy]77.99
2019-09-05_00:59:58.102[Status]Routing 127: Walk: 111
2019-09-05_00:59:58.202[Battery Energy]77.87
2019-09-05_00:59:58.379[Status]Routing 128: Walk: 111
2019-09-05_00:59:58.480[Battery Energy]77.75
2019-09-05_00:59:58.708[Status]Routing 129: Walk: 111
2019-09-05_00:59:58.816[Battery Energy]77.60
2019-09-05_00:59:59.003[Status]Routing 130: Walk: 111
2019-09-05_00:59:59.106[Battery Energy]77.44
2019-09-05_00:59:59.325[Status]Routing 131: Walk: 111
2019-09-05_00:59:59.432[Battery Energy]77.31
2019-09-05_00:59:59.570[Status]Routing 132: Walk: 111
2019-09-05_00:59:59.670[Battery Energy]77.20
2019-09-05_00:59:59.844[Status]Routing 133: Walk: 111
2019-09-05_00:59:59.944[Battery Energy]77.09
2019-09-05_01:00:00.223[Status]Routing 134: Walk: 111
2019-09-05_01:00:00.323[Battery Energy]76.94
2019-09-05_01:00:00.479[Status]Routing 135: Walk: 111
2019-09-05_01:00:00.579[Battery Energy]76.83
2019-09-05_01:00:00.799[Status]Routing 136: Walk: 111
2019-09-05_01:00:00.900[Battery Energy]76.65
2019-09-05_01:00:01.067[Status]Routing 137: Walk: 111
2019-09-05_01:00:01.167[Battery Energy]76.55
2019-09-05_01:00:01.357[Status]Routing 138: Walk: 111
2019-09-05_01:00:01.472[Battery Energy]76.41
2019-09-05_01:00:01.685[Status]Routing 139: Walk: 111
2019-09-05_01:00:01.785[Battery Energy]76.27
2019-09-05_01:00:02.053[Status]Routing 140: Walk: 111
2019-09-05_01:00:02.164[Battery Energy]76.12
2019-09-05_01:00:02.442[Status]Routing 141: Walk: 111
2019-09-05_01:00:02.548[Battery Energy]75.96
2019-09-05_01:00:02.722[Status]Routing 142: Walk: 111
2019-09-05_01:00:02.822[Battery Energy]75.86
2019-09-05_01:00:02.983[Status]Routing 143: Walk: 111
2019-09-05_01:00:03.084[Battery Energy]75.76
2019-09-05_01:00:03.288[Status]Routing 144: Walk: 111
2019-09-05_01:00:03.392[Battery Energy]75.64
2019-09-05_01:00:03.549[Status]Routing 145: Walk: 111
2019-09-05_01:00:03.650[Battery Energy]75.54
2019-09-05_01:00:03.852[Status]Routing 146: Walk: 111
2019-09-05_01:00:03.957[Battery Energy]75.40
2019-09-05_01:00:04.129[Status]Routing 147: Walk: 111
2019-09-05_01:00:04.244[Battery Energy]75.29
2019-09-05_01:00:04.420[Status]Routing 148: Walk: 111
2019-09-05_01:00:04.528[Battery Energy]75.18
2019-09-05_01:00:04.756[Status]Routing 149: Walk: 111
2019-09-05_01:00:04.857[Battery Energy]75.07
2019-09-05_01:00:05.137[Status]Routing 150: Walk: 111
2019-09-05_01:00:05.237[Battery Energy]74.92
2019-09-05_01:00:05.440[Status]Routing 151: Walk: 111
2019-09-05_01:00:05.540[Battery Energy]74.79
2019-09-05_01:00:05.789[Status]Routing 152: Walk: 111
2019-09-05_01:00:05.904[Battery Energy]74.59
2019-09-05_01:00:06.055[Status]Routing 153: Walk: 111
2019-09-05_01:00:06.155[Battery Energy]74.48
2019-09-05_01:00:06.406[Status]Routing 154: Walk: 111
2019-09-05_01:00:06.512[Battery Energy]74.29
2019-09-05_01:00:06.724[Status]Routing 155: Walk: 111
2019-09-05_01:00:06.848[Battery Energy]74.16
2019-09-05_01:00:07.081[Status]Routing 156: Walk: 111
2019-09-05_01:00:07.204[Battery Energy]73.99
2019-09-05_01:00:07.367[Status]Routing 157: Walk: 111
2019-09-05_01:00:07.467[Battery Energy]73.89
2019-09-05_01:00:07.695[Status]Routing 158: Walk: 111
2019-09-05_01:00:07.797[Battery Energy]73.76
2019-09-05_01:00:08.020[Status]Routing 159: Walk: 111
2019-09-05_01:00:08.122[Battery Energy]73.63
2019-09-05_01:00:08.282[Status]Routing 160: Walk: 111
2019-09-05_01:00:08.383[Battery Energy]73.49
2019-09-05_01:00:08.561[Status]Routing 161: Walk: 111
2019-09-05_01:00:08.662[Battery Energy]73.37
2019-09-05_01:00:08.819[Status]Routing 162: Walk: 111
2019-09-05_01:00:08.936[Battery Energy]73.27
2019-09-05_01:00:09.094[Status]Routing 163: Walk: 111
2019-09-05_01:00:09.195[Battery Energy]73.19
2019-09-05_01:00:09.387[Status]Routing 164: Walk: 111
2019-09-05_01:00:09.487[Battery Energy]73.10
2019-09-05_01:00:09.682[Status]Routing 165: Walk: 111
2019-09-05_01:00:09.796[Battery Energy]73.01
2019-09-05_01:00:09.967[Status]Routing 166: Walk: 111
2019-09-05_01:00:10.067[Battery Energy]72.92
2019-09-05_01:00:10.268[Status]Routing 167: Walk: 111
2019-09-05_01:00:10.368[Battery Energy]72.80
2019-09-05_01:00:10.591[Status]Routing 168: Walk: 111
2019-09-05_01:00:10.692[Battery Energy]72.65
2019-09-05_01:00:10.864[Status]Routing 169: Walk: 111
2019-09-05_01:00:10.984[Battery Energy]72.54
2019-09-05_01:00:11.194[Status]Routing 170: Walk: 111
2019-09-05_01:00:11.294[Battery Energy]72.43
2019-09-05_01:00:11.460[Status]Routing 171: Walk: 111
2019-09-05_01:00:11.568[Battery Energy]72.31
2019-09-05_01:00:11.736[Status]Routing 172: Walk: 111
2019-09-05_01:00:11.837[Battery Energy]72.19
2019-09-05_01:00:12.007[Status]Routing 173: Walk: 111
2019-09-05_01:00:12.108[Battery Energy]72.08
2019-09-05_01:00:12.337[Status]Routing 174: Walk: 111
2019-09-05_01:00:12.438[Battery Energy]71.92
2019-09-05_01:00:12.627[Status]Routing 175: Walk: 111
2019-09-05_01:00:12.740[Battery Energy]71.81
2019-09-05_01:00:12.910[Status]Routing 176: Walk: 111
2019-09-05_01:00:13.011[Battery Energy]71.72
2019-09-05_01:00:13.271[Status]Routing 177: Walk: 111
2019-09-05_01:00:13.371[Battery Energy]71.57
2019-09-05_01:00:13.550[Status]Routing 178: Walk: 111
2019-09-05_01:00:13.660[Battery Energy]71.48
2019-09-05_01:00:13.829[Status]Routing 179: Walk: 111
2019-09-05_01:00:13.929[Battery Energy]71.38
2019-09-05_01:00:14.158[Status]Routing 180: Walk: 111
2019-09-05_01:00:14.280[Battery Energy]71.27
2019-09-05_01:00:14.515[Status]Routing 181: Walk: 111
2019-09-05_01:00:14.615[Battery Energy]71.15
2019-09-05_01:00:14.766[Status]Routing 182: Walk: 111
2019-09-05_01:00:14.866[Battery Energy]71.02
2019-09-05_01:00:15.130[Status]Routing 183: Walk: 111
2019-09-05_01:00:15.237[Battery Energy]70.91
2019-09-05_01:00:15.507[Status]Routing 184: Walk: 111
2019-09-05_01:00:15.607[Battery Energy]70.76
2019-09-05_01:00:15.815[Status]Routing 185: Walk: 111
2019-09-05_01:00:15.916[Battery Energy]70.67
2019-09-05_01:00:16.068[Status]Routing 186: Walk: 111
2019-09-05_01:00:16.180[Battery Energy]70.58
2019-09-05_01:00:16.385[Status]Routing 187: Walk: 111
2019-09-05_01:00:16.485[Battery Energy]70.46
2019-09-05_01:00:16.645[Status]Routing 188: Walk: 111
2019-09-05_01:00:16.756[Battery Energy]70.35
2019-09-05_01:00:16.990[Status]Routing 189: Walk: 111
2019-09-05_01:00:17.091[Battery Energy]70.22
2019-09-05_01:00:17.340[Status]Routing 190: Walk: 111
2019-09-05_01:00:17.443[Battery Energy]70.05
2019-09-05_01:00:17.646[Status]Routing 191: Walk: 111
2019-09-05_01:00:17.760[Battery Energy]69.92
2019-09-05_01:00:17.904[Status]Routing 192: Walk: 111
2019-09-05_01:00:18.012[Battery Energy]69.83
2019-09-05_01:00:18.173[Status]Routing 193: Walk: 111
2019-09-05_01:00:18.273[Battery Energy]69.72
2019-09-05_01:00:18.444[Status]Routing 194: Walk: 111
2019-09-05_01:00:18.545[Battery Energy]69.59
2019-09-05_01:00:18.714[Status]Routing 195: Walk: 111
2019-09-05_01:00:18.814[Battery Energy]69.47
2019-09-05_01:00:19.026[Status]Routing 196: Walk: 111
2019-09-05_01:00:19.132[Battery Energy]69.34
2019-09-05_01:00:19.355[Status]Routing 197: Walk: 111
2019-09-05_01:00:19.456[Battery Energy]69.23
2019-09-05_01:00:19.668[Status]Routing 198: Walk: 111
2019-09-05_01:00:19.776[Battery Energy]69.07
2019-09-05_01:00:19.927[Status]Routing 199: Walk: 111
2019-09-05_01:00:20.027[Battery Energy]68.94
2019-09-05_01:00:20.255[Status]Routing 200: Walk: 111
2019-09-05_01:00:20.360[Battery Energy]68.82
2019-09-05_01:00:20.505[Status]Routing 201: Walk: 111
2019-09-05_01:00:20.616[Battery Energy]68.71
2019-09-05_01:00:20.962[Status]Routing 202: Walk: 111
2019-09-05_01:00:21.065[Battery Energy]68.53
2019-09-05_01:00:21.312[Status]Routing 203: Walk: 111
2019-09-05_01:00:21.428[Battery Energy]68.39
2019-09-05_01:00:21.690[Status]Routing 204: Walk: 111
2019-09-05_01:00:21.791[Battery Energy]68.22
2019-09-05_01:00:22.056[Status]Routing 205: Walk: 111
2019-09-05_01:00:22.172[Battery Energy]68.06
2019-09-05_01:00:22.326[Status]Routing 206: Walk: 111
2019-09-05_01:00:22.440[Battery Energy]67.97
2019-09-05_01:00:22.645[Status]Routing 207: Walk: 111
2019-09-05_01:00:22.748[Battery Energy]67.83
2019-09-05_01:00:22.911[Status]Routing 208: Walk: 111
2019-09-05_01:00:23.011[Battery Energy]67.70
2019-09-05_01:00:23.173[Status]Routing 209: Walk: 111
2019-09-05_01:00:23.274[Battery Energy]67.62
2019-09-05_01:00:23.449[Status]Routing 210: Walk: 111
2019-09-05_01:00:23.553[Battery Energy]67.47
2019-09-05_01:00:23.764[Status]Routing 211: Walk: 111
2019-09-05_01:00:23.872[Battery Energy]67.32
2019-09-05_01:00:24.031[Status]Routing 212: Walk: 111
2019-09-05_01:00:24.132[Battery Energy]67.23
2019-09-05_01:00:24.307[Status]Routing 213: Walk: 111
2019-09-05_01:00:24.416[Battery Energy]67.09
2019-09-05_01:00:24.582[Status]Routing 214: Walk: 111
2019-09-05_01:00:24.704[Battery Energy]66.98
2019-09-05_01:00:24.844[Status]Routing 215: Walk: 111
2019-09-05_01:00:24.960[Battery Energy]66.88
2019-09-05_01:00:25.119[Status]Routing 216: Walk: 111
2019-09-05_01:00:25.228[Battery Energy]66.78
2019-09-05_01:00:25.403[Status]Routing 217: Walk: 111
2019-09-05_01:00:25.508[Battery Energy]66.68
2019-09-05_01:00:25.692[Status]Routing 218: Walk: 111
2019-09-05_01:00:25.796[Battery Energy]66.55
