2019-09-05_11:12:08.658[Status]Start.
2019-09-05_11:12:08.658[Battery Energy]123.00
2019-09-05_11:12:09.759[Battery Energy]122.96
2019-09-05_11:12:10.861[Battery Energy]122.92
2019-09-05_11:12:11.961[Battery Energy]122.88
2019-09-05_11:12:13.062[Battery Energy]122.84
2019-09-05_11:12:14.163[Task]A New Task Released.
2019-09-05_11:12:14.163[Battery Energy]122.80
2019-09-05_11:12:14.163[Status]Selection Start.
2019-09-05_11:12:15.784[Status]Selection End: Do Task 2.
2019-09-05_11:12:15.889[Battery Energy]121.66
2019-09-05_11:12:15.889[Status]Formation Start.
2019-09-05_11:12:16.056[Status]Formation End: To Position 3.
2019-09-05_11:12:16.157[Battery Energy]121.51
2019-09-05_11:12:16.157[Status]Routing Start.
2019-09-05_11:12:16.309[Status]{'id': 15, 'coordinate': [130.99948177694174, 166.10180467872453]}
2019-09-05_11:12:16.309[Status]Routing 1: Walk: 1
2019-09-05_11:12:16.409[Battery Energy]121.29
2019-09-05_11:12:16.409[Status]Routing Start.
2019-09-05_11:12:16.569[Status]{'id': 15, 'coordinate': [140.99896355388347, 166.20360935744907]}
2019-09-05_11:12:16.569[Status]Routing 2: Walk: 2
2019-09-05_11:12:16.669[Battery Energy]121.09
2019-09-05_11:12:16.669[Status]Routing Start.
2019-09-05_11:12:16.895[Status]{'id': 15, 'coordinate': [150.9984453308252, 166.30541403617357]}
2019-09-05_11:12:16.895[Status]Routing 3: Walk: 3
2019-09-05_11:12:16.995[Battery Energy]120.88
2019-09-05_11:12:16.995[Status]Routing Start.
2019-09-05_11:12:17.194[Status]{'id': 15, 'coordinate': [160.99792710776694, 166.4072187148981]}
2019-09-05_11:12:17.195[Status]Routing 4: Walk: 4
2019-09-05_11:12:17.305[Battery Energy]120.63
2019-09-05_11:12:17.305[Status]Routing Start.
2019-09-05_11:12:17.550[Status]{'id': 15, 'coordinate': [170.99740888470868, 166.5090233936226]}
2019-09-05_11:12:17.550[Status]Routing 5: Walk: 5
2019-09-05_11:12:17.650[Battery Energy]120.40
2019-09-05_11:12:17.650[Status]Routing Start.
2019-09-05_11:12:18.179[Status]Routing 6: Walk: 5
2019-09-05_11:12:18.280[Battery Energy]120.00
2019-09-05_11:12:18.280[Status]Routing Start.
2019-09-05_11:12:18.657[Status]Routing 7: Walk: 5
2019-09-05_11:12:18.758[Battery Energy]119.63
2019-09-05_11:12:18.758[Status]Routing Start.
2019-09-05_11:12:19.339[Status]Routing 8: Walk: 5
2019-09-05_11:12:19.449[Battery Energy]119.21
2019-09-05_11:12:19.449[Status]Routing Start.
2019-09-05_11:12:19.859[Status]Routing 9: Walk: 5
2019-09-05_11:12:19.959[Battery Energy]118.89
2019-09-05_11:12:19.959[Status]Routing Start.
2019-09-05_11:12:20.460[Status]Routing 10: Walk: 5
2019-09-05_11:12:20.562[Battery Energy]118.51
2019-09-05_11:12:20.562[Status]Routing Start.
2019-09-05_11:12:21.181[Status]Routing 11: Walk: 5
2019-09-05_11:12:21.282[Battery Energy]118.08
2019-09-05_11:12:21.282[Status]Routing Start.
2019-09-05_11:12:21.670[Status]Routing 12: Walk: 5
2019-09-05_11:12:21.785[Battery Energy]117.71
2019-09-05_11:12:21.785[Status]Routing Start.
2019-09-05_11:12:22.194[Status]Routing 13: Walk: 5
2019-09-05_11:12:22.294[Battery Energy]117.34
2019-09-05_11:12:22.295[Status]Routing Start.
2019-09-05_11:12:22.684[Status]Routing 14: Walk: 5
2019-09-05_11:12:22.786[Battery Energy]117.00
2019-09-05_11:12:22.786[Status]Routing Start.
2019-09-05_11:12:23.131[Status]{'id': 15, 'coordinate': [180.9968906616504, 166.61082807234715]}
2019-09-05_11:12:23.131[Status]Routing 15: Walk: 6
2019-09-05_11:12:23.231[Battery Energy]116.61
2019-09-05_11:12:23.232[Status]Routing Start.
2019-09-05_11:12:23.391[Status]{'id': 15, 'coordinate': [190.99637243859215, 166.71263275107165]}
2019-09-05_11:12:23.391[Status]Routing 16: Walk: 7
2019-09-05_11:12:23.497[Battery Energy]116.40
2019-09-05_11:12:23.497[Status]Routing Start.
2019-09-05_11:12:23.946[Status]{'id': 15, 'coordinate': [200.99585421553388, 166.8144374297962]}
2019-09-05_11:12:23.952[Status]Routing 17: Walk: 8
2019-09-05_11:12:24.057[Battery Energy]116.07
2019-09-05_11:12:24.057[Status]Routing Start.
2019-09-05_11:12:24.455[Status]{'id': 15, 'coordinate': [210.99533599247562, 166.9162421085207]}
2019-09-05_11:12:24.455[Status]Routing 18: Walk: 9
2019-09-05_11:12:24.557[Battery Energy]115.78
2019-09-05_11:12:24.557[Status]Routing Start.
2019-09-05_11:12:24.919[Status]{'id': 15, 'coordinate': [220.99481776941735, 167.01804678724523]}
2019-09-05_11:12:24.920[Status]Routing 19: Walk: 10
2019-09-05_11:12:25.029[Battery Energy]115.41
2019-09-05_11:12:25.029[Status]Routing Start.
2019-09-05_11:12:25.416[Status]{'id': 15, 'coordinate': [230.9942995463591, 167.11985146596973]}
2019-09-05_11:12:25.416[Status]Routing 20: Walk: 11
2019-09-05_11:12:25.521[Battery Energy]115.07
2019-09-05_11:12:25.521[Status]Routing Start.
2019-09-05_11:12:25.856[Status]{'id': 15, 'coordinate': [240.99378132330082, 167.22165614469426]}
2019-09-05_11:12:25.857[Status]Routing 21: Walk: 12
2019-09-05_11:12:25.968[Battery Energy]114.75
2019-09-05_11:12:25.968[Status]Routing Start.
2019-09-05_11:12:26.117[Status]{'id': 15, 'coordinate': [250.99326310024256, 167.32346082341877]}
2019-09-05_11:12:26.117[Status]Routing 22: Walk: 13
2019-09-05_11:12:26.222[Battery Energy]114.56
2019-09-05_11:12:26.222[Status]Routing Start.
2019-09-05_11:12:26.590[Status]{'id': 15, 'coordinate': [260.9927448771843, 167.4252655021433]}
2019-09-05_11:12:26.594[Status]Routing 23: Walk: 14
2019-09-05_11:12:26.705[Battery Energy]114.28
2019-09-05_11:12:26.705[Status]Routing Start.
2019-09-05_11:12:27.020[Status]{'id': 15, 'coordinate': [270.992226654126, 167.5270701808678]}
2019-09-05_11:12:27.021[Status]Routing 24: Walk: 15
2019-09-05_11:12:27.122[Battery Energy]113.94
2019-09-05_11:12:27.122[Status]Routing Start.
2019-09-05_11:12:27.479[Status]{'id': 15, 'coordinate': [280.9917084310677, 167.62887485959234]}
2019-09-05_11:12:27.479[Status]Routing 25: Walk: 16
2019-09-05_11:12:27.593[Battery Energy]113.62
2019-09-05_11:12:27.593[Status]Routing Start.
2019-09-05_11:12:27.935[Status]{'id': 15, 'coordinate': [290.9911902080094, 167.73067953831685]}
2019-09-05_11:12:27.935[Status]Routing 26: Walk: 17
2019-09-05_11:12:28.035[Battery Energy]113.29
2019-09-05_11:12:28.035[Status]Routing Start.
2019-09-05_11:12:28.363[Status]{'id': 15, 'coordinate': [300.9906719849511, 167.83248421704138]}
2019-09-05_11:12:28.363[Status]Routing 27: Walk: 18
2019-09-05_11:12:28.465[Battery Energy]112.98
2019-09-05_11:12:28.465[Status]Routing Start.
2019-09-05_11:12:28.790[Status]{'id': 15, 'coordinate': [310.9901537618928, 167.9342888957659]}
2019-09-05_11:12:28.790[Status]Routing 28: Walk: 19
2019-09-05_11:12:28.897[Battery Energy]112.67
2019-09-05_11:12:28.897[Status]Routing Start.
2019-09-05_11:12:29.210[Status]{'id': 15, 'coordinate': [320.98963553883453, 168.03609357449042]}
2019-09-05_11:12:29.210[Status]Routing 29: Walk: 20
2019-09-05_11:12:29.310[Battery Energy]112.34
2019-09-05_11:12:29.311[Status]Routing Start.
2019-09-05_11:12:29.705[Status]{'id': 15, 'coordinate': [330.98911731577624, 168.13789825321493]}
2019-09-05_11:12:29.705[Status]Routing 30: Walk: 21
2019-09-05_11:12:29.819[Battery Energy]111.99
2019-09-05_11:12:29.819[Status]Routing Start.
2019-09-05_11:12:29.988[Status]{'id': 15, 'coordinate': [340.98859909271795, 168.23970293193946]}
2019-09-05_11:12:29.989[Status]Routing 31: Walk: 22
2019-09-05_11:12:30.093[Battery Energy]111.77
2019-09-05_11:12:30.093[Status]Routing Start.
2019-09-05_11:12:30.442[Status]{'id': 15, 'coordinate': [350.98808086965965, 168.34150761066397]}
2019-09-05_11:12:30.442[Status]Routing 32: Walk: 23
2019-09-05_11:12:30.542[Battery Energy]111.44
2019-09-05_11:12:30.542[Status]Routing Start.
2019-09-05_11:12:30.845[Status]{'id': 15, 'coordinate': [360.98756264660136, 168.4433122893885]}
2019-09-05_11:12:30.845[Status]Routing 33: Walk: 24
2019-09-05_11:12:30.948[Battery Energy]111.15
2019-09-05_11:12:30.956[Status]Routing Start.
2019-09-05_11:12:31.228[Status]{'id': 15, 'coordinate': [370.98704442354307, 168.545116968113]}
2019-09-05_11:12:31.228[Status]Routing 34: Walk: 25
2019-09-05_11:12:31.328[Battery Energy]110.87
2019-09-05_11:12:31.328[Status]Routing Start.
2019-09-05_11:12:31.794[Status]{'id': 15, 'coordinate': [380.9865262004848, 168.64692164683754]}
2019-09-05_11:12:31.794[Status]Routing 35: Walk: 26
2019-09-05_11:12:31.909[Battery Energy]110.52
2019-09-05_11:12:31.909[Status]Routing Start.
2019-09-05_11:12:32.235[Status]{'id': 15, 'coordinate': [390.9860079774265, 168.74872632556205]}
2019-09-05_11:12:32.236[Status]Routing 36: Walk: 27
2019-09-05_11:12:32.336[Battery Energy]110.21
2019-09-05_11:12:32.336[Status]Routing Start.
2019-09-05_11:12:32.704[Status]{'id': 15, 'coordinate': [400.9854897543682, 168.85053100428655]}
2019-09-05_11:12:32.704[Status]Routing 37: Walk: 28
2019-09-05_11:12:32.807[Battery Energy]109.87
2019-09-05_11:12:32.807[Status]Routing Start.
2019-09-05_11:12:33.194[Status]{'id': 15, 'coordinate': [410.9849715313099, 168.95233568301109]}
2019-09-05_11:12:33.196[Status]Routing 38: Walk: 29
2019-09-05_11:12:33.296[Battery Energy]109.52
2019-09-05_11:12:33.296[Status]Routing Start.
2019-09-05_11:12:33.672[Status]{'id': 15, 'coordinate': [420.9844533082516, 169.0541403617356]}
2019-09-05_11:12:33.672[Status]Routing 39: Walk: 30
2019-09-05_11:12:33.773[Battery Energy]109.19
2019-09-05_11:12:33.773[Status]Routing Start.
2019-09-05_11:12:34.114[Status]{'id': 15, 'coordinate': [430.9839350851933, 169.15594504046013]}
2019-09-05_11:12:34.114[Status]Routing 40: Walk: 31
2019-09-05_11:12:34.217[Battery Energy]108.86
2019-09-05_11:12:34.217[Status]Routing Start.
2019-09-05_11:12:34.577[Status]{'id': 15, 'coordinate': [440.983416862135, 169.25774971918463]}
2019-09-05_11:12:34.577[Status]Routing 41: Walk: 32
2019-09-05_11:12:34.677[Battery Energy]108.49
2019-09-05_11:12:34.677[Status]Routing Start.
2019-09-05_11:12:35.038[Status]{'id': 15, 'coordinate': [450.9828986390767, 169.35955439790916]}
2019-09-05_11:12:35.038[Status]Routing 42: Walk: 33
2019-09-05_11:12:35.139[Battery Energy]108.12
2019-09-05_11:12:35.139[Status]Routing Start.
2019-09-05_11:12:35.336[Status]{'id': 15, 'coordinate': [460.98238041601843, 169.46135907663367]}
2019-09-05_11:12:35.337[Status]Routing 43: Walk: 34
2019-09-05_11:12:35.453[Battery Energy]107.89
2019-09-05_11:12:35.453[Status]Routing Start.
2019-09-05_11:12:35.738[Status]{'id': 15, 'coordinate': [470.98186219296014, 169.5631637553582]}
2019-09-05_11:12:35.738[Status]Routing 44: Walk: 35
2019-09-05_11:12:35.841[Battery Energy]107.64
2019-09-05_11:12:35.841[Status]Routing Start.
2019-09-05_11:12:36.031[Status]{'id': 15, 'coordinate': [480.98134396990184, 169.6649684340827]}
2019-09-05_11:12:36.032[Status]Routing 45: Walk: 36
2019-09-05_11:12:36.145[Battery Energy]107.41
2019-09-05_11:12:36.145[Status]Routing Start.
2019-09-05_11:12:36.331[Status]{'id': 15, 'coordinate': [490.98082574684355, 169.76677311280724]}
2019-09-05_11:12:36.331[Status]Routing 46: Walk: 37
2019-09-05_11:12:36.447[Battery Energy]107.16
2019-09-05_11:12:36.447[Status]Routing Start.
2019-09-05_11:12:36.609[Status]{'id': 15, 'coordinate': [500.98030752378526, 169.86857779153175]}
2019-09-05_11:12:36.609[Status]Routing 47: Walk: 38
2019-09-05_11:12:36.721[Battery Energy]106.94
2019-09-05_11:12:36.721[Status]Routing Start.
2019-09-05_11:12:37.053[Status]{'id': 15, 'coordinate': [510.97978930072696, 169.97038247025628]}
2019-09-05_11:12:37.053[Status]Routing 48: Walk: 39
2019-09-05_11:12:37.153[Battery Energy]106.65
2019-09-05_11:12:37.153[Status]Routing Start.
2019-09-05_11:12:37.505[Status]{'id': 15, 'coordinate': [520.9792710776687, 170.0721871489808]}
2019-09-05_11:12:37.505[Status]Routing 49: Walk: 40
2019-09-05_11:12:37.609[Battery Energy]106.34
2019-09-05_11:12:37.609[Status]Routing Start.
2019-09-05_11:12:37.885[Status]{'id': 15, 'coordinate': [530.9787528546104, 170.17399182770532]}
2019-09-05_11:12:37.889[Status]Routing 50: Walk: 41
2019-09-05_11:12:37.989[Battery Energy]106.06
2019-09-05_11:12:37.989[Status]Routing Start.
2019-09-05_11:12:38.161[Status]{'id': 15, 'coordinate': [540.9782346315521, 170.27579650642983]}
2019-09-05_11:12:38.161[Status]Routing 51: Walk: 42
2019-09-05_11:12:38.266[Battery Energy]105.85
2019-09-05_11:12:38.266[Status]Routing Start.
2019-09-05_11:12:38.497[Status]{'id': 15, 'coordinate': [550.9777164084938, 170.37760118515436]}
2019-09-05_11:12:38.497[Status]Routing 52: Walk: 43
2019-09-05_11:12:38.609[Battery Energy]105.64
2019-09-05_11:12:38.609[Status]Routing Start.
2019-09-05_11:12:38.933[Status]{'id': 15, 'coordinate': [560.9771981854356, 170.47940586387887]}
2019-09-05_11:12:38.933[Status]Routing 53: Walk: 44
2019-09-05_11:12:39.049[Battery Energy]105.39
2019-09-05_11:12:39.049[Status]Routing Start.
2019-09-05_11:12:39.225[Status]{'id': 15, 'coordinate': [570.9766799623773, 170.5812105426034]}
2019-09-05_11:12:39.225[Status]Routing 54: Walk: 45
2019-09-05_11:12:39.337[Battery Energy]105.19
2019-09-05_11:12:39.337[Status]Routing Start.
2019-09-05_11:12:39.550[Status]{'id': 15, 'coordinate': [580.976161739319, 170.6830152213279]}
2019-09-05_11:12:39.550[Status]Routing 55: Walk: 46
2019-09-05_11:12:39.660[Battery Energy]104.96
2019-09-05_11:12:39.660[Status]Routing Start.
2019-09-05_11:12:39.807[Status]{'id': 15, 'coordinate': [590.9756435162607, 170.78481990005244]}
2019-09-05_11:12:39.807[Status]Routing 56: Walk: 47
2019-09-05_11:12:39.917[Battery Energy]104.78
2019-09-05_11:12:39.917[Status]Routing Start.
2019-09-05_11:12:40.283[Status]{'id': 15, 'coordinate': [600.9751252932024, 170.88662457877695]}
2019-09-05_11:12:40.283[Status]Routing 57: Walk: 48
2019-09-05_11:12:40.393[Battery Energy]104.45
2019-09-05_11:12:40.393[Status]Routing Start.
2019-09-05_11:12:40.782[Status]{'id': 15, 'coordinate': [610.9746070701441, 170.98842925750148]}
2019-09-05_11:12:40.790[Status]Routing 58: Walk: 49
2019-09-05_11:12:40.895[Battery Energy]104.13
2019-09-05_11:12:40.895[Status]Routing Start.
2019-09-05_11:12:41.218[Status]{'id': 15, 'coordinate': [620.9740888470858, 171.09023393622599]}
2019-09-05_11:12:41.218[Status]Routing 59: Walk: 50
2019-09-05_11:12:41.322[Battery Energy]103.82
2019-09-05_11:12:41.322[Status]Routing Start.
2019-09-05_11:12:41.724[Status]{'id': 15, 'coordinate': [630.9735706240275, 171.19203861495052]}
2019-09-05_11:12:41.724[Status]Routing 60: Walk: 51
2019-09-05_11:12:41.832[Battery Energy]103.47
2019-09-05_11:12:41.832[Status]Routing Start.
2019-09-05_11:12:42.028[Status]{'id': 15, 'coordinate': [640.9730524009692, 171.29384329367502]}
2019-09-05_11:12:42.028[Status]Routing 61: Walk: 52
2019-09-05_11:12:42.131[Battery Energy]103.25
2019-09-05_11:12:42.131[Status]Routing Start.
2019-09-05_11:12:42.304[Status]{'id': 15, 'coordinate': [650.9725341779109, 171.39564797239956]}
2019-09-05_11:12:42.304[Status]Routing 62: Walk: 53
2019-09-05_11:12:42.415[Battery Energy]103.02
2019-09-05_11:12:42.415[Status]Routing Start.
2019-09-05_11:12:42.596[Status]{'id': 15, 'coordinate': [660.9720159548526, 171.49745265112406]}
2019-09-05_11:12:42.596[Status]Routing 63: Walk: 54
2019-09-05_11:12:42.713[Battery Energy]102.80
2019-09-05_11:12:42.713[Status]Routing Start.
2019-09-05_11:12:42.919[Status]{'id': 15, 'coordinate': [670.9714977317943, 171.5992573298486]}
2019-09-05_11:12:42.920[Status]Routing 64: Walk: 55
2019-09-05_11:12:43.025[Battery Energy]102.60
2019-09-05_11:12:43.025[Status]Routing Start.
2019-09-05_11:12:43.353[Status]{'id': 15, 'coordinate': [680.970979508736, 171.7010620085731]}
2019-09-05_11:12:43.353[Status]Routing 65: Walk: 56
2019-09-05_11:12:43.465[Battery Energy]102.37
2019-09-05_11:12:43.465[Status]Routing Start.
2019-09-05_11:12:43.647[Status]{'id': 15, 'coordinate': [690.9704612856777, 171.80286668729764]}
2019-09-05_11:12:43.647[Status]Routing 66: Walk: 57
2019-09-05_11:12:43.761[Battery Energy]102.14
2019-09-05_11:12:43.761[Status]Routing Start.
2019-09-05_11:12:44.129[Status]{'id': 15, 'coordinate': [700.9699430626194, 171.90467136602214]}
2019-09-05_11:12:44.129[Status]Routing 67: Walk: 58
2019-09-05_11:12:44.252[Battery Energy]101.83
2019-09-05_11:12:44.252[Status]Routing Start.
2019-09-05_11:12:44.475[Status]{'id': 15, 'coordinate': [710.9694248395612, 172.00647604474668]}
2019-09-05_11:12:44.475[Status]Routing 68: Walk: 59
2019-09-05_11:12:44.581[Battery Energy]101.63
2019-09-05_11:12:44.581[Status]Routing Start.
2019-09-05_11:12:44.750[Status]{'id': 15, 'coordinate': [720.9689066165029, 172.10828072347118]}
2019-09-05_11:12:44.750[Status]Routing 69: Walk: 60
2019-09-05_11:12:44.857[Battery Energy]101.44
2019-09-05_11:12:44.857[Status]Routing Start.
2019-09-05_11:12:45.063[Status]{'id': 15, 'coordinate': [730.9683883934446, 172.21008540219572]}
2019-09-05_11:12:45.063[Status]Routing 70: Walk: 61
2019-09-05_11:12:45.166[Battery Energy]101.20
2019-09-05_11:12:45.166[Status]Routing Start.
2019-09-05_11:12:45.371[Status]{'id': 15, 'coordinate': [740.9678701703863, 172.31189008092022]}
2019-09-05_11:12:45.371[Status]Routing 71: Walk: 62
2019-09-05_11:12:45.481[Battery Energy]100.96
2019-09-05_11:12:45.481[Status]Routing Start.
2019-09-05_11:12:45.749[Status]{'id': 15, 'coordinate': [750.967351947328, 172.41369475964476]}
2019-09-05_11:12:45.749[Status]Routing 72: Walk: 63
2019-09-05_11:12:45.849[Battery Energy]100.68
2019-09-05_11:12:45.849[Status]Routing Start.
2019-09-05_11:12:46.038[Status]{'id': 15, 'coordinate': [760.9668337242697, 172.51549943836926]}
2019-09-05_11:12:46.038[Status]Routing 73: Walk: 64
2019-09-05_11:12:46.186[Battery Energy]100.45
2019-09-05_11:12:46.186[Status]Routing Start.
2019-09-05_11:12:46.376[Status]{'id': 15, 'coordinate': [770.9663155012114, 172.6173041170938]}
2019-09-05_11:12:46.376[Status]Routing 74: Walk: 65
2019-09-05_11:12:46.485[Battery Energy]100.23
2019-09-05_11:12:46.485[Status]Routing Start.
2019-09-05_11:12:46.702[Status]{'id': 15, 'coordinate': [780.9657972781531, 172.7191087958183]}
2019-09-05_11:12:46.702[Status]Routing 75: Walk: 66
2019-09-05_11:12:46.802[Battery Energy]99.99
2019-09-05_11:12:46.802[Status]Routing Start.
2019-09-05_11:12:47.047[Status]{'id': 15, 'coordinate': [790.9652790550948, 172.82091347454283]}
2019-09-05_11:12:47.050[Status]Routing 76: Walk: 67
2019-09-05_11:12:47.150[Battery Energy]99.74
2019-09-05_11:12:47.150[Status]Routing Start.
2019-09-05_11:12:47.330[Status]{'id': 15, 'coordinate': [800.9647608320365, 172.92271815326734]}
2019-09-05_11:12:47.330[Status]Routing 77: Walk: 68
2019-09-05_11:12:47.431[Battery Energy]99.51
2019-09-05_11:12:47.431[Status]Routing Start.
2019-09-05_11:12:47.690[Status]{'id': 15, 'coordinate': [810.9642426089782, 173.02452283199187]}
2019-09-05_11:12:47.690[Status]Routing 78: Walk: 69
2019-09-05_11:12:47.801[Battery Energy]99.23
2019-09-05_11:12:47.801[Status]Routing Start.
2019-09-05_11:12:48.012[Status]{'id': 15, 'coordinate': [820.9637243859199, 173.12632751071638]}
2019-09-05_11:12:48.012[Status]Routing 79: Walk: 70
2019-09-05_11:12:48.112[Battery Energy]98.99
2019-09-05_11:12:48.112[Status]Routing Start.
2019-09-05_11:12:48.284[Status]{'id': 15, 'coordinate': [830.9632061628616, 173.2281321894409]}
2019-09-05_11:12:48.284[Status]Routing 80: Walk: 71
2019-09-05_11:12:48.397[Battery Energy]98.75
2019-09-05_11:12:48.397[Status]Routing Start.
2019-09-05_11:12:48.644[Status]{'id': 15, 'coordinate': [840.9626879398033, 173.32993686816542]}
2019-09-05_11:12:48.644[Status]Routing 81: Walk: 72
2019-09-05_11:12:48.744[Battery Energy]98.48
2019-09-05_11:12:48.744[Status]Routing Start.
2019-09-05_11:12:49.107[Status]{'id': 15, 'coordinate': [850.962169716745, 173.43174154688995]}
2019-09-05_11:12:49.107[Status]Routing 82: Walk: 73
2019-09-05_11:12:49.213[Battery Energy]98.24
2019-09-05_11:12:49.213[Status]Routing Start.
2019-09-05_11:12:49.403[Status]{'id': 15, 'coordinate': [860.9616514936868, 173.53354622561446]}
2019-09-05_11:12:49.403[Status]Routing 83: Walk: 74
2019-09-05_11:12:49.505[Battery Energy]98.02
2019-09-05_11:12:49.505[Status]Routing Start.
2019-09-05_11:12:49.735[Status]{'id': 15, 'coordinate': [870.9611332706285, 173.635350904339]}
2019-09-05_11:12:49.735[Status]Routing 84: Walk: 75
2019-09-05_11:12:49.835[Battery Energy]97.80
2019-09-05_11:12:49.836[Status]Routing Start.
2019-09-05_11:12:50.187[Status]{'id': 15, 'coordinate': [880.9606150475702, 173.7371555830635]}
2019-09-05_11:12:50.187[Status]Routing 85: Walk: 76
2019-09-05_11:12:50.296[Battery Energy]97.52
2019-09-05_11:12:50.297[Status]Routing Start.
2019-09-05_11:12:50.658[Status]{'id': 15, 'coordinate': [890.9600968245119, 173.83896026178803]}
2019-09-05_11:12:50.658[Status]Routing 86: Walk: 77
2019-09-05_11:12:50.758[Battery Energy]97.17
2019-09-05_11:12:50.758[Status]Routing Start.
2019-09-05_11:12:50.964[Status]{'id': 15, 'coordinate': [900.9595786014536, 173.94076494051254]}
2019-09-05_11:12:50.964[Status]Routing 87: Walk: 78
2019-09-05_11:12:51.073[Battery Energy]96.94
2019-09-05_11:12:51.073[Status]Routing Start.
2019-09-05_11:12:51.272[Status]{'id': 15, 'coordinate': [910.9590603783953, 174.04256961923707]}
2019-09-05_11:12:51.272[Status]Routing 88: Walk: 79
2019-09-05_11:12:51.401[Battery Energy]96.71
2019-09-05_11:12:51.401[Status]Routing Start.
2019-09-05_11:12:51.599[Status]{'id': 15, 'coordinate': [920.958542155337, 174.14437429796158]}
2019-09-05_11:12:51.600[Status]Routing 89: Walk: 80
2019-09-05_11:12:51.700[Battery Energy]96.47
2019-09-05_11:12:51.700[Status]Routing Start.
2019-09-05_11:12:51.890[Status]{'id': 15, 'coordinate': [930.9580239322787, 174.2461789766861]}
2019-09-05_11:12:51.890[Status]Routing 90: Walk: 81
2019-09-05_11:12:51.991[Battery Energy]96.29
2019-09-05_11:12:51.991[Status]Routing Start.
2019-09-05_11:12:52.157[Status]{'id': 15, 'coordinate': [940.9575057092204, 174.34798365541062]}
2019-09-05_11:12:52.157[Status]Routing 91: Walk: 82
2019-09-05_11:12:52.265[Battery Energy]96.08
2019-09-05_11:12:52.265[Status]Routing Start.
2019-09-05_11:12:52.504[Status]{'id': 15, 'coordinate': [950.9569874861621, 174.44978833413515]}
2019-09-05_11:12:52.507[Status]Routing 92: Walk: 83
2019-09-05_11:12:52.633[Battery Energy]95.82
2019-09-05_11:12:52.633[Status]Routing Start.
2019-09-05_11:12:52.867[Status]{'id': 15, 'coordinate': [960.9564692631038, 174.55159301285966]}
2019-09-05_11:12:52.867[Status]Routing 93: Walk: 84
2019-09-05_11:12:52.981[Battery Energy]95.59
2019-09-05_11:12:52.981[Status]Routing Start.
2019-09-05_11:12:53.244[Status]{'id': 15, 'coordinate': [970.9559510400455, 174.6533976915842]}
2019-09-05_11:12:53.244[Status]Routing 94: Walk: 85
2019-09-05_11:12:53.353[Battery Energy]95.33
2019-09-05_11:12:53.353[Status]Routing Start.
2019-09-05_11:12:53.604[Status]{'id': 15, 'coordinate': [980.9554328169872, 174.7552023703087]}
2019-09-05_11:12:53.604[Status]Routing 95: Walk: 86
2019-09-05_11:12:53.704[Battery Energy]95.08
2019-09-05_11:12:53.704[Status]Routing Start.
2019-09-05_11:12:53.898[Status]{'id': 15, 'coordinate': [990.954914593929, 174.8570070490332]}
2019-09-05_11:12:53.898[Status]Routing 96: Walk: 87
2019-09-05_11:12:54.009[Battery Energy]94.87
2019-09-05_11:12:54.009[Status]Routing Start.
2019-09-05_11:12:54.258[Status]{'id': 15, 'coordinate': [1000.9543963708707, 174.95881172775773]}
2019-09-05_11:12:54.258[Status]Routing 97: Walk: 88
2019-09-05_11:12:54.359[Battery Energy]94.63
2019-09-05_11:12:54.359[Status]Routing Start.
2019-09-05_11:12:54.359[Status]Task Finished.
2019-09-05_11:12:54.459[Battery Energy]94.63
2019-09-05_11:12:54.641[Status]Routing 99: Walk: 88
2019-09-05_11:12:54.761[Battery Energy]94.51
2019-09-05_11:12:54.961[Status]Routing 100: Walk: 88
2019-09-05_11:12:55.073[Battery Energy]94.39
2019-09-05_11:12:55.402[Status]Routing 101: Walk: 88
2019-09-05_11:12:55.502[Battery Energy]94.20
2019-09-05_11:12:55.711[Status]Routing 102: Walk: 88
2019-09-05_11:12:55.817[Battery Energy]94.09
2019-09-05_11:12:56.125[Status]Routing 103: Walk: 88
2019-09-05_11:12:56.281[Battery Energy]93.89
2019-09-05_11:12:56.473[Status]Routing 104: Walk: 88
2019-09-05_11:12:56.577[Battery Energy]93.76
2019-09-05_11:12:56.902[Status]Routing 105: Walk: 88
2019-09-05_11:12:57.004[Battery Energy]93.58
2019-09-05_11:12:57.388[Status]Routing 106: Walk: 88
2019-09-05_11:12:57.488[Battery Energy]93.38
2019-09-05_11:12:57.826[Status]Routing 107: Walk: 88
2019-09-05_11:12:57.927[Battery Energy]93.21
2019-09-05_11:12:58.273[Status]Routing 108: Walk: 88
2019-09-05_11:12:58.374[Battery Energy]92.97
2019-09-05_11:12:58.699[Status]Routing 109: Walk: 88
2019-09-05_11:12:58.807[Battery Energy]92.72
2019-09-05_11:12:59.166[Status]Routing 110: Walk: 88
2019-09-05_11:12:59.269[Battery Energy]92.47
2019-09-05_11:12:59.623[Status]Routing 111: Walk: 88
2019-09-05_11:12:59.724[Battery Energy]92.29
2019-09-05_11:13:00.162[Status]Routing 112: Walk: 88
2019-09-05_11:13:00.265[Battery Energy]92.00
2019-09-05_11:13:00.571[Status]Routing 113: Walk: 88
2019-09-05_11:13:00.676[Battery Energy]91.77
2019-09-05_11:13:01.034[Status]Routing 114: Walk: 88
2019-09-05_11:13:01.135[Battery Energy]91.56
2019-09-05_11:13:01.458[Status]Routing 115: Walk: 88
2019-09-05_11:13:01.569[Battery Energy]91.31
2019-09-05_11:13:01.838[Status]Routing 116: Walk: 88
2019-09-05_11:13:01.938[Battery Energy]91.16
2019-09-05_11:13:02.313[Status]Routing 117: Walk: 88
2019-09-05_11:13:02.429[Battery Energy]90.90
2019-09-05_11:13:02.748[Status]Routing 118: Walk: 88
2019-09-05_11:13:02.857[Battery Energy]90.71
2019-09-05_11:13:03.291[Status]Routing 119: Walk: 88
2019-09-05_11:13:03.395[Battery Energy]90.46
2019-09-05_11:13:03.797[Status]Routing 120: Walk: 88
2019-09-05_11:13:03.909[Battery Energy]90.22
2019-09-05_11:13:04.388[Status]Routing 121: Walk: 88
2019-09-05_11:13:04.493[Battery Energy]89.89
2019-09-05_11:13:04.771[Status]Routing 122: Walk: 88
2019-09-05_11:13:04.871[Battery Energy]89.70
2019-09-05_11:13:05.118[Status]Routing 123: Walk: 88
2019-09-05_11:13:05.218[Battery Energy]89.55
2019-09-05_11:13:05.475[Status]Routing 124: Walk: 88
2019-09-05_11:13:05.585[Battery Energy]89.37
2019-09-05_11:13:05.749[Status]Routing 125: Walk: 88
2019-09-05_11:13:05.850[Battery Energy]89.23
2019-09-05_11:13:06.139[Status]Routing 126: Walk: 88
2019-09-05_11:13:06.241[Battery Energy]88.98
2019-09-05_11:13:06.453[Status]Routing 127: Walk: 88
2019-09-05_11:13:06.553[Battery Energy]88.86
2019-09-05_11:13:06.852[Status]Routing 128: Walk: 88
2019-09-05_11:13:06.960[Battery Energy]88.68
2019-09-05_11:13:07.265[Status]Routing 129: Walk: 88
2019-09-05_11:13:07.367[Battery Energy]88.50
2019-09-05_11:13:07.634[Status]Routing 130: Walk: 88
2019-09-05_11:13:07.741[Battery Energy]88.33
2019-09-05_11:13:07.969[Status]Routing 131: Walk: 88
2019-09-05_11:13:08.069[Battery Energy]88.14
2019-09-05_11:13:08.416[Status]Routing 132: Walk: 88
2019-09-05_11:13:08.517[Battery Energy]88.03
2019-09-05_11:13:08.819[Status]Routing 133: Walk: 88
2019-09-05_11:13:08.925[Battery Energy]87.87
2019-09-05_11:13:09.210[Status]Routing 134: Walk: 88
2019-09-05_11:13:09.321[Battery Energy]87.67
2019-09-05_11:13:09.538[Status]Routing 135: Walk: 88
2019-09-05_11:13:09.638[Battery Energy]87.54
2019-09-05_11:13:09.845[Status]Routing 136: Walk: 88
2019-09-05_11:13:09.957[Battery Energy]87.39
2019-09-05_11:13:10.177[Status]Routing 137: Walk: 88
2019-09-05_11:13:10.285[Battery Energy]87.23
2019-09-05_11:13:10.470[Status]Routing 138: Walk: 88
2019-09-05_11:13:10.570[Battery Energy]87.09
2019-09-05_11:13:10.852[Status]Routing 139: Walk: 88
2019-09-05_11:13:10.965[Battery Energy]86.89
2019-09-05_11:13:11.166[Status]Routing 140: Walk: 88
2019-09-05_11:13:11.269[Battery Energy]86.77
2019-09-05_11:13:11.544[Status]Routing 141: Walk: 88
2019-09-05_11:13:11.657[Battery Energy]86.62
2019-09-05_11:13:11.865[Status]Routing 142: Walk: 88
2019-09-05_11:13:11.965[Battery Energy]86.48
2019-09-05_11:13:12.218[Status]Routing 143: Walk: 88
2019-09-05_11:13:12.318[Battery Energy]86.30
2019-09-05_11:13:12.754[Status]Routing 144: Walk: 88
2019-09-05_11:13:12.865[Battery Energy]86.06
2019-09-05_11:13:13.005[Status]Routing 145: Walk: 88
2019-09-05_11:13:13.117[Battery Energy]85.97
2019-09-05_11:13:13.513[Status]Routing 146: Walk: 88
2019-09-05_11:13:13.617[Battery Energy]85.76
2019-09-05_11:13:13.884[Status]Routing 147: Walk: 88
2019-09-05_11:13:14.000[Battery Energy]85.58
2019-09-05_11:13:14.232[Status]Routing 148: Walk: 88
2019-09-05_11:13:14.332[Battery Energy]85.42
2019-09-05_11:13:14.548[Status]Routing 149: Walk: 88
2019-09-05_11:13:14.657[Battery Energy]85.30
2019-09-05_11:13:14.874[Status]Routing 150: Walk: 88
2019-09-05_11:13:14.981[Battery Energy]85.13
2019-09-05_11:13:15.333[Status]Routing 151: Walk: 88
2019-09-05_11:13:15.445[Battery Energy]84.94
2019-09-05_11:13:15.613[Status]Routing 152: Walk: 88
2019-09-05_11:13:15.717[Battery Energy]84.83
2019-09-05_11:13:15.952[Status]Routing 153: Walk: 88
2019-09-05_11:13:16.061[Battery Energy]84.70
2019-09-05_11:13:16.305[Status]Routing 154: Walk: 88
2019-09-05_11:13:16.409[Battery Energy]84.54
2019-09-05_11:13:16.614[Status]Routing 155: Walk: 88
2019-09-05_11:13:16.721[Battery Energy]84.39
2019-09-05_11:13:16.915[Status]Routing 156: Walk: 88
2019-09-05_11:13:17.021[Battery Energy]84.25
