2019-09-05_11:12:07.643[Status]Start.
2019-09-05_11:12:07.644[Battery Energy]123.00
2019-09-05_11:12:08.746[Battery Energy]122.96
2019-09-05_11:12:09.847[Battery Energy]122.92
2019-09-05_11:12:10.948[Battery Energy]122.88
2019-09-05_11:12:12.049[Battery Energy]122.84
2019-09-05_11:12:13.150[Task]A New Task Released.
2019-09-05_11:12:13.150[Battery Energy]122.80
2019-09-05_11:12:13.150[Status]Selection Start.
2019-09-05_11:12:15.782[Status]Selection End: Do Task 1.
2019-09-05_11:12:15.883[Battery Energy]121.11
2019-09-05_11:12:15.883[Status]Formation Start.
2019-09-05_11:12:16.073[Status]Formation End: To Position 3.
2019-09-05_11:12:16.173[Battery Energy]120.97
2019-09-05_11:12:16.174[Status]Routing Start.
2019-09-05_11:12:16.309[Status]{'coordinate': [67.80038076645775, 531.9880987984617], 'id': 9}
2019-09-05_11:12:16.310[Status]Routing 1: Walk: 1
2019-09-05_11:12:16.413[Battery Energy]120.76
2019-09-05_11:12:16.413[Status]Routing Start.
2019-09-05_11:12:16.562[Status]{'coordinate': [77.6007615329155, 533.9761975969234], 'id': 9}
2019-09-05_11:12:16.562[Status]Routing 2: Walk: 2
2019-09-05_11:12:16.663[Battery Energy]120.56
2019-09-05_11:12:16.663[Status]Routing Start.
2019-09-05_11:12:16.901[Status]{'coordinate': [87.40114229937325, 535.9642963953851], 'id': 9}
2019-09-05_11:12:16.901[Status]Routing 3: Walk: 3
2019-09-05_11:12:17.013[Battery Energy]120.35
2019-09-05_11:12:17.013[Status]Routing Start.
2019-09-05_11:12:17.198[Status]{'coordinate': [97.201523065831, 537.9523951938468], 'id': 9}
2019-09-05_11:12:17.198[Status]Routing 4: Walk: 4
2019-09-05_11:12:17.317[Battery Energy]120.12
2019-09-05_11:12:17.317[Status]Routing Start.
2019-09-05_11:12:17.544[Status]{'coordinate': [107.00190383228875, 539.9404939923085], 'id': 9}
2019-09-05_11:12:17.544[Status]Routing 5: Walk: 5
2019-09-05_11:12:17.645[Battery Energy]119.93
2019-09-05_11:12:17.645[Status]Routing Start.
2019-09-05_11:12:17.991[Status]{'coordinate': [116.8022845987465, 541.9285927907702], 'id': 9}
2019-09-05_11:12:17.992[Status]Routing 6: Walk: 6
2019-09-05_11:12:18.092[Battery Energy]119.63
2019-09-05_11:12:18.092[Status]Routing Start.
2019-09-05_11:12:18.612[Status]Routing 7: Walk: 6
2019-09-05_11:12:18.733[Battery Energy]119.25
2019-09-05_11:12:18.733[Status]Routing Start.
2019-09-05_11:12:19.267[Status]Routing 8: Walk: 6
2019-09-05_11:12:19.369[Battery Energy]118.87
2019-09-05_11:12:19.369[Status]Routing Start.
2019-09-05_11:12:19.825[Status]Routing 9: Walk: 6
2019-09-05_11:12:19.925[Battery Energy]118.54
2019-09-05_11:12:19.926[Status]Routing Start.
2019-09-05_11:12:20.527[Status]Routing 10: Walk: 6
2019-09-05_11:12:20.627[Battery Energy]118.04
2019-09-05_11:12:20.627[Status]Routing Start.
2019-09-05_11:12:21.090[Status]{'coordinate': [115.66248018423553, 551.863422728754], 'id': 9}
2019-09-05_11:12:21.090[Status]Routing 11: Walk: 7
2019-09-05_11:12:21.190[Battery Energy]117.60
2019-09-05_11:12:21.190[Status]Routing Start.
2019-09-05_11:12:21.740[Status]{'coordinate': [110.69249028113562, 560.5409339135975], 'id': 9}
2019-09-05_11:12:21.741[Status]Routing 12: Walk: 8
2019-09-05_11:12:21.852[Battery Energy]117.07
2019-09-05_11:12:21.852[Status]Routing Start.
2019-09-05_11:12:22.197[Status]{'coordinate': [107.75918771155143, 570.1010456302706], 'id': 9}
2019-09-05_11:12:22.199[Status]Routing 13: Walk: 9
2019-09-05_11:12:22.299[Battery Energy]116.67
2019-09-05_11:12:22.299[Status]Routing Start.
2019-09-05_11:12:22.658[Status]{'coordinate': [103.84438862582952, 579.3029121864879], 'id': 9}
2019-09-05_11:12:22.658[Status]Routing 14: Walk: 10
2019-09-05_11:12:22.758[Battery Energy]116.31
2019-09-05_11:12:22.759[Status]Routing Start.
2019-09-05_11:12:22.953[Status]{'coordinate': [113.71398099115271, 580.9126160543948], 'id': 9}
2019-09-05_11:12:22.953[Status]Routing 15: Walk: 11
2019-09-05_11:12:23.054[Battery Energy]116.09
2019-09-05_11:12:23.054[Status]Routing Start.
2019-09-05_11:12:23.390[Status]{'coordinate': [123.58357335647588, 582.5223199223017], 'id': 9}
2019-09-05_11:12:23.390[Status]Routing 16: Walk: 12
2019-09-05_11:12:23.490[Battery Energy]115.76
2019-09-05_11:12:23.490[Status]Routing Start.
2019-09-05_11:12:24.171[Status]{'coordinate': [127.43167815208487, 591.7522760154807], 'id': 9}
2019-09-05_11:12:24.172[Status]Routing 17: Walk: 13
2019-09-05_11:12:24.272[Battery Energy]115.26
2019-09-05_11:12:24.272[Status]Routing Start.
2019-09-05_11:12:24.452[Status]{'coordinate': [137.31465825823372, 593.2776298175431], 'id': 9}
2019-09-05_11:12:24.452[Status]Routing 18: Walk: 14
2019-09-05_11:12:24.561[Battery Energy]115.03
2019-09-05_11:12:24.561[Status]Routing Start.
2019-09-05_11:12:24.920[Status]{'coordinate': [147.19763836438256, 594.8029836196056], 'id': 9}
2019-09-05_11:12:24.921[Status]Routing 19: Walk: 15
2019-09-05_11:12:25.029[Battery Energy]114.71
2019-09-05_11:12:25.029[Status]Routing Start.
2019-09-05_11:12:25.407[Status]{'coordinate': [157.0806184705314, 596.328337421668], 'id': 9}
2019-09-05_11:12:25.408[Status]Routing 20: Walk: 16
2019-09-05_11:12:25.508[Battery Energy]114.34
2019-09-05_11:12:25.508[Status]Routing Start.
2019-09-05_11:12:25.858[Status]{'coordinate': [166.96359857668023, 597.8536912237305], 'id': 9}
2019-09-05_11:12:25.858[Status]Routing 21: Walk: 17
2019-09-05_11:12:25.989[Battery Energy]114.02
2019-09-05_11:12:25.989[Status]Routing Start.
2019-09-05_11:12:26.123[Status]{'coordinate': [176.84657868282906, 599.379045025793], 'id': 9}
2019-09-05_11:12:26.123[Status]Routing 22: Walk: 18
2019-09-05_11:12:26.233[Battery Energy]113.81
2019-09-05_11:12:26.233[Status]Routing Start.
2019-09-05_11:12:26.592[Status]{'coordinate': [186.7295587889779, 600.9043988278554], 'id': 9}
2019-09-05_11:12:26.592[Status]Routing 23: Walk: 19
2019-09-05_11:12:26.693[Battery Energy]113.46
2019-09-05_11:12:26.693[Status]Routing Start.
2019-09-05_11:12:27.018[Status]{'coordinate': [196.61253889512673, 602.4297526299179], 'id': 9}
2019-09-05_11:12:27.018[Status]Routing 24: Walk: 20
2019-09-05_11:12:27.119[Battery Energy]113.14
2019-09-05_11:12:27.119[Status]Routing Start.
2019-09-05_11:12:27.478[Status]{'coordinate': [206.49551900127557, 603.9551064319802], 'id': 9}
2019-09-05_11:12:27.478[Status]Routing 25: Walk: 21
2019-09-05_11:12:27.589[Battery Energy]112.86
2019-09-05_11:12:27.589[Status]Routing Start.
2019-09-05_11:12:27.911[Status]{'coordinate': [216.3784991074244, 605.4804602340427], 'id': 9}
2019-09-05_11:12:27.911[Status]Routing 26: Walk: 22
2019-09-05_11:12:28.012[Battery Energy]112.51
2019-09-05_11:12:28.012[Status]Routing Start.
2019-09-05_11:12:28.349[Status]{'coordinate': [226.26147921357324, 607.005814036105], 'id': 9}
2019-09-05_11:12:28.349[Status]Routing 27: Walk: 23
2019-09-05_11:12:28.449[Battery Energy]112.20
2019-09-05_11:12:28.449[Status]Routing Start.
2019-09-05_11:12:28.786[Status]{'coordinate': [236.14445931972207, 608.5311678381674], 'id': 9}
2019-09-05_11:12:28.787[Status]Routing 28: Walk: 24
2019-09-05_11:12:28.896[Battery Energy]111.91
2019-09-05_11:12:28.896[Status]Routing Start.
2019-09-05_11:12:29.208[Status]{'coordinate': [246.0274394258709, 610.0565216402298], 'id': 9}
2019-09-05_11:12:29.208[Status]Routing 29: Walk: 25
2019-09-05_11:12:29.308[Battery Energy]111.61
2019-09-05_11:12:29.308[Status]Routing Start.
2019-09-05_11:12:29.702[Status]{'coordinate': [255.91041953201974, 611.5818754422922], 'id': 9}
2019-09-05_11:12:29.702[Status]Routing 30: Walk: 26
2019-09-05_11:12:29.809[Battery Energy]111.32
2019-09-05_11:12:29.809[Status]Routing Start.
2019-09-05_11:12:29.986[Status]{'coordinate': [265.7933996381686, 613.1072292443546], 'id': 9}
2019-09-05_11:12:29.986[Status]Routing 31: Walk: 27
2019-09-05_11:12:30.086[Battery Energy]111.11
2019-09-05_11:12:30.087[Status]Routing Start.
2019-09-05_11:12:30.443[Status]{'coordinate': [275.67637974431744, 614.632583046417], 'id': 9}
2019-09-05_11:12:30.443[Status]Routing 32: Walk: 28
2019-09-05_11:12:30.553[Battery Energy]110.79
2019-09-05_11:12:30.553[Status]Routing Start.
2019-09-05_11:12:30.845[Status]{'coordinate': [285.5593598504663, 616.1579368484794], 'id': 9}
2019-09-05_11:12:30.845[Status]Routing 33: Walk: 29
2019-09-05_11:12:31.062[Battery Energy]110.51
2019-09-05_11:12:31.062[Status]Routing Start.
2019-09-05_11:12:31.224[Status]{'coordinate': [295.44233995661517, 617.6832906505418], 'id': 9}
2019-09-05_11:12:31.224[Status]Routing 34: Walk: 30
2019-09-05_11:12:31.329[Battery Energy]110.26
2019-09-05_11:12:31.329[Status]Routing Start.
2019-09-05_11:12:31.794[Status]{'coordinate': [305.32532006276404, 619.2086444526042], 'id': 9}
2019-09-05_11:12:31.795[Status]Routing 35: Walk: 31
2019-09-05_11:12:31.933[Battery Energy]109.92
2019-09-05_11:12:31.935[Status]Routing Start.
2019-09-05_11:12:32.229[Status]{'coordinate': [315.2083001689129, 620.7339982546666], 'id': 9}
2019-09-05_11:12:32.229[Status]Routing 36: Walk: 32
2019-09-05_11:12:32.329[Battery Energy]109.61
2019-09-05_11:12:32.329[Status]Routing Start.
2019-09-05_11:12:32.709[Status]{'coordinate': [325.09128027506176, 622.2593520567291], 'id': 9}
2019-09-05_11:12:32.709[Status]Routing 37: Walk: 33
2019-09-05_11:12:32.817[Battery Energy]109.25
2019-09-05_11:12:32.817[Status]Routing Start.
2019-09-05_11:12:33.193[Status]{'coordinate': [334.9742603812106, 623.7847058587914], 'id': 9}
2019-09-05_11:12:33.193[Status]Routing 38: Walk: 34
2019-09-05_11:12:33.293[Battery Energy]108.91
2019-09-05_11:12:33.294[Status]Routing Start.
2019-09-05_11:12:33.671[Status]{'coordinate': [344.8572404873595, 625.3100596608538], 'id': 9}
2019-09-05_11:12:33.671[Status]Routing 39: Walk: 35
2019-09-05_11:12:33.781[Battery Energy]108.57
2019-09-05_11:12:33.781[Status]Routing Start.
2019-09-05_11:12:34.120[Status]{'coordinate': [354.74022059350835, 626.8354134629162], 'id': 9}
2019-09-05_11:12:34.120[Status]Routing 40: Walk: 36
2019-09-05_11:12:34.228[Battery Energy]108.26
2019-09-05_11:12:34.228[Status]Routing Start.
2019-09-05_11:12:34.583[Status]{'coordinate': [364.6232006996572, 628.3607672649787], 'id': 9}
2019-09-05_11:12:34.583[Status]Routing 41: Walk: 37
2019-09-05_11:12:34.689[Battery Energy]107.93
2019-09-05_11:12:34.689[Status]Routing Start.
2019-09-05_11:12:35.042[Status]{'coordinate': [374.5061808058061, 629.886121067041], 'id': 9}
2019-09-05_11:12:35.042[Status]Routing 42: Walk: 38
2019-09-05_11:12:35.155[Battery Energy]107.61
2019-09-05_11:12:35.155[Status]Routing Start.
2019-09-05_11:12:35.336[Status]{'coordinate': [384.38916091195495, 631.4114748691034], 'id': 9}
2019-09-05_11:12:35.336[Status]Routing 43: Walk: 39
2019-09-05_11:12:35.449[Battery Energy]107.36
2019-09-05_11:12:35.449[Status]Routing Start.
2019-09-05_11:12:35.728[Status]{'coordinate': [394.2721410181038, 632.9368286711658], 'id': 9}
2019-09-05_11:12:35.728[Status]Routing 44: Walk: 40
2019-09-05_11:12:35.828[Battery Energy]107.11
2019-09-05_11:12:35.828[Status]Routing Start.
2019-09-05_11:12:36.036[Status]{'coordinate': [404.1551211242527, 634.4621824732283], 'id': 9}
2019-09-05_11:12:36.036[Status]Routing 45: Walk: 41
2019-09-05_11:12:36.149[Battery Energy]106.89
2019-09-05_11:12:36.149[Status]Routing Start.
2019-09-05_11:12:36.332[Status]{'coordinate': [414.03810123040154, 635.9875362752906], 'id': 9}
2019-09-05_11:12:36.332[Status]Routing 46: Walk: 42
2019-09-05_11:12:36.432[Battery Energy]106.68
2019-09-05_11:12:36.432[Status]Routing Start.
2019-09-05_11:12:36.730[Status]{'coordinate': [410.7944048557584, 645.4468403632839], 'id': 9}
2019-09-05_11:12:36.731[Status]Routing 47: Walk: 43
2019-09-05_11:12:36.831[Battery Energy]106.32
2019-09-05_11:12:36.831[Status]Routing Start.
2019-09-05_11:12:37.226[Status]{'coordinate': [412.3209204960024, 655.3296410796846], 'id': 9}
2019-09-05_11:12:37.226[Status]Routing 48: Walk: 44
2019-09-05_11:12:37.326[Battery Energy]105.91
2019-09-05_11:12:37.326[Status]Routing Start.
2019-09-05_11:12:37.510[Status]{'coordinate': [422.2421848784125, 656.5820439918178], 'id': 9}
2019-09-05_11:12:37.510[Status]Routing 49: Walk: 45
2019-09-05_11:12:37.617[Battery Energy]105.67
2019-09-05_11:12:37.617[Status]Routing Start.
2019-09-05_11:12:37.891[Status]{'coordinate': [432.16344926082263, 657.8344469039511], 'id': 9}
2019-09-05_11:12:37.895[Status]Routing 50: Walk: 46
2019-09-05_11:12:38.021[Battery Energy]105.38
2019-09-05_11:12:38.021[Status]Routing Start.
2019-09-05_11:12:38.162[Status]{'coordinate': [442.08471364323276, 659.0868498160843], 'id': 9}
2019-09-05_11:12:38.162[Status]Routing 51: Walk: 47
2019-09-05_11:12:38.307[Battery Energy]105.18
2019-09-05_11:12:38.307[Status]Routing Start.
2019-09-05_11:12:38.492[Status]{'coordinate': [452.0059780256429, 660.3392527282175], 'id': 9}
2019-09-05_11:12:38.492[Status]Routing 52: Walk: 48
2019-09-05_11:12:38.592[Battery Energy]104.96
2019-09-05_11:12:38.592[Status]Routing Start.
2019-09-05_11:12:38.932[Status]{'coordinate': [461.927242408053, 661.5916556403507], 'id': 9}
2019-09-05_11:12:38.932[Status]Routing 53: Walk: 49
2019-09-05_11:12:39.037[Battery Energy]104.66
2019-09-05_11:12:39.037[Status]Routing Start.
2019-09-05_11:12:39.221[Status]{'coordinate': [471.84850679046315, 662.844058552484], 'id': 9}
2019-09-05_11:12:39.221[Status]Routing 54: Walk: 50
2019-09-05_11:12:39.321[Battery Energy]104.46
2019-09-05_11:12:39.321[Status]Routing Start.
2019-09-05_11:12:39.548[Status]{'coordinate': [481.7697711728733, 664.0964614646172], 'id': 9}
2019-09-05_11:12:39.548[Status]Routing 55: Walk: 51
2019-09-05_11:12:39.648[Battery Energy]104.19
2019-09-05_11:12:39.648[Status]Routing Start.
2019-09-05_11:12:39.808[Status]{'coordinate': [491.6910355552834, 665.3488643767504], 'id': 9}
2019-09-05_11:12:39.808[Status]Routing 56: Walk: 52
2019-09-05_11:12:39.908[Battery Energy]103.99
2019-09-05_11:12:39.909[Status]Routing Start.
2019-09-05_11:12:40.288[Status]{'coordinate': [501.61229993769354, 666.6012672888836], 'id': 9}
2019-09-05_11:12:40.288[Status]Routing 57: Walk: 53
2019-09-05_11:12:40.388[Battery Energy]103.69
2019-09-05_11:12:40.388[Status]Routing Start.
2019-09-05_11:12:40.786[Status]{'coordinate': [511.53356432010366, 667.8536702010168], 'id': 9}
2019-09-05_11:12:40.790[Status]Routing 58: Walk: 54
2019-09-05_11:12:40.900[Battery Energy]103.32
2019-09-05_11:12:40.900[Status]Routing Start.
2019-09-05_11:12:41.218[Status]{'coordinate': [521.4548287025139, 669.10607311315], 'id': 9}
2019-09-05_11:12:41.218[Status]Routing 59: Walk: 55
2019-09-05_11:12:41.321[Battery Energy]103.01
2019-09-05_11:12:41.321[Status]Routing Start.
2019-09-05_11:12:41.726[Status]{'coordinate': [531.376093084924, 670.3584760252833], 'id': 9}
2019-09-05_11:12:41.728[Status]Routing 60: Walk: 56
2019-09-05_11:12:41.828[Battery Energy]102.69
2019-09-05_11:12:41.828[Status]Routing Start.
2019-09-05_11:12:42.032[Status]{'coordinate': [541.2973574673342, 671.6108789374165], 'id': 9}
2019-09-05_11:12:42.032[Status]Routing 61: Walk: 57
2019-09-05_11:12:42.149[Battery Energy]102.48
2019-09-05_11:12:42.149[Status]Routing Start.
2019-09-05_11:12:42.305[Status]{'coordinate': [551.2186218497444, 672.8632818495497], 'id': 9}
2019-09-05_11:12:42.305[Status]Routing 62: Walk: 58
2019-09-05_11:12:42.416[Battery Energy]102.27
2019-09-05_11:12:42.416[Status]Routing Start.
2019-09-05_11:12:42.602[Status]{'coordinate': [561.1398862321546, 674.1156847616829], 'id': 9}
2019-09-05_11:12:42.602[Status]Routing 63: Walk: 59
2019-09-05_11:12:42.707[Battery Energy]102.05
2019-09-05_11:12:42.707[Status]Routing Start.
2019-09-05_11:12:42.915[Status]{'coordinate': [571.0611506145648, 675.3680876738161], 'id': 9}
2019-09-05_11:12:42.915[Status]Routing 64: Walk: 60
2019-09-05_11:12:43.015[Battery Energy]101.82
2019-09-05_11:12:43.016[Status]Routing Start.
2019-09-05_11:12:43.352[Status]{'coordinate': [580.982414996975, 676.6204905859494], 'id': 9}
2019-09-05_11:12:43.352[Status]Routing 65: Walk: 61
2019-09-05_11:12:43.457[Battery Energy]101.53
2019-09-05_11:12:43.457[Status]Routing Start.
2019-09-05_11:12:43.648[Status]{'coordinate': [590.9036793793852, 677.8728934980826], 'id': 9}
2019-09-05_11:12:43.648[Status]Routing 66: Walk: 62
2019-09-05_11:12:43.761[Battery Energy]101.29
2019-09-05_11:12:43.761[Status]Routing Start.
2019-09-05_11:12:44.132[Status]{'coordinate': [600.8249437617953, 679.1252964102158], 'id': 9}
2019-09-05_11:12:44.132[Status]Routing 67: Walk: 63
2019-09-05_11:12:44.235[Battery Energy]101.04
2019-09-05_11:12:44.235[Status]Routing Start.
2019-09-05_11:12:44.472[Status]{'coordinate': [610.7462081442055, 680.377699322349], 'id': 9}
2019-09-05_11:12:44.472[Status]Routing 68: Walk: 64
2019-09-05_11:12:44.577[Battery Energy]100.80
2019-09-05_11:12:44.577[Status]Routing Start.
2019-09-05_11:12:44.752[Status]{'coordinate': [620.6674725266157, 681.6301022344823], 'id': 9}
2019-09-05_11:12:44.752[Status]Routing 69: Walk: 65
2019-09-05_11:12:44.865[Battery Energy]100.59
2019-09-05_11:12:44.865[Status]Routing Start.
2019-09-05_11:12:45.063[Status]{'coordinate': [630.5887369090259, 682.8825051466155], 'id': 9}
2019-09-05_11:12:45.063[Status]Routing 70: Walk: 66
2019-09-05_11:12:45.177[Battery Energy]100.36
2019-09-05_11:12:45.177[Status]Routing Start.
2019-09-05_11:12:45.370[Status]{'coordinate': [640.5100012914361, 684.1349080587487], 'id': 9}
2019-09-05_11:12:45.370[Status]Routing 71: Walk: 67
2019-09-05_11:12:45.471[Battery Energy]100.13
2019-09-05_11:12:45.471[Status]Routing Start.
2019-09-05_11:12:45.752[Status]{'coordinate': [650.4312656738463, 685.3873109708819], 'id': 9}
2019-09-05_11:12:45.753[Status]Routing 72: Walk: 68
2019-09-05_11:12:45.865[Battery Energy]99.81
2019-09-05_11:12:45.865[Status]Routing Start.
2019-09-05_11:12:46.036[Status]{'coordinate': [660.3525300562565, 686.6397138830151], 'id': 9}
2019-09-05_11:12:46.036[Status]Routing 73: Walk: 69
2019-09-05_11:12:46.136[Battery Energy]99.56
2019-09-05_11:12:46.136[Status]Routing Start.
2019-09-05_11:12:46.374[Status]{'coordinate': [670.2737944386666, 687.8921167951484], 'id': 9}
2019-09-05_11:12:46.374[Status]Routing 74: Walk: 70
2019-09-05_11:12:46.477[Battery Energy]99.31
2019-09-05_11:12:46.477[Status]Routing Start.
2019-09-05_11:12:46.699[Status]{'coordinate': [680.1950588210768, 689.1445197072816], 'id': 9}
2019-09-05_11:12:46.699[Status]Routing 75: Walk: 71
2019-09-05_11:12:46.805[Battery Energy]99.07
2019-09-05_11:12:46.805[Status]Routing Start.
2019-09-05_11:12:47.048[Status]{'coordinate': [690.116323203487, 690.3969226194148], 'id': 9}
2019-09-05_11:12:47.050[Status]Routing 76: Walk: 72
2019-09-05_11:12:47.150[Battery Energy]98.80
2019-09-05_11:12:47.150[Status]Routing Start.
2019-09-05_11:12:47.332[Status]{'coordinate': [700.0375875858972, 691.649325531548], 'id': 9}
2019-09-05_11:12:47.332[Status]Routing 77: Walk: 73
2019-09-05_11:12:47.441[Battery Energy]98.56
2019-09-05_11:12:47.441[Status]Routing Start.
2019-09-05_11:12:47.692[Status]{'coordinate': [709.9588519683074, 692.9017284436812], 'id': 9}
2019-09-05_11:12:47.692[Status]Routing 78: Walk: 74
2019-09-05_11:12:47.797[Battery Energy]98.31
2019-09-05_11:12:47.797[Status]Routing Start.
2019-09-05_11:12:48.011[Status]{'coordinate': [719.8801163507176, 694.1541313558145], 'id': 9}
2019-09-05_11:12:48.011[Status]Routing 79: Walk: 75
2019-09-05_11:12:48.111[Battery Energy]98.06
2019-09-05_11:12:48.111[Status]Routing Start.
2019-09-05_11:12:48.281[Status]{'coordinate': [729.8013807331278, 695.4065342679477], 'id': 9}
2019-09-05_11:12:48.285[Status]Routing 80: Walk: 76
2019-09-05_11:12:48.405[Battery Energy]97.86
2019-09-05_11:12:48.405[Status]Routing Start.
2019-09-05_11:12:48.642[Status]{'coordinate': [739.722645115538, 696.6589371800809], 'id': 9}
2019-09-05_11:12:48.642[Status]Routing 81: Walk: 77
2019-09-05_11:12:48.755[Battery Energy]97.61
2019-09-05_11:12:48.755[Status]Routing Start.
2019-09-05_11:12:49.112[Status]{'coordinate': [749.6439094979481, 697.9113400922141], 'id': 9}
2019-09-05_11:12:49.112[Status]Routing 82: Walk: 78
2019-09-05_11:12:49.213[Battery Energy]97.20
2019-09-05_11:12:49.213[Status]Routing Start.
2019-09-05_11:12:49.399[Status]{'coordinate': [759.5651738803583, 699.1637430043473], 'id': 9}
2019-09-05_11:12:49.399[Status]Routing 83: Walk: 79
2019-09-05_11:12:49.501[Battery Energy]96.99
2019-09-05_11:12:49.501[Status]Routing Start.
2019-09-05_11:12:49.732[Status]{'coordinate': [769.4864382627685, 700.4161459164806], 'id': 9}
2019-09-05_11:12:49.732[Status]Routing 84: Walk: 80
2019-09-05_11:12:49.841[Battery Energy]96.80
2019-09-05_11:12:49.841[Status]Routing Start.
2019-09-05_11:12:50.187[Status]{'coordinate': [779.4077026451787, 701.6685488286138], 'id': 9}
2019-09-05_11:12:50.187[Status]Routing 85: Walk: 81
2019-09-05_11:12:50.297[Battery Energy]96.53
2019-09-05_11:12:50.297[Status]Routing Start.
2019-09-05_11:12:50.664[Status]{'coordinate': [789.3289670275889, 702.920951740747], 'id': 9}
2019-09-05_11:12:50.664[Status]Routing 86: Walk: 82
2019-09-05_11:12:50.789[Battery Energy]96.22
2019-09-05_11:12:50.789[Status]Routing Start.
2019-09-05_11:12:50.962[Status]{'coordinate': [799.2502314099991, 704.1733546528802], 'id': 9}
2019-09-05_11:12:50.962[Status]Routing 87: Walk: 83
2019-09-05_11:12:51.069[Battery Energy]96.01
2019-09-05_11:12:51.069[Status]Routing Start.
2019-09-05_11:12:51.272[Status]{'coordinate': [809.1714957924092, 705.4257575650134], 'id': 9}
2019-09-05_11:12:51.272[Status]Routing 88: Walk: 84
2019-09-05_11:12:51.373[Battery Energy]95.78
2019-09-05_11:12:51.373[Status]Routing Start.
2019-09-05_11:12:51.604[Status]{'coordinate': [819.0927601748194, 706.6781604771467], 'id': 9}
2019-09-05_11:12:51.604[Status]Routing 89: Walk: 85
2019-09-05_11:12:51.717[Battery Energy]95.53
2019-09-05_11:12:51.717[Status]Routing Start.
2019-09-05_11:12:51.885[Status]{'coordinate': [829.0140245572296, 707.9305633892799], 'id': 9}
2019-09-05_11:12:51.885[Status]Routing 90: Walk: 86
2019-09-05_11:12:51.989[Battery Energy]95.32
2019-09-05_11:12:51.989[Status]Routing Start.
2019-09-05_11:12:52.159[Status]{'coordinate': [838.9352889396398, 709.1829663014131], 'id': 9}
2019-09-05_11:12:52.159[Status]Routing 91: Walk: 87
2019-09-05_11:12:52.273[Battery Energy]95.09
2019-09-05_11:12:52.273[Status]Routing Start.
2019-09-05_11:12:52.502[Status]{'coordinate': [848.85655332205, 710.4353692135463], 'id': 9}
2019-09-05_11:12:52.502[Status]Routing 92: Walk: 88
2019-09-05_11:12:52.603[Battery Energy]94.90
2019-09-05_11:12:52.603[Status]Routing Start.
2019-09-05_11:12:52.866[Status]{'coordinate': [858.7778177044602, 711.6877721256797], 'id': 9}
2019-09-05_11:12:52.866[Status]Routing 93: Walk: 89
2019-09-05_11:12:52.969[Battery Energy]94.67
2019-09-05_11:12:52.969[Status]Routing Start.
2019-09-05_11:12:53.243[Status]{'coordinate': [868.6990820868704, 712.9401750378129], 'id': 9}
2019-09-05_11:12:53.243[Status]Routing 94: Walk: 90
2019-09-05_11:12:53.349[Battery Energy]94.36
2019-09-05_11:12:53.349[Status]Routing Start.
2019-09-05_11:12:53.607[Status]{'coordinate': [878.6203464692805, 714.1925779499462], 'id': 9}
2019-09-05_11:12:53.608[Status]Routing 95: Walk: 91
2019-09-05_11:12:53.709[Battery Energy]94.08
2019-09-05_11:12:53.709[Status]Routing Start.
2019-09-05_11:12:53.895[Status]{'coordinate': [888.5416108516907, 715.4449808620795], 'id': 9}
2019-09-05_11:12:53.897[Status]Routing 96: Walk: 92
2019-09-05_11:12:54.005[Battery Energy]93.86
2019-09-05_11:12:54.005[Status]Routing Start.
2019-09-05_11:12:54.260[Status]{'coordinate': [898.4628752341009, 716.6973837742128], 'id': 9}
2019-09-05_11:12:54.261[Status]Routing 97: Walk: 93
2019-09-05_11:12:54.369[Battery Energy]93.61
2019-09-05_11:12:54.369[Status]Routing Start.
2019-09-05_11:12:54.636[Status]{'coordinate': [908.3841396165111, 717.9497866863461], 'id': 9}
2019-09-05_11:12:54.636[Status]Routing 98: Walk: 94
2019-09-05_11:12:54.740[Battery Energy]93.37
2019-09-05_11:12:54.740[Status]Routing Start.
2019-09-05_11:12:54.958[Status]{'coordinate': [918.3054039989213, 719.2021895984793], 'id': 9}
2019-09-05_11:12:54.958[Status]Routing 99: Walk: 95
2019-09-05_11:12:55.065[Battery Energy]93.13
2019-09-05_11:12:55.065[Status]Routing Start.
2019-09-05_11:12:55.387[Status]{'coordinate': [928.2266683813315, 720.4545925106127], 'id': 9}
2019-09-05_11:12:55.387[Status]Routing 100: Walk: 96
2019-09-05_11:12:55.487[Battery Energy]92.82
2019-09-05_11:12:55.488[Status]Routing Start.
2019-09-05_11:12:55.714[Status]{'coordinate': [938.1479327637417, 721.7069954227459], 'id': 9}
2019-09-05_11:12:55.714[Status]Routing 101: Walk: 97
2019-09-05_11:12:55.814[Battery Energy]92.59
2019-09-05_11:12:55.814[Status]Routing Start.
2019-09-05_11:12:56.127[Status]{'coordinate': [948.0691971461519, 722.9593983348792], 'id': 9}
2019-09-05_11:12:56.127[Status]Routing 102: Walk: 98
2019-09-05_11:12:56.249[Battery Energy]92.31
2019-09-05_11:12:56.249[Status]Routing Start.
2019-09-05_11:12:56.470[Status]{'coordinate': [957.990461528562, 724.2118012470124], 'id': 9}
2019-09-05_11:12:56.470[Status]Routing 103: Walk: 99
2019-09-05_11:12:56.577[Battery Energy]92.05
2019-09-05_11:12:56.577[Status]Routing Start.
2019-09-05_11:12:56.909[Status]{'coordinate': [967.9117259109722, 725.4642041591458], 'id': 9}
2019-09-05_11:12:56.909[Status]Routing 104: Walk: 100
2019-09-05_11:12:57.017[Battery Energy]91.76
2019-09-05_11:12:57.017[Status]Routing Start.
2019-09-05_11:12:57.388[Status]{'coordinate': [977.8329902933824, 726.716607071279], 'id': 9}
2019-09-05_11:12:57.388[Status]Routing 105: Walk: 101
2019-09-05_11:12:57.488[Battery Energy]91.42
2019-09-05_11:12:57.488[Status]Routing Start.
2019-09-05_11:12:57.827[Status]{'coordinate': [987.7542546757926, 727.9690099834123], 'id': 9}
2019-09-05_11:12:57.827[Status]Routing 106: Walk: 102
2019-09-05_11:12:57.927[Battery Energy]91.12
2019-09-05_11:12:57.927[Status]Routing Start.
2019-09-05_11:12:58.279[Status]{'coordinate': [997.6755190582028, 729.2214128955457], 'id': 9}
2019-09-05_11:12:58.279[Status]Routing 107: Walk: 103
2019-09-05_11:12:58.389[Battery Energy]90.79
2019-09-05_11:12:58.389[Status]Routing Start.
2019-09-05_11:12:58.709[Status]{'coordinate': [1007.596783440613, 730.4738158076789], 'id': 9}
2019-09-05_11:12:58.709[Status]Routing 108: Walk: 104
2019-09-05_11:12:58.813[Battery Energy]90.47
2019-09-05_11:12:58.813[Status]Routing Start.
2019-09-05_11:12:59.173[Status]{'coordinate': [1017.5180478230232, 731.7262187198122], 'id': 9}
2019-09-05_11:12:59.173[Status]Routing 109: Walk: 105
2019-09-05_11:12:59.281[Battery Energy]90.17
2019-09-05_11:12:59.281[Status]Routing Start.
2019-09-05_11:12:59.635[Status]{'coordinate': [1027.4393122054332, 732.9786216319454], 'id': 9}
2019-09-05_11:12:59.635[Status]Routing 110: Walk: 106
2019-09-05_11:12:59.744[Battery Energy]89.87
2019-09-05_11:12:59.744[Status]Routing Start.
2019-09-05_11:13:00.165[Status]{'coordinate': [1037.3605765878433, 734.2310245440788], 'id': 9}
2019-09-05_11:13:00.165[Status]Routing 111: Walk: 107
2019-09-05_11:13:00.265[Battery Energy]89.49
2019-09-05_11:13:00.265[Status]Routing Start.
2019-09-05_11:13:00.569[Status]{'coordinate': [1047.2818409702534, 735.483427456212], 'id': 9}
2019-09-05_11:13:00.569[Status]Routing 112: Walk: 108
2019-09-05_11:13:00.673[Battery Energy]89.19
2019-09-05_11:13:00.673[Status]Routing Start.
2019-09-05_11:13:01.036[Status]{'coordinate': [1057.2031053526634, 736.7358303683453], 'id': 9}
2019-09-05_11:13:01.036[Status]Routing 113: Walk: 109
2019-09-05_11:13:01.149[Battery Energy]88.87
2019-09-05_11:13:01.149[Status]Routing Start.
2019-09-05_11:13:01.460[Status]{'coordinate': [1067.1243697350735, 737.9882332804785], 'id': 9}
2019-09-05_11:13:01.460[Status]Routing 114: Walk: 110
2019-09-05_11:13:01.569[Battery Energy]88.56
2019-09-05_11:13:01.569[Status]Routing Start.
2019-09-05_11:13:01.837[Status]{'coordinate': [1077.0456341174836, 739.2406361926118], 'id': 9}
2019-09-05_11:13:01.837[Status]Routing 115: Walk: 111
2019-09-05_11:13:01.949[Battery Energy]88.26
2019-09-05_11:13:01.949[Status]Routing Start.
2019-09-05_11:13:02.309[Status]{'coordinate': [1086.9668984998937, 740.4930391047451], 'id': 9}
2019-09-05_11:13:02.310[Status]Routing 116: Walk: 112
2019-09-05_11:13:02.417[Battery Energy]87.95
2019-09-05_11:13:02.417[Status]Routing Start.
2019-09-05_11:13:02.749[Status]{'coordinate': [1096.8881628823037, 741.7454420168783], 'id': 9}
2019-09-05_11:13:02.750[Status]Routing 117: Walk: 113
2019-09-05_11:13:02.861[Battery Energy]87.62
2019-09-05_11:13:02.861[Status]Routing Start.
2019-09-05_11:13:03.299[Status]{'coordinate': [1106.8094272647138, 742.9978449290116], 'id': 9}
2019-09-05_11:13:03.299[Status]Routing 118: Walk: 114
2019-09-05_11:13:03.400[Battery Energy]87.21
2019-09-05_11:13:03.400[Status]Routing Start.
2019-09-05_11:13:03.400[Status]Task Finished.
2019-09-05_11:13:03.500[Battery Energy]87.21
2019-09-05_11:13:03.791[Status]Routing 120: Walk: 114
2019-09-05_11:13:03.897[Battery Energy]87.03
2019-09-05_11:13:04.386[Status]Routing 121: Walk: 114
2019-09-05_11:13:04.487[Battery Energy]86.73
2019-09-05_11:13:04.782[Status]Routing 122: Walk: 114
2019-09-05_11:13:04.882[Battery Energy]86.56
2019-09-05_11:13:05.136[Status]Routing 123: Walk: 114
2019-09-05_11:13:05.237[Battery Energy]86.40
2019-09-05_11:13:05.471[Status]Routing 124: Walk: 114
2019-09-05_11:13:05.585[Battery Energy]86.20
2019-09-05_11:13:05.743[Status]Routing 125: Walk: 114
2019-09-05_11:13:05.857[Battery Energy]86.10
2019-09-05_11:13:06.142[Status]Routing 126: Walk: 114
2019-09-05_11:13:06.249[Battery Energy]85.92
2019-09-05_11:13:06.450[Status]Routing 127: Walk: 114
2019-09-05_11:13:06.565[Battery Energy]85.82
2019-09-05_11:13:06.852[Status]Routing 128: Walk: 114
2019-09-05_11:13:06.953[Battery Energy]85.61
2019-09-05_11:13:07.263[Status]Routing 129: Walk: 114
2019-09-05_11:13:07.364[Battery Energy]85.44
2019-09-05_11:13:07.635[Status]Routing 130: Walk: 114
2019-09-05_11:13:07.735[Battery Energy]85.30
2019-09-05_11:13:07.971[Status]Routing 131: Walk: 114
2019-09-05_11:13:08.071[Battery Energy]85.12
2019-09-05_11:13:08.417[Status]Routing 132: Walk: 114
2019-09-05_11:13:08.521[Battery Energy]84.98
2019-09-05_11:13:08.818[Status]Routing 133: Walk: 114
2019-09-05_11:13:08.925[Battery Energy]84.78
2019-09-05_11:13:09.205[Status]Routing 134: Walk: 114
2019-09-05_11:13:09.306[Battery Energy]84.56
2019-09-05_11:13:09.537[Status]Routing 135: Walk: 114
2019-09-05_11:13:09.637[Battery Energy]84.42
2019-09-05_11:13:09.844[Status]Routing 136: Walk: 114
2019-09-05_11:13:09.949[Battery Energy]84.26
2019-09-05_11:13:10.181[Status]Routing 137: Walk: 114
2019-09-05_11:13:10.287[Battery Energy]84.11
2019-09-05_11:13:10.471[Status]Routing 138: Walk: 114
2019-09-05_11:13:10.580[Battery Energy]84.01
2019-09-05_11:13:10.852[Status]Routing 139: Walk: 114
2019-09-05_11:13:10.953[Battery Energy]83.85
2019-09-05_11:13:11.167[Status]Routing 140: Walk: 114
2019-09-05_11:13:11.285[Battery Energy]83.70
2019-09-05_11:13:11.543[Status]Routing 141: Walk: 114
2019-09-05_11:13:11.657[Battery Energy]83.50
2019-09-05_11:13:11.868[Status]Routing 142: Walk: 114
2019-09-05_11:13:11.977[Battery Energy]83.37
2019-09-05_11:13:12.214[Status]Routing 143: Walk: 114
2019-09-05_11:13:12.326[Battery Energy]83.23
2019-09-05_11:13:12.740[Status]Routing 144: Walk: 114
2019-09-05_11:13:12.841[Battery Energy]82.96
2019-09-05_11:13:13.010[Status]Routing 145: Walk: 114
2019-09-05_11:13:13.121[Battery Energy]82.85
2019-09-05_11:13:13.509[Status]Routing 146: Walk: 114
2019-09-05_11:13:13.617[Battery Energy]82.64
2019-09-05_11:13:13.884[Status]Routing 147: Walk: 114
2019-09-05_11:13:13.997[Battery Energy]82.50
2019-09-05_11:13:14.228[Status]Routing 148: Walk: 114
2019-09-05_11:13:14.328[Battery Energy]82.35
2019-09-05_11:13:14.547[Status]Routing 149: Walk: 114
2019-09-05_11:13:14.647[Battery Energy]82.15
2019-09-05_11:13:14.883[Status]Routing 150: Walk: 114
2019-09-05_11:13:14.985[Battery Energy]81.98
2019-09-05_11:13:15.331[Status]Routing 151: Walk: 114
2019-09-05_11:13:15.433[Battery Energy]81.75
2019-09-05_11:13:15.608[Status]Routing 152: Walk: 114
2019-09-05_11:13:15.709[Battery Energy]81.64
2019-09-05_11:13:15.949[Status]Routing 153: Walk: 114
2019-09-05_11:13:16.065[Battery Energy]81.52
2019-09-05_11:13:16.314[Status]Routing 154: Walk: 114
2019-09-05_11:13:16.421[Battery Energy]81.40
2019-09-05_11:13:16.636[Status]Routing 155: Walk: 114
2019-09-05_11:13:16.736[Battery Energy]81.30
2019-09-05_11:13:16.923[Status]Routing 156: Walk: 114
2019-09-05_11:13:17.030[Battery Energy]81.21
