2019-09-05_00:25:34.112[Status]Start.
2019-09-05_00:25:34.112[Battery Energy]74.00
2019-09-05_00:25:35.214[Battery Energy]73.96
2019-09-05_00:25:36.315[Battery Energy]73.92
2019-09-05_00:25:37.417[Battery Energy]73.88
2019-09-05_00:25:38.518[Battery Energy]73.84
2019-09-05_00:25:39.619[Task]A New Task Released.
2019-09-05_00:25:39.619[Battery Energy]73.80
2019-09-05_00:25:39.619[Status]Selection Start.
2019-09-05_00:25:41.350[Status]Selection End: Do Task 1.
2019-09-05_00:25:41.450[Battery Energy]72.74
2019-09-05_00:25:41.450[Status]Formation Start.
2019-09-05_00:25:41.631[Status]Formation End: To Position 6.
2019-09-05_00:25:41.731[Battery Energy]72.62
2019-09-05_00:25:41.731[Status]Routing Start.
2019-09-05_00:25:42.013[Status]{'id': 12, 'coordinate': [66.9339913288091, 759.852909646477]}
2019-09-05_00:25:42.013[Status]Routing 1: Walk: 1
2019-09-05_00:25:42.128[Battery Energy]72.41
2019-09-05_00:25:42.128[Status]Routing Start.
2019-09-05_00:25:42.506[Status]{'id': 12, 'coordinate': [76.8679826576182, 758.705819292954]}
2019-09-05_00:25:42.506[Status]Routing 2: Walk: 2
2019-09-05_00:25:42.612[Battery Energy]72.18
2019-09-05_00:25:42.612[Status]Routing Start.
2019-09-05_00:25:42.783[Status]{'id': 12, 'coordinate': [86.8019739864273, 757.5587289394309]}
2019-09-05_00:25:42.784[Status]Routing 3: Walk: 3
2019-09-05_00:25:42.884[Battery Energy]71.99
2019-09-05_00:25:42.884[Status]Routing Start.
2019-09-05_00:25:43.120[Status]{'id': 12, 'coordinate': [96.7359653152364, 756.4116385859079]}
2019-09-05_00:25:43.120[Status]Routing 4: Walk: 4
2019-09-05_00:25:43.226[Battery Energy]71.73
2019-09-05_00:25:43.227[Status]Routing Start.
2019-09-05_00:25:43.473[Status]{'id': 12, 'coordinate': [106.6699566440455, 755.2645482323849]}
2019-09-05_00:25:43.473[Status]Routing 5: Walk: 5
2019-09-05_00:25:43.588[Battery Energy]71.46
2019-09-05_00:25:43.588[Status]Routing Start.
2019-09-05_00:25:43.894[Status]{'id': 12, 'coordinate': [116.6039479728546, 754.1174578788618]}
2019-09-05_00:25:43.894[Status]Routing 6: Walk: 6
2019-09-05_00:25:43.995[Battery Energy]71.16
2019-09-05_00:25:43.995[Status]Routing Start.
2019-09-05_00:25:44.324[Status]{'id': 12, 'coordinate': [126.5379393016637, 752.9703675253388]}
2019-09-05_00:25:44.324[Status]Routing 7: Walk: 7
2019-09-05_00:25:44.436[Battery Energy]70.87
2019-09-05_00:25:44.436[Status]Routing Start.
2019-09-05_00:25:44.769[Status]{'id': 12, 'coordinate': [136.4719306304728, 751.8232771718158]}
2019-09-05_00:25:44.769[Status]Routing 8: Walk: 8
2019-09-05_00:25:44.870[Battery Energy]70.61
2019-09-05_00:25:44.870[Status]Routing Start.
2019-09-05_00:25:45.186[Status]{'id': 12, 'coordinate': [146.4059219592819, 750.6761868182928]}
2019-09-05_00:25:45.186[Status]Routing 9: Walk: 9
2019-09-05_00:25:45.292[Battery Energy]70.29
2019-09-05_00:25:45.292[Status]Routing Start.
2019-09-05_00:25:45.664[Status]{'id': 12, 'coordinate': [156.339913288091, 749.5290964647697]}
2019-09-05_00:25:45.664[Status]Routing 10: Walk: 10
2019-09-05_00:25:45.768[Battery Energy]69.96
2019-09-05_00:25:45.768[Status]Routing Start.
2019-09-05_00:25:46.090[Status]{'id': 12, 'coordinate': [166.2739046169001, 748.3820061112467]}
2019-09-05_00:25:46.090[Status]Routing 11: Walk: 11
2019-09-05_00:25:46.192[Battery Energy]69.63
2019-09-05_00:25:46.192[Status]Routing Start.
2019-09-05_00:25:46.529[Status]{'id': 12, 'coordinate': [176.2078959457092, 747.2349157577237]}
2019-09-05_00:25:46.529[Status]Routing 12: Walk: 12
2019-09-05_00:25:46.629[Battery Energy]69.29
2019-09-05_00:25:46.629[Status]Routing Start.
2019-09-05_00:25:46.827[Status]{'id': 12, 'coordinate': [186.1418872745183, 746.0878254042007]}
2019-09-05_00:25:46.827[Status]Routing 13: Walk: 13
2019-09-05_00:25:46.928[Battery Energy]69.09
2019-09-05_00:25:46.928[Status]Routing Start.
2019-09-05_00:25:47.240[Status]{'id': 12, 'coordinate': [196.0758786033274, 744.9407350506776]}
2019-09-05_00:25:47.240[Status]Routing 14: Walk: 14
2019-09-05_00:25:47.346[Battery Energy]68.77
2019-09-05_00:25:47.346[Status]Routing Start.
2019-09-05_00:25:47.686[Status]{'id': 12, 'coordinate': [206.0098699321365, 743.7936446971546]}
2019-09-05_00:25:47.686[Status]Routing 15: Walk: 15
2019-09-05_00:25:47.786[Battery Energy]68.44
2019-09-05_00:25:47.786[Status]Routing Start.
2019-09-05_00:25:48.120[Status]{'id': 12, 'coordinate': [215.9438612609456, 742.6465543436316]}
2019-09-05_00:25:48.120[Status]Routing 16: Walk: 16
2019-09-05_00:25:48.220[Battery Energy]68.16
2019-09-05_00:25:48.220[Status]Routing Start.
2019-09-05_00:25:48.421[Status]{'id': 12, 'coordinate': [225.8778525897547, 741.4994639901086]}
2019-09-05_00:25:48.421[Status]Routing 17: Walk: 17
2019-09-05_00:25:48.532[Battery Energy]67.94
2019-09-05_00:25:48.532[Status]Routing Start.
2019-09-05_00:25:48.899[Status]{'id': 12, 'coordinate': [235.8118439185638, 740.3523736365855]}
2019-09-05_00:25:48.899[Status]Routing 18: Walk: 18
2019-09-05_00:25:49.005[Battery Energy]67.60
2019-09-05_00:25:49.005[Status]Routing Start.
2019-09-05_00:25:49.356[Status]{'id': 12, 'coordinate': [245.7458352473729, 739.2052832830624]}
2019-09-05_00:25:49.356[Status]Routing 19: Walk: 19
2019-09-05_00:25:49.464[Battery Energy]67.26
2019-09-05_00:25:49.464[Status]Routing Start.
2019-09-05_00:25:49.855[Status]{'id': 12, 'coordinate': [255.679826576182, 738.0581929295394]}
2019-09-05_00:25:49.855[Status]Routing 20: Walk: 20
2019-09-05_00:25:49.956[Battery Energy]66.98
2019-09-05_00:25:49.956[Status]Routing Start.
2019-09-05_00:25:50.316[Status]{'id': 12, 'coordinate': [265.6138179049911, 736.9111025760162]}
2019-09-05_00:25:50.316[Status]Routing 21: Walk: 21
2019-09-05_00:25:50.416[Battery Energy]66.62
2019-09-05_00:25:50.416[Status]Routing Start.
2019-09-05_00:25:50.777[Status]{'id': 12, 'coordinate': [275.5478092338002, 735.7640122224932]}
2019-09-05_00:25:50.777[Status]Routing 22: Walk: 22
2019-09-05_00:25:50.888[Battery Energy]66.33
2019-09-05_00:25:50.888[Status]Routing Start.
2019-09-05_00:25:51.267[Status]{'id': 12, 'coordinate': [285.4818005626093, 734.61692186897]}
2019-09-05_00:25:51.267[Status]Routing 23: Walk: 23
2019-09-05_00:25:51.367[Battery Energy]66.05
2019-09-05_00:25:51.367[Status]Routing Start.
2019-09-05_00:25:51.760[Status]{'id': 12, 'coordinate': [295.4157918914184, 733.469831515447]}
2019-09-05_00:25:51.760[Status]Routing 24: Walk: 24
2019-09-05_00:25:51.880[Battery Energy]65.75
2019-09-05_00:25:51.880[Status]Routing Start.
2019-09-05_00:25:52.195[Status]{'id': 12, 'coordinate': [305.3497832202275, 732.3227411619239]}
2019-09-05_00:25:52.196[Status]Routing 25: Walk: 25
2019-09-05_00:25:52.296[Battery Energy]65.47
2019-09-05_00:25:52.296[Status]Routing Start.
2019-09-05_00:25:52.685[Status]{'id': 12, 'coordinate': [315.2837745490366, 731.1756508084009]}
2019-09-05_00:25:52.685[Status]Routing 26: Walk: 26
2019-09-05_00:25:52.785[Battery Energy]65.12
2019-09-05_00:25:52.785[Status]Routing Start.
2019-09-05_00:25:53.136[Status]{'id': 12, 'coordinate': [325.2177658778457, 730.0285604548777]}
2019-09-05_00:25:53.145[Status]Routing 27: Walk: 27
2019-09-05_00:25:53.264[Battery Energy]64.86
2019-09-05_00:25:53.264[Status]Routing Start.
2019-09-05_00:25:53.608[Status]{'id': 12, 'coordinate': [335.1517572066548, 728.8814701013547]}
2019-09-05_00:25:53.608[Status]Routing 28: Walk: 28
2019-09-05_00:25:53.708[Battery Energy]64.57
2019-09-05_00:25:53.708[Status]Routing Start.
2019-09-05_00:25:54.108[Status]{'id': 12, 'coordinate': [345.0857485354639, 727.7343797478316]}
2019-09-05_00:25:54.109[Status]Routing 29: Walk: 29
2019-09-05_00:25:54.209[Battery Energy]64.22
2019-09-05_00:25:54.209[Status]Routing Start.
2019-09-05_00:25:54.566[Status]{'id': 12, 'coordinate': [355.019739864273, 726.5872893943085]}
2019-09-05_00:25:54.566[Status]Routing 30: Walk: 30
2019-09-05_00:25:54.666[Battery Energy]63.92
2019-09-05_00:25:54.667[Status]Routing Start.
2019-09-05_00:25:55.027[Status]{'id': 12, 'coordinate': [364.9537311930821, 725.4401990407854]}
2019-09-05_00:25:55.027[Status]Routing 31: Walk: 31
2019-09-05_00:25:55.127[Battery Energy]63.60
2019-09-05_00:25:55.127[Status]Routing Start.
2019-09-05_00:25:55.535[Status]{'id': 12, 'coordinate': [374.8877225218912, 724.2931086872624]}
2019-09-05_00:25:55.535[Status]Routing 32: Walk: 32
2019-09-05_00:25:55.644[Battery Energy]63.28
2019-09-05_00:25:55.644[Status]Routing Start.
2019-09-05_00:25:55.999[Status]{'id': 12, 'coordinate': [384.8217138507003, 723.1460183337392]}
2019-09-05_00:25:55.999[Status]Routing 33: Walk: 33
2019-09-05_00:25:56.118[Battery Energy]62.95
2019-09-05_00:25:56.118[Status]Routing Start.
2019-09-05_00:25:56.470[Status]{'id': 12, 'coordinate': [394.7557051795094, 721.9989279802162]}
2019-09-05_00:25:56.470[Status]Routing 34: Walk: 34
2019-09-05_00:25:56.570[Battery Energy]62.60
2019-09-05_00:25:56.570[Status]Routing Start.
2019-09-05_00:25:56.959[Status]{'id': 12, 'coordinate': [404.6896965083185, 720.851837626693]}
2019-09-05_00:25:56.959[Status]Routing 35: Walk: 35
2019-09-05_00:25:57.060[Battery Energy]62.21
2019-09-05_00:25:57.060[Status]Routing Start.
2019-09-05_00:25:57.630[Status]{'id': 12, 'coordinate': [414.6236878371276, 719.70474727317]}
2019-09-05_00:25:57.630[Status]Routing 36: Walk: 36
2019-09-05_00:25:57.730[Battery Energy]61.63
2019-09-05_00:25:57.730[Status]Routing Start.
2019-09-05_00:25:58.088[Status]{'id': 12, 'coordinate': [424.5576791659367, 718.5576569196469]}
2019-09-05_00:25:58.088[Status]Routing 37: Walk: 37
2019-09-05_00:25:58.188[Battery Energy]61.23
2019-09-05_00:25:58.188[Status]Routing Start.
2019-09-05_00:25:58.336[Status]{'id': 12, 'coordinate': [434.4916704947458, 717.4105665661239]}
2019-09-05_00:25:58.336[Status]Routing 38: Walk: 38
2019-09-05_00:25:58.440[Battery Energy]61.03
2019-09-05_00:25:58.440[Status]Routing Start.
2019-09-05_00:25:58.758[Status]{'id': 12, 'coordinate': [444.4256618235549, 716.2634762126007]}
2019-09-05_00:25:58.758[Status]Routing 39: Walk: 39
2019-09-05_00:25:58.859[Battery Energy]60.70
2019-09-05_00:25:58.859[Status]Routing Start.
2019-09-05_00:25:59.206[Status]{'id': 12, 'coordinate': [454.359653152364, 715.1163858590777]}
2019-09-05_00:25:59.206[Status]Routing 40: Walk: 40
2019-09-05_00:25:59.320[Battery Energy]60.38
2019-09-05_00:25:59.320[Status]Routing Start.
2019-09-05_00:25:59.651[Status]{'id': 12, 'coordinate': [464.2936444811731, 713.9692955055546]}
2019-09-05_00:25:59.651[Status]Routing 41: Walk: 41
2019-09-05_00:25:59.751[Battery Energy]60.04
2019-09-05_00:25:59.751[Status]Routing Start.
2019-09-05_00:26:00.046[Status]{'id': 12, 'coordinate': [474.2276358099822, 712.8222051520315]}
2019-09-05_00:26:00.047[Status]Routing 42: Walk: 42
2019-09-05_00:26:00.147[Battery Energy]59.75
2019-09-05_00:26:00.147[Status]Routing Start.
2019-09-05_00:26:00.487[Status]{'id': 12, 'coordinate': [484.1616271387913, 711.6751147985084]}
2019-09-05_00:26:00.487[Status]Routing 43: Walk: 43
2019-09-05_00:26:00.608[Battery Energy]59.37
2019-09-05_00:26:00.608[Status]Routing Start.
2019-09-05_00:26:00.787[Status]{'id': 12, 'coordinate': [494.0956184676004, 710.5280244449854]}
2019-09-05_00:26:00.787[Status]Routing 44: Walk: 44
2019-09-05_00:26:00.887[Battery Energy]59.14
2019-09-05_00:26:00.887[Status]Routing Start.
2019-09-05_00:26:01.318[Status]{'id': 12, 'coordinate': [504.0296097964095, 709.3809340914622]}
2019-09-05_00:26:01.319[Status]Routing 45: Walk: 45
2019-09-05_00:26:01.419[Battery Energy]58.79
2019-09-05_00:26:01.419[Status]Routing Start.
2019-09-05_00:26:01.778[Status]{'id': 12, 'coordinate': [513.9636011252186, 708.2338437379392]}
2019-09-05_00:26:01.778[Status]Routing 46: Walk: 46
2019-09-05_00:26:01.884[Battery Energy]58.50
2019-09-05_00:26:01.884[Status]Routing Start.
2019-09-05_00:26:02.271[Status]{'id': 12, 'coordinate': [523.8975924540276, 707.086753384416]}
2019-09-05_00:26:02.274[Status]Routing 47: Walk: 47
2019-09-05_00:26:02.392[Battery Energy]58.15
2019-09-05_00:26:02.392[Status]Routing Start.
2019-09-05_00:26:02.678[Status]{'id': 12, 'coordinate': [533.8315837828367, 705.939663030893]}
2019-09-05_00:26:02.678[Status]Routing 48: Walk: 48
2019-09-05_00:26:02.778[Battery Energy]57.90
2019-09-05_00:26:02.778[Status]Routing Start.
2019-09-05_00:26:03.091[Status]{'id': 12, 'coordinate': [543.7655751116457, 704.7925726773699]}
2019-09-05_00:26:03.091[Status]Routing 49: Walk: 49
2019-09-05_00:26:03.191[Battery Energy]57.60
2019-09-05_00:26:03.191[Status]Routing Start.
2019-09-05_00:26:03.545[Status]{'id': 12, 'coordinate': [553.6995664404548, 703.6454823238469]}
2019-09-05_00:26:03.545[Status]Routing 50: Walk: 50
2019-09-05_00:26:03.645[Battery Energy]57.26
2019-09-05_00:26:03.645[Status]Routing Start.
2019-09-05_00:26:04.062[Status]{'id': 12, 'coordinate': [563.6335577692638, 702.4983919703238]}
2019-09-05_00:26:04.062[Status]Routing 51: Walk: 51
2019-09-05_00:26:04.162[Battery Energy]56.90
2019-09-05_00:26:04.162[Status]Routing Start.
2019-09-05_00:26:04.550[Status]{'id': 12, 'coordinate': [573.5675490980728, 701.3513016168007]}
2019-09-05_00:26:04.550[Status]Routing 52: Walk: 52
2019-09-05_00:26:04.650[Battery Energy]56.56
2019-09-05_00:26:04.650[Status]Routing Start.
2019-09-05_00:26:04.997[Status]{'id': 12, 'coordinate': [583.5015404268819, 700.2042112632777]}
2019-09-05_00:26:04.997[Status]Routing 53: Walk: 53
2019-09-05_00:26:05.104[Battery Energy]56.27
2019-09-05_00:26:05.104[Status]Routing Start.
2019-09-05_00:26:05.489[Status]{'id': 12, 'coordinate': [593.4355317556909, 699.0571209097545]}
2019-09-05_00:26:05.489[Status]Routing 54: Walk: 54
2019-09-05_00:26:05.595[Battery Energy]55.94
2019-09-05_00:26:05.595[Status]Routing Start.
2019-09-05_00:26:05.982[Status]{'id': 12, 'coordinate': [603.3695230845, 697.9100305562315]}
2019-09-05_00:26:05.982[Status]Routing 55: Walk: 55
2019-09-05_00:26:06.082[Battery Energy]55.59
2019-09-05_00:26:06.082[Status]Routing Start.
2019-09-05_00:26:06.378[Status]{'id': 12, 'coordinate': [613.303514413309, 696.7629402027084]}
2019-09-05_00:26:06.378[Status]Routing 56: Walk: 56
2019-09-05_00:26:06.486[Battery Energy]55.33
2019-09-05_00:26:06.486[Status]Routing Start.
2019-09-05_00:26:06.816[Status]{'id': 12, 'coordinate': [623.2375057421181, 695.6158498491853]}
2019-09-05_00:26:06.821[Status]Routing 57: Walk: 57
2019-09-05_00:26:06.922[Battery Energy]55.05
2019-09-05_00:26:06.922[Status]Routing Start.
2019-09-05_00:26:07.446[Status]{'id': 12, 'coordinate': [633.1714970709271, 694.4687594956622]}
2019-09-05_00:26:07.446[Status]Routing 58: Walk: 58
2019-09-05_00:26:07.546[Battery Energy]54.61
2019-09-05_00:26:07.546[Status]Routing Start.
2019-09-05_00:26:07.897[Status]{'id': 12, 'coordinate': [643.1054883997361, 693.3216691421392]}
2019-09-05_00:26:07.899[Status]Routing 59: Walk: 59
2019-09-05_00:26:07.999[Battery Energy]54.26
2019-09-05_00:26:07.999[Status]Routing Start.
2019-09-05_00:26:08.364[Status]{'id': 12, 'coordinate': [653.0394797285452, 692.174578788616]}
2019-09-05_00:26:08.364[Status]Routing 60: Walk: 60
2019-09-05_00:26:08.476[Battery Energy]53.90
2019-09-05_00:26:08.476[Status]Routing Start.
2019-09-05_00:26:08.785[Status]{'id': 12, 'coordinate': [662.9734710573542, 691.027488435093]}
2019-09-05_00:26:08.785[Status]Routing 61: Walk: 61
2019-09-05_00:26:08.888[Battery Energy]53.61
2019-09-05_00:26:08.888[Status]Routing Start.
2019-09-05_00:26:09.269[Status]{'id': 12, 'coordinate': [672.9074623861633, 689.8803980815699]}
2019-09-05_00:26:09.269[Status]Routing 62: Walk: 62
2019-09-05_00:26:09.376[Battery Energy]53.34
2019-09-05_00:26:09.376[Status]Routing Start.
2019-09-05_00:26:09.686[Status]{'id': 12, 'coordinate': [682.8414537149723, 688.7333077280468]}
2019-09-05_00:26:09.686[Status]Routing 63: Walk: 63
2019-09-05_00:26:09.790[Battery Energy]53.00
2019-09-05_00:26:09.790[Status]Routing Start.
2019-09-05_00:26:10.145[Status]{'id': 12, 'coordinate': [692.7754450437814, 687.5862173745238]}
2019-09-05_00:26:10.146[Status]Routing 64: Walk: 64
2019-09-05_00:26:10.292[Battery Energy]52.69
2019-09-05_00:26:10.296[Status]Routing Start.
2019-09-05_00:26:10.570[Status]{'id': 12, 'coordinate': [702.7094363725904, 686.4391270210007]}
2019-09-05_00:26:10.570[Status]Routing 65: Walk: 65
2019-09-05_00:26:10.670[Battery Energy]52.42
2019-09-05_00:26:10.671[Status]Routing Start.
2019-09-05_00:26:11.077[Status]{'id': 12, 'coordinate': [712.6434277013994, 685.2920366674776]}
2019-09-05_00:26:11.077[Status]Routing 66: Walk: 66
2019-09-05_00:26:11.177[Battery Energy]52.05
2019-09-05_00:26:11.178[Status]Routing Start.
2019-09-05_00:26:11.516[Status]{'id': 12, 'coordinate': [722.5774190302085, 684.1449463139545]}
2019-09-05_00:26:11.516[Status]Routing 67: Walk: 67
2019-09-05_00:26:11.637[Battery Energy]51.68
2019-09-05_00:26:11.637[Status]Routing Start.
2019-09-05_00:26:11.837[Status]{'id': 12, 'coordinate': [732.5114103590175, 682.9978559604315]}
2019-09-05_00:26:11.837[Status]Routing 68: Walk: 68
2019-09-05_00:26:11.937[Battery Energy]51.45
2019-09-05_00:26:11.937[Status]Routing Start.
2019-09-05_00:26:12.149[Status]{'id': 12, 'coordinate': [742.4454016878266, 681.8507656069083]}
2019-09-05_00:26:12.149[Status]Routing 69: Walk: 69
2019-09-05_00:26:12.249[Battery Energy]51.20
2019-09-05_00:26:12.249[Status]Routing Start.
2019-09-05_00:26:12.434[Status]{'id': 12, 'coordinate': [752.3793930166356, 680.7036752533853]}
2019-09-05_00:26:12.434[Status]Routing 70: Walk: 70
2019-09-05_00:26:12.534[Battery Energy]50.94
2019-09-05_00:26:12.534[Status]Routing Start.
2019-09-05_00:26:12.979[Status]{'id': 12, 'coordinate': [762.3133843454447, 679.5565848998622]}
2019-09-05_00:26:12.979[Status]Routing 71: Walk: 71
2019-09-05_00:26:13.079[Battery Energy]50.63
2019-09-05_00:26:13.079[Status]Routing Start.
2019-09-05_00:26:13.437[Status]{'id': 12, 'coordinate': [772.2473756742537, 678.4094945463391]}
2019-09-05_00:26:13.437[Status]Routing 72: Walk: 72
2019-09-05_00:26:13.544[Battery Energy]50.35
2019-09-05_00:26:13.544[Status]Routing Start.
2019-09-05_00:26:13.768[Status]{'id': 12, 'coordinate': [782.1813670030627, 677.2624041928161]}
2019-09-05_00:26:13.768[Status]Routing 73: Walk: 73
2019-09-05_00:26:13.912[Battery Energy]50.11
2019-09-05_00:26:13.912[Status]Routing Start.
2019-09-05_00:26:14.126[Status]{'id': 12, 'coordinate': [792.1153583318718, 676.115313839293]}
2019-09-05_00:26:14.126[Status]Routing 74: Walk: 74
2019-09-05_00:26:14.236[Battery Energy]49.91
2019-09-05_00:26:14.236[Status]Routing Start.
2019-09-05_00:26:14.592[Status]{'id': 12, 'coordinate': [802.0493496606808, 674.96822348577]}
2019-09-05_00:26:14.593[Status]Routing 75: Walk: 75
2019-09-05_00:26:14.696[Battery Energy]49.61
2019-09-05_00:26:14.696[Status]Routing Start.
2019-09-05_00:26:14.991[Status]{'id': 12, 'coordinate': [811.9833409894899, 673.8211331322468]}
2019-09-05_00:26:14.991[Status]Routing 76: Walk: 76
2019-09-05_00:26:15.091[Battery Energy]49.32
2019-09-05_00:26:15.091[Status]Routing Start.
2019-09-05_00:26:15.458[Status]{'id': 12, 'coordinate': [821.9173323182989, 672.6740427787238]}
2019-09-05_00:26:15.458[Status]Routing 77: Walk: 77
2019-09-05_00:26:15.558[Battery Energy]49.00
2019-09-05_00:26:15.558[Status]Routing Start.
2019-09-05_00:26:15.881[Status]{'id': 12, 'coordinate': [831.851323647108, 671.5269524252006]}
2019-09-05_00:26:15.881[Status]Routing 78: Walk: 78
2019-09-05_00:26:15.988[Battery Energy]48.71
2019-09-05_00:26:15.988[Status]Routing Start.
2019-09-05_00:26:16.434[Status]{'id': 12, 'coordinate': [841.785314975917, 670.3798620716776]}
2019-09-05_00:26:16.435[Status]Routing 79: Walk: 79
2019-09-05_00:26:16.535[Battery Energy]48.32
2019-09-05_00:26:16.535[Status]Routing Start.
2019-09-05_00:26:16.818[Status]{'id': 12, 'coordinate': [851.719306304726, 669.2327717181545]}
2019-09-05_00:26:16.818[Status]Routing 80: Walk: 80
2019-09-05_00:26:16.918[Battery Energy]48.04
2019-09-05_00:26:16.918[Status]Routing Start.
2019-09-05_00:26:17.144[Status]{'id': 12, 'coordinate': [861.6532976335351, 668.0856813646315]}
2019-09-05_00:26:17.144[Status]Routing 81: Walk: 81
2019-09-05_00:26:17.252[Battery Energy]47.79
2019-09-05_00:26:17.252[Status]Routing Start.
2019-09-05_00:26:17.518[Status]{'id': 12, 'coordinate': [871.5872889623441, 666.9385910111084]}
2019-09-05_00:26:17.518[Status]Routing 82: Walk: 82
2019-09-05_00:26:17.618[Battery Energy]47.54
2019-09-05_00:26:17.618[Status]Routing Start.
2019-09-05_00:26:17.865[Status]{'id': 12, 'coordinate': [881.5212802911532, 665.7915006575853]}
2019-09-05_00:26:17.865[Status]Routing 83: Walk: 83
2019-09-05_00:26:17.972[Battery Energy]47.30
2019-09-05_00:26:17.975[Status]Routing Start.
2019-09-05_00:26:18.248[Status]{'id': 12, 'coordinate': [891.4552716199622, 664.6444103040623]}
2019-09-05_00:26:18.248[Status]Routing 84: Walk: 84
2019-09-05_00:26:18.360[Battery Energy]47.03
2019-09-05_00:26:18.360[Status]Routing Start.
2019-09-05_00:26:18.556[Status]{'id': 12, 'coordinate': [901.3892629487713, 663.4973199505391]}
2019-09-05_00:26:18.556[Status]Routing 85: Walk: 85
2019-09-05_00:26:18.668[Battery Energy]46.78
2019-09-05_00:26:18.668[Status]Routing Start.
2019-09-05_00:26:18.888[Status]{'id': 12, 'coordinate': [911.3232542775803, 662.3502295970161]}
2019-09-05_00:26:18.888[Status]Routing 86: Walk: 86
2019-09-05_00:26:18.992[Battery Energy]46.47
2019-09-05_00:26:18.992[Status]Routing Start.
2019-09-05_00:26:19.250[Status]{'id': 12, 'coordinate': [921.2572456063893, 661.203139243493]}
2019-09-05_00:26:19.250[Status]Routing 87: Walk: 87
2019-09-05_00:26:19.351[Battery Energy]46.21
2019-09-05_00:26:19.351[Status]Routing Start.
2019-09-05_00:26:19.641[Status]{'id': 12, 'coordinate': [931.1912369351984, 660.0560488899699]}
2019-09-05_00:26:19.641[Status]Routing 88: Walk: 88
2019-09-05_00:26:19.741[Battery Energy]45.97
2019-09-05_00:26:19.741[Status]Routing Start.
2019-09-05_00:26:20.109[Status]{'id': 12, 'coordinate': [941.1252282640074, 658.9089585364468]}
2019-09-05_00:26:20.109[Status]Routing 89: Walk: 89
2019-09-05_00:26:20.224[Battery Energy]45.67
2019-09-05_00:26:20.224[Status]Routing Start.
2019-09-05_00:26:20.490[Status]{'id': 12, 'coordinate': [951.0592195928165, 657.7618681829238]}
2019-09-05_00:26:20.490[Status]Routing 90: Walk: 90
2019-09-05_00:26:20.608[Battery Energy]45.37
2019-09-05_00:26:20.608[Status]Routing Start.
2019-09-05_00:26:20.816[Status]{'id': 12, 'coordinate': [960.9932109216255, 656.6147778294007]}
2019-09-05_00:26:20.816[Status]Routing 91: Walk: 91
2019-09-05_00:26:20.924[Battery Energy]45.13
2019-09-05_00:26:20.925[Status]Routing Start.
2019-09-05_00:26:21.122[Status]{'id': 12, 'coordinate': [970.9272022504346, 655.4676874758776]}
2019-09-05_00:26:21.122[Status]Routing 92: Walk: 92
2019-09-05_00:26:21.232[Battery Energy]44.89
2019-09-05_00:26:21.232[Status]Routing Start.
2019-09-05_00:26:21.442[Status]{'id': 12, 'coordinate': [980.8611935792436, 654.3205971223546]}
2019-09-05_00:26:21.442[Status]Routing 93: Walk: 93
2019-09-05_00:26:21.560[Battery Energy]44.69
2019-09-05_00:26:21.560[Status]Routing Start.
2019-09-05_00:26:21.763[Status]{'id': 12, 'coordinate': [990.7951849080526, 653.1735067688314]}
2019-09-05_00:26:21.763[Status]Routing 94: Walk: 94
2019-09-05_00:26:21.863[Battery Energy]44.46
2019-09-05_00:26:21.863[Status]Routing Start.
2019-09-05_00:26:22.063[Status]{'id': 12, 'coordinate': [1000.7291762368617, 652.0264164153084]}
2019-09-05_00:26:22.063[Status]Routing 95: Walk: 95
2019-09-05_00:26:22.164[Battery Energy]44.24
2019-09-05_00:26:22.164[Status]Routing Start.
2019-09-05_00:26:22.346[Status]{'id': 12, 'coordinate': [1010.6631675656707, 650.8793260617853]}
2019-09-05_00:26:22.346[Status]Routing 96: Walk: 96
2019-09-05_00:26:22.452[Battery Energy]44.00
2019-09-05_00:26:22.452[Status]Routing Start.
2019-09-05_00:26:22.631[Status]{'id': 12, 'coordinate': [1020.5971588944798, 649.7322357082622]}
2019-09-05_00:26:22.631[Status]Routing 97: Walk: 97
2019-09-05_00:26:22.736[Battery Energy]43.79
2019-09-05_00:26:22.736[Status]Routing Start.
2019-09-05_00:26:23.064[Status]{'id': 12, 'coordinate': [1030.531150223289, 648.5851453547391]}
2019-09-05_00:26:23.064[Status]Routing 98: Walk: 98
2019-09-05_00:26:23.164[Battery Energy]43.52
2019-09-05_00:26:23.164[Status]Routing Start.
2019-09-05_00:26:23.418[Status]{'id': 12, 'coordinate': [1040.465141552098, 647.4380550012161]}
2019-09-05_00:26:23.418[Status]Routing 99: Walk: 99
2019-09-05_00:26:23.524[Battery Energy]43.25
2019-09-05_00:26:23.524[Status]Routing Start.
2019-09-05_00:26:23.733[Status]{'id': 12, 'coordinate': [1050.399132880907, 646.2909646476929]}
2019-09-05_00:26:23.734[Status]Routing 100: Walk: 100
2019-09-05_00:26:23.848[Battery Energy]43.01
2019-09-05_00:26:23.848[Status]Routing Start.
2019-09-05_00:26:24.049[Status]{'id': 12, 'coordinate': [1060.333124209716, 645.1438742941699]}
2019-09-05_00:26:24.049[Status]Routing 101: Walk: 101
2019-09-05_00:26:24.160[Battery Energy]42.79
2019-09-05_00:26:24.160[Status]Routing Start.
2019-09-05_00:26:24.345[Status]{'id': 12, 'coordinate': [1070.267115538525, 643.9967839406468]}
2019-09-05_00:26:24.346[Status]Routing 102: Walk: 102
2019-09-05_00:26:24.446[Battery Energy]42.55
2019-09-05_00:26:24.446[Status]Routing Start.
2019-09-05_00:26:24.649[Status]{'id': 12, 'coordinate': [1080.2011068673341, 642.8496935871237]}
2019-09-05_00:26:24.649[Status]Routing 103: Walk: 103
2019-09-05_00:26:24.753[Battery Energy]42.33
2019-09-05_00:26:24.753[Status]Routing Start.
2019-09-05_00:26:25.346[Status]{'id': 12, 'coordinate': [1081.8177503392749, 652.7181516168582]}
2019-09-05_00:26:25.346[Status]Routing 104: Walk: 104
2019-09-05_00:26:25.446[Battery Energy]41.78
2019-09-05_00:26:25.446[Status]Routing Start.
2019-09-05_00:26:25.750[Status]{'id': 12, 'coordinate': [1078.267498108891, 662.0667188386658]}
2019-09-05_00:26:25.750[Status]Routing 105: Walk: 105
2019-09-05_00:26:25.850[Battery Energy]41.40
2019-09-05_00:26:25.850[Status]Routing Start.
2019-09-05_00:26:26.161[Status]{'id': 12, 'coordinate': [1073.886204079385, 671.0558379627521]}
2019-09-05_00:26:26.161[Status]Routing 106: Walk: 106
2019-09-05_00:26:26.261[Battery Energy]41.01
2019-09-05_00:26:26.261[Status]Routing Start.
2019-09-05_00:26:26.709[Status]{'id': 12, 'coordinate': [1075.0095337722025, 680.9925441776522]}
2019-09-05_00:26:26.709[Status]Routing 107: Walk: 107
2019-09-05_00:26:26.825[Battery Energy]40.59
2019-09-05_00:26:26.825[Status]Routing Start.
2019-09-05_00:26:27.044[Status]{'id': 12, 'coordinate': [1084.5451284773374, 677.9804961004453]}
2019-09-05_00:26:27.044[Status]Routing 108: Walk: 108
2019-09-05_00:26:27.147[Battery Energy]40.31
2019-09-05_00:26:27.147[Status]Routing Start.
2019-09-05_00:26:27.675[Status]{'id': 12, 'coordinate': [1088.1701658982697, 687.3003192584692]}
2019-09-05_00:26:27.679[Status]Routing 109: Walk: 109
2019-09-05_00:26:27.779[Battery Energy]39.84
2019-09-05_00:26:27.779[Status]Routing Start.
2019-09-05_00:26:27.961[Status]{'id': 12, 'coordinate': [1097.5305142372895, 683.7812456627325]}
2019-09-05_00:26:27.961[Status]Routing 110: Walk: 110
2019-09-05_00:26:28.061[Battery Energy]39.62
2019-09-05_00:26:28.061[Status]Routing Start.
2019-09-05_00:26:28.476[Status]{'id': 12, 'coordinate': [1106.8908625763092, 680.2621720669958]}
2019-09-05_00:26:28.476[Status]Routing 111: Walk: 111
2019-09-05_00:26:28.576[Battery Energy]39.31
2019-09-05_00:26:28.576[Status]Routing Start.
2019-09-05_00:26:29.122[Status]{'id': 12, 'coordinate': [1116.251210915329, 676.7430984712591]}
2019-09-05_00:26:29.122[Status]Routing 112: Walk: 112
2019-09-05_00:26:29.222[Battery Energy]38.78
2019-09-05_00:26:29.222[Status]Routing Start.
2019-09-05_00:26:29.710[Status]{'id': 12, 'coordinate': [1125.6115592543488, 673.2240248755224]}
2019-09-05_00:26:29.711[Status]Routing 113: Walk: 113
2019-09-05_00:26:29.811[Battery Energy]38.27
2019-09-05_00:26:29.812[Status]Routing Start.
2019-09-05_00:26:30.222[Status]{'id': 12, 'coordinate': [1134.9719075933685, 669.7049512797857]}
2019-09-05_00:26:30.229[Status]Routing 114: Walk: 114
2019-09-05_00:26:30.330[Battery Energy]37.88
2019-09-05_00:26:30.330[Status]Routing Start.
2019-09-05_00:26:30.583[Status]{'id': 12, 'coordinate': [1144.3322559323883, 666.185877684049]}
2019-09-05_00:26:30.583[Status]Routing 115: Walk: 115
2019-09-05_00:26:30.683[Battery Energy]37.66
2019-09-05_00:26:30.683[Status]Routing Start.
2019-09-05_00:26:31.210[Status]{'id': 12, 'coordinate': [1153.692604271408, 662.6668040883123]}
2019-09-05_00:26:31.211[Status]Routing 116: Walk: 116
2019-09-05_00:26:31.311[Battery Energy]37.23
2019-09-05_00:26:31.311[Status]Routing Start.
2019-09-05_00:26:31.765[Status]{'id': 12, 'coordinate': [1163.0529526104278, 659.1477304925756]}
2019-09-05_00:26:31.765[Status]Routing 117: Walk: 117
2019-09-05_00:26:31.872[Battery Energy]36.85
2019-09-05_00:26:31.873[Status]Routing Start.
2019-09-05_00:26:32.232[Status]{'id': 12, 'coordinate': [1172.4133009494476, 655.628656896839]}
2019-09-05_00:26:32.232[Status]Routing 118: Walk: 118
2019-09-05_00:26:32.332[Battery Energy]36.58
2019-09-05_00:26:32.332[Status]Routing Start.
2019-09-05_00:26:32.656[Status]{'id': 12, 'coordinate': [1181.7736492884674, 652.1095833011022]}
2019-09-05_00:26:32.657[Status]Routing 119: Walk: 119
2019-09-05_00:26:32.768[Battery Energy]36.23
2019-09-05_00:26:32.768[Status]Routing Start.
2019-09-05_00:26:33.109[Status]{'id': 12, 'coordinate': [1191.1339976274871, 648.5905097053655]}
2019-09-05_00:26:33.113[Status]Routing 120: Walk: 120
2019-09-05_00:26:33.213[Battery Energy]35.91
2019-09-05_00:26:33.213[Status]Routing Start.
2019-09-05_00:26:33.518[Status]{'id': 12, 'coordinate': [1200.494345966507, 645.071436109629]}
2019-09-05_00:26:33.518[Status]Routing 121: Walk: 121
2019-09-05_00:26:33.620[Battery Energy]35.66
2019-09-05_00:26:33.620[Status]Routing Start.
2019-09-05_00:26:33.937[Status]{'id': 12, 'coordinate': [1209.8546943055267, 641.5523625138923]}
2019-09-05_00:26:33.937[Status]Routing 122: Walk: 122
2019-09-05_00:26:34.056[Battery Energy]35.36
2019-09-05_00:26:34.056[Status]Routing Start.
2019-09-05_00:26:34.308[Status]{'id': 12, 'coordinate': [1219.2150426445464, 638.0332889181556]}
2019-09-05_00:26:34.308[Status]Routing 123: Walk: 123
2019-09-05_00:26:34.428[Battery Energy]35.12
2019-09-05_00:26:34.428[Status]Routing Start.
2019-09-05_00:26:34.584[Status]{'id': 12, 'coordinate': [1228.5753909835662, 634.514215322419]}
2019-09-05_00:26:34.585[Status]Routing 124: Walk: 124
2019-09-05_00:26:34.699[Battery Energy]34.91
2019-09-05_00:26:34.699[Status]Routing Start.
2019-09-05_00:26:34.938[Status]{'id': 12, 'coordinate': [1237.935739322586, 630.9951417266823]}
2019-09-05_00:26:34.938[Status]Routing 125: Walk: 125
2019-09-05_00:26:35.038[Battery Energy]34.64
2019-09-05_00:26:35.038[Status]Routing Start.
2019-09-05_00:26:35.249[Status]{'id': 12, 'coordinate': [1247.2960876616057, 627.4760681309457]}
2019-09-05_00:26:35.249[Status]Routing 126: Walk: 126
2019-09-05_00:26:35.364[Battery Energy]34.41
2019-09-05_00:26:35.364[Status]Routing Start.
2019-09-05_00:26:35.595[Status]{'id': 12, 'coordinate': [1256.6564360006255, 623.956994535209]}
2019-09-05_00:26:35.595[Status]Routing 127: Walk: 127
2019-09-05_00:26:35.712[Battery Energy]34.16
2019-09-05_00:26:35.712[Status]Routing Start.
2019-09-05_00:26:35.712[Status]Task Finished.
2019-09-05_00:26:35.813[Battery Energy]34.16
2019-09-05_00:26:36.011[Status]Routing 129: Walk: 127
2019-09-05_00:26:36.111[Battery Energy]34.06
2019-09-05_00:26:36.342[Status]Routing 130: Walk: 127
2019-09-05_00:26:36.443[Battery Energy]33.88
2019-09-05_00:26:36.741[Status]Routing 131: Walk: 127
2019-09-05_00:26:36.856[Battery Energy]33.73
2019-09-05_00:26:37.092[Status]Routing 132: Walk: 127
2019-09-05_00:26:37.193[Battery Energy]33.55
2019-09-05_00:26:37.403[Status]Routing 133: Walk: 127
2019-09-05_00:26:37.504[Battery Energy]33.46
2019-09-05_00:26:37.726[Status]Routing 134: Walk: 127
2019-09-05_00:26:37.832[Battery Energy]33.30
2019-09-05_00:26:38.089[Status]Routing 135: Walk: 127
2019-09-05_00:26:38.189[Battery Energy]33.18
2019-09-05_00:26:38.414[Status]Routing 136: Walk: 127
2019-09-05_00:26:38.536[Battery Energy]32.98
2019-09-05_00:26:38.818[Status]Routing 137: Walk: 127
2019-09-05_00:26:38.922[Battery Energy]32.85
2019-09-05_00:26:39.142[Status]Routing 138: Walk: 127
2019-09-05_00:26:39.268[Battery Energy]32.73
2019-09-05_00:26:39.514[Status]Routing 139: Walk: 127
2019-09-05_00:26:39.620[Battery Energy]32.55
2019-09-05_00:26:39.961[Status]Routing 140: Walk: 127
2019-09-05_00:26:40.061[Battery Energy]32.32
2019-09-05_00:26:40.270[Status]Routing 141: Walk: 127
2019-09-05_00:26:40.370[Battery Energy]32.20
2019-09-05_00:26:40.522[Status]Routing 142: Walk: 127
2019-09-05_00:26:40.640[Battery Energy]32.09
2019-09-05_00:26:40.798[Status]Routing 143: Walk: 127
2019-09-05_00:26:40.899[Battery Energy]31.97
2019-09-05_00:26:41.256[Status]Routing 144: Walk: 127
2019-09-05_00:26:41.357[Battery Energy]31.80
2019-09-05_00:26:41.618[Status]Routing 145: Walk: 127
2019-09-05_00:26:41.718[Battery Energy]31.65
2019-09-05_00:26:41.943[Status]Routing 146: Walk: 127
2019-09-05_00:26:42.043[Battery Energy]31.46
2019-09-05_00:26:42.274[Status]Routing 147: Walk: 127
2019-09-05_00:26:42.382[Battery Energy]31.32
2019-09-05_00:26:42.553[Status]Routing 148: Walk: 127
2019-09-05_00:26:42.672[Battery Energy]31.21
2019-09-05_00:26:43.258[Status]Routing 149: Walk: 127
2019-09-05_00:26:43.367[Battery Energy]30.86
2019-09-05_00:26:43.750[Status]Routing 150: Walk: 127
2019-09-05_00:26:43.854[Battery Energy]30.64
2019-09-05_00:26:44.120[Status]Routing 151: Walk: 127
2019-09-05_00:26:44.221[Battery Energy]30.50
2019-09-05_00:26:44.427[Status]Routing 152: Walk: 127
2019-09-05_00:26:44.540[Battery Energy]30.40
2019-09-05_00:26:44.719[Status]Routing 153: Walk: 127
2019-09-05_00:26:44.834[Battery Energy]30.27
2019-09-05_00:26:45.025[Status]Routing 154: Walk: 127
2019-09-05_00:26:45.140[Battery Energy]30.15
2019-09-05_00:26:45.368[Status]Routing 155: Walk: 127
2019-09-05_00:26:45.485[Battery Energy]30.00
2019-09-05_00:26:45.637[Status]Routing 156: Walk: 127
2019-09-05_00:26:45.737[Battery Energy]29.90
