2019-09-05_00:25:35.055[Status]Start.
2019-09-05_00:25:35.055[Battery Energy]74.00
2019-09-05_00:25:36.156[Battery Energy]73.96
2019-09-05_00:25:37.258[Battery Energy]73.92
2019-09-05_00:25:38.359[Battery Energy]73.88
2019-09-05_00:25:39.459[Battery Energy]73.84
2019-09-05_00:25:40.563[Task]A New Task Released.
2019-09-05_00:25:40.563[Battery Energy]73.80
2019-09-05_00:25:40.563[Status]Selection Start.
2019-09-05_00:25:41.351[Status]Selection End: Do Task 2.
2019-09-05_00:25:41.451[Battery Energy]73.29
2019-09-05_00:25:41.451[Status]Formation Start.
2019-09-05_00:25:41.652[Status]Formation End: To Position 1.
2019-09-05_00:25:41.768[Battery Energy]73.15
2019-09-05_00:25:41.768[Status]Routing Start.
2019-09-05_00:25:42.017[Status]{'id': 18, 'coordinate': [63.42010183530854, 605.6441571234016]}
2019-09-05_00:25:42.017[Status]Routing 1: Walk: 1
2019-09-05_00:25:42.136[Battery Energy]72.91
2019-09-05_00:25:42.136[Status]Routing Start.
2019-09-05_00:25:42.506[Status]{'id': 18, 'coordinate': [72.84020367061709, 602.2883142468031]}
2019-09-05_00:25:42.506[Status]Routing 2: Walk: 2
2019-09-05_00:25:42.616[Battery Energy]72.62
2019-09-05_00:25:42.616[Status]Routing Start.
2019-09-05_00:25:42.787[Status]{'id': 18, 'coordinate': [82.26030550592563, 598.9324713702047]}
2019-09-05_00:25:42.790[Status]Routing 3: Walk: 3
2019-09-05_00:25:42.896[Battery Energy]72.41
2019-09-05_00:25:42.896[Status]Routing Start.
2019-09-05_00:25:43.122[Status]{'id': 18, 'coordinate': [91.68040734123417, 595.5766284936062]}
2019-09-05_00:25:43.123[Status]Routing 4: Walk: 4
2019-09-05_00:25:43.244[Battery Energy]72.17
2019-09-05_00:25:43.244[Status]Routing Start.
2019-09-05_00:25:43.466[Status]{'id': 18, 'coordinate': [101.10050917654272, 592.2207856170078]}
2019-09-05_00:25:43.466[Status]Routing 5: Walk: 5
2019-09-05_00:25:43.568[Battery Energy]71.90
2019-09-05_00:25:43.568[Status]Routing Start.
2019-09-05_00:25:43.894[Status]{'id': 18, 'coordinate': [110.52061101185126, 588.8649427404093]}
2019-09-05_00:25:43.894[Status]Routing 6: Walk: 6
2019-09-05_00:25:43.999[Battery Energy]71.61
2019-09-05_00:25:43.999[Status]Routing Start.
2019-09-05_00:25:44.315[Status]{'id': 18, 'coordinate': [119.9407128471598, 585.5090998638109]}
2019-09-05_00:25:44.317[Status]Routing 7: Walk: 7
2019-09-05_00:25:44.417[Battery Energy]71.30
2019-09-05_00:25:44.417[Status]Routing Start.
2019-09-05_00:25:44.778[Status]{'id': 18, 'coordinate': [129.36081468246834, 582.1532569872124]}
2019-09-05_00:25:44.778[Status]Routing 8: Walk: 8
2019-09-05_00:25:44.880[Battery Energy]70.96
2019-09-05_00:25:44.880[Status]Routing Start.
2019-09-05_00:25:45.183[Status]{'id': 18, 'coordinate': [138.7809165177769, 578.797414110614]}
2019-09-05_00:25:45.183[Status]Routing 9: Walk: 9
2019-09-05_00:25:45.283[Battery Energy]70.63
2019-09-05_00:25:45.283[Status]Routing Start.
2019-09-05_00:25:45.661[Status]{'id': 18, 'coordinate': [148.20101835308543, 575.4415712340156]}
2019-09-05_00:25:45.661[Status]Routing 10: Walk: 10
2019-09-05_00:25:45.780[Battery Energy]70.26
2019-09-05_00:25:45.780[Status]Routing Start.
2019-09-05_00:25:46.088[Status]{'id': 18, 'coordinate': [157.62112018839397, 572.0857283574171]}
2019-09-05_00:25:46.088[Status]Routing 11: Walk: 11
2019-09-05_00:25:46.188[Battery Energy]69.95
2019-09-05_00:25:46.188[Status]Routing Start.
2019-09-05_00:25:46.529[Status]{'id': 18, 'coordinate': [167.04122202370252, 568.7298854808187]}
2019-09-05_00:25:46.529[Status]Routing 12: Walk: 12
2019-09-05_00:25:46.629[Battery Energy]69.62
2019-09-05_00:25:46.629[Status]Routing Start.
2019-09-05_00:25:46.832[Status]{'id': 18, 'coordinate': [176.46132385901106, 565.3740426042202]}
2019-09-05_00:25:46.832[Status]Routing 13: Walk: 13
2019-09-05_00:25:46.952[Battery Energy]69.38
2019-09-05_00:25:46.952[Status]Routing Start.
2019-09-05_00:25:47.262[Status]{'id': 18, 'coordinate': [185.8814256943196, 562.0181997276218]}
2019-09-05_00:25:47.263[Status]Routing 14: Walk: 14
2019-09-05_00:25:47.364[Battery Energy]69.10
2019-09-05_00:25:47.364[Status]Routing Start.
2019-09-05_00:25:47.865[Status]{'id': 18, 'coordinate': [190.56995271208226, 570.8509634176403]}
2019-09-05_00:25:47.865[Status]Routing 15: Walk: 15
2019-09-05_00:25:47.965[Battery Energy]68.59
2019-09-05_00:25:47.965[Status]Routing Start.
2019-09-05_00:25:48.117[Status]{'id': 18, 'coordinate': [199.95600365972555, 567.4010289822858]}
2019-09-05_00:25:48.117[Status]Routing 16: Walk: 16
2019-09-05_00:25:48.235[Battery Energy]68.39
2019-09-05_00:25:48.235[Status]Routing Start.
2019-09-05_00:25:48.426[Status]{'id': 18, 'coordinate': [209.34205460736885, 563.9510945469312]}
2019-09-05_00:25:48.426[Status]Routing 17: Walk: 17
2019-09-05_00:25:48.530[Battery Energy]68.17
2019-09-05_00:25:48.530[Status]Routing Start.
2019-09-05_00:25:49.056[Status]{'id': 18, 'coordinate': [214.88261448748017, 572.2758886113452]}
2019-09-05_00:25:49.056[Status]Routing 18: Walk: 18
2019-09-05_00:25:49.156[Battery Energy]67.68
2019-09-05_00:25:49.156[Status]Routing Start.
2019-09-05_00:25:49.533[Status]{'id': 18, 'coordinate': [224.2334762417574, 568.7316842644718]}
2019-09-05_00:25:49.533[Status]Routing 19: Walk: 19
2019-09-05_00:25:49.634[Battery Energy]67.24
2019-09-05_00:25:49.634[Status]Routing Start.
2019-09-05_00:25:50.037[Status]{'id': 18, 'coordinate': [233.5843379960346, 565.1874799175985]}
2019-09-05_00:25:50.037[Status]Routing 20: Walk: 20
2019-09-05_00:25:50.137[Battery Energy]66.83
2019-09-05_00:25:50.137[Status]Routing Start.
2019-09-05_00:25:50.468[Status]{'id': 18, 'coordinate': [242.93519975031182, 561.6432755707251]}
2019-09-05_00:25:50.469[Status]Routing 21: Walk: 21
2019-09-05_00:25:50.574[Battery Energy]66.44
2019-09-05_00:25:50.575[Status]Routing Start.
2019-09-05_00:25:51.008[Status]{'id': 18, 'coordinate': [251.20720953909841, 567.2623372409881]}
2019-09-05_00:25:51.009[Status]Routing 22: Walk: 22
2019-09-05_00:25:51.109[Battery Energy]66.09
2019-09-05_00:25:51.109[Status]Routing Start.
2019-09-05_00:25:51.453[Status]{'id': 18, 'coordinate': [260.52653933634804, 563.6360316650479]}
2019-09-05_00:25:51.453[Status]Routing 23: Walk: 23
2019-09-05_00:25:51.553[Battery Energy]65.69
2019-09-05_00:25:51.553[Status]Routing Start.
2019-09-05_00:25:51.937[Status]{'id': 18, 'coordinate': [269.84586913359766, 560.0097260891076]}
2019-09-05_00:25:51.937[Status]Routing 24: Walk: 24
2019-09-05_00:25:52.040[Battery Energy]65.31
2019-09-05_00:25:52.040[Status]Routing Start.
2019-09-05_00:25:52.400[Status]{'id': 18, 'coordinate': [279.1651989308473, 556.3834205131674]}
2019-09-05_00:25:52.404[Status]Routing 25: Walk: 25
2019-09-05_00:25:52.504[Battery Energy]64.91
2019-09-05_00:25:52.504[Status]Routing Start.
2019-09-05_00:25:52.849[Status]{'id': 18, 'coordinate': [288.4845287280969, 552.7571149372271]}
2019-09-05_00:25:52.849[Status]Routing 26: Walk: 26
2019-09-05_00:25:52.949[Battery Energy]64.55
2019-09-05_00:25:52.949[Status]Routing Start.
2019-09-05_00:25:53.135[Status]{'id': 18, 'coordinate': [297.8038585253465, 549.1308093612869]}
2019-09-05_00:25:53.138[Status]Routing 27: Walk: 27
2019-09-05_00:25:53.252[Battery Energy]64.31
2019-09-05_00:25:53.252[Status]Routing Start.
2019-09-05_00:25:53.594[Status]{'id': 18, 'coordinate': [307.12318832259615, 545.5045037853466]}
2019-09-05_00:25:53.594[Status]Routing 28: Walk: 28
2019-09-05_00:25:53.696[Battery Energy]64.00
2019-09-05_00:25:53.696[Status]Routing Start.
2019-09-05_00:25:54.106[Status]{'id': 18, 'coordinate': [316.4425181198458, 541.8781982094064]}
2019-09-05_00:25:54.106[Status]Routing 29: Walk: 29
2019-09-05_00:25:54.216[Battery Energy]63.70
2019-09-05_00:25:54.216[Status]Routing Start.
2019-09-05_00:25:54.571[Status]{'id': 18, 'coordinate': [325.7618479170954, 538.2518926334661]}
2019-09-05_00:25:54.572[Status]Routing 30: Walk: 30
2019-09-05_00:25:54.688[Battery Energy]63.34
2019-09-05_00:25:54.688[Status]Routing Start.
2019-09-05_00:25:55.025[Status]{'id': 18, 'coordinate': [335.081177714345, 534.6255870575259]}
2019-09-05_00:25:55.025[Status]Routing 31: Walk: 31
2019-09-05_00:25:55.131[Battery Energy]63.01
2019-09-05_00:25:55.131[Status]Routing Start.
2019-09-05_00:25:55.536[Status]{'id': 18, 'coordinate': [344.40050751159464, 530.9992814815856]}
2019-09-05_00:25:55.536[Status]Routing 32: Walk: 32
2019-09-05_00:25:55.648[Battery Energy]62.68
2019-09-05_00:25:55.648[Status]Routing Start.
2019-09-05_00:25:55.988[Status]{'id': 18, 'coordinate': [353.71983730884426, 527.3729759056454]}
2019-09-05_00:25:55.988[Status]Routing 33: Walk: 33
2019-09-05_00:25:56.096[Battery Energy]62.35
2019-09-05_00:25:56.096[Status]Routing Start.
2019-09-05_00:25:56.498[Status]{'id': 18, 'coordinate': [363.0391671060939, 523.7466703297051]}
2019-09-05_00:25:56.498[Status]Routing 34: Walk: 34
2019-09-05_00:25:56.599[Battery Energy]61.94
2019-09-05_00:25:56.599[Status]Routing Start.
2019-09-05_00:25:56.972[Status]{'id': 18, 'coordinate': [372.3584969033435, 520.1203647537649]}
2019-09-05_00:25:56.973[Status]Routing 35: Walk: 35
2019-09-05_00:25:57.073[Battery Energy]61.54
2019-09-05_00:25:57.073[Status]Routing Start.
2019-09-05_00:25:57.441[Status]{'id': 18, 'coordinate': [381.67782670059313, 516.4940591778246]}
2019-09-05_00:25:57.441[Status]Routing 36: Walk: 36
2019-09-05_00:25:57.556[Battery Energy]61.20
2019-09-05_00:25:57.556[Status]Routing Start.
2019-09-05_00:25:57.917[Status]{'id': 18, 'coordinate': [390.99715649784275, 512.8677536018844]}
2019-09-05_00:25:57.917[Status]Routing 37: Walk: 37
2019-09-05_00:25:58.020[Battery Energy]60.91
2019-09-05_00:25:58.020[Status]Routing Start.
2019-09-05_00:25:58.511[Status]{'id': 18, 'coordinate': [400.3164862950924, 509.2414480259442]}
2019-09-05_00:25:58.512[Status]Routing 38: Walk: 38
2019-09-05_00:25:58.612[Battery Energy]60.40
2019-09-05_00:25:58.612[Status]Routing Start.
2019-09-05_00:25:58.756[Status]{'id': 18, 'coordinate': [409.635816092342, 505.615142450004]}
2019-09-05_00:25:58.760[Status]Routing 39: Walk: 39
2019-09-05_00:25:58.860[Battery Energy]60.22
2019-09-05_00:25:58.860[Status]Routing Start.
2019-09-05_00:25:59.208[Status]{'id': 18, 'coordinate': [418.9551458895916, 501.9888368740638]}
2019-09-05_00:25:59.208[Status]Routing 40: Walk: 40
2019-09-05_00:25:59.308[Battery Energy]59.88
2019-09-05_00:25:59.308[Status]Routing Start.
2019-09-05_00:25:59.653[Status]{'id': 18, 'coordinate': [428.27447568684124, 498.3625312981236]}
2019-09-05_00:25:59.653[Status]Routing 41: Walk: 41
2019-09-05_00:25:59.760[Battery Energy]59.56
2019-09-05_00:25:59.760[Status]Routing Start.
2019-09-05_00:26:00.045[Status]{'id': 18, 'coordinate': [437.59380548409086, 494.7362257221834]}
2019-09-05_00:26:00.045[Status]Routing 42: Walk: 42
2019-09-05_00:26:00.148[Battery Energy]59.32
2019-09-05_00:26:00.148[Status]Routing Start.
2019-09-05_00:26:00.490[Status]{'id': 18, 'coordinate': [446.9131352813405, 491.1099201462432]}
2019-09-05_00:26:00.490[Status]Routing 43: Walk: 43
2019-09-05_00:26:00.590[Battery Energy]59.01
2019-09-05_00:26:00.590[Status]Routing Start.
2019-09-05_00:26:00.795[Status]{'id': 18, 'coordinate': [456.2324650785901, 487.483614570303]}
2019-09-05_00:26:00.795[Status]Routing 44: Walk: 44
2019-09-05_00:26:00.895[Battery Energy]58.78
2019-09-05_00:26:00.895[Status]Routing Start.
2019-09-05_00:26:01.324[Status]{'id': 18, 'coordinate': [465.55179487583973, 483.8573089943628]}
2019-09-05_00:26:01.324[Status]Routing 45: Walk: 45
2019-09-05_00:26:01.424[Battery Energy]58.48
2019-09-05_00:26:01.424[Status]Routing Start.
2019-09-05_00:26:01.917[Status]{'id': 18, 'coordinate': [469.3556746050806, 493.1055790491066]}
2019-09-05_00:26:01.918[Status]Routing 46: Walk: 46
2019-09-05_00:26:02.024[Battery Energy]58.03
2019-09-05_00:26:02.024[Status]Routing Start.
2019-09-05_00:26:02.274[Status]{'id': 18, 'coordinate': [478.62231047223077, 489.3466616909241]}
2019-09-05_00:26:02.274[Status]Routing 47: Walk: 47
2019-09-05_00:26:02.396[Battery Energy]57.77
2019-09-05_00:26:02.396[Status]Routing Start.
2019-09-05_00:26:02.806[Status]{'id': 18, 'coordinate': [483.1309293582122, 498.2725989381252]}
2019-09-05_00:26:02.806[Status]Routing 48: Walk: 48
2019-09-05_00:26:02.906[Battery Energy]57.38
2019-09-05_00:26:02.906[Status]Routing Start.
2019-09-05_00:26:03.211[Status]Routing 49: Walk: 48
2019-09-05_00:26:03.311[Battery Energy]57.06
2019-09-05_00:26:03.311[Status]Routing Start.
2019-09-05_00:26:03.553[Status]{'id': 18, 'coordinate': [492.34229993002333, 494.3802150684674]}
2019-09-05_00:26:03.553[Status]Routing 50: Walk: 49
2019-09-05_00:26:03.653[Battery Energy]56.79
2019-09-05_00:26:03.653[Status]Routing Start.
2019-09-05_00:26:04.185[Status]{'id': 18, 'coordinate': [496.311543491862, 503.5587283220833]}
2019-09-05_00:26:04.185[Status]Routing 51: Walk: 50
2019-09-05_00:26:04.285[Battery Energy]56.26
2019-09-05_00:26:04.285[Status]Routing Start.
2019-09-05_00:26:04.699[Status]Routing 52: Walk: 50
2019-09-05_00:26:04.808[Battery Energy]55.91
2019-09-05_00:26:04.808[Status]Routing Start.
2019-09-05_00:26:04.998[Status]{'id': 18, 'coordinate': [505.4646714902643, 499.5312914392926]}
2019-09-05_00:26:04.998[Status]Routing 53: Walk: 51
2019-09-05_00:26:05.111[Battery Energy]55.70
2019-09-05_00:26:05.111[Status]Routing Start.
2019-09-05_00:26:05.680[Status]{'id': 18, 'coordinate': [511.64673802337666, 507.3914475051842]}
2019-09-05_00:26:05.680[Status]Routing 54: Walk: 52
2019-09-05_00:26:05.780[Battery Energy]55.28
2019-09-05_00:26:05.780[Status]Routing Start.
2019-09-05_00:26:05.984[Status]{'id': 18, 'coordinate': [520.7404704830644, 503.2316362172023]}
2019-09-05_00:26:05.986[Status]Routing 55: Walk: 53
2019-09-05_00:26:06.104[Battery Energy]55.03
2019-09-05_00:26:06.104[Status]Routing Start.
2019-09-05_00:26:06.539[Status]{'id': 18, 'coordinate': [529.8342029427522, 499.07182492922044]}
2019-09-05_00:26:06.539[Status]Routing 56: Walk: 54
2019-09-05_00:26:06.644[Battery Energy]54.66
2019-09-05_00:26:06.644[Status]Routing Start.
2019-09-05_00:26:07.015[Status]{'id': 18, 'coordinate': [538.92793540244, 494.91201364123856]}
2019-09-05_00:26:07.021[Status]Routing 57: Walk: 55
2019-09-05_00:26:07.121[Battery Energy]54.31
2019-09-05_00:26:07.121[Status]Routing Start.
2019-09-05_00:26:07.654[Status]{'id': 18, 'coordinate': [548.0216678621277, 490.7522023532567]}
2019-09-05_00:26:07.654[Status]Routing 58: Walk: 56
2019-09-05_00:26:07.754[Battery Energy]53.80
2019-09-05_00:26:07.754[Status]Routing Start.
2019-09-05_00:26:08.076[Status]{'id': 18, 'coordinate': [557.1154003218155, 486.5923910652748]}
2019-09-05_00:26:08.076[Status]Routing 59: Walk: 57
2019-09-05_00:26:08.176[Battery Energy]53.43
2019-09-05_00:26:08.176[Status]Routing Start.
2019-09-05_00:26:08.363[Status]{'id': 18, 'coordinate': [566.2091327815033, 482.4325797772929]}
2019-09-05_00:26:08.367[Status]Routing 60: Walk: 58
2019-09-05_00:26:08.467[Battery Energy]53.20
2019-09-05_00:26:08.467[Status]Routing Start.
2019-09-05_00:26:08.783[Status]{'id': 18, 'coordinate': [575.3028652411911, 478.27276848931103]}
2019-09-05_00:26:08.784[Status]Routing 61: Walk: 59
2019-09-05_00:26:08.884[Battery Energy]52.86
2019-09-05_00:26:08.884[Status]Routing Start.
2019-09-05_00:26:09.271[Status]{'id': 18, 'coordinate': [584.3965977008788, 474.11295720132915]}
2019-09-05_00:26:09.271[Status]Routing 62: Walk: 60
2019-09-05_00:26:09.372[Battery Energy]52.51
2019-09-05_00:26:09.372[Status]Routing Start.
2019-09-05_00:26:09.686[Status]{'id': 18, 'coordinate': [593.4903301605666, 469.95314591334727]}
2019-09-05_00:26:09.686[Status]Routing 63: Walk: 61
2019-09-05_00:26:09.786[Battery Energy]52.23
2019-09-05_00:26:09.786[Status]Routing Start.
2019-09-05_00:26:10.152[Status]{'id': 18, 'coordinate': [602.5840626202544, 465.7933346253654]}
2019-09-05_00:26:10.152[Status]Routing 64: Walk: 62
2019-09-05_00:26:10.256[Battery Energy]51.94
2019-09-05_00:26:10.256[Status]Routing Start.
2019-09-05_00:26:10.577[Status]{'id': 18, 'coordinate': [611.6777950799421, 461.6335233373835]}
2019-09-05_00:26:10.577[Status]Routing 65: Walk: 63
2019-09-05_00:26:10.684[Battery Energy]51.66
2019-09-05_00:26:10.684[Status]Routing Start.
2019-09-05_00:26:11.079[Status]{'id': 18, 'coordinate': [620.7715275396299, 457.4737120494016]}
2019-09-05_00:26:11.079[Status]Routing 66: Walk: 64
2019-09-05_00:26:11.184[Battery Energy]51.29
2019-09-05_00:26:11.184[Status]Routing Start.
2019-09-05_00:26:11.512[Status]{'id': 18, 'coordinate': [629.8652599993177, 453.31390076141975]}
2019-09-05_00:26:11.512[Status]Routing 67: Walk: 65
2019-09-05_00:26:11.617[Battery Energy]50.97
2019-09-05_00:26:11.617[Status]Routing Start.
2019-09-05_00:26:11.836[Status]{'id': 18, 'coordinate': [638.9589924590055, 449.15408947343786]}
2019-09-05_00:26:11.836[Status]Routing 68: Walk: 66
2019-09-05_00:26:11.936[Battery Energy]50.77
2019-09-05_00:26:11.936[Status]Routing Start.
2019-09-05_00:26:12.137[Status]{'id': 18, 'coordinate': [648.0527249186932, 444.994278185456]}
2019-09-05_00:26:12.137[Status]Routing 69: Walk: 67
2019-09-05_00:26:12.244[Battery Energy]50.54
2019-09-05_00:26:12.244[Status]Routing Start.
2019-09-05_00:26:12.443[Status]{'id': 18, 'coordinate': [657.146457378381, 440.8344668974741]}
2019-09-05_00:26:12.443[Status]Routing 70: Walk: 68
2019-09-05_00:26:12.543[Battery Energy]50.34
2019-09-05_00:26:12.543[Status]Routing Start.
2019-09-05_00:26:12.981[Status]{'id': 18, 'coordinate': [666.2401898380688, 436.6746556094922]}
2019-09-05_00:26:12.981[Status]Routing 71: Walk: 69
2019-09-05_00:26:13.082[Battery Energy]50.03
2019-09-05_00:26:13.082[Status]Routing Start.
2019-09-05_00:26:13.433[Status]{'id': 18, 'coordinate': [675.3339222977565, 432.51484432151034]}
2019-09-05_00:26:13.434[Status]Routing 72: Walk: 70
2019-09-05_00:26:13.544[Battery Energy]49.70
2019-09-05_00:26:13.544[Status]Routing Start.
2019-09-05_00:26:13.778[Status]{'id': 18, 'coordinate': [684.4276547574443, 428.35503303352846]}
2019-09-05_00:26:13.778[Status]Routing 73: Walk: 71
2019-09-05_00:26:13.903[Battery Energy]49.40
2019-09-05_00:26:13.903[Status]Routing Start.
2019-09-05_00:26:14.131[Status]{'id': 18, 'coordinate': [693.5213872171321, 424.1952217455466]}
2019-09-05_00:26:14.131[Status]Routing 74: Walk: 72
2019-09-05_00:26:14.236[Battery Energy]49.14
2019-09-05_00:26:14.236[Status]Routing Start.
2019-09-05_00:26:14.584[Status]{'id': 18, 'coordinate': [702.6151196768199, 420.0354104575647]}
2019-09-05_00:26:14.584[Status]Routing 75: Walk: 73
2019-09-05_00:26:14.692[Battery Energy]48.81
2019-09-05_00:26:14.692[Status]Routing Start.
2019-09-05_00:26:14.989[Status]{'id': 18, 'coordinate': [711.7088521365076, 415.8755991695828]}
2019-09-05_00:26:14.989[Status]Routing 76: Walk: 74
2019-09-05_00:26:15.089[Battery Energy]48.51
2019-09-05_00:26:15.089[Status]Routing Start.
2019-09-05_00:26:15.450[Status]{'id': 18, 'coordinate': [720.8025845961954, 411.71578788160093]}
2019-09-05_00:26:15.450[Status]Routing 77: Walk: 75
2019-09-05_00:26:15.564[Battery Energy]48.18
2019-09-05_00:26:15.564[Status]Routing Start.
2019-09-05_00:26:15.881[Status]{'id': 18, 'coordinate': [729.8963170558832, 407.55597659361905]}
2019-09-05_00:26:15.881[Status]Routing 78: Walk: 76
2019-09-05_00:26:15.982[Battery Energy]47.90
2019-09-05_00:26:15.982[Status]Routing Start.
2019-09-05_00:26:16.434[Status]{'id': 18, 'coordinate': [738.990049515571, 403.39616530563717]}
2019-09-05_00:26:16.435[Status]Routing 79: Walk: 77
2019-09-05_00:26:16.540[Battery Energy]47.52
2019-09-05_00:26:16.540[Status]Routing Start.
2019-09-05_00:26:16.818[Status]{'id': 18, 'coordinate': [748.0837819752587, 399.2363540176553]}
2019-09-05_00:26:16.818[Status]Routing 80: Walk: 78
2019-09-05_00:26:16.924[Battery Energy]47.28
2019-09-05_00:26:16.924[Status]Routing Start.
2019-09-05_00:26:17.148[Status]{'id': 18, 'coordinate': [757.1775144349465, 395.0765427296734]}
2019-09-05_00:26:17.148[Status]Routing 81: Walk: 79
2019-09-05_00:26:17.275[Battery Energy]47.03
2019-09-05_00:26:17.276[Status]Routing Start.
2019-09-05_00:26:17.516[Status]{'id': 18, 'coordinate': [766.2712468946343, 390.9167314416915]}
2019-09-05_00:26:17.516[Status]Routing 82: Walk: 80
2019-09-05_00:26:17.628[Battery Energy]46.80
2019-09-05_00:26:17.628[Status]Routing Start.
2019-09-05_00:26:17.859[Status]{'id': 18, 'coordinate': [775.364979354322, 386.75692015370964]}
2019-09-05_00:26:17.859[Status]Routing 83: Walk: 81
2019-09-05_00:26:17.968[Battery Energy]46.60
2019-09-05_00:26:17.968[Status]Routing Start.
2019-09-05_00:26:18.247[Status]{'id': 18, 'coordinate': [784.4587118140098, 382.59710886572776]}
2019-09-05_00:26:18.247[Status]Routing 84: Walk: 82
2019-09-05_00:26:18.381[Battery Energy]46.32
2019-09-05_00:26:18.381[Status]Routing Start.
2019-09-05_00:26:18.555[Status]{'id': 18, 'coordinate': [793.5524442736976, 378.4372975777459]}
2019-09-05_00:26:18.555[Status]Routing 85: Walk: 83
2019-09-05_00:26:18.672[Battery Energy]46.06
2019-09-05_00:26:18.672[Status]Routing Start.
2019-09-05_00:26:18.888[Status]{'id': 18, 'coordinate': [802.6461767333853, 374.277486289764]}
2019-09-05_00:26:18.888[Status]Routing 86: Walk: 84
2019-09-05_00:26:19.004[Battery Energy]45.83
2019-09-05_00:26:19.004[Status]Routing Start.
2019-09-05_00:26:19.249[Status]{'id': 18, 'coordinate': [811.7399091930731, 370.1176750017821]}
2019-09-05_00:26:19.249[Status]Routing 87: Walk: 85
2019-09-05_00:26:19.356[Battery Energy]45.56
2019-09-05_00:26:19.356[Status]Routing Start.
2019-09-05_00:26:19.642[Status]{'id': 18, 'coordinate': [820.8336416527609, 365.95786371380024]}
2019-09-05_00:26:19.642[Status]Routing 88: Walk: 86
2019-09-05_00:26:19.752[Battery Energy]45.33
2019-09-05_00:26:19.752[Status]Routing Start.
2019-09-05_00:26:20.107[Status]{'id': 18, 'coordinate': [829.9273741124487, 361.79805242581836]}
2019-09-05_00:26:20.107[Status]Routing 89: Walk: 87
2019-09-05_00:26:20.207[Battery Energy]45.04
2019-09-05_00:26:20.207[Status]Routing Start.
2019-09-05_00:26:20.488[Status]{'id': 18, 'coordinate': [839.0211065721364, 357.6382411378365]}
2019-09-05_00:26:20.488[Status]Routing 90: Walk: 88
2019-09-05_00:26:20.602[Battery Energy]44.76
2019-09-05_00:26:20.602[Status]Routing Start.
2019-09-05_00:26:20.812[Status]{'id': 18, 'coordinate': [848.1148390318242, 353.4784298498546]}
2019-09-05_00:26:20.812[Status]Routing 91: Walk: 89
2019-09-05_00:26:20.928[Battery Energy]44.58
2019-09-05_00:26:20.928[Status]Routing Start.
2019-09-05_00:26:21.122[Status]{'id': 18, 'coordinate': [857.208571491512, 349.3186185618727]}
2019-09-05_00:26:21.123[Status]Routing 92: Walk: 90
2019-09-05_00:26:21.224[Battery Energy]44.34
2019-09-05_00:26:21.224[Status]Routing Start.
2019-09-05_00:26:21.438[Status]{'id': 18, 'coordinate': [866.3023039511997, 345.15880727389083]}
2019-09-05_00:26:21.438[Status]Routing 93: Walk: 91
2019-09-05_00:26:21.538[Battery Energy]44.12
2019-09-05_00:26:21.538[Status]Routing Start.
2019-09-05_00:26:21.762[Status]{'id': 18, 'coordinate': [875.3960364108875, 340.99899598590895]}
2019-09-05_00:26:21.762[Status]Routing 94: Walk: 92
2019-09-05_00:26:21.868[Battery Energy]43.90
2019-09-05_00:26:21.868[Status]Routing Start.
2019-09-05_00:26:22.061[Status]{'id': 18, 'coordinate': [884.4897688705753, 336.83918469792707]}
2019-09-05_00:26:22.061[Status]Routing 95: Walk: 93
2019-09-05_00:26:22.162[Battery Energy]43.68
2019-09-05_00:26:22.162[Status]Routing Start.
2019-09-05_00:26:22.347[Status]{'id': 18, 'coordinate': [893.5835013302631, 332.6793734099452]}
2019-09-05_00:26:22.348[Status]Routing 96: Walk: 94
2019-09-05_00:26:22.452[Battery Energy]43.45
2019-09-05_00:26:22.452[Status]Routing Start.
2019-09-05_00:26:22.628[Status]{'id': 18, 'coordinate': [902.6772337899508, 328.5195621219633]}
2019-09-05_00:26:22.628[Status]Routing 97: Walk: 95
2019-09-05_00:26:22.729[Battery Energy]43.23
2019-09-05_00:26:22.729[Status]Routing Start.
2019-09-05_00:26:23.066[Status]{'id': 18, 'coordinate': [911.7709662496386, 324.3597508339814]}
2019-09-05_00:26:23.066[Status]Routing 98: Walk: 96
2019-09-05_00:26:23.193[Battery Energy]42.92
2019-09-05_00:26:23.193[Status]Routing Start.
2019-09-05_00:26:23.421[Status]{'id': 18, 'coordinate': [920.8646987093264, 320.19993954599954]}
2019-09-05_00:26:23.421[Status]Routing 99: Walk: 97
2019-09-05_00:26:23.528[Battery Energy]42.66
2019-09-05_00:26:23.528[Status]Routing Start.
2019-09-05_00:26:23.730[Status]{'id': 18, 'coordinate': [929.9584311690141, 316.04012825801766]}
2019-09-05_00:26:23.730[Status]Routing 100: Walk: 98
2019-09-05_00:26:23.831[Battery Energy]42.40
2019-09-05_00:26:23.831[Status]Routing Start.
2019-09-05_00:26:24.056[Status]{'id': 18, 'coordinate': [939.0521636287019, 311.8803169700358]}
2019-09-05_00:26:24.056[Status]Routing 101: Walk: 99
2019-09-05_00:26:24.156[Battery Energy]42.18
2019-09-05_00:26:24.157[Status]Routing Start.
2019-09-05_00:26:24.352[Status]{'id': 18, 'coordinate': [948.1458960883897, 307.7205056820539]}
2019-09-05_00:26:24.352[Status]Routing 102: Walk: 100
2019-09-05_00:26:24.456[Battery Energy]41.92
2019-09-05_00:26:24.456[Status]Routing Start.
2019-09-05_00:26:24.646[Status]{'id': 18, 'coordinate': [957.2396285480775, 303.560694394072]}
2019-09-05_00:26:24.647[Status]Routing 103: Walk: 101
2019-09-05_00:26:24.747[Battery Energy]41.67
2019-09-05_00:26:24.747[Status]Routing Start.
2019-09-05_00:26:25.146[Status]{'id': 18, 'coordinate': [966.3333610077652, 299.40088310609013]}
2019-09-05_00:26:25.148[Status]Routing 104: Walk: 102
2019-09-05_00:26:25.260[Battery Energy]41.33
2019-09-05_00:26:25.260[Status]Routing Start.
2019-09-05_00:26:25.594[Status]{'id': 18, 'coordinate': [975.427093467453, 295.24107181810825]}
2019-09-05_00:26:25.594[Status]Routing 105: Walk: 103
2019-09-05_00:26:25.699[Battery Energy]41.03
2019-09-05_00:26:25.699[Status]Routing Start.
2019-09-05_00:26:26.017[Status]{'id': 18, 'coordinate': [984.5208259271408, 291.08126053012637]}
2019-09-05_00:26:26.017[Status]Routing 106: Walk: 104
2019-09-05_00:26:26.119[Battery Energy]40.73
2019-09-05_00:26:26.119[Status]Routing Start.
2019-09-05_00:26:26.570[Status]{'id': 18, 'coordinate': [993.6145583868285, 286.9214492421445]}
2019-09-05_00:26:26.571[Status]Routing 107: Walk: 105
2019-09-05_00:26:26.672[Battery Energy]40.35
2019-09-05_00:26:26.672[Status]Routing Start.
2019-09-05_00:26:27.038[Status]{'id': 18, 'coordinate': [1002.7082908465163, 282.7616379541626]}
2019-09-05_00:26:27.038[Status]Routing 108: Walk: 106
2019-09-05_00:26:27.144[Battery Energy]40.00
2019-09-05_00:26:27.144[Status]Routing Start.
2019-09-05_00:26:27.480[Status]{'id': 18, 'coordinate': [1011.8020233062041, 278.6018266661807]}
2019-09-05_00:26:27.480[Status]Routing 109: Walk: 107
2019-09-05_00:26:27.584[Battery Energy]39.69
2019-09-05_00:26:27.584[Status]Routing Start.
2019-09-05_00:26:27.976[Status]{'id': 18, 'coordinate': [1020.8957557658919, 274.44201537819885]}
2019-09-05_00:26:27.976[Status]Routing 110: Walk: 108
2019-09-05_00:26:28.077[Battery Energy]39.36
2019-09-05_00:26:28.077[Status]Routing Start.
2019-09-05_00:26:28.476[Status]{'id': 18, 'coordinate': [1029.9894882255796, 270.28220409021696]}
2019-09-05_00:26:28.476[Status]Routing 111: Walk: 109
2019-09-05_00:26:28.596[Battery Energy]38.99
2019-09-05_00:26:28.596[Status]Routing Start.
2019-09-05_00:26:28.963[Status]{'id': 18, 'coordinate': [1039.0832206852674, 266.122392802235]}
2019-09-05_00:26:28.963[Status]Routing 112: Walk: 110
2019-09-05_00:26:29.067[Battery Energy]38.63
2019-09-05_00:26:29.068[Status]Routing Start.
2019-09-05_00:26:29.531[Status]{'id': 18, 'coordinate': [1048.1769531449552, 261.96258151425315]}
2019-09-05_00:26:29.532[Status]Routing 113: Walk: 111
2019-09-05_00:26:29.636[Battery Energy]38.29
2019-09-05_00:26:29.636[Status]Routing Start.
2019-09-05_00:26:30.041[Status]{'id': 18, 'coordinate': [1057.270685604643, 257.8027702262712]}
2019-09-05_00:26:30.043[Status]Routing 114: Walk: 112
2019-09-05_00:26:30.143[Battery Energy]37.93
2019-09-05_00:26:30.143[Status]Routing Start.
2019-09-05_00:26:30.579[Status]{'id': 18, 'coordinate': [1066.3644180643307, 253.6429589382893]}
2019-09-05_00:26:30.579[Status]Routing 115: Walk: 113
2019-09-05_00:26:30.679[Battery Energy]37.55
2019-09-05_00:26:30.680[Status]Routing Start.
2019-09-05_00:26:31.216[Status]{'id': 18, 'coordinate': [1075.4581505240185, 249.4831476503074]}
2019-09-05_00:26:31.218[Status]Routing 116: Walk: 114
2019-09-05_00:26:31.318[Battery Energy]37.10
2019-09-05_00:26:31.318[Status]Routing Start.
2019-09-05_00:26:31.764[Status]{'id': 18, 'coordinate': [1084.5518829837063, 245.32333636232548]}
2019-09-05_00:26:31.764[Status]Routing 117: Walk: 115
2019-09-05_00:26:31.864[Battery Energy]36.73
2019-09-05_00:26:31.864[Status]Routing Start.
2019-09-05_00:26:32.230[Status]{'id': 18, 'coordinate': [1093.645615443394, 241.16352507434354]}
2019-09-05_00:26:32.231[Status]Routing 118: Walk: 116
2019-09-05_00:26:32.332[Battery Energy]36.35
2019-09-05_00:26:32.332[Status]Routing Start.
2019-09-05_00:26:32.653[Status]{'id': 18, 'coordinate': [1102.7393479030818, 237.0037137863616]}
2019-09-05_00:26:32.653[Status]Routing 119: Walk: 117
2019-09-05_00:26:32.756[Battery Energy]36.08
2019-09-05_00:26:32.756[Status]Routing Start.
2019-09-05_00:26:33.113[Status]{'id': 18, 'coordinate': [1111.8330803627696, 232.84390249837966]}
2019-09-05_00:26:33.113[Status]Routing 120: Walk: 118
2019-09-05_00:26:33.213[Battery Energy]35.77
2019-09-05_00:26:33.213[Status]Routing Start.
2019-09-05_00:26:33.213[Status]Task Finished.
2019-09-05_00:26:33.313[Battery Energy]35.77
2019-09-05_00:26:33.512[Status]Routing 122: Walk: 118
2019-09-05_00:26:33.612[Battery Energy]35.61
2019-09-05_00:26:33.936[Status]Routing 123: Walk: 118
2019-09-05_00:26:34.052[Battery Energy]35.42
2019-09-05_00:26:34.309[Status]Routing 124: Walk: 118
2019-09-05_00:26:34.409[Battery Energy]35.27
2019-09-05_00:26:34.584[Status]Routing 125: Walk: 118
2019-09-05_00:26:34.712[Battery Energy]35.14
2019-09-05_00:26:34.944[Status]Routing 126: Walk: 118
2019-09-05_00:26:35.056[Battery Energy]35.00
2019-09-05_00:26:35.250[Status]Routing 127: Walk: 118
2019-09-05_00:26:35.350[Battery Energy]34.86
2019-09-05_00:26:35.590[Status]Routing 128: Walk: 118
2019-09-05_00:26:35.690[Battery Energy]34.72
2019-09-05_00:26:36.005[Status]Routing 129: Walk: 118
2019-09-05_00:26:36.105[Battery Energy]34.46
2019-09-05_00:26:36.340[Status]Routing 130: Walk: 118
2019-09-05_00:26:36.440[Battery Energy]34.30
2019-09-05_00:26:36.735[Status]Routing 131: Walk: 118
2019-09-05_00:26:36.844[Battery Energy]34.17
2019-09-05_00:26:37.094[Status]Routing 132: Walk: 118
2019-09-05_00:26:37.216[Battery Energy]34.00
2019-09-05_00:26:37.409[Status]Routing 133: Walk: 118
2019-09-05_00:26:37.512[Battery Energy]33.90
2019-09-05_00:26:37.731[Status]Routing 134: Walk: 118
2019-09-05_00:26:37.848[Battery Energy]33.77
2019-09-05_00:26:38.085[Status]Routing 135: Walk: 118
2019-09-05_00:26:38.188[Battery Energy]33.60
2019-09-05_00:26:38.416[Status]Routing 136: Walk: 118
2019-09-05_00:26:38.549[Battery Energy]33.49
2019-09-05_00:26:38.825[Status]Routing 137: Walk: 118
2019-09-05_00:26:38.980[Battery Energy]33.31
2019-09-05_00:26:39.136[Status]Routing 138: Walk: 118
2019-09-05_00:26:39.236[Battery Energy]33.18
2019-09-05_00:26:39.512[Status]Routing 139: Walk: 118
2019-09-05_00:26:39.616[Battery Energy]33.05
2019-09-05_00:26:39.959[Status]Routing 140: Walk: 118
2019-09-05_00:26:40.065[Battery Energy]32.83
2019-09-05_00:26:40.264[Status]Routing 141: Walk: 118
2019-09-05_00:26:40.376[Battery Energy]32.67
2019-09-05_00:26:40.521[Status]Routing 142: Walk: 118
2019-09-05_00:26:40.628[Battery Energy]32.55
2019-09-05_00:26:40.796[Status]Routing 143: Walk: 118
2019-09-05_00:26:40.897[Battery Energy]32.43
2019-09-05_00:26:41.256[Status]Routing 144: Walk: 118
2019-09-05_00:26:41.368[Battery Energy]32.29
2019-09-05_00:26:41.621[Status]Routing 145: Walk: 118
2019-09-05_00:26:41.722[Battery Energy]32.17
2019-09-05_00:26:41.949[Status]Routing 146: Walk: 118
2019-09-05_00:26:42.050[Battery Energy]32.00
2019-09-05_00:26:42.268[Status]Routing 147: Walk: 118
2019-09-05_00:26:42.368[Battery Energy]31.88
2019-09-05_00:26:42.550[Status]Routing 148: Walk: 118
2019-09-05_00:26:42.650[Battery Energy]31.77
2019-09-05_00:26:43.241[Status]Routing 149: Walk: 118
2019-09-05_00:26:43.348[Battery Energy]31.43
2019-09-05_00:26:43.749[Status]Routing 150: Walk: 118
2019-09-05_00:26:43.850[Battery Energy]31.19
2019-09-05_00:26:44.122[Status]Routing 151: Walk: 118
2019-09-05_00:26:44.222[Battery Energy]31.02
2019-09-05_00:26:44.433[Status]Routing 152: Walk: 118
2019-09-05_00:26:44.536[Battery Energy]30.86
2019-09-05_00:26:44.721[Status]Routing 153: Walk: 118
2019-09-05_00:26:44.862[Battery Energy]30.70
2019-09-05_00:26:45.027[Status]Routing 154: Walk: 118
2019-09-05_00:26:45.130[Battery Energy]30.57
2019-09-05_00:26:45.369[Status]Routing 155: Walk: 118
2019-09-05_00:26:45.480[Battery Energy]30.40
2019-09-05_00:26:45.637[Status]Routing 156: Walk: 118
2019-09-05_00:26:45.742[Battery Energy]30.28
