2019-09-05_00:25:33.926[Status]Start.
2019-09-05_00:25:33.927[Battery Energy]74.00
2019-09-05_00:25:35.028[Battery Energy]73.96
2019-09-05_00:25:36.129[Battery Energy]73.92
2019-09-05_00:25:37.231[Battery Energy]73.88
2019-09-05_00:25:38.332[Battery Energy]73.84
2019-09-05_00:25:39.432[Task]A New Task Released.
2019-09-05_00:25:39.432[Battery Energy]73.80
2019-09-05_00:25:39.432[Status]Selection Start.
2019-09-05_00:25:41.349[Status]Selection End: Do Task 1.
2019-09-05_00:25:41.449[Battery Energy]72.44
2019-09-05_00:25:41.449[Status]Formation Start.
2019-09-05_00:25:41.643[Status]Formation End: To Position 2.
2019-09-05_00:25:41.743[Battery Energy]72.29
2019-09-05_00:25:41.743[Status]Routing Start.
2019-09-05_00:25:42.005[Status]{'id': 11, 'coordinate': [68.37710068314307, 386.47418807467267]}
2019-09-05_00:25:42.005[Status]Routing 1: Walk: 1
2019-09-05_00:25:42.105[Battery Energy]72.03
2019-09-05_00:25:42.105[Status]Routing Start.
2019-09-05_00:25:42.505[Status]{'id': 11, 'coordinate': [77.75420136628614, 389.94837614934534]}
2019-09-05_00:25:42.505[Status]Routing 2: Walk: 2
2019-09-05_00:25:42.605[Battery Energy]71.72
2019-09-05_00:25:42.605[Status]Routing Start.
2019-09-05_00:25:42.788[Status]{'id': 11, 'coordinate': [87.13130204942921, 393.422564224018]}
2019-09-05_00:25:42.788[Status]Routing 3: Walk: 3
2019-09-05_00:25:42.895[Battery Energy]71.48
2019-09-05_00:25:42.895[Status]Routing Start.
2019-09-05_00:25:43.122[Status]{'id': 11, 'coordinate': [96.50840273257228, 396.89675229869067]}
2019-09-05_00:25:43.122[Status]Routing 4: Walk: 4
2019-09-05_00:25:43.234[Battery Energy]71.23
2019-09-05_00:25:43.234[Status]Routing Start.
2019-09-05_00:25:43.477[Status]{'id': 11, 'coordinate': [105.88550341571535, 400.37094037336334]}
2019-09-05_00:25:43.477[Status]Routing 5: Walk: 5
2019-09-05_00:25:43.577[Battery Energy]70.97
2019-09-05_00:25:43.577[Status]Routing Start.
2019-09-05_00:25:43.894[Status]{'id': 11, 'coordinate': [115.26260409885842, 403.845128448036]}
2019-09-05_00:25:43.894[Status]Routing 6: Walk: 6
2019-09-05_00:25:43.996[Battery Energy]70.63
2019-09-05_00:25:43.996[Status]Routing Start.
2019-09-05_00:25:44.325[Status]{'id': 11, 'coordinate': [124.63970478200149, 407.3193165227087]}
2019-09-05_00:25:44.325[Status]Routing 7: Walk: 7
2019-09-05_00:25:44.440[Battery Energy]70.31
2019-09-05_00:25:44.440[Status]Routing Start.
2019-09-05_00:25:44.776[Status]{'id': 11, 'coordinate': [134.01680546514456, 410.79350459738134]}
2019-09-05_00:25:44.776[Status]Routing 8: Walk: 8
2019-09-05_00:25:44.880[Battery Energy]70.04
2019-09-05_00:25:44.880[Status]Routing Start.
2019-09-05_00:25:45.365[Status]{'id': 11, 'coordinate': [126.05850489235517, 416.8487050063802]}
2019-09-05_00:25:45.365[Status]Routing 9: Walk: 9
2019-09-05_00:25:45.465[Battery Energy]69.58
2019-09-05_00:25:45.465[Status]Routing Start.
2019-09-05_00:25:45.853[Status]{'id': 11, 'coordinate': [122.5777039763286, 426.22335299886447]}
2019-09-05_00:25:45.854[Status]Routing 10: Walk: 10
2019-09-05_00:25:45.954[Battery Energy]69.16
2019-09-05_00:25:45.954[Status]Routing Start.
2019-09-05_00:25:46.235[Status]{'id': 11, 'coordinate': [132.01081151488924, 429.54246163913984]}
2019-09-05_00:25:46.235[Status]Routing 11: Walk: 11
2019-09-05_00:25:46.339[Battery Energy]68.81
2019-09-05_00:25:46.340[Status]Routing Start.
2019-09-05_00:25:46.530[Status]{'id': 11, 'coordinate': [141.4439190534499, 432.8615702794152]}
2019-09-05_00:25:46.530[Status]Routing 12: Walk: 12
2019-09-05_00:25:46.630[Battery Energy]68.57
2019-09-05_00:25:46.630[Status]Routing Start.
2019-09-05_00:25:46.829[Status]{'id': 11, 'coordinate': [150.87702659201054, 436.1806789196906]}
2019-09-05_00:25:46.829[Status]Routing 13: Walk: 13
2019-09-05_00:25:46.940[Battery Energy]68.35
2019-09-05_00:25:46.940[Status]Routing Start.
2019-09-05_00:25:47.240[Status]{'id': 11, 'coordinate': [160.31013413057119, 439.49978755996597]}
2019-09-05_00:25:47.240[Status]Routing 14: Walk: 14
2019-09-05_00:25:47.348[Battery Energy]68.02
2019-09-05_00:25:47.348[Status]Routing Start.
2019-09-05_00:25:47.686[Status]{'id': 11, 'coordinate': [169.74324166913183, 442.81889620024134]}
2019-09-05_00:25:47.687[Status]Routing 15: Walk: 15
2019-09-05_00:25:47.787[Battery Energy]67.73
2019-09-05_00:25:47.787[Status]Routing Start.
2019-09-05_00:25:48.120[Status]{'id': 11, 'coordinate': [179.17634920769248, 446.1380048405167]}
2019-09-05_00:25:48.120[Status]Routing 16: Walk: 16
2019-09-05_00:25:48.220[Battery Energy]67.42
2019-09-05_00:25:48.220[Status]Routing Start.
2019-09-05_00:25:48.418[Status]{'id': 11, 'coordinate': [188.60945674625313, 449.4571134807921]}
2019-09-05_00:25:48.418[Status]Routing 17: Walk: 17
2019-09-05_00:25:48.518[Battery Energy]67.17
2019-09-05_00:25:48.518[Status]Routing Start.
2019-09-05_00:25:48.906[Status]{'id': 11, 'coordinate': [198.04256428481378, 452.77622212106746]}
2019-09-05_00:25:48.906[Status]Routing 18: Walk: 18
2019-09-05_00:25:49.007[Battery Energy]66.80
2019-09-05_00:25:49.007[Status]Routing Start.
2019-09-05_00:25:49.351[Status]{'id': 11, 'coordinate': [207.47567182337443, 456.09533076134284]}
2019-09-05_00:25:49.351[Status]Routing 19: Walk: 19
2019-09-05_00:25:49.451[Battery Energy]66.41
2019-09-05_00:25:49.451[Status]Routing Start.
2019-09-05_00:25:49.862[Status]{'id': 11, 'coordinate': [216.90877936193507, 459.4144394016182]}
2019-09-05_00:25:49.862[Status]Routing 20: Walk: 20
2019-09-05_00:25:49.962[Battery Energy]66.02
2019-09-05_00:25:49.962[Status]Routing Start.
2019-09-05_00:25:50.308[Status]{'id': 11, 'coordinate': [226.34188690049572, 462.7335480418936]}
2019-09-05_00:25:50.308[Status]Routing 21: Walk: 21
2019-09-05_00:25:50.420[Battery Energy]65.67
2019-09-05_00:25:50.420[Status]Routing Start.
2019-09-05_00:25:50.776[Status]{'id': 11, 'coordinate': [235.77499443905637, 466.05265668216896]}
2019-09-05_00:25:50.776[Status]Routing 22: Walk: 22
2019-09-05_00:25:50.880[Battery Energy]65.36
2019-09-05_00:25:50.880[Status]Routing Start.
2019-09-05_00:25:51.259[Status]{'id': 11, 'coordinate': [245.20810197761702, 469.37176532244433]}
2019-09-05_00:25:51.259[Status]Routing 23: Walk: 23
2019-09-05_00:25:51.359[Battery Energy]65.03
2019-09-05_00:25:51.359[Status]Routing Start.
2019-09-05_00:25:51.756[Status]{'id': 11, 'coordinate': [254.64120951617767, 472.6908739627197]}
2019-09-05_00:25:51.757[Status]Routing 24: Walk: 24
2019-09-05_00:25:51.860[Battery Energy]64.65
2019-09-05_00:25:51.860[Status]Routing Start.
2019-09-05_00:25:52.200[Status]{'id': 11, 'coordinate': [264.0743170547383, 476.0099826029951]}
2019-09-05_00:25:52.200[Status]Routing 25: Walk: 25
2019-09-05_00:25:52.315[Battery Energy]64.34
2019-09-05_00:25:52.315[Status]Routing Start.
2019-09-05_00:25:52.691[Status]{'id': 11, 'coordinate': [273.50742459329894, 479.32909124327045]}
2019-09-05_00:25:52.692[Status]Routing 26: Walk: 26
2019-09-05_00:25:52.800[Battery Energy]64.01
2019-09-05_00:25:52.800[Status]Routing Start.
2019-09-05_00:25:53.147[Status]{'id': 11, 'coordinate': [282.9405321318596, 482.64819988354583]}
2019-09-05_00:25:53.147[Status]Routing 27: Walk: 27
2019-09-05_00:25:53.247[Battery Energy]63.68
2019-09-05_00:25:53.247[Status]Routing Start.
2019-09-05_00:25:53.589[Status]{'id': 11, 'coordinate': [292.37363967042023, 485.9673085238212]}
2019-09-05_00:25:53.592[Status]Routing 28: Walk: 28
2019-09-05_00:25:53.692[Battery Energy]63.33
2019-09-05_00:25:53.692[Status]Routing Start.
2019-09-05_00:25:54.109[Status]{'id': 11, 'coordinate': [301.8067472089809, 489.2864171640966]}
2019-09-05_00:25:54.109[Status]Routing 29: Walk: 29
2019-09-05_00:25:54.210[Battery Energy]62.97
2019-09-05_00:25:54.210[Status]Routing Start.
2019-09-05_00:25:54.569[Status]{'id': 11, 'coordinate': [311.23985474754153, 492.60552580437195]}
2019-09-05_00:25:54.569[Status]Routing 30: Walk: 30
2019-09-05_00:25:54.676[Battery Energy]62.64
2019-09-05_00:25:54.676[Status]Routing Start.
2019-09-05_00:25:55.022[Status]{'id': 11, 'coordinate': [320.6729622861022, 495.9246344446473]}
2019-09-05_00:25:55.023[Status]Routing 31: Walk: 31
2019-09-05_00:25:55.128[Battery Energy]62.32
2019-09-05_00:25:55.128[Status]Routing Start.
2019-09-05_00:25:55.530[Status]{'id': 11, 'coordinate': [330.1060698246628, 499.2437430849227]}
2019-09-05_00:25:55.535[Status]Routing 32: Walk: 32
2019-09-05_00:25:55.644[Battery Energy]61.95
2019-09-05_00:25:55.644[Status]Routing Start.
2019-09-05_00:25:55.989[Status]{'id': 11, 'coordinate': [339.5391773632235, 502.5628517251981]}
2019-09-05_00:25:55.989[Status]Routing 33: Walk: 33
2019-09-05_00:25:56.104[Battery Energy]61.65
2019-09-05_00:25:56.104[Status]Routing Start.
2019-09-05_00:25:56.472[Status]Routing 34: Walk: 33
2019-09-05_00:25:56.576[Battery Energy]61.35
2019-09-05_00:25:56.576[Status]Routing Start.
2019-09-05_00:25:56.989[Status]Routing 35: Walk: 33
2019-09-05_00:25:57.089[Battery Energy]61.00
2019-09-05_00:25:57.089[Status]Routing Start.
2019-09-05_00:25:57.433[Status]{'id': 11, 'coordinate': [348.9722849017841, 505.88196036547345]}
2019-09-05_00:25:57.434[Status]Routing 36: Walk: 34
2019-09-05_00:25:57.536[Battery Energy]60.73
2019-09-05_00:25:57.536[Status]Routing Start.
2019-09-05_00:25:57.912[Status]{'id': 11, 'coordinate': [358.40539244034477, 509.20106900574876]}
2019-09-05_00:25:57.912[Status]Routing 37: Walk: 35
2019-09-05_00:25:58.016[Battery Energy]60.36
2019-09-05_00:25:58.016[Status]Routing Start.
2019-09-05_00:25:58.499[Status]Routing 38: Walk: 35
2019-09-05_00:25:58.599[Battery Energy]59.95
2019-09-05_00:25:58.599[Status]Routing Start.
2019-09-05_00:25:58.757[Status]{'id': 11, 'coordinate': [367.8384999789054, 512.5201776460241]}
2019-09-05_00:25:58.759[Status]Routing 39: Walk: 36
2019-09-05_00:25:58.859[Battery Energy]59.71
2019-09-05_00:25:58.859[Status]Routing Start.
2019-09-05_00:25:59.210[Status]{'id': 11, 'coordinate': [377.27160751746607, 515.8392862862994]}
2019-09-05_00:25:59.210[Status]Routing 40: Walk: 37
2019-09-05_00:25:59.310[Battery Energy]59.39
2019-09-05_00:25:59.310[Status]Routing Start.
2019-09-05_00:25:59.651[Status]{'id': 11, 'coordinate': [386.7047150560267, 519.1583949265747]}
2019-09-05_00:25:59.651[Status]Routing 41: Walk: 38
2019-09-05_00:25:59.764[Battery Energy]59.08
2019-09-05_00:25:59.764[Status]Routing Start.
2019-09-05_00:26:00.046[Status]{'id': 11, 'coordinate': [396.13782259458736, 522.47750356685]}
2019-09-05_00:26:00.047[Status]Routing 42: Walk: 39
2019-09-05_00:26:00.152[Battery Energy]58.80
2019-09-05_00:26:00.152[Status]Routing Start.
2019-09-05_00:26:00.489[Status]{'id': 11, 'coordinate': [405.570930133148, 525.7966122071253]}
2019-09-05_00:26:00.490[Status]Routing 43: Walk: 40
2019-09-05_00:26:00.600[Battery Energy]58.52
2019-09-05_00:26:00.600[Status]Routing Start.
2019-09-05_00:26:00.792[Status]{'id': 11, 'coordinate': [415.00403767170866, 529.1157208474007]}
2019-09-05_00:26:00.792[Status]Routing 44: Walk: 41
2019-09-05_00:26:00.900[Battery Energy]58.30
2019-09-05_00:26:00.900[Status]Routing Start.
2019-09-05_00:26:01.473[Status]Routing 45: Walk: 41
2019-09-05_00:26:01.581[Battery Energy]57.87
2019-09-05_00:26:01.581[Status]Routing Start.
2019-09-05_00:26:01.911[Status]Routing 46: Walk: 41
2019-09-05_00:26:02.016[Battery Energy]57.58
2019-09-05_00:26:02.016[Status]Routing Start.
2019-09-05_00:26:02.268[Status]{'id': 11, 'coordinate': [424.4371452102693, 532.434829487676]}
2019-09-05_00:26:02.268[Status]Routing 47: Walk: 42
2019-09-05_00:26:02.368[Battery Energy]57.31
2019-09-05_00:26:02.368[Status]Routing Start.
2019-09-05_00:26:02.676[Status]{'id': 11, 'coordinate': [433.87025274882996, 535.7539381279513]}
2019-09-05_00:26:02.676[Status]Routing 48: Walk: 43
2019-09-05_00:26:02.783[Battery Energy]57.00
2019-09-05_00:26:02.783[Status]Routing Start.
2019-09-05_00:26:03.097[Status]{'id': 11, 'coordinate': [443.3033602873906, 539.0730467682266]}
2019-09-05_00:26:03.098[Status]Routing 49: Walk: 44
2019-09-05_00:26:03.207[Battery Energy]56.71
2019-09-05_00:26:03.207[Status]Routing Start.
2019-09-05_00:26:03.547[Status]{'id': 11, 'coordinate': [452.73646782595125, 542.3921554085019]}
2019-09-05_00:26:03.547[Status]Routing 50: Walk: 45
2019-09-05_00:26:03.648[Battery Energy]56.37
2019-09-05_00:26:03.648[Status]Routing Start.
2019-09-05_00:26:04.058[Status]{'id': 11, 'coordinate': [462.1695753645119, 545.7112640487773]}
2019-09-05_00:26:04.058[Status]Routing 51: Walk: 46
2019-09-05_00:26:04.160[Battery Energy]56.05
2019-09-05_00:26:04.160[Status]Routing Start.
2019-09-05_00:26:04.559[Status]{'id': 11, 'coordinate': [471.60268290307255, 549.0303726890526]}
2019-09-05_00:26:04.559[Status]Routing 52: Walk: 47
2019-09-05_00:26:04.664[Battery Energy]55.69
2019-09-05_00:26:04.664[Status]Routing Start.
2019-09-05_00:26:04.993[Status]{'id': 11, 'coordinate': [481.0357904416332, 552.3494813293279]}
2019-09-05_00:26:04.993[Status]Routing 53: Walk: 48
2019-09-05_00:26:05.093[Battery Energy]55.37
2019-09-05_00:26:05.093[Status]Routing Start.
2019-09-05_00:26:05.501[Status]{'id': 11, 'coordinate': [490.46889798019384, 555.6685899696032]}
2019-09-05_00:26:05.501[Status]Routing 54: Walk: 49
2019-09-05_00:26:05.601[Battery Energy]55.01
2019-09-05_00:26:05.601[Status]Routing Start.
2019-09-05_00:26:05.985[Status]{'id': 11, 'coordinate': [499.9020055187545, 558.9876986098785]}
2019-09-05_00:26:05.985[Status]Routing 55: Walk: 50
2019-09-05_00:26:06.092[Battery Energy]54.67
2019-09-05_00:26:06.092[Status]Routing Start.
2019-09-05_00:26:06.376[Status]{'id': 11, 'coordinate': [509.33511305731514, 562.3068072501538]}
2019-09-05_00:26:06.376[Status]Routing 56: Walk: 51
2019-09-05_00:26:06.477[Battery Energy]54.36
2019-09-05_00:26:06.477[Status]Routing Start.
2019-09-05_00:26:06.820[Status]{'id': 11, 'coordinate': [518.7682205958757, 565.6259158904292]}
2019-09-05_00:26:06.821[Status]Routing 57: Walk: 52
2019-09-05_00:26:06.944[Battery Energy]54.04
2019-09-05_00:26:06.944[Status]Routing Start.
2019-09-05_00:26:07.456[Status]{'id': 11, 'coordinate': [528.2013281344364, 568.9450245307045]}
2019-09-05_00:26:07.456[Status]Routing 58: Walk: 53
2019-09-05_00:26:07.560[Battery Energy]53.61
2019-09-05_00:26:07.560[Status]Routing Start.
2019-09-05_00:26:07.903[Status]{'id': 11, 'coordinate': [537.634435672997, 572.2641331709798]}
2019-09-05_00:26:07.903[Status]Routing 59: Walk: 54
2019-09-05_00:26:08.005[Battery Energy]53.33
2019-09-05_00:26:08.005[Status]Routing Start.
2019-09-05_00:26:08.531[Status]Routing 60: Walk: 54
2019-09-05_00:26:08.632[Battery Energy]52.91
2019-09-05_00:26:08.632[Status]Routing Start.
2019-09-05_00:26:08.937[Status]Routing 61: Walk: 54
2019-09-05_00:26:09.037[Battery Energy]52.61
2019-09-05_00:26:09.037[Status]Routing Start.
2019-09-05_00:26:09.271[Status]{'id': 11, 'coordinate': [547.0675432115577, 575.5832418112551]}
2019-09-05_00:26:09.271[Status]Routing 62: Walk: 55
2019-09-05_00:26:09.377[Battery Energy]52.36
2019-09-05_00:26:09.377[Status]Routing Start.
2019-09-05_00:26:09.825[Status]Routing 63: Walk: 55
2019-09-05_00:26:09.925[Battery Energy]51.98
2019-09-05_00:26:09.925[Status]Routing Start.
2019-09-05_00:26:10.146[Status]{'id': 11, 'coordinate': [556.5006507501183, 578.9023504515304]}
2019-09-05_00:26:10.146[Status]Routing 64: Walk: 56
2019-09-05_00:26:10.248[Battery Energy]51.71
2019-09-05_00:26:10.248[Status]Routing Start.
2019-09-05_00:26:10.575[Status]{'id': 11, 'coordinate': [565.933758288679, 582.2214590918057]}
2019-09-05_00:26:10.575[Status]Routing 65: Walk: 57
2019-09-05_00:26:10.700[Battery Energy]51.43
2019-09-05_00:26:10.700[Status]Routing Start.
2019-09-05_00:26:11.083[Status]{'id': 11, 'coordinate': [575.3668658272396, 585.5405677320811]}
2019-09-05_00:26:11.083[Status]Routing 66: Walk: 58
2019-09-05_00:26:11.192[Battery Energy]51.12
2019-09-05_00:26:11.192[Status]Routing Start.
2019-09-05_00:26:11.510[Status]{'id': 11, 'coordinate': [584.7999733658003, 588.8596763723564]}
2019-09-05_00:26:11.510[Status]Routing 67: Walk: 59
2019-09-05_00:26:11.616[Battery Energy]50.82
2019-09-05_00:26:11.616[Status]Routing Start.
2019-09-05_00:26:11.835[Status]{'id': 11, 'coordinate': [594.2330809043609, 592.1787850126317]}
2019-09-05_00:26:11.835[Status]Routing 68: Walk: 60
2019-09-05_00:26:11.948[Battery Energy]50.61
2019-09-05_00:26:11.948[Status]Routing Start.
2019-09-05_00:26:12.135[Status]{'id': 11, 'coordinate': [603.6661884429216, 595.497893652907]}
2019-09-05_00:26:12.135[Status]Routing 69: Walk: 61
2019-09-05_00:26:12.235[Battery Energy]50.36
2019-09-05_00:26:12.235[Status]Routing Start.
2019-09-05_00:26:12.438[Status]{'id': 11, 'coordinate': [613.0992959814822, 598.8170022931823]}
2019-09-05_00:26:12.438[Status]Routing 70: Walk: 62
2019-09-05_00:26:12.552[Battery Energy]50.17
2019-09-05_00:26:12.552[Status]Routing Start.
2019-09-05_00:26:12.975[Status]{'id': 11, 'coordinate': [622.5324035200429, 602.1361109334576]}
2019-09-05_00:26:12.975[Status]Routing 71: Walk: 63
2019-09-05_00:26:13.075[Battery Energy]49.78
2019-09-05_00:26:13.075[Status]Routing Start.
2019-09-05_00:26:13.435[Status]{'id': 11, 'coordinate': [631.9655110586035, 605.455219573733]}
2019-09-05_00:26:13.435[Status]Routing 72: Walk: 64
2019-09-05_00:26:13.537[Battery Energy]49.51
2019-09-05_00:26:13.537[Status]Routing Start.
2019-09-05_00:26:13.766[Status]{'id': 11, 'coordinate': [641.3986185971642, 608.7743282140083]}
2019-09-05_00:26:13.766[Status]Routing 73: Walk: 65
2019-09-05_00:26:13.872[Battery Energy]49.29
2019-09-05_00:26:13.872[Status]Routing Start.
2019-09-05_00:26:14.128[Status]{'id': 11, 'coordinate': [650.8317261357248, 612.0934368542836]}
2019-09-05_00:26:14.128[Status]Routing 74: Walk: 66
2019-09-05_00:26:14.240[Battery Energy]49.03
2019-09-05_00:26:14.240[Status]Routing Start.
2019-09-05_00:26:14.589[Status]{'id': 11, 'coordinate': [660.2648336742855, 615.4125454945589]}
2019-09-05_00:26:14.589[Status]Routing 75: Walk: 67
2019-09-05_00:26:14.704[Battery Energy]48.74
2019-09-05_00:26:14.704[Status]Routing Start.
2019-09-05_00:26:14.990[Status]{'id': 11, 'coordinate': [669.6979412128461, 618.7316541348342]}
2019-09-05_00:26:14.990[Status]Routing 76: Walk: 68
2019-09-05_00:26:15.092[Battery Energy]48.44
2019-09-05_00:26:15.092[Status]Routing Start.
2019-09-05_00:26:15.448[Status]{'id': 11, 'coordinate': [679.1310487514068, 622.0507627751095]}
2019-09-05_00:26:15.448[Status]Routing 77: Walk: 69
2019-09-05_00:26:15.564[Battery Energy]48.15
2019-09-05_00:26:15.564[Status]Routing Start.
2019-09-05_00:26:15.885[Status]{'id': 11, 'coordinate': [688.5641562899674, 625.3698714153849]}
2019-09-05_00:26:15.885[Status]Routing 78: Walk: 70
2019-09-05_00:26:16.001[Battery Energy]47.87
2019-09-05_00:26:16.001[Status]Routing Start.
2019-09-05_00:26:16.433[Status]{'id': 11, 'coordinate': [697.997263828528, 628.6889800556602]}
2019-09-05_00:26:16.433[Status]Routing 79: Walk: 71
2019-09-05_00:26:16.534[Battery Energy]47.50
2019-09-05_00:26:16.534[Status]Routing Start.
2019-09-05_00:26:16.821[Status]{'id': 11, 'coordinate': [707.4303713670887, 632.0080886959355]}
2019-09-05_00:26:16.821[Status]Routing 80: Walk: 72
2019-09-05_00:26:16.922[Battery Energy]47.24
2019-09-05_00:26:16.922[Status]Routing Start.
2019-09-05_00:26:17.146[Status]{'id': 11, 'coordinate': [716.8634789056493, 635.3271973362108]}
2019-09-05_00:26:17.146[Status]Routing 81: Walk: 73
2019-09-05_00:26:17.256[Battery Energy]47.02
2019-09-05_00:26:17.256[Status]Routing Start.
2019-09-05_00:26:17.516[Status]{'id': 11, 'coordinate': [726.29658644421, 638.6463059764861]}
2019-09-05_00:26:17.517[Status]Routing 82: Walk: 74
2019-09-05_00:26:17.617[Battery Energy]46.75
2019-09-05_00:26:17.617[Status]Routing Start.
2019-09-05_00:26:17.859[Status]{'id': 11, 'coordinate': [735.7296939827706, 641.9654146167614]}
2019-09-05_00:26:17.859[Status]Routing 83: Walk: 75
2019-09-05_00:26:17.972[Battery Energy]46.48
2019-09-05_00:26:17.972[Status]Routing Start.
2019-09-05_00:26:18.247[Status]{'id': 11, 'coordinate': [745.1628015213313, 645.2845232570368]}
2019-09-05_00:26:18.247[Status]Routing 84: Walk: 76
2019-09-05_00:26:18.352[Battery Energy]46.17
2019-09-05_00:26:18.352[Status]Routing Start.
2019-09-05_00:26:18.549[Status]{'id': 11, 'coordinate': [754.5959090598919, 648.6036318973121]}
2019-09-05_00:26:18.549[Status]Routing 85: Walk: 77
2019-09-05_00:26:18.649[Battery Energy]45.90
2019-09-05_00:26:18.649[Status]Routing Start.
2019-09-05_00:26:18.885[Status]{'id': 11, 'coordinate': [764.0290165984526, 651.9227405375874]}
2019-09-05_00:26:18.885[Status]Routing 86: Walk: 78
2019-09-05_00:26:18.985[Battery Energy]45.67
2019-09-05_00:26:18.985[Status]Routing Start.
2019-09-05_00:26:19.251[Status]{'id': 11, 'coordinate': [773.4621241370132, 655.2418491778628]}
2019-09-05_00:26:19.251[Status]Routing 87: Walk: 79
2019-09-05_00:26:19.351[Battery Energy]45.40
2019-09-05_00:26:19.351[Status]Routing Start.
2019-09-05_00:26:19.640[Status]{'id': 11, 'coordinate': [782.8952316755739, 658.5609578181381]}
2019-09-05_00:26:19.640[Status]Routing 88: Walk: 80
2019-09-05_00:26:19.788[Battery Energy]45.09
2019-09-05_00:26:19.788[Status]Routing Start.
2019-09-05_00:26:20.110[Status]{'id': 11, 'coordinate': [792.3283392141345, 661.8800664584135]}
2019-09-05_00:26:20.110[Status]Routing 89: Walk: 81
2019-09-05_00:26:20.220[Battery Energy]44.76
2019-09-05_00:26:20.220[Status]Routing Start.
2019-09-05_00:26:20.490[Status]{'id': 11, 'coordinate': [801.7614467526952, 665.1991750986889]}
2019-09-05_00:26:20.490[Status]Routing 90: Walk: 82
2019-09-05_00:26:20.600[Battery Energy]44.47
2019-09-05_00:26:20.600[Status]Routing Start.
2019-09-05_00:26:20.815[Status]{'id': 11, 'coordinate': [811.1945542912558, 668.5182837389643]}
2019-09-05_00:26:20.815[Status]Routing 91: Walk: 83
2019-09-05_00:26:20.915[Battery Energy]44.23
2019-09-05_00:26:20.915[Status]Routing Start.
2019-09-05_00:26:21.119[Status]{'id': 11, 'coordinate': [820.6276618298165, 671.8373923792396]}
2019-09-05_00:26:21.119[Status]Routing 92: Walk: 84
2019-09-05_00:26:21.219[Battery Energy]44.00
2019-09-05_00:26:21.219[Status]Routing Start.
2019-09-05_00:26:21.441[Status]{'id': 11, 'coordinate': [830.0607693683771, 675.1565010195151]}
2019-09-05_00:26:21.441[Status]Routing 93: Walk: 85
2019-09-05_00:26:21.548[Battery Energy]43.78
2019-09-05_00:26:21.548[Status]Routing Start.
2019-09-05_00:26:21.767[Status]{'id': 11, 'coordinate': [839.4938769069378, 678.4756096597904]}
2019-09-05_00:26:21.767[Status]Routing 94: Walk: 86
2019-09-05_00:26:21.888[Battery Energy]43.52
2019-09-05_00:26:21.888[Status]Routing Start.
2019-09-05_00:26:22.065[Status]{'id': 11, 'coordinate': [848.9269844454984, 681.7947183000658]}
2019-09-05_00:26:22.065[Status]Routing 95: Walk: 87
2019-09-05_00:26:22.184[Battery Energy]43.32
2019-09-05_00:26:22.184[Status]Routing Start.
2019-09-05_00:26:22.347[Status]{'id': 11, 'coordinate': [858.3600919840591, 685.1138269403411]}
2019-09-05_00:26:22.347[Status]Routing 96: Walk: 88
2019-09-05_00:26:22.447[Battery Energy]43.11
2019-09-05_00:26:22.447[Status]Routing Start.
2019-09-05_00:26:22.633[Status]{'id': 11, 'coordinate': [867.7931995226197, 688.4329355806166]}
2019-09-05_00:26:22.633[Status]Routing 97: Walk: 89
2019-09-05_00:26:22.748[Battery Energy]42.89
2019-09-05_00:26:22.748[Status]Routing Start.
2019-09-05_00:26:23.061[Status]{'id': 11, 'coordinate': [877.2263070611804, 691.752044220892]}
2019-09-05_00:26:23.061[Status]Routing 98: Walk: 90
2019-09-05_00:26:23.161[Battery Energy]42.61
2019-09-05_00:26:23.161[Status]Routing Start.
2019-09-05_00:26:23.415[Status]{'id': 11, 'coordinate': [886.659414599741, 695.0711528611673]}
2019-09-05_00:26:23.415[Status]Routing 99: Walk: 91
2019-09-05_00:26:23.517[Battery Energy]42.31
2019-09-05_00:26:23.517[Status]Routing Start.
2019-09-05_00:26:23.733[Status]{'id': 11, 'coordinate': [896.0925221383017, 698.3902615014428]}
2019-09-05_00:26:23.733[Status]Routing 100: Walk: 92
2019-09-05_00:26:23.844[Battery Energy]42.08
2019-09-05_00:26:23.844[Status]Routing Start.
2019-09-05_00:26:24.049[Status]{'id': 11, 'coordinate': [905.5256296768623, 701.7093701417181]}
2019-09-05_00:26:24.052[Status]Routing 101: Walk: 93
2019-09-05_00:26:24.163[Battery Energy]41.86
2019-09-05_00:26:24.163[Status]Routing Start.
2019-09-05_00:26:24.350[Status]{'id': 11, 'coordinate': [914.958737215423, 705.0284787819935]}
2019-09-05_00:26:24.350[Status]Routing 102: Walk: 94
2019-09-05_00:26:24.456[Battery Energy]41.59
2019-09-05_00:26:24.456[Status]Routing Start.
2019-09-05_00:26:24.646[Status]{'id': 11, 'coordinate': [924.3918447539836, 708.3475874222688]}
2019-09-05_00:26:24.646[Status]Routing 103: Walk: 95
2019-09-05_00:26:24.746[Battery Energy]41.33
2019-09-05_00:26:24.746[Status]Routing Start.
2019-09-05_00:26:25.142[Status]{'id': 11, 'coordinate': [933.8249522925443, 711.6666960625442]}
2019-09-05_00:26:25.142[Status]Routing 104: Walk: 96
2019-09-05_00:26:25.242[Battery Energy]40.98
2019-09-05_00:26:25.242[Status]Routing Start.
2019-09-05_00:26:25.590[Status]{'id': 11, 'coordinate': [943.2580598311049, 714.9858047028196]}
2019-09-05_00:26:25.590[Status]Routing 105: Walk: 97
2019-09-05_00:26:25.696[Battery Energy]40.67
2019-09-05_00:26:25.696[Status]Routing Start.
2019-09-05_00:26:26.018[Status]{'id': 11, 'coordinate': [952.6911673696655, 718.304913343095]}
2019-09-05_00:26:26.018[Status]Routing 106: Walk: 98
2019-09-05_00:26:26.119[Battery Energy]40.38
2019-09-05_00:26:26.119[Status]Routing Start.
2019-09-05_00:26:26.559[Status]{'id': 11, 'coordinate': [962.1242749082262, 721.6240219833704]}
2019-09-05_00:26:26.560[Status]Routing 107: Walk: 99
2019-09-05_00:26:26.664[Battery Energy]40.00
2019-09-05_00:26:26.664[Status]Routing Start.
2019-09-05_00:26:27.039[Status]{'id': 11, 'coordinate': [971.5573824467868, 724.9431306236457]}
2019-09-05_00:26:27.039[Status]Routing 108: Walk: 100
2019-09-05_00:26:27.148[Battery Energy]39.64
2019-09-05_00:26:27.148[Status]Routing Start.
2019-09-05_00:26:27.480[Status]{'id': 11, 'coordinate': [980.9904899853475, 728.2622392639212]}
2019-09-05_00:26:27.480[Status]Routing 109: Walk: 101
2019-09-05_00:26:27.580[Battery Energy]39.31
2019-09-05_00:26:27.580[Status]Routing Start.
2019-09-05_00:26:27.962[Status]{'id': 11, 'coordinate': [990.4235975239081, 731.5813479041965]}
2019-09-05_00:26:27.962[Status]Routing 110: Walk: 102
2019-09-05_00:26:28.064[Battery Energy]38.98
2019-09-05_00:26:28.064[Status]Routing Start.
2019-09-05_00:26:28.474[Status]{'id': 11, 'coordinate': [999.8567050624688, 734.9004565444719]}
2019-09-05_00:26:28.474[Status]Routing 111: Walk: 103
2019-09-05_00:26:28.574[Battery Energy]38.63
2019-09-05_00:26:28.574[Status]Routing Start.
2019-09-05_00:26:28.961[Status]{'id': 11, 'coordinate': [1009.2898126010294, 738.2195651847472]}
2019-09-05_00:26:28.961[Status]Routing 112: Walk: 104
2019-09-05_00:26:29.062[Battery Energy]38.26
2019-09-05_00:26:29.062[Status]Routing Start.
2019-09-05_00:26:29.527[Status]{'id': 11, 'coordinate': [1018.7229201395901, 741.5386738250227]}
2019-09-05_00:26:29.527[Status]Routing 113: Walk: 105
2019-09-05_00:26:29.627[Battery Energy]37.86
2019-09-05_00:26:29.628[Status]Routing Start.
2019-09-05_00:26:30.042[Status]{'id': 11, 'coordinate': [1028.1560276781506, 744.857782465298]}
2019-09-05_00:26:30.043[Status]Routing 114: Walk: 106
2019-09-05_00:26:30.147[Battery Energy]37.51
2019-09-05_00:26:30.147[Status]Routing Start.
2019-09-05_00:26:30.585[Status]{'id': 11, 'coordinate': [1037.5891352167112, 748.1768911055734]}
2019-09-05_00:26:30.585[Status]Routing 115: Walk: 107
2019-09-05_00:26:30.694[Battery Energy]37.16
2019-09-05_00:26:30.694[Status]Routing Start.
2019-09-05_00:26:31.213[Status]{'id': 11, 'coordinate': [1047.0222427552717, 751.4959997458487]}
2019-09-05_00:26:31.214[Status]Routing 116: Walk: 108
2019-09-05_00:26:31.314[Battery Energy]36.70
2019-09-05_00:26:31.314[Status]Routing Start.
2019-09-05_00:26:31.772[Status]{'id': 11, 'coordinate': [1056.4553502938322, 754.815108386124]}
2019-09-05_00:26:31.772[Status]Routing 117: Walk: 109
2019-09-05_00:26:31.881[Battery Energy]36.31
2019-09-05_00:26:31.881[Status]Routing Start.
2019-09-05_00:26:32.233[Status]{'id': 11, 'coordinate': [1065.8884578323928, 758.1342170263994]}
2019-09-05_00:26:32.233[Status]Routing 118: Walk: 110
2019-09-05_00:26:32.336[Battery Energy]35.96
2019-09-05_00:26:32.336[Status]Routing Start.
2019-09-05_00:26:32.654[Status]{'id': 11, 'coordinate': [1075.3215653709533, 761.4533256666748]}
2019-09-05_00:26:32.655[Status]Routing 119: Walk: 111
2019-09-05_00:26:32.756[Battery Energy]35.65
2019-09-05_00:26:32.756[Status]Routing Start.
2019-09-05_00:26:33.109[Status]{'id': 11, 'coordinate': [1084.7546729095138, 764.7724343069501]}
2019-09-05_00:26:33.109[Status]Routing 120: Walk: 112
2019-09-05_00:26:33.209[Battery Energy]35.33
2019-09-05_00:26:33.210[Status]Routing Start.
2019-09-05_00:26:33.523[Status]{'id': 11, 'coordinate': [1094.1877804480744, 768.0915429472254]}
2019-09-05_00:26:33.523[Status]Routing 121: Walk: 113
2019-09-05_00:26:33.623[Battery Energy]35.01
2019-09-05_00:26:33.623[Status]Routing Start.
2019-09-05_00:26:33.934[Status]{'id': 11, 'coordinate': [1103.620887986635, 771.4106515875008]}
2019-09-05_00:26:33.935[Status]Routing 122: Walk: 114
2019-09-05_00:26:34.044[Battery Energy]34.68
2019-09-05_00:26:34.044[Status]Routing Start.
2019-09-05_00:26:34.306[Status]{'id': 11, 'coordinate': [1113.0539955251954, 774.7297602277761]}
2019-09-05_00:26:34.306[Status]Routing 123: Walk: 115
2019-09-05_00:26:34.416[Battery Energy]34.43
2019-09-05_00:26:34.416[Status]Routing Start.
2019-09-05_00:26:34.584[Status]{'id': 11, 'coordinate': [1122.487103063756, 778.0488688680515]}
2019-09-05_00:26:34.584[Status]Routing 124: Walk: 116
2019-09-05_00:26:34.684[Battery Energy]34.21
2019-09-05_00:26:34.684[Status]Routing Start.
2019-09-05_00:26:34.946[Status]{'id': 11, 'coordinate': [1131.9202106023165, 781.3679775083268]}
2019-09-05_00:26:34.946[Status]Routing 125: Walk: 117
2019-09-05_00:26:35.052[Battery Energy]33.93
2019-09-05_00:26:35.052[Status]Routing Start.
2019-09-05_00:26:35.250[Status]{'id': 11, 'coordinate': [1141.353318140877, 784.6870861486021]}
2019-09-05_00:26:35.250[Status]Routing 126: Walk: 118
2019-09-05_00:26:35.360[Battery Energy]33.66
2019-09-05_00:26:35.360[Status]Routing Start.
2019-09-05_00:26:35.595[Status]{'id': 11, 'coordinate': [1150.7864256794376, 788.0061947888775]}
2019-09-05_00:26:35.595[Status]Routing 127: Walk: 119
2019-09-05_00:26:35.704[Battery Energy]33.39
2019-09-05_00:26:35.704[Status]Routing Start.
2019-09-05_00:26:36.012[Status]{'id': 11, 'coordinate': [1160.219533217998, 791.3253034291528]}
2019-09-05_00:26:36.012[Status]Routing 128: Walk: 120
2019-09-05_00:26:36.120[Battery Energy]33.10
2019-09-05_00:26:36.120[Status]Routing Start.
2019-09-05_00:26:36.341[Status]{'id': 11, 'coordinate': [1169.6526407565586, 794.6444120694282]}
2019-09-05_00:26:36.343[Status]Routing 129: Walk: 121
2019-09-05_00:26:36.443[Battery Energy]32.85
2019-09-05_00:26:36.443[Status]Routing Start.
2019-09-05_00:26:36.443[Status]Task Finished.
2019-09-05_00:26:36.543[Battery Energy]32.85
2019-09-05_00:26:36.741[Status]Routing 131: Walk: 121
2019-09-05_00:26:36.852[Battery Energy]32.76
2019-09-05_00:26:37.093[Status]Routing 132: Walk: 121
2019-09-05_00:26:37.204[Battery Energy]32.58
2019-09-05_00:26:37.405[Status]Routing 133: Walk: 121
2019-09-05_00:26:37.512[Battery Energy]32.46
2019-09-05_00:26:37.729[Status]Routing 134: Walk: 121
2019-09-05_00:26:37.829[Battery Energy]32.35
2019-09-05_00:26:38.078[Status]Routing 135: Walk: 121
2019-09-05_00:26:38.184[Battery Energy]32.16
2019-09-05_00:26:38.416[Status]Routing 136: Walk: 121
2019-09-05_00:26:38.532[Battery Energy]32.03
2019-09-05_00:26:38.821[Status]Routing 137: Walk: 121
2019-09-05_00:26:38.921[Battery Energy]31.86
2019-09-05_00:26:39.141[Status]Routing 138: Walk: 121
2019-09-05_00:26:39.260[Battery Energy]31.71
2019-09-05_00:26:39.517[Status]Routing 139: Walk: 121
2019-09-05_00:26:39.628[Battery Energy]31.52
2019-09-05_00:26:39.961[Status]Routing 140: Walk: 121
2019-09-05_00:26:40.061[Battery Energy]31.37
2019-09-05_00:26:40.266[Status]Routing 141: Walk: 121
2019-09-05_00:26:40.369[Battery Energy]31.24
2019-09-05_00:26:40.521[Status]Routing 142: Walk: 121
2019-09-05_00:26:40.638[Battery Energy]31.15
2019-09-05_00:26:40.802[Status]Routing 143: Walk: 121
2019-09-05_00:26:40.912[Battery Energy]31.05
2019-09-05_00:26:41.257[Status]Routing 144: Walk: 121
2019-09-05_00:26:41.379[Battery Energy]30.88
2019-09-05_00:26:41.617[Status]Routing 145: Walk: 121
2019-09-05_00:26:41.717[Battery Energy]30.78
2019-09-05_00:26:41.943[Status]Routing 146: Walk: 121
2019-09-05_00:26:42.043[Battery Energy]30.66
2019-09-05_00:26:42.274[Status]Routing 147: Walk: 121
2019-09-05_00:26:42.384[Battery Energy]30.52
2019-09-05_00:26:42.552[Status]Routing 148: Walk: 121
2019-09-05_00:26:42.673[Battery Energy]30.40
2019-09-05_00:26:43.241[Status]Routing 149: Walk: 121
2019-09-05_00:26:43.341[Battery Energy]30.13
2019-09-05_00:26:43.748[Status]Routing 150: Walk: 121
2019-09-05_00:26:43.860[Battery Energy]29.89
2019-09-05_00:26:44.124[Status]Routing 151: Walk: 121
2019-09-05_00:26:44.225[Battery Energy]29.72
2019-09-05_00:26:44.432[Status]Routing 152: Walk: 121
2019-09-05_00:26:44.540[Battery Energy]29.61
2019-09-05_00:26:44.724[Status]Routing 153: Walk: 121
2019-09-05_00:26:44.840[Battery Energy]29.48
2019-09-05_00:26:45.022[Status]Routing 154: Walk: 121
2019-09-05_00:26:45.124[Battery Energy]29.38
2019-09-05_00:26:45.376[Status]Routing 155: Walk: 121
2019-09-05_00:26:45.476[Battery Energy]29.25
2019-09-05_00:26:45.643[Status]Routing 156: Walk: 121
2019-09-05_00:26:45.748[Battery Energy]29.16
