2019-09-05_00:25:34.285[Status]Start.
2019-09-05_00:25:34.285[Battery Energy]74.00
2019-09-05_00:25:35.386[Battery Energy]73.96
2019-09-05_00:25:36.487[Battery Energy]73.92
2019-09-05_00:25:37.588[Battery Energy]73.88
2019-09-05_00:25:38.689[Battery Energy]73.84
2019-09-05_00:25:39.790[Task]A New Task Released.
2019-09-05_00:25:39.790[Battery Energy]73.80
2019-09-05_00:25:39.791[Status]Selection Start.
2019-09-05_00:25:41.353[Status]Selection End: Do Task 1.
2019-09-05_00:25:41.455[Battery Energy]72.80
2019-09-05_00:25:41.455[Status]Formation Start.
2019-09-05_00:25:41.642[Status]Formation End: To Position 0.
2019-09-05_00:25:41.742[Battery Energy]72.67
2019-09-05_00:25:41.742[Status]Routing Start.
2019-09-05_00:25:42.019[Status]{'id': 13, 'coordinate': [140.3270666343056, 251.60635938298213]}
2019-09-05_00:25:42.019[Status]Routing 1: Walk: 1
2019-09-05_00:25:42.119[Battery Energy]72.42
2019-09-05_00:25:42.119[Status]Routing Start.
2019-09-05_00:25:42.502[Status]{'id': 13, 'coordinate': [149.6541332686112, 255.21271876596427]}
2019-09-05_00:25:42.504[Status]Routing 2: Walk: 2
2019-09-05_00:25:42.612[Battery Energy]72.11
2019-09-05_00:25:42.612[Status]Routing Start.
2019-09-05_00:25:42.785[Status]{'id': 13, 'coordinate': [158.98119990291679, 258.8190781489464]}
2019-09-05_00:25:42.785[Status]Routing 3: Walk: 3
2019-09-05_00:25:42.885[Battery Energy]71.86
2019-09-05_00:25:42.885[Status]Routing Start.
2019-09-05_00:25:43.123[Status]{'id': 13, 'coordinate': [168.30826653722238, 262.42543753192854]}
2019-09-05_00:25:43.123[Status]Routing 4: Walk: 4
2019-09-05_00:25:43.240[Battery Energy]71.62
2019-09-05_00:25:43.240[Status]Routing Start.
2019-09-05_00:25:43.477[Status]{'id': 13, 'coordinate': [177.63533317152798, 266.0317969149107]}
2019-09-05_00:25:43.477[Status]Routing 5: Walk: 5
2019-09-05_00:25:43.593[Battery Energy]71.39
2019-09-05_00:25:43.593[Status]Routing Start.
2019-09-05_00:25:43.890[Status]{'id': 13, 'coordinate': [186.96239980583357, 269.6381562978928]}
2019-09-05_00:25:43.890[Status]Routing 6: Walk: 6
2019-09-05_00:25:43.990[Battery Energy]71.07
2019-09-05_00:25:43.990[Status]Routing Start.
2019-09-05_00:25:44.329[Status]{'id': 13, 'coordinate': [196.28946644013917, 273.24451568087494]}
2019-09-05_00:25:44.329[Status]Routing 7: Walk: 7
2019-09-05_00:25:44.453[Battery Energy]70.75
2019-09-05_00:25:44.453[Status]Routing Start.
2019-09-05_00:25:44.780[Status]{'id': 13, 'coordinate': [205.61653307444476, 276.8508750638571]}
2019-09-05_00:25:44.780[Status]Routing 8: Walk: 8
2019-09-05_00:25:44.888[Battery Energy]70.46
2019-09-05_00:25:44.888[Status]Routing Start.
2019-09-05_00:25:45.184[Status]{'id': 13, 'coordinate': [214.94359970875036, 280.4572344468392]}
2019-09-05_00:25:45.184[Status]Routing 9: Walk: 9
2019-09-05_00:25:45.293[Battery Energy]70.19
2019-09-05_00:25:45.293[Status]Routing Start.
2019-09-05_00:25:45.662[Status]{'id': 13, 'coordinate': [224.27066634305595, 284.06359382982134]}
2019-09-05_00:25:45.662[Status]Routing 10: Walk: 10
2019-09-05_00:25:45.784[Battery Energy]69.84
2019-09-05_00:25:45.784[Status]Routing Start.
2019-09-05_00:25:46.086[Status]{'id': 13, 'coordinate': [233.59773297736155, 287.6699532128035]}
2019-09-05_00:25:46.086[Status]Routing 11: Walk: 11
2019-09-05_00:25:46.188[Battery Energy]69.50
2019-09-05_00:25:46.188[Status]Routing Start.
2019-09-05_00:25:46.531[Status]{'id': 13, 'coordinate': [242.92479961166714, 291.2763125957856]}
2019-09-05_00:25:46.531[Status]Routing 12: Walk: 12
2019-09-05_00:25:46.645[Battery Energy]69.16
2019-09-05_00:25:46.645[Status]Routing Start.
2019-09-05_00:25:46.828[Status]{'id': 13, 'coordinate': [252.25186624597274, 294.88267197876775]}
2019-09-05_00:25:46.828[Status]Routing 13: Walk: 13
2019-09-05_00:25:46.930[Battery Energy]68.96
2019-09-05_00:25:46.930[Status]Routing Start.
2019-09-05_00:25:47.242[Status]{'id': 13, 'coordinate': [261.57893288027833, 298.4890313617499]}
2019-09-05_00:25:47.242[Status]Routing 14: Walk: 14
2019-09-05_00:25:47.348[Battery Energy]68.68
2019-09-05_00:25:47.348[Status]Routing Start.
2019-09-05_00:25:47.684[Status]{'id': 13, 'coordinate': [270.9059995145839, 302.095390744732]}
2019-09-05_00:25:47.684[Status]Routing 15: Walk: 15
2019-09-05_00:25:47.784[Battery Energy]68.37
2019-09-05_00:25:47.784[Status]Routing Start.
2019-09-05_00:25:48.121[Status]{'id': 13, 'coordinate': [280.2330661488895, 305.70175012771415]}
2019-09-05_00:25:48.121[Status]Routing 16: Walk: 16
2019-09-05_00:25:48.228[Battery Energy]68.05
2019-09-05_00:25:48.228[Status]Routing Start.
2019-09-05_00:25:48.417[Status]{'id': 13, 'coordinate': [289.5601327831951, 309.3081095106963]}
2019-09-05_00:25:48.417[Status]Routing 17: Walk: 17
2019-09-05_00:25:48.517[Battery Energy]67.83
2019-09-05_00:25:48.517[Status]Routing Start.
2019-09-05_00:25:48.900[Status]{'id': 13, 'coordinate': [298.8871994175007, 312.9144688936784]}
2019-09-05_00:25:48.900[Status]Routing 18: Walk: 18
2019-09-05_00:25:49.008[Battery Energy]67.49
2019-09-05_00:25:49.008[Status]Routing Start.
2019-09-05_00:25:49.358[Status]{'id': 13, 'coordinate': [308.2142660518063, 316.52082827666055]}
2019-09-05_00:25:49.358[Status]Routing 19: Walk: 19
2019-09-05_00:25:49.459[Battery Energy]67.14
2019-09-05_00:25:49.459[Status]Routing Start.
2019-09-05_00:25:49.865[Status]{'id': 13, 'coordinate': [317.5413326861119, 320.1271876596427]}
2019-09-05_00:25:49.865[Status]Routing 20: Walk: 20
2019-09-05_00:25:49.965[Battery Energy]66.78
2019-09-05_00:25:49.965[Status]Routing Start.
2019-09-05_00:25:50.306[Status]{'id': 13, 'coordinate': [326.8683993204175, 323.7335470426248]}
2019-09-05_00:25:50.308[Status]Routing 21: Walk: 21
2019-09-05_00:25:50.412[Battery Energy]66.44
2019-09-05_00:25:50.412[Status]Routing Start.
2019-09-05_00:25:50.781[Status]{'id': 13, 'coordinate': [336.1954659547231, 327.33990642560696]}
2019-09-05_00:25:50.781[Status]Routing 22: Walk: 22
2019-09-05_00:25:50.888[Battery Energy]66.09
2019-09-05_00:25:50.888[Status]Routing Start.
2019-09-05_00:25:51.267[Status]{'id': 13, 'coordinate': [345.5225325890287, 330.9462658085891]}
2019-09-05_00:25:51.267[Status]Routing 23: Walk: 23
2019-09-05_00:25:51.371[Battery Energy]65.71
2019-09-05_00:25:51.371[Status]Routing Start.
2019-09-05_00:25:51.762[Status]{'id': 13, 'coordinate': [354.8495992233343, 334.5526251915712]}
2019-09-05_00:25:51.762[Status]Routing 24: Walk: 24
2019-09-05_00:25:51.864[Battery Energy]65.41
2019-09-05_00:25:51.864[Status]Routing Start.
2019-09-05_00:25:52.195[Status]{'id': 13, 'coordinate': [364.1766658576399, 338.15898457455336]}
2019-09-05_00:25:52.202[Status]Routing 25: Walk: 25
2019-09-05_00:25:52.303[Battery Energy]65.09
2019-09-05_00:25:52.303[Status]Routing Start.
2019-09-05_00:25:52.684[Status]{'id': 13, 'coordinate': [373.50373249194547, 341.7653439575355]}
2019-09-05_00:25:52.685[Status]Routing 26: Walk: 26
2019-09-05_00:25:52.785[Battery Energy]64.75
2019-09-05_00:25:52.785[Status]Routing Start.
2019-09-05_00:25:53.142[Status]{'id': 13, 'coordinate': [382.83079912625107, 345.3717033405176]}
2019-09-05_00:25:53.142[Status]Routing 27: Walk: 27
2019-09-05_00:25:53.242[Battery Energy]64.44
2019-09-05_00:25:53.242[Status]Routing Start.
2019-09-05_00:25:53.599[Status]{'id': 13, 'coordinate': [392.15786576055666, 348.97806272349976]}
2019-09-05_00:25:53.599[Status]Routing 28: Walk: 28
2019-09-05_00:25:53.699[Battery Energy]64.14
2019-09-05_00:25:53.699[Status]Routing Start.
2019-09-05_00:25:54.108[Status]{'id': 13, 'coordinate': [401.48493239486226, 352.5844221064819]}
2019-09-05_00:25:54.108[Status]Routing 29: Walk: 29
2019-09-05_00:25:54.208[Battery Energy]63.83
2019-09-05_00:25:54.208[Status]Routing Start.
2019-09-05_00:25:54.572[Status]{'id': 13, 'coordinate': [410.81199902916785, 356.19078148946403]}
2019-09-05_00:25:54.572[Status]Routing 30: Walk: 30
2019-09-05_00:25:54.673[Battery Energy]63.51
2019-09-05_00:25:54.673[Status]Routing Start.
2019-09-05_00:25:55.023[Status]{'id': 13, 'coordinate': [420.13906566347345, 359.79714087244616]}
2019-09-05_00:25:55.023[Status]Routing 31: Walk: 31
2019-09-05_00:25:55.132[Battery Energy]63.19
2019-09-05_00:25:55.132[Status]Routing Start.
2019-09-05_00:25:55.540[Status]{'id': 13, 'coordinate': [429.46613229777904, 363.4035002554283]}
2019-09-05_00:25:55.540[Status]Routing 32: Walk: 32
2019-09-05_00:25:55.652[Battery Energy]62.86
2019-09-05_00:25:55.652[Status]Routing Start.
2019-09-05_00:25:55.989[Status]{'id': 13, 'coordinate': [438.79319893208464, 367.00985963841043]}
2019-09-05_00:25:55.989[Status]Routing 33: Walk: 33
2019-09-05_00:25:56.104[Battery Energy]62.52
2019-09-05_00:25:56.104[Status]Routing Start.
2019-09-05_00:25:56.285[Status]{'id': 13, 'coordinate': [448.12026556639023, 370.61621902139257]}
2019-09-05_00:25:56.285[Status]Routing 34: Walk: 34
2019-09-05_00:25:56.385[Battery Energy]62.30
2019-09-05_00:25:56.385[Status]Routing Start.
2019-09-05_00:25:56.815[Status]{'id': 13, 'coordinate': [457.4473322006958, 374.2225784043747]}
2019-09-05_00:25:56.815[Status]Routing 35: Walk: 35
2019-09-05_00:25:56.920[Battery Energy]61.94
2019-09-05_00:25:56.920[Status]Routing Start.
2019-09-05_00:25:57.432[Status]{'id': 13, 'coordinate': [466.7743988350014, 377.82893778735684]}
2019-09-05_00:25:57.433[Status]Routing 36: Walk: 36
2019-09-05_00:25:57.544[Battery Energy]61.56
2019-09-05_00:25:57.544[Status]Routing Start.
2019-09-05_00:25:57.912[Status]{'id': 13, 'coordinate': [476.101465469307, 381.43529717033897]}
2019-09-05_00:25:57.912[Status]Routing 37: Walk: 37
2019-09-05_00:25:58.020[Battery Energy]61.26
2019-09-05_00:25:58.020[Status]Routing Start.
2019-09-05_00:25:58.341[Status]{'id': 13, 'coordinate': [485.4285321036126, 385.0416565533211]}
2019-09-05_00:25:58.341[Status]Routing 38: Walk: 38
2019-09-05_00:25:58.444[Battery Energy]60.95
2019-09-05_00:25:58.444[Status]Routing Start.
2019-09-05_00:25:58.922[Status]{'id': 13, 'coordinate': [494.7555987379182, 388.64801593630324]}
2019-09-05_00:25:58.922[Status]Routing 39: Walk: 39
2019-09-05_00:25:59.022[Battery Energy]60.52
2019-09-05_00:25:59.022[Status]Routing Start.
2019-09-05_00:25:59.373[Status]{'id': 13, 'coordinate': [504.0826653722238, 392.2543753192854]}
2019-09-05_00:25:59.373[Status]Routing 40: Walk: 40
2019-09-05_00:25:59.473[Battery Energy]60.16
2019-09-05_00:25:59.473[Status]Routing Start.
2019-09-05_00:25:59.649[Status]{'id': 13, 'coordinate': [513.4097320065293, 395.8607347022675]}
2019-09-05_00:25:59.649[Status]Routing 41: Walk: 41
2019-09-05_00:25:59.756[Battery Energy]59.92
2019-09-05_00:25:59.776[Status]Routing Start.
2019-09-05_00:26:00.043[Status]{'id': 13, 'coordinate': [522.7367986408349, 399.46709408524964]}
2019-09-05_00:26:00.044[Status]Routing 42: Walk: 42
2019-09-05_00:26:00.144[Battery Energy]59.64
2019-09-05_00:26:00.144[Status]Routing Start.
2019-09-05_00:26:00.488[Status]{'id': 13, 'coordinate': [532.0638652751404, 403.0734534682318]}
2019-09-05_00:26:00.488[Status]Routing 43: Walk: 43
2019-09-05_00:26:00.649[Battery Energy]59.32
2019-09-05_00:26:00.649[Status]Routing Start.
2019-09-05_00:26:00.788[Status]{'id': 13, 'coordinate': [541.390931909446, 406.6798128512139]}
2019-09-05_00:26:00.788[Status]Routing 44: Walk: 44
2019-09-05_00:26:00.888[Battery Energy]59.11
2019-09-05_00:26:00.888[Status]Routing Start.
2019-09-05_00:26:01.304[Status]{'id': 13, 'coordinate': [550.7179985437515, 410.28617223419604]}
2019-09-05_00:26:01.304[Status]Routing 45: Walk: 45
2019-09-05_00:26:01.405[Battery Energy]58.85
2019-09-05_00:26:01.405[Status]Routing Start.
2019-09-05_00:26:01.781[Status]{'id': 13, 'coordinate': [560.045065178057, 413.8925316171782]}
2019-09-05_00:26:01.781[Status]Routing 46: Walk: 46
2019-09-05_00:26:01.888[Battery Energy]58.56
2019-09-05_00:26:01.888[Status]Routing Start.
2019-09-05_00:26:02.267[Status]{'id': 13, 'coordinate': [569.3721318123626, 417.4988910001603]}
2019-09-05_00:26:02.267[Status]Routing 47: Walk: 47
2019-09-05_00:26:02.369[Battery Energy]58.24
2019-09-05_00:26:02.369[Status]Routing Start.
2019-09-05_00:26:02.675[Status]{'id': 13, 'coordinate': [578.6991984466681, 421.10525038314245]}
2019-09-05_00:26:02.675[Status]Routing 48: Walk: 48
2019-09-05_00:26:02.775[Battery Energy]57.92
2019-09-05_00:26:02.775[Status]Routing Start.
2019-09-05_00:26:03.095[Status]{'id': 13, 'coordinate': [588.0262650809736, 424.7116097661246]}
2019-09-05_00:26:03.095[Status]Routing 49: Walk: 49
2019-09-05_00:26:03.204[Battery Energy]57.62
2019-09-05_00:26:03.204[Status]Routing Start.
2019-09-05_00:26:03.545[Status]{'id': 13, 'coordinate': [597.3533317152792, 428.3179691491067]}
2019-09-05_00:26:03.545[Status]Routing 50: Walk: 50
2019-09-05_00:26:03.645[Battery Energy]57.25
2019-09-05_00:26:03.645[Status]Routing Start.
2019-09-05_00:26:04.059[Status]{'id': 13, 'coordinate': [606.6803983495847, 431.92432853208885]}
2019-09-05_00:26:04.059[Status]Routing 51: Walk: 51
2019-09-05_00:26:04.172[Battery Energy]56.87
2019-09-05_00:26:04.172[Status]Routing Start.
2019-09-05_00:26:04.550[Status]{'id': 13, 'coordinate': [616.0074649838903, 435.530687915071]}
2019-09-05_00:26:04.550[Status]Routing 52: Walk: 52
2019-09-05_00:26:04.651[Battery Energy]56.49
2019-09-05_00:26:04.651[Status]Routing Start.
2019-09-05_00:26:04.989[Status]{'id': 13, 'coordinate': [625.3345316181958, 439.1370472980531]}
2019-09-05_00:26:04.989[Status]Routing 53: Walk: 53
2019-09-05_00:26:05.090[Battery Energy]56.16
2019-09-05_00:26:05.090[Status]Routing Start.
2019-09-05_00:26:05.503[Status]{'id': 13, 'coordinate': [634.6615982525013, 442.74340668103525]}
2019-09-05_00:26:05.503[Status]Routing 54: Walk: 54
2019-09-05_00:26:05.604[Battery Energy]55.77
2019-09-05_00:26:05.604[Status]Routing Start.
2019-09-05_00:26:05.982[Status]{'id': 13, 'coordinate': [643.9886648868069, 446.3497660640174]}
2019-09-05_00:26:05.982[Status]Routing 55: Walk: 55
2019-09-05_00:26:06.082[Battery Energy]55.45
2019-09-05_00:26:06.082[Status]Routing Start.
2019-09-05_00:26:06.377[Status]{'id': 13, 'coordinate': [653.3157315211124, 449.9561254469995]}
2019-09-05_00:26:06.378[Status]Routing 56: Walk: 56
2019-09-05_00:26:06.478[Battery Energy]55.17
2019-09-05_00:26:06.478[Status]Routing Start.
2019-09-05_00:26:06.823[Status]{'id': 13, 'coordinate': [662.642798155418, 453.56248482998166]}
2019-09-05_00:26:06.824[Status]Routing 57: Walk: 57
2019-09-05_00:26:06.924[Battery Energy]54.85
2019-09-05_00:26:06.924[Status]Routing Start.
2019-09-05_00:26:07.449[Status]{'id': 13, 'coordinate': [671.9698647897235, 457.1688442129638]}
2019-09-05_00:26:07.449[Status]Routing 58: Walk: 58
2019-09-05_00:26:07.549[Battery Energy]54.49
2019-09-05_00:26:07.549[Status]Routing Start.
2019-09-05_00:26:07.902[Status]{'id': 13, 'coordinate': [681.296931424029, 460.7752035959459]}
2019-09-05_00:26:07.902[Status]Routing 59: Walk: 59
2019-09-05_00:26:08.008[Battery Energy]54.15
2019-09-05_00:26:08.008[Status]Routing Start.
2019-09-05_00:26:08.364[Status]{'id': 13, 'coordinate': [690.6239980583346, 464.38156297892806]}
2019-09-05_00:26:08.364[Status]Routing 60: Walk: 60
2019-09-05_00:26:08.472[Battery Energy]53.83
2019-09-05_00:26:08.472[Status]Routing Start.
2019-09-05_00:26:08.787[Status]{'id': 13, 'coordinate': [699.9510646926401, 467.9879223619102]}
2019-09-05_00:26:08.791[Status]Routing 61: Walk: 61
2019-09-05_00:26:08.912[Battery Energy]53.50
2019-09-05_00:26:08.912[Status]Routing Start.
2019-09-05_00:26:09.272[Status]{'id': 13, 'coordinate': [709.2781313269456, 471.5942817448923]}
2019-09-05_00:26:09.272[Status]Routing 62: Walk: 62
2019-09-05_00:26:09.380[Battery Energy]53.19
2019-09-05_00:26:09.380[Status]Routing Start.
2019-09-05_00:26:09.693[Status]{'id': 13, 'coordinate': [718.6051979612512, 475.20064112787446]}
2019-09-05_00:26:09.693[Status]Routing 63: Walk: 63
2019-09-05_00:26:09.804[Battery Energy]52.86
2019-09-05_00:26:09.805[Status]Routing Start.
2019-09-05_00:26:10.150[Status]{'id': 13, 'coordinate': [727.9322645955567, 478.8070005108566]}
2019-09-05_00:26:10.150[Status]Routing 64: Walk: 64
2019-09-05_00:26:10.260[Battery Energy]52.52
2019-09-05_00:26:10.260[Status]Routing Start.
2019-09-05_00:26:10.578[Status]{'id': 13, 'coordinate': [737.2593312298623, 482.41335989383873]}
2019-09-05_00:26:10.578[Status]Routing 65: Walk: 65
2019-09-05_00:26:10.679[Battery Energy]52.21
2019-09-05_00:26:10.679[Status]Routing Start.
2019-09-05_00:26:11.085[Status]{'id': 13, 'coordinate': [746.5863978641678, 486.01971927682087]}
2019-09-05_00:26:11.085[Status]Routing 66: Walk: 66
2019-09-05_00:26:11.188[Battery Energy]51.84
2019-09-05_00:26:11.188[Status]Routing Start.
2019-09-05_00:26:11.511[Status]{'id': 13, 'coordinate': [755.9134644984733, 489.626078659803]}
2019-09-05_00:26:11.511[Status]Routing 67: Walk: 67
2019-09-05_00:26:11.620[Battery Energy]51.51
2019-09-05_00:26:11.620[Status]Routing Start.
2019-09-05_00:26:11.833[Status]{'id': 13, 'coordinate': [765.2405311327789, 493.23243804278513]}
2019-09-05_00:26:11.833[Status]Routing 68: Walk: 68
2019-09-05_00:26:11.934[Battery Energy]51.21
2019-09-05_00:26:11.934[Status]Routing Start.
2019-09-05_00:26:12.137[Status]{'id': 13, 'coordinate': [774.5675977670844, 496.83879742576727]}
2019-09-05_00:26:12.137[Status]Routing 69: Walk: 69
2019-09-05_00:26:12.240[Battery Energy]51.01
2019-09-05_00:26:12.240[Status]Routing Start.
2019-09-05_00:26:12.436[Status]{'id': 13, 'coordinate': [783.89466440139, 500.4451568087494]}
2019-09-05_00:26:12.436[Status]Routing 70: Walk: 70
2019-09-05_00:26:12.540[Battery Energy]50.80
2019-09-05_00:26:12.540[Status]Routing Start.
2019-09-05_00:26:12.981[Status]{'id': 13, 'coordinate': [793.2217310356955, 504.05151619173154]}
2019-09-05_00:26:12.981[Status]Routing 71: Walk: 71
2019-09-05_00:26:13.082[Battery Energy]50.42
2019-09-05_00:26:13.082[Status]Routing Start.
2019-09-05_00:26:13.436[Status]{'id': 13, 'coordinate': [802.548797670001, 507.65787557471367]}
2019-09-05_00:26:13.436[Status]Routing 72: Walk: 72
2019-09-05_00:26:13.540[Battery Energy]50.08
2019-09-05_00:26:13.540[Status]Routing Start.
2019-09-05_00:26:13.765[Status]{'id': 13, 'coordinate': [811.8758643043066, 511.2642349576958]}
2019-09-05_00:26:13.765[Status]Routing 73: Walk: 73
2019-09-05_00:26:13.868[Battery Energy]49.82
2019-09-05_00:26:13.868[Status]Routing Start.
2019-09-05_00:26:14.131[Status]{'id': 13, 'coordinate': [821.2029309386121, 514.8705943406779]}
2019-09-05_00:26:14.131[Status]Routing 74: Walk: 74
2019-09-05_00:26:14.248[Battery Energy]49.54
2019-09-05_00:26:14.248[Status]Routing Start.
2019-09-05_00:26:14.582[Status]{'id': 13, 'coordinate': [830.5299975729176, 518.4769537236601]}
2019-09-05_00:26:14.583[Status]Routing 75: Walk: 75
2019-09-05_00:26:14.688[Battery Energy]49.23
2019-09-05_00:26:14.688[Status]Routing Start.
2019-09-05_00:26:14.989[Status]{'id': 13, 'coordinate': [839.8570642072232, 522.0833131066423]}
2019-09-05_00:26:14.991[Status]Routing 76: Walk: 76
2019-09-05_00:26:15.096[Battery Energy]48.97
2019-09-05_00:26:15.096[Status]Routing Start.
2019-09-05_00:26:15.447[Status]{'id': 13, 'coordinate': [849.1841308415287, 525.6896724896245]}
2019-09-05_00:26:15.447[Status]Routing 77: Walk: 77
2019-09-05_00:26:15.556[Battery Energy]48.63
2019-09-05_00:26:15.556[Status]Routing Start.
2019-09-05_00:26:15.890[Status]{'id': 13, 'coordinate': [858.5111974758343, 529.2960318726067]}
2019-09-05_00:26:15.890[Status]Routing 78: Walk: 78
2019-09-05_00:26:16.000[Battery Energy]48.32
2019-09-05_00:26:16.000[Status]Routing Start.
2019-09-05_00:26:16.435[Status]{'id': 13, 'coordinate': [867.8382641101398, 532.9023912555889]}
2019-09-05_00:26:16.435[Status]Routing 79: Walk: 79
2019-09-05_00:26:16.544[Battery Energy]47.94
2019-09-05_00:26:16.544[Status]Routing Start.
2019-09-05_00:26:16.816[Status]{'id': 13, 'coordinate': [877.1653307444453, 536.5087506385711]}
2019-09-05_00:26:16.816[Status]Routing 80: Walk: 80
2019-09-05_00:26:16.916[Battery Energy]47.70
2019-09-05_00:26:16.916[Status]Routing Start.
2019-09-05_00:26:17.141[Status]{'id': 13, 'coordinate': [886.4923973787509, 540.1151100215533]}
2019-09-05_00:26:17.142[Status]Routing 81: Walk: 81
2019-09-05_00:26:17.242[Battery Energy]47.47
2019-09-05_00:26:17.242[Status]Routing Start.
2019-09-05_00:26:17.493[Status]{'id': 13, 'coordinate': [895.8194640130564, 543.7214694045355]}
2019-09-05_00:26:17.493[Status]Routing 82: Walk: 82
2019-09-05_00:26:17.594[Battery Energy]47.21
2019-09-05_00:26:17.594[Status]Routing Start.
2019-09-05_00:26:17.854[Status]{'id': 13, 'coordinate': [905.1465306473619, 547.3278287875177]}
2019-09-05_00:26:17.854[Status]Routing 83: Walk: 83
2019-09-05_00:26:17.954[Battery Energy]46.95
2019-09-05_00:26:17.955[Status]Routing Start.
2019-09-05_00:26:18.247[Status]{'id': 13, 'coordinate': [914.4735972816675, 550.9341881704999]}
2019-09-05_00:26:18.247[Status]Routing 84: Walk: 84
2019-09-05_00:26:18.356[Battery Energy]46.73
2019-09-05_00:26:18.356[Status]Routing Start.
2019-09-05_00:26:18.554[Status]{'id': 13, 'coordinate': [923.8006639159731, 554.5405475534819]}
2019-09-05_00:26:18.554[Status]Routing 85: Walk: 85
2019-09-05_00:26:18.656[Battery Energy]46.51
2019-09-05_00:26:18.656[Status]Routing Start.
2019-09-05_00:26:18.889[Status]{'id': 13, 'coordinate': [933.1277305502788, 558.1469069364641]}
2019-09-05_00:26:18.889[Status]Routing 86: Walk: 86
2019-09-05_00:26:18.990[Battery Energy]46.29
2019-09-05_00:26:18.990[Status]Routing Start.
2019-09-05_00:26:19.249[Status]{'id': 13, 'coordinate': [942.4547971845844, 561.7532663194463]}
2019-09-05_00:26:19.249[Status]Routing 87: Walk: 87
2019-09-05_00:26:19.352[Battery Energy]46.01
2019-09-05_00:26:19.352[Status]Routing Start.
2019-09-05_00:26:19.641[Status]{'id': 13, 'coordinate': [951.7818638188901, 565.3596257024284]}
2019-09-05_00:26:19.641[Status]Routing 88: Walk: 88
2019-09-05_00:26:19.745[Battery Energy]45.76
2019-09-05_00:26:19.745[Status]Routing Start.
2019-09-05_00:26:20.107[Status]{'id': 13, 'coordinate': [961.1089304531956, 568.9659850854106]}
2019-09-05_00:26:20.107[Status]Routing 89: Walk: 89
2019-09-05_00:26:20.209[Battery Energy]45.44
2019-09-05_00:26:20.209[Status]Routing Start.
2019-09-05_00:26:20.487[Status]{'id': 13, 'coordinate': [970.4359970875012, 572.5723444683927]}
2019-09-05_00:26:20.487[Status]Routing 90: Walk: 90
2019-09-05_00:26:20.587[Battery Energy]45.17
2019-09-05_00:26:20.587[Status]Routing Start.
2019-09-05_00:26:20.815[Status]{'id': 13, 'coordinate': [979.7630637218068, 576.1787038513748]}
2019-09-05_00:26:20.815[Status]Routing 91: Walk: 91
2019-09-05_00:26:20.924[Battery Energy]44.97
2019-09-05_00:26:20.924[Status]Routing Start.
2019-09-05_00:26:21.125[Status]{'id': 13, 'coordinate': [989.0901303561125, 579.7850632343569]}
2019-09-05_00:26:21.125[Status]Routing 92: Walk: 92
2019-09-05_00:26:21.233[Battery Energy]44.73
2019-09-05_00:26:21.233[Status]Routing Start.
2019-09-05_00:26:21.437[Status]{'id': 13, 'coordinate': [998.417196990418, 583.3914226173391]}
2019-09-05_00:26:21.437[Status]Routing 93: Walk: 93
2019-09-05_00:26:21.538[Battery Energy]44.53
2019-09-05_00:26:21.538[Status]Routing Start.
2019-09-05_00:26:21.761[Status]{'id': 13, 'coordinate': [1007.7442636247235, 586.9977820003212]}
2019-09-05_00:26:21.761[Status]Routing 94: Walk: 94
2019-09-05_00:26:21.861[Battery Energy]44.30
2019-09-05_00:26:21.862[Status]Routing Start.
2019-09-05_00:26:22.066[Status]{'id': 13, 'coordinate': [1017.0713302590291, 590.6041413833034]}
2019-09-05_00:26:22.066[Status]Routing 95: Walk: 95
2019-09-05_00:26:22.195[Battery Energy]44.07
2019-09-05_00:26:22.195[Status]Routing Start.
2019-09-05_00:26:22.344[Status]{'id': 13, 'coordinate': [1026.3983968933346, 594.2105007662855]}
2019-09-05_00:26:22.344[Status]Routing 96: Walk: 96
2019-09-05_00:26:22.456[Battery Energy]43.87
2019-09-05_00:26:22.456[Status]Routing Start.
2019-09-05_00:26:22.644[Status]{'id': 13, 'coordinate': [1035.7254635276402, 597.8168601492675]}
2019-09-05_00:26:22.644[Status]Routing 97: Walk: 97
2019-09-05_00:26:22.744[Battery Energy]43.66
2019-09-05_00:26:22.744[Status]Routing Start.
2019-09-05_00:26:23.065[Status]{'id': 13, 'coordinate': [1045.0525301619457, 601.4232195322497]}
2019-09-05_00:26:23.065[Status]Routing 98: Walk: 98
2019-09-05_00:26:23.176[Battery Energy]43.32
2019-09-05_00:26:23.176[Status]Routing Start.
2019-09-05_00:26:23.419[Status]{'id': 13, 'coordinate': [1054.3795967962512, 605.0295789152318]}
2019-09-05_00:26:23.419[Status]Routing 99: Walk: 99
2019-09-05_00:26:23.519[Battery Energy]43.10
2019-09-05_00:26:23.519[Status]Routing Start.
2019-09-05_00:26:23.731[Status]{'id': 13, 'coordinate': [1063.7066634305568, 608.6359382982139]}
2019-09-05_00:26:23.731[Status]Routing 100: Walk: 100
2019-09-05_00:26:23.831[Battery Energy]42.86
2019-09-05_00:26:23.831[Status]Routing Start.
2019-09-05_00:26:24.054[Status]{'id': 13, 'coordinate': [1073.0337300648623, 612.242297681196]}
2019-09-05_00:26:24.054[Status]Routing 101: Walk: 101
2019-09-05_00:26:24.154[Battery Energy]42.65
2019-09-05_00:26:24.154[Status]Routing Start.
2019-09-05_00:26:24.347[Status]{'id': 13, 'coordinate': [1082.3607966991678, 615.8486570641782]}
2019-09-05_00:26:24.347[Status]Routing 102: Walk: 102
2019-09-05_00:26:24.447[Battery Energy]42.40
2019-09-05_00:26:24.447[Status]Routing Start.
2019-09-05_00:26:24.650[Status]{'id': 13, 'coordinate': [1091.6878633334734, 619.4550164471602]}
2019-09-05_00:26:24.650[Status]Routing 103: Walk: 103
2019-09-05_00:26:24.752[Battery Energy]42.17
2019-09-05_00:26:24.752[Status]Routing Start.
2019-09-05_00:26:25.346[Status]Routing 104: Walk: 103
2019-09-05_00:26:25.446[Battery Energy]41.74
2019-09-05_00:26:25.446[Status]Routing Start.
2019-09-05_00:26:25.590[Status]{'id': 13, 'coordinate': [1101.014929967779, 623.0613758301423]}
2019-09-05_00:26:25.590[Status]Routing 105: Walk: 104
2019-09-05_00:26:25.690[Battery Energy]41.54
2019-09-05_00:26:25.690[Status]Routing Start.
2019-09-05_00:26:26.022[Status]{'id': 13, 'coordinate': [1110.3419966020845, 626.6677352131245]}
2019-09-05_00:26:26.023[Status]Routing 106: Walk: 105
2019-09-05_00:26:26.125[Battery Energy]41.22
2019-09-05_00:26:26.125[Status]Routing Start.
2019-09-05_00:26:26.573[Status]{'id': 13, 'coordinate': [1119.66906323639, 630.2740945961066]}
2019-09-05_00:26:26.573[Status]Routing 107: Walk: 106
2019-09-05_00:26:26.676[Battery Energy]40.86
2019-09-05_00:26:26.676[Status]Routing Start.
2019-09-05_00:26:27.046[Status]{'id': 13, 'coordinate': [1128.9961298706955, 633.8804539790887]}
2019-09-05_00:26:27.046[Status]Routing 108: Walk: 107
2019-09-05_00:26:27.168[Battery Energy]40.52
2019-09-05_00:26:27.168[Status]Routing Start.
2019-09-05_00:26:27.500[Status]{'id': 13, 'coordinate': [1138.323196505001, 637.4868133620708]}
2019-09-05_00:26:27.500[Status]Routing 109: Walk: 108
2019-09-05_00:26:27.604[Battery Energy]40.19
2019-09-05_00:26:27.604[Status]Routing Start.
2019-09-05_00:26:27.963[Status]{'id': 13, 'coordinate': [1147.6502631393066, 641.0931727450529]}
2019-09-05_00:26:27.963[Status]Routing 110: Walk: 109
2019-09-05_00:26:28.063[Battery Energy]39.88
2019-09-05_00:26:28.063[Status]Routing Start.
2019-09-05_00:26:28.473[Status]{'id': 13, 'coordinate': [1156.9773297736122, 644.699532128035]}
2019-09-05_00:26:28.473[Status]Routing 111: Walk: 110
2019-09-05_00:26:28.573[Battery Energy]39.55
2019-09-05_00:26:28.573[Status]Routing Start.
2019-09-05_00:26:28.964[Status]{'id': 13, 'coordinate': [1166.3043964079177, 648.3058915110171]}
2019-09-05_00:26:28.964[Status]Routing 112: Walk: 111
2019-09-05_00:26:29.072[Battery Energy]39.22
2019-09-05_00:26:29.072[Status]Routing Start.
2019-09-05_00:26:29.535[Status]{'id': 13, 'coordinate': [1175.6314630422232, 651.9122508939993]}
2019-09-05_00:26:29.535[Status]Routing 113: Walk: 112
2019-09-05_00:26:29.635[Battery Energy]38.79
2019-09-05_00:26:29.635[Status]Routing Start.
2019-09-05_00:26:30.040[Status]{'id': 13, 'coordinate': [1184.9585296765288, 655.5186102769813]}
2019-09-05_00:26:30.040[Status]Routing 114: Walk: 113
2019-09-05_00:26:30.140[Battery Energy]38.45
2019-09-05_00:26:30.140[Status]Routing Start.
2019-09-05_00:26:30.580[Status]{'id': 13, 'coordinate': [1194.2855963108343, 659.1249696599634]}
2019-09-05_00:26:30.580[Status]Routing 115: Walk: 114
2019-09-05_00:26:30.686[Battery Energy]38.08
2019-09-05_00:26:30.686[Status]Routing Start.
2019-09-05_00:26:31.215[Status]{'id': 13, 'coordinate': [1203.6126629451398, 662.7313290429456]}
2019-09-05_00:26:31.215[Status]Routing 116: Walk: 115
2019-09-05_00:26:31.320[Battery Energy]37.66
2019-09-05_00:26:31.320[Status]Routing Start.
2019-09-05_00:26:31.766[Status]{'id': 13, 'coordinate': [1212.9397295794454, 666.3376884259277]}
2019-09-05_00:26:31.766[Status]Routing 117: Walk: 116
2019-09-05_00:26:31.866[Battery Energy]37.24
2019-09-05_00:26:31.866[Status]Routing Start.
2019-09-05_00:26:32.235[Status]{'id': 13, 'coordinate': [1222.266796213751, 669.9440478089098]}
2019-09-05_00:26:32.235[Status]Routing 118: Walk: 117
2019-09-05_00:26:32.335[Battery Energy]36.86
2019-09-05_00:26:32.335[Status]Routing Start.
2019-09-05_00:26:32.654[Status]{'id': 13, 'coordinate': [1231.5938628480565, 673.550407191892]}
2019-09-05_00:26:32.655[Status]Routing 119: Walk: 118
2019-09-05_00:26:32.760[Battery Energy]36.58
2019-09-05_00:26:32.760[Status]Routing Start.
2019-09-05_00:26:33.115[Status]{'id': 13, 'coordinate': [1240.920929482362, 677.156766574874]}
2019-09-05_00:26:33.115[Status]Routing 120: Walk: 119
2019-09-05_00:26:33.232[Battery Energy]36.27
2019-09-05_00:26:33.232[Status]Routing Start.
2019-09-05_00:26:33.501[Status]{'id': 13, 'coordinate': [1250.2479961166675, 680.7631259578561]}
2019-09-05_00:26:33.506[Status]Routing 121: Walk: 120
2019-09-05_00:26:33.606[Battery Energy]36.02
2019-09-05_00:26:33.606[Status]Routing Start.
2019-09-05_00:26:33.933[Status]{'id': 13, 'coordinate': [1259.575062750973, 684.3694853408383]}
2019-09-05_00:26:33.933[Status]Routing 122: Walk: 121
2019-09-05_00:26:34.033[Battery Energy]35.70
2019-09-05_00:26:34.033[Status]Routing Start.
2019-09-05_00:26:34.306[Status]{'id': 13, 'coordinate': [1268.9021293852786, 687.9758447238204]}
2019-09-05_00:26:34.306[Status]Routing 123: Walk: 122
2019-09-05_00:26:34.406[Battery Energy]35.40
2019-09-05_00:26:34.406[Status]Routing Start.
2019-09-05_00:26:34.584[Status]{'id': 13, 'coordinate': [1278.2291960195842, 691.5822041068025]}
2019-09-05_00:26:34.584[Status]Routing 124: Walk: 123
2019-09-05_00:26:34.692[Battery Energy]35.18
2019-09-05_00:26:34.692[Status]Routing Start.
2019-09-05_00:26:34.941[Status]{'id': 13, 'coordinate': [1287.5562626538897, 695.1885634897845]}
2019-09-05_00:26:34.941[Status]Routing 125: Walk: 124
2019-09-05_00:26:35.041[Battery Energy]34.93
2019-09-05_00:26:35.041[Status]Routing Start.
2019-09-05_00:26:35.246[Status]{'id': 13, 'coordinate': [1296.8833292881952, 698.7949228727667]}
2019-09-05_00:26:35.248[Status]Routing 126: Walk: 125
2019-09-05_00:26:35.364[Battery Energy]34.70
2019-09-05_00:26:35.364[Status]Routing Start.
2019-09-05_00:26:35.364[Status]Task Finished.
2019-09-05_00:26:35.465[Battery Energy]34.70
2019-09-05_00:26:35.592[Status]Routing 128: Walk: 125
2019-09-05_00:26:35.693[Battery Energy]34.63
2019-09-05_00:26:36.010[Status]Routing 129: Walk: 125
2019-09-05_00:26:36.116[Battery Energy]34.46
2019-09-05_00:26:36.344[Status]Routing 130: Walk: 125
2019-09-05_00:26:36.527[Battery Energy]34.32
2019-09-05_00:26:36.741[Status]Routing 131: Walk: 125
2019-09-05_00:26:36.860[Battery Energy]34.20
2019-09-05_00:26:37.091[Status]Routing 132: Walk: 125
2019-09-05_00:26:37.208[Battery Energy]34.02
2019-09-05_00:26:37.406[Status]Routing 133: Walk: 125
2019-09-05_00:26:37.516[Battery Energy]33.93
2019-09-05_00:26:37.727[Status]Routing 134: Walk: 125
2019-09-05_00:26:37.832[Battery Energy]33.80
2019-09-05_00:26:38.080[Status]Routing 135: Walk: 125
2019-09-05_00:26:38.180[Battery Energy]33.59
2019-09-05_00:26:38.415[Status]Routing 136: Walk: 125
2019-09-05_00:26:38.555[Battery Energy]33.46
2019-09-05_00:26:38.820[Status]Routing 137: Walk: 125
2019-09-05_00:26:38.920[Battery Energy]33.32
2019-09-05_00:26:39.142[Status]Routing 138: Walk: 125
2019-09-05_00:26:39.276[Battery Energy]33.22
2019-09-05_00:26:39.514[Status]Routing 139: Walk: 125
2019-09-05_00:26:39.638[Battery Energy]33.08
2019-09-05_00:26:39.958[Status]Routing 140: Walk: 125
2019-09-05_00:26:40.058[Battery Energy]32.85
2019-09-05_00:26:40.270[Status]Routing 141: Walk: 125
2019-09-05_00:26:40.388[Battery Energy]32.70
2019-09-05_00:26:40.514[Status]Routing 142: Walk: 125
2019-09-05_00:26:40.632[Battery Energy]32.61
2019-09-05_00:26:40.802[Status]Routing 143: Walk: 125
2019-09-05_00:26:40.912[Battery Energy]32.52
2019-09-05_00:26:41.255[Status]Routing 144: Walk: 125
2019-09-05_00:26:41.360[Battery Energy]32.31
2019-09-05_00:26:41.622[Status]Routing 145: Walk: 125
2019-09-05_00:26:41.731[Battery Energy]32.18
2019-09-05_00:26:41.945[Status]Routing 146: Walk: 125
2019-09-05_00:26:42.056[Battery Energy]32.03
2019-09-05_00:26:42.275[Status]Routing 147: Walk: 125
2019-09-05_00:26:42.388[Battery Energy]31.89
2019-09-05_00:26:42.550[Status]Routing 148: Walk: 125
2019-09-05_00:26:42.651[Battery Energy]31.75
2019-09-05_00:26:43.242[Status]Routing 149: Walk: 125
2019-09-05_00:26:43.356[Battery Energy]31.51
2019-09-05_00:26:43.743[Status]Routing 150: Walk: 125
2019-09-05_00:26:43.852[Battery Energy]31.28
2019-09-05_00:26:44.125[Status]Routing 151: Walk: 125
2019-09-05_00:26:44.232[Battery Energy]31.10
2019-09-05_00:26:44.430[Status]Routing 152: Walk: 125
2019-09-05_00:26:44.532[Battery Energy]30.98
2019-09-05_00:26:44.717[Status]Routing 153: Walk: 125
2019-09-05_00:26:44.817[Battery Energy]30.86
2019-09-05_00:26:45.009[Status]Routing 154: Walk: 125
2019-09-05_00:26:45.109[Battery Energy]30.74
2019-09-05_00:26:45.367[Status]Routing 155: Walk: 125
2019-09-05_00:26:45.473[Battery Energy]30.63
2019-09-05_00:26:45.644[Status]Routing 156: Walk: 125
2019-09-05_00:26:45.752[Battery Energy]30.52
