2019-09-05_00:55:35.855[Status]Start.
2019-09-05_00:55:35.857[Battery Energy]105.00
2019-09-05_00:55:36.958[Battery Energy]104.96
2019-09-05_00:55:38.058[Battery Energy]104.92
2019-09-05_00:55:39.160[Battery Energy]104.88
2019-09-05_00:55:40.260[Battery Energy]104.84
2019-09-05_00:55:41.362[Task]A New Task Released.
2019-09-05_00:55:41.362[Battery Energy]104.80
2019-09-05_00:55:41.362[Status]Selection Start.
2019-09-05_00:55:42.371[Status]Selection End: Do Task 2.
2019-09-05_00:55:42.471[Battery Energy]104.16
2019-09-05_00:55:42.471[Status]Formation Start.
2019-09-05_00:55:42.687[Status]Formation End: To Position 4.
2019-09-05_00:55:42.788[Battery Energy]104.01
2019-09-05_00:55:42.788[Status]Routing Start.
2019-09-05_00:55:42.963[Status]{'id': 16, 'coordinate': [72.9990626180465, 101.13691880946496]}
2019-09-05_00:55:42.964[Status]Routing 1: Walk: 1
2019-09-05_00:55:43.071[Battery Energy]103.80
2019-09-05_00:55:43.071[Status]Routing Start.
2019-09-05_00:55:43.287[Status]{'id': 16, 'coordinate': [82.99812523609299, 101.27383761892992]}
2019-09-05_00:55:43.287[Status]Routing 2: Walk: 2
2019-09-05_00:55:43.400[Battery Energy]103.55
2019-09-05_00:55:43.400[Status]Routing Start.
2019-09-05_00:55:43.560[Status]{'id': 16, 'coordinate': [92.99718785413948, 101.41075642839488]}
2019-09-05_00:55:43.560[Status]Routing 3: Walk: 3
2019-09-05_00:55:43.663[Battery Energy]103.34
2019-09-05_00:55:43.663[Status]Routing Start.
2019-09-05_00:55:43.890[Status]{'id': 16, 'coordinate': [102.99625047218598, 101.54767523785983]}
2019-09-05_00:55:43.890[Status]Routing 4: Walk: 4
2019-09-05_00:55:43.991[Battery Energy]103.10
2019-09-05_00:55:43.991[Status]Routing Start.
2019-09-05_00:55:44.178[Status]{'id': 16, 'coordinate': [112.99531309023246, 101.6845940473248]}
2019-09-05_00:55:44.178[Status]Routing 5: Walk: 5
2019-09-05_00:55:44.280[Battery Energy]102.86
2019-09-05_00:55:44.280[Status]Routing Start.
2019-09-05_00:55:44.601[Status]{'id': 16, 'coordinate': [122.99437570827895, 101.82151285678975]}
2019-09-05_00:55:44.601[Status]Routing 6: Walk: 6
2019-09-05_00:55:44.701[Battery Energy]102.59
2019-09-05_00:55:44.701[Status]Routing Start.
2019-09-05_00:55:45.083[Status]{'id': 16, 'coordinate': [132.99343832632545, 101.95843166625471]}
2019-09-05_00:55:45.083[Status]Routing 7: Walk: 7
2019-09-05_00:55:45.191[Battery Energy]102.26
2019-09-05_00:55:45.191[Status]Routing Start.
2019-09-05_00:55:45.652[Status]{'id': 16, 'coordinate': [142.99250094437193, 102.09535047571967]}
2019-09-05_00:55:45.652[Status]Routing 8: Walk: 8
2019-09-05_00:55:45.764[Battery Energy]101.90
2019-09-05_00:55:45.764[Status]Routing Start.
2019-09-05_00:55:46.184[Status]{'id': 16, 'coordinate': [152.9915635624184, 102.23226928518463]}
2019-09-05_00:55:46.184[Status]Routing 9: Walk: 9
2019-09-05_00:55:46.284[Battery Energy]101.52
2019-09-05_00:55:46.284[Status]Routing Start.
2019-09-05_00:55:46.744[Status]{'id': 16, 'coordinate': [162.9906261804649, 102.36918809464959]}
2019-09-05_00:55:46.744[Status]Routing 10: Walk: 10
2019-09-05_00:55:46.844[Battery Energy]101.15
2019-09-05_00:55:46.844[Status]Routing Start.
2019-09-05_00:55:47.238[Status]{'id': 16, 'coordinate': [172.98968879851137, 102.50610690411455]}
2019-09-05_00:55:47.240[Status]Routing 11: Walk: 11
2019-09-05_00:55:47.340[Battery Energy]100.83
2019-09-05_00:55:47.340[Status]Routing Start.
2019-09-05_00:55:47.657[Status]{'id': 16, 'coordinate': [182.98875141655785, 102.6430257135795]}
2019-09-05_00:55:47.657[Status]Routing 12: Walk: 12
2019-09-05_00:55:47.768[Battery Energy]100.48
2019-09-05_00:55:47.768[Status]Routing Start.
2019-09-05_00:55:48.160[Status]{'id': 16, 'coordinate': [192.98781403460433, 102.77994452304446]}
2019-09-05_00:55:48.160[Status]Routing 13: Walk: 13
2019-09-05_00:55:48.263[Battery Energy]100.12
2019-09-05_00:55:48.263[Status]Routing Start.
2019-09-05_00:55:48.698[Status]{'id': 16, 'coordinate': [202.9868766526508, 102.91686333250942]}
2019-09-05_00:55:48.701[Status]Routing 14: Walk: 14
2019-09-05_00:55:48.808[Battery Energy]99.81
2019-09-05_00:55:48.808[Status]Routing Start.
2019-09-05_00:55:49.186[Status]{'id': 16, 'coordinate': [212.9859392706973, 103.05378214197438]}
2019-09-05_00:55:49.186[Status]Routing 15: Walk: 15
2019-09-05_00:55:49.292[Battery Energy]99.45
2019-09-05_00:55:49.292[Status]Routing Start.
2019-09-05_00:55:49.696[Status]{'id': 16, 'coordinate': [222.98500188874377, 103.19070095143934]}
2019-09-05_00:55:49.696[Status]Routing 16: Walk: 16
2019-09-05_00:55:49.796[Battery Energy]99.16
2019-09-05_00:55:49.796[Status]Routing Start.
2019-09-05_00:55:50.102[Status]{'id': 16, 'coordinate': [232.98406450679025, 103.3276197609043]}
2019-09-05_00:55:50.102[Status]Routing 17: Walk: 17
2019-09-05_00:55:50.215[Battery Energy]98.86
2019-09-05_00:55:50.215[Status]Routing Start.
2019-09-05_00:55:50.583[Status]{'id': 16, 'coordinate': [242.98312712483673, 103.46453857036926]}
2019-09-05_00:55:50.583[Status]Routing 18: Walk: 18
2019-09-05_00:55:50.684[Battery Energy]98.56
2019-09-05_00:55:50.684[Status]Routing Start.
2019-09-05_00:55:51.031[Status]{'id': 16, 'coordinate': [252.9821897428832, 103.60145737983422]}
2019-09-05_00:55:51.031[Status]Routing 19: Walk: 19
2019-09-05_00:55:51.131[Battery Energy]98.20
2019-09-05_00:55:51.131[Status]Routing Start.
2019-09-05_00:55:51.504[Status]{'id': 16, 'coordinate': [262.9812523609297, 103.73837618929917]}
2019-09-05_00:55:51.504[Status]Routing 20: Walk: 20
2019-09-05_00:55:51.604[Battery Energy]97.85
2019-09-05_00:55:51.604[Status]Routing Start.
2019-09-05_00:55:51.933[Status]{'id': 16, 'coordinate': [272.9803149789762, 103.87529499876413]}
2019-09-05_00:55:51.933[Status]Routing 21: Walk: 21
2019-09-05_00:55:52.034[Battery Energy]97.55
2019-09-05_00:55:52.034[Status]Routing Start.
2019-09-05_00:55:52.364[Status]{'id': 16, 'coordinate': [282.9793775970227, 104.01221380822909]}
2019-09-05_00:55:52.364[Status]Routing 22: Walk: 22
2019-09-05_00:55:52.467[Battery Energy]97.22
2019-09-05_00:55:52.467[Status]Routing Start.
2019-09-05_00:55:52.848[Status]{'id': 16, 'coordinate': [292.97844021506916, 104.14913261769405]}
2019-09-05_00:55:52.848[Status]Routing 23: Walk: 23
2019-09-05_00:55:52.948[Battery Energy]96.90
2019-09-05_00:55:52.948[Status]Routing Start.
2019-09-05_00:55:53.290[Status]{'id': 16, 'coordinate': [302.97750283311564, 104.28605142715901]}
2019-09-05_00:55:53.291[Status]Routing 24: Walk: 24
2019-09-05_00:55:53.391[Battery Energy]96.54
2019-09-05_00:55:53.391[Status]Routing Start.
2019-09-05_00:55:53.865[Status]{'id': 16, 'coordinate': [312.9765654511621, 104.42297023662397]}
2019-09-05_00:55:53.865[Status]Routing 25: Walk: 25
2019-09-05_00:55:53.968[Battery Energy]96.23
2019-09-05_00:55:53.968[Status]Routing Start.
2019-09-05_00:55:54.293[Status]{'id': 16, 'coordinate': [322.9756280692086, 104.55988904608893]}
2019-09-05_00:55:54.294[Status]Routing 26: Walk: 26
2019-09-05_00:55:54.394[Battery Energy]95.88
2019-09-05_00:55:54.394[Status]Routing Start.
2019-09-05_00:55:54.730[Status]{'id': 16, 'coordinate': [332.9746906872551, 104.69680785555389]}
2019-09-05_00:55:54.730[Status]Routing 27: Walk: 27
2019-09-05_00:55:54.832[Battery Energy]95.55
2019-09-05_00:55:54.832[Status]Routing Start.
2019-09-05_00:55:55.158[Status]{'id': 16, 'coordinate': [342.97375330530156, 104.83372666501884]}
2019-09-05_00:55:55.158[Status]Routing 28: Walk: 28
2019-09-05_00:55:55.264[Battery Energy]95.26
2019-09-05_00:55:55.264[Status]Routing Start.
2019-09-05_00:55:55.439[Status]{'id': 16, 'coordinate': [352.97281592334804, 104.9706454744838]}
2019-09-05_00:55:55.439[Status]Routing 29: Walk: 29
2019-09-05_00:55:55.539[Battery Energy]95.04
2019-09-05_00:55:55.539[Status]Routing Start.
2019-09-05_00:55:55.830[Status]{'id': 16, 'coordinate': [362.9718785413945, 105.10756428394876]}
2019-09-05_00:55:55.831[Status]Routing 30: Walk: 30
2019-09-05_00:55:55.944[Battery Energy]94.77
2019-09-05_00:55:55.944[Status]Routing Start.
2019-09-05_00:55:56.153[Status]{'id': 16, 'coordinate': [372.970941159441, 105.24448309341372]}
2019-09-05_00:55:56.153[Status]Routing 31: Walk: 31
2019-09-05_00:55:56.272[Battery Energy]94.52
2019-09-05_00:55:56.272[Status]Routing Start.
2019-09-05_00:55:56.597[Status]{'id': 16, 'coordinate': [382.9700037774875, 105.38140190287868]}
2019-09-05_00:55:56.597[Status]Routing 32: Walk: 32
2019-09-05_00:55:56.708[Battery Energy]94.21
2019-09-05_00:55:56.709[Status]Routing Start.
2019-09-05_00:55:56.919[Status]{'id': 16, 'coordinate': [392.96906639553396, 105.51832071234364]}
2019-09-05_00:55:56.919[Status]Routing 33: Walk: 33
2019-09-05_00:55:57.020[Battery Energy]93.95
2019-09-05_00:55:57.020[Status]Routing Start.
2019-09-05_00:55:57.202[Status]{'id': 16, 'coordinate': [402.96812901358044, 105.6552395218086]}
2019-09-05_00:55:57.202[Status]Routing 34: Walk: 34
2019-09-05_00:55:57.312[Battery Energy]93.78
2019-09-05_00:55:57.312[Status]Routing Start.
2019-09-05_00:55:57.737[Status]{'id': 16, 'coordinate': [412.9671916316269, 105.79215833127355]}
2019-09-05_00:55:57.737[Status]Routing 35: Walk: 35
2019-09-05_00:55:57.839[Battery Energy]93.44
2019-09-05_00:55:57.839[Status]Routing Start.
2019-09-05_00:55:58.206[Status]{'id': 16, 'coordinate': [422.9662542496734, 105.92907714073851]}
2019-09-05_00:55:58.206[Status]Routing 36: Walk: 36
2019-09-05_00:55:58.312[Battery Energy]93.10
2019-09-05_00:55:58.312[Status]Routing Start.
2019-09-05_00:55:58.685[Status]{'id': 16, 'coordinate': [432.9653168677199, 106.06599595020347]}
2019-09-05_00:55:58.687[Status]Routing 37: Walk: 37
2019-09-05_00:55:58.788[Battery Energy]92.78
2019-09-05_00:55:58.788[Status]Routing Start.
2019-09-05_00:55:59.152[Status]{'id': 16, 'coordinate': [442.96437948576636, 106.20291475966843]}
2019-09-05_00:55:59.152[Status]Routing 38: Walk: 38
2019-09-05_00:55:59.256[Battery Energy]92.47
2019-09-05_00:55:59.256[Status]Routing Start.
2019-09-05_00:55:59.664[Status]{'id': 16, 'coordinate': [452.96344210381284, 106.33983356913339]}
2019-09-05_00:55:59.666[Status]Routing 39: Walk: 39
2019-09-05_00:55:59.766[Battery Energy]92.18
2019-09-05_00:55:59.766[Status]Routing Start.
2019-09-05_00:56:00.173[Status]{'id': 16, 'coordinate': [462.9625047218593, 106.47675237859835]}
2019-09-05_00:56:00.174[Status]Routing 40: Walk: 40
2019-09-05_00:56:00.288[Battery Energy]91.85
2019-09-05_00:56:00.289[Status]Routing Start.
2019-09-05_00:56:00.635[Status]{'id': 16, 'coordinate': [472.9615673399058, 106.61367118806331]}
2019-09-05_00:56:00.636[Status]Routing 41: Walk: 41
2019-09-05_00:56:00.740[Battery Energy]91.47
2019-09-05_00:56:00.740[Status]Routing Start.
2019-09-05_00:56:01.099[Status]{'id': 16, 'coordinate': [482.9606299579523, 106.75058999752827]}
2019-09-05_00:56:01.099[Status]Routing 42: Walk: 42
2019-09-05_00:56:01.204[Battery Energy]91.13
2019-09-05_00:56:01.204[Status]Routing Start.
2019-09-05_00:56:01.515[Status]{'id': 16, 'coordinate': [492.95969257599876, 106.88750880699322]}
2019-09-05_00:56:01.515[Status]Routing 43: Walk: 43
2019-09-05_00:56:01.618[Battery Energy]90.84
2019-09-05_00:56:01.618[Status]Routing Start.
2019-09-05_00:56:01.937[Status]{'id': 16, 'coordinate': [502.95875519404524, 107.02442761645818]}
2019-09-05_00:56:01.940[Status]Routing 44: Walk: 44
2019-09-05_00:56:02.041[Battery Energy]90.52
2019-09-05_00:56:02.041[Status]Routing Start.
2019-09-05_00:56:02.337[Status]{'id': 16, 'coordinate': [512.9578178120918, 107.16134642592316]}
2019-09-05_00:56:02.337[Status]Routing 45: Walk: 45
2019-09-05_00:56:02.444[Battery Energy]90.24
2019-09-05_00:56:02.444[Status]Routing Start.
2019-09-05_00:56:02.595[Status]{'id': 16, 'coordinate': [522.9568804301383, 107.29826523538813]}
2019-09-05_00:56:02.596[Status]Routing 46: Walk: 46
2019-09-05_00:56:02.696[Battery Energy]90.03
2019-09-05_00:56:02.696[Status]Routing Start.
2019-09-05_00:56:02.853[Status]{'id': 16, 'coordinate': [532.9559430481848, 107.43518404485309]}
2019-09-05_00:56:02.855[Status]Routing 47: Walk: 47
2019-09-05_00:56:02.964[Battery Energy]89.82
2019-09-05_00:56:02.964[Status]Routing Start.
2019-09-05_00:56:03.187[Status]{'id': 16, 'coordinate': [542.9550056662314, 107.57210285431806]}
2019-09-05_00:56:03.187[Status]Routing 48: Walk: 48
2019-09-05_00:56:03.287[Battery Energy]89.52
2019-09-05_00:56:03.287[Status]Routing Start.
2019-09-05_00:56:03.657[Status]{'id': 16, 'coordinate': [552.9540682842779, 107.70902166378302]}
2019-09-05_00:56:03.657[Status]Routing 49: Walk: 49
2019-09-05_00:56:03.758[Battery Energy]89.21
2019-09-05_00:56:03.759[Status]Routing Start.
2019-09-05_00:56:04.211[Status]{'id': 16, 'coordinate': [562.9531309023245, 107.84594047324799]}
2019-09-05_00:56:04.211[Status]Routing 50: Walk: 50
2019-09-05_00:56:04.312[Battery Energy]88.85
2019-09-05_00:56:04.312[Status]Routing Start.
2019-09-05_00:56:04.696[Status]{'id': 16, 'coordinate': [572.952193520371, 107.98285928271295]}
2019-09-05_00:56:04.696[Status]Routing 51: Walk: 51
2019-09-05_00:56:04.796[Battery Energy]88.56
2019-09-05_00:56:04.796[Status]Routing Start.
2019-09-05_00:56:04.960[Status]{'id': 16, 'coordinate': [582.9512561384175, 108.11977809217792]}
2019-09-05_00:56:04.960[Status]Routing 52: Walk: 52
2019-09-05_00:56:05.060[Battery Energy]88.35
2019-09-05_00:56:05.060[Status]Routing Start.
2019-09-05_00:56:05.252[Status]{'id': 16, 'coordinate': [592.9503187564641, 108.25669690164288]}
2019-09-05_00:56:05.252[Status]Routing 53: Walk: 53
2019-09-05_00:56:05.360[Battery Energy]88.13
2019-09-05_00:56:05.360[Status]Routing Start.
2019-09-05_00:56:05.492[Status]{'id': 16, 'coordinate': [602.9493813745106, 108.39361571110786]}
2019-09-05_00:56:05.492[Status]Routing 54: Walk: 54
2019-09-05_00:56:05.594[Battery Energy]87.92
2019-09-05_00:56:05.594[Status]Routing Start.
2019-09-05_00:56:05.780[Status]{'id': 16, 'coordinate': [612.9484439925571, 108.53053452057281]}
2019-09-05_00:56:05.787[Status]Routing 55: Walk: 55
2019-09-05_00:56:05.892[Battery Energy]87.72
2019-09-05_00:56:05.892[Status]Routing Start.
2019-09-05_00:56:06.101[Status]{'id': 16, 'coordinate': [622.9475066106037, 108.66745333003779]}
2019-09-05_00:56:06.101[Status]Routing 56: Walk: 56
2019-09-05_00:56:06.212[Battery Energy]87.50
2019-09-05_00:56:06.212[Status]Routing Start.
2019-09-05_00:56:06.422[Status]{'id': 16, 'coordinate': [632.9465692286502, 108.80437213950276]}
2019-09-05_00:56:06.422[Status]Routing 57: Walk: 57
2019-09-05_00:56:06.530[Battery Energy]87.24
2019-09-05_00:56:06.530[Status]Routing Start.
2019-09-05_00:56:06.933[Status]{'id': 16, 'coordinate': [642.9456318466968, 108.94129094896772]}
2019-09-05_00:56:06.933[Status]Routing 58: Walk: 58
2019-09-05_00:56:07.033[Battery Energy]86.91
2019-09-05_00:56:07.033[Status]Routing Start.
2019-09-05_00:56:07.390[Status]{'id': 16, 'coordinate': [652.9446944647433, 109.07820975843269]}
2019-09-05_00:56:07.390[Status]Routing 59: Walk: 59
2019-09-05_00:56:07.491[Battery Energy]86.59
2019-09-05_00:56:07.491[Status]Routing Start.
2019-09-05_00:56:07.957[Status]{'id': 16, 'coordinate': [662.9437570827898, 109.21512856789765]}
2019-09-05_00:56:07.957[Status]Routing 60: Walk: 60
2019-09-05_00:56:08.072[Battery Energy]86.26
2019-09-05_00:56:08.072[Status]Routing Start.
2019-09-05_00:56:08.623[Status]{'id': 16, 'coordinate': [672.9428197008364, 109.35204737736262]}
2019-09-05_00:56:08.623[Status]Routing 61: Walk: 61
2019-09-05_00:56:08.723[Battery Energy]85.79
2019-09-05_00:56:08.723[Status]Routing Start.
2019-09-05_00:56:08.956[Status]{'id': 16, 'coordinate': [682.9418823188829, 109.48896618682758]}
2019-09-05_00:56:08.956[Status]Routing 62: Walk: 62
2019-09-05_00:56:09.057[Battery Energy]85.51
2019-09-05_00:56:09.057[Status]Routing Start.
2019-09-05_00:56:09.338[Status]{'id': 16, 'coordinate': [692.9409449369294, 109.62588499629256]}
2019-09-05_00:56:09.338[Status]Routing 63: Walk: 63
2019-09-05_00:56:09.439[Battery Energy]85.25
2019-09-05_00:56:09.439[Status]Routing Start.
2019-09-05_00:56:09.624[Status]{'id': 16, 'coordinate': [702.940007554976, 109.76280380575751]}
2019-09-05_00:56:09.624[Status]Routing 64: Walk: 64
2019-09-05_00:56:09.728[Battery Energy]85.02
2019-09-05_00:56:09.728[Status]Routing Start.
2019-09-05_00:56:10.070[Status]{'id': 16, 'coordinate': [712.9390701730225, 109.89972261522249]}
2019-09-05_00:56:10.070[Status]Routing 65: Walk: 65
2019-09-05_00:56:10.171[Battery Energy]84.72
2019-09-05_00:56:10.171[Status]Routing Start.
2019-09-05_00:56:10.564[Status]{'id': 16, 'coordinate': [722.938132791069, 110.03664142468745]}
2019-09-05_00:56:10.564[Status]Routing 66: Walk: 66
2019-09-05_00:56:10.664[Battery Energy]84.39
2019-09-05_00:56:10.664[Status]Routing Start.
2019-09-05_00:56:10.962[Status]{'id': 16, 'coordinate': [732.9371954091156, 110.17356023415242]}
2019-09-05_00:56:10.962[Status]Routing 67: Walk: 67
2019-09-05_00:56:11.062[Battery Energy]84.15
2019-09-05_00:56:11.062[Status]Routing Start.
2019-09-05_00:56:11.411[Status]{'id': 16, 'coordinate': [742.9362580271621, 110.31047904361739]}
2019-09-05_00:56:11.411[Status]Routing 68: Walk: 68
2019-09-05_00:56:11.520[Battery Energy]83.84
2019-09-05_00:56:11.520[Status]Routing Start.
2019-09-05_00:56:11.698[Status]{'id': 16, 'coordinate': [752.9353206452087, 110.44739785308235]}
2019-09-05_00:56:11.698[Status]Routing 69: Walk: 69
2019-09-05_00:56:11.804[Battery Energy]83.63
2019-09-05_00:56:11.804[Status]Routing Start.
2019-09-05_00:56:12.172[Status]{'id': 16, 'coordinate': [762.9343832632552, 110.58431666254732]}
2019-09-05_00:56:12.173[Status]Routing 70: Walk: 70
2019-09-05_00:56:12.273[Battery Energy]83.29
2019-09-05_00:56:12.273[Status]Routing Start.
2019-09-05_00:56:12.680[Status]{'id': 16, 'coordinate': [772.9334458813017, 110.72123547201228]}
2019-09-05_00:56:12.680[Status]Routing 71: Walk: 71
2019-09-05_00:56:12.790[Battery Energy]82.93
2019-09-05_00:56:12.790[Status]Routing Start.
2019-09-05_00:56:13.122[Status]{'id': 16, 'coordinate': [782.9325084993483, 110.85815428147725]}
2019-09-05_00:56:13.122[Status]Routing 72: Walk: 72
2019-09-05_00:56:13.222[Battery Energy]82.60
2019-09-05_00:56:13.223[Status]Routing Start.
2019-09-05_00:56:13.623[Status]{'id': 16, 'coordinate': [792.9315711173948, 110.99507309094221]}
2019-09-05_00:56:13.624[Status]Routing 73: Walk: 73
2019-09-05_00:56:13.733[Battery Energy]82.27
2019-09-05_00:56:13.733[Status]Routing Start.
2019-09-05_00:56:14.102[Status]{'id': 16, 'coordinate': [802.9306337354413, 111.13199190040719]}
2019-09-05_00:56:14.102[Status]Routing 74: Walk: 74
2019-09-05_00:56:14.202[Battery Energy]81.91
2019-09-05_00:56:14.203[Status]Routing Start.
2019-09-05_00:56:14.508[Status]{'id': 16, 'coordinate': [812.9296963534879, 111.26891070987215]}
2019-09-05_00:56:14.508[Status]Routing 75: Walk: 75
2019-09-05_00:56:14.616[Battery Energy]81.59
2019-09-05_00:56:14.616[Status]Routing Start.
2019-09-05_00:56:14.782[Status]{'id': 16, 'coordinate': [822.9287589715344, 111.40582951933712]}
2019-09-05_00:56:14.783[Status]Routing 76: Walk: 76
2019-09-05_00:56:14.884[Battery Energy]81.36
2019-09-05_00:56:14.884[Status]Routing Start.
2019-09-05_00:56:15.051[Status]{'id': 16, 'coordinate': [832.927821589581, 111.54274832880208]}
2019-09-05_00:56:15.052[Status]Routing 77: Walk: 77
2019-09-05_00:56:15.168[Battery Energy]81.16
2019-09-05_00:56:15.168[Status]Routing Start.
2019-09-05_00:56:15.415[Status]{'id': 16, 'coordinate': [842.9268842076275, 111.67966713826705]}
2019-09-05_00:56:15.415[Status]Routing 78: Walk: 78
2019-09-05_00:56:15.524[Battery Energy]80.93
2019-09-05_00:56:15.524[Status]Routing Start.
2019-09-05_00:56:15.706[Status]{'id': 16, 'coordinate': [852.925946825674, 111.81658594773202]}
2019-09-05_00:56:15.706[Status]Routing 79: Walk: 79
2019-09-05_00:56:15.814[Battery Energy]80.73
2019-09-05_00:56:15.814[Status]Routing Start.
2019-09-05_00:56:15.970[Status]{'id': 16, 'coordinate': [862.9250094437206, 111.95350475719698]}
2019-09-05_00:56:15.970[Status]Routing 80: Walk: 80
2019-09-05_00:56:16.070[Battery Energy]80.53
2019-09-05_00:56:16.070[Status]Routing Start.
2019-09-05_00:56:16.228[Status]{'id': 16, 'coordinate': [872.9240720617671, 112.09042356666195]}
2019-09-05_00:56:16.228[Status]Routing 81: Walk: 81
2019-09-05_00:56:16.340[Battery Energy]80.32
2019-09-05_00:56:16.340[Status]Routing Start.
2019-09-05_00:56:16.521[Status]{'id': 16, 'coordinate': [882.9231346798136, 112.22734237612691]}
2019-09-05_00:56:16.521[Status]Routing 82: Walk: 82
2019-09-05_00:56:16.621[Battery Energy]80.10
2019-09-05_00:56:16.621[Status]Routing Start.
2019-09-05_00:56:16.837[Status]{'id': 16, 'coordinate': [892.9221972978602, 112.36426118559189]}
2019-09-05_00:56:16.837[Status]Routing 83: Walk: 83
2019-09-05_00:56:16.938[Battery Energy]79.88
2019-09-05_00:56:16.938[Status]Routing Start.
2019-09-05_00:56:17.141[Status]{'id': 16, 'coordinate': [902.9212599159067, 112.50117999505684]}
2019-09-05_00:56:17.141[Status]Routing 84: Walk: 84
2019-09-05_00:56:17.244[Battery Energy]79.65
2019-09-05_00:56:17.244[Status]Routing Start.
2019-09-05_00:56:17.441[Status]{'id': 16, 'coordinate': [912.9203225339533, 112.63809880452182]}
2019-09-05_00:56:17.442[Status]Routing 85: Walk: 85
2019-09-05_00:56:17.542[Battery Energy]79.41
2019-09-05_00:56:17.542[Status]Routing Start.
2019-09-05_00:56:17.715[Status]{'id': 16, 'coordinate': [922.9193851519998, 112.77501761398678]}
2019-09-05_00:56:17.715[Status]Routing 86: Walk: 86
2019-09-05_00:56:17.826[Battery Energy]79.21
2019-09-05_00:56:17.826[Status]Routing Start.
2019-09-05_00:56:18.022[Status]{'id': 16, 'coordinate': [932.9184477700463, 112.91193642345175]}
2019-09-05_00:56:18.025[Status]Routing 87: Walk: 87
2019-09-05_00:56:18.136[Battery Energy]79.02
2019-09-05_00:56:18.137[Status]Routing Start.
2019-09-05_00:56:18.306[Status]{'id': 16, 'coordinate': [942.9175103880929, 113.04885523291671]}
2019-09-05_00:56:18.306[Status]Routing 88: Walk: 88
2019-09-05_00:56:18.406[Battery Energy]78.82
2019-09-05_00:56:18.406[Status]Routing Start.
2019-09-05_00:56:18.594[Status]{'id': 16, 'coordinate': [952.9165730061394, 113.18577404238168]}
2019-09-05_00:56:18.594[Status]Routing 89: Walk: 89
2019-09-05_00:56:18.712[Battery Energy]78.59
2019-09-05_00:56:18.712[Status]Routing Start.
2019-09-05_00:56:19.009[Status]{'id': 16, 'coordinate': [962.9156356241859, 113.32269285184665]}
2019-09-05_00:56:19.009[Status]Routing 90: Walk: 90
2019-09-05_00:56:19.109[Battery Energy]78.37
2019-09-05_00:56:19.109[Status]Routing Start.
2019-09-05_00:56:19.292[Status]{'id': 16, 'coordinate': [972.9146982422325, 113.45961166131161]}
2019-09-05_00:56:19.292[Status]Routing 91: Walk: 91
2019-09-05_00:56:19.416[Battery Energy]78.14
2019-09-05_00:56:19.416[Status]Routing Start.
2019-09-05_00:56:19.616[Status]{'id': 16, 'coordinate': [982.913760860279, 113.59653047077659]}
2019-09-05_00:56:19.616[Status]Routing 92: Walk: 92
2019-09-05_00:56:19.728[Battery Energy]77.91
2019-09-05_00:56:19.728[Status]Routing Start.
2019-09-05_00:56:19.876[Status]{'id': 16, 'coordinate': [992.9128234783255, 113.73344928024154]}
2019-09-05_00:56:19.876[Status]Routing 93: Walk: 93
2019-09-05_00:56:19.981[Battery Energy]77.70
2019-09-05_00:56:19.981[Status]Routing Start.
2019-09-05_00:56:20.177[Status]{'id': 16, 'coordinate': [1002.9118860963721, 113.87036808970652]}
2019-09-05_00:56:20.177[Status]Routing 94: Walk: 94
2019-09-05_00:56:20.288[Battery Energy]77.47
2019-09-05_00:56:20.288[Status]Routing Start.
2019-09-05_00:56:20.509[Status]{'id': 16, 'coordinate': [1012.9109487144186, 114.00728689917148]}
2019-09-05_00:56:20.509[Status]Routing 95: Walk: 95
2019-09-05_00:56:20.609[Battery Energy]77.23
2019-09-05_00:56:20.609[Status]Routing Start.
2019-09-05_00:56:20.830[Status]{'id': 16, 'coordinate': [1022.9100113324652, 114.14420570863645]}
2019-09-05_00:56:20.831[Status]Routing 96: Walk: 96
2019-09-05_00:56:20.948[Battery Energy]76.98
2019-09-05_00:56:20.948[Status]Routing Start.
2019-09-05_00:56:21.177[Status]{'id': 16, 'coordinate': [1032.9090739505116, 114.28112451810141]}
2019-09-05_00:56:21.177[Status]Routing 97: Walk: 97
2019-09-05_00:56:21.284[Battery Energy]76.73
2019-09-05_00:56:21.284[Status]Routing Start.
2019-09-05_00:56:21.284[Status]Task Finished.
2019-09-05_00:56:21.385[Battery Energy]76.73
2019-09-05_00:56:21.593[Status]Routing 99: Walk: 97
2019-09-05_00:56:21.693[Battery Energy]76.60
2019-09-05_00:56:21.938[Status]Routing 100: Walk: 97
2019-09-05_00:56:22.048[Battery Energy]76.47
2019-09-05_00:56:22.232[Status]Routing 101: Walk: 97
2019-09-05_00:56:22.340[Battery Energy]76.34
2019-09-05_00:56:22.749[Status]Routing 102: Walk: 97
2019-09-05_00:56:22.849[Battery Energy]75.96
2019-09-05_00:56:23.027[Status]Routing 103: Walk: 97
2019-09-05_00:56:23.140[Battery Energy]75.86
2019-09-05_00:56:23.574[Status]Routing 104: Walk: 97
2019-09-05_00:56:23.674[Battery Energy]75.47
2019-09-05_00:56:24.033[Status]Routing 105: Walk: 97
2019-09-05_00:56:24.133[Battery Energy]75.09
2019-09-05_00:56:24.318[Status]Routing 106: Walk: 97
2019-09-05_00:56:24.418[Battery Energy]74.98
2019-09-05_00:56:24.621[Status]Routing 107: Walk: 97
2019-09-05_00:56:24.728[Battery Energy]74.85
2019-09-05_00:56:25.121[Status]Routing 108: Walk: 97
2019-09-05_00:56:25.225[Battery Energy]74.55
2019-09-05_00:56:25.613[Status]Routing 109: Walk: 97
2019-09-05_00:56:25.713[Battery Energy]74.23
2019-09-05_00:56:26.100[Status]Routing 110: Walk: 97
2019-09-05_00:56:26.207[Battery Energy]73.94
2019-09-05_00:56:26.539[Status]Routing 111: Walk: 97
2019-09-05_00:56:26.640[Battery Energy]73.62
2019-09-05_00:56:26.815[Status]Routing 112: Walk: 97
2019-09-05_00:56:26.924[Battery Energy]73.46
2019-09-05_00:56:27.172[Status]Routing 113: Walk: 97
2019-09-05_00:56:27.284[Battery Energy]73.35
2019-09-05_00:56:27.438[Status]Routing 114: Walk: 97
2019-09-05_00:56:27.539[Battery Energy]73.25
2019-09-05_00:56:27.783[Status]Routing 115: Walk: 97
2019-09-05_00:56:27.883[Battery Energy]73.11
2019-09-05_00:56:28.251[Status]Routing 116: Walk: 97
2019-09-05_00:56:28.355[Battery Energy]72.83
2019-09-05_00:56:28.766[Status]Routing 117: Walk: 97
2019-09-05_00:56:28.871[Battery Energy]72.63
2019-09-05_00:56:29.222[Status]Routing 118: Walk: 97
2019-09-05_00:56:29.340[Battery Energy]72.38
2019-09-05_00:56:29.634[Status]Routing 119: Walk: 97
2019-09-05_00:56:29.740[Battery Energy]72.19
2019-09-05_00:56:30.040[Status]Routing 120: Walk: 97
2019-09-05_00:56:30.140[Battery Energy]72.00
2019-09-05_00:56:30.306[Status]Routing 121: Walk: 97
2019-09-05_00:56:30.406[Battery Energy]71.88
2019-09-05_00:56:30.657[Status]Routing 122: Walk: 97
2019-09-05_00:56:30.757[Battery Energy]71.74
2019-09-05_00:56:30.931[Status]Routing 123: Walk: 97
2019-09-05_00:56:31.036[Battery Energy]71.62
2019-09-05_00:56:31.287[Status]Routing 124: Walk: 97
2019-09-05_00:56:31.388[Battery Energy]71.49
2019-09-05_00:56:31.707[Status]Routing 125: Walk: 97
2019-09-05_00:56:31.808[Battery Energy]71.32
2019-09-05_00:56:32.185[Status]Routing 126: Walk: 97
2019-09-05_00:56:32.298[Battery Energy]71.11
2019-09-05_00:56:32.615[Status]Routing 127: Walk: 97
2019-09-05_00:56:32.724[Battery Energy]70.89
2019-09-05_00:56:33.108[Status]Routing 128: Walk: 97
2019-09-05_00:56:33.212[Battery Energy]70.64
2019-09-05_00:56:33.548[Status]Routing 129: Walk: 97
2019-09-05_00:56:33.660[Battery Energy]70.40
2019-09-05_00:56:33.908[Status]Routing 130: Walk: 97
2019-09-05_00:56:34.030[Battery Energy]70.23
2019-09-05_00:56:34.217[Status]Routing 131: Walk: 97
2019-09-05_00:56:34.317[Battery Energy]70.13
2019-09-05_00:56:34.555[Status]Routing 132: Walk: 97
2019-09-05_00:56:34.660[Battery Energy]69.99
2019-09-05_00:56:34.817[Status]Routing 133: Walk: 97
2019-09-05_00:56:34.918[Battery Energy]69.88
2019-09-05_00:56:35.107[Status]Routing 134: Walk: 97
2019-09-05_00:56:35.208[Battery Energy]69.73
2019-09-05_00:56:35.453[Status]Routing 135: Walk: 97
2019-09-05_00:56:35.564[Battery Energy]69.54
2019-09-05_00:56:35.795[Status]Routing 136: Walk: 97
2019-09-05_00:56:35.908[Battery Energy]69.41
2019-09-05_00:56:36.166[Status]Routing 137: Walk: 97
2019-09-05_00:56:36.266[Battery Energy]69.27
2019-09-05_00:56:36.490[Status]Routing 138: Walk: 97
2019-09-05_00:56:36.591[Battery Energy]69.14
2019-09-05_00:56:36.790[Status]Routing 139: Walk: 97
2019-09-05_00:56:36.890[Battery Energy]69.01
2019-09-05_00:56:37.103[Status]Routing 140: Walk: 97
2019-09-05_00:56:37.212[Battery Energy]68.90
2019-09-05_00:56:37.365[Status]Routing 141: Walk: 97
2019-09-05_00:56:37.472[Battery Energy]68.78
2019-09-05_00:56:37.627[Status]Routing 142: Walk: 97
2019-09-05_00:56:37.748[Battery Energy]68.64
2019-09-05_00:56:37.925[Status]Routing 143: Walk: 97
2019-09-05_00:56:38.025[Battery Energy]68.52
2019-09-05_00:56:38.306[Status]Routing 144: Walk: 97
2019-09-05_00:56:38.416[Battery Energy]68.37
2019-09-05_00:56:38.710[Status]Routing 145: Walk: 97
2019-09-05_00:56:38.816[Battery Energy]68.23
2019-09-05_00:56:38.950[Status]Routing 146: Walk: 97
2019-09-05_00:56:39.050[Battery Energy]68.16
2019-09-05_00:56:39.254[Status]Routing 147: Walk: 97
2019-09-05_00:56:39.358[Battery Energy]68.01
2019-09-05_00:56:39.626[Status]Routing 148: Walk: 97
2019-09-05_00:56:39.727[Battery Energy]67.84
2019-09-05_00:56:40.022[Status]Routing 149: Walk: 97
2019-09-05_00:56:40.132[Battery Energy]67.72
2019-09-05_00:56:40.336[Status]Routing 150: Walk: 97
2019-09-05_00:56:40.460[Battery Energy]67.58
2019-09-05_00:56:40.598[Status]Routing 151: Walk: 97
2019-09-05_00:56:40.704[Battery Energy]67.48
2019-09-05_00:56:40.904[Status]Routing 152: Walk: 97
2019-09-05_00:56:41.012[Battery Energy]67.33
2019-09-05_00:56:41.227[Status]Routing 153: Walk: 97
2019-09-05_00:56:41.336[Battery Energy]67.17
2019-09-05_00:56:41.502[Status]Routing 154: Walk: 97
2019-09-05_00:56:41.602[Battery Energy]67.07
2019-09-05_00:56:41.790[Status]Routing 155: Walk: 97
2019-09-05_00:56:41.890[Battery Energy]66.97
2019-09-05_00:56:42.079[Status]Routing 156: Walk: 97
2019-09-05_00:56:42.180[Battery Energy]66.87
2019-09-05_00:56:42.381[Status]Routing 157: Walk: 97
2019-09-05_00:56:42.481[Battery Energy]66.75
2019-09-05_00:56:42.790[Status]Routing 158: Walk: 97
2019-09-05_00:56:42.908[Battery Energy]66.59
2019-09-05_00:56:43.063[Status]Routing 159: Walk: 97
2019-09-05_00:56:43.172[Battery Energy]66.50
2019-09-05_00:56:43.390[Status]Routing 160: Walk: 97
2019-09-05_00:56:43.490[Battery Energy]66.37
2019-09-05_00:56:43.676[Status]Routing 161: Walk: 97
2019-09-05_00:56:43.787[Battery Energy]66.26
2019-09-05_00:56:43.960[Status]Routing 162: Walk: 97
2019-09-05_00:56:44.060[Battery Energy]66.18
2019-09-05_00:56:44.252[Status]Routing 163: Walk: 97
2019-09-05_00:56:44.356[Battery Energy]66.08
2019-09-05_00:56:44.501[Status]Routing 164: Walk: 97
2019-09-05_00:56:44.601[Battery Energy]65.96
2019-09-05_00:56:44.826[Status]Routing 165: Walk: 97
2019-09-05_00:56:44.926[Battery Energy]65.82
2019-09-05_00:56:45.113[Status]Routing 166: Walk: 97
2019-09-05_00:56:45.228[Battery Energy]65.72
2019-09-05_00:56:45.413[Status]Routing 167: Walk: 97
2019-09-05_00:56:45.536[Battery Energy]65.61
2019-09-05_00:56:45.664[Status]Routing 168: Walk: 97
2019-09-05_00:56:45.764[Battery Energy]65.50
2019-09-05_00:56:45.961[Status]Routing 169: Walk: 97
2019-09-05_00:56:46.061[Battery Energy]65.38
2019-09-05_00:56:46.266[Status]Routing 170: Walk: 97
2019-09-05_00:56:46.376[Battery Energy]65.26
2019-09-05_00:56:46.526[Status]Routing 171: Walk: 97
2019-09-05_00:56:46.636[Battery Energy]65.14
2019-09-05_00:56:46.789[Status]Routing 172: Walk: 97
2019-09-05_00:56:46.889[Battery Energy]65.05
2019-09-05_00:56:47.075[Status]Routing 173: Walk: 97
2019-09-05_00:56:47.184[Battery Energy]64.91
2019-09-05_00:56:47.333[Status]Routing 174: Walk: 97
2019-09-05_00:56:47.434[Battery Energy]64.82
2019-09-05_00:56:47.648[Status]Routing 175: Walk: 97
2019-09-05_00:56:47.756[Battery Energy]64.68
2019-09-05_00:56:47.919[Status]Routing 176: Walk: 97
2019-09-05_00:56:48.028[Battery Energy]64.57
2019-09-05_00:56:48.165[Status]Routing 177: Walk: 97
2019-09-05_00:56:48.268[Battery Energy]64.46
2019-09-05_00:56:48.433[Status]Routing 178: Walk: 97
2019-09-05_00:56:48.537[Battery Energy]64.34
2019-09-05_00:56:48.737[Status]Routing 179: Walk: 97
2019-09-05_00:56:48.856[Battery Energy]64.21
2019-09-05_00:56:49.030[Status]Routing 180: Walk: 97
2019-09-05_00:56:49.140[Battery Energy]64.10
2019-09-05_00:56:49.294[Status]Routing 181: Walk: 97
2019-09-05_00:56:49.394[Battery Energy]64.03
2019-09-05_00:56:49.688[Status]Routing 182: Walk: 97
2019-09-05_00:56:49.792[Battery Energy]63.90
2019-09-05_00:56:49.967[Status]Routing 183: Walk: 97
2019-09-05_00:56:50.080[Battery Energy]63.79
2019-09-05_00:56:50.262[Status]Routing 184: Walk: 97
2019-09-05_00:56:50.365[Battery Energy]63.68
2019-09-05_00:56:50.577[Status]Routing 185: Walk: 97
2019-09-05_00:56:50.692[Battery Energy]63.55
2019-09-05_00:56:50.984[Status]Routing 186: Walk: 97
2019-09-05_00:56:51.087[Battery Energy]63.41
2019-09-05_00:56:51.300[Status]Routing 187: Walk: 97
2019-09-05_00:56:51.400[Battery Energy]63.30
2019-09-05_00:56:51.616[Status]Routing 188: Walk: 97
2019-09-05_00:56:51.724[Battery Energy]63.17
2019-09-05_00:56:51.871[Status]Routing 189: Walk: 97
2019-09-05_00:56:51.971[Battery Energy]63.09
2019-09-05_00:56:52.168[Status]Routing 190: Walk: 97
2019-09-05_00:56:52.300[Battery Energy]62.99
2019-09-05_00:56:52.483[Status]Routing 191: Walk: 97
2019-09-05_00:56:52.583[Battery Energy]62.86
2019-09-05_00:56:52.816[Status]Routing 192: Walk: 97
2019-09-05_00:56:52.916[Battery Energy]62.72
2019-09-05_00:56:53.065[Status]Routing 193: Walk: 97
2019-09-05_00:56:53.173[Battery Energy]62.61
2019-09-05_00:56:53.355[Status]Routing 194: Walk: 97
2019-09-05_00:56:53.472[Battery Energy]62.51
2019-09-05_00:56:53.660[Status]Routing 195: Walk: 97
2019-09-05_00:56:53.767[Battery Energy]62.38
2019-09-05_00:56:53.939[Status]Routing 196: Walk: 97
2019-09-05_00:56:54.039[Battery Energy]62.30
2019-09-05_00:56:54.211[Status]Routing 197: Walk: 97
2019-09-05_00:56:54.316[Battery Energy]62.21
2019-09-05_00:56:54.469[Status]Routing 198: Walk: 97
2019-09-05_00:56:54.584[Battery Energy]62.12
2019-09-05_00:56:54.775[Status]Routing 199: Walk: 97
2019-09-05_00:56:54.876[Battery Energy]62.03
2019-09-05_00:56:55.041[Status]Routing 200: Walk: 97
2019-09-05_00:56:55.144[Battery Energy]61.90
2019-09-05_00:56:55.369[Status]Routing 201: Walk: 97
2019-09-05_00:56:55.478[Battery Energy]61.71
2019-09-05_00:56:55.669[Status]Routing 202: Walk: 97
2019-09-05_00:56:55.792[Battery Energy]61.60
