2019-09-05_00:55:34.857[Status]Start.
2019-09-05_00:55:34.857[Battery Energy]105.00
2019-09-05_00:55:35.958[Battery Energy]104.96
2019-09-05_00:55:37.060[Battery Energy]104.92
2019-09-05_00:55:38.160[Battery Energy]104.88
2019-09-05_00:55:39.262[Battery Energy]104.84
2019-09-05_00:55:40.363[Task]A New Task Released.
2019-09-05_00:55:40.363[Battery Energy]104.80
2019-09-05_00:55:40.363[Status]Selection Start.
2019-09-05_00:55:42.374[Status]Selection End: Do Task 1.
2019-09-05_00:55:42.480[Battery Energy]103.55
2019-09-05_00:55:42.480[Status]Formation Start.
2019-09-05_00:55:42.689[Status]Formation End: To Position 5.
2019-09-05_00:55:42.791[Battery Energy]103.38
2019-09-05_00:55:42.791[Status]Routing Start.
2019-09-05_00:55:42.963[Status]{'id': 9, 'coordinate': [67.97910084440012, 530.6461782550449]}
2019-09-05_00:55:42.963[Status]Routing 1: Walk: 1
2019-09-05_00:55:43.063[Battery Energy]103.14
2019-09-05_00:55:43.063[Status]Routing Start.
2019-09-05_00:55:43.283[Status]{'id': 9, 'coordinate': [77.95820168880024, 531.2923565100898]}
2019-09-05_00:55:43.283[Status]Routing 2: Walk: 2
2019-09-05_00:55:43.388[Battery Energy]102.88
2019-09-05_00:55:43.388[Status]Routing Start.
2019-09-05_00:55:43.563[Status]{'id': 9, 'coordinate': [87.93730253320037, 531.9385347651347]}
2019-09-05_00:55:43.563[Status]Routing 3: Walk: 3
2019-09-05_00:55:43.700[Battery Energy]102.67
2019-09-05_00:55:43.700[Status]Routing Start.
2019-09-05_00:55:43.896[Status]{'id': 9, 'coordinate': [97.91640337760049, 532.5847130201796]}
2019-09-05_00:55:43.896[Status]Routing 4: Walk: 4
2019-09-05_00:55:44.008[Battery Energy]102.41
2019-09-05_00:55:44.008[Status]Routing Start.
2019-09-05_00:55:44.178[Status]{'id': 9, 'coordinate': [107.89550422200061, 533.2308912752245]}
2019-09-05_00:55:44.179[Status]Routing 5: Walk: 5
2019-09-05_00:55:44.279[Battery Energy]102.20
2019-09-05_00:55:44.279[Status]Routing Start.
2019-09-05_00:55:44.733[Status]Routing 6: Walk: 5
2019-09-05_00:55:44.834[Battery Energy]101.86
2019-09-05_00:55:44.834[Status]Routing Start.
2019-09-05_00:55:45.364[Status]Routing 7: Walk: 5
2019-09-05_00:55:45.465[Battery Energy]101.51
2019-09-05_00:55:45.465[Status]Routing Start.
2019-09-05_00:55:45.666[Status]{'id': 9, 'coordinate': [117.87460506640073, 533.8770695302694]}
2019-09-05_00:55:45.666[Status]Routing 8: Walk: 6
2019-09-05_00:55:45.776[Battery Energy]101.28
2019-09-05_00:55:45.776[Status]Routing Start.
2019-09-05_00:55:46.381[Status]Routing 9: Walk: 6
2019-09-05_00:55:46.483[Battery Energy]100.83
2019-09-05_00:55:46.483[Status]Routing Start.
2019-09-05_00:55:46.739[Status]{'id': 9, 'coordinate': [127.85370591080085, 534.5232477853143]}
2019-09-05_00:55:46.739[Status]Routing 10: Walk: 7
2019-09-05_00:55:46.848[Battery Energy]100.59
2019-09-05_00:55:46.848[Status]Routing Start.
2019-09-05_00:55:47.409[Status]{'id': 9, 'coordinate': [130.43727402839204, 544.1837434134778]}
2019-09-05_00:55:47.409[Status]Routing 11: Walk: 8
2019-09-05_00:55:47.509[Battery Energy]100.09
2019-09-05_00:55:47.509[Status]Routing Start.
2019-09-05_00:55:47.892[Status]{'id': 9, 'coordinate': [140.42180379329886, 544.7397698280387]}
2019-09-05_00:55:47.893[Status]Routing 12: Walk: 9
2019-09-05_00:55:47.994[Battery Energy]99.73
2019-09-05_00:55:47.994[Status]Routing Start.
2019-09-05_00:55:48.383[Status]{'id': 9, 'coordinate': [150.4063335582057, 545.2957962425995]}
2019-09-05_00:55:48.383[Status]Routing 13: Walk: 10
2019-09-05_00:55:48.484[Battery Energy]99.38
2019-09-05_00:55:48.484[Status]Routing Start.
2019-09-05_00:55:48.880[Status]{'id': 9, 'coordinate': [160.3908633231125, 545.8518226571604]}
2019-09-05_00:55:48.885[Status]Routing 14: Walk: 11
2019-09-05_00:55:48.985[Battery Energy]98.98
2019-09-05_00:55:48.985[Status]Routing Start.
2019-09-05_00:55:49.404[Status]{'id': 9, 'coordinate': [170.37539308801934, 546.4078490717212]}
2019-09-05_00:55:49.404[Status]Routing 15: Walk: 12
2019-09-05_00:55:49.504[Battery Energy]98.55
2019-09-05_00:55:49.504[Status]Routing Start.
2019-09-05_00:55:49.691[Status]{'id': 9, 'coordinate': [180.35992285292616, 546.9638754862821]}
2019-09-05_00:55:49.693[Status]Routing 16: Walk: 13
2019-09-05_00:55:49.796[Battery Energy]98.33
2019-09-05_00:55:49.796[Status]Routing Start.
2019-09-05_00:55:50.098[Status]{'id': 9, 'coordinate': [190.34445261783299, 547.5199019008429]}
2019-09-05_00:55:50.098[Status]Routing 17: Walk: 14
2019-09-05_00:55:50.199[Battery Energy]98.01
2019-09-05_00:55:50.199[Status]Routing Start.
2019-09-05_00:55:50.587[Status]{'id': 9, 'coordinate': [200.3289823827398, 548.0759283154038]}
2019-09-05_00:55:50.587[Status]Routing 18: Walk: 15
2019-09-05_00:55:50.692[Battery Energy]97.65
2019-09-05_00:55:50.692[Status]Routing Start.
2019-09-05_00:55:51.045[Status]{'id': 9, 'coordinate': [210.31351214764663, 548.6319547299646]}
2019-09-05_00:55:51.046[Status]Routing 19: Walk: 16
2019-09-05_00:55:51.147[Battery Energy]97.36
2019-09-05_00:55:51.147[Status]Routing Start.
2019-09-05_00:55:51.498[Status]{'id': 9, 'coordinate': [220.29804191255346, 549.1879811445255]}
2019-09-05_00:55:51.498[Status]Routing 20: Walk: 17
2019-09-05_00:55:51.598[Battery Energy]97.04
2019-09-05_00:55:51.598[Status]Routing Start.
2019-09-05_00:55:51.936[Status]{'id': 9, 'coordinate': [230.28257167746028, 549.7440075590863]}
2019-09-05_00:55:51.936[Status]Routing 21: Walk: 18
2019-09-05_00:55:52.037[Battery Energy]96.75
2019-09-05_00:55:52.037[Status]Routing Start.
2019-09-05_00:55:52.373[Status]{'id': 9, 'coordinate': [240.2671014423671, 550.3000339736471]}
2019-09-05_00:55:52.373[Status]Routing 22: Walk: 19
2019-09-05_00:55:52.473[Battery Energy]96.47
2019-09-05_00:55:52.473[Status]Routing Start.
2019-09-05_00:55:52.841[Status]{'id': 9, 'coordinate': [250.25163120727393, 550.856060388208]}
2019-09-05_00:55:52.841[Status]Routing 23: Walk: 20
2019-09-05_00:55:52.941[Battery Energy]96.18
2019-09-05_00:55:52.941[Status]Routing Start.
2019-09-05_00:55:53.287[Status]{'id': 9, 'coordinate': [260.23616097218076, 551.4120868027688]}
2019-09-05_00:55:53.289[Status]Routing 24: Walk: 21
2019-09-05_00:55:53.390[Battery Energy]95.84
2019-09-05_00:55:53.390[Status]Routing Start.
2019-09-05_00:55:53.860[Status]{'id': 9, 'coordinate': [270.2206907370876, 551.9681132173297]}
2019-09-05_00:55:53.860[Status]Routing 25: Walk: 22
2019-09-05_00:55:53.968[Battery Energy]95.56
2019-09-05_00:55:53.968[Status]Routing Start.
2019-09-05_00:55:54.292[Status]{'id': 9, 'coordinate': [280.2052205019944, 552.5241396318905]}
2019-09-05_00:55:54.302[Status]Routing 26: Walk: 23
2019-09-05_00:55:54.408[Battery Energy]95.25
2019-09-05_00:55:54.408[Status]Routing Start.
2019-09-05_00:55:54.720[Status]{'id': 9, 'coordinate': [290.1897502669012, 553.0801660464514]}
2019-09-05_00:55:54.721[Status]Routing 27: Walk: 24
2019-09-05_00:55:54.821[Battery Energy]94.94
2019-09-05_00:55:54.821[Status]Routing Start.
2019-09-05_00:55:55.161[Status]{'id': 9, 'coordinate': [300.17428003180805, 553.6361924610122]}
2019-09-05_00:55:55.161[Status]Routing 28: Walk: 25
2019-09-05_00:55:55.268[Battery Energy]94.60
2019-09-05_00:55:55.268[Status]Routing Start.
2019-09-05_00:55:55.439[Status]{'id': 9, 'coordinate': [310.1588097967149, 554.1922188755731]}
2019-09-05_00:55:55.439[Status]Routing 29: Walk: 26
2019-09-05_00:55:55.545[Battery Energy]94.38
2019-09-05_00:55:55.545[Status]Routing Start.
2019-09-05_00:55:55.830[Status]{'id': 9, 'coordinate': [320.1433395616217, 554.7482452901339]}
2019-09-05_00:55:55.830[Status]Routing 30: Walk: 27
2019-09-05_00:55:55.939[Battery Energy]94.10
2019-09-05_00:55:55.939[Status]Routing Start.
2019-09-05_00:55:56.157[Status]{'id': 9, 'coordinate': [330.1278693265285, 555.3042717046948]}
2019-09-05_00:55:56.157[Status]Routing 31: Walk: 28
2019-09-05_00:55:56.257[Battery Energy]93.91
2019-09-05_00:55:56.257[Status]Routing Start.
2019-09-05_00:55:56.589[Status]{'id': 9, 'coordinate': [340.11239909143535, 555.8602981192556]}
2019-09-05_00:55:56.589[Status]Routing 32: Walk: 29
2019-09-05_00:55:56.690[Battery Energy]93.63
2019-09-05_00:55:56.690[Status]Routing Start.
2019-09-05_00:55:56.912[Status]{'id': 9, 'coordinate': [350.0969288563422, 556.4163245338165]}
2019-09-05_00:55:56.912[Status]Routing 33: Walk: 30
2019-09-05_00:55:57.012[Battery Energy]93.40
2019-09-05_00:55:57.012[Status]Routing Start.
2019-09-05_00:55:57.198[Status]{'id': 9, 'coordinate': [360.081458621249, 556.9723509483773]}
2019-09-05_00:55:57.198[Status]Routing 34: Walk: 31
2019-09-05_00:55:57.298[Battery Energy]93.19
2019-09-05_00:55:57.298[Status]Routing Start.
2019-09-05_00:55:57.734[Status]{'id': 9, 'coordinate': [370.0659883861558, 557.5283773629382]}
2019-09-05_00:55:57.734[Status]Routing 35: Walk: 32
2019-09-05_00:55:57.836[Battery Energy]92.81
2019-09-05_00:55:57.836[Status]Routing Start.
2019-09-05_00:55:58.206[Status]{'id': 9, 'coordinate': [380.05051815106265, 558.084403777499]}
2019-09-05_00:55:58.206[Status]Routing 36: Walk: 33
2019-09-05_00:55:58.306[Battery Energy]92.51
2019-09-05_00:55:58.306[Status]Routing Start.
2019-09-05_00:55:58.694[Status]{'id': 9, 'coordinate': [390.03504791596947, 558.6404301920599]}
2019-09-05_00:55:58.694[Status]Routing 37: Walk: 34
2019-09-05_00:55:58.800[Battery Energy]92.16
2019-09-05_00:55:58.800[Status]Routing Start.
2019-09-05_00:55:59.145[Status]{'id': 9, 'coordinate': [400.0195776808763, 559.1964566066207]}
2019-09-05_00:55:59.146[Status]Routing 38: Walk: 35
2019-09-05_00:55:59.246[Battery Energy]91.86
2019-09-05_00:55:59.246[Status]Routing Start.
2019-09-05_00:55:59.654[Status]{'id': 9, 'coordinate': [410.0041074457831, 559.7524830211815]}
2019-09-05_00:55:59.658[Status]Routing 39: Walk: 36
2019-09-05_00:55:59.764[Battery Energy]91.51
2019-09-05_00:55:59.764[Status]Routing Start.
2019-09-05_00:56:00.186[Status]{'id': 9, 'coordinate': [419.98863721068994, 560.3085094357424]}
2019-09-05_00:56:00.186[Status]Routing 40: Walk: 37
2019-09-05_00:56:00.288[Battery Energy]91.16
2019-09-05_00:56:00.288[Status]Routing Start.
2019-09-05_00:56:00.631[Status]{'id': 9, 'coordinate': [429.97316697559677, 560.8645358503032]}
2019-09-05_00:56:00.631[Status]Routing 41: Walk: 38
2019-09-05_00:56:00.731[Battery Energy]90.87
2019-09-05_00:56:00.731[Status]Routing Start.
2019-09-05_00:56:01.096[Status]{'id': 9, 'coordinate': [439.9576967405036, 561.4205622648641]}
2019-09-05_00:56:01.096[Status]Routing 42: Walk: 39
2019-09-05_00:56:01.197[Battery Energy]90.61
2019-09-05_00:56:01.197[Status]Routing Start.
2019-09-05_00:56:01.509[Status]{'id': 9, 'coordinate': [449.9422265054104, 561.9765886794249]}
2019-09-05_00:56:01.513[Status]Routing 43: Walk: 40
2019-09-05_00:56:01.620[Battery Energy]90.31
2019-09-05_00:56:01.620[Status]Routing Start.
2019-09-05_00:56:01.944[Status]{'id': 9, 'coordinate': [459.92675627031724, 562.5326150939858]}
2019-09-05_00:56:01.944[Status]Routing 44: Walk: 41
2019-09-05_00:56:02.044[Battery Energy]89.98
2019-09-05_00:56:02.044[Status]Routing Start.
2019-09-05_00:56:02.334[Status]{'id': 9, 'coordinate': [469.91128603522407, 563.0886415085466]}
2019-09-05_00:56:02.334[Status]Routing 45: Walk: 42
2019-09-05_00:56:02.440[Battery Energy]89.70
2019-09-05_00:56:02.440[Status]Routing Start.
2019-09-05_00:56:02.600[Status]{'id': 9, 'coordinate': [479.8958158001309, 563.6446679231075]}
2019-09-05_00:56:02.600[Status]Routing 46: Walk: 43
2019-09-05_00:56:02.712[Battery Energy]89.50
2019-09-05_00:56:02.712[Status]Routing Start.
2019-09-05_00:56:02.851[Status]{'id': 9, 'coordinate': [489.8803455650377, 564.2006943376683]}
2019-09-05_00:56:02.854[Status]Routing 47: Walk: 44
2019-09-05_00:56:02.955[Battery Energy]89.29
2019-09-05_00:56:02.955[Status]Routing Start.
2019-09-05_00:56:03.195[Status]{'id': 9, 'coordinate': [499.86487532994454, 564.7567207522292]}
2019-09-05_00:56:03.195[Status]Routing 48: Walk: 45
2019-09-05_00:56:03.295[Battery Energy]89.11
2019-09-05_00:56:03.295[Status]Routing Start.
2019-09-05_00:56:03.841[Status]{'id': 9, 'coordinate': [496.04588001461894, 573.9987592060294]}
2019-09-05_00:56:03.841[Status]Routing 49: Walk: 46
2019-09-05_00:56:03.942[Battery Energy]88.60
2019-09-05_00:56:03.942[Status]Routing Start.
2019-09-05_00:56:04.413[Status]{'id': 9, 'coordinate': [492.7911196041348, 583.4542620837374]}
2019-09-05_00:56:04.413[Status]Routing 50: Walk: 47
2019-09-05_00:56:04.513[Battery Energy]88.25
2019-09-05_00:56:04.513[Status]Routing Start.
2019-09-05_00:56:04.667[Status]{'id': 9, 'coordinate': [502.7872531218286, 583.7323172876775]}
2019-09-05_00:56:04.667[Status]Routing 51: Walk: 48
2019-09-05_00:56:04.767[Battery Energy]88.03
2019-09-05_00:56:04.767[Status]Routing Start.
2019-09-05_00:56:04.967[Status]{'id': 9, 'coordinate': [512.7833866395224, 584.0103724916175]}
2019-09-05_00:56:04.967[Status]Routing 52: Walk: 49
2019-09-05_00:56:05.072[Battery Energy]87.83
2019-09-05_00:56:05.072[Status]Routing Start.
2019-09-05_00:56:05.252[Status]{'id': 9, 'coordinate': [522.7795201572162, 584.2884276955576]}
2019-09-05_00:56:05.252[Status]Routing 53: Walk: 50
2019-09-05_00:56:05.368[Battery Energy]87.61
2019-09-05_00:56:05.368[Status]Routing Start.
2019-09-05_00:56:05.493[Status]{'id': 9, 'coordinate': [532.77565367491, 584.5664828994977]}
2019-09-05_00:56:05.493[Status]Routing 54: Walk: 51
2019-09-05_00:56:05.611[Battery Energy]87.43
2019-09-05_00:56:05.611[Status]Routing Start.
2019-09-05_00:56:05.785[Status]{'id': 9, 'coordinate': [542.7717871926038, 584.8445381034378]}
2019-09-05_00:56:05.785[Status]Routing 55: Walk: 52
2019-09-05_00:56:05.885[Battery Energy]87.22
2019-09-05_00:56:05.885[Status]Routing Start.
2019-09-05_00:56:06.101[Status]{'id': 9, 'coordinate': [552.7679207102976, 585.1225933073779]}
2019-09-05_00:56:06.101[Status]Routing 56: Walk: 53
2019-09-05_00:56:06.207[Battery Energy]86.97
2019-09-05_00:56:06.207[Status]Routing Start.
2019-09-05_00:56:06.416[Status]{'id': 9, 'coordinate': [562.7640542279914, 585.400648511318]}
2019-09-05_00:56:06.420[Status]Routing 57: Walk: 54
2019-09-05_00:56:06.522[Battery Energy]86.81
2019-09-05_00:56:06.522[Status]Routing Start.
2019-09-05_00:56:06.935[Status]{'id': 9, 'coordinate': [572.7601877456852, 585.678703715258]}
2019-09-05_00:56:06.935[Status]Routing 58: Walk: 55
2019-09-05_00:56:07.036[Battery Energy]86.49
2019-09-05_00:56:07.036[Status]Routing Start.
2019-09-05_00:56:07.392[Status]{'id': 9, 'coordinate': [582.756321263379, 585.9567589191981]}
2019-09-05_00:56:07.392[Status]Routing 59: Walk: 56
2019-09-05_00:56:07.500[Battery Energy]86.16
2019-09-05_00:56:07.500[Status]Routing Start.
2019-09-05_00:56:07.950[Status]{'id': 9, 'coordinate': [592.7524547810729, 586.2348141231382]}
2019-09-05_00:56:07.952[Status]Routing 60: Walk: 57
2019-09-05_00:56:08.062[Battery Energy]85.80
2019-09-05_00:56:08.062[Status]Routing Start.
2019-09-05_00:56:08.633[Status]{'id': 9, 'coordinate': [602.7485882987667, 586.5128693270783]}
2019-09-05_00:56:08.633[Status]Routing 61: Walk: 58
2019-09-05_00:56:08.733[Battery Energy]85.35
2019-09-05_00:56:08.733[Status]Routing Start.
2019-09-05_00:56:08.956[Status]{'id': 9, 'coordinate': [612.7447218164605, 586.7909245310184]}
2019-09-05_00:56:08.956[Status]Routing 62: Walk: 59
2019-09-05_00:56:09.068[Battery Energy]85.13
2019-09-05_00:56:09.068[Status]Routing Start.
2019-09-05_00:56:09.331[Status]{'id': 9, 'coordinate': [622.7408553341543, 587.0689797349585]}
2019-09-05_00:56:09.332[Status]Routing 63: Walk: 60
2019-09-05_00:56:09.436[Battery Energy]84.87
2019-09-05_00:56:09.436[Status]Routing Start.
2019-09-05_00:56:09.623[Status]{'id': 9, 'coordinate': [632.7369888518481, 587.3470349388986]}
2019-09-05_00:56:09.623[Status]Routing 64: Walk: 61
2019-09-05_00:56:09.724[Battery Energy]84.66
2019-09-05_00:56:09.724[Status]Routing Start.
2019-09-05_00:56:10.069[Status]{'id': 9, 'coordinate': [642.7331223695419, 587.6250901428386]}
2019-09-05_00:56:10.069[Status]Routing 65: Walk: 62
2019-09-05_00:56:10.180[Battery Energy]84.37
2019-09-05_00:56:10.180[Status]Routing Start.
2019-09-05_00:56:10.557[Status]{'id': 9, 'coordinate': [652.7292558872357, 587.9031453467787]}
2019-09-05_00:56:10.557[Status]Routing 66: Walk: 63
2019-09-05_00:56:10.657[Battery Energy]84.01
2019-09-05_00:56:10.657[Status]Routing Start.
2019-09-05_00:56:10.965[Status]{'id': 9, 'coordinate': [662.7253894049295, 588.1812005507188]}
2019-09-05_00:56:10.965[Status]Routing 67: Walk: 64
2019-09-05_00:56:11.076[Battery Energy]83.73
2019-09-05_00:56:11.076[Status]Routing Start.
2019-09-05_00:56:11.408[Status]{'id': 9, 'coordinate': [672.7215229226233, 588.4592557546589]}
2019-09-05_00:56:11.408[Status]Routing 68: Walk: 65
2019-09-05_00:56:11.510[Battery Energy]83.43
2019-09-05_00:56:11.510[Status]Routing Start.
2019-09-05_00:56:11.704[Status]{'id': 9, 'coordinate': [682.7176564403171, 588.737310958599]}
2019-09-05_00:56:11.704[Status]Routing 69: Walk: 66
2019-09-05_00:56:11.808[Battery Energy]83.20
2019-09-05_00:56:11.808[Status]Routing Start.
2019-09-05_00:56:12.173[Status]{'id': 9, 'coordinate': [692.7137899580109, 589.0153661625391]}
2019-09-05_00:56:12.174[Status]Routing 70: Walk: 67
2019-09-05_00:56:12.275[Battery Energy]82.92
2019-09-05_00:56:12.275[Status]Routing Start.
2019-09-05_00:56:12.680[Status]{'id': 9, 'coordinate': [702.7099234757047, 589.2934213664792]}
2019-09-05_00:56:12.680[Status]Routing 71: Walk: 68
2019-09-05_00:56:12.780[Battery Energy]82.56
2019-09-05_00:56:12.780[Status]Routing Start.
2019-09-05_00:56:13.119[Status]{'id': 9, 'coordinate': [712.7060569933985, 589.5714765704192]}
2019-09-05_00:56:13.120[Status]Routing 72: Walk: 69
2019-09-05_00:56:13.220[Battery Energy]82.19
2019-09-05_00:56:13.220[Status]Routing Start.
2019-09-05_00:56:13.615[Status]{'id': 9, 'coordinate': [722.7021905110923, 589.8495317743593]}
2019-09-05_00:56:13.615[Status]Routing 73: Walk: 70
2019-09-05_00:56:13.715[Battery Energy]81.80
2019-09-05_00:56:13.715[Status]Routing Start.
2019-09-05_00:56:14.108[Status]{'id': 9, 'coordinate': [732.6983240287861, 590.1275869782994]}
2019-09-05_00:56:14.108[Status]Routing 74: Walk: 71
2019-09-05_00:56:14.212[Battery Energy]81.42
2019-09-05_00:56:14.212[Status]Routing Start.
2019-09-05_00:56:14.508[Status]{'id': 9, 'coordinate': [742.69445754648, 590.4056421822395]}
2019-09-05_00:56:14.508[Status]Routing 75: Walk: 72
2019-09-05_00:56:14.633[Battery Energy]81.12
2019-09-05_00:56:14.633[Status]Routing Start.
2019-09-05_00:56:14.784[Status]{'id': 9, 'coordinate': [752.6905910641738, 590.6836973861796]}
2019-09-05_00:56:14.784[Status]Routing 76: Walk: 73
2019-09-05_00:56:14.892[Battery Energy]80.92
2019-09-05_00:56:14.892[Status]Routing Start.
2019-09-05_00:56:15.049[Status]{'id': 9, 'coordinate': [762.6867245818676, 590.9617525901197]}
2019-09-05_00:56:15.049[Status]Routing 77: Walk: 74
2019-09-05_00:56:15.149[Battery Energy]80.68
2019-09-05_00:56:15.149[Status]Routing Start.
2019-09-05_00:56:15.411[Status]{'id': 9, 'coordinate': [772.6828580995614, 591.2398077940597]}
2019-09-05_00:56:15.411[Status]Routing 78: Walk: 75
2019-09-05_00:56:15.517[Battery Energy]80.48
2019-09-05_00:56:15.517[Status]Routing Start.
2019-09-05_00:56:15.701[Status]{'id': 9, 'coordinate': [782.6789916172552, 591.5178629979998]}
2019-09-05_00:56:15.704[Status]Routing 79: Walk: 76
2019-09-05_00:56:15.808[Battery Energy]80.25
2019-09-05_00:56:15.808[Status]Routing Start.
2019-09-05_00:56:15.974[Status]{'id': 9, 'coordinate': [792.675125134949, 591.7959182019399]}
2019-09-05_00:56:15.975[Status]Routing 80: Walk: 77
2019-09-05_00:56:16.080[Battery Energy]80.05
2019-09-05_00:56:16.080[Status]Routing Start.
2019-09-05_00:56:16.223[Status]{'id': 9, 'coordinate': [802.6712586526428, 592.07397340588]}
2019-09-05_00:56:16.225[Status]Routing 81: Walk: 78
2019-09-05_00:56:16.326[Battery Energy]79.86
2019-09-05_00:56:16.326[Status]Routing Start.
2019-09-05_00:56:16.524[Status]{'id': 9, 'coordinate': [812.6673921703366, 592.3520286098201]}
2019-09-05_00:56:16.524[Status]Routing 82: Walk: 79
2019-09-05_00:56:16.632[Battery Energy]79.65
2019-09-05_00:56:16.632[Status]Routing Start.
2019-09-05_00:56:16.844[Status]{'id': 9, 'coordinate': [822.6635256880304, 592.6300838137602]}
2019-09-05_00:56:16.845[Status]Routing 83: Walk: 80
2019-09-05_00:56:16.948[Battery Energy]79.42
2019-09-05_00:56:16.972[Status]Routing Start.
2019-09-05_00:56:17.137[Status]{'id': 9, 'coordinate': [832.6596592057242, 592.9081390177003]}
2019-09-05_00:56:17.139[Status]Routing 84: Walk: 81
2019-09-05_00:56:17.240[Battery Energy]79.22
2019-09-05_00:56:17.242[Status]Routing Start.
2019-09-05_00:56:17.442[Status]{'id': 9, 'coordinate': [842.655792723418, 593.1861942216403]}
2019-09-05_00:56:17.443[Status]Routing 85: Walk: 82
2019-09-05_00:56:17.543[Battery Energy]78.98
2019-09-05_00:56:17.543[Status]Routing Start.
2019-09-05_00:56:17.713[Status]{'id': 9, 'coordinate': [852.6519262411118, 593.4642494255804]}
2019-09-05_00:56:17.714[Status]Routing 86: Walk: 83
2019-09-05_00:56:17.814[Battery Energy]78.73
2019-09-05_00:56:17.814[Status]Routing Start.
2019-09-05_00:56:18.024[Status]{'id': 9, 'coordinate': [862.6480597588056, 593.7423046295206]}
2019-09-05_00:56:18.025[Status]Routing 87: Walk: 84
2019-09-05_00:56:18.128[Battery Energy]78.51
2019-09-05_00:56:18.128[Status]Routing Start.
2019-09-05_00:56:18.305[Status]{'id': 9, 'coordinate': [872.6441932764994, 594.0203598334607]}
2019-09-05_00:56:18.305[Status]Routing 88: Walk: 85
2019-09-05_00:56:18.409[Battery Energy]78.33
2019-09-05_00:56:18.409[Status]Routing Start.
2019-09-05_00:56:18.589[Status]{'id': 9, 'coordinate': [882.6403267941932, 594.2984150374009]}
2019-09-05_00:56:18.589[Status]Routing 89: Walk: 86
2019-09-05_00:56:18.690[Battery Energy]78.09
2019-09-05_00:56:18.690[Status]Routing Start.
2019-09-05_00:56:19.011[Status]{'id': 9, 'coordinate': [892.636460311887, 594.576470241341]}
2019-09-05_00:56:19.011[Status]Routing 90: Walk: 87
2019-09-05_00:56:19.114[Battery Energy]77.80
2019-09-05_00:56:19.114[Status]Routing Start.
2019-09-05_00:56:19.291[Status]{'id': 9, 'coordinate': [902.6325938295809, 594.8545254452812]}
2019-09-05_00:56:19.291[Status]Routing 91: Walk: 88
2019-09-05_00:56:19.400[Battery Energy]77.60
2019-09-05_00:56:19.400[Status]Routing Start.
2019-09-05_00:56:19.618[Status]{'id': 9, 'coordinate': [912.6287273472747, 595.1325806492213]}
2019-09-05_00:56:19.618[Status]Routing 92: Walk: 89
2019-09-05_00:56:19.732[Battery Energy]77.33
2019-09-05_00:56:19.732[Status]Routing Start.
2019-09-05_00:56:19.874[Status]{'id': 9, 'coordinate': [922.6248608649685, 595.4106358531615]}
2019-09-05_00:56:19.874[Status]Routing 93: Walk: 90
2019-09-05_00:56:19.975[Battery Energy]77.13
2019-09-05_00:56:19.975[Status]Routing Start.
2019-09-05_00:56:20.177[Status]{'id': 9, 'coordinate': [932.6209943826623, 595.6886910571016]}
2019-09-05_00:56:20.177[Status]Routing 94: Walk: 91
2019-09-05_00:56:20.286[Battery Energy]76.88
2019-09-05_00:56:20.286[Status]Routing Start.
2019-09-05_00:56:20.515[Status]{'id': 9, 'coordinate': [942.6171279003561, 595.9667462610417]}
2019-09-05_00:56:20.516[Status]Routing 95: Walk: 92
2019-09-05_00:56:20.616[Battery Energy]76.67
2019-09-05_00:56:20.616[Status]Routing Start.
2019-09-05_00:56:20.829[Status]{'id': 9, 'coordinate': [952.6132614180499, 596.2448014649818]}
2019-09-05_00:56:20.829[Status]Routing 96: Walk: 93
2019-09-05_00:56:20.929[Battery Energy]76.43
2019-09-05_00:56:20.929[Status]Routing Start.
2019-09-05_00:56:21.174[Status]{'id': 9, 'coordinate': [962.6093949357437, 596.522856668922]}
2019-09-05_00:56:21.174[Status]Routing 97: Walk: 94
2019-09-05_00:56:21.274[Battery Energy]76.16
2019-09-05_00:56:21.274[Status]Routing Start.
2019-09-05_00:56:21.601[Status]{'id': 9, 'coordinate': [972.6055284534375, 596.8009118728621]}
2019-09-05_00:56:21.601[Status]Routing 98: Walk: 95
2019-09-05_00:56:21.716[Battery Energy]75.84
2019-09-05_00:56:21.716[Status]Routing Start.
2019-09-05_00:56:21.941[Status]{'id': 9, 'coordinate': [982.6016619711313, 597.0789670768023]}
2019-09-05_00:56:21.941[Status]Routing 99: Walk: 96
2019-09-05_00:56:22.056[Battery Energy]75.58
2019-09-05_00:56:22.056[Status]Routing Start.
2019-09-05_00:56:22.233[Status]{'id': 9, 'coordinate': [992.5977954888251, 597.3570222807424]}
2019-09-05_00:56:22.233[Status]Routing 100: Walk: 97
2019-09-05_00:56:22.336[Battery Energy]75.36
2019-09-05_00:56:22.336[Status]Routing Start.
2019-09-05_00:56:22.559[Status]{'id': 9, 'coordinate': [1002.5939290065189, 597.6350774846826]}
2019-09-05_00:56:22.559[Status]Routing 101: Walk: 98
2019-09-05_00:56:22.662[Battery Energy]75.12
2019-09-05_00:56:22.662[Status]Routing Start.
2019-09-05_00:56:23.047[Status]{'id': 9, 'coordinate': [1012.5900625242127, 597.9131326886227]}
2019-09-05_00:56:23.047[Status]Routing 102: Walk: 99
2019-09-05_00:56:23.148[Battery Energy]74.76
2019-09-05_00:56:23.148[Status]Routing Start.
2019-09-05_00:56:23.430[Status]{'id': 9, 'coordinate': [1022.5861960419065, 598.1911878925629]}
2019-09-05_00:56:23.431[Status]Routing 103: Walk: 100
2019-09-05_00:56:23.531[Battery Energy]74.49
2019-09-05_00:56:23.531[Status]Routing Start.
2019-09-05_00:56:23.846[Status]{'id': 9, 'coordinate': [1032.5823295596003, 598.469243096503]}
2019-09-05_00:56:23.846[Status]Routing 104: Walk: 101
2019-09-05_00:56:23.958[Battery Energy]74.22
2019-09-05_00:56:23.958[Status]Routing Start.
2019-09-05_00:56:24.316[Status]{'id': 9, 'coordinate': [1042.5784630772941, 598.7472983004432]}
2019-09-05_00:56:24.316[Status]Routing 105: Walk: 102
2019-09-05_00:56:24.420[Battery Energy]73.92
2019-09-05_00:56:24.420[Status]Routing Start.
2019-09-05_00:56:24.624[Status]{'id': 9, 'coordinate': [1052.574596594988, 599.0253535043832]}
2019-09-05_00:56:24.624[Status]Routing 106: Walk: 103
2019-09-05_00:56:24.732[Battery Energy]73.68
2019-09-05_00:56:24.732[Status]Routing Start.
2019-09-05_00:56:24.970[Status]{'id': 9, 'coordinate': [1062.5707301126818, 599.3034087083234]}
2019-09-05_00:56:24.970[Status]Routing 107: Walk: 104
2019-09-05_00:56:25.089[Battery Energy]73.42
2019-09-05_00:56:25.089[Status]Routing Start.
2019-09-05_00:56:25.448[Status]{'id': 9, 'coordinate': [1072.5668636303756, 599.5814639122635]}
2019-09-05_00:56:25.448[Status]Routing 108: Walk: 105
2019-09-05_00:56:25.556[Battery Energy]73.13
2019-09-05_00:56:25.556[Status]Routing Start.
2019-09-05_00:56:25.953[Status]{'id': 9, 'coordinate': [1082.5629971480694, 599.8595191162037]}
2019-09-05_00:56:25.953[Status]Routing 109: Walk: 106
2019-09-05_00:56:26.053[Battery Energy]72.75
2019-09-05_00:56:26.053[Status]Routing Start.
2019-09-05_00:56:26.374[Status]{'id': 9, 'coordinate': [1092.5591306657632, 600.1375743201438]}
2019-09-05_00:56:26.374[Status]Routing 110: Walk: 107
2019-09-05_00:56:26.480[Battery Energy]72.45
2019-09-05_00:56:26.480[Status]Routing Start.
2019-09-05_00:56:26.818[Status]{'id': 9, 'coordinate': [1102.555264183457, 600.415629524084]}
2019-09-05_00:56:26.818[Status]Routing 111: Walk: 108
2019-09-05_00:56:26.936[Battery Energy]72.15
2019-09-05_00:56:26.936[Status]Routing Start.
2019-09-05_00:56:27.170[Status]{'id': 9, 'coordinate': [1112.5513977011508, 600.6936847280241]}
2019-09-05_00:56:27.170[Status]Routing 112: Walk: 109
2019-09-05_00:56:27.273[Battery Energy]71.93
2019-09-05_00:56:27.273[Status]Routing Start.
2019-09-05_00:56:27.443[Status]{'id': 9, 'coordinate': [1122.5475312188446, 600.9717399319643]}
2019-09-05_00:56:27.443[Status]Routing 113: Walk: 110
2019-09-05_00:56:27.552[Battery Energy]71.69
2019-09-05_00:56:27.552[Status]Routing Start.
2019-09-05_00:56:27.787[Status]{'id': 9, 'coordinate': [1132.5436647365384, 601.2497951359044]}
2019-09-05_00:56:27.787[Status]Routing 114: Walk: 111
2019-09-05_00:56:27.887[Battery Energy]71.49
2019-09-05_00:56:27.888[Status]Routing Start.
2019-09-05_00:56:28.533[Status]Routing 115: Walk: 111
2019-09-05_00:56:28.634[Battery Energy]71.06
2019-09-05_00:56:28.634[Status]Routing Start.
2019-09-05_00:56:28.946[Status]Routing 116: Walk: 111
2019-09-05_00:56:29.052[Battery Energy]70.75
2019-09-05_00:56:29.053[Status]Routing Start.
2019-09-05_00:56:29.397[Status]Routing 117: Walk: 111
2019-09-05_00:56:29.497[Battery Energy]70.43
2019-09-05_00:56:29.497[Status]Routing Start.
2019-09-05_00:56:29.786[Status]Routing 118: Walk: 111
2019-09-05_00:56:29.887[Battery Energy]70.15
2019-09-05_00:56:29.887[Status]Routing Start.
2019-09-05_00:56:30.044[Status]{'id': 9, 'coordinate': [1142.5397982542322, 601.5278503398446]}
2019-09-05_00:56:30.044[Status]Routing 119: Walk: 112
2019-09-05_00:56:30.148[Battery Energy]69.93
2019-09-05_00:56:30.148[Status]Routing Start.
2019-09-05_00:56:30.307[Status]{'id': 9, 'coordinate': [1152.535931771926, 601.8059055437847]}
2019-09-05_00:56:30.307[Status]Routing 120: Walk: 113
2019-09-05_00:56:30.407[Battery Energy]69.73
2019-09-05_00:56:30.407[Status]Routing Start.
2019-09-05_00:56:30.651[Status]{'id': 9, 'coordinate': [1162.5320652896198, 602.0839607477249]}
2019-09-05_00:56:30.651[Status]Routing 121: Walk: 114
2019-09-05_00:56:30.764[Battery Energy]69.49
2019-09-05_00:56:30.764[Status]Routing Start.
2019-09-05_00:56:30.931[Status]{'id': 9, 'coordinate': [1172.5281988073136, 602.362015951665]}
2019-09-05_00:56:30.931[Status]Routing 122: Walk: 115
2019-09-05_00:56:31.044[Battery Energy]69.26
2019-09-05_00:56:31.044[Status]Routing Start.
2019-09-05_00:56:31.044[Status]Task Finished.
2019-09-05_00:56:31.145[Battery Energy]69.26
2019-09-05_00:56:31.286[Status]Routing 124: Walk: 115
2019-09-05_00:56:31.417[Battery Energy]69.16
2019-09-05_00:56:31.881[Status]Routing 125: Walk: 115
2019-09-05_00:56:31.981[Battery Energy]68.82
2019-09-05_00:56:32.185[Status]Routing 126: Walk: 115
2019-09-05_00:56:32.285[Battery Energy]68.71
2019-09-05_00:56:32.617[Status]Routing 127: Walk: 115
2019-09-05_00:56:32.720[Battery Energy]68.44
2019-09-05_00:56:33.111[Status]Routing 128: Walk: 115
2019-09-05_00:56:33.224[Battery Energy]68.17
2019-09-05_00:56:33.548[Status]Routing 129: Walk: 115
2019-09-05_00:56:33.648[Battery Energy]68.00
2019-09-05_00:56:33.909[Status]Routing 130: Walk: 115
2019-09-05_00:56:34.010[Battery Energy]67.86
2019-09-05_00:56:34.213[Status]Routing 131: Walk: 115
2019-09-05_00:56:34.324[Battery Energy]67.77
2019-09-05_00:56:34.549[Status]Routing 132: Walk: 115
2019-09-05_00:56:34.653[Battery Energy]67.64
2019-09-05_00:56:34.822[Status]Routing 133: Walk: 115
2019-09-05_00:56:34.928[Battery Energy]67.51
2019-09-05_00:56:35.106[Status]Routing 134: Walk: 115
2019-09-05_00:56:35.212[Battery Energy]67.36
2019-09-05_00:56:35.460[Status]Routing 135: Walk: 115
2019-09-05_00:56:35.576[Battery Energy]67.24
2019-09-05_00:56:35.791[Status]Routing 136: Walk: 115
2019-09-05_00:56:35.891[Battery Energy]67.13
2019-09-05_00:56:36.170[Status]Routing 137: Walk: 115
2019-09-05_00:56:36.280[Battery Energy]66.99
2019-09-05_00:56:36.491[Status]Routing 138: Walk: 115
2019-09-05_00:56:36.604[Battery Energy]66.86
2019-09-05_00:56:36.794[Status]Routing 139: Walk: 115
2019-09-05_00:56:36.917[Battery Energy]66.73
2019-09-05_00:56:37.104[Status]Routing 140: Walk: 115
2019-09-05_00:56:37.205[Battery Energy]66.61
2019-09-05_00:56:37.368[Status]Routing 141: Walk: 115
2019-09-05_00:56:37.468[Battery Energy]66.50
2019-09-05_00:56:37.626[Status]Routing 142: Walk: 115
2019-09-05_00:56:37.736[Battery Energy]66.36
2019-09-05_00:56:37.926[Status]Routing 143: Walk: 115
2019-09-05_00:56:38.032[Battery Energy]66.24
2019-09-05_00:56:38.306[Status]Routing 144: Walk: 115
2019-09-05_00:56:38.427[Battery Energy]66.08
2019-09-05_00:56:38.711[Status]Routing 145: Walk: 115
2019-09-05_00:56:38.824[Battery Energy]65.91
2019-09-05_00:56:38.959[Status]Routing 146: Walk: 115
2019-09-05_00:56:39.060[Battery Energy]65.80
2019-09-05_00:56:39.258[Status]Routing 147: Walk: 115
2019-09-05_00:56:39.358[Battery Energy]65.69
2019-09-05_00:56:39.621[Status]Routing 148: Walk: 115
2019-09-05_00:56:39.721[Battery Energy]65.54
2019-09-05_00:56:40.018[Status]Routing 149: Walk: 115
2019-09-05_00:56:40.120[Battery Energy]65.30
2019-09-05_00:56:40.336[Status]Routing 150: Walk: 115
2019-09-05_00:56:40.456[Battery Energy]65.17
2019-09-05_00:56:40.597[Status]Routing 151: Walk: 115
2019-09-05_00:56:40.704[Battery Energy]65.09
2019-09-05_00:56:40.905[Status]Routing 152: Walk: 115
2019-09-05_00:56:41.009[Battery Energy]64.95
2019-09-05_00:56:41.225[Status]Routing 153: Walk: 115
2019-09-05_00:56:41.326[Battery Energy]64.79
2019-09-05_00:56:41.499[Status]Routing 154: Walk: 115
2019-09-05_00:56:41.599[Battery Energy]64.69
2019-09-05_00:56:41.788[Status]Routing 155: Walk: 115
2019-09-05_00:56:41.932[Battery Energy]64.60
2019-09-05_00:56:42.086[Status]Routing 156: Walk: 115
2019-09-05_00:56:42.186[Battery Energy]64.51
2019-09-05_00:56:42.387[Status]Routing 157: Walk: 115
2019-09-05_00:56:42.487[Battery Energy]64.41
2019-09-05_00:56:42.794[Status]Routing 158: Walk: 115
2019-09-05_00:56:42.895[Battery Energy]64.22
2019-09-05_00:56:43.062[Status]Routing 159: Walk: 115
2019-09-05_00:56:43.180[Battery Energy]64.06
2019-09-05_00:56:43.390[Status]Routing 160: Walk: 115
2019-09-05_00:56:43.500[Battery Energy]63.92
2019-09-05_00:56:43.675[Status]Routing 161: Walk: 115
2019-09-05_00:56:43.784[Battery Energy]63.80
2019-09-05_00:56:43.962[Status]Routing 162: Walk: 115
2019-09-05_00:56:44.068[Battery Energy]63.70
2019-09-05_00:56:44.253[Status]Routing 163: Walk: 115
2019-09-05_00:56:44.364[Battery Energy]63.57
2019-09-05_00:56:44.502[Status]Routing 164: Walk: 115
2019-09-05_00:56:44.612[Battery Energy]63.47
2019-09-05_00:56:44.832[Status]Routing 165: Walk: 115
2019-09-05_00:56:44.952[Battery Energy]63.33
2019-09-05_00:56:45.111[Status]Routing 166: Walk: 115
2019-09-05_00:56:45.216[Battery Energy]63.24
2019-09-05_00:56:45.413[Status]Routing 167: Walk: 115
2019-09-05_00:56:45.514[Battery Energy]63.12
2019-09-05_00:56:45.666[Status]Routing 168: Walk: 115
2019-09-05_00:56:45.770[Battery Energy]63.01
2019-09-05_00:56:45.958[Status]Routing 169: Walk: 115
2019-09-05_00:56:46.072[Battery Energy]62.90
2019-09-05_00:56:46.267[Status]Routing 170: Walk: 115
2019-09-05_00:56:46.376[Battery Energy]62.77
2019-09-05_00:56:46.531[Status]Routing 171: Walk: 115
2019-09-05_00:56:46.636[Battery Energy]62.68
2019-09-05_00:56:46.788[Status]Routing 172: Walk: 115
2019-09-05_00:56:46.896[Battery Energy]62.54
2019-09-05_00:56:47.066[Status]Routing 173: Walk: 115
2019-09-05_00:56:47.166[Battery Energy]62.44
2019-09-05_00:56:47.338[Status]Routing 174: Walk: 115
2019-09-05_00:56:47.438[Battery Energy]62.34
2019-09-05_00:56:47.655[Status]Routing 175: Walk: 115
2019-09-05_00:56:47.755[Battery Energy]62.17
2019-09-05_00:56:47.920[Status]Routing 176: Walk: 115
2019-09-05_00:56:48.036[Battery Energy]62.04
2019-09-05_00:56:48.162[Status]Routing 177: Walk: 115
2019-09-05_00:56:48.263[Battery Energy]61.92
2019-09-05_00:56:48.435[Status]Routing 178: Walk: 115
2019-09-05_00:56:48.535[Battery Energy]61.81
2019-09-05_00:56:48.736[Status]Routing 179: Walk: 115
2019-09-05_00:56:48.856[Battery Energy]61.70
2019-09-05_00:56:48.996[Status]Routing 180: Walk: 115
2019-09-05_00:56:49.096[Battery Energy]61.62
2019-09-05_00:56:49.290[Status]Routing 181: Walk: 115
2019-09-05_00:56:49.401[Battery Energy]61.51
2019-09-05_00:56:49.673[Status]Routing 182: Walk: 115
2019-09-05_00:56:49.775[Battery Energy]61.32
2019-09-05_00:56:49.967[Status]Routing 183: Walk: 115
2019-09-05_00:56:50.076[Battery Energy]61.23
2019-09-05_00:56:50.253[Status]Routing 184: Walk: 115
2019-09-05_00:56:50.354[Battery Energy]61.10
2019-09-05_00:56:50.570[Status]Routing 185: Walk: 115
2019-09-05_00:56:50.670[Battery Energy]60.99
2019-09-05_00:56:50.987[Status]Routing 186: Walk: 115
2019-09-05_00:56:51.100[Battery Energy]60.87
2019-09-05_00:56:51.298[Status]Routing 187: Walk: 115
2019-09-05_00:56:51.411[Battery Energy]60.78
2019-09-05_00:56:51.615[Status]Routing 188: Walk: 115
2019-09-05_00:56:51.728[Battery Energy]60.67
2019-09-05_00:56:51.895[Status]Routing 189: Walk: 115
2019-09-05_00:56:52.008[Battery Energy]60.55
2019-09-05_00:56:52.172[Status]Routing 190: Walk: 115
2019-09-05_00:56:52.304[Battery Energy]60.41
2019-09-05_00:56:52.483[Status]Routing 191: Walk: 115
2019-09-05_00:56:52.584[Battery Energy]60.27
2019-09-05_00:56:52.820[Status]Routing 192: Walk: 115
2019-09-05_00:56:52.921[Battery Energy]60.14
2019-09-05_00:56:53.060[Status]Routing 193: Walk: 115
2019-09-05_00:56:53.160[Battery Energy]60.05
2019-09-05_00:56:53.357[Status]Routing 194: Walk: 115
2019-09-05_00:56:53.476[Battery Energy]59.89
2019-09-05_00:56:53.659[Status]Routing 195: Walk: 115
2019-09-05_00:56:53.759[Battery Energy]59.78
2019-09-05_00:56:53.935[Status]Routing 196: Walk: 115
2019-09-05_00:56:54.035[Battery Energy]59.65
2019-09-05_00:56:54.205[Status]Routing 197: Walk: 115
2019-09-05_00:56:54.306[Battery Energy]59.53
2019-09-05_00:56:54.474[Status]Routing 198: Walk: 115
2019-09-05_00:56:54.574[Battery Energy]59.43
2019-09-05_00:56:54.779[Status]Routing 199: Walk: 115
2019-09-05_00:56:54.896[Battery Energy]59.27
2019-09-05_00:56:55.038[Status]Routing 200: Walk: 115
2019-09-05_00:56:55.164[Battery Energy]59.17
2019-09-05_00:56:55.368[Status]Routing 201: Walk: 115
2019-09-05_00:56:55.468[Battery Energy]59.05
2019-09-05_00:56:55.676[Status]Routing 202: Walk: 115
2019-09-05_00:56:55.780[Battery Energy]58.97
