2019-09-05_00:55:36.313[Status]Start.
2019-09-05_00:55:36.313[Battery Energy]105.00
2019-09-05_00:55:37.414[Battery Energy]104.96
2019-09-05_00:55:38.515[Battery Energy]104.92
2019-09-05_00:55:39.616[Battery Energy]104.88
2019-09-05_00:55:40.717[Battery Energy]104.84
2019-09-05_00:55:41.818[Task]A New Task Released.
2019-09-05_00:55:41.818[Battery Energy]104.80
2019-09-05_00:55:41.818[Status]Selection Start.
2019-09-05_00:55:42.368[Status]Selection End: Do Task 2.
2019-09-05_00:55:42.500[Battery Energy]104.45
2019-09-05_00:55:42.500[Status]Formation Start.
2019-09-05_00:55:42.682[Status]Formation End: To Position 0.
2019-09-05_00:55:42.787[Battery Energy]104.32
2019-09-05_00:55:42.787[Status]Routing Start.
2019-09-05_00:55:42.968[Status]{'id': 19, 'coordinate': [139.58387957125947, 775.8699891319692]}
2019-09-05_00:55:42.968[Status]Routing 1: Walk: 1
2019-09-05_00:55:43.081[Battery Energy]104.07
2019-09-05_00:55:43.081[Status]Routing Start.
2019-09-05_00:55:43.281[Status]{'id': 19, 'coordinate': [148.16775914251895, 770.7399782639384]}
2019-09-05_00:55:43.286[Status]Routing 2: Walk: 2
2019-09-05_00:55:43.396[Battery Energy]103.84
2019-09-05_00:55:43.396[Status]Routing Start.
2019-09-05_00:55:43.561[Status]{'id': 19, 'coordinate': [156.75163871377842, 765.6099673959076]}
2019-09-05_00:55:43.561[Status]Routing 3: Walk: 3
2019-09-05_00:55:43.680[Battery Energy]103.65
2019-09-05_00:55:43.680[Status]Routing Start.
2019-09-05_00:55:43.896[Status]{'id': 19, 'coordinate': [165.3355182850379, 760.4799565278768]}
2019-09-05_00:55:43.896[Status]Routing 4: Walk: 4
2019-09-05_00:55:44.016[Battery Energy]103.43
2019-09-05_00:55:44.016[Status]Routing Start.
2019-09-05_00:55:44.179[Status]{'id': 19, 'coordinate': [173.91939785629737, 755.349945659846]}
2019-09-05_00:55:44.180[Status]Routing 5: Walk: 5
2019-09-05_00:55:44.292[Battery Energy]103.20
2019-09-05_00:55:44.292[Status]Routing Start.
2019-09-05_00:55:44.609[Status]{'id': 19, 'coordinate': [182.50327742755684, 750.2199347918151]}
2019-09-05_00:55:44.609[Status]Routing 6: Walk: 6
2019-09-05_00:55:44.710[Battery Energy]102.89
2019-09-05_00:55:44.710[Status]Routing Start.
2019-09-05_00:55:45.083[Status]{'id': 19, 'coordinate': [191.0871569988163, 745.0899239237843]}
2019-09-05_00:55:45.083[Status]Routing 7: Walk: 7
2019-09-05_00:55:45.183[Battery Energy]102.56
2019-09-05_00:55:45.183[Status]Routing Start.
2019-09-05_00:55:45.655[Status]{'id': 19, 'coordinate': [199.67103657007578, 739.9599130557535]}
2019-09-05_00:55:45.655[Status]Routing 8: Walk: 8
2019-09-05_00:55:45.755[Battery Energy]102.27
2019-09-05_00:55:45.755[Status]Routing Start.
2019-09-05_00:55:46.189[Status]{'id': 19, 'coordinate': [208.25491614133526, 734.8299021877227]}
2019-09-05_00:55:46.189[Status]Routing 9: Walk: 9
2019-09-05_00:55:46.296[Battery Energy]101.92
2019-09-05_00:55:46.296[Status]Routing Start.
2019-09-05_00:55:46.740[Status]{'id': 19, 'coordinate': [216.83879571259473, 729.6998913196919]}
2019-09-05_00:55:46.741[Status]Routing 10: Walk: 10
2019-09-05_00:55:46.841[Battery Energy]101.57
2019-09-05_00:55:46.841[Status]Routing Start.
2019-09-05_00:55:47.213[Status]{'id': 19, 'coordinate': [225.4226752838542, 724.5698804516611]}
2019-09-05_00:55:47.219[Status]Routing 11: Walk: 11
2019-09-05_00:55:47.321[Battery Energy]101.21
2019-09-05_00:55:47.321[Status]Routing Start.
2019-09-05_00:55:47.659[Status]{'id': 19, 'coordinate': [234.00655485511368, 719.4398695836303]}
2019-09-05_00:55:47.659[Status]Routing 12: Walk: 12
2019-09-05_00:55:47.759[Battery Energy]100.92
2019-09-05_00:55:47.759[Status]Routing Start.
2019-09-05_00:55:48.145[Status]{'id': 19, 'coordinate': [242.59043442637315, 714.3098587155995]}
2019-09-05_00:55:48.145[Status]Routing 13: Walk: 13
2019-09-05_00:55:48.246[Battery Energy]100.55
2019-09-05_00:55:48.246[Status]Routing Start.
2019-09-05_00:55:48.698[Status]{'id': 19, 'coordinate': [251.17431399763262, 709.1798478475687]}
2019-09-05_00:55:48.701[Status]Routing 14: Walk: 14
2019-09-05_00:55:48.804[Battery Energy]100.17
2019-09-05_00:55:48.804[Status]Routing Start.
2019-09-05_00:55:49.189[Status]{'id': 19, 'coordinate': [259.7581935688921, 704.0498369795379]}
2019-09-05_00:55:49.189[Status]Routing 15: Walk: 15
2019-09-05_00:55:49.290[Battery Energy]99.80
2019-09-05_00:55:49.290[Status]Routing Start.
2019-09-05_00:55:49.691[Status]{'id': 19, 'coordinate': [268.3420731401516, 698.9198261115071]}
2019-09-05_00:55:49.691[Status]Routing 16: Walk: 16
2019-09-05_00:55:49.798[Battery Energy]99.50
2019-09-05_00:55:49.798[Status]Routing Start.
2019-09-05_00:55:50.317[Status]{'id': 19, 'coordinate': [275.8316267783571, 705.5460306284567]}
2019-09-05_00:55:50.317[Status]Routing 17: Walk: 17
2019-09-05_00:55:50.417[Battery Energy]99.00
2019-09-05_00:55:50.417[Status]Routing Start.
2019-09-05_00:55:50.589[Status]{'id': 19, 'coordinate': [284.36711994762055, 700.335910058119]}
2019-09-05_00:55:50.592[Status]Routing 18: Walk: 18
2019-09-05_00:55:50.692[Battery Energy]98.75
2019-09-05_00:55:50.692[Status]Routing Start.
2019-09-05_00:55:51.030[Status]{'id': 19, 'coordinate': [292.902613116884, 695.1257894877813]}
2019-09-05_00:55:51.030[Status]Routing 19: Walk: 19
2019-09-05_00:55:51.133[Battery Energy]98.43
2019-09-05_00:55:51.133[Status]Routing Start.
2019-09-05_00:55:51.494[Status]{'id': 19, 'coordinate': [301.4381062861475, 689.9156689174436]}
2019-09-05_00:55:51.494[Status]Routing 20: Walk: 20
2019-09-05_00:55:51.596[Battery Energy]98.10
2019-09-05_00:55:51.596[Status]Routing Start.
2019-09-05_00:55:51.940[Status]{'id': 19, 'coordinate': [309.973599455411, 684.7055483471058]}
2019-09-05_00:55:51.940[Status]Routing 21: Walk: 21
2019-09-05_00:55:52.048[Battery Energy]97.75
2019-09-05_00:55:52.048[Status]Routing Start.
2019-09-05_00:55:52.392[Status]{'id': 19, 'coordinate': [318.50909262467445, 679.4954277767681]}
2019-09-05_00:55:52.392[Status]Routing 22: Walk: 22
2019-09-05_00:55:52.492[Battery Energy]97.40
2019-09-05_00:55:52.492[Status]Routing Start.
2019-09-05_00:55:52.839[Status]{'id': 19, 'coordinate': [327.0445857939379, 674.2853072064304]}
2019-09-05_00:55:52.839[Status]Routing 23: Walk: 23
2019-09-05_00:55:52.939[Battery Energy]97.06
2019-09-05_00:55:52.939[Status]Routing Start.
2019-09-05_00:55:53.283[Status]{'id': 19, 'coordinate': [335.5800789632014, 669.0751866360927]}
2019-09-05_00:55:53.283[Status]Routing 24: Walk: 24
2019-09-05_00:55:53.384[Battery Energy]96.72
2019-09-05_00:55:53.384[Status]Routing Start.
2019-09-05_00:55:53.862[Status]{'id': 19, 'coordinate': [344.1155721324649, 663.865066065755]}
2019-09-05_00:55:53.862[Status]Routing 25: Walk: 25
2019-09-05_00:55:53.962[Battery Energy]96.32
2019-09-05_00:55:53.962[Status]Routing Start.
2019-09-05_00:55:54.305[Status]{'id': 19, 'coordinate': [352.65106530172835, 658.6549454954172]}
2019-09-05_00:55:54.305[Status]Routing 26: Walk: 26
2019-09-05_00:55:54.405[Battery Energy]96.03
2019-09-05_00:55:54.405[Status]Routing Start.
2019-09-05_00:55:54.730[Status]{'id': 19, 'coordinate': [361.1865584709918, 653.4448249250795]}
2019-09-05_00:55:54.730[Status]Routing 27: Walk: 27
2019-09-05_00:55:54.831[Battery Energy]95.71
2019-09-05_00:55:54.831[Status]Routing Start.
2019-09-05_00:55:55.158[Status]{'id': 19, 'coordinate': [369.7220516402553, 648.2347043547418]}
2019-09-05_00:55:55.158[Status]Routing 28: Walk: 28
2019-09-05_00:55:55.268[Battery Energy]95.40
2019-09-05_00:55:55.268[Status]Routing Start.
2019-09-05_00:55:55.445[Status]{'id': 19, 'coordinate': [378.2575448095188, 643.0245837844041]}
2019-09-05_00:55:55.445[Status]Routing 29: Walk: 29
2019-09-05_00:55:55.561[Battery Energy]95.16
2019-09-05_00:55:55.561[Status]Routing Start.
2019-09-05_00:55:55.831[Status]{'id': 19, 'coordinate': [386.79303797878225, 637.8144632140663]}
2019-09-05_00:55:55.831[Status]Routing 30: Walk: 30
2019-09-05_00:55:55.931[Battery Energy]94.90
2019-09-05_00:55:55.931[Status]Routing Start.
2019-09-05_00:55:56.154[Status]{'id': 19, 'coordinate': [395.3285311480457, 632.6043426437286]}
2019-09-05_00:55:56.154[Status]Routing 31: Walk: 31
2019-09-05_00:55:56.264[Battery Energy]94.70
2019-09-05_00:55:56.264[Status]Routing Start.
2019-09-05_00:55:56.593[Status]{'id': 19, 'coordinate': [403.8640243173092, 627.3942220733909]}
2019-09-05_00:55:56.593[Status]Routing 32: Walk: 32
2019-09-05_00:55:56.700[Battery Energy]94.40
2019-09-05_00:55:56.700[Status]Routing Start.
2019-09-05_00:55:56.916[Status]{'id': 19, 'coordinate': [412.3995174865727, 622.1841015030532]}
2019-09-05_00:55:56.916[Status]Routing 33: Walk: 33
2019-09-05_00:55:57.016[Battery Energy]94.19
2019-09-05_00:55:57.016[Status]Routing Start.
2019-09-05_00:55:57.389[Status]{'id': 19, 'coordinate': [420.8432582268343, 627.5416421992352]}
2019-09-05_00:55:57.389[Status]Routing 34: Walk: 34
2019-09-05_00:55:57.489[Battery Energy]93.83
2019-09-05_00:55:57.489[Status]Routing Start.
2019-09-05_00:55:57.925[Status]{'id': 19, 'coordinate': [425.4250419869144, 636.4302448777144]}
2019-09-05_00:55:57.926[Status]Routing 35: Walk: 35
2019-09-05_00:55:58.028[Battery Energy]93.44
2019-09-05_00:55:58.029[Status]Routing Start.
2019-09-05_00:55:58.433[Status]{'id': 19, 'coordinate': [433.84296029751977, 631.0322219696512]}
2019-09-05_00:55:58.433[Status]Routing 36: Walk: 36
2019-09-05_00:55:58.533[Battery Energy]93.04
2019-09-05_00:55:58.533[Status]Routing Start.
2019-09-05_00:55:58.868[Status]{'id': 19, 'coordinate': [442.26087860812515, 625.6341990615881]}
2019-09-05_00:55:58.868[Status]Routing 37: Walk: 37
2019-09-05_00:55:58.969[Battery Energy]92.68
2019-09-05_00:55:58.969[Status]Routing Start.
2019-09-05_00:55:59.333[Status]{'id': 19, 'coordinate': [450.67879691873054, 620.236176153525]}
2019-09-05_00:55:59.337[Status]Routing 38: Walk: 38
2019-09-05_00:55:59.438[Battery Energy]92.27
2019-09-05_00:55:59.438[Status]Routing Start.
2019-09-05_00:55:59.818[Status]{'id': 19, 'coordinate': [459.0967152293359, 614.8381532454619]}
2019-09-05_00:55:59.818[Status]Routing 39: Walk: 39
2019-09-05_00:55:59.918[Battery Energy]91.89
2019-09-05_00:55:59.918[Status]Routing Start.
2019-09-05_00:56:00.353[Status]{'id': 19, 'coordinate': [467.5146335399413, 609.4401303373987]}
2019-09-05_00:56:00.354[Status]Routing 40: Walk: 40
2019-09-05_00:56:00.456[Battery Energy]91.50
2019-09-05_00:56:00.456[Status]Routing Start.
2019-09-05_00:56:00.636[Status]{'id': 19, 'coordinate': [475.9325518505467, 604.0421074293356]}
2019-09-05_00:56:00.636[Status]Routing 41: Walk: 41
2019-09-05_00:56:00.737[Battery Energy]91.24
2019-09-05_00:56:00.737[Status]Routing Start.
2019-09-05_00:56:01.109[Status]{'id': 19, 'coordinate': [484.3504701611521, 598.6440845212725]}
2019-09-05_00:56:01.109[Status]Routing 42: Walk: 42
2019-09-05_00:56:01.216[Battery Energy]90.91
2019-09-05_00:56:01.216[Status]Routing Start.
2019-09-05_00:56:01.509[Status]{'id': 19, 'coordinate': [492.7683884717575, 593.2460616132093]}
2019-09-05_00:56:01.509[Status]Routing 43: Walk: 43
2019-09-05_00:56:01.609[Battery Energy]90.65
2019-09-05_00:56:01.610[Status]Routing Start.
2019-09-05_00:56:01.942[Status]{'id': 19, 'coordinate': [501.18630678236286, 587.8480387051462]}
2019-09-05_00:56:01.942[Status]Routing 44: Walk: 44
2019-09-05_00:56:02.046[Battery Energy]90.30
2019-09-05_00:56:02.046[Status]Routing Start.
2019-09-05_00:56:02.334[Status]{'id': 19, 'coordinate': [509.60422509296825, 582.4500157970831]}
2019-09-05_00:56:02.334[Status]Routing 45: Walk: 45
2019-09-05_00:56:02.436[Battery Energy]90.05
2019-09-05_00:56:02.436[Status]Routing Start.
2019-09-05_00:56:02.600[Status]{'id': 19, 'coordinate': [518.0221434035736, 577.05199288902]}
2019-09-05_00:56:02.600[Status]Routing 46: Walk: 46
2019-09-05_00:56:02.709[Battery Energy]89.82
2019-09-05_00:56:02.709[Status]Routing Start.
2019-09-05_00:56:02.859[Status]{'id': 19, 'coordinate': [526.440061714179, 571.6539699809568]}
2019-09-05_00:56:02.859[Status]Routing 47: Walk: 47
2019-09-05_00:56:02.972[Battery Energy]89.60
2019-09-05_00:56:02.972[Status]Routing Start.
2019-09-05_00:56:03.408[Status]Routing 48: Walk: 47
2019-09-05_00:56:03.508[Battery Energy]89.30
2019-09-05_00:56:03.509[Status]Routing Start.
2019-09-05_00:56:03.816[Status]Routing 49: Walk: 47
2019-09-05_00:56:03.938[Battery Energy]88.99
2019-09-05_00:56:03.938[Status]Routing Start.
2019-09-05_00:56:04.409[Status]Routing 50: Walk: 47
2019-09-05_00:56:04.509[Battery Energy]88.60
2019-09-05_00:56:04.509[Status]Routing Start.
2019-09-05_00:56:04.670[Status]{'id': 19, 'coordinate': [534.8579800247844, 566.2559470728937]}
2019-09-05_00:56:04.670[Status]Routing 51: Walk: 48
2019-09-05_00:56:04.780[Battery Energy]88.38
2019-09-05_00:56:04.780[Status]Routing Start.
2019-09-05_00:56:04.968[Status]{'id': 19, 'coordinate': [543.2758983353898, 560.8579241648306]}
2019-09-05_00:56:04.968[Status]Routing 52: Walk: 49
2019-09-05_00:56:05.080[Battery Energy]88.18
2019-09-05_00:56:05.080[Status]Routing Start.
2019-09-05_00:56:05.249[Status]{'id': 19, 'coordinate': [551.6938166459952, 555.4599012567675]}
2019-09-05_00:56:05.250[Status]Routing 53: Walk: 50
2019-09-05_00:56:05.356[Battery Energy]87.97
2019-09-05_00:56:05.356[Status]Routing Start.
2019-09-05_00:56:05.492[Status]{'id': 19, 'coordinate': [560.1117349566006, 550.0618783487043]}
2019-09-05_00:56:05.492[Status]Routing 54: Walk: 51
2019-09-05_00:56:05.600[Battery Energy]87.78
2019-09-05_00:56:05.600[Status]Routing Start.
2019-09-05_00:56:05.793[Status]{'id': 19, 'coordinate': [568.529653267206, 544.6638554406411]}
2019-09-05_00:56:05.793[Status]Routing 55: Walk: 52
2019-09-05_00:56:05.893[Battery Energy]87.55
2019-09-05_00:56:05.893[Status]Routing Start.
2019-09-05_00:56:06.099[Status]{'id': 19, 'coordinate': [576.9475715778113, 539.265832532578]}
2019-09-05_00:56:06.099[Status]Routing 56: Walk: 53
2019-09-05_00:56:06.199[Battery Energy]87.29
2019-09-05_00:56:06.199[Status]Routing Start.
2019-09-05_00:56:06.426[Status]{'id': 19, 'coordinate': [585.3654898884167, 533.8678096245148]}
2019-09-05_00:56:06.426[Status]Routing 57: Walk: 54
2019-09-05_00:56:06.526[Battery Energy]87.07
2019-09-05_00:56:06.526[Status]Routing Start.
2019-09-05_00:56:06.934[Status]{'id': 19, 'coordinate': [593.7834081990221, 528.4697867164516]}
2019-09-05_00:56:06.934[Status]Routing 58: Walk: 55
2019-09-05_00:56:07.040[Battery Energy]86.69
2019-09-05_00:56:07.040[Status]Routing Start.
2019-09-05_00:56:07.393[Status]{'id': 19, 'coordinate': [602.2013265096275, 523.0717638083884]}
2019-09-05_00:56:07.394[Status]Routing 59: Walk: 56
2019-09-05_00:56:07.528[Battery Energy]86.39
2019-09-05_00:56:07.528[Status]Routing Start.
2019-09-05_00:56:07.949[Status]{'id': 19, 'coordinate': [610.6192448202329, 517.6737409003251]}
2019-09-05_00:56:07.949[Status]Routing 60: Walk: 57
2019-09-05_00:56:08.054[Battery Energy]86.06
2019-09-05_00:56:08.054[Status]Routing Start.
2019-09-05_00:56:08.635[Status]{'id': 19, 'coordinate': [619.0371631308383, 512.275717992262]}
2019-09-05_00:56:08.635[Status]Routing 61: Walk: 58
2019-09-05_00:56:08.736[Battery Energy]85.65
2019-09-05_00:56:08.736[Status]Routing Start.
2019-09-05_00:56:08.955[Status]{'id': 19, 'coordinate': [627.4550814414437, 506.8776950841988]}
2019-09-05_00:56:08.955[Status]Routing 62: Walk: 59
2019-09-05_00:56:09.062[Battery Energy]85.39
2019-09-05_00:56:09.062[Status]Routing Start.
2019-09-05_00:56:09.338[Status]{'id': 19, 'coordinate': [635.872999752049, 501.47967217613564]}
2019-09-05_00:56:09.338[Status]Routing 63: Walk: 60
2019-09-05_00:56:09.441[Battery Energy]85.09
2019-09-05_00:56:09.441[Status]Routing Start.
2019-09-05_00:56:09.622[Status]{'id': 19, 'coordinate': [644.2909180626544, 496.08164926807245]}
2019-09-05_00:56:09.624[Status]Routing 64: Walk: 61
2019-09-05_00:56:09.725[Battery Energy]84.86
2019-09-05_00:56:09.725[Status]Routing Start.
2019-09-05_00:56:10.067[Status]{'id': 19, 'coordinate': [652.7088363732598, 490.68362636000927]}
2019-09-05_00:56:10.067[Status]Routing 65: Walk: 62
2019-09-05_00:56:10.180[Battery Energy]84.59
2019-09-05_00:56:10.180[Status]Routing Start.
2019-09-05_00:56:10.560[Status]{'id': 19, 'coordinate': [661.1267546838652, 485.2856034519461]}
2019-09-05_00:56:10.560[Status]Routing 66: Walk: 63
2019-09-05_00:56:10.668[Battery Energy]84.21
2019-09-05_00:56:10.668[Status]Routing Start.
2019-09-05_00:56:10.965[Status]{'id': 19, 'coordinate': [669.5446729944706, 479.8875805438829]}
2019-09-05_00:56:10.965[Status]Routing 67: Walk: 64
2019-09-05_00:56:11.068[Battery Energy]83.86
2019-09-05_00:56:11.068[Status]Routing Start.
2019-09-05_00:56:11.410[Status]{'id': 19, 'coordinate': [677.962591305076, 474.4895576358197]}
2019-09-05_00:56:11.410[Status]Routing 68: Walk: 65
2019-09-05_00:56:11.510[Battery Energy]83.56
2019-09-05_00:56:11.510[Status]Routing Start.
2019-09-05_00:56:11.694[Status]{'id': 19, 'coordinate': [686.3805096156814, 469.09153472775654]}
2019-09-05_00:56:11.694[Status]Routing 69: Walk: 66
2019-09-05_00:56:11.801[Battery Energy]83.36
2019-09-05_00:56:11.801[Status]Routing Start.
2019-09-05_00:56:12.339[Status]Routing 70: Walk: 66
2019-09-05_00:56:12.442[Battery Energy]82.93
2019-09-05_00:56:12.442[Status]Routing Start.
2019-09-05_00:56:12.867[Status]Routing 71: Walk: 66
2019-09-05_00:56:12.967[Battery Energy]82.60
2019-09-05_00:56:12.967[Status]Routing Start.
2019-09-05_00:56:13.278[Status]Routing 72: Walk: 66
2019-09-05_00:56:13.386[Battery Energy]82.33
2019-09-05_00:56:13.386[Status]Routing Start.
2019-09-05_00:56:13.748[Status]Routing 73: Walk: 66
2019-09-05_00:56:13.848[Battery Energy]81.99
2019-09-05_00:56:13.848[Status]Routing Start.
2019-09-05_00:56:14.250[Status]Routing 74: Walk: 66
2019-09-05_00:56:14.352[Battery Energy]81.68
2019-09-05_00:56:14.352[Status]Routing Start.
2019-09-05_00:56:14.508[Status]{'id': 19, 'coordinate': [694.7984279262868, 463.69351181969336]}
2019-09-05_00:56:14.508[Status]Routing 75: Walk: 67
2019-09-05_00:56:14.628[Battery Energy]81.45
2019-09-05_00:56:14.628[Status]Routing Start.
2019-09-05_00:56:14.784[Status]{'id': 19, 'coordinate': [703.2163462368922, 458.2954889116302]}
2019-09-05_00:56:14.785[Status]Routing 76: Walk: 68
2019-09-05_00:56:14.885[Battery Energy]81.25
2019-09-05_00:56:14.885[Status]Routing Start.
2019-09-05_00:56:15.054[Status]{'id': 19, 'coordinate': [711.6342645474975, 452.897466003567]}
2019-09-05_00:56:15.054[Status]Routing 77: Walk: 69
2019-09-05_00:56:15.171[Battery Energy]81.02
2019-09-05_00:56:15.171[Status]Routing Start.
2019-09-05_00:56:15.410[Status]{'id': 19, 'coordinate': [720.0521828581029, 447.4994430955038]}
2019-09-05_00:56:15.410[Status]Routing 78: Walk: 70
2019-09-05_00:56:15.511[Battery Energy]80.75
2019-09-05_00:56:15.511[Status]Routing Start.
2019-09-05_00:56:15.706[Status]{'id': 19, 'coordinate': [728.4701011687083, 442.1014201874406]}
2019-09-05_00:56:15.706[Status]Routing 79: Walk: 71
2019-09-05_00:56:15.818[Battery Energy]80.54
2019-09-05_00:56:15.818[Status]Routing Start.
2019-09-05_00:56:15.975[Status]{'id': 19, 'coordinate': [736.8880194793137, 436.70339727937744]}
2019-09-05_00:56:15.975[Status]Routing 80: Walk: 72
2019-09-05_00:56:16.080[Battery Energy]80.33
2019-09-05_00:56:16.080[Status]Routing Start.
2019-09-05_00:56:16.228[Status]{'id': 19, 'coordinate': [745.3059377899191, 431.30537437131426]}
2019-09-05_00:56:16.228[Status]Routing 81: Walk: 73
2019-09-05_00:56:16.344[Battery Energy]80.12
2019-09-05_00:56:16.344[Status]Routing Start.
2019-09-05_00:56:16.517[Status]{'id': 19, 'coordinate': [753.7238561005245, 425.9073514632511]}
2019-09-05_00:56:16.520[Status]Routing 82: Walk: 74
2019-09-05_00:56:16.628[Battery Energy]79.91
2019-09-05_00:56:16.628[Status]Routing Start.
2019-09-05_00:56:16.844[Status]{'id': 19, 'coordinate': [762.1417744111299, 420.5093285551879]}
2019-09-05_00:56:16.844[Status]Routing 83: Walk: 75
2019-09-05_00:56:16.948[Battery Energy]79.67
2019-09-05_00:56:16.960[Status]Routing Start.
2019-09-05_00:56:17.136[Status]{'id': 19, 'coordinate': [770.5596927217352, 415.1113056471247]}
2019-09-05_00:56:17.138[Status]Routing 84: Walk: 76
2019-09-05_00:56:17.277[Battery Energy]79.45
2019-09-05_00:56:17.279[Status]Routing Start.
2019-09-05_00:56:17.445[Status]{'id': 19, 'coordinate': [778.9776110323406, 409.7132827390615]}
2019-09-05_00:56:17.445[Status]Routing 85: Walk: 77
2019-09-05_00:56:17.568[Battery Energy]79.24
2019-09-05_00:56:17.568[Status]Routing Start.
2019-09-05_00:56:17.718[Status]{'id': 19, 'coordinate': [787.395529342946, 404.31525983099834]}
2019-09-05_00:56:17.718[Status]Routing 86: Walk: 78
2019-09-05_00:56:17.819[Battery Energy]79.04
2019-09-05_00:56:17.819[Status]Routing Start.
2019-09-05_00:56:18.023[Status]{'id': 19, 'coordinate': [795.8134476535514, 398.91723692293516]}
2019-09-05_00:56:18.025[Status]Routing 87: Walk: 79
2019-09-05_00:56:18.130[Battery Energy]78.82
2019-09-05_00:56:18.130[Status]Routing Start.
2019-09-05_00:56:18.307[Status]{'id': 19, 'coordinate': [804.2313659641568, 393.519214014872]}
2019-09-05_00:56:18.307[Status]Routing 88: Walk: 80
2019-09-05_00:56:18.412[Battery Energy]78.58
2019-09-05_00:56:18.412[Status]Routing Start.
2019-09-05_00:56:18.590[Status]{'id': 19, 'coordinate': [812.6492842747622, 388.1211911068088]}
2019-09-05_00:56:18.590[Status]Routing 89: Walk: 81
2019-09-05_00:56:18.692[Battery Energy]78.37
2019-09-05_00:56:18.692[Status]Routing Start.
2019-09-05_00:56:19.014[Status]{'id': 19, 'coordinate': [821.0672025853676, 382.7231681987456]}
2019-09-05_00:56:19.014[Status]Routing 90: Walk: 82
2019-09-05_00:56:19.128[Battery Energy]78.06
2019-09-05_00:56:19.128[Status]Routing Start.
2019-09-05_00:56:19.285[Status]{'id': 19, 'coordinate': [829.485120895973, 377.3251452906824]}
2019-09-05_00:56:19.285[Status]Routing 91: Walk: 83
2019-09-05_00:56:19.396[Battery Energy]77.85
2019-09-05_00:56:19.396[Status]Routing Start.
2019-09-05_00:56:19.618[Status]{'id': 19, 'coordinate': [837.9030392065783, 371.92712238261925]}
2019-09-05_00:56:19.618[Status]Routing 92: Walk: 84
2019-09-05_00:56:19.736[Battery Energy]77.63
2019-09-05_00:56:19.736[Status]Routing Start.
2019-09-05_00:56:19.872[Status]{'id': 19, 'coordinate': [846.3209575171837, 366.52909947455606]}
2019-09-05_00:56:19.872[Status]Routing 93: Walk: 85
2019-09-05_00:56:19.972[Battery Energy]77.44
2019-09-05_00:56:19.972[Status]Routing Start.
2019-09-05_00:56:20.176[Status]{'id': 19, 'coordinate': [854.7388758277891, 361.1310765664929]}
2019-09-05_00:56:20.177[Status]Routing 94: Walk: 86
2019-09-05_00:56:20.284[Battery Energy]77.21
2019-09-05_00:56:20.284[Status]Routing Start.
2019-09-05_00:56:20.517[Status]{'id': 19, 'coordinate': [863.1567941383945, 355.7330536584297]}
2019-09-05_00:56:20.518[Status]Routing 95: Walk: 87
2019-09-05_00:56:20.661[Battery Energy]76.97
2019-09-05_00:56:20.663[Status]Routing Start.
2019-09-05_00:56:20.830[Status]{'id': 19, 'coordinate': [871.5747124489999, 350.3350307503665]}
2019-09-05_00:56:20.830[Status]Routing 96: Walk: 88
2019-09-05_00:56:20.940[Battery Energy]76.78
2019-09-05_00:56:20.940[Status]Routing Start.
2019-09-05_00:56:21.177[Status]{'id': 19, 'coordinate': [879.9926307596053, 344.93700784230333]}
2019-09-05_00:56:21.178[Status]Routing 97: Walk: 89
2019-09-05_00:56:21.280[Battery Energy]76.52
2019-09-05_00:56:21.280[Status]Routing Start.
2019-09-05_00:56:21.595[Status]{'id': 19, 'coordinate': [888.4105490702107, 339.53898493424015]}
2019-09-05_00:56:21.595[Status]Routing 98: Walk: 90
2019-09-05_00:56:21.708[Battery Energy]76.20
2019-09-05_00:56:21.708[Status]Routing Start.
2019-09-05_00:56:21.942[Status]{'id': 19, 'coordinate': [896.828467380816, 334.14096202617696]}
2019-09-05_00:56:21.942[Status]Routing 99: Walk: 91
2019-09-05_00:56:22.051[Battery Energy]75.94
2019-09-05_00:56:22.051[Status]Routing Start.
2019-09-05_00:56:22.236[Status]{'id': 19, 'coordinate': [905.2463856914214, 328.7429391181138]}
2019-09-05_00:56:22.236[Status]Routing 100: Walk: 92
2019-09-05_00:56:22.405[Battery Energy]75.73
2019-09-05_00:56:22.406[Status]Routing Start.
2019-09-05_00:56:22.559[Status]{'id': 19, 'coordinate': [913.6643040020268, 323.3449162100506]}
2019-09-05_00:56:22.560[Status]Routing 101: Walk: 93
2019-09-05_00:56:22.661[Battery Energy]75.52
2019-09-05_00:56:22.661[Status]Routing Start.
2019-09-05_00:56:23.048[Status]{'id': 19, 'coordinate': [922.0822223126322, 317.9468933019874]}
2019-09-05_00:56:23.048[Status]Routing 102: Walk: 94
2019-09-05_00:56:23.151[Battery Energy]75.13
2019-09-05_00:56:23.151[Status]Routing Start.
2019-09-05_00:56:23.426[Status]{'id': 19, 'coordinate': [930.5001406232376, 312.54887039392423]}
2019-09-05_00:56:23.426[Status]Routing 103: Walk: 95
2019-09-05_00:56:23.536[Battery Energy]74.91
2019-09-05_00:56:23.536[Status]Routing Start.
2019-09-05_00:56:23.850[Status]{'id': 19, 'coordinate': [938.918058933843, 307.15084748586105]}
2019-09-05_00:56:23.854[Status]Routing 104: Walk: 96
2019-09-05_00:56:23.972[Battery Energy]74.65
2019-09-05_00:56:23.972[Status]Routing Start.
2019-09-05_00:56:24.314[Status]{'id': 19, 'coordinate': [947.3359772444484, 301.75282457779787]}
2019-09-05_00:56:24.314[Status]Routing 105: Walk: 97
2019-09-05_00:56:24.414[Battery Energy]74.37
2019-09-05_00:56:24.414[Status]Routing Start.
2019-09-05_00:56:24.619[Status]{'id': 19, 'coordinate': [955.7538955550538, 296.3548016697347]}
2019-09-05_00:56:24.619[Status]Routing 106: Walk: 98
2019-09-05_00:56:24.720[Battery Energy]74.14
2019-09-05_00:56:24.720[Status]Routing Start.
2019-09-05_00:56:24.969[Status]{'id': 19, 'coordinate': [964.1718138656591, 290.9567787616715]}
2019-09-05_00:56:24.970[Status]Routing 107: Walk: 99
2019-09-05_00:56:25.096[Battery Energy]73.89
2019-09-05_00:56:25.096[Status]Routing Start.
2019-09-05_00:56:25.450[Status]{'id': 19, 'coordinate': [972.5897321762645, 285.5587558536083]}
2019-09-05_00:56:25.453[Status]Routing 108: Walk: 100
2019-09-05_00:56:25.556[Battery Energy]73.63
2019-09-05_00:56:25.556[Status]Routing Start.
2019-09-05_00:56:25.949[Status]{'id': 19, 'coordinate': [981.0076504868699, 280.16073294554513]}
2019-09-05_00:56:25.949[Status]Routing 109: Walk: 101
2019-09-05_00:56:26.050[Battery Energy]73.28
2019-09-05_00:56:26.050[Status]Routing Start.
2019-09-05_00:56:26.379[Status]{'id': 19, 'coordinate': [989.4255687974753, 274.76271003748195]}
2019-09-05_00:56:26.379[Status]Routing 110: Walk: 102
2019-09-05_00:56:26.480[Battery Energy]72.91
2019-09-05_00:56:26.480[Status]Routing Start.
2019-09-05_00:56:26.818[Status]{'id': 19, 'coordinate': [997.8434871080807, 269.36468712941877]}
2019-09-05_00:56:26.818[Status]Routing 111: Walk: 103
2019-09-05_00:56:26.937[Battery Energy]72.62
2019-09-05_00:56:26.937[Status]Routing Start.
2019-09-05_00:56:27.169[Status]{'id': 19, 'coordinate': [1006.2614054186861, 263.9666642213556]}
2019-09-05_00:56:27.169[Status]Routing 112: Walk: 104
2019-09-05_00:56:27.269[Battery Energy]72.39
2019-09-05_00:56:27.269[Status]Routing Start.
2019-09-05_00:56:27.440[Status]{'id': 19, 'coordinate': [1014.6793237292915, 258.5686413132924]}
2019-09-05_00:56:27.440[Status]Routing 113: Walk: 105
2019-09-05_00:56:27.548[Battery Energy]72.18
2019-09-05_00:56:27.548[Status]Routing Start.
2019-09-05_00:56:27.989[Status]{'id': 19, 'coordinate': [1018.153898060189, 267.94559888059894]}
2019-09-05_00:56:27.989[Status]Routing 114: Walk: 106
2019-09-05_00:56:28.089[Battery Energy]71.79
2019-09-05_00:56:28.089[Status]Routing Start.
2019-09-05_00:56:28.420[Status]{'id': 19, 'coordinate': [1025.4503724807068, 274.78383410839916]}
2019-09-05_00:56:28.421[Status]Routing 115: Walk: 107
2019-09-05_00:56:28.521[Battery Energy]71.41
2019-09-05_00:56:28.521[Status]Routing Start.
2019-09-05_00:56:28.772[Status]{'id': 19, 'coordinate': [1033.127556743164, 268.3759606857822]}
2019-09-05_00:56:28.772[Status]Routing 116: Walk: 108
2019-09-05_00:56:28.873[Battery Energy]71.14
2019-09-05_00:56:28.873[Status]Routing Start.
2019-09-05_00:56:29.224[Status]{'id': 19, 'coordinate': [1040.804741005621, 261.9680872631653]}
2019-09-05_00:56:29.225[Status]Routing 117: Walk: 109
2019-09-05_00:56:29.336[Battery Energy]70.80
2019-09-05_00:56:29.336[Status]Routing Start.
2019-09-05_00:56:29.808[Status]{'id': 19, 'coordinate': [1050.012736409356, 265.86844886752897]}
2019-09-05_00:56:29.809[Status]Routing 118: Walk: 110
2019-09-05_00:56:29.909[Battery Energy]70.37
2019-09-05_00:56:29.909[Status]Routing Start.
2019-09-05_00:56:30.046[Status]{'id': 19, 'coordinate': [1057.2387344577057, 258.95578279681166]}
2019-09-05_00:56:30.046[Status]Routing 119: Walk: 111
2019-09-05_00:56:30.146[Battery Energy]70.16
2019-09-05_00:56:30.146[Status]Routing Start.
2019-09-05_00:56:30.298[Status]{'id': 19, 'coordinate': [1064.4647325060555, 252.04311672609433]}
2019-09-05_00:56:30.298[Status]Routing 120: Walk: 112
2019-09-05_00:56:30.399[Battery Energy]69.94
2019-09-05_00:56:30.399[Status]Routing Start.
2019-09-05_00:56:30.646[Status]{'id': 19, 'coordinate': [1071.6907305544053, 245.130450655377]}
2019-09-05_00:56:30.650[Status]Routing 121: Walk: 113
2019-09-05_00:56:30.750[Battery Energy]69.66
2019-09-05_00:56:30.750[Status]Routing Start.
2019-09-05_00:56:30.932[Status]{'id': 19, 'coordinate': [1078.916728602755, 238.21778458465965]}
2019-09-05_00:56:30.932[Status]Routing 122: Walk: 114
2019-09-05_00:56:31.044[Battery Energy]69.46
2019-09-05_00:56:31.044[Status]Routing Start.
2019-09-05_00:56:31.283[Status]{'id': 19, 'coordinate': [1086.1427266511048, 231.30511851394232]}
2019-09-05_00:56:31.283[Status]Routing 123: Walk: 115
2019-09-05_00:56:31.384[Battery Energy]69.21
2019-09-05_00:56:31.384[Status]Routing Start.
2019-09-05_00:56:31.723[Status]{'id': 19, 'coordinate': [1093.3687246994546, 224.39245244322498]}
2019-09-05_00:56:31.723[Status]Routing 124: Walk: 116
2019-09-05_00:56:31.824[Battery Energy]68.94
2019-09-05_00:56:31.824[Status]Routing Start.
2019-09-05_00:56:32.182[Status]{'id': 19, 'coordinate': [1100.5947227478043, 217.47978637250762]}
2019-09-05_00:56:32.182[Status]Routing 125: Walk: 117
2019-09-05_00:56:32.348[Battery Energy]68.62
2019-09-05_00:56:32.349[Status]Routing Start.
2019-09-05_00:56:32.611[Status]{'id': 19, 'coordinate': [1107.820720796154, 210.56712030179025]}
2019-09-05_00:56:32.612[Status]Routing 126: Walk: 118
2019-09-05_00:56:32.712[Battery Energy]68.34
2019-09-05_00:56:32.712[Status]Routing Start.
2019-09-05_00:56:33.113[Status]{'id': 19, 'coordinate': [1115.0467188445036, 203.6544542310729]}
2019-09-05_00:56:33.113[Status]Routing 127: Walk: 119
2019-09-05_00:56:33.216[Battery Energy]68.02
2019-09-05_00:56:33.216[Status]Routing Start.
2019-09-05_00:56:33.546[Status]{'id': 19, 'coordinate': [1122.2727168928534, 196.74178816035553]}
2019-09-05_00:56:33.546[Status]Routing 128: Walk: 120
2019-09-05_00:56:33.647[Battery Energy]67.72
2019-09-05_00:56:33.647[Status]Routing Start.
2019-09-05_00:56:33.914[Status]{'id': 19, 'coordinate': [1129.498714941203, 189.82912208963816]}
2019-09-05_00:56:33.914[Status]Routing 129: Walk: 121
2019-09-05_00:56:34.016[Battery Energy]67.46
2019-09-05_00:56:34.016[Status]Routing Start.
2019-09-05_00:56:34.207[Status]{'id': 19, 'coordinate': [1136.7247129895527, 182.91645601892083]}
2019-09-05_00:56:34.207[Status]Routing 130: Walk: 122
2019-09-05_00:56:34.312[Battery Energy]67.22
2019-09-05_00:56:34.312[Status]Routing Start.
2019-09-05_00:56:34.312[Status]Task Finished.
2019-09-05_00:56:34.413[Battery Energy]67.22
2019-09-05_00:56:34.554[Status]Routing 132: Walk: 122
2019-09-05_00:56:34.664[Battery Energy]67.12
2019-09-05_00:56:34.817[Status]Routing 133: Walk: 122
2019-09-05_00:56:34.928[Battery Energy]67.01
2019-09-05_00:56:35.110[Status]Routing 134: Walk: 122
2019-09-05_00:56:35.228[Battery Energy]66.88
2019-09-05_00:56:35.457[Status]Routing 135: Walk: 122
2019-09-05_00:56:35.568[Battery Energy]66.69
2019-09-05_00:56:35.791[Status]Routing 136: Walk: 122
2019-09-05_00:56:35.900[Battery Energy]66.55
2019-09-05_00:56:36.170[Status]Routing 137: Walk: 122
2019-09-05_00:56:36.275[Battery Energy]66.36
2019-09-05_00:56:36.490[Status]Routing 138: Walk: 122
2019-09-05_00:56:36.590[Battery Energy]66.19
2019-09-05_00:56:36.804[Status]Routing 139: Walk: 122
2019-09-05_00:56:36.905[Battery Energy]66.01
2019-09-05_00:56:37.102[Status]Routing 140: Walk: 122
2019-09-05_00:56:37.206[Battery Energy]65.82
2019-09-05_00:56:37.369[Status]Routing 141: Walk: 122
2019-09-05_00:56:37.476[Battery Energy]65.72
2019-09-05_00:56:37.627[Status]Routing 142: Walk: 122
2019-09-05_00:56:37.736[Battery Energy]65.63
2019-09-05_00:56:37.925[Status]Routing 143: Walk: 122
2019-09-05_00:56:38.036[Battery Energy]65.52
2019-09-05_00:56:38.300[Status]Routing 144: Walk: 122
2019-09-05_00:56:38.400[Battery Energy]65.36
2019-09-05_00:56:38.716[Status]Routing 145: Walk: 122
2019-09-05_00:56:38.823[Battery Energy]65.13
2019-09-05_00:56:38.953[Status]Routing 146: Walk: 122
2019-09-05_00:56:39.054[Battery Energy]65.03
2019-09-05_00:56:39.257[Status]Routing 147: Walk: 122
2019-09-05_00:56:39.361[Battery Energy]64.89
2019-09-05_00:56:39.626[Status]Routing 148: Walk: 122
2019-09-05_00:56:39.727[Battery Energy]64.72
2019-09-05_00:56:40.023[Status]Routing 149: Walk: 122
2019-09-05_00:56:40.140[Battery Energy]64.47
2019-09-05_00:56:40.333[Status]Routing 150: Walk: 122
2019-09-05_00:56:40.448[Battery Energy]64.34
2019-09-05_00:56:40.598[Status]Routing 151: Walk: 122
2019-09-05_00:56:40.708[Battery Energy]64.25
2019-09-05_00:56:40.911[Status]Routing 152: Walk: 122
2019-09-05_00:56:41.029[Battery Energy]64.11
2019-09-05_00:56:41.227[Status]Routing 153: Walk: 122
2019-09-05_00:56:41.352[Battery Energy]63.98
2019-09-05_00:56:41.503[Status]Routing 154: Walk: 122
2019-09-05_00:56:41.613[Battery Energy]63.88
2019-09-05_00:56:41.786[Status]Routing 155: Walk: 122
2019-09-05_00:56:41.887[Battery Energy]63.72
2019-09-05_00:56:42.087[Status]Routing 156: Walk: 122
2019-09-05_00:56:42.192[Battery Energy]63.57
2019-09-05_00:56:42.382[Status]Routing 157: Walk: 122
2019-09-05_00:56:42.484[Battery Energy]63.45
2019-09-05_00:56:42.791[Status]Routing 158: Walk: 122
2019-09-05_00:56:42.906[Battery Energy]63.24
2019-09-05_00:56:43.062[Status]Routing 159: Walk: 122
2019-09-05_00:56:43.162[Battery Energy]63.12
2019-09-05_00:56:43.381[Status]Routing 160: Walk: 122
2019-09-05_00:56:43.491[Battery Energy]63.00
2019-09-05_00:56:43.678[Status]Routing 161: Walk: 122
2019-09-05_00:56:43.796[Battery Energy]62.85
2019-09-05_00:56:43.963[Status]Routing 162: Walk: 122
2019-09-05_00:56:44.076[Battery Energy]62.71
2019-09-05_00:56:44.252[Status]Routing 163: Walk: 122
2019-09-05_00:56:44.372[Battery Energy]62.61
2019-09-05_00:56:44.503[Status]Routing 164: Walk: 122
2019-09-05_00:56:44.608[Battery Energy]62.53
2019-09-05_00:56:44.826[Status]Routing 165: Walk: 122
2019-09-05_00:56:44.926[Battery Energy]62.40
2019-09-05_00:56:45.113[Status]Routing 166: Walk: 122
2019-09-05_00:56:45.236[Battery Energy]62.27
2019-09-05_00:56:45.416[Status]Routing 167: Walk: 122
2019-09-05_00:56:45.528[Battery Energy]62.15
2019-09-05_00:56:45.665[Status]Routing 168: Walk: 122
2019-09-05_00:56:45.772[Battery Energy]62.04
2019-09-05_00:56:45.959[Status]Routing 169: Walk: 122
2019-09-05_00:56:46.080[Battery Energy]61.92
2019-09-05_00:56:46.265[Status]Routing 170: Walk: 122
2019-09-05_00:56:46.372[Battery Energy]61.81
2019-09-05_00:56:46.526[Status]Routing 171: Walk: 122
2019-09-05_00:56:46.626[Battery Energy]61.70
2019-09-05_00:56:46.788[Status]Routing 172: Walk: 122
2019-09-05_00:56:46.912[Battery Energy]61.59
2019-09-05_00:56:47.074[Status]Routing 173: Walk: 122
2019-09-05_00:56:47.176[Battery Energy]61.48
2019-09-05_00:56:47.334[Status]Routing 174: Walk: 122
2019-09-05_00:56:47.444[Battery Energy]61.38
2019-09-05_00:56:47.646[Status]Routing 175: Walk: 122
2019-09-05_00:56:47.752[Battery Energy]61.27
2019-09-05_00:56:47.918[Status]Routing 176: Walk: 122
2019-09-05_00:56:48.028[Battery Energy]61.16
2019-09-05_00:56:48.167[Status]Routing 177: Walk: 122
2019-09-05_00:56:48.280[Battery Energy]61.04
2019-09-05_00:56:48.440[Status]Routing 178: Walk: 122
2019-09-05_00:56:48.541[Battery Energy]60.96
2019-09-05_00:56:48.734[Status]Routing 179: Walk: 122
2019-09-05_00:56:48.848[Battery Energy]60.82
2019-09-05_00:56:49.025[Status]Routing 180: Walk: 122
2019-09-05_00:56:49.132[Battery Energy]60.74
2019-09-05_00:56:49.289[Status]Routing 181: Walk: 122
2019-09-05_00:56:49.389[Battery Energy]60.66
2019-09-05_00:56:49.686[Status]Routing 182: Walk: 122
2019-09-05_00:56:49.786[Battery Energy]60.47
2019-09-05_00:56:49.966[Status]Routing 183: Walk: 122
2019-09-05_00:56:50.072[Battery Energy]60.35
2019-09-05_00:56:50.260[Status]Routing 184: Walk: 122
2019-09-05_00:56:50.384[Battery Energy]60.24
2019-09-05_00:56:50.574[Status]Routing 185: Walk: 122
2019-09-05_00:56:50.674[Battery Energy]60.16
2019-09-05_00:56:50.988[Status]Routing 186: Walk: 122
2019-09-05_00:56:51.100[Battery Energy]60.00
2019-09-05_00:56:51.303[Status]Routing 187: Walk: 122
2019-09-05_00:56:51.426[Battery Energy]59.88
2019-09-05_00:56:51.612[Status]Routing 188: Walk: 122
2019-09-05_00:56:51.716[Battery Energy]59.77
2019-09-05_00:56:51.891[Status]Routing 189: Walk: 122
2019-09-05_00:56:51.991[Battery Energy]59.65
2019-09-05_00:56:52.178[Status]Routing 190: Walk: 122
2019-09-05_00:56:52.284[Battery Energy]59.53
2019-09-05_00:56:52.485[Status]Routing 191: Walk: 122
2019-09-05_00:56:52.600[Battery Energy]59.39
2019-09-05_00:56:52.818[Status]Routing 192: Walk: 122
2019-09-05_00:56:52.918[Battery Energy]59.22
2019-09-05_00:56:53.066[Status]Routing 193: Walk: 122
2019-09-05_00:56:53.167[Battery Energy]59.10
2019-09-05_00:56:53.353[Status]Routing 194: Walk: 122
2019-09-05_00:56:53.453[Battery Energy]59.02
2019-09-05_00:56:53.663[Status]Routing 195: Walk: 122
2019-09-05_00:56:53.782[Battery Energy]58.91
2019-09-05_00:56:53.938[Status]Routing 196: Walk: 122
2019-09-05_00:56:54.044[Battery Energy]58.83
2019-09-05_00:56:54.209[Status]Routing 197: Walk: 122
2019-09-05_00:56:54.310[Battery Energy]58.73
2019-09-05_00:56:54.467[Status]Routing 198: Walk: 122
2019-09-05_00:56:54.568[Battery Energy]58.64
2019-09-05_00:56:54.771[Status]Routing 199: Walk: 122
2019-09-05_00:56:54.872[Battery Energy]58.49
2019-09-05_00:56:55.035[Status]Routing 200: Walk: 122
2019-09-05_00:56:55.148[Battery Energy]58.35
2019-09-05_00:56:55.372[Status]Routing 201: Walk: 122
2019-09-05_00:56:55.481[Battery Energy]58.24
2019-09-05_00:56:55.664[Status]Routing 202: Walk: 122
2019-09-05_00:56:55.784[Battery Energy]58.14
