2019-09-05_00:16:06.989[Status]Start.
2019-09-05_00:16:06.989[Battery Energy]52.00
2019-09-05_00:16:08.090[Battery Energy]51.96
2019-09-05_00:16:09.192[Battery Energy]51.92
2019-09-05_00:16:10.293[Battery Energy]51.88
2019-09-05_00:16:11.394[Battery Energy]51.84
2019-09-05_00:16:12.494[Task]A New Task Released.
2019-09-05_00:16:12.495[Battery Energy]51.80
2019-09-05_00:16:12.495[Status]Selection Start.
2019-09-05_00:16:13.799[Status]Selection End: Do Task 1.
2019-09-05_00:16:13.904[Battery Energy]50.93
2019-09-05_00:16:13.904[Status]Formation Start.
2019-09-05_00:16:14.086[Status]Formation End: To Position 0.
2019-09-05_00:16:14.196[Battery Energy]50.79
2019-09-05_00:16:14.196[Status]Routing Start.
2019-09-05_00:16:14.404[Status]{'id': 13, 'coordinate': [140.3270666343056, 251.60635938298213]}
2019-09-05_00:16:14.404[Status]Routing 1: Walk: 1
2019-09-05_00:16:14.508[Battery Energy]50.57
2019-09-05_00:16:14.508[Status]Routing Start.
2019-09-05_00:16:14.711[Status]{'id': 13, 'coordinate': [149.6541332686112, 255.21271876596427]}
2019-09-05_00:16:14.711[Status]Routing 2: Walk: 2
2019-09-05_00:16:14.826[Battery Energy]50.36
2019-09-05_00:16:14.826[Status]Routing Start.
2019-09-05_00:16:15.039[Status]{'id': 13, 'coordinate': [158.98119990291679, 258.8190781489464]}
2019-09-05_00:16:15.039[Status]Routing 3: Walk: 3
2019-09-05_00:16:15.153[Battery Energy]50.11
2019-09-05_00:16:15.153[Status]Routing Start.
2019-09-05_00:16:15.421[Status]{'id': 13, 'coordinate': [168.30826653722238, 262.42543753192854]}
2019-09-05_00:16:15.421[Status]Routing 4: Walk: 4
2019-09-05_00:16:15.532[Battery Energy]49.84
2019-09-05_00:16:15.532[Status]Routing Start.
2019-09-05_00:16:15.824[Status]{'id': 13, 'coordinate': [177.63533317152798, 266.0317969149107]}
2019-09-05_00:16:15.824[Status]Routing 5: Walk: 5
2019-09-05_00:16:15.924[Battery Energy]49.60
2019-09-05_00:16:15.924[Status]Routing Start.
2019-09-05_00:16:16.428[Status]{'id': 13, 'coordinate': [186.96239980583357, 269.6381562978928]}
2019-09-05_00:16:16.430[Status]Routing 6: Walk: 6
2019-09-05_00:16:16.530[Battery Energy]49.18
2019-09-05_00:16:16.530[Status]Routing Start.
2019-09-05_00:16:17.001[Status]{'id': 13, 'coordinate': [196.28946644013917, 273.24451568087494]}
2019-09-05_00:16:17.002[Status]Routing 7: Walk: 7
2019-09-05_00:16:17.102[Battery Energy]48.78
2019-09-05_00:16:17.102[Status]Routing Start.
2019-09-05_00:16:17.468[Status]{'id': 13, 'coordinate': [205.61653307444476, 276.8508750638571]}
2019-09-05_00:16:17.471[Status]Routing 8: Walk: 8
2019-09-05_00:16:17.571[Battery Energy]48.41
2019-09-05_00:16:17.571[Status]Routing Start.
2019-09-05_00:16:17.930[Status]{'id': 13, 'coordinate': [214.94359970875036, 280.4572344468392]}
2019-09-05_00:16:17.930[Status]Routing 9: Walk: 9
2019-09-05_00:16:18.036[Battery Energy]48.10
2019-09-05_00:16:18.036[Status]Routing Start.
2019-09-05_00:16:18.367[Status]{'id': 13, 'coordinate': [224.27066634305595, 284.06359382982134]}
2019-09-05_00:16:18.372[Status]Routing 10: Walk: 10
2019-09-05_00:16:18.473[Battery Energy]47.81
2019-09-05_00:16:18.474[Status]Routing Start.
2019-09-05_00:16:18.773[Status]{'id': 13, 'coordinate': [233.59773297736155, 287.6699532128035]}
2019-09-05_00:16:18.774[Status]Routing 11: Walk: 11
2019-09-05_00:16:18.880[Battery Energy]47.50
2019-09-05_00:16:18.880[Status]Routing Start.
2019-09-05_00:16:19.193[Status]{'id': 13, 'coordinate': [242.92479961166714, 291.2763125957856]}
2019-09-05_00:16:19.193[Status]Routing 12: Walk: 12
2019-09-05_00:16:19.293[Battery Energy]47.21
2019-09-05_00:16:19.293[Status]Routing Start.
2019-09-05_00:16:19.674[Status]{'id': 13, 'coordinate': [252.25186624597274, 294.88267197876775]}
2019-09-05_00:16:19.674[Status]Routing 13: Walk: 13
2019-09-05_00:16:19.784[Battery Energy]46.92
2019-09-05_00:16:19.784[Status]Routing Start.
2019-09-05_00:16:20.075[Status]{'id': 13, 'coordinate': [261.57893288027833, 298.4890313617499]}
2019-09-05_00:16:20.075[Status]Routing 14: Walk: 14
2019-09-05_00:16:20.184[Battery Energy]46.60
2019-09-05_00:16:20.184[Status]Routing Start.
2019-09-05_00:16:20.373[Status]{'id': 13, 'coordinate': [270.9059995145839, 302.095390744732]}
2019-09-05_00:16:20.375[Status]Routing 15: Walk: 15
2019-09-05_00:16:20.504[Battery Energy]46.39
2019-09-05_00:16:20.504[Status]Routing Start.
2019-09-05_00:16:20.837[Status]{'id': 13, 'coordinate': [280.2330661488895, 305.70175012771415]}
2019-09-05_00:16:20.838[Status]Routing 16: Walk: 16
2019-09-05_00:16:20.948[Battery Energy]46.09
2019-09-05_00:16:20.948[Status]Routing Start.
2019-09-05_00:16:21.224[Status]{'id': 13, 'coordinate': [289.5601327831951, 309.3081095106963]}
2019-09-05_00:16:21.224[Status]Routing 17: Walk: 17
2019-09-05_00:16:21.332[Battery Energy]45.82
2019-09-05_00:16:21.332[Status]Routing Start.
2019-09-05_00:16:21.550[Status]{'id': 13, 'coordinate': [298.8871994175007, 312.9144688936784]}
2019-09-05_00:16:21.550[Status]Routing 18: Walk: 18
2019-09-05_00:16:21.650[Battery Energy]45.62
2019-09-05_00:16:21.650[Status]Routing Start.
2019-09-05_00:16:22.013[Status]{'id': 13, 'coordinate': [308.2142660518063, 316.52082827666055]}
2019-09-05_00:16:22.013[Status]Routing 19: Walk: 19
2019-09-05_00:16:22.115[Battery Energy]45.32
2019-09-05_00:16:22.115[Status]Routing Start.
2019-09-05_00:16:22.436[Status]{'id': 13, 'coordinate': [317.5413326861119, 320.1271876596427]}
2019-09-05_00:16:22.436[Status]Routing 20: Walk: 20
2019-09-05_00:16:22.537[Battery Energy]45.01
2019-09-05_00:16:22.537[Status]Routing Start.
2019-09-05_00:16:22.869[Status]{'id': 13, 'coordinate': [326.8683993204175, 323.7335470426248]}
2019-09-05_00:16:22.869[Status]Routing 21: Walk: 21
2019-09-05_00:16:22.969[Battery Energy]44.69
2019-09-05_00:16:22.969[Status]Routing Start.
2019-09-05_00:16:23.385[Status]{'id': 13, 'coordinate': [336.1954659547231, 327.33990642560696]}
2019-09-05_00:16:23.385[Status]Routing 22: Walk: 22
2019-09-05_00:16:23.492[Battery Energy]44.33
2019-09-05_00:16:23.492[Status]Routing Start.
2019-09-05_00:16:23.956[Status]{'id': 13, 'coordinate': [345.5225325890287, 330.9462658085891]}
2019-09-05_00:16:23.956[Status]Routing 23: Walk: 23
2019-09-05_00:16:24.068[Battery Energy]44.00
2019-09-05_00:16:24.068[Status]Routing Start.
2019-09-05_00:16:24.504[Status]{'id': 13, 'coordinate': [354.8495992233343, 334.5526251915712]}
2019-09-05_00:16:24.504[Status]Routing 24: Walk: 24
2019-09-05_00:16:24.625[Battery Energy]43.66
2019-09-05_00:16:24.625[Status]Routing Start.
2019-09-05_00:16:24.943[Status]{'id': 13, 'coordinate': [364.1766658576399, 338.15898457455336]}
2019-09-05_00:16:24.943[Status]Routing 25: Walk: 25
2019-09-05_00:16:25.043[Battery Energy]43.42
2019-09-05_00:16:25.043[Status]Routing Start.
2019-09-05_00:16:25.334[Status]{'id': 13, 'coordinate': [373.50373249194547, 341.7653439575355]}
2019-09-05_00:16:25.334[Status]Routing 26: Walk: 26
2019-09-05_00:16:25.436[Battery Energy]43.14
2019-09-05_00:16:25.436[Status]Routing Start.
2019-09-05_00:16:25.779[Status]{'id': 13, 'coordinate': [382.83079912625107, 345.3717033405176]}
2019-09-05_00:16:25.779[Status]Routing 27: Walk: 27
2019-09-05_00:16:25.913[Battery Energy]42.76
2019-09-05_00:16:25.913[Status]Routing Start.
2019-09-05_00:16:26.251[Status]{'id': 13, 'coordinate': [392.15786576055666, 348.97806272349976]}
2019-09-05_00:16:26.251[Status]Routing 28: Walk: 28
2019-09-05_00:16:26.356[Battery Energy]42.44
2019-09-05_00:16:26.356[Status]Routing Start.
2019-09-05_00:16:26.700[Status]{'id': 13, 'coordinate': [401.48493239486226, 352.5844221064819]}
2019-09-05_00:16:26.700[Status]Routing 29: Walk: 29
2019-09-05_00:16:26.800[Battery Energy]42.12
2019-09-05_00:16:26.800[Status]Routing Start.
2019-09-05_00:16:27.132[Status]{'id': 13, 'coordinate': [410.81199902916785, 356.19078148946403]}
2019-09-05_00:16:27.132[Status]Routing 30: Walk: 30
2019-09-05_00:16:27.232[Battery Energy]41.78
2019-09-05_00:16:27.232[Status]Routing Start.
2019-09-05_00:16:27.610[Status]{'id': 13, 'coordinate': [420.13906566347345, 359.79714087244616]}
2019-09-05_00:16:27.610[Status]Routing 31: Walk: 31
2019-09-05_00:16:27.714[Battery Energy]41.41
2019-09-05_00:16:27.714[Status]Routing Start.
2019-09-05_00:16:28.044[Status]{'id': 13, 'coordinate': [429.46613229777904, 363.4035002554283]}
2019-09-05_00:16:28.044[Status]Routing 32: Walk: 32
2019-09-05_00:16:28.160[Battery Energy]41.09
2019-09-05_00:16:28.160[Status]Routing Start.
2019-09-05_00:16:28.421[Status]{'id': 13, 'coordinate': [438.79319893208464, 367.00985963841043]}
2019-09-05_00:16:28.421[Status]Routing 33: Walk: 33
2019-09-05_00:16:28.524[Battery Energy]40.83
2019-09-05_00:16:28.524[Status]Routing Start.
2019-09-05_00:16:28.772[Status]{'id': 13, 'coordinate': [448.12026556639023, 370.61621902139257]}
2019-09-05_00:16:28.772[Status]Routing 34: Walk: 34
2019-09-05_00:16:28.873[Battery Energy]40.56
2019-09-05_00:16:28.873[Status]Routing Start.
2019-09-05_00:16:29.225[Status]{'id': 13, 'coordinate': [457.4473322006958, 374.2225784043747]}
2019-09-05_00:16:29.225[Status]Routing 35: Walk: 35
2019-09-05_00:16:29.328[Battery Energy]40.23
2019-09-05_00:16:29.328[Status]Routing Start.
2019-09-05_00:16:29.933[Status]Routing 36: Walk: 35
2019-09-05_00:16:30.034[Battery Energy]39.74
2019-09-05_00:16:30.034[Status]Routing Start.
2019-09-05_00:16:30.223[Status]{'id': 13, 'coordinate': [466.7743988350014, 377.82893778735684]}
2019-09-05_00:16:30.223[Status]Routing 37: Walk: 36
2019-09-05_00:16:30.327[Battery Energy]39.56
2019-09-05_00:16:30.327[Status]Routing Start.
2019-09-05_00:16:30.839[Status]Routing 38: Walk: 36
2019-09-05_00:16:30.939[Battery Energy]39.17
2019-09-05_00:16:30.939[Status]Routing Start.
2019-09-05_00:16:31.105[Status]{'id': 13, 'coordinate': [476.101465469307, 381.43529717033897]}
2019-09-05_00:16:31.105[Status]Routing 39: Walk: 37
2019-09-05_00:16:31.216[Battery Energy]38.98
2019-09-05_00:16:31.216[Status]Routing Start.
2019-09-05_00:16:31.723[Status]{'id': 13, 'coordinate': [485.4285321036126, 385.0416565533211]}
2019-09-05_00:16:31.723[Status]Routing 40: Walk: 38
2019-09-05_00:16:31.823[Battery Energy]38.52
2019-09-05_00:16:31.823[Status]Routing Start.
2019-09-05_00:16:32.111[Status]{'id': 13, 'coordinate': [494.7555987379182, 388.64801593630324]}
2019-09-05_00:16:32.111[Status]Routing 41: Walk: 39
2019-09-05_00:16:32.211[Battery Energy]38.20
2019-09-05_00:16:32.211[Status]Routing Start.
2019-09-05_00:16:32.633[Status]Routing 42: Walk: 39
2019-09-05_00:16:32.733[Battery Energy]37.83
2019-09-05_00:16:32.733[Status]Routing Start.
2019-09-05_00:16:32.917[Status]{'id': 13, 'coordinate': [504.0826653722238, 392.2543753192854]}
2019-09-05_00:16:32.917[Status]Routing 43: Walk: 40
2019-09-05_00:16:33.020[Battery Energy]37.61
2019-09-05_00:16:33.020[Status]Routing Start.
2019-09-05_00:16:33.575[Status]{'id': 13, 'coordinate': [513.4097320065293, 395.8607347022675]}
2019-09-05_00:16:33.575[Status]Routing 44: Walk: 41
2019-09-05_00:16:33.675[Battery Energy]37.15
2019-09-05_00:16:33.675[Status]Routing Start.
2019-09-05_00:16:33.973[Status]Routing 45: Walk: 41
2019-09-05_00:16:34.074[Battery Energy]36.85
2019-09-05_00:16:34.074[Status]Routing Start.
2019-09-05_00:16:34.300[Status]{'id': 13, 'coordinate': [522.7367986408349, 399.46709408524964]}
2019-09-05_00:16:34.300[Status]Routing 46: Walk: 42
2019-09-05_00:16:34.401[Battery Energy]36.62
2019-09-05_00:16:34.401[Status]Routing Start.
2019-09-05_00:16:35.023[Status]Routing 47: Walk: 42
2019-09-05_00:16:35.124[Battery Energy]36.20
2019-09-05_00:16:35.124[Status]Routing Start.
2019-09-05_00:16:35.309[Status]{'id': 13, 'coordinate': [532.0638652751404, 403.0734534682318]}
2019-09-05_00:16:35.310[Status]Routing 48: Walk: 43
2019-09-05_00:16:35.410[Battery Energy]35.99
2019-09-05_00:16:35.410[Status]Routing Start.
2019-09-05_00:16:35.889[Status]{'id': 13, 'coordinate': [541.390931909446, 406.6798128512139]}
2019-09-05_00:16:35.889[Status]Routing 49: Walk: 44
2019-09-05_00:16:35.989[Battery Energy]35.52
2019-09-05_00:16:35.989[Status]Routing Start.
2019-09-05_00:16:36.163[Status]{'id': 13, 'coordinate': [550.7179985437515, 410.28617223419604]}
2019-09-05_00:16:36.164[Status]Routing 50: Walk: 45
2019-09-05_00:16:36.264[Battery Energy]35.29
2019-09-05_00:16:36.264[Status]Routing Start.
2019-09-05_00:16:36.594[Status]{'id': 13, 'coordinate': [560.045065178057, 413.8925316171782]}
2019-09-05_00:16:36.594[Status]Routing 51: Walk: 46
2019-09-05_00:16:36.694[Battery Energy]34.98
2019-09-05_00:16:36.694[Status]Routing Start.
2019-09-05_00:16:37.022[Status]{'id': 13, 'coordinate': [569.3721318123626, 417.4988910001603]}
2019-09-05_00:16:37.023[Status]Routing 52: Walk: 47
2019-09-05_00:16:37.124[Battery Energy]34.66
2019-09-05_00:16:37.124[Status]Routing Start.
2019-09-05_00:16:37.499[Status]{'id': 13, 'coordinate': [578.6991984466681, 421.10525038314245]}
2019-09-05_00:16:37.499[Status]Routing 53: Walk: 48
2019-09-05_00:16:37.599[Battery Energy]34.34
2019-09-05_00:16:37.599[Status]Routing Start.
2019-09-05_00:16:37.964[Status]{'id': 13, 'coordinate': [588.0262650809736, 424.7116097661246]}
2019-09-05_00:16:37.965[Status]Routing 54: Walk: 49
2019-09-05_00:16:38.065[Battery Energy]34.03
2019-09-05_00:16:38.065[Status]Routing Start.
2019-09-05_00:16:38.429[Status]{'id': 13, 'coordinate': [597.3533317152792, 428.3179691491067]}
2019-09-05_00:16:38.429[Status]Routing 55: Walk: 50
2019-09-05_00:16:38.544[Battery Energy]33.77
2019-09-05_00:16:38.544[Status]Routing Start.
2019-09-05_00:16:38.936[Status]{'id': 13, 'coordinate': [606.6803983495847, 431.92432853208885]}
2019-09-05_00:16:38.936[Status]Routing 56: Walk: 51
2019-09-05_00:16:39.044[Battery Energy]33.41
2019-09-05_00:16:39.044[Status]Routing Start.
2019-09-05_00:16:39.372[Status]{'id': 13, 'coordinate': [616.0074649838903, 435.530687915071]}
2019-09-05_00:16:39.372[Status]Routing 57: Walk: 52
2019-09-05_00:16:39.473[Battery Energy]33.11
2019-09-05_00:16:39.473[Status]Routing Start.
2019-09-05_00:16:39.784[Status]Routing 58: Walk: 52
2019-09-05_00:16:39.884[Battery Energy]32.81
2019-09-05_00:16:39.884[Status]Routing Start.
2019-09-05_00:16:40.057[Status]{'id': 13, 'coordinate': [625.3345316181958, 439.1370472980531]}
2019-09-05_00:16:40.057[Status]Routing 59: Walk: 53
2019-09-05_00:16:40.172[Battery Energy]32.57
2019-09-05_00:16:40.172[Status]Routing Start.
2019-09-05_00:16:40.484[Status]Routing 60: Walk: 53
2019-09-05_00:16:40.584[Battery Energy]32.25
2019-09-05_00:16:40.584[Status]Routing Start.
2019-09-05_00:16:40.956[Status]Routing 61: Walk: 53
2019-09-05_00:16:41.056[Battery Energy]31.92
2019-09-05_00:16:41.056[Status]Routing Start.
2019-09-05_00:16:41.405[Status]Routing 62: Walk: 53
2019-09-05_00:16:41.505[Battery Energy]31.60
2019-09-05_00:16:41.505[Status]Routing Start.
2019-09-05_00:16:41.878[Status]Routing 63: Walk: 53
2019-09-05_00:16:41.978[Battery Energy]31.31
2019-09-05_00:16:41.979[Status]Routing Start.
2019-09-05_00:16:42.423[Status]{'id': 13, 'coordinate': [634.6615982525013, 442.74340668103525]}
2019-09-05_00:16:42.423[Status]Routing 64: Walk: 54
2019-09-05_00:16:42.524[Battery Energy]30.83
2019-09-05_00:16:42.524[Status]Routing Start.
2019-09-05_00:16:42.855[Status]Routing 65: Walk: 54
2019-09-05_00:16:42.955[Battery Energy]30.53
2019-09-05_00:16:42.955[Status]Routing Start.
2019-09-05_00:16:43.372[Status]Routing 66: Walk: 54
2019-09-05_00:16:43.472[Battery Energy]30.23
2019-09-05_00:16:43.472[Status]Routing Start.
2019-09-05_00:16:43.831[Status]{'id': 13, 'coordinate': [643.9886648868069, 446.3497660640174]}
2019-09-05_00:16:43.831[Status]Routing 67: Walk: 55
2019-09-05_00:16:43.931[Battery Energy]29.89
2019-09-05_00:16:43.931[Status]Routing Start.
2019-09-05_00:16:44.234[Status]{'id': 13, 'coordinate': [638.7472152499221, 454.86605667108336]}
2019-09-05_00:16:44.234[Status]Routing 68: Walk: 56
2019-09-05_00:16:44.336[Battery Energy]29.50
2019-09-05_00:16:44.336[Status]Routing Start.
2019-09-05_00:16:44.675[Status]{'id': 13, 'coordinate': [648.1236609932135, 458.34201196756106]}
2019-09-05_00:16:44.675[Status]Routing 69: Walk: 57
2019-09-05_00:16:44.775[Battery Energy]29.13
2019-09-05_00:16:44.775[Status]Routing Start.
2019-09-05_00:16:45.098[Status]{'id': 13, 'coordinate': [657.500106736505, 461.81796726403877]}
2019-09-05_00:16:45.098[Status]Routing 70: Walk: 58
2019-09-05_00:16:45.199[Battery Energy]28.74
2019-09-05_00:16:45.199[Status]Routing Start.
2019-09-05_00:16:45.376[Status]{'id': 13, 'coordinate': [666.8765524797965, 465.2939225605165]}
2019-09-05_00:16:45.376[Status]Routing 71: Walk: 59
2019-09-05_00:16:45.483[Battery Energy]28.52
2019-09-05_00:16:45.483[Status]Routing Start.
2019-09-05_00:16:45.679[Status]{'id': 13, 'coordinate': [676.252998223088, 468.7698778569942]}
2019-09-05_00:16:45.679[Status]Routing 72: Walk: 60
2019-09-05_00:16:45.780[Battery Energy]28.32
2019-09-05_00:16:45.780[Status]Routing Start.
2019-09-05_00:16:45.947[Status]{'id': 13, 'coordinate': [685.6294439663794, 472.2458331534719]}
2019-09-05_00:16:45.947[Status]Routing 73: Walk: 61
2019-09-05_00:16:46.050[Battery Energy]28.08
2019-09-05_00:16:46.050[Status]Routing Start.
2019-09-05_00:16:46.312[Status]{'id': 13, 'coordinate': [695.0058897096709, 475.7217884499496]}
2019-09-05_00:16:46.312[Status]Routing 74: Walk: 62
2019-09-05_00:16:46.413[Battery Energy]27.81
2019-09-05_00:16:46.413[Status]Routing Start.
2019-09-05_00:16:46.639[Status]{'id': 13, 'coordinate': [704.3823354529624, 479.1977437464273]}
2019-09-05_00:16:46.640[Status]Routing 75: Walk: 63
2019-09-05_00:16:46.740[Battery Energy]27.52
2019-09-05_00:16:46.740[Status]Routing Start.
2019-09-05_00:16:46.928[Status]{'id': 13, 'coordinate': [713.7587811962538, 482.673699042905]}
2019-09-05_00:16:46.928[Status]Routing 76: Walk: 64
2019-09-05_00:16:47.036[Battery Energy]27.31
2019-09-05_00:16:47.036[Status]Routing Start.
2019-09-05_00:16:47.404[Status]{'id': 13, 'coordinate': [723.1352269395453, 486.1496543393827]}
2019-09-05_00:16:47.404[Status]Routing 77: Walk: 65
2019-09-05_00:16:47.516[Battery Energy]27.02
2019-09-05_00:16:47.516[Status]Routing Start.
2019-09-05_00:16:47.700[Status]{'id': 13, 'coordinate': [732.5116726828368, 489.6256096358604]}
2019-09-05_00:16:47.700[Status]Routing 78: Walk: 66
2019-09-05_00:16:47.800[Battery Energy]26.85
2019-09-05_00:16:47.800[Status]Routing Start.
2019-09-05_00:16:48.143[Status]{'id': 13, 'coordinate': [741.8881184261282, 493.10156493233814]}
2019-09-05_00:16:48.143[Status]Routing 79: Walk: 67
2019-09-05_00:16:48.247[Battery Energy]26.58
2019-09-05_00:16:48.247[Status]Routing Start.
2019-09-05_00:16:48.394[Status]{'id': 13, 'coordinate': [751.2645641694197, 496.57752022881584]}
2019-09-05_00:16:48.394[Status]Routing 80: Walk: 68
2019-09-05_00:16:48.494[Battery Energy]26.36
2019-09-05_00:16:48.494[Status]Routing Start.
2019-09-05_00:16:48.779[Status]{'id': 13, 'coordinate': [760.6410099127112, 500.05347552529355]}
2019-09-05_00:16:48.779[Status]Routing 81: Walk: 69
2019-09-05_00:16:48.879[Battery Energy]26.07
2019-09-05_00:16:48.879[Status]Routing Start.
2019-09-05_00:16:49.129[Status]{'id': 13, 'coordinate': [770.0174556560027, 503.52943082177126]}
2019-09-05_00:16:49.129[Status]Routing 82: Walk: 70
2019-09-05_00:16:49.229[Battery Energy]25.83
2019-09-05_00:16:49.229[Status]Routing Start.
2019-09-05_00:16:49.538[Status]{'id': 13, 'coordinate': [779.3939013992941, 507.00538611824896]}
2019-09-05_00:16:49.538[Status]Routing 83: Walk: 71
2019-09-05_00:16:49.640[Battery Energy]25.54
2019-09-05_00:16:49.640[Status]Routing Start.
2019-09-05_00:16:49.974[Status]{'id': 13, 'coordinate': [788.7703471425856, 510.48134141472667]}
2019-09-05_00:16:49.974[Status]Routing 84: Walk: 72
2019-09-05_00:16:50.074[Battery Energy]25.26
2019-09-05_00:16:50.074[Status]Routing Start.
2019-09-05_00:16:50.249[Status]{'id': 13, 'coordinate': [798.1467928858771, 513.9572967112044]}
2019-09-05_00:16:50.249[Status]Routing 85: Walk: 73
2019-09-05_00:16:50.451[Battery Energy]25.02
2019-09-05_00:16:50.451[Status]Routing Start.
2019-09-05_00:16:50.603[Status]{'id': 13, 'coordinate': [807.5232386291685, 517.4332520076822]}
2019-09-05_00:16:50.603[Status]Routing 86: Walk: 74
2019-09-05_00:16:50.703[Battery Energy]24.82
2019-09-05_00:16:50.703[Status]Routing Start.
2019-09-05_00:16:50.995[Status]{'id': 13, 'coordinate': [816.89968437246, 520.90920730416]}
2019-09-05_00:16:50.996[Status]Routing 87: Walk: 75
2019-09-05_00:16:51.112[Battery Energy]24.51
2019-09-05_00:16:51.112[Status]Routing Start.
2019-09-05_00:16:51.324[Status]{'id': 13, 'coordinate': [826.2761301157515, 524.3851626006377]}
2019-09-05_00:16:51.326[Status]Routing 88: Walk: 76
2019-09-05_00:16:51.448[Battery Energy]24.27
2019-09-05_00:16:51.448[Status]Routing Start.
2019-09-05_00:16:51.646[Status]{'id': 13, 'coordinate': [835.6525758590429, 527.8611178971155]}
2019-09-05_00:16:51.646[Status]Routing 89: Walk: 77
2019-09-05_00:16:51.747[Battery Energy]24.07
2019-09-05_00:16:51.747[Status]Routing Start.
2019-09-05_00:16:52.013[Status]{'id': 13, 'coordinate': [845.0290216023344, 531.3370731935933]}
2019-09-05_00:16:52.016[Status]Routing 90: Walk: 78
2019-09-05_00:16:52.150[Battery Energy]23.84
2019-09-05_00:16:52.150[Status]Routing Start.
2019-09-05_00:16:52.329[Status]{'id': 13, 'coordinate': [854.4054673456259, 534.813028490071]}
2019-09-05_00:16:52.330[Status]Routing 91: Walk: 79
2019-09-05_00:16:52.432[Battery Energy]23.62
2019-09-05_00:16:52.432[Status]Routing Start.
2019-09-05_00:16:52.644[Status]{'id': 13, 'coordinate': [863.7819130889173, 538.2889837865488]}
2019-09-05_00:16:52.645[Status]Routing 92: Walk: 80
2019-09-05_00:16:52.752[Battery Energy]23.40
2019-09-05_00:16:52.752[Status]Routing Start.
2019-09-05_00:16:52.970[Status]{'id': 13, 'coordinate': [873.1583588322088, 541.7649390830265]}
2019-09-05_00:16:52.973[Status]Routing 93: Walk: 81
2019-09-05_00:16:53.084[Battery Energy]23.14
2019-09-05_00:16:53.084[Status]Routing Start.
2019-09-05_00:16:53.307[Status]{'id': 13, 'coordinate': [882.5348045755003, 545.2408943795043]}
2019-09-05_00:16:53.307[Status]Routing 94: Walk: 82
2019-09-05_00:16:53.412[Battery Energy]22.91
2019-09-05_00:16:53.412[Status]Routing Start.
2019-09-05_00:16:53.820[Status]{'id': 13, 'coordinate': [891.9112503187918, 548.716849675982]}
2019-09-05_00:16:53.820[Status]Routing 95: Walk: 83
2019-09-05_00:16:53.932[Battery Energy]22.54
2019-09-05_00:16:53.932[Status]Routing Start.
2019-09-05_00:16:54.133[Status]{'id': 13, 'coordinate': [901.2876960620832, 552.1928049724597]}
2019-09-05_00:16:54.133[Status]Routing 96: Walk: 84
2019-09-05_00:16:54.234[Battery Energy]22.33
2019-09-05_00:16:54.234[Status]Routing Start.
2019-09-05_00:16:54.582[Status]{'id': 13, 'coordinate': [910.6641418053747, 555.6687602689374]}
2019-09-05_00:16:54.583[Status]Routing 97: Walk: 85
2019-09-05_00:16:54.684[Battery Energy]21.99
2019-09-05_00:16:54.684[Status]Routing Start.
2019-09-05_00:16:54.926[Status]{'id': 13, 'coordinate': [920.0405875486662, 559.1447155654151]}
2019-09-05_00:16:54.927[Status]Routing 98: Walk: 86
2019-09-05_00:16:55.027[Battery Energy]21.71
2019-09-05_00:16:55.027[Status]Routing Start.
2019-09-05_00:16:55.215[Status]{'id': 13, 'coordinate': [929.4170332919576, 562.6206708618928]}
2019-09-05_00:16:55.216[Status]Routing 99: Walk: 87
2019-09-05_00:16:55.320[Battery Energy]21.49
2019-09-05_00:16:55.320[Status]Routing Start.
2019-09-05_00:16:55.679[Status]{'id': 13, 'coordinate': [932.3177767015105, 572.190712014988]}
2019-09-05_00:16:55.679[Status]Routing 100: Walk: 88
2019-09-05_00:16:55.779[Battery Energy]21.06
2019-09-05_00:16:55.780[Status]Routing Start.
2019-09-05_00:16:56.161[Status]{'id': 13, 'coordinate': [941.7633836236072, 575.4740806926176]}
2019-09-05_00:16:56.161[Status]Routing 101: Walk: 89
2019-09-05_00:16:56.262[Battery Energy]20.70
2019-09-05_00:16:56.262[Status]Routing Start.
2019-09-05_00:16:56.593[Status]{'id': 13, 'coordinate': [951.2089905457038, 578.7574493702472]}
2019-09-05_00:16:56.596[Status]Routing 102: Walk: 90
2019-09-05_00:16:56.696[Battery Energy]20.36
2019-09-05_00:16:56.697[Status]Routing Start.
2019-09-05_00:16:57.080[Status]{'id': 13, 'coordinate': [960.6545974678005, 582.0408180478768]}
2019-09-05_00:16:57.080[Status]Routing 103: Walk: 91
2019-09-05_00:16:57.180[Battery Energy]19.94
2019-09-05_00:16:57.180[Status]Routing Start.
2019-09-05_00:16:57.407[Status]{'id': 13, 'coordinate': [970.1002043898972, 585.3241867255064]}
2019-09-05_00:16:57.407[Status]Routing 104: Walk: 92
2019-09-05_00:16:57.507[Battery Energy]19.69
2019-09-05_00:16:57.508[Status]Routing Start.
2019-09-05_00:16:57.861[Status]{'id': 13, 'coordinate': [979.5458113119938, 588.607555403136]}
2019-09-05_00:16:57.861[Status]Routing 105: Walk: 93
2019-09-05_00:16:57.968[Battery Energy]19.36
2019-09-05_00:16:57.968[Status]Routing Start.
2019-09-05_00:16:58.282[Status]{'id': 13, 'coordinate': [988.9914182340905, 591.8909240807656]}
2019-09-05_00:16:58.282[Status]Routing 106: Walk: 94
2019-09-05_00:16:58.388[Battery Energy]19.05
2019-09-05_00:16:58.388[Status]Routing Start.
2019-09-05_00:16:58.764[Status]{'id': 13, 'coordinate': [998.4370251561871, 595.1742927583952]}
2019-09-05_00:16:58.764[Status]Routing 107: Walk: 95
2019-09-05_00:16:58.870[Battery Energy]18.67
2019-09-05_00:16:58.870[Status]Routing Start.
2019-09-05_00:16:59.229[Status]{'id': 13, 'coordinate': [1007.8826320782838, 598.4576614360248]}
2019-09-05_00:16:59.230[Status]Routing 108: Walk: 96
2019-09-05_00:16:59.332[Battery Energy]18.32
2019-09-05_00:16:59.332[Status]Routing Start.
2019-09-05_00:16:59.619[Status]{'id': 13, 'coordinate': [1017.3282390003804, 601.7410301136543]}
2019-09-05_00:16:59.619[Status]Routing 109: Walk: 97
2019-09-05_00:16:59.724[Battery Energy]18.06
2019-09-05_00:16:59.724[Status]Routing Start.
2019-09-05_00:17:00.061[Status]{'id': 13, 'coordinate': [1026.7738459224772, 605.0243987912839]}
2019-09-05_00:17:00.061[Status]Routing 110: Walk: 98
2019-09-05_00:17:00.175[Battery Energy]17.73
2019-09-05_00:17:00.175[Status]Routing Start.
2019-09-05_00:17:00.497[Status]{'id': 13, 'coordinate': [1036.2194528445739, 608.3077674689135]}
2019-09-05_00:17:00.497[Status]Routing 111: Walk: 99
2019-09-05_00:17:00.616[Battery Energy]17.41
2019-09-05_00:17:00.616[Status]Routing Start.
2019-09-05_00:17:00.802[Status]{'id': 13, 'coordinate': [1045.6650597666705, 611.5911361465431]}
2019-09-05_00:17:00.802[Status]Routing 112: Walk: 100
2019-09-05_00:17:00.903[Battery Energy]17.21
2019-09-05_00:17:00.903[Status]Routing Start.
2019-09-05_00:17:01.315[Status]{'id': 13, 'coordinate': [1055.1106666887672, 614.8745048241727]}
2019-09-05_00:17:01.315[Status]Routing 113: Walk: 101
2019-09-05_00:17:01.420[Battery Energy]16.78
2019-09-05_00:17:01.420[Status]Routing Start.
2019-09-05_00:17:01.805[Status]{'id': 13, 'coordinate': [1064.5562736108639, 618.1578735018023]}
2019-09-05_00:17:01.805[Status]Routing 114: Walk: 102
2019-09-05_00:17:01.905[Battery Energy]16.40
2019-09-05_00:17:01.906[Status]Routing Start.
2019-09-05_00:17:02.307[Status]{'id': 13, 'coordinate': [1074.0018805329605, 621.4412421794319]}
2019-09-05_00:17:02.307[Status]Routing 115: Walk: 103
2019-09-05_00:17:02.407[Battery Energy]16.06
2019-09-05_00:17:02.407[Status]Routing Start.
2019-09-05_00:17:02.811[Status]{'id': 13, 'coordinate': [1083.4474874550572, 624.7246108570615]}
2019-09-05_00:17:02.811[Status]Routing 116: Walk: 104
2019-09-05_00:17:02.911[Battery Energy]15.70
2019-09-05_00:17:02.911[Status]Routing Start.
2019-09-05_00:17:03.259[Status]{'id': 13, 'coordinate': [1092.8930943771538, 628.0079795346911]}
2019-09-05_00:17:03.259[Status]Routing 117: Walk: 105
2019-09-05_00:17:03.359[Battery Energy]15.40
2019-09-05_00:17:03.360[Status]Routing Start.
2019-09-05_00:17:03.744[Status]{'id': 13, 'coordinate': [1102.3387012992505, 631.2913482123207]}
2019-09-05_00:17:03.744[Status]Routing 118: Walk: 106
2019-09-05_00:17:03.848[Battery Energy]15.02
2019-09-05_00:17:03.848[Status]Routing Start.
2019-09-05_00:17:04.266[Status]{'id': 13, 'coordinate': [1105.186584960099, 640.8772523769925]}
2019-09-05_00:17:04.266[Status]Routing 119: Walk: 107
2019-09-05_00:17:04.368[Battery Energy]14.63
2019-09-05_00:17:04.368[Status]Routing Start.
2019-09-05_00:17:04.727[Status]{'id': 13, 'coordinate': [1114.755623329254, 643.7813020820836]}
2019-09-05_00:17:04.727[Status]Routing 120: Walk: 108
2019-09-05_00:17:04.828[Battery Energy]14.25
2019-09-05_00:17:04.828[Status]Routing Start.
2019-09-05_00:17:05.309[Status]{'id': 13, 'coordinate': [1124.3246616984088, 646.6853517871748]}
2019-09-05_00:17:05.309[Status]Routing 121: Walk: 109
2019-09-05_00:17:05.411[Battery Energy]13.79
2019-09-05_00:17:05.412[Status]Routing Start.
2019-09-05_00:17:05.856[Status]{'id': 13, 'coordinate': [1133.8937000675637, 649.5894014922659]}
2019-09-05_00:17:05.857[Status]Routing 122: Walk: 110
2019-09-05_00:17:05.957[Battery Energy]13.38
2019-09-05_00:17:05.957[Status]Routing Start.
2019-09-05_00:17:06.353[Status]{'id': 13, 'coordinate': [1143.4627384367186, 652.493451197357]}
2019-09-05_00:17:06.353[Status]Routing 123: Walk: 111
2019-09-05_00:17:06.454[Battery Energy]13.00
2019-09-05_00:17:06.454[Status]Routing Start.
2019-09-05_00:17:06.607[Status]{'id': 13, 'coordinate': [1153.0317768058735, 655.3975009024481]}
2019-09-05_00:17:06.607[Status]Routing 124: Walk: 112
2019-09-05_00:17:06.724[Battery Energy]12.80
2019-09-05_00:17:06.724[Status]Routing Start.
2019-09-05_00:17:06.911[Status]{'id': 13, 'coordinate': [1162.6008151750284, 658.3015506075393]}
2019-09-05_00:17:06.911[Status]Routing 125: Walk: 113
2019-09-05_00:17:07.011[Battery Energy]12.59
2019-09-05_00:17:07.011[Status]Routing Start.
2019-09-05_00:17:07.359[Status]{'id': 13, 'coordinate': [1172.1698535441833, 661.2056003126304]}
2019-09-05_00:17:07.359[Status]Routing 126: Walk: 114
2019-09-05_00:17:07.460[Battery Energy]12.30
2019-09-05_00:17:07.460[Status]Routing Start.
2019-09-05_00:17:07.738[Status]{'id': 13, 'coordinate': [1181.7388919133382, 664.1096500177215]}
2019-09-05_00:17:07.738[Status]Routing 127: Walk: 115
2019-09-05_00:17:07.844[Battery Energy]12.04
2019-09-05_00:17:07.844[Status]Routing Start.
2019-09-05_00:17:08.254[Status]{'id': 13, 'coordinate': [1191.307930282493, 667.0136997228127]}
2019-09-05_00:17:08.254[Status]Routing 128: Walk: 116
2019-09-05_00:17:08.354[Battery Energy]11.69
2019-09-05_00:17:08.354[Status]Routing Start.
2019-09-05_00:17:08.684[Status]{'id': 13, 'coordinate': [1200.876968651648, 669.9177494279038]}
2019-09-05_00:17:08.684[Status]Routing 129: Walk: 117
2019-09-05_00:17:08.784[Battery Energy]11.41
2019-09-05_00:17:08.784[Status]Routing Start.
2019-09-05_00:17:09.074[Status]{'id': 13, 'coordinate': [1210.4460070208029, 672.8217991329949]}
2019-09-05_00:17:09.074[Status]Routing 130: Walk: 118
2019-09-05_00:17:09.251[Battery Energy]11.10
2019-09-05_00:17:09.251[Status]Routing Start.
2019-09-05_00:17:09.407[Status]{'id': 13, 'coordinate': [1220.0150453899578, 675.725848838086]}
2019-09-05_00:17:09.407[Status]Routing 131: Walk: 119
2019-09-05_00:17:09.512[Battery Energy]10.88
2019-09-05_00:17:09.512[Status]Routing Start.
2019-09-05_00:17:09.661[Status]{'id': 13, 'coordinate': [1229.5840837591127, 678.6298985431772]}
2019-09-05_00:17:09.661[Status]Routing 132: Walk: 120
2019-09-05_00:17:09.791[Battery Energy]10.68
2019-09-05_00:17:09.792[Status]Routing Start.
2019-09-05_00:17:09.986[Status]{'id': 13, 'coordinate': [1239.1531221282676, 681.5339482482683]}
2019-09-05_00:17:09.986[Status]Routing 133: Walk: 121
2019-09-05_00:17:10.100[Battery Energy]10.42
2019-09-05_00:17:10.100[Status]Routing Start.
2019-09-05_00:17:10.363[Status]{'id': 13, 'coordinate': [1248.7221604974225, 684.4379979533594]}
2019-09-05_00:17:10.363[Status]Routing 134: Walk: 122
2019-09-05_00:17:10.472[Battery Energy]10.17
2019-09-05_00:17:10.472[Status]Routing Start.
2019-09-05_00:17:10.685[Status]{'id': 13, 'coordinate': [1258.2911988665774, 687.3420476584506]}
2019-09-05_00:17:10.685[Status]Routing 135: Walk: 123
2019-09-05_00:17:10.790[Battery Energy]9.90
2019-09-05_00:17:10.790[Status]Routing Start.
2019-09-05_00:17:10.947[Status]{'id': 13, 'coordinate': [1267.8602372357323, 690.2460973635417]}
2019-09-05_00:17:10.947[Status]Routing 136: Walk: 124
2019-09-05_00:17:11.047[Battery Energy]9.69
2019-09-05_00:17:11.047[Status]Routing Start.
2019-09-05_00:17:11.221[Status]{'id': 13, 'coordinate': [1277.4292756048872, 693.1501470686328]}
2019-09-05_00:17:11.221[Status]Routing 137: Walk: 125
2019-09-05_00:17:11.360[Battery Energy]9.45
2019-09-05_00:17:11.360[Status]Routing Start.
2019-09-05_00:17:11.602[Status]{'id': 13, 'coordinate': [1286.998313974042, 696.054196773724]}
2019-09-05_00:17:11.602[Status]Routing 138: Walk: 126
2019-09-05_00:17:11.720[Battery Energy]9.22
2019-09-05_00:17:11.720[Status]Routing Start.
2019-09-05_00:17:11.936[Status]{'id': 13, 'coordinate': [1296.567352343197, 698.9582464788151]}
2019-09-05_00:17:11.936[Status]Routing 139: Walk: 127
2019-09-05_00:17:12.085[Battery Energy]8.94
2019-09-05_00:17:12.085[Status]Routing Start.
2019-09-05_00:17:12.085[Status]Task Finished.
2019-09-05_00:17:12.185[Battery Energy]8.94
2019-09-05_00:17:12.463[Status]Routing 141: Walk: 127
2019-09-05_00:17:12.580[Battery Energy]8.82
2019-09-05_00:17:12.821[Status]Routing 142: Walk: 127
2019-09-05_00:17:12.952[Battery Energy]8.67
2019-09-05_00:17:13.180[Status]Routing 143: Walk: 127
2019-09-05_00:17:13.344[Battery Energy]8.52
2019-09-05_00:17:13.567[Status]Routing 144: Walk: 127
2019-09-05_00:17:13.675[Battery Energy]8.42
2019-09-05_00:17:13.878[Status]Routing 145: Walk: 127
2019-09-05_00:17:13.978[Battery Energy]8.29
2019-09-05_00:17:14.244[Status]Routing 146: Walk: 127
2019-09-05_00:17:14.348[Battery Energy]8.11
2019-09-05_00:17:14.555[Status]Routing 147: Walk: 127
2019-09-05_00:17:14.655[Battery Energy]7.97
2019-09-05_00:17:14.882[Status]Routing 148: Walk: 127
2019-09-05_00:17:14.988[Battery Energy]7.83
2019-09-05_00:17:15.210[Status]Routing 149: Walk: 127
2019-09-05_00:17:15.311[Battery Energy]7.67
2019-09-05_00:17:15.493[Status]Routing 150: Walk: 127
2019-09-05_00:17:15.604[Battery Energy]7.56
2019-09-05_00:17:15.795[Status]Routing 151: Walk: 127
2019-09-05_00:17:15.895[Battery Energy]7.43
2019-09-05_00:17:16.128[Status]Routing 152: Walk: 127
2019-09-05_00:17:16.232[Battery Energy]7.30
2019-09-05_00:17:16.490[Status]Routing 153: Walk: 127
2019-09-05_00:17:16.600[Battery Energy]7.17
2019-09-05_00:17:16.792[Status]Routing 154: Walk: 127
2019-09-05_00:17:16.906[Battery Energy]7.02
2019-09-05_00:17:17.123[Status]Routing 155: Walk: 127
2019-09-05_00:17:17.236[Battery Energy]6.89
2019-09-05_00:17:17.376[Status]Routing 156: Walk: 127
2019-09-05_00:17:17.482[Battery Energy]6.77
2019-09-05_00:17:17.766[Status]Routing 157: Walk: 127
2019-09-05_00:17:17.866[Battery Energy]6.61
2019-09-05_00:17:18.061[Status]Routing 158: Walk: 127
2019-09-05_00:17:18.172[Battery Energy]6.49
2019-09-05_00:17:18.518[Status]Routing 159: Walk: 127
2019-09-05_00:17:18.624[Battery Energy]6.23
2019-09-05_00:17:18.845[Status]Routing 160: Walk: 127
2019-09-05_00:17:18.945[Battery Energy]6.10
2019-09-05_00:17:19.142[Status]Routing 161: Walk: 127
2019-09-05_00:17:19.243[Battery Energy]5.99
