2019-09-05_00:16:06.546[Status]Start.
2019-09-05_00:16:06.546[Battery Energy]52.00
2019-09-05_00:16:07.648[Battery Energy]51.96
2019-09-05_00:16:08.748[Battery Energy]51.92
2019-09-05_00:16:09.850[Battery Energy]51.88
2019-09-05_00:16:10.951[Battery Energy]51.84
2019-09-05_00:16:12.051[Task]A New Task Released.
2019-09-05_00:16:12.052[Battery Energy]51.80
2019-09-05_00:16:12.052[Status]Selection Start.
2019-09-05_00:16:13.801[Status]Selection End: Do Task 1.
2019-09-05_00:16:13.914[Battery Energy]50.71
2019-09-05_00:16:13.914[Status]Formation Start.
2019-09-05_00:16:14.085[Status]Formation End: To Position 1.
2019-09-05_00:16:14.192[Battery Energy]50.56
2019-09-05_00:16:14.192[Status]Routing Start.
2019-09-05_00:16:14.399[Status]{'id': 11, 'coordinate': [68.50079255485977, 386.1200866701938]}
2019-09-05_00:16:14.400[Status]Routing 1: Walk: 1
2019-09-05_00:16:14.501[Battery Energy]50.35
2019-09-05_00:16:14.501[Status]Routing Start.
2019-09-05_00:16:14.710[Status]{'id': 11, 'coordinate': [78.00158510971954, 389.2401733403876]}
2019-09-05_00:16:14.710[Status]Routing 2: Walk: 2
2019-09-05_00:16:14.810[Battery Energy]50.09
2019-09-05_00:16:14.810[Status]Routing Start.
2019-09-05_00:16:15.040[Status]{'id': 11, 'coordinate': [87.50237766457931, 392.36026001058144]}
2019-09-05_00:16:15.040[Status]Routing 3: Walk: 3
2019-09-05_00:16:15.144[Battery Energy]49.89
2019-09-05_00:16:15.144[Status]Routing Start.
2019-09-05_00:16:15.417[Status]{'id': 11, 'coordinate': [97.00317021943908, 395.48034668077526]}
2019-09-05_00:16:15.419[Status]Routing 4: Walk: 4
2019-09-05_00:16:15.556[Battery Energy]49.60
2019-09-05_00:16:15.556[Status]Routing Start.
2019-09-05_00:16:15.827[Status]{'id': 11, 'coordinate': [106.50396277429886, 398.60043335096907]}
2019-09-05_00:16:15.827[Status]Routing 5: Walk: 5
2019-09-05_00:16:15.927[Battery Energy]49.30
2019-09-05_00:16:15.927[Status]Routing Start.
2019-09-05_00:16:16.429[Status]{'id': 11, 'coordinate': [116.00475532915863, 401.7205200211629]}
2019-09-05_00:16:16.430[Status]Routing 6: Walk: 6
2019-09-05_00:16:16.552[Battery Energy]48.92
2019-09-05_00:16:16.552[Status]Routing Start.
2019-09-05_00:16:17.153[Status]{'id': 11, 'coordinate': [117.79647525121167, 411.55869768376476]}
2019-09-05_00:16:17.153[Status]Routing 7: Walk: 7
2019-09-05_00:16:17.253[Battery Energy]48.35
2019-09-05_00:16:17.253[Status]Routing Start.
2019-09-05_00:16:17.470[Status]{'id': 11, 'coordinate': [127.31982834893255, 414.6092297318066]}
2019-09-05_00:16:17.472[Status]Routing 8: Walk: 8
2019-09-05_00:16:17.584[Battery Energy]48.11
2019-09-05_00:16:17.584[Status]Routing Start.
2019-09-05_00:16:18.101[Status]{'id': 11, 'coordinate': [120.29386816364226, 421.7251192387281]}
2019-09-05_00:16:18.106[Status]Routing 9: Walk: 9
2019-09-05_00:16:18.206[Battery Energy]47.68
2019-09-05_00:16:18.206[Status]Routing Start.
2019-09-05_00:16:18.531[Status]{'id': 11, 'coordinate': [116.02663267801618, 430.76894040625535]}
2019-09-05_00:16:18.532[Status]Routing 10: Walk: 10
2019-09-05_00:16:18.632[Battery Energy]47.31
2019-09-05_00:16:18.632[Status]Routing Start.
2019-09-05_00:16:18.786[Status]{'id': 11, 'coordinate': [125.59677522890225, 433.6693492663508]}
2019-09-05_00:16:18.787[Status]Routing 11: Walk: 11
2019-09-05_00:16:18.892[Battery Energy]47.11
2019-09-05_00:16:18.892[Status]Routing Start.
2019-09-05_00:16:19.326[Status]{'id': 11, 'coordinate': [123.73258972634063, 443.4940534558946]}
2019-09-05_00:16:19.329[Status]Routing 12: Walk: 12
2019-09-05_00:16:19.429[Battery Energy]46.65
2019-09-05_00:16:19.429[Status]Routing Start.
2019-09-05_00:16:19.671[Status]{'id': 11, 'coordinate': [133.3266964277255, 446.31418051020296]}
2019-09-05_00:16:19.671[Status]Routing 13: Walk: 13
2019-09-05_00:16:19.772[Battery Energy]46.40
2019-09-05_00:16:19.772[Status]Routing Start.
2019-09-05_00:16:20.073[Status]{'id': 11, 'coordinate': [142.92080312911037, 449.13430756451135]}
2019-09-05_00:16:20.076[Status]Routing 14: Walk: 14
2019-09-05_00:16:20.176[Battery Energy]46.11
2019-09-05_00:16:20.176[Status]Routing Start.
2019-09-05_00:16:20.373[Status]{'id': 11, 'coordinate': [152.51490983049524, 451.95443461881973]}
2019-09-05_00:16:20.373[Status]Routing 15: Walk: 15
2019-09-05_00:16:20.473[Battery Energy]45.86
2019-09-05_00:16:20.473[Status]Routing Start.
2019-09-05_00:16:20.833[Status]{'id': 11, 'coordinate': [162.10901653188012, 454.7745616731281]}
2019-09-05_00:16:20.833[Status]Routing 16: Walk: 16
2019-09-05_00:16:20.933[Battery Energy]45.52
2019-09-05_00:16:20.933[Status]Routing Start.
2019-09-05_00:16:21.222[Status]{'id': 11, 'coordinate': [171.703123233265, 457.5946887274365]}
2019-09-05_00:16:21.222[Status]Routing 17: Walk: 17
2019-09-05_00:16:21.328[Battery Energy]45.26
2019-09-05_00:16:21.328[Status]Routing Start.
2019-09-05_00:16:21.550[Status]{'id': 11, 'coordinate': [181.29722993464986, 460.4148157817449]}
2019-09-05_00:16:21.550[Status]Routing 18: Walk: 18
2019-09-05_00:16:21.657[Battery Energy]45.07
2019-09-05_00:16:21.657[Status]Routing Start.
2019-09-05_00:16:22.012[Status]{'id': 11, 'coordinate': [190.89133663603474, 463.2349428360533]}
2019-09-05_00:16:22.012[Status]Routing 19: Walk: 19
2019-09-05_00:16:22.112[Battery Energy]44.71
2019-09-05_00:16:22.112[Status]Routing Start.
2019-09-05_00:16:22.432[Status]{'id': 11, 'coordinate': [200.4854433374196, 466.05506989036166]}
2019-09-05_00:16:22.433[Status]Routing 20: Walk: 20
2019-09-05_00:16:22.533[Battery Energy]44.40
2019-09-05_00:16:22.533[Status]Routing Start.
2019-09-05_00:16:22.875[Status]{'id': 11, 'coordinate': [210.07955003880448, 468.87519694467005]}
2019-09-05_00:16:22.875[Status]Routing 21: Walk: 21
2019-09-05_00:16:22.984[Battery Energy]44.12
2019-09-05_00:16:22.984[Status]Routing Start.
2019-09-05_00:16:23.383[Status]{'id': 11, 'coordinate': [219.67365674018936, 471.69532399897844]}
2019-09-05_00:16:23.383[Status]Routing 22: Walk: 22
2019-09-05_00:16:23.484[Battery Energy]43.79
2019-09-05_00:16:23.484[Status]Routing Start.
2019-09-05_00:16:23.949[Status]{'id': 11, 'coordinate': [229.26776344157423, 474.5154510532868]}
2019-09-05_00:16:23.949[Status]Routing 23: Walk: 23
2019-09-05_00:16:24.052[Battery Energy]43.40
2019-09-05_00:16:24.052[Status]Routing Start.
2019-09-05_00:16:24.490[Status]{'id': 11, 'coordinate': [238.8618701429591, 477.3355781075952]}
2019-09-05_00:16:24.490[Status]Routing 24: Walk: 24
2019-09-05_00:16:24.594[Battery Energy]43.06
2019-09-05_00:16:24.594[Status]Routing Start.
2019-09-05_00:16:24.946[Status]{'id': 11, 'coordinate': [248.45597684434398, 480.1557051619036]}
2019-09-05_00:16:24.946[Status]Routing 25: Walk: 25
2019-09-05_00:16:25.048[Battery Energy]42.78
2019-09-05_00:16:25.048[Status]Routing Start.
2019-09-05_00:16:25.335[Status]{'id': 11, 'coordinate': [258.05008354572885, 482.975832216212]}
2019-09-05_00:16:25.335[Status]Routing 26: Walk: 26
2019-09-05_00:16:25.440[Battery Energy]42.46
2019-09-05_00:16:25.440[Status]Routing Start.
2019-09-05_00:16:25.770[Status]{'id': 11, 'coordinate': [267.6441902471137, 485.79595927052037]}
2019-09-05_00:16:25.770[Status]Routing 27: Walk: 27
2019-09-05_00:16:25.870[Battery Energy]42.16
2019-09-05_00:16:25.870[Status]Routing Start.
2019-09-05_00:16:26.252[Status]{'id': 11, 'coordinate': [277.2382969484986, 488.61608632482876]}
2019-09-05_00:16:26.252[Status]Routing 28: Walk: 28
2019-09-05_00:16:26.352[Battery Energy]41.79
2019-09-05_00:16:26.353[Status]Routing Start.
2019-09-05_00:16:26.701[Status]{'id': 11, 'coordinate': [286.8324036498835, 491.43621337913714]}
2019-09-05_00:16:26.701[Status]Routing 29: Walk: 29
2019-09-05_00:16:26.804[Battery Energy]41.47
2019-09-05_00:16:26.804[Status]Routing Start.
2019-09-05_00:16:27.129[Status]{'id': 11, 'coordinate': [296.42651035126835, 494.25634043344553]}
2019-09-05_00:16:27.129[Status]Routing 30: Walk: 30
2019-09-05_00:16:27.244[Battery Energy]41.15
2019-09-05_00:16:27.244[Status]Routing Start.
2019-09-05_00:16:27.610[Status]{'id': 11, 'coordinate': [306.0206170526532, 497.0764674877539]}
2019-09-05_00:16:27.610[Status]Routing 31: Walk: 31
2019-09-05_00:16:27.710[Battery Energy]40.78
2019-09-05_00:16:27.710[Status]Routing Start.
2019-09-05_00:16:28.042[Status]{'id': 11, 'coordinate': [315.6147237540381, 499.8965945420623]}
2019-09-05_00:16:28.042[Status]Routing 32: Walk: 32
2019-09-05_00:16:28.143[Battery Energy]40.47
2019-09-05_00:16:28.143[Status]Routing Start.
2019-09-05_00:16:28.414[Status]{'id': 11, 'coordinate': [325.20883045542297, 502.7167215963707]}
2019-09-05_00:16:28.415[Status]Routing 33: Walk: 33
2019-09-05_00:16:28.515[Battery Energy]40.18
2019-09-05_00:16:28.515[Status]Routing Start.
2019-09-05_00:16:28.773[Status]{'id': 11, 'coordinate': [334.80293715680784, 505.5368486506791]}
2019-09-05_00:16:28.773[Status]Routing 34: Walk: 34
2019-09-05_00:16:28.889[Battery Energy]39.93
2019-09-05_00:16:28.889[Status]Routing Start.
2019-09-05_00:16:29.416[Status]Routing 35: Walk: 34
2019-09-05_00:16:29.516[Battery Energy]39.53
2019-09-05_00:16:29.516[Status]Routing Start.
2019-09-05_00:16:29.829[Status]{'id': 11, 'coordinate': [344.3970438581927, 508.35697570498746]}
2019-09-05_00:16:29.829[Status]Routing 36: Walk: 35
2019-09-05_00:16:29.952[Battery Energy]39.22
2019-09-05_00:16:29.952[Status]Routing Start.
2019-09-05_00:16:30.225[Status]{'id': 11, 'coordinate': [353.9911505595776, 511.17710275929585]}
2019-09-05_00:16:30.225[Status]Routing 37: Walk: 36
2019-09-05_00:16:30.325[Battery Energy]38.94
2019-09-05_00:16:30.325[Status]Routing Start.
2019-09-05_00:16:30.684[Status]{'id': 11, 'coordinate': [363.58525726096246, 513.9972298136042]}
2019-09-05_00:16:30.684[Status]Routing 38: Walk: 37
2019-09-05_00:16:30.784[Battery Energy]38.63
2019-09-05_00:16:30.784[Status]Routing Start.
2019-09-05_00:16:31.100[Status]{'id': 11, 'coordinate': [373.17936396234734, 516.8173568679126]}
2019-09-05_00:16:31.100[Status]Routing 39: Walk: 38
2019-09-05_00:16:31.203[Battery Energy]38.33
2019-09-05_00:16:31.203[Status]Routing Start.
2019-09-05_00:16:31.566[Status]{'id': 11, 'coordinate': [382.7734706637322, 519.637483922221]}
2019-09-05_00:16:31.566[Status]Routing 40: Walk: 39
2019-09-05_00:16:31.666[Battery Energy]37.99
2019-09-05_00:16:31.666[Status]Routing Start.
2019-09-05_00:16:31.995[Status]{'id': 11, 'coordinate': [392.3675773651171, 522.4576109765294]}
2019-09-05_00:16:31.995[Status]Routing 41: Walk: 40
2019-09-05_00:16:32.095[Battery Energy]37.68
2019-09-05_00:16:32.095[Status]Routing Start.
2019-09-05_00:16:32.470[Status]{'id': 11, 'coordinate': [401.96168406650196, 525.2777380308378]}
2019-09-05_00:16:32.470[Status]Routing 42: Walk: 41
2019-09-05_00:16:32.570[Battery Energy]37.39
2019-09-05_00:16:32.570[Status]Routing Start.
2019-09-05_00:16:32.922[Status]{'id': 11, 'coordinate': [411.55579076788683, 528.0978650851462]}
2019-09-05_00:16:32.922[Status]Routing 43: Walk: 42
2019-09-05_00:16:33.022[Battery Energy]37.09
2019-09-05_00:16:33.022[Status]Routing Start.
2019-09-05_00:16:33.427[Status]{'id': 11, 'coordinate': [421.1498974692717, 530.9179921394546]}
2019-09-05_00:16:33.428[Status]Routing 44: Walk: 43
2019-09-05_00:16:33.528[Battery Energy]36.77
2019-09-05_00:16:33.528[Status]Routing Start.
2019-09-05_00:16:34.007[Status]{'id': 11, 'coordinate': [421.5104355505837, 540.9114906405764]}
2019-09-05_00:16:34.007[Status]Routing 45: Walk: 44
2019-09-05_00:16:34.107[Battery Energy]36.34
2019-09-05_00:16:34.107[Status]Routing Start.
2019-09-05_00:16:34.427[Status]{'id': 11, 'coordinate': [431.134597104703, 543.6272804667987]}
2019-09-05_00:16:34.427[Status]Routing 46: Walk: 45
2019-09-05_00:16:34.532[Battery Energy]36.00
2019-09-05_00:16:34.532[Status]Routing Start.
2019-09-05_00:16:35.069[Status]{'id': 11, 'coordinate': [440.75875865882233, 546.3430702930209]}
2019-09-05_00:16:35.069[Status]Routing 47: Walk: 46
2019-09-05_00:16:35.169[Battery Energy]35.61
2019-09-05_00:16:35.169[Status]Routing Start.
2019-09-05_00:16:35.481[Status]{'id': 11, 'coordinate': [450.38292021294166, 549.0588601192431]}
2019-09-05_00:16:35.481[Status]Routing 48: Walk: 47
2019-09-05_00:16:35.581[Battery Energy]35.29
2019-09-05_00:16:35.581[Status]Routing Start.
2019-09-05_00:16:35.905[Status]{'id': 11, 'coordinate': [460.007081767061, 551.7746499454654]}
2019-09-05_00:16:35.905[Status]Routing 49: Walk: 48
2019-09-05_00:16:36.005[Battery Energy]34.95
2019-09-05_00:16:36.005[Status]Routing Start.
2019-09-05_00:16:36.168[Status]{'id': 11, 'coordinate': [469.63124332118025, 554.4904397716876]}
2019-09-05_00:16:36.168[Status]Routing 50: Walk: 49
2019-09-05_00:16:36.271[Battery Energy]34.74
2019-09-05_00:16:36.271[Status]Routing Start.
2019-09-05_00:16:36.594[Status]{'id': 11, 'coordinate': [479.2554048752996, 557.2062295979099]}
2019-09-05_00:16:36.594[Status]Routing 51: Walk: 50
2019-09-05_00:16:36.696[Battery Energy]34.45
2019-09-05_00:16:36.696[Status]Routing Start.
2019-09-05_00:16:37.010[Status]{'id': 11, 'coordinate': [488.8795664294189, 559.9220194241321]}
2019-09-05_00:16:37.010[Status]Routing 52: Walk: 51
2019-09-05_00:16:37.110[Battery Energy]34.14
2019-09-05_00:16:37.110[Status]Routing Start.
2019-09-05_00:16:37.493[Status]{'id': 11, 'coordinate': [498.5037279835382, 562.6378092503544]}
2019-09-05_00:16:37.493[Status]Routing 53: Walk: 52
2019-09-05_00:16:37.593[Battery Energy]33.80
2019-09-05_00:16:37.593[Status]Routing Start.
2019-09-05_00:16:37.968[Status]{'id': 11, 'coordinate': [508.12788953765755, 565.3535990765766]}
2019-09-05_00:16:37.968[Status]Routing 54: Walk: 53
2019-09-05_00:16:38.069[Battery Energy]33.44
2019-09-05_00:16:38.069[Status]Routing Start.
2019-09-05_00:16:38.428[Status]{'id': 11, 'coordinate': [517.7520510917768, 568.0693889027989]}
2019-09-05_00:16:38.428[Status]Routing 55: Walk: 54
2019-09-05_00:16:38.552[Battery Energy]33.14
2019-09-05_00:16:38.552[Status]Routing Start.
2019-09-05_00:16:38.935[Status]{'id': 11, 'coordinate': [527.3762126458961, 570.7851787290211]}
2019-09-05_00:16:38.935[Status]Routing 56: Walk: 55
2019-09-05_00:16:39.035[Battery Energy]32.84
2019-09-05_00:16:39.035[Status]Routing Start.
2019-09-05_00:16:39.369[Status]{'id': 11, 'coordinate': [537.0003742000154, 573.5009685552434]}
2019-09-05_00:16:39.369[Status]Routing 57: Walk: 56
2019-09-05_00:16:39.472[Battery Energy]32.51
2019-09-05_00:16:39.472[Status]Routing Start.
2019-09-05_00:16:39.641[Status]{'id': 11, 'coordinate': [546.6245357541346, 576.2167583814656]}
2019-09-05_00:16:39.641[Status]Routing 58: Walk: 57
2019-09-05_00:16:39.752[Battery Energy]32.27
2019-09-05_00:16:39.752[Status]Routing Start.
2019-09-05_00:16:40.054[Status]{'id': 11, 'coordinate': [556.2486973082539, 578.9325482076879]}
2019-09-05_00:16:40.054[Status]Routing 59: Walk: 58
2019-09-05_00:16:40.168[Battery Energy]32.00
2019-09-05_00:16:40.168[Status]Routing Start.
2019-09-05_00:16:40.332[Status]{'id': 11, 'coordinate': [565.8728588623732, 581.6483380339101]}
2019-09-05_00:16:40.332[Status]Routing 60: Walk: 59
2019-09-05_00:16:40.444[Battery Energy]31.76
2019-09-05_00:16:40.444[Status]Routing Start.
2019-09-05_00:16:40.785[Status]{'id': 11, 'coordinate': [575.4970204164924, 584.3641278601324]}
2019-09-05_00:16:40.785[Status]Routing 61: Walk: 60
2019-09-05_00:16:40.892[Battery Energy]31.40
2019-09-05_00:16:40.892[Status]Routing Start.
2019-09-05_00:16:41.210[Status]{'id': 11, 'coordinate': [585.1211819706117, 587.0799176863546]}
2019-09-05_00:16:41.210[Status]Routing 62: Walk: 61
2019-09-05_00:16:41.342[Battery Energy]31.10
2019-09-05_00:16:41.343[Status]Routing Start.
2019-09-05_00:16:41.709[Status]{'id': 11, 'coordinate': [594.745343524731, 589.7957075125769]}
2019-09-05_00:16:41.709[Status]Routing 63: Walk: 62
2019-09-05_00:16:41.810[Battery Energy]30.77
2019-09-05_00:16:41.810[Status]Routing Start.
2019-09-05_00:16:42.261[Status]{'id': 11, 'coordinate': [604.3695050788502, 592.511497338799]}
2019-09-05_00:16:42.261[Status]Routing 64: Walk: 63
2019-09-05_00:16:42.376[Battery Energy]30.38
2019-09-05_00:16:42.376[Status]Routing Start.
2019-09-05_00:16:42.689[Status]{'id': 11, 'coordinate': [613.9936666329695, 595.2272871650212]}
2019-09-05_00:16:42.689[Status]Routing 65: Walk: 64
2019-09-05_00:16:42.792[Battery Energy]30.09
2019-09-05_00:16:42.792[Status]Routing Start.
2019-09-05_00:16:43.217[Status]{'id': 11, 'coordinate': [623.6178281870888, 597.9430769912433]}
2019-09-05_00:16:43.217[Status]Routing 66: Walk: 65
2019-09-05_00:16:43.318[Battery Energy]29.76
2019-09-05_00:16:43.318[Status]Routing Start.
2019-09-05_00:16:43.649[Status]{'id': 11, 'coordinate': [633.241989741208, 600.6588668174655]}
2019-09-05_00:16:43.649[Status]Routing 67: Walk: 66
2019-09-05_00:16:43.749[Battery Energy]29.50
2019-09-05_00:16:43.749[Status]Routing Start.
2019-09-05_00:16:44.086[Status]{'id': 11, 'coordinate': [642.8661512953273, 603.3746566436878]}
2019-09-05_00:16:44.087[Status]Routing 68: Walk: 67
2019-09-05_00:16:44.187[Battery Energy]29.15
2019-09-05_00:16:44.187[Status]Routing Start.
2019-09-05_00:16:44.481[Status]{'id': 11, 'coordinate': [652.4903128494466, 606.0904464699099]}
2019-09-05_00:16:44.481[Status]Routing 69: Walk: 68
2019-09-05_00:16:44.584[Battery Energy]28.84
2019-09-05_00:16:44.584[Status]Routing Start.
2019-09-05_00:16:44.987[Status]{'id': 11, 'coordinate': [662.1144744035659, 608.806236296132]}
2019-09-05_00:16:44.987[Status]Routing 70: Walk: 69
2019-09-05_00:16:45.100[Battery Energy]28.47
2019-09-05_00:16:45.100[Status]Routing Start.
2019-09-05_00:16:45.374[Status]{'id': 11, 'coordinate': [671.7386359576851, 611.5220261223543]}
2019-09-05_00:16:45.374[Status]Routing 71: Walk: 70
2019-09-05_00:16:45.474[Battery Energy]28.21
2019-09-05_00:16:45.474[Status]Routing Start.
2019-09-05_00:16:45.667[Status]{'id': 11, 'coordinate': [681.3627975118044, 614.2378159485764]}
2019-09-05_00:16:45.667[Status]Routing 72: Walk: 71
2019-09-05_00:16:45.772[Battery Energy]28.00
2019-09-05_00:16:45.772[Status]Routing Start.
2019-09-05_00:16:45.947[Status]{'id': 11, 'coordinate': [690.9869590659237, 616.9536057747987]}
2019-09-05_00:16:45.948[Status]Routing 73: Walk: 72
2019-09-05_00:16:46.053[Battery Energy]27.79
2019-09-05_00:16:46.053[Status]Routing Start.
2019-09-05_00:16:46.314[Status]{'id': 11, 'coordinate': [700.6111206200429, 619.6693956010208]}
2019-09-05_00:16:46.314[Status]Routing 74: Walk: 73
2019-09-05_00:16:46.420[Battery Energy]27.50
2019-09-05_00:16:46.420[Status]Routing Start.
2019-09-05_00:16:46.640[Status]{'id': 11, 'coordinate': [710.2352821741622, 622.385185427243]}
2019-09-05_00:16:46.641[Status]Routing 75: Walk: 74
2019-09-05_00:16:46.752[Battery Energy]27.23
2019-09-05_00:16:46.752[Status]Routing Start.
2019-09-05_00:16:46.925[Status]{'id': 11, 'coordinate': [719.8594437282815, 625.1009752534652]}
2019-09-05_00:16:46.925[Status]Routing 76: Walk: 75
2019-09-05_00:16:47.025[Battery Energy]27.03
2019-09-05_00:16:47.025[Status]Routing Start.
2019-09-05_00:16:47.402[Status]{'id': 11, 'coordinate': [729.4836052824007, 627.8167650796875]}
2019-09-05_00:16:47.402[Status]Routing 77: Walk: 76
2019-09-05_00:16:47.508[Battery Energy]26.71
2019-09-05_00:16:47.508[Status]Routing Start.
2019-09-05_00:16:47.699[Status]{'id': 11, 'coordinate': [739.10776683652, 630.5325549059096]}
2019-09-05_00:16:47.699[Status]Routing 78: Walk: 77
2019-09-05_00:16:47.808[Battery Energy]26.49
2019-09-05_00:16:47.808[Status]Routing Start.
2019-09-05_00:16:48.142[Status]{'id': 11, 'coordinate': [748.7319283906393, 633.2483447321317]}
2019-09-05_00:16:48.142[Status]Routing 79: Walk: 78
2019-09-05_00:16:48.248[Battery Energy]26.14
2019-09-05_00:16:48.248[Status]Routing Start.
2019-09-05_00:16:48.398[Status]{'id': 11, 'coordinate': [758.3560899447585, 635.964134558354]}
2019-09-05_00:16:48.398[Status]Routing 80: Walk: 79
2019-09-05_00:16:48.504[Battery Energy]25.94
2019-09-05_00:16:48.504[Status]Routing Start.
2019-09-05_00:16:48.777[Status]{'id': 11, 'coordinate': [767.9802514988778, 638.6799243845761]}
2019-09-05_00:16:48.777[Status]Routing 81: Walk: 80
2019-09-05_00:16:48.877[Battery Energy]25.71
2019-09-05_00:16:48.877[Status]Routing Start.
2019-09-05_00:16:49.123[Status]{'id': 11, 'coordinate': [777.6044130529971, 641.3957142107984]}
2019-09-05_00:16:49.123[Status]Routing 82: Walk: 81
2019-09-05_00:16:49.224[Battery Energy]25.45
2019-09-05_00:16:49.224[Status]Routing Start.
2019-09-05_00:16:49.538[Status]{'id': 11, 'coordinate': [787.2285746071163, 644.1115040370205]}
2019-09-05_00:16:49.539[Status]Routing 83: Walk: 82
2019-09-05_00:16:49.648[Battery Energy]25.11
2019-09-05_00:16:49.648[Status]Routing Start.
2019-09-05_00:16:49.973[Status]{'id': 11, 'coordinate': [796.8527361612356, 646.8272938632426]}
2019-09-05_00:16:49.974[Status]Routing 84: Walk: 83
2019-09-05_00:16:50.074[Battery Energy]24.84
2019-09-05_00:16:50.074[Status]Routing Start.
2019-09-05_00:16:50.241[Status]{'id': 11, 'coordinate': [806.4768977153549, 649.5430836894649]}
2019-09-05_00:16:50.242[Status]Routing 85: Walk: 84
2019-09-05_00:16:50.343[Battery Energy]24.65
2019-09-05_00:16:50.343[Status]Routing Start.
2019-09-05_00:16:50.604[Status]{'id': 11, 'coordinate': [816.1010592694741, 652.258873515687]}
2019-09-05_00:16:50.604[Status]Routing 86: Walk: 85
2019-09-05_00:16:50.719[Battery Energy]24.42
2019-09-05_00:16:50.719[Status]Routing Start.
2019-09-05_00:16:50.997[Status]{'id': 11, 'coordinate': [825.7252208235934, 654.9746633419093]}
2019-09-05_00:16:50.998[Status]Routing 87: Walk: 86
2019-09-05_00:16:51.128[Battery Energy]24.14
2019-09-05_00:16:51.128[Status]Routing Start.
2019-09-05_00:16:51.319[Status]{'id': 11, 'coordinate': [835.3493823777127, 657.6904531681314]}
2019-09-05_00:16:51.319[Status]Routing 88: Walk: 87
2019-09-05_00:16:51.419[Battery Energy]23.92
2019-09-05_00:16:51.419[Status]Routing Start.
2019-09-05_00:16:51.650[Status]{'id': 11, 'coordinate': [844.973543931832, 660.4062429943535]}
2019-09-05_00:16:51.650[Status]Routing 89: Walk: 88
2019-09-05_00:16:51.760[Battery Energy]23.71
2019-09-05_00:16:51.760[Status]Routing Start.
2019-09-05_00:16:52.018[Status]{'id': 11, 'coordinate': [854.5977054859512, 663.1220328205758]}
2019-09-05_00:16:52.018[Status]Routing 90: Walk: 89
2019-09-05_00:16:52.120[Battery Energy]23.44
2019-09-05_00:16:52.120[Status]Routing Start.
2019-09-05_00:16:52.330[Status]{'id': 11, 'coordinate': [864.2218670400705, 665.8378226467979]}
2019-09-05_00:16:52.334[Status]Routing 91: Walk: 90
2019-09-05_00:16:52.447[Battery Energy]23.18
2019-09-05_00:16:52.447[Status]Routing Start.
2019-09-05_00:16:52.646[Status]{'id': 11, 'coordinate': [873.8460285941898, 668.5536124730202]}
2019-09-05_00:16:52.646[Status]Routing 92: Walk: 91
2019-09-05_00:16:52.758[Battery Energy]22.94
2019-09-05_00:16:52.758[Status]Routing Start.
2019-09-05_00:16:52.972[Status]{'id': 11, 'coordinate': [883.470190148309, 671.2694022992423]}
2019-09-05_00:16:52.972[Status]Routing 93: Walk: 92
2019-09-05_00:16:53.152[Battery Energy]22.71
2019-09-05_00:16:53.153[Status]Routing Start.
2019-09-05_00:16:53.298[Status]{'id': 11, 'coordinate': [893.0943517024283, 673.9851921254644]}
2019-09-05_00:16:53.298[Status]Routing 94: Walk: 93
2019-09-05_00:16:53.401[Battery Energy]22.53
2019-09-05_00:16:53.401[Status]Routing Start.
2019-09-05_00:16:53.819[Status]{'id': 11, 'coordinate': [902.7185132565476, 676.7009819516867]}
2019-09-05_00:16:53.819[Status]Routing 95: Walk: 94
2019-09-05_00:16:53.928[Battery Energy]22.14
2019-09-05_00:16:53.928[Status]Routing Start.
2019-09-05_00:16:54.137[Status]{'id': 11, 'coordinate': [912.3426748106668, 679.4167717779088]}
2019-09-05_00:16:54.138[Status]Routing 96: Walk: 95
2019-09-05_00:16:54.248[Battery Energy]21.93
2019-09-05_00:16:54.248[Status]Routing Start.
2019-09-05_00:16:54.579[Status]{'id': 11, 'coordinate': [921.9668363647861, 682.1325616041311]}
2019-09-05_00:16:54.579[Status]Routing 97: Walk: 96
2019-09-05_00:16:54.696[Battery Energy]21.60
2019-09-05_00:16:54.696[Status]Routing Start.
2019-09-05_00:16:54.926[Status]{'id': 11, 'coordinate': [931.5909979189054, 684.8483514303532]}
2019-09-05_00:16:54.926[Status]Routing 98: Walk: 97
2019-09-05_00:16:55.056[Battery Energy]21.36
2019-09-05_00:16:55.059[Status]Routing Start.
2019-09-05_00:16:55.215[Status]{'id': 11, 'coordinate': [941.2151594730246, 687.5641412565755]}
2019-09-05_00:16:55.217[Status]Routing 99: Walk: 98
2019-09-05_00:16:55.324[Battery Energy]21.18
2019-09-05_00:16:55.324[Status]Routing Start.
2019-09-05_00:16:55.515[Status]{'id': 11, 'coordinate': [950.8393210271439, 690.2799310827976]}
2019-09-05_00:16:55.515[Status]Routing 100: Walk: 99
2019-09-05_00:16:55.636[Battery Energy]20.95
2019-09-05_00:16:55.636[Status]Routing Start.
2019-09-05_00:16:55.956[Status]{'id': 11, 'coordinate': [960.4634825812632, 692.9957209090198]}
2019-09-05_00:16:55.956[Status]Routing 101: Walk: 100
2019-09-05_00:16:56.056[Battery Energy]20.64
2019-09-05_00:16:56.057[Status]Routing Start.
2019-09-05_00:16:56.474[Status]{'id': 11, 'coordinate': [970.0876441353824, 695.711510735242]}
2019-09-05_00:16:56.474[Status]Routing 102: Walk: 101
2019-09-05_00:16:56.574[Battery Energy]20.32
2019-09-05_00:16:56.574[Status]Routing Start.
2019-09-05_00:16:56.954[Status]{'id': 11, 'coordinate': [979.7118056895017, 698.4273005614641]}
2019-09-05_00:16:56.954[Status]Routing 103: Walk: 102
2019-09-05_00:16:57.064[Battery Energy]19.92
2019-09-05_00:16:57.064[Status]Routing Start.
2019-09-05_00:16:57.397[Status]{'id': 11, 'coordinate': [989.335967243621, 701.1430903876864]}
2019-09-05_00:16:57.397[Status]Routing 104: Walk: 103
2019-09-05_00:16:57.497[Battery Energy]19.63
2019-09-05_00:16:57.497[Status]Routing Start.
2019-09-05_00:16:57.862[Status]{'id': 11, 'coordinate': [998.9601287977403, 703.8588802139085]}
2019-09-05_00:16:57.862[Status]Routing 105: Walk: 104
2019-09-05_00:16:57.976[Battery Energy]19.32
2019-09-05_00:16:57.976[Status]Routing Start.
2019-09-05_00:16:58.282[Status]{'id': 11, 'coordinate': [1008.5842903518595, 706.5746700401307]}
2019-09-05_00:16:58.282[Status]Routing 106: Walk: 105
2019-09-05_00:16:58.382[Battery Energy]19.03
2019-09-05_00:16:58.382[Status]Routing Start.
2019-09-05_00:16:58.756[Status]{'id': 11, 'coordinate': [1018.2084519059788, 709.2904598663529]}
2019-09-05_00:16:58.756[Status]Routing 107: Walk: 106
2019-09-05_00:16:58.858[Battery Energy]18.61
2019-09-05_00:16:58.858[Status]Routing Start.
2019-09-05_00:16:59.226[Status]{'id': 11, 'coordinate': [1027.8326134600982, 712.006249692575]}
2019-09-05_00:16:59.227[Status]Routing 108: Walk: 107
2019-09-05_00:16:59.327[Battery Energy]18.30
2019-09-05_00:16:59.327[Status]Routing Start.
2019-09-05_00:16:59.618[Status]{'id': 11, 'coordinate': [1037.4567750142176, 714.7220395187973]}
2019-09-05_00:16:59.618[Status]Routing 109: Walk: 108
2019-09-05_00:16:59.718[Battery Energy]18.06
2019-09-05_00:16:59.718[Status]Routing Start.
2019-09-05_00:17:00.059[Status]{'id': 11, 'coordinate': [1047.080936568337, 717.4378293450195]}
2019-09-05_00:17:00.059[Status]Routing 110: Walk: 109
2019-09-05_00:17:00.162[Battery Energy]17.69
2019-09-05_00:17:00.162[Status]Routing Start.
2019-09-05_00:17:00.495[Status]{'id': 11, 'coordinate': [1056.7050981224563, 720.1536191712416]}
2019-09-05_00:17:00.495[Status]Routing 111: Walk: 110
2019-09-05_00:17:00.605[Battery Energy]17.36
2019-09-05_00:17:00.605[Status]Routing Start.
2019-09-05_00:17:00.804[Status]{'id': 11, 'coordinate': [1066.3292596765757, 722.8694089974639]}
2019-09-05_00:17:00.804[Status]Routing 112: Walk: 111
2019-09-05_00:17:00.908[Battery Energy]17.14
2019-09-05_00:17:00.908[Status]Routing Start.
2019-09-05_00:17:01.321[Status]{'id': 11, 'coordinate': [1075.953421230695, 725.5851988236861]}
2019-09-05_00:17:01.321[Status]Routing 113: Walk: 112
2019-09-05_00:17:01.421[Battery Energy]16.79
2019-09-05_00:17:01.421[Status]Routing Start.
2019-09-05_00:17:01.984[Status]{'id': 11, 'coordinate': [1072.943943077113, 735.1216049204876]}
2019-09-05_00:17:01.984[Status]Routing 114: Walk: 113
2019-09-05_00:17:02.084[Battery Energy]16.27
2019-09-05_00:17:02.084[Status]Routing Start.
2019-09-05_00:17:02.307[Status]{'id': 11, 'coordinate': [1082.6951053405555, 737.3385475250712]}
2019-09-05_00:17:02.307[Status]Routing 115: Walk: 114
2019-09-05_00:17:02.408[Battery Energy]16.01
2019-09-05_00:17:02.408[Status]Routing Start.
2019-09-05_00:17:03.002[Status]{'id': 11, 'coordinate': [1074.4417962164107, 742.9850409945892]}
2019-09-05_00:17:03.006[Status]Routing 116: Walk: 115
2019-09-05_00:17:03.106[Battery Energy]15.53
2019-09-05_00:17:03.106[Status]Routing Start.
2019-09-05_00:17:03.442[Status]{'id': 11, 'coordinate': [1070.1546831632998, 752.0194563973614]}
2019-09-05_00:17:03.442[Status]Routing 117: Walk: 116
2019-09-05_00:17:03.542[Battery Energy]15.18
2019-09-05_00:17:03.542[Status]Routing Start.
2019-09-05_00:17:03.745[Status]{'id': 11, 'coordinate': [1080.063292559059, 753.368329943056]}
2019-09-05_00:17:03.746[Status]Routing 118: Walk: 117
2019-09-05_00:17:03.864[Battery Energy]14.95
2019-09-05_00:17:03.864[Status]Routing Start.
2019-09-05_00:17:04.307[Status]{'id': 11, 'coordinate': [1078.2093221523846, 763.1949668922455]}
2019-09-05_00:17:04.307[Status]Routing 119: Walk: 118
2019-09-05_00:17:04.407[Battery Energy]14.51
2019-09-05_00:17:04.407[Status]Routing Start.
2019-09-05_00:17:04.570[Status]{'id': 11, 'coordinate': [1088.1763595298657, 764.0062411466713]}
2019-09-05_00:17:04.570[Status]Routing 120: Walk: 119
2019-09-05_00:17:04.670[Battery Energy]14.29
2019-09-05_00:17:04.670[Status]Routing Start.
2019-09-05_00:17:05.127[Status]{'id': 11, 'coordinate': [1098.1433969073469, 764.8175154010971]}
2019-09-05_00:17:05.127[Status]Routing 121: Walk: 120
2019-09-05_00:17:05.229[Battery Energy]13.89
2019-09-05_00:17:05.229[Status]Routing Start.
2019-09-05_00:17:05.596[Status]{'id': 11, 'coordinate': [1108.110434284828, 765.628789655523]}
2019-09-05_00:17:05.596[Status]Routing 122: Walk: 121
2019-09-05_00:17:05.708[Battery Energy]13.58
2019-09-05_00:17:05.708[Status]Routing Start.
2019-09-05_00:17:06.109[Status]{'id': 11, 'coordinate': [1118.077471662309, 766.4400639099488]}
2019-09-05_00:17:06.109[Status]Routing 123: Walk: 122
2019-09-05_00:17:06.228[Battery Energy]13.24
2019-09-05_00:17:06.228[Status]Routing Start.
2019-09-05_00:17:06.612[Status]{'id': 11, 'coordinate': [1128.0445090397902, 767.2513381643746]}
2019-09-05_00:17:06.612[Status]Routing 124: Walk: 123
2019-09-05_00:17:06.712[Battery Energy]12.92
2019-09-05_00:17:06.712[Status]Routing Start.
2019-09-05_00:17:06.916[Status]{'id': 11, 'coordinate': [1138.0115464172713, 768.0626124188004]}
2019-09-05_00:17:06.916[Status]Routing 125: Walk: 124
2019-09-05_00:17:07.020[Battery Energy]12.65
2019-09-05_00:17:07.020[Status]Routing Start.
2019-09-05_00:17:07.361[Status]{'id': 11, 'coordinate': [1147.9785837947525, 768.8738866732263]}
2019-09-05_00:17:07.361[Status]Routing 126: Walk: 125
2019-09-05_00:17:07.472[Battery Energy]12.35
2019-09-05_00:17:07.472[Status]Routing Start.
2019-09-05_00:17:07.750[Status]{'id': 11, 'coordinate': [1157.9456211722336, 769.6851609276521]}
2019-09-05_00:17:07.750[Status]Routing 127: Walk: 126
2019-09-05_00:17:07.850[Battery Energy]12.07
2019-09-05_00:17:07.850[Status]Routing Start.
2019-09-05_00:17:08.253[Status]{'id': 11, 'coordinate': [1167.9126585497147, 770.4964351820779]}
2019-09-05_00:17:08.253[Status]Routing 128: Walk: 127
2019-09-05_00:17:08.356[Battery Energy]11.71
2019-09-05_00:17:08.356[Status]Routing Start.
2019-09-05_00:17:08.685[Status]{'id': 11, 'coordinate': [1177.8796959271958, 771.3077094365037]}
2019-09-05_00:17:08.685[Status]Routing 129: Walk: 128
2019-09-05_00:17:08.792[Battery Energy]11.45
2019-09-05_00:17:08.792[Status]Routing Start.
2019-09-05_00:17:09.070[Status]{'id': 11, 'coordinate': [1187.846733304677, 772.1189836909294]}
2019-09-05_00:17:09.071[Status]Routing 130: Walk: 129
2019-09-05_00:17:09.171[Battery Energy]11.20
2019-09-05_00:17:09.171[Status]Routing Start.
2019-09-05_00:17:09.409[Status]{'id': 11, 'coordinate': [1197.813770682158, 772.9302579453553]}
2019-09-05_00:17:09.410[Status]Routing 131: Walk: 130
2019-09-05_00:17:09.512[Battery Energy]10.92
2019-09-05_00:17:09.512[Status]Routing Start.
2019-09-05_00:17:09.660[Status]{'id': 11, 'coordinate': [1207.7808080596392, 773.741532199781]}
2019-09-05_00:17:09.660[Status]Routing 132: Walk: 131
2019-09-05_00:17:09.762[Battery Energy]10.71
2019-09-05_00:17:09.762[Status]Routing Start.
2019-09-05_00:17:09.989[Status]{'id': 11, 'coordinate': [1217.7478454371203, 774.5528064542068]}
2019-09-05_00:17:09.989[Status]Routing 133: Walk: 132
2019-09-05_00:17:10.089[Battery Energy]10.50
2019-09-05_00:17:10.089[Status]Routing Start.
2019-09-05_00:17:10.369[Status]{'id': 11, 'coordinate': [1227.7148828146014, 775.3640807086325]}
2019-09-05_00:17:10.369[Status]Routing 134: Walk: 133
2019-09-05_00:17:10.484[Battery Energy]10.25
2019-09-05_00:17:10.484[Status]Routing Start.
2019-09-05_00:17:10.686[Status]{'id': 11, 'coordinate': [1237.6819201920825, 776.1753549630583]}
2019-09-05_00:17:10.686[Status]Routing 135: Walk: 134
2019-09-05_00:17:10.788[Battery Energy]10.07
2019-09-05_00:17:10.788[Status]Routing Start.
2019-09-05_00:17:10.946[Status]{'id': 11, 'coordinate': [1247.6489575695637, 776.986629217484]}
2019-09-05_00:17:10.946[Status]Routing 136: Walk: 135
2019-09-05_00:17:11.056[Battery Energy]9.87
2019-09-05_00:17:11.056[Status]Routing Start.
2019-09-05_00:17:11.220[Status]{'id': 11, 'coordinate': [1257.6159949470448, 777.7979034719099]}
2019-09-05_00:17:11.220[Status]Routing 137: Walk: 136
2019-09-05_00:17:11.336[Battery Energy]9.67
2019-09-05_00:17:11.336[Status]Routing Start.
2019-09-05_00:17:11.336[Status]Task Finished.
2019-09-05_00:17:11.437[Battery Energy]9.67
2019-09-05_00:17:11.602[Status]Routing 139: Walk: 136
2019-09-05_00:17:11.728[Battery Energy]9.54
2019-09-05_00:17:11.934[Status]Routing 140: Walk: 136
2019-09-05_00:17:12.034[Battery Energy]9.41
2019-09-05_00:17:12.457[Status]Routing 141: Walk: 136
2019-09-05_00:17:12.557[Battery Energy]9.14
2019-09-05_00:17:12.822[Status]Routing 142: Walk: 136
2019-09-05_00:17:12.936[Battery Energy]8.99
2019-09-05_00:17:13.179[Status]Routing 143: Walk: 136
2019-09-05_00:17:13.284[Battery Energy]8.84
2019-09-05_00:17:13.566[Status]Routing 144: Walk: 136
2019-09-05_00:17:13.688[Battery Energy]8.70
2019-09-05_00:17:13.879[Status]Routing 145: Walk: 136
2019-09-05_00:17:13.996[Battery Energy]8.59
2019-09-05_00:17:14.245[Status]Routing 146: Walk: 136
2019-09-05_00:17:14.407[Battery Energy]8.45
2019-09-05_00:17:14.561[Status]Routing 147: Walk: 136
2019-09-05_00:17:14.668[Battery Energy]8.33
2019-09-05_00:17:14.882[Status]Routing 148: Walk: 136
2019-09-05_00:17:14.992[Battery Energy]8.22
2019-09-05_00:17:15.227[Status]Routing 149: Walk: 136
2019-09-05_00:17:15.336[Battery Energy]8.08
2019-09-05_00:17:15.493[Status]Routing 150: Walk: 136
2019-09-05_00:17:15.600[Battery Energy]7.98
2019-09-05_00:17:15.795[Status]Routing 151: Walk: 136
2019-09-05_00:17:15.928[Battery Energy]7.84
2019-09-05_00:17:16.127[Status]Routing 152: Walk: 136
2019-09-05_00:17:16.260[Battery Energy]7.72
2019-09-05_00:17:16.470[Status]Routing 153: Walk: 136
2019-09-05_00:17:16.581[Battery Energy]7.62
2019-09-05_00:17:16.791[Status]Routing 154: Walk: 136
2019-09-05_00:17:16.891[Battery Energy]7.49
2019-09-05_00:17:17.121[Status]Routing 155: Walk: 136
2019-09-05_00:17:17.236[Battery Energy]7.36
2019-09-05_00:17:17.377[Status]Routing 156: Walk: 136
2019-09-05_00:17:17.484[Battery Energy]7.24
2019-09-05_00:17:17.763[Status]Routing 157: Walk: 136
2019-09-05_00:17:17.876[Battery Energy]7.05
2019-09-05_00:17:18.056[Status]Routing 158: Walk: 136
2019-09-05_00:17:18.164[Battery Energy]6.95
2019-09-05_00:17:18.517[Status]Routing 159: Walk: 136
2019-09-05_00:17:18.642[Battery Energy]6.72
2019-09-05_00:17:18.844[Status]Routing 160: Walk: 136
2019-09-05_00:17:18.951[Battery Energy]6.57
2019-09-05_00:17:19.145[Status]Routing 161: Walk: 136
2019-09-05_00:17:19.250[Battery Energy]6.44
