2019-09-05_00:16:06.710[Status]Start.
2019-09-05_00:16:06.710[Battery Energy]52.00
2019-09-05_00:16:07.812[Battery Energy]51.96
2019-09-05_00:16:08.912[Battery Energy]51.92
2019-09-05_00:16:10.014[Battery Energy]51.88
2019-09-05_00:16:11.115[Battery Energy]51.84
2019-09-05_00:16:12.216[Task]A New Task Released.
2019-09-05_00:16:12.216[Battery Energy]51.80
2019-09-05_00:16:12.216[Status]Selection Start.
2019-09-05_00:16:13.797[Status]Selection End: Do Task 1.
2019-09-05_00:16:13.897[Battery Energy]50.75
2019-09-05_00:16:13.897[Status]Formation Start.
2019-09-05_00:16:14.078[Status]Formation End: To Position 6.
2019-09-05_00:16:14.178[Battery Energy]50.60
2019-09-05_00:16:14.178[Status]Routing Start.
2019-09-05_00:16:14.400[Status]{'coordinate': [66.9339913288091, 759.852909646477], 'id': 12}
2019-09-05_00:16:14.403[Status]Routing 1: Walk: 1
2019-09-05_00:16:14.508[Battery Energy]50.38
2019-09-05_00:16:14.508[Status]Routing Start.
2019-09-05_00:16:14.706[Status]{'coordinate': [76.8679826576182, 758.705819292954], 'id': 12}
2019-09-05_00:16:14.706[Status]Routing 2: Walk: 2
2019-09-05_00:16:14.807[Battery Energy]50.15
2019-09-05_00:16:14.807[Status]Routing Start.
2019-09-05_00:16:15.038[Status]{'coordinate': [86.8019739864273, 757.5587289394309], 'id': 12}
2019-09-05_00:16:15.038[Status]Routing 3: Walk: 3
2019-09-05_00:16:15.138[Battery Energy]49.89
2019-09-05_00:16:15.138[Status]Routing Start.
2019-09-05_00:16:15.423[Status]{'coordinate': [96.7359653152364, 756.4116385859079], 'id': 12}
2019-09-05_00:16:15.423[Status]Routing 4: Walk: 4
2019-09-05_00:16:15.532[Battery Energy]49.62
2019-09-05_00:16:15.532[Status]Routing Start.
2019-09-05_00:16:15.827[Status]{'coordinate': [106.6699566440455, 755.2645482323849], 'id': 12}
2019-09-05_00:16:15.828[Status]Routing 5: Walk: 5
2019-09-05_00:16:15.928[Battery Energy]49.38
2019-09-05_00:16:15.928[Status]Routing Start.
2019-09-05_00:16:16.430[Status]{'coordinate': [116.6039479728546, 754.1174578788618], 'id': 12}
2019-09-05_00:16:16.431[Status]Routing 6: Walk: 6
2019-09-05_00:16:16.536[Battery Energy]48.96
2019-09-05_00:16:16.536[Status]Routing Start.
2019-09-05_00:16:17.010[Status]{'coordinate': [126.5379393016637, 752.9703675253388], 'id': 12}
2019-09-05_00:16:17.016[Status]Routing 7: Walk: 7
2019-09-05_00:16:17.120[Battery Energy]48.61
2019-09-05_00:16:17.120[Status]Routing Start.
2019-09-05_00:16:17.467[Status]{'coordinate': [136.4719306304728, 751.8232771718158], 'id': 12}
2019-09-05_00:16:17.467[Status]Routing 8: Walk: 8
2019-09-05_00:16:17.588[Battery Energy]48.31
2019-09-05_00:16:17.588[Status]Routing Start.
2019-09-05_00:16:17.931[Status]{'coordinate': [146.4059219592819, 750.6761868182928], 'id': 12}
2019-09-05_00:16:17.931[Status]Routing 9: Walk: 9
2019-09-05_00:16:18.032[Battery Energy]47.99
2019-09-05_00:16:18.032[Status]Routing Start.
2019-09-05_00:16:18.369[Status]{'coordinate': [156.339913288091, 749.5290964647697], 'id': 12}
2019-09-05_00:16:18.372[Status]Routing 10: Walk: 10
2019-09-05_00:16:18.473[Battery Energy]47.67
2019-09-05_00:16:18.473[Status]Routing Start.
2019-09-05_00:16:18.776[Status]{'coordinate': [166.2739046169001, 748.3820061112467], 'id': 12}
2019-09-05_00:16:18.777[Status]Routing 11: Walk: 11
2019-09-05_00:16:18.882[Battery Energy]47.37
2019-09-05_00:16:18.882[Status]Routing Start.
2019-09-05_00:16:19.207[Status]{'coordinate': [176.2078959457092, 747.2349157577237], 'id': 12}
2019-09-05_00:16:19.207[Status]Routing 12: Walk: 12
2019-09-05_00:16:19.312[Battery Energy]47.06
2019-09-05_00:16:19.312[Status]Routing Start.
2019-09-05_00:16:19.676[Status]{'coordinate': [186.1418872745183, 746.0878254042007], 'id': 12}
2019-09-05_00:16:19.676[Status]Routing 13: Walk: 13
2019-09-05_00:16:19.780[Battery Energy]46.75
2019-09-05_00:16:19.780[Status]Routing Start.
2019-09-05_00:16:20.076[Status]{'coordinate': [196.0758786033274, 744.9407350506776], 'id': 12}
2019-09-05_00:16:20.076[Status]Routing 14: Walk: 14
2019-09-05_00:16:20.176[Battery Energy]46.46
2019-09-05_00:16:20.176[Status]Routing Start.
2019-09-05_00:16:20.373[Status]{'coordinate': [206.0098699321365, 743.7936446971546], 'id': 12}
2019-09-05_00:16:20.374[Status]Routing 15: Walk: 15
2019-09-05_00:16:20.488[Battery Energy]46.19
2019-09-05_00:16:20.488[Status]Routing Start.
2019-09-05_00:16:20.839[Status]{'coordinate': [215.9438612609456, 742.6465543436316], 'id': 12}
2019-09-05_00:16:20.839[Status]Routing 16: Walk: 16
2019-09-05_00:16:20.948[Battery Energy]45.90
2019-09-05_00:16:20.948[Status]Routing Start.
2019-09-05_00:16:21.225[Status]{'coordinate': [225.8778525897547, 741.4994639901086], 'id': 12}
2019-09-05_00:16:21.225[Status]Routing 17: Walk: 17
2019-09-05_00:16:21.325[Battery Energy]45.64
2019-09-05_00:16:21.325[Status]Routing Start.
2019-09-05_00:16:21.539[Status]{'coordinate': [235.8118439185638, 740.3523736365855], 'id': 12}
2019-09-05_00:16:21.539[Status]Routing 18: Walk: 18
2019-09-05_00:16:21.640[Battery Energy]45.40
2019-09-05_00:16:21.640[Status]Routing Start.
2019-09-05_00:16:22.017[Status]{'coordinate': [245.7458352473729, 739.2052832830624], 'id': 12}
2019-09-05_00:16:22.017[Status]Routing 19: Walk: 19
2019-09-05_00:16:22.120[Battery Energy]45.08
2019-09-05_00:16:22.120[Status]Routing Start.
2019-09-05_00:16:22.436[Status]{'coordinate': [255.679826576182, 738.0581929295394], 'id': 12}
2019-09-05_00:16:22.437[Status]Routing 20: Walk: 20
2019-09-05_00:16:22.538[Battery Energy]44.76
2019-09-05_00:16:22.538[Status]Routing Start.
2019-09-05_00:16:22.874[Status]{'coordinate': [265.6138179049911, 736.9111025760162], 'id': 12}
2019-09-05_00:16:22.874[Status]Routing 21: Walk: 21
2019-09-05_00:16:22.974[Battery Energy]44.45
2019-09-05_00:16:22.975[Status]Routing Start.
2019-09-05_00:16:23.384[Status]{'coordinate': [275.5478092338002, 735.7640122224932], 'id': 12}
2019-09-05_00:16:23.384[Status]Routing 22: Walk: 22
2019-09-05_00:16:23.488[Battery Energy]44.11
2019-09-05_00:16:23.488[Status]Routing Start.
2019-09-05_00:16:23.952[Status]{'coordinate': [285.4818005626093, 734.61692186897], 'id': 12}
2019-09-05_00:16:23.952[Status]Routing 23: Walk: 23
2019-09-05_00:16:24.068[Battery Energy]43.76
2019-09-05_00:16:24.068[Status]Routing Start.
2019-09-05_00:16:24.490[Status]{'coordinate': [295.4157918914184, 733.469831515447], 'id': 12}
2019-09-05_00:16:24.490[Status]Routing 24: Walk: 24
2019-09-05_00:16:24.590[Battery Energy]43.46
2019-09-05_00:16:24.590[Status]Routing Start.
2019-09-05_00:16:24.941[Status]{'coordinate': [305.3497832202275, 732.3227411619239], 'id': 12}
2019-09-05_00:16:24.941[Status]Routing 25: Walk: 25
2019-09-05_00:16:25.041[Battery Energy]43.06
2019-09-05_00:16:25.041[Status]Routing Start.
2019-09-05_00:16:25.339[Status]{'coordinate': [315.2837745490366, 731.1756508084009], 'id': 12}
2019-09-05_00:16:25.339[Status]Routing 26: Walk: 26
2019-09-05_00:16:25.444[Battery Energy]42.72
2019-09-05_00:16:25.444[Status]Routing Start.
2019-09-05_00:16:25.767[Status]{'coordinate': [325.2177658778457, 730.0285604548777], 'id': 12}
2019-09-05_00:16:25.767[Status]Routing 27: Walk: 27
2019-09-05_00:16:25.867[Battery Energy]42.43
2019-09-05_00:16:25.867[Status]Routing Start.
2019-09-05_00:16:26.250[Status]{'coordinate': [335.1517572066548, 728.8814701013547], 'id': 12}
2019-09-05_00:16:26.250[Status]Routing 28: Walk: 28
2019-09-05_00:16:26.350[Battery Energy]42.12
2019-09-05_00:16:26.350[Status]Routing Start.
2019-09-05_00:16:26.702[Status]{'coordinate': [345.0857485354639, 727.7343797478316], 'id': 12}
2019-09-05_00:16:26.702[Status]Routing 29: Walk: 29
2019-09-05_00:16:26.808[Battery Energy]41.82
2019-09-05_00:16:26.808[Status]Routing Start.
2019-09-05_00:16:27.131[Status]{'coordinate': [355.019739864273, 726.5872893943085], 'id': 12}
2019-09-05_00:16:27.131[Status]Routing 30: Walk: 30
2019-09-05_00:16:27.236[Battery Energy]41.53
2019-09-05_00:16:27.236[Status]Routing Start.
2019-09-05_00:16:27.603[Status]{'coordinate': [364.9537311930821, 725.4401990407854], 'id': 12}
2019-09-05_00:16:27.603[Status]Routing 31: Walk: 31
2019-09-05_00:16:27.704[Battery Energy]41.18
2019-09-05_00:16:27.704[Status]Routing Start.
2019-09-05_00:16:28.047[Status]{'coordinate': [374.8877225218912, 724.2931086872624], 'id': 12}
2019-09-05_00:16:28.047[Status]Routing 32: Walk: 32
2019-09-05_00:16:28.148[Battery Energy]40.85
2019-09-05_00:16:28.148[Status]Routing Start.
2019-09-05_00:16:28.416[Status]{'coordinate': [384.8217138507003, 723.1460183337392], 'id': 12}
2019-09-05_00:16:28.417[Status]Routing 33: Walk: 33
2019-09-05_00:16:28.532[Battery Energy]40.58
2019-09-05_00:16:28.532[Status]Routing Start.
2019-09-05_00:16:28.970[Status]{'coordinate': [394.7557051795094, 721.9989279802162], 'id': 12}
2019-09-05_00:16:28.970[Status]Routing 34: Walk: 34
2019-09-05_00:16:29.072[Battery Energy]40.09
2019-09-05_00:16:29.072[Status]Routing Start.
2019-09-05_00:16:29.369[Status]{'coordinate': [404.6896965083185, 720.851837626693], 'id': 12}
2019-09-05_00:16:29.369[Status]Routing 35: Walk: 35
2019-09-05_00:16:29.472[Battery Energy]39.75
2019-09-05_00:16:29.472[Status]Routing Start.
2019-09-05_00:16:29.946[Status]{'coordinate': [414.6236878371276, 719.70474727317], 'id': 12}
2019-09-05_00:16:29.946[Status]Routing 36: Walk: 36
2019-09-05_00:16:30.048[Battery Energy]39.33
2019-09-05_00:16:30.049[Status]Routing Start.
2019-09-05_00:16:30.356[Status]{'coordinate': [424.5576791659367, 718.5576569196469], 'id': 12}
2019-09-05_00:16:30.356[Status]Routing 37: Walk: 37
2019-09-05_00:16:30.456[Battery Energy]38.97
2019-09-05_00:16:30.457[Status]Routing Start.
2019-09-05_00:16:30.685[Status]{'coordinate': [434.4916704947458, 717.4105665661239], 'id': 12}
2019-09-05_00:16:30.685[Status]Routing 38: Walk: 38
2019-09-05_00:16:30.785[Battery Energy]38.73
2019-09-05_00:16:30.785[Status]Routing Start.
2019-09-05_00:16:31.098[Status]{'coordinate': [444.4256618235549, 716.2634762126007], 'id': 12}
2019-09-05_00:16:31.098[Status]Routing 39: Walk: 39
2019-09-05_00:16:31.198[Battery Energy]38.42
2019-09-05_00:16:31.198[Status]Routing Start.
2019-09-05_00:16:31.557[Status]{'coordinate': [454.359653152364, 715.1163858590777], 'id': 12}
2019-09-05_00:16:31.557[Status]Routing 40: Walk: 40
2019-09-05_00:16:31.657[Battery Energy]38.13
2019-09-05_00:16:31.657[Status]Routing Start.
2019-09-05_00:16:31.990[Status]{'coordinate': [464.2936444811731, 713.9692955055546], 'id': 12}
2019-09-05_00:16:31.990[Status]Routing 41: Walk: 41
2019-09-05_00:16:32.090[Battery Energy]37.85
2019-09-05_00:16:32.090[Status]Routing Start.
2019-09-05_00:16:32.457[Status]{'coordinate': [474.2276358099822, 712.8222051520315], 'id': 12}
2019-09-05_00:16:32.457[Status]Routing 42: Walk: 42
2019-09-05_00:16:32.564[Battery Energy]37.54
2019-09-05_00:16:32.564[Status]Routing Start.
2019-09-05_00:16:32.922[Status]{'coordinate': [484.1616271387913, 711.6751147985084], 'id': 12}
2019-09-05_00:16:32.931[Status]Routing 43: Walk: 43
2019-09-05_00:16:33.031[Battery Energy]37.20
2019-09-05_00:16:33.031[Status]Routing Start.
2019-09-05_00:16:33.418[Status]{'coordinate': [494.0956184676004, 710.5280244449854], 'id': 12}
2019-09-05_00:16:33.424[Status]Routing 44: Walk: 44
2019-09-05_00:16:33.524[Battery Energy]36.86
2019-09-05_00:16:33.524[Status]Routing Start.
2019-09-05_00:16:33.828[Status]{'coordinate': [504.0296097964095, 709.3809340914622], 'id': 12}
2019-09-05_00:16:33.828[Status]Routing 45: Walk: 45
2019-09-05_00:16:33.932[Battery Energy]36.58
2019-09-05_00:16:33.932[Status]Routing Start.
2019-09-05_00:16:34.300[Status]{'coordinate': [513.9636011252186, 708.2338437379392], 'id': 12}
2019-09-05_00:16:34.301[Status]Routing 46: Walk: 46
2019-09-05_00:16:34.404[Battery Energy]36.23
2019-09-05_00:16:34.404[Status]Routing Start.
2019-09-05_00:16:34.858[Status]{'coordinate': [523.8975924540276, 707.086753384416], 'id': 12}
2019-09-05_00:16:34.858[Status]Routing 47: Walk: 47
2019-09-05_00:16:34.958[Battery Energy]35.85
2019-09-05_00:16:34.958[Status]Routing Start.
2019-09-05_00:16:35.317[Status]{'coordinate': [533.8315837828367, 705.939663030893], 'id': 12}
2019-09-05_00:16:35.317[Status]Routing 48: Walk: 48
2019-09-05_00:16:35.417[Battery Energy]35.54
2019-09-05_00:16:35.417[Status]Routing Start.
2019-09-05_00:16:35.754[Status]{'coordinate': [543.7655751116457, 704.7925726773699], 'id': 12}
2019-09-05_00:16:35.754[Status]Routing 49: Walk: 49
2019-09-05_00:16:35.860[Battery Energy]35.22
2019-09-05_00:16:35.860[Status]Routing Start.
2019-09-05_00:16:36.163[Status]{'coordinate': [553.6995664404548, 703.6454823238469], 'id': 12}
2019-09-05_00:16:36.163[Status]Routing 50: Walk: 50
2019-09-05_00:16:36.264[Battery Energy]34.92
2019-09-05_00:16:36.264[Status]Routing Start.
2019-09-05_00:16:36.598[Status]{'coordinate': [563.6335577692638, 702.4983919703238], 'id': 12}
2019-09-05_00:16:36.598[Status]Routing 51: Walk: 51
2019-09-05_00:16:36.700[Battery Energy]34.62
2019-09-05_00:16:36.700[Status]Routing Start.
2019-09-05_00:16:37.017[Status]{'coordinate': [573.5675490980728, 701.3513016168007], 'id': 12}
2019-09-05_00:16:37.017[Status]Routing 52: Walk: 52
2019-09-05_00:16:37.120[Battery Energy]34.33
2019-09-05_00:16:37.120[Status]Routing Start.
2019-09-05_00:16:37.500[Status]{'coordinate': [583.5015404268819, 700.2042112632777], 'id': 12}
2019-09-05_00:16:37.500[Status]Routing 53: Walk: 53
2019-09-05_00:16:37.604[Battery Energy]34.05
2019-09-05_00:16:37.604[Status]Routing Start.
2019-09-05_00:16:37.966[Status]{'coordinate': [593.4355317556909, 699.0571209097545], 'id': 12}
2019-09-05_00:16:37.966[Status]Routing 54: Walk: 54
2019-09-05_00:16:38.080[Battery Energy]33.70
2019-09-05_00:16:38.080[Status]Routing Start.
2019-09-05_00:16:38.417[Status]{'coordinate': [603.3695230845, 697.9100305562315], 'id': 12}
2019-09-05_00:16:38.417[Status]Routing 55: Walk: 55
2019-09-05_00:16:38.518[Battery Energy]33.40
2019-09-05_00:16:38.518[Status]Routing Start.
2019-09-05_00:16:38.933[Status]{'coordinate': [613.303514413309, 696.7629402027084], 'id': 12}
2019-09-05_00:16:38.933[Status]Routing 56: Walk: 56
2019-09-05_00:16:39.033[Battery Energy]33.02
2019-09-05_00:16:39.033[Status]Routing Start.
2019-09-05_00:16:39.371[Status]{'coordinate': [623.2375057421181, 695.6158498491853], 'id': 12}
2019-09-05_00:16:39.371[Status]Routing 57: Walk: 57
2019-09-05_00:16:39.471[Battery Energy]32.71
2019-09-05_00:16:39.471[Status]Routing Start.
2019-09-05_00:16:39.643[Status]{'coordinate': [633.1714970709271, 694.4687594956622], 'id': 12}
2019-09-05_00:16:39.643[Status]Routing 58: Walk: 58
2019-09-05_00:16:39.756[Battery Energy]32.49
2019-09-05_00:16:39.756[Status]Routing Start.
2019-09-05_00:16:40.060[Status]{'coordinate': [643.1054883997361, 693.3216691421392], 'id': 12}
2019-09-05_00:16:40.060[Status]Routing 59: Walk: 59
2019-09-05_00:16:40.172[Battery Energy]32.17
2019-09-05_00:16:40.172[Status]Routing Start.
2019-09-05_00:16:40.334[Status]{'coordinate': [653.0394797285452, 692.174578788616], 'id': 12}
2019-09-05_00:16:40.334[Status]Routing 60: Walk: 60
2019-09-05_00:16:40.444[Battery Energy]31.97
2019-09-05_00:16:40.444[Status]Routing Start.
2019-09-05_00:16:40.783[Status]{'coordinate': [662.9734710573542, 691.027488435093], 'id': 12}
2019-09-05_00:16:40.783[Status]Routing 61: Walk: 61
2019-09-05_00:16:40.888[Battery Energy]31.72
2019-09-05_00:16:40.888[Status]Routing Start.
2019-09-05_00:16:41.206[Status]{'coordinate': [672.9074623861633, 689.8803980815699], 'id': 12}
2019-09-05_00:16:41.206[Status]Routing 62: Walk: 62
2019-09-05_00:16:41.308[Battery Energy]31.40
2019-09-05_00:16:41.308[Status]Routing Start.
2019-09-05_00:16:41.709[Status]{'coordinate': [682.8414537149723, 688.7333077280468], 'id': 12}
2019-09-05_00:16:41.709[Status]Routing 63: Walk: 63
2019-09-05_00:16:41.809[Battery Energy]31.04
2019-09-05_00:16:41.809[Status]Routing Start.
2019-09-05_00:16:42.262[Status]{'coordinate': [692.7754450437814, 687.5862173745238], 'id': 12}
2019-09-05_00:16:42.262[Status]Routing 64: Walk: 64
2019-09-05_00:16:42.368[Battery Energy]30.67
2019-09-05_00:16:42.368[Status]Routing Start.
2019-09-05_00:16:42.690[Status]{'coordinate': [702.7094363725904, 686.4391270210007], 'id': 12}
2019-09-05_00:16:42.690[Status]Routing 65: Walk: 65
2019-09-05_00:16:42.796[Battery Energy]30.37
2019-09-05_00:16:42.796[Status]Routing Start.
2019-09-05_00:16:43.221[Status]{'coordinate': [712.6434277013994, 685.2920366674776], 'id': 12}
2019-09-05_00:16:43.221[Status]Routing 66: Walk: 66
2019-09-05_00:16:43.328[Battery Energy]29.99
2019-09-05_00:16:43.328[Status]Routing Start.
2019-09-05_00:16:43.656[Status]{'coordinate': [722.5774190302085, 684.1449463139545], 'id': 12}
2019-09-05_00:16:43.656[Status]Routing 67: Walk: 67
2019-09-05_00:16:43.762[Battery Energy]29.71
2019-09-05_00:16:43.762[Status]Routing Start.
2019-09-05_00:16:44.091[Status]{'coordinate': [732.5114103590175, 682.9978559604315], 'id': 12}
2019-09-05_00:16:44.091[Status]Routing 68: Walk: 68
2019-09-05_00:16:44.200[Battery Energy]29.42
2019-09-05_00:16:44.200[Status]Routing Start.
2019-09-05_00:16:44.481[Status]{'coordinate': [742.4454016878266, 681.8507656069083], 'id': 12}
2019-09-05_00:16:44.481[Status]Routing 69: Walk: 69
2019-09-05_00:16:44.581[Battery Energy]29.13
2019-09-05_00:16:44.581[Status]Routing Start.
2019-09-05_00:16:44.983[Status]{'coordinate': [752.3793930166356, 680.7036752533853], 'id': 12}
2019-09-05_00:16:44.986[Status]Routing 70: Walk: 70
2019-09-05_00:16:45.096[Battery Energy]28.81
2019-09-05_00:16:45.096[Status]Routing Start.
2019-09-05_00:16:45.377[Status]{'coordinate': [762.3133843454447, 679.5565848998622], 'id': 12}
2019-09-05_00:16:45.377[Status]Routing 71: Walk: 71
2019-09-05_00:16:45.480[Battery Energy]28.55
2019-09-05_00:16:45.480[Status]Routing Start.
2019-09-05_00:16:45.662[Status]{'coordinate': [772.2473756742537, 678.4094945463391], 'id': 12}
2019-09-05_00:16:45.662[Status]Routing 72: Walk: 72
2019-09-05_00:16:45.762[Battery Energy]28.32
2019-09-05_00:16:45.762[Status]Routing Start.
2019-09-05_00:16:45.948[Status]{'coordinate': [782.1813670030627, 677.2624041928161], 'id': 12}
2019-09-05_00:16:45.948[Status]Routing 73: Walk: 73
2019-09-05_00:16:46.056[Battery Energy]28.07
2019-09-05_00:16:46.056[Status]Routing Start.
2019-09-05_00:16:46.343[Status]{'coordinate': [792.1153583318718, 676.115313839293], 'id': 12}
2019-09-05_00:16:46.343[Status]Routing 74: Walk: 74
2019-09-05_00:16:46.443[Battery Energy]27.77
2019-09-05_00:16:46.443[Status]Routing Start.
2019-09-05_00:16:46.644[Status]{'coordinate': [802.0493496606808, 674.96822348577], 'id': 12}
2019-09-05_00:16:46.644[Status]Routing 75: Walk: 75
2019-09-05_00:16:46.768[Battery Energy]27.56
2019-09-05_00:16:46.768[Status]Routing Start.
2019-09-05_00:16:46.926[Status]{'coordinate': [811.9833409894899, 673.8211331322468], 'id': 12}
2019-09-05_00:16:46.926[Status]Routing 76: Walk: 76
2019-09-05_00:16:47.030[Battery Energy]27.35
2019-09-05_00:16:47.030[Status]Routing Start.
2019-09-05_00:16:47.398[Status]{'coordinate': [821.9173323182989, 672.6740427787238], 'id': 12}
2019-09-05_00:16:47.398[Status]Routing 77: Walk: 77
2019-09-05_00:16:47.499[Battery Energy]27.05
2019-09-05_00:16:47.499[Status]Routing Start.
2019-09-05_00:16:47.703[Status]{'coordinate': [831.851323647108, 671.5269524252006], 'id': 12}
2019-09-05_00:16:47.703[Status]Routing 78: Walk: 78
2019-09-05_00:16:47.819[Battery Energy]26.80
2019-09-05_00:16:47.819[Status]Routing Start.
2019-09-05_00:16:48.138[Status]{'coordinate': [841.785314975917, 670.3798620716776], 'id': 12}
2019-09-05_00:16:48.138[Status]Routing 79: Walk: 79
2019-09-05_00:16:48.244[Battery Energy]26.52
2019-09-05_00:16:48.244[Status]Routing Start.
2019-09-05_00:16:48.397[Status]{'coordinate': [851.719306304726, 669.2327717181545], 'id': 12}
2019-09-05_00:16:48.397[Status]Routing 80: Walk: 80
2019-09-05_00:16:48.508[Battery Energy]26.31
2019-09-05_00:16:48.508[Status]Routing Start.
2019-09-05_00:16:48.778[Status]{'coordinate': [861.6532976335351, 668.0856813646315], 'id': 12}
2019-09-05_00:16:48.778[Status]Routing 81: Walk: 81
2019-09-05_00:16:48.884[Battery Energy]26.09
2019-09-05_00:16:48.884[Status]Routing Start.
2019-09-05_00:16:49.128[Status]{'coordinate': [871.5872889623441, 666.9385910111084], 'id': 12}
2019-09-05_00:16:49.128[Status]Routing 82: Walk: 82
2019-09-05_00:16:49.235[Battery Energy]25.84
2019-09-05_00:16:49.235[Status]Routing Start.
2019-09-05_00:16:49.540[Status]{'coordinate': [881.5212802911532, 665.7915006575853], 'id': 12}
2019-09-05_00:16:49.540[Status]Routing 83: Walk: 83
2019-09-05_00:16:49.641[Battery Energy]25.57
2019-09-05_00:16:49.641[Status]Routing Start.
2019-09-05_00:16:49.974[Status]{'coordinate': [891.4552716199622, 664.6444103040623], 'id': 12}
2019-09-05_00:16:49.979[Status]Routing 84: Walk: 84
2019-09-05_00:16:50.088[Battery Energy]25.29
2019-09-05_00:16:50.088[Status]Routing Start.
2019-09-05_00:16:50.247[Status]{'coordinate': [901.3892629487713, 663.4973199505391], 'id': 12}
2019-09-05_00:16:50.247[Status]Routing 85: Walk: 85
2019-09-05_00:16:50.356[Battery Energy]25.07
2019-09-05_00:16:50.356[Status]Routing Start.
2019-09-05_00:16:50.592[Status]{'coordinate': [911.3232542775803, 662.3502295970161], 'id': 12}
2019-09-05_00:16:50.592[Status]Routing 86: Walk: 86
2019-09-05_00:16:50.692[Battery Energy]24.81
2019-09-05_00:16:50.693[Status]Routing Start.
2019-09-05_00:16:50.993[Status]{'coordinate': [921.2572456063893, 661.203139243493], 'id': 12}
2019-09-05_00:16:50.996[Status]Routing 87: Walk: 87
2019-09-05_00:16:51.102[Battery Energy]24.57
2019-09-05_00:16:51.102[Status]Routing Start.
2019-09-05_00:16:51.327[Status]{'coordinate': [931.1912369351984, 660.0560488899699], 'id': 12}
2019-09-05_00:16:51.328[Status]Routing 88: Walk: 88
2019-09-05_00:16:51.440[Battery Energy]24.32
2019-09-05_00:16:51.440[Status]Routing Start.
2019-09-05_00:16:51.650[Status]{'coordinate': [941.1252282640074, 658.9089585364468], 'id': 12}
2019-09-05_00:16:51.650[Status]Routing 89: Walk: 89
2019-09-05_00:16:51.751[Battery Energy]24.06
2019-09-05_00:16:51.751[Status]Routing Start.
2019-09-05_00:16:52.015[Status]{'coordinate': [951.0592195928165, 657.7618681829238], 'id': 12}
2019-09-05_00:16:52.015[Status]Routing 90: Walk: 90
2019-09-05_00:16:52.128[Battery Energy]23.81
2019-09-05_00:16:52.128[Status]Routing Start.
2019-09-05_00:16:52.330[Status]{'coordinate': [960.9932109216255, 656.6147778294007], 'id': 12}
2019-09-05_00:16:52.330[Status]Routing 91: Walk: 91
2019-09-05_00:16:52.436[Battery Energy]23.57
2019-09-05_00:16:52.436[Status]Routing Start.
2019-09-05_00:16:52.643[Status]{'coordinate': [970.9272022504346, 655.4676874758776], 'id': 12}
2019-09-05_00:16:52.645[Status]Routing 92: Walk: 92
2019-09-05_00:16:52.745[Battery Energy]23.31
2019-09-05_00:16:52.745[Status]Routing Start.
2019-09-05_00:16:52.973[Status]{'coordinate': [980.8611935792436, 654.3205971223546], 'id': 12}
2019-09-05_00:16:52.973[Status]Routing 93: Walk: 93
2019-09-05_00:16:53.092[Battery Energy]23.08
2019-09-05_00:16:53.092[Status]Routing Start.
2019-09-05_00:16:53.295[Status]{'coordinate': [990.7951849080526, 653.1735067688314], 'id': 12}
2019-09-05_00:16:53.295[Status]Routing 94: Walk: 94
2019-09-05_00:16:53.396[Battery Energy]22.85
2019-09-05_00:16:53.396[Status]Routing Start.
2019-09-05_00:16:53.820[Status]{'coordinate': [1000.7291762368617, 652.0264164153084], 'id': 12}
2019-09-05_00:16:53.822[Status]Routing 95: Walk: 95
2019-09-05_00:16:53.922[Battery Energy]22.49
2019-09-05_00:16:53.922[Status]Routing Start.
2019-09-05_00:16:54.135[Status]{'coordinate': [1010.6631675656707, 650.8793260617853], 'id': 12}
2019-09-05_00:16:54.135[Status]Routing 96: Walk: 96
2019-09-05_00:16:54.235[Battery Energy]22.26
2019-09-05_00:16:54.235[Status]Routing Start.
2019-09-05_00:16:54.579[Status]{'coordinate': [1020.5971588944798, 649.7322357082622], 'id': 12}
2019-09-05_00:16:54.579[Status]Routing 97: Walk: 97
2019-09-05_00:16:54.684[Battery Energy]21.93
2019-09-05_00:16:54.684[Status]Routing Start.
2019-09-05_00:16:54.926[Status]{'coordinate': [1030.531150223289, 648.5851453547391], 'id': 12}
2019-09-05_00:16:54.926[Status]Routing 98: Walk: 98
2019-09-05_00:16:55.026[Battery Energy]21.70
2019-09-05_00:16:55.026[Status]Routing Start.
2019-09-05_00:16:55.219[Status]{'coordinate': [1040.465141552098, 647.4380550012161], 'id': 12}
2019-09-05_00:16:55.219[Status]Routing 99: Walk: 99
2019-09-05_00:16:55.336[Battery Energy]21.46
2019-09-05_00:16:55.336[Status]Routing Start.
2019-09-05_00:16:55.497[Status]{'coordinate': [1050.399132880907, 646.2909646476929], 'id': 12}
2019-09-05_00:16:55.497[Status]Routing 100: Walk: 100
2019-09-05_00:16:55.597[Battery Energy]21.25
2019-09-05_00:16:55.597[Status]Routing Start.
2019-09-05_00:16:55.979[Status]{'coordinate': [1060.333124209716, 645.1438742941699], 'id': 12}
2019-09-05_00:16:55.979[Status]Routing 101: Walk: 101
2019-09-05_00:16:56.093[Battery Energy]20.90
2019-09-05_00:16:56.093[Status]Routing Start.
2019-09-05_00:16:56.483[Status]{'coordinate': [1070.267115538525, 643.9967839406468], 'id': 12}
2019-09-05_00:16:56.483[Status]Routing 102: Walk: 102
2019-09-05_00:16:56.584[Battery Energy]20.64
2019-09-05_00:16:56.584[Status]Routing Start.
2019-09-05_00:16:56.953[Status]{'coordinate': [1080.2011068673341, 642.8496935871237], 'id': 12}
2019-09-05_00:16:56.954[Status]Routing 103: Walk: 103
2019-09-05_00:16:57.060[Battery Energy]20.30
2019-09-05_00:16:57.060[Status]Routing Start.
2019-09-05_00:16:57.563[Status]{'coordinate': [1081.8177503392749, 652.7181516168582], 'id': 12}
2019-09-05_00:16:57.563[Status]Routing 104: Walk: 104
2019-09-05_00:16:57.663[Battery Energy]19.84
2019-09-05_00:16:57.663[Status]Routing Start.
2019-09-05_00:16:58.021[Status]{'coordinate': [1078.267498108891, 662.0667188386658], 'id': 12}
2019-09-05_00:16:58.021[Status]Routing 105: Walk: 105
2019-09-05_00:16:58.128[Battery Energy]19.45
2019-09-05_00:16:58.128[Status]Routing Start.
2019-09-05_00:16:58.439[Status]{'coordinate': [1073.886204079385, 671.0558379627521], 'id': 12}
2019-09-05_00:16:58.445[Status]Routing 106: Walk: 106
2019-09-05_00:16:58.545[Battery Energy]19.06
2019-09-05_00:16:58.545[Status]Routing Start.
2019-09-05_00:16:58.928[Status]{'coordinate': [1075.0095337722025, 680.9925441776522], 'id': 12}
2019-09-05_00:16:58.933[Status]Routing 107: Walk: 107
2019-09-05_00:16:59.033[Battery Energy]18.66
2019-09-05_00:16:59.033[Status]Routing Start.
2019-09-05_00:16:59.227[Status]{'coordinate': [1084.5451284773374, 677.9804961004453], 'id': 12}
2019-09-05_00:16:59.228[Status]Routing 108: Walk: 108
2019-09-05_00:16:59.328[Battery Energy]18.41
2019-09-05_00:16:59.328[Status]Routing Start.
2019-09-05_00:16:59.756[Status]{'coordinate': [1088.1701658982697, 687.3003192584692], 'id': 12}
2019-09-05_00:16:59.756[Status]Routing 109: Walk: 109
2019-09-05_00:16:59.856[Battery Energy]17.93
2019-09-05_00:16:59.856[Status]Routing Start.
2019-09-05_00:17:00.057[Status]{'coordinate': [1097.5305142372895, 683.7812456627325], 'id': 12}
2019-09-05_00:17:00.057[Status]Routing 110: Walk: 110
2019-09-05_00:17:00.157[Battery Energy]17.72
2019-09-05_00:17:00.157[Status]Routing Start.
2019-09-05_00:17:00.491[Status]{'coordinate': [1106.8908625763092, 680.2621720669958], 'id': 12}
2019-09-05_00:17:00.492[Status]Routing 111: Walk: 111
2019-09-05_00:17:00.592[Battery Energy]17.44
2019-09-05_00:17:00.592[Status]Routing Start.
2019-09-05_00:17:01.029[Status]{'coordinate': [1116.251210915329, 676.7430984712591], 'id': 12}
2019-09-05_00:17:01.029[Status]Routing 112: Walk: 112
2019-09-05_00:17:01.129[Battery Energy]17.03
2019-09-05_00:17:01.129[Status]Routing Start.
2019-09-05_00:17:01.532[Status]{'coordinate': [1125.6115592543488, 673.2240248755224], 'id': 12}
2019-09-05_00:17:01.532[Status]Routing 113: Walk: 113
2019-09-05_00:17:01.653[Battery Energy]16.59
2019-09-05_00:17:01.653[Status]Routing Start.
2019-09-05_00:17:01.984[Status]{'coordinate': [1134.9719075933685, 669.7049512797857], 'id': 12}
2019-09-05_00:17:01.984[Status]Routing 114: Walk: 114
2019-09-05_00:17:02.084[Battery Energy]16.20
2019-09-05_00:17:02.084[Status]Routing Start.
2019-09-05_00:17:02.302[Status]{'coordinate': [1144.3322559323883, 666.185877684049], 'id': 12}
2019-09-05_00:17:02.302[Status]Routing 115: Walk: 115
2019-09-05_00:17:02.402[Battery Energy]15.93
2019-09-05_00:17:02.402[Status]Routing Start.
2019-09-05_00:17:02.809[Status]{'coordinate': [1153.692604271408, 662.6668040883123], 'id': 12}
2019-09-05_00:17:02.809[Status]Routing 116: Walk: 116
2019-09-05_00:17:02.920[Battery Energy]15.55
2019-09-05_00:17:02.920[Status]Routing Start.
2019-09-05_00:17:03.237[Status]{'coordinate': [1163.0529526104278, 659.1477304925756], 'id': 12}
2019-09-05_00:17:03.237[Status]Routing 117: Walk: 117
2019-09-05_00:17:03.337[Battery Energy]15.26
2019-09-05_00:17:03.338[Status]Routing Start.
2019-09-05_00:17:03.746[Status]{'coordinate': [1172.4133009494476, 655.628656896839], 'id': 12}
2019-09-05_00:17:03.746[Status]Routing 118: Walk: 118
2019-09-05_00:17:03.846[Battery Energy]14.86
2019-09-05_00:17:03.846[Status]Routing Start.
2019-09-05_00:17:04.109[Status]{'coordinate': [1181.7736492884674, 652.1095833011022], 'id': 12}
2019-09-05_00:17:04.109[Status]Routing 119: Walk: 119
2019-09-05_00:17:04.209[Battery Energy]14.63
2019-09-05_00:17:04.209[Status]Routing Start.
2019-09-05_00:17:04.572[Status]{'coordinate': [1191.1339976274871, 648.5905097053655], 'id': 12}
2019-09-05_00:17:04.572[Status]Routing 120: Walk: 120
2019-09-05_00:17:04.688[Battery Energy]14.29
2019-09-05_00:17:04.688[Status]Routing Start.
2019-09-05_00:17:05.126[Status]{'coordinate': [1200.494345966507, 645.071436109629], 'id': 12}
2019-09-05_00:17:05.127[Status]Routing 121: Walk: 121
2019-09-05_00:17:05.227[Battery Energy]13.91
2019-09-05_00:17:05.227[Status]Routing Start.
2019-09-05_00:17:05.599[Status]{'coordinate': [1209.8546943055267, 641.5523625138923], 'id': 12}
2019-09-05_00:17:05.599[Status]Routing 122: Walk: 122
2019-09-05_00:17:05.708[Battery Energy]13.62
2019-09-05_00:17:05.708[Status]Routing Start.
2019-09-05_00:17:06.107[Status]{'coordinate': [1219.2150426445464, 638.0332889181556], 'id': 12}
2019-09-05_00:17:06.107[Status]Routing 123: Walk: 123
2019-09-05_00:17:06.212[Battery Energy]13.28
2019-09-05_00:17:06.212[Status]Routing Start.
2019-09-05_00:17:06.606[Status]{'coordinate': [1228.5753909835662, 634.514215322419], 'id': 12}
2019-09-05_00:17:06.606[Status]Routing 124: Walk: 124
2019-09-05_00:17:06.706[Battery Energy]12.93
2019-09-05_00:17:06.706[Status]Routing Start.
2019-09-05_00:17:06.913[Status]{'coordinate': [1237.935739322586, 630.9951417266823], 'id': 12}
2019-09-05_00:17:06.915[Status]Routing 125: Walk: 125
2019-09-05_00:17:07.040[Battery Energy]12.68
2019-09-05_00:17:07.040[Status]Routing Start.
2019-09-05_00:17:07.355[Status]{'coordinate': [1247.2960876616057, 627.4760681309457], 'id': 12}
2019-09-05_00:17:07.355[Status]Routing 126: Walk: 126
2019-09-05_00:17:07.455[Battery Energy]12.36
2019-09-05_00:17:07.455[Status]Routing Start.
2019-09-05_00:17:07.737[Status]{'coordinate': [1256.6564360006255, 623.956994535209], 'id': 12}
2019-09-05_00:17:07.737[Status]Routing 127: Walk: 127
2019-09-05_00:17:07.864[Battery Energy]12.04
2019-09-05_00:17:07.864[Status]Routing Start.
2019-09-05_00:17:07.864[Status]Task Finished.
2019-09-05_00:17:07.964[Battery Energy]12.04
2019-09-05_00:17:08.254[Status]Routing 129: Walk: 127
2019-09-05_00:17:08.360[Battery Energy]11.86
2019-09-05_00:17:08.683[Status]Routing 130: Walk: 127
2019-09-05_00:17:08.806[Battery Energy]11.67
2019-09-05_00:17:09.072[Status]Routing 131: Walk: 127
2019-09-05_00:17:09.180[Battery Energy]11.56
2019-09-05_00:17:09.407[Status]Routing 132: Walk: 127
2019-09-05_00:17:09.516[Battery Energy]11.41
2019-09-05_00:17:09.663[Status]Routing 133: Walk: 127
2019-09-05_00:17:09.763[Battery Energy]11.33
2019-09-05_00:17:09.985[Status]Routing 134: Walk: 127
2019-09-05_00:17:10.092[Battery Energy]11.19
2019-09-05_00:17:10.365[Status]Routing 135: Walk: 127
2019-09-05_00:17:10.466[Battery Energy]11.04
2019-09-05_00:17:10.689[Status]Routing 136: Walk: 127
2019-09-05_00:17:10.800[Battery Energy]10.95
2019-09-05_00:17:10.945[Status]Routing 137: Walk: 127
2019-09-05_00:17:11.056[Battery Energy]10.85
2019-09-05_00:17:11.218[Status]Routing 138: Walk: 127
2019-09-05_00:17:11.320[Battery Energy]10.75
2019-09-05_00:17:11.598[Status]Routing 139: Walk: 127
2019-09-05_00:17:11.708[Battery Energy]10.60
2019-09-05_00:17:11.937[Status]Routing 140: Walk: 127
2019-09-05_00:17:12.050[Battery Energy]10.43
2019-09-05_00:17:12.467[Status]Routing 141: Walk: 127
2019-09-05_00:17:12.567[Battery Energy]10.18
2019-09-05_00:17:12.824[Status]Routing 142: Walk: 127
2019-09-05_00:17:12.932[Battery Energy]10.02
2019-09-05_00:17:13.179[Status]Routing 143: Walk: 127
2019-09-05_00:17:13.279[Battery Energy]9.87
2019-09-05_00:17:13.565[Status]Routing 144: Walk: 127
2019-09-05_00:17:13.665[Battery Energy]9.72
2019-09-05_00:17:13.880[Status]Routing 145: Walk: 127
2019-09-05_00:17:13.988[Battery Energy]9.59
2019-09-05_00:17:14.246[Status]Routing 146: Walk: 127
2019-09-05_00:17:14.365[Battery Energy]9.41
2019-09-05_00:17:14.555[Status]Routing 147: Walk: 127
2019-09-05_00:17:14.660[Battery Energy]9.25
2019-09-05_00:17:14.873[Status]Routing 148: Walk: 127
2019-09-05_00:17:14.973[Battery Energy]9.13
2019-09-05_00:17:15.224[Status]Routing 149: Walk: 127
2019-09-05_00:17:15.331[Battery Energy]9.00
2019-09-05_00:17:15.492[Status]Routing 150: Walk: 127
2019-09-05_00:17:15.596[Battery Energy]8.90
2019-09-05_00:17:15.795[Status]Routing 151: Walk: 127
2019-09-05_00:17:15.895[Battery Energy]8.78
2019-09-05_00:17:16.136[Status]Routing 152: Walk: 127
2019-09-05_00:17:16.236[Battery Energy]8.67
2019-09-05_00:17:16.487[Status]Routing 153: Walk: 127
2019-09-05_00:17:16.587[Battery Energy]8.48
2019-09-05_00:17:16.789[Status]Routing 154: Walk: 127
2019-09-05_00:17:16.889[Battery Energy]8.37
2019-09-05_00:17:17.123[Status]Routing 155: Walk: 127
2019-09-05_00:17:17.234[Battery Energy]8.26
2019-09-05_00:17:17.377[Status]Routing 156: Walk: 127
2019-09-05_00:17:17.504[Battery Energy]8.17
2019-09-05_00:17:17.762[Status]Routing 157: Walk: 127
2019-09-05_00:17:17.862[Battery Energy]8.00
2019-09-05_00:17:18.058[Status]Routing 158: Walk: 127
2019-09-05_00:17:18.160[Battery Energy]7.86
2019-09-05_00:17:18.516[Status]Routing 159: Walk: 127
2019-09-05_00:17:18.616[Battery Energy]7.64
2019-09-05_00:17:18.844[Status]Routing 160: Walk: 127
2019-09-05_00:17:18.944[Battery Energy]7.51
2019-09-05_00:17:19.143[Status]Routing 161: Walk: 127
2019-09-05_00:17:19.244[Battery Energy]7.40
