2019-09-05_00:16:06.284[Status]Start.
2019-09-05_00:16:06.285[Battery Energy]52.00
2019-09-05_00:16:07.387[Battery Energy]51.96
2019-09-05_00:16:08.488[Battery Energy]51.92
2019-09-05_00:16:09.589[Battery Energy]51.88
2019-09-05_00:16:10.690[Battery Energy]51.84
2019-09-05_00:16:11.791[Task]A New Task Released.
2019-09-05_00:16:11.792[Battery Energy]51.80
2019-09-05_00:16:11.792[Status]Selection Start.
2019-09-05_00:16:13.802[Status]Selection End: Do Task 1.
2019-09-05_00:16:13.908[Battery Energy]50.37
2019-09-05_00:16:13.908[Status]Formation Start.
2019-09-05_00:16:14.086[Status]Formation End: To Position 5.
2019-09-05_00:16:14.196[Battery Energy]50.22
2019-09-05_00:16:14.196[Status]Routing Start.
2019-09-05_00:16:14.397[Status]{'id': 9, 'coordinate': [67.97910084440012, 530.6461782550449]}
2019-09-05_00:16:14.397[Status]Routing 1: Walk: 1
2019-09-05_00:16:14.498[Battery Energy]50.00
2019-09-05_00:16:14.498[Status]Routing Start.
2019-09-05_00:16:14.707[Status]{'id': 9, 'coordinate': [77.95820168880024, 531.2923565100898]}
2019-09-05_00:16:14.708[Status]Routing 2: Walk: 2
2019-09-05_00:16:14.820[Battery Energy]49.78
2019-09-05_00:16:14.820[Status]Routing Start.
2019-09-05_00:16:15.041[Status]{'id': 9, 'coordinate': [87.93730253320037, 531.9385347651347]}
2019-09-05_00:16:15.041[Status]Routing 3: Walk: 3
2019-09-05_00:16:15.156[Battery Energy]49.52
2019-09-05_00:16:15.156[Status]Routing Start.
2019-09-05_00:16:15.422[Status]{'id': 9, 'coordinate': [97.91640337760049, 532.5847130201796]}
2019-09-05_00:16:15.422[Status]Routing 4: Walk: 4
2019-09-05_00:16:15.528[Battery Energy]49.27
2019-09-05_00:16:15.528[Status]Routing Start.
2019-09-05_00:16:15.829[Status]{'id': 9, 'coordinate': [107.89550422200061, 533.2308912752245]}
2019-09-05_00:16:15.829[Status]Routing 5: Walk: 5
2019-09-05_00:16:15.936[Battery Energy]48.96
2019-09-05_00:16:15.936[Status]Routing Start.
2019-09-05_00:16:16.428[Status]{'id': 9, 'coordinate': [117.87460506640073, 533.8770695302694]}
2019-09-05_00:16:16.428[Status]Routing 6: Walk: 6
2019-09-05_00:16:16.529[Battery Energy]48.53
2019-09-05_00:16:16.529[Status]Routing Start.
2019-09-05_00:16:17.000[Status]{'id': 9, 'coordinate': [127.85370591080085, 534.5232477853143]}
2019-09-05_00:16:17.000[Status]Routing 7: Walk: 7
2019-09-05_00:16:17.100[Battery Energy]48.16
2019-09-05_00:16:17.100[Status]Routing Start.
2019-09-05_00:16:17.463[Status]{'id': 9, 'coordinate': [137.83280675520098, 535.1694260403592]}
2019-09-05_00:16:17.463[Status]Routing 8: Walk: 8
2019-09-05_00:16:17.563[Battery Energy]47.78
2019-09-05_00:16:17.564[Status]Routing Start.
2019-09-05_00:16:17.925[Status]{'id': 9, 'coordinate': [147.81190759960108, 535.815604295404]}
2019-09-05_00:16:17.927[Status]Routing 9: Walk: 9
2019-09-05_00:16:18.027[Battery Energy]47.49
2019-09-05_00:16:18.027[Status]Routing Start.
2019-09-05_00:16:18.369[Status]{'id': 9, 'coordinate': [157.7910084440012, 536.4617825504488]}
2019-09-05_00:16:18.371[Status]Routing 10: Walk: 10
2019-09-05_00:16:18.471[Battery Energy]47.16
2019-09-05_00:16:18.471[Status]Routing Start.
2019-09-05_00:16:18.775[Status]{'id': 9, 'coordinate': [167.77010928840133, 537.1079608054937]}
2019-09-05_00:16:18.775[Status]Routing 11: Walk: 11
2019-09-05_00:16:18.876[Battery Energy]46.84
2019-09-05_00:16:18.876[Status]Routing Start.
2019-09-05_00:16:19.209[Status]{'id': 9, 'coordinate': [177.74921013280144, 537.7541390605385]}
2019-09-05_00:16:19.209[Status]Routing 12: Walk: 12
2019-09-05_00:16:19.324[Battery Energy]46.51
2019-09-05_00:16:19.324[Status]Routing Start.
2019-09-05_00:16:19.676[Status]{'id': 9, 'coordinate': [187.72831097720155, 538.4003173155834]}
2019-09-05_00:16:19.676[Status]Routing 13: Walk: 13
2019-09-05_00:16:19.776[Battery Energy]46.17
2019-09-05_00:16:19.776[Status]Routing Start.
2019-09-05_00:16:20.071[Status]{'id': 9, 'coordinate': [197.70741182160165, 539.0464955706282]}
2019-09-05_00:16:20.072[Status]Routing 14: Walk: 14
2019-09-05_00:16:20.188[Battery Energy]45.82
2019-09-05_00:16:20.188[Status]Routing Start.
2019-09-05_00:16:20.525[Status]Routing 15: Walk: 14
2019-09-05_00:16:20.625[Battery Energy]45.44
2019-09-05_00:16:20.625[Status]Routing Start.
2019-09-05_00:16:20.836[Status]{'id': 9, 'coordinate': [207.68651266600176, 539.6926738256731]}
2019-09-05_00:16:20.838[Status]Routing 16: Walk: 15
2019-09-05_00:16:20.944[Battery Energy]45.22
2019-09-05_00:16:20.944[Status]Routing Start.
2019-09-05_00:16:21.223[Status]{'id': 9, 'coordinate': [217.66561351040187, 540.3388520807179]}
2019-09-05_00:16:21.224[Status]Routing 17: Walk: 16
2019-09-05_00:16:21.336[Battery Energy]44.98
2019-09-05_00:16:21.336[Status]Routing Start.
2019-09-05_00:16:21.746[Status]Routing 18: Walk: 16
2019-09-05_00:16:21.848[Battery Energy]44.62
2019-09-05_00:16:21.848[Status]Routing Start.
2019-09-05_00:16:22.014[Status]{'id': 9, 'coordinate': [227.64471435480198, 540.9850303357628]}
2019-09-05_00:16:22.014[Status]Routing 19: Walk: 17
2019-09-05_00:16:22.116[Battery Energy]44.40
2019-09-05_00:16:22.116[Status]Routing Start.
2019-09-05_00:16:22.439[Status]{'id': 9, 'coordinate': [237.62381519920208, 541.6312085908075]}
2019-09-05_00:16:22.440[Status]Routing 20: Walk: 18
2019-09-05_00:16:22.548[Battery Energy]44.11
2019-09-05_00:16:22.548[Status]Routing Start.
2019-09-05_00:16:23.099[Status]Routing 21: Walk: 18
2019-09-05_00:16:23.199[Battery Energy]43.70
2019-09-05_00:16:23.199[Status]Routing Start.
2019-09-05_00:16:23.575[Status]Routing 22: Walk: 18
2019-09-05_00:16:23.677[Battery Energy]43.39
2019-09-05_00:16:23.677[Status]Routing Start.
2019-09-05_00:16:23.960[Status]{'id': 9, 'coordinate': [247.6029160436022, 542.2773868458524]}
2019-09-05_00:16:23.960[Status]Routing 23: Walk: 19
2019-09-05_00:16:24.060[Battery Energy]43.14
2019-09-05_00:16:24.060[Status]Routing Start.
2019-09-05_00:16:24.689[Status]Routing 24: Walk: 19
2019-09-05_00:16:24.793[Battery Energy]42.71
2019-09-05_00:16:24.793[Status]Routing Start.
2019-09-05_00:16:25.089[Status]Routing 25: Walk: 19
2019-09-05_00:16:25.191[Battery Energy]42.44
2019-09-05_00:16:25.191[Status]Routing Start.
2019-09-05_00:16:25.511[Status]Routing 26: Walk: 19
2019-09-05_00:16:25.611[Battery Energy]42.09
2019-09-05_00:16:25.611[Status]Routing Start.
2019-09-05_00:16:25.963[Status]{'id': 9, 'coordinate': [257.58201688800233, 542.9235651008972]}
2019-09-05_00:16:25.963[Status]Routing 27: Walk: 20
2019-09-05_00:16:26.064[Battery Energy]41.68
2019-09-05_00:16:26.064[Status]Routing Start.
2019-09-05_00:16:26.251[Status]{'id': 9, 'coordinate': [267.56111773240247, 543.5697433559421]}
2019-09-05_00:16:26.251[Status]Routing 28: Walk: 21
2019-09-05_00:16:26.364[Battery Energy]41.46
2019-09-05_00:16:26.364[Status]Routing Start.
2019-09-05_00:16:26.896[Status]{'id': 9, 'coordinate': [277.5402185768026, 544.2159216109869]}
2019-09-05_00:16:26.897[Status]Routing 29: Walk: 22
2019-09-05_00:16:26.997[Battery Energy]41.01
2019-09-05_00:16:26.997[Status]Routing Start.
2019-09-05_00:16:27.125[Status]{'id': 9, 'coordinate': [287.51931942120274, 544.8620998660318]}
2019-09-05_00:16:27.128[Status]Routing 30: Walk: 23
2019-09-05_00:16:27.234[Battery Energy]40.81
2019-09-05_00:16:27.235[Status]Routing Start.
2019-09-05_00:16:27.612[Status]{'id': 9, 'coordinate': [297.4984202656029, 545.5082781210766]}
2019-09-05_00:16:27.612[Status]Routing 31: Walk: 24
2019-09-05_00:16:27.724[Battery Energy]40.47
2019-09-05_00:16:27.724[Status]Routing Start.
2019-09-05_00:16:28.046[Status]{'id': 9, 'coordinate': [307.477521110003, 546.1544563761215]}
2019-09-05_00:16:28.046[Status]Routing 32: Walk: 25
2019-09-05_00:16:28.165[Battery Energy]40.15
2019-09-05_00:16:28.165[Status]Routing Start.
2019-09-05_00:16:28.425[Status]{'id': 9, 'coordinate': [317.45662195440315, 546.8006346311663]}
2019-09-05_00:16:28.425[Status]Routing 33: Walk: 26
2019-09-05_00:16:28.528[Battery Energy]39.88
2019-09-05_00:16:28.528[Status]Routing Start.
2019-09-05_00:16:28.769[Status]{'id': 9, 'coordinate': [327.4357227988033, 547.4468128862112]}
2019-09-05_00:16:28.770[Status]Routing 34: Walk: 27
2019-09-05_00:16:28.870[Battery Energy]39.61
2019-09-05_00:16:28.870[Status]Routing Start.
2019-09-05_00:16:29.232[Status]{'id': 9, 'coordinate': [337.4148236432034, 548.092991141256]}
2019-09-05_00:16:29.232[Status]Routing 35: Walk: 28
2019-09-05_00:16:29.336[Battery Energy]39.31
2019-09-05_00:16:29.336[Status]Routing Start.
2019-09-05_00:16:29.811[Status]{'id': 9, 'coordinate': [347.39392448760356, 548.7391693963009]}
2019-09-05_00:16:29.812[Status]Routing 36: Walk: 29
2019-09-05_00:16:29.924[Battery Energy]38.87
2019-09-05_00:16:29.925[Status]Routing Start.
2019-09-05_00:16:30.224[Status]{'id': 9, 'coordinate': [357.3730253320037, 549.3853476513457]}
2019-09-05_00:16:30.224[Status]Routing 37: Walk: 30
2019-09-05_00:16:30.332[Battery Energy]38.55
2019-09-05_00:16:30.332[Status]Routing Start.
2019-09-05_00:16:30.684[Status]{'id': 9, 'coordinate': [367.35212617640383, 550.0315259063906]}
2019-09-05_00:16:30.684[Status]Routing 38: Walk: 31
2019-09-05_00:16:30.788[Battery Energy]38.24
2019-09-05_00:16:30.788[Status]Routing Start.
2019-09-05_00:16:31.101[Status]{'id': 9, 'coordinate': [377.33122702080396, 550.6777041614354]}
2019-09-05_00:16:31.101[Status]Routing 39: Walk: 32
2019-09-05_00:16:31.201[Battery Energy]37.94
2019-09-05_00:16:31.201[Status]Routing Start.
2019-09-05_00:16:31.566[Status]{'id': 9, 'coordinate': [387.3103278652041, 551.3238824164803]}
2019-09-05_00:16:31.566[Status]Routing 40: Walk: 33
2019-09-05_00:16:31.666[Battery Energy]37.62
2019-09-05_00:16:31.666[Status]Routing Start.
2019-09-05_00:16:31.993[Status]{'id': 9, 'coordinate': [397.28942870960424, 551.9700606715251]}
2019-09-05_00:16:31.993[Status]Routing 41: Walk: 34
2019-09-05_00:16:32.108[Battery Energy]37.32
2019-09-05_00:16:32.108[Status]Routing Start.
2019-09-05_00:16:32.454[Status]{'id': 9, 'coordinate': [407.2685295540044, 552.61623892657]}
2019-09-05_00:16:32.454[Status]Routing 42: Walk: 35
2019-09-05_00:16:32.555[Battery Energy]37.02
2019-09-05_00:16:32.555[Status]Routing Start.
2019-09-05_00:16:32.918[Status]{'id': 9, 'coordinate': [417.2476303984045, 553.2624171816148]}
2019-09-05_00:16:32.918[Status]Routing 43: Walk: 36
2019-09-05_00:16:33.018[Battery Energy]36.68
2019-09-05_00:16:33.018[Status]Routing Start.
2019-09-05_00:16:33.420[Status]{'id': 9, 'coordinate': [427.22673124280465, 553.9085954366597]}
2019-09-05_00:16:33.424[Status]Routing 44: Walk: 37
2019-09-05_00:16:33.528[Battery Energy]36.33
2019-09-05_00:16:33.528[Status]Routing Start.
2019-09-05_00:16:33.993[Status]Routing 45: Walk: 37
2019-09-05_00:16:34.094[Battery Energy]35.92
2019-09-05_00:16:34.094[Status]Routing Start.
2019-09-05_00:16:34.430[Status]Routing 46: Walk: 37
2019-09-05_00:16:34.532[Battery Energy]35.62
2019-09-05_00:16:34.532[Status]Routing Start.
2019-09-05_00:16:35.053[Status]Routing 47: Walk: 37
2019-09-05_00:16:35.153[Battery Energy]35.18
2019-09-05_00:16:35.153[Status]Routing Start.
2019-09-05_00:16:35.497[Status]Routing 48: Walk: 37
2019-09-05_00:16:35.598[Battery Energy]34.84
2019-09-05_00:16:35.598[Status]Routing Start.
2019-09-05_00:16:35.925[Status]Routing 49: Walk: 37
2019-09-05_00:16:36.025[Battery Energy]34.55
2019-09-05_00:16:36.025[Status]Routing Start.
2019-09-05_00:16:36.163[Status]{'id': 9, 'coordinate': [437.2058320872048, 554.5547736917044]}
2019-09-05_00:16:36.163[Status]Routing 50: Walk: 38
2019-09-05_00:16:36.272[Battery Energy]34.35
2019-09-05_00:16:36.272[Status]Routing Start.
2019-09-05_00:16:36.602[Status]{'id': 9, 'coordinate': [447.1849329316049, 555.2009519467493]}
2019-09-05_00:16:36.602[Status]Routing 51: Walk: 39
2019-09-05_00:16:36.712[Battery Energy]34.08
2019-09-05_00:16:36.712[Status]Routing Start.
2019-09-05_00:16:37.015[Status]{'id': 9, 'coordinate': [457.16403377600506, 555.8471302017941]}
2019-09-05_00:16:37.016[Status]Routing 52: Walk: 40
2019-09-05_00:16:37.116[Battery Energy]33.79
2019-09-05_00:16:37.116[Status]Routing Start.
2019-09-05_00:16:37.503[Status]{'id': 9, 'coordinate': [467.1431346204052, 556.493308456839]}
2019-09-05_00:16:37.503[Status]Routing 53: Walk: 41
2019-09-05_00:16:37.608[Battery Energy]33.50
2019-09-05_00:16:37.608[Status]Routing Start.
2019-09-05_00:16:37.966[Status]{'id': 9, 'coordinate': [477.1222354648053, 557.1394867118838]}
2019-09-05_00:16:37.966[Status]Routing 54: Walk: 42
2019-09-05_00:16:38.066[Battery Energy]33.17
2019-09-05_00:16:38.066[Status]Routing Start.
2019-09-05_00:16:38.417[Status]{'id': 9, 'coordinate': [487.10133630920546, 557.7856649669287]}
2019-09-05_00:16:38.417[Status]Routing 55: Walk: 43
2019-09-05_00:16:38.532[Battery Energy]32.89
2019-09-05_00:16:38.532[Status]Routing Start.
2019-09-05_00:16:38.937[Status]{'id': 9, 'coordinate': [497.0804371536056, 558.4318432219736]}
2019-09-05_00:16:38.937[Status]Routing 56: Walk: 44
2019-09-05_00:16:39.037[Battery Energy]32.52
2019-09-05_00:16:39.037[Status]Routing Start.
2019-09-05_00:16:39.369[Status]{'id': 9, 'coordinate': [507.05953799800574, 559.0780214770184]}
2019-09-05_00:16:39.369[Status]Routing 57: Walk: 45
2019-09-05_00:16:39.470[Battery Energy]32.19
2019-09-05_00:16:39.470[Status]Routing Start.
2019-09-05_00:16:39.644[Status]{'id': 9, 'coordinate': [517.0386388424058, 559.7241997320632]}
2019-09-05_00:16:39.644[Status]Routing 58: Walk: 46
2019-09-05_00:16:39.760[Battery Energy]31.99
2019-09-05_00:16:39.760[Status]Routing Start.
2019-09-05_00:16:40.054[Status]{'id': 9, 'coordinate': [527.017739686806, 560.3703779871081]}
2019-09-05_00:16:40.055[Status]Routing 59: Walk: 47
2019-09-05_00:16:40.160[Battery Energy]31.74
2019-09-05_00:16:40.160[Status]Routing Start.
2019-09-05_00:16:40.331[Status]{'id': 9, 'coordinate': [536.9968405312061, 561.016556242153]}
2019-09-05_00:16:40.331[Status]Routing 60: Walk: 48
2019-09-05_00:16:40.431[Battery Energy]31.53
2019-09-05_00:16:40.432[Status]Routing Start.
2019-09-05_00:16:40.774[Status]{'id': 9, 'coordinate': [546.9759413756062, 561.6627344971978]}
2019-09-05_00:16:40.774[Status]Routing 61: Walk: 49
2019-09-05_00:16:40.874[Battery Energy]31.24
2019-09-05_00:16:40.874[Status]Routing Start.
2019-09-05_00:16:41.207[Status]{'id': 9, 'coordinate': [556.9550422200064, 562.3089127522427]}
2019-09-05_00:16:41.208[Status]Routing 62: Walk: 50
2019-09-05_00:16:41.312[Battery Energy]30.89
2019-09-05_00:16:41.312[Status]Routing Start.
2019-09-05_00:16:41.710[Status]{'id': 9, 'coordinate': [566.9341430644065, 562.9550910072875]}
2019-09-05_00:16:41.712[Status]Routing 63: Walk: 51
2019-09-05_00:16:41.820[Battery Energy]30.56
2019-09-05_00:16:41.820[Status]Routing Start.
2019-09-05_00:16:42.259[Status]{'id': 9, 'coordinate': [576.9132439088066, 563.6012692623324]}
2019-09-05_00:16:42.259[Status]Routing 64: Walk: 52
2019-09-05_00:16:42.368[Battery Energy]30.19
2019-09-05_00:16:42.368[Status]Routing Start.
2019-09-05_00:16:42.686[Status]{'id': 9, 'coordinate': [586.8923447532068, 564.2474475173772]}
2019-09-05_00:16:42.686[Status]Routing 65: Walk: 53
2019-09-05_00:16:42.787[Battery Energy]29.90
2019-09-05_00:16:42.787[Status]Routing Start.
2019-09-05_00:16:43.219[Status]{'id': 9, 'coordinate': [596.8714455976069, 564.8936257724221]}
2019-09-05_00:16:43.219[Status]Routing 66: Walk: 54
2019-09-05_00:16:43.328[Battery Energy]29.62
2019-09-05_00:16:43.328[Status]Routing Start.
2019-09-05_00:16:43.655[Status]{'id': 9, 'coordinate': [606.850546442007, 565.5398040274669]}
2019-09-05_00:16:43.655[Status]Routing 67: Walk: 55
2019-09-05_00:16:43.756[Battery Energy]29.32
2019-09-05_00:16:43.756[Status]Routing Start.
2019-09-05_00:16:44.096[Status]{'id': 9, 'coordinate': [616.8296472864072, 566.1859822825118]}
2019-09-05_00:16:44.096[Status]Routing 68: Walk: 56
2019-09-05_00:16:44.199[Battery Energy]29.00
2019-09-05_00:16:44.200[Status]Routing Start.
2019-09-05_00:16:44.480[Status]{'id': 9, 'coordinate': [626.8087481308073, 566.8321605375565]}
2019-09-05_00:16:44.480[Status]Routing 69: Walk: 57
2019-09-05_00:16:44.580[Battery Energy]28.69
2019-09-05_00:16:44.581[Status]Routing Start.
2019-09-05_00:16:44.981[Status]{'id': 9, 'coordinate': [636.7878489752075, 567.4783387926014]}
2019-09-05_00:16:44.981[Status]Routing 70: Walk: 58
2019-09-05_00:16:45.082[Battery Energy]28.29
2019-09-05_00:16:45.083[Status]Routing Start.
2019-09-05_00:16:45.376[Status]{'id': 9, 'coordinate': [646.7669498196076, 568.1245170476462]}
2019-09-05_00:16:45.376[Status]Routing 71: Walk: 59
2019-09-05_00:16:45.484[Battery Energy]27.99
2019-09-05_00:16:45.484[Status]Routing Start.
2019-09-05_00:16:45.664[Status]{'id': 9, 'coordinate': [656.7460506640077, 568.7706953026911]}
2019-09-05_00:16:45.664[Status]Routing 72: Walk: 60
2019-09-05_00:16:45.768[Battery Energy]27.78
2019-09-05_00:16:45.768[Status]Routing Start.
2019-09-05_00:16:45.943[Status]{'id': 9, 'coordinate': [666.7251515084079, 569.4168735577359]}
2019-09-05_00:16:45.945[Status]Routing 73: Walk: 61
2019-09-05_00:16:46.060[Battery Energy]27.56
2019-09-05_00:16:46.060[Status]Routing Start.
2019-09-05_00:16:46.314[Status]{'id': 9, 'coordinate': [676.704252352808, 570.0630518127808]}
2019-09-05_00:16:46.314[Status]Routing 74: Walk: 62
2019-09-05_00:16:46.419[Battery Energy]27.30
2019-09-05_00:16:46.419[Status]Routing Start.
2019-09-05_00:16:46.640[Status]{'id': 9, 'coordinate': [686.6833531972081, 570.7092300678256]}
2019-09-05_00:16:46.640[Status]Routing 75: Walk: 63
2019-09-05_00:16:46.748[Battery Energy]27.06
2019-09-05_00:16:46.748[Status]Routing Start.
2019-09-05_00:16:46.923[Status]{'id': 9, 'coordinate': [696.6624540416083, 571.3554083228705]}
2019-09-05_00:16:46.923[Status]Routing 76: Walk: 64
2019-09-05_00:16:47.032[Battery Energy]26.86
2019-09-05_00:16:47.032[Status]Routing Start.
2019-09-05_00:16:47.401[Status]{'id': 9, 'coordinate': [706.6415548860084, 572.0015865779153]}
2019-09-05_00:16:47.402[Status]Routing 77: Walk: 65
2019-09-05_00:16:47.503[Battery Energy]26.61
2019-09-05_00:16:47.503[Status]Routing Start.
2019-09-05_00:16:47.701[Status]{'id': 9, 'coordinate': [716.6206557304085, 572.6477648329602]}
2019-09-05_00:16:47.701[Status]Routing 78: Walk: 66
2019-09-05_00:16:47.808[Battery Energy]26.41
2019-09-05_00:16:47.808[Status]Routing Start.
2019-09-05_00:16:48.145[Status]{'id': 9, 'coordinate': [726.5997565748087, 573.293943088005]}
2019-09-05_00:16:48.145[Status]Routing 79: Walk: 67
2019-09-05_00:16:48.255[Battery Energy]26.15
2019-09-05_00:16:48.255[Status]Routing Start.
2019-09-05_00:16:48.393[Status]{'id': 9, 'coordinate': [736.5788574192088, 573.9401213430499]}
2019-09-05_00:16:48.393[Status]Routing 80: Walk: 68
2019-09-05_00:16:48.494[Battery Energy]25.95
2019-09-05_00:16:48.494[Status]Routing Start.
2019-09-05_00:16:48.781[Status]{'id': 9, 'coordinate': [746.557958263609, 574.5862995980947]}
2019-09-05_00:16:48.781[Status]Routing 81: Walk: 69
2019-09-05_00:16:48.884[Battery Energy]25.69
2019-09-05_00:16:48.884[Status]Routing Start.
2019-09-05_00:16:49.127[Status]{'id': 9, 'coordinate': [756.5370591080091, 575.2324778531396]}
2019-09-05_00:16:49.127[Status]Routing 82: Walk: 70
2019-09-05_00:16:49.232[Battery Energy]25.46
2019-09-05_00:16:49.232[Status]Routing Start.
2019-09-05_00:16:49.535[Status]{'id': 9, 'coordinate': [766.5161599524092, 575.8786561081844]}
2019-09-05_00:16:49.535[Status]Routing 83: Walk: 71
2019-09-05_00:16:49.636[Battery Energy]25.16
2019-09-05_00:16:49.636[Status]Routing Start.
2019-09-05_00:16:49.978[Status]{'id': 9, 'coordinate': [776.4952607968094, 576.5248343632293]}
2019-09-05_00:16:49.978[Status]Routing 84: Walk: 72
2019-09-05_00:16:50.084[Battery Energy]24.85
2019-09-05_00:16:50.084[Status]Routing Start.
2019-09-05_00:16:50.244[Status]{'id': 9, 'coordinate': [786.4743616412095, 577.1710126182741]}
2019-09-05_00:16:50.245[Status]Routing 85: Walk: 73
2019-09-05_00:16:50.352[Battery Energy]24.63
2019-09-05_00:16:50.352[Status]Routing Start.
2019-09-05_00:16:50.604[Status]{'id': 9, 'coordinate': [796.4534624856096, 577.817190873319]}
2019-09-05_00:16:50.604[Status]Routing 86: Walk: 74
2019-09-05_00:16:50.713[Battery Energy]24.35
2019-09-05_00:16:50.713[Status]Routing Start.
2019-09-05_00:16:50.977[Status]{'id': 9, 'coordinate': [806.4325633300098, 578.4633691283638]}
2019-09-05_00:16:50.977[Status]Routing 87: Walk: 75
2019-09-05_00:16:51.077[Battery Energy]24.10
2019-09-05_00:16:51.077[Status]Routing Start.
2019-09-05_00:16:51.323[Status]{'id': 9, 'coordinate': [816.4116641744099, 579.1095473834087]}
2019-09-05_00:16:51.324[Status]Routing 88: Walk: 76
2019-09-05_00:16:51.428[Battery Energy]23.86
2019-09-05_00:16:51.428[Status]Routing Start.
2019-09-05_00:16:51.646[Status]{'id': 9, 'coordinate': [826.39076501881, 579.7557256384534]}
2019-09-05_00:16:51.646[Status]Routing 89: Walk: 77
2019-09-05_00:16:51.747[Battery Energy]23.62
2019-09-05_00:16:51.747[Status]Routing Start.
2019-09-05_00:16:52.017[Status]{'id': 9, 'coordinate': [836.3698658632102, 580.4019038934983]}
2019-09-05_00:16:52.017[Status]Routing 90: Walk: 78
2019-09-05_00:16:52.117[Battery Energy]23.40
2019-09-05_00:16:52.117[Status]Routing Start.
2019-09-05_00:16:52.325[Status]{'id': 9, 'coordinate': [846.3489667076103, 581.0480821485431]}
2019-09-05_00:16:52.328[Status]Routing 91: Walk: 79
2019-09-05_00:16:52.436[Battery Energy]23.15
2019-09-05_00:16:52.436[Status]Routing Start.
2019-09-05_00:16:52.645[Status]{'id': 9, 'coordinate': [856.3280675520105, 581.694260403588]}
2019-09-05_00:16:52.646[Status]Routing 92: Walk: 80
2019-09-05_00:16:52.752[Battery Energy]22.95
2019-09-05_00:16:52.752[Status]Routing Start.
2019-09-05_00:16:52.972[Status]{'id': 9, 'coordinate': [866.3071683964106, 582.3404386586328]}
2019-09-05_00:16:52.972[Status]Routing 93: Walk: 81
2019-09-05_00:16:53.076[Battery Energy]22.71
2019-09-05_00:16:53.076[Status]Routing Start.
2019-09-05_00:16:53.296[Status]{'id': 9, 'coordinate': [876.2862692408107, 582.9866169136777]}
2019-09-05_00:16:53.296[Status]Routing 94: Walk: 82
2019-09-05_00:16:53.396[Battery Energy]22.47
2019-09-05_00:16:53.396[Status]Routing Start.
2019-09-05_00:16:53.824[Status]{'id': 9, 'coordinate': [886.2653700852109, 583.6327951687225]}
2019-09-05_00:16:53.824[Status]Routing 95: Walk: 83
2019-09-05_00:16:53.936[Battery Energy]22.12
2019-09-05_00:16:53.936[Status]Routing Start.
2019-09-05_00:16:54.140[Status]{'id': 9, 'coordinate': [896.244470929611, 584.2789734237674]}
2019-09-05_00:16:54.140[Status]Routing 96: Walk: 84
2019-09-05_00:16:54.243[Battery Energy]21.90
2019-09-05_00:16:54.243[Status]Routing Start.
2019-09-05_00:16:54.581[Status]{'id': 9, 'coordinate': [906.2235717740111, 584.9251516788122]}
2019-09-05_00:16:54.581[Status]Routing 97: Walk: 85
2019-09-05_00:16:54.700[Battery Energy]21.62
2019-09-05_00:16:54.700[Status]Routing Start.
2019-09-05_00:16:54.927[Status]{'id': 9, 'coordinate': [916.2026726184113, 585.5713299338571]}
2019-09-05_00:16:54.927[Status]Routing 98: Walk: 86
2019-09-05_00:16:55.032[Battery Energy]21.39
2019-09-05_00:16:55.032[Status]Routing Start.
2019-09-05_00:16:55.216[Status]{'id': 9, 'coordinate': [926.1817734628114, 586.2175081889019]}
2019-09-05_00:16:55.216[Status]Routing 99: Walk: 87
2019-09-05_00:16:55.316[Battery Energy]21.15
2019-09-05_00:16:55.316[Status]Routing Start.
2019-09-05_00:16:55.660[Status]Routing 100: Walk: 87
2019-09-05_00:16:55.760[Battery Energy]20.84
2019-09-05_00:16:55.760[Status]Routing Start.
2019-09-05_00:16:56.209[Status]Routing 101: Walk: 87
2019-09-05_00:16:56.309[Battery Energy]20.42
2019-09-05_00:16:56.309[Status]Routing Start.
2019-09-05_00:16:56.610[Status]Routing 102: Walk: 87
2019-09-05_00:16:56.711[Battery Energy]20.17
2019-09-05_00:16:56.711[Status]Routing Start.
2019-09-05_00:16:57.079[Status]Routing 103: Walk: 87
2019-09-05_00:16:57.180[Battery Energy]19.82
2019-09-05_00:16:57.180[Status]Routing Start.
2019-09-05_00:16:57.405[Status]{'id': 9, 'coordinate': [936.1608743072115, 586.8636864439468]}
2019-09-05_00:16:57.405[Status]Routing 104: Walk: 88
2019-09-05_00:16:57.506[Battery Energy]19.53
2019-09-05_00:16:57.506[Status]Routing Start.
2019-09-05_00:16:57.862[Status]{'id': 9, 'coordinate': [946.1399751516117, 587.5098646989916]}
2019-09-05_00:16:57.863[Status]Routing 105: Walk: 89
2019-09-05_00:16:57.976[Battery Energy]19.20
2019-09-05_00:16:57.976[Status]Routing Start.
2019-09-05_00:16:58.284[Status]{'id': 9, 'coordinate': [956.1190759960118, 588.1560429540365]}
2019-09-05_00:16:58.284[Status]Routing 106: Walk: 90
2019-09-05_00:16:58.396[Battery Energy]18.89
2019-09-05_00:16:58.396[Status]Routing Start.
2019-09-05_00:16:58.763[Status]{'id': 9, 'coordinate': [966.098176840412, 588.8022212090813]}
2019-09-05_00:16:58.763[Status]Routing 107: Walk: 91
2019-09-05_00:16:58.868[Battery Energy]18.60
2019-09-05_00:16:58.868[Status]Routing Start.
2019-09-05_00:16:59.233[Status]{'id': 9, 'coordinate': [976.0772776848121, 589.4483994641262]}
2019-09-05_00:16:59.233[Status]Routing 108: Walk: 92
2019-09-05_00:16:59.344[Battery Energy]18.28
2019-09-05_00:16:59.344[Status]Routing Start.
2019-09-05_00:16:59.628[Status]{'id': 9, 'coordinate': [986.0563785292122, 590.094577719171]}
2019-09-05_00:16:59.628[Status]Routing 109: Walk: 93
2019-09-05_00:16:59.731[Battery Energy]18.02
2019-09-05_00:16:59.731[Status]Routing Start.
2019-09-05_00:17:00.060[Status]{'id': 9, 'coordinate': [996.0354793736124, 590.7407559742159]}
2019-09-05_00:17:00.060[Status]Routing 110: Walk: 94
2019-09-05_00:17:00.172[Battery Energy]17.67
2019-09-05_00:17:00.172[Status]Routing Start.
2019-09-05_00:17:00.491[Status]{'id': 9, 'coordinate': [1006.0145802180125, 591.3869342292606]}
2019-09-05_00:17:00.491[Status]Routing 111: Walk: 95
2019-09-05_00:17:00.597[Battery Energy]17.33
2019-09-05_00:17:00.597[Status]Routing Start.
2019-09-05_00:17:00.805[Status]{'id': 9, 'coordinate': [1015.9936810624126, 592.0331124843055]}
2019-09-05_00:17:00.805[Status]Routing 112: Walk: 96
2019-09-05_00:17:00.908[Battery Energy]17.09
2019-09-05_00:17:00.908[Status]Routing Start.
2019-09-05_00:17:01.315[Status]{'id': 9, 'coordinate': [1025.9727819068128, 592.6792907393503]}
2019-09-05_00:17:01.315[Status]Routing 113: Walk: 97
2019-09-05_00:17:01.420[Battery Energy]16.77
2019-09-05_00:17:01.420[Status]Routing Start.
2019-09-05_00:17:01.809[Status]{'id': 9, 'coordinate': [1035.951882751213, 593.3254689943952]}
2019-09-05_00:17:01.809[Status]Routing 114: Walk: 98
2019-09-05_00:17:01.920[Battery Energy]16.46
2019-09-05_00:17:01.920[Status]Routing Start.
2019-09-05_00:17:02.322[Status]{'id': 9, 'coordinate': [1045.930983595613, 593.9716472494401]}
2019-09-05_00:17:02.322[Status]Routing 115: Walk: 99
2019-09-05_00:17:02.427[Battery Energy]16.11
2019-09-05_00:17:02.427[Status]Routing Start.
2019-09-05_00:17:02.810[Status]{'id': 9, 'coordinate': [1055.9100844400132, 594.6178255044849]}
2019-09-05_00:17:02.810[Status]Routing 116: Walk: 100
2019-09-05_00:17:02.914[Battery Energy]15.78
2019-09-05_00:17:02.914[Status]Routing Start.
2019-09-05_00:17:03.243[Status]{'id': 9, 'coordinate': [1065.8891852844133, 595.2640037595298]}
2019-09-05_00:17:03.243[Status]Routing 117: Walk: 101
2019-09-05_00:17:03.348[Battery Energy]15.46
2019-09-05_00:17:03.348[Status]Routing Start.
2019-09-05_00:17:03.748[Status]{'id': 9, 'coordinate': [1075.8682861288135, 595.9101820145746]}
2019-09-05_00:17:03.748[Status]Routing 118: Walk: 102
2019-09-05_00:17:03.849[Battery Energy]15.11
2019-09-05_00:17:03.849[Status]Routing Start.
2019-09-05_00:17:04.090[Status]{'id': 9, 'coordinate': [1085.8473869732136, 596.5563602696195]}
2019-09-05_00:17:04.090[Status]Routing 119: Walk: 103
2019-09-05_00:17:04.192[Battery Energy]14.88
2019-09-05_00:17:04.192[Status]Routing Start.
2019-09-05_00:17:04.578[Status]{'id': 9, 'coordinate': [1095.8264878176137, 597.2025385246643]}
2019-09-05_00:17:04.578[Status]Routing 120: Walk: 104
2019-09-05_00:17:04.678[Battery Energy]14.53
2019-09-05_00:17:04.678[Status]Routing Start.
2019-09-05_00:17:05.121[Status]{'id': 9, 'coordinate': [1105.8055886620139, 597.8487167797092]}
2019-09-05_00:17:05.121[Status]Routing 121: Walk: 105
2019-09-05_00:17:05.221[Battery Energy]14.11
2019-09-05_00:17:05.222[Status]Routing Start.
2019-09-05_00:17:05.597[Status]{'id': 9, 'coordinate': [1115.784689506414, 598.494895034754]}
2019-09-05_00:17:05.597[Status]Routing 122: Walk: 106
2019-09-05_00:17:05.698[Battery Energy]13.82
2019-09-05_00:17:05.698[Status]Routing Start.
2019-09-05_00:17:06.110[Status]{'id': 9, 'coordinate': [1125.7637903508141, 599.1410732897989]}
2019-09-05_00:17:06.110[Status]Routing 123: Walk: 107
2019-09-05_00:17:06.238[Battery Energy]13.50
2019-09-05_00:17:06.238[Status]Routing Start.
2019-09-05_00:17:06.607[Status]{'id': 9, 'coordinate': [1135.7428911952143, 599.7872515448437]}
2019-09-05_00:17:06.607[Status]Routing 124: Walk: 108
2019-09-05_00:17:06.707[Battery Energy]13.26
2019-09-05_00:17:06.707[Status]Routing Start.
2019-09-05_00:17:06.915[Status]{'id': 9, 'coordinate': [1145.7219920396144, 600.4334297998886]}
2019-09-05_00:17:06.915[Status]Routing 125: Walk: 109
2019-09-05_00:17:07.038[Battery Energy]13.00
2019-09-05_00:17:07.038[Status]Routing Start.
2019-09-05_00:17:07.357[Status]{'id': 9, 'coordinate': [1155.7010928840145, 601.0796080549334]}
2019-09-05_00:17:07.358[Status]Routing 126: Walk: 110
2019-09-05_00:17:07.463[Battery Energy]12.68
2019-09-05_00:17:07.463[Status]Routing Start.
2019-09-05_00:17:07.737[Status]{'id': 9, 'coordinate': [1165.6801937284147, 601.7257863099783]}
2019-09-05_00:17:07.737[Status]Routing 127: Walk: 111
2019-09-05_00:17:07.840[Battery Energy]12.40
2019-09-05_00:17:07.840[Status]Routing Start.
2019-09-05_00:17:08.252[Status]{'id': 9, 'coordinate': [1175.6592945728148, 602.3719645650231]}
2019-09-05_00:17:08.253[Status]Routing 128: Walk: 112
2019-09-05_00:17:08.376[Battery Energy]12.10
2019-09-05_00:17:08.376[Status]Routing Start.
2019-09-05_00:17:08.376[Status]Task Finished.
2019-09-05_00:17:08.476[Battery Energy]12.10
2019-09-05_00:17:08.684[Status]Routing 130: Walk: 112
2019-09-05_00:17:08.796[Battery Energy]11.94
2019-09-05_00:17:09.093[Status]Routing 131: Walk: 112
2019-09-05_00:17:09.201[Battery Energy]11.72
2019-09-05_00:17:09.409[Status]Routing 132: Walk: 112
2019-09-05_00:17:09.520[Battery Energy]11.60
2019-09-05_00:17:09.657[Status]Routing 133: Walk: 112
2019-09-05_00:17:09.757[Battery Energy]11.48
2019-09-05_00:17:09.985[Status]Routing 134: Walk: 112
2019-09-05_00:17:10.096[Battery Energy]11.30
2019-09-05_00:17:10.363[Status]Routing 135: Walk: 112
2019-09-05_00:17:10.479[Battery Energy]11.13
2019-09-05_00:17:10.688[Status]Routing 136: Walk: 112
2019-09-05_00:17:10.792[Battery Energy]11.02
2019-09-05_00:17:10.945[Status]Routing 137: Walk: 112
2019-09-05_00:17:11.052[Battery Energy]10.91
2019-09-05_00:17:11.220[Status]Routing 138: Walk: 112
2019-09-05_00:17:11.320[Battery Energy]10.75
2019-09-05_00:17:11.600[Status]Routing 139: Walk: 112
2019-09-05_00:17:11.708[Battery Energy]10.58
2019-09-05_00:17:11.938[Status]Routing 140: Walk: 112
2019-09-05_00:17:12.087[Battery Energy]10.45
2019-09-05_00:17:12.461[Status]Routing 141: Walk: 112
2019-09-05_00:17:12.576[Battery Energy]10.23
2019-09-05_00:17:12.823[Status]Routing 142: Walk: 112
2019-09-05_00:17:12.955[Battery Energy]10.08
2019-09-05_00:17:13.190[Status]Routing 143: Walk: 112
2019-09-05_00:17:13.291[Battery Energy]9.87
2019-09-05_00:17:13.570[Status]Routing 144: Walk: 112
2019-09-05_00:17:13.688[Battery Energy]9.70
2019-09-05_00:17:13.881[Status]Routing 145: Walk: 112
2019-09-05_00:17:14.022[Battery Energy]9.58
2019-09-05_00:17:14.242[Status]Routing 146: Walk: 112
2019-09-05_00:17:14.342[Battery Energy]9.45
2019-09-05_00:17:14.553[Status]Routing 147: Walk: 112
2019-09-05_00:17:14.655[Battery Energy]9.35
2019-09-05_00:17:14.881[Status]Routing 148: Walk: 112
2019-09-05_00:17:14.987[Battery Energy]9.21
2019-09-05_00:17:15.226[Status]Routing 149: Walk: 112
2019-09-05_00:17:15.348[Battery Energy]9.04
2019-09-05_00:17:15.490[Status]Routing 150: Walk: 112
2019-09-05_00:17:15.600[Battery Energy]8.95
2019-09-05_00:17:15.795[Status]Routing 151: Walk: 112
2019-09-05_00:17:15.900[Battery Energy]8.80
2019-09-05_00:17:16.127[Status]Routing 152: Walk: 112
2019-09-05_00:17:16.227[Battery Energy]8.60
2019-09-05_00:17:16.492[Status]Routing 153: Walk: 112
2019-09-05_00:17:16.596[Battery Energy]8.47
2019-09-05_00:17:16.794[Status]Routing 154: Walk: 112
2019-09-05_00:17:16.896[Battery Energy]8.32
2019-09-05_00:17:17.124[Status]Routing 155: Walk: 112
2019-09-05_00:17:17.226[Battery Energy]8.18
2019-09-05_00:17:17.376[Status]Routing 156: Walk: 112
2019-09-05_00:17:17.476[Battery Energy]8.07
2019-09-05_00:17:17.765[Status]Routing 157: Walk: 112
2019-09-05_00:17:17.865[Battery Energy]7.92
2019-09-05_00:17:18.057[Status]Routing 158: Walk: 112
2019-09-05_00:17:18.168[Battery Energy]7.77
2019-09-05_00:17:18.518[Status]Routing 159: Walk: 112
2019-09-05_00:17:18.618[Battery Energy]7.58
2019-09-05_00:17:18.832[Status]Routing 160: Walk: 112
2019-09-05_00:17:18.937[Battery Energy]7.44
2019-09-05_00:17:19.143[Status]Routing 161: Walk: 112
2019-09-05_00:17:19.246[Battery Energy]7.33
