2019-09-05_00:16:06.382[Status]Start.
2019-09-05_00:16:06.382[Battery Energy]52.00
2019-09-05_00:16:07.483[Battery Energy]51.96
2019-09-05_00:16:08.584[Battery Energy]51.92
2019-09-05_00:16:09.686[Battery Energy]51.88
2019-09-05_00:16:10.787[Battery Energy]51.84
2019-09-05_00:16:11.888[Task]A New Task Released.
2019-09-05_00:16:11.888[Battery Energy]51.80
2019-09-05_00:16:11.888[Status]Selection Start.
2019-09-05_00:16:13.810[Status]Selection End: Do Task 1.
2019-09-05_00:16:13.910[Battery Energy]50.44
2019-09-05_00:16:13.910[Status]Formation Start.
2019-09-05_00:16:14.078[Status]Formation End: To Position 2.
2019-09-05_00:16:14.178[Battery Energy]50.31
2019-09-05_00:16:14.178[Status]Routing Start.
2019-09-05_00:16:14.402[Status]{'id': 10, 'coordinate': [127.31895135652513, 388.62727798972156]}
2019-09-05_00:16:14.402[Status]Routing 1: Walk: 1
2019-09-05_00:16:14.512[Battery Energy]50.08
2019-09-05_00:16:14.512[Status]Routing Start.
2019-09-05_00:16:14.709[Status]{'id': 10, 'coordinate': [136.63790271305027, 392.2545559794431]}
2019-09-05_00:16:14.709[Status]Routing 2: Walk: 2
2019-09-05_00:16:14.820[Battery Energy]49.84
2019-09-05_00:16:14.820[Status]Routing Start.
2019-09-05_00:16:15.039[Status]{'id': 10, 'coordinate': [145.9568540695754, 395.8818339691647]}
2019-09-05_00:16:15.039[Status]Routing 3: Walk: 3
2019-09-05_00:16:15.156[Battery Energy]49.62
2019-09-05_00:16:15.156[Status]Routing Start.
2019-09-05_00:16:15.423[Status]{'id': 10, 'coordinate': [155.27580542610053, 399.50911195888625]}
2019-09-05_00:16:15.423[Status]Routing 4: Walk: 4
2019-09-05_00:16:15.548[Battery Energy]49.33
2019-09-05_00:16:15.548[Status]Routing Start.
2019-09-05_00:16:15.825[Status]{'id': 10, 'coordinate': [164.59475678262567, 403.1363899486078]}
2019-09-05_00:16:15.826[Status]Routing 5: Walk: 5
2019-09-05_00:16:15.936[Battery Energy]49.07
2019-09-05_00:16:15.936[Status]Routing Start.
2019-09-05_00:16:16.653[Status]{'id': 10, 'coordinate': [173.9137081391508, 406.7636679383294]}
2019-09-05_00:16:16.653[Status]Routing 6: Walk: 6
2019-09-05_00:16:16.764[Battery Energy]48.55
2019-09-05_00:16:16.765[Status]Routing Start.
2019-09-05_00:16:17.149[Status]Routing 7: Walk: 6
2019-09-05_00:16:17.249[Battery Energy]48.25
2019-09-05_00:16:17.249[Status]Routing Start.
2019-09-05_00:16:17.653[Status]{'id': 10, 'coordinate': [183.23265949567593, 410.39094592805094]}
2019-09-05_00:16:17.653[Status]Routing 8: Walk: 7
2019-09-05_00:16:17.754[Battery Energy]47.80
2019-09-05_00:16:17.756[Status]Routing Start.
2019-09-05_00:16:17.941[Status]{'id': 10, 'coordinate': [192.55161085220107, 414.0182239177725]}
2019-09-05_00:16:17.941[Status]Routing 9: Walk: 8
2019-09-05_00:16:18.044[Battery Energy]47.60
2019-09-05_00:16:18.044[Status]Routing Start.
2019-09-05_00:16:18.363[Status]{'id': 10, 'coordinate': [201.8705622087262, 417.64550190749407]}
2019-09-05_00:16:18.365[Status]Routing 10: Walk: 9
2019-09-05_00:16:18.465[Battery Energy]47.28
2019-09-05_00:16:18.465[Status]Routing Start.
2019-09-05_00:16:18.773[Status]{'id': 10, 'coordinate': [211.18951356525133, 421.2727798972156]}
2019-09-05_00:16:18.773[Status]Routing 11: Walk: 10
2019-09-05_00:16:18.874[Battery Energy]46.99
2019-09-05_00:16:18.874[Status]Routing Start.
2019-09-05_00:16:19.211[Status]{'id': 10, 'coordinate': [220.50846492177646, 424.9000578869372]}
2019-09-05_00:16:19.212[Status]Routing 12: Walk: 11
2019-09-05_00:16:19.320[Battery Energy]46.63
2019-09-05_00:16:19.320[Status]Routing Start.
2019-09-05_00:16:19.670[Status]{'id': 10, 'coordinate': [229.8274162783016, 428.52733587665875]}
2019-09-05_00:16:19.671[Status]Routing 13: Walk: 12
2019-09-05_00:16:19.771[Battery Energy]46.35
2019-09-05_00:16:19.771[Status]Routing Start.
2019-09-05_00:16:20.076[Status]{'id': 10, 'coordinate': [239.14636763482673, 432.1546138663803]}
2019-09-05_00:16:20.076[Status]Routing 14: Walk: 13
2019-09-05_00:16:20.224[Battery Energy]46.05
2019-09-05_00:16:20.225[Status]Routing Start.
2019-09-05_00:16:20.393[Status]{'id': 10, 'coordinate': [248.46531899135186, 435.7818918561019]}
2019-09-05_00:16:20.400[Status]Routing 15: Walk: 14
2019-09-05_00:16:20.504[Battery Energy]45.83
2019-09-05_00:16:20.504[Status]Routing Start.
2019-09-05_00:16:20.838[Status]{'id': 10, 'coordinate': [257.784270347877, 439.40916984582344]}
2019-09-05_00:16:20.838[Status]Routing 16: Walk: 15
2019-09-05_00:16:20.948[Battery Energy]45.52
2019-09-05_00:16:20.948[Status]Routing Start.
2019-09-05_00:16:21.225[Status]{'id': 10, 'coordinate': [267.10322170440213, 443.036447835545]}
2019-09-05_00:16:21.225[Status]Routing 17: Walk: 16
2019-09-05_00:16:21.325[Battery Energy]45.23
2019-09-05_00:16:21.325[Status]Routing Start.
2019-09-05_00:16:21.539[Status]{'id': 10, 'coordinate': [276.42217306092726, 446.66372582526657]}
2019-09-05_00:16:21.545[Status]Routing 18: Walk: 17
2019-09-05_00:16:21.648[Battery Energy]44.97
2019-09-05_00:16:21.648[Status]Routing Start.
2019-09-05_00:16:22.147[Status]Routing 19: Walk: 17
2019-09-05_00:16:22.247[Battery Energy]44.58
2019-09-05_00:16:22.247[Status]Routing Start.
2019-09-05_00:16:22.565[Status]Routing 20: Walk: 17
2019-09-05_00:16:22.665[Battery Energy]44.29
2019-09-05_00:16:22.665[Status]Routing Start.
2019-09-05_00:16:22.889[Status]{'id': 10, 'coordinate': [285.7411244174524, 450.29100381498813]}
2019-09-05_00:16:22.889[Status]Routing 21: Walk: 18
2019-09-05_00:16:22.990[Battery Energy]44.03
2019-09-05_00:16:22.990[Status]Routing Start.
2019-09-05_00:16:23.518[Status]Routing 22: Walk: 18
2019-09-05_00:16:23.627[Battery Energy]43.65
2019-09-05_00:16:23.627[Status]Routing Start.
2019-09-05_00:16:23.953[Status]{'id': 10, 'coordinate': [295.06007577397753, 453.9182818047097]}
2019-09-05_00:16:23.953[Status]Routing 23: Walk: 19
2019-09-05_00:16:24.053[Battery Energy]43.36
2019-09-05_00:16:24.053[Status]Routing Start.
2019-09-05_00:16:24.492[Status]{'id': 10, 'coordinate': [304.37902713050266, 457.54555979443126]}
2019-09-05_00:16:24.493[Status]Routing 24: Walk: 20
2019-09-05_00:16:24.593[Battery Energy]42.98
2019-09-05_00:16:24.593[Status]Routing Start.
2019-09-05_00:16:24.943[Status]{'id': 10, 'coordinate': [313.6979784870278, 461.1728377841528]}
2019-09-05_00:16:24.945[Status]Routing 25: Walk: 21
2019-09-05_00:16:25.047[Battery Energy]42.69
2019-09-05_00:16:25.047[Status]Routing Start.
2019-09-05_00:16:25.338[Status]{'id': 10, 'coordinate': [323.01692984355293, 464.8001157738744]}
2019-09-05_00:16:25.338[Status]Routing 26: Walk: 22
2019-09-05_00:16:25.452[Battery Energy]42.39
2019-09-05_00:16:25.452[Status]Routing Start.
2019-09-05_00:16:25.766[Status]{'id': 10, 'coordinate': [332.33588120007806, 468.42739376359594]}
2019-09-05_00:16:25.766[Status]Routing 27: Walk: 23
2019-09-05_00:16:25.884[Battery Energy]42.10
2019-09-05_00:16:25.884[Status]Routing Start.
2019-09-05_00:16:26.250[Status]{'id': 10, 'coordinate': [341.6548325566032, 472.0546717533175]}
2019-09-05_00:16:26.250[Status]Routing 28: Walk: 24
2019-09-05_00:16:26.360[Battery Energy]41.82
2019-09-05_00:16:26.360[Status]Routing Start.
2019-09-05_00:16:26.701[Status]{'id': 10, 'coordinate': [350.97378391312833, 475.68194974303907]}
2019-09-05_00:16:26.701[Status]Routing 29: Walk: 25
2019-09-05_00:16:26.808[Battery Energy]41.50
2019-09-05_00:16:26.808[Status]Routing Start.
2019-09-05_00:16:27.126[Status]{'id': 10, 'coordinate': [360.29273526965346, 479.30922773276063]}
2019-09-05_00:16:27.126[Status]Routing 30: Walk: 26
2019-09-05_00:16:27.226[Battery Energy]41.22
2019-09-05_00:16:27.226[Status]Routing Start.
2019-09-05_00:16:27.612[Status]{'id': 10, 'coordinate': [369.6116866261786, 482.9365057224822]}
2019-09-05_00:16:27.612[Status]Routing 31: Walk: 27
2019-09-05_00:16:27.728[Battery Energy]40.87
2019-09-05_00:16:27.728[Status]Routing Start.
2019-09-05_00:16:28.042[Status]{'id': 10, 'coordinate': [378.93063798270373, 486.56378371220376]}
2019-09-05_00:16:28.042[Status]Routing 32: Walk: 28
2019-09-05_00:16:28.148[Battery Energy]40.58
2019-09-05_00:16:28.148[Status]Routing Start.
2019-09-05_00:16:28.416[Status]{'id': 10, 'coordinate': [388.24958933922886, 490.1910617019253]}
2019-09-05_00:16:28.417[Status]Routing 33: Walk: 29
2019-09-05_00:16:28.524[Battery Energy]40.28
2019-09-05_00:16:28.524[Status]Routing Start.
2019-09-05_00:16:28.768[Status]{'id': 10, 'coordinate': [397.568540695754, 493.8183396916469]}
2019-09-05_00:16:28.770[Status]Routing 34: Walk: 30
2019-09-05_00:16:28.876[Battery Energy]40.00
2019-09-05_00:16:28.876[Status]Routing Start.
2019-09-05_00:16:29.215[Status]{'id': 10, 'coordinate': [406.88749205227913, 497.44561768136845]}
2019-09-05_00:16:29.215[Status]Routing 35: Walk: 31
2019-09-05_00:16:29.315[Battery Energy]39.70
2019-09-05_00:16:29.315[Status]Routing Start.
2019-09-05_00:16:29.809[Status]{'id': 10, 'coordinate': [416.20644340880426, 501.07289567109]}
2019-09-05_00:16:29.809[Status]Routing 36: Walk: 32
2019-09-05_00:16:29.909[Battery Energy]39.29
2019-09-05_00:16:29.909[Status]Routing Start.
2019-09-05_00:16:30.224[Status]{'id': 10, 'coordinate': [425.5253947653294, 504.7001736608116]}
2019-09-05_00:16:30.224[Status]Routing 37: Walk: 33
2019-09-05_00:16:30.324[Battery Energy]39.00
2019-09-05_00:16:30.324[Status]Routing Start.
2019-09-05_00:16:30.693[Status]{'id': 10, 'coordinate': [434.8443461218545, 508.32745165053313]}
2019-09-05_00:16:30.693[Status]Routing 38: Walk: 34
2019-09-05_00:16:30.800[Battery Energy]38.67
2019-09-05_00:16:30.800[Status]Routing Start.
2019-09-05_00:16:31.107[Status]{'id': 10, 'coordinate': [444.16329747837966, 511.9547296402547]}
2019-09-05_00:16:31.107[Status]Routing 39: Walk: 35
2019-09-05_00:16:31.220[Battery Energy]38.38
2019-09-05_00:16:31.220[Status]Routing Start.
2019-09-05_00:16:31.567[Status]{'id': 10, 'coordinate': [453.4822488349048, 515.5820076299763]}
2019-09-05_00:16:31.567[Status]Routing 40: Walk: 36
2019-09-05_00:16:31.667[Battery Energy]38.08
2019-09-05_00:16:31.667[Status]Routing Start.
2019-09-05_00:16:31.994[Status]{'id': 10, 'coordinate': [462.8012001914299, 519.2092856196978]}
2019-09-05_00:16:31.994[Status]Routing 41: Walk: 37
2019-09-05_00:16:32.094[Battery Energy]37.78
2019-09-05_00:16:32.094[Status]Routing Start.
2019-09-05_00:16:32.454[Status]{'id': 10, 'coordinate': [472.12015154795506, 522.8365636094193]}
2019-09-05_00:16:32.454[Status]Routing 42: Walk: 38
2019-09-05_00:16:32.604[Battery Energy]37.49
2019-09-05_00:16:32.604[Status]Routing Start.
2019-09-05_00:16:33.096[Status]Routing 43: Walk: 38
2019-09-05_00:16:33.196[Battery Energy]37.12
2019-09-05_00:16:33.196[Status]Routing Start.
2019-09-05_00:16:33.562[Status]Routing 44: Walk: 38
2019-09-05_00:16:33.663[Battery Energy]36.81
2019-09-05_00:16:33.663[Status]Routing Start.
2019-09-05_00:16:34.020[Status]Routing 45: Walk: 38
2019-09-05_00:16:34.120[Battery Energy]36.49
2019-09-05_00:16:34.120[Status]Routing Start.
2019-09-05_00:16:34.428[Status]Routing 46: Walk: 38
2019-09-05_00:16:34.528[Battery Energy]36.19
2019-09-05_00:16:34.528[Status]Routing Start.
2019-09-05_00:16:34.859[Status]{'id': 10, 'coordinate': [481.4391029044802, 526.4638415991408]}
2019-09-05_00:16:34.859[Status]Routing 47: Walk: 39
2019-09-05_00:16:34.976[Battery Energy]35.91
2019-09-05_00:16:34.976[Status]Routing Start.
2019-09-05_00:16:35.322[Status]{'id': 10, 'coordinate': [490.7580542610053, 530.0911195888623]}
2019-09-05_00:16:35.322[Status]Routing 48: Walk: 40
2019-09-05_00:16:35.422[Battery Energy]35.65
2019-09-05_00:16:35.422[Status]Routing Start.
2019-09-05_00:16:35.754[Status]{'id': 10, 'coordinate': [500.07700561753046, 533.7183975785838]}
2019-09-05_00:16:35.754[Status]Routing 49: Walk: 41
2019-09-05_00:16:35.864[Battery Energy]35.33
2019-09-05_00:16:35.864[Status]Routing Start.
2019-09-05_00:16:36.180[Status]{'id': 10, 'coordinate': [509.3959569740556, 537.3456755683053]}
2019-09-05_00:16:36.180[Status]Routing 50: Walk: 42
2019-09-05_00:16:36.280[Battery Energy]34.99
2019-09-05_00:16:36.280[Status]Routing Start.
2019-09-05_00:16:36.593[Status]{'id': 10, 'coordinate': [518.7149083305807, 540.9729535580268]}
2019-09-05_00:16:36.593[Status]Routing 51: Walk: 43
2019-09-05_00:16:36.693[Battery Energy]34.67
2019-09-05_00:16:36.693[Status]Routing Start.
2019-09-05_00:16:37.015[Status]{'id': 10, 'coordinate': [528.0338596871057, 544.6002315477483]}
2019-09-05_00:16:37.015[Status]Routing 52: Walk: 44
2019-09-05_00:16:37.116[Battery Energy]34.40
2019-09-05_00:16:37.116[Status]Routing Start.
2019-09-05_00:16:37.497[Status]{'id': 10, 'coordinate': [537.3528110436308, 548.2275095374698]}
2019-09-05_00:16:37.497[Status]Routing 53: Walk: 45
2019-09-05_00:16:37.597[Battery Energy]34.07
2019-09-05_00:16:37.597[Status]Routing Start.
2019-09-05_00:16:37.970[Status]{'id': 10, 'coordinate': [546.6717624001559, 551.8547875271913]}
2019-09-05_00:16:37.970[Status]Routing 54: Walk: 46
2019-09-05_00:16:38.088[Battery Energy]33.80
2019-09-05_00:16:38.088[Status]Routing Start.
2019-09-05_00:16:38.421[Status]{'id': 10, 'coordinate': [555.990713756681, 555.4820655169128]}
2019-09-05_00:16:38.421[Status]Routing 55: Walk: 47
2019-09-05_00:16:38.524[Battery Energy]33.57
2019-09-05_00:16:38.524[Status]Routing Start.
2019-09-05_00:16:38.934[Status]{'id': 10, 'coordinate': [565.309665113206, 559.1093435066343]}
2019-09-05_00:16:38.935[Status]Routing 56: Walk: 48
2019-09-05_00:16:39.052[Battery Energy]33.22
2019-09-05_00:16:39.052[Status]Routing Start.
2019-09-05_00:16:39.368[Status]{'id': 10, 'coordinate': [574.6286164697311, 562.7366214963558]}
2019-09-05_00:16:39.368[Status]Routing 57: Walk: 49
2019-09-05_00:16:39.468[Battery Energy]32.90
2019-09-05_00:16:39.468[Status]Routing Start.
2019-09-05_00:16:39.637[Status]{'id': 10, 'coordinate': [583.9475678262562, 566.3638994860773]}
2019-09-05_00:16:39.637[Status]Routing 58: Walk: 50
2019-09-05_00:16:39.737[Battery Energy]32.69
2019-09-05_00:16:39.737[Status]Routing Start.
2019-09-05_00:16:40.054[Status]{'id': 10, 'coordinate': [593.2665191827813, 569.9911774757988]}
2019-09-05_00:16:40.054[Status]Routing 59: Walk: 51
2019-09-05_00:16:40.168[Battery Energy]32.38
2019-09-05_00:16:40.168[Status]Routing Start.
2019-09-05_00:16:40.332[Status]{'id': 10, 'coordinate': [602.5854705393064, 573.6184554655204]}
2019-09-05_00:16:40.332[Status]Routing 60: Walk: 52
2019-09-05_00:16:40.437[Battery Energy]32.14
2019-09-05_00:16:40.437[Status]Routing Start.
2019-09-05_00:16:40.788[Status]{'id': 10, 'coordinate': [611.9044218958314, 577.2457334552419]}
2019-09-05_00:16:40.788[Status]Routing 61: Walk: 53
2019-09-05_00:16:40.888[Battery Energy]31.83
2019-09-05_00:16:40.888[Status]Routing Start.
2019-09-05_00:16:41.211[Status]{'id': 10, 'coordinate': [621.2233732523565, 580.8730114449634]}
2019-09-05_00:16:41.211[Status]Routing 62: Walk: 54
2019-09-05_00:16:41.320[Battery Energy]31.54
2019-09-05_00:16:41.320[Status]Routing Start.
2019-09-05_00:16:41.704[Status]{'id': 10, 'coordinate': [630.5423246088816, 584.5002894346849]}
2019-09-05_00:16:41.704[Status]Routing 63: Walk: 55
2019-09-05_00:16:41.804[Battery Energy]31.21
2019-09-05_00:16:41.804[Status]Routing Start.
2019-09-05_00:16:42.260[Status]{'id': 10, 'coordinate': [639.8612759654067, 588.1275674244064]}
2019-09-05_00:16:42.261[Status]Routing 64: Walk: 56
2019-09-05_00:16:42.361[Battery Energy]30.84
2019-09-05_00:16:42.361[Status]Routing Start.
2019-09-05_00:16:42.685[Status]{'id': 10, 'coordinate': [649.1802273219317, 591.7548454141279]}
2019-09-05_00:16:42.685[Status]Routing 65: Walk: 57
2019-09-05_00:16:42.787[Battery Energy]30.52
2019-09-05_00:16:42.787[Status]Routing Start.
2019-09-05_00:16:43.222[Status]{'id': 10, 'coordinate': [658.4991786784568, 595.3821234038494]}
2019-09-05_00:16:43.222[Status]Routing 66: Walk: 58
2019-09-05_00:16:43.324[Battery Energy]30.13
2019-09-05_00:16:43.324[Status]Routing Start.
2019-09-05_00:16:43.657[Status]{'id': 10, 'coordinate': [667.8181300349819, 599.0094013935709]}
2019-09-05_00:16:43.657[Status]Routing 67: Walk: 59
2019-09-05_00:16:43.768[Battery Energy]29.81
2019-09-05_00:16:43.768[Status]Routing Start.
2019-09-05_00:16:44.095[Status]{'id': 10, 'coordinate': [677.137081391507, 602.6366793832924]}
2019-09-05_00:16:44.095[Status]Routing 68: Walk: 60
2019-09-05_00:16:44.204[Battery Energy]29.49
2019-09-05_00:16:44.204[Status]Routing Start.
2019-09-05_00:16:44.484[Status]{'id': 10, 'coordinate': [686.456032748032, 606.2639573730139]}
2019-09-05_00:16:44.484[Status]Routing 69: Walk: 61
2019-09-05_00:16:44.588[Battery Energy]29.18
2019-09-05_00:16:44.588[Status]Routing Start.
2019-09-05_00:16:44.993[Status]{'id': 10, 'coordinate': [695.7749841045571, 609.8912353627354]}
2019-09-05_00:16:44.994[Status]Routing 70: Walk: 62
2019-09-05_00:16:45.103[Battery Energy]28.86
2019-09-05_00:16:45.103[Status]Routing Start.
2019-09-05_00:16:45.374[Status]{'id': 10, 'coordinate': [705.0939354610822, 613.5185133524569]}
2019-09-05_00:16:45.374[Status]Routing 71: Walk: 63
2019-09-05_00:16:45.488[Battery Energy]28.58
2019-09-05_00:16:45.488[Status]Routing Start.
2019-09-05_00:16:45.665[Status]{'id': 10, 'coordinate': [714.4128868176073, 617.1457913421784]}
2019-09-05_00:16:45.665[Status]Routing 72: Walk: 64
2019-09-05_00:16:45.768[Battery Energy]28.36
2019-09-05_00:16:45.768[Status]Routing Start.
2019-09-05_00:16:45.945[Status]{'id': 10, 'coordinate': [723.7318381741323, 620.7730693318999]}
2019-09-05_00:16:45.945[Status]Routing 73: Walk: 65
2019-09-05_00:16:46.068[Battery Energy]28.14
2019-09-05_00:16:46.068[Status]Routing Start.
2019-09-05_00:16:46.318[Status]{'id': 10, 'coordinate': [733.0507895306574, 624.4003473216214]}
2019-09-05_00:16:46.318[Status]Routing 74: Walk: 66
2019-09-05_00:16:46.424[Battery Energy]27.86
2019-09-05_00:16:46.424[Status]Routing Start.
2019-09-05_00:16:46.645[Status]{'id': 10, 'coordinate': [742.3697408871825, 628.027625311343]}
2019-09-05_00:16:46.645[Status]Routing 75: Walk: 67
2019-09-05_00:16:46.745[Battery Energy]27.64
2019-09-05_00:16:46.745[Status]Routing Start.
2019-09-05_00:16:46.928[Status]{'id': 10, 'coordinate': [751.6886922437076, 631.6549033010646]}
2019-09-05_00:16:46.928[Status]Routing 76: Walk: 68
2019-09-05_00:16:47.040[Battery Energy]27.43
2019-09-05_00:16:47.040[Status]Routing Start.
2019-09-05_00:16:47.403[Status]{'id': 10, 'coordinate': [761.0076436002327, 635.2821812907861]}
2019-09-05_00:16:47.403[Status]Routing 77: Walk: 69
2019-09-05_00:16:47.512[Battery Energy]27.16
2019-09-05_00:16:47.512[Status]Routing Start.
2019-09-05_00:16:47.698[Status]{'id': 10, 'coordinate': [770.3265949567577, 638.9094592805077]}
2019-09-05_00:16:47.698[Status]Routing 78: Walk: 70
2019-09-05_00:16:47.800[Battery Energy]26.97
2019-09-05_00:16:47.800[Status]Routing Start.
2019-09-05_00:16:48.144[Status]{'id': 10, 'coordinate': [779.6455463132828, 642.5367372702292]}
2019-09-05_00:16:48.144[Status]Routing 79: Walk: 71
2019-09-05_00:16:48.256[Battery Energy]26.65
2019-09-05_00:16:48.256[Status]Routing Start.
2019-09-05_00:16:48.390[Status]{'id': 10, 'coordinate': [788.9644976698079, 646.1640152599507]}
2019-09-05_00:16:48.390[Status]Routing 80: Walk: 72
2019-09-05_00:16:48.490[Battery Energy]26.45
2019-09-05_00:16:48.490[Status]Routing Start.
2019-09-05_00:16:48.773[Status]{'id': 10, 'coordinate': [798.283449026333, 649.7912932496722]}
2019-09-05_00:16:48.773[Status]Routing 81: Walk: 73
2019-09-05_00:16:48.873[Battery Energy]26.21
2019-09-05_00:16:48.873[Status]Routing Start.
2019-09-05_00:16:49.133[Status]{'id': 10, 'coordinate': [807.602400382858, 653.4185712393938]}
2019-09-05_00:16:49.133[Status]Routing 82: Walk: 74
2019-09-05_00:16:49.240[Battery Energy]25.96
2019-09-05_00:16:49.240[Status]Routing Start.
2019-09-05_00:16:49.539[Status]{'id': 10, 'coordinate': [816.9213517393831, 657.0458492291153]}
2019-09-05_00:16:49.539[Status]Routing 83: Walk: 75
2019-09-05_00:16:49.660[Battery Energy]25.73
2019-09-05_00:16:49.663[Status]Routing Start.
2019-09-05_00:16:49.982[Status]{'id': 10, 'coordinate': [826.2403030959082, 660.673127218837]}
2019-09-05_00:16:49.982[Status]Routing 84: Walk: 76
2019-09-05_00:16:50.083[Battery Energy]25.45
2019-09-05_00:16:50.083[Status]Routing Start.
2019-09-05_00:16:50.248[Status]{'id': 10, 'coordinate': [835.5592544524333, 664.3004052085585]}
2019-09-05_00:16:50.248[Status]Routing 85: Walk: 77
2019-09-05_00:16:50.359[Battery Energy]25.27
2019-09-05_00:16:50.359[Status]Routing Start.
2019-09-05_00:16:50.604[Status]{'id': 10, 'coordinate': [844.8782058089583, 667.92768319828]}
2019-09-05_00:16:50.604[Status]Routing 86: Walk: 78
2019-09-05_00:16:50.712[Battery Energy]25.02
2019-09-05_00:16:50.712[Status]Routing Start.
2019-09-05_00:16:50.993[Status]{'id': 10, 'coordinate': [854.1971571654834, 671.5549611880015]}
2019-09-05_00:16:50.993[Status]Routing 87: Walk: 79
2019-09-05_00:16:51.093[Battery Energy]24.75
2019-09-05_00:16:51.093[Status]Routing Start.
2019-09-05_00:16:51.317[Status]{'id': 10, 'coordinate': [863.5161085220085, 675.1822391777231]}
2019-09-05_00:16:51.323[Status]Routing 88: Walk: 80
2019-09-05_00:16:51.432[Battery Energy]24.51
2019-09-05_00:16:51.432[Status]Routing Start.
2019-09-05_00:16:51.651[Status]{'id': 10, 'coordinate': [872.8350598785336, 678.8095171674446]}
2019-09-05_00:16:51.651[Status]Routing 89: Walk: 81
2019-09-05_00:16:51.756[Battery Energy]24.24
2019-09-05_00:16:51.756[Status]Routing Start.
2019-09-05_00:16:52.018[Status]{'id': 10, 'coordinate': [882.1540112350586, 682.4367951571661]}
2019-09-05_00:16:52.018[Status]Routing 90: Walk: 82
2019-09-05_00:16:52.120[Battery Energy]23.97
2019-09-05_00:16:52.120[Status]Routing Start.
2019-09-05_00:16:52.325[Status]{'id': 10, 'coordinate': [891.4729625915837, 686.0640731468877]}
2019-09-05_00:16:52.328[Status]Routing 91: Walk: 83
2019-09-05_00:16:52.440[Battery Energy]23.71
2019-09-05_00:16:52.440[Status]Routing Start.
2019-09-05_00:16:52.638[Status]{'id': 10, 'coordinate': [900.7919139481088, 689.6913511366092]}
2019-09-05_00:16:52.639[Status]Routing 92: Walk: 84
2019-09-05_00:16:52.739[Battery Energy]23.50
2019-09-05_00:16:52.739[Status]Routing Start.
2019-09-05_00:16:52.981[Status]{'id': 10, 'coordinate': [910.1108653046339, 693.3186291263307]}
2019-09-05_00:16:52.981[Status]Routing 93: Walk: 85
2019-09-05_00:16:53.093[Battery Energy]23.26
2019-09-05_00:16:53.093[Status]Routing Start.
2019-09-05_00:16:53.299[Status]{'id': 10, 'coordinate': [919.429816661159, 696.9459071160524]}
2019-09-05_00:16:53.299[Status]Routing 94: Walk: 86
2019-09-05_00:16:53.400[Battery Energy]23.00
2019-09-05_00:16:53.400[Status]Routing Start.
2019-09-05_00:16:53.823[Status]{'id': 10, 'coordinate': [928.748768017684, 700.5731851057739]}
2019-09-05_00:16:53.823[Status]Routing 95: Walk: 87
2019-09-05_00:16:53.923[Battery Energy]22.66
2019-09-05_00:16:53.923[Status]Routing Start.
2019-09-05_00:16:54.134[Status]{'id': 10, 'coordinate': [938.0677193742091, 704.2004630954954]}
2019-09-05_00:16:54.135[Status]Routing 96: Walk: 88
2019-09-05_00:16:54.236[Battery Energy]22.43
2019-09-05_00:16:54.236[Status]Routing Start.
2019-09-05_00:16:54.579[Status]{'id': 10, 'coordinate': [947.3866707307342, 707.827741085217]}
2019-09-05_00:16:54.579[Status]Routing 97: Walk: 89
2019-09-05_00:16:54.679[Battery Energy]22.10
2019-09-05_00:16:54.679[Status]Routing Start.
2019-09-05_00:16:54.927[Status]{'id': 10, 'coordinate': [956.7056220872593, 711.4550190749385]}
2019-09-05_00:16:54.927[Status]Routing 98: Walk: 90
2019-09-05_00:16:55.027[Battery Energy]21.84
2019-09-05_00:16:55.027[Status]Routing Start.
2019-09-05_00:16:55.213[Status]{'id': 10, 'coordinate': [966.0245734437843, 715.08229706466]}
2019-09-05_00:16:55.213[Status]Routing 99: Walk: 91
2019-09-05_00:16:55.313[Battery Energy]21.64
2019-09-05_00:16:55.313[Status]Routing Start.
2019-09-05_00:16:55.497[Status]{'id': 10, 'coordinate': [975.3435248003094, 718.7095750543816]}
2019-09-05_00:16:55.499[Status]Routing 100: Walk: 92
2019-09-05_00:16:55.604[Battery Energy]21.44
2019-09-05_00:16:55.604[Status]Routing Start.
2019-09-05_00:16:55.961[Status]{'id': 10, 'coordinate': [984.6624761568345, 722.3368530441031]}
2019-09-05_00:16:55.961[Status]Routing 101: Walk: 93
2019-09-05_00:16:56.062[Battery Energy]21.14
2019-09-05_00:16:56.062[Status]Routing Start.
2019-09-05_00:16:56.471[Status]{'id': 10, 'coordinate': [993.9814275133596, 725.9641310338246]}
2019-09-05_00:16:56.471[Status]Routing 102: Walk: 94
2019-09-05_00:16:56.571[Battery Energy]20.79
2019-09-05_00:16:56.571[Status]Routing Start.
2019-09-05_00:16:56.965[Status]{'id': 10, 'coordinate': [1003.3003788698846, 729.5914090235462]}
2019-09-05_00:16:56.967[Status]Routing 103: Walk: 95
2019-09-05_00:16:57.067[Battery Energy]20.39
2019-09-05_00:16:57.067[Status]Routing Start.
2019-09-05_00:16:57.411[Status]{'id': 10, 'coordinate': [1012.6193302264097, 733.2186870132678]}
2019-09-05_00:16:57.412[Status]Routing 104: Walk: 96
2019-09-05_00:16:57.512[Battery Energy]20.10
2019-09-05_00:16:57.512[Status]Routing Start.
2019-09-05_00:16:57.860[Status]{'id': 10, 'coordinate': [1021.9382815829348, 736.8459650029893]}
2019-09-05_00:16:57.862[Status]Routing 105: Walk: 97
2019-09-05_00:16:57.972[Battery Energy]19.76
2019-09-05_00:16:57.972[Status]Routing Start.
2019-09-05_00:16:58.286[Status]{'id': 10, 'coordinate': [1031.25723293946, 740.4732429927109]}
2019-09-05_00:16:58.287[Status]Routing 106: Walk: 98
2019-09-05_00:16:58.387[Battery Energy]19.46
2019-09-05_00:16:58.387[Status]Routing Start.
2019-09-05_00:16:58.758[Status]{'id': 10, 'coordinate': [1040.576184295985, 744.1005209824324]}
2019-09-05_00:16:58.759[Status]Routing 107: Walk: 99
2019-09-05_00:16:58.860[Battery Energy]19.21
2019-09-05_00:16:58.860[Status]Routing Start.
2019-09-05_00:16:59.232[Status]{'id': 10, 'coordinate': [1049.8951356525101, 747.727798972154]}
2019-09-05_00:16:59.232[Status]Routing 108: Walk: 100
2019-09-05_00:16:59.349[Battery Energy]18.87
2019-09-05_00:16:59.349[Status]Routing Start.
2019-09-05_00:16:59.634[Status]{'id': 10, 'coordinate': [1059.2140870090352, 751.3550769618755]}
2019-09-05_00:16:59.634[Status]Routing 109: Walk: 101
2019-09-05_00:16:59.734[Battery Energy]18.59
2019-09-05_00:16:59.734[Status]Routing Start.
2019-09-05_00:17:00.057[Status]{'id': 10, 'coordinate': [1068.5330383655603, 754.982354951597]}
2019-09-05_00:17:00.057[Status]Routing 110: Walk: 102
2019-09-05_00:17:00.160[Battery Energy]18.23
2019-09-05_00:17:00.160[Status]Routing Start.
2019-09-05_00:17:00.494[Status]{'id': 10, 'coordinate': [1077.8519897220854, 758.6096329413186]}
2019-09-05_00:17:00.494[Status]Routing 111: Walk: 103
2019-09-05_00:17:00.604[Battery Energy]17.91
2019-09-05_00:17:00.604[Status]Routing Start.
2019-09-05_00:17:00.800[Status]{'id': 10, 'coordinate': [1087.1709410786104, 762.2369109310401]}
2019-09-05_00:17:00.801[Status]Routing 112: Walk: 104
2019-09-05_00:17:00.901[Battery Energy]17.66
2019-09-05_00:17:00.901[Status]Routing Start.
2019-09-05_00:17:01.316[Status]{'id': 10, 'coordinate': [1096.4898924351355, 765.8641889207616]}
2019-09-05_00:17:01.316[Status]Routing 113: Walk: 105
2019-09-05_00:17:01.416[Battery Energy]17.31
2019-09-05_00:17:01.417[Status]Routing Start.
2019-09-05_00:17:01.819[Status]{'id': 10, 'coordinate': [1105.8088437916606, 769.4914669104833]}
2019-09-05_00:17:01.819[Status]Routing 114: Walk: 106
2019-09-05_00:17:01.919[Battery Energy]16.98
2019-09-05_00:17:01.919[Status]Routing Start.
2019-09-05_00:17:02.305[Status]{'id': 10, 'coordinate': [1115.1277951481857, 773.1187449002048]}
2019-09-05_00:17:02.305[Status]Routing 115: Walk: 107
2019-09-05_00:17:02.412[Battery Energy]16.62
2019-09-05_00:17:02.412[Status]Routing Start.
2019-09-05_00:17:02.807[Status]{'id': 10, 'coordinate': [1124.4467465047107, 776.7460228899263]}
2019-09-05_00:17:02.817[Status]Routing 116: Walk: 108
2019-09-05_00:17:02.920[Battery Energy]16.24
2019-09-05_00:17:02.920[Status]Routing Start.
2019-09-05_00:17:03.238[Status]{'id': 10, 'coordinate': [1133.7656978612358, 780.3733008796479]}
2019-09-05_00:17:03.238[Status]Routing 117: Walk: 109
2019-09-05_00:17:03.340[Battery Energy]15.92
2019-09-05_00:17:03.340[Status]Routing Start.
2019-09-05_00:17:03.746[Status]{'id': 10, 'coordinate': [1143.084649217761, 784.0005788693694]}
2019-09-05_00:17:03.746[Status]Routing 118: Walk: 110
2019-09-05_00:17:03.872[Battery Energy]15.58
2019-09-05_00:17:03.872[Status]Routing Start.
2019-09-05_00:17:04.092[Status]{'id': 10, 'coordinate': [1152.403600574286, 787.6278568590909]}
2019-09-05_00:17:04.092[Status]Routing 119: Walk: 111
2019-09-05_00:17:04.196[Battery Energy]15.34
2019-09-05_00:17:04.196[Status]Routing Start.
2019-09-05_00:17:04.575[Status]{'id': 10, 'coordinate': [1161.722551930811, 791.2551348488125]}
2019-09-05_00:17:04.576[Status]Routing 120: Walk: 112
2019-09-05_00:17:04.688[Battery Energy]14.96
2019-09-05_00:17:04.688[Status]Routing Start.
2019-09-05_00:17:05.125[Status]{'id': 10, 'coordinate': [1171.0415032873361, 794.882412838534]}
2019-09-05_00:17:05.125[Status]Routing 121: Walk: 113
2019-09-05_00:17:05.227[Battery Energy]14.59
2019-09-05_00:17:05.227[Status]Routing Start.
2019-09-05_00:17:05.227[Status]Task Finished.
2019-09-05_00:17:05.327[Battery Energy]14.59
2019-09-05_00:17:05.592[Status]Routing 123: Walk: 113
2019-09-05_00:17:05.694[Battery Energy]14.42
2019-09-05_00:17:06.106[Status]Routing 124: Walk: 113
2019-09-05_00:17:06.206[Battery Energy]14.21
2019-09-05_00:17:06.607[Status]Routing 125: Walk: 113
2019-09-05_00:17:06.708[Battery Energy]14.04
2019-09-05_00:17:06.936[Status]Routing 126: Walk: 113
2019-09-05_00:17:07.037[Battery Energy]13.84
2019-09-05_00:17:07.358[Status]Routing 127: Walk: 113
2019-09-05_00:17:07.458[Battery Energy]13.62
2019-09-05_00:17:07.734[Status]Routing 128: Walk: 113
2019-09-05_00:17:07.834[Battery Energy]13.45
2019-09-05_00:17:08.253[Status]Routing 129: Walk: 113
2019-09-05_00:17:08.353[Battery Energy]13.22
2019-09-05_00:17:08.684[Status]Routing 130: Walk: 113
2019-09-05_00:17:08.792[Battery Energy]12.99
2019-09-05_00:17:09.071[Status]Routing 131: Walk: 113
2019-09-05_00:17:09.184[Battery Energy]12.83
2019-09-05_00:17:09.404[Status]Routing 132: Walk: 113
2019-09-05_00:17:09.504[Battery Energy]12.67
2019-09-05_00:17:09.662[Status]Routing 133: Walk: 113
2019-09-05_00:17:09.768[Battery Energy]12.55
2019-09-05_00:17:09.988[Status]Routing 134: Walk: 113
2019-09-05_00:17:10.089[Battery Energy]12.41
2019-09-05_00:17:10.365[Status]Routing 135: Walk: 113
2019-09-05_00:17:10.480[Battery Energy]12.24
2019-09-05_00:17:10.685[Status]Routing 136: Walk: 113
2019-09-05_00:17:10.785[Battery Energy]12.08
2019-09-05_00:17:10.948[Status]Routing 137: Walk: 113
2019-09-05_00:17:11.060[Battery Energy]11.99
2019-09-05_00:17:11.220[Status]Routing 138: Walk: 113
2019-09-05_00:17:11.328[Battery Energy]11.89
2019-09-05_00:17:11.597[Status]Routing 139: Walk: 113
2019-09-05_00:17:11.698[Battery Energy]11.70
2019-09-05_00:17:11.935[Status]Routing 140: Walk: 113
2019-09-05_00:17:12.040[Battery Energy]11.56
2019-09-05_00:17:12.468[Status]Routing 141: Walk: 113
2019-09-05_00:17:12.568[Battery Energy]11.29
2019-09-05_00:17:12.818[Status]Routing 142: Walk: 113
2019-09-05_00:17:12.928[Battery Energy]11.14
2019-09-05_00:17:13.181[Status]Routing 143: Walk: 113
2019-09-05_00:17:13.282[Battery Energy]10.96
2019-09-05_00:17:13.566[Status]Routing 144: Walk: 113
2019-09-05_00:17:13.666[Battery Energy]10.75
2019-09-05_00:17:13.879[Status]Routing 145: Walk: 113
2019-09-05_00:17:13.992[Battery Energy]10.61
2019-09-05_00:17:14.245[Status]Routing 146: Walk: 113
2019-09-05_00:17:14.356[Battery Energy]10.44
2019-09-05_00:17:14.555[Status]Routing 147: Walk: 113
2019-09-05_00:17:14.655[Battery Energy]10.34
2019-09-05_00:17:14.878[Status]Routing 148: Walk: 113
2019-09-05_00:17:14.978[Battery Energy]10.19
2019-09-05_00:17:15.227[Status]Routing 149: Walk: 113
2019-09-05_00:17:15.328[Battery Energy]10.02
2019-09-05_00:17:15.491[Status]Routing 150: Walk: 113
2019-09-05_00:17:15.600[Battery Energy]9.91
2019-09-05_00:17:15.793[Status]Routing 151: Walk: 113
2019-09-05_00:17:15.897[Battery Energy]9.78
2019-09-05_00:17:16.125[Status]Routing 152: Walk: 113
2019-09-05_00:17:16.225[Battery Energy]9.63
2019-09-05_00:17:16.488[Status]Routing 153: Walk: 113
2019-09-05_00:17:16.596[Battery Energy]9.48
2019-09-05_00:17:16.792[Status]Routing 154: Walk: 113
2019-09-05_00:17:16.952[Battery Energy]9.36
2019-09-05_00:17:17.117[Status]Routing 155: Walk: 113
2019-09-05_00:17:17.218[Battery Energy]9.25
2019-09-05_00:17:17.378[Status]Routing 156: Walk: 113
2019-09-05_00:17:17.484[Battery Energy]9.15
2019-09-05_00:17:17.749[Status]Routing 157: Walk: 113
2019-09-05_00:17:17.852[Battery Energy]9.04
2019-09-05_00:17:18.054[Status]Routing 158: Walk: 113
2019-09-05_00:17:18.155[Battery Energy]8.91
2019-09-05_00:17:18.520[Status]Routing 159: Walk: 113
2019-09-05_00:17:18.632[Battery Energy]8.72
2019-09-05_00:17:18.842[Status]Routing 160: Walk: 113
2019-09-05_00:17:18.942[Battery Energy]8.58
2019-09-05_00:17:19.141[Status]Routing 161: Walk: 113
2019-09-05_00:17:19.244[Battery Energy]8.44
