2019-09-05_00:16:07.848[Status]Start.
2019-09-05_00:16:07.848[Battery Energy]52.00
2019-09-05_00:16:08.948[Battery Energy]51.96
2019-09-05_00:16:10.050[Battery Energy]51.92
2019-09-05_00:16:11.151[Battery Energy]51.88
2019-09-05_00:16:12.252[Battery Energy]51.84
2019-09-05_00:16:13.353[Task]A New Task Released.
2019-09-05_00:16:13.353[Battery Energy]51.80
2019-09-05_00:16:13.353[Status]Selection Start.
2019-09-05_00:16:13.798[Status]Selection End: Do Task 2.
2019-09-05_00:16:13.898[Battery Energy]51.51
2019-09-05_00:16:13.898[Status]Formation Start.
2019-09-05_00:16:14.106[Status]Formation End: To Position 6.
2019-09-05_00:16:14.216[Battery Energy]51.37
2019-09-05_00:16:14.217[Status]Routing Start.
2019-09-05_00:16:14.404[Status]{'coordinate': [139.31156387000436, 775.439612780135], 'id': 19}
2019-09-05_00:16:14.404[Status]Routing 1: Walk: 1
2019-09-05_00:16:14.520[Battery Energy]51.16
2019-09-05_00:16:14.520[Status]Routing Start.
2019-09-05_00:16:14.707[Status]{'coordinate': [147.62312774000873, 769.87922556027], 'id': 19}
2019-09-05_00:16:14.707[Status]Routing 2: Walk: 2
2019-09-05_00:16:14.812[Battery Energy]50.91
2019-09-05_00:16:14.812[Status]Routing Start.
2019-09-05_00:16:15.039[Status]{'coordinate': [155.9346916100131, 764.318838340405], 'id': 19}
2019-09-05_00:16:15.039[Status]Routing 3: Walk: 3
2019-09-05_00:16:15.148[Battery Energy]50.66
2019-09-05_00:16:15.148[Status]Routing Start.
2019-09-05_00:16:15.416[Status]{'coordinate': [164.24625548001745, 758.75845112054], 'id': 19}
2019-09-05_00:16:15.416[Status]Routing 4: Walk: 4
2019-09-05_00:16:15.516[Battery Energy]50.36
2019-09-05_00:16:15.516[Status]Routing Start.
2019-09-05_00:16:15.838[Status]{'coordinate': [172.55781935002182, 753.198063900675], 'id': 19}
2019-09-05_00:16:15.838[Status]Routing 5: Walk: 5
2019-09-05_00:16:15.940[Battery Energy]50.05
2019-09-05_00:16:15.940[Status]Routing Start.
2019-09-05_00:16:16.435[Status]{'coordinate': [180.86938322002618, 747.63767668081], 'id': 19}
2019-09-05_00:16:16.435[Status]Routing 6: Walk: 6
2019-09-05_00:16:16.544[Battery Energy]49.58
2019-09-05_00:16:16.544[Status]Routing Start.
2019-09-05_00:16:16.998[Status]{'coordinate': [189.18094709003054, 742.077289460945], 'id': 19}
2019-09-05_00:16:17.000[Status]Routing 7: Walk: 7
2019-09-05_00:16:17.112[Battery Energy]49.24
2019-09-05_00:16:17.112[Status]Routing Start.
2019-09-05_00:16:17.468[Status]{'coordinate': [197.4925109600349, 736.5169022410801], 'id': 19}
2019-09-05_00:16:17.468[Status]Routing 8: Walk: 8
2019-09-05_00:16:17.580[Battery Energy]48.89
2019-09-05_00:16:17.580[Status]Routing Start.
2019-09-05_00:16:17.924[Status]{'coordinate': [205.80407483003927, 730.9565150212151], 'id': 19}
2019-09-05_00:16:17.924[Status]Routing 9: Walk: 9
2019-09-05_00:16:18.024[Battery Energy]48.58
2019-09-05_00:16:18.024[Status]Routing Start.
2019-09-05_00:16:18.372[Status]{'coordinate': [214.11563870004363, 725.3961278013501], 'id': 19}
2019-09-05_00:16:18.372[Status]Routing 10: Walk: 10
2019-09-05_00:16:18.480[Battery Energy]48.23
2019-09-05_00:16:18.480[Status]Routing Start.
2019-09-05_00:16:18.776[Status]{'coordinate': [222.427202570048, 719.8357405814851], 'id': 19}
2019-09-05_00:16:18.776[Status]Routing 11: Walk: 11
2019-09-05_00:16:18.888[Battery Energy]47.94
2019-09-05_00:16:18.888[Status]Routing Start.
2019-09-05_00:16:19.209[Status]{'coordinate': [230.73876644005236, 714.2753533616201], 'id': 19}
2019-09-05_00:16:19.211[Status]Routing 12: Walk: 12
2019-09-05_00:16:19.316[Battery Energy]47.59
2019-09-05_00:16:19.316[Status]Routing Start.
2019-09-05_00:16:19.668[Status]{'coordinate': [239.05033031005672, 708.7149661417551], 'id': 19}
2019-09-05_00:16:19.669[Status]Routing 13: Walk: 13
2019-09-05_00:16:19.769[Battery Energy]47.29
2019-09-05_00:16:19.769[Status]Routing Start.
2019-09-05_00:16:20.073[Status]{'coordinate': [247.36189418006109, 703.1545789218901], 'id': 19}
2019-09-05_00:16:20.073[Status]Routing 14: Walk: 14
2019-09-05_00:16:20.192[Battery Energy]46.96
2019-09-05_00:16:20.192[Status]Routing Start.
2019-09-05_00:16:20.375[Status]{'coordinate': [255.67345805006545, 697.5941917020251], 'id': 19}
2019-09-05_00:16:20.375[Status]Routing 15: Walk: 15
2019-09-05_00:16:20.496[Battery Energy]46.72
2019-09-05_00:16:20.496[Status]Routing Start.
2019-09-05_00:16:20.834[Status]{'coordinate': [263.9850219200698, 692.0338044821601], 'id': 19}
2019-09-05_00:16:20.838[Status]Routing 16: Walk: 16
2019-09-05_00:16:20.956[Battery Energy]46.37
2019-09-05_00:16:20.956[Status]Routing Start.
2019-09-05_00:16:21.212[Status]{'coordinate': [272.2965857900742, 686.4734172622951], 'id': 19}
2019-09-05_00:16:21.220[Status]Routing 17: Walk: 17
2019-09-05_00:16:21.320[Battery Energy]46.13
2019-09-05_00:16:21.320[Status]Routing Start.
2019-09-05_00:16:21.540[Status]{'coordinate': [280.60814966007854, 680.9130300424301], 'id': 19}
2019-09-05_00:16:21.542[Status]Routing 18: Walk: 18
2019-09-05_00:16:21.643[Battery Energy]45.89
2019-09-05_00:16:21.643[Status]Routing Start.
2019-09-05_00:16:22.014[Status]{'coordinate': [288.9197135300829, 675.3526428225651], 'id': 19}
2019-09-05_00:16:22.014[Status]Routing 19: Walk: 19
2019-09-05_00:16:22.120[Battery Energy]45.61
2019-09-05_00:16:22.120[Status]Routing Start.
2019-09-05_00:16:22.439[Status]{'coordinate': [297.23127740008727, 669.7922556027002], 'id': 19}
2019-09-05_00:16:22.439[Status]Routing 20: Walk: 20
2019-09-05_00:16:22.540[Battery Energy]45.32
2019-09-05_00:16:22.540[Status]Routing Start.
2019-09-05_00:16:22.878[Status]{'coordinate': [305.5428412700916, 664.2318683828352], 'id': 19}
2019-09-05_00:16:22.878[Status]Routing 21: Walk: 21
2019-09-05_00:16:22.982[Battery Energy]45.00
2019-09-05_00:16:22.982[Status]Routing Start.
2019-09-05_00:16:23.377[Status]{'coordinate': [313.854405140096, 658.6714811629702], 'id': 19}
2019-09-05_00:16:23.383[Status]Routing 22: Walk: 22
2019-09-05_00:16:23.483[Battery Energy]44.67
2019-09-05_00:16:23.483[Status]Routing Start.
2019-09-05_00:16:23.963[Status]{'coordinate': [322.16596901010035, 653.1110939431052], 'id': 19}
2019-09-05_00:16:23.964[Status]Routing 23: Walk: 23
2019-09-05_00:16:24.064[Battery Energy]44.35
2019-09-05_00:16:24.064[Status]Routing Start.
2019-09-05_00:16:24.487[Status]{'coordinate': [330.4775328801047, 647.5507067232402], 'id': 19}
2019-09-05_00:16:24.488[Status]Routing 24: Walk: 24
2019-09-05_00:16:24.604[Battery Energy]43.99
2019-09-05_00:16:24.604[Status]Routing Start.
2019-09-05_00:16:24.945[Status]{'coordinate': [338.7890967501091, 641.9903195033752], 'id': 19}
2019-09-05_00:16:24.945[Status]Routing 25: Walk: 25
2019-09-05_00:16:25.056[Battery Energy]43.67
2019-09-05_00:16:25.056[Status]Routing Start.
2019-09-05_00:16:25.334[Status]{'coordinate': [347.10066062011344, 636.4299322835102], 'id': 19}
2019-09-05_00:16:25.334[Status]Routing 26: Walk: 26
2019-09-05_00:16:25.434[Battery Energy]43.39
2019-09-05_00:16:25.434[Status]Routing Start.
2019-09-05_00:16:25.771[Status]{'coordinate': [355.4122244901178, 630.8695450636452], 'id': 19}
2019-09-05_00:16:25.771[Status]Routing 27: Walk: 27
2019-09-05_00:16:25.888[Battery Energy]43.07
2019-09-05_00:16:25.888[Status]Routing Start.
2019-09-05_00:16:26.253[Status]{'coordinate': [363.72378836012217, 625.3091578437802], 'id': 19}
2019-09-05_00:16:26.253[Status]Routing 28: Walk: 28
2019-09-05_00:16:26.356[Battery Energy]42.77
2019-09-05_00:16:26.356[Status]Routing Start.
2019-09-05_00:16:26.694[Status]{'coordinate': [372.03535223012653, 619.7487706239152], 'id': 19}
2019-09-05_00:16:26.694[Status]Routing 29: Walk: 29
2019-09-05_00:16:26.794[Battery Energy]42.47
2019-09-05_00:16:26.794[Status]Routing Start.
2019-09-05_00:16:27.128[Status]{'coordinate': [380.3469161001309, 614.1883834040502], 'id': 19}
2019-09-05_00:16:27.129[Status]Routing 30: Walk: 30
2019-09-05_00:16:27.232[Battery Energy]42.16
2019-09-05_00:16:27.232[Status]Routing Start.
2019-09-05_00:16:27.610[Status]{'coordinate': [388.65847997013526, 608.6279961841852], 'id': 19}
2019-09-05_00:16:27.610[Status]Routing 31: Walk: 31
2019-09-05_00:16:27.716[Battery Energy]41.83
2019-09-05_00:16:27.716[Status]Routing Start.
2019-09-05_00:16:28.040[Status]{'coordinate': [396.9700438401396, 603.0676089643202], 'id': 19}
2019-09-05_00:16:28.040[Status]Routing 32: Walk: 32
2019-09-05_00:16:28.141[Battery Energy]41.55
2019-09-05_00:16:28.141[Status]Routing Start.
2019-09-05_00:16:28.417[Status]{'coordinate': [405.281607710144, 597.5072217444553], 'id': 19}
2019-09-05_00:16:28.421[Status]Routing 33: Walk: 33
2019-09-05_00:16:28.528[Battery Energy]41.31
2019-09-05_00:16:28.528[Status]Routing Start.
2019-09-05_00:16:28.770[Status]{'coordinate': [413.59317158014835, 591.9468345245903], 'id': 19}
2019-09-05_00:16:28.770[Status]Routing 34: Walk: 34
2019-09-05_00:16:28.884[Battery Energy]41.02
2019-09-05_00:16:28.884[Status]Routing Start.
2019-09-05_00:16:29.225[Status]{'coordinate': [421.9047354501527, 586.3864473047253], 'id': 19}
2019-09-05_00:16:29.225[Status]Routing 35: Walk: 35
2019-09-05_00:16:29.325[Battery Energy]40.71
2019-09-05_00:16:29.325[Status]Routing Start.
2019-09-05_00:16:29.817[Status]{'coordinate': [430.2162993201571, 580.8260600848603], 'id': 19}
2019-09-05_00:16:29.817[Status]Routing 36: Walk: 36
2019-09-05_00:16:29.932[Battery Energy]40.28
2019-09-05_00:16:29.932[Status]Routing Start.
2019-09-05_00:16:30.225[Status]{'coordinate': [438.52786319016144, 575.2656728649953], 'id': 19}
2019-09-05_00:16:30.225[Status]Routing 37: Walk: 37
2019-09-05_00:16:30.326[Battery Energy]39.97
2019-09-05_00:16:30.326[Status]Routing Start.
2019-09-05_00:16:30.694[Status]{'coordinate': [446.8394270601658, 569.7052856451303], 'id': 19}
2019-09-05_00:16:30.694[Status]Routing 38: Walk: 38
2019-09-05_00:16:30.804[Battery Energy]39.66
2019-09-05_00:16:30.804[Status]Routing Start.
2019-09-05_00:16:31.102[Status]{'coordinate': [455.15099093017017, 564.1448984252653], 'id': 19}
2019-09-05_00:16:31.102[Status]Routing 39: Walk: 39
2019-09-05_00:16:31.204[Battery Energy]39.36
2019-09-05_00:16:31.204[Status]Routing Start.
2019-09-05_00:16:31.567[Status]{'coordinate': [463.46255480017453, 558.5845112054003], 'id': 19}
2019-09-05_00:16:31.567[Status]Routing 40: Walk: 40
2019-09-05_00:16:31.672[Battery Energy]39.04
2019-09-05_00:16:31.672[Status]Routing Start.
2019-09-05_00:16:31.995[Status]{'coordinate': [471.7741186701789, 553.0241239855353], 'id': 19}
2019-09-05_00:16:31.997[Status]Routing 41: Walk: 41
2019-09-05_00:16:32.098[Battery Energy]38.71
2019-09-05_00:16:32.098[Status]Routing Start.
2019-09-05_00:16:32.454[Status]{'coordinate': [480.08568254018326, 547.4637367656703], 'id': 19}
2019-09-05_00:16:32.454[Status]Routing 42: Walk: 42
2019-09-05_00:16:32.592[Battery Energy]38.37
2019-09-05_00:16:32.592[Status]Routing Start.
2019-09-05_00:16:33.067[Status]{'coordinate': [488.3972464101876, 541.9033495458053], 'id': 19}
2019-09-05_00:16:33.067[Status]Routing 43: Walk: 43
2019-09-05_00:16:33.167[Battery Energy]37.86
2019-09-05_00:16:33.167[Status]Routing Start.
2019-09-05_00:16:33.535[Status]{'coordinate': [496.708810280192, 536.3429623259403], 'id': 19}
2019-09-05_00:16:33.535[Status]Routing 44: Walk: 44
2019-09-05_00:16:33.635[Battery Energy]37.45
2019-09-05_00:16:33.635[Status]Routing Start.
2019-09-05_00:16:34.017[Status]{'coordinate': [505.02037415019635, 530.7825751060753], 'id': 19}
2019-09-05_00:16:34.017[Status]Routing 45: Walk: 45
2019-09-05_00:16:34.118[Battery Energy]37.09
2019-09-05_00:16:34.118[Status]Routing Start.
2019-09-05_00:16:34.450[Status]{'coordinate': [513.3319380202007, 525.2221878862103], 'id': 19}
2019-09-05_00:16:34.450[Status]Routing 46: Walk: 46
2019-09-05_00:16:34.550[Battery Energy]36.73
2019-09-05_00:16:34.550[Status]Routing Start.
2019-09-05_00:16:34.861[Status]{'coordinate': [521.643501890205, 519.6618006663454], 'id': 19}
2019-09-05_00:16:34.861[Status]Routing 47: Walk: 47
2019-09-05_00:16:34.971[Battery Energy]36.47
2019-09-05_00:16:34.971[Status]Routing Start.
2019-09-05_00:16:35.313[Status]{'coordinate': [529.9550657602093, 514.1014134464804], 'id': 19}
2019-09-05_00:16:35.313[Status]Routing 48: Walk: 48
2019-09-05_00:16:35.416[Battery Energy]36.19
2019-09-05_00:16:35.416[Status]Routing Start.
2019-09-05_00:16:35.754[Status]{'coordinate': [538.2666296302136, 508.5410262266154], 'id': 19}
2019-09-05_00:16:35.754[Status]Routing 49: Walk: 49
2019-09-05_00:16:35.854[Battery Energy]35.84
2019-09-05_00:16:35.854[Status]Routing Start.
2019-09-05_00:16:36.169[Status]{'coordinate': [546.5781935002179, 502.9806390067504], 'id': 19}
2019-09-05_00:16:36.169[Status]Routing 50: Walk: 50
2019-09-05_00:16:36.276[Battery Energy]35.54
2019-09-05_00:16:36.276[Status]Routing Start.
2019-09-05_00:16:36.598[Status]{'coordinate': [554.8897573702222, 497.4202517868854], 'id': 19}
2019-09-05_00:16:36.598[Status]Routing 51: Walk: 51
2019-09-05_00:16:36.704[Battery Energy]35.26
2019-09-05_00:16:36.704[Status]Routing Start.
2019-09-05_00:16:37.019[Status]{'coordinate': [563.2013212402265, 491.8598645670204], 'id': 19}
2019-09-05_00:16:37.019[Status]Routing 52: Walk: 52
2019-09-05_00:16:37.120[Battery Energy]34.98
2019-09-05_00:16:37.120[Status]Routing Start.
2019-09-05_00:16:37.501[Status]{'coordinate': [571.5128851102309, 486.2994773471554], 'id': 19}
2019-09-05_00:16:37.501[Status]Routing 53: Walk: 53
2019-09-05_00:16:37.602[Battery Energy]34.64
2019-09-05_00:16:37.602[Status]Routing Start.
2019-09-05_00:16:37.969[Status]{'coordinate': [579.8244489802352, 480.7390901272904], 'id': 19}
2019-09-05_00:16:37.969[Status]Routing 54: Walk: 54
2019-09-05_00:16:38.084[Battery Energy]34.36
2019-09-05_00:16:38.084[Status]Routing Start.
2019-09-05_00:16:38.421[Status]{'coordinate': [588.1360128502395, 475.1787029074254], 'id': 19}
2019-09-05_00:16:38.425[Status]Routing 55: Walk: 55
2019-09-05_00:16:38.526[Battery Energy]34.07
2019-09-05_00:16:38.526[Status]Routing Start.
2019-09-05_00:16:38.930[Status]{'coordinate': [596.4475767202438, 469.6183156875604], 'id': 19}
2019-09-05_00:16:38.931[Status]Routing 56: Walk: 56
2019-09-05_00:16:39.040[Battery Energy]33.73
2019-09-05_00:16:39.040[Status]Routing Start.
2019-09-05_00:16:39.374[Status]{'coordinate': [604.7591405902481, 464.05792846769543], 'id': 19}
2019-09-05_00:16:39.374[Status]Routing 57: Walk: 57
2019-09-05_00:16:39.474[Battery Energy]33.42
2019-09-05_00:16:39.474[Status]Routing Start.
2019-09-05_00:16:39.807[Status]{'coordinate': [611.8890057611017, 471.069705891819], 'id': 19}
2019-09-05_00:16:39.807[Status]Routing 58: Walk: 58
2019-09-05_00:16:39.908[Battery Energy]33.05
2019-09-05_00:16:39.908[Status]Routing Start.
2019-09-05_00:16:40.056[Status]{'coordinate': [620.111175737625, 465.3779644292121], 'id': 19}
2019-09-05_00:16:40.056[Status]Routing 59: Walk: 59
2019-09-05_00:16:40.161[Battery Energy]32.87
2019-09-05_00:16:40.161[Status]Routing Start.
2019-09-05_00:16:40.454[Status]{'coordinate': [627.3451895607958, 472.2822416546843], 'id': 19}
2019-09-05_00:16:40.454[Status]Routing 60: Walk: 60
2019-09-05_00:16:40.554[Battery Energy]32.48
2019-09-05_00:16:40.554[Status]Routing Start.
2019-09-05_00:16:40.956[Status]{'coordinate': [635.4740442265426, 466.4580059260099], 'id': 19}
2019-09-05_00:16:40.956[Status]Routing 61: Walk: 61
2019-09-05_00:16:41.056[Battery Energy]32.08
2019-09-05_00:16:41.056[Status]Routing Start.
2019-09-05_00:16:41.373[Status]{'coordinate': [643.6028988922893, 460.6337701973355], 'id': 19}
2019-09-05_00:16:41.373[Status]Routing 62: Walk: 62
2019-09-05_00:16:41.474[Battery Energy]31.72
2019-09-05_00:16:41.474[Status]Routing Start.
2019-09-05_00:16:41.904[Status]{'coordinate': [651.7317535580361, 454.80953446866107], 'id': 19}
2019-09-05_00:16:41.904[Status]Routing 63: Walk: 63
2019-09-05_00:16:42.006[Battery Energy]31.25
2019-09-05_00:16:42.006[Status]Routing Start.
2019-09-05_00:16:42.443[Status]Routing 64: Walk: 63
2019-09-05_00:16:42.543[Battery Energy]30.90
2019-09-05_00:16:42.543[Status]Routing Start.
2019-09-05_00:16:42.878[Status]{'coordinate': [659.8606082237828, 448.98529873998666], 'id': 19}
2019-09-05_00:16:42.878[Status]Routing 65: Walk: 64
2019-09-05_00:16:42.978[Battery Energy]30.55
2019-09-05_00:16:42.978[Status]Routing Start.
2019-09-05_00:16:43.382[Status]{'coordinate': [667.9894628895296, 443.16106301131225], 'id': 19}
2019-09-05_00:16:43.382[Status]Routing 66: Walk: 65
2019-09-05_00:16:43.482[Battery Energy]30.16
2019-09-05_00:16:43.483[Status]Routing Start.
2019-09-05_00:16:43.856[Status]Routing 67: Walk: 65
2019-09-05_00:16:43.957[Battery Energy]29.81
2019-09-05_00:16:43.957[Status]Routing Start.
2019-09-05_00:16:44.228[Status]Routing 68: Walk: 65
2019-09-05_00:16:44.328[Battery Energy]29.52
2019-09-05_00:16:44.328[Status]Routing Start.
2019-09-05_00:16:44.485[Status]{'coordinate': [676.1183175552763, 437.33682728263784], 'id': 19}
2019-09-05_00:16:44.485[Status]Routing 69: Walk: 66
2019-09-05_00:16:44.586[Battery Energy]29.32
2019-09-05_00:16:44.586[Status]Routing Start.
2019-09-05_00:16:44.982[Status]{'coordinate': [684.2471722210231, 431.51259155396343], 'id': 19}
2019-09-05_00:16:44.982[Status]Routing 70: Walk: 67
2019-09-05_00:16:45.116[Battery Energy]29.00
2019-09-05_00:16:45.116[Status]Routing Start.
2019-09-05_00:16:45.376[Status]{'coordinate': [692.3760268867699, 425.68835582528897], 'id': 19}
2019-09-05_00:16:45.376[Status]Routing 71: Walk: 68
2019-09-05_00:16:45.508[Battery Energy]28.77
2019-09-05_00:16:45.508[Status]Routing Start.
2019-09-05_00:16:45.669[Status]{'coordinate': [700.5048815525166, 419.8641200966145], 'id': 19}
2019-09-05_00:16:45.669[Status]Routing 72: Walk: 69
2019-09-05_00:16:45.780[Battery Energy]28.57
2019-09-05_00:16:45.780[Status]Routing Start.
2019-09-05_00:16:45.947[Status]{'coordinate': [708.6337362182634, 414.0398843679401], 'id': 19}
2019-09-05_00:16:45.947[Status]Routing 73: Walk: 70
2019-09-05_00:16:46.047[Battery Energy]28.34
2019-09-05_00:16:46.047[Status]Routing Start.
2019-09-05_00:16:46.315[Status]{'coordinate': [716.7625908840101, 408.2156486392656], 'id': 19}
2019-09-05_00:16:46.315[Status]Routing 74: Walk: 71
2019-09-05_00:16:46.432[Battery Energy]28.04
2019-09-05_00:16:46.432[Status]Routing Start.
2019-09-05_00:16:46.642[Status]{'coordinate': [724.8914455497569, 402.39141291059116], 'id': 19}
2019-09-05_00:16:46.642[Status]Routing 75: Walk: 72
2019-09-05_00:16:46.772[Battery Energy]27.78
2019-09-05_00:16:46.772[Status]Routing Start.
2019-09-05_00:16:46.926[Status]{'coordinate': [733.0203002155037, 396.5671771819167], 'id': 19}
2019-09-05_00:16:46.926[Status]Routing 76: Walk: 73
2019-09-05_00:16:47.032[Battery Energy]27.56
2019-09-05_00:16:47.032[Status]Routing Start.
2019-09-05_00:16:47.404[Status]{'coordinate': [741.1491548812504, 390.7429414532422], 'id': 19}
2019-09-05_00:16:47.405[Status]Routing 77: Walk: 74
2019-09-05_00:16:47.520[Battery Energy]27.30
2019-09-05_00:16:47.520[Status]Routing Start.
2019-09-05_00:16:47.697[Status]{'coordinate': [749.2780095469972, 384.91870572456776], 'id': 19}
2019-09-05_00:16:47.697[Status]Routing 78: Walk: 75
2019-09-05_00:16:47.805[Battery Energy]27.08
2019-09-05_00:16:47.805[Status]Routing Start.
2019-09-05_00:16:48.140[Status]{'coordinate': [757.4068642127439, 379.0944699958933], 'id': 19}
2019-09-05_00:16:48.140[Status]Routing 79: Walk: 76
2019-09-05_00:16:48.244[Battery Energy]26.78
2019-09-05_00:16:48.244[Status]Routing Start.
2019-09-05_00:16:48.390[Status]{'coordinate': [765.5357188784907, 373.2702342672188], 'id': 19}
2019-09-05_00:16:48.390[Status]Routing 80: Walk: 77
2019-09-05_00:16:48.490[Battery Energy]26.56
2019-09-05_00:16:48.491[Status]Routing Start.
2019-09-05_00:16:48.781[Status]{'coordinate': [773.6645735442374, 367.44599853854436], 'id': 19}
2019-09-05_00:16:48.781[Status]Routing 81: Walk: 78
2019-09-05_00:16:48.884[Battery Energy]26.26
2019-09-05_00:16:48.884[Status]Routing Start.
2019-09-05_00:16:49.125[Status]{'coordinate': [781.7934282099842, 361.6217628098699], 'id': 19}
2019-09-05_00:16:49.125[Status]Routing 82: Walk: 79
2019-09-05_00:16:49.225[Battery Energy]26.04
2019-09-05_00:16:49.225[Status]Routing Start.
2019-09-05_00:16:49.537[Status]{'coordinate': [789.922282875731, 355.7975270811954], 'id': 19}
2019-09-05_00:16:49.537[Status]Routing 83: Walk: 80
2019-09-05_00:16:49.648[Battery Energy]25.74
2019-09-05_00:16:49.648[Status]Routing Start.
2019-09-05_00:16:49.977[Status]{'coordinate': [798.0511375414777, 349.97329135252096], 'id': 19}
2019-09-05_00:16:49.977[Status]Routing 84: Walk: 81
2019-09-05_00:16:50.077[Battery Energy]25.43
2019-09-05_00:16:50.077[Status]Routing Start.
2019-09-05_00:16:50.248[Status]{'coordinate': [806.1799922072245, 344.1490556238465], 'id': 19}
2019-09-05_00:16:50.248[Status]Routing 85: Walk: 82
2019-09-05_00:16:50.360[Battery Energy]25.23
2019-09-05_00:16:50.360[Status]Routing Start.
2019-09-05_00:16:50.599[Status]{'coordinate': [814.3088468729712, 338.324819895172], 'id': 19}
2019-09-05_00:16:50.600[Status]Routing 86: Walk: 83
2019-09-05_00:16:50.708[Battery Energy]24.95
2019-09-05_00:16:50.708[Status]Routing Start.
2019-09-05_00:16:50.995[Status]{'coordinate': [822.437701538718, 332.50058416649756], 'id': 19}
2019-09-05_00:16:50.995[Status]Routing 87: Walk: 84
2019-09-05_00:16:51.104[Battery Energy]24.66
2019-09-05_00:16:51.104[Status]Routing Start.
2019-09-05_00:16:51.327[Status]{'coordinate': [830.5665562044647, 326.6763484378231], 'id': 19}
2019-09-05_00:16:51.327[Status]Routing 88: Walk: 85
2019-09-05_00:16:51.427[Battery Energy]24.43
2019-09-05_00:16:51.427[Status]Routing Start.
2019-09-05_00:16:51.656[Status]{'coordinate': [838.6954108702115, 320.8521127091486], 'id': 19}
2019-09-05_00:16:51.656[Status]Routing 89: Walk: 86
2019-09-05_00:16:51.760[Battery Energy]24.24
2019-09-05_00:16:51.760[Status]Routing Start.
2019-09-05_00:16:52.013[Status]{'coordinate': [846.8242655359583, 315.02787698047416], 'id': 19}
2019-09-05_00:16:52.013[Status]Routing 90: Walk: 87
2019-09-05_00:16:52.113[Battery Energy]23.97
2019-09-05_00:16:52.113[Status]Routing Start.
2019-09-05_00:16:52.323[Status]{'coordinate': [854.953120201705, 309.2036412517997], 'id': 19}
2019-09-05_00:16:52.323[Status]Routing 91: Walk: 88
2019-09-05_00:16:52.423[Battery Energy]23.75
2019-09-05_00:16:52.423[Status]Routing Start.
2019-09-05_00:16:52.644[Status]{'coordinate': [863.0819748674518, 303.37940552312523], 'id': 19}
2019-09-05_00:16:52.644[Status]Routing 92: Walk: 89
2019-09-05_00:16:52.820[Battery Energy]23.46
2019-09-05_00:16:52.821[Status]Routing Start.
2019-09-05_00:16:52.974[Status]{'coordinate': [871.2108295331985, 297.55516979445076], 'id': 19}
2019-09-05_00:16:52.974[Status]Routing 93: Walk: 90
2019-09-05_00:16:53.117[Battery Energy]23.25
2019-09-05_00:16:53.117[Status]Routing Start.
2019-09-05_00:16:53.308[Status]{'coordinate': [879.3396841989453, 291.7309340657763], 'id': 19}
2019-09-05_00:16:53.308[Status]Routing 94: Walk: 91
2019-09-05_00:16:53.408[Battery Energy]23.00
2019-09-05_00:16:53.408[Status]Routing Start.
2019-09-05_00:16:53.823[Status]{'coordinate': [887.468538864692, 285.90669833710183], 'id': 19}
2019-09-05_00:16:53.823[Status]Routing 95: Walk: 92
2019-09-05_00:16:53.942[Battery Energy]22.66
2019-09-05_00:16:53.942[Status]Routing Start.
2019-09-05_00:16:54.135[Status]{'coordinate': [895.5973935304388, 280.08246260842736], 'id': 19}
2019-09-05_00:16:54.135[Status]Routing 96: Walk: 93
2019-09-05_00:16:54.244[Battery Energy]22.43
2019-09-05_00:16:54.244[Status]Routing Start.
2019-09-05_00:16:54.580[Status]{'coordinate': [903.7262481961856, 274.2582268797529], 'id': 19}
2019-09-05_00:16:54.580[Status]Routing 97: Walk: 94
2019-09-05_00:16:54.692[Battery Energy]22.13
2019-09-05_00:16:54.692[Status]Routing Start.
2019-09-05_00:16:54.929[Status]{'coordinate': [911.8551028619323, 268.43399115107843], 'id': 19}
2019-09-05_00:16:54.929[Status]Routing 98: Walk: 95
2019-09-05_00:16:55.036[Battery Energy]21.85
2019-09-05_00:16:55.036[Status]Routing Start.
2019-09-05_00:16:55.214[Status]{'coordinate': [919.9839575276791, 262.60975542240396], 'id': 19}
2019-09-05_00:16:55.214[Status]Routing 99: Walk: 96
2019-09-05_00:16:55.314[Battery Energy]21.62
2019-09-05_00:16:55.314[Status]Routing Start.
2019-09-05_00:16:55.652[Status]Routing 100: Walk: 96
2019-09-05_00:16:55.753[Battery Energy]21.28
2019-09-05_00:16:55.753[Status]Routing Start.
2019-09-05_00:16:56.117[Status]Routing 101: Walk: 96
2019-09-05_00:16:56.217[Battery Energy]20.94
2019-09-05_00:16:56.217[Status]Routing Start.
2019-09-05_00:16:56.651[Status]Routing 102: Walk: 96
2019-09-05_00:16:56.752[Battery Energy]20.60
2019-09-05_00:16:56.752[Status]Routing Start.
2019-09-05_00:16:57.102[Status]Routing 103: Walk: 96
2019-09-05_00:16:57.202[Battery Energy]20.25
2019-09-05_00:16:57.202[Status]Routing Start.
2019-09-05_00:16:57.622[Status]Routing 104: Walk: 96
2019-09-05_00:16:57.725[Battery Energy]19.89
2019-09-05_00:16:57.725[Status]Routing Start.
2019-09-05_00:16:57.860[Status]{'coordinate': [928.1128121934258, 256.7855196937295], 'id': 19}
2019-09-05_00:16:57.860[Status]Routing 105: Walk: 97
2019-09-05_00:16:57.964[Battery Energy]19.70
2019-09-05_00:16:57.964[Status]Routing Start.
2019-09-05_00:16:58.276[Status]{'coordinate': [936.2416668591726, 250.96128396505506], 'id': 19}
2019-09-05_00:16:58.277[Status]Routing 106: Walk: 98
2019-09-05_00:16:58.384[Battery Energy]19.38
2019-09-05_00:16:58.384[Status]Routing Start.
2019-09-05_00:16:58.757[Status]{'coordinate': [944.3705215249194, 245.13704823638062], 'id': 19}
2019-09-05_00:16:58.757[Status]Routing 107: Walk: 99
2019-09-05_00:16:58.857[Battery Energy]19.10
2019-09-05_00:16:58.857[Status]Routing Start.
2019-09-05_00:16:59.231[Status]{'coordinate': [952.4993761906661, 239.31281250770618], 'id': 19}
2019-09-05_00:16:59.231[Status]Routing 108: Walk: 100
2019-09-05_00:16:59.405[Battery Energy]18.76
2019-09-05_00:16:59.405[Status]Routing Start.
2019-09-05_00:16:59.625[Status]{'coordinate': [960.6282308564129, 233.48857677903175], 'id': 19}
2019-09-05_00:16:59.625[Status]Routing 109: Walk: 101
2019-09-05_00:16:59.736[Battery Energy]18.55
2019-09-05_00:16:59.736[Status]Routing Start.
2019-09-05_00:17:00.059[Status]{'coordinate': [968.7570855221596, 227.6643410503573], 'id': 19}
2019-09-05_00:17:00.060[Status]Routing 110: Walk: 102
2019-09-05_00:17:00.172[Battery Energy]18.25
2019-09-05_00:17:00.172[Status]Routing Start.
2019-09-05_00:17:00.497[Status]{'coordinate': [976.8859401879064, 221.84010532168287], 'id': 19}
2019-09-05_00:17:00.497[Status]Routing 111: Walk: 103
2019-09-05_00:17:00.608[Battery Energy]17.97
2019-09-05_00:17:00.608[Status]Routing Start.
2019-09-05_00:17:00.819[Status]{'coordinate': [985.0147948536531, 216.01586959300843], 'id': 19}
2019-09-05_00:17:00.819[Status]Routing 112: Walk: 104
2019-09-05_00:17:00.919[Battery Energy]17.73
2019-09-05_00:17:00.919[Status]Routing Start.
2019-09-05_00:17:01.497[Status]{'coordinate': [986.8719395297085, 225.84190712866845], 'id': 19}
2019-09-05_00:17:01.503[Status]Routing 113: Walk: 105
2019-09-05_00:17:01.604[Battery Energy]17.18
2019-09-05_00:17:01.604[Status]Routing Start.
2019-09-05_00:17:02.062[Status]{'coordinate': [990.0919866567097, 235.3092877854231], 'id': 19}
2019-09-05_00:17:02.062[Status]Routing 114: Walk: 106
2019-09-05_00:17:02.163[Battery Energy]16.74
2019-09-05_00:17:02.163[Status]Routing Start.
2019-09-05_00:17:02.529[Status]{'coordinate': [997.163931408211, 242.3794785488829], 'id': 19}
2019-09-05_00:17:02.530[Status]Routing 115: Walk: 107
2019-09-05_00:17:02.630[Battery Energy]16.34
2019-09-05_00:17:02.630[Status]Routing Start.
2019-09-05_00:17:02.808[Status]{'coordinate': [1004.2167652652878, 235.29022368081158], 'id': 19}
2019-09-05_00:17:02.808[Status]Routing 116: Walk: 108
2019-09-05_00:17:02.912[Battery Energy]16.10
2019-09-05_00:17:02.912[Status]Routing Start.
2019-09-05_00:17:03.459[Status]{'coordinate': [1012.7670295538471, 240.47606793182683], 'id': 19}
2019-09-05_00:17:03.459[Status]Routing 117: Walk: 109
2019-09-05_00:17:03.559[Battery Energy]15.61
2019-09-05_00:17:03.559[Status]Routing Start.
2019-09-05_00:17:03.747[Status]{'coordinate': [1019.3767380291468, 232.97195213637494], 'id': 19}
2019-09-05_00:17:03.747[Status]Routing 118: Walk: 110
2019-09-05_00:17:03.856[Battery Energy]15.37
2019-09-05_00:17:03.856[Status]Routing Start.
2019-09-05_00:17:04.266[Status]{'coordinate': [1029.3657241698104, 233.44115985331032], 'id': 19}
2019-09-05_00:17:04.266[Status]Routing 119: Walk: 111
2019-09-05_00:17:04.366[Battery Energy]14.94
2019-09-05_00:17:04.366[Status]Routing Start.
2019-09-05_00:17:04.574[Status]{'coordinate': [1035.5593599885328, 225.59011690698534], 'id': 19}
2019-09-05_00:17:04.574[Status]Routing 120: Walk: 112
2019-09-05_00:17:04.676[Battery Energy]14.67
2019-09-05_00:17:04.676[Status]Routing Start.
2019-09-05_00:17:05.122[Status]{'coordinate': [1041.7529958072553, 217.73907396066036], 'id': 19}
2019-09-05_00:17:05.122[Status]Routing 121: Walk: 113
2019-09-05_00:17:05.232[Battery Energy]14.28
2019-09-05_00:17:05.232[Status]Routing Start.
2019-09-05_00:17:05.598[Status]{'coordinate': [1047.9466316259777, 209.88803101433538], 'id': 19}
2019-09-05_00:17:05.598[Status]Routing 122: Walk: 114
2019-09-05_00:17:05.712[Battery Energy]13.94
2019-09-05_00:17:05.712[Status]Routing Start.
2019-09-05_00:17:06.108[Status]{'coordinate': [1054.1402674447002, 202.0369880680104], 'id': 19}
2019-09-05_00:17:06.108[Status]Routing 123: Walk: 115
2019-09-05_00:17:06.248[Battery Energy]13.58
2019-09-05_00:17:06.248[Status]Routing Start.
2019-09-05_00:17:06.611[Status]{'coordinate': [1060.3339032634226, 194.1859451216854], 'id': 19}
2019-09-05_00:17:06.611[Status]Routing 124: Walk: 116
2019-09-05_00:17:06.748[Battery Energy]13.23
2019-09-05_00:17:06.748[Status]Routing Start.
2019-09-05_00:17:06.910[Status]{'coordinate': [1066.527539082145, 186.33490217536038], 'id': 19}
2019-09-05_00:17:06.910[Status]Routing 125: Walk: 117
2019-09-05_00:17:07.010[Battery Energy]13.02
2019-09-05_00:17:07.010[Status]Routing Start.
2019-09-05_00:17:07.360[Status]{'coordinate': [1072.7211749008675, 178.48385922903537], 'id': 19}
2019-09-05_00:17:07.360[Status]Routing 126: Walk: 118
2019-09-05_00:17:07.472[Battery Energy]12.74
2019-09-05_00:17:07.472[Status]Routing Start.
2019-09-05_00:17:07.735[Status]{'coordinate': [1078.91481071959, 170.63281628271037], 'id': 19}
2019-09-05_00:17:07.735[Status]Routing 127: Walk: 119
2019-09-05_00:17:07.840[Battery Energy]12.44
2019-09-05_00:17:07.840[Status]Routing Start.
2019-09-05_00:17:08.253[Status]{'coordinate': [1085.1084465383121, 162.78177333638536], 'id': 19}
2019-09-05_00:17:08.253[Status]Routing 128: Walk: 120
2019-09-05_00:17:08.380[Battery Energy]12.12
2019-09-05_00:17:08.380[Status]Routing Start.
2019-09-05_00:17:08.685[Status]{'coordinate': [1091.3020823570346, 154.93073039006035], 'id': 19}
2019-09-05_00:17:08.685[Status]Routing 129: Walk: 121
2019-09-05_00:17:08.785[Battery Energy]11.84
2019-09-05_00:17:08.785[Status]Routing Start.
2019-09-05_00:17:09.070[Status]{'coordinate': [1097.4957181757568, 147.07968744373534], 'id': 19}
2019-09-05_00:17:09.070[Status]Routing 130: Walk: 122
2019-09-05_00:17:09.231[Battery Energy]11.59
2019-09-05_00:17:09.231[Status]Routing Start.
2019-09-05_00:17:09.408[Status]{'coordinate': [1103.6893539944792, 139.22864449741033], 'id': 19}
2019-09-05_00:17:09.408[Status]Routing 131: Walk: 123
2019-09-05_00:17:09.520[Battery Energy]11.37
2019-09-05_00:17:09.520[Status]Routing Start.
2019-09-05_00:17:09.664[Status]{'coordinate': [1109.8829898132014, 131.3776015510853], 'id': 19}
2019-09-05_00:17:09.664[Status]Routing 132: Walk: 124
2019-09-05_00:17:09.770[Battery Energy]11.18
2019-09-05_00:17:09.770[Status]Routing Start.
2019-09-05_00:17:09.988[Status]{'coordinate': [1116.076625631924, 123.52655860476031], 'id': 19}
2019-09-05_00:17:09.988[Status]Routing 133: Walk: 125
2019-09-05_00:17:10.088[Battery Energy]10.98
2019-09-05_00:17:10.088[Status]Routing Start.
2019-09-05_00:17:10.088[Status]Task Finished.
2019-09-05_00:17:10.188[Battery Energy]10.98
2019-09-05_00:17:10.365[Status]Routing 135: Walk: 125
2019-09-05_00:17:10.466[Battery Energy]10.86
2019-09-05_00:17:10.690[Status]Routing 136: Walk: 125
2019-09-05_00:17:10.800[Battery Energy]10.73
2019-09-05_00:17:10.945[Status]Routing 137: Walk: 125
2019-09-05_00:17:11.052[Battery Energy]10.64
2019-09-05_00:17:11.217[Status]Routing 138: Walk: 125
2019-09-05_00:17:11.317[Battery Energy]10.53
2019-09-05_00:17:11.599[Status]Routing 139: Walk: 125
2019-09-05_00:17:11.702[Battery Energy]10.37
2019-09-05_00:17:11.938[Status]Routing 140: Walk: 125
2019-09-05_00:17:12.056[Battery Energy]10.23
2019-09-05_00:17:12.459[Status]Routing 141: Walk: 125
2019-09-05_00:17:12.559[Battery Energy]9.98
2019-09-05_00:17:12.822[Status]Routing 142: Walk: 125
2019-09-05_00:17:12.932[Battery Energy]9.80
2019-09-05_00:17:13.179[Status]Routing 143: Walk: 125
2019-09-05_00:17:13.279[Battery Energy]9.62
2019-09-05_00:17:13.567[Status]Routing 144: Walk: 125
2019-09-05_00:17:13.684[Battery Energy]9.47
2019-09-05_00:17:13.877[Status]Routing 145: Walk: 125
2019-09-05_00:17:13.978[Battery Energy]9.35
2019-09-05_00:17:14.242[Status]Routing 146: Walk: 125
2019-09-05_00:17:14.356[Battery Energy]9.19
2019-09-05_00:17:14.556[Status]Routing 147: Walk: 125
2019-09-05_00:17:14.723[Battery Energy]9.07
2019-09-05_00:17:14.878[Status]Routing 148: Walk: 125
2019-09-05_00:17:14.980[Battery Energy]8.95
2019-09-05_00:17:15.222[Status]Routing 149: Walk: 125
2019-09-05_00:17:15.323[Battery Energy]8.78
2019-09-05_00:17:15.493[Status]Routing 150: Walk: 125
2019-09-05_00:17:15.604[Battery Energy]8.63
2019-09-05_00:17:15.792[Status]Routing 151: Walk: 125
2019-09-05_00:17:15.900[Battery Energy]8.50
2019-09-05_00:17:16.131[Status]Routing 152: Walk: 125
2019-09-05_00:17:16.240[Battery Energy]8.38
2019-09-05_00:17:16.487[Status]Routing 153: Walk: 125
2019-09-05_00:17:16.589[Battery Energy]8.25
2019-09-05_00:17:16.792[Status]Routing 154: Walk: 125
2019-09-05_00:17:16.904[Battery Energy]8.13
2019-09-05_00:17:17.122[Status]Routing 155: Walk: 125
2019-09-05_00:17:17.232[Battery Energy]8.02
2019-09-05_00:17:17.373[Status]Routing 156: Walk: 125
2019-09-05_00:17:17.474[Battery Energy]7.91
2019-09-05_00:17:17.758[Status]Routing 157: Walk: 125
2019-09-05_00:17:17.868[Battery Energy]7.72
2019-09-05_00:17:18.054[Status]Routing 158: Walk: 125
2019-09-05_00:17:18.168[Battery Energy]7.60
2019-09-05_00:17:18.520[Status]Routing 159: Walk: 125
2019-09-05_00:17:18.628[Battery Energy]7.40
2019-09-05_00:17:18.833[Status]Routing 160: Walk: 125
2019-09-05_00:17:18.948[Battery Energy]7.27
2019-09-05_00:17:19.146[Status]Routing 161: Walk: 125
2019-09-05_00:17:19.247[Battery Energy]7.15
