2019-09-05_19:49:14.788[Status]Start.
2019-09-05_19:49:14.788[Battery Energy]100.00
2019-09-05_19:49:15.889[Battery Energy]99.96
2019-09-05_19:49:16.990[Battery Energy]99.92
2019-09-05_19:49:18.092[Battery Energy]99.88
2019-09-05_19:49:19.192[Battery Energy]99.84
2019-09-05_19:49:20.293[Task]A New Task Released.
2019-09-05_19:49:20.293[Battery Energy]99.80
2019-09-05_19:49:20.293[Status]Selection Start.
2019-09-05_19:49:24.054[Status]Selection End: Do Task 0.
2019-09-05_19:49:24.161[Battery Energy]96.68
2019-09-05_19:49:24.161[Status]Formation Start.
2019-09-05_19:49:24.312[Status]Formation End: To Position 3.
2019-09-05_19:49:24.416[Battery Energy]96.56
2019-09-05_19:49:24.416[Status]Routing Start.
2019-09-05_19:49:24.641[Status]{'id': 1, 'coordinate': [64.41741911594838, 453.36336396998155]}
2019-09-05_19:49:24.641[Status]Routing 1: Walk: 1
2019-09-05_19:49:24.761[Battery Energy]96.40
2019-09-05_19:49:24.761[Status]Routing Start.
2019-09-05_19:49:24.783[Status]{'id': 1, 'coordinate': [73.83483823189675, 456.7267279399631]}
2019-09-05_19:49:24.783[Status]Routing 2: Walk: 2
2019-09-05_19:49:24.889[Battery Energy]96.27
2019-09-05_19:49:24.889[Status]Routing Start.
2019-09-05_19:49:24.934[Status]{'id': 1, 'coordinate': [83.25225734784513, 460.09009190994465]}
2019-09-05_19:49:24.934[Status]Routing 3: Walk: 3
2019-09-05_19:49:25.034[Battery Energy]96.12
2019-09-05_19:49:25.034[Status]Routing Start.
2019-09-05_19:49:25.069[Status]{'id': 1, 'coordinate': [92.66967646379351, 463.4534558799262]}
2019-09-05_19:49:25.069[Status]Routing 4: Walk: 4
2019-09-05_19:49:25.170[Battery Energy]95.98
2019-09-05_19:49:25.170[Status]Routing Start.
2019-09-05_19:49:25.279[Status]{'id': 1, 'coordinate': [102.08709557974188, 466.8168198499078]}
2019-09-05_19:49:25.279[Status]Routing 5: Walk: 5
2019-09-05_19:49:25.379[Battery Energy]95.79
2019-09-05_19:49:25.379[Status]Routing Start.
2019-09-05_19:49:25.408[Status]{'id': 1, 'coordinate': [111.50451469569026, 470.18018381988935]}
2019-09-05_19:49:25.408[Status]Routing 6: Walk: 6
2019-09-05_19:49:25.508[Battery Energy]95.65
2019-09-05_19:49:25.508[Status]Routing Start.
2019-09-05_19:49:25.592[Status]{'id': 1, 'coordinate': [120.92193381163862, 473.54354778987096]}
2019-09-05_19:49:25.592[Status]Routing 7: Walk: 7
2019-09-05_19:49:25.693[Battery Energy]95.46
2019-09-05_19:49:25.693[Status]Routing Start.
2019-09-05_19:49:25.693[Status]Task Finished.
2019-09-05_19:49:25.793[Battery Energy]95.46
2019-09-05_19:49:25.797[Status]Routing 9: Walk: 7
2019-09-05_19:49:25.898[Battery Energy]95.44
2019-09-05_19:49:26.024[Status]Routing 10: Walk: 7
2019-09-05_19:49:26.133[Battery Energy]95.36
2019-09-05_19:49:26.205[Status]Routing 11: Walk: 7
2019-09-05_19:49:26.309[Battery Energy]95.31
2019-09-05_19:49:26.440[Status]Routing 12: Walk: 7
2019-09-05_19:49:26.540[Battery Energy]95.20
2019-09-05_19:49:26.692[Status]Routing 13: Walk: 7
2019-09-05_19:49:26.792[Battery Energy]95.10
2019-09-05_19:49:26.885[Status]Routing 14: Walk: 7
2019-09-05_19:49:26.993[Battery Energy]95.03
2019-09-05_19:49:27.105[Status]Routing 15: Walk: 7
2019-09-05_19:49:27.209[Battery Energy]94.94
2019-09-05_19:49:27.274[Status]Routing 16: Walk: 7
2019-09-05_19:49:27.377[Battery Energy]94.89
2019-09-05_19:49:27.468[Status]Routing 17: Walk: 7
2019-09-05_19:49:27.579[Battery Energy]94.81
2019-09-05_19:49:27.587[Status]Routing 18: Walk: 7
2019-09-05_19:49:27.693[Battery Energy]94.79
2019-09-05_19:49:27.769[Status]Routing 19: Walk: 7
2019-09-05_19:49:27.877[Battery Energy]94.72
2019-09-05_19:49:27.920[Status]Routing 20: Walk: 7
2019-09-05_19:49:28.025[Battery Energy]94.67
2019-09-05_19:49:28.127[Status]Routing 21: Walk: 7
2019-09-05_19:49:28.229[Battery Energy]94.59
2019-09-05_19:49:28.372[Status]Routing 22: Walk: 7
2019-09-05_19:49:28.474[Battery Energy]94.48
2019-09-05_19:49:28.540[Status]Routing 23: Walk: 7
2019-09-05_19:49:28.681[Battery Energy]94.41
2019-09-05_19:49:28.757[Status]Routing 24: Walk: 7
2019-09-05_19:49:28.873[Battery Energy]94.34
2019-09-05_19:49:28.890[Status]Routing 25: Walk: 7
2019-09-05_19:49:29.021[Battery Energy]94.31
2019-09-05_19:49:29.076[Status]Routing 26: Walk: 7
2019-09-05_19:49:29.177[Battery Energy]94.27
2019-09-05_19:49:29.263[Status]Routing 27: Walk: 7
2019-09-05_19:49:29.369[Battery Energy]94.21
2019-09-05_19:49:29.405[Status]Routing 28: Walk: 7
2019-09-05_19:49:29.526[Battery Energy]94.17
2019-09-05_19:49:29.586[Status]Routing 29: Walk: 7
2019-09-05_19:49:29.687[Battery Energy]94.12
2019-09-05_19:49:29.789[Status]Routing 30: Walk: 7
2019-09-05_19:49:29.897[Battery Energy]94.06
2019-09-05_19:49:29.946[Status]Routing 31: Walk: 7
2019-09-05_19:49:30.050[Battery Energy]94.00
2019-09-05_19:49:30.205[Status]Routing 32: Walk: 7
2019-09-05_19:49:30.309[Battery Energy]93.93
2019-09-05_19:49:30.350[Status]Routing 33: Walk: 7
2019-09-05_19:49:30.450[Battery Energy]93.89
2019-09-05_19:49:30.530[Status]Routing 34: Walk: 7
2019-09-05_19:49:30.632[Battery Energy]93.83
2019-09-05_19:49:30.688[Status]Routing 35: Walk: 7
2019-09-05_19:49:30.797[Battery Energy]93.80
2019-09-05_19:49:30.917[Status]Routing 36: Walk: 7
2019-09-05_19:49:31.017[Battery Energy]93.71
2019-09-05_19:49:31.081[Status]Routing 37: Walk: 7
2019-09-05_19:49:31.181[Battery Energy]93.67
2019-09-05_19:49:31.273[Status]Routing 38: Walk: 7
2019-09-05_19:49:31.389[Battery Energy]93.59
2019-09-05_19:49:31.536[Status]Routing 39: Walk: 7
2019-09-05_19:49:31.636[Battery Energy]93.48
2019-09-05_19:49:31.698[Status]Routing 40: Walk: 7
2019-09-05_19:49:31.809[Battery Energy]93.42
2019-09-05_19:49:31.839[Status]Routing 41: Walk: 7
2019-09-05_19:49:31.939[Battery Energy]93.38
2019-09-05_19:49:31.994[Status]Routing 42: Walk: 7
2019-09-05_19:49:32.101[Battery Energy]93.34
2019-09-05_19:49:32.123[Status]Routing 43: Walk: 7
2019-09-05_19:49:32.224[Battery Energy]93.31
2019-09-05_19:49:32.362[Status]Routing 44: Walk: 7
2019-09-05_19:49:32.473[Battery Energy]93.24
2019-09-05_19:49:32.536[Status]Routing 45: Walk: 7
2019-09-05_19:49:32.636[Battery Energy]93.19
2019-09-05_19:49:32.690[Status]Routing 46: Walk: 7
2019-09-05_19:49:32.797[Battery Energy]93.15
2019-09-05_19:49:32.878[Status]Routing 47: Walk: 7
2019-09-05_19:49:32.989[Battery Energy]93.10
2019-09-05_19:49:33.024[Status]Routing 48: Walk: 7
2019-09-05_19:49:33.133[Battery Energy]93.06
2019-09-05_19:49:33.185[Status]Routing 49: Walk: 7
2019-09-05_19:49:33.286[Battery Energy]93.00
2019-09-05_19:49:33.406[Status]Routing 50: Walk: 7
2019-09-05_19:49:33.516[Battery Energy]92.93
2019-09-05_19:49:33.538[Status]Routing 51: Walk: 7
2019-09-05_19:49:33.638[Battery Energy]92.90
2019-09-05_19:49:33.685[Status]Routing 52: Walk: 7
2019-09-05_19:49:33.785[Battery Energy]92.85
2019-09-05_19:49:33.864[Status]Routing 53: Walk: 7
2019-09-05_19:49:33.969[Battery Energy]92.80
2019-09-05_19:49:33.998[Status]Routing 54: Walk: 7
2019-09-05_19:49:34.098[Battery Energy]92.77
2019-09-05_19:49:34.189[Status]Routing 55: Walk: 7
2019-09-05_19:49:34.289[Battery Energy]92.69
2019-09-05_19:49:34.388[Status]Routing 56: Walk: 7
2019-09-05_19:49:34.489[Battery Energy]92.60
2019-09-05_19:49:34.535[Status]Routing 57: Walk: 7
2019-09-05_19:49:34.641[Battery Energy]92.56
2019-09-05_19:49:34.701[Status]Routing 58: Walk: 7
2019-09-05_19:49:34.809[Battery Energy]92.51
2019-09-05_19:49:34.873[Status]Routing 59: Walk: 7
2019-09-05_19:49:34.981[Battery Energy]92.44
2019-09-05_19:49:35.042[Status]Routing 60: Walk: 7
2019-09-05_19:49:35.150[Battery Energy]92.38
2019-09-05_19:49:35.203[Status]Routing 61: Walk: 7
2019-09-05_19:49:35.303[Battery Energy]92.32
2019-09-05_19:49:35.452[Status]Routing 62: Walk: 7
2019-09-05_19:49:35.557[Battery Energy]92.21
2019-09-05_19:49:35.623[Status]Routing 63: Walk: 7
2019-09-05_19:49:35.723[Battery Energy]92.17
2019-09-05_19:49:35.770[Status]Routing 64: Walk: 7
2019-09-05_19:49:35.873[Battery Energy]92.12
2019-09-05_19:49:36.026[Status]Routing 65: Walk: 7
2019-09-05_19:49:36.126[Battery Energy]92.00
2019-09-05_19:49:36.174[Status]Routing 66: Walk: 7
2019-09-05_19:49:36.274[Battery Energy]91.97
2019-09-05_19:49:36.337[Status]Routing 67: Walk: 7
2019-09-05_19:49:36.437[Battery Energy]91.93
2019-09-05_19:49:36.536[Status]Routing 68: Walk: 7
2019-09-05_19:49:36.641[Battery Energy]91.87
2019-09-05_19:49:36.714[Status]Routing 69: Walk: 7
2019-09-05_19:49:36.815[Battery Energy]91.82
2019-09-05_19:49:36.873[Status]Routing 70: Walk: 7
2019-09-05_19:49:36.981[Battery Energy]91.77
2019-09-05_19:49:37.040[Status]Routing 71: Walk: 7
2019-09-05_19:49:37.230[Battery Energy]91.71
2019-09-05_19:49:37.289[Status]Routing 72: Walk: 7
2019-09-05_19:49:37.397[Battery Energy]91.66
2019-09-05_19:49:37.438[Status]Routing 73: Walk: 7
2019-09-05_19:49:37.545[Battery Energy]91.62
2019-09-05_19:49:37.580[Status]Routing 74: Walk: 7
2019-09-05_19:49:37.689[Battery Energy]91.58
2019-09-05_19:49:37.752[Status]Routing 75: Walk: 7
2019-09-05_19:49:37.853[Battery Energy]91.53
2019-09-05_19:49:37.878[Status]Routing 76: Walk: 7
2019-09-05_19:49:37.978[Battery Energy]91.49
2019-09-05_19:49:38.025[Status]Routing 77: Walk: 7
2019-09-05_19:49:38.129[Battery Energy]91.44
2019-09-05_19:49:38.220[Status]Routing 78: Walk: 7
2019-09-05_19:49:38.323[Battery Energy]91.39
2019-09-05_19:49:38.325[Status]Routing 79: Walk: 7
2019-09-05_19:49:38.425[Battery Energy]91.37
2019-09-05_19:49:38.488[Status]Routing 80: Walk: 7
2019-09-05_19:49:38.589[Battery Energy]91.30
2019-09-05_19:49:38.640[Status]Routing 81: Walk: 7
2019-09-05_19:49:38.741[Battery Energy]91.24
2019-09-05_19:49:38.804[Status]Routing 82: Walk: 7
2019-09-05_19:49:38.904[Battery Energy]91.19
2019-09-05_19:49:39.010[Status]Routing 83: Walk: 7
2019-09-05_19:49:39.113[Battery Energy]91.11
2019-09-05_19:49:39.173[Status]Routing 84: Walk: 7
2019-09-05_19:49:39.277[Battery Energy]91.06
2019-09-05_19:49:39.372[Status]Routing 85: Walk: 7
2019-09-05_19:49:39.472[Battery Energy]90.98
2019-09-05_19:49:39.501[Status]Routing 86: Walk: 7
2019-09-05_19:49:39.602[Battery Energy]90.94
2019-09-05_19:49:39.660[Status]Routing 87: Walk: 7
2019-09-05_19:49:39.773[Battery Energy]90.88
2019-09-05_19:49:39.878[Status]Routing 88: Walk: 7
2019-09-05_19:49:39.982[Battery Energy]90.77
2019-09-05_19:49:40.009[Status]Routing 89: Walk: 7
2019-09-05_19:49:40.109[Battery Energy]90.73
2019-09-05_19:49:40.154[Status]Routing 90: Walk: 7
2019-09-05_19:49:40.257[Battery Energy]90.68
2019-09-05_19:49:40.391[Status]Routing 91: Walk: 7
2019-09-05_19:49:40.519[Battery Energy]90.57
2019-09-05_19:49:40.533[Status]Routing 92: Walk: 7
2019-09-05_19:49:40.634[Battery Energy]90.55
2019-09-05_19:49:40.763[Status]Routing 93: Walk: 7
2019-09-05_19:49:40.885[Battery Energy]90.46
2019-09-05_19:49:40.948[Status]Routing 94: Walk: 7
2019-09-05_19:49:41.049[Battery Energy]90.42
2019-09-05_19:49:41.051[Status]Routing 95: Walk: 7
2019-09-05_19:49:41.151[Battery Energy]90.40
2019-09-05_19:49:41.195[Status]Routing 96: Walk: 7
2019-09-05_19:49:41.296[Battery Energy]90.34
2019-09-05_19:49:41.435[Status]Routing 97: Walk: 7
2019-09-05_19:49:41.535[Battery Energy]90.25
2019-09-05_19:49:41.630[Status]Routing 98: Walk: 7
2019-09-05_19:49:41.735[Battery Energy]90.15
2019-09-05_19:49:41.782[Status]Routing 99: Walk: 7
2019-09-05_19:49:41.895[Battery Energy]90.10
2019-09-05_19:49:42.014[Status]Routing 100: Walk: 7
2019-09-05_19:49:42.117[Battery Energy]89.99
2019-09-05_19:49:42.168[Status]Routing 101: Walk: 7
2019-09-05_19:49:42.269[Battery Energy]89.93
2019-09-05_19:49:42.342[Status]Routing 102: Walk: 7
2019-09-05_19:49:42.449[Battery Energy]89.87
2019-09-05_19:49:42.573[Status]Routing 103: Walk: 7
2019-09-05_19:49:42.677[Battery Energy]89.79
2019-09-05_19:49:42.707[Status]Routing 104: Walk: 7
2019-09-05_19:49:42.807[Battery Energy]89.75
2019-09-05_19:49:42.873[Status]Routing 105: Walk: 7
2019-09-05_19:49:42.977[Battery Energy]89.69
2019-09-05_19:49:43.033[Status]Routing 106: Walk: 7
2019-09-05_19:49:43.134[Battery Energy]89.63
2019-09-05_19:49:43.190[Status]Routing 107: Walk: 7
2019-09-05_19:49:43.292[Battery Energy]89.57
2019-09-05_19:49:43.346[Status]Routing 108: Walk: 7
2019-09-05_19:49:43.453[Battery Energy]89.53
2019-09-05_19:49:43.518[Status]Routing 109: Walk: 7
2019-09-05_19:49:43.661[Battery Energy]89.46
2019-09-05_19:49:43.698[Status]Routing 110: Walk: 7
2019-09-05_19:49:43.809[Battery Energy]89.43
2019-09-05_19:49:43.935[Status]Routing 111: Walk: 7
2019-09-05_19:49:44.053[Battery Energy]89.33
2019-09-05_19:49:44.098[Status]Routing 112: Walk: 7
2019-09-05_19:49:44.213[Battery Energy]89.29
2019-09-05_19:49:44.330[Status]Routing 113: Walk: 7
2019-09-05_19:49:44.430[Battery Energy]89.19
2019-09-05_19:49:44.577[Status]Routing 114: Walk: 7
2019-09-05_19:49:44.677[Battery Energy]89.06
2019-09-05_19:49:44.789[Status]Routing 115: Walk: 7
2019-09-05_19:49:44.889[Battery Energy]89.01
2019-09-05_19:49:44.977[Status]Routing 116: Walk: 7
2019-09-05_19:49:45.081[Battery Energy]88.96
2019-09-05_19:49:45.141[Status]Routing 117: Walk: 7
2019-09-05_19:49:45.241[Battery Energy]88.91
2019-09-05_19:49:45.340[Status]Routing 118: Walk: 7
2019-09-05_19:49:45.440[Battery Energy]88.85
2019-09-05_19:49:45.550[Status]Routing 119: Walk: 7
2019-09-05_19:49:45.662[Battery Energy]88.78
2019-09-05_19:49:45.677[Status]Routing 120: Walk: 7
2019-09-05_19:49:45.785[Battery Energy]88.75
2019-09-05_19:49:45.858[Status]Routing 121: Walk: 7
2019-09-05_19:49:45.969[Battery Energy]88.70
2019-09-05_19:49:46.043[Status]Routing 122: Walk: 7
2019-09-05_19:49:46.143[Battery Energy]88.64
2019-09-05_19:49:46.208[Status]Routing 123: Walk: 7
2019-09-05_19:49:46.309[Battery Energy]88.59
2019-09-05_19:49:46.408[Status]Routing 124: Walk: 7
2019-09-05_19:49:46.545[Battery Energy]88.51
2019-09-05_19:49:46.618[Status]Routing 125: Walk: 7
2019-09-05_19:49:46.745[Battery Energy]88.45
2019-09-05_19:49:46.834[Status]Routing 126: Walk: 7
2019-09-05_19:49:46.934[Battery Energy]88.39
2019-09-05_19:49:47.069[Status]Routing 127: Walk: 7
2019-09-05_19:49:47.170[Battery Energy]88.28
2019-09-05_19:49:47.307[Status]Routing 128: Walk: 7
2019-09-05_19:49:47.413[Battery Energy]88.15
2019-09-05_19:49:47.439[Status]Routing 129: Walk: 7
2019-09-05_19:49:47.545[Battery Energy]88.12
2019-09-05_19:49:47.614[Status]Routing 130: Walk: 7
2019-09-05_19:49:47.715[Battery Energy]88.06
2019-09-05_19:49:47.814[Status]Routing 131: Walk: 7
2019-09-05_19:49:47.917[Battery Energy]88.01
2019-09-05_19:49:47.935[Status]Routing 132: Walk: 7
2019-09-05_19:49:48.035[Battery Energy]87.98
2019-09-05_19:49:48.070[Status]Routing 133: Walk: 7
2019-09-05_19:49:48.170[Battery Energy]87.94
2019-09-05_19:49:48.240[Status]Routing 134: Walk: 7
2019-09-05_19:49:48.340[Battery Energy]87.88
2019-09-05_19:49:48.433[Status]Routing 135: Walk: 7
2019-09-05_19:49:48.534[Battery Energy]87.81
2019-09-05_19:49:48.614[Status]Routing 136: Walk: 7
2019-09-05_19:49:48.714[Battery Energy]87.74
2019-09-05_19:49:48.780[Status]Routing 137: Walk: 7
2019-09-05_19:49:48.880[Battery Energy]87.67
2019-09-05_19:49:48.959[Status]Routing 138: Walk: 7
2019-09-05_19:49:49.060[Battery Energy]87.60
2019-09-05_19:49:49.093[Status]Routing 139: Walk: 7
2019-09-05_19:49:49.193[Battery Energy]87.56
2019-09-05_19:49:49.249[Status]Routing 140: Walk: 7
2019-09-05_19:49:49.357[Battery Energy]87.52
2019-09-05_19:49:49.392[Status]Routing 141: Walk: 7
2019-09-05_19:49:49.493[Battery Energy]87.48
2019-09-05_19:49:49.566[Status]Routing 142: Walk: 7
2019-09-05_19:49:49.667[Battery Energy]87.42
2019-09-05_19:49:49.777[Status]Routing 143: Walk: 7
2019-09-05_19:49:49.904[Battery Energy]87.34
2019-09-05_19:49:49.981[Status]Routing 144: Walk: 7
2019-09-05_19:49:50.097[Battery Energy]87.28
2019-09-05_19:49:50.163[Status]Routing 145: Walk: 7
2019-09-05_19:49:50.264[Battery Energy]87.22
2019-09-05_19:49:50.392[Status]Routing 146: Walk: 7
2019-09-05_19:49:50.505[Battery Energy]87.15
2019-09-05_19:49:50.552[Status]Routing 147: Walk: 7
2019-09-05_19:49:50.662[Battery Energy]87.11
2019-09-05_19:49:50.809[Status]Routing 148: Walk: 7
2019-09-05_19:49:50.917[Battery Energy]87.02
2019-09-05_19:49:50.959[Status]Routing 149: Walk: 7
2019-09-05_19:49:51.060[Battery Energy]86.98
2019-09-05_19:49:51.169[Status]Routing 150: Walk: 7
2019-09-05_19:49:51.269[Battery Energy]86.88
2019-09-05_19:49:51.316[Status]Routing 151: Walk: 7
2019-09-05_19:49:51.416[Battery Energy]86.85
2019-09-05_19:49:51.529[Status]Routing 152: Walk: 7
2019-09-05_19:49:51.630[Battery Energy]86.75
