2019-09-05_19:49:17.370[Status]Start.
2019-09-05_19:49:17.372[Battery Energy]100.00
2019-09-05_19:49:18.476[Battery Energy]99.96
2019-09-05_19:49:19.578[Battery Energy]99.92
2019-09-05_19:49:20.679[Battery Energy]99.88
2019-09-05_19:49:21.780[Battery Energy]99.84
2019-09-05_19:49:22.881[Task]A New Task Released.
2019-09-05_19:49:22.881[Battery Energy]99.80
2019-09-05_19:49:22.881[Status]Selection Start.
2019-09-05_19:49:24.050[Status]Selection End: Do Task 2.
2019-09-05_19:49:24.150[Battery Energy]99.00
2019-09-05_19:49:24.150[Status]Formation Start.
2019-09-05_19:49:24.322[Status]Formation End: To Position 4.
2019-09-05_19:49:24.423[Battery Energy]98.91
2019-09-05_19:49:24.424[Status]Routing Start.
2019-09-05_19:49:24.641[Status]{'coordinate': [130.9971240717683, 165.7601869610071], 'id': 15}
2019-09-05_19:49:24.641[Status]Routing 1: Walk: 1
2019-09-05_19:49:24.749[Battery Energy]98.68
2019-09-05_19:49:24.749[Status]Routing Start.
2019-09-05_19:49:24.819[Status]{'coordinate': [140.9942481435366, 165.5203739220142], 'id': 15}
2019-09-05_19:49:24.819[Status]Routing 2: Walk: 2
2019-09-05_19:49:24.919[Battery Energy]98.51
2019-09-05_19:49:24.920[Status]Routing Start.
2019-09-05_19:49:25.071[Status]{'coordinate': [150.9913722153049, 165.28056088302128], 'id': 15}
2019-09-05_19:49:25.071[Status]Routing 3: Walk: 3
2019-09-05_19:49:25.177[Battery Energy]98.29
2019-09-05_19:49:25.177[Status]Routing Start.
2019-09-05_19:49:25.280[Status]{'coordinate': [160.9884962870732, 165.04074784402837], 'id': 15}
2019-09-05_19:49:25.280[Status]Routing 4: Walk: 4
2019-09-05_19:49:25.385[Battery Energy]98.09
2019-09-05_19:49:25.385[Status]Routing Start.
2019-09-05_19:49:25.409[Status]{'coordinate': [170.9856203588415, 164.80093480503547], 'id': 15}
2019-09-05_19:49:25.409[Status]Routing 5: Walk: 5
2019-09-05_19:49:25.510[Battery Energy]97.95
2019-09-05_19:49:25.510[Status]Routing Start.
2019-09-05_19:49:25.594[Status]{'coordinate': [180.98274443060978, 164.56112176604256], 'id': 15}
2019-09-05_19:49:25.596[Status]Routing 6: Walk: 6
2019-09-05_19:49:25.696[Battery Energy]97.79
2019-09-05_19:49:25.696[Status]Routing Start.
2019-09-05_19:49:25.819[Status]{'coordinate': [190.97986850237808, 164.32130872704965], 'id': 15}
2019-09-05_19:49:25.819[Status]Routing 7: Walk: 7
2019-09-05_19:49:25.919[Battery Energy]97.60
2019-09-05_19:49:25.919[Status]Routing Start.
2019-09-05_19:49:26.025[Status]{'coordinate': [200.97699257414638, 164.08149568805675], 'id': 15}
2019-09-05_19:49:26.026[Status]Routing 8: Walk: 8
2019-09-05_19:49:26.133[Battery Energy]97.41
2019-09-05_19:49:26.133[Status]Routing Start.
2019-09-05_19:49:26.203[Status]{'coordinate': [210.97411664591468, 163.84168264906384], 'id': 15}
2019-09-05_19:49:26.203[Status]Routing 9: Walk: 9
2019-09-05_19:49:26.313[Battery Energy]97.25
2019-09-05_19:49:26.313[Status]Routing Start.
2019-09-05_19:49:26.442[Status]{'coordinate': [220.97124071768297, 163.60186961007093], 'id': 15}
2019-09-05_19:49:26.442[Status]Routing 10: Walk: 10
2019-09-05_19:49:26.542[Battery Energy]97.07
2019-09-05_19:49:26.542[Status]Routing Start.
2019-09-05_19:49:26.696[Status]{'coordinate': [230.96836478945127, 163.36205657107803], 'id': 15}
2019-09-05_19:49:26.696[Status]Routing 11: Walk: 11
2019-09-05_19:49:26.809[Battery Energy]96.89
2019-09-05_19:49:26.809[Status]Routing Start.
2019-09-05_19:49:26.884[Status]{'coordinate': [240.96548886121957, 163.12224353208512], 'id': 15}
2019-09-05_19:49:26.884[Status]Routing 12: Walk: 12
2019-09-05_19:49:26.984[Battery Energy]96.73
2019-09-05_19:49:26.984[Status]Routing Start.
2019-09-05_19:49:27.107[Status]{'coordinate': [250.96261293298787, 162.88243049309222], 'id': 15}
2019-09-05_19:49:27.107[Status]Routing 13: Walk: 13
2019-09-05_19:49:27.217[Battery Energy]96.55
2019-09-05_19:49:27.217[Status]Routing Start.
2019-09-05_19:49:27.271[Status]{'coordinate': [260.95973700475616, 162.6426174540993], 'id': 15}
2019-09-05_19:49:27.271[Status]Routing 14: Walk: 14
2019-09-05_19:49:27.389[Battery Energy]96.40
2019-09-05_19:49:27.389[Status]Routing Start.
2019-09-05_19:49:27.462[Status]{'coordinate': [270.95686107652443, 162.4028044151064], 'id': 15}
2019-09-05_19:49:27.462[Status]Routing 15: Walk: 15
2019-09-05_19:49:27.562[Battery Energy]96.24
2019-09-05_19:49:27.562[Status]Routing Start.
2019-09-05_19:49:27.589[Status]{'coordinate': [280.9539851482927, 162.1629913761135], 'id': 15}
2019-09-05_19:49:27.589[Status]Routing 16: Walk: 16
2019-09-05_19:49:27.693[Battery Energy]96.11
2019-09-05_19:49:27.693[Status]Routing Start.
2019-09-05_19:49:27.741[Status]{'coordinate': [290.95110922006097, 161.9231783371206], 'id': 15}
2019-09-05_19:49:27.741[Status]Routing 17: Walk: 17
2019-09-05_19:49:27.841[Battery Energy]95.97
2019-09-05_19:49:27.841[Status]Routing Start.
2019-09-05_19:49:27.863[Status]{'coordinate': [300.94823329182924, 161.68336529812768], 'id': 15}
2019-09-05_19:49:27.863[Status]Routing 18: Walk: 18
2019-09-05_19:49:27.969[Battery Energy]95.83
2019-09-05_19:49:27.969[Status]Routing Start.
2019-09-05_19:49:28.042[Status]{'coordinate': [310.9453573635975, 161.44355225913478], 'id': 15}
2019-09-05_19:49:28.045[Status]Routing 19: Walk: 19
2019-09-05_19:49:28.145[Battery Energy]95.67
2019-09-05_19:49:28.145[Status]Routing Start.
2019-09-05_19:49:28.333[Status]{'coordinate': [320.9424814353658, 161.20373922014187], 'id': 15}
2019-09-05_19:49:28.334[Status]Routing 20: Walk: 20
2019-09-05_19:49:28.434[Battery Energy]95.47
2019-09-05_19:49:28.434[Status]Routing Start.
2019-09-05_19:49:28.542[Status]{'coordinate': [330.93960550713405, 160.96392618114896], 'id': 15}
2019-09-05_19:49:28.542[Status]Routing 21: Walk: 21
2019-09-05_19:49:28.653[Battery Energy]95.31
2019-09-05_19:49:28.653[Status]Routing Start.
2019-09-05_19:49:28.722[Status]{'coordinate': [340.9367295789023, 160.72411314215606], 'id': 15}
2019-09-05_19:49:28.722[Status]Routing 22: Walk: 22
2019-09-05_19:49:28.825[Battery Energy]95.15
2019-09-05_19:49:28.825[Status]Routing Start.
2019-09-05_19:49:28.892[Status]{'coordinate': [350.9338536506706, 160.48430010316315], 'id': 15}
2019-09-05_19:49:28.892[Status]Routing 23: Walk: 23
2019-09-05_19:49:29.001[Battery Energy]95.00
2019-09-05_19:49:29.001[Status]Routing Start.
2019-09-05_19:49:29.075[Status]{'coordinate': [360.93097772243885, 160.24448706417024], 'id': 15}
2019-09-05_19:49:29.075[Status]Routing 24: Walk: 24
2019-09-05_19:49:29.179[Battery Energy]94.84
2019-09-05_19:49:29.179[Status]Routing Start.
2019-09-05_19:49:29.256[Status]{'coordinate': [370.9281017942071, 160.00467402517734], 'id': 15}
2019-09-05_19:49:29.256[Status]Routing 25: Walk: 25
2019-09-05_19:49:29.356[Battery Energy]94.68
2019-09-05_19:49:29.356[Status]Routing Start.
2019-09-05_19:49:29.399[Status]{'coordinate': [380.9252258659754, 159.76486098618443], 'id': 15}
2019-09-05_19:49:29.399[Status]Routing 26: Walk: 26
2019-09-05_19:49:29.499[Battery Energy]94.54
2019-09-05_19:49:29.500[Status]Routing Start.
2019-09-05_19:49:29.605[Status]{'coordinate': [390.92234993774366, 159.52504794719152], 'id': 15}
2019-09-05_19:49:29.605[Status]Routing 27: Walk: 27
2019-09-05_19:49:29.709[Battery Energy]94.38
2019-09-05_19:49:29.709[Status]Routing Start.
2019-09-05_19:49:29.772[Status]{'coordinate': [400.91947400951193, 159.28523490819862], 'id': 15}
2019-09-05_19:49:29.772[Status]Routing 28: Walk: 28
2019-09-05_19:49:29.872[Battery Energy]94.23
2019-09-05_19:49:29.873[Status]Routing Start.
2019-09-05_19:49:29.946[Status]{'coordinate': [410.9165980812802, 159.0454218692057], 'id': 15}
2019-09-05_19:49:29.947[Status]Routing 29: Walk: 29
2019-09-05_19:49:30.047[Battery Energy]94.06
2019-09-05_19:49:30.047[Status]Routing Start.
2019-09-05_19:49:30.160[Status]{'coordinate': [420.91372215304847, 158.8056088302128], 'id': 15}
2019-09-05_19:49:30.160[Status]Routing 30: Walk: 30
2019-09-05_19:49:30.260[Battery Energy]93.89
2019-09-05_19:49:30.260[Status]Routing Start.
2019-09-05_19:49:30.359[Status]{'coordinate': [430.91084622481674, 158.5657957912199], 'id': 15}
2019-09-05_19:49:30.359[Status]Routing 31: Walk: 31
2019-09-05_19:49:30.465[Battery Energy]93.71
2019-09-05_19:49:30.465[Status]Routing Start.
2019-09-05_19:49:30.502[Status]{'coordinate': [440.907970296585, 158.325982752227], 'id': 15}
2019-09-05_19:49:30.502[Status]Routing 32: Walk: 32
2019-09-05_19:49:30.602[Battery Energy]93.58
2019-09-05_19:49:30.602[Status]Routing Start.
2019-09-05_19:49:30.691[Status]{'coordinate': [450.9050943683533, 158.08616971323409], 'id': 15}
2019-09-05_19:49:30.693[Status]Routing 33: Walk: 33
2019-09-05_19:49:30.822[Battery Energy]93.41
2019-09-05_19:49:30.823[Status]Routing Start.
2019-09-05_19:49:30.914[Status]{'coordinate': [460.90221844012154, 157.84635667424118], 'id': 15}
2019-09-05_19:49:30.914[Status]Routing 34: Walk: 34
2019-09-05_19:49:31.045[Battery Energy]93.23
2019-09-05_19:49:31.045[Status]Routing Start.
2019-09-05_19:49:31.083[Status]{'coordinate': [470.8993425118898, 157.60654363524827], 'id': 15}
2019-09-05_19:49:31.083[Status]Routing 35: Walk: 35
2019-09-05_19:49:31.220[Battery Energy]93.08
2019-09-05_19:49:31.220[Status]Routing Start.
2019-09-05_19:49:31.267[Status]{'coordinate': [480.8964665836581, 157.36673059625537], 'id': 15}
2019-09-05_19:49:31.267[Status]Routing 36: Walk: 36
2019-09-05_19:49:31.367[Battery Energy]92.94
2019-09-05_19:49:31.367[Status]Routing Start.
2019-09-05_19:49:31.539[Status]{'coordinate': [490.89359065542635, 157.12691755726246], 'id': 15}
2019-09-05_19:49:31.539[Status]Routing 37: Walk: 37
2019-09-05_19:49:31.639[Battery Energy]92.72
2019-09-05_19:49:31.639[Status]Routing Start.
2019-09-05_19:49:31.695[Status]{'coordinate': [500.8907147271946, 156.88710451826955], 'id': 15}
2019-09-05_19:49:31.697[Status]Routing 38: Walk: 38
2019-09-05_19:49:31.801[Battery Energy]92.59
2019-09-05_19:49:31.801[Status]Routing Start.
2019-09-05_19:49:31.845[Status]{'coordinate': [510.8878387989629, 156.64729147927665], 'id': 15}
2019-09-05_19:49:31.845[Status]Routing 39: Walk: 39
2019-09-05_19:49:31.949[Battery Energy]92.45
2019-09-05_19:49:31.949[Status]Routing Start.
2019-09-05_19:49:31.978[Status]{'coordinate': [520.8849628707312, 156.40747844028374], 'id': 15}
2019-09-05_19:49:31.980[Status]Routing 40: Walk: 40
2019-09-05_19:49:32.080[Battery Energy]92.31
2019-09-05_19:49:32.080[Status]Routing Start.
2019-09-05_19:49:32.151[Status]{'coordinate': [530.8820869424995, 156.16766540129083], 'id': 15}
2019-09-05_19:49:32.151[Status]Routing 41: Walk: 41
2019-09-05_19:49:32.251[Battery Energy]92.17
2019-09-05_19:49:32.251[Status]Routing Start.
2019-09-05_19:49:32.344[Status]{'coordinate': [540.8792110142679, 155.92785236229793], 'id': 15}
2019-09-05_19:49:32.352[Status]Routing 42: Walk: 42
2019-09-05_19:49:32.452[Battery Energy]91.99
2019-09-05_19:49:32.452[Status]Routing Start.
2019-09-05_19:49:32.532[Status]{'coordinate': [550.8763350860362, 155.68803932330502], 'id': 15}
2019-09-05_19:49:32.535[Status]Routing 43: Walk: 43
2019-09-05_19:49:32.638[Battery Energy]91.85
2019-09-05_19:49:32.638[Status]Routing Start.
2019-09-05_19:49:32.717[Status]{'coordinate': [560.8734591578045, 155.4482262843121], 'id': 15}
2019-09-05_19:49:32.717[Status]Routing 44: Walk: 44
2019-09-05_19:49:32.817[Battery Energy]91.67
2019-09-05_19:49:32.817[Status]Routing Start.
2019-09-05_19:49:33.003[Status]{'coordinate': [570.8705832295728, 155.2084132453192], 'id': 15}
2019-09-05_19:49:33.003[Status]Routing 45: Walk: 45
2019-09-05_19:49:33.103[Battery Energy]91.45
2019-09-05_19:49:33.103[Status]Routing Start.
2019-09-05_19:49:33.115[Status]{'coordinate': [580.8677073013412, 154.9686002063263], 'id': 15}
2019-09-05_19:49:33.115[Status]Routing 46: Walk: 46
2019-09-05_19:49:33.215[Battery Energy]91.32
2019-09-05_19:49:33.215[Status]Routing Start.
2019-09-05_19:49:33.267[Status]{'coordinate': [590.8648313731095, 154.7287871673334], 'id': 15}
2019-09-05_19:49:33.267[Status]Routing 47: Walk: 47
2019-09-05_19:49:33.367[Battery Energy]91.15
2019-09-05_19:49:33.368[Status]Routing Start.
2019-09-05_19:49:33.413[Status]{'coordinate': [600.8619554448778, 154.4889741283405], 'id': 15}
2019-09-05_19:49:33.413[Status]Routing 48: Walk: 48
2019-09-05_19:49:33.513[Battery Energy]90.99
2019-09-05_19:49:33.513[Status]Routing Start.
2019-09-05_19:49:33.588[Status]{'coordinate': [610.8590795166461, 154.24916108934758], 'id': 15}
2019-09-05_19:49:33.588[Status]Routing 49: Walk: 49
2019-09-05_19:49:33.692[Battery Energy]90.81
2019-09-05_19:49:33.692[Status]Routing Start.
2019-09-05_19:49:33.720[Status]{'coordinate': [620.8562035884145, 154.00934805035467], 'id': 15}
2019-09-05_19:49:33.720[Status]Routing 50: Walk: 50
2019-09-05_19:49:33.823[Battery Energy]90.67
2019-09-05_19:49:33.823[Status]Routing Start.
2019-09-05_19:49:33.878[Status]{'coordinate': [630.8533276601828, 153.76953501136177], 'id': 15}
2019-09-05_19:49:33.878[Status]Routing 51: Walk: 51
2019-09-05_19:49:33.985[Battery Energy]90.52
2019-09-05_19:49:33.985[Status]Routing Start.
2019-09-05_19:49:34.024[Status]{'coordinate': [640.8504517319511, 153.52972197236886], 'id': 15}
2019-09-05_19:49:34.024[Status]Routing 52: Walk: 52
2019-09-05_19:49:34.124[Battery Energy]90.37
2019-09-05_19:49:34.124[Status]Routing Start.
2019-09-05_19:49:34.225[Status]{'coordinate': [650.8475758037195, 153.28990893337595], 'id': 15}
2019-09-05_19:49:34.225[Status]Routing 53: Walk: 53
2019-09-05_19:49:34.329[Battery Energy]90.20
2019-09-05_19:49:34.329[Status]Routing Start.
2019-09-05_19:49:34.387[Status]{'coordinate': [660.8446998754878, 153.05009589438305], 'id': 15}
2019-09-05_19:49:34.387[Status]Routing 54: Walk: 54
2019-09-05_19:49:34.487[Battery Energy]90.04
2019-09-05_19:49:34.487[Status]Routing Start.
2019-09-05_19:49:34.546[Status]{'coordinate': [670.8418239472561, 152.81028285539014], 'id': 15}
2019-09-05_19:49:34.546[Status]Routing 55: Walk: 55
2019-09-05_19:49:34.646[Battery Energy]89.88
2019-09-05_19:49:34.646[Status]Routing Start.
2019-09-05_19:49:34.701[Status]{'coordinate': [680.8389480190244, 152.57046981639724], 'id': 15}
2019-09-05_19:49:34.701[Status]Routing 56: Walk: 56
2019-09-05_19:49:34.801[Battery Energy]89.73
2019-09-05_19:49:34.801[Status]Routing Start.
2019-09-05_19:49:34.867[Status]{'coordinate': [690.8360720907928, 152.33065677740433], 'id': 15}
2019-09-05_19:49:34.867[Status]Routing 57: Walk: 57
2019-09-05_19:49:34.967[Battery Energy]89.58
2019-09-05_19:49:34.967[Status]Routing Start.
2019-09-05_19:49:35.034[Status]{'coordinate': [700.8331961625611, 152.09084373841142], 'id': 15}
2019-09-05_19:49:35.034[Status]Routing 58: Walk: 58
2019-09-05_19:49:35.135[Battery Energy]89.42
2019-09-05_19:49:35.135[Status]Routing Start.
2019-09-05_19:49:35.209[Status]{'coordinate': [710.8303202343294, 151.85103069941852], 'id': 15}
2019-09-05_19:49:35.209[Status]Routing 59: Walk: 59
2019-09-05_19:49:35.318[Battery Energy]89.23
2019-09-05_19:49:35.318[Status]Routing Start.
2019-09-05_19:49:35.448[Status]{'coordinate': [720.8274443060977, 151.6112176604256], 'id': 15}
2019-09-05_19:49:35.448[Status]Routing 60: Walk: 60
2019-09-05_19:49:35.548[Battery Energy]89.02
2019-09-05_19:49:35.548[Status]Routing Start.
2019-09-05_19:49:35.619[Status]{'coordinate': [730.8245683778661, 151.3714046214327], 'id': 15}
2019-09-05_19:49:35.619[Status]Routing 61: Walk: 61
2019-09-05_19:49:35.719[Battery Energy]88.85
2019-09-05_19:49:35.719[Status]Routing Start.
2019-09-05_19:49:35.836[Status]{'coordinate': [740.8216924496344, 151.1315915824398], 'id': 15}
2019-09-05_19:49:35.836[Status]Routing 62: Walk: 62
2019-09-05_19:49:35.936[Battery Energy]88.65
2019-09-05_19:49:35.936[Status]Routing Start.
2019-09-05_19:49:36.011[Status]{'coordinate': [750.8188165214027, 150.8917785434469], 'id': 15}
2019-09-05_19:49:36.011[Status]Routing 63: Walk: 63
2019-09-05_19:49:36.111[Battery Energy]88.47
2019-09-05_19:49:36.112[Status]Routing Start.
2019-09-05_19:49:36.163[Status]{'coordinate': [760.815940593171, 150.65196550445398], 'id': 15}
2019-09-05_19:49:36.163[Status]Routing 64: Walk: 64
2019-09-05_19:49:36.263[Battery Energy]88.32
2019-09-05_19:49:36.263[Status]Routing Start.
2019-09-05_19:49:36.320[Status]{'coordinate': [770.8130646649394, 150.41215246546108], 'id': 15}
2019-09-05_19:49:36.320[Status]Routing 65: Walk: 65
2019-09-05_19:49:36.420[Battery Energy]88.16
2019-09-05_19:49:36.420[Status]Routing Start.
2019-09-05_19:49:36.528[Status]{'coordinate': [780.8101887367077, 150.17233942646817], 'id': 15}
2019-09-05_19:49:36.529[Status]Routing 66: Walk: 66
2019-09-05_19:49:36.631[Battery Energy]88.00
2019-09-05_19:49:36.631[Status]Routing Start.
2019-09-05_19:49:36.710[Status]{'coordinate': [790.807312808476, 149.93252638747526], 'id': 15}
2019-09-05_19:49:36.710[Status]Routing 67: Walk: 67
2019-09-05_19:49:36.810[Battery Energy]87.86
2019-09-05_19:49:36.810[Status]Routing Start.
2019-09-05_19:49:36.874[Status]{'coordinate': [800.8044368802443, 149.69271334848236], 'id': 15}
2019-09-05_19:49:36.874[Status]Routing 68: Walk: 68
2019-09-05_19:49:36.985[Battery Energy]87.70
2019-09-05_19:49:36.985[Status]Routing Start.
2019-09-05_19:49:37.041[Status]{'coordinate': [810.8015609520127, 149.45290030948945], 'id': 15}
2019-09-05_19:49:37.041[Status]Routing 69: Walk: 69
2019-09-05_19:49:37.157[Battery Energy]87.56
2019-09-05_19:49:37.157[Status]Routing Start.
2019-09-05_19:49:37.289[Status]{'coordinate': [820.798685023781, 149.21308727049654], 'id': 15}
2019-09-05_19:49:37.289[Status]Routing 70: Walk: 70
2019-09-05_19:49:37.389[Battery Energy]87.37
2019-09-05_19:49:37.389[Status]Routing Start.
2019-09-05_19:49:37.434[Status]{'coordinate': [830.7958090955493, 148.97327423150364], 'id': 15}
2019-09-05_19:49:37.434[Status]Routing 71: Walk: 71
2019-09-05_19:49:37.545[Battery Energy]87.22
2019-09-05_19:49:37.545[Status]Routing Start.
2019-09-05_19:49:37.572[Status]{'coordinate': [840.7929331673176, 148.73346119251073], 'id': 15}
2019-09-05_19:49:37.572[Status]Routing 72: Walk: 72
2019-09-05_19:49:37.672[Battery Energy]87.08
2019-09-05_19:49:37.672[Status]Routing Start.
2019-09-05_19:49:37.745[Status]{'coordinate': [850.790057239086, 148.49364815351782], 'id': 15}
2019-09-05_19:49:37.745[Status]Routing 73: Walk: 73
2019-09-05_19:49:37.849[Battery Energy]86.95
2019-09-05_19:49:37.849[Status]Routing Start.
2019-09-05_19:49:37.866[Status]{'coordinate': [860.7871813108543, 148.25383511452492], 'id': 15}
2019-09-05_19:49:37.866[Status]Routing 74: Walk: 74
2019-09-05_19:49:37.966[Battery Energy]86.82
2019-09-05_19:49:37.966[Status]Routing Start.
2019-09-05_19:49:38.024[Status]{'coordinate': [870.7843053826226, 148.014022075532], 'id': 15}
2019-09-05_19:49:38.024[Status]Routing 75: Walk: 75
2019-09-05_19:49:38.126[Battery Energy]86.66
2019-09-05_19:49:38.126[Status]Routing Start.
2019-09-05_19:49:38.214[Status]{'coordinate': [880.781429454391, 147.7742090365391], 'id': 15}
2019-09-05_19:49:38.215[Status]Routing 76: Walk: 76
2019-09-05_19:49:38.323[Battery Energy]86.46
2019-09-05_19:49:38.323[Status]Routing Start.
2019-09-05_19:49:38.448[Status]{'coordinate': [890.7785535261593, 147.5343959975462], 'id': 15}
2019-09-05_19:49:38.452[Status]Routing 77: Walk: 77
2019-09-05_19:49:38.552[Battery Energy]86.28
2019-09-05_19:49:38.552[Status]Routing Start.
2019-09-05_19:49:38.611[Status]{'coordinate': [900.7756775979276, 147.29458295855332], 'id': 15}
2019-09-05_19:49:38.611[Status]Routing 78: Walk: 78
2019-09-05_19:49:38.711[Battery Energy]86.13
2019-09-05_19:49:38.711[Status]Routing Start.
2019-09-05_19:49:38.740[Status]{'coordinate': [910.7728016696959, 147.0547699195604], 'id': 15}
2019-09-05_19:49:38.740[Status]Routing 79: Walk: 79
2019-09-05_19:49:38.841[Battery Energy]85.99
2019-09-05_19:49:38.841[Status]Routing Start.
2019-09-05_19:49:38.880[Status]{'coordinate': [920.7699257414642, 146.81495688056754], 'id': 15}
2019-09-05_19:49:38.880[Status]Routing 80: Walk: 80
2019-09-05_19:49:38.981[Battery Energy]85.85
2019-09-05_19:49:38.981[Status]Routing Start.
2019-09-05_19:49:39.074[Status]{'coordinate': [930.7670498132326, 146.57514384157463], 'id': 15}
2019-09-05_19:49:39.074[Status]Routing 81: Walk: 81
2019-09-05_19:49:39.175[Battery Energy]85.65
2019-09-05_19:49:39.175[Status]Routing Start.
2019-09-05_19:49:39.328[Status]{'coordinate': [940.7641738850009, 146.33533080258172], 'id': 15}
2019-09-05_19:49:39.328[Status]Routing 82: Walk: 82
2019-09-05_19:49:39.428[Battery Energy]85.43
2019-09-05_19:49:39.428[Status]Routing Start.
2019-09-05_19:49:39.502[Status]{'coordinate': [950.7612979567692, 146.09551776358884], 'id': 15}
2019-09-05_19:49:39.502[Status]Routing 83: Walk: 83
2019-09-05_19:49:39.605[Battery Energy]85.28
2019-09-05_19:49:39.605[Status]Routing Start.
2019-09-05_19:49:39.640[Status]{'coordinate': [960.7584220285376, 145.85570472459594], 'id': 15}
2019-09-05_19:49:39.641[Status]Routing 84: Walk: 84
2019-09-05_19:49:39.745[Battery Energy]85.13
2019-09-05_19:49:39.745[Status]Routing Start.
2019-09-05_19:49:39.808[Status]{'coordinate': [970.7555461003059, 145.61589168560306], 'id': 15}
2019-09-05_19:49:39.808[Status]Routing 85: Walk: 85
2019-09-05_19:49:39.908[Battery Energy]84.96
2019-09-05_19:49:39.908[Status]Routing Start.
2019-09-05_19:49:40.007[Status]{'coordinate': [980.7526701720742, 145.37607864661015], 'id': 15}
2019-09-05_19:49:40.007[Status]Routing 86: Walk: 86
2019-09-05_19:49:40.108[Battery Energy]84.79
2019-09-05_19:49:40.108[Status]Routing Start.
2019-09-05_19:49:40.155[Status]{'coordinate': [990.7497942438425, 145.13626560761728], 'id': 15}
2019-09-05_19:49:40.155[Status]Routing 87: Walk: 87
2019-09-05_19:49:40.260[Battery Energy]84.63
2019-09-05_19:49:40.260[Status]Routing Start.
2019-09-05_19:49:40.307[Status]{'coordinate': [1000.7469183156109, 144.89645256862437], 'id': 15}
2019-09-05_19:49:40.308[Status]Routing 88: Walk: 88
2019-09-05_19:49:40.408[Battery Energy]84.48
2019-09-05_19:49:40.408[Status]Routing Start.
2019-09-05_19:49:40.522[Status]{'coordinate': [1010.7440423873792, 144.6566395296315], 'id': 15}
2019-09-05_19:49:40.522[Status]Routing 89: Walk: 89
2019-09-05_19:49:40.623[Battery Energy]84.26
2019-09-05_19:49:40.624[Status]Routing Start.
2019-09-05_19:49:40.624[Status]Task Finished.
2019-09-05_19:49:40.724[Battery Energy]84.26
2019-09-05_19:49:40.750[Status]Routing 91: Walk: 89
2019-09-05_19:49:40.864[Battery Energy]84.23
2019-09-05_19:49:40.953[Status]Routing 92: Walk: 89
2019-09-05_19:49:41.053[Battery Energy]84.18
2019-09-05_19:49:41.086[Status]Routing 93: Walk: 89
2019-09-05_19:49:41.186[Battery Energy]84.15
2019-09-05_19:49:41.196[Status]Routing 94: Walk: 89
2019-09-05_19:49:41.301[Battery Energy]84.13
2019-09-05_19:49:41.434[Status]Routing 95: Walk: 89
2019-09-05_19:49:41.541[Battery Energy]84.03
2019-09-05_19:49:41.651[Status]Routing 96: Walk: 89
2019-09-05_19:49:41.752[Battery Energy]83.94
2019-09-05_19:49:41.784[Status]Routing 97: Walk: 89
2019-09-05_19:49:41.893[Battery Energy]83.90
2019-09-05_19:49:42.009[Status]Routing 98: Walk: 89
2019-09-05_19:49:42.113[Battery Energy]83.82
2019-09-05_19:49:42.170[Status]Routing 99: Walk: 89
2019-09-05_19:49:42.270[Battery Energy]83.76
2019-09-05_19:49:42.343[Status]Routing 100: Walk: 89
2019-09-05_19:49:42.461[Battery Energy]83.70
2019-09-05_19:49:42.569[Status]Routing 101: Walk: 89
2019-09-05_19:49:42.669[Battery Energy]83.63
2019-09-05_19:49:42.712[Status]Routing 102: Walk: 89
2019-09-05_19:49:42.824[Battery Energy]83.58
2019-09-05_19:49:42.874[Status]Routing 103: Walk: 89
2019-09-05_19:49:42.981[Battery Energy]83.53
2019-09-05_19:49:43.016[Status]Routing 104: Walk: 89
2019-09-05_19:49:43.116[Battery Energy]83.49
2019-09-05_19:49:43.193[Status]Routing 105: Walk: 89
2019-09-05_19:49:43.293[Battery Energy]83.42
2019-09-05_19:49:43.352[Status]Routing 106: Walk: 89
2019-09-05_19:49:43.461[Battery Energy]83.37
2019-09-05_19:49:43.514[Status]Routing 107: Walk: 89
2019-09-05_19:49:43.614[Battery Energy]83.33
2019-09-05_19:49:43.701[Status]Routing 108: Walk: 89
2019-09-05_19:49:43.837[Battery Energy]83.26
2019-09-05_19:49:43.937[Status]Routing 109: Walk: 89
2019-09-05_19:49:44.044[Battery Energy]83.18
2019-09-05_19:49:44.097[Status]Routing 110: Walk: 89
2019-09-05_19:49:44.209[Battery Energy]83.13
2019-09-05_19:49:44.332[Status]Routing 111: Walk: 89
2019-09-05_19:49:44.441[Battery Energy]83.04
2019-09-05_19:49:44.485[Status]Routing 112: Walk: 89
2019-09-05_19:49:44.589[Battery Energy]83.00
2019-09-05_19:49:44.731[Status]Routing 113: Walk: 89
2019-09-05_19:49:44.834[Battery Energy]82.87
2019-09-05_19:49:44.977[Status]Routing 114: Walk: 89
2019-09-05_19:49:45.085[Battery Energy]82.80
2019-09-05_19:49:45.142[Status]Routing 115: Walk: 89
2019-09-05_19:49:45.242[Battery Energy]82.74
2019-09-05_19:49:45.326[Status]Routing 116: Walk: 89
2019-09-05_19:49:45.427[Battery Energy]82.68
2019-09-05_19:49:45.547[Status]Routing 117: Walk: 89
2019-09-05_19:49:45.653[Battery Energy]82.58
2019-09-05_19:49:45.677[Status]Routing 118: Walk: 89
2019-09-05_19:49:45.781[Battery Energy]82.54
2019-09-05_19:49:45.860[Status]Routing 119: Walk: 89
2019-09-05_19:49:45.969[Battery Energy]82.47
2019-09-05_19:49:46.041[Status]Routing 120: Walk: 89
2019-09-05_19:49:46.142[Battery Energy]82.40
2019-09-05_19:49:46.206[Status]Routing 121: Walk: 89
2019-09-05_19:49:46.321[Battery Energy]82.35
2019-09-05_19:49:46.411[Status]Routing 122: Walk: 89
2019-09-05_19:49:46.513[Battery Energy]82.29
2019-09-05_19:49:46.618[Status]Routing 123: Walk: 89
2019-09-05_19:49:46.719[Battery Energy]82.22
2019-09-05_19:49:46.830[Status]Routing 124: Walk: 89
2019-09-05_19:49:46.941[Battery Energy]82.17
2019-09-05_19:49:47.071[Status]Routing 125: Walk: 89
2019-09-05_19:49:47.177[Battery Energy]82.06
2019-09-05_19:49:47.303[Status]Routing 126: Walk: 89
2019-09-05_19:49:47.404[Battery Energy]81.96
2019-09-05_19:49:47.438[Status]Routing 127: Walk: 89
2019-09-05_19:49:47.541[Battery Energy]81.93
2019-09-05_19:49:47.614[Status]Routing 128: Walk: 89
2019-09-05_19:49:47.714[Battery Energy]81.87
2019-09-05_19:49:47.799[Status]Routing 129: Walk: 89
2019-09-05_19:49:47.899[Battery Energy]81.81
2019-09-05_19:49:47.934[Status]Routing 130: Walk: 89
2019-09-05_19:49:48.035[Battery Energy]81.78
2019-09-05_19:49:48.068[Status]Routing 131: Walk: 89
2019-09-05_19:49:48.168[Battery Energy]81.74
2019-09-05_19:49:48.351[Status]Routing 132: Walk: 89
2019-09-05_19:49:48.451[Battery Energy]81.57
2019-09-05_19:49:48.469[Status]Routing 133: Walk: 89
2019-09-05_19:49:48.585[Battery Energy]81.54
2019-09-05_19:49:48.692[Status]Routing 134: Walk: 89
2019-09-05_19:49:48.793[Battery Energy]81.45
2019-09-05_19:49:48.881[Status]Routing 135: Walk: 89
2019-09-05_19:49:48.981[Battery Energy]81.36
2019-09-05_19:49:49.054[Status]Routing 136: Walk: 89
2019-09-05_19:49:49.181[Battery Energy]81.30
2019-09-05_19:49:49.246[Status]Routing 137: Walk: 89
2019-09-05_19:49:49.347[Battery Energy]81.26
2019-09-05_19:49:49.394[Status]Routing 138: Walk: 89
2019-09-05_19:49:49.495[Battery Energy]81.21
2019-09-05_19:49:49.561[Status]Routing 139: Walk: 89
2019-09-05_19:49:49.661[Battery Energy]81.15
2019-09-05_19:49:49.807[Status]Routing 140: Walk: 89
2019-09-05_19:49:49.913[Battery Energy]81.07
2019-09-05_19:49:49.980[Status]Routing 141: Walk: 89
2019-09-05_19:49:50.089[Battery Energy]81.03
2019-09-05_19:49:50.374[Status]Routing 142: Walk: 89
2019-09-05_19:49:50.474[Battery Energy]80.87
2019-09-05_19:49:50.537[Status]Routing 143: Walk: 89
2019-09-05_19:49:50.638[Battery Energy]80.81
2019-09-05_19:49:50.686[Status]Routing 144: Walk: 89
2019-09-05_19:49:50.786[Battery Energy]80.77
2019-09-05_19:49:50.817[Status]Routing 145: Walk: 89
2019-09-05_19:49:50.921[Battery Energy]80.73
2019-09-05_19:49:51.031[Status]Routing 146: Walk: 89
2019-09-05_19:49:51.131[Battery Energy]80.64
2019-09-05_19:49:51.189[Status]Routing 147: Walk: 89
2019-09-05_19:49:51.293[Battery Energy]80.61
2019-09-05_19:49:51.316[Status]Routing 148: Walk: 89
2019-09-05_19:49:51.417[Battery Energy]80.57
2019-09-05_19:49:51.459[Status]Routing 149: Walk: 89
2019-09-05_19:49:51.565[Battery Energy]80.53
2019-09-05_19:49:51.596[Status]Routing 150: Walk: 89
2019-09-05_19:49:51.705[Battery Energy]80.49
