2019-09-05_19:49:16.612[Status]Start.
2019-09-05_19:49:16.613[Battery Energy]100.00
2019-09-05_19:49:17.715[Battery Energy]99.96
2019-09-05_19:49:18.816[Battery Energy]99.92
2019-09-05_19:49:19.918[Battery Energy]99.88
2019-09-05_19:49:21.019[Battery Energy]99.84
2019-09-05_19:49:22.120[Task]A New Task Released.
2019-09-05_19:49:22.120[Battery Energy]99.80
2019-09-05_19:49:22.120[Status]Selection Start.
2019-09-05_19:49:24.056[Status]Selection End: Do Task 1.
2019-09-05_19:49:24.161[Battery Energy]98.46
2019-09-05_19:49:24.161[Status]Formation Start.
2019-09-05_19:49:24.375[Status]Formation End: To Position 6.
2019-09-05_19:49:24.481[Battery Energy]98.28
2019-09-05_19:49:24.481[Status]Routing Start.
2019-09-05_19:49:24.642[Status]{'coordinate': [68.8087005528275, 384.9466364490992], 'id': 11}
2019-09-05_19:49:24.642[Status]Routing 1: Walk: 1
2019-09-05_19:49:24.742[Battery Energy]98.06
2019-09-05_19:49:24.742[Status]Routing Start.
2019-09-05_19:49:24.819[Status]{'coordinate': [78.617401105655, 386.89327289819835], 'id': 11}
2019-09-05_19:49:24.819[Status]Routing 2: Walk: 2
2019-09-05_19:49:24.921[Battery Energy]97.89
2019-09-05_19:49:24.921[Status]Routing Start.
2019-09-05_19:49:25.095[Status]{'coordinate': [88.42610165848251, 388.8399093472975], 'id': 11}
2019-09-05_19:49:25.095[Status]Routing 3: Walk: 3
2019-09-05_19:49:25.195[Battery Energy]97.63
2019-09-05_19:49:25.195[Status]Routing Start.
2019-09-05_19:49:25.225[Status]{'coordinate': [98.23480221131001, 390.7865457963967], 'id': 11}
2019-09-05_19:49:25.225[Status]Routing 4: Walk: 4
2019-09-05_19:49:25.329[Battery Energy]97.49
2019-09-05_19:49:25.329[Status]Routing Start.
2019-09-05_19:49:25.408[Status]{'coordinate': [108.04350276413751, 392.73318224549587], 'id': 11}
2019-09-05_19:49:25.408[Status]Routing 5: Walk: 5
2019-09-05_19:49:25.508[Battery Energy]97.34
2019-09-05_19:49:25.508[Status]Routing Start.
2019-09-05_19:49:25.510[Status]{'coordinate': [117.85220331696502, 394.67981869459504], 'id': 11}
2019-09-05_19:49:25.510[Status]Routing 6: Walk: 6
2019-09-05_19:49:25.611[Battery Energy]97.22
2019-09-05_19:49:25.611[Status]Routing Start.
2019-09-05_19:49:25.662[Status]{'coordinate': [127.66090386979252, 396.6264551436942], 'id': 11}
2019-09-05_19:49:25.662[Status]Routing 7: Walk: 7
2019-09-05_19:49:25.765[Battery Energy]97.07
2019-09-05_19:49:25.765[Status]Routing Start.
2019-09-05_19:49:25.880[Status]{'coordinate': [137.46960442262002, 398.5730915927934], 'id': 11}
2019-09-05_19:49:25.880[Status]Routing 8: Walk: 8
2019-09-05_19:49:25.985[Battery Energy]96.86
2019-09-05_19:49:25.985[Status]Routing Start.
2019-09-05_19:49:26.020[Status]{'coordinate': [147.27830497544753, 400.51972804189256], 'id': 11}
2019-09-05_19:49:26.020[Status]Routing 9: Walk: 9
2019-09-05_19:49:26.120[Battery Energy]96.72
2019-09-05_19:49:26.120[Status]Routing Start.
2019-09-05_19:49:26.207[Status]{'coordinate': [157.08700552827503, 402.46636449099174], 'id': 11}
2019-09-05_19:49:26.207[Status]Routing 10: Walk: 10
2019-09-05_19:49:26.307[Battery Energy]96.56
2019-09-05_19:49:26.307[Status]Routing Start.
2019-09-05_19:49:26.448[Status]{'coordinate': [166.89570608110253, 404.4130009400909], 'id': 11}
2019-09-05_19:49:26.448[Status]Routing 11: Walk: 11
2019-09-05_19:49:26.557[Battery Energy]96.36
2019-09-05_19:49:26.557[Status]Routing Start.
2019-09-05_19:49:26.694[Status]{'coordinate': [176.70440663393003, 406.35963738919], 'id': 11}
2019-09-05_19:49:26.694[Status]Routing 12: Walk: 12
2019-09-05_19:49:26.801[Battery Energy]96.14
2019-09-05_19:49:26.801[Status]Routing Start.
2019-09-05_19:49:26.885[Status]{'coordinate': [186.51310718675754, 408.3062738382892], 'id': 11}
2019-09-05_19:49:26.886[Status]Routing 13: Walk: 13
2019-09-05_19:49:26.997[Battery Energy]95.96
2019-09-05_19:49:26.997[Status]Routing Start.
2019-09-05_19:49:27.104[Status]{'coordinate': [196.32180773958504, 410.2529102873883], 'id': 11}
2019-09-05_19:49:27.104[Status]Routing 14: Walk: 14
2019-09-05_19:49:27.208[Battery Energy]95.77
2019-09-05_19:49:27.208[Status]Routing Start.
2019-09-05_19:49:27.267[Status]{'coordinate': [206.13050829241254, 412.19954673648743], 'id': 11}
2019-09-05_19:49:27.267[Status]Routing 15: Walk: 15
2019-09-05_19:49:27.368[Battery Energy]95.62
2019-09-05_19:49:27.369[Status]Routing Start.
2019-09-05_19:49:27.459[Status]{'coordinate': [215.93920884524005, 414.14618318558655], 'id': 11}
2019-09-05_19:49:27.459[Status]Routing 16: Walk: 16
2019-09-05_19:49:27.565[Battery Energy]95.46
2019-09-05_19:49:27.565[Status]Routing Start.
2019-09-05_19:49:27.590[Status]{'coordinate': [225.74790939806755, 416.0928196346857], 'id': 11}
2019-09-05_19:49:27.590[Status]Routing 17: Walk: 17
2019-09-05_19:49:27.692[Battery Energy]95.33
2019-09-05_19:49:27.692[Status]Routing Start.
2019-09-05_19:49:27.769[Status]{'coordinate': [235.55660995089505, 418.0394560837849], 'id': 11}
2019-09-05_19:49:27.770[Status]Routing 18: Walk: 18
2019-09-05_19:49:27.873[Battery Energy]95.16
2019-09-05_19:49:27.873[Status]Routing Start.
2019-09-05_19:49:27.921[Status]{'coordinate': [245.36531050372255, 419.986092532884], 'id': 11}
2019-09-05_19:49:27.921[Status]Routing 19: Walk: 19
2019-09-05_19:49:28.033[Battery Energy]95.00
2019-09-05_19:49:28.033[Status]Routing Start.
2019-09-05_19:49:28.121[Status]{'coordinate': [255.17401105655006, 421.93272898198313], 'id': 11}
2019-09-05_19:49:28.121[Status]Routing 20: Walk: 20
2019-09-05_19:49:28.221[Battery Energy]94.83
2019-09-05_19:49:28.221[Status]Routing Start.
2019-09-05_19:49:28.373[Status]{'coordinate': [264.9827116093776, 423.8793654310823], 'id': 11}
2019-09-05_19:49:28.374[Status]Routing 21: Walk: 21
2019-09-05_19:49:28.477[Battery Energy]94.62
2019-09-05_19:49:28.477[Status]Routing Start.
2019-09-05_19:49:28.535[Status]{'coordinate': [274.7914121622051, 425.8260018801815], 'id': 11}
2019-09-05_19:49:28.536[Status]Routing 22: Walk: 22
2019-09-05_19:49:28.636[Battery Energy]94.46
2019-09-05_19:49:28.636[Status]Routing Start.
2019-09-05_19:49:28.717[Status]{'coordinate': [284.60011271503265, 427.77263832928065], 'id': 11}
2019-09-05_19:49:28.717[Status]Routing 23: Walk: 23
2019-09-05_19:49:28.822[Battery Energy]94.32
2019-09-05_19:49:28.822[Status]Routing Start.
2019-09-05_19:49:28.887[Status]{'coordinate': [294.4088132678602, 429.71927477837977], 'id': 11}
2019-09-05_19:49:28.887[Status]Routing 24: Walk: 24
2019-09-05_19:49:28.997[Battery Energy]94.18
2019-09-05_19:49:28.997[Status]Routing Start.
2019-09-05_19:49:29.081[Status]{'coordinate': [304.2175138206877, 431.6659112274789], 'id': 11}
2019-09-05_19:49:29.081[Status]Routing 25: Walk: 25
2019-09-05_19:49:29.185[Battery Energy]94.04
2019-09-05_19:49:29.185[Status]Routing Start.
2019-09-05_19:49:29.264[Status]{'coordinate': [314.02621437351524, 433.61254767657806], 'id': 11}
2019-09-05_19:49:29.264[Status]Routing 26: Walk: 26
2019-09-05_19:49:29.377[Battery Energy]93.88
2019-09-05_19:49:29.377[Status]Routing Start.
2019-09-05_19:49:29.400[Status]{'coordinate': [323.8349149263428, 435.55918412567723], 'id': 11}
2019-09-05_19:49:29.400[Status]Routing 27: Walk: 27
2019-09-05_19:49:29.501[Battery Energy]93.75
2019-09-05_19:49:29.501[Status]Routing Start.
2019-09-05_19:49:29.588[Status]{'coordinate': [333.6436154791703, 437.50582057477635], 'id': 11}
2019-09-05_19:49:29.588[Status]Routing 28: Walk: 28
2019-09-05_19:49:29.688[Battery Energy]93.58
2019-09-05_19:49:29.688[Status]Routing Start.
2019-09-05_19:49:29.743[Status]{'coordinate': [343.45231603199784, 439.4524570238755], 'id': 11}
2019-09-05_19:49:29.745[Status]Routing 29: Walk: 29
2019-09-05_19:49:29.857[Battery Energy]93.45
2019-09-05_19:49:29.857[Status]Routing Start.
2019-09-05_19:49:29.925[Status]{'coordinate': [353.26101658482537, 441.39909347297464], 'id': 11}
2019-09-05_19:49:29.926[Status]Routing 30: Walk: 30
2019-09-05_19:49:30.032[Battery Energy]93.31
2019-09-05_19:49:30.032[Status]Routing Start.
2019-09-05_19:49:30.034[Status]{'coordinate': [363.0697171376529, 443.3457299220738], 'id': 11}
2019-09-05_19:49:30.034[Status]Routing 31: Walk: 31
2019-09-05_19:49:30.135[Battery Energy]93.19
2019-09-05_19:49:30.135[Status]Routing Start.
2019-09-05_19:49:30.202[Status]{'coordinate': [372.87841769048043, 445.292366371173], 'id': 11}
2019-09-05_19:49:30.202[Status]Routing 32: Walk: 32
2019-09-05_19:49:30.305[Battery Energy]93.03
2019-09-05_19:49:30.305[Status]Routing Start.
2019-09-05_19:49:30.368[Status]{'coordinate': [382.68711824330796, 447.2390028202721], 'id': 11}
2019-09-05_19:49:30.368[Status]Routing 33: Walk: 33
2019-09-05_19:49:30.468[Battery Energy]92.88
2019-09-05_19:49:30.468[Status]Routing Start.
2019-09-05_19:49:30.531[Status]{'coordinate': [392.4958187961355, 449.1856392693713], 'id': 11}
2019-09-05_19:49:30.531[Status]Routing 34: Walk: 34
2019-09-05_19:49:30.631[Battery Energy]92.72
2019-09-05_19:49:30.631[Status]Routing Start.
2019-09-05_19:49:30.694[Status]{'coordinate': [402.304519348963, 451.1322757184704], 'id': 11}
2019-09-05_19:49:30.694[Status]Routing 35: Walk: 35
2019-09-05_19:49:30.805[Battery Energy]92.56
2019-09-05_19:49:30.805[Status]Routing Start.
2019-09-05_19:49:30.916[Status]{'coordinate': [412.11321990179056, 453.07891216756957], 'id': 11}
2019-09-05_19:49:30.916[Status]Routing 36: Walk: 36
2019-09-05_19:49:31.029[Battery Energy]92.38
2019-09-05_19:49:31.029[Status]Routing Start.
2019-09-05_19:49:31.081[Status]{'coordinate': [421.9219204546181, 455.02554861666874], 'id': 11}
2019-09-05_19:49:31.085[Status]Routing 37: Walk: 37
2019-09-05_19:49:31.189[Battery Energy]92.22
2019-09-05_19:49:31.189[Status]Routing Start.
2019-09-05_19:49:31.271[Status]{'coordinate': [431.7306210074456, 456.97218506576786], 'id': 11}
2019-09-05_19:49:31.272[Status]Routing 38: Walk: 38
2019-09-05_19:49:31.385[Battery Energy]92.07
2019-09-05_19:49:31.385[Status]Routing Start.
2019-09-05_19:49:31.540[Status]{'coordinate': [441.53932156027315, 458.91882151486703], 'id': 11}
2019-09-05_19:49:31.540[Status]Routing 39: Walk: 39
2019-09-05_19:49:31.653[Battery Energy]91.86
2019-09-05_19:49:31.653[Status]Routing Start.
2019-09-05_19:49:31.697[Status]{'coordinate': [451.3480221131007, 460.86545796396615], 'id': 11}
2019-09-05_19:49:31.697[Status]Routing 40: Walk: 40
2019-09-05_19:49:31.797[Battery Energy]91.72
2019-09-05_19:49:31.798[Status]Routing Start.
2019-09-05_19:49:31.841[Status]{'coordinate': [461.1567226659282, 462.8120944130653], 'id': 11}
2019-09-05_19:49:31.841[Status]Routing 41: Walk: 41
2019-09-05_19:49:31.941[Battery Energy]91.58
2019-09-05_19:49:31.941[Status]Routing Start.
2019-09-05_19:49:31.977[Status]{'coordinate': [470.96542321875575, 464.7587308621645], 'id': 11}
2019-09-05_19:49:31.977[Status]Routing 42: Walk: 42
2019-09-05_19:49:32.077[Battery Energy]91.44
2019-09-05_19:49:32.077[Status]Routing Start.
2019-09-05_19:49:32.175[Status]{'coordinate': [480.7741237715833, 466.7053673112636], 'id': 11}
2019-09-05_19:49:32.175[Status]Routing 43: Walk: 43
2019-09-05_19:49:32.275[Battery Energy]91.26
2019-09-05_19:49:32.275[Status]Routing Start.
2019-09-05_19:49:32.352[Status]{'coordinate': [490.5828243244108, 468.65200376036273], 'id': 11}
2019-09-05_19:49:32.354[Status]Routing 44: Walk: 44
2019-09-05_19:49:32.465[Battery Energy]91.10
2019-09-05_19:49:32.465[Status]Routing Start.
2019-09-05_19:49:32.533[Status]{'coordinate': [500.39152487723834, 470.5986402094619], 'id': 11}
2019-09-05_19:49:32.537[Status]Routing 45: Walk: 45
2019-09-05_19:49:32.638[Battery Energy]90.95
2019-09-05_19:49:32.638[Status]Routing Start.
2019-09-05_19:49:32.685[Status]{'coordinate': [510.20022543006587, 472.5452766585611], 'id': 11}
2019-09-05_19:49:32.685[Status]Routing 46: Walk: 46
2019-09-05_19:49:32.788[Battery Energy]90.79
2019-09-05_19:49:32.788[Status]Routing Start.
2019-09-05_19:49:32.863[Status]{'coordinate': [520.0089259828934, 474.4919131076602], 'id': 11}
2019-09-05_19:49:32.863[Status]Routing 47: Walk: 47
2019-09-05_19:49:32.963[Battery Energy]90.62
2019-09-05_19:49:32.963[Status]Routing Start.
2019-09-05_19:49:33.032[Status]{'coordinate': [529.8176265357209, 476.4385495567593], 'id': 11}
2019-09-05_19:49:33.032[Status]Routing 48: Walk: 48
2019-09-05_19:49:33.137[Battery Energy]90.44
2019-09-05_19:49:33.137[Status]Routing Start.
2019-09-05_19:49:33.184[Status]{'coordinate': [539.6263270885485, 478.3851860058585], 'id': 11}
2019-09-05_19:49:33.184[Status]Routing 49: Walk: 49
2019-09-05_19:49:33.285[Battery Energy]90.29
2019-09-05_19:49:33.285[Status]Routing Start.
2019-09-05_19:49:33.386[Status]{'coordinate': [549.435027641376, 480.33182245495766], 'id': 11}
2019-09-05_19:49:33.387[Status]Routing 50: Walk: 50
2019-09-05_19:49:33.487[Battery Energy]90.10
2019-09-05_19:49:33.487[Status]Routing Start.
2019-09-05_19:49:33.586[Status]{'coordinate': [559.2437281942035, 482.2784589040568], 'id': 11}
2019-09-05_19:49:33.587[Status]Routing 51: Walk: 51
2019-09-05_19:49:33.692[Battery Energy]89.92
2019-09-05_19:49:33.692[Status]Routing Start.
2019-09-05_19:49:33.723[Status]{'coordinate': [569.0524287470311, 484.22509535315595], 'id': 11}
2019-09-05_19:49:33.723[Status]Routing 52: Walk: 52
2019-09-05_19:49:33.825[Battery Energy]89.78
2019-09-05_19:49:33.825[Status]Routing Start.
2019-09-05_19:49:33.881[Status]{'coordinate': [578.8611292998586, 486.17173180225507], 'id': 11}
2019-09-05_19:49:33.881[Status]Routing 53: Walk: 53
2019-09-05_19:49:33.982[Battery Energy]89.63
2019-09-05_19:49:33.982[Status]Routing Start.
2019-09-05_19:49:34.020[Status]{'coordinate': [588.6698298526861, 488.11836825135424], 'id': 11}
2019-09-05_19:49:34.021[Status]Routing 54: Walk: 54
2019-09-05_19:49:34.121[Battery Energy]89.48
2019-09-05_19:49:34.121[Status]Routing Start.
2019-09-05_19:49:34.225[Status]{'coordinate': [598.4785304055137, 490.0650047004534], 'id': 11}
2019-09-05_19:49:34.225[Status]Routing 55: Walk: 55
2019-09-05_19:49:34.325[Battery Energy]89.31
2019-09-05_19:49:34.325[Status]Routing Start.
2019-09-05_19:49:34.387[Status]{'coordinate': [608.2872309583412, 492.01164114955253], 'id': 11}
2019-09-05_19:49:34.387[Status]Routing 56: Walk: 56
2019-09-05_19:49:34.489[Battery Energy]89.16
2019-09-05_19:49:34.489[Status]Routing Start.
2019-09-05_19:49:34.535[Status]{'coordinate': [618.0959315111687, 493.9582775986517], 'id': 11}
2019-09-05_19:49:34.535[Status]Routing 57: Walk: 57
2019-09-05_19:49:34.645[Battery Energy]89.01
2019-09-05_19:49:34.645[Status]Routing Start.
2019-09-05_19:49:34.698[Status]{'coordinate': [627.9046320639962, 495.9049140477508], 'id': 11}
2019-09-05_19:49:34.698[Status]Routing 58: Walk: 58
2019-09-05_19:49:34.798[Battery Energy]88.86
2019-09-05_19:49:34.798[Status]Routing Start.
2019-09-05_19:49:34.845[Status]{'coordinate': [637.7133326168238, 497.85155049685], 'id': 11}
2019-09-05_19:49:34.845[Status]Routing 59: Walk: 59
2019-09-05_19:49:34.949[Battery Energy]88.72
2019-09-05_19:49:34.949[Status]Routing Start.
2019-09-05_19:49:35.022[Status]{'coordinate': [647.5220331696513, 499.79818694594917], 'id': 11}
2019-09-05_19:49:35.022[Status]Routing 60: Walk: 60
2019-09-05_19:49:35.122[Battery Energy]88.55
2019-09-05_19:49:35.123[Status]Routing Start.
2019-09-05_19:49:35.158[Status]{'coordinate': [657.3307337224788, 501.74482339504834], 'id': 11}
2019-09-05_19:49:35.158[Status]Routing 61: Walk: 61
2019-09-05_19:49:35.273[Battery Energy]88.41
2019-09-05_19:49:35.273[Status]Routing Start.
2019-09-05_19:49:35.316[Status]{'coordinate': [667.1394342753064, 503.69145984414746], 'id': 11}
2019-09-05_19:49:35.317[Status]Routing 62: Walk: 62
2019-09-05_19:49:35.421[Battery Energy]88.27
2019-09-05_19:49:35.421[Status]Routing Start.
2019-09-05_19:49:35.484[Status]{'coordinate': [676.9481348281339, 505.6380962932466], 'id': 11}
2019-09-05_19:49:35.484[Status]Routing 63: Walk: 63
2019-09-05_19:49:35.585[Battery Energy]88.10
2019-09-05_19:49:35.585[Status]Routing Start.
2019-09-05_19:49:35.685[Status]{'coordinate': [686.7568353809614, 507.58473274234575], 'id': 11}
2019-09-05_19:49:35.685[Status]Routing 64: Walk: 64
2019-09-05_19:49:35.788[Battery Energy]87.91
2019-09-05_19:49:35.788[Status]Routing Start.
2019-09-05_19:49:35.838[Status]{'coordinate': [696.565535933789, 509.5313691914449], 'id': 11}
2019-09-05_19:49:35.841[Status]Routing 65: Walk: 65
2019-09-05_19:49:35.945[Battery Energy]87.77
2019-09-05_19:49:35.945[Status]Routing Start.
2019-09-05_19:49:36.047[Status]{'coordinate': [706.3742364866165, 511.47800564054404], 'id': 11}
2019-09-05_19:49:36.047[Status]Routing 66: Walk: 66
2019-09-05_19:49:36.147[Battery Energy]87.61
2019-09-05_19:49:36.147[Status]Routing Start.
2019-09-05_19:49:36.169[Status]{'coordinate': [716.182937039444, 513.4246420896432], 'id': 11}
2019-09-05_19:49:36.169[Status]Routing 67: Walk: 67
2019-09-05_19:49:36.273[Battery Energy]87.48
2019-09-05_19:49:36.273[Status]Routing Start.
2019-09-05_19:49:36.322[Status]{'coordinate': [725.9916375922716, 515.3712785387423], 'id': 11}
2019-09-05_19:49:36.322[Status]Routing 68: Walk: 68
2019-09-05_19:49:36.425[Battery Energy]87.33
2019-09-05_19:49:36.425[Status]Routing Start.
2019-09-05_19:49:36.526[Status]{'coordinate': [735.8003381450991, 517.3179149878415], 'id': 11}
2019-09-05_19:49:36.526[Status]Routing 69: Walk: 69
2019-09-05_19:49:36.633[Battery Energy]87.18
2019-09-05_19:49:36.633[Status]Routing Start.
2019-09-05_19:49:36.699[Status]{'coordinate': [745.6090386979266, 519.2645514369407], 'id': 11}
2019-09-05_19:49:36.699[Status]Routing 70: Walk: 70
2019-09-05_19:49:36.799[Battery Energy]87.02
2019-09-05_19:49:36.799[Status]Routing Start.
2019-09-05_19:49:36.871[Status]{'coordinate': [755.4177392507542, 521.2111878860399], 'id': 11}
2019-09-05_19:49:36.871[Status]Routing 71: Walk: 71
2019-09-05_19:49:36.977[Battery Energy]86.87
2019-09-05_19:49:36.977[Status]Routing Start.
2019-09-05_19:49:37.040[Status]{'coordinate': [765.2264398035817, 523.157824335139], 'id': 11}
2019-09-05_19:49:37.040[Status]Routing 72: Walk: 72
2019-09-05_19:49:37.140[Battery Energy]86.71
2019-09-05_19:49:37.140[Status]Routing Start.
2019-09-05_19:49:37.292[Status]{'coordinate': [775.0351403564092, 525.1044607842382], 'id': 11}
2019-09-05_19:49:37.292[Status]Routing 73: Walk: 73
2019-09-05_19:49:37.393[Battery Energy]86.52
2019-09-05_19:49:37.393[Status]Routing Start.
2019-09-05_19:49:37.436[Status]{'coordinate': [784.8438409092367, 527.0510972333374], 'id': 11}
2019-09-05_19:49:37.436[Status]Routing 74: Walk: 74
2019-09-05_19:49:37.549[Battery Energy]86.37
2019-09-05_19:49:37.549[Status]Routing Start.
2019-09-05_19:49:37.583[Status]{'coordinate': [794.6525414620643, 528.9977336824365], 'id': 11}
2019-09-05_19:49:37.583[Status]Routing 75: Walk: 75
2019-09-05_19:49:37.693[Battery Energy]86.24
2019-09-05_19:49:37.693[Status]Routing Start.
2019-09-05_19:49:37.728[Status]{'coordinate': [804.4612420148918, 530.9443701315357], 'id': 11}
2019-09-05_19:49:37.728[Status]Routing 76: Walk: 76
2019-09-05_19:49:37.828[Battery Energy]86.10
2019-09-05_19:49:37.828[Status]Routing Start.
2019-09-05_19:49:37.879[Status]{'coordinate': [814.2699425677193, 532.8910065806349], 'id': 11}
2019-09-05_19:49:37.879[Status]Routing 77: Walk: 77
2019-09-05_19:49:37.979[Battery Energy]85.95
2019-09-05_19:49:37.980[Status]Routing Start.
2019-09-05_19:49:38.024[Status]{'coordinate': [824.0786431205469, 534.8376430297341], 'id': 11}
2019-09-05_19:49:38.024[Status]Routing 78: Walk: 78
2019-09-05_19:49:38.148[Battery Energy]85.80
2019-09-05_19:49:38.148[Status]Routing Start.
2019-09-05_19:49:38.217[Status]{'coordinate': [833.8873436733744, 536.7842794788332], 'id': 11}
2019-09-05_19:49:38.218[Status]Routing 79: Walk: 79
2019-09-05_19:49:38.318[Battery Energy]85.66
2019-09-05_19:49:38.318[Status]Routing Start.
2019-09-05_19:49:38.442[Status]{'coordinate': [843.6960442262019, 538.7309159279324], 'id': 11}
2019-09-05_19:49:38.442[Status]Routing 80: Walk: 80
2019-09-05_19:49:38.542[Battery Energy]85.47
2019-09-05_19:49:38.542[Status]Routing Start.
2019-09-05_19:49:38.610[Status]{'coordinate': [853.5047447790295, 540.6775523770316], 'id': 11}
2019-09-05_19:49:38.610[Status]Routing 81: Walk: 81
2019-09-05_19:49:38.710[Battery Energy]85.31
2019-09-05_19:49:38.710[Status]Routing Start.
2019-09-05_19:49:38.742[Status]{'coordinate': [863.313445331857, 542.6241888261308], 'id': 11}
2019-09-05_19:49:38.742[Status]Routing 82: Walk: 82
2019-09-05_19:49:38.842[Battery Energy]85.16
2019-09-05_19:49:38.842[Status]Routing Start.
2019-09-05_19:49:38.886[Status]{'coordinate': [873.1221458846845, 544.5708252752299], 'id': 11}
2019-09-05_19:49:38.886[Status]Routing 83: Walk: 83
2019-09-05_19:49:38.986[Battery Energy]85.00
2019-09-05_19:49:38.986[Status]Routing Start.
2019-09-05_19:49:39.074[Status]{'coordinate': [882.9308464375121, 546.5174617243291], 'id': 11}
2019-09-05_19:49:39.074[Status]Routing 84: Walk: 84
2019-09-05_19:49:39.174[Battery Energy]84.80
2019-09-05_19:49:39.174[Status]Routing Start.
2019-09-05_19:49:39.333[Status]{'coordinate': [892.7395469903396, 548.4640981734283], 'id': 11}
2019-09-05_19:49:39.333[Status]Routing 85: Walk: 85
2019-09-05_19:49:39.433[Battery Energy]84.58
2019-09-05_19:49:39.433[Status]Routing Start.
2019-09-05_19:49:39.493[Status]{'coordinate': [902.5482475431671, 550.4107346225275], 'id': 11}
2019-09-05_19:49:39.493[Status]Routing 86: Walk: 86
2019-09-05_19:49:39.597[Battery Energy]84.44
2019-09-05_19:49:39.597[Status]Routing Start.
2019-09-05_19:49:39.646[Status]{'coordinate': [912.3569480959947, 552.3573710716266], 'id': 11}
2019-09-05_19:49:39.646[Status]Routing 87: Walk: 87
2019-09-05_19:49:39.765[Battery Energy]84.29
2019-09-05_19:49:39.765[Status]Routing Start.
2019-09-05_19:49:39.812[Status]{'coordinate': [922.1656486488222, 554.3040075207258], 'id': 11}
2019-09-05_19:49:39.815[Status]Routing 88: Walk: 88
2019-09-05_19:49:39.915[Battery Energy]84.15
2019-09-05_19:49:39.915[Status]Routing Start.
2019-09-05_19:49:39.977[Status]{'coordinate': [931.9743492016497, 556.250643969825], 'id': 11}
2019-09-05_19:49:39.977[Status]Routing 89: Walk: 89
2019-09-05_19:49:40.078[Battery Energy]84.01
2019-09-05_19:49:40.078[Status]Routing Start.
2019-09-05_19:49:40.150[Status]{'coordinate': [941.7830497544772, 558.1972804189242], 'id': 11}
2019-09-05_19:49:40.150[Status]Routing 90: Walk: 90
2019-09-05_19:49:40.250[Battery Energy]83.85
2019-09-05_19:49:40.251[Status]Routing Start.
2019-09-05_19:49:40.313[Status]{'coordinate': [951.5917503073048, 560.1439168680233], 'id': 11}
2019-09-05_19:49:40.313[Status]Routing 91: Walk: 91
2019-09-05_19:49:40.413[Battery Energy]83.69
2019-09-05_19:49:40.413[Status]Routing Start.
2019-09-05_19:49:40.442[Status]{'coordinate': [961.4004508601323, 562.0905533171225], 'id': 11}
2019-09-05_19:49:40.445[Status]Routing 92: Walk: 92
2019-09-05_19:49:40.546[Battery Energy]83.55
2019-09-05_19:49:40.547[Status]Routing Start.
2019-09-05_19:49:40.778[Status]{'coordinate': [971.2091514129598, 564.0371897662217], 'id': 11}
2019-09-05_19:49:40.778[Status]Routing 93: Walk: 93
2019-09-05_19:49:40.878[Battery Energy]83.34
2019-09-05_19:49:40.878[Status]Routing Start.
2019-09-05_19:49:40.926[Status]{'coordinate': [981.0178519657874, 565.9838262153208], 'id': 11}
2019-09-05_19:49:40.926[Status]Routing 94: Walk: 94
2019-09-05_19:49:41.026[Battery Energy]83.20
2019-09-05_19:49:41.026[Status]Routing Start.
2019-09-05_19:49:41.106[Status]{'coordinate': [990.8265525186149, 567.93046266442], 'id': 11}
2019-09-05_19:49:41.106[Status]Routing 95: Walk: 95
2019-09-05_19:49:41.217[Battery Energy]83.05
2019-09-05_19:49:41.217[Status]Routing Start.
2019-09-05_19:49:41.219[Status]{'coordinate': [1000.6352530714424, 569.8770991135192], 'id': 11}
2019-09-05_19:49:41.219[Status]Routing 96: Walk: 96
2019-09-05_19:49:41.320[Battery Energy]82.93
2019-09-05_19:49:41.320[Status]Routing Start.
2019-09-05_19:49:41.435[Status]{'coordinate': [1010.44395362427, 571.8237355626184], 'id': 11}
2019-09-05_19:49:41.435[Status]Routing 97: Walk: 97
2019-09-05_19:49:41.536[Battery Energy]82.75
2019-09-05_19:49:41.536[Status]Routing Start.
2019-09-05_19:49:41.630[Status]{'coordinate': [1020.2526541770975, 573.7703720117175], 'id': 11}
2019-09-05_19:49:41.630[Status]Routing 98: Walk: 98
2019-09-05_19:49:41.730[Battery Energy]82.57
2019-09-05_19:49:41.730[Status]Routing Start.
2019-09-05_19:49:41.784[Status]{'coordinate': [1030.061354729925, 575.7170084608167], 'id': 11}
2019-09-05_19:49:41.784[Status]Routing 99: Walk: 99
2019-09-05_19:49:41.884[Battery Energy]82.41
2019-09-05_19:49:41.884[Status]Routing Start.
2019-09-05_19:49:42.022[Status]{'coordinate': [1039.8700552827524, 577.6636449099158], 'id': 11}
2019-09-05_19:49:42.022[Status]Routing 100: Walk: 100
2019-09-05_19:49:42.122[Battery Energy]82.21
2019-09-05_19:49:42.122[Status]Routing Start.
2019-09-05_19:49:42.170[Status]{'coordinate': [1049.67875583558, 579.610281359015], 'id': 11}
2019-09-05_19:49:42.170[Status]Routing 101: Walk: 101
2019-09-05_19:49:42.285[Battery Energy]82.08
2019-09-05_19:49:42.285[Status]Routing Start.
2019-09-05_19:49:42.342[Status]{'coordinate': [1059.4874563884075, 581.556917808114], 'id': 11}
2019-09-05_19:49:42.342[Status]Routing 102: Walk: 102
2019-09-05_19:49:42.443[Battery Energy]81.92
2019-09-05_19:49:42.443[Status]Routing Start.
2019-09-05_19:49:42.572[Status]{'coordinate': [1069.296156941235, 583.5035542572132], 'id': 11}
2019-09-05_19:49:42.572[Status]Routing 103: Walk: 103
2019-09-05_19:49:42.673[Battery Energy]81.71
2019-09-05_19:49:42.673[Status]Routing Start.
2019-09-05_19:49:42.712[Status]{'coordinate': [1079.1048574940626, 585.4501907063122], 'id': 11}
2019-09-05_19:49:42.712[Status]Routing 104: Walk: 104
2019-09-05_19:49:42.817[Battery Energy]81.57
2019-09-05_19:49:42.817[Status]Routing Start.
2019-09-05_19:49:42.923[Status]{'coordinate': [1088.91355804689, 587.3968271554114], 'id': 11}
2019-09-05_19:49:42.923[Status]Routing 105: Walk: 105
2019-09-05_19:49:43.023[Battery Energy]81.40
2019-09-05_19:49:43.023[Status]Routing Start.
2019-09-05_19:49:43.158[Status]{'coordinate': [1098.7222585997176, 589.3434636045105], 'id': 11}
2019-09-05_19:49:43.158[Status]Routing 106: Walk: 106
2019-09-05_19:49:43.259[Battery Energy]81.20
2019-09-05_19:49:43.259[Status]Routing Start.
2019-09-05_19:49:43.354[Status]{'coordinate': [1108.5309591525452, 591.2901000536096], 'id': 11}
2019-09-05_19:49:43.354[Status]Routing 107: Walk: 107
2019-09-05_19:49:43.457[Battery Energy]81.04
2019-09-05_19:49:43.457[Status]Routing Start.
2019-09-05_19:49:43.522[Status]{'coordinate': [1118.3396597053727, 593.2367365027087], 'id': 11}
2019-09-05_19:49:43.522[Status]Routing 108: Walk: 108
2019-09-05_19:49:43.622[Battery Energy]80.89
2019-09-05_19:49:43.622[Status]Routing Start.
2019-09-05_19:49:43.694[Status]{'coordinate': [1128.1483602582002, 595.1833729518079], 'id': 11}
2019-09-05_19:49:43.695[Status]Routing 109: Walk: 109
2019-09-05_19:49:43.801[Battery Energy]80.74
2019-09-05_19:49:43.801[Status]Routing Start.
2019-09-05_19:49:43.934[Status]{'coordinate': [1137.9570608110278, 597.1300094009069], 'id': 11}
2019-09-05_19:49:43.935[Status]Routing 110: Walk: 110
2019-09-05_19:49:44.045[Battery Energy]80.54
2019-09-05_19:49:44.045[Status]Routing Start.
2019-09-05_19:49:44.095[Status]{'coordinate': [1147.7657613638553, 599.0766458500061], 'id': 11}
2019-09-05_19:49:44.095[Status]Routing 111: Walk: 111
2019-09-05_19:49:44.196[Battery Energy]80.40
2019-09-05_19:49:44.196[Status]Routing Start.
2019-09-05_19:49:44.336[Status]{'coordinate': [1157.5744619166828, 601.0232822991053], 'id': 11}
2019-09-05_19:49:44.336[Status]Routing 112: Walk: 112
2019-09-05_19:49:44.445[Battery Energy]80.22
2019-09-05_19:49:44.445[Status]Routing Start.
2019-09-05_19:49:44.486[Status]{'coordinate': [1167.3831624695104, 602.9699187482043], 'id': 11}
2019-09-05_19:49:44.486[Status]Routing 113: Walk: 113
2019-09-05_19:49:44.586[Battery Energy]80.07
2019-09-05_19:49:44.586[Status]Routing Start.
2019-09-05_19:49:44.745[Status]{'coordinate': [1177.1918630223379, 604.9165551973035], 'id': 11}
2019-09-05_19:49:44.746[Status]Routing 114: Walk: 114
2019-09-05_19:49:44.846[Battery Energy]79.89
2019-09-05_19:49:44.846[Status]Routing Start.
2019-09-05_19:49:44.977[Status]{'coordinate': [1187.0005635751654, 606.8631916464026], 'id': 11}
2019-09-05_19:49:44.977[Status]Routing 115: Walk: 115
2019-09-05_19:49:45.077[Battery Energy]79.68
2019-09-05_19:49:45.078[Status]Routing Start.
2019-09-05_19:49:45.150[Status]{'coordinate': [1196.809264127993, 608.8098280955018], 'id': 11}
2019-09-05_19:49:45.150[Status]Routing 116: Walk: 116
2019-09-05_19:49:45.250[Battery Energy]79.53
2019-09-05_19:49:45.250[Status]Routing Start.
2019-09-05_19:49:45.334[Status]{'coordinate': [1206.6179646808205, 610.7564645446008], 'id': 11}
2019-09-05_19:49:45.334[Status]Routing 117: Walk: 117
2019-09-05_19:49:45.513[Battery Energy]79.38
2019-09-05_19:49:45.513[Status]Routing Start.
2019-09-05_19:49:45.562[Status]{'coordinate': [1216.426665233648, 612.7031009937], 'id': 11}
2019-09-05_19:49:45.562[Status]Routing 118: Walk: 118
2019-09-05_19:49:45.679[Battery Energy]79.23
2019-09-05_19:49:45.679[Status]Routing Start.
2019-09-05_19:49:45.814[Status]{'coordinate': [1226.2353657864755, 614.649737442799], 'id': 11}
2019-09-05_19:49:45.814[Status]Routing 119: Walk: 119
2019-09-05_19:49:45.914[Battery Energy]79.01
2019-09-05_19:49:45.914[Status]Routing Start.
2019-09-05_19:49:46.039[Status]{'coordinate': [1236.044066339303, 616.5963738918982], 'id': 11}
2019-09-05_19:49:46.039[Status]Routing 120: Walk: 120
2019-09-05_19:49:46.139[Battery Energy]78.83
2019-09-05_19:49:46.139[Status]Routing Start.
2019-09-05_19:49:46.141[Status]{'coordinate': [1245.8527668921306, 618.5430103409973], 'id': 11}
2019-09-05_19:49:46.141[Status]Routing 121: Walk: 121
2019-09-05_19:49:46.241[Battery Energy]78.71
2019-09-05_19:49:46.241[Status]Routing Start.
2019-09-05_19:49:46.363[Status]{'coordinate': [1255.6614674449581, 620.4896467900965], 'id': 11}
2019-09-05_19:49:46.363[Status]Routing 122: Walk: 122
2019-09-05_19:49:46.463[Battery Energy]78.52
2019-09-05_19:49:46.463[Status]Routing Start.
2019-09-05_19:49:46.463[Status]Task Finished.
2019-09-05_19:49:46.563[Battery Energy]78.52
2019-09-05_19:49:46.615[Status]Routing 124: Walk: 122
2019-09-05_19:49:46.729[Battery Energy]78.47
2019-09-05_19:49:46.832[Status]Routing 125: Walk: 122
2019-09-05_19:49:46.957[Battery Energy]78.39
2019-09-05_19:49:47.073[Status]Routing 126: Walk: 122
2019-09-05_19:49:47.173[Battery Energy]78.32
2019-09-05_19:49:47.287[Status]Routing 127: Walk: 122
2019-09-05_19:49:47.392[Battery Energy]78.27
2019-09-05_19:49:47.431[Status]Routing 128: Walk: 122
2019-09-05_19:49:47.531[Battery Energy]78.23
2019-09-05_19:49:47.645[Status]Routing 129: Walk: 122
2019-09-05_19:49:47.745[Battery Energy]78.13
2019-09-05_19:49:47.814[Status]Routing 130: Walk: 122
2019-09-05_19:49:47.914[Battery Energy]78.06
2019-09-05_19:49:47.981[Status]Routing 131: Walk: 122
2019-09-05_19:49:48.085[Battery Energy]78.01
2019-09-05_19:49:48.121[Status]Routing 132: Walk: 122
2019-09-05_19:49:48.225[Battery Energy]77.96
2019-09-05_19:49:48.294[Status]Routing 133: Walk: 122
2019-09-05_19:49:48.394[Battery Energy]77.90
2019-09-05_19:49:48.469[Status]Routing 134: Walk: 122
2019-09-05_19:49:48.570[Battery Energy]77.81
2019-09-05_19:49:48.654[Status]Routing 135: Walk: 122
2019-09-05_19:49:48.754[Battery Energy]77.72
2019-09-05_19:49:48.854[Status]Routing 136: Walk: 122
2019-09-05_19:49:48.954[Battery Energy]77.65
2019-09-05_19:49:49.052[Status]Routing 137: Walk: 122
2019-09-05_19:49:49.152[Battery Energy]77.59
2019-09-05_19:49:49.229[Status]Routing 138: Walk: 122
2019-09-05_19:49:49.336[Battery Energy]77.54
2019-09-05_19:49:49.362[Status]Routing 139: Walk: 122
2019-09-05_19:49:49.462[Battery Energy]77.50
2019-09-05_19:49:49.486[Status]Routing 140: Walk: 122
2019-09-05_19:49:49.597[Battery Energy]77.46
2019-09-05_19:49:49.694[Status]Routing 141: Walk: 122
2019-09-05_19:49:49.794[Battery Energy]77.40
2019-09-05_19:49:49.831[Status]Routing 142: Walk: 122
2019-09-05_19:49:49.931[Battery Energy]77.36
2019-09-05_19:49:49.991[Status]Routing 143: Walk: 122
2019-09-05_19:49:50.105[Battery Energy]77.30
2019-09-05_19:49:50.371[Status]Routing 144: Walk: 122
2019-09-05_19:49:50.471[Battery Energy]77.15
2019-09-05_19:49:50.499[Status]Routing 145: Walk: 122
2019-09-05_19:49:50.600[Battery Energy]77.11
2019-09-05_19:49:50.689[Status]Routing 146: Walk: 122
2019-09-05_19:49:50.791[Battery Energy]77.05
2019-09-05_19:49:50.811[Status]Routing 147: Walk: 122
2019-09-05_19:49:50.911[Battery Energy]77.02
2019-09-05_19:49:50.961[Status]Routing 148: Walk: 122
2019-09-05_19:49:51.061[Battery Energy]76.98
2019-09-05_19:49:51.175[Status]Routing 149: Walk: 122
2019-09-05_19:49:51.276[Battery Energy]76.88
2019-09-05_19:49:51.322[Status]Routing 150: Walk: 122
2019-09-05_19:49:51.425[Battery Energy]76.83
2019-09-05_19:49:51.453[Status]Routing 151: Walk: 122
2019-09-05_19:49:51.553[Battery Energy]76.79
2019-09-05_19:49:51.596[Status]Routing 152: Walk: 122
2019-09-05_19:49:51.701[Battery Energy]76.74
