2019-09-05_19:49:16.957[Status]Start.
2019-09-05_19:49:16.957[Battery Energy]100.00
2019-09-05_19:49:18.057[Battery Energy]99.96
2019-09-05_19:49:19.159[Battery Energy]99.92
2019-09-05_19:49:20.260[Battery Energy]99.88
2019-09-05_19:49:21.361[Battery Energy]99.84
2019-09-05_19:49:22.461[Task]A New Task Released.
2019-09-05_19:49:22.462[Battery Energy]99.80
2019-09-05_19:49:22.462[Status]Selection Start.
2019-09-05_19:49:24.054[Status]Selection End: Do Task 1.
2019-09-05_19:49:24.179[Battery Energy]98.69
2019-09-05_19:49:24.179[Status]Formation Start.
2019-09-05_19:49:24.373[Status]Formation End: To Position 0.
2019-09-05_19:49:24.474[Battery Energy]98.52
2019-09-05_19:49:24.474[Status]Routing Start.
2019-09-05_19:49:24.640[Status]{'coordinate': [140.3270666343056, 251.60635938298213], 'id': 13}
2019-09-05_19:49:24.640[Status]Routing 1: Walk: 1
2019-09-05_19:49:24.757[Battery Energy]98.29
2019-09-05_19:49:24.757[Status]Routing Start.
2019-09-05_19:49:24.817[Status]{'coordinate': [149.6541332686112, 255.21271876596427], 'id': 13}
2019-09-05_19:49:24.817[Status]Routing 2: Walk: 2
2019-09-05_19:49:24.917[Battery Energy]98.12
2019-09-05_19:49:24.917[Status]Routing Start.
2019-09-05_19:49:25.082[Status]{'coordinate': [158.98119990291679, 258.8190781489464], 'id': 13}
2019-09-05_19:49:25.082[Status]Routing 3: Walk: 3
2019-09-05_19:49:25.185[Battery Energy]97.87
2019-09-05_19:49:25.185[Status]Routing Start.
2019-09-05_19:49:25.223[Status]{'coordinate': [168.30826653722238, 262.42543753192854], 'id': 13}
2019-09-05_19:49:25.227[Status]Routing 4: Walk: 4
2019-09-05_19:49:25.327[Battery Energy]97.72
2019-09-05_19:49:25.327[Status]Routing Start.
2019-09-05_19:49:25.410[Status]{'coordinate': [177.63533317152798, 266.0317969149107], 'id': 13}
2019-09-05_19:49:25.410[Status]Routing 5: Walk: 5
2019-09-05_19:49:25.513[Battery Energy]97.55
2019-09-05_19:49:25.513[Status]Routing Start.
2019-09-05_19:49:25.595[Status]{'coordinate': [186.96239980583357, 269.6381562978928], 'id': 13}
2019-09-05_19:49:25.595[Status]Routing 6: Walk: 6
2019-09-05_19:49:25.697[Battery Energy]97.40
2019-09-05_19:49:25.697[Status]Routing Start.
2019-09-05_19:49:25.823[Status]{'coordinate': [196.28946644013917, 273.24451568087494], 'id': 13}
2019-09-05_19:49:25.823[Status]Routing 7: Walk: 7
2019-09-05_19:49:25.933[Battery Energy]97.20
2019-09-05_19:49:25.933[Status]Routing Start.
2019-09-05_19:49:26.021[Status]{'coordinate': [205.61653307444476, 276.8508750638571], 'id': 13}
2019-09-05_19:49:26.021[Status]Routing 8: Walk: 8
2019-09-05_19:49:26.121[Battery Energy]97.01
2019-09-05_19:49:26.121[Status]Routing Start.
2019-09-05_19:49:26.207[Status]{'coordinate': [214.94359970875036, 280.4572344468392], 'id': 13}
2019-09-05_19:49:26.207[Status]Routing 9: Walk: 9
2019-09-05_19:49:26.321[Battery Energy]96.83
2019-09-05_19:49:26.321[Status]Routing Start.
2019-09-05_19:49:26.442[Status]{'coordinate': [224.27066634305595, 284.06359382982134], 'id': 13}
2019-09-05_19:49:26.442[Status]Routing 10: Walk: 10
2019-09-05_19:49:26.542[Battery Energy]96.65
2019-09-05_19:49:26.542[Status]Routing Start.
2019-09-05_19:49:26.693[Status]{'coordinate': [233.59773297736155, 287.6699532128035], 'id': 13}
2019-09-05_19:49:26.693[Status]Routing 11: Walk: 11
2019-09-05_19:49:26.817[Battery Energy]96.43
2019-09-05_19:49:26.817[Status]Routing Start.
2019-09-05_19:49:26.885[Status]{'coordinate': [242.92479961166714, 291.2763125957856], 'id': 13}
2019-09-05_19:49:26.885[Status]Routing 12: Walk: 12
2019-09-05_19:49:26.993[Battery Energy]96.26
2019-09-05_19:49:26.993[Status]Routing Start.
2019-09-05_19:49:27.103[Status]{'coordinate': [252.25186624597274, 294.88267197876775], 'id': 13}
2019-09-05_19:49:27.103[Status]Routing 13: Walk: 13
2019-09-05_19:49:27.204[Battery Energy]96.09
2019-09-05_19:49:27.204[Status]Routing Start.
2019-09-05_19:49:27.269[Status]{'coordinate': [261.57893288027833, 298.4890313617499], 'id': 13}
2019-09-05_19:49:27.269[Status]Routing 14: Walk: 14
2019-09-05_19:49:27.370[Battery Energy]95.93
2019-09-05_19:49:27.370[Status]Routing Start.
2019-09-05_19:49:27.456[Status]{'coordinate': [270.9059995145839, 302.095390744732], 'id': 13}
2019-09-05_19:49:27.456[Status]Routing 15: Walk: 15
2019-09-05_19:49:27.556[Battery Energy]95.76
2019-09-05_19:49:27.556[Status]Routing Start.
2019-09-05_19:49:27.588[Status]{'coordinate': [280.2330661488895, 305.70175012771415], 'id': 13}
2019-09-05_19:49:27.588[Status]Routing 16: Walk: 16
2019-09-05_19:49:27.697[Battery Energy]95.63
2019-09-05_19:49:27.697[Status]Routing Start.
2019-09-05_19:49:27.766[Status]{'coordinate': [289.5601327831951, 309.3081095106963], 'id': 13}
2019-09-05_19:49:27.766[Status]Routing 17: Walk: 17
2019-09-05_19:49:27.866[Battery Energy]95.47
2019-09-05_19:49:27.866[Status]Routing Start.
2019-09-05_19:49:27.917[Status]{'coordinate': [298.8871994175007, 312.9144688936784], 'id': 13}
2019-09-05_19:49:27.917[Status]Routing 18: Walk: 18
2019-09-05_19:49:28.018[Battery Energy]95.31
2019-09-05_19:49:28.018[Status]Routing Start.
2019-09-05_19:49:28.132[Status]{'coordinate': [308.2142660518063, 316.52082827666055], 'id': 13}
2019-09-05_19:49:28.132[Status]Routing 19: Walk: 19
2019-09-05_19:49:28.232[Battery Energy]95.15
2019-09-05_19:49:28.233[Status]Routing Start.
2019-09-05_19:49:28.379[Status]{'coordinate': [317.5413326861119, 320.1271876596427], 'id': 13}
2019-09-05_19:49:28.379[Status]Routing 20: Walk: 20
2019-09-05_19:49:28.479[Battery Energy]94.91
2019-09-05_19:49:28.479[Status]Routing Start.
2019-09-05_19:49:28.541[Status]{'coordinate': [326.8683993204175, 323.7335470426248], 'id': 13}
2019-09-05_19:49:28.541[Status]Routing 21: Walk: 21
2019-09-05_19:49:28.643[Battery Energy]94.75
2019-09-05_19:49:28.643[Status]Routing Start.
2019-09-05_19:49:28.707[Status]{'coordinate': [336.1954659547231, 327.33990642560696], 'id': 13}
2019-09-05_19:49:28.707[Status]Routing 22: Walk: 22
2019-09-05_19:49:28.807[Battery Energy]94.58
2019-09-05_19:49:28.807[Status]Routing Start.
2019-09-05_19:49:28.888[Status]{'coordinate': [345.5225325890287, 330.9462658085891], 'id': 13}
2019-09-05_19:49:28.888[Status]Routing 23: Walk: 23
2019-09-05_19:49:28.988[Battery Energy]94.43
2019-09-05_19:49:28.988[Status]Routing Start.
2019-09-05_19:49:29.072[Status]{'coordinate': [354.8495992233343, 334.5526251915712], 'id': 13}
2019-09-05_19:49:29.072[Status]Routing 24: Walk: 24
2019-09-05_19:49:29.172[Battery Energy]94.27
2019-09-05_19:49:29.172[Status]Routing Start.
2019-09-05_19:49:29.266[Status]{'coordinate': [364.1766658576399, 338.15898457455336], 'id': 13}
2019-09-05_19:49:29.266[Status]Routing 25: Walk: 25
2019-09-05_19:49:29.369[Battery Energy]94.09
2019-09-05_19:49:29.369[Status]Routing Start.
2019-09-05_19:49:29.406[Status]{'coordinate': [373.50373249194547, 341.7653439575355], 'id': 13}
2019-09-05_19:49:29.406[Status]Routing 26: Walk: 26
2019-09-05_19:49:29.509[Battery Energy]93.95
2019-09-05_19:49:29.509[Status]Routing Start.
2019-09-05_19:49:29.604[Status]{'coordinate': [382.83079912625107, 345.3717033405176], 'id': 13}
2019-09-05_19:49:29.604[Status]Routing 27: Walk: 27
2019-09-05_19:49:29.704[Battery Energy]93.79
2019-09-05_19:49:29.704[Status]Routing Start.
2019-09-05_19:49:29.747[Status]{'coordinate': [392.15786576055666, 348.97806272349976], 'id': 13}
2019-09-05_19:49:29.747[Status]Routing 28: Walk: 28
2019-09-05_19:49:29.865[Battery Energy]93.63
2019-09-05_19:49:29.865[Status]Routing Start.
2019-09-05_19:49:29.882[Status]{'coordinate': [401.48493239486226, 352.5844221064819], 'id': 13}
2019-09-05_19:49:29.883[Status]Routing 29: Walk: 29
2019-09-05_19:49:29.983[Battery Energy]93.50
2019-09-05_19:49:29.983[Status]Routing Start.
2019-09-05_19:49:30.035[Status]{'coordinate': [410.81199902916785, 356.19078148946403], 'id': 13}
2019-09-05_19:49:30.035[Status]Routing 30: Walk: 30
2019-09-05_19:49:30.135[Battery Energy]93.33
2019-09-05_19:49:30.135[Status]Routing Start.
2019-09-05_19:49:30.202[Status]{'coordinate': [420.13906566347345, 359.79714087244616], 'id': 13}
2019-09-05_19:49:30.202[Status]Routing 31: Walk: 31
2019-09-05_19:49:30.314[Battery Energy]93.18
2019-09-05_19:49:30.314[Status]Routing Start.
2019-09-05_19:49:30.370[Status]{'coordinate': [429.46613229777904, 363.4035002554283], 'id': 13}
2019-09-05_19:49:30.370[Status]Routing 32: Walk: 32
2019-09-05_19:49:30.489[Battery Energy]93.02
2019-09-05_19:49:30.489[Status]Routing Start.
2019-09-05_19:49:30.533[Status]{'coordinate': [438.79319893208464, 367.00985963841043], 'id': 13}
2019-09-05_19:49:30.534[Status]Routing 33: Walk: 33
2019-09-05_19:49:30.637[Battery Energy]92.89
2019-09-05_19:49:30.637[Status]Routing Start.
2019-09-05_19:49:30.690[Status]{'coordinate': [448.12026556639023, 370.61621902139257], 'id': 13}
2019-09-05_19:49:30.690[Status]Routing 34: Walk: 34
2019-09-05_19:49:30.790[Battery Energy]92.74
2019-09-05_19:49:30.790[Status]Routing Start.
2019-09-05_19:49:30.913[Status]{'coordinate': [457.4473322006958, 374.2225784043747], 'id': 13}
2019-09-05_19:49:30.913[Status]Routing 35: Walk: 35
2019-09-05_19:49:31.033[Battery Energy]92.55
2019-09-05_19:49:31.033[Status]Routing Start.
2019-09-05_19:49:31.088[Status]{'coordinate': [466.7743988350014, 377.82893778735684], 'id': 13}
2019-09-05_19:49:31.088[Status]Routing 36: Walk: 36
2019-09-05_19:49:31.189[Battery Energy]92.39
2019-09-05_19:49:31.189[Status]Routing Start.
2019-09-05_19:49:31.272[Status]{'coordinate': [476.101465469307, 381.43529717033897], 'id': 13}
2019-09-05_19:49:31.273[Status]Routing 37: Walk: 37
2019-09-05_19:49:31.376[Battery Energy]92.21
2019-09-05_19:49:31.376[Status]Routing Start.
2019-09-05_19:49:31.537[Status]{'coordinate': [485.4285321036126, 385.0416565533211], 'id': 13}
2019-09-05_19:49:31.537[Status]Routing 38: Walk: 38
2019-09-05_19:49:31.645[Battery Energy]91.98
2019-09-05_19:49:31.645[Status]Routing Start.
2019-09-05_19:49:31.711[Status]{'coordinate': [494.7555987379182, 388.64801593630324], 'id': 13}
2019-09-05_19:49:31.711[Status]Routing 39: Walk: 39
2019-09-05_19:49:31.812[Battery Energy]91.82
2019-09-05_19:49:31.812[Status]Routing Start.
2019-09-05_19:49:31.866[Status]{'coordinate': [504.0826653722238, 392.2543753192854], 'id': 13}
2019-09-05_19:49:31.866[Status]Routing 40: Walk: 40
2019-09-05_19:49:31.966[Battery Energy]91.66
2019-09-05_19:49:31.966[Status]Routing Start.
2019-09-05_19:49:32.018[Status]{'coordinate': [513.4097320065293, 395.8607347022675], 'id': 13}
2019-09-05_19:49:32.018[Status]Routing 41: Walk: 41
2019-09-05_19:49:32.121[Battery Energy]91.50
2019-09-05_19:49:32.121[Status]Routing Start.
2019-09-05_19:49:32.174[Status]{'coordinate': [522.7367986408349, 399.46709408524964], 'id': 13}
2019-09-05_19:49:32.174[Status]Routing 42: Walk: 42
2019-09-05_19:49:32.274[Battery Energy]91.35
2019-09-05_19:49:32.274[Status]Routing Start.
2019-09-05_19:49:32.376[Status]{'coordinate': [532.0638652751404, 403.0734534682318], 'id': 13}
2019-09-05_19:49:32.376[Status]Routing 43: Walk: 43
2019-09-05_19:49:32.476[Battery Energy]91.17
2019-09-05_19:49:32.477[Status]Routing Start.
2019-09-05_19:49:32.541[Status]{'coordinate': [541.390931909446, 406.6798128512139], 'id': 13}
2019-09-05_19:49:32.541[Status]Routing 44: Walk: 44
2019-09-05_19:49:32.657[Battery Energy]91.02
2019-09-05_19:49:32.657[Status]Routing Start.
2019-09-05_19:49:32.691[Status]{'coordinate': [550.7179985437515, 410.28617223419604], 'id': 13}
2019-09-05_19:49:32.691[Status]Routing 45: Walk: 45
2019-09-05_19:49:32.844[Battery Energy]90.88
2019-09-05_19:49:32.844[Status]Routing Start.
2019-09-05_19:49:32.879[Status]{'coordinate': [560.045065178057, 413.8925316171782], 'id': 13}
2019-09-05_19:49:32.879[Status]Routing 46: Walk: 46
2019-09-05_19:49:32.979[Battery Energy]90.75
2019-09-05_19:49:32.979[Status]Routing Start.
2019-09-05_19:49:33.028[Status]{'coordinate': [569.3721318123626, 417.4988910001603], 'id': 13}
2019-09-05_19:49:33.028[Status]Routing 47: Walk: 47
2019-09-05_19:49:33.129[Battery Energy]90.61
2019-09-05_19:49:33.129[Status]Routing Start.
2019-09-05_19:49:33.183[Status]{'coordinate': [578.6991984466681, 421.10525038314245], 'id': 13}
2019-09-05_19:49:33.183[Status]Routing 48: Walk: 48
2019-09-05_19:49:33.283[Battery Energy]90.47
2019-09-05_19:49:33.283[Status]Routing Start.
2019-09-05_19:49:33.390[Status]{'coordinate': [588.0262650809736, 424.7116097661246], 'id': 13}
2019-09-05_19:49:33.390[Status]Routing 49: Walk: 49
2019-09-05_19:49:33.490[Battery Energy]90.29
2019-09-05_19:49:33.490[Status]Routing Start.
2019-09-05_19:49:33.532[Status]{'coordinate': [597.3533317152792, 428.3179691491067], 'id': 13}
2019-09-05_19:49:33.532[Status]Routing 50: Walk: 50
2019-09-05_19:49:33.632[Battery Energy]90.14
2019-09-05_19:49:33.632[Status]Routing Start.
2019-09-05_19:49:33.683[Status]{'coordinate': [606.6803983495847, 431.92432853208885], 'id': 13}
2019-09-05_19:49:33.683[Status]Routing 51: Walk: 51
2019-09-05_19:49:33.783[Battery Energy]89.98
2019-09-05_19:49:33.783[Status]Routing Start.
2019-09-05_19:49:33.840[Status]{'coordinate': [616.0074649838903, 435.530687915071], 'id': 13}
2019-09-05_19:49:33.840[Status]Routing 52: Walk: 52
2019-09-05_19:49:33.940[Battery Energy]89.84
2019-09-05_19:49:33.941[Status]Routing Start.
2019-09-05_19:49:34.024[Status]{'coordinate': [625.3345316181958, 439.1370472980531], 'id': 13}
2019-09-05_19:49:34.024[Status]Routing 53: Walk: 53
2019-09-05_19:49:34.130[Battery Energy]89.68
2019-09-05_19:49:34.130[Status]Routing Start.
2019-09-05_19:49:34.191[Status]{'coordinate': [634.6615982525013, 442.74340668103525], 'id': 13}
2019-09-05_19:49:34.192[Status]Routing 54: Walk: 54
2019-09-05_19:49:34.292[Battery Energy]89.53
2019-09-05_19:49:34.292[Status]Routing Start.
2019-09-05_19:49:34.370[Status]{'coordinate': [643.9886648868069, 446.3497660640174], 'id': 13}
2019-09-05_19:49:34.370[Status]Routing 55: Walk: 55
2019-09-05_19:49:34.470[Battery Energy]89.39
2019-09-05_19:49:34.470[Status]Routing Start.
2019-09-05_19:49:34.526[Status]{'coordinate': [653.3157315211124, 449.9561254469995], 'id': 13}
2019-09-05_19:49:34.526[Status]Routing 56: Walk: 56
2019-09-05_19:49:34.626[Battery Energy]89.24
2019-09-05_19:49:34.626[Status]Routing Start.
2019-09-05_19:49:34.713[Status]{'coordinate': [662.642798155418, 453.56248482998166], 'id': 13}
2019-09-05_19:49:34.713[Status]Routing 57: Walk: 57
2019-09-05_19:49:34.813[Battery Energy]89.06
2019-09-05_19:49:34.813[Status]Routing Start.
2019-09-05_19:49:34.841[Status]{'coordinate': [671.9698647897235, 457.1688442129638], 'id': 13}
2019-09-05_19:49:34.841[Status]Routing 58: Walk: 58
2019-09-05_19:49:34.941[Battery Energy]88.92
2019-09-05_19:49:34.941[Status]Routing Start.
2019-09-05_19:49:35.020[Status]{'coordinate': [681.296931424029, 460.7752035959459], 'id': 13}
2019-09-05_19:49:35.020[Status]Routing 59: Walk: 59
2019-09-05_19:49:35.120[Battery Energy]88.77
2019-09-05_19:49:35.120[Status]Routing Start.
2019-09-05_19:49:35.150[Status]{'coordinate': [690.6239980583346, 464.38156297892806], 'id': 13}
2019-09-05_19:49:35.151[Status]Routing 60: Walk: 60
2019-09-05_19:49:35.251[Battery Energy]88.63
2019-09-05_19:49:35.251[Status]Routing Start.
2019-09-05_19:49:35.316[Status]{'coordinate': [699.9510646926401, 467.9879223619102], 'id': 13}
2019-09-05_19:49:35.316[Status]Routing 61: Walk: 61
2019-09-05_19:49:35.421[Battery Energy]88.48
2019-09-05_19:49:35.421[Status]Routing Start.
2019-09-05_19:49:35.475[Status]{'coordinate': [709.2781313269456, 471.5942817448923], 'id': 13}
2019-09-05_19:49:35.475[Status]Routing 62: Walk: 62
2019-09-05_19:49:35.577[Battery Energy]88.32
2019-09-05_19:49:35.577[Status]Routing Start.
2019-09-05_19:49:35.681[Status]{'coordinate': [718.6051979612512, 475.20064112787446], 'id': 13}
2019-09-05_19:49:35.683[Status]Routing 63: Walk: 63
2019-09-05_19:49:35.783[Battery Energy]88.14
2019-09-05_19:49:35.784[Status]Routing Start.
2019-09-05_19:49:35.827[Status]{'coordinate': [727.9322645955567, 478.8070005108566], 'id': 13}
2019-09-05_19:49:35.827[Status]Routing 64: Walk: 64
2019-09-05_19:49:35.927[Battery Energy]88.00
2019-09-05_19:49:35.927[Status]Routing Start.
2019-09-05_19:49:36.054[Status]{'coordinate': [737.2593312298623, 482.41335989383873], 'id': 13}
2019-09-05_19:49:36.054[Status]Routing 65: Walk: 65
2019-09-05_19:49:36.154[Battery Energy]87.80
2019-09-05_19:49:36.154[Status]Routing Start.
2019-09-05_19:49:36.209[Status]{'coordinate': [746.5863978641678, 486.01971927682087], 'id': 13}
2019-09-05_19:49:36.209[Status]Routing 66: Walk: 66
2019-09-05_19:49:36.309[Battery Energy]87.64
2019-09-05_19:49:36.309[Status]Routing Start.
2019-09-05_19:49:36.360[Status]{'coordinate': [755.9134644984733, 489.626078659803], 'id': 13}
2019-09-05_19:49:36.360[Status]Routing 67: Walk: 67
2019-09-05_19:49:36.460[Battery Energy]87.49
2019-09-05_19:49:36.461[Status]Routing Start.
2019-09-05_19:49:36.533[Status]{'coordinate': [765.2405311327789, 493.23243804278513], 'id': 13}
2019-09-05_19:49:36.533[Status]Routing 68: Walk: 68
2019-09-05_19:49:36.634[Battery Energy]87.31
2019-09-05_19:49:36.634[Status]Routing Start.
2019-09-05_19:49:36.707[Status]{'coordinate': [774.5675977670844, 496.83879742576727], 'id': 13}
2019-09-05_19:49:36.707[Status]Routing 69: Walk: 69
2019-09-05_19:49:36.807[Battery Energy]87.14
2019-09-05_19:49:36.807[Status]Routing Start.
2019-09-05_19:49:36.872[Status]{'coordinate': [783.89466440139, 500.4451568087494], 'id': 13}
2019-09-05_19:49:36.872[Status]Routing 70: Walk: 70
2019-09-05_19:49:36.977[Battery Energy]86.99
2019-09-05_19:49:36.977[Status]Routing Start.
2019-09-05_19:49:37.045[Status]{'coordinate': [793.2217310356955, 504.05151619173154], 'id': 13}
2019-09-05_19:49:37.045[Status]Routing 71: Walk: 71
2019-09-05_19:49:37.149[Battery Energy]86.85
2019-09-05_19:49:37.149[Status]Routing Start.
2019-09-05_19:49:37.290[Status]{'coordinate': [802.548797670001, 507.65787557471367], 'id': 13}
2019-09-05_19:49:37.290[Status]Routing 72: Walk: 72
2019-09-05_19:49:37.397[Battery Energy]86.65
2019-09-05_19:49:37.397[Status]Routing Start.
2019-09-05_19:49:37.430[Status]{'coordinate': [811.8758643043066, 511.2642349576958], 'id': 13}
2019-09-05_19:49:37.430[Status]Routing 73: Walk: 73
2019-09-05_19:49:37.530[Battery Energy]86.51
2019-09-05_19:49:37.530[Status]Routing Start.
2019-09-05_19:49:37.576[Status]{'coordinate': [821.2029309386121, 514.8705943406779], 'id': 13}
2019-09-05_19:49:37.576[Status]Routing 74: Walk: 74
2019-09-05_19:49:37.676[Battery Energy]86.36
2019-09-05_19:49:37.676[Status]Routing Start.
2019-09-05_19:49:37.734[Status]{'coordinate': [830.5299975729176, 518.4769537236601], 'id': 13}
2019-09-05_19:49:37.734[Status]Routing 75: Walk: 75
2019-09-05_19:49:37.834[Battery Energy]86.22
2019-09-05_19:49:37.834[Status]Routing Start.
2019-09-05_19:49:37.902[Status]{'coordinate': [839.8570642072232, 522.0833131066423], 'id': 13}
2019-09-05_19:49:37.902[Status]Routing 76: Walk: 76
2019-09-05_19:49:38.002[Battery Energy]86.08
2019-09-05_19:49:38.002[Status]Routing Start.
2019-09-05_19:49:38.025[Status]{'coordinate': [849.1841308415287, 525.6896724896245], 'id': 13}
2019-09-05_19:49:38.025[Status]Routing 77: Walk: 77
2019-09-05_19:49:38.125[Battery Energy]85.94
2019-09-05_19:49:38.125[Status]Routing Start.
2019-09-05_19:49:38.215[Status]{'coordinate': [858.5111974758343, 529.2960318726067], 'id': 13}
2019-09-05_19:49:38.215[Status]Routing 78: Walk: 78
2019-09-05_19:49:38.320[Battery Energy]85.76
2019-09-05_19:49:38.320[Status]Routing Start.
2019-09-05_19:49:38.322[Status]{'coordinate': [867.8382641101398, 532.9023912555889], 'id': 13}
2019-09-05_19:49:38.322[Status]Routing 79: Walk: 79
2019-09-05_19:49:38.425[Battery Energy]85.64
2019-09-05_19:49:38.425[Status]Routing Start.
2019-09-05_19:49:38.488[Status]{'coordinate': [877.1653307444453, 536.5087506385711], 'id': 13}
2019-09-05_19:49:38.488[Status]Routing 80: Walk: 80
2019-09-05_19:49:38.597[Battery Energy]85.49
2019-09-05_19:49:38.597[Status]Routing Start.
2019-09-05_19:49:38.640[Status]{'coordinate': [886.4923973787509, 540.1151100215533], 'id': 13}
2019-09-05_19:49:38.644[Status]Routing 81: Walk: 81
2019-09-05_19:49:38.757[Battery Energy]85.35
2019-09-05_19:49:38.757[Status]Routing Start.
2019-09-05_19:49:38.858[Status]{'coordinate': [895.8194640130564, 543.7214694045355], 'id': 13}
2019-09-05_19:49:38.858[Status]Routing 82: Walk: 82
2019-09-05_19:49:38.958[Battery Energy]85.16
2019-09-05_19:49:38.958[Status]Routing Start.
2019-09-05_19:49:39.023[Status]{'coordinate': [905.1465306473619, 547.3278287875177], 'id': 13}
2019-09-05_19:49:39.024[Status]Routing 83: Walk: 83
2019-09-05_19:49:39.125[Battery Energy]85.01
2019-09-05_19:49:39.125[Status]Routing Start.
2019-09-05_19:49:39.216[Status]{'coordinate': [914.4735972816675, 550.9341881704999], 'id': 13}
2019-09-05_19:49:39.218[Status]Routing 84: Walk: 84
2019-09-05_19:49:39.323[Battery Energy]84.85
2019-09-05_19:49:39.323[Status]Routing Start.
2019-09-05_19:49:39.456[Status]{'coordinate': [923.8006639159731, 554.5405475534819], 'id': 13}
2019-09-05_19:49:39.456[Status]Routing 85: Walk: 85
2019-09-05_19:49:39.556[Battery Energy]84.66
2019-09-05_19:49:39.556[Status]Routing Start.
2019-09-05_19:49:39.611[Status]{'coordinate': [933.1277305502788, 558.1469069364641], 'id': 13}
2019-09-05_19:49:39.611[Status]Routing 86: Walk: 86
2019-09-05_19:49:39.711[Battery Energy]84.50
2019-09-05_19:49:39.711[Status]Routing Start.
2019-09-05_19:49:39.817[Status]{'coordinate': [942.4547971845844, 561.7532663194463], 'id': 13}
2019-09-05_19:49:39.817[Status]Routing 87: Walk: 87
2019-09-05_19:49:39.918[Battery Energy]84.32
2019-09-05_19:49:39.918[Status]Routing Start.
2019-09-05_19:49:39.982[Status]{'coordinate': [951.7818638188901, 565.3596257024284], 'id': 13}
2019-09-05_19:49:39.982[Status]Routing 88: Walk: 88
2019-09-05_19:49:40.082[Battery Energy]84.17
2019-09-05_19:49:40.082[Status]Routing Start.
2019-09-05_19:49:40.126[Status]{'coordinate': [961.1089304531956, 568.9659850854106], 'id': 13}
2019-09-05_19:49:40.128[Status]Routing 89: Walk: 89
2019-09-05_19:49:40.228[Battery Energy]84.03
2019-09-05_19:49:40.229[Status]Routing Start.
2019-09-05_19:49:40.251[Status]{'coordinate': [970.4359970875012, 572.5723444683927], 'id': 13}
2019-09-05_19:49:40.251[Status]Routing 90: Walk: 90
2019-09-05_19:49:40.351[Battery Energy]83.90
2019-09-05_19:49:40.351[Status]Routing Start.
2019-09-05_19:49:40.392[Status]{'coordinate': [979.7630637218068, 576.1787038513748], 'id': 13}
2019-09-05_19:49:40.392[Status]Routing 91: Walk: 91
2019-09-05_19:49:40.493[Battery Energy]83.76
2019-09-05_19:49:40.493[Status]Routing Start.
2019-09-05_19:49:40.609[Status]{'coordinate': [989.0901303561125, 579.7850632343569], 'id': 13}
2019-09-05_19:49:40.610[Status]Routing 92: Walk: 92
2019-09-05_19:49:40.710[Battery Energy]83.58
2019-09-05_19:49:40.711[Status]Routing Start.
2019-09-05_19:49:40.796[Status]{'coordinate': [998.417196990418, 583.3914226173391], 'id': 13}
2019-09-05_19:49:40.797[Status]Routing 93: Walk: 93
2019-09-05_19:49:40.897[Battery Energy]83.43
2019-09-05_19:49:40.897[Status]Routing Start.
2019-09-05_19:49:40.960[Status]{'coordinate': [1007.7442636247235, 586.9977820003212], 'id': 13}
2019-09-05_19:49:40.960[Status]Routing 94: Walk: 94
2019-09-05_19:49:41.065[Battery Energy]83.28
2019-09-05_19:49:41.065[Status]Routing Start.
2019-09-05_19:49:41.183[Status]{'coordinate': [1017.0713302590291, 590.6041413833034], 'id': 13}
2019-09-05_19:49:41.183[Status]Routing 95: Walk: 95
2019-09-05_19:49:41.283[Battery Energy]83.06
2019-09-05_19:49:41.283[Status]Routing Start.
2019-09-05_19:49:41.436[Status]{'coordinate': [1026.3983968933346, 594.2105007662855], 'id': 13}
2019-09-05_19:49:41.436[Status]Routing 96: Walk: 96
2019-09-05_19:49:41.545[Battery Energy]82.85
2019-09-05_19:49:41.545[Status]Routing Start.
2019-09-05_19:49:41.654[Status]{'coordinate': [1035.7254635276402, 597.8168601492675], 'id': 13}
2019-09-05_19:49:41.654[Status]Routing 97: Walk: 97
2019-09-05_19:49:41.757[Battery Energy]82.67
2019-09-05_19:49:41.757[Status]Routing Start.
2019-09-05_19:49:41.784[Status]{'coordinate': [1045.0525301619457, 601.4232195322497], 'id': 13}
2019-09-05_19:49:41.784[Status]Routing 98: Walk: 98
2019-09-05_19:49:41.889[Battery Energy]82.53
2019-09-05_19:49:41.889[Status]Routing Start.
2019-09-05_19:49:42.009[Status]{'coordinate': [1054.3795967962512, 605.0295789152318], 'id': 13}
2019-09-05_19:49:42.009[Status]Routing 99: Walk: 99
2019-09-05_19:49:42.109[Battery Energy]82.32
2019-09-05_19:49:42.109[Status]Routing Start.
2019-09-05_19:49:42.168[Status]{'coordinate': [1063.7066634305568, 608.6359382982139], 'id': 13}
2019-09-05_19:49:42.168[Status]Routing 100: Walk: 100
2019-09-05_19:49:42.269[Battery Energy]82.16
2019-09-05_19:49:42.269[Status]Routing Start.
2019-09-05_19:49:42.339[Status]{'coordinate': [1073.0337300648623, 612.242297681196], 'id': 13}
2019-09-05_19:49:42.339[Status]Routing 101: Walk: 101
2019-09-05_19:49:42.439[Battery Energy]82.01
2019-09-05_19:49:42.439[Status]Routing Start.
2019-09-05_19:49:42.574[Status]{'coordinate': [1082.3607966991678, 615.8486570641782], 'id': 13}
2019-09-05_19:49:42.574[Status]Routing 102: Walk: 102
2019-09-05_19:49:42.674[Battery Energy]81.82
2019-09-05_19:49:42.675[Status]Routing Start.
2019-09-05_19:49:42.724[Status]{'coordinate': [1091.6878633334734, 619.4550164471602], 'id': 13}
2019-09-05_19:49:42.724[Status]Routing 103: Walk: 103
2019-09-05_19:49:42.825[Battery Energy]81.66
2019-09-05_19:49:42.825[Status]Routing Start.
2019-09-05_19:49:42.868[Status]{'coordinate': [1101.014929967779, 623.0613758301423], 'id': 13}
2019-09-05_19:49:42.868[Status]Routing 104: Walk: 104
2019-09-05_19:49:42.971[Battery Energy]81.51
2019-09-05_19:49:42.971[Status]Routing Start.
2019-09-05_19:49:43.019[Status]{'coordinate': [1110.3419966020845, 626.6677352131245], 'id': 13}
2019-09-05_19:49:43.019[Status]Routing 105: Walk: 105
2019-09-05_19:49:43.125[Battery Energy]81.35
2019-09-05_19:49:43.125[Status]Routing Start.
2019-09-05_19:49:43.197[Status]{'coordinate': [1119.66906323639, 630.2740945961066], 'id': 13}
2019-09-05_19:49:43.197[Status]Routing 106: Walk: 106
2019-09-05_19:49:43.297[Battery Energy]81.17
2019-09-05_19:49:43.297[Status]Routing Start.
2019-09-05_19:49:43.348[Status]{'coordinate': [1128.9961298706955, 633.8804539790887], 'id': 13}
2019-09-05_19:49:43.348[Status]Routing 107: Walk: 107
2019-09-05_19:49:43.448[Battery Energy]81.01
2019-09-05_19:49:43.448[Status]Routing Start.
2019-09-05_19:49:43.525[Status]{'coordinate': [1138.323196505001, 637.4868133620708], 'id': 13}
2019-09-05_19:49:43.525[Status]Routing 108: Walk: 108
2019-09-05_19:49:43.625[Battery Energy]80.86
2019-09-05_19:49:43.625[Status]Routing Start.
2019-09-05_19:49:43.692[Status]{'coordinate': [1147.6502631393066, 641.0931727450529], 'id': 13}
2019-09-05_19:49:43.692[Status]Routing 109: Walk: 109
2019-09-05_19:49:43.799[Battery Energy]80.71
2019-09-05_19:49:43.799[Status]Routing Start.
2019-09-05_19:49:43.933[Status]{'coordinate': [1156.9773297736122, 644.699532128035], 'id': 13}
2019-09-05_19:49:43.933[Status]Routing 110: Walk: 110
2019-09-05_19:49:44.033[Battery Energy]80.53
2019-09-05_19:49:44.033[Status]Routing Start.
2019-09-05_19:49:44.094[Status]{'coordinate': [1166.3043964079177, 648.3058915110171], 'id': 13}
2019-09-05_19:49:44.094[Status]Routing 111: Walk: 111
2019-09-05_19:49:44.205[Battery Energy]80.39
2019-09-05_19:49:44.205[Status]Routing Start.
2019-09-05_19:49:44.330[Status]{'coordinate': [1175.6314630422232, 651.9122508939993], 'id': 13}
2019-09-05_19:49:44.330[Status]Routing 112: Walk: 112
2019-09-05_19:49:44.437[Battery Energy]80.21
2019-09-05_19:49:44.437[Status]Routing Start.
2019-09-05_19:49:44.482[Status]{'coordinate': [1184.9585296765288, 655.5186102769813], 'id': 13}
2019-09-05_19:49:44.482[Status]Routing 113: Walk: 113
2019-09-05_19:49:44.582[Battery Energy]80.06
2019-09-05_19:49:44.582[Status]Routing Start.
2019-09-05_19:49:44.733[Status]{'coordinate': [1194.2855963108343, 659.1249696599634], 'id': 13}
2019-09-05_19:49:44.733[Status]Routing 114: Walk: 114
2019-09-05_19:49:44.834[Battery Energy]79.88
2019-09-05_19:49:44.834[Status]Routing Start.
2019-09-05_19:49:44.979[Status]{'coordinate': [1203.6126629451398, 662.7313290429456], 'id': 13}
2019-09-05_19:49:44.979[Status]Routing 115: Walk: 115
2019-09-05_19:49:45.089[Battery Energy]79.71
2019-09-05_19:49:45.089[Status]Routing Start.
2019-09-05_19:49:45.139[Status]{'coordinate': [1212.9397295794454, 666.3376884259277], 'id': 13}
2019-09-05_19:49:45.139[Status]Routing 116: Walk: 116
2019-09-05_19:49:45.249[Battery Energy]79.55
2019-09-05_19:49:45.249[Status]Routing Start.
2019-09-05_19:49:45.333[Status]{'coordinate': [1222.266796213751, 669.9440478089098], 'id': 13}
2019-09-05_19:49:45.333[Status]Routing 117: Walk: 117
2019-09-05_19:49:45.440[Battery Energy]79.40
2019-09-05_19:49:45.440[Status]Routing Start.
2019-09-05_19:49:45.546[Status]{'coordinate': [1231.5938628480565, 673.550407191892], 'id': 13}
2019-09-05_19:49:45.547[Status]Routing 118: Walk: 118
2019-09-05_19:49:45.647[Battery Energy]79.24
2019-09-05_19:49:45.647[Status]Routing Start.
2019-09-05_19:49:45.677[Status]{'coordinate': [1240.920929482362, 677.156766574874], 'id': 13}
2019-09-05_19:49:45.677[Status]Routing 119: Walk: 119
2019-09-05_19:49:45.779[Battery Energy]79.11
2019-09-05_19:49:45.779[Status]Routing Start.
2019-09-05_19:49:45.860[Status]{'coordinate': [1250.2479961166675, 680.7631259578561], 'id': 13}
2019-09-05_19:49:45.860[Status]Routing 120: Walk: 120
2019-09-05_19:49:45.960[Battery Energy]78.96
2019-09-05_19:49:45.960[Status]Routing Start.
2019-09-05_19:49:46.047[Status]{'coordinate': [1259.575062750973, 684.3694853408383], 'id': 13}
2019-09-05_19:49:46.047[Status]Routing 121: Walk: 121
2019-09-05_19:49:46.147[Battery Energy]78.80
2019-09-05_19:49:46.147[Status]Routing Start.
2019-09-05_19:49:46.206[Status]{'coordinate': [1268.9021293852786, 687.9758447238204], 'id': 13}
2019-09-05_19:49:46.206[Status]Routing 122: Walk: 122
2019-09-05_19:49:46.320[Battery Energy]78.64
2019-09-05_19:49:46.320[Status]Routing Start.
2019-09-05_19:49:46.409[Status]{'coordinate': [1278.2291960195842, 691.5822041068025], 'id': 13}
2019-09-05_19:49:46.409[Status]Routing 123: Walk: 123
2019-09-05_19:49:46.517[Battery Energy]78.46
2019-09-05_19:49:46.517[Status]Routing Start.
2019-09-05_19:49:46.614[Status]{'coordinate': [1287.5562626538897, 695.1885634897845], 'id': 13}
2019-09-05_19:49:46.614[Status]Routing 124: Walk: 124
2019-09-05_19:49:46.725[Battery Energy]78.29
2019-09-05_19:49:46.725[Status]Routing Start.
2019-09-05_19:49:46.833[Status]{'coordinate': [1296.8833292881952, 698.7949228727667], 'id': 13}
2019-09-05_19:49:46.833[Status]Routing 125: Walk: 125
2019-09-05_19:49:46.947[Battery Energy]78.11
2019-09-05_19:49:46.947[Status]Routing Start.
2019-09-05_19:49:46.947[Status]Task Finished.
2019-09-05_19:49:47.047[Battery Energy]78.11
2019-09-05_19:49:47.051[Status]Routing 127: Walk: 125
2019-09-05_19:49:47.151[Battery Energy]78.09
2019-09-05_19:49:47.297[Status]Routing 128: Walk: 125
2019-09-05_19:49:47.397[Battery Energy]78.03
2019-09-05_19:49:47.431[Status]Routing 129: Walk: 125
2019-09-05_19:49:47.531[Battery Energy]77.99
2019-09-05_19:49:47.614[Status]Routing 130: Walk: 125
2019-09-05_19:49:47.714[Battery Energy]77.93
2019-09-05_19:49:47.797[Status]Routing 131: Walk: 125
2019-09-05_19:49:47.898[Battery Energy]77.86
2019-09-05_19:49:47.979[Status]Routing 132: Walk: 125
2019-09-05_19:49:48.079[Battery Energy]77.80
2019-09-05_19:49:48.190[Status]Routing 133: Walk: 125
2019-09-05_19:49:48.297[Battery Energy]77.70
2019-09-05_19:49:48.369[Status]Routing 134: Walk: 125
2019-09-05_19:49:48.470[Battery Energy]77.63
2019-09-05_19:49:48.557[Status]Routing 135: Walk: 125
2019-09-05_19:49:48.661[Battery Energy]77.56
2019-09-05_19:49:48.750[Status]Routing 136: Walk: 125
2019-09-05_19:49:48.851[Battery Energy]77.47
2019-09-05_19:49:48.909[Status]Routing 137: Walk: 125
2019-09-05_19:49:49.021[Battery Energy]77.40
2019-09-05_19:49:49.095[Status]Routing 138: Walk: 125
2019-09-05_19:49:49.203[Battery Energy]77.33
2019-09-05_19:49:49.249[Status]Routing 139: Walk: 125
2019-09-05_19:49:49.353[Battery Energy]77.27
2019-09-05_19:49:49.391[Status]Routing 140: Walk: 125
2019-09-05_19:49:49.501[Battery Energy]77.23
2019-09-05_19:49:49.690[Status]Routing 141: Walk: 125
2019-09-05_19:49:49.798[Battery Energy]77.14
2019-09-05_19:49:49.813[Status]Routing 142: Walk: 125
2019-09-05_19:49:49.915[Battery Energy]77.11
2019-09-05_19:49:49.991[Status]Routing 143: Walk: 125
2019-09-05_19:49:50.097[Battery Energy]77.05
2019-09-05_19:49:50.376[Status]Routing 144: Walk: 125
2019-09-05_19:49:50.481[Battery Energy]76.87
2019-09-05_19:49:50.502[Status]Routing 145: Walk: 125
2019-09-05_19:49:50.602[Battery Energy]76.84
2019-09-05_19:49:50.669[Status]Routing 146: Walk: 125
2019-09-05_19:49:50.770[Battery Energy]76.78
2019-09-05_19:49:50.829[Status]Routing 147: Walk: 125
2019-09-05_19:49:50.933[Battery Energy]76.72
2019-09-05_19:49:50.965[Status]Routing 148: Walk: 125
2019-09-05_19:49:51.077[Battery Energy]76.68
2019-09-05_19:49:51.111[Status]Routing 149: Walk: 125
2019-09-05_19:49:51.220[Battery Energy]76.64
2019-09-05_19:49:51.238[Status]Routing 150: Walk: 125
2019-09-05_19:49:51.340[Battery Energy]76.61
2019-09-05_19:49:51.398[Status]Routing 151: Walk: 125
2019-09-05_19:49:51.505[Battery Energy]76.56
2019-09-05_19:49:51.541[Status]Routing 152: Walk: 125
2019-09-05_19:49:51.644[Battery Energy]76.51
2019-09-05_19:49:51.672[Status]Routing 153: Walk: 125
2019-09-05_19:49:51.773[Battery Energy]76.47
