2019-09-05_19:49:16.261[Status]Start.
2019-09-05_19:49:16.261[Battery Energy]100.00
2019-09-05_19:49:17.362[Battery Energy]99.96
2019-09-05_19:49:18.464[Battery Energy]99.92
2019-09-05_19:49:19.564[Battery Energy]99.88
2019-09-05_19:49:20.665[Battery Energy]99.84
2019-09-05_19:49:21.766[Task]A New Task Released.
2019-09-05_19:49:21.766[Battery Energy]99.80
2019-09-05_19:49:21.767[Status]Selection Start.
2019-09-05_19:49:24.055[Status]Selection End: Do Task 1.
2019-09-05_19:49:24.156[Battery Energy]98.13
2019-09-05_19:49:24.156[Status]Formation Start.
2019-09-05_19:49:24.376[Status]Formation End: To Position 5.
2019-09-05_19:49:24.513[Battery Energy]97.95
2019-09-05_19:49:24.515[Status]Routing Start.
2019-09-05_19:49:24.643[Status]{'coordinate': [67.97910084440012, 530.6461782550449], 'id': 9}
2019-09-05_19:49:24.643[Status]Routing 1: Walk: 1
2019-09-05_19:49:24.765[Battery Energy]97.76
2019-09-05_19:49:24.766[Status]Routing Start.
2019-09-05_19:49:24.782[Status]{'coordinate': [77.95820168880024, 531.2923565100898], 'id': 9}
2019-09-05_19:49:24.782[Status]Routing 2: Walk: 2
2019-09-05_19:49:24.882[Battery Energy]97.63
2019-09-05_19:49:24.882[Status]Routing Start.
2019-09-05_19:49:24.935[Status]{'coordinate': [87.93730253320037, 531.9385347651347], 'id': 9}
2019-09-05_19:49:24.935[Status]Routing 3: Walk: 3
2019-09-05_19:49:25.035[Battery Energy]97.48
2019-09-05_19:49:25.035[Status]Routing Start.
2019-09-05_19:49:25.081[Status]{'coordinate': [97.91640337760049, 532.5847130201796], 'id': 9}
2019-09-05_19:49:25.081[Status]Routing 4: Walk: 4
2019-09-05_19:49:25.182[Battery Energy]97.34
2019-09-05_19:49:25.182[Status]Routing Start.
2019-09-05_19:49:25.227[Status]{'coordinate': [107.89550422200061, 533.2308912752245], 'id': 9}
2019-09-05_19:49:25.227[Status]Routing 5: Walk: 5
2019-09-05_19:49:25.329[Battery Energy]97.19
2019-09-05_19:49:25.329[Status]Routing Start.
2019-09-05_19:49:25.412[Status]{'coordinate': [117.87460506640073, 533.8770695302694], 'id': 9}
2019-09-05_19:49:25.412[Status]Routing 6: Walk: 6
2019-09-05_19:49:25.525[Battery Energy]97.03
2019-09-05_19:49:25.525[Status]Routing Start.
2019-09-05_19:49:25.638[Status]{'coordinate': [127.85370591080085, 534.5232477853143], 'id': 9}
2019-09-05_19:49:25.639[Status]Routing 7: Walk: 7
2019-09-05_19:49:25.739[Battery Energy]96.86
2019-09-05_19:49:25.739[Status]Routing Start.
2019-09-05_19:49:25.880[Status]{'coordinate': [137.83280675520098, 535.1694260403592], 'id': 9}
2019-09-05_19:49:25.880[Status]Routing 8: Walk: 8
2019-09-05_19:49:25.989[Battery Energy]96.65
2019-09-05_19:49:25.989[Status]Routing Start.
2019-09-05_19:49:26.040[Status]{'coordinate': [147.81190759960108, 535.815604295404], 'id': 9}
2019-09-05_19:49:26.040[Status]Routing 9: Walk: 9
2019-09-05_19:49:26.166[Battery Energy]96.50
2019-09-05_19:49:26.166[Status]Routing Start.
2019-09-05_19:49:26.206[Status]{'coordinate': [157.7910084440012, 536.4617825504488], 'id': 9}
2019-09-05_19:49:26.206[Status]Routing 10: Walk: 10
2019-09-05_19:49:26.309[Battery Energy]96.36
2019-09-05_19:49:26.309[Status]Routing Start.
2019-09-05_19:49:26.446[Status]{'coordinate': [167.77010928840133, 537.1079608054937], 'id': 9}
2019-09-05_19:49:26.447[Status]Routing 11: Walk: 11
2019-09-05_19:49:26.654[Battery Energy]96.16
2019-09-05_19:49:26.654[Status]Routing Start.
2019-09-05_19:49:26.695[Status]{'coordinate': [177.74921013280144, 537.7541390605385], 'id': 9}
2019-09-05_19:49:26.695[Status]Routing 12: Walk: 12
2019-09-05_19:49:26.805[Battery Energy]96.01
2019-09-05_19:49:26.805[Status]Routing Start.
2019-09-05_19:49:26.885[Status]{'coordinate': [187.72831097720155, 538.4003173155834], 'id': 9}
2019-09-05_19:49:26.885[Status]Routing 13: Walk: 13
2019-09-05_19:49:26.985[Battery Energy]95.83
2019-09-05_19:49:26.985[Status]Routing Start.
2019-09-05_19:49:27.105[Status]{'coordinate': [197.70741182160165, 539.0464955706282], 'id': 9}
2019-09-05_19:49:27.105[Status]Routing 14: Walk: 14
2019-09-05_19:49:27.208[Battery Energy]95.66
2019-09-05_19:49:27.208[Status]Routing Start.
2019-09-05_19:49:27.270[Status]{'coordinate': [207.68651266600176, 539.6926738256731], 'id': 9}
2019-09-05_19:49:27.270[Status]Routing 15: Walk: 15
2019-09-05_19:49:27.373[Battery Energy]95.50
2019-09-05_19:49:27.373[Status]Routing Start.
2019-09-05_19:49:27.464[Status]{'coordinate': [217.66561351040187, 540.3388520807179], 'id': 9}
2019-09-05_19:49:27.464[Status]Routing 16: Walk: 16
2019-09-05_19:49:27.564[Battery Energy]95.35
2019-09-05_19:49:27.564[Status]Routing Start.
2019-09-05_19:49:27.593[Status]{'coordinate': [227.64471435480198, 540.9850303357628], 'id': 9}
2019-09-05_19:49:27.593[Status]Routing 17: Walk: 17
2019-09-05_19:49:27.704[Battery Energy]95.21
2019-09-05_19:49:27.704[Status]Routing Start.
2019-09-05_19:49:27.745[Status]{'coordinate': [237.62381519920208, 541.6312085908075], 'id': 9}
2019-09-05_19:49:27.746[Status]Routing 18: Walk: 18
2019-09-05_19:49:27.846[Battery Energy]95.07
2019-09-05_19:49:27.846[Status]Routing Start.
2019-09-05_19:49:27.866[Status]{'coordinate': [247.6029160436022, 542.2773868458524], 'id': 9}
2019-09-05_19:49:27.866[Status]Routing 19: Walk: 19
2019-09-05_19:49:27.981[Battery Energy]94.94
2019-09-05_19:49:27.981[Status]Routing Start.
2019-09-05_19:49:28.045[Status]{'coordinate': [257.58201688800233, 542.9235651008972], 'id': 9}
2019-09-05_19:49:28.048[Status]Routing 20: Walk: 20
2019-09-05_19:49:28.149[Battery Energy]94.78
2019-09-05_19:49:28.149[Status]Routing Start.
2019-09-05_19:49:28.340[Status]{'coordinate': [267.56111773240247, 543.5697433559421], 'id': 9}
2019-09-05_19:49:28.346[Status]Routing 21: Walk: 21
2019-09-05_19:49:28.447[Battery Energy]94.55
2019-09-05_19:49:28.447[Status]Routing Start.
2019-09-05_19:49:28.533[Status]{'coordinate': [277.5402185768026, 544.2159216109869], 'id': 9}
2019-09-05_19:49:28.533[Status]Routing 22: Walk: 22
2019-09-05_19:49:28.649[Battery Energy]94.38
2019-09-05_19:49:28.649[Status]Routing Start.
2019-09-05_19:49:28.707[Status]{'coordinate': [287.51931942120274, 544.8620998660318], 'id': 9}
2019-09-05_19:49:28.707[Status]Routing 23: Walk: 23
2019-09-05_19:49:28.807[Battery Energy]94.22
2019-09-05_19:49:28.807[Status]Routing Start.
2019-09-05_19:49:28.890[Status]{'coordinate': [297.4984202656029, 545.5082781210766], 'id': 9}
2019-09-05_19:49:28.890[Status]Routing 24: Walk: 24
2019-09-05_19:49:28.990[Battery Energy]94.04
2019-09-05_19:49:28.990[Status]Routing Start.
2019-09-05_19:49:29.073[Status]{'coordinate': [307.477521110003, 546.1544563761215], 'id': 9}
2019-09-05_19:49:29.073[Status]Routing 25: Walk: 25
2019-09-05_19:49:29.173[Battery Energy]93.88
2019-09-05_19:49:29.174[Status]Routing Start.
2019-09-05_19:49:29.257[Status]{'coordinate': [317.45662195440315, 546.8006346311663], 'id': 9}
2019-09-05_19:49:29.257[Status]Routing 26: Walk: 26
2019-09-05_19:49:29.365[Battery Energy]93.72
2019-09-05_19:49:29.365[Status]Routing Start.
2019-09-05_19:49:29.402[Status]{'coordinate': [327.4357227988033, 547.4468128862112], 'id': 9}
2019-09-05_19:49:29.403[Status]Routing 27: Walk: 27
2019-09-05_19:49:29.507[Battery Energy]93.58
2019-09-05_19:49:29.507[Status]Routing Start.
2019-09-05_19:49:29.594[Status]{'coordinate': [337.4148236432034, 548.092991141256], 'id': 9}
2019-09-05_19:49:29.594[Status]Routing 28: Walk: 28
2019-09-05_19:49:29.701[Battery Energy]93.42
2019-09-05_19:49:29.701[Status]Routing Start.
2019-09-05_19:49:29.742[Status]{'coordinate': [347.39392448760356, 548.7391693963009], 'id': 9}
2019-09-05_19:49:29.743[Status]Routing 29: Walk: 29
2019-09-05_19:49:29.844[Battery Energy]93.28
2019-09-05_19:49:29.844[Status]Routing Start.
2019-09-05_19:49:29.913[Status]{'coordinate': [357.3730253320037, 549.3853476513457], 'id': 9}
2019-09-05_19:49:29.921[Status]Routing 30: Walk: 30
2019-09-05_19:49:30.024[Battery Energy]93.13
2019-09-05_19:49:30.024[Status]Routing Start.
2019-09-05_19:49:30.034[Status]{'coordinate': [367.35212617640383, 550.0315259063906], 'id': 9}
2019-09-05_19:49:30.034[Status]Routing 31: Walk: 31
2019-09-05_19:49:30.141[Battery Energy]93.01
2019-09-05_19:49:30.141[Status]Routing Start.
2019-09-05_19:49:30.235[Status]{'coordinate': [377.33122702080396, 550.6777041614354], 'id': 9}
2019-09-05_19:49:30.235[Status]Routing 32: Walk: 32
2019-09-05_19:49:30.336[Battery Energy]92.83
2019-09-05_19:49:30.336[Status]Routing Start.
2019-09-05_19:49:30.370[Status]{'coordinate': [387.3103278652041, 551.3238824164803], 'id': 9}
2019-09-05_19:49:30.370[Status]Routing 33: Walk: 33
2019-09-05_19:49:30.473[Battery Energy]92.68
2019-09-05_19:49:30.473[Status]Routing Start.
2019-09-05_19:49:30.533[Status]{'coordinate': [397.28942870960424, 551.9700606715251], 'id': 9}
2019-09-05_19:49:30.533[Status]Routing 34: Walk: 34
2019-09-05_19:49:30.637[Battery Energy]92.52
2019-09-05_19:49:30.637[Status]Routing Start.
2019-09-05_19:49:30.696[Status]{'coordinate': [407.2685295540044, 552.61623892657], 'id': 9}
2019-09-05_19:49:30.696[Status]Routing 35: Walk: 35
2019-09-05_19:49:30.796[Battery Energy]92.36
2019-09-05_19:49:30.796[Status]Routing Start.
2019-09-05_19:49:30.916[Status]{'coordinate': [417.2476303984045, 553.2624171816148], 'id': 9}
2019-09-05_19:49:30.916[Status]Routing 36: Walk: 36
2019-09-05_19:49:31.025[Battery Energy]92.18
2019-09-05_19:49:31.025[Status]Routing Start.
2019-09-05_19:49:31.085[Status]{'coordinate': [427.22673124280465, 553.9085954366597], 'id': 9}
2019-09-05_19:49:31.085[Status]Routing 37: Walk: 37
2019-09-05_19:49:31.197[Battery Energy]92.02
2019-09-05_19:49:31.197[Status]Routing Start.
2019-09-05_19:49:31.268[Status]{'coordinate': [437.2058320872048, 554.5547736917044], 'id': 9}
2019-09-05_19:49:31.268[Status]Routing 38: Walk: 38
2019-09-05_19:49:31.377[Battery Energy]91.86
2019-09-05_19:49:31.377[Status]Routing Start.
2019-09-05_19:49:31.537[Status]{'coordinate': [447.1849329316049, 555.2009519467493], 'id': 9}
2019-09-05_19:49:31.537[Status]Routing 39: Walk: 39
2019-09-05_19:49:31.645[Battery Energy]91.65
2019-09-05_19:49:31.645[Status]Routing Start.
2019-09-05_19:49:31.698[Status]{'coordinate': [457.16403377600506, 555.8471302017941], 'id': 9}
2019-09-05_19:49:31.698[Status]Routing 40: Walk: 40
2019-09-05_19:49:31.813[Battery Energy]91.51
2019-09-05_19:49:31.813[Status]Routing Start.
2019-09-05_19:49:31.838[Status]{'coordinate': [467.1431346204052, 556.493308456839], 'id': 9}
2019-09-05_19:49:31.838[Status]Routing 41: Walk: 41
2019-09-05_19:49:31.938[Battery Energy]91.38
2019-09-05_19:49:31.938[Status]Routing Start.
2019-09-05_19:49:31.986[Status]{'coordinate': [477.1222354648053, 557.1394867118838], 'id': 9}
2019-09-05_19:49:31.986[Status]Routing 42: Walk: 42
2019-09-05_19:49:32.086[Battery Energy]91.24
2019-09-05_19:49:32.086[Status]Routing Start.
2019-09-05_19:49:32.145[Status]{'coordinate': [487.10133630920546, 557.7856649669287], 'id': 9}
2019-09-05_19:49:32.145[Status]Routing 43: Walk: 43
2019-09-05_19:49:32.246[Battery Energy]91.10
2019-09-05_19:49:32.246[Status]Routing Start.
2019-09-05_19:49:32.360[Status]{'coordinate': [497.0804371536056, 558.4318432219736], 'id': 9}
2019-09-05_19:49:32.362[Status]Routing 44: Walk: 44
2019-09-05_19:49:32.462[Battery Energy]90.91
2019-09-05_19:49:32.462[Status]Routing Start.
2019-09-05_19:49:32.540[Status]{'coordinate': [507.05953799800574, 559.0780214770184], 'id': 9}
2019-09-05_19:49:32.540[Status]Routing 45: Walk: 45
2019-09-05_19:49:32.649[Battery Energy]90.74
2019-09-05_19:49:32.649[Status]Routing Start.
2019-09-05_19:49:32.686[Status]{'coordinate': [517.0386388424058, 559.7241997320632], 'id': 9}
2019-09-05_19:49:32.686[Status]Routing 46: Walk: 46
2019-09-05_19:49:32.800[Battery Energy]90.60
2019-09-05_19:49:32.800[Status]Routing Start.
2019-09-05_19:49:32.882[Status]{'coordinate': [527.017739686806, 560.3703779871081], 'id': 9}
2019-09-05_19:49:32.882[Status]Routing 47: Walk: 47
2019-09-05_19:49:32.983[Battery Energy]90.46
2019-09-05_19:49:32.983[Status]Routing Start.
2019-09-05_19:49:33.022[Status]{'coordinate': [536.9968405312061, 561.016556242153], 'id': 9}
2019-09-05_19:49:33.022[Status]Routing 48: Walk: 48
2019-09-05_19:49:33.125[Battery Energy]90.33
2019-09-05_19:49:33.125[Status]Routing Start.
2019-09-05_19:49:33.189[Status]{'coordinate': [546.9759413756062, 561.6627344971978], 'id': 9}
2019-09-05_19:49:33.189[Status]Routing 49: Walk: 49
2019-09-05_19:49:33.289[Battery Energy]90.18
2019-09-05_19:49:33.289[Status]Routing Start.
2019-09-05_19:49:33.385[Status]{'coordinate': [556.9550422200064, 562.3089127522427], 'id': 9}
2019-09-05_19:49:33.396[Status]Routing 50: Walk: 50
2019-09-05_19:49:33.496[Battery Energy]90.01
2019-09-05_19:49:33.496[Status]Routing Start.
2019-09-05_19:49:33.533[Status]{'coordinate': [566.9341430644065, 562.9550910072875], 'id': 9}
2019-09-05_19:49:33.533[Status]Routing 51: Walk: 51
2019-09-05_19:49:33.633[Battery Energy]89.87
2019-09-05_19:49:33.633[Status]Routing Start.
2019-09-05_19:49:33.683[Status]{'coordinate': [576.9132439088066, 563.6012692623324], 'id': 9}
2019-09-05_19:49:33.683[Status]Routing 52: Walk: 52
2019-09-05_19:49:33.785[Battery Energy]89.71
2019-09-05_19:49:33.785[Status]Routing Start.
2019-09-05_19:49:33.854[Status]{'coordinate': [586.8923447532068, 564.2474475173772], 'id': 9}
2019-09-05_19:49:33.854[Status]Routing 53: Walk: 53
2019-09-05_19:49:33.975[Battery Energy]89.56
2019-09-05_19:49:33.975[Status]Routing Start.
2019-09-05_19:49:33.987[Status]{'coordinate': [596.8714455976069, 564.8936257724221], 'id': 9}
2019-09-05_19:49:33.988[Status]Routing 54: Walk: 54
2019-09-05_19:49:34.088[Battery Energy]89.43
2019-09-05_19:49:34.088[Status]Routing Start.
2019-09-05_19:49:34.201[Status]{'coordinate': [606.850546442007, 565.5398040274669], 'id': 9}
2019-09-05_19:49:34.201[Status]Routing 55: Walk: 55
2019-09-05_19:49:34.302[Battery Energy]89.25
2019-09-05_19:49:34.302[Status]Routing Start.
2019-09-05_19:49:34.370[Status]{'coordinate': [616.8296472864072, 566.1859822825118], 'id': 9}
2019-09-05_19:49:34.371[Status]Routing 56: Walk: 56
2019-09-05_19:49:34.471[Battery Energy]89.10
2019-09-05_19:49:34.471[Status]Routing Start.
2019-09-05_19:49:34.527[Status]{'coordinate': [626.8087481308073, 566.8321605375565], 'id': 9}
2019-09-05_19:49:34.527[Status]Routing 57: Walk: 57
2019-09-05_19:49:34.628[Battery Energy]88.95
2019-09-05_19:49:34.628[Status]Routing Start.
2019-09-05_19:49:34.710[Status]{'coordinate': [636.7878489752075, 567.4783387926014], 'id': 9}
2019-09-05_19:49:34.710[Status]Routing 58: Walk: 58
2019-09-05_19:49:34.813[Battery Energy]88.80
2019-09-05_19:49:34.813[Status]Routing Start.
2019-09-05_19:49:34.838[Status]{'coordinate': [646.7669498196076, 568.1245170476462], 'id': 9}
2019-09-05_19:49:34.838[Status]Routing 59: Walk: 59
2019-09-05_19:49:34.938[Battery Energy]88.66
2019-09-05_19:49:34.938[Status]Routing Start.
2019-09-05_19:49:35.016[Status]{'coordinate': [656.7460506640077, 568.7706953026911], 'id': 9}
2019-09-05_19:49:35.016[Status]Routing 60: Walk: 60
2019-09-05_19:49:35.116[Battery Energy]88.50
2019-09-05_19:49:35.116[Status]Routing Start.
2019-09-05_19:49:35.188[Status]{'coordinate': [666.7251515084079, 569.4168735577359], 'id': 9}
2019-09-05_19:49:35.188[Status]Routing 61: Walk: 61
2019-09-05_19:49:35.288[Battery Energy]88.35
2019-09-05_19:49:35.288[Status]Routing Start.
2019-09-05_19:49:35.447[Status]{'coordinate': [676.704252352808, 570.0630518127808], 'id': 9}
2019-09-05_19:49:35.447[Status]Routing 62: Walk: 62
2019-09-05_19:49:35.553[Battery Energy]88.12
2019-09-05_19:49:35.553[Status]Routing Start.
2019-09-05_19:49:35.624[Status]{'coordinate': [686.6833531972081, 570.7092300678256], 'id': 9}
2019-09-05_19:49:35.624[Status]Routing 63: Walk: 63
2019-09-05_19:49:35.729[Battery Energy]87.97
2019-09-05_19:49:35.729[Status]Routing Start.
2019-09-05_19:49:35.845[Status]{'coordinate': [696.6624540416083, 571.3554083228705], 'id': 9}
2019-09-05_19:49:35.845[Status]Routing 64: Walk: 64
2019-09-05_19:49:35.967[Battery Energy]87.80
2019-09-05_19:49:35.968[Status]Routing Start.
2019-09-05_19:49:36.028[Status]{'coordinate': [706.6415548860084, 572.0015865779153], 'id': 9}
2019-09-05_19:49:36.028[Status]Routing 65: Walk: 65
2019-09-05_19:49:36.129[Battery Energy]87.67
2019-09-05_19:49:36.129[Status]Routing Start.
2019-09-05_19:49:36.151[Status]{'coordinate': [716.6206557304085, 572.6477648329602], 'id': 9}
2019-09-05_19:49:36.151[Status]Routing 66: Walk: 66
2019-09-05_19:49:36.251[Battery Energy]87.53
2019-09-05_19:49:36.251[Status]Routing Start.
2019-09-05_19:49:36.360[Status]{'coordinate': [726.5997565748087, 573.293943088005], 'id': 9}
2019-09-05_19:49:36.360[Status]Routing 67: Walk: 67
2019-09-05_19:49:36.465[Battery Energy]87.37
2019-09-05_19:49:36.465[Status]Routing Start.
2019-09-05_19:49:36.528[Status]{'coordinate': [736.5788574192088, 573.9401213430499], 'id': 9}
2019-09-05_19:49:36.528[Status]Routing 68: Walk: 68
2019-09-05_19:49:36.628[Battery Energy]87.22
2019-09-05_19:49:36.628[Status]Routing Start.
2019-09-05_19:49:36.701[Status]{'coordinate': [746.557958263609, 574.5862995980947], 'id': 9}
2019-09-05_19:49:36.701[Status]Routing 69: Walk: 69
2019-09-05_19:49:36.812[Battery Energy]87.08
2019-09-05_19:49:36.812[Status]Routing Start.
2019-09-05_19:49:36.874[Status]{'coordinate': [756.5370591080091, 575.2324778531396], 'id': 9}
2019-09-05_19:49:36.874[Status]Routing 70: Walk: 70
2019-09-05_19:49:36.981[Battery Energy]86.93
2019-09-05_19:49:36.981[Status]Routing Start.
2019-09-05_19:49:37.053[Status]{'coordinate': [766.5161599524092, 575.8786561081844], 'id': 9}
2019-09-05_19:49:37.053[Status]Routing 71: Walk: 71
2019-09-05_19:49:37.153[Battery Energy]86.76
2019-09-05_19:49:37.153[Status]Routing Start.
2019-09-05_19:49:37.286[Status]{'coordinate': [776.4952607968094, 576.5248343632293], 'id': 9}
2019-09-05_19:49:37.286[Status]Routing 72: Walk: 72
2019-09-05_19:49:37.401[Battery Energy]86.57
2019-09-05_19:49:37.401[Status]Routing Start.
2019-09-05_19:49:37.462[Status]{'coordinate': [786.4743616412095, 577.1710126182741], 'id': 9}
2019-09-05_19:49:37.462[Status]Routing 73: Walk: 73
2019-09-05_19:49:37.563[Battery Energy]86.42
2019-09-05_19:49:37.563[Status]Routing Start.
2019-09-05_19:49:37.612[Status]{'coordinate': [796.4534624856096, 577.817190873319], 'id': 9}
2019-09-05_19:49:37.612[Status]Routing 74: Walk: 74
2019-09-05_19:49:37.712[Battery Energy]86.26
2019-09-05_19:49:37.713[Status]Routing Start.
2019-09-05_19:49:37.773[Status]{'coordinate': [806.4325633300098, 578.4633691283638], 'id': 9}
2019-09-05_19:49:37.773[Status]Routing 75: Walk: 75
2019-09-05_19:49:37.877[Battery Energy]86.13
2019-09-05_19:49:37.877[Status]Routing Start.
2019-09-05_19:49:37.935[Status]{'coordinate': [816.4116641744099, 579.1095473834087], 'id': 9}
2019-09-05_19:49:37.935[Status]Routing 76: Walk: 76
2019-09-05_19:49:38.036[Battery Energy]85.97
2019-09-05_19:49:38.036[Status]Routing Start.
2019-09-05_19:49:38.082[Status]{'coordinate': [826.39076501881, 579.7557256384534], 'id': 9}
2019-09-05_19:49:38.082[Status]Routing 77: Walk: 77
2019-09-05_19:49:38.182[Battery Energy]85.81
2019-09-05_19:49:38.182[Status]Routing Start.
2019-09-05_19:49:38.218[Status]{'coordinate': [836.3698658632102, 580.4019038934983], 'id': 9}
2019-09-05_19:49:38.218[Status]Routing 78: Walk: 78
2019-09-05_19:49:38.318[Battery Energy]85.67
2019-09-05_19:49:38.318[Status]Routing Start.
2019-09-05_19:49:38.437[Status]{'coordinate': [846.3489667076103, 581.0480821485431], 'id': 9}
2019-09-05_19:49:38.437[Status]Routing 79: Walk: 79
2019-09-05_19:49:38.537[Battery Energy]85.47
2019-09-05_19:49:38.537[Status]Routing Start.
2019-09-05_19:49:38.635[Status]{'coordinate': [856.3280675520105, 581.694260403588], 'id': 9}
2019-09-05_19:49:38.635[Status]Routing 80: Walk: 80
2019-09-05_19:49:38.735[Battery Energy]85.31
2019-09-05_19:49:38.735[Status]Routing Start.
2019-09-05_19:49:38.795[Status]{'coordinate': [866.3071683964106, 582.3404386586328], 'id': 9}
2019-09-05_19:49:38.795[Status]Routing 81: Walk: 81
2019-09-05_19:49:38.895[Battery Energy]85.14
2019-09-05_19:49:38.895[Status]Routing Start.
2019-09-05_19:49:38.999[Status]{'coordinate': [876.2862692408107, 582.9866169136777], 'id': 9}
2019-09-05_19:49:38.999[Status]Routing 82: Walk: 82
2019-09-05_19:49:39.100[Battery Energy]84.96
2019-09-05_19:49:39.100[Status]Routing Start.
2019-09-05_19:49:39.193[Status]{'coordinate': [886.2653700852109, 583.6327951687225], 'id': 9}
2019-09-05_19:49:39.193[Status]Routing 83: Walk: 83
2019-09-05_19:49:39.297[Battery Energy]84.78
2019-09-05_19:49:39.297[Status]Routing Start.
2019-09-05_19:49:39.320[Status]{'coordinate': [896.244470929611, 584.2789734237674], 'id': 9}
2019-09-05_19:49:39.320[Status]Routing 84: Walk: 84
2019-09-05_19:49:39.425[Battery Energy]84.65
2019-09-05_19:49:39.425[Status]Routing Start.
2019-09-05_19:49:39.497[Status]{'coordinate': [906.2235717740111, 584.9251516788122], 'id': 9}
2019-09-05_19:49:39.497[Status]Routing 85: Walk: 85
2019-09-05_19:49:39.597[Battery Energy]84.49
2019-09-05_19:49:39.597[Status]Routing Start.
2019-09-05_19:49:39.643[Status]{'coordinate': [916.2026726184113, 585.5713299338571], 'id': 9}
2019-09-05_19:49:39.643[Status]Routing 86: Walk: 86
2019-09-05_19:49:39.753[Battery Energy]84.34
2019-09-05_19:49:39.753[Status]Routing Start.
2019-09-05_19:49:39.815[Status]{'coordinate': [926.1817734628114, 586.2175081889019], 'id': 9}
2019-09-05_19:49:39.816[Status]Routing 87: Walk: 87
2019-09-05_19:49:39.925[Battery Energy]84.20
2019-09-05_19:49:39.925[Status]Routing Start.
2019-09-05_19:49:39.978[Status]{'coordinate': [936.1608743072115, 586.8636864439468], 'id': 9}
2019-09-05_19:49:39.978[Status]Routing 88: Walk: 88
2019-09-05_19:49:40.083[Battery Energy]84.06
2019-09-05_19:49:40.083[Status]Routing Start.
2019-09-05_19:49:40.133[Status]{'coordinate': [946.1399751516117, 587.5098646989916], 'id': 9}
2019-09-05_19:49:40.137[Status]Routing 89: Walk: 89
2019-09-05_19:49:40.241[Battery Energy]83.91
2019-09-05_19:49:40.241[Status]Routing Start.
2019-09-05_19:49:40.252[Status]{'coordinate': [956.1190759960118, 588.1560429540365], 'id': 9}
2019-09-05_19:49:40.252[Status]Routing 90: Walk: 90
2019-09-05_19:49:40.357[Battery Energy]83.79
2019-09-05_19:49:40.357[Status]Routing Start.
2019-09-05_19:49:40.444[Status]{'coordinate': [966.098176840412, 588.8022212090813], 'id': 9}
2019-09-05_19:49:40.444[Status]Routing 91: Walk: 91
2019-09-05_19:49:40.544[Battery Energy]83.60
2019-09-05_19:49:40.545[Status]Routing Start.
2019-09-05_19:49:40.650[Status]{'coordinate': [976.0772776848121, 589.4483994641262], 'id': 9}
2019-09-05_19:49:40.650[Status]Routing 92: Walk: 92
2019-09-05_19:49:40.751[Battery Energy]83.40
2019-09-05_19:49:40.751[Status]Routing Start.
2019-09-05_19:49:40.799[Status]{'coordinate': [986.0563785292122, 590.094577719171], 'id': 9}
2019-09-05_19:49:40.799[Status]Routing 93: Walk: 93
2019-09-05_19:49:40.913[Battery Energy]83.26
2019-09-05_19:49:40.913[Status]Routing Start.
2019-09-05_19:49:40.958[Status]{'coordinate': [996.0354793736124, 590.7407559742159], 'id': 9}
2019-09-05_19:49:40.958[Status]Routing 94: Walk: 94
2019-09-05_19:49:41.073[Battery Energy]83.11
2019-09-05_19:49:41.073[Status]Routing Start.
2019-09-05_19:49:41.105[Status]{'coordinate': [1006.0145802180125, 591.3869342292606], 'id': 9}
2019-09-05_19:49:41.105[Status]Routing 95: Walk: 95
2019-09-05_19:49:41.213[Battery Energy]82.98
2019-09-05_19:49:41.213[Status]Routing Start.
2019-09-05_19:49:41.338[Status]{'coordinate': [1015.9936810624126, 592.0331124843055], 'id': 9}
2019-09-05_19:49:41.338[Status]Routing 96: Walk: 96
2019-09-05_19:49:41.439[Battery Energy]82.80
2019-09-05_19:49:41.439[Status]Routing Start.
2019-09-05_19:49:41.553[Status]{'coordinate': [1025.9727819068128, 592.6792907393503], 'id': 9}
2019-09-05_19:49:41.553[Status]Routing 97: Walk: 97
2019-09-05_19:49:41.658[Battery Energy]82.61
2019-09-05_19:49:41.658[Status]Routing Start.
2019-09-05_19:49:41.695[Status]{'coordinate': [1035.951882751213, 593.3254689943952], 'id': 9}
2019-09-05_19:49:41.695[Status]Routing 98: Walk: 98
2019-09-05_19:49:41.795[Battery Energy]82.47
2019-09-05_19:49:41.795[Status]Routing Start.
2019-09-05_19:49:41.842[Status]{'coordinate': [1045.930983595613, 593.9716472494401], 'id': 9}
2019-09-05_19:49:41.843[Status]Routing 99: Walk: 99
2019-09-05_19:49:41.953[Battery Energy]82.31
2019-09-05_19:49:41.953[Status]Routing Start.
2019-09-05_19:49:42.159[Status]{'coordinate': [1055.9100844400132, 594.6178255044849], 'id': 9}
2019-09-05_19:49:42.168[Status]Routing 100: Walk: 100
2019-09-05_19:49:42.269[Battery Energy]82.06
2019-09-05_19:49:42.269[Status]Routing Start.
2019-09-05_19:49:42.307[Status]{'coordinate': [1065.8891852844133, 595.2640037595298], 'id': 9}
2019-09-05_19:49:42.307[Status]Routing 101: Walk: 101
2019-09-05_19:49:42.407[Battery Energy]81.93
2019-09-05_19:49:42.407[Status]Routing Start.
2019-09-05_19:49:42.532[Status]{'coordinate': [1075.8682861288135, 595.9101820145746], 'id': 9}
2019-09-05_19:49:42.532[Status]Routing 102: Walk: 102
2019-09-05_19:49:42.633[Battery Energy]81.77
2019-09-05_19:49:42.633[Status]Routing Start.
2019-09-05_19:49:42.646[Status]{'coordinate': [1085.8473869732136, 596.5563602696195], 'id': 9}
2019-09-05_19:49:42.646[Status]Routing 103: Walk: 103
2019-09-05_19:49:42.746[Battery Energy]81.64
2019-09-05_19:49:42.746[Status]Routing Start.
2019-09-05_19:49:42.785[Status]{'coordinate': [1095.8264878176137, 597.2025385246643], 'id': 9}
2019-09-05_19:49:42.785[Status]Routing 104: Walk: 104
2019-09-05_19:49:42.889[Battery Energy]81.49
2019-09-05_19:49:42.889[Status]Routing Start.
2019-09-05_19:49:43.010[Status]{'coordinate': [1105.8055886620139, 597.8487167797092], 'id': 9}
2019-09-05_19:49:43.010[Status]Routing 105: Walk: 105
2019-09-05_19:49:43.110[Battery Energy]81.30
2019-09-05_19:49:43.110[Status]Routing Start.
2019-09-05_19:49:43.192[Status]{'coordinate': [1115.784689506414, 598.494895034754], 'id': 9}
2019-09-05_19:49:43.192[Status]Routing 106: Walk: 106
2019-09-05_19:49:43.292[Battery Energy]81.13
2019-09-05_19:49:43.293[Status]Routing Start.
2019-09-05_19:49:43.351[Status]{'coordinate': [1125.7637903508141, 599.1410732897989], 'id': 9}
2019-09-05_19:49:43.351[Status]Routing 107: Walk: 107
2019-09-05_19:49:43.461[Battery Energy]80.98
2019-09-05_19:49:43.461[Status]Routing Start.
2019-09-05_19:49:43.526[Status]{'coordinate': [1135.7428911952143, 599.7872515448437], 'id': 9}
2019-09-05_19:49:43.526[Status]Routing 108: Walk: 108
2019-09-05_19:49:43.633[Battery Energy]80.83
2019-09-05_19:49:43.633[Status]Routing Start.
2019-09-05_19:49:43.698[Status]{'coordinate': [1145.7219920396144, 600.4334297998886], 'id': 9}
2019-09-05_19:49:43.698[Status]Routing 109: Walk: 109
2019-09-05_19:49:43.798[Battery Energy]80.68
2019-09-05_19:49:43.798[Status]Routing Start.
2019-09-05_19:49:43.936[Status]{'coordinate': [1155.7010928840145, 601.0796080549334], 'id': 9}
2019-09-05_19:49:43.936[Status]Routing 110: Walk: 110
2019-09-05_19:49:44.065[Battery Energy]80.47
2019-09-05_19:49:44.065[Status]Routing Start.
2019-09-05_19:49:44.115[Status]{'coordinate': [1165.6801937284147, 601.7257863099783], 'id': 9}
2019-09-05_19:49:44.115[Status]Routing 111: Walk: 111
2019-09-05_19:49:44.215[Battery Energy]80.31
2019-09-05_19:49:44.215[Status]Routing Start.
2019-09-05_19:49:44.354[Status]{'coordinate': [1175.6592945728148, 602.3719645650231], 'id': 9}
2019-09-05_19:49:44.354[Status]Routing 112: Walk: 112
2019-09-05_19:49:44.454[Battery Energy]80.13
2019-09-05_19:49:44.454[Status]Routing Start.
2019-09-05_19:49:44.454[Status]Task Finished.
2019-09-05_19:49:44.554[Battery Energy]80.13
2019-09-05_19:49:44.557[Status]Routing 114: Walk: 112
2019-09-05_19:49:44.657[Battery Energy]80.11
2019-09-05_19:49:44.793[Status]Routing 115: Walk: 112
2019-09-05_19:49:44.913[Battery Energy]80.02
2019-09-05_19:49:44.978[Status]Routing 116: Walk: 112
2019-09-05_19:49:45.078[Battery Energy]79.96
2019-09-05_19:49:45.142[Status]Routing 117: Walk: 112
2019-09-05_19:49:45.253[Battery Energy]79.90
2019-09-05_19:49:45.334[Status]Routing 118: Walk: 112
2019-09-05_19:49:45.437[Battery Energy]79.85
2019-09-05_19:49:45.544[Status]Routing 119: Walk: 112
2019-09-05_19:49:45.644[Battery Energy]79.78
2019-09-05_19:49:45.676[Status]Routing 120: Walk: 112
2019-09-05_19:49:45.776[Battery Energy]79.74
2019-09-05_19:49:45.857[Status]Routing 121: Walk: 112
2019-09-05_19:49:45.957[Battery Energy]79.66
2019-09-05_19:49:46.044[Status]Routing 122: Walk: 112
2019-09-05_19:49:46.148[Battery Energy]79.60
2019-09-05_19:49:46.207[Status]Routing 123: Walk: 112
2019-09-05_19:49:46.307[Battery Energy]79.54
2019-09-05_19:49:46.413[Status]Routing 124: Walk: 112
2019-09-05_19:49:46.525[Battery Energy]79.47
2019-09-05_19:49:46.613[Status]Routing 125: Walk: 112
2019-09-05_19:49:46.714[Battery Energy]79.41
2019-09-05_19:49:46.832[Status]Routing 126: Walk: 112
2019-09-05_19:49:46.949[Battery Energy]79.34
2019-09-05_19:49:47.070[Status]Routing 127: Walk: 112
2019-09-05_19:49:47.235[Battery Energy]79.24
2019-09-05_19:49:47.288[Status]Routing 128: Walk: 112
2019-09-05_19:49:47.401[Battery Energy]79.20
2019-09-05_19:49:47.437[Status]Routing 129: Walk: 112
2019-09-05_19:49:47.538[Battery Energy]79.16
2019-09-05_19:49:47.619[Status]Routing 130: Walk: 112
2019-09-05_19:49:47.725[Battery Energy]79.09
2019-09-05_19:49:47.810[Status]Routing 131: Walk: 112
2019-09-05_19:49:47.910[Battery Energy]79.01
2019-09-05_19:49:47.931[Status]Routing 132: Walk: 112
2019-09-05_19:49:48.031[Battery Energy]78.98
2019-09-05_19:49:48.067[Status]Routing 133: Walk: 112
2019-09-05_19:49:48.168[Battery Energy]78.94
2019-09-05_19:49:48.289[Status]Routing 134: Walk: 112
2019-09-05_19:49:48.397[Battery Energy]78.87
2019-09-05_19:49:48.468[Status]Routing 135: Walk: 112
2019-09-05_19:49:48.568[Battery Energy]78.80
2019-09-05_19:49:48.691[Status]Routing 136: Walk: 112
2019-09-05_19:49:48.796[Battery Energy]78.72
2019-09-05_19:49:48.877[Status]Routing 137: Walk: 112
2019-09-05_19:49:48.983[Battery Energy]78.66
2019-09-05_19:49:49.054[Status]Routing 138: Walk: 112
2019-09-05_19:49:49.154[Battery Energy]78.60
2019-09-05_19:49:49.209[Status]Routing 139: Walk: 112
2019-09-05_19:49:49.309[Battery Energy]78.55
2019-09-05_19:49:49.375[Status]Routing 140: Walk: 112
2019-09-05_19:49:49.477[Battery Energy]78.49
2019-09-05_19:49:49.489[Status]Routing 141: Walk: 112
2019-09-05_19:49:49.589[Battery Energy]78.46
2019-09-05_19:49:49.759[Status]Routing 142: Walk: 112
2019-09-05_19:49:49.859[Battery Energy]78.33
2019-09-05_19:49:49.863[Status]Routing 143: Walk: 112
2019-09-05_19:49:49.963[Battery Energy]78.31
2019-09-05_19:49:50.070[Status]Routing 144: Walk: 112
2019-09-05_19:49:50.333[Battery Energy]78.20
2019-09-05_19:49:50.387[Status]Routing 145: Walk: 112
2019-09-05_19:49:50.497[Battery Energy]78.16
2019-09-05_19:49:50.535[Status]Routing 146: Walk: 112
2019-09-05_19:49:50.635[Battery Energy]78.11
2019-09-05_19:49:50.648[Status]Routing 147: Walk: 112
2019-09-05_19:49:50.748[Battery Energy]78.08
2019-09-05_19:49:50.806[Status]Routing 148: Walk: 112
2019-09-05_19:49:50.909[Battery Energy]78.02
2019-09-05_19:49:50.964[Status]Routing 149: Walk: 112
2019-09-05_19:49:51.072[Battery Energy]77.97
2019-09-05_19:49:51.113[Status]Routing 150: Walk: 112
2019-09-05_19:49:51.215[Battery Energy]77.94
2019-09-05_19:49:51.245[Status]Routing 151: Walk: 112
2019-09-05_19:49:51.345[Battery Energy]77.90
2019-09-05_19:49:51.458[Status]Routing 152: Walk: 112
2019-09-05_19:49:51.561[Battery Energy]77.83
2019-09-05_19:49:51.595[Status]Routing 153: Walk: 112
2019-09-05_19:49:51.695[Battery Energy]77.79
